2021-09-14 14:46:43,153 INFO    MainThread:1762594 [internal.py:wandb_internal():91] W&B internal server running at pid: 1762594, started at: 2021-09-14 14:46:43.152957
2021-09-14 14:46:43,155 DEBUG   HandlerThread:1762594 [handler.py:handle_request():124] handle_request: check_version
2021-09-14 14:46:43,155 INFO    WriterThread:1762594 [datastore.py:open_for_write():80] open: /grid/koo/home/toneyan/profile/QuantPred/wandb/run-20210914_144642-evxgq0tk/run-evxgq0tk.wandb
2021-09-14 14:46:43,157 DEBUG   SenderThread:1762594 [sender.py:send():179] send: header
2021-09-14 14:46:43,157 DEBUG   SenderThread:1762594 [sender.py:send_request():193] send_request: check_version
2021-09-14 14:46:43,185 DEBUG   SenderThread:1762594 [sender.py:send():179] send: run
2021-09-14 14:46:43,246 ERROR   SenderThread:1762594 [internal_api.py:execute():130] 429 response executing GraphQL.
2021-09-14 14:46:43,246 ERROR   SenderThread:1762594 [internal_api.py:execute():131] {"error":"rate limit exceeded"}

2021-09-14 14:46:44,515 ERROR   SenderThread:1762594 [internal_api.py:execute():130] 429 response executing GraphQL.
2021-09-14 14:46:44,515 ERROR   SenderThread:1762594 [internal_api.py:execute():131] {"error":"rate limit exceeded"}

2021-09-14 14:46:47,173 INFO    SenderThread:1762594 [dir_watcher.py:__init__():168] watching files in: /grid/koo/home/toneyan/profile/QuantPred/wandb/run-20210914_144642-evxgq0tk/files
2021-09-14 14:46:47,173 INFO    SenderThread:1762594 [sender.py:_start_run_threads():719] run started: evxgq0tk with start time 1631645202
2021-09-14 14:46:47,173 DEBUG   SenderThread:1762594 [sender.py:send():179] send: summary
2021-09-14 14:46:47,174 DEBUG   HandlerThread:1762594 [handler.py:handle_request():124] handle_request: run_start
2021-09-14 14:46:47,175 INFO    SenderThread:1762594 [sender.py:_save_file():841] saving file wandb-summary.json with policy end
2021-09-14 14:46:48,175 INFO    Thread-8  :1762594 [dir_watcher.py:_on_file_created():216] file/dir created: /grid/koo/home/toneyan/profile/QuantPred/wandb/run-20210914_144642-evxgq0tk/files/wandb-summary.json
2021-09-14 14:46:48,266 DEBUG   HandlerThread:1762594 [meta.py:__init__():39] meta init
2021-09-14 14:46:48,266 DEBUG   HandlerThread:1762594 [meta.py:__init__():53] meta init done
2021-09-14 14:46:48,266 DEBUG   HandlerThread:1762594 [meta.py:probe():210] probe
2021-09-14 14:46:48,271 DEBUG   HandlerThread:1762594 [meta.py:_save_pip():57] save pip
2021-09-14 14:46:48,272 DEBUG   HandlerThread:1762594 [meta.py:_save_pip():71] save pip done
2021-09-14 14:46:48,273 DEBUG   HandlerThread:1762594 [meta.py:probe():252] probe done
2021-09-14 14:46:48,275 DEBUG   SenderThread:1762594 [sender.py:send():179] send: files
2021-09-14 14:46:48,275 INFO    SenderThread:1762594 [sender.py:_save_file():841] saving file wandb-metadata.json with policy now
2021-09-14 14:46:48,283 DEBUG   HandlerThread:1762594 [handler.py:handle_request():124] handle_request: stop_status
2021-09-14 14:46:48,283 DEBUG   SenderThread:1762594 [sender.py:send_request():193] send_request: stop_status
2021-09-14 14:46:48,672 INFO    Thread-11 :1762594 [upload_job.py:push():137] Uploaded file /tmp/3287110.1.gpu_ded.q/tmpn79q9da_wandb/2pv8oycw-wandb-metadata.json
2021-09-14 14:46:49,174 INFO    Thread-8  :1762594 [dir_watcher.py:_on_file_created():216] file/dir created: /grid/koo/home/toneyan/profile/QuantPred/wandb/run-20210914_144642-evxgq0tk/files/wandb-metadata.json
2021-09-14 14:46:49,175 INFO    Thread-8  :1762594 [dir_watcher.py:_on_file_created():216] file/dir created: /grid/koo/home/toneyan/profile/QuantPred/wandb/run-20210914_144642-evxgq0tk/files/requirements.txt
2021-09-14 14:46:49,175 INFO    Thread-8  :1762594 [dir_watcher.py:_on_file_created():216] file/dir created: /grid/koo/home/toneyan/profile/QuantPred/wandb/run-20210914_144642-evxgq0tk/files/output.log
2021-09-14 14:47:03,345 DEBUG   HandlerThread:1762594 [handler.py:handle_request():124] handle_request: stop_status
2021-09-14 14:47:03,346 DEBUG   SenderThread:1762594 [sender.py:send_request():193] send_request: stop_status
2021-09-14 14:47:16,616 DEBUG   SenderThread:1762594 [sender.py:send():179] send: stats
2021-09-14 14:47:18,406 DEBUG   HandlerThread:1762594 [handler.py:handle_request():124] handle_request: stop_status
2021-09-14 14:47:18,407 DEBUG   SenderThread:1762594 [sender.py:send_request():193] send_request: stop_status
2021-09-14 14:47:21,855 DEBUG   SenderThread:1762594 [sender.py:send():179] send: telemetry
2021-09-14 14:47:21,856 DEBUG   HandlerThread:1762594 [handler.py:handle_request():124] handle_request: poll_exit
2021-09-14 14:47:21,856 DEBUG   SenderThread:1762594 [sender.py:send():179] send: exit
2021-09-14 14:47:21,857 INFO    SenderThread:1762594 [sender.py:send_exit():287] handling exit code: 1
2021-09-14 14:47:21,857 INFO    SenderThread:1762594 [sender.py:send_exit():295] send defer
2021-09-14 14:47:21,857 DEBUG   SenderThread:1762594 [sender.py:send_request():193] send_request: poll_exit
2021-09-14 14:47:21,857 DEBUG   HandlerThread:1762594 [handler.py:handle_request():124] handle_request: defer
2021-09-14 14:47:21,857 INFO    HandlerThread:1762594 [handler.py:handle_request_defer():141] handle defer: 0
2021-09-14 14:47:21,858 DEBUG   SenderThread:1762594 [sender.py:send_request():193] send_request: defer
2021-09-14 14:47:21,858 INFO    SenderThread:1762594 [sender.py:send_request_defer():304] handle sender defer: 0
2021-09-14 14:47:21,858 INFO    SenderThread:1762594 [sender.py:transition_state():308] send defer: 1
2021-09-14 14:47:21,858 DEBUG   HandlerThread:1762594 [handler.py:handle_request():124] handle_request: defer
2021-09-14 14:47:21,858 INFO    HandlerThread:1762594 [handler.py:handle_request_defer():141] handle defer: 1
2021-09-14 14:47:21,974 DEBUG   HandlerThread:1762594 [handler.py:handle_request():124] handle_request: poll_exit
2021-09-14 14:47:21,974 DEBUG   SenderThread:1762594 [sender.py:send_request():193] send_request: defer
2021-09-14 14:47:21,975 INFO    SenderThread:1762594 [sender.py:send_request_defer():304] handle sender defer: 1
2021-09-14 14:47:21,975 INFO    SenderThread:1762594 [sender.py:transition_state():308] send defer: 2
2021-09-14 14:47:21,975 DEBUG   SenderThread:1762594 [sender.py:send_request():193] send_request: poll_exit
2021-09-14 14:47:21,975 DEBUG   SenderThread:1762594 [sender.py:send():179] send: stats
2021-09-14 14:47:21,975 DEBUG   HandlerThread:1762594 [handler.py:handle_request():124] handle_request: defer
2021-09-14 14:47:21,977 INFO    HandlerThread:1762594 [handler.py:handle_request_defer():141] handle defer: 2
2021-09-14 14:47:21,978 DEBUG   SenderThread:1762594 [sender.py:send_request():193] send_request: defer
2021-09-14 14:47:21,978 INFO    SenderThread:1762594 [sender.py:send_request_defer():304] handle sender defer: 2
2021-09-14 14:47:21,978 INFO    SenderThread:1762594 [sender.py:transition_state():308] send defer: 3
2021-09-14 14:47:21,978 DEBUG   HandlerThread:1762594 [handler.py:handle_request():124] handle_request: defer
2021-09-14 14:47:21,979 INFO    HandlerThread:1762594 [handler.py:handle_request_defer():141] handle defer: 3
2021-09-14 14:47:21,979 DEBUG   SenderThread:1762594 [sender.py:send():179] send: summary
2021-09-14 14:47:21,979 INFO    SenderThread:1762594 [sender.py:_save_file():841] saving file wandb-summary.json with policy end
2021-09-14 14:47:21,979 DEBUG   SenderThread:1762594 [sender.py:send_request():193] send_request: defer
2021-09-14 14:47:21,979 INFO    SenderThread:1762594 [sender.py:send_request_defer():304] handle sender defer: 3
2021-09-14 14:47:21,979 INFO    SenderThread:1762594 [sender.py:transition_state():308] send defer: 4
2021-09-14 14:47:21,980 DEBUG   HandlerThread:1762594 [handler.py:handle_request():124] handle_request: defer
2021-09-14 14:47:21,980 INFO    HandlerThread:1762594 [handler.py:handle_request_defer():141] handle defer: 4
2021-09-14 14:47:21,980 DEBUG   SenderThread:1762594 [sender.py:send_request():193] send_request: defer
2021-09-14 14:47:21,980 INFO    SenderThread:1762594 [sender.py:send_request_defer():304] handle sender defer: 4
2021-09-14 14:47:22,036 ERROR   SenderThread:1762594 [internal_api.py:execute():130] 429 response executing GraphQL.
2021-09-14 14:47:22,037 ERROR   SenderThread:1762594 [internal_api.py:execute():131] {"error":"rate limit exceeded"}

2021-09-14 14:47:22,076 DEBUG   HandlerThread:1762594 [handler.py:handle_request():124] handle_request: poll_exit
2021-09-14 14:47:22,186 INFO    Thread-8  :1762594 [dir_watcher.py:_on_file_modified():229] file/dir modified: /grid/koo/home/toneyan/profile/QuantPred/wandb/run-20210914_144642-evxgq0tk/files/wandb-summary.json
2021-09-14 14:47:23,324 ERROR   SenderThread:1762594 [internal_api.py:execute():130] 429 response executing GraphQL.
2021-09-14 14:47:23,324 ERROR   SenderThread:1762594 [internal_api.py:execute():131] {"error":"rate limit exceeded"}

2021-09-14 14:47:25,780 ERROR   SenderThread:1762594 [internal_api.py:execute():130] 429 response executing GraphQL.
2021-09-14 14:47:25,780 ERROR   SenderThread:1762594 [internal_api.py:execute():131] {"error":"rate limit exceeded"}

2021-09-14 14:47:25,781 ERROR   SenderThread:1762594 [retry.py:__call__():126] Retry attempt failed:
Traceback (most recent call last):
  File "/usr/local/lib/python3.6/dist-packages/wandb/sdk/lib/retry.py", line 102, in __call__
    result = self._call_fn(*args, **kwargs)
  File "/usr/local/lib/python3.6/dist-packages/wandb/sdk/internal/internal_api.py", line 133, in execute
    six.reraise(*sys.exc_info())
  File "/usr/local/lib/python3.6/dist-packages/six.py", line 719, in reraise
    raise value
  File "/usr/local/lib/python3.6/dist-packages/wandb/sdk/internal/internal_api.py", line 127, in execute
    return self.client.execute(*args, **kwargs)
  File "/usr/local/lib/python3.6/dist-packages/wandb/vendor/gql-0.2.0/gql/client.py", line 52, in execute
    result = self._get_result(document, *args, **kwargs)
  File "/usr/local/lib/python3.6/dist-packages/wandb/vendor/gql-0.2.0/gql/client.py", line 60, in _get_result
    return self.transport.execute(document, *args, **kwargs)
  File "/usr/local/lib/python3.6/dist-packages/wandb/vendor/gql-0.2.0/gql/transport/requests.py", line 39, in execute
    request.raise_for_status()
  File "/usr/local/lib/python3.6/dist-packages/requests/models.py", line 943, in raise_for_status
    raise HTTPError(http_error_msg, response=self)
requests.exceptions.HTTPError: 429 Client Error: Too Many Requests for url: https://api.wandb.ai/graphql
2021-09-14 14:47:27,177 DEBUG   HandlerThread:1762594 [handler.py:handle_request():124] handle_request: poll_exit
2021-09-14 14:47:29,857 ERROR   SenderThread:1762594 [internal_api.py:execute():130] 429 response executing GraphQL.
2021-09-14 14:47:29,857 ERROR   SenderThread:1762594 [internal_api.py:execute():131] {"error":"rate limit exceeded"}

2021-09-14 14:47:32,278 DEBUG   HandlerThread:1762594 [handler.py:handle_request():124] handle_request: poll_exit
2021-09-14 14:47:37,379 DEBUG   HandlerThread:1762594 [handler.py:handle_request():124] handle_request: poll_exit
2021-09-14 14:47:38,425 INFO    SenderThread:1762594 [sender.py:transition_state():308] send defer: 5
2021-09-14 14:47:38,425 DEBUG   SenderThread:1762594 [sender.py:send_request():193] send_request: poll_exit
2021-09-14 14:47:38,425 DEBUG   SenderThread:1762594 [sender.py:send_request():193] send_request: poll_exit
2021-09-14 14:47:38,426 DEBUG   SenderThread:1762594 [sender.py:send_request():193] send_request: poll_exit
2021-09-14 14:47:38,426 DEBUG   HandlerThread:1762594 [handler.py:handle_request():124] handle_request: defer
2021-09-14 14:47:38,426 DEBUG   SenderThread:1762594 [sender.py:send_request():193] send_request: poll_exit
2021-09-14 14:47:38,426 INFO    HandlerThread:1762594 [handler.py:handle_request_defer():141] handle defer: 5
2021-09-14 14:47:38,427 DEBUG   SenderThread:1762594 [sender.py:send_request():193] send_request: defer
2021-09-14 14:47:38,427 INFO    SenderThread:1762594 [sender.py:send_request_defer():304] handle sender defer: 5
2021-09-14 14:47:38,427 INFO    SenderThread:1762594 [dir_watcher.py:finish():282] shutting down directory watcher
2021-09-14 14:47:38,532 DEBUG   HandlerThread:1762594 [handler.py:handle_request():124] handle_request: poll_exit
2021-09-14 14:47:39,190 INFO    SenderThread:1762594 [dir_watcher.py:_on_file_modified():229] file/dir modified: /grid/koo/home/toneyan/profile/QuantPred/wandb/run-20210914_144642-evxgq0tk/files/config.yaml
2021-09-14 14:47:39,190 INFO    SenderThread:1762594 [dir_watcher.py:finish():312] scan: /grid/koo/home/toneyan/profile/QuantPred/wandb/run-20210914_144642-evxgq0tk/files
2021-09-14 14:47:39,190 INFO    SenderThread:1762594 [dir_watcher.py:finish():318] scan save: /grid/koo/home/toneyan/profile/QuantPred/wandb/run-20210914_144642-evxgq0tk/files/wandb-metadata.json wandb-metadata.json
2021-09-14 14:47:39,190 INFO    SenderThread:1762594 [dir_watcher.py:finish():318] scan save: /grid/koo/home/toneyan/profile/QuantPred/wandb/run-20210914_144642-evxgq0tk/files/config.yaml config.yaml
2021-09-14 14:47:39,190 INFO    SenderThread:1762594 [dir_watcher.py:finish():318] scan save: /grid/koo/home/toneyan/profile/QuantPred/wandb/run-20210914_144642-evxgq0tk/files/requirements.txt requirements.txt
2021-09-14 14:47:39,191 INFO    SenderThread:1762594 [dir_watcher.py:finish():318] scan save: /grid/koo/home/toneyan/profile/QuantPred/wandb/run-20210914_144642-evxgq0tk/files/wandb-summary.json wandb-summary.json
2021-09-14 14:47:39,191 INFO    SenderThread:1762594 [dir_watcher.py:finish():318] scan save: /grid/koo/home/toneyan/profile/QuantPred/wandb/run-20210914_144642-evxgq0tk/files/output.log output.log
2021-09-14 14:47:39,197 INFO    SenderThread:1762594 [sender.py:transition_state():308] send defer: 6
2021-09-14 14:47:39,197 DEBUG   SenderThread:1762594 [sender.py:send_request():193] send_request: poll_exit
2021-09-14 14:47:39,203 DEBUG   HandlerThread:1762594 [handler.py:handle_request():124] handle_request: defer
2021-09-14 14:47:39,203 INFO    HandlerThread:1762594 [handler.py:handle_request_defer():141] handle defer: 6
2021-09-14 14:47:39,203 DEBUG   SenderThread:1762594 [sender.py:send_request():193] send_request: defer
2021-09-14 14:47:39,203 INFO    SenderThread:1762594 [sender.py:send_request_defer():304] handle sender defer: 6
2021-09-14 14:47:39,203 INFO    SenderThread:1762594 [file_pusher.py:finish():177] shutting down file pusher
2021-09-14 14:47:39,304 DEBUG   HandlerThread:1762594 [handler.py:handle_request():124] handle_request: poll_exit
2021-09-14 14:47:39,304 DEBUG   SenderThread:1762594 [sender.py:send_request():193] send_request: poll_exit
2021-09-14 14:47:39,406 DEBUG   HandlerThread:1762594 [handler.py:handle_request():124] handle_request: poll_exit
2021-09-14 14:47:39,407 DEBUG   SenderThread:1762594 [sender.py:send_request():193] send_request: poll_exit
2021-09-14 14:47:39,509 DEBUG   HandlerThread:1762594 [handler.py:handle_request():124] handle_request: poll_exit
2021-09-14 14:47:39,509 DEBUG   SenderThread:1762594 [sender.py:send_request():193] send_request: poll_exit
2021-09-14 14:47:39,537 INFO    Thread-12 :1762594 [upload_job.py:push():137] Uploaded file /grid/koo/home/toneyan/profile/QuantPred/wandb/run-20210914_144642-evxgq0tk/files/config.yaml
2021-09-14 14:47:39,579 INFO    Thread-14 :1762594 [upload_job.py:push():137] Uploaded file /grid/koo/home/toneyan/profile/QuantPred/wandb/run-20210914_144642-evxgq0tk/files/wandb-summary.json
2021-09-14 14:47:39,591 INFO    Thread-13 :1762594 [upload_job.py:push():137] Uploaded file /grid/koo/home/toneyan/profile/QuantPred/wandb/run-20210914_144642-evxgq0tk/files/requirements.txt
2021-09-14 14:47:39,611 DEBUG   HandlerThread:1762594 [handler.py:handle_request():124] handle_request: poll_exit
2021-09-14 14:47:39,611 DEBUG   SenderThread:1762594 [sender.py:send_request():193] send_request: poll_exit
2021-09-14 14:47:39,713 DEBUG   HandlerThread:1762594 [handler.py:handle_request():124] handle_request: poll_exit
2021-09-14 14:47:39,713 DEBUG   SenderThread:1762594 [sender.py:send_request():193] send_request: poll_exit
2021-09-14 14:47:39,791 INFO    Thread-7  :1762594 [sender.py:transition_state():308] send defer: 7
2021-09-14 14:47:39,792 DEBUG   HandlerThread:1762594 [handler.py:handle_request():124] handle_request: defer
2021-09-14 14:47:39,792 INFO    HandlerThread:1762594 [handler.py:handle_request_defer():141] handle defer: 7
2021-09-14 14:47:39,792 DEBUG   SenderThread:1762594 [sender.py:send_request():193] send_request: defer
2021-09-14 14:47:39,792 INFO    SenderThread:1762594 [sender.py:send_request_defer():304] handle sender defer: 7
2021-09-14 14:47:39,815 DEBUG   HandlerThread:1762594 [handler.py:handle_request():124] handle_request: poll_exit
2021-09-14 14:47:39,845 INFO    SenderThread:1762594 [sender.py:transition_state():308] send defer: 8
2021-09-14 14:47:39,845 DEBUG   SenderThread:1762594 [sender.py:send_request():193] send_request: poll_exit
2021-09-14 14:47:39,845 DEBUG   HandlerThread:1762594 [handler.py:handle_request():124] handle_request: defer
2021-09-14 14:47:39,846 INFO    HandlerThread:1762594 [handler.py:handle_request_defer():141] handle defer: 8
2021-09-14 14:47:39,846 DEBUG   SenderThread:1762594 [sender.py:send_request():193] send_request: defer
2021-09-14 14:47:39,846 INFO    SenderThread:1762594 [sender.py:send_request_defer():304] handle sender defer: 8
2021-09-14 14:47:39,846 INFO    SenderThread:1762594 [sender.py:transition_state():308] send defer: 9
2021-09-14 14:47:39,846 DEBUG   HandlerThread:1762594 [handler.py:handle_request():124] handle_request: defer
2021-09-14 14:47:39,846 INFO    HandlerThread:1762594 [handler.py:handle_request_defer():141] handle defer: 9
2021-09-14 14:47:39,846 DEBUG   SenderThread:1762594 [sender.py:send():179] send: final
2021-09-14 14:47:39,846 DEBUG   SenderThread:1762594 [sender.py:send():179] send: footer
2021-09-14 14:47:39,846 DEBUG   SenderThread:1762594 [sender.py:send_request():193] send_request: defer
2021-09-14 14:47:39,846 INFO    SenderThread:1762594 [sender.py:send_request_defer():304] handle sender defer: 9
2021-09-14 14:47:39,946 DEBUG   HandlerThread:1762594 [handler.py:handle_request():124] handle_request: poll_exit
2021-09-14 14:47:39,947 DEBUG   SenderThread:1762594 [sender.py:send_request():193] send_request: poll_exit
2021-09-14 14:47:39,947 INFO    SenderThread:1762594 [file_pusher.py:join():182] waiting for file pusher
2021-09-14 14:47:39,947 DEBUG   HandlerThread:1762594 [handler.py:handle_request():124] handle_request: get_summary
2021-09-14 14:47:39,948 DEBUG   HandlerThread:1762594 [handler.py:handle_request():124] handle_request: sampled_history
2021-09-14 14:47:39,948 DEBUG   HandlerThread:1762594 [handler.py:handle_request():124] handle_request: shutdown
2021-09-14 14:47:39,948 INFO    HandlerThread:1762594 [handler.py:finish():638] shutting down handler
2021-09-14 14:47:40,846 INFO    WriterThread:1762594 [datastore.py:close():288] close: /grid/koo/home/toneyan/profile/QuantPred/wandb/run-20210914_144642-evxgq0tk/run-evxgq0tk.wandb
2021-09-14 14:47:40,947 INFO    SenderThread:1762594 [sender.py:finish():945] shutting down sender
2021-09-14 14:47:40,947 INFO    SenderThread:1762594 [file_pusher.py:finish():177] shutting down file pusher
2021-09-14 14:47:40,947 INFO    SenderThread:1762594 [file_pusher.py:join():182] waiting for file pusher
2021-09-14 14:47:40,949 INFO    MainThread:1762594 [internal.py:handle_exit():78] Internal process exited
