2021-09-19 05:17:22,516 INFO    MainThread:2489623 [internal.py:wandb_internal():91] W&B internal server running at pid: 2489623, started at: 2021-09-19 05:17:22.515888
2021-09-19 05:17:22,518 DEBUG   HandlerThread:2489623 [handler.py:handle_request():124] handle_request: check_version
2021-09-19 05:17:22,518 INFO    WriterThread:2489623 [datastore.py:open_for_write():80] open: /grid/koo/home/toneyan/profile/QuantPred/wandb/run-20210919_051721-t3rl4o0i/run-t3rl4o0i.wandb
2021-09-19 05:17:22,519 DEBUG   SenderThread:2489623 [sender.py:send():179] send: header
2021-09-19 05:17:22,519 DEBUG   SenderThread:2489623 [sender.py:send_request():193] send_request: check_version
2021-09-19 05:17:22,546 DEBUG   SenderThread:2489623 [sender.py:send():179] send: run
2021-09-19 05:17:22,625 INFO    SenderThread:2489623 [dir_watcher.py:__init__():168] watching files in: /grid/koo/home/toneyan/profile/QuantPred/wandb/run-20210919_051721-t3rl4o0i/files
2021-09-19 05:17:22,626 INFO    SenderThread:2489623 [sender.py:_start_run_threads():719] run started: t3rl4o0i with start time 1632043041
2021-09-19 05:17:22,626 DEBUG   SenderThread:2489623 [sender.py:send():179] send: summary
2021-09-19 05:17:22,626 INFO    SenderThread:2489623 [sender.py:_save_file():841] saving file wandb-summary.json with policy end
2021-09-19 05:17:22,628 DEBUG   HandlerThread:2489623 [handler.py:handle_request():124] handle_request: run_start
2021-09-19 05:17:23,627 INFO    Thread-8  :2489623 [dir_watcher.py:_on_file_created():216] file/dir created: /grid/koo/home/toneyan/profile/QuantPred/wandb/run-20210919_051721-t3rl4o0i/files/wandb-summary.json
2021-09-19 05:17:23,702 DEBUG   HandlerThread:2489623 [meta.py:__init__():39] meta init
2021-09-19 05:17:23,702 DEBUG   HandlerThread:2489623 [meta.py:__init__():53] meta init done
2021-09-19 05:17:23,702 DEBUG   HandlerThread:2489623 [meta.py:probe():210] probe
2021-09-19 05:17:23,707 DEBUG   HandlerThread:2489623 [meta.py:_save_pip():57] save pip
2021-09-19 05:17:23,709 DEBUG   HandlerThread:2489623 [meta.py:_save_pip():71] save pip done
2021-09-19 05:17:23,709 DEBUG   HandlerThread:2489623 [meta.py:probe():252] probe done
2021-09-19 05:17:23,711 DEBUG   SenderThread:2489623 [sender.py:send():179] send: files
2021-09-19 05:17:23,711 INFO    SenderThread:2489623 [sender.py:_save_file():841] saving file wandb-metadata.json with policy now
2021-09-19 05:17:23,716 DEBUG   HandlerThread:2489623 [handler.py:handle_request():124] handle_request: stop_status
2021-09-19 05:17:23,717 DEBUG   SenderThread:2489623 [sender.py:send_request():193] send_request: stop_status
2021-09-19 05:17:24,021 INFO    Thread-11 :2489623 [upload_job.py:push():137] Uploaded file /tmp/3288848.1.gpu_ded.q/tmpzg02dgq9wandb/13n3twg0-wandb-metadata.json
2021-09-19 05:17:24,626 INFO    Thread-8  :2489623 [dir_watcher.py:_on_file_created():216] file/dir created: /grid/koo/home/toneyan/profile/QuantPred/wandb/run-20210919_051721-t3rl4o0i/files/requirements.txt
2021-09-19 05:17:24,627 INFO    Thread-8  :2489623 [dir_watcher.py:_on_file_created():216] file/dir created: /grid/koo/home/toneyan/profile/QuantPred/wandb/run-20210919_051721-t3rl4o0i/files/output.log
2021-09-19 05:17:24,627 INFO    Thread-8  :2489623 [dir_watcher.py:_on_file_created():216] file/dir created: /grid/koo/home/toneyan/profile/QuantPred/wandb/run-20210919_051721-t3rl4o0i/files/wandb-metadata.json
2021-09-19 05:17:38,781 DEBUG   HandlerThread:2489623 [handler.py:handle_request():124] handle_request: stop_status
2021-09-19 05:17:38,781 DEBUG   SenderThread:2489623 [sender.py:send_request():193] send_request: stop_status
2021-09-19 05:17:38,836 ERROR   SenderThread:2489623 [internal_api.py:execute():130] 429 response executing GraphQL.
2021-09-19 05:17:38,836 ERROR   SenderThread:2489623 [internal_api.py:execute():131] {"error":"rate limit exceeded"}

2021-09-19 05:17:39,944 ERROR   SenderThread:2489623 [internal_api.py:execute():130] 429 response executing GraphQL.
2021-09-19 05:17:39,944 ERROR   SenderThread:2489623 [internal_api.py:execute():131] {"error":"rate limit exceeded"}

2021-09-19 05:17:42,064 ERROR   SenderThread:2489623 [internal_api.py:execute():130] 429 response executing GraphQL.
2021-09-19 05:17:42,064 ERROR   SenderThread:2489623 [internal_api.py:execute():131] {"error":"rate limit exceeded"}

2021-09-19 05:17:42,064 ERROR   SenderThread:2489623 [retry.py:__call__():126] Retry attempt failed:
Traceback (most recent call last):
  File "/usr/local/lib/python3.6/dist-packages/wandb/sdk/lib/retry.py", line 102, in __call__
    result = self._call_fn(*args, **kwargs)
  File "/usr/local/lib/python3.6/dist-packages/wandb/sdk/internal/internal_api.py", line 133, in execute
    six.reraise(*sys.exc_info())
  File "/usr/local/lib/python3.6/dist-packages/six.py", line 719, in reraise
    raise value
  File "/usr/local/lib/python3.6/dist-packages/wandb/sdk/internal/internal_api.py", line 127, in execute
    return self.client.execute(*args, **kwargs)
  File "/usr/local/lib/python3.6/dist-packages/wandb/vendor/gql-0.2.0/gql/client.py", line 52, in execute
    result = self._get_result(document, *args, **kwargs)
  File "/usr/local/lib/python3.6/dist-packages/wandb/vendor/gql-0.2.0/gql/client.py", line 60, in _get_result
    return self.transport.execute(document, *args, **kwargs)
  File "/usr/local/lib/python3.6/dist-packages/wandb/vendor/gql-0.2.0/gql/transport/requests.py", line 39, in execute
    request.raise_for_status()
  File "/usr/local/lib/python3.6/dist-packages/requests/models.py", line 943, in raise_for_status
    raise HTTPError(http_error_msg, response=self)
requests.exceptions.HTTPError: 429 Client Error: Too Many Requests for url: https://api.wandb.ai/graphql
2021-09-19 05:17:52,077 DEBUG   SenderThread:2489623 [sender.py:send():179] send: stats
2021-09-19 05:17:55,347 DEBUG   HandlerThread:2489623 [handler.py:handle_request():124] handle_request: poll_exit
2021-09-19 05:17:55,347 DEBUG   SenderThread:2489623 [sender.py:send():179] send: telemetry
2021-09-19 05:17:55,347 DEBUG   SenderThread:2489623 [sender.py:send():179] send: exit
2021-09-19 05:17:55,347 INFO    SenderThread:2489623 [sender.py:send_exit():287] handling exit code: 1
2021-09-19 05:17:55,347 INFO    SenderThread:2489623 [sender.py:send_exit():295] send defer
2021-09-19 05:17:55,347 DEBUG   SenderThread:2489623 [sender.py:send_request():193] send_request: poll_exit
2021-09-19 05:17:55,348 DEBUG   HandlerThread:2489623 [handler.py:handle_request():124] handle_request: defer
2021-09-19 05:17:55,348 INFO    HandlerThread:2489623 [handler.py:handle_request_defer():141] handle defer: 0
2021-09-19 05:17:55,348 DEBUG   SenderThread:2489623 [sender.py:send_request():193] send_request: defer
2021-09-19 05:17:55,348 INFO    SenderThread:2489623 [sender.py:send_request_defer():304] handle sender defer: 0
2021-09-19 05:17:55,348 INFO    SenderThread:2489623 [sender.py:transition_state():308] send defer: 1
2021-09-19 05:17:55,348 DEBUG   HandlerThread:2489623 [handler.py:handle_request():124] handle_request: defer
2021-09-19 05:17:55,348 INFO    HandlerThread:2489623 [handler.py:handle_request_defer():141] handle defer: 1
2021-09-19 05:17:55,444 DEBUG   SenderThread:2489623 [sender.py:send_request():193] send_request: defer
2021-09-19 05:17:55,444 INFO    SenderThread:2489623 [sender.py:send_request_defer():304] handle sender defer: 1
2021-09-19 05:17:55,444 INFO    SenderThread:2489623 [sender.py:transition_state():308] send defer: 2
2021-09-19 05:17:55,444 DEBUG   SenderThread:2489623 [sender.py:send():179] send: stats
2021-09-19 05:17:55,446 DEBUG   HandlerThread:2489623 [handler.py:handle_request():124] handle_request: defer
2021-09-19 05:17:55,447 INFO    HandlerThread:2489623 [handler.py:handle_request_defer():141] handle defer: 2
2021-09-19 05:17:55,447 DEBUG   SenderThread:2489623 [sender.py:send_request():193] send_request: defer
2021-09-19 05:17:55,447 INFO    SenderThread:2489623 [sender.py:send_request_defer():304] handle sender defer: 2
2021-09-19 05:17:55,447 INFO    SenderThread:2489623 [sender.py:transition_state():308] send defer: 3
2021-09-19 05:17:55,447 DEBUG   HandlerThread:2489623 [handler.py:handle_request():124] handle_request: defer
2021-09-19 05:17:55,447 INFO    HandlerThread:2489623 [handler.py:handle_request_defer():141] handle defer: 3
2021-09-19 05:17:55,447 DEBUG   SenderThread:2489623 [sender.py:send():179] send: summary
2021-09-19 05:17:55,448 INFO    SenderThread:2489623 [sender.py:_save_file():841] saving file wandb-summary.json with policy end
2021-09-19 05:17:55,448 DEBUG   SenderThread:2489623 [sender.py:send_request():193] send_request: defer
2021-09-19 05:17:55,448 INFO    SenderThread:2489623 [sender.py:send_request_defer():304] handle sender defer: 3
2021-09-19 05:17:55,448 INFO    SenderThread:2489623 [sender.py:transition_state():308] send defer: 4
2021-09-19 05:17:55,448 DEBUG   HandlerThread:2489623 [handler.py:handle_request():124] handle_request: defer
2021-09-19 05:17:55,448 INFO    HandlerThread:2489623 [handler.py:handle_request_defer():141] handle defer: 4
2021-09-19 05:17:55,448 DEBUG   SenderThread:2489623 [sender.py:send_request():193] send_request: defer
2021-09-19 05:17:55,448 INFO    SenderThread:2489623 [sender.py:send_request_defer():304] handle sender defer: 4
2021-09-19 05:17:55,452 DEBUG   HandlerThread:2489623 [handler.py:handle_request():124] handle_request: poll_exit
2021-09-19 05:17:55,503 ERROR   SenderThread:2489623 [internal_api.py:execute():130] 429 response executing GraphQL.
2021-09-19 05:17:55,503 ERROR   SenderThread:2489623 [internal_api.py:execute():131] {"error":"rate limit exceeded"}

2021-09-19 05:17:55,636 INFO    Thread-8  :2489623 [dir_watcher.py:_on_file_modified():229] file/dir modified: /grid/koo/home/toneyan/profile/QuantPred/wandb/run-20210919_051721-t3rl4o0i/files/wandb-summary.json
2021-09-19 05:17:56,694 ERROR   SenderThread:2489623 [internal_api.py:execute():130] 429 response executing GraphQL.
2021-09-19 05:17:56,694 ERROR   SenderThread:2489623 [internal_api.py:execute():131] {"error":"rate limit exceeded"}

2021-09-19 05:17:59,034 ERROR   SenderThread:2489623 [internal_api.py:execute():130] 429 response executing GraphQL.
2021-09-19 05:17:59,034 ERROR   SenderThread:2489623 [internal_api.py:execute():131] {"error":"rate limit exceeded"}

2021-09-19 05:17:59,034 ERROR   SenderThread:2489623 [retry.py:__call__():126] Retry attempt failed:
Traceback (most recent call last):
  File "/usr/local/lib/python3.6/dist-packages/wandb/sdk/lib/retry.py", line 102, in __call__
    result = self._call_fn(*args, **kwargs)
  File "/usr/local/lib/python3.6/dist-packages/wandb/sdk/internal/internal_api.py", line 133, in execute
    six.reraise(*sys.exc_info())
  File "/usr/local/lib/python3.6/dist-packages/six.py", line 719, in reraise
    raise value
  File "/usr/local/lib/python3.6/dist-packages/wandb/sdk/internal/internal_api.py", line 127, in execute
    return self.client.execute(*args, **kwargs)
  File "/usr/local/lib/python3.6/dist-packages/wandb/vendor/gql-0.2.0/gql/client.py", line 52, in execute
    result = self._get_result(document, *args, **kwargs)
  File "/usr/local/lib/python3.6/dist-packages/wandb/vendor/gql-0.2.0/gql/client.py", line 60, in _get_result
    return self.transport.execute(document, *args, **kwargs)
  File "/usr/local/lib/python3.6/dist-packages/wandb/vendor/gql-0.2.0/gql/transport/requests.py", line 39, in execute
    request.raise_for_status()
  File "/usr/local/lib/python3.6/dist-packages/requests/models.py", line 943, in raise_for_status
    raise HTTPError(http_error_msg, response=self)
requests.exceptions.HTTPError: 429 Client Error: Too Many Requests for url: https://api.wandb.ai/graphql
2021-09-19 05:18:00,549 DEBUG   HandlerThread:2489623 [handler.py:handle_request():124] handle_request: poll_exit
2021-09-19 05:18:03,323 INFO    SenderThread:2489623 [sender.py:transition_state():308] send defer: 5
2021-09-19 05:18:03,323 DEBUG   SenderThread:2489623 [sender.py:send_request():193] send_request: poll_exit
2021-09-19 05:18:03,323 DEBUG   SenderThread:2489623 [sender.py:send_request():193] send_request: poll_exit
2021-09-19 05:18:03,323 DEBUG   HandlerThread:2489623 [handler.py:handle_request():124] handle_request: defer
2021-09-19 05:18:03,324 INFO    HandlerThread:2489623 [handler.py:handle_request_defer():141] handle defer: 5
2021-09-19 05:18:03,324 DEBUG   SenderThread:2489623 [sender.py:send_request():193] send_request: defer
2021-09-19 05:18:03,324 INFO    SenderThread:2489623 [sender.py:send_request_defer():304] handle sender defer: 5
2021-09-19 05:18:03,324 INFO    SenderThread:2489623 [dir_watcher.py:finish():282] shutting down directory watcher
2021-09-19 05:18:03,446 DEBUG   HandlerThread:2489623 [handler.py:handle_request():124] handle_request: poll_exit
2021-09-19 05:18:03,637 INFO    SenderThread:2489623 [dir_watcher.py:_on_file_modified():229] file/dir modified: /grid/koo/home/toneyan/profile/QuantPred/wandb/run-20210919_051721-t3rl4o0i/files/config.yaml
2021-09-19 05:18:03,638 INFO    SenderThread:2489623 [dir_watcher.py:finish():312] scan: /grid/koo/home/toneyan/profile/QuantPred/wandb/run-20210919_051721-t3rl4o0i/files
2021-09-19 05:18:03,638 INFO    SenderThread:2489623 [dir_watcher.py:finish():318] scan save: /grid/koo/home/toneyan/profile/QuantPred/wandb/run-20210919_051721-t3rl4o0i/files/wandb-metadata.json wandb-metadata.json
2021-09-19 05:18:03,638 INFO    SenderThread:2489623 [dir_watcher.py:finish():318] scan save: /grid/koo/home/toneyan/profile/QuantPred/wandb/run-20210919_051721-t3rl4o0i/files/config.yaml config.yaml
2021-09-19 05:18:03,638 INFO    SenderThread:2489623 [dir_watcher.py:finish():318] scan save: /grid/koo/home/toneyan/profile/QuantPred/wandb/run-20210919_051721-t3rl4o0i/files/requirements.txt requirements.txt
2021-09-19 05:18:03,638 INFO    SenderThread:2489623 [dir_watcher.py:finish():318] scan save: /grid/koo/home/toneyan/profile/QuantPred/wandb/run-20210919_051721-t3rl4o0i/files/wandb-summary.json wandb-summary.json
2021-09-19 05:18:03,638 INFO    SenderThread:2489623 [dir_watcher.py:finish():318] scan save: /grid/koo/home/toneyan/profile/QuantPred/wandb/run-20210919_051721-t3rl4o0i/files/output.log output.log
2021-09-19 05:18:03,641 INFO    SenderThread:2489623 [sender.py:transition_state():308] send defer: 6
2021-09-19 05:18:03,644 DEBUG   SenderThread:2489623 [sender.py:send_request():193] send_request: poll_exit
2021-09-19 05:18:03,649 DEBUG   HandlerThread:2489623 [handler.py:handle_request():124] handle_request: defer
2021-09-19 05:18:03,649 INFO    HandlerThread:2489623 [handler.py:handle_request_defer():141] handle defer: 6
2021-09-19 05:18:03,649 DEBUG   SenderThread:2489623 [sender.py:send_request():193] send_request: defer
2021-09-19 05:18:03,649 INFO    SenderThread:2489623 [sender.py:send_request_defer():304] handle sender defer: 6
2021-09-19 05:18:03,649 INFO    SenderThread:2489623 [file_pusher.py:finish():177] shutting down file pusher
2021-09-19 05:18:03,746 DEBUG   HandlerThread:2489623 [handler.py:handle_request():124] handle_request: poll_exit
2021-09-19 05:18:03,746 DEBUG   SenderThread:2489623 [sender.py:send_request():193] send_request: poll_exit
2021-09-19 05:18:03,847 DEBUG   HandlerThread:2489623 [handler.py:handle_request():124] handle_request: poll_exit
2021-09-19 05:18:03,847 DEBUG   SenderThread:2489623 [sender.py:send_request():193] send_request: poll_exit
2021-09-19 05:18:03,949 INFO    Thread-14 :2489623 [upload_job.py:push():137] Uploaded file /grid/koo/home/toneyan/profile/QuantPred/wandb/run-20210919_051721-t3rl4o0i/files/wandb-summary.json
2021-09-19 05:18:03,949 INFO    Thread-13 :2489623 [upload_job.py:push():137] Uploaded file /grid/koo/home/toneyan/profile/QuantPred/wandb/run-20210919_051721-t3rl4o0i/files/requirements.txt
2021-09-19 05:18:03,949 DEBUG   HandlerThread:2489623 [handler.py:handle_request():124] handle_request: poll_exit
2021-09-19 05:18:03,950 DEBUG   SenderThread:2489623 [sender.py:send_request():193] send_request: poll_exit
2021-09-19 05:18:04,050 INFO    Thread-12 :2489623 [upload_job.py:push():137] Uploaded file /grid/koo/home/toneyan/profile/QuantPred/wandb/run-20210919_051721-t3rl4o0i/files/config.yaml
2021-09-19 05:18:04,051 DEBUG   HandlerThread:2489623 [handler.py:handle_request():124] handle_request: poll_exit
2021-09-19 05:18:04,051 DEBUG   SenderThread:2489623 [sender.py:send_request():193] send_request: poll_exit
2021-09-19 05:18:04,153 DEBUG   HandlerThread:2489623 [handler.py:handle_request():124] handle_request: poll_exit
2021-09-19 05:18:04,153 DEBUG   SenderThread:2489623 [sender.py:send_request():193] send_request: poll_exit
2021-09-19 05:18:04,251 INFO    Thread-7  :2489623 [sender.py:transition_state():308] send defer: 7
2021-09-19 05:18:04,251 DEBUG   HandlerThread:2489623 [handler.py:handle_request():124] handle_request: defer
2021-09-19 05:18:04,251 INFO    HandlerThread:2489623 [handler.py:handle_request_defer():141] handle defer: 7
2021-09-19 05:18:04,251 DEBUG   SenderThread:2489623 [sender.py:send_request():193] send_request: defer
2021-09-19 05:18:04,252 INFO    SenderThread:2489623 [sender.py:send_request_defer():304] handle sender defer: 7
2021-09-19 05:18:04,254 DEBUG   HandlerThread:2489623 [handler.py:handle_request():124] handle_request: poll_exit
2021-09-19 05:18:04,304 INFO    SenderThread:2489623 [sender.py:transition_state():308] send defer: 8
2021-09-19 05:18:04,304 DEBUG   SenderThread:2489623 [sender.py:send_request():193] send_request: poll_exit
2021-09-19 05:18:04,304 DEBUG   HandlerThread:2489623 [handler.py:handle_request():124] handle_request: defer
2021-09-19 05:18:04,304 INFO    HandlerThread:2489623 [handler.py:handle_request_defer():141] handle defer: 8
2021-09-19 05:18:04,304 DEBUG   SenderThread:2489623 [sender.py:send_request():193] send_request: defer
2021-09-19 05:18:04,305 INFO    SenderThread:2489623 [sender.py:send_request_defer():304] handle sender defer: 8
2021-09-19 05:18:04,305 INFO    SenderThread:2489623 [sender.py:transition_state():308] send defer: 9
2021-09-19 05:18:04,305 DEBUG   SenderThread:2489623 [sender.py:send():179] send: final
2021-09-19 05:18:04,305 DEBUG   HandlerThread:2489623 [handler.py:handle_request():124] handle_request: defer
2021-09-19 05:18:04,305 DEBUG   SenderThread:2489623 [sender.py:send():179] send: footer
2021-09-19 05:18:04,305 INFO    HandlerThread:2489623 [handler.py:handle_request_defer():141] handle defer: 9
2021-09-19 05:18:04,305 DEBUG   SenderThread:2489623 [sender.py:send_request():193] send_request: defer
2021-09-19 05:18:04,305 INFO    SenderThread:2489623 [sender.py:send_request_defer():304] handle sender defer: 9
2021-09-19 05:18:04,408 DEBUG   HandlerThread:2489623 [handler.py:handle_request():124] handle_request: poll_exit
2021-09-19 05:18:04,408 DEBUG   SenderThread:2489623 [sender.py:send_request():193] send_request: poll_exit
2021-09-19 05:18:04,408 INFO    SenderThread:2489623 [file_pusher.py:join():182] waiting for file pusher
2021-09-19 05:18:04,410 DEBUG   HandlerThread:2489623 [handler.py:handle_request():124] handle_request: get_summary
2021-09-19 05:18:04,410 DEBUG   HandlerThread:2489623 [handler.py:handle_request():124] handle_request: sampled_history
2021-09-19 05:18:04,411 DEBUG   HandlerThread:2489623 [handler.py:handle_request():124] handle_request: shutdown
2021-09-19 05:18:04,411 INFO    HandlerThread:2489623 [handler.py:finish():638] shutting down handler
2021-09-19 05:18:05,305 INFO    WriterThread:2489623 [datastore.py:close():288] close: /grid/koo/home/toneyan/profile/QuantPred/wandb/run-20210919_051721-t3rl4o0i/run-t3rl4o0i.wandb
2021-09-19 05:18:05,409 INFO    SenderThread:2489623 [sender.py:finish():945] shutting down sender
2021-09-19 05:18:05,409 INFO    SenderThread:2489623 [file_pusher.py:finish():177] shutting down file pusher
2021-09-19 05:18:05,409 INFO    SenderThread:2489623 [file_pusher.py:join():182] waiting for file pusher
2021-09-19 05:18:05,413 INFO    MainThread:2489623 [internal.py:handle_exit():78] Internal process exited
