2021-09-18 20:14:35,826 INFO    MainThread:293295 [internal.py:wandb_internal():91] W&B internal server running at pid: 293295, started at: 2021-09-18 20:14:35.825530
2021-09-18 20:14:35,827 DEBUG   HandlerThread:293295 [handler.py:handle_request():124] handle_request: check_version
2021-09-18 20:14:35,828 INFO    WriterThread:293295 [datastore.py:open_for_write():80] open: /grid/koo/home/toneyan/profile/QuantPred/wandb/run-20210918_201435-g7fwreys/run-g7fwreys.wandb
2021-09-18 20:14:35,829 DEBUG   SenderThread:293295 [sender.py:send():179] send: header
2021-09-18 20:14:35,829 DEBUG   SenderThread:293295 [sender.py:send_request():193] send_request: check_version
2021-09-18 20:14:35,861 DEBUG   SenderThread:293295 [sender.py:send():179] send: run
2021-09-18 20:14:35,939 INFO    SenderThread:293295 [dir_watcher.py:__init__():168] watching files in: /grid/koo/home/toneyan/profile/QuantPred/wandb/run-20210918_201435-g7fwreys/files
2021-09-18 20:14:35,939 INFO    SenderThread:293295 [sender.py:_start_run_threads():719] run started: g7fwreys with start time 1632010475
2021-09-18 20:14:35,940 DEBUG   SenderThread:293295 [sender.py:send():179] send: summary
2021-09-18 20:14:35,940 INFO    SenderThread:293295 [sender.py:_save_file():841] saving file wandb-summary.json with policy end
2021-09-18 20:14:35,942 DEBUG   HandlerThread:293295 [handler.py:handle_request():124] handle_request: run_start
2021-09-18 20:14:36,942 INFO    Thread-8  :293295 [dir_watcher.py:_on_file_created():216] file/dir created: /grid/koo/home/toneyan/profile/QuantPred/wandb/run-20210918_201435-g7fwreys/files/wandb-summary.json
2021-09-18 20:14:37,211 DEBUG   HandlerThread:293295 [meta.py:__init__():39] meta init
2021-09-18 20:14:37,211 DEBUG   HandlerThread:293295 [meta.py:__init__():53] meta init done
2021-09-18 20:14:37,211 DEBUG   HandlerThread:293295 [meta.py:probe():210] probe
2021-09-18 20:14:37,217 DEBUG   HandlerThread:293295 [meta.py:_save_pip():57] save pip
2021-09-18 20:14:37,218 DEBUG   HandlerThread:293295 [meta.py:_save_pip():71] save pip done
2021-09-18 20:14:37,218 DEBUG   HandlerThread:293295 [meta.py:probe():252] probe done
2021-09-18 20:14:37,220 DEBUG   SenderThread:293295 [sender.py:send():179] send: files
2021-09-18 20:14:37,220 INFO    SenderThread:293295 [sender.py:_save_file():841] saving file wandb-metadata.json with policy now
2021-09-18 20:14:37,226 DEBUG   HandlerThread:293295 [handler.py:handle_request():124] handle_request: stop_status
2021-09-18 20:14:37,227 DEBUG   SenderThread:293295 [sender.py:send_request():193] send_request: stop_status
2021-09-18 20:14:37,638 INFO    Thread-11 :293295 [upload_job.py:push():137] Uploaded file /tmp/3288843.1.gpu_ded.q/tmpbyxq9skywandb/367nerl4-wandb-metadata.json
2021-09-18 20:14:37,942 INFO    Thread-8  :293295 [dir_watcher.py:_on_file_created():216] file/dir created: /grid/koo/home/toneyan/profile/QuantPred/wandb/run-20210918_201435-g7fwreys/files/output.log
2021-09-18 20:14:37,943 INFO    Thread-8  :293295 [dir_watcher.py:_on_file_created():216] file/dir created: /grid/koo/home/toneyan/profile/QuantPred/wandb/run-20210918_201435-g7fwreys/files/requirements.txt
2021-09-18 20:14:37,943 INFO    Thread-8  :293295 [dir_watcher.py:_on_file_created():216] file/dir created: /grid/koo/home/toneyan/profile/QuantPred/wandb/run-20210918_201435-g7fwreys/files/wandb-metadata.json
2021-09-18 20:14:52,299 DEBUG   HandlerThread:293295 [handler.py:handle_request():124] handle_request: stop_status
2021-09-18 20:14:52,300 DEBUG   SenderThread:293295 [sender.py:send_request():193] send_request: stop_status
2021-09-18 20:15:05,565 DEBUG   SenderThread:293295 [sender.py:send():179] send: stats
2021-09-18 20:15:07,367 DEBUG   HandlerThread:293295 [handler.py:handle_request():124] handle_request: stop_status
2021-09-18 20:15:07,367 DEBUG   SenderThread:293295 [sender.py:send_request():193] send_request: stop_status
2021-09-18 20:15:07,426 ERROR   SenderThread:293295 [internal_api.py:execute():130] 429 response executing GraphQL.
2021-09-18 20:15:07,426 ERROR   SenderThread:293295 [internal_api.py:execute():131] {"error":"rate limit exceeded"}

2021-09-18 20:15:08,568 ERROR   SenderThread:293295 [internal_api.py:execute():130] 429 response executing GraphQL.
2021-09-18 20:15:08,568 ERROR   SenderThread:293295 [internal_api.py:execute():131] {"error":"rate limit exceeded"}

2021-09-18 20:15:10,775 ERROR   SenderThread:293295 [internal_api.py:execute():130] 429 response executing GraphQL.
2021-09-18 20:15:10,775 ERROR   SenderThread:293295 [internal_api.py:execute():131] {"error":"rate limit exceeded"}

2021-09-18 20:15:10,776 ERROR   SenderThread:293295 [retry.py:__call__():126] Retry attempt failed:
Traceback (most recent call last):
  File "/usr/local/lib/python3.6/dist-packages/wandb/sdk/lib/retry.py", line 102, in __call__
    result = self._call_fn(*args, **kwargs)
  File "/usr/local/lib/python3.6/dist-packages/wandb/sdk/internal/internal_api.py", line 133, in execute
    six.reraise(*sys.exc_info())
  File "/usr/local/lib/python3.6/dist-packages/six.py", line 719, in reraise
    raise value
  File "/usr/local/lib/python3.6/dist-packages/wandb/sdk/internal/internal_api.py", line 127, in execute
    return self.client.execute(*args, **kwargs)
  File "/usr/local/lib/python3.6/dist-packages/wandb/vendor/gql-0.2.0/gql/client.py", line 52, in execute
    result = self._get_result(document, *args, **kwargs)
  File "/usr/local/lib/python3.6/dist-packages/wandb/vendor/gql-0.2.0/gql/client.py", line 60, in _get_result
    return self.transport.execute(document, *args, **kwargs)
  File "/usr/local/lib/python3.6/dist-packages/wandb/vendor/gql-0.2.0/gql/transport/requests.py", line 39, in execute
    request.raise_for_status()
  File "/usr/local/lib/python3.6/dist-packages/requests/models.py", line 943, in raise_for_status
    raise HTTPError(http_error_msg, response=self)
requests.exceptions.HTTPError: 429 Client Error: Too Many Requests for url: https://api.wandb.ai/graphql
2021-09-18 20:15:14,911 ERROR   SenderThread:293295 [internal_api.py:execute():130] 429 response executing GraphQL.
2021-09-18 20:15:14,912 ERROR   SenderThread:293295 [internal_api.py:execute():131] {"error":"rate limit exceeded"}

2021-09-18 20:15:22,299 DEBUG   HandlerThread:293295 [handler.py:handle_request():124] handle_request: poll_exit
2021-09-18 20:15:24,591 DEBUG   SenderThread:293295 [sender.py:send():179] send: telemetry
2021-09-18 20:15:24,591 DEBUG   SenderThread:293295 [sender.py:send():179] send: exit
2021-09-18 20:15:24,592 INFO    SenderThread:293295 [sender.py:send_exit():287] handling exit code: 1
2021-09-18 20:15:24,592 INFO    SenderThread:293295 [sender.py:send_exit():295] send defer
2021-09-18 20:15:24,592 DEBUG   SenderThread:293295 [sender.py:send_request():193] send_request: poll_exit
2021-09-18 20:15:24,592 DEBUG   HandlerThread:293295 [handler.py:handle_request():124] handle_request: defer
2021-09-18 20:15:24,592 INFO    HandlerThread:293295 [handler.py:handle_request_defer():141] handle defer: 0
2021-09-18 20:15:24,593 DEBUG   SenderThread:293295 [sender.py:send_request():193] send_request: defer
2021-09-18 20:15:24,593 INFO    SenderThread:293295 [sender.py:send_request_defer():304] handle sender defer: 0
2021-09-18 20:15:24,593 INFO    SenderThread:293295 [sender.py:transition_state():308] send defer: 1
2021-09-18 20:15:24,593 DEBUG   HandlerThread:293295 [handler.py:handle_request():124] handle_request: defer
2021-09-18 20:15:24,593 INFO    HandlerThread:293295 [handler.py:handle_request_defer():141] handle defer: 1
2021-09-18 20:15:24,706 DEBUG   HandlerThread:293295 [handler.py:handle_request():124] handle_request: poll_exit
2021-09-18 20:15:24,706 DEBUG   SenderThread:293295 [sender.py:send_request():193] send_request: defer
2021-09-18 20:15:24,707 INFO    SenderThread:293295 [sender.py:send_request_defer():304] handle sender defer: 1
2021-09-18 20:15:24,707 INFO    SenderThread:293295 [sender.py:transition_state():308] send defer: 2
2021-09-18 20:15:24,707 DEBUG   SenderThread:293295 [sender.py:send_request():193] send_request: poll_exit
2021-09-18 20:15:24,707 DEBUG   SenderThread:293295 [sender.py:send():179] send: stats
2021-09-18 20:15:24,709 DEBUG   HandlerThread:293295 [handler.py:handle_request():124] handle_request: defer
2021-09-18 20:15:24,709 INFO    HandlerThread:293295 [handler.py:handle_request_defer():141] handle defer: 2
2021-09-18 20:15:24,710 DEBUG   SenderThread:293295 [sender.py:send_request():193] send_request: defer
2021-09-18 20:15:24,710 INFO    SenderThread:293295 [sender.py:send_request_defer():304] handle sender defer: 2
2021-09-18 20:15:24,710 INFO    SenderThread:293295 [sender.py:transition_state():308] send defer: 3
2021-09-18 20:15:24,710 DEBUG   HandlerThread:293295 [handler.py:handle_request():124] handle_request: defer
2021-09-18 20:15:24,710 INFO    HandlerThread:293295 [handler.py:handle_request_defer():141] handle defer: 3
2021-09-18 20:15:24,711 DEBUG   SenderThread:293295 [sender.py:send():179] send: summary
2021-09-18 20:15:24,711 INFO    SenderThread:293295 [sender.py:_save_file():841] saving file wandb-summary.json with policy end
2021-09-18 20:15:24,711 DEBUG   SenderThread:293295 [sender.py:send_request():193] send_request: defer
2021-09-18 20:15:24,711 INFO    SenderThread:293295 [sender.py:send_request_defer():304] handle sender defer: 3
2021-09-18 20:15:24,711 INFO    SenderThread:293295 [sender.py:transition_state():308] send defer: 4
2021-09-18 20:15:24,712 DEBUG   HandlerThread:293295 [handler.py:handle_request():124] handle_request: defer
2021-09-18 20:15:24,712 INFO    HandlerThread:293295 [handler.py:handle_request_defer():141] handle defer: 4
2021-09-18 20:15:24,712 DEBUG   SenderThread:293295 [sender.py:send_request():193] send_request: defer
2021-09-18 20:15:24,712 INFO    SenderThread:293295 [sender.py:send_request_defer():304] handle sender defer: 4
2021-09-18 20:15:24,811 DEBUG   HandlerThread:293295 [handler.py:handle_request():124] handle_request: poll_exit
2021-09-18 20:15:24,844 INFO    SenderThread:293295 [sender.py:transition_state():308] send defer: 5
2021-09-18 20:15:24,844 DEBUG   SenderThread:293295 [sender.py:send_request():193] send_request: poll_exit
2021-09-18 20:15:24,844 DEBUG   HandlerThread:293295 [handler.py:handle_request():124] handle_request: defer
2021-09-18 20:15:24,844 INFO    HandlerThread:293295 [handler.py:handle_request_defer():141] handle defer: 5
2021-09-18 20:15:24,845 DEBUG   SenderThread:293295 [sender.py:send_request():193] send_request: defer
2021-09-18 20:15:24,845 INFO    SenderThread:293295 [sender.py:send_request_defer():304] handle sender defer: 5
2021-09-18 20:15:24,845 INFO    SenderThread:293295 [dir_watcher.py:finish():282] shutting down directory watcher
2021-09-18 20:15:24,949 DEBUG   HandlerThread:293295 [handler.py:handle_request():124] handle_request: poll_exit
2021-09-18 20:15:24,953 INFO    SenderThread:293295 [dir_watcher.py:_on_file_modified():229] file/dir modified: /grid/koo/home/toneyan/profile/QuantPred/wandb/run-20210918_201435-g7fwreys/files/wandb-summary.json
2021-09-18 20:15:24,953 INFO    SenderThread:293295 [dir_watcher.py:_on_file_modified():229] file/dir modified: /grid/koo/home/toneyan/profile/QuantPred/wandb/run-20210918_201435-g7fwreys/files/config.yaml
2021-09-18 20:15:24,953 INFO    SenderThread:293295 [dir_watcher.py:finish():312] scan: /grid/koo/home/toneyan/profile/QuantPred/wandb/run-20210918_201435-g7fwreys/files
2021-09-18 20:15:24,953 INFO    SenderThread:293295 [dir_watcher.py:finish():318] scan save: /grid/koo/home/toneyan/profile/QuantPred/wandb/run-20210918_201435-g7fwreys/files/wandb-metadata.json wandb-metadata.json
2021-09-18 20:15:24,953 INFO    SenderThread:293295 [dir_watcher.py:finish():318] scan save: /grid/koo/home/toneyan/profile/QuantPred/wandb/run-20210918_201435-g7fwreys/files/config.yaml config.yaml
2021-09-18 20:15:24,953 INFO    SenderThread:293295 [dir_watcher.py:finish():318] scan save: /grid/koo/home/toneyan/profile/QuantPred/wandb/run-20210918_201435-g7fwreys/files/requirements.txt requirements.txt
2021-09-18 20:15:24,954 INFO    SenderThread:293295 [dir_watcher.py:finish():318] scan save: /grid/koo/home/toneyan/profile/QuantPred/wandb/run-20210918_201435-g7fwreys/files/wandb-summary.json wandb-summary.json
2021-09-18 20:15:24,957 INFO    SenderThread:293295 [dir_watcher.py:finish():318] scan save: /grid/koo/home/toneyan/profile/QuantPred/wandb/run-20210918_201435-g7fwreys/files/output.log output.log
2021-09-18 20:15:24,965 INFO    SenderThread:293295 [sender.py:transition_state():308] send defer: 6
2021-09-18 20:15:24,965 DEBUG   SenderThread:293295 [sender.py:send_request():193] send_request: poll_exit
2021-09-18 20:15:24,966 DEBUG   HandlerThread:293295 [handler.py:handle_request():124] handle_request: defer
2021-09-18 20:15:24,966 INFO    HandlerThread:293295 [handler.py:handle_request_defer():141] handle defer: 6
2021-09-18 20:15:24,966 DEBUG   SenderThread:293295 [sender.py:send_request():193] send_request: defer
2021-09-18 20:15:24,966 INFO    SenderThread:293295 [sender.py:send_request_defer():304] handle sender defer: 6
2021-09-18 20:15:24,966 INFO    SenderThread:293295 [file_pusher.py:finish():177] shutting down file pusher
2021-09-18 20:15:25,073 DEBUG   HandlerThread:293295 [handler.py:handle_request():124] handle_request: poll_exit
2021-09-18 20:15:25,073 DEBUG   SenderThread:293295 [sender.py:send_request():193] send_request: poll_exit
2021-09-18 20:15:25,177 DEBUG   HandlerThread:293295 [handler.py:handle_request():124] handle_request: poll_exit
2021-09-18 20:15:25,177 DEBUG   SenderThread:293295 [sender.py:send_request():193] send_request: poll_exit
2021-09-18 20:15:25,278 DEBUG   HandlerThread:293295 [handler.py:handle_request():124] handle_request: poll_exit
2021-09-18 20:15:25,279 DEBUG   SenderThread:293295 [sender.py:send_request():193] send_request: poll_exit
2021-09-18 20:15:25,344 INFO    Thread-14 :293295 [upload_job.py:push():137] Uploaded file /grid/koo/home/toneyan/profile/QuantPred/wandb/run-20210918_201435-g7fwreys/files/wandb-summary.json
2021-09-18 20:15:25,351 INFO    Thread-13 :293295 [upload_job.py:push():137] Uploaded file /grid/koo/home/toneyan/profile/QuantPred/wandb/run-20210918_201435-g7fwreys/files/requirements.txt
2021-09-18 20:15:25,356 INFO    Thread-12 :293295 [upload_job.py:push():137] Uploaded file /grid/koo/home/toneyan/profile/QuantPred/wandb/run-20210918_201435-g7fwreys/files/config.yaml
2021-09-18 20:15:25,382 DEBUG   HandlerThread:293295 [handler.py:handle_request():124] handle_request: poll_exit
2021-09-18 20:15:25,383 DEBUG   SenderThread:293295 [sender.py:send_request():193] send_request: poll_exit
2021-09-18 20:15:25,487 DEBUG   HandlerThread:293295 [handler.py:handle_request():124] handle_request: poll_exit
2021-09-18 20:15:25,487 DEBUG   SenderThread:293295 [sender.py:send_request():193] send_request: poll_exit
2021-09-18 20:15:25,556 INFO    Thread-7  :293295 [sender.py:transition_state():308] send defer: 7
2021-09-18 20:15:25,557 DEBUG   HandlerThread:293295 [handler.py:handle_request():124] handle_request: defer
2021-09-18 20:15:25,557 INFO    HandlerThread:293295 [handler.py:handle_request_defer():141] handle defer: 7
2021-09-18 20:15:25,557 DEBUG   SenderThread:293295 [sender.py:send_request():193] send_request: defer
2021-09-18 20:15:25,557 INFO    SenderThread:293295 [sender.py:send_request_defer():304] handle sender defer: 7
2021-09-18 20:15:25,589 DEBUG   HandlerThread:293295 [handler.py:handle_request():124] handle_request: poll_exit
2021-09-18 20:15:25,692 INFO    SenderThread:293295 [sender.py:transition_state():308] send defer: 8
2021-09-18 20:15:25,692 DEBUG   SenderThread:293295 [sender.py:send_request():193] send_request: poll_exit
2021-09-18 20:15:25,692 DEBUG   HandlerThread:293295 [handler.py:handle_request():124] handle_request: defer
2021-09-18 20:15:25,693 INFO    HandlerThread:293295 [handler.py:handle_request_defer():141] handle defer: 8
2021-09-18 20:15:25,693 DEBUG   SenderThread:293295 [sender.py:send_request():193] send_request: defer
2021-09-18 20:15:25,693 INFO    SenderThread:293295 [sender.py:send_request_defer():304] handle sender defer: 8
2021-09-18 20:15:25,693 INFO    SenderThread:293295 [sender.py:transition_state():308] send defer: 9
2021-09-18 20:15:25,693 DEBUG   SenderThread:293295 [sender.py:send():179] send: final
2021-09-18 20:15:25,694 DEBUG   SenderThread:293295 [sender.py:send():179] send: footer
2021-09-18 20:15:25,694 DEBUG   HandlerThread:293295 [handler.py:handle_request():124] handle_request: defer
2021-09-18 20:15:25,694 INFO    HandlerThread:293295 [handler.py:handle_request_defer():141] handle defer: 9
2021-09-18 20:15:25,694 DEBUG   SenderThread:293295 [sender.py:send_request():193] send_request: defer
2021-09-18 20:15:25,694 INFO    SenderThread:293295 [sender.py:send_request_defer():304] handle sender defer: 9
2021-09-18 20:15:25,794 DEBUG   HandlerThread:293295 [handler.py:handle_request():124] handle_request: poll_exit
2021-09-18 20:15:25,794 DEBUG   SenderThread:293295 [sender.py:send_request():193] send_request: poll_exit
2021-09-18 20:15:25,794 INFO    SenderThread:293295 [file_pusher.py:join():182] waiting for file pusher
2021-09-18 20:15:25,795 DEBUG   HandlerThread:293295 [handler.py:handle_request():124] handle_request: get_summary
2021-09-18 20:15:25,796 DEBUG   HandlerThread:293295 [handler.py:handle_request():124] handle_request: sampled_history
2021-09-18 20:15:25,796 DEBUG   HandlerThread:293295 [handler.py:handle_request():124] handle_request: shutdown
2021-09-18 20:15:25,796 INFO    HandlerThread:293295 [handler.py:finish():638] shutting down handler
2021-09-18 20:15:26,694 INFO    WriterThread:293295 [datastore.py:close():288] close: /grid/koo/home/toneyan/profile/QuantPred/wandb/run-20210918_201435-g7fwreys/run-g7fwreys.wandb
2021-09-18 20:15:26,794 INFO    SenderThread:293295 [sender.py:finish():945] shutting down sender
2021-09-18 20:15:26,795 INFO    SenderThread:293295 [file_pusher.py:finish():177] shutting down file pusher
2021-09-18 20:15:26,795 INFO    SenderThread:293295 [file_pusher.py:join():182] waiting for file pusher
2021-09-18 20:15:26,797 INFO    MainThread:293295 [internal.py:handle_exit():78] Internal process exited
