2021-09-19 12:01:00,652 INFO    MainThread:1696408 [internal.py:wandb_internal():91] W&B internal server running at pid: 1696408, started at: 2021-09-19 12:01:00.651710
2021-09-19 12:01:00,654 DEBUG   HandlerThread:1696408 [handler.py:handle_request():124] handle_request: check_version
2021-09-19 12:01:00,654 INFO    WriterThread:1696408 [datastore.py:open_for_write():80] open: /grid/koo/home/toneyan/profile/QuantPred/wandb/run-20210919_120100-irjc2pz7/run-irjc2pz7.wandb
2021-09-19 12:01:00,656 DEBUG   SenderThread:1696408 [sender.py:send():179] send: header
2021-09-19 12:01:00,656 DEBUG   SenderThread:1696408 [sender.py:send_request():193] send_request: check_version
2021-09-19 12:01:00,683 DEBUG   SenderThread:1696408 [sender.py:send():179] send: run
2021-09-19 12:01:00,762 INFO    SenderThread:1696408 [dir_watcher.py:__init__():168] watching files in: /grid/koo/home/toneyan/profile/QuantPred/wandb/run-20210919_120100-irjc2pz7/files
2021-09-19 12:01:00,762 INFO    SenderThread:1696408 [sender.py:_start_run_threads():719] run started: irjc2pz7 with start time 1632067260
2021-09-19 12:01:00,763 DEBUG   SenderThread:1696408 [sender.py:send():179] send: summary
2021-09-19 12:01:00,764 INFO    SenderThread:1696408 [sender.py:_save_file():841] saving file wandb-summary.json with policy end
2021-09-19 12:01:00,765 DEBUG   HandlerThread:1696408 [handler.py:handle_request():124] handle_request: run_start
2021-09-19 12:01:01,764 INFO    Thread-8  :1696408 [dir_watcher.py:_on_file_created():216] file/dir created: /grid/koo/home/toneyan/profile/QuantPred/wandb/run-20210919_120100-irjc2pz7/files/wandb-summary.json
2021-09-19 12:01:01,823 DEBUG   HandlerThread:1696408 [meta.py:__init__():39] meta init
2021-09-19 12:01:01,823 DEBUG   HandlerThread:1696408 [meta.py:__init__():53] meta init done
2021-09-19 12:01:01,823 DEBUG   HandlerThread:1696408 [meta.py:probe():210] probe
2021-09-19 12:01:01,830 DEBUG   HandlerThread:1696408 [meta.py:_save_pip():57] save pip
2021-09-19 12:01:01,831 DEBUG   HandlerThread:1696408 [meta.py:_save_pip():71] save pip done
2021-09-19 12:01:01,831 DEBUG   HandlerThread:1696408 [meta.py:probe():252] probe done
2021-09-19 12:01:01,833 DEBUG   SenderThread:1696408 [sender.py:send():179] send: files
2021-09-19 12:01:01,833 INFO    SenderThread:1696408 [sender.py:_save_file():841] saving file wandb-metadata.json with policy now
2021-09-19 12:01:01,839 DEBUG   HandlerThread:1696408 [handler.py:handle_request():124] handle_request: stop_status
2021-09-19 12:01:01,840 DEBUG   SenderThread:1696408 [sender.py:send_request():193] send_request: stop_status
2021-09-19 12:01:02,159 INFO    Thread-11 :1696408 [upload_job.py:push():137] Uploaded file /tmp/3288853.1.gpu_ded.q/tmpkdzx7cnewandb/k7v99pcc-wandb-metadata.json
2021-09-19 12:01:02,763 INFO    Thread-8  :1696408 [dir_watcher.py:_on_file_created():216] file/dir created: /grid/koo/home/toneyan/profile/QuantPred/wandb/run-20210919_120100-irjc2pz7/files/wandb-metadata.json
2021-09-19 12:01:02,763 INFO    Thread-8  :1696408 [dir_watcher.py:_on_file_created():216] file/dir created: /grid/koo/home/toneyan/profile/QuantPred/wandb/run-20210919_120100-irjc2pz7/files/requirements.txt
2021-09-19 12:01:02,764 INFO    Thread-8  :1696408 [dir_watcher.py:_on_file_created():216] file/dir created: /grid/koo/home/toneyan/profile/QuantPred/wandb/run-20210919_120100-irjc2pz7/files/output.log
2021-09-19 12:01:16,901 DEBUG   HandlerThread:1696408 [handler.py:handle_request():124] handle_request: stop_status
2021-09-19 12:01:16,901 DEBUG   SenderThread:1696408 [sender.py:send_request():193] send_request: stop_status
2021-09-19 12:01:30,225 DEBUG   SenderThread:1696408 [sender.py:send():179] send: stats
2021-09-19 12:01:31,961 DEBUG   HandlerThread:1696408 [handler.py:handle_request():124] handle_request: stop_status
2021-09-19 12:01:31,962 DEBUG   SenderThread:1696408 [sender.py:send_request():193] send_request: stop_status
2021-09-19 12:01:33,896 DEBUG   HandlerThread:1696408 [handler.py:handle_request():124] handle_request: poll_exit
2021-09-19 12:01:33,896 DEBUG   SenderThread:1696408 [sender.py:send():179] send: telemetry
2021-09-19 12:01:33,897 DEBUG   SenderThread:1696408 [sender.py:send():179] send: exit
2021-09-19 12:01:33,897 INFO    SenderThread:1696408 [sender.py:send_exit():287] handling exit code: 1
2021-09-19 12:01:33,897 INFO    SenderThread:1696408 [sender.py:send_exit():295] send defer
2021-09-19 12:01:33,897 DEBUG   SenderThread:1696408 [sender.py:send_request():193] send_request: poll_exit
2021-09-19 12:01:33,897 DEBUG   HandlerThread:1696408 [handler.py:handle_request():124] handle_request: defer
2021-09-19 12:01:33,897 INFO    HandlerThread:1696408 [handler.py:handle_request_defer():141] handle defer: 0
2021-09-19 12:01:33,898 DEBUG   SenderThread:1696408 [sender.py:send_request():193] send_request: defer
2021-09-19 12:01:33,898 INFO    SenderThread:1696408 [sender.py:send_request_defer():304] handle sender defer: 0
2021-09-19 12:01:33,898 INFO    SenderThread:1696408 [sender.py:transition_state():308] send defer: 1
2021-09-19 12:01:33,898 DEBUG   HandlerThread:1696408 [handler.py:handle_request():124] handle_request: defer
2021-09-19 12:01:33,898 INFO    HandlerThread:1696408 [handler.py:handle_request_defer():141] handle defer: 1
2021-09-19 12:01:33,974 DEBUG   SenderThread:1696408 [sender.py:send_request():193] send_request: defer
2021-09-19 12:01:33,974 INFO    SenderThread:1696408 [sender.py:send_request_defer():304] handle sender defer: 1
2021-09-19 12:01:33,974 INFO    SenderThread:1696408 [sender.py:transition_state():308] send defer: 2
2021-09-19 12:01:33,974 DEBUG   SenderThread:1696408 [sender.py:send():179] send: stats
2021-09-19 12:01:33,976 DEBUG   HandlerThread:1696408 [handler.py:handle_request():124] handle_request: defer
2021-09-19 12:01:33,976 INFO    HandlerThread:1696408 [handler.py:handle_request_defer():141] handle defer: 2
2021-09-19 12:01:33,977 DEBUG   SenderThread:1696408 [sender.py:send_request():193] send_request: defer
2021-09-19 12:01:33,977 INFO    SenderThread:1696408 [sender.py:send_request_defer():304] handle sender defer: 2
2021-09-19 12:01:33,977 INFO    SenderThread:1696408 [sender.py:transition_state():308] send defer: 3
2021-09-19 12:01:33,977 DEBUG   HandlerThread:1696408 [handler.py:handle_request():124] handle_request: defer
2021-09-19 12:01:33,977 INFO    HandlerThread:1696408 [handler.py:handle_request_defer():141] handle defer: 3
2021-09-19 12:01:33,977 DEBUG   SenderThread:1696408 [sender.py:send():179] send: summary
2021-09-19 12:01:33,977 INFO    SenderThread:1696408 [sender.py:_save_file():841] saving file wandb-summary.json with policy end
2021-09-19 12:01:33,978 DEBUG   SenderThread:1696408 [sender.py:send_request():193] send_request: defer
2021-09-19 12:01:33,978 INFO    SenderThread:1696408 [sender.py:send_request_defer():304] handle sender defer: 3
2021-09-19 12:01:33,978 INFO    SenderThread:1696408 [sender.py:transition_state():308] send defer: 4
2021-09-19 12:01:33,978 DEBUG   HandlerThread:1696408 [handler.py:handle_request():124] handle_request: defer
2021-09-19 12:01:33,978 INFO    HandlerThread:1696408 [handler.py:handle_request_defer():141] handle defer: 4
2021-09-19 12:01:33,978 DEBUG   SenderThread:1696408 [sender.py:send_request():193] send_request: defer
2021-09-19 12:01:33,978 INFO    SenderThread:1696408 [sender.py:send_request_defer():304] handle sender defer: 4
2021-09-19 12:01:33,998 DEBUG   HandlerThread:1696408 [handler.py:handle_request():124] handle_request: poll_exit
2021-09-19 12:01:34,053 INFO    SenderThread:1696408 [sender.py:transition_state():308] send defer: 5
2021-09-19 12:01:34,053 DEBUG   SenderThread:1696408 [sender.py:send_request():193] send_request: poll_exit
2021-09-19 12:01:34,053 DEBUG   HandlerThread:1696408 [handler.py:handle_request():124] handle_request: defer
2021-09-19 12:01:34,053 INFO    HandlerThread:1696408 [handler.py:handle_request_defer():141] handle defer: 5
2021-09-19 12:01:34,053 DEBUG   SenderThread:1696408 [sender.py:send_request():193] send_request: defer
2021-09-19 12:01:34,053 INFO    SenderThread:1696408 [sender.py:send_request_defer():304] handle sender defer: 5
2021-09-19 12:01:34,053 INFO    SenderThread:1696408 [dir_watcher.py:finish():282] shutting down directory watcher
2021-09-19 12:01:34,154 DEBUG   HandlerThread:1696408 [handler.py:handle_request():124] handle_request: poll_exit
2021-09-19 12:01:34,769 INFO    SenderThread:1696408 [dir_watcher.py:_on_file_modified():229] file/dir modified: /grid/koo/home/toneyan/profile/QuantPred/wandb/run-20210919_120100-irjc2pz7/files/config.yaml
2021-09-19 12:01:34,769 INFO    SenderThread:1696408 [dir_watcher.py:_on_file_modified():229] file/dir modified: /grid/koo/home/toneyan/profile/QuantPred/wandb/run-20210919_120100-irjc2pz7/files/wandb-summary.json
2021-09-19 12:01:34,769 INFO    SenderThread:1696408 [dir_watcher.py:finish():312] scan: /grid/koo/home/toneyan/profile/QuantPred/wandb/run-20210919_120100-irjc2pz7/files
2021-09-19 12:01:34,769 INFO    SenderThread:1696408 [dir_watcher.py:finish():318] scan save: /grid/koo/home/toneyan/profile/QuantPred/wandb/run-20210919_120100-irjc2pz7/files/wandb-metadata.json wandb-metadata.json
2021-09-19 12:01:34,769 INFO    SenderThread:1696408 [dir_watcher.py:finish():318] scan save: /grid/koo/home/toneyan/profile/QuantPred/wandb/run-20210919_120100-irjc2pz7/files/config.yaml config.yaml
2021-09-19 12:01:34,770 INFO    SenderThread:1696408 [dir_watcher.py:finish():318] scan save: /grid/koo/home/toneyan/profile/QuantPred/wandb/run-20210919_120100-irjc2pz7/files/requirements.txt requirements.txt
2021-09-19 12:01:34,770 INFO    SenderThread:1696408 [dir_watcher.py:finish():318] scan save: /grid/koo/home/toneyan/profile/QuantPred/wandb/run-20210919_120100-irjc2pz7/files/wandb-summary.json wandb-summary.json
2021-09-19 12:01:34,773 INFO    SenderThread:1696408 [dir_watcher.py:finish():318] scan save: /grid/koo/home/toneyan/profile/QuantPred/wandb/run-20210919_120100-irjc2pz7/files/output.log output.log
2021-09-19 12:01:34,776 INFO    SenderThread:1696408 [sender.py:transition_state():308] send defer: 6
2021-09-19 12:01:34,776 DEBUG   SenderThread:1696408 [sender.py:send_request():193] send_request: poll_exit
2021-09-19 12:01:34,781 DEBUG   HandlerThread:1696408 [handler.py:handle_request():124] handle_request: defer
2021-09-19 12:01:34,781 INFO    HandlerThread:1696408 [handler.py:handle_request_defer():141] handle defer: 6
2021-09-19 12:01:34,781 DEBUG   SenderThread:1696408 [sender.py:send_request():193] send_request: defer
2021-09-19 12:01:34,781 INFO    SenderThread:1696408 [sender.py:send_request_defer():304] handle sender defer: 6
2021-09-19 12:01:34,781 INFO    SenderThread:1696408 [file_pusher.py:finish():177] shutting down file pusher
2021-09-19 12:01:34,882 DEBUG   HandlerThread:1696408 [handler.py:handle_request():124] handle_request: poll_exit
2021-09-19 12:01:34,883 DEBUG   SenderThread:1696408 [sender.py:send_request():193] send_request: poll_exit
2021-09-19 12:01:34,984 DEBUG   HandlerThread:1696408 [handler.py:handle_request():124] handle_request: poll_exit
2021-09-19 12:01:34,984 DEBUG   SenderThread:1696408 [sender.py:send_request():193] send_request: poll_exit
2021-09-19 12:01:35,068 INFO    Thread-14 :1696408 [upload_job.py:push():137] Uploaded file /grid/koo/home/toneyan/profile/QuantPred/wandb/run-20210919_120100-irjc2pz7/files/wandb-summary.json
2021-09-19 12:01:35,081 INFO    Thread-13 :1696408 [upload_job.py:push():137] Uploaded file /grid/koo/home/toneyan/profile/QuantPred/wandb/run-20210919_120100-irjc2pz7/files/requirements.txt
2021-09-19 12:01:35,086 DEBUG   HandlerThread:1696408 [handler.py:handle_request():124] handle_request: poll_exit
2021-09-19 12:01:35,086 DEBUG   SenderThread:1696408 [sender.py:send_request():193] send_request: poll_exit
2021-09-19 12:01:35,180 INFO    Thread-12 :1696408 [upload_job.py:push():137] Uploaded file /grid/koo/home/toneyan/profile/QuantPred/wandb/run-20210919_120100-irjc2pz7/files/config.yaml
2021-09-19 12:01:35,187 DEBUG   HandlerThread:1696408 [handler.py:handle_request():124] handle_request: poll_exit
2021-09-19 12:01:35,188 DEBUG   SenderThread:1696408 [sender.py:send_request():193] send_request: poll_exit
2021-09-19 12:01:35,289 DEBUG   HandlerThread:1696408 [handler.py:handle_request():124] handle_request: poll_exit
2021-09-19 12:01:35,289 DEBUG   SenderThread:1696408 [sender.py:send_request():193] send_request: poll_exit
2021-09-19 12:01:35,380 INFO    Thread-7  :1696408 [sender.py:transition_state():308] send defer: 7
2021-09-19 12:01:35,380 DEBUG   HandlerThread:1696408 [handler.py:handle_request():124] handle_request: defer
2021-09-19 12:01:35,381 INFO    HandlerThread:1696408 [handler.py:handle_request_defer():141] handle defer: 7
2021-09-19 12:01:35,381 DEBUG   SenderThread:1696408 [sender.py:send_request():193] send_request: defer
2021-09-19 12:01:35,381 INFO    SenderThread:1696408 [sender.py:send_request_defer():304] handle sender defer: 7
2021-09-19 12:01:35,391 DEBUG   HandlerThread:1696408 [handler.py:handle_request():124] handle_request: poll_exit
2021-09-19 12:01:35,491 INFO    SenderThread:1696408 [sender.py:transition_state():308] send defer: 8
2021-09-19 12:01:35,491 DEBUG   SenderThread:1696408 [sender.py:send_request():193] send_request: poll_exit
2021-09-19 12:01:35,492 DEBUG   HandlerThread:1696408 [handler.py:handle_request():124] handle_request: defer
2021-09-19 12:01:35,492 INFO    HandlerThread:1696408 [handler.py:handle_request_defer():141] handle defer: 8
2021-09-19 12:01:35,492 DEBUG   SenderThread:1696408 [sender.py:send_request():193] send_request: defer
2021-09-19 12:01:35,492 INFO    SenderThread:1696408 [sender.py:send_request_defer():304] handle sender defer: 8
2021-09-19 12:01:35,492 INFO    SenderThread:1696408 [sender.py:transition_state():308] send defer: 9
2021-09-19 12:01:35,492 DEBUG   SenderThread:1696408 [sender.py:send():179] send: final
2021-09-19 12:01:35,493 DEBUG   HandlerThread:1696408 [handler.py:handle_request():124] handle_request: defer
2021-09-19 12:01:35,493 DEBUG   SenderThread:1696408 [sender.py:send():179] send: footer
2021-09-19 12:01:35,493 INFO    HandlerThread:1696408 [handler.py:handle_request_defer():141] handle defer: 9
2021-09-19 12:01:35,493 DEBUG   SenderThread:1696408 [sender.py:send_request():193] send_request: defer
2021-09-19 12:01:35,493 INFO    SenderThread:1696408 [sender.py:send_request_defer():304] handle sender defer: 9
2021-09-19 12:01:35,593 DEBUG   HandlerThread:1696408 [handler.py:handle_request():124] handle_request: poll_exit
2021-09-19 12:01:35,593 DEBUG   SenderThread:1696408 [sender.py:send_request():193] send_request: poll_exit
2021-09-19 12:01:35,594 INFO    SenderThread:1696408 [file_pusher.py:join():182] waiting for file pusher
2021-09-19 12:01:35,595 DEBUG   HandlerThread:1696408 [handler.py:handle_request():124] handle_request: get_summary
2021-09-19 12:01:35,595 DEBUG   HandlerThread:1696408 [handler.py:handle_request():124] handle_request: sampled_history
2021-09-19 12:01:35,596 DEBUG   HandlerThread:1696408 [handler.py:handle_request():124] handle_request: shutdown
2021-09-19 12:01:35,596 INFO    HandlerThread:1696408 [handler.py:finish():638] shutting down handler
2021-09-19 12:01:36,493 INFO    WriterThread:1696408 [datastore.py:close():288] close: /grid/koo/home/toneyan/profile/QuantPred/wandb/run-20210919_120100-irjc2pz7/run-irjc2pz7.wandb
2021-09-19 12:01:36,594 INFO    SenderThread:1696408 [sender.py:finish():945] shutting down sender
2021-09-19 12:01:36,594 INFO    SenderThread:1696408 [file_pusher.py:finish():177] shutting down file pusher
2021-09-19 12:01:36,594 INFO    SenderThread:1696408 [file_pusher.py:join():182] waiting for file pusher
2021-09-19 12:01:36,596 INFO    MainThread:1696408 [internal.py:handle_exit():78] Internal process exited
