2021-09-18 20:34:39,752 INFO    MainThread:372424 [internal.py:wandb_internal():91] W&B internal server running at pid: 372424, started at: 2021-09-18 20:34:39.751498
2021-09-18 20:34:39,754 DEBUG   HandlerThread:372424 [handler.py:handle_request():124] handle_request: check_version
2021-09-18 20:34:39,754 INFO    WriterThread:372424 [datastore.py:open_for_write():80] open: /grid/koo/home/toneyan/profile/QuantPred/wandb/run-20210918_203439-vnf2h43m/run-vnf2h43m.wandb
2021-09-18 20:34:39,755 DEBUG   SenderThread:372424 [sender.py:send():179] send: header
2021-09-18 20:34:39,755 DEBUG   SenderThread:372424 [sender.py:send_request():193] send_request: check_version
2021-09-18 20:34:39,784 DEBUG   SenderThread:372424 [sender.py:send():179] send: run
2021-09-18 20:34:39,871 INFO    SenderThread:372424 [dir_watcher.py:__init__():168] watching files in: /grid/koo/home/toneyan/profile/QuantPred/wandb/run-20210918_203439-vnf2h43m/files
2021-09-18 20:34:39,871 INFO    SenderThread:372424 [sender.py:_start_run_threads():719] run started: vnf2h43m with start time 1632011679
2021-09-18 20:34:39,871 DEBUG   SenderThread:372424 [sender.py:send():179] send: summary
2021-09-18 20:34:39,872 INFO    SenderThread:372424 [sender.py:_save_file():841] saving file wandb-summary.json with policy end
2021-09-18 20:34:39,872 DEBUG   HandlerThread:372424 [handler.py:handle_request():124] handle_request: run_start
2021-09-18 20:34:40,872 INFO    Thread-8  :372424 [dir_watcher.py:_on_file_created():216] file/dir created: /grid/koo/home/toneyan/profile/QuantPred/wandb/run-20210918_203439-vnf2h43m/files/wandb-summary.json
2021-09-18 20:34:40,957 DEBUG   HandlerThread:372424 [meta.py:__init__():39] meta init
2021-09-18 20:34:40,957 DEBUG   HandlerThread:372424 [meta.py:__init__():53] meta init done
2021-09-18 20:34:40,958 DEBUG   HandlerThread:372424 [meta.py:probe():210] probe
2021-09-18 20:34:40,963 DEBUG   HandlerThread:372424 [meta.py:_save_pip():57] save pip
2021-09-18 20:34:40,964 DEBUG   HandlerThread:372424 [meta.py:_save_pip():71] save pip done
2021-09-18 20:34:40,964 DEBUG   HandlerThread:372424 [meta.py:probe():252] probe done
2021-09-18 20:34:40,966 DEBUG   SenderThread:372424 [sender.py:send():179] send: files
2021-09-18 20:34:40,967 INFO    SenderThread:372424 [sender.py:_save_file():841] saving file wandb-metadata.json with policy now
2021-09-18 20:34:40,973 DEBUG   HandlerThread:372424 [handler.py:handle_request():124] handle_request: stop_status
2021-09-18 20:34:40,974 DEBUG   SenderThread:372424 [sender.py:send_request():193] send_request: stop_status
2021-09-18 20:34:41,026 ERROR   Thread-11 :372424 [internal_api.py:execute():130] 429 response executing GraphQL.
2021-09-18 20:34:41,026 ERROR   Thread-11 :372424 [internal_api.py:execute():131] {"error":"rate limit exceeded"}

2021-09-18 20:34:41,029 ERROR   SenderThread:372424 [internal_api.py:execute():130] 429 response executing GraphQL.
2021-09-18 20:34:41,029 ERROR   SenderThread:372424 [internal_api.py:execute():131] {"error":"rate limit exceeded"}

2021-09-18 20:34:41,874 INFO    Thread-8  :372424 [dir_watcher.py:_on_file_created():216] file/dir created: /grid/koo/home/toneyan/profile/QuantPred/wandb/run-20210918_203439-vnf2h43m/files/requirements.txt
2021-09-18 20:34:41,874 INFO    Thread-8  :372424 [dir_watcher.py:_on_file_created():216] file/dir created: /grid/koo/home/toneyan/profile/QuantPred/wandb/run-20210918_203439-vnf2h43m/files/wandb-metadata.json
2021-09-18 20:34:41,874 INFO    Thread-8  :372424 [dir_watcher.py:_on_file_created():216] file/dir created: /grid/koo/home/toneyan/profile/QuantPred/wandb/run-20210918_203439-vnf2h43m/files/output.log
2021-09-18 20:34:42,084 ERROR   Thread-11 :372424 [internal_api.py:execute():130] 429 response executing GraphQL.
2021-09-18 20:34:42,084 ERROR   Thread-11 :372424 [internal_api.py:execute():131] {"error":"rate limit exceeded"}

2021-09-18 20:34:42,238 ERROR   SenderThread:372424 [internal_api.py:execute():130] 429 response executing GraphQL.
2021-09-18 20:34:42,239 ERROR   SenderThread:372424 [internal_api.py:execute():131] {"error":"rate limit exceeded"}

2021-09-18 20:34:42,239 ERROR   SenderThread:372424 [retry.py:__call__():126] Retry attempt failed:
Traceback (most recent call last):
  File "/usr/local/lib/python3.6/dist-packages/wandb/sdk/lib/retry.py", line 102, in __call__
    result = self._call_fn(*args, **kwargs)
  File "/usr/local/lib/python3.6/dist-packages/wandb/sdk/internal/internal_api.py", line 133, in execute
    six.reraise(*sys.exc_info())
  File "/usr/local/lib/python3.6/dist-packages/six.py", line 719, in reraise
    raise value
  File "/usr/local/lib/python3.6/dist-packages/wandb/sdk/internal/internal_api.py", line 127, in execute
    return self.client.execute(*args, **kwargs)
  File "/usr/local/lib/python3.6/dist-packages/wandb/vendor/gql-0.2.0/gql/client.py", line 52, in execute
    result = self._get_result(document, *args, **kwargs)
  File "/usr/local/lib/python3.6/dist-packages/wandb/vendor/gql-0.2.0/gql/client.py", line 60, in _get_result
    return self.transport.execute(document, *args, **kwargs)
  File "/usr/local/lib/python3.6/dist-packages/wandb/vendor/gql-0.2.0/gql/transport/requests.py", line 39, in execute
    request.raise_for_status()
  File "/usr/local/lib/python3.6/dist-packages/requests/models.py", line 943, in raise_for_status
    raise HTTPError(http_error_msg, response=self)
requests.exceptions.HTTPError: 429 Client Error: Too Many Requests for url: https://api.wandb.ai/graphql
2021-09-18 20:34:44,597 ERROR   Thread-11 :372424 [internal_api.py:execute():130] 429 response executing GraphQL.
2021-09-18 20:34:44,598 ERROR   Thread-11 :372424 [internal_api.py:execute():131] {"error":"rate limit exceeded"}

2021-09-18 20:34:44,735 ERROR   SenderThread:372424 [internal_api.py:execute():130] 429 response executing GraphQL.
2021-09-18 20:34:44,736 ERROR   SenderThread:372424 [internal_api.py:execute():131] {"error":"rate limit exceeded"}

2021-09-18 20:34:49,666 INFO    Thread-11 :372424 [upload_job.py:push():137] Uploaded file /tmp/3288855.1.gpu_ded.q/tmpczio62y2wandb/2xancx8o-wandb-metadata.json
2021-09-18 20:35:04,717 DEBUG   HandlerThread:372424 [handler.py:handle_request():124] handle_request: stop_status
2021-09-18 20:35:04,718 DEBUG   SenderThread:372424 [sender.py:send_request():193] send_request: stop_status
2021-09-18 20:35:09,336 DEBUG   SenderThread:372424 [sender.py:send():179] send: stats
2021-09-18 20:35:19,761 DEBUG   SenderThread:372424 [sender.py:send():179] send: telemetry
2021-09-18 20:35:19,761 DEBUG   HandlerThread:372424 [handler.py:handle_request():124] handle_request: poll_exit
2021-09-18 20:35:19,761 DEBUG   SenderThread:372424 [sender.py:send():179] send: exit
2021-09-18 20:35:19,761 INFO    SenderThread:372424 [sender.py:send_exit():287] handling exit code: 1
2021-09-18 20:35:19,761 INFO    SenderThread:372424 [sender.py:send_exit():295] send defer
2021-09-18 20:35:19,761 DEBUG   SenderThread:372424 [sender.py:send_request():193] send_request: poll_exit
2021-09-18 20:35:19,762 DEBUG   HandlerThread:372424 [handler.py:handle_request():124] handle_request: defer
2021-09-18 20:35:19,762 INFO    HandlerThread:372424 [handler.py:handle_request_defer():141] handle defer: 0
2021-09-18 20:35:19,762 DEBUG   SenderThread:372424 [sender.py:send_request():193] send_request: defer
2021-09-18 20:35:19,762 INFO    SenderThread:372424 [sender.py:send_request_defer():304] handle sender defer: 0
2021-09-18 20:35:19,762 INFO    SenderThread:372424 [sender.py:transition_state():308] send defer: 1
2021-09-18 20:35:19,762 DEBUG   HandlerThread:372424 [handler.py:handle_request():124] handle_request: defer
2021-09-18 20:35:19,762 INFO    HandlerThread:372424 [handler.py:handle_request_defer():141] handle defer: 1
2021-09-18 20:35:19,873 DEBUG   HandlerThread:372424 [handler.py:handle_request():124] handle_request: poll_exit
2021-09-18 20:35:19,873 DEBUG   SenderThread:372424 [sender.py:send_request():193] send_request: defer
2021-09-18 20:35:19,873 INFO    SenderThread:372424 [sender.py:send_request_defer():304] handle sender defer: 1
2021-09-18 20:35:19,873 INFO    SenderThread:372424 [sender.py:transition_state():308] send defer: 2
2021-09-18 20:35:19,874 DEBUG   SenderThread:372424 [sender.py:send_request():193] send_request: poll_exit
2021-09-18 20:35:19,874 DEBUG   SenderThread:372424 [sender.py:send():179] send: stats
2021-09-18 20:35:19,874 DEBUG   HandlerThread:372424 [handler.py:handle_request():124] handle_request: defer
2021-09-18 20:35:19,876 INFO    HandlerThread:372424 [handler.py:handle_request_defer():141] handle defer: 2
2021-09-18 20:35:19,876 DEBUG   SenderThread:372424 [sender.py:send_request():193] send_request: defer
2021-09-18 20:35:19,876 INFO    SenderThread:372424 [sender.py:send_request_defer():304] handle sender defer: 2
2021-09-18 20:35:19,876 INFO    SenderThread:372424 [sender.py:transition_state():308] send defer: 3
2021-09-18 20:35:19,877 DEBUG   HandlerThread:372424 [handler.py:handle_request():124] handle_request: defer
2021-09-18 20:35:19,877 INFO    HandlerThread:372424 [handler.py:handle_request_defer():141] handle defer: 3
2021-09-18 20:35:19,877 DEBUG   SenderThread:372424 [sender.py:send():179] send: summary
2021-09-18 20:35:19,877 INFO    SenderThread:372424 [sender.py:_save_file():841] saving file wandb-summary.json with policy end
2021-09-18 20:35:19,877 DEBUG   SenderThread:372424 [sender.py:send_request():193] send_request: defer
2021-09-18 20:35:19,877 INFO    SenderThread:372424 [sender.py:send_request_defer():304] handle sender defer: 3
2021-09-18 20:35:19,877 INFO    SenderThread:372424 [sender.py:transition_state():308] send defer: 4
2021-09-18 20:35:19,878 DEBUG   HandlerThread:372424 [handler.py:handle_request():124] handle_request: defer
2021-09-18 20:35:19,878 INFO    HandlerThread:372424 [handler.py:handle_request_defer():141] handle defer: 4
2021-09-18 20:35:19,878 DEBUG   SenderThread:372424 [sender.py:send_request():193] send_request: defer
2021-09-18 20:35:19,878 INFO    SenderThread:372424 [sender.py:send_request_defer():304] handle sender defer: 4
2021-09-18 20:35:19,887 INFO    Thread-8  :372424 [dir_watcher.py:_on_file_modified():229] file/dir modified: /grid/koo/home/toneyan/profile/QuantPred/wandb/run-20210918_203439-vnf2h43m/files/wandb-summary.json
2021-09-18 20:35:19,952 INFO    SenderThread:372424 [sender.py:transition_state():308] send defer: 5
2021-09-18 20:35:19,953 DEBUG   HandlerThread:372424 [handler.py:handle_request():124] handle_request: defer
2021-09-18 20:35:19,953 INFO    HandlerThread:372424 [handler.py:handle_request_defer():141] handle defer: 5
2021-09-18 20:35:19,953 DEBUG   SenderThread:372424 [sender.py:send_request():193] send_request: defer
2021-09-18 20:35:19,953 INFO    SenderThread:372424 [sender.py:send_request_defer():304] handle sender defer: 5
2021-09-18 20:35:19,953 INFO    SenderThread:372424 [dir_watcher.py:finish():282] shutting down directory watcher
2021-09-18 20:35:19,975 DEBUG   HandlerThread:372424 [handler.py:handle_request():124] handle_request: poll_exit
2021-09-18 20:35:20,887 INFO    SenderThread:372424 [dir_watcher.py:_on_file_modified():229] file/dir modified: /grid/koo/home/toneyan/profile/QuantPred/wandb/run-20210918_203439-vnf2h43m/files/config.yaml
2021-09-18 20:35:20,888 INFO    SenderThread:372424 [dir_watcher.py:finish():312] scan: /grid/koo/home/toneyan/profile/QuantPred/wandb/run-20210918_203439-vnf2h43m/files
2021-09-18 20:35:20,888 INFO    SenderThread:372424 [dir_watcher.py:finish():318] scan save: /grid/koo/home/toneyan/profile/QuantPred/wandb/run-20210918_203439-vnf2h43m/files/wandb-metadata.json wandb-metadata.json
2021-09-18 20:35:20,888 INFO    SenderThread:372424 [dir_watcher.py:finish():318] scan save: /grid/koo/home/toneyan/profile/QuantPred/wandb/run-20210918_203439-vnf2h43m/files/config.yaml config.yaml
2021-09-18 20:35:20,888 INFO    SenderThread:372424 [dir_watcher.py:finish():318] scan save: /grid/koo/home/toneyan/profile/QuantPred/wandb/run-20210918_203439-vnf2h43m/files/requirements.txt requirements.txt
2021-09-18 20:35:20,888 INFO    SenderThread:372424 [dir_watcher.py:finish():318] scan save: /grid/koo/home/toneyan/profile/QuantPred/wandb/run-20210918_203439-vnf2h43m/files/wandb-summary.json wandb-summary.json
2021-09-18 20:35:20,894 INFO    SenderThread:372424 [dir_watcher.py:finish():318] scan save: /grid/koo/home/toneyan/profile/QuantPred/wandb/run-20210918_203439-vnf2h43m/files/output.log output.log
2021-09-18 20:35:20,895 INFO    SenderThread:372424 [sender.py:transition_state():308] send defer: 6
2021-09-18 20:35:20,895 DEBUG   SenderThread:372424 [sender.py:send_request():193] send_request: poll_exit
2021-09-18 20:35:20,900 DEBUG   HandlerThread:372424 [handler.py:handle_request():124] handle_request: defer
2021-09-18 20:35:20,900 INFO    HandlerThread:372424 [handler.py:handle_request_defer():141] handle defer: 6
2021-09-18 20:35:20,900 DEBUG   SenderThread:372424 [sender.py:send_request():193] send_request: defer
2021-09-18 20:35:20,900 INFO    SenderThread:372424 [sender.py:send_request_defer():304] handle sender defer: 6
2021-09-18 20:35:20,901 INFO    SenderThread:372424 [file_pusher.py:finish():177] shutting down file pusher
2021-09-18 20:35:21,001 DEBUG   HandlerThread:372424 [handler.py:handle_request():124] handle_request: poll_exit
2021-09-18 20:35:21,001 DEBUG   SenderThread:372424 [sender.py:send_request():193] send_request: poll_exit
2021-09-18 20:35:21,103 DEBUG   HandlerThread:372424 [handler.py:handle_request():124] handle_request: poll_exit
2021-09-18 20:35:21,103 DEBUG   SenderThread:372424 [sender.py:send_request():193] send_request: poll_exit
2021-09-18 20:35:21,184 INFO    Thread-12 :372424 [upload_job.py:push():137] Uploaded file /grid/koo/home/toneyan/profile/QuantPred/wandb/run-20210918_203439-vnf2h43m/files/config.yaml
2021-09-18 20:35:21,205 DEBUG   HandlerThread:372424 [handler.py:handle_request():124] handle_request: poll_exit
2021-09-18 20:35:21,205 DEBUG   SenderThread:372424 [sender.py:send_request():193] send_request: poll_exit
2021-09-18 20:35:21,234 INFO    Thread-13 :372424 [upload_job.py:push():137] Uploaded file /grid/koo/home/toneyan/profile/QuantPred/wandb/run-20210918_203439-vnf2h43m/files/requirements.txt
2021-09-18 20:35:21,276 INFO    Thread-14 :372424 [upload_job.py:push():137] Uploaded file /grid/koo/home/toneyan/profile/QuantPred/wandb/run-20210918_203439-vnf2h43m/files/wandb-summary.json
2021-09-18 20:35:21,307 DEBUG   HandlerThread:372424 [handler.py:handle_request():124] handle_request: poll_exit
2021-09-18 20:35:21,307 DEBUG   SenderThread:372424 [sender.py:send_request():193] send_request: poll_exit
2021-09-18 20:35:21,409 DEBUG   HandlerThread:372424 [handler.py:handle_request():124] handle_request: poll_exit
2021-09-18 20:35:21,409 DEBUG   SenderThread:372424 [sender.py:send_request():193] send_request: poll_exit
2021-09-18 20:35:21,477 INFO    Thread-7  :372424 [sender.py:transition_state():308] send defer: 7
2021-09-18 20:35:21,477 DEBUG   HandlerThread:372424 [handler.py:handle_request():124] handle_request: defer
2021-09-18 20:35:21,477 INFO    HandlerThread:372424 [handler.py:handle_request_defer():141] handle defer: 7
2021-09-18 20:35:21,478 DEBUG   SenderThread:372424 [sender.py:send_request():193] send_request: defer
2021-09-18 20:35:21,478 INFO    SenderThread:372424 [sender.py:send_request_defer():304] handle sender defer: 7
2021-09-18 20:35:21,511 DEBUG   HandlerThread:372424 [handler.py:handle_request():124] handle_request: poll_exit
2021-09-18 20:35:21,577 INFO    SenderThread:372424 [sender.py:transition_state():308] send defer: 8
2021-09-18 20:35:21,577 DEBUG   SenderThread:372424 [sender.py:send_request():193] send_request: poll_exit
2021-09-18 20:35:21,578 DEBUG   HandlerThread:372424 [handler.py:handle_request():124] handle_request: defer
2021-09-18 20:35:21,578 INFO    HandlerThread:372424 [handler.py:handle_request_defer():141] handle defer: 8
2021-09-18 20:35:21,578 DEBUG   SenderThread:372424 [sender.py:send_request():193] send_request: defer
2021-09-18 20:35:21,578 INFO    SenderThread:372424 [sender.py:send_request_defer():304] handle sender defer: 8
2021-09-18 20:35:21,578 INFO    SenderThread:372424 [sender.py:transition_state():308] send defer: 9
2021-09-18 20:35:21,579 DEBUG   SenderThread:372424 [sender.py:send():179] send: final
2021-09-18 20:35:21,579 DEBUG   HandlerThread:372424 [handler.py:handle_request():124] handle_request: defer
2021-09-18 20:35:21,579 DEBUG   SenderThread:372424 [sender.py:send():179] send: footer
2021-09-18 20:35:21,579 INFO    HandlerThread:372424 [handler.py:handle_request_defer():141] handle defer: 9
2021-09-18 20:35:21,579 DEBUG   SenderThread:372424 [sender.py:send_request():193] send_request: defer
2021-09-18 20:35:21,579 INFO    SenderThread:372424 [sender.py:send_request_defer():304] handle sender defer: 9
2021-09-18 20:35:21,679 DEBUG   HandlerThread:372424 [handler.py:handle_request():124] handle_request: poll_exit
2021-09-18 20:35:21,680 DEBUG   SenderThread:372424 [sender.py:send_request():193] send_request: poll_exit
2021-09-18 20:35:21,680 INFO    SenderThread:372424 [file_pusher.py:join():182] waiting for file pusher
2021-09-18 20:35:21,681 DEBUG   HandlerThread:372424 [handler.py:handle_request():124] handle_request: get_summary
2021-09-18 20:35:21,681 DEBUG   HandlerThread:372424 [handler.py:handle_request():124] handle_request: sampled_history
2021-09-18 20:35:21,682 DEBUG   HandlerThread:372424 [handler.py:handle_request():124] handle_request: shutdown
2021-09-18 20:35:21,682 INFO    HandlerThread:372424 [handler.py:finish():638] shutting down handler
2021-09-18 20:35:22,579 INFO    WriterThread:372424 [datastore.py:close():288] close: /grid/koo/home/toneyan/profile/QuantPred/wandb/run-20210918_203439-vnf2h43m/run-vnf2h43m.wandb
2021-09-18 20:35:22,680 INFO    SenderThread:372424 [sender.py:finish():945] shutting down sender
2021-09-18 20:35:22,680 INFO    SenderThread:372424 [file_pusher.py:finish():177] shutting down file pusher
2021-09-18 20:35:22,680 INFO    SenderThread:372424 [file_pusher.py:join():182] waiting for file pusher
2021-09-18 20:35:22,683 INFO    MainThread:372424 [internal.py:handle_exit():78] Internal process exited
