2021-09-14 10:42:21,422 INFO    MainThread:2163848 [internal.py:wandb_internal():91] W&B internal server running at pid: 2163848, started at: 2021-09-14 10:42:21.422227
2021-09-14 10:42:21,424 DEBUG   HandlerThread:2163848 [handler.py:handle_request():124] handle_request: check_version
2021-09-14 10:42:21,424 INFO    WriterThread:2163848 [datastore.py:open_for_write():80] open: /grid/koo/home/toneyan/profile/QuantPred/wandb/run-20210914_104220-tis8xbn0/run-tis8xbn0.wandb
2021-09-14 10:42:21,425 DEBUG   SenderThread:2163848 [sender.py:send():179] send: header
2021-09-14 10:42:21,426 DEBUG   SenderThread:2163848 [sender.py:send_request():193] send_request: check_version
2021-09-14 10:42:21,464 DEBUG   SenderThread:2163848 [sender.py:send():179] send: run
2021-09-14 10:42:21,553 INFO    SenderThread:2163848 [dir_watcher.py:__init__():168] watching files in: /grid/koo/home/toneyan/profile/QuantPred/wandb/run-20210914_104220-tis8xbn0/files
2021-09-14 10:42:21,553 INFO    SenderThread:2163848 [sender.py:_start_run_threads():719] run started: tis8xbn0 with start time 1631630540
2021-09-14 10:42:21,553 DEBUG   SenderThread:2163848 [sender.py:send():179] send: summary
2021-09-14 10:42:21,554 INFO    SenderThread:2163848 [sender.py:_save_file():841] saving file wandb-summary.json with policy end
2021-09-14 10:42:21,555 DEBUG   HandlerThread:2163848 [handler.py:handle_request():124] handle_request: run_start
2021-09-14 10:42:22,560 INFO    Thread-8  :2163848 [dir_watcher.py:_on_file_created():216] file/dir created: /grid/koo/home/toneyan/profile/QuantPred/wandb/run-20210914_104220-tis8xbn0/files/wandb-summary.json
2021-09-14 10:42:22,802 DEBUG   HandlerThread:2163848 [meta.py:__init__():39] meta init
2021-09-14 10:42:22,802 DEBUG   HandlerThread:2163848 [meta.py:__init__():53] meta init done
2021-09-14 10:42:22,802 DEBUG   HandlerThread:2163848 [meta.py:probe():210] probe
2021-09-14 10:42:22,808 DEBUG   HandlerThread:2163848 [meta.py:_save_pip():57] save pip
2021-09-14 10:42:22,809 DEBUG   HandlerThread:2163848 [meta.py:_save_pip():71] save pip done
2021-09-14 10:42:22,809 DEBUG   HandlerThread:2163848 [meta.py:probe():252] probe done
2021-09-14 10:42:22,811 DEBUG   SenderThread:2163848 [sender.py:send():179] send: files
2021-09-14 10:42:22,811 INFO    SenderThread:2163848 [sender.py:_save_file():841] saving file wandb-metadata.json with policy now
2021-09-14 10:42:22,839 DEBUG   HandlerThread:2163848 [handler.py:handle_request():124] handle_request: stop_status
2021-09-14 10:42:22,839 DEBUG   SenderThread:2163848 [sender.py:send_request():193] send_request: stop_status
2021-09-14 10:42:23,261 INFO    Thread-11 :2163848 [upload_job.py:push():137] Uploaded file /tmp/3287116.1.gpu_ded.q/tmpbhxx2mqiwandb/2h7s87nm-wandb-metadata.json
2021-09-14 10:42:23,555 INFO    Thread-8  :2163848 [dir_watcher.py:_on_file_created():216] file/dir created: /grid/koo/home/toneyan/profile/QuantPred/wandb/run-20210914_104220-tis8xbn0/files/wandb-metadata.json
2021-09-14 10:42:23,556 INFO    Thread-8  :2163848 [dir_watcher.py:_on_file_created():216] file/dir created: /grid/koo/home/toneyan/profile/QuantPred/wandb/run-20210914_104220-tis8xbn0/files/output.log
2021-09-14 10:42:23,556 INFO    Thread-8  :2163848 [dir_watcher.py:_on_file_created():216] file/dir created: /grid/koo/home/toneyan/profile/QuantPred/wandb/run-20210914_104220-tis8xbn0/files/requirements.txt
2021-09-14 10:42:37,943 DEBUG   HandlerThread:2163848 [handler.py:handle_request():124] handle_request: stop_status
2021-09-14 10:42:37,944 DEBUG   SenderThread:2163848 [sender.py:send_request():193] send_request: stop_status
2021-09-14 10:42:38,013 ERROR   SenderThread:2163848 [internal_api.py:execute():130] 429 response executing GraphQL.
2021-09-14 10:42:38,013 ERROR   SenderThread:2163848 [internal_api.py:execute():131] {"error":"rate limit exceeded"}

2021-09-14 10:42:39,278 ERROR   SenderThread:2163848 [internal_api.py:execute():130] 429 response executing GraphQL.
2021-09-14 10:42:39,278 ERROR   SenderThread:2163848 [internal_api.py:execute():131] {"error":"rate limit exceeded"}

2021-09-14 10:42:41,441 ERROR   SenderThread:2163848 [internal_api.py:execute():130] 429 response executing GraphQL.
2021-09-14 10:42:41,441 ERROR   SenderThread:2163848 [internal_api.py:execute():131] {"error":"rate limit exceeded"}

2021-09-14 10:42:41,441 ERROR   SenderThread:2163848 [retry.py:__call__():126] Retry attempt failed:
Traceback (most recent call last):
  File "/usr/local/lib/python3.6/dist-packages/wandb/sdk/lib/retry.py", line 102, in __call__
    result = self._call_fn(*args, **kwargs)
  File "/usr/local/lib/python3.6/dist-packages/wandb/sdk/internal/internal_api.py", line 133, in execute
    six.reraise(*sys.exc_info())
  File "/usr/local/lib/python3.6/dist-packages/six.py", line 719, in reraise
    raise value
  File "/usr/local/lib/python3.6/dist-packages/wandb/sdk/internal/internal_api.py", line 127, in execute
    return self.client.execute(*args, **kwargs)
  File "/usr/local/lib/python3.6/dist-packages/wandb/vendor/gql-0.2.0/gql/client.py", line 52, in execute
    result = self._get_result(document, *args, **kwargs)
  File "/usr/local/lib/python3.6/dist-packages/wandb/vendor/gql-0.2.0/gql/client.py", line 60, in _get_result
    return self.transport.execute(document, *args, **kwargs)
  File "/usr/local/lib/python3.6/dist-packages/wandb/vendor/gql-0.2.0/gql/transport/requests.py", line 39, in execute
    request.raise_for_status()
  File "/usr/local/lib/python3.6/dist-packages/requests/models.py", line 943, in raise_for_status
    raise HTTPError(http_error_msg, response=self)
requests.exceptions.HTTPError: 429 Client Error: Too Many Requests for url: https://api.wandb.ai/graphql
2021-09-14 10:42:51,181 DEBUG   SenderThread:2163848 [sender.py:send():179] send: stats
2021-09-14 10:42:56,388 DEBUG   HandlerThread:2163848 [handler.py:handle_request():124] handle_request: poll_exit
2021-09-14 10:42:56,388 DEBUG   SenderThread:2163848 [sender.py:send():179] send: telemetry
2021-09-14 10:42:56,388 DEBUG   SenderThread:2163848 [sender.py:send():179] send: exit
2021-09-14 10:42:56,388 INFO    SenderThread:2163848 [sender.py:send_exit():287] handling exit code: 1
2021-09-14 10:42:56,388 INFO    SenderThread:2163848 [sender.py:send_exit():295] send defer
2021-09-14 10:42:56,388 DEBUG   SenderThread:2163848 [sender.py:send_request():193] send_request: poll_exit
2021-09-14 10:42:56,389 DEBUG   HandlerThread:2163848 [handler.py:handle_request():124] handle_request: defer
2021-09-14 10:42:56,389 INFO    HandlerThread:2163848 [handler.py:handle_request_defer():141] handle defer: 0
2021-09-14 10:42:56,389 DEBUG   SenderThread:2163848 [sender.py:send_request():193] send_request: defer
2021-09-14 10:42:56,389 INFO    SenderThread:2163848 [sender.py:send_request_defer():304] handle sender defer: 0
2021-09-14 10:42:56,389 INFO    SenderThread:2163848 [sender.py:transition_state():308] send defer: 1
2021-09-14 10:42:56,389 DEBUG   HandlerThread:2163848 [handler.py:handle_request():124] handle_request: defer
2021-09-14 10:42:56,389 INFO    HandlerThread:2163848 [handler.py:handle_request_defer():141] handle defer: 1
2021-09-14 10:42:56,444 DEBUG   SenderThread:2163848 [sender.py:send_request():193] send_request: defer
2021-09-14 10:42:56,444 INFO    SenderThread:2163848 [sender.py:send_request_defer():304] handle sender defer: 1
2021-09-14 10:42:56,444 INFO    SenderThread:2163848 [sender.py:transition_state():308] send defer: 2
2021-09-14 10:42:56,444 DEBUG   SenderThread:2163848 [sender.py:send():179] send: stats
2021-09-14 10:42:56,444 DEBUG   HandlerThread:2163848 [handler.py:handle_request():124] handle_request: defer
2021-09-14 10:42:56,446 INFO    HandlerThread:2163848 [handler.py:handle_request_defer():141] handle defer: 2
2021-09-14 10:42:56,446 DEBUG   SenderThread:2163848 [sender.py:send_request():193] send_request: defer
2021-09-14 10:42:56,446 INFO    SenderThread:2163848 [sender.py:send_request_defer():304] handle sender defer: 2
2021-09-14 10:42:56,446 INFO    SenderThread:2163848 [sender.py:transition_state():308] send defer: 3
2021-09-14 10:42:56,447 DEBUG   HandlerThread:2163848 [handler.py:handle_request():124] handle_request: defer
2021-09-14 10:42:56,447 INFO    HandlerThread:2163848 [handler.py:handle_request_defer():141] handle defer: 3
2021-09-14 10:42:56,447 DEBUG   SenderThread:2163848 [sender.py:send():179] send: summary
2021-09-14 10:42:56,447 INFO    SenderThread:2163848 [sender.py:_save_file():841] saving file wandb-summary.json with policy end
2021-09-14 10:42:56,447 DEBUG   SenderThread:2163848 [sender.py:send_request():193] send_request: defer
2021-09-14 10:42:56,447 INFO    SenderThread:2163848 [sender.py:send_request_defer():304] handle sender defer: 3
2021-09-14 10:42:56,447 INFO    SenderThread:2163848 [sender.py:transition_state():308] send defer: 4
2021-09-14 10:42:56,447 DEBUG   HandlerThread:2163848 [handler.py:handle_request():124] handle_request: defer
2021-09-14 10:42:56,448 INFO    HandlerThread:2163848 [handler.py:handle_request_defer():141] handle defer: 4
2021-09-14 10:42:56,448 DEBUG   SenderThread:2163848 [sender.py:send_request():193] send_request: defer
2021-09-14 10:42:56,448 INFO    SenderThread:2163848 [sender.py:send_request_defer():304] handle sender defer: 4
2021-09-14 10:42:56,490 DEBUG   HandlerThread:2163848 [handler.py:handle_request():124] handle_request: poll_exit
2021-09-14 10:42:56,501 ERROR   SenderThread:2163848 [internal_api.py:execute():130] 429 response executing GraphQL.
2021-09-14 10:42:56,502 ERROR   SenderThread:2163848 [internal_api.py:execute():131] {"error":"rate limit exceeded"}

2021-09-14 10:42:56,566 INFO    Thread-8  :2163848 [dir_watcher.py:_on_file_modified():229] file/dir modified: /grid/koo/home/toneyan/profile/QuantPred/wandb/run-20210914_104220-tis8xbn0/files/wandb-summary.json
2021-09-14 10:42:57,698 ERROR   SenderThread:2163848 [internal_api.py:execute():130] 429 response executing GraphQL.
2021-09-14 10:42:57,698 ERROR   SenderThread:2163848 [internal_api.py:execute():131] {"error":"rate limit exceeded"}

2021-09-14 10:43:00,139 INFO    SenderThread:2163848 [sender.py:transition_state():308] send defer: 5
2021-09-14 10:43:00,139 DEBUG   SenderThread:2163848 [sender.py:send_request():193] send_request: poll_exit
2021-09-14 10:43:00,140 DEBUG   HandlerThread:2163848 [handler.py:handle_request():124] handle_request: defer
2021-09-14 10:43:00,140 INFO    HandlerThread:2163848 [handler.py:handle_request_defer():141] handle defer: 5
2021-09-14 10:43:00,140 DEBUG   SenderThread:2163848 [sender.py:send_request():193] send_request: defer
2021-09-14 10:43:00,140 INFO    SenderThread:2163848 [sender.py:send_request_defer():304] handle sender defer: 5
2021-09-14 10:43:00,140 INFO    SenderThread:2163848 [dir_watcher.py:finish():282] shutting down directory watcher
2021-09-14 10:43:00,245 DEBUG   HandlerThread:2163848 [handler.py:handle_request():124] handle_request: poll_exit
2021-09-14 10:43:00,567 INFO    SenderThread:2163848 [dir_watcher.py:_on_file_modified():229] file/dir modified: /grid/koo/home/toneyan/profile/QuantPred/wandb/run-20210914_104220-tis8xbn0/files/config.yaml
2021-09-14 10:43:00,567 INFO    SenderThread:2163848 [dir_watcher.py:finish():312] scan: /grid/koo/home/toneyan/profile/QuantPred/wandb/run-20210914_104220-tis8xbn0/files
2021-09-14 10:43:00,567 INFO    SenderThread:2163848 [dir_watcher.py:finish():318] scan save: /grid/koo/home/toneyan/profile/QuantPred/wandb/run-20210914_104220-tis8xbn0/files/wandb-metadata.json wandb-metadata.json
2021-09-14 10:43:00,568 INFO    SenderThread:2163848 [dir_watcher.py:finish():318] scan save: /grid/koo/home/toneyan/profile/QuantPred/wandb/run-20210914_104220-tis8xbn0/files/config.yaml config.yaml
2021-09-14 10:43:00,568 INFO    SenderThread:2163848 [dir_watcher.py:finish():318] scan save: /grid/koo/home/toneyan/profile/QuantPred/wandb/run-20210914_104220-tis8xbn0/files/requirements.txt requirements.txt
2021-09-14 10:43:00,571 INFO    SenderThread:2163848 [dir_watcher.py:finish():318] scan save: /grid/koo/home/toneyan/profile/QuantPred/wandb/run-20210914_104220-tis8xbn0/files/wandb-summary.json wandb-summary.json
2021-09-14 10:43:00,571 INFO    SenderThread:2163848 [dir_watcher.py:finish():318] scan save: /grid/koo/home/toneyan/profile/QuantPred/wandb/run-20210914_104220-tis8xbn0/files/output.log output.log
2021-09-14 10:43:00,578 INFO    SenderThread:2163848 [sender.py:transition_state():308] send defer: 6
2021-09-14 10:43:00,578 DEBUG   SenderThread:2163848 [sender.py:send_request():193] send_request: poll_exit
2021-09-14 10:43:00,579 DEBUG   HandlerThread:2163848 [handler.py:handle_request():124] handle_request: defer
2021-09-14 10:43:00,579 INFO    HandlerThread:2163848 [handler.py:handle_request_defer():141] handle defer: 6
2021-09-14 10:43:00,579 DEBUG   SenderThread:2163848 [sender.py:send_request():193] send_request: defer
2021-09-14 10:43:00,579 INFO    SenderThread:2163848 [sender.py:send_request_defer():304] handle sender defer: 6
2021-09-14 10:43:00,579 INFO    SenderThread:2163848 [file_pusher.py:finish():177] shutting down file pusher
2021-09-14 10:43:00,680 DEBUG   HandlerThread:2163848 [handler.py:handle_request():124] handle_request: poll_exit
2021-09-14 10:43:00,680 DEBUG   SenderThread:2163848 [sender.py:send_request():193] send_request: poll_exit
2021-09-14 10:43:00,782 DEBUG   HandlerThread:2163848 [handler.py:handle_request():124] handle_request: poll_exit
2021-09-14 10:43:00,782 DEBUG   SenderThread:2163848 [sender.py:send_request():193] send_request: poll_exit
2021-09-14 10:43:00,883 DEBUG   HandlerThread:2163848 [handler.py:handle_request():124] handle_request: poll_exit
2021-09-14 10:43:00,883 DEBUG   SenderThread:2163848 [sender.py:send_request():193] send_request: poll_exit
2021-09-14 10:43:00,932 INFO    Thread-14 :2163848 [upload_job.py:push():137] Uploaded file /grid/koo/home/toneyan/profile/QuantPred/wandb/run-20210914_104220-tis8xbn0/files/wandb-summary.json
2021-09-14 10:43:00,969 INFO    Thread-12 :2163848 [upload_job.py:push():137] Uploaded file /grid/koo/home/toneyan/profile/QuantPred/wandb/run-20210914_104220-tis8xbn0/files/config.yaml
2021-09-14 10:43:00,984 DEBUG   HandlerThread:2163848 [handler.py:handle_request():124] handle_request: poll_exit
2021-09-14 10:43:00,985 DEBUG   SenderThread:2163848 [sender.py:send_request():193] send_request: poll_exit
2021-09-14 10:43:01,018 INFO    Thread-13 :2163848 [upload_job.py:push():137] Uploaded file /grid/koo/home/toneyan/profile/QuantPred/wandb/run-20210914_104220-tis8xbn0/files/requirements.txt
2021-09-14 10:43:01,086 DEBUG   HandlerThread:2163848 [handler.py:handle_request():124] handle_request: poll_exit
2021-09-14 10:43:01,086 DEBUG   SenderThread:2163848 [sender.py:send_request():193] send_request: poll_exit
2021-09-14 10:43:01,188 DEBUG   HandlerThread:2163848 [handler.py:handle_request():124] handle_request: poll_exit
2021-09-14 10:43:01,188 DEBUG   SenderThread:2163848 [sender.py:send_request():193] send_request: poll_exit
2021-09-14 10:43:01,218 INFO    Thread-7  :2163848 [sender.py:transition_state():308] send defer: 7
2021-09-14 10:43:01,218 DEBUG   HandlerThread:2163848 [handler.py:handle_request():124] handle_request: defer
2021-09-14 10:43:01,219 INFO    HandlerThread:2163848 [handler.py:handle_request_defer():141] handle defer: 7
2021-09-14 10:43:01,219 DEBUG   SenderThread:2163848 [sender.py:send_request():193] send_request: defer
2021-09-14 10:43:01,219 INFO    SenderThread:2163848 [sender.py:send_request_defer():304] handle sender defer: 7
2021-09-14 10:43:01,289 DEBUG   HandlerThread:2163848 [handler.py:handle_request():124] handle_request: poll_exit
2021-09-14 10:43:01,344 INFO    SenderThread:2163848 [sender.py:transition_state():308] send defer: 8
2021-09-14 10:43:01,344 DEBUG   SenderThread:2163848 [sender.py:send_request():193] send_request: poll_exit
2021-09-14 10:43:01,345 DEBUG   HandlerThread:2163848 [handler.py:handle_request():124] handle_request: defer
2021-09-14 10:43:01,345 INFO    HandlerThread:2163848 [handler.py:handle_request_defer():141] handle defer: 8
2021-09-14 10:43:01,345 DEBUG   SenderThread:2163848 [sender.py:send_request():193] send_request: defer
2021-09-14 10:43:01,345 INFO    SenderThread:2163848 [sender.py:send_request_defer():304] handle sender defer: 8
2021-09-14 10:43:01,345 INFO    SenderThread:2163848 [sender.py:transition_state():308] send defer: 9
2021-09-14 10:43:01,345 DEBUG   SenderThread:2163848 [sender.py:send():179] send: final
2021-09-14 10:43:01,345 DEBUG   HandlerThread:2163848 [handler.py:handle_request():124] handle_request: defer
2021-09-14 10:43:01,346 DEBUG   SenderThread:2163848 [sender.py:send():179] send: footer
2021-09-14 10:43:01,346 INFO    HandlerThread:2163848 [handler.py:handle_request_defer():141] handle defer: 9
2021-09-14 10:43:01,346 DEBUG   SenderThread:2163848 [sender.py:send_request():193] send_request: defer
2021-09-14 10:43:01,346 INFO    SenderThread:2163848 [sender.py:send_request_defer():304] handle sender defer: 9
2021-09-14 10:43:01,446 DEBUG   HandlerThread:2163848 [handler.py:handle_request():124] handle_request: poll_exit
2021-09-14 10:43:01,446 DEBUG   SenderThread:2163848 [sender.py:send_request():193] send_request: poll_exit
2021-09-14 10:43:01,447 INFO    SenderThread:2163848 [file_pusher.py:join():182] waiting for file pusher
2021-09-14 10:43:01,448 DEBUG   HandlerThread:2163848 [handler.py:handle_request():124] handle_request: get_summary
2021-09-14 10:43:01,448 DEBUG   HandlerThread:2163848 [handler.py:handle_request():124] handle_request: sampled_history
2021-09-14 10:43:01,448 DEBUG   HandlerThread:2163848 [handler.py:handle_request():124] handle_request: shutdown
2021-09-14 10:43:01,448 INFO    HandlerThread:2163848 [handler.py:finish():638] shutting down handler
2021-09-14 10:43:02,346 INFO    WriterThread:2163848 [datastore.py:close():288] close: /grid/koo/home/toneyan/profile/QuantPred/wandb/run-20210914_104220-tis8xbn0/run-tis8xbn0.wandb
2021-09-14 10:43:02,447 INFO    SenderThread:2163848 [sender.py:finish():945] shutting down sender
2021-09-14 10:43:02,447 INFO    SenderThread:2163848 [file_pusher.py:finish():177] shutting down file pusher
2021-09-14 10:43:02,447 INFO    SenderThread:2163848 [file_pusher.py:join():182] waiting for file pusher
2021-09-14 10:43:02,448 INFO    MainThread:2163848 [internal.py:handle_exit():78] Internal process exited
