2021-09-18 16:41:35,445 INFO    MainThread:686735 [internal.py:wandb_internal():91] W&B internal server running at pid: 686735, started at: 2021-09-18 16:41:35.444211
2021-09-18 16:41:35,446 DEBUG   HandlerThread:686735 [handler.py:handle_request():124] handle_request: check_version
2021-09-18 16:41:35,447 INFO    WriterThread:686735 [datastore.py:open_for_write():80] open: /grid/koo/home/toneyan/profile/QuantPred/wandb/run-20210918_164134-1ji3fybp/run-1ji3fybp.wandb
2021-09-18 16:41:35,449 DEBUG   SenderThread:686735 [sender.py:send():179] send: header
2021-09-18 16:41:35,449 DEBUG   SenderThread:686735 [sender.py:send_request():193] send_request: check_version
2021-09-18 16:41:35,481 DEBUG   SenderThread:686735 [sender.py:send():179] send: run
2021-09-18 16:41:35,572 ERROR   SenderThread:686735 [internal_api.py:execute():130] 429 response executing GraphQL.
2021-09-18 16:41:35,572 ERROR   SenderThread:686735 [internal_api.py:execute():131] {"error":"rate limit exceeded"}

2021-09-18 16:41:36,786 ERROR   SenderThread:686735 [internal_api.py:execute():130] 429 response executing GraphQL.
2021-09-18 16:41:36,787 ERROR   SenderThread:686735 [internal_api.py:execute():131] {"error":"rate limit exceeded"}

2021-09-18 16:41:39,071 ERROR   SenderThread:686735 [internal_api.py:execute():130] 429 response executing GraphQL.
2021-09-18 16:41:39,071 ERROR   SenderThread:686735 [internal_api.py:execute():131] {"error":"rate limit exceeded"}

2021-09-18 16:41:39,071 ERROR   SenderThread:686735 [retry.py:__call__():126] Retry attempt failed:
Traceback (most recent call last):
  File "/usr/local/lib/python3.6/dist-packages/wandb/sdk/lib/retry.py", line 102, in __call__
    result = self._call_fn(*args, **kwargs)
  File "/usr/local/lib/python3.6/dist-packages/wandb/sdk/internal/internal_api.py", line 133, in execute
    six.reraise(*sys.exc_info())
  File "/usr/local/lib/python3.6/dist-packages/six.py", line 719, in reraise
    raise value
  File "/usr/local/lib/python3.6/dist-packages/wandb/sdk/internal/internal_api.py", line 127, in execute
    return self.client.execute(*args, **kwargs)
  File "/usr/local/lib/python3.6/dist-packages/wandb/vendor/gql-0.2.0/gql/client.py", line 52, in execute
    result = self._get_result(document, *args, **kwargs)
  File "/usr/local/lib/python3.6/dist-packages/wandb/vendor/gql-0.2.0/gql/client.py", line 60, in _get_result
    return self.transport.execute(document, *args, **kwargs)
  File "/usr/local/lib/python3.6/dist-packages/wandb/vendor/gql-0.2.0/gql/transport/requests.py", line 39, in execute
    request.raise_for_status()
  File "/usr/local/lib/python3.6/dist-packages/requests/models.py", line 943, in raise_for_status
    raise HTTPError(http_error_msg, response=self)
requests.exceptions.HTTPError: 429 Client Error: Too Many Requests for url: https://api.wandb.ai/graphql
2021-09-18 16:41:43,212 ERROR   SenderThread:686735 [internal_api.py:execute():130] 429 response executing GraphQL.
2021-09-18 16:41:43,212 ERROR   SenderThread:686735 [internal_api.py:execute():131] {"error":"rate limit exceeded"}

2021-09-18 16:41:51,665 INFO    SenderThread:686735 [dir_watcher.py:__init__():168] watching files in: /grid/koo/home/toneyan/profile/QuantPred/wandb/run-20210918_164134-1ji3fybp/files
2021-09-18 16:41:51,665 INFO    SenderThread:686735 [sender.py:_start_run_threads():719] run started: 1ji3fybp with start time 1631997694
2021-09-18 16:41:51,666 DEBUG   SenderThread:686735 [sender.py:send():179] send: summary
2021-09-18 16:41:51,666 INFO    SenderThread:686735 [sender.py:_save_file():841] saving file wandb-summary.json with policy end
2021-09-18 16:41:51,667 DEBUG   HandlerThread:686735 [handler.py:handle_request():124] handle_request: run_start
2021-09-18 16:41:52,667 INFO    Thread-8  :686735 [dir_watcher.py:_on_file_created():216] file/dir created: /grid/koo/home/toneyan/profile/QuantPred/wandb/run-20210918_164134-1ji3fybp/files/wandb-summary.json
2021-09-18 16:41:52,751 DEBUG   HandlerThread:686735 [meta.py:__init__():39] meta init
2021-09-18 16:41:52,752 DEBUG   HandlerThread:686735 [meta.py:__init__():53] meta init done
2021-09-18 16:41:52,752 DEBUG   HandlerThread:686735 [meta.py:probe():210] probe
2021-09-18 16:41:52,762 DEBUG   HandlerThread:686735 [meta.py:_save_pip():57] save pip
2021-09-18 16:41:52,764 DEBUG   HandlerThread:686735 [meta.py:_save_pip():71] save pip done
2021-09-18 16:41:52,764 DEBUG   HandlerThread:686735 [meta.py:probe():252] probe done
2021-09-18 16:41:52,767 DEBUG   SenderThread:686735 [sender.py:send():179] send: files
2021-09-18 16:41:52,767 INFO    SenderThread:686735 [sender.py:_save_file():841] saving file wandb-metadata.json with policy now
2021-09-18 16:41:52,775 DEBUG   HandlerThread:686735 [handler.py:handle_request():124] handle_request: stop_status
2021-09-18 16:41:52,775 DEBUG   SenderThread:686735 [sender.py:send_request():193] send_request: stop_status
2021-09-18 16:41:53,122 INFO    Thread-11 :686735 [upload_job.py:push():137] Uploaded file /tmp/3288848.1.gpu_ded.q/tmpxj5bqpv3wandb/1tic91zk-wandb-metadata.json
2021-09-18 16:41:53,666 INFO    Thread-8  :686735 [dir_watcher.py:_on_file_created():216] file/dir created: /grid/koo/home/toneyan/profile/QuantPred/wandb/run-20210918_164134-1ji3fybp/files/wandb-metadata.json
2021-09-18 16:41:53,667 INFO    Thread-8  :686735 [dir_watcher.py:_on_file_created():216] file/dir created: /grid/koo/home/toneyan/profile/QuantPred/wandb/run-20210918_164134-1ji3fybp/files/requirements.txt
2021-09-18 16:41:53,667 INFO    Thread-8  :686735 [dir_watcher.py:_on_file_created():216] file/dir created: /grid/koo/home/toneyan/profile/QuantPred/wandb/run-20210918_164134-1ji3fybp/files/output.log
2021-09-18 16:42:07,847 DEBUG   HandlerThread:686735 [handler.py:handle_request():124] handle_request: stop_status
2021-09-18 16:42:07,848 DEBUG   SenderThread:686735 [sender.py:send_request():193] send_request: stop_status
2021-09-18 16:42:07,904 ERROR   SenderThread:686735 [internal_api.py:execute():130] 429 response executing GraphQL.
2021-09-18 16:42:07,904 ERROR   SenderThread:686735 [internal_api.py:execute():131] {"error":"rate limit exceeded"}

2021-09-18 16:42:09,172 ERROR   SenderThread:686735 [internal_api.py:execute():130] 429 response executing GraphQL.
2021-09-18 16:42:09,172 ERROR   SenderThread:686735 [internal_api.py:execute():131] {"error":"rate limit exceeded"}

2021-09-18 16:42:11,300 ERROR   SenderThread:686735 [internal_api.py:execute():130] 429 response executing GraphQL.
2021-09-18 16:42:11,300 ERROR   SenderThread:686735 [internal_api.py:execute():131] {"error":"rate limit exceeded"}

2021-09-18 16:42:11,300 ERROR   SenderThread:686735 [retry.py:__call__():126] Retry attempt failed:
Traceback (most recent call last):
  File "/usr/local/lib/python3.6/dist-packages/wandb/sdk/lib/retry.py", line 102, in __call__
    result = self._call_fn(*args, **kwargs)
  File "/usr/local/lib/python3.6/dist-packages/wandb/sdk/internal/internal_api.py", line 133, in execute
    six.reraise(*sys.exc_info())
  File "/usr/local/lib/python3.6/dist-packages/six.py", line 719, in reraise
    raise value
  File "/usr/local/lib/python3.6/dist-packages/wandb/sdk/internal/internal_api.py", line 127, in execute
    return self.client.execute(*args, **kwargs)
  File "/usr/local/lib/python3.6/dist-packages/wandb/vendor/gql-0.2.0/gql/client.py", line 52, in execute
    result = self._get_result(document, *args, **kwargs)
  File "/usr/local/lib/python3.6/dist-packages/wandb/vendor/gql-0.2.0/gql/client.py", line 60, in _get_result
    return self.transport.execute(document, *args, **kwargs)
  File "/usr/local/lib/python3.6/dist-packages/wandb/vendor/gql-0.2.0/gql/transport/requests.py", line 39, in execute
    request.raise_for_status()
  File "/usr/local/lib/python3.6/dist-packages/requests/models.py", line 943, in raise_for_status
    raise HTTPError(http_error_msg, response=self)
requests.exceptions.HTTPError: 429 Client Error: Too Many Requests for url: https://api.wandb.ai/graphql
2021-09-18 16:42:21,138 DEBUG   SenderThread:686735 [sender.py:send():179] send: stats
2021-09-18 16:42:26,009 DEBUG   HandlerThread:686735 [handler.py:handle_request():124] handle_request: poll_exit
2021-09-18 16:42:26,009 DEBUG   SenderThread:686735 [sender.py:send():179] send: telemetry
2021-09-18 16:42:26,010 DEBUG   SenderThread:686735 [sender.py:send():179] send: exit
2021-09-18 16:42:26,010 INFO    SenderThread:686735 [sender.py:send_exit():287] handling exit code: 1
2021-09-18 16:42:26,010 INFO    SenderThread:686735 [sender.py:send_exit():295] send defer
2021-09-18 16:42:26,010 DEBUG   SenderThread:686735 [sender.py:send_request():193] send_request: poll_exit
2021-09-18 16:42:26,010 DEBUG   HandlerThread:686735 [handler.py:handle_request():124] handle_request: defer
2021-09-18 16:42:26,010 INFO    HandlerThread:686735 [handler.py:handle_request_defer():141] handle defer: 0
2021-09-18 16:42:26,010 DEBUG   SenderThread:686735 [sender.py:send_request():193] send_request: defer
2021-09-18 16:42:26,010 INFO    SenderThread:686735 [sender.py:send_request_defer():304] handle sender defer: 0
2021-09-18 16:42:26,010 INFO    SenderThread:686735 [sender.py:transition_state():308] send defer: 1
2021-09-18 16:42:26,011 DEBUG   HandlerThread:686735 [handler.py:handle_request():124] handle_request: defer
2021-09-18 16:42:26,011 INFO    HandlerThread:686735 [handler.py:handle_request_defer():141] handle defer: 1
2021-09-18 16:42:26,106 DEBUG   SenderThread:686735 [sender.py:send_request():193] send_request: defer
2021-09-18 16:42:26,107 INFO    SenderThread:686735 [sender.py:send_request_defer():304] handle sender defer: 1
2021-09-18 16:42:26,107 INFO    SenderThread:686735 [sender.py:transition_state():308] send defer: 2
2021-09-18 16:42:26,107 DEBUG   SenderThread:686735 [sender.py:send():179] send: stats
2021-09-18 16:42:26,107 DEBUG   HandlerThread:686735 [handler.py:handle_request():124] handle_request: defer
2021-09-18 16:42:26,109 INFO    HandlerThread:686735 [handler.py:handle_request_defer():141] handle defer: 2
2021-09-18 16:42:26,110 DEBUG   SenderThread:686735 [sender.py:send_request():193] send_request: defer
2021-09-18 16:42:26,110 INFO    SenderThread:686735 [sender.py:send_request_defer():304] handle sender defer: 2
2021-09-18 16:42:26,110 INFO    SenderThread:686735 [sender.py:transition_state():308] send defer: 3
2021-09-18 16:42:26,110 DEBUG   HandlerThread:686735 [handler.py:handle_request():124] handle_request: defer
2021-09-18 16:42:26,110 INFO    HandlerThread:686735 [handler.py:handle_request_defer():141] handle defer: 3
2021-09-18 16:42:26,110 DEBUG   SenderThread:686735 [sender.py:send():179] send: summary
2021-09-18 16:42:26,111 INFO    SenderThread:686735 [sender.py:_save_file():841] saving file wandb-summary.json with policy end
2021-09-18 16:42:26,111 DEBUG   SenderThread:686735 [sender.py:send_request():193] send_request: defer
2021-09-18 16:42:26,111 INFO    SenderThread:686735 [sender.py:send_request_defer():304] handle sender defer: 3
2021-09-18 16:42:26,111 INFO    SenderThread:686735 [sender.py:transition_state():308] send defer: 4
2021-09-18 16:42:26,111 DEBUG   HandlerThread:686735 [handler.py:handle_request():124] handle_request: defer
2021-09-18 16:42:26,111 INFO    HandlerThread:686735 [handler.py:handle_request_defer():141] handle defer: 4
2021-09-18 16:42:26,111 DEBUG   SenderThread:686735 [sender.py:send_request():193] send_request: defer
2021-09-18 16:42:26,111 DEBUG   HandlerThread:686735 [handler.py:handle_request():124] handle_request: poll_exit
2021-09-18 16:42:26,111 INFO    SenderThread:686735 [sender.py:send_request_defer():304] handle sender defer: 4
2021-09-18 16:42:26,166 ERROR   SenderThread:686735 [internal_api.py:execute():130] 429 response executing GraphQL.
2021-09-18 16:42:26,167 ERROR   SenderThread:686735 [internal_api.py:execute():131] {"error":"rate limit exceeded"}

2021-09-18 16:42:26,677 INFO    Thread-8  :686735 [dir_watcher.py:_on_file_modified():229] file/dir modified: /grid/koo/home/toneyan/profile/QuantPred/wandb/run-20210918_164134-1ji3fybp/files/wandb-summary.json
2021-09-18 16:42:27,260 ERROR   SenderThread:686735 [internal_api.py:execute():130] 429 response executing GraphQL.
2021-09-18 16:42:27,260 ERROR   SenderThread:686735 [internal_api.py:execute():131] {"error":"rate limit exceeded"}

2021-09-18 16:42:29,455 ERROR   SenderThread:686735 [internal_api.py:execute():130] 429 response executing GraphQL.
2021-09-18 16:42:29,456 ERROR   SenderThread:686735 [internal_api.py:execute():131] {"error":"rate limit exceeded"}

2021-09-18 16:42:29,456 ERROR   SenderThread:686735 [retry.py:__call__():126] Retry attempt failed:
Traceback (most recent call last):
  File "/usr/local/lib/python3.6/dist-packages/wandb/sdk/lib/retry.py", line 102, in __call__
    result = self._call_fn(*args, **kwargs)
  File "/usr/local/lib/python3.6/dist-packages/wandb/sdk/internal/internal_api.py", line 133, in execute
    six.reraise(*sys.exc_info())
  File "/usr/local/lib/python3.6/dist-packages/six.py", line 719, in reraise
    raise value
  File "/usr/local/lib/python3.6/dist-packages/wandb/sdk/internal/internal_api.py", line 127, in execute
    return self.client.execute(*args, **kwargs)
  File "/usr/local/lib/python3.6/dist-packages/wandb/vendor/gql-0.2.0/gql/client.py", line 52, in execute
    result = self._get_result(document, *args, **kwargs)
  File "/usr/local/lib/python3.6/dist-packages/wandb/vendor/gql-0.2.0/gql/client.py", line 60, in _get_result
    return self.transport.execute(document, *args, **kwargs)
  File "/usr/local/lib/python3.6/dist-packages/wandb/vendor/gql-0.2.0/gql/transport/requests.py", line 39, in execute
    request.raise_for_status()
  File "/usr/local/lib/python3.6/dist-packages/requests/models.py", line 943, in raise_for_status
    raise HTTPError(http_error_msg, response=self)
requests.exceptions.HTTPError: 429 Client Error: Too Many Requests for url: https://api.wandb.ai/graphql
2021-09-18 16:42:31,212 DEBUG   HandlerThread:686735 [handler.py:handle_request():124] handle_request: poll_exit
2021-09-18 16:42:33,932 INFO    SenderThread:686735 [sender.py:transition_state():308] send defer: 5
2021-09-18 16:42:33,932 DEBUG   SenderThread:686735 [sender.py:send_request():193] send_request: poll_exit
2021-09-18 16:42:33,932 DEBUG   SenderThread:686735 [sender.py:send_request():193] send_request: poll_exit
2021-09-18 16:42:33,932 DEBUG   HandlerThread:686735 [handler.py:handle_request():124] handle_request: defer
2021-09-18 16:42:33,932 INFO    HandlerThread:686735 [handler.py:handle_request_defer():141] handle defer: 5
2021-09-18 16:42:33,933 DEBUG   SenderThread:686735 [sender.py:send_request():193] send_request: defer
2021-09-18 16:42:33,933 INFO    SenderThread:686735 [sender.py:send_request_defer():304] handle sender defer: 5
2021-09-18 16:42:33,933 INFO    SenderThread:686735 [dir_watcher.py:finish():282] shutting down directory watcher
2021-09-18 16:42:34,035 DEBUG   HandlerThread:686735 [handler.py:handle_request():124] handle_request: poll_exit
2021-09-18 16:42:34,679 INFO    SenderThread:686735 [dir_watcher.py:_on_file_modified():229] file/dir modified: /grid/koo/home/toneyan/profile/QuantPred/wandb/run-20210918_164134-1ji3fybp/files/config.yaml
2021-09-18 16:42:34,679 INFO    SenderThread:686735 [dir_watcher.py:finish():312] scan: /grid/koo/home/toneyan/profile/QuantPred/wandb/run-20210918_164134-1ji3fybp/files
2021-09-18 16:42:34,679 INFO    SenderThread:686735 [dir_watcher.py:finish():318] scan save: /grid/koo/home/toneyan/profile/QuantPred/wandb/run-20210918_164134-1ji3fybp/files/wandb-metadata.json wandb-metadata.json
2021-09-18 16:42:34,679 INFO    SenderThread:686735 [dir_watcher.py:finish():318] scan save: /grid/koo/home/toneyan/profile/QuantPred/wandb/run-20210918_164134-1ji3fybp/files/config.yaml config.yaml
2021-09-18 16:42:34,679 INFO    SenderThread:686735 [dir_watcher.py:finish():318] scan save: /grid/koo/home/toneyan/profile/QuantPred/wandb/run-20210918_164134-1ji3fybp/files/requirements.txt requirements.txt
2021-09-18 16:42:34,680 INFO    SenderThread:686735 [dir_watcher.py:finish():318] scan save: /grid/koo/home/toneyan/profile/QuantPred/wandb/run-20210918_164134-1ji3fybp/files/wandb-summary.json wandb-summary.json
2021-09-18 16:42:34,680 INFO    SenderThread:686735 [dir_watcher.py:finish():318] scan save: /grid/koo/home/toneyan/profile/QuantPred/wandb/run-20210918_164134-1ji3fybp/files/output.log output.log
2021-09-18 16:42:34,683 INFO    SenderThread:686735 [sender.py:transition_state():308] send defer: 6
2021-09-18 16:42:34,686 DEBUG   SenderThread:686735 [sender.py:send_request():193] send_request: poll_exit
2021-09-18 16:42:34,692 DEBUG   HandlerThread:686735 [handler.py:handle_request():124] handle_request: defer
2021-09-18 16:42:34,692 INFO    HandlerThread:686735 [handler.py:handle_request_defer():141] handle defer: 6
2021-09-18 16:42:34,693 DEBUG   SenderThread:686735 [sender.py:send_request():193] send_request: defer
2021-09-18 16:42:34,693 INFO    SenderThread:686735 [sender.py:send_request_defer():304] handle sender defer: 6
2021-09-18 16:42:34,693 INFO    SenderThread:686735 [file_pusher.py:finish():177] shutting down file pusher
2021-09-18 16:42:34,742 ERROR   Thread-12 :686735 [internal_api.py:execute():130] 429 response executing GraphQL.
2021-09-18 16:42:34,742 ERROR   Thread-12 :686735 [internal_api.py:execute():131] {"error":"rate limit exceeded"}

2021-09-18 16:42:34,743 ERROR   Thread-13 :686735 [internal_api.py:execute():130] 429 response executing GraphQL.
2021-09-18 16:42:34,744 ERROR   Thread-13 :686735 [internal_api.py:execute():131] {"error":"rate limit exceeded"}

2021-09-18 16:42:34,745 ERROR   Thread-14 :686735 [internal_api.py:execute():130] 429 response executing GraphQL.
2021-09-18 16:42:34,745 ERROR   Thread-14 :686735 [internal_api.py:execute():131] {"error":"rate limit exceeded"}

2021-09-18 16:42:34,788 DEBUG   HandlerThread:686735 [handler.py:handle_request():124] handle_request: poll_exit
2021-09-18 16:42:34,788 DEBUG   SenderThread:686735 [sender.py:send_request():193] send_request: poll_exit
2021-09-18 16:42:34,890 DEBUG   HandlerThread:686735 [handler.py:handle_request():124] handle_request: poll_exit
2021-09-18 16:42:34,890 DEBUG   SenderThread:686735 [sender.py:send_request():193] send_request: poll_exit
2021-09-18 16:42:34,992 DEBUG   HandlerThread:686735 [handler.py:handle_request():124] handle_request: poll_exit
2021-09-18 16:42:34,992 DEBUG   SenderThread:686735 [sender.py:send_request():193] send_request: poll_exit
2021-09-18 16:42:35,094 DEBUG   HandlerThread:686735 [handler.py:handle_request():124] handle_request: poll_exit
2021-09-18 16:42:35,094 DEBUG   SenderThread:686735 [sender.py:send_request():193] send_request: poll_exit
2021-09-18 16:42:35,196 DEBUG   HandlerThread:686735 [handler.py:handle_request():124] handle_request: poll_exit
2021-09-18 16:42:35,196 DEBUG   SenderThread:686735 [sender.py:send_request():193] send_request: poll_exit
2021-09-18 16:42:35,298 DEBUG   HandlerThread:686735 [handler.py:handle_request():124] handle_request: poll_exit
2021-09-18 16:42:35,298 DEBUG   SenderThread:686735 [sender.py:send_request():193] send_request: poll_exit
2021-09-18 16:42:35,400 DEBUG   HandlerThread:686735 [handler.py:handle_request():124] handle_request: poll_exit
2021-09-18 16:42:35,400 DEBUG   SenderThread:686735 [sender.py:send_request():193] send_request: poll_exit
2021-09-18 16:42:35,501 DEBUG   HandlerThread:686735 [handler.py:handle_request():124] handle_request: poll_exit
2021-09-18 16:42:35,502 DEBUG   SenderThread:686735 [sender.py:send_request():193] send_request: poll_exit
2021-09-18 16:42:35,603 DEBUG   HandlerThread:686735 [handler.py:handle_request():124] handle_request: poll_exit
2021-09-18 16:42:35,604 DEBUG   SenderThread:686735 [sender.py:send_request():193] send_request: poll_exit
2021-09-18 16:42:35,705 DEBUG   HandlerThread:686735 [handler.py:handle_request():124] handle_request: poll_exit
2021-09-18 16:42:35,705 DEBUG   SenderThread:686735 [sender.py:send_request():193] send_request: poll_exit
2021-09-18 16:42:35,807 DEBUG   HandlerThread:686735 [handler.py:handle_request():124] handle_request: poll_exit
2021-09-18 16:42:35,807 DEBUG   SenderThread:686735 [sender.py:send_request():193] send_request: poll_exit
2021-09-18 16:42:35,811 ERROR   Thread-13 :686735 [internal_api.py:execute():130] 429 response executing GraphQL.
2021-09-18 16:42:35,811 ERROR   Thread-13 :686735 [internal_api.py:execute():131] {"error":"rate limit exceeded"}

2021-09-18 16:42:35,909 DEBUG   HandlerThread:686735 [handler.py:handle_request():124] handle_request: poll_exit
2021-09-18 16:42:35,909 DEBUG   SenderThread:686735 [sender.py:send_request():193] send_request: poll_exit
2021-09-18 16:42:35,921 ERROR   Thread-14 :686735 [internal_api.py:execute():130] 429 response executing GraphQL.
2021-09-18 16:42:35,922 ERROR   Thread-14 :686735 [internal_api.py:execute():131] {"error":"rate limit exceeded"}

2021-09-18 16:42:35,941 ERROR   Thread-12 :686735 [internal_api.py:execute():130] 429 response executing GraphQL.
2021-09-18 16:42:35,941 ERROR   Thread-12 :686735 [internal_api.py:execute():131] {"error":"rate limit exceeded"}

2021-09-18 16:42:36,011 DEBUG   HandlerThread:686735 [handler.py:handle_request():124] handle_request: poll_exit
2021-09-18 16:42:36,011 DEBUG   SenderThread:686735 [sender.py:send_request():193] send_request: poll_exit
2021-09-18 16:42:36,113 DEBUG   HandlerThread:686735 [handler.py:handle_request():124] handle_request: poll_exit
2021-09-18 16:42:36,113 DEBUG   SenderThread:686735 [sender.py:send_request():193] send_request: poll_exit
2021-09-18 16:42:36,215 DEBUG   HandlerThread:686735 [handler.py:handle_request():124] handle_request: poll_exit
2021-09-18 16:42:36,215 DEBUG   SenderThread:686735 [sender.py:send_request():193] send_request: poll_exit
2021-09-18 16:42:36,317 DEBUG   HandlerThread:686735 [handler.py:handle_request():124] handle_request: poll_exit
2021-09-18 16:42:36,317 DEBUG   SenderThread:686735 [sender.py:send_request():193] send_request: poll_exit
2021-09-18 16:42:36,419 DEBUG   HandlerThread:686735 [handler.py:handle_request():124] handle_request: poll_exit
2021-09-18 16:42:36,419 DEBUG   SenderThread:686735 [sender.py:send_request():193] send_request: poll_exit
2021-09-18 16:42:36,521 DEBUG   HandlerThread:686735 [handler.py:handle_request():124] handle_request: poll_exit
2021-09-18 16:42:36,521 DEBUG   SenderThread:686735 [sender.py:send_request():193] send_request: poll_exit
2021-09-18 16:42:36,623 DEBUG   HandlerThread:686735 [handler.py:handle_request():124] handle_request: poll_exit
2021-09-18 16:42:36,623 DEBUG   SenderThread:686735 [sender.py:send_request():193] send_request: poll_exit
2021-09-18 16:42:36,725 DEBUG   HandlerThread:686735 [handler.py:handle_request():124] handle_request: poll_exit
2021-09-18 16:42:36,725 DEBUG   SenderThread:686735 [sender.py:send_request():193] send_request: poll_exit
2021-09-18 16:42:36,827 DEBUG   HandlerThread:686735 [handler.py:handle_request():124] handle_request: poll_exit
2021-09-18 16:42:36,827 DEBUG   SenderThread:686735 [sender.py:send_request():193] send_request: poll_exit
2021-09-18 16:42:36,929 DEBUG   HandlerThread:686735 [handler.py:handle_request():124] handle_request: poll_exit
2021-09-18 16:42:36,929 DEBUG   SenderThread:686735 [sender.py:send_request():193] send_request: poll_exit
2021-09-18 16:42:37,031 DEBUG   HandlerThread:686735 [handler.py:handle_request():124] handle_request: poll_exit
2021-09-18 16:42:37,031 DEBUG   SenderThread:686735 [sender.py:send_request():193] send_request: poll_exit
2021-09-18 16:42:37,133 DEBUG   HandlerThread:686735 [handler.py:handle_request():124] handle_request: poll_exit
2021-09-18 16:42:37,133 DEBUG   SenderThread:686735 [sender.py:send_request():193] send_request: poll_exit
2021-09-18 16:42:37,235 DEBUG   HandlerThread:686735 [handler.py:handle_request():124] handle_request: poll_exit
2021-09-18 16:42:37,235 DEBUG   SenderThread:686735 [sender.py:send_request():193] send_request: poll_exit
2021-09-18 16:42:37,337 DEBUG   HandlerThread:686735 [handler.py:handle_request():124] handle_request: poll_exit
2021-09-18 16:42:37,337 DEBUG   SenderThread:686735 [sender.py:send_request():193] send_request: poll_exit
2021-09-18 16:42:37,439 DEBUG   HandlerThread:686735 [handler.py:handle_request():124] handle_request: poll_exit
2021-09-18 16:42:37,439 DEBUG   SenderThread:686735 [sender.py:send_request():193] send_request: poll_exit
2021-09-18 16:42:37,541 DEBUG   HandlerThread:686735 [handler.py:handle_request():124] handle_request: poll_exit
2021-09-18 16:42:37,541 DEBUG   SenderThread:686735 [sender.py:send_request():193] send_request: poll_exit
2021-09-18 16:42:37,643 DEBUG   HandlerThread:686735 [handler.py:handle_request():124] handle_request: poll_exit
2021-09-18 16:42:37,643 DEBUG   SenderThread:686735 [sender.py:send_request():193] send_request: poll_exit
2021-09-18 16:42:37,744 DEBUG   HandlerThread:686735 [handler.py:handle_request():124] handle_request: poll_exit
2021-09-18 16:42:37,745 DEBUG   SenderThread:686735 [sender.py:send_request():193] send_request: poll_exit
2021-09-18 16:42:37,850 DEBUG   HandlerThread:686735 [handler.py:handle_request():124] handle_request: poll_exit
2021-09-18 16:42:37,850 DEBUG   SenderThread:686735 [sender.py:send_request():193] send_request: poll_exit
2021-09-18 16:42:37,955 DEBUG   HandlerThread:686735 [handler.py:handle_request():124] handle_request: poll_exit
2021-09-18 16:42:37,955 DEBUG   SenderThread:686735 [sender.py:send_request():193] send_request: poll_exit
2021-09-18 16:42:38,059 DEBUG   HandlerThread:686735 [handler.py:handle_request():124] handle_request: poll_exit
2021-09-18 16:42:38,059 DEBUG   SenderThread:686735 [sender.py:send_request():193] send_request: poll_exit
2021-09-18 16:42:38,149 ERROR   Thread-13 :686735 [internal_api.py:execute():130] 429 response executing GraphQL.
2021-09-18 16:42:38,149 ERROR   Thread-13 :686735 [internal_api.py:execute():131] {"error":"rate limit exceeded"}

2021-09-18 16:42:38,164 DEBUG   HandlerThread:686735 [handler.py:handle_request():124] handle_request: poll_exit
2021-09-18 16:42:38,165 DEBUG   SenderThread:686735 [sender.py:send_request():193] send_request: poll_exit
2021-09-18 16:42:38,215 ERROR   Thread-14 :686735 [internal_api.py:execute():130] 429 response executing GraphQL.
2021-09-18 16:42:38,215 ERROR   Thread-14 :686735 [internal_api.py:execute():131] {"error":"rate limit exceeded"}

2021-09-18 16:42:38,271 DEBUG   HandlerThread:686735 [handler.py:handle_request():124] handle_request: poll_exit
2021-09-18 16:42:38,271 DEBUG   SenderThread:686735 [sender.py:send_request():193] send_request: poll_exit
2021-09-18 16:42:38,281 ERROR   Thread-12 :686735 [internal_api.py:execute():130] 429 response executing GraphQL.
2021-09-18 16:42:38,281 ERROR   Thread-12 :686735 [internal_api.py:execute():131] {"error":"rate limit exceeded"}

2021-09-18 16:42:38,377 DEBUG   HandlerThread:686735 [handler.py:handle_request():124] handle_request: poll_exit
2021-09-18 16:42:38,377 DEBUG   SenderThread:686735 [sender.py:send_request():193] send_request: poll_exit
2021-09-18 16:42:38,479 DEBUG   HandlerThread:686735 [handler.py:handle_request():124] handle_request: poll_exit
2021-09-18 16:42:38,479 DEBUG   SenderThread:686735 [sender.py:send_request():193] send_request: poll_exit
2021-09-18 16:42:38,581 DEBUG   HandlerThread:686735 [handler.py:handle_request():124] handle_request: poll_exit
2021-09-18 16:42:38,581 DEBUG   SenderThread:686735 [sender.py:send_request():193] send_request: poll_exit
2021-09-18 16:42:38,683 DEBUG   HandlerThread:686735 [handler.py:handle_request():124] handle_request: poll_exit
2021-09-18 16:42:38,683 DEBUG   SenderThread:686735 [sender.py:send_request():193] send_request: poll_exit
2021-09-18 16:42:38,785 DEBUG   HandlerThread:686735 [handler.py:handle_request():124] handle_request: poll_exit
2021-09-18 16:42:38,785 DEBUG   SenderThread:686735 [sender.py:send_request():193] send_request: poll_exit
2021-09-18 16:42:38,886 DEBUG   HandlerThread:686735 [handler.py:handle_request():124] handle_request: poll_exit
2021-09-18 16:42:38,887 DEBUG   SenderThread:686735 [sender.py:send_request():193] send_request: poll_exit
2021-09-18 16:42:38,989 DEBUG   HandlerThread:686735 [handler.py:handle_request():124] handle_request: poll_exit
2021-09-18 16:42:38,989 DEBUG   SenderThread:686735 [sender.py:send_request():193] send_request: poll_exit
2021-09-18 16:42:39,090 DEBUG   HandlerThread:686735 [handler.py:handle_request():124] handle_request: poll_exit
2021-09-18 16:42:39,091 DEBUG   SenderThread:686735 [sender.py:send_request():193] send_request: poll_exit
2021-09-18 16:42:39,192 DEBUG   HandlerThread:686735 [handler.py:handle_request():124] handle_request: poll_exit
2021-09-18 16:42:39,193 DEBUG   SenderThread:686735 [sender.py:send_request():193] send_request: poll_exit
2021-09-18 16:42:39,294 DEBUG   HandlerThread:686735 [handler.py:handle_request():124] handle_request: poll_exit
2021-09-18 16:42:39,295 DEBUG   SenderThread:686735 [sender.py:send_request():193] send_request: poll_exit
2021-09-18 16:42:39,396 DEBUG   HandlerThread:686735 [handler.py:handle_request():124] handle_request: poll_exit
2021-09-18 16:42:39,397 DEBUG   SenderThread:686735 [sender.py:send_request():193] send_request: poll_exit
2021-09-18 16:42:39,498 DEBUG   HandlerThread:686735 [handler.py:handle_request():124] handle_request: poll_exit
2021-09-18 16:42:39,499 DEBUG   SenderThread:686735 [sender.py:send_request():193] send_request: poll_exit
2021-09-18 16:42:39,600 DEBUG   HandlerThread:686735 [handler.py:handle_request():124] handle_request: poll_exit
2021-09-18 16:42:39,601 DEBUG   SenderThread:686735 [sender.py:send_request():193] send_request: poll_exit
2021-09-18 16:42:39,702 DEBUG   HandlerThread:686735 [handler.py:handle_request():124] handle_request: poll_exit
2021-09-18 16:42:39,703 DEBUG   SenderThread:686735 [sender.py:send_request():193] send_request: poll_exit
2021-09-18 16:42:39,804 DEBUG   HandlerThread:686735 [handler.py:handle_request():124] handle_request: poll_exit
2021-09-18 16:42:39,805 DEBUG   SenderThread:686735 [sender.py:send_request():193] send_request: poll_exit
2021-09-18 16:42:39,906 DEBUG   HandlerThread:686735 [handler.py:handle_request():124] handle_request: poll_exit
2021-09-18 16:42:39,906 DEBUG   SenderThread:686735 [sender.py:send_request():193] send_request: poll_exit
2021-09-18 16:42:40,008 DEBUG   HandlerThread:686735 [handler.py:handle_request():124] handle_request: poll_exit
2021-09-18 16:42:40,009 DEBUG   SenderThread:686735 [sender.py:send_request():193] send_request: poll_exit
2021-09-18 16:42:40,110 DEBUG   HandlerThread:686735 [handler.py:handle_request():124] handle_request: poll_exit
2021-09-18 16:42:40,111 DEBUG   SenderThread:686735 [sender.py:send_request():193] send_request: poll_exit
2021-09-18 16:42:40,212 DEBUG   HandlerThread:686735 [handler.py:handle_request():124] handle_request: poll_exit
2021-09-18 16:42:40,213 DEBUG   SenderThread:686735 [sender.py:send_request():193] send_request: poll_exit
2021-09-18 16:42:40,314 DEBUG   HandlerThread:686735 [handler.py:handle_request():124] handle_request: poll_exit
2021-09-18 16:42:40,315 DEBUG   SenderThread:686735 [sender.py:send_request():193] send_request: poll_exit
2021-09-18 16:42:40,416 DEBUG   HandlerThread:686735 [handler.py:handle_request():124] handle_request: poll_exit
2021-09-18 16:42:40,417 DEBUG   SenderThread:686735 [sender.py:send_request():193] send_request: poll_exit
2021-09-18 16:42:40,518 DEBUG   HandlerThread:686735 [handler.py:handle_request():124] handle_request: poll_exit
2021-09-18 16:42:40,518 DEBUG   SenderThread:686735 [sender.py:send_request():193] send_request: poll_exit
2021-09-18 16:42:40,620 DEBUG   HandlerThread:686735 [handler.py:handle_request():124] handle_request: poll_exit
2021-09-18 16:42:40,620 DEBUG   SenderThread:686735 [sender.py:send_request():193] send_request: poll_exit
2021-09-18 16:42:40,722 DEBUG   HandlerThread:686735 [handler.py:handle_request():124] handle_request: poll_exit
2021-09-18 16:42:40,722 DEBUG   SenderThread:686735 [sender.py:send_request():193] send_request: poll_exit
2021-09-18 16:42:40,824 DEBUG   HandlerThread:686735 [handler.py:handle_request():124] handle_request: poll_exit
2021-09-18 16:42:40,824 DEBUG   SenderThread:686735 [sender.py:send_request():193] send_request: poll_exit
2021-09-18 16:42:40,926 DEBUG   HandlerThread:686735 [handler.py:handle_request():124] handle_request: poll_exit
2021-09-18 16:42:40,926 DEBUG   SenderThread:686735 [sender.py:send_request():193] send_request: poll_exit
2021-09-18 16:42:41,028 DEBUG   HandlerThread:686735 [handler.py:handle_request():124] handle_request: poll_exit
2021-09-18 16:42:41,028 DEBUG   SenderThread:686735 [sender.py:send_request():193] send_request: poll_exit
2021-09-18 16:42:41,131 DEBUG   HandlerThread:686735 [handler.py:handle_request():124] handle_request: poll_exit
2021-09-18 16:42:41,131 DEBUG   SenderThread:686735 [sender.py:send_request():193] send_request: poll_exit
2021-09-18 16:42:41,233 DEBUG   HandlerThread:686735 [handler.py:handle_request():124] handle_request: poll_exit
2021-09-18 16:42:41,233 DEBUG   SenderThread:686735 [sender.py:send_request():193] send_request: poll_exit
2021-09-18 16:42:41,335 DEBUG   HandlerThread:686735 [handler.py:handle_request():124] handle_request: poll_exit
2021-09-18 16:42:41,335 DEBUG   SenderThread:686735 [sender.py:send_request():193] send_request: poll_exit
2021-09-18 16:42:41,436 DEBUG   HandlerThread:686735 [handler.py:handle_request():124] handle_request: poll_exit
2021-09-18 16:42:41,437 DEBUG   SenderThread:686735 [sender.py:send_request():193] send_request: poll_exit
2021-09-18 16:42:41,538 DEBUG   HandlerThread:686735 [handler.py:handle_request():124] handle_request: poll_exit
2021-09-18 16:42:41,538 DEBUG   SenderThread:686735 [sender.py:send_request():193] send_request: poll_exit
2021-09-18 16:42:41,640 DEBUG   HandlerThread:686735 [handler.py:handle_request():124] handle_request: poll_exit
2021-09-18 16:42:41,640 DEBUG   SenderThread:686735 [sender.py:send_request():193] send_request: poll_exit
2021-09-18 16:42:41,742 DEBUG   HandlerThread:686735 [handler.py:handle_request():124] handle_request: poll_exit
2021-09-18 16:42:41,742 DEBUG   SenderThread:686735 [sender.py:send_request():193] send_request: poll_exit
2021-09-18 16:42:41,844 DEBUG   HandlerThread:686735 [handler.py:handle_request():124] handle_request: poll_exit
2021-09-18 16:42:41,844 DEBUG   SenderThread:686735 [sender.py:send_request():193] send_request: poll_exit
2021-09-18 16:42:41,946 DEBUG   HandlerThread:686735 [handler.py:handle_request():124] handle_request: poll_exit
2021-09-18 16:42:41,946 DEBUG   SenderThread:686735 [sender.py:send_request():193] send_request: poll_exit
2021-09-18 16:42:42,048 DEBUG   HandlerThread:686735 [handler.py:handle_request():124] handle_request: poll_exit
2021-09-18 16:42:42,048 DEBUG   SenderThread:686735 [sender.py:send_request():193] send_request: poll_exit
2021-09-18 16:42:42,150 DEBUG   HandlerThread:686735 [handler.py:handle_request():124] handle_request: poll_exit
2021-09-18 16:42:42,150 DEBUG   SenderThread:686735 [sender.py:send_request():193] send_request: poll_exit
2021-09-18 16:42:42,251 DEBUG   HandlerThread:686735 [handler.py:handle_request():124] handle_request: poll_exit
2021-09-18 16:42:42,252 DEBUG   SenderThread:686735 [sender.py:send_request():193] send_request: poll_exit
2021-09-18 16:42:42,353 DEBUG   HandlerThread:686735 [handler.py:handle_request():124] handle_request: poll_exit
2021-09-18 16:42:42,354 DEBUG   SenderThread:686735 [sender.py:send_request():193] send_request: poll_exit
2021-09-18 16:42:42,393 ERROR   Thread-14 :686735 [internal_api.py:execute():130] 429 response executing GraphQL.
2021-09-18 16:42:42,393 ERROR   Thread-14 :686735 [internal_api.py:execute():131] {"error":"rate limit exceeded"}

2021-09-18 16:42:42,456 DEBUG   HandlerThread:686735 [handler.py:handle_request():124] handle_request: poll_exit
2021-09-18 16:42:42,456 DEBUG   SenderThread:686735 [sender.py:send_request():193] send_request: poll_exit
2021-09-18 16:42:42,558 DEBUG   HandlerThread:686735 [handler.py:handle_request():124] handle_request: poll_exit
2021-09-18 16:42:42,558 DEBUG   SenderThread:686735 [sender.py:send_request():193] send_request: poll_exit
2021-09-18 16:42:42,659 DEBUG   HandlerThread:686735 [handler.py:handle_request():124] handle_request: poll_exit
2021-09-18 16:42:42,660 DEBUG   SenderThread:686735 [sender.py:send_request():193] send_request: poll_exit
2021-09-18 16:42:42,761 DEBUG   HandlerThread:686735 [handler.py:handle_request():124] handle_request: poll_exit
2021-09-18 16:42:42,762 DEBUG   SenderThread:686735 [sender.py:send_request():193] send_request: poll_exit
2021-09-18 16:42:42,863 DEBUG   HandlerThread:686735 [handler.py:handle_request():124] handle_request: poll_exit
2021-09-18 16:42:42,863 DEBUG   SenderThread:686735 [sender.py:send_request():193] send_request: poll_exit
2021-09-18 16:42:42,873 ERROR   Thread-13 :686735 [internal_api.py:execute():130] 429 response executing GraphQL.
2021-09-18 16:42:42,873 ERROR   Thread-13 :686735 [internal_api.py:execute():131] {"error":"rate limit exceeded"}

2021-09-18 16:42:42,965 DEBUG   HandlerThread:686735 [handler.py:handle_request():124] handle_request: poll_exit
2021-09-18 16:42:42,965 DEBUG   SenderThread:686735 [sender.py:send_request():193] send_request: poll_exit
2021-09-18 16:42:43,042 ERROR   Thread-12 :686735 [internal_api.py:execute():130] 429 response executing GraphQL.
2021-09-18 16:42:43,043 ERROR   Thread-12 :686735 [internal_api.py:execute():131] {"error":"rate limit exceeded"}

2021-09-18 16:42:43,067 DEBUG   HandlerThread:686735 [handler.py:handle_request():124] handle_request: poll_exit
2021-09-18 16:42:43,067 DEBUG   SenderThread:686735 [sender.py:send_request():193] send_request: poll_exit
2021-09-18 16:42:43,169 DEBUG   HandlerThread:686735 [handler.py:handle_request():124] handle_request: poll_exit
2021-09-18 16:42:43,169 DEBUG   SenderThread:686735 [sender.py:send_request():193] send_request: poll_exit
2021-09-18 16:42:43,271 DEBUG   HandlerThread:686735 [handler.py:handle_request():124] handle_request: poll_exit
2021-09-18 16:42:43,271 DEBUG   SenderThread:686735 [sender.py:send_request():193] send_request: poll_exit
2021-09-18 16:42:43,373 DEBUG   HandlerThread:686735 [handler.py:handle_request():124] handle_request: poll_exit
2021-09-18 16:42:43,373 DEBUG   SenderThread:686735 [sender.py:send_request():193] send_request: poll_exit
2021-09-18 16:42:43,475 DEBUG   HandlerThread:686735 [handler.py:handle_request():124] handle_request: poll_exit
2021-09-18 16:42:43,475 DEBUG   SenderThread:686735 [sender.py:send_request():193] send_request: poll_exit
2021-09-18 16:42:43,577 DEBUG   HandlerThread:686735 [handler.py:handle_request():124] handle_request: poll_exit
2021-09-18 16:42:43,577 DEBUG   SenderThread:686735 [sender.py:send_request():193] send_request: poll_exit
2021-09-18 16:42:43,679 DEBUG   HandlerThread:686735 [handler.py:handle_request():124] handle_request: poll_exit
2021-09-18 16:42:43,679 DEBUG   SenderThread:686735 [sender.py:send_request():193] send_request: poll_exit
2021-09-18 16:42:43,781 DEBUG   HandlerThread:686735 [handler.py:handle_request():124] handle_request: poll_exit
2021-09-18 16:42:43,781 DEBUG   SenderThread:686735 [sender.py:send_request():193] send_request: poll_exit
2021-09-18 16:42:43,882 DEBUG   HandlerThread:686735 [handler.py:handle_request():124] handle_request: poll_exit
2021-09-18 16:42:43,883 DEBUG   SenderThread:686735 [sender.py:send_request():193] send_request: poll_exit
2021-09-18 16:42:43,984 DEBUG   HandlerThread:686735 [handler.py:handle_request():124] handle_request: poll_exit
2021-09-18 16:42:43,985 DEBUG   SenderThread:686735 [sender.py:send_request():193] send_request: poll_exit
2021-09-18 16:42:44,086 DEBUG   HandlerThread:686735 [handler.py:handle_request():124] handle_request: poll_exit
2021-09-18 16:42:44,086 DEBUG   SenderThread:686735 [sender.py:send_request():193] send_request: poll_exit
2021-09-18 16:42:44,188 DEBUG   HandlerThread:686735 [handler.py:handle_request():124] handle_request: poll_exit
2021-09-18 16:42:44,188 DEBUG   SenderThread:686735 [sender.py:send_request():193] send_request: poll_exit
2021-09-18 16:42:44,290 DEBUG   HandlerThread:686735 [handler.py:handle_request():124] handle_request: poll_exit
2021-09-18 16:42:44,290 DEBUG   SenderThread:686735 [sender.py:send_request():193] send_request: poll_exit
2021-09-18 16:42:44,392 DEBUG   HandlerThread:686735 [handler.py:handle_request():124] handle_request: poll_exit
2021-09-18 16:42:44,392 DEBUG   SenderThread:686735 [sender.py:send_request():193] send_request: poll_exit
2021-09-18 16:42:44,494 DEBUG   HandlerThread:686735 [handler.py:handle_request():124] handle_request: poll_exit
2021-09-18 16:42:44,494 DEBUG   SenderThread:686735 [sender.py:send_request():193] send_request: poll_exit
2021-09-18 16:42:44,596 DEBUG   HandlerThread:686735 [handler.py:handle_request():124] handle_request: poll_exit
2021-09-18 16:42:44,596 DEBUG   SenderThread:686735 [sender.py:send_request():193] send_request: poll_exit
2021-09-18 16:42:44,697 DEBUG   HandlerThread:686735 [handler.py:handle_request():124] handle_request: poll_exit
2021-09-18 16:42:44,698 DEBUG   SenderThread:686735 [sender.py:send_request():193] send_request: poll_exit
2021-09-18 16:42:44,799 DEBUG   HandlerThread:686735 [handler.py:handle_request():124] handle_request: poll_exit
2021-09-18 16:42:44,800 DEBUG   SenderThread:686735 [sender.py:send_request():193] send_request: poll_exit
2021-09-18 16:42:44,901 DEBUG   HandlerThread:686735 [handler.py:handle_request():124] handle_request: poll_exit
2021-09-18 16:42:44,902 DEBUG   SenderThread:686735 [sender.py:send_request():193] send_request: poll_exit
2021-09-18 16:42:45,003 DEBUG   HandlerThread:686735 [handler.py:handle_request():124] handle_request: poll_exit
2021-09-18 16:42:45,003 DEBUG   SenderThread:686735 [sender.py:send_request():193] send_request: poll_exit
2021-09-18 16:42:45,105 DEBUG   HandlerThread:686735 [handler.py:handle_request():124] handle_request: poll_exit
2021-09-18 16:42:45,105 DEBUG   SenderThread:686735 [sender.py:send_request():193] send_request: poll_exit
2021-09-18 16:42:45,207 DEBUG   HandlerThread:686735 [handler.py:handle_request():124] handle_request: poll_exit
2021-09-18 16:42:45,207 DEBUG   SenderThread:686735 [sender.py:send_request():193] send_request: poll_exit
2021-09-18 16:42:45,309 DEBUG   HandlerThread:686735 [handler.py:handle_request():124] handle_request: poll_exit
2021-09-18 16:42:45,309 DEBUG   SenderThread:686735 [sender.py:send_request():193] send_request: poll_exit
2021-09-18 16:42:45,410 DEBUG   HandlerThread:686735 [handler.py:handle_request():124] handle_request: poll_exit
2021-09-18 16:42:45,411 DEBUG   SenderThread:686735 [sender.py:send_request():193] send_request: poll_exit
2021-09-18 16:42:45,512 DEBUG   HandlerThread:686735 [handler.py:handle_request():124] handle_request: poll_exit
2021-09-18 16:42:45,513 DEBUG   SenderThread:686735 [sender.py:send_request():193] send_request: poll_exit
2021-09-18 16:42:45,614 DEBUG   HandlerThread:686735 [handler.py:handle_request():124] handle_request: poll_exit
2021-09-18 16:42:45,614 DEBUG   SenderThread:686735 [sender.py:send_request():193] send_request: poll_exit
2021-09-18 16:42:45,716 DEBUG   HandlerThread:686735 [handler.py:handle_request():124] handle_request: poll_exit
2021-09-18 16:42:45,716 DEBUG   SenderThread:686735 [sender.py:send_request():193] send_request: poll_exit
2021-09-18 16:42:45,818 DEBUG   HandlerThread:686735 [handler.py:handle_request():124] handle_request: poll_exit
2021-09-18 16:42:45,818 DEBUG   SenderThread:686735 [sender.py:send_request():193] send_request: poll_exit
2021-09-18 16:42:45,920 DEBUG   HandlerThread:686735 [handler.py:handle_request():124] handle_request: poll_exit
2021-09-18 16:42:45,920 DEBUG   SenderThread:686735 [sender.py:send_request():193] send_request: poll_exit
2021-09-18 16:42:46,021 DEBUG   HandlerThread:686735 [handler.py:handle_request():124] handle_request: poll_exit
2021-09-18 16:42:46,022 DEBUG   SenderThread:686735 [sender.py:send_request():193] send_request: poll_exit
2021-09-18 16:42:46,123 DEBUG   HandlerThread:686735 [handler.py:handle_request():124] handle_request: poll_exit
2021-09-18 16:42:46,123 DEBUG   SenderThread:686735 [sender.py:send_request():193] send_request: poll_exit
2021-09-18 16:42:46,225 DEBUG   HandlerThread:686735 [handler.py:handle_request():124] handle_request: poll_exit
2021-09-18 16:42:46,225 DEBUG   SenderThread:686735 [sender.py:send_request():193] send_request: poll_exit
2021-09-18 16:42:46,327 DEBUG   HandlerThread:686735 [handler.py:handle_request():124] handle_request: poll_exit
2021-09-18 16:42:46,327 DEBUG   SenderThread:686735 [sender.py:send_request():193] send_request: poll_exit
2021-09-18 16:42:46,429 DEBUG   HandlerThread:686735 [handler.py:handle_request():124] handle_request: poll_exit
2021-09-18 16:42:46,429 DEBUG   SenderThread:686735 [sender.py:send_request():193] send_request: poll_exit
2021-09-18 16:42:46,531 DEBUG   HandlerThread:686735 [handler.py:handle_request():124] handle_request: poll_exit
2021-09-18 16:42:46,531 DEBUG   SenderThread:686735 [sender.py:send_request():193] send_request: poll_exit
2021-09-18 16:42:46,632 DEBUG   HandlerThread:686735 [handler.py:handle_request():124] handle_request: poll_exit
2021-09-18 16:42:46,633 DEBUG   SenderThread:686735 [sender.py:send_request():193] send_request: poll_exit
2021-09-18 16:42:46,734 DEBUG   HandlerThread:686735 [handler.py:handle_request():124] handle_request: poll_exit
2021-09-18 16:42:46,735 DEBUG   SenderThread:686735 [sender.py:send_request():193] send_request: poll_exit
2021-09-18 16:42:46,836 DEBUG   HandlerThread:686735 [handler.py:handle_request():124] handle_request: poll_exit
2021-09-18 16:42:46,837 DEBUG   SenderThread:686735 [sender.py:send_request():193] send_request: poll_exit
2021-09-18 16:42:46,938 DEBUG   HandlerThread:686735 [handler.py:handle_request():124] handle_request: poll_exit
2021-09-18 16:42:46,938 DEBUG   SenderThread:686735 [sender.py:send_request():193] send_request: poll_exit
2021-09-18 16:42:47,040 DEBUG   HandlerThread:686735 [handler.py:handle_request():124] handle_request: poll_exit
2021-09-18 16:42:47,040 DEBUG   SenderThread:686735 [sender.py:send_request():193] send_request: poll_exit
2021-09-18 16:42:47,142 DEBUG   HandlerThread:686735 [handler.py:handle_request():124] handle_request: poll_exit
2021-09-18 16:42:47,142 DEBUG   SenderThread:686735 [sender.py:send_request():193] send_request: poll_exit
2021-09-18 16:42:47,244 DEBUG   HandlerThread:686735 [handler.py:handle_request():124] handle_request: poll_exit
2021-09-18 16:42:47,244 DEBUG   SenderThread:686735 [sender.py:send_request():193] send_request: poll_exit
2021-09-18 16:42:47,346 DEBUG   HandlerThread:686735 [handler.py:handle_request():124] handle_request: poll_exit
2021-09-18 16:42:47,346 DEBUG   SenderThread:686735 [sender.py:send_request():193] send_request: poll_exit
2021-09-18 16:42:47,448 DEBUG   HandlerThread:686735 [handler.py:handle_request():124] handle_request: poll_exit
2021-09-18 16:42:47,448 DEBUG   SenderThread:686735 [sender.py:send_request():193] send_request: poll_exit
2021-09-18 16:42:47,550 DEBUG   HandlerThread:686735 [handler.py:handle_request():124] handle_request: poll_exit
2021-09-18 16:42:47,550 DEBUG   SenderThread:686735 [sender.py:send_request():193] send_request: poll_exit
2021-09-18 16:42:47,652 DEBUG   HandlerThread:686735 [handler.py:handle_request():124] handle_request: poll_exit
2021-09-18 16:42:47,652 DEBUG   SenderThread:686735 [sender.py:send_request():193] send_request: poll_exit
2021-09-18 16:42:47,754 DEBUG   HandlerThread:686735 [handler.py:handle_request():124] handle_request: poll_exit
2021-09-18 16:42:47,754 DEBUG   SenderThread:686735 [sender.py:send_request():193] send_request: poll_exit
2021-09-18 16:42:47,856 DEBUG   HandlerThread:686735 [handler.py:handle_request():124] handle_request: poll_exit
2021-09-18 16:42:47,856 DEBUG   SenderThread:686735 [sender.py:send_request():193] send_request: poll_exit
2021-09-18 16:42:47,958 DEBUG   HandlerThread:686735 [handler.py:handle_request():124] handle_request: poll_exit
2021-09-18 16:42:47,958 DEBUG   SenderThread:686735 [sender.py:send_request():193] send_request: poll_exit
2021-09-18 16:42:48,059 DEBUG   HandlerThread:686735 [handler.py:handle_request():124] handle_request: poll_exit
2021-09-18 16:42:48,060 DEBUG   SenderThread:686735 [sender.py:send_request():193] send_request: poll_exit
2021-09-18 16:42:48,161 DEBUG   HandlerThread:686735 [handler.py:handle_request():124] handle_request: poll_exit
2021-09-18 16:42:48,162 DEBUG   SenderThread:686735 [sender.py:send_request():193] send_request: poll_exit
2021-09-18 16:42:48,263 DEBUG   HandlerThread:686735 [handler.py:handle_request():124] handle_request: poll_exit
2021-09-18 16:42:48,264 DEBUG   SenderThread:686735 [sender.py:send_request():193] send_request: poll_exit
2021-09-18 16:42:48,365 DEBUG   HandlerThread:686735 [handler.py:handle_request():124] handle_request: poll_exit
2021-09-18 16:42:48,365 DEBUG   SenderThread:686735 [sender.py:send_request():193] send_request: poll_exit
2021-09-18 16:42:48,467 DEBUG   HandlerThread:686735 [handler.py:handle_request():124] handle_request: poll_exit
2021-09-18 16:42:48,467 DEBUG   SenderThread:686735 [sender.py:send_request():193] send_request: poll_exit
2021-09-18 16:42:48,569 DEBUG   HandlerThread:686735 [handler.py:handle_request():124] handle_request: poll_exit
2021-09-18 16:42:48,569 DEBUG   SenderThread:686735 [sender.py:send_request():193] send_request: poll_exit
2021-09-18 16:42:48,671 DEBUG   HandlerThread:686735 [handler.py:handle_request():124] handle_request: poll_exit
2021-09-18 16:42:48,671 DEBUG   SenderThread:686735 [sender.py:send_request():193] send_request: poll_exit
2021-09-18 16:42:48,773 DEBUG   HandlerThread:686735 [handler.py:handle_request():124] handle_request: poll_exit
2021-09-18 16:42:48,773 DEBUG   SenderThread:686735 [sender.py:send_request():193] send_request: poll_exit
2021-09-18 16:42:48,875 DEBUG   HandlerThread:686735 [handler.py:handle_request():124] handle_request: poll_exit
2021-09-18 16:42:48,875 DEBUG   SenderThread:686735 [sender.py:send_request():193] send_request: poll_exit
2021-09-18 16:42:48,977 DEBUG   HandlerThread:686735 [handler.py:handle_request():124] handle_request: poll_exit
2021-09-18 16:42:48,977 DEBUG   SenderThread:686735 [sender.py:send_request():193] send_request: poll_exit
2021-09-18 16:42:49,079 DEBUG   HandlerThread:686735 [handler.py:handle_request():124] handle_request: poll_exit
2021-09-18 16:42:49,080 DEBUG   SenderThread:686735 [sender.py:send_request():193] send_request: poll_exit
2021-09-18 16:42:49,181 DEBUG   HandlerThread:686735 [handler.py:handle_request():124] handle_request: poll_exit
2021-09-18 16:42:49,181 DEBUG   SenderThread:686735 [sender.py:send_request():193] send_request: poll_exit
2021-09-18 16:42:49,283 DEBUG   HandlerThread:686735 [handler.py:handle_request():124] handle_request: poll_exit
2021-09-18 16:42:49,283 DEBUG   SenderThread:686735 [sender.py:send_request():193] send_request: poll_exit
2021-09-18 16:42:49,385 DEBUG   HandlerThread:686735 [handler.py:handle_request():124] handle_request: poll_exit
2021-09-18 16:42:49,385 DEBUG   SenderThread:686735 [sender.py:send_request():193] send_request: poll_exit
2021-09-18 16:42:49,487 DEBUG   HandlerThread:686735 [handler.py:handle_request():124] handle_request: poll_exit
2021-09-18 16:42:49,487 DEBUG   SenderThread:686735 [sender.py:send_request():193] send_request: poll_exit
2021-09-18 16:42:49,589 DEBUG   HandlerThread:686735 [handler.py:handle_request():124] handle_request: poll_exit
2021-09-18 16:42:49,589 DEBUG   SenderThread:686735 [sender.py:send_request():193] send_request: poll_exit
2021-09-18 16:42:49,691 DEBUG   HandlerThread:686735 [handler.py:handle_request():124] handle_request: poll_exit
2021-09-18 16:42:49,691 DEBUG   SenderThread:686735 [sender.py:send_request():193] send_request: poll_exit
2021-09-18 16:42:49,793 DEBUG   HandlerThread:686735 [handler.py:handle_request():124] handle_request: poll_exit
2021-09-18 16:42:49,793 DEBUG   SenderThread:686735 [sender.py:send_request():193] send_request: poll_exit
2021-09-18 16:42:49,895 DEBUG   HandlerThread:686735 [handler.py:handle_request():124] handle_request: poll_exit
2021-09-18 16:42:49,895 DEBUG   SenderThread:686735 [sender.py:send_request():193] send_request: poll_exit
2021-09-18 16:42:49,997 DEBUG   HandlerThread:686735 [handler.py:handle_request():124] handle_request: poll_exit
2021-09-18 16:42:49,997 DEBUG   SenderThread:686735 [sender.py:send_request():193] send_request: poll_exit
2021-09-18 16:42:50,099 DEBUG   HandlerThread:686735 [handler.py:handle_request():124] handle_request: poll_exit
2021-09-18 16:42:50,099 DEBUG   SenderThread:686735 [sender.py:send_request():193] send_request: poll_exit
2021-09-18 16:42:50,201 DEBUG   HandlerThread:686735 [handler.py:handle_request():124] handle_request: poll_exit
2021-09-18 16:42:50,201 DEBUG   SenderThread:686735 [sender.py:send_request():193] send_request: poll_exit
2021-09-18 16:42:50,303 DEBUG   HandlerThread:686735 [handler.py:handle_request():124] handle_request: poll_exit
2021-09-18 16:42:50,303 DEBUG   SenderThread:686735 [sender.py:send_request():193] send_request: poll_exit
2021-09-18 16:42:50,404 DEBUG   HandlerThread:686735 [handler.py:handle_request():124] handle_request: poll_exit
2021-09-18 16:42:50,405 DEBUG   SenderThread:686735 [sender.py:send_request():193] send_request: poll_exit
2021-09-18 16:42:50,506 DEBUG   HandlerThread:686735 [handler.py:handle_request():124] handle_request: poll_exit
2021-09-18 16:42:50,507 DEBUG   SenderThread:686735 [sender.py:send_request():193] send_request: poll_exit
2021-09-18 16:42:50,608 DEBUG   HandlerThread:686735 [handler.py:handle_request():124] handle_request: poll_exit
2021-09-18 16:42:50,609 DEBUG   SenderThread:686735 [sender.py:send_request():193] send_request: poll_exit
2021-09-18 16:42:50,710 DEBUG   HandlerThread:686735 [handler.py:handle_request():124] handle_request: poll_exit
2021-09-18 16:42:50,711 DEBUG   SenderThread:686735 [sender.py:send_request():193] send_request: poll_exit
2021-09-18 16:42:50,812 DEBUG   HandlerThread:686735 [handler.py:handle_request():124] handle_request: poll_exit
2021-09-18 16:42:50,813 DEBUG   SenderThread:686735 [sender.py:send_request():193] send_request: poll_exit
2021-09-18 16:42:50,914 DEBUG   HandlerThread:686735 [handler.py:handle_request():124] handle_request: poll_exit
2021-09-18 16:42:50,915 DEBUG   SenderThread:686735 [sender.py:send_request():193] send_request: poll_exit
2021-09-18 16:42:51,016 DEBUG   HandlerThread:686735 [handler.py:handle_request():124] handle_request: poll_exit
2021-09-18 16:42:51,016 DEBUG   SenderThread:686735 [sender.py:send_request():193] send_request: poll_exit
2021-09-18 16:42:51,118 DEBUG   HandlerThread:686735 [handler.py:handle_request():124] handle_request: poll_exit
2021-09-18 16:42:51,118 DEBUG   SenderThread:686735 [sender.py:send_request():193] send_request: poll_exit
2021-09-18 16:42:51,220 DEBUG   HandlerThread:686735 [handler.py:handle_request():124] handle_request: poll_exit
2021-09-18 16:42:51,220 DEBUG   SenderThread:686735 [sender.py:send_request():193] send_request: poll_exit
2021-09-18 16:42:51,321 DEBUG   HandlerThread:686735 [handler.py:handle_request():124] handle_request: poll_exit
2021-09-18 16:42:51,322 DEBUG   SenderThread:686735 [sender.py:send_request():193] send_request: poll_exit
2021-09-18 16:42:51,390 INFO    Thread-12 :686735 [upload_job.py:push():137] Uploaded file /grid/koo/home/toneyan/profile/QuantPred/wandb/run-20210918_164134-1ji3fybp/files/config.yaml
2021-09-18 16:42:51,423 DEBUG   HandlerThread:686735 [handler.py:handle_request():124] handle_request: poll_exit
2021-09-18 16:42:51,424 DEBUG   SenderThread:686735 [sender.py:send_request():193] send_request: poll_exit
2021-09-18 16:42:51,525 DEBUG   HandlerThread:686735 [handler.py:handle_request():124] handle_request: poll_exit
2021-09-18 16:42:51,525 DEBUG   SenderThread:686735 [sender.py:send_request():193] send_request: poll_exit
2021-09-18 16:42:51,627 DEBUG   HandlerThread:686735 [handler.py:handle_request():124] handle_request: poll_exit
2021-09-18 16:42:51,627 DEBUG   SenderThread:686735 [sender.py:send_request():193] send_request: poll_exit
2021-09-18 16:42:51,729 DEBUG   HandlerThread:686735 [handler.py:handle_request():124] handle_request: poll_exit
2021-09-18 16:42:51,729 DEBUG   SenderThread:686735 [sender.py:send_request():193] send_request: poll_exit
2021-09-18 16:42:51,834 DEBUG   HandlerThread:686735 [handler.py:handle_request():124] handle_request: poll_exit
2021-09-18 16:42:51,835 DEBUG   SenderThread:686735 [sender.py:send_request():193] send_request: poll_exit
2021-09-18 16:42:51,940 DEBUG   HandlerThread:686735 [handler.py:handle_request():124] handle_request: poll_exit
2021-09-18 16:42:51,941 DEBUG   SenderThread:686735 [sender.py:send_request():193] send_request: poll_exit
2021-09-18 16:42:52,042 DEBUG   HandlerThread:686735 [handler.py:handle_request():124] handle_request: poll_exit
2021-09-18 16:42:52,043 DEBUG   SenderThread:686735 [sender.py:send_request():193] send_request: poll_exit
2021-09-18 16:42:52,144 DEBUG   HandlerThread:686735 [handler.py:handle_request():124] handle_request: poll_exit
2021-09-18 16:42:52,145 DEBUG   SenderThread:686735 [sender.py:send_request():193] send_request: poll_exit
2021-09-18 16:42:52,252 DEBUG   HandlerThread:686735 [handler.py:handle_request():124] handle_request: poll_exit
2021-09-18 16:42:52,252 DEBUG   SenderThread:686735 [sender.py:send_request():193] send_request: poll_exit
2021-09-18 16:42:52,354 DEBUG   HandlerThread:686735 [handler.py:handle_request():124] handle_request: poll_exit
2021-09-18 16:42:52,354 DEBUG   SenderThread:686735 [sender.py:send_request():193] send_request: poll_exit
2021-09-18 16:42:52,455 DEBUG   HandlerThread:686735 [handler.py:handle_request():124] handle_request: poll_exit
2021-09-18 16:42:52,456 DEBUG   SenderThread:686735 [sender.py:send_request():193] send_request: poll_exit
2021-09-18 16:42:52,557 DEBUG   HandlerThread:686735 [handler.py:handle_request():124] handle_request: poll_exit
2021-09-18 16:42:52,557 DEBUG   SenderThread:686735 [sender.py:send_request():193] send_request: poll_exit
2021-09-18 16:42:52,659 DEBUG   HandlerThread:686735 [handler.py:handle_request():124] handle_request: poll_exit
2021-09-18 16:42:52,659 DEBUG   SenderThread:686735 [sender.py:send_request():193] send_request: poll_exit
2021-09-18 16:42:52,665 INFO    Thread-14 :686735 [upload_job.py:push():137] Uploaded file /grid/koo/home/toneyan/profile/QuantPred/wandb/run-20210918_164134-1ji3fybp/files/wandb-summary.json
2021-09-18 16:42:52,761 DEBUG   HandlerThread:686735 [handler.py:handle_request():124] handle_request: poll_exit
2021-09-18 16:42:52,761 DEBUG   SenderThread:686735 [sender.py:send_request():193] send_request: poll_exit
2021-09-18 16:42:52,863 DEBUG   HandlerThread:686735 [handler.py:handle_request():124] handle_request: poll_exit
2021-09-18 16:42:52,863 DEBUG   SenderThread:686735 [sender.py:send_request():193] send_request: poll_exit
2021-09-18 16:42:52,877 INFO    Thread-13 :686735 [upload_job.py:push():137] Uploaded file /grid/koo/home/toneyan/profile/QuantPred/wandb/run-20210918_164134-1ji3fybp/files/requirements.txt
2021-09-18 16:42:52,965 DEBUG   HandlerThread:686735 [handler.py:handle_request():124] handle_request: poll_exit
2021-09-18 16:42:52,965 DEBUG   SenderThread:686735 [sender.py:send_request():193] send_request: poll_exit
2021-09-18 16:42:53,066 DEBUG   HandlerThread:686735 [handler.py:handle_request():124] handle_request: poll_exit
2021-09-18 16:42:53,067 DEBUG   SenderThread:686735 [sender.py:send_request():193] send_request: poll_exit
2021-09-18 16:42:53,078 INFO    Thread-7  :686735 [sender.py:transition_state():308] send defer: 7
2021-09-18 16:42:53,078 DEBUG   HandlerThread:686735 [handler.py:handle_request():124] handle_request: defer
2021-09-18 16:42:53,078 INFO    HandlerThread:686735 [handler.py:handle_request_defer():141] handle defer: 7
2021-09-18 16:42:53,079 DEBUG   SenderThread:686735 [sender.py:send_request():193] send_request: defer
2021-09-18 16:42:53,079 INFO    SenderThread:686735 [sender.py:send_request_defer():304] handle sender defer: 7
2021-09-18 16:42:53,131 INFO    SenderThread:686735 [sender.py:transition_state():308] send defer: 8
2021-09-18 16:42:53,132 DEBUG   HandlerThread:686735 [handler.py:handle_request():124] handle_request: defer
2021-09-18 16:42:53,132 INFO    HandlerThread:686735 [handler.py:handle_request_defer():141] handle defer: 8
2021-09-18 16:42:53,132 DEBUG   SenderThread:686735 [sender.py:send_request():193] send_request: defer
2021-09-18 16:42:53,132 INFO    SenderThread:686735 [sender.py:send_request_defer():304] handle sender defer: 8
2021-09-18 16:42:53,132 INFO    SenderThread:686735 [sender.py:transition_state():308] send defer: 9
2021-09-18 16:42:53,132 DEBUG   SenderThread:686735 [sender.py:send():179] send: final
2021-09-18 16:42:53,132 DEBUG   HandlerThread:686735 [handler.py:handle_request():124] handle_request: defer
2021-09-18 16:42:53,132 DEBUG   SenderThread:686735 [sender.py:send():179] send: footer
2021-09-18 16:42:53,133 INFO    HandlerThread:686735 [handler.py:handle_request_defer():141] handle defer: 9
2021-09-18 16:42:53,133 DEBUG   SenderThread:686735 [sender.py:send_request():193] send_request: defer
2021-09-18 16:42:53,133 INFO    SenderThread:686735 [sender.py:send_request_defer():304] handle sender defer: 9
2021-09-18 16:42:53,168 DEBUG   HandlerThread:686735 [handler.py:handle_request():124] handle_request: poll_exit
2021-09-18 16:42:53,168 DEBUG   SenderThread:686735 [sender.py:send_request():193] send_request: poll_exit
2021-09-18 16:42:53,169 INFO    SenderThread:686735 [file_pusher.py:join():182] waiting for file pusher
2021-09-18 16:42:53,169 DEBUG   HandlerThread:686735 [handler.py:handle_request():124] handle_request: get_summary
2021-09-18 16:42:53,170 DEBUG   HandlerThread:686735 [handler.py:handle_request():124] handle_request: sampled_history
2021-09-18 16:42:53,170 DEBUG   HandlerThread:686735 [handler.py:handle_request():124] handle_request: shutdown
2021-09-18 16:42:53,170 INFO    HandlerThread:686735 [handler.py:finish():638] shutting down handler
2021-09-18 16:42:54,133 INFO    WriterThread:686735 [datastore.py:close():288] close: /grid/koo/home/toneyan/profile/QuantPred/wandb/run-20210918_164134-1ji3fybp/run-1ji3fybp.wandb
2021-09-18 16:42:54,169 INFO    SenderThread:686735 [sender.py:finish():945] shutting down sender
2021-09-18 16:42:54,169 INFO    SenderThread:686735 [file_pusher.py:finish():177] shutting down file pusher
2021-09-18 16:42:54,169 INFO    SenderThread:686735 [file_pusher.py:join():182] waiting for file pusher
2021-09-18 16:42:54,171 INFO    MainThread:686735 [internal.py:handle_exit():78] Internal process exited
