2021-09-14 05:52:46,371 INFO    MainThread:1091940 [internal.py:wandb_internal():91] W&B internal server running at pid: 1091940, started at: 2021-09-14 05:52:46.368826
2021-09-14 05:52:46,373 DEBUG   HandlerThread:1091940 [handler.py:handle_request():124] handle_request: check_version
2021-09-14 05:52:46,373 INFO    WriterThread:1091940 [datastore.py:open_for_write():80] open: /grid/koo/home/toneyan/profile/QuantPred/wandb/run-20210914_055245-3p8jervq/run-3p8jervq.wandb
2021-09-14 05:52:46,376 DEBUG   SenderThread:1091940 [sender.py:send():179] send: header
2021-09-14 05:52:46,376 DEBUG   SenderThread:1091940 [sender.py:send_request():193] send_request: check_version
2021-09-14 05:52:46,407 DEBUG   SenderThread:1091940 [sender.py:send():179] send: run
2021-09-14 05:52:46,490 INFO    SenderThread:1091940 [dir_watcher.py:__init__():168] watching files in: /grid/koo/home/toneyan/profile/QuantPred/wandb/run-20210914_055245-3p8jervq/files
2021-09-14 05:52:46,490 INFO    SenderThread:1091940 [sender.py:_start_run_threads():719] run started: 3p8jervq with start time 1631613165
2021-09-14 05:52:46,490 DEBUG   SenderThread:1091940 [sender.py:send():179] send: summary
2021-09-14 05:52:46,491 INFO    SenderThread:1091940 [sender.py:_save_file():841] saving file wandb-summary.json with policy end
2021-09-14 05:52:46,493 DEBUG   HandlerThread:1091940 [handler.py:handle_request():124] handle_request: run_start
2021-09-14 05:52:47,492 INFO    Thread-8  :1091940 [dir_watcher.py:_on_file_created():216] file/dir created: /grid/koo/home/toneyan/profile/QuantPred/wandb/run-20210914_055245-3p8jervq/files/wandb-summary.json
2021-09-14 05:52:47,614 DEBUG   HandlerThread:1091940 [meta.py:__init__():39] meta init
2021-09-14 05:52:47,614 DEBUG   HandlerThread:1091940 [meta.py:__init__():53] meta init done
2021-09-14 05:52:47,614 DEBUG   HandlerThread:1091940 [meta.py:probe():210] probe
2021-09-14 05:52:47,619 DEBUG   HandlerThread:1091940 [meta.py:_save_pip():57] save pip
2021-09-14 05:52:47,621 DEBUG   HandlerThread:1091940 [meta.py:_save_pip():71] save pip done
2021-09-14 05:52:47,621 DEBUG   HandlerThread:1091940 [meta.py:probe():252] probe done
2021-09-14 05:52:47,624 DEBUG   SenderThread:1091940 [sender.py:send():179] send: files
2021-09-14 05:52:47,624 INFO    SenderThread:1091940 [sender.py:_save_file():841] saving file wandb-metadata.json with policy now
2021-09-14 05:52:47,631 DEBUG   HandlerThread:1091940 [handler.py:handle_request():124] handle_request: stop_status
2021-09-14 05:52:47,632 DEBUG   SenderThread:1091940 [sender.py:send_request():193] send_request: stop_status
2021-09-14 05:52:48,034 INFO    Thread-11 :1091940 [upload_job.py:push():137] Uploaded file /tmp/3287111.1.gpu_ded.q/tmpvcz11b4qwandb/zdejur6y-wandb-metadata.json
2021-09-14 05:52:48,491 INFO    Thread-8  :1091940 [dir_watcher.py:_on_file_created():216] file/dir created: /grid/koo/home/toneyan/profile/QuantPred/wandb/run-20210914_055245-3p8jervq/files/requirements.txt
2021-09-14 05:52:48,492 INFO    Thread-8  :1091940 [dir_watcher.py:_on_file_created():216] file/dir created: /grid/koo/home/toneyan/profile/QuantPred/wandb/run-20210914_055245-3p8jervq/files/wandb-metadata.json
2021-09-14 05:52:48,492 INFO    Thread-8  :1091940 [dir_watcher.py:_on_file_created():216] file/dir created: /grid/koo/home/toneyan/profile/QuantPred/wandb/run-20210914_055245-3p8jervq/files/output.log
2021-09-14 05:53:03,779 DEBUG   HandlerThread:1091940 [handler.py:handle_request():124] handle_request: stop_status
2021-09-14 05:53:03,779 DEBUG   SenderThread:1091940 [sender.py:send_request():193] send_request: stop_status
2021-09-14 05:53:15,965 DEBUG   SenderThread:1091940 [sender.py:send():179] send: stats
2021-09-14 05:53:18,850 DEBUG   HandlerThread:1091940 [handler.py:handle_request():124] handle_request: stop_status
2021-09-14 05:53:18,851 DEBUG   SenderThread:1091940 [sender.py:send_request():193] send_request: stop_status
2021-09-14 05:53:27,859 DEBUG   HandlerThread:1091940 [handler.py:handle_request():124] handle_request: poll_exit
2021-09-14 05:53:27,859 DEBUG   SenderThread:1091940 [sender.py:send():179] send: telemetry
2021-09-14 05:53:27,859 DEBUG   SenderThread:1091940 [sender.py:send():179] send: exit
2021-09-14 05:53:27,859 INFO    SenderThread:1091940 [sender.py:send_exit():287] handling exit code: 1
2021-09-14 05:53:27,859 INFO    SenderThread:1091940 [sender.py:send_exit():295] send defer
2021-09-14 05:53:27,860 DEBUG   SenderThread:1091940 [sender.py:send_request():193] send_request: poll_exit
2021-09-14 05:53:27,860 DEBUG   HandlerThread:1091940 [handler.py:handle_request():124] handle_request: defer
2021-09-14 05:53:27,860 INFO    HandlerThread:1091940 [handler.py:handle_request_defer():141] handle defer: 0
2021-09-14 05:53:27,860 DEBUG   SenderThread:1091940 [sender.py:send_request():193] send_request: defer
2021-09-14 05:53:27,860 INFO    SenderThread:1091940 [sender.py:send_request_defer():304] handle sender defer: 0
2021-09-14 05:53:27,860 INFO    SenderThread:1091940 [sender.py:transition_state():308] send defer: 1
2021-09-14 05:53:27,860 DEBUG   HandlerThread:1091940 [handler.py:handle_request():124] handle_request: defer
2021-09-14 05:53:27,860 INFO    HandlerThread:1091940 [handler.py:handle_request_defer():141] handle defer: 1
2021-09-14 05:53:27,892 DEBUG   SenderThread:1091940 [sender.py:send_request():193] send_request: defer
2021-09-14 05:53:27,892 INFO    SenderThread:1091940 [sender.py:send_request_defer():304] handle sender defer: 1
2021-09-14 05:53:27,892 INFO    SenderThread:1091940 [sender.py:transition_state():308] send defer: 2
2021-09-14 05:53:27,892 DEBUG   SenderThread:1091940 [sender.py:send():179] send: stats
2021-09-14 05:53:27,892 DEBUG   HandlerThread:1091940 [handler.py:handle_request():124] handle_request: defer
2021-09-14 05:53:27,894 INFO    HandlerThread:1091940 [handler.py:handle_request_defer():141] handle defer: 2
2021-09-14 05:53:27,894 DEBUG   SenderThread:1091940 [sender.py:send_request():193] send_request: defer
2021-09-14 05:53:27,894 INFO    SenderThread:1091940 [sender.py:send_request_defer():304] handle sender defer: 2
2021-09-14 05:53:27,894 INFO    SenderThread:1091940 [sender.py:transition_state():308] send defer: 3
2021-09-14 05:53:27,895 DEBUG   HandlerThread:1091940 [handler.py:handle_request():124] handle_request: defer
2021-09-14 05:53:27,895 INFO    HandlerThread:1091940 [handler.py:handle_request_defer():141] handle defer: 3
2021-09-14 05:53:27,895 DEBUG   SenderThread:1091940 [sender.py:send():179] send: summary
2021-09-14 05:53:27,895 INFO    SenderThread:1091940 [sender.py:_save_file():841] saving file wandb-summary.json with policy end
2021-09-14 05:53:27,895 DEBUG   SenderThread:1091940 [sender.py:send_request():193] send_request: defer
2021-09-14 05:53:27,895 INFO    SenderThread:1091940 [sender.py:send_request_defer():304] handle sender defer: 3
2021-09-14 05:53:27,896 INFO    SenderThread:1091940 [sender.py:transition_state():308] send defer: 4
2021-09-14 05:53:27,896 DEBUG   HandlerThread:1091940 [handler.py:handle_request():124] handle_request: defer
2021-09-14 05:53:27,896 INFO    HandlerThread:1091940 [handler.py:handle_request_defer():141] handle defer: 4
2021-09-14 05:53:27,896 DEBUG   SenderThread:1091940 [sender.py:send_request():193] send_request: defer
2021-09-14 05:53:27,896 INFO    SenderThread:1091940 [sender.py:send_request_defer():304] handle sender defer: 4
2021-09-14 05:53:27,958 ERROR   SenderThread:1091940 [internal_api.py:execute():130] 429 response executing GraphQL.
2021-09-14 05:53:27,959 ERROR   SenderThread:1091940 [internal_api.py:execute():131] {"error":"rate limit exceeded"}

2021-09-14 05:53:27,962 DEBUG   HandlerThread:1091940 [handler.py:handle_request():124] handle_request: poll_exit
2021-09-14 05:53:28,505 INFO    Thread-8  :1091940 [dir_watcher.py:_on_file_modified():229] file/dir modified: /grid/koo/home/toneyan/profile/QuantPred/wandb/run-20210914_055245-3p8jervq/files/wandb-summary.json
2021-09-14 05:53:29,137 ERROR   SenderThread:1091940 [internal_api.py:execute():130] 429 response executing GraphQL.
2021-09-14 05:53:29,137 ERROR   SenderThread:1091940 [internal_api.py:execute():131] {"error":"rate limit exceeded"}

2021-09-14 05:53:31,465 INFO    SenderThread:1091940 [sender.py:transition_state():308] send defer: 5
2021-09-14 05:53:31,465 DEBUG   SenderThread:1091940 [sender.py:send_request():193] send_request: poll_exit
2021-09-14 05:53:31,465 DEBUG   HandlerThread:1091940 [handler.py:handle_request():124] handle_request: defer
2021-09-14 05:53:31,465 INFO    HandlerThread:1091940 [handler.py:handle_request_defer():141] handle defer: 5
2021-09-14 05:53:31,466 DEBUG   SenderThread:1091940 [sender.py:send_request():193] send_request: defer
2021-09-14 05:53:31,466 INFO    SenderThread:1091940 [sender.py:send_request_defer():304] handle sender defer: 5
2021-09-14 05:53:31,466 INFO    SenderThread:1091940 [dir_watcher.py:finish():282] shutting down directory watcher
2021-09-14 05:53:31,506 INFO    SenderThread:1091940 [dir_watcher.py:_on_file_modified():229] file/dir modified: /grid/koo/home/toneyan/profile/QuantPred/wandb/run-20210914_055245-3p8jervq/files/config.yaml
2021-09-14 05:53:31,506 INFO    SenderThread:1091940 [dir_watcher.py:finish():312] scan: /grid/koo/home/toneyan/profile/QuantPred/wandb/run-20210914_055245-3p8jervq/files
2021-09-14 05:53:31,507 INFO    SenderThread:1091940 [dir_watcher.py:finish():318] scan save: /grid/koo/home/toneyan/profile/QuantPred/wandb/run-20210914_055245-3p8jervq/files/wandb-metadata.json wandb-metadata.json
2021-09-14 05:53:31,507 INFO    SenderThread:1091940 [dir_watcher.py:finish():318] scan save: /grid/koo/home/toneyan/profile/QuantPred/wandb/run-20210914_055245-3p8jervq/files/config.yaml config.yaml
2021-09-14 05:53:31,507 INFO    SenderThread:1091940 [dir_watcher.py:finish():318] scan save: /grid/koo/home/toneyan/profile/QuantPred/wandb/run-20210914_055245-3p8jervq/files/requirements.txt requirements.txt
2021-09-14 05:53:31,507 INFO    SenderThread:1091940 [dir_watcher.py:finish():318] scan save: /grid/koo/home/toneyan/profile/QuantPred/wandb/run-20210914_055245-3p8jervq/files/wandb-summary.json wandb-summary.json
2021-09-14 05:53:31,510 INFO    SenderThread:1091940 [dir_watcher.py:finish():318] scan save: /grid/koo/home/toneyan/profile/QuantPred/wandb/run-20210914_055245-3p8jervq/files/output.log output.log
2021-09-14 05:53:31,510 INFO    SenderThread:1091940 [sender.py:transition_state():308] send defer: 6
2021-09-14 05:53:31,517 DEBUG   HandlerThread:1091940 [handler.py:handle_request():124] handle_request: defer
2021-09-14 05:53:31,517 INFO    HandlerThread:1091940 [handler.py:handle_request_defer():141] handle defer: 6
2021-09-14 05:53:31,518 DEBUG   SenderThread:1091940 [sender.py:send_request():193] send_request: defer
2021-09-14 05:53:31,518 INFO    SenderThread:1091940 [sender.py:send_request_defer():304] handle sender defer: 6
2021-09-14 05:53:31,518 INFO    SenderThread:1091940 [file_pusher.py:finish():177] shutting down file pusher
2021-09-14 05:53:31,571 DEBUG   HandlerThread:1091940 [handler.py:handle_request():124] handle_request: poll_exit
2021-09-14 05:53:31,571 DEBUG   SenderThread:1091940 [sender.py:send_request():193] send_request: poll_exit
2021-09-14 05:53:31,677 DEBUG   HandlerThread:1091940 [handler.py:handle_request():124] handle_request: poll_exit
2021-09-14 05:53:31,678 DEBUG   SenderThread:1091940 [sender.py:send_request():193] send_request: poll_exit
2021-09-14 05:53:31,783 DEBUG   HandlerThread:1091940 [handler.py:handle_request():124] handle_request: poll_exit
2021-09-14 05:53:31,784 DEBUG   SenderThread:1091940 [sender.py:send_request():193] send_request: poll_exit
2021-09-14 05:53:31,851 INFO    Thread-14 :1091940 [upload_job.py:push():137] Uploaded file /grid/koo/home/toneyan/profile/QuantPred/wandb/run-20210914_055245-3p8jervq/files/wandb-summary.json
2021-09-14 05:53:31,889 DEBUG   HandlerThread:1091940 [handler.py:handle_request():124] handle_request: poll_exit
2021-09-14 05:53:31,889 DEBUG   SenderThread:1091940 [sender.py:send_request():193] send_request: poll_exit
2021-09-14 05:53:31,905 INFO    Thread-12 :1091940 [upload_job.py:push():137] Uploaded file /grid/koo/home/toneyan/profile/QuantPred/wandb/run-20210914_055245-3p8jervq/files/config.yaml
2021-09-14 05:53:31,912 INFO    Thread-13 :1091940 [upload_job.py:push():137] Uploaded file /grid/koo/home/toneyan/profile/QuantPred/wandb/run-20210914_055245-3p8jervq/files/requirements.txt
2021-09-14 05:53:31,995 DEBUG   HandlerThread:1091940 [handler.py:handle_request():124] handle_request: poll_exit
2021-09-14 05:53:31,995 DEBUG   SenderThread:1091940 [sender.py:send_request():193] send_request: poll_exit
2021-09-14 05:53:32,101 DEBUG   HandlerThread:1091940 [handler.py:handle_request():124] handle_request: poll_exit
2021-09-14 05:53:32,101 DEBUG   SenderThread:1091940 [sender.py:send_request():193] send_request: poll_exit
2021-09-14 05:53:32,112 INFO    Thread-7  :1091940 [sender.py:transition_state():308] send defer: 7
2021-09-14 05:53:32,113 DEBUG   HandlerThread:1091940 [handler.py:handle_request():124] handle_request: defer
2021-09-14 05:53:32,113 INFO    HandlerThread:1091940 [handler.py:handle_request_defer():141] handle defer: 7
2021-09-14 05:53:32,113 DEBUG   SenderThread:1091940 [sender.py:send_request():193] send_request: defer
2021-09-14 05:53:32,113 INFO    SenderThread:1091940 [sender.py:send_request_defer():304] handle sender defer: 7
2021-09-14 05:53:32,168 INFO    SenderThread:1091940 [sender.py:transition_state():308] send defer: 8
2021-09-14 05:53:32,168 DEBUG   HandlerThread:1091940 [handler.py:handle_request():124] handle_request: defer
2021-09-14 05:53:32,168 INFO    HandlerThread:1091940 [handler.py:handle_request_defer():141] handle defer: 8
2021-09-14 05:53:32,169 DEBUG   SenderThread:1091940 [sender.py:send_request():193] send_request: defer
2021-09-14 05:53:32,169 INFO    SenderThread:1091940 [sender.py:send_request_defer():304] handle sender defer: 8
2021-09-14 05:53:32,169 INFO    SenderThread:1091940 [sender.py:transition_state():308] send defer: 9
2021-09-14 05:53:32,169 DEBUG   SenderThread:1091940 [sender.py:send():179] send: final
2021-09-14 05:53:32,169 DEBUG   HandlerThread:1091940 [handler.py:handle_request():124] handle_request: defer
2021-09-14 05:53:32,169 DEBUG   SenderThread:1091940 [sender.py:send():179] send: footer
2021-09-14 05:53:32,169 INFO    HandlerThread:1091940 [handler.py:handle_request_defer():141] handle defer: 9
2021-09-14 05:53:32,169 DEBUG   SenderThread:1091940 [sender.py:send_request():193] send_request: defer
2021-09-14 05:53:32,169 INFO    SenderThread:1091940 [sender.py:send_request_defer():304] handle sender defer: 9
2021-09-14 05:53:32,207 DEBUG   HandlerThread:1091940 [handler.py:handle_request():124] handle_request: poll_exit
2021-09-14 05:53:32,207 DEBUG   SenderThread:1091940 [sender.py:send_request():193] send_request: poll_exit
2021-09-14 05:53:32,207 INFO    SenderThread:1091940 [file_pusher.py:join():182] waiting for file pusher
2021-09-14 05:53:32,212 DEBUG   HandlerThread:1091940 [handler.py:handle_request():124] handle_request: get_summary
2021-09-14 05:53:32,213 DEBUG   HandlerThread:1091940 [handler.py:handle_request():124] handle_request: sampled_history
2021-09-14 05:53:32,213 DEBUG   HandlerThread:1091940 [handler.py:handle_request():124] handle_request: shutdown
2021-09-14 05:53:32,213 INFO    HandlerThread:1091940 [handler.py:finish():638] shutting down handler
2021-09-14 05:53:33,169 INFO    WriterThread:1091940 [datastore.py:close():288] close: /grid/koo/home/toneyan/profile/QuantPred/wandb/run-20210914_055245-3p8jervq/run-3p8jervq.wandb
2021-09-14 05:53:33,208 INFO    SenderThread:1091940 [sender.py:finish():945] shutting down sender
2021-09-14 05:53:33,208 INFO    SenderThread:1091940 [file_pusher.py:finish():177] shutting down file pusher
2021-09-14 05:53:33,208 INFO    SenderThread:1091940 [file_pusher.py:join():182] waiting for file pusher
2021-09-14 05:53:33,209 INFO    MainThread:1091940 [internal.py:handle_exit():78] Internal process exited
