2021-09-18 12:58:31,254 INFO    MainThread:4071973 [internal.py:wandb_internal():91] W&B internal server running at pid: 4071973, started at: 2021-09-18 12:58:31.252812
2021-09-18 12:58:31,255 DEBUG   HandlerThread:4071973 [handler.py:handle_request():124] handle_request: check_version
2021-09-18 12:58:31,255 INFO    WriterThread:4071973 [datastore.py:open_for_write():80] open: /grid/koo/home/toneyan/profile/QuantPred/wandb/run-20210918_125830-28hq4ks9/run-28hq4ks9.wandb
2021-09-18 12:58:31,257 DEBUG   SenderThread:4071973 [sender.py:send():179] send: header
2021-09-18 12:58:31,257 DEBUG   SenderThread:4071973 [sender.py:send_request():193] send_request: check_version
2021-09-18 12:58:31,286 DEBUG   SenderThread:4071973 [sender.py:send():179] send: run
2021-09-18 12:58:31,366 INFO    SenderThread:4071973 [dir_watcher.py:__init__():168] watching files in: /grid/koo/home/toneyan/profile/QuantPred/wandb/run-20210918_125830-28hq4ks9/files
2021-09-18 12:58:31,366 INFO    SenderThread:4071973 [sender.py:_start_run_threads():719] run started: 28hq4ks9 with start time 1631984310
2021-09-18 12:58:31,368 DEBUG   SenderThread:4071973 [sender.py:send():179] send: summary
2021-09-18 12:58:31,369 INFO    SenderThread:4071973 [sender.py:_save_file():841] saving file wandb-summary.json with policy end
2021-09-18 12:58:31,370 DEBUG   HandlerThread:4071973 [handler.py:handle_request():124] handle_request: run_start
2021-09-18 12:58:32,368 INFO    Thread-8  :4071973 [dir_watcher.py:_on_file_created():216] file/dir created: /grid/koo/home/toneyan/profile/QuantPred/wandb/run-20210918_125830-28hq4ks9/files/wandb-summary.json
2021-09-18 12:58:32,568 DEBUG   HandlerThread:4071973 [meta.py:__init__():39] meta init
2021-09-18 12:58:32,568 DEBUG   HandlerThread:4071973 [meta.py:__init__():53] meta init done
2021-09-18 12:58:32,569 DEBUG   HandlerThread:4071973 [meta.py:probe():210] probe
2021-09-18 12:58:32,574 DEBUG   HandlerThread:4071973 [meta.py:_save_pip():57] save pip
2021-09-18 12:58:32,576 DEBUG   HandlerThread:4071973 [meta.py:_save_pip():71] save pip done
2021-09-18 12:58:32,576 DEBUG   HandlerThread:4071973 [meta.py:probe():252] probe done
2021-09-18 12:58:32,579 DEBUG   SenderThread:4071973 [sender.py:send():179] send: files
2021-09-18 12:58:32,579 INFO    SenderThread:4071973 [sender.py:_save_file():841] saving file wandb-metadata.json with policy now
2021-09-18 12:58:32,586 DEBUG   HandlerThread:4071973 [handler.py:handle_request():124] handle_request: stop_status
2021-09-18 12:58:32,587 DEBUG   SenderThread:4071973 [sender.py:send_request():193] send_request: stop_status
2021-09-18 12:58:32,922 INFO    Thread-11 :4071973 [upload_job.py:push():137] Uploaded file /tmp/3288855.1.gpu_ded.q/tmpp5q4fe8bwandb/2l7owi6w-wandb-metadata.json
2021-09-18 12:58:33,367 INFO    Thread-8  :4071973 [dir_watcher.py:_on_file_created():216] file/dir created: /grid/koo/home/toneyan/profile/QuantPred/wandb/run-20210918_125830-28hq4ks9/files/wandb-metadata.json
2021-09-18 12:58:33,367 INFO    Thread-8  :4071973 [dir_watcher.py:_on_file_created():216] file/dir created: /grid/koo/home/toneyan/profile/QuantPred/wandb/run-20210918_125830-28hq4ks9/files/output.log
2021-09-18 12:58:33,368 INFO    Thread-8  :4071973 [dir_watcher.py:_on_file_created():216] file/dir created: /grid/koo/home/toneyan/profile/QuantPred/wandb/run-20210918_125830-28hq4ks9/files/requirements.txt
2021-09-18 12:58:47,647 DEBUG   HandlerThread:4071973 [handler.py:handle_request():124] handle_request: stop_status
2021-09-18 12:58:47,648 DEBUG   SenderThread:4071973 [sender.py:send_request():193] send_request: stop_status
2021-09-18 12:59:00,952 DEBUG   SenderThread:4071973 [sender.py:send():179] send: stats
2021-09-18 12:59:02,730 DEBUG   HandlerThread:4071973 [handler.py:handle_request():124] handle_request: stop_status
2021-09-18 12:59:02,731 DEBUG   SenderThread:4071973 [sender.py:send_request():193] send_request: stop_status
2021-09-18 12:59:04,145 DEBUG   HandlerThread:4071973 [handler.py:handle_request():124] handle_request: poll_exit
2021-09-18 12:59:04,145 DEBUG   SenderThread:4071973 [sender.py:send():179] send: telemetry
2021-09-18 12:59:04,146 DEBUG   SenderThread:4071973 [sender.py:send():179] send: exit
2021-09-18 12:59:04,146 INFO    SenderThread:4071973 [sender.py:send_exit():287] handling exit code: 1
2021-09-18 12:59:04,146 INFO    SenderThread:4071973 [sender.py:send_exit():295] send defer
2021-09-18 12:59:04,146 DEBUG   SenderThread:4071973 [sender.py:send_request():193] send_request: poll_exit
2021-09-18 12:59:04,147 DEBUG   HandlerThread:4071973 [handler.py:handle_request():124] handle_request: defer
2021-09-18 12:59:04,147 INFO    HandlerThread:4071973 [handler.py:handle_request_defer():141] handle defer: 0
2021-09-18 12:59:04,147 DEBUG   SenderThread:4071973 [sender.py:send_request():193] send_request: defer
2021-09-18 12:59:04,147 INFO    SenderThread:4071973 [sender.py:send_request_defer():304] handle sender defer: 0
2021-09-18 12:59:04,147 INFO    SenderThread:4071973 [sender.py:transition_state():308] send defer: 1
2021-09-18 12:59:04,147 DEBUG   HandlerThread:4071973 [handler.py:handle_request():124] handle_request: defer
2021-09-18 12:59:04,147 INFO    HandlerThread:4071973 [handler.py:handle_request_defer():141] handle defer: 1
2021-09-18 12:59:04,198 DEBUG   SenderThread:4071973 [sender.py:send_request():193] send_request: defer
2021-09-18 12:59:04,199 INFO    SenderThread:4071973 [sender.py:send_request_defer():304] handle sender defer: 1
2021-09-18 12:59:04,199 INFO    SenderThread:4071973 [sender.py:transition_state():308] send defer: 2
2021-09-18 12:59:04,199 DEBUG   SenderThread:4071973 [sender.py:send():179] send: stats
2021-09-18 12:59:04,201 DEBUG   HandlerThread:4071973 [handler.py:handle_request():124] handle_request: defer
2021-09-18 12:59:04,201 INFO    HandlerThread:4071973 [handler.py:handle_request_defer():141] handle defer: 2
2021-09-18 12:59:04,201 DEBUG   SenderThread:4071973 [sender.py:send_request():193] send_request: defer
2021-09-18 12:59:04,201 INFO    SenderThread:4071973 [sender.py:send_request_defer():304] handle sender defer: 2
2021-09-18 12:59:04,202 INFO    SenderThread:4071973 [sender.py:transition_state():308] send defer: 3
2021-09-18 12:59:04,202 DEBUG   HandlerThread:4071973 [handler.py:handle_request():124] handle_request: defer
2021-09-18 12:59:04,202 INFO    HandlerThread:4071973 [handler.py:handle_request_defer():141] handle defer: 3
2021-09-18 12:59:04,202 DEBUG   SenderThread:4071973 [sender.py:send():179] send: summary
2021-09-18 12:59:04,202 INFO    SenderThread:4071973 [sender.py:_save_file():841] saving file wandb-summary.json with policy end
2021-09-18 12:59:04,203 DEBUG   SenderThread:4071973 [sender.py:send_request():193] send_request: defer
2021-09-18 12:59:04,203 INFO    SenderThread:4071973 [sender.py:send_request_defer():304] handle sender defer: 3
2021-09-18 12:59:04,203 INFO    SenderThread:4071973 [sender.py:transition_state():308] send defer: 4
2021-09-18 12:59:04,203 DEBUG   HandlerThread:4071973 [handler.py:handle_request():124] handle_request: defer
2021-09-18 12:59:04,203 INFO    HandlerThread:4071973 [handler.py:handle_request_defer():141] handle defer: 4
2021-09-18 12:59:04,203 DEBUG   SenderThread:4071973 [sender.py:send_request():193] send_request: defer
2021-09-18 12:59:04,203 INFO    SenderThread:4071973 [sender.py:send_request_defer():304] handle sender defer: 4
2021-09-18 12:59:04,249 DEBUG   HandlerThread:4071973 [handler.py:handle_request():124] handle_request: poll_exit
2021-09-18 12:59:04,288 INFO    SenderThread:4071973 [sender.py:transition_state():308] send defer: 5
2021-09-18 12:59:04,288 DEBUG   SenderThread:4071973 [sender.py:send_request():193] send_request: poll_exit
2021-09-18 12:59:04,288 DEBUG   HandlerThread:4071973 [handler.py:handle_request():124] handle_request: defer
2021-09-18 12:59:04,289 INFO    HandlerThread:4071973 [handler.py:handle_request_defer():141] handle defer: 5
2021-09-18 12:59:04,289 DEBUG   SenderThread:4071973 [sender.py:send_request():193] send_request: defer
2021-09-18 12:59:04,289 INFO    SenderThread:4071973 [sender.py:send_request_defer():304] handle sender defer: 5
2021-09-18 12:59:04,289 INFO    SenderThread:4071973 [dir_watcher.py:finish():282] shutting down directory watcher
2021-09-18 12:59:04,373 INFO    SenderThread:4071973 [dir_watcher.py:_on_file_modified():229] file/dir modified: /grid/koo/home/toneyan/profile/QuantPred/wandb/run-20210918_125830-28hq4ks9/files/config.yaml
2021-09-18 12:59:04,373 INFO    SenderThread:4071973 [dir_watcher.py:_on_file_modified():229] file/dir modified: /grid/koo/home/toneyan/profile/QuantPred/wandb/run-20210918_125830-28hq4ks9/files/wandb-summary.json
2021-09-18 12:59:04,373 INFO    SenderThread:4071973 [dir_watcher.py:finish():312] scan: /grid/koo/home/toneyan/profile/QuantPred/wandb/run-20210918_125830-28hq4ks9/files
2021-09-18 12:59:04,374 INFO    SenderThread:4071973 [dir_watcher.py:finish():318] scan save: /grid/koo/home/toneyan/profile/QuantPred/wandb/run-20210918_125830-28hq4ks9/files/wandb-metadata.json wandb-metadata.json
2021-09-18 12:59:04,374 INFO    SenderThread:4071973 [dir_watcher.py:finish():318] scan save: /grid/koo/home/toneyan/profile/QuantPred/wandb/run-20210918_125830-28hq4ks9/files/config.yaml config.yaml
2021-09-18 12:59:04,374 INFO    SenderThread:4071973 [dir_watcher.py:finish():318] scan save: /grid/koo/home/toneyan/profile/QuantPred/wandb/run-20210918_125830-28hq4ks9/files/requirements.txt requirements.txt
2021-09-18 12:59:04,374 INFO    SenderThread:4071973 [dir_watcher.py:finish():318] scan save: /grid/koo/home/toneyan/profile/QuantPred/wandb/run-20210918_125830-28hq4ks9/files/wandb-summary.json wandb-summary.json
2021-09-18 12:59:04,380 INFO    SenderThread:4071973 [dir_watcher.py:finish():318] scan save: /grid/koo/home/toneyan/profile/QuantPred/wandb/run-20210918_125830-28hq4ks9/files/output.log output.log
2021-09-18 12:59:04,385 INFO    SenderThread:4071973 [sender.py:transition_state():308] send defer: 6
2021-09-18 12:59:04,386 DEBUG   HandlerThread:4071973 [handler.py:handle_request():124] handle_request: defer
2021-09-18 12:59:04,386 INFO    HandlerThread:4071973 [handler.py:handle_request_defer():141] handle defer: 6
2021-09-18 12:59:04,386 DEBUG   SenderThread:4071973 [sender.py:send_request():193] send_request: defer
2021-09-18 12:59:04,386 INFO    SenderThread:4071973 [sender.py:send_request_defer():304] handle sender defer: 6
2021-09-18 12:59:04,386 INFO    SenderThread:4071973 [file_pusher.py:finish():177] shutting down file pusher
2021-09-18 12:59:04,390 DEBUG   HandlerThread:4071973 [handler.py:handle_request():124] handle_request: poll_exit
2021-09-18 12:59:04,390 DEBUG   SenderThread:4071973 [sender.py:send_request():193] send_request: poll_exit
2021-09-18 12:59:04,492 DEBUG   HandlerThread:4071973 [handler.py:handle_request():124] handle_request: poll_exit
2021-09-18 12:59:04,492 DEBUG   SenderThread:4071973 [sender.py:send_request():193] send_request: poll_exit
2021-09-18 12:59:04,595 DEBUG   HandlerThread:4071973 [handler.py:handle_request():124] handle_request: poll_exit
2021-09-18 12:59:04,595 DEBUG   SenderThread:4071973 [sender.py:send_request():193] send_request: poll_exit
2021-09-18 12:59:04,689 INFO    Thread-14 :4071973 [upload_job.py:push():137] Uploaded file /grid/koo/home/toneyan/profile/QuantPred/wandb/run-20210918_125830-28hq4ks9/files/wandb-summary.json
2021-09-18 12:59:04,700 DEBUG   HandlerThread:4071973 [handler.py:handle_request():124] handle_request: poll_exit
2021-09-18 12:59:04,700 DEBUG   SenderThread:4071973 [sender.py:send_request():193] send_request: poll_exit
2021-09-18 12:59:04,721 INFO    Thread-12 :4071973 [upload_job.py:push():137] Uploaded file /grid/koo/home/toneyan/profile/QuantPred/wandb/run-20210918_125830-28hq4ks9/files/config.yaml
2021-09-18 12:59:04,765 INFO    Thread-13 :4071973 [upload_job.py:push():137] Uploaded file /grid/koo/home/toneyan/profile/QuantPred/wandb/run-20210918_125830-28hq4ks9/files/requirements.txt
2021-09-18 12:59:04,802 DEBUG   HandlerThread:4071973 [handler.py:handle_request():124] handle_request: poll_exit
2021-09-18 12:59:04,802 DEBUG   SenderThread:4071973 [sender.py:send_request():193] send_request: poll_exit
2021-09-18 12:59:04,908 DEBUG   HandlerThread:4071973 [handler.py:handle_request():124] handle_request: poll_exit
2021-09-18 12:59:04,908 DEBUG   SenderThread:4071973 [sender.py:send_request():193] send_request: poll_exit
2021-09-18 12:59:04,965 INFO    Thread-7  :4071973 [sender.py:transition_state():308] send defer: 7
2021-09-18 12:59:04,966 DEBUG   HandlerThread:4071973 [handler.py:handle_request():124] handle_request: defer
2021-09-18 12:59:04,966 INFO    HandlerThread:4071973 [handler.py:handle_request_defer():141] handle defer: 7
2021-09-18 12:59:04,966 DEBUG   SenderThread:4071973 [sender.py:send_request():193] send_request: defer
2021-09-18 12:59:04,966 INFO    SenderThread:4071973 [sender.py:send_request_defer():304] handle sender defer: 7
2021-09-18 12:59:05,010 DEBUG   HandlerThread:4071973 [handler.py:handle_request():124] handle_request: poll_exit
2021-09-18 12:59:05,085 INFO    SenderThread:4071973 [sender.py:transition_state():308] send defer: 8
2021-09-18 12:59:05,085 DEBUG   SenderThread:4071973 [sender.py:send_request():193] send_request: poll_exit
2021-09-18 12:59:05,085 DEBUG   HandlerThread:4071973 [handler.py:handle_request():124] handle_request: defer
2021-09-18 12:59:05,085 INFO    HandlerThread:4071973 [handler.py:handle_request_defer():141] handle defer: 8
2021-09-18 12:59:05,086 DEBUG   SenderThread:4071973 [sender.py:send_request():193] send_request: defer
2021-09-18 12:59:05,086 INFO    SenderThread:4071973 [sender.py:send_request_defer():304] handle sender defer: 8
2021-09-18 12:59:05,086 INFO    SenderThread:4071973 [sender.py:transition_state():308] send defer: 9
2021-09-18 12:59:05,086 DEBUG   SenderThread:4071973 [sender.py:send():179] send: final
2021-09-18 12:59:05,087 DEBUG   HandlerThread:4071973 [handler.py:handle_request():124] handle_request: defer
2021-09-18 12:59:05,087 DEBUG   SenderThread:4071973 [sender.py:send():179] send: footer
2021-09-18 12:59:05,087 INFO    HandlerThread:4071973 [handler.py:handle_request_defer():141] handle defer: 9
2021-09-18 12:59:05,087 DEBUG   SenderThread:4071973 [sender.py:send_request():193] send_request: defer
2021-09-18 12:59:05,087 INFO    SenderThread:4071973 [sender.py:send_request_defer():304] handle sender defer: 9
2021-09-18 12:59:05,188 DEBUG   HandlerThread:4071973 [handler.py:handle_request():124] handle_request: poll_exit
2021-09-18 12:59:05,188 DEBUG   SenderThread:4071973 [sender.py:send_request():193] send_request: poll_exit
2021-09-18 12:59:05,188 INFO    SenderThread:4071973 [file_pusher.py:join():182] waiting for file pusher
2021-09-18 12:59:05,189 DEBUG   HandlerThread:4071973 [handler.py:handle_request():124] handle_request: get_summary
2021-09-18 12:59:05,190 DEBUG   HandlerThread:4071973 [handler.py:handle_request():124] handle_request: sampled_history
2021-09-18 12:59:05,190 DEBUG   HandlerThread:4071973 [handler.py:handle_request():124] handle_request: shutdown
2021-09-18 12:59:05,190 INFO    HandlerThread:4071973 [handler.py:finish():638] shutting down handler
2021-09-18 12:59:06,087 INFO    WriterThread:4071973 [datastore.py:close():288] close: /grid/koo/home/toneyan/profile/QuantPred/wandb/run-20210918_125830-28hq4ks9/run-28hq4ks9.wandb
2021-09-18 12:59:06,189 INFO    SenderThread:4071973 [sender.py:finish():945] shutting down sender
2021-09-18 12:59:06,189 INFO    SenderThread:4071973 [file_pusher.py:finish():177] shutting down file pusher
2021-09-18 12:59:06,189 INFO    SenderThread:4071973 [file_pusher.py:join():182] waiting for file pusher
2021-09-18 12:59:06,191 INFO    MainThread:4071973 [internal.py:handle_exit():78] Internal process exited
