2021-09-19 09:28:40,457 INFO    MainThread:1319619 [internal.py:wandb_internal():91] W&B internal server running at pid: 1319619, started at: 2021-09-19 09:28:40.456605
2021-09-19 09:28:40,459 DEBUG   HandlerThread:1319619 [handler.py:handle_request():124] handle_request: check_version
2021-09-19 09:28:40,459 INFO    WriterThread:1319619 [datastore.py:open_for_write():80] open: /grid/koo/home/toneyan/profile/QuantPred/wandb/run-20210919_092839-a61rilx7/run-a61rilx7.wandb
2021-09-19 09:28:40,460 DEBUG   SenderThread:1319619 [sender.py:send():179] send: header
2021-09-19 09:28:40,461 DEBUG   SenderThread:1319619 [sender.py:send_request():193] send_request: check_version
2021-09-19 09:28:40,489 DEBUG   SenderThread:1319619 [sender.py:send():179] send: run
2021-09-19 09:28:40,547 ERROR   SenderThread:1319619 [internal_api.py:execute():130] 429 response executing GraphQL.
2021-09-19 09:28:40,548 ERROR   SenderThread:1319619 [internal_api.py:execute():131] {"error":"rate limit exceeded"}

2021-09-19 09:28:41,658 ERROR   SenderThread:1319619 [internal_api.py:execute():130] 429 response executing GraphQL.
2021-09-19 09:28:41,658 ERROR   SenderThread:1319619 [internal_api.py:execute():131] {"error":"rate limit exceeded"}

2021-09-19 09:28:44,124 ERROR   SenderThread:1319619 [internal_api.py:execute():130] 429 response executing GraphQL.
2021-09-19 09:28:44,124 ERROR   SenderThread:1319619 [internal_api.py:execute():131] {"error":"rate limit exceeded"}

2021-09-19 09:28:44,124 ERROR   SenderThread:1319619 [retry.py:__call__():126] Retry attempt failed:
Traceback (most recent call last):
  File "/usr/local/lib/python3.6/dist-packages/wandb/sdk/lib/retry.py", line 102, in __call__
    result = self._call_fn(*args, **kwargs)
  File "/usr/local/lib/python3.6/dist-packages/wandb/sdk/internal/internal_api.py", line 133, in execute
    six.reraise(*sys.exc_info())
  File "/usr/local/lib/python3.6/dist-packages/six.py", line 719, in reraise
    raise value
  File "/usr/local/lib/python3.6/dist-packages/wandb/sdk/internal/internal_api.py", line 127, in execute
    return self.client.execute(*args, **kwargs)
  File "/usr/local/lib/python3.6/dist-packages/wandb/vendor/gql-0.2.0/gql/client.py", line 52, in execute
    result = self._get_result(document, *args, **kwargs)
  File "/usr/local/lib/python3.6/dist-packages/wandb/vendor/gql-0.2.0/gql/client.py", line 60, in _get_result
    return self.transport.execute(document, *args, **kwargs)
  File "/usr/local/lib/python3.6/dist-packages/wandb/vendor/gql-0.2.0/gql/transport/requests.py", line 39, in execute
    request.raise_for_status()
  File "/usr/local/lib/python3.6/dist-packages/requests/models.py", line 943, in raise_for_status
    raise HTTPError(http_error_msg, response=self)
requests.exceptions.HTTPError: 429 Client Error: Too Many Requests for url: https://api.wandb.ai/graphql
2021-09-19 09:28:49,105 INFO    SenderThread:1319619 [dir_watcher.py:__init__():168] watching files in: /grid/koo/home/toneyan/profile/QuantPred/wandb/run-20210919_092839-a61rilx7/files
2021-09-19 09:28:49,105 INFO    SenderThread:1319619 [sender.py:_start_run_threads():719] run started: a61rilx7 with start time 1632058119
2021-09-19 09:28:49,105 DEBUG   SenderThread:1319619 [sender.py:send():179] send: summary
2021-09-19 09:28:49,106 DEBUG   HandlerThread:1319619 [handler.py:handle_request():124] handle_request: run_start
2021-09-19 09:28:49,107 INFO    SenderThread:1319619 [sender.py:_save_file():841] saving file wandb-summary.json with policy end
2021-09-19 09:28:50,109 INFO    Thread-8  :1319619 [dir_watcher.py:_on_file_created():216] file/dir created: /grid/koo/home/toneyan/profile/QuantPred/wandb/run-20210919_092839-a61rilx7/files/wandb-summary.json
2021-09-19 09:28:50,322 DEBUG   HandlerThread:1319619 [meta.py:__init__():39] meta init
2021-09-19 09:28:50,323 DEBUG   HandlerThread:1319619 [meta.py:__init__():53] meta init done
2021-09-19 09:28:50,323 DEBUG   HandlerThread:1319619 [meta.py:probe():210] probe
2021-09-19 09:28:50,329 DEBUG   HandlerThread:1319619 [meta.py:_save_pip():57] save pip
2021-09-19 09:28:50,330 DEBUG   HandlerThread:1319619 [meta.py:_save_pip():71] save pip done
2021-09-19 09:28:50,330 DEBUG   HandlerThread:1319619 [meta.py:probe():252] probe done
2021-09-19 09:28:50,332 DEBUG   SenderThread:1319619 [sender.py:send():179] send: files
2021-09-19 09:28:50,332 INFO    SenderThread:1319619 [sender.py:_save_file():841] saving file wandb-metadata.json with policy now
2021-09-19 09:28:50,344 DEBUG   HandlerThread:1319619 [handler.py:handle_request():124] handle_request: stop_status
2021-09-19 09:28:50,344 DEBUG   SenderThread:1319619 [sender.py:send_request():193] send_request: stop_status
2021-09-19 09:28:50,706 INFO    Thread-11 :1319619 [upload_job.py:push():137] Uploaded file /tmp/3288845.1.gpu_ded.q/tmpr9oixiowwandb/2fyl9vro-wandb-metadata.json
2021-09-19 09:28:51,107 INFO    Thread-8  :1319619 [dir_watcher.py:_on_file_created():216] file/dir created: /grid/koo/home/toneyan/profile/QuantPred/wandb/run-20210919_092839-a61rilx7/files/output.log
2021-09-19 09:28:51,108 INFO    Thread-8  :1319619 [dir_watcher.py:_on_file_created():216] file/dir created: /grid/koo/home/toneyan/profile/QuantPred/wandb/run-20210919_092839-a61rilx7/files/wandb-metadata.json
2021-09-19 09:28:51,108 INFO    Thread-8  :1319619 [dir_watcher.py:_on_file_created():216] file/dir created: /grid/koo/home/toneyan/profile/QuantPred/wandb/run-20210919_092839-a61rilx7/files/requirements.txt
2021-09-19 09:29:05,404 DEBUG   HandlerThread:1319619 [handler.py:handle_request():124] handle_request: stop_status
2021-09-19 09:29:05,405 DEBUG   SenderThread:1319619 [sender.py:send_request():193] send_request: stop_status
2021-09-19 09:29:05,457 ERROR   SenderThread:1319619 [internal_api.py:execute():130] 429 response executing GraphQL.
2021-09-19 09:29:05,458 ERROR   SenderThread:1319619 [internal_api.py:execute():131] {"error":"rate limit exceeded"}

2021-09-19 09:29:06,681 ERROR   SenderThread:1319619 [internal_api.py:execute():130] 429 response executing GraphQL.
2021-09-19 09:29:06,682 ERROR   SenderThread:1319619 [internal_api.py:execute():131] {"error":"rate limit exceeded"}

2021-09-19 09:29:08,938 ERROR   SenderThread:1319619 [internal_api.py:execute():130] 429 response executing GraphQL.
2021-09-19 09:29:08,939 ERROR   SenderThread:1319619 [internal_api.py:execute():131] {"error":"rate limit exceeded"}

2021-09-19 09:29:08,939 ERROR   SenderThread:1319619 [retry.py:__call__():126] Retry attempt failed:
Traceback (most recent call last):
  File "/usr/local/lib/python3.6/dist-packages/wandb/sdk/lib/retry.py", line 102, in __call__
    result = self._call_fn(*args, **kwargs)
  File "/usr/local/lib/python3.6/dist-packages/wandb/sdk/internal/internal_api.py", line 133, in execute
    six.reraise(*sys.exc_info())
  File "/usr/local/lib/python3.6/dist-packages/six.py", line 719, in reraise
    raise value
  File "/usr/local/lib/python3.6/dist-packages/wandb/sdk/internal/internal_api.py", line 127, in execute
    return self.client.execute(*args, **kwargs)
  File "/usr/local/lib/python3.6/dist-packages/wandb/vendor/gql-0.2.0/gql/client.py", line 52, in execute
    result = self._get_result(document, *args, **kwargs)
  File "/usr/local/lib/python3.6/dist-packages/wandb/vendor/gql-0.2.0/gql/client.py", line 60, in _get_result
    return self.transport.execute(document, *args, **kwargs)
  File "/usr/local/lib/python3.6/dist-packages/wandb/vendor/gql-0.2.0/gql/transport/requests.py", line 39, in execute
    request.raise_for_status()
  File "/usr/local/lib/python3.6/dist-packages/requests/models.py", line 943, in raise_for_status
    raise HTTPError(http_error_msg, response=self)
requests.exceptions.HTTPError: 429 Client Error: Too Many Requests for url: https://api.wandb.ai/graphql
2021-09-19 09:29:13,197 ERROR   SenderThread:1319619 [internal_api.py:execute():130] 429 response executing GraphQL.
2021-09-19 09:29:13,197 ERROR   SenderThread:1319619 [internal_api.py:execute():131] {"error":"rate limit exceeded"}

2021-09-19 09:29:22,301 DEBUG   SenderThread:1319619 [sender.py:send():179] send: stats
2021-09-19 09:29:24,569 DEBUG   HandlerThread:1319619 [handler.py:handle_request():124] handle_request: poll_exit
2021-09-19 09:29:24,569 DEBUG   SenderThread:1319619 [sender.py:send():179] send: telemetry
2021-09-19 09:29:24,570 DEBUG   SenderThread:1319619 [sender.py:send():179] send: exit
2021-09-19 09:29:24,570 INFO    SenderThread:1319619 [sender.py:send_exit():287] handling exit code: 1
2021-09-19 09:29:24,570 INFO    SenderThread:1319619 [sender.py:send_exit():295] send defer
2021-09-19 09:29:24,570 DEBUG   SenderThread:1319619 [sender.py:send_request():193] send_request: poll_exit
2021-09-19 09:29:24,570 DEBUG   HandlerThread:1319619 [handler.py:handle_request():124] handle_request: defer
2021-09-19 09:29:24,570 INFO    HandlerThread:1319619 [handler.py:handle_request_defer():141] handle defer: 0
2021-09-19 09:29:24,570 DEBUG   SenderThread:1319619 [sender.py:send_request():193] send_request: defer
2021-09-19 09:29:24,570 INFO    SenderThread:1319619 [sender.py:send_request_defer():304] handle sender defer: 0
2021-09-19 09:29:24,570 INFO    SenderThread:1319619 [sender.py:transition_state():308] send defer: 1
2021-09-19 09:29:24,571 DEBUG   HandlerThread:1319619 [handler.py:handle_request():124] handle_request: defer
2021-09-19 09:29:24,571 INFO    HandlerThread:1319619 [handler.py:handle_request_defer():141] handle defer: 1
2021-09-19 09:29:24,691 DEBUG   SenderThread:1319619 [sender.py:send_request():193] send_request: defer
2021-09-19 09:29:24,691 DEBUG   HandlerThread:1319619 [handler.py:handle_request():124] handle_request: poll_exit
2021-09-19 09:29:24,691 INFO    SenderThread:1319619 [sender.py:send_request_defer():304] handle sender defer: 1
2021-09-19 09:29:24,692 INFO    SenderThread:1319619 [sender.py:transition_state():308] send defer: 2
2021-09-19 09:29:24,692 DEBUG   SenderThread:1319619 [sender.py:send_request():193] send_request: poll_exit
2021-09-19 09:29:24,692 DEBUG   SenderThread:1319619 [sender.py:send():179] send: stats
2021-09-19 09:29:24,692 DEBUG   HandlerThread:1319619 [handler.py:handle_request():124] handle_request: defer
2021-09-19 09:29:24,695 INFO    HandlerThread:1319619 [handler.py:handle_request_defer():141] handle defer: 2
2021-09-19 09:29:24,695 DEBUG   SenderThread:1319619 [sender.py:send_request():193] send_request: defer
2021-09-19 09:29:24,696 INFO    SenderThread:1319619 [sender.py:send_request_defer():304] handle sender defer: 2
2021-09-19 09:29:24,696 INFO    SenderThread:1319619 [sender.py:transition_state():308] send defer: 3
2021-09-19 09:29:24,696 DEBUG   HandlerThread:1319619 [handler.py:handle_request():124] handle_request: defer
2021-09-19 09:29:24,696 INFO    HandlerThread:1319619 [handler.py:handle_request_defer():141] handle defer: 3
2021-09-19 09:29:24,696 DEBUG   SenderThread:1319619 [sender.py:send():179] send: summary
2021-09-19 09:29:24,696 INFO    SenderThread:1319619 [sender.py:_save_file():841] saving file wandb-summary.json with policy end
2021-09-19 09:29:24,697 DEBUG   SenderThread:1319619 [sender.py:send_request():193] send_request: defer
2021-09-19 09:29:24,697 INFO    SenderThread:1319619 [sender.py:send_request_defer():304] handle sender defer: 3
2021-09-19 09:29:24,697 INFO    SenderThread:1319619 [sender.py:transition_state():308] send defer: 4
2021-09-19 09:29:24,697 DEBUG   HandlerThread:1319619 [handler.py:handle_request():124] handle_request: defer
2021-09-19 09:29:24,697 INFO    HandlerThread:1319619 [handler.py:handle_request_defer():141] handle defer: 4
2021-09-19 09:29:24,697 DEBUG   SenderThread:1319619 [sender.py:send_request():193] send_request: defer
2021-09-19 09:29:24,697 INFO    SenderThread:1319619 [sender.py:send_request_defer():304] handle sender defer: 4
2021-09-19 09:29:24,757 ERROR   SenderThread:1319619 [internal_api.py:execute():130] 429 response executing GraphQL.
2021-09-19 09:29:24,757 ERROR   SenderThread:1319619 [internal_api.py:execute():131] {"error":"rate limit exceeded"}

2021-09-19 09:29:24,794 DEBUG   HandlerThread:1319619 [handler.py:handle_request():124] handle_request: poll_exit
2021-09-19 09:29:25,118 INFO    Thread-8  :1319619 [dir_watcher.py:_on_file_modified():229] file/dir modified: /grid/koo/home/toneyan/profile/QuantPred/wandb/run-20210919_092839-a61rilx7/files/wandb-summary.json
2021-09-19 09:29:25,904 ERROR   SenderThread:1319619 [internal_api.py:execute():130] 429 response executing GraphQL.
2021-09-19 09:29:25,904 ERROR   SenderThread:1319619 [internal_api.py:execute():131] {"error":"rate limit exceeded"}

2021-09-19 09:29:28,333 ERROR   SenderThread:1319619 [internal_api.py:execute():130] 429 response executing GraphQL.
2021-09-19 09:29:28,334 ERROR   SenderThread:1319619 [internal_api.py:execute():131] {"error":"rate limit exceeded"}

2021-09-19 09:29:28,334 ERROR   SenderThread:1319619 [retry.py:__call__():126] Retry attempt failed:
Traceback (most recent call last):
  File "/usr/local/lib/python3.6/dist-packages/wandb/sdk/lib/retry.py", line 102, in __call__
    result = self._call_fn(*args, **kwargs)
  File "/usr/local/lib/python3.6/dist-packages/wandb/sdk/internal/internal_api.py", line 133, in execute
    six.reraise(*sys.exc_info())
  File "/usr/local/lib/python3.6/dist-packages/six.py", line 719, in reraise
    raise value
  File "/usr/local/lib/python3.6/dist-packages/wandb/sdk/internal/internal_api.py", line 127, in execute
    return self.client.execute(*args, **kwargs)
  File "/usr/local/lib/python3.6/dist-packages/wandb/vendor/gql-0.2.0/gql/client.py", line 52, in execute
    result = self._get_result(document, *args, **kwargs)
  File "/usr/local/lib/python3.6/dist-packages/wandb/vendor/gql-0.2.0/gql/client.py", line 60, in _get_result
    return self.transport.execute(document, *args, **kwargs)
  File "/usr/local/lib/python3.6/dist-packages/wandb/vendor/gql-0.2.0/gql/transport/requests.py", line 39, in execute
    request.raise_for_status()
  File "/usr/local/lib/python3.6/dist-packages/requests/models.py", line 943, in raise_for_status
    raise HTTPError(http_error_msg, response=self)
requests.exceptions.HTTPError: 429 Client Error: Too Many Requests for url: https://api.wandb.ai/graphql
2021-09-19 09:29:29,894 DEBUG   HandlerThread:1319619 [handler.py:handle_request():124] handle_request: poll_exit
2021-09-19 09:29:32,465 INFO    SenderThread:1319619 [sender.py:transition_state():308] send defer: 5
2021-09-19 09:29:32,465 DEBUG   SenderThread:1319619 [sender.py:send_request():193] send_request: poll_exit
2021-09-19 09:29:32,465 DEBUG   SenderThread:1319619 [sender.py:send_request():193] send_request: poll_exit
2021-09-19 09:29:32,466 DEBUG   HandlerThread:1319619 [handler.py:handle_request():124] handle_request: defer
2021-09-19 09:29:32,466 INFO    HandlerThread:1319619 [handler.py:handle_request_defer():141] handle defer: 5
2021-09-19 09:29:32,466 DEBUG   SenderThread:1319619 [sender.py:send_request():193] send_request: defer
2021-09-19 09:29:32,466 INFO    SenderThread:1319619 [sender.py:send_request_defer():304] handle sender defer: 5
2021-09-19 09:29:32,466 INFO    SenderThread:1319619 [dir_watcher.py:finish():282] shutting down directory watcher
2021-09-19 09:29:32,567 DEBUG   HandlerThread:1319619 [handler.py:handle_request():124] handle_request: poll_exit
2021-09-19 09:29:33,121 INFO    SenderThread:1319619 [dir_watcher.py:_on_file_modified():229] file/dir modified: /grid/koo/home/toneyan/profile/QuantPred/wandb/run-20210919_092839-a61rilx7/files/config.yaml
2021-09-19 09:29:33,121 INFO    SenderThread:1319619 [dir_watcher.py:finish():312] scan: /grid/koo/home/toneyan/profile/QuantPred/wandb/run-20210919_092839-a61rilx7/files
2021-09-19 09:29:33,121 INFO    SenderThread:1319619 [dir_watcher.py:finish():318] scan save: /grid/koo/home/toneyan/profile/QuantPred/wandb/run-20210919_092839-a61rilx7/files/wandb-metadata.json wandb-metadata.json
2021-09-19 09:29:33,121 INFO    SenderThread:1319619 [dir_watcher.py:finish():318] scan save: /grid/koo/home/toneyan/profile/QuantPred/wandb/run-20210919_092839-a61rilx7/files/config.yaml config.yaml
2021-09-19 09:29:33,121 INFO    SenderThread:1319619 [dir_watcher.py:finish():318] scan save: /grid/koo/home/toneyan/profile/QuantPred/wandb/run-20210919_092839-a61rilx7/files/requirements.txt requirements.txt
2021-09-19 09:29:33,121 INFO    SenderThread:1319619 [dir_watcher.py:finish():318] scan save: /grid/koo/home/toneyan/profile/QuantPred/wandb/run-20210919_092839-a61rilx7/files/wandb-summary.json wandb-summary.json
2021-09-19 09:29:33,125 INFO    SenderThread:1319619 [dir_watcher.py:finish():318] scan save: /grid/koo/home/toneyan/profile/QuantPred/wandb/run-20210919_092839-a61rilx7/files/output.log output.log
2021-09-19 09:29:33,131 INFO    SenderThread:1319619 [sender.py:transition_state():308] send defer: 6
2021-09-19 09:29:33,132 DEBUG   SenderThread:1319619 [sender.py:send_request():193] send_request: poll_exit
2021-09-19 09:29:33,132 DEBUG   HandlerThread:1319619 [handler.py:handle_request():124] handle_request: defer
2021-09-19 09:29:33,133 INFO    HandlerThread:1319619 [handler.py:handle_request_defer():141] handle defer: 6
2021-09-19 09:29:33,133 DEBUG   SenderThread:1319619 [sender.py:send_request():193] send_request: defer
2021-09-19 09:29:33,133 INFO    SenderThread:1319619 [sender.py:send_request_defer():304] handle sender defer: 6
2021-09-19 09:29:33,133 INFO    SenderThread:1319619 [file_pusher.py:finish():177] shutting down file pusher
2021-09-19 09:29:33,234 DEBUG   HandlerThread:1319619 [handler.py:handle_request():124] handle_request: poll_exit
2021-09-19 09:29:33,234 DEBUG   SenderThread:1319619 [sender.py:send_request():193] send_request: poll_exit
2021-09-19 09:29:33,336 DEBUG   HandlerThread:1319619 [handler.py:handle_request():124] handle_request: poll_exit
2021-09-19 09:29:33,336 DEBUG   SenderThread:1319619 [sender.py:send_request():193] send_request: poll_exit
2021-09-19 09:29:33,429 INFO    Thread-13 :1319619 [upload_job.py:push():137] Uploaded file /grid/koo/home/toneyan/profile/QuantPred/wandb/run-20210919_092839-a61rilx7/files/requirements.txt
2021-09-19 09:29:33,440 DEBUG   HandlerThread:1319619 [handler.py:handle_request():124] handle_request: poll_exit
2021-09-19 09:29:33,440 DEBUG   SenderThread:1319619 [sender.py:send_request():193] send_request: poll_exit
2021-09-19 09:29:33,522 INFO    Thread-12 :1319619 [upload_job.py:push():137] Uploaded file /grid/koo/home/toneyan/profile/QuantPred/wandb/run-20210919_092839-a61rilx7/files/config.yaml
2021-09-19 09:29:33,542 DEBUG   HandlerThread:1319619 [handler.py:handle_request():124] handle_request: poll_exit
2021-09-19 09:29:33,542 DEBUG   SenderThread:1319619 [sender.py:send_request():193] send_request: poll_exit
2021-09-19 09:29:33,624 INFO    Thread-14 :1319619 [upload_job.py:push():137] Uploaded file /grid/koo/home/toneyan/profile/QuantPred/wandb/run-20210919_092839-a61rilx7/files/wandb-summary.json
2021-09-19 09:29:33,644 DEBUG   HandlerThread:1319619 [handler.py:handle_request():124] handle_request: poll_exit
2021-09-19 09:29:33,644 DEBUG   SenderThread:1319619 [sender.py:send_request():193] send_request: poll_exit
2021-09-19 09:29:33,745 DEBUG   HandlerThread:1319619 [handler.py:handle_request():124] handle_request: poll_exit
2021-09-19 09:29:33,746 DEBUG   SenderThread:1319619 [sender.py:send_request():193] send_request: poll_exit
2021-09-19 09:29:33,824 INFO    Thread-7  :1319619 [sender.py:transition_state():308] send defer: 7
2021-09-19 09:29:33,825 DEBUG   HandlerThread:1319619 [handler.py:handle_request():124] handle_request: defer
2021-09-19 09:29:33,825 INFO    HandlerThread:1319619 [handler.py:handle_request_defer():141] handle defer: 7
2021-09-19 09:29:33,825 DEBUG   SenderThread:1319619 [sender.py:send_request():193] send_request: defer
2021-09-19 09:29:33,825 INFO    SenderThread:1319619 [sender.py:send_request_defer():304] handle sender defer: 7
2021-09-19 09:29:33,847 DEBUG   HandlerThread:1319619 [handler.py:handle_request():124] handle_request: poll_exit
2021-09-19 09:29:33,874 INFO    SenderThread:1319619 [sender.py:transition_state():308] send defer: 8
2021-09-19 09:29:33,874 DEBUG   SenderThread:1319619 [sender.py:send_request():193] send_request: poll_exit
2021-09-19 09:29:33,875 DEBUG   HandlerThread:1319619 [handler.py:handle_request():124] handle_request: defer
2021-09-19 09:29:33,875 INFO    HandlerThread:1319619 [handler.py:handle_request_defer():141] handle defer: 8
2021-09-19 09:29:33,875 DEBUG   SenderThread:1319619 [sender.py:send_request():193] send_request: defer
2021-09-19 09:29:33,875 INFO    SenderThread:1319619 [sender.py:send_request_defer():304] handle sender defer: 8
2021-09-19 09:29:33,875 INFO    SenderThread:1319619 [sender.py:transition_state():308] send defer: 9
2021-09-19 09:29:33,875 DEBUG   SenderThread:1319619 [sender.py:send():179] send: final
2021-09-19 09:29:33,876 DEBUG   HandlerThread:1319619 [handler.py:handle_request():124] handle_request: defer
2021-09-19 09:29:33,876 DEBUG   SenderThread:1319619 [sender.py:send():179] send: footer
2021-09-19 09:29:33,876 INFO    HandlerThread:1319619 [handler.py:handle_request_defer():141] handle defer: 9
2021-09-19 09:29:33,876 DEBUG   SenderThread:1319619 [sender.py:send_request():193] send_request: defer
2021-09-19 09:29:33,876 INFO    SenderThread:1319619 [sender.py:send_request_defer():304] handle sender defer: 9
2021-09-19 09:29:33,976 DEBUG   HandlerThread:1319619 [handler.py:handle_request():124] handle_request: poll_exit
2021-09-19 09:29:33,976 DEBUG   SenderThread:1319619 [sender.py:send_request():193] send_request: poll_exit
2021-09-19 09:29:33,976 INFO    SenderThread:1319619 [file_pusher.py:join():182] waiting for file pusher
2021-09-19 09:29:33,977 DEBUG   HandlerThread:1319619 [handler.py:handle_request():124] handle_request: get_summary
2021-09-19 09:29:33,978 DEBUG   HandlerThread:1319619 [handler.py:handle_request():124] handle_request: sampled_history
2021-09-19 09:29:33,978 DEBUG   HandlerThread:1319619 [handler.py:handle_request():124] handle_request: shutdown
2021-09-19 09:29:33,978 INFO    HandlerThread:1319619 [handler.py:finish():638] shutting down handler
2021-09-19 09:29:34,876 INFO    WriterThread:1319619 [datastore.py:close():288] close: /grid/koo/home/toneyan/profile/QuantPred/wandb/run-20210919_092839-a61rilx7/run-a61rilx7.wandb
2021-09-19 09:29:34,977 INFO    SenderThread:1319619 [sender.py:finish():945] shutting down sender
2021-09-19 09:29:34,977 INFO    SenderThread:1319619 [file_pusher.py:finish():177] shutting down file pusher
2021-09-19 09:29:34,977 INFO    SenderThread:1319619 [file_pusher.py:join():182] waiting for file pusher
2021-09-19 09:29:34,978 INFO    MainThread:1319619 [internal.py:handle_exit():78] Internal process exited
