2021-09-18 12:45:16,515 INFO    MainThread:3564128 [internal.py:wandb_internal():91] W&B internal server running at pid: 3564128, started at: 2021-09-18 12:45:16.514930
2021-09-18 12:45:16,517 DEBUG   HandlerThread:3564128 [handler.py:handle_request():124] handle_request: check_version
2021-09-18 12:45:16,517 INFO    WriterThread:3564128 [datastore.py:open_for_write():80] open: /grid/koo/home/toneyan/profile/QuantPred/wandb/run-20210918_124515-6fng5j2v/run-6fng5j2v.wandb
2021-09-18 12:45:16,518 DEBUG   SenderThread:3564128 [sender.py:send():179] send: header
2021-09-18 12:45:16,518 DEBUG   SenderThread:3564128 [sender.py:send_request():193] send_request: check_version
2021-09-18 12:45:16,551 DEBUG   SenderThread:3564128 [sender.py:send():179] send: run
2021-09-18 12:45:16,630 INFO    SenderThread:3564128 [dir_watcher.py:__init__():168] watching files in: /grid/koo/home/toneyan/profile/QuantPred/wandb/run-20210918_124515-6fng5j2v/files
2021-09-18 12:45:16,630 INFO    SenderThread:3564128 [sender.py:_start_run_threads():719] run started: 6fng5j2v with start time 1631983516
2021-09-18 12:45:16,630 DEBUG   SenderThread:3564128 [sender.py:send():179] send: summary
2021-09-18 12:45:16,631 DEBUG   HandlerThread:3564128 [handler.py:handle_request():124] handle_request: run_start
2021-09-18 12:45:16,632 INFO    SenderThread:3564128 [sender.py:_save_file():841] saving file wandb-summary.json with policy end
2021-09-18 12:45:17,633 INFO    Thread-8  :3564128 [dir_watcher.py:_on_file_created():216] file/dir created: /grid/koo/home/toneyan/profile/QuantPred/wandb/run-20210918_124515-6fng5j2v/files/wandb-summary.json
2021-09-18 12:45:17,742 DEBUG   HandlerThread:3564128 [meta.py:__init__():39] meta init
2021-09-18 12:45:17,743 DEBUG   HandlerThread:3564128 [meta.py:__init__():53] meta init done
2021-09-18 12:45:17,743 DEBUG   HandlerThread:3564128 [meta.py:probe():210] probe
2021-09-18 12:45:17,748 DEBUG   HandlerThread:3564128 [meta.py:_save_pip():57] save pip
2021-09-18 12:45:17,749 DEBUG   HandlerThread:3564128 [meta.py:_save_pip():71] save pip done
2021-09-18 12:45:17,749 DEBUG   HandlerThread:3564128 [meta.py:probe():252] probe done
2021-09-18 12:45:17,753 DEBUG   SenderThread:3564128 [sender.py:send():179] send: files
2021-09-18 12:45:17,753 INFO    SenderThread:3564128 [sender.py:_save_file():841] saving file wandb-metadata.json with policy now
2021-09-18 12:45:17,761 DEBUG   HandlerThread:3564128 [handler.py:handle_request():124] handle_request: stop_status
2021-09-18 12:45:17,762 DEBUG   SenderThread:3564128 [sender.py:send_request():193] send_request: stop_status
2021-09-18 12:45:18,117 INFO    Thread-11 :3564128 [upload_job.py:push():137] Uploaded file /tmp/3288854.1.gpu_ded.q/tmp2psa0_qtwandb/11nbgrnx-wandb-metadata.json
2021-09-18 12:45:18,632 INFO    Thread-8  :3564128 [dir_watcher.py:_on_file_created():216] file/dir created: /grid/koo/home/toneyan/profile/QuantPred/wandb/run-20210918_124515-6fng5j2v/files/wandb-metadata.json
2021-09-18 12:45:18,632 INFO    Thread-8  :3564128 [dir_watcher.py:_on_file_created():216] file/dir created: /grid/koo/home/toneyan/profile/QuantPred/wandb/run-20210918_124515-6fng5j2v/files/requirements.txt
2021-09-18 12:45:18,632 INFO    Thread-8  :3564128 [dir_watcher.py:_on_file_created():216] file/dir created: /grid/koo/home/toneyan/profile/QuantPred/wandb/run-20210918_124515-6fng5j2v/files/output.log
2021-09-18 12:45:33,183 DEBUG   HandlerThread:3564128 [handler.py:handle_request():124] handle_request: stop_status
2021-09-18 12:45:33,183 DEBUG   SenderThread:3564128 [sender.py:send_request():193] send_request: stop_status
2021-09-18 12:45:46,121 DEBUG   SenderThread:3564128 [sender.py:send():179] send: stats
2021-09-18 12:45:48,259 DEBUG   HandlerThread:3564128 [handler.py:handle_request():124] handle_request: stop_status
2021-09-18 12:45:48,260 DEBUG   SenderThread:3564128 [sender.py:send_request():193] send_request: stop_status
2021-09-18 12:45:53,087 DEBUG   HandlerThread:3564128 [handler.py:handle_request():124] handle_request: poll_exit
2021-09-18 12:45:53,088 DEBUG   SenderThread:3564128 [sender.py:send():179] send: telemetry
2021-09-18 12:45:53,088 DEBUG   SenderThread:3564128 [sender.py:send():179] send: exit
2021-09-18 12:45:53,088 INFO    SenderThread:3564128 [sender.py:send_exit():287] handling exit code: 1
2021-09-18 12:45:53,088 INFO    SenderThread:3564128 [sender.py:send_exit():295] send defer
2021-09-18 12:45:53,088 DEBUG   SenderThread:3564128 [sender.py:send_request():193] send_request: poll_exit
2021-09-18 12:45:53,088 DEBUG   HandlerThread:3564128 [handler.py:handle_request():124] handle_request: defer
2021-09-18 12:45:53,089 INFO    HandlerThread:3564128 [handler.py:handle_request_defer():141] handle defer: 0
2021-09-18 12:45:53,089 DEBUG   SenderThread:3564128 [sender.py:send_request():193] send_request: defer
2021-09-18 12:45:53,089 INFO    SenderThread:3564128 [sender.py:send_request_defer():304] handle sender defer: 0
2021-09-18 12:45:53,089 INFO    SenderThread:3564128 [sender.py:transition_state():308] send defer: 1
2021-09-18 12:45:53,089 DEBUG   HandlerThread:3564128 [handler.py:handle_request():124] handle_request: defer
2021-09-18 12:45:53,089 INFO    HandlerThread:3564128 [handler.py:handle_request_defer():141] handle defer: 1
2021-09-18 12:45:53,118 DEBUG   SenderThread:3564128 [sender.py:send_request():193] send_request: defer
2021-09-18 12:45:53,118 INFO    SenderThread:3564128 [sender.py:send_request_defer():304] handle sender defer: 1
2021-09-18 12:45:53,119 INFO    SenderThread:3564128 [sender.py:transition_state():308] send defer: 2
2021-09-18 12:45:53,119 DEBUG   SenderThread:3564128 [sender.py:send():179] send: stats
2021-09-18 12:45:53,119 DEBUG   HandlerThread:3564128 [handler.py:handle_request():124] handle_request: defer
2021-09-18 12:45:53,121 INFO    HandlerThread:3564128 [handler.py:handle_request_defer():141] handle defer: 2
2021-09-18 12:45:53,121 DEBUG   SenderThread:3564128 [sender.py:send_request():193] send_request: defer
2021-09-18 12:45:53,121 INFO    SenderThread:3564128 [sender.py:send_request_defer():304] handle sender defer: 2
2021-09-18 12:45:53,122 INFO    SenderThread:3564128 [sender.py:transition_state():308] send defer: 3
2021-09-18 12:45:53,122 DEBUG   HandlerThread:3564128 [handler.py:handle_request():124] handle_request: defer
2021-09-18 12:45:53,122 INFO    HandlerThread:3564128 [handler.py:handle_request_defer():141] handle defer: 3
2021-09-18 12:45:53,122 DEBUG   SenderThread:3564128 [sender.py:send():179] send: summary
2021-09-18 12:45:53,122 INFO    SenderThread:3564128 [sender.py:_save_file():841] saving file wandb-summary.json with policy end
2021-09-18 12:45:53,123 DEBUG   SenderThread:3564128 [sender.py:send_request():193] send_request: defer
2021-09-18 12:45:53,123 INFO    SenderThread:3564128 [sender.py:send_request_defer():304] handle sender defer: 3
2021-09-18 12:45:53,123 INFO    SenderThread:3564128 [sender.py:transition_state():308] send defer: 4
2021-09-18 12:45:53,123 DEBUG   HandlerThread:3564128 [handler.py:handle_request():124] handle_request: defer
2021-09-18 12:45:53,123 INFO    HandlerThread:3564128 [handler.py:handle_request_defer():141] handle defer: 4
2021-09-18 12:45:53,123 DEBUG   SenderThread:3564128 [sender.py:send_request():193] send_request: defer
2021-09-18 12:45:53,123 INFO    SenderThread:3564128 [sender.py:send_request_defer():304] handle sender defer: 4
2021-09-18 12:45:53,180 ERROR   SenderThread:3564128 [internal_api.py:execute():130] 429 response executing GraphQL.
2021-09-18 12:45:53,180 ERROR   SenderThread:3564128 [internal_api.py:execute():131] {"error":"rate limit exceeded"}

2021-09-18 12:45:53,195 DEBUG   HandlerThread:3564128 [handler.py:handle_request():124] handle_request: poll_exit
2021-09-18 12:45:53,645 INFO    Thread-8  :3564128 [dir_watcher.py:_on_file_modified():229] file/dir modified: /grid/koo/home/toneyan/profile/QuantPred/wandb/run-20210918_124515-6fng5j2v/files/wandb-summary.json
2021-09-18 12:45:54,271 ERROR   SenderThread:3564128 [internal_api.py:execute():130] 429 response executing GraphQL.
2021-09-18 12:45:54,271 ERROR   SenderThread:3564128 [internal_api.py:execute():131] {"error":"rate limit exceeded"}

2021-09-18 12:45:56,640 ERROR   SenderThread:3564128 [internal_api.py:execute():130] 429 response executing GraphQL.
2021-09-18 12:45:56,640 ERROR   SenderThread:3564128 [internal_api.py:execute():131] {"error":"rate limit exceeded"}

2021-09-18 12:45:56,640 ERROR   SenderThread:3564128 [retry.py:__call__():126] Retry attempt failed:
Traceback (most recent call last):
  File "/usr/local/lib/python3.6/dist-packages/wandb/sdk/lib/retry.py", line 102, in __call__
    result = self._call_fn(*args, **kwargs)
  File "/usr/local/lib/python3.6/dist-packages/wandb/sdk/internal/internal_api.py", line 133, in execute
    six.reraise(*sys.exc_info())
  File "/usr/local/lib/python3.6/dist-packages/six.py", line 719, in reraise
    raise value
  File "/usr/local/lib/python3.6/dist-packages/wandb/sdk/internal/internal_api.py", line 127, in execute
    return self.client.execute(*args, **kwargs)
  File "/usr/local/lib/python3.6/dist-packages/wandb/vendor/gql-0.2.0/gql/client.py", line 52, in execute
    result = self._get_result(document, *args, **kwargs)
  File "/usr/local/lib/python3.6/dist-packages/wandb/vendor/gql-0.2.0/gql/client.py", line 60, in _get_result
    return self.transport.execute(document, *args, **kwargs)
  File "/usr/local/lib/python3.6/dist-packages/wandb/vendor/gql-0.2.0/gql/transport/requests.py", line 39, in execute
    request.raise_for_status()
  File "/usr/local/lib/python3.6/dist-packages/requests/models.py", line 943, in raise_for_status
    raise HTTPError(http_error_msg, response=self)
requests.exceptions.HTTPError: 429 Client Error: Too Many Requests for url: https://api.wandb.ai/graphql
2021-09-18 12:45:58,295 DEBUG   HandlerThread:3564128 [handler.py:handle_request():124] handle_request: poll_exit
2021-09-18 12:46:01,391 INFO    SenderThread:3564128 [sender.py:transition_state():308] send defer: 5
2021-09-18 12:46:01,391 DEBUG   SenderThread:3564128 [sender.py:send_request():193] send_request: poll_exit
2021-09-18 12:46:01,391 DEBUG   SenderThread:3564128 [sender.py:send_request():193] send_request: poll_exit
2021-09-18 12:46:01,392 DEBUG   HandlerThread:3564128 [handler.py:handle_request():124] handle_request: defer
2021-09-18 12:46:01,392 INFO    HandlerThread:3564128 [handler.py:handle_request_defer():141] handle defer: 5
2021-09-18 12:46:01,392 DEBUG   SenderThread:3564128 [sender.py:send_request():193] send_request: defer
2021-09-18 12:46:01,392 INFO    SenderThread:3564128 [sender.py:send_request_defer():304] handle sender defer: 5
2021-09-18 12:46:01,392 INFO    SenderThread:3564128 [dir_watcher.py:finish():282] shutting down directory watcher
2021-09-18 12:46:01,500 DEBUG   HandlerThread:3564128 [handler.py:handle_request():124] handle_request: poll_exit
2021-09-18 12:46:01,647 INFO    SenderThread:3564128 [dir_watcher.py:_on_file_modified():229] file/dir modified: /grid/koo/home/toneyan/profile/QuantPred/wandb/run-20210918_124515-6fng5j2v/files/config.yaml
2021-09-18 12:46:01,648 INFO    SenderThread:3564128 [dir_watcher.py:finish():312] scan: /grid/koo/home/toneyan/profile/QuantPred/wandb/run-20210918_124515-6fng5j2v/files
2021-09-18 12:46:01,648 INFO    SenderThread:3564128 [dir_watcher.py:finish():318] scan save: /grid/koo/home/toneyan/profile/QuantPred/wandb/run-20210918_124515-6fng5j2v/files/wandb-metadata.json wandb-metadata.json
2021-09-18 12:46:01,648 INFO    SenderThread:3564128 [dir_watcher.py:finish():318] scan save: /grid/koo/home/toneyan/profile/QuantPred/wandb/run-20210918_124515-6fng5j2v/files/config.yaml config.yaml
2021-09-18 12:46:01,648 INFO    SenderThread:3564128 [dir_watcher.py:finish():318] scan save: /grid/koo/home/toneyan/profile/QuantPred/wandb/run-20210918_124515-6fng5j2v/files/requirements.txt requirements.txt
2021-09-18 12:46:01,648 INFO    SenderThread:3564128 [dir_watcher.py:finish():318] scan save: /grid/koo/home/toneyan/profile/QuantPred/wandb/run-20210918_124515-6fng5j2v/files/wandb-summary.json wandb-summary.json
2021-09-18 12:46:01,649 INFO    SenderThread:3564128 [dir_watcher.py:finish():318] scan save: /grid/koo/home/toneyan/profile/QuantPred/wandb/run-20210918_124515-6fng5j2v/files/output.log output.log
2021-09-18 12:46:01,654 INFO    SenderThread:3564128 [sender.py:transition_state():308] send defer: 6
2021-09-18 12:46:01,654 DEBUG   SenderThread:3564128 [sender.py:send_request():193] send_request: poll_exit
2021-09-18 12:46:01,660 DEBUG   HandlerThread:3564128 [handler.py:handle_request():124] handle_request: defer
2021-09-18 12:46:01,660 INFO    HandlerThread:3564128 [handler.py:handle_request_defer():141] handle defer: 6
2021-09-18 12:46:01,660 DEBUG   SenderThread:3564128 [sender.py:send_request():193] send_request: defer
2021-09-18 12:46:01,660 INFO    SenderThread:3564128 [sender.py:send_request_defer():304] handle sender defer: 6
2021-09-18 12:46:01,660 INFO    SenderThread:3564128 [file_pusher.py:finish():177] shutting down file pusher
2021-09-18 12:46:01,761 DEBUG   HandlerThread:3564128 [handler.py:handle_request():124] handle_request: poll_exit
2021-09-18 12:46:01,761 DEBUG   SenderThread:3564128 [sender.py:send_request():193] send_request: poll_exit
2021-09-18 12:46:01,863 DEBUG   HandlerThread:3564128 [handler.py:handle_request():124] handle_request: poll_exit
2021-09-18 12:46:01,863 DEBUG   SenderThread:3564128 [sender.py:send_request():193] send_request: poll_exit
2021-09-18 12:46:01,951 INFO    Thread-12 :3564128 [upload_job.py:push():137] Uploaded file /grid/koo/home/toneyan/profile/QuantPred/wandb/run-20210918_124515-6fng5j2v/files/config.yaml
2021-09-18 12:46:01,965 DEBUG   HandlerThread:3564128 [handler.py:handle_request():124] handle_request: poll_exit
2021-09-18 12:46:01,966 DEBUG   SenderThread:3564128 [sender.py:send_request():193] send_request: poll_exit
2021-09-18 12:46:02,005 INFO    Thread-14 :3564128 [upload_job.py:push():137] Uploaded file /grid/koo/home/toneyan/profile/QuantPred/wandb/run-20210918_124515-6fng5j2v/files/wandb-summary.json
2021-09-18 12:46:02,072 DEBUG   HandlerThread:3564128 [handler.py:handle_request():124] handle_request: poll_exit
2021-09-18 12:46:02,072 DEBUG   SenderThread:3564128 [sender.py:send_request():193] send_request: poll_exit
2021-09-18 12:46:02,085 INFO    Thread-13 :3564128 [upload_job.py:push():137] Uploaded file /grid/koo/home/toneyan/profile/QuantPred/wandb/run-20210918_124515-6fng5j2v/files/requirements.txt
2021-09-18 12:46:02,174 DEBUG   HandlerThread:3564128 [handler.py:handle_request():124] handle_request: poll_exit
2021-09-18 12:46:02,174 DEBUG   SenderThread:3564128 [sender.py:send_request():193] send_request: poll_exit
2021-09-18 12:46:02,276 DEBUG   HandlerThread:3564128 [handler.py:handle_request():124] handle_request: poll_exit
2021-09-18 12:46:02,276 DEBUG   SenderThread:3564128 [sender.py:send_request():193] send_request: poll_exit
2021-09-18 12:46:02,286 INFO    Thread-7  :3564128 [sender.py:transition_state():308] send defer: 7
2021-09-18 12:46:02,286 DEBUG   HandlerThread:3564128 [handler.py:handle_request():124] handle_request: defer
2021-09-18 12:46:02,286 INFO    HandlerThread:3564128 [handler.py:handle_request_defer():141] handle defer: 7
2021-09-18 12:46:02,287 DEBUG   SenderThread:3564128 [sender.py:send_request():193] send_request: defer
2021-09-18 12:46:02,287 INFO    SenderThread:3564128 [sender.py:send_request_defer():304] handle sender defer: 7
2021-09-18 12:46:02,366 INFO    SenderThread:3564128 [sender.py:transition_state():308] send defer: 8
2021-09-18 12:46:02,367 DEBUG   HandlerThread:3564128 [handler.py:handle_request():124] handle_request: defer
2021-09-18 12:46:02,367 INFO    HandlerThread:3564128 [handler.py:handle_request_defer():141] handle defer: 8
2021-09-18 12:46:02,367 DEBUG   SenderThread:3564128 [sender.py:send_request():193] send_request: defer
2021-09-18 12:46:02,367 INFO    SenderThread:3564128 [sender.py:send_request_defer():304] handle sender defer: 8
2021-09-18 12:46:02,367 INFO    SenderThread:3564128 [sender.py:transition_state():308] send defer: 9
2021-09-18 12:46:02,367 DEBUG   SenderThread:3564128 [sender.py:send():179] send: final
2021-09-18 12:46:02,367 DEBUG   HandlerThread:3564128 [handler.py:handle_request():124] handle_request: defer
2021-09-18 12:46:02,367 DEBUG   SenderThread:3564128 [sender.py:send():179] send: footer
2021-09-18 12:46:02,367 INFO    HandlerThread:3564128 [handler.py:handle_request_defer():141] handle defer: 9
2021-09-18 12:46:02,368 DEBUG   SenderThread:3564128 [sender.py:send_request():193] send_request: defer
2021-09-18 12:46:02,368 INFO    SenderThread:3564128 [sender.py:send_request_defer():304] handle sender defer: 9
2021-09-18 12:46:02,381 DEBUG   HandlerThread:3564128 [handler.py:handle_request():124] handle_request: poll_exit
2021-09-18 12:46:02,382 DEBUG   SenderThread:3564128 [sender.py:send_request():193] send_request: poll_exit
2021-09-18 12:46:02,382 INFO    SenderThread:3564128 [file_pusher.py:join():182] waiting for file pusher
2021-09-18 12:46:02,387 DEBUG   HandlerThread:3564128 [handler.py:handle_request():124] handle_request: get_summary
2021-09-18 12:46:02,388 DEBUG   HandlerThread:3564128 [handler.py:handle_request():124] handle_request: sampled_history
2021-09-18 12:46:02,388 DEBUG   HandlerThread:3564128 [handler.py:handle_request():124] handle_request: shutdown
2021-09-18 12:46:02,388 INFO    HandlerThread:3564128 [handler.py:finish():638] shutting down handler
2021-09-18 12:46:03,368 INFO    WriterThread:3564128 [datastore.py:close():288] close: /grid/koo/home/toneyan/profile/QuantPred/wandb/run-20210918_124515-6fng5j2v/run-6fng5j2v.wandb
2021-09-18 12:46:03,382 INFO    SenderThread:3564128 [sender.py:finish():945] shutting down sender
2021-09-18 12:46:03,382 INFO    SenderThread:3564128 [file_pusher.py:finish():177] shutting down file pusher
2021-09-18 12:46:03,382 INFO    SenderThread:3564128 [file_pusher.py:join():182] waiting for file pusher
2021-09-18 12:46:03,384 INFO    MainThread:3564128 [internal.py:handle_exit():78] Internal process exited
