2021-09-19 09:25:00,346 INFO    MainThread:2173475 [internal.py:wandb_internal():91] W&B internal server running at pid: 2173475, started at: 2021-09-19 09:25:00.345396
2021-09-19 09:25:00,347 DEBUG   HandlerThread:2173475 [handler.py:handle_request():124] handle_request: check_version
2021-09-19 09:25:00,347 INFO    WriterThread:2173475 [datastore.py:open_for_write():80] open: /grid/koo/home/toneyan/profile/QuantPred/wandb/run-20210919_092459-vtln8kjc/run-vtln8kjc.wandb
2021-09-19 09:25:00,348 DEBUG   SenderThread:2173475 [sender.py:send():179] send: header
2021-09-19 09:25:00,349 DEBUG   SenderThread:2173475 [sender.py:send_request():193] send_request: check_version
2021-09-19 09:25:00,392 DEBUG   SenderThread:2173475 [sender.py:send():179] send: run
2021-09-19 09:25:00,475 INFO    SenderThread:2173475 [dir_watcher.py:__init__():168] watching files in: /grid/koo/home/toneyan/profile/QuantPred/wandb/run-20210919_092459-vtln8kjc/files
2021-09-19 09:25:00,475 INFO    SenderThread:2173475 [sender.py:_start_run_threads():719] run started: vtln8kjc with start time 1632057899
2021-09-19 09:25:00,475 DEBUG   SenderThread:2173475 [sender.py:send():179] send: summary
2021-09-19 09:25:00,476 INFO    SenderThread:2173475 [sender.py:_save_file():841] saving file wandb-summary.json with policy end
2021-09-19 09:25:00,476 DEBUG   HandlerThread:2173475 [handler.py:handle_request():124] handle_request: run_start
2021-09-19 09:25:01,431 DEBUG   HandlerThread:2173475 [meta.py:__init__():39] meta init
2021-09-19 09:25:01,431 DEBUG   HandlerThread:2173475 [meta.py:__init__():53] meta init done
2021-09-19 09:25:01,431 DEBUG   HandlerThread:2173475 [meta.py:probe():210] probe
2021-09-19 09:25:01,437 DEBUG   HandlerThread:2173475 [meta.py:_save_pip():57] save pip
2021-09-19 09:25:01,440 DEBUG   HandlerThread:2173475 [meta.py:_save_pip():71] save pip done
2021-09-19 09:25:01,440 DEBUG   HandlerThread:2173475 [meta.py:probe():252] probe done
2021-09-19 09:25:01,444 DEBUG   SenderThread:2173475 [sender.py:send():179] send: files
2021-09-19 09:25:01,444 INFO    SenderThread:2173475 [sender.py:_save_file():841] saving file wandb-metadata.json with policy now
2021-09-19 09:25:01,460 DEBUG   HandlerThread:2173475 [handler.py:handle_request():124] handle_request: stop_status
2021-09-19 09:25:01,460 DEBUG   SenderThread:2173475 [sender.py:send_request():193] send_request: stop_status
2021-09-19 09:25:01,476 INFO    Thread-8  :2173475 [dir_watcher.py:_on_file_created():216] file/dir created: /grid/koo/home/toneyan/profile/QuantPred/wandb/run-20210919_092459-vtln8kjc/files/wandb-metadata.json
2021-09-19 09:25:01,477 INFO    Thread-8  :2173475 [dir_watcher.py:_on_file_created():216] file/dir created: /grid/koo/home/toneyan/profile/QuantPred/wandb/run-20210919_092459-vtln8kjc/files/requirements.txt
2021-09-19 09:25:01,477 INFO    Thread-8  :2173475 [dir_watcher.py:_on_file_created():216] file/dir created: /grid/koo/home/toneyan/profile/QuantPred/wandb/run-20210919_092459-vtln8kjc/files/output.log
2021-09-19 09:25:01,477 INFO    Thread-8  :2173475 [dir_watcher.py:_on_file_created():216] file/dir created: /grid/koo/home/toneyan/profile/QuantPred/wandb/run-20210919_092459-vtln8kjc/files/wandb-summary.json
2021-09-19 09:25:01,747 INFO    Thread-11 :2173475 [upload_job.py:push():137] Uploaded file /tmp/3288844.1.gpu.q/tmpy9v0yzy8wandb/2mm9b4o7-wandb-metadata.json
2021-09-19 09:25:16,521 DEBUG   HandlerThread:2173475 [handler.py:handle_request():124] handle_request: stop_status
2021-09-19 09:25:16,521 DEBUG   SenderThread:2173475 [sender.py:send_request():193] send_request: stop_status
2021-09-19 09:25:29,739 DEBUG   SenderThread:2173475 [sender.py:send():179] send: stats
2021-09-19 09:25:31,585 DEBUG   HandlerThread:2173475 [handler.py:handle_request():124] handle_request: stop_status
2021-09-19 09:25:31,585 DEBUG   SenderThread:2173475 [sender.py:send_request():193] send_request: stop_status
2021-09-19 09:25:33,810 DEBUG   HandlerThread:2173475 [handler.py:handle_request():124] handle_request: poll_exit
2021-09-19 09:25:33,810 DEBUG   SenderThread:2173475 [sender.py:send():179] send: telemetry
2021-09-19 09:25:33,811 DEBUG   SenderThread:2173475 [sender.py:send():179] send: exit
2021-09-19 09:25:33,811 INFO    SenderThread:2173475 [sender.py:send_exit():287] handling exit code: 1
2021-09-19 09:25:33,811 INFO    SenderThread:2173475 [sender.py:send_exit():295] send defer
2021-09-19 09:25:33,811 DEBUG   SenderThread:2173475 [sender.py:send_request():193] send_request: poll_exit
2021-09-19 09:25:33,811 DEBUG   HandlerThread:2173475 [handler.py:handle_request():124] handle_request: defer
2021-09-19 09:25:33,811 INFO    HandlerThread:2173475 [handler.py:handle_request_defer():141] handle defer: 0
2021-09-19 09:25:33,811 DEBUG   SenderThread:2173475 [sender.py:send_request():193] send_request: defer
2021-09-19 09:25:33,811 INFO    SenderThread:2173475 [sender.py:send_request_defer():304] handle sender defer: 0
2021-09-19 09:25:33,811 INFO    SenderThread:2173475 [sender.py:transition_state():308] send defer: 1
2021-09-19 09:25:33,812 DEBUG   HandlerThread:2173475 [handler.py:handle_request():124] handle_request: defer
2021-09-19 09:25:33,812 INFO    HandlerThread:2173475 [handler.py:handle_request_defer():141] handle defer: 1
2021-09-19 09:25:33,893 DEBUG   SenderThread:2173475 [sender.py:send_request():193] send_request: defer
2021-09-19 09:25:33,893 INFO    SenderThread:2173475 [sender.py:send_request_defer():304] handle sender defer: 1
2021-09-19 09:25:33,893 INFO    SenderThread:2173475 [sender.py:transition_state():308] send defer: 2
2021-09-19 09:25:33,893 DEBUG   SenderThread:2173475 [sender.py:send():179] send: stats
2021-09-19 09:25:33,893 DEBUG   HandlerThread:2173475 [handler.py:handle_request():124] handle_request: defer
2021-09-19 09:25:33,895 INFO    HandlerThread:2173475 [handler.py:handle_request_defer():141] handle defer: 2
2021-09-19 09:25:33,895 DEBUG   SenderThread:2173475 [sender.py:send_request():193] send_request: defer
2021-09-19 09:25:33,895 INFO    SenderThread:2173475 [sender.py:send_request_defer():304] handle sender defer: 2
2021-09-19 09:25:33,895 INFO    SenderThread:2173475 [sender.py:transition_state():308] send defer: 3
2021-09-19 09:25:33,895 DEBUG   HandlerThread:2173475 [handler.py:handle_request():124] handle_request: defer
2021-09-19 09:25:33,896 INFO    HandlerThread:2173475 [handler.py:handle_request_defer():141] handle defer: 3
2021-09-19 09:25:33,896 DEBUG   SenderThread:2173475 [sender.py:send():179] send: summary
2021-09-19 09:25:33,896 INFO    SenderThread:2173475 [sender.py:_save_file():841] saving file wandb-summary.json with policy end
2021-09-19 09:25:33,896 DEBUG   SenderThread:2173475 [sender.py:send_request():193] send_request: defer
2021-09-19 09:25:33,896 INFO    SenderThread:2173475 [sender.py:send_request_defer():304] handle sender defer: 3
2021-09-19 09:25:33,896 INFO    SenderThread:2173475 [sender.py:transition_state():308] send defer: 4
2021-09-19 09:25:33,896 DEBUG   HandlerThread:2173475 [handler.py:handle_request():124] handle_request: defer
2021-09-19 09:25:33,896 INFO    HandlerThread:2173475 [handler.py:handle_request_defer():141] handle defer: 4
2021-09-19 09:25:33,896 DEBUG   SenderThread:2173475 [sender.py:send_request():193] send_request: defer
2021-09-19 09:25:33,896 INFO    SenderThread:2173475 [sender.py:send_request_defer():304] handle sender defer: 4
2021-09-19 09:25:33,912 DEBUG   HandlerThread:2173475 [handler.py:handle_request():124] handle_request: poll_exit
2021-09-19 09:25:33,998 INFO    SenderThread:2173475 [sender.py:transition_state():308] send defer: 5
2021-09-19 09:25:33,998 DEBUG   SenderThread:2173475 [sender.py:send_request():193] send_request: poll_exit
2021-09-19 09:25:33,999 DEBUG   HandlerThread:2173475 [handler.py:handle_request():124] handle_request: defer
2021-09-19 09:25:33,999 INFO    HandlerThread:2173475 [handler.py:handle_request_defer():141] handle defer: 5
2021-09-19 09:25:33,999 DEBUG   SenderThread:2173475 [sender.py:send_request():193] send_request: defer
2021-09-19 09:25:33,999 INFO    SenderThread:2173475 [sender.py:send_request_defer():304] handle sender defer: 5
2021-09-19 09:25:33,999 INFO    SenderThread:2173475 [dir_watcher.py:finish():282] shutting down directory watcher
2021-09-19 09:25:34,104 DEBUG   HandlerThread:2173475 [handler.py:handle_request():124] handle_request: poll_exit
2021-09-19 09:25:34,482 INFO    SenderThread:2173475 [dir_watcher.py:_on_file_modified():229] file/dir modified: /grid/koo/home/toneyan/profile/QuantPred/wandb/run-20210919_092459-vtln8kjc/files/wandb-summary.json
2021-09-19 09:25:34,482 INFO    SenderThread:2173475 [dir_watcher.py:_on_file_modified():229] file/dir modified: /grid/koo/home/toneyan/profile/QuantPred/wandb/run-20210919_092459-vtln8kjc/files/config.yaml
2021-09-19 09:25:34,482 INFO    SenderThread:2173475 [dir_watcher.py:finish():312] scan: /grid/koo/home/toneyan/profile/QuantPred/wandb/run-20210919_092459-vtln8kjc/files
2021-09-19 09:25:34,483 INFO    SenderThread:2173475 [dir_watcher.py:finish():318] scan save: /grid/koo/home/toneyan/profile/QuantPred/wandb/run-20210919_092459-vtln8kjc/files/wandb-metadata.json wandb-metadata.json
2021-09-19 09:25:34,483 INFO    SenderThread:2173475 [dir_watcher.py:finish():318] scan save: /grid/koo/home/toneyan/profile/QuantPred/wandb/run-20210919_092459-vtln8kjc/files/config.yaml config.yaml
2021-09-19 09:25:34,483 INFO    SenderThread:2173475 [dir_watcher.py:finish():318] scan save: /grid/koo/home/toneyan/profile/QuantPred/wandb/run-20210919_092459-vtln8kjc/files/requirements.txt requirements.txt
2021-09-19 09:25:34,483 INFO    SenderThread:2173475 [dir_watcher.py:finish():318] scan save: /grid/koo/home/toneyan/profile/QuantPred/wandb/run-20210919_092459-vtln8kjc/files/wandb-summary.json wandb-summary.json
2021-09-19 09:25:34,488 INFO    SenderThread:2173475 [dir_watcher.py:finish():318] scan save: /grid/koo/home/toneyan/profile/QuantPred/wandb/run-20210919_092459-vtln8kjc/files/output.log output.log
2021-09-19 09:25:34,489 INFO    SenderThread:2173475 [sender.py:transition_state():308] send defer: 6
2021-09-19 09:25:34,489 DEBUG   SenderThread:2173475 [sender.py:send_request():193] send_request: poll_exit
2021-09-19 09:25:34,493 DEBUG   HandlerThread:2173475 [handler.py:handle_request():124] handle_request: defer
2021-09-19 09:25:34,494 INFO    HandlerThread:2173475 [handler.py:handle_request_defer():141] handle defer: 6
2021-09-19 09:25:34,494 DEBUG   SenderThread:2173475 [sender.py:send_request():193] send_request: defer
2021-09-19 09:25:34,494 INFO    SenderThread:2173475 [sender.py:send_request_defer():304] handle sender defer: 6
2021-09-19 09:25:34,494 INFO    SenderThread:2173475 [file_pusher.py:finish():177] shutting down file pusher
2021-09-19 09:25:34,598 DEBUG   HandlerThread:2173475 [handler.py:handle_request():124] handle_request: poll_exit
2021-09-19 09:25:34,598 DEBUG   SenderThread:2173475 [sender.py:send_request():193] send_request: poll_exit
2021-09-19 09:25:34,699 DEBUG   HandlerThread:2173475 [handler.py:handle_request():124] handle_request: poll_exit
2021-09-19 09:25:34,699 DEBUG   SenderThread:2173475 [sender.py:send_request():193] send_request: poll_exit
2021-09-19 09:25:34,800 DEBUG   HandlerThread:2173475 [handler.py:handle_request():124] handle_request: poll_exit
2021-09-19 09:25:34,801 DEBUG   SenderThread:2173475 [sender.py:send_request():193] send_request: poll_exit
2021-09-19 09:25:34,820 INFO    Thread-13 :2173475 [upload_job.py:push():137] Uploaded file /grid/koo/home/toneyan/profile/QuantPred/wandb/run-20210919_092459-vtln8kjc/files/requirements.txt
2021-09-19 09:25:34,894 INFO    Thread-14 :2173475 [upload_job.py:push():137] Uploaded file /grid/koo/home/toneyan/profile/QuantPred/wandb/run-20210919_092459-vtln8kjc/files/wandb-summary.json
2021-09-19 09:25:34,902 DEBUG   HandlerThread:2173475 [handler.py:handle_request():124] handle_request: poll_exit
2021-09-19 09:25:34,902 DEBUG   SenderThread:2173475 [sender.py:send_request():193] send_request: poll_exit
2021-09-19 09:25:34,904 INFO    Thread-12 :2173475 [upload_job.py:push():137] Uploaded file /grid/koo/home/toneyan/profile/QuantPred/wandb/run-20210919_092459-vtln8kjc/files/config.yaml
2021-09-19 09:25:35,003 DEBUG   HandlerThread:2173475 [handler.py:handle_request():124] handle_request: poll_exit
2021-09-19 09:25:35,003 DEBUG   SenderThread:2173475 [sender.py:send_request():193] send_request: poll_exit
2021-09-19 09:25:35,105 INFO    Thread-7  :2173475 [sender.py:transition_state():308] send defer: 7
2021-09-19 09:25:35,105 DEBUG   HandlerThread:2173475 [handler.py:handle_request():124] handle_request: defer
2021-09-19 09:25:35,105 INFO    HandlerThread:2173475 [handler.py:handle_request_defer():141] handle defer: 7
2021-09-19 09:25:35,105 DEBUG   SenderThread:2173475 [sender.py:send_request():193] send_request: defer
2021-09-19 09:25:35,105 INFO    SenderThread:2173475 [sender.py:send_request_defer():304] handle sender defer: 7
2021-09-19 09:25:35,108 DEBUG   HandlerThread:2173475 [handler.py:handle_request():124] handle_request: poll_exit
2021-09-19 09:25:35,209 INFO    SenderThread:2173475 [sender.py:transition_state():308] send defer: 8
2021-09-19 09:25:35,210 DEBUG   SenderThread:2173475 [sender.py:send_request():193] send_request: poll_exit
2021-09-19 09:25:35,210 DEBUG   HandlerThread:2173475 [handler.py:handle_request():124] handle_request: defer
2021-09-19 09:25:35,210 INFO    HandlerThread:2173475 [handler.py:handle_request_defer():141] handle defer: 8
2021-09-19 09:25:35,210 DEBUG   SenderThread:2173475 [sender.py:send_request():193] send_request: defer
2021-09-19 09:25:35,210 INFO    SenderThread:2173475 [sender.py:send_request_defer():304] handle sender defer: 8
2021-09-19 09:25:35,210 INFO    SenderThread:2173475 [sender.py:transition_state():308] send defer: 9
2021-09-19 09:25:35,210 DEBUG   SenderThread:2173475 [sender.py:send():179] send: final
2021-09-19 09:25:35,211 DEBUG   HandlerThread:2173475 [handler.py:handle_request():124] handle_request: defer
2021-09-19 09:25:35,211 DEBUG   SenderThread:2173475 [sender.py:send():179] send: footer
2021-09-19 09:25:35,211 INFO    HandlerThread:2173475 [handler.py:handle_request_defer():141] handle defer: 9
2021-09-19 09:25:35,211 DEBUG   SenderThread:2173475 [sender.py:send_request():193] send_request: defer
2021-09-19 09:25:35,211 INFO    SenderThread:2173475 [sender.py:send_request_defer():304] handle sender defer: 9
2021-09-19 09:25:35,315 DEBUG   HandlerThread:2173475 [handler.py:handle_request():124] handle_request: poll_exit
2021-09-19 09:25:35,315 DEBUG   SenderThread:2173475 [sender.py:send_request():193] send_request: poll_exit
2021-09-19 09:25:35,315 INFO    SenderThread:2173475 [file_pusher.py:join():182] waiting for file pusher
2021-09-19 09:25:35,320 DEBUG   HandlerThread:2173475 [handler.py:handle_request():124] handle_request: get_summary
2021-09-19 09:25:35,321 DEBUG   HandlerThread:2173475 [handler.py:handle_request():124] handle_request: sampled_history
2021-09-19 09:25:35,321 DEBUG   HandlerThread:2173475 [handler.py:handle_request():124] handle_request: shutdown
2021-09-19 09:25:35,321 INFO    HandlerThread:2173475 [handler.py:finish():638] shutting down handler
2021-09-19 09:25:36,211 INFO    WriterThread:2173475 [datastore.py:close():288] close: /grid/koo/home/toneyan/profile/QuantPred/wandb/run-20210919_092459-vtln8kjc/run-vtln8kjc.wandb
2021-09-19 09:25:36,315 INFO    SenderThread:2173475 [sender.py:finish():945] shutting down sender
2021-09-19 09:25:36,315 INFO    SenderThread:2173475 [file_pusher.py:finish():177] shutting down file pusher
2021-09-19 09:25:36,315 INFO    SenderThread:2173475 [file_pusher.py:join():182] waiting for file pusher
2021-09-19 09:25:36,316 INFO    MainThread:2173475 [internal.py:handle_exit():78] Internal process exited
