2021-09-14 14:50:50,080 INFO    MainThread:1899644 [internal.py:wandb_internal():91] W&B internal server running at pid: 1899644, started at: 2021-09-14 14:50:50.079753
2021-09-14 14:50:50,082 DEBUG   HandlerThread:1899644 [handler.py:handle_request():124] handle_request: check_version
2021-09-14 14:50:50,082 INFO    WriterThread:1899644 [datastore.py:open_for_write():80] open: /grid/koo/home/toneyan/profile/QuantPred/wandb/run-20210914_145049-svq3ziar/run-svq3ziar.wandb
2021-09-14 14:50:50,083 DEBUG   SenderThread:1899644 [sender.py:send():179] send: header
2021-09-14 14:50:50,083 DEBUG   SenderThread:1899644 [sender.py:send_request():193] send_request: check_version
2021-09-14 14:50:50,112 DEBUG   SenderThread:1899644 [sender.py:send():179] send: run
2021-09-14 14:50:50,192 INFO    SenderThread:1899644 [dir_watcher.py:__init__():168] watching files in: /grid/koo/home/toneyan/profile/QuantPred/wandb/run-20210914_145049-svq3ziar/files
2021-09-14 14:50:50,192 INFO    SenderThread:1899644 [sender.py:_start_run_threads():719] run started: svq3ziar with start time 1631645449
2021-09-14 14:50:50,192 DEBUG   SenderThread:1899644 [sender.py:send():179] send: summary
2021-09-14 14:50:50,193 INFO    SenderThread:1899644 [sender.py:_save_file():841] saving file wandb-summary.json with policy end
2021-09-14 14:50:50,194 DEBUG   HandlerThread:1899644 [handler.py:handle_request():124] handle_request: run_start
2021-09-14 14:50:51,195 INFO    Thread-8  :1899644 [dir_watcher.py:_on_file_created():216] file/dir created: /grid/koo/home/toneyan/profile/QuantPred/wandb/run-20210914_145049-svq3ziar/files/wandb-summary.json
2021-09-14 14:50:51,240 DEBUG   HandlerThread:1899644 [meta.py:__init__():39] meta init
2021-09-14 14:50:51,241 DEBUG   HandlerThread:1899644 [meta.py:__init__():53] meta init done
2021-09-14 14:50:51,241 DEBUG   HandlerThread:1899644 [meta.py:probe():210] probe
2021-09-14 14:50:51,246 DEBUG   HandlerThread:1899644 [meta.py:_save_pip():57] save pip
2021-09-14 14:50:51,248 DEBUG   HandlerThread:1899644 [meta.py:_save_pip():71] save pip done
2021-09-14 14:50:51,248 DEBUG   HandlerThread:1899644 [meta.py:probe():252] probe done
2021-09-14 14:50:51,250 DEBUG   SenderThread:1899644 [sender.py:send():179] send: files
2021-09-14 14:50:51,250 INFO    SenderThread:1899644 [sender.py:_save_file():841] saving file wandb-metadata.json with policy now
2021-09-14 14:50:51,256 DEBUG   HandlerThread:1899644 [handler.py:handle_request():124] handle_request: stop_status
2021-09-14 14:50:51,256 DEBUG   SenderThread:1899644 [sender.py:send_request():193] send_request: stop_status
2021-09-14 14:50:51,591 INFO    Thread-11 :1899644 [upload_job.py:push():137] Uploaded file /tmp/3287110.1.gpu_ded.q/tmpdarpsdorwandb/8co31alh-wandb-metadata.json
2021-09-14 14:50:52,194 INFO    Thread-8  :1899644 [dir_watcher.py:_on_file_created():216] file/dir created: /grid/koo/home/toneyan/profile/QuantPred/wandb/run-20210914_145049-svq3ziar/files/wandb-metadata.json
2021-09-14 14:50:52,194 INFO    Thread-8  :1899644 [dir_watcher.py:_on_file_created():216] file/dir created: /grid/koo/home/toneyan/profile/QuantPred/wandb/run-20210914_145049-svq3ziar/files/output.log
2021-09-14 14:50:52,195 INFO    Thread-8  :1899644 [dir_watcher.py:_on_file_created():216] file/dir created: /grid/koo/home/toneyan/profile/QuantPred/wandb/run-20210914_145049-svq3ziar/files/requirements.txt
2021-09-14 14:51:06,318 DEBUG   HandlerThread:1899644 [handler.py:handle_request():124] handle_request: stop_status
2021-09-14 14:51:06,319 DEBUG   SenderThread:1899644 [sender.py:send_request():193] send_request: stop_status
2021-09-14 14:51:06,375 ERROR   SenderThread:1899644 [internal_api.py:execute():130] 429 response executing GraphQL.
2021-09-14 14:51:06,375 ERROR   SenderThread:1899644 [internal_api.py:execute():131] {"error":"rate limit exceeded"}

2021-09-14 14:51:07,669 ERROR   SenderThread:1899644 [internal_api.py:execute():130] 429 response executing GraphQL.
2021-09-14 14:51:07,669 ERROR   SenderThread:1899644 [internal_api.py:execute():131] {"error":"rate limit exceeded"}

2021-09-14 14:51:10,156 ERROR   SenderThread:1899644 [internal_api.py:execute():130] 429 response executing GraphQL.
2021-09-14 14:51:10,156 ERROR   SenderThread:1899644 [internal_api.py:execute():131] {"error":"rate limit exceeded"}

2021-09-14 14:51:10,156 ERROR   SenderThread:1899644 [retry.py:__call__():126] Retry attempt failed:
Traceback (most recent call last):
  File "/usr/local/lib/python3.6/dist-packages/wandb/sdk/lib/retry.py", line 102, in __call__
    result = self._call_fn(*args, **kwargs)
  File "/usr/local/lib/python3.6/dist-packages/wandb/sdk/internal/internal_api.py", line 133, in execute
    six.reraise(*sys.exc_info())
  File "/usr/local/lib/python3.6/dist-packages/six.py", line 719, in reraise
    raise value
  File "/usr/local/lib/python3.6/dist-packages/wandb/sdk/internal/internal_api.py", line 127, in execute
    return self.client.execute(*args, **kwargs)
  File "/usr/local/lib/python3.6/dist-packages/wandb/vendor/gql-0.2.0/gql/client.py", line 52, in execute
    result = self._get_result(document, *args, **kwargs)
  File "/usr/local/lib/python3.6/dist-packages/wandb/vendor/gql-0.2.0/gql/client.py", line 60, in _get_result
    return self.transport.execute(document, *args, **kwargs)
  File "/usr/local/lib/python3.6/dist-packages/wandb/vendor/gql-0.2.0/gql/transport/requests.py", line 39, in execute
    request.raise_for_status()
  File "/usr/local/lib/python3.6/dist-packages/requests/models.py", line 943, in raise_for_status
    raise HTTPError(http_error_msg, response=self)
requests.exceptions.HTTPError: 429 Client Error: Too Many Requests for url: https://api.wandb.ai/graphql
2021-09-14 14:51:19,604 DEBUG   SenderThread:1899644 [sender.py:send():179] send: stats
2021-09-14 14:51:23,027 DEBUG   HandlerThread:1899644 [handler.py:handle_request():124] handle_request: poll_exit
2021-09-14 14:51:23,027 DEBUG   SenderThread:1899644 [sender.py:send():179] send: telemetry
2021-09-14 14:51:23,028 DEBUG   SenderThread:1899644 [sender.py:send():179] send: exit
2021-09-14 14:51:23,028 INFO    SenderThread:1899644 [sender.py:send_exit():287] handling exit code: 1
2021-09-14 14:51:23,028 INFO    SenderThread:1899644 [sender.py:send_exit():295] send defer
2021-09-14 14:51:23,028 DEBUG   SenderThread:1899644 [sender.py:send_request():193] send_request: poll_exit
2021-09-14 14:51:23,028 DEBUG   HandlerThread:1899644 [handler.py:handle_request():124] handle_request: defer
2021-09-14 14:51:23,028 INFO    HandlerThread:1899644 [handler.py:handle_request_defer():141] handle defer: 0
2021-09-14 14:51:23,028 DEBUG   SenderThread:1899644 [sender.py:send_request():193] send_request: defer
2021-09-14 14:51:23,028 INFO    SenderThread:1899644 [sender.py:send_request_defer():304] handle sender defer: 0
2021-09-14 14:51:23,028 INFO    SenderThread:1899644 [sender.py:transition_state():308] send defer: 1
2021-09-14 14:51:23,029 DEBUG   HandlerThread:1899644 [handler.py:handle_request():124] handle_request: defer
2021-09-14 14:51:23,029 INFO    HandlerThread:1899644 [handler.py:handle_request_defer():141] handle defer: 1
2021-09-14 14:51:23,048 DEBUG   SenderThread:1899644 [sender.py:send_request():193] send_request: defer
2021-09-14 14:51:23,049 INFO    SenderThread:1899644 [sender.py:send_request_defer():304] handle sender defer: 1
2021-09-14 14:51:23,049 INFO    SenderThread:1899644 [sender.py:transition_state():308] send defer: 2
2021-09-14 14:51:23,049 DEBUG   SenderThread:1899644 [sender.py:send():179] send: stats
2021-09-14 14:51:23,049 DEBUG   HandlerThread:1899644 [handler.py:handle_request():124] handle_request: defer
2021-09-14 14:51:23,051 INFO    HandlerThread:1899644 [handler.py:handle_request_defer():141] handle defer: 2
2021-09-14 14:51:23,051 DEBUG   SenderThread:1899644 [sender.py:send_request():193] send_request: defer
2021-09-14 14:51:23,052 INFO    SenderThread:1899644 [sender.py:send_request_defer():304] handle sender defer: 2
2021-09-14 14:51:23,052 INFO    SenderThread:1899644 [sender.py:transition_state():308] send defer: 3
2021-09-14 14:51:23,052 DEBUG   HandlerThread:1899644 [handler.py:handle_request():124] handle_request: defer
2021-09-14 14:51:23,052 INFO    HandlerThread:1899644 [handler.py:handle_request_defer():141] handle defer: 3
2021-09-14 14:51:23,052 DEBUG   SenderThread:1899644 [sender.py:send():179] send: summary
2021-09-14 14:51:23,052 INFO    SenderThread:1899644 [sender.py:_save_file():841] saving file wandb-summary.json with policy end
2021-09-14 14:51:23,053 DEBUG   SenderThread:1899644 [sender.py:send_request():193] send_request: defer
2021-09-14 14:51:23,053 INFO    SenderThread:1899644 [sender.py:send_request_defer():304] handle sender defer: 3
2021-09-14 14:51:23,053 INFO    SenderThread:1899644 [sender.py:transition_state():308] send defer: 4
2021-09-14 14:51:23,053 DEBUG   HandlerThread:1899644 [handler.py:handle_request():124] handle_request: defer
2021-09-14 14:51:23,053 INFO    HandlerThread:1899644 [handler.py:handle_request_defer():141] handle defer: 4
2021-09-14 14:51:23,053 DEBUG   SenderThread:1899644 [sender.py:send_request():193] send_request: defer
2021-09-14 14:51:23,053 INFO    SenderThread:1899644 [sender.py:send_request_defer():304] handle sender defer: 4
2021-09-14 14:51:23,129 DEBUG   HandlerThread:1899644 [handler.py:handle_request():124] handle_request: poll_exit
2021-09-14 14:51:23,133 INFO    SenderThread:1899644 [sender.py:transition_state():308] send defer: 5
2021-09-14 14:51:23,133 DEBUG   SenderThread:1899644 [sender.py:send_request():193] send_request: poll_exit
2021-09-14 14:51:23,133 DEBUG   HandlerThread:1899644 [handler.py:handle_request():124] handle_request: defer
2021-09-14 14:51:23,133 INFO    HandlerThread:1899644 [handler.py:handle_request_defer():141] handle defer: 5
2021-09-14 14:51:23,134 DEBUG   SenderThread:1899644 [sender.py:send_request():193] send_request: defer
2021-09-14 14:51:23,134 INFO    SenderThread:1899644 [sender.py:send_request_defer():304] handle sender defer: 5
2021-09-14 14:51:23,134 INFO    SenderThread:1899644 [dir_watcher.py:finish():282] shutting down directory watcher
2021-09-14 14:51:23,200 INFO    SenderThread:1899644 [dir_watcher.py:_on_file_modified():229] file/dir modified: /grid/koo/home/toneyan/profile/QuantPred/wandb/run-20210914_145049-svq3ziar/files/config.yaml
2021-09-14 14:51:23,200 INFO    SenderThread:1899644 [dir_watcher.py:_on_file_modified():229] file/dir modified: /grid/koo/home/toneyan/profile/QuantPred/wandb/run-20210914_145049-svq3ziar/files/wandb-summary.json
2021-09-14 14:51:23,200 INFO    SenderThread:1899644 [dir_watcher.py:finish():312] scan: /grid/koo/home/toneyan/profile/QuantPred/wandb/run-20210914_145049-svq3ziar/files
2021-09-14 14:51:23,200 INFO    SenderThread:1899644 [dir_watcher.py:finish():318] scan save: /grid/koo/home/toneyan/profile/QuantPred/wandb/run-20210914_145049-svq3ziar/files/wandb-metadata.json wandb-metadata.json
2021-09-14 14:51:23,201 INFO    SenderThread:1899644 [dir_watcher.py:finish():318] scan save: /grid/koo/home/toneyan/profile/QuantPred/wandb/run-20210914_145049-svq3ziar/files/config.yaml config.yaml
2021-09-14 14:51:23,201 INFO    SenderThread:1899644 [dir_watcher.py:finish():318] scan save: /grid/koo/home/toneyan/profile/QuantPred/wandb/run-20210914_145049-svq3ziar/files/requirements.txt requirements.txt
2021-09-14 14:51:23,201 INFO    SenderThread:1899644 [dir_watcher.py:finish():318] scan save: /grid/koo/home/toneyan/profile/QuantPred/wandb/run-20210914_145049-svq3ziar/files/wandb-summary.json wandb-summary.json
2021-09-14 14:51:23,206 INFO    SenderThread:1899644 [dir_watcher.py:finish():318] scan save: /grid/koo/home/toneyan/profile/QuantPred/wandb/run-20210914_145049-svq3ziar/files/output.log output.log
2021-09-14 14:51:23,207 INFO    SenderThread:1899644 [sender.py:transition_state():308] send defer: 6
2021-09-14 14:51:23,213 DEBUG   HandlerThread:1899644 [handler.py:handle_request():124] handle_request: defer
2021-09-14 14:51:23,213 INFO    HandlerThread:1899644 [handler.py:handle_request_defer():141] handle defer: 6
2021-09-14 14:51:23,213 DEBUG   SenderThread:1899644 [sender.py:send_request():193] send_request: defer
2021-09-14 14:51:23,214 INFO    SenderThread:1899644 [sender.py:send_request_defer():304] handle sender defer: 6
2021-09-14 14:51:23,214 INFO    SenderThread:1899644 [file_pusher.py:finish():177] shutting down file pusher
2021-09-14 14:51:23,234 DEBUG   HandlerThread:1899644 [handler.py:handle_request():124] handle_request: poll_exit
2021-09-14 14:51:23,235 DEBUG   SenderThread:1899644 [sender.py:send_request():193] send_request: poll_exit
2021-09-14 14:51:23,336 DEBUG   HandlerThread:1899644 [handler.py:handle_request():124] handle_request: poll_exit
2021-09-14 14:51:23,337 DEBUG   SenderThread:1899644 [sender.py:send_request():193] send_request: poll_exit
2021-09-14 14:51:23,438 DEBUG   HandlerThread:1899644 [handler.py:handle_request():124] handle_request: poll_exit
2021-09-14 14:51:23,438 DEBUG   SenderThread:1899644 [sender.py:send_request():193] send_request: poll_exit
2021-09-14 14:51:23,540 DEBUG   HandlerThread:1899644 [handler.py:handle_request():124] handle_request: poll_exit
2021-09-14 14:51:23,540 DEBUG   SenderThread:1899644 [sender.py:send_request():193] send_request: poll_exit
2021-09-14 14:51:23,554 INFO    Thread-12 :1899644 [upload_job.py:push():137] Uploaded file /grid/koo/home/toneyan/profile/QuantPred/wandb/run-20210914_145049-svq3ziar/files/config.yaml
2021-09-14 14:51:23,642 INFO    Thread-13 :1899644 [upload_job.py:push():137] Uploaded file /grid/koo/home/toneyan/profile/QuantPred/wandb/run-20210914_145049-svq3ziar/files/requirements.txt
2021-09-14 14:51:23,642 DEBUG   HandlerThread:1899644 [handler.py:handle_request():124] handle_request: poll_exit
2021-09-14 14:51:23,643 DEBUG   SenderThread:1899644 [sender.py:send_request():193] send_request: poll_exit
2021-09-14 14:51:23,649 INFO    Thread-14 :1899644 [upload_job.py:push():137] Uploaded file /grid/koo/home/toneyan/profile/QuantPred/wandb/run-20210914_145049-svq3ziar/files/wandb-summary.json
2021-09-14 14:51:23,745 DEBUG   HandlerThread:1899644 [handler.py:handle_request():124] handle_request: poll_exit
2021-09-14 14:51:23,745 DEBUG   SenderThread:1899644 [sender.py:send_request():193] send_request: poll_exit
2021-09-14 14:51:23,848 DEBUG   HandlerThread:1899644 [handler.py:handle_request():124] handle_request: poll_exit
2021-09-14 14:51:23,848 DEBUG   SenderThread:1899644 [sender.py:send_request():193] send_request: poll_exit
2021-09-14 14:51:23,849 INFO    Thread-7  :1899644 [sender.py:transition_state():308] send defer: 7
2021-09-14 14:51:23,850 DEBUG   HandlerThread:1899644 [handler.py:handle_request():124] handle_request: defer
2021-09-14 14:51:23,850 INFO    HandlerThread:1899644 [handler.py:handle_request_defer():141] handle defer: 7
2021-09-14 14:51:23,850 DEBUG   SenderThread:1899644 [sender.py:send_request():193] send_request: defer
2021-09-14 14:51:23,850 INFO    SenderThread:1899644 [sender.py:send_request_defer():304] handle sender defer: 7
2021-09-14 14:51:23,950 DEBUG   HandlerThread:1899644 [handler.py:handle_request():124] handle_request: poll_exit
2021-09-14 14:51:23,955 INFO    SenderThread:1899644 [sender.py:transition_state():308] send defer: 8
2021-09-14 14:51:23,955 DEBUG   SenderThread:1899644 [sender.py:send_request():193] send_request: poll_exit
2021-09-14 14:51:23,956 DEBUG   HandlerThread:1899644 [handler.py:handle_request():124] handle_request: defer
2021-09-14 14:51:23,956 INFO    HandlerThread:1899644 [handler.py:handle_request_defer():141] handle defer: 8
2021-09-14 14:51:23,956 DEBUG   SenderThread:1899644 [sender.py:send_request():193] send_request: defer
2021-09-14 14:51:23,956 INFO    SenderThread:1899644 [sender.py:send_request_defer():304] handle sender defer: 8
2021-09-14 14:51:23,956 INFO    SenderThread:1899644 [sender.py:transition_state():308] send defer: 9
2021-09-14 14:51:23,957 DEBUG   SenderThread:1899644 [sender.py:send():179] send: final
2021-09-14 14:51:23,957 DEBUG   HandlerThread:1899644 [handler.py:handle_request():124] handle_request: defer
2021-09-14 14:51:23,957 DEBUG   SenderThread:1899644 [sender.py:send():179] send: footer
2021-09-14 14:51:23,957 INFO    HandlerThread:1899644 [handler.py:handle_request_defer():141] handle defer: 9
2021-09-14 14:51:23,957 DEBUG   SenderThread:1899644 [sender.py:send_request():193] send_request: defer
2021-09-14 14:51:23,957 INFO    SenderThread:1899644 [sender.py:send_request_defer():304] handle sender defer: 9
2021-09-14 14:51:24,057 DEBUG   HandlerThread:1899644 [handler.py:handle_request():124] handle_request: poll_exit
2021-09-14 14:51:24,058 DEBUG   SenderThread:1899644 [sender.py:send_request():193] send_request: poll_exit
2021-09-14 14:51:24,058 INFO    SenderThread:1899644 [file_pusher.py:join():182] waiting for file pusher
2021-09-14 14:51:24,059 DEBUG   HandlerThread:1899644 [handler.py:handle_request():124] handle_request: get_summary
2021-09-14 14:51:24,060 DEBUG   HandlerThread:1899644 [handler.py:handle_request():124] handle_request: sampled_history
2021-09-14 14:51:24,060 DEBUG   HandlerThread:1899644 [handler.py:handle_request():124] handle_request: shutdown
2021-09-14 14:51:24,060 INFO    HandlerThread:1899644 [handler.py:finish():638] shutting down handler
2021-09-14 14:51:24,957 INFO    WriterThread:1899644 [datastore.py:close():288] close: /grid/koo/home/toneyan/profile/QuantPred/wandb/run-20210914_145049-svq3ziar/run-svq3ziar.wandb
2021-09-14 14:51:25,058 INFO    SenderThread:1899644 [sender.py:finish():945] shutting down sender
2021-09-14 14:51:25,058 INFO    SenderThread:1899644 [file_pusher.py:finish():177] shutting down file pusher
2021-09-14 14:51:25,058 INFO    SenderThread:1899644 [file_pusher.py:join():182] waiting for file pusher
2021-09-14 14:51:25,062 INFO    MainThread:1899644 [internal.py:handle_exit():78] Internal process exited
