2021-09-18 16:45:41,803 INFO    MainThread:770212 [internal.py:wandb_internal():91] W&B internal server running at pid: 770212, started at: 2021-09-18 16:45:41.802895
2021-09-18 16:45:41,805 DEBUG   HandlerThread:770212 [handler.py:handle_request():124] handle_request: check_version
2021-09-18 16:45:41,805 INFO    WriterThread:770212 [datastore.py:open_for_write():80] open: /grid/koo/home/toneyan/profile/QuantPred/wandb/run-20210918_164541-iu45r2pp/run-iu45r2pp.wandb
2021-09-18 16:45:41,807 DEBUG   SenderThread:770212 [sender.py:send():179] send: header
2021-09-18 16:45:41,807 DEBUG   SenderThread:770212 [sender.py:send_request():193] send_request: check_version
2021-09-18 16:45:41,837 DEBUG   SenderThread:770212 [sender.py:send():179] send: run
2021-09-18 16:45:41,896 ERROR   SenderThread:770212 [internal_api.py:execute():130] 429 response executing GraphQL.
2021-09-18 16:45:41,897 ERROR   SenderThread:770212 [internal_api.py:execute():131] {"error":"rate limit exceeded"}

2021-09-18 16:45:43,094 ERROR   SenderThread:770212 [internal_api.py:execute():130] 429 response executing GraphQL.
2021-09-18 16:45:43,094 ERROR   SenderThread:770212 [internal_api.py:execute():131] {"error":"rate limit exceeded"}

2021-09-18 16:45:45,289 INFO    SenderThread:770212 [dir_watcher.py:__init__():168] watching files in: /grid/koo/home/toneyan/profile/QuantPred/wandb/run-20210918_164541-iu45r2pp/files
2021-09-18 16:45:45,289 INFO    SenderThread:770212 [sender.py:_start_run_threads():719] run started: iu45r2pp with start time 1631997941
2021-09-18 16:45:45,290 DEBUG   SenderThread:770212 [sender.py:send():179] send: summary
2021-09-18 16:45:45,290 INFO    SenderThread:770212 [sender.py:_save_file():841] saving file wandb-summary.json with policy end
2021-09-18 16:45:45,291 DEBUG   HandlerThread:770212 [handler.py:handle_request():124] handle_request: run_start
2021-09-18 16:45:46,298 INFO    Thread-8  :770212 [dir_watcher.py:_on_file_created():216] file/dir created: /grid/koo/home/toneyan/profile/QuantPred/wandb/run-20210918_164541-iu45r2pp/files/wandb-summary.json
2021-09-18 16:45:46,495 DEBUG   HandlerThread:770212 [meta.py:__init__():39] meta init
2021-09-18 16:45:46,496 DEBUG   HandlerThread:770212 [meta.py:__init__():53] meta init done
2021-09-18 16:45:46,496 DEBUG   HandlerThread:770212 [meta.py:probe():210] probe
2021-09-18 16:45:46,502 DEBUG   HandlerThread:770212 [meta.py:_save_pip():57] save pip
2021-09-18 16:45:46,503 DEBUG   HandlerThread:770212 [meta.py:_save_pip():71] save pip done
2021-09-18 16:45:46,503 DEBUG   HandlerThread:770212 [meta.py:probe():252] probe done
2021-09-18 16:45:46,506 DEBUG   SenderThread:770212 [sender.py:send():179] send: files
2021-09-18 16:45:46,506 INFO    SenderThread:770212 [sender.py:_save_file():841] saving file wandb-metadata.json with policy now
2021-09-18 16:45:46,513 DEBUG   HandlerThread:770212 [handler.py:handle_request():124] handle_request: stop_status
2021-09-18 16:45:46,513 DEBUG   SenderThread:770212 [sender.py:send_request():193] send_request: stop_status
2021-09-18 16:45:46,809 INFO    Thread-11 :770212 [upload_job.py:push():137] Uploaded file /tmp/3288848.1.gpu_ded.q/tmpdj6jjr74wandb/1brt1glj-wandb-metadata.json
2021-09-18 16:45:47,295 INFO    Thread-8  :770212 [dir_watcher.py:_on_file_created():216] file/dir created: /grid/koo/home/toneyan/profile/QuantPred/wandb/run-20210918_164541-iu45r2pp/files/requirements.txt
2021-09-18 16:45:47,296 INFO    Thread-8  :770212 [dir_watcher.py:_on_file_created():216] file/dir created: /grid/koo/home/toneyan/profile/QuantPred/wandb/run-20210918_164541-iu45r2pp/files/wandb-metadata.json
2021-09-18 16:45:47,296 INFO    Thread-8  :770212 [dir_watcher.py:_on_file_created():216] file/dir created: /grid/koo/home/toneyan/profile/QuantPred/wandb/run-20210918_164541-iu45r2pp/files/output.log
2021-09-18 16:46:01,583 DEBUG   HandlerThread:770212 [handler.py:handle_request():124] handle_request: stop_status
2021-09-18 16:46:01,583 DEBUG   SenderThread:770212 [sender.py:send_request():193] send_request: stop_status
2021-09-18 16:46:14,897 DEBUG   SenderThread:770212 [sender.py:send():179] send: stats
2021-09-18 16:46:16,656 DEBUG   HandlerThread:770212 [handler.py:handle_request():124] handle_request: stop_status
2021-09-18 16:46:16,656 DEBUG   SenderThread:770212 [sender.py:send_request():193] send_request: stop_status
2021-09-18 16:46:19,679 DEBUG   SenderThread:770212 [sender.py:send():179] send: telemetry
2021-09-18 16:46:19,679 DEBUG   HandlerThread:770212 [handler.py:handle_request():124] handle_request: poll_exit
2021-09-18 16:46:19,679 DEBUG   SenderThread:770212 [sender.py:send():179] send: exit
2021-09-18 16:46:19,679 INFO    SenderThread:770212 [sender.py:send_exit():287] handling exit code: 1
2021-09-18 16:46:19,679 INFO    SenderThread:770212 [sender.py:send_exit():295] send defer
2021-09-18 16:46:19,679 DEBUG   SenderThread:770212 [sender.py:send_request():193] send_request: poll_exit
2021-09-18 16:46:19,680 DEBUG   HandlerThread:770212 [handler.py:handle_request():124] handle_request: defer
2021-09-18 16:46:19,680 INFO    HandlerThread:770212 [handler.py:handle_request_defer():141] handle defer: 0
2021-09-18 16:46:19,680 DEBUG   SenderThread:770212 [sender.py:send_request():193] send_request: defer
2021-09-18 16:46:19,680 INFO    SenderThread:770212 [sender.py:send_request_defer():304] handle sender defer: 0
2021-09-18 16:46:19,680 INFO    SenderThread:770212 [sender.py:transition_state():308] send defer: 1
2021-09-18 16:46:19,680 DEBUG   HandlerThread:770212 [handler.py:handle_request():124] handle_request: defer
2021-09-18 16:46:19,680 INFO    HandlerThread:770212 [handler.py:handle_request_defer():141] handle defer: 1
2021-09-18 16:46:19,775 DEBUG   SenderThread:770212 [sender.py:send_request():193] send_request: defer
2021-09-18 16:46:19,775 INFO    SenderThread:770212 [sender.py:send_request_defer():304] handle sender defer: 1
2021-09-18 16:46:19,775 INFO    SenderThread:770212 [sender.py:transition_state():308] send defer: 2
2021-09-18 16:46:19,775 DEBUG   SenderThread:770212 [sender.py:send():179] send: stats
2021-09-18 16:46:19,776 DEBUG   HandlerThread:770212 [handler.py:handle_request():124] handle_request: defer
2021-09-18 16:46:19,777 INFO    HandlerThread:770212 [handler.py:handle_request_defer():141] handle defer: 2
2021-09-18 16:46:19,777 DEBUG   SenderThread:770212 [sender.py:send_request():193] send_request: defer
2021-09-18 16:46:19,778 INFO    SenderThread:770212 [sender.py:send_request_defer():304] handle sender defer: 2
2021-09-18 16:46:19,778 INFO    SenderThread:770212 [sender.py:transition_state():308] send defer: 3
2021-09-18 16:46:19,778 DEBUG   HandlerThread:770212 [handler.py:handle_request():124] handle_request: defer
2021-09-18 16:46:19,779 INFO    HandlerThread:770212 [handler.py:handle_request_defer():141] handle defer: 3
2021-09-18 16:46:19,779 DEBUG   SenderThread:770212 [sender.py:send():179] send: summary
2021-09-18 16:46:19,779 INFO    SenderThread:770212 [sender.py:_save_file():841] saving file wandb-summary.json with policy end
2021-09-18 16:46:19,779 DEBUG   SenderThread:770212 [sender.py:send_request():193] send_request: defer
2021-09-18 16:46:19,780 INFO    SenderThread:770212 [sender.py:send_request_defer():304] handle sender defer: 3
2021-09-18 16:46:19,780 INFO    SenderThread:770212 [sender.py:transition_state():308] send defer: 4
2021-09-18 16:46:19,780 DEBUG   HandlerThread:770212 [handler.py:handle_request():124] handle_request: defer
2021-09-18 16:46:19,780 INFO    HandlerThread:770212 [handler.py:handle_request_defer():141] handle defer: 4
2021-09-18 16:46:19,780 DEBUG   SenderThread:770212 [sender.py:send_request():193] send_request: defer
2021-09-18 16:46:19,780 INFO    SenderThread:770212 [sender.py:send_request_defer():304] handle sender defer: 4
2021-09-18 16:46:19,785 DEBUG   HandlerThread:770212 [handler.py:handle_request():124] handle_request: poll_exit
2021-09-18 16:46:19,861 INFO    SenderThread:770212 [sender.py:transition_state():308] send defer: 5
2021-09-18 16:46:19,862 DEBUG   SenderThread:770212 [sender.py:send_request():193] send_request: poll_exit
2021-09-18 16:46:19,863 DEBUG   HandlerThread:770212 [handler.py:handle_request():124] handle_request: defer
2021-09-18 16:46:19,863 INFO    HandlerThread:770212 [handler.py:handle_request_defer():141] handle defer: 5
2021-09-18 16:46:19,863 DEBUG   SenderThread:770212 [sender.py:send_request():193] send_request: defer
2021-09-18 16:46:19,863 INFO    SenderThread:770212 [sender.py:send_request_defer():304] handle sender defer: 5
2021-09-18 16:46:19,863 INFO    SenderThread:770212 [dir_watcher.py:finish():282] shutting down directory watcher
2021-09-18 16:46:19,964 DEBUG   HandlerThread:770212 [handler.py:handle_request():124] handle_request: poll_exit
2021-09-18 16:46:20,301 INFO    SenderThread:770212 [dir_watcher.py:_on_file_modified():229] file/dir modified: /grid/koo/home/toneyan/profile/QuantPred/wandb/run-20210918_164541-iu45r2pp/files/wandb-summary.json
2021-09-18 16:46:20,301 INFO    SenderThread:770212 [dir_watcher.py:_on_file_modified():229] file/dir modified: /grid/koo/home/toneyan/profile/QuantPred/wandb/run-20210918_164541-iu45r2pp/files/config.yaml
2021-09-18 16:46:20,302 INFO    SenderThread:770212 [dir_watcher.py:finish():312] scan: /grid/koo/home/toneyan/profile/QuantPred/wandb/run-20210918_164541-iu45r2pp/files
2021-09-18 16:46:20,302 INFO    SenderThread:770212 [dir_watcher.py:finish():318] scan save: /grid/koo/home/toneyan/profile/QuantPred/wandb/run-20210918_164541-iu45r2pp/files/wandb-metadata.json wandb-metadata.json
2021-09-18 16:46:20,302 INFO    SenderThread:770212 [dir_watcher.py:finish():318] scan save: /grid/koo/home/toneyan/profile/QuantPred/wandb/run-20210918_164541-iu45r2pp/files/config.yaml config.yaml
2021-09-18 16:46:20,302 INFO    SenderThread:770212 [dir_watcher.py:finish():318] scan save: /grid/koo/home/toneyan/profile/QuantPred/wandb/run-20210918_164541-iu45r2pp/files/requirements.txt requirements.txt
2021-09-18 16:46:20,302 INFO    SenderThread:770212 [dir_watcher.py:finish():318] scan save: /grid/koo/home/toneyan/profile/QuantPred/wandb/run-20210918_164541-iu45r2pp/files/wandb-summary.json wandb-summary.json
2021-09-18 16:46:20,302 INFO    SenderThread:770212 [dir_watcher.py:finish():318] scan save: /grid/koo/home/toneyan/profile/QuantPred/wandb/run-20210918_164541-iu45r2pp/files/output.log output.log
2021-09-18 16:46:20,308 INFO    SenderThread:770212 [sender.py:transition_state():308] send defer: 6
2021-09-18 16:46:20,308 DEBUG   SenderThread:770212 [sender.py:send_request():193] send_request: poll_exit
2021-09-18 16:46:20,313 DEBUG   HandlerThread:770212 [handler.py:handle_request():124] handle_request: defer
2021-09-18 16:46:20,313 INFO    HandlerThread:770212 [handler.py:handle_request_defer():141] handle defer: 6
2021-09-18 16:46:20,313 DEBUG   SenderThread:770212 [sender.py:send_request():193] send_request: defer
2021-09-18 16:46:20,314 INFO    SenderThread:770212 [sender.py:send_request_defer():304] handle sender defer: 6
2021-09-18 16:46:20,314 INFO    SenderThread:770212 [file_pusher.py:finish():177] shutting down file pusher
2021-09-18 16:46:20,415 DEBUG   HandlerThread:770212 [handler.py:handle_request():124] handle_request: poll_exit
2021-09-18 16:46:20,415 DEBUG   SenderThread:770212 [sender.py:send_request():193] send_request: poll_exit
2021-09-18 16:46:20,516 DEBUG   HandlerThread:770212 [handler.py:handle_request():124] handle_request: poll_exit
2021-09-18 16:46:20,517 DEBUG   SenderThread:770212 [sender.py:send_request():193] send_request: poll_exit
2021-09-18 16:46:20,607 INFO    Thread-12 :770212 [upload_job.py:push():137] Uploaded file /grid/koo/home/toneyan/profile/QuantPred/wandb/run-20210918_164541-iu45r2pp/files/config.yaml
2021-09-18 16:46:20,618 DEBUG   HandlerThread:770212 [handler.py:handle_request():124] handle_request: poll_exit
2021-09-18 16:46:20,618 DEBUG   SenderThread:770212 [sender.py:send_request():193] send_request: poll_exit
2021-09-18 16:46:20,652 INFO    Thread-14 :770212 [upload_job.py:push():137] Uploaded file /grid/koo/home/toneyan/profile/QuantPred/wandb/run-20210918_164541-iu45r2pp/files/wandb-summary.json
2021-09-18 16:46:20,675 INFO    Thread-13 :770212 [upload_job.py:push():137] Uploaded file /grid/koo/home/toneyan/profile/QuantPred/wandb/run-20210918_164541-iu45r2pp/files/requirements.txt
2021-09-18 16:46:20,720 DEBUG   HandlerThread:770212 [handler.py:handle_request():124] handle_request: poll_exit
2021-09-18 16:46:20,720 DEBUG   SenderThread:770212 [sender.py:send_request():193] send_request: poll_exit
2021-09-18 16:46:20,822 DEBUG   HandlerThread:770212 [handler.py:handle_request():124] handle_request: poll_exit
2021-09-18 16:46:20,822 DEBUG   SenderThread:770212 [sender.py:send_request():193] send_request: poll_exit
2021-09-18 16:46:20,875 INFO    Thread-7  :770212 [sender.py:transition_state():308] send defer: 7
2021-09-18 16:46:20,876 DEBUG   HandlerThread:770212 [handler.py:handle_request():124] handle_request: defer
2021-09-18 16:46:20,876 INFO    HandlerThread:770212 [handler.py:handle_request_defer():141] handle defer: 7
2021-09-18 16:46:20,876 DEBUG   SenderThread:770212 [sender.py:send_request():193] send_request: defer
2021-09-18 16:46:20,876 INFO    SenderThread:770212 [sender.py:send_request_defer():304] handle sender defer: 7
2021-09-18 16:46:20,924 DEBUG   HandlerThread:770212 [handler.py:handle_request():124] handle_request: poll_exit
2021-09-18 16:46:20,982 INFO    SenderThread:770212 [sender.py:transition_state():308] send defer: 8
2021-09-18 16:46:20,982 DEBUG   SenderThread:770212 [sender.py:send_request():193] send_request: poll_exit
2021-09-18 16:46:20,983 DEBUG   HandlerThread:770212 [handler.py:handle_request():124] handle_request: defer
2021-09-18 16:46:20,983 INFO    HandlerThread:770212 [handler.py:handle_request_defer():141] handle defer: 8
2021-09-18 16:46:20,983 DEBUG   SenderThread:770212 [sender.py:send_request():193] send_request: defer
2021-09-18 16:46:20,983 INFO    SenderThread:770212 [sender.py:send_request_defer():304] handle sender defer: 8
2021-09-18 16:46:20,983 INFO    SenderThread:770212 [sender.py:transition_state():308] send defer: 9
2021-09-18 16:46:20,983 DEBUG   SenderThread:770212 [sender.py:send():179] send: final
2021-09-18 16:46:20,984 DEBUG   HandlerThread:770212 [handler.py:handle_request():124] handle_request: defer
2021-09-18 16:46:20,984 DEBUG   SenderThread:770212 [sender.py:send():179] send: footer
2021-09-18 16:46:20,984 INFO    HandlerThread:770212 [handler.py:handle_request_defer():141] handle defer: 9
2021-09-18 16:46:20,984 DEBUG   SenderThread:770212 [sender.py:send_request():193] send_request: defer
2021-09-18 16:46:20,984 INFO    SenderThread:770212 [sender.py:send_request_defer():304] handle sender defer: 9
2021-09-18 16:46:21,085 DEBUG   HandlerThread:770212 [handler.py:handle_request():124] handle_request: poll_exit
2021-09-18 16:46:21,085 DEBUG   SenderThread:770212 [sender.py:send_request():193] send_request: poll_exit
2021-09-18 16:46:21,085 INFO    SenderThread:770212 [file_pusher.py:join():182] waiting for file pusher
2021-09-18 16:46:21,086 DEBUG   HandlerThread:770212 [handler.py:handle_request():124] handle_request: get_summary
2021-09-18 16:46:21,087 DEBUG   HandlerThread:770212 [handler.py:handle_request():124] handle_request: sampled_history
2021-09-18 16:46:21,087 DEBUG   HandlerThread:770212 [handler.py:handle_request():124] handle_request: shutdown
2021-09-18 16:46:21,087 INFO    HandlerThread:770212 [handler.py:finish():638] shutting down handler
2021-09-18 16:46:21,984 INFO    WriterThread:770212 [datastore.py:close():288] close: /grid/koo/home/toneyan/profile/QuantPred/wandb/run-20210918_164541-iu45r2pp/run-iu45r2pp.wandb
2021-09-18 16:46:22,085 INFO    SenderThread:770212 [sender.py:finish():945] shutting down sender
2021-09-18 16:46:22,086 INFO    SenderThread:770212 [file_pusher.py:finish():177] shutting down file pusher
2021-09-18 16:46:22,086 INFO    SenderThread:770212 [file_pusher.py:join():182] waiting for file pusher
2021-09-18 16:46:22,089 INFO    MainThread:770212 [internal.py:handle_exit():78] Internal process exited
