2021-09-19 10:36:55,914 INFO    MainThread:1490675 [internal.py:wandb_internal():91] W&B internal server running at pid: 1490675, started at: 2021-09-19 10:36:55.913408
2021-09-19 10:36:55,915 DEBUG   HandlerThread:1490675 [handler.py:handle_request():124] handle_request: check_version
2021-09-19 10:36:55,915 INFO    WriterThread:1490675 [datastore.py:open_for_write():80] open: /grid/koo/home/toneyan/profile/QuantPred/wandb/run-20210919_103655-k7wfhy1o/run-k7wfhy1o.wandb
2021-09-19 10:36:55,917 DEBUG   SenderThread:1490675 [sender.py:send():179] send: header
2021-09-19 10:36:55,917 DEBUG   SenderThread:1490675 [sender.py:send_request():193] send_request: check_version
2021-09-19 10:36:55,946 DEBUG   SenderThread:1490675 [sender.py:send():179] send: run
2021-09-19 10:36:56,007 ERROR   SenderThread:1490675 [internal_api.py:execute():130] 429 response executing GraphQL.
2021-09-19 10:36:56,008 ERROR   SenderThread:1490675 [internal_api.py:execute():131] {"error":"rate limit exceeded"}

2021-09-19 10:36:57,220 ERROR   SenderThread:1490675 [internal_api.py:execute():130] 429 response executing GraphQL.
2021-09-19 10:36:57,221 ERROR   SenderThread:1490675 [internal_api.py:execute():131] {"error":"rate limit exceeded"}

2021-09-19 10:36:59,441 ERROR   SenderThread:1490675 [internal_api.py:execute():130] 429 response executing GraphQL.
2021-09-19 10:36:59,441 ERROR   SenderThread:1490675 [internal_api.py:execute():131] {"error":"rate limit exceeded"}

2021-09-19 10:36:59,441 ERROR   SenderThread:1490675 [retry.py:__call__():126] Retry attempt failed:
Traceback (most recent call last):
  File "/usr/local/lib/python3.6/dist-packages/wandb/sdk/lib/retry.py", line 102, in __call__
    result = self._call_fn(*args, **kwargs)
  File "/usr/local/lib/python3.6/dist-packages/wandb/sdk/internal/internal_api.py", line 133, in execute
    six.reraise(*sys.exc_info())
  File "/usr/local/lib/python3.6/dist-packages/six.py", line 719, in reraise
    raise value
  File "/usr/local/lib/python3.6/dist-packages/wandb/sdk/internal/internal_api.py", line 127, in execute
    return self.client.execute(*args, **kwargs)
  File "/usr/local/lib/python3.6/dist-packages/wandb/vendor/gql-0.2.0/gql/client.py", line 52, in execute
    result = self._get_result(document, *args, **kwargs)
  File "/usr/local/lib/python3.6/dist-packages/wandb/vendor/gql-0.2.0/gql/client.py", line 60, in _get_result
    return self.transport.execute(document, *args, **kwargs)
  File "/usr/local/lib/python3.6/dist-packages/wandb/vendor/gql-0.2.0/gql/transport/requests.py", line 39, in execute
    request.raise_for_status()
  File "/usr/local/lib/python3.6/dist-packages/requests/models.py", line 943, in raise_for_status
    raise HTTPError(http_error_msg, response=self)
requests.exceptions.HTTPError: 429 Client Error: Too Many Requests for url: https://api.wandb.ai/graphql
2021-09-19 10:37:04,018 INFO    SenderThread:1490675 [dir_watcher.py:__init__():168] watching files in: /grid/koo/home/toneyan/profile/QuantPred/wandb/run-20210919_103655-k7wfhy1o/files
2021-09-19 10:37:04,018 INFO    SenderThread:1490675 [sender.py:_start_run_threads():719] run started: k7wfhy1o with start time 1632062215
2021-09-19 10:37:04,018 DEBUG   SenderThread:1490675 [sender.py:send():179] send: summary
2021-09-19 10:37:04,019 INFO    SenderThread:1490675 [sender.py:_save_file():841] saving file wandb-summary.json with policy end
2021-09-19 10:37:04,019 DEBUG   HandlerThread:1490675 [handler.py:handle_request():124] handle_request: run_start
2021-09-19 10:37:05,022 INFO    Thread-8  :1490675 [dir_watcher.py:_on_file_created():216] file/dir created: /grid/koo/home/toneyan/profile/QuantPred/wandb/run-20210919_103655-k7wfhy1o/files/wandb-summary.json
2021-09-19 10:37:05,132 DEBUG   HandlerThread:1490675 [meta.py:__init__():39] meta init
2021-09-19 10:37:05,132 DEBUG   HandlerThread:1490675 [meta.py:__init__():53] meta init done
2021-09-19 10:37:05,132 DEBUG   HandlerThread:1490675 [meta.py:probe():210] probe
2021-09-19 10:37:05,138 DEBUG   HandlerThread:1490675 [meta.py:_save_pip():57] save pip
2021-09-19 10:37:05,140 DEBUG   HandlerThread:1490675 [meta.py:_save_pip():71] save pip done
2021-09-19 10:37:05,140 DEBUG   HandlerThread:1490675 [meta.py:probe():252] probe done
2021-09-19 10:37:05,142 DEBUG   SenderThread:1490675 [sender.py:send():179] send: files
2021-09-19 10:37:05,143 INFO    SenderThread:1490675 [sender.py:_save_file():841] saving file wandb-metadata.json with policy now
2021-09-19 10:37:05,149 DEBUG   HandlerThread:1490675 [handler.py:handle_request():124] handle_request: stop_status
2021-09-19 10:37:05,150 DEBUG   SenderThread:1490675 [sender.py:send_request():193] send_request: stop_status
2021-09-19 10:37:05,505 INFO    Thread-11 :1490675 [upload_job.py:push():137] Uploaded file /tmp/3288854.1.gpu_ded.q/tmpna9fn6amwandb/90wbmdlz-wandb-metadata.json
2021-09-19 10:37:06,022 INFO    Thread-8  :1490675 [dir_watcher.py:_on_file_created():216] file/dir created: /grid/koo/home/toneyan/profile/QuantPred/wandb/run-20210919_103655-k7wfhy1o/files/requirements.txt
2021-09-19 10:37:06,022 INFO    Thread-8  :1490675 [dir_watcher.py:_on_file_created():216] file/dir created: /grid/koo/home/toneyan/profile/QuantPred/wandb/run-20210919_103655-k7wfhy1o/files/output.log
2021-09-19 10:37:06,022 INFO    Thread-8  :1490675 [dir_watcher.py:_on_file_created():216] file/dir created: /grid/koo/home/toneyan/profile/QuantPred/wandb/run-20210919_103655-k7wfhy1o/files/wandb-metadata.json
2021-09-19 10:37:20,213 DEBUG   HandlerThread:1490675 [handler.py:handle_request():124] handle_request: stop_status
2021-09-19 10:37:20,214 DEBUG   SenderThread:1490675 [sender.py:send_request():193] send_request: stop_status
2021-09-19 10:37:20,269 ERROR   SenderThread:1490675 [internal_api.py:execute():130] 429 response executing GraphQL.
2021-09-19 10:37:20,270 ERROR   SenderThread:1490675 [internal_api.py:execute():131] {"error":"rate limit exceeded"}

2021-09-19 10:37:21,329 ERROR   SenderThread:1490675 [internal_api.py:execute():130] 429 response executing GraphQL.
2021-09-19 10:37:21,329 ERROR   SenderThread:1490675 [internal_api.py:execute():131] {"error":"rate limit exceeded"}

2021-09-19 10:37:23,579 ERROR   SenderThread:1490675 [internal_api.py:execute():130] 429 response executing GraphQL.
2021-09-19 10:37:23,580 ERROR   SenderThread:1490675 [internal_api.py:execute():131] {"error":"rate limit exceeded"}

2021-09-19 10:37:23,580 ERROR   SenderThread:1490675 [retry.py:__call__():126] Retry attempt failed:
Traceback (most recent call last):
  File "/usr/local/lib/python3.6/dist-packages/wandb/sdk/lib/retry.py", line 102, in __call__
    result = self._call_fn(*args, **kwargs)
  File "/usr/local/lib/python3.6/dist-packages/wandb/sdk/internal/internal_api.py", line 133, in execute
    six.reraise(*sys.exc_info())
  File "/usr/local/lib/python3.6/dist-packages/six.py", line 719, in reraise
    raise value
  File "/usr/local/lib/python3.6/dist-packages/wandb/sdk/internal/internal_api.py", line 127, in execute
    return self.client.execute(*args, **kwargs)
  File "/usr/local/lib/python3.6/dist-packages/wandb/vendor/gql-0.2.0/gql/client.py", line 52, in execute
    result = self._get_result(document, *args, **kwargs)
  File "/usr/local/lib/python3.6/dist-packages/wandb/vendor/gql-0.2.0/gql/client.py", line 60, in _get_result
    return self.transport.execute(document, *args, **kwargs)
  File "/usr/local/lib/python3.6/dist-packages/wandb/vendor/gql-0.2.0/gql/transport/requests.py", line 39, in execute
    request.raise_for_status()
  File "/usr/local/lib/python3.6/dist-packages/requests/models.py", line 943, in raise_for_status
    raise HTTPError(http_error_msg, response=self)
requests.exceptions.HTTPError: 429 Client Error: Too Many Requests for url: https://api.wandb.ai/graphql
2021-09-19 10:37:28,625 ERROR   SenderThread:1490675 [internal_api.py:execute():130] 429 response executing GraphQL.
2021-09-19 10:37:28,625 ERROR   SenderThread:1490675 [internal_api.py:execute():131] {"error":"rate limit exceeded"}

2021-09-19 10:37:36,916 DEBUG   HandlerThread:1490675 [handler.py:handle_request():124] handle_request: poll_exit
2021-09-19 10:37:37,070 DEBUG   SenderThread:1490675 [sender.py:send():179] send: stats
2021-09-19 10:37:37,070 DEBUG   SenderThread:1490675 [sender.py:send():179] send: telemetry
2021-09-19 10:37:37,070 DEBUG   SenderThread:1490675 [sender.py:send():179] send: exit
2021-09-19 10:37:37,072 INFO    SenderThread:1490675 [sender.py:send_exit():287] handling exit code: 1
2021-09-19 10:37:37,072 INFO    SenderThread:1490675 [sender.py:send_exit():295] send defer
2021-09-19 10:37:37,072 DEBUG   SenderThread:1490675 [sender.py:send_request():193] send_request: poll_exit
2021-09-19 10:37:37,073 DEBUG   HandlerThread:1490675 [handler.py:handle_request():124] handle_request: defer
2021-09-19 10:37:37,073 INFO    HandlerThread:1490675 [handler.py:handle_request_defer():141] handle defer: 0
2021-09-19 10:37:37,073 DEBUG   SenderThread:1490675 [sender.py:send_request():193] send_request: defer
2021-09-19 10:37:37,073 INFO    SenderThread:1490675 [sender.py:send_request_defer():304] handle sender defer: 0
2021-09-19 10:37:37,073 INFO    SenderThread:1490675 [sender.py:transition_state():308] send defer: 1
2021-09-19 10:37:37,074 DEBUG   HandlerThread:1490675 [handler.py:handle_request():124] handle_request: defer
2021-09-19 10:37:37,074 INFO    HandlerThread:1490675 [handler.py:handle_request_defer():141] handle defer: 1
2021-09-19 10:37:37,169 DEBUG   SenderThread:1490675 [sender.py:send_request():193] send_request: defer
2021-09-19 10:37:37,169 INFO    SenderThread:1490675 [sender.py:send_request_defer():304] handle sender defer: 1
2021-09-19 10:37:37,169 INFO    SenderThread:1490675 [sender.py:transition_state():308] send defer: 2
2021-09-19 10:37:37,170 DEBUG   SenderThread:1490675 [sender.py:send():179] send: stats
2021-09-19 10:37:37,170 DEBUG   HandlerThread:1490675 [handler.py:handle_request():124] handle_request: defer
2021-09-19 10:37:37,170 INFO    HandlerThread:1490675 [handler.py:handle_request_defer():141] handle defer: 2
2021-09-19 10:37:37,170 DEBUG   SenderThread:1490675 [sender.py:send_request():193] send_request: defer
2021-09-19 10:37:37,170 INFO    SenderThread:1490675 [sender.py:send_request_defer():304] handle sender defer: 2
2021-09-19 10:37:37,170 INFO    SenderThread:1490675 [sender.py:transition_state():308] send defer: 3
2021-09-19 10:37:37,170 DEBUG   HandlerThread:1490675 [handler.py:handle_request():124] handle_request: defer
2021-09-19 10:37:37,170 INFO    HandlerThread:1490675 [handler.py:handle_request_defer():141] handle defer: 3
2021-09-19 10:37:37,171 DEBUG   SenderThread:1490675 [sender.py:send():179] send: summary
2021-09-19 10:37:37,171 INFO    SenderThread:1490675 [sender.py:_save_file():841] saving file wandb-summary.json with policy end
2021-09-19 10:37:37,171 DEBUG   SenderThread:1490675 [sender.py:send_request():193] send_request: defer
2021-09-19 10:37:37,171 INFO    SenderThread:1490675 [sender.py:send_request_defer():304] handle sender defer: 3
2021-09-19 10:37:37,171 INFO    SenderThread:1490675 [sender.py:transition_state():308] send defer: 4
2021-09-19 10:37:37,172 DEBUG   HandlerThread:1490675 [handler.py:handle_request():124] handle_request: defer
2021-09-19 10:37:37,172 INFO    HandlerThread:1490675 [handler.py:handle_request_defer():141] handle defer: 4
2021-09-19 10:37:37,172 DEBUG   SenderThread:1490675 [sender.py:send_request():193] send_request: defer
2021-09-19 10:37:37,172 INFO    SenderThread:1490675 [sender.py:send_request_defer():304] handle sender defer: 4
2021-09-19 10:37:37,176 DEBUG   HandlerThread:1490675 [handler.py:handle_request():124] handle_request: poll_exit
2021-09-19 10:37:37,246 INFO    SenderThread:1490675 [sender.py:transition_state():308] send defer: 5
2021-09-19 10:37:37,246 DEBUG   SenderThread:1490675 [sender.py:send_request():193] send_request: poll_exit
2021-09-19 10:37:37,247 DEBUG   HandlerThread:1490675 [handler.py:handle_request():124] handle_request: defer
2021-09-19 10:37:37,247 INFO    HandlerThread:1490675 [handler.py:handle_request_defer():141] handle defer: 5
2021-09-19 10:37:37,247 DEBUG   SenderThread:1490675 [sender.py:send_request():193] send_request: defer
2021-09-19 10:37:37,247 INFO    SenderThread:1490675 [sender.py:send_request_defer():304] handle sender defer: 5
2021-09-19 10:37:37,247 INFO    SenderThread:1490675 [dir_watcher.py:finish():282] shutting down directory watcher
2021-09-19 10:37:37,348 DEBUG   HandlerThread:1490675 [handler.py:handle_request():124] handle_request: poll_exit
2021-09-19 10:37:38,028 INFO    SenderThread:1490675 [dir_watcher.py:_on_file_modified():229] file/dir modified: /grid/koo/home/toneyan/profile/QuantPred/wandb/run-20210919_103655-k7wfhy1o/files/wandb-summary.json
2021-09-19 10:37:38,028 INFO    SenderThread:1490675 [dir_watcher.py:_on_file_modified():229] file/dir modified: /grid/koo/home/toneyan/profile/QuantPred/wandb/run-20210919_103655-k7wfhy1o/files/config.yaml
2021-09-19 10:37:38,029 INFO    SenderThread:1490675 [dir_watcher.py:finish():312] scan: /grid/koo/home/toneyan/profile/QuantPred/wandb/run-20210919_103655-k7wfhy1o/files
2021-09-19 10:37:38,029 INFO    SenderThread:1490675 [dir_watcher.py:finish():318] scan save: /grid/koo/home/toneyan/profile/QuantPred/wandb/run-20210919_103655-k7wfhy1o/files/wandb-metadata.json wandb-metadata.json
2021-09-19 10:37:38,029 INFO    SenderThread:1490675 [dir_watcher.py:finish():318] scan save: /grid/koo/home/toneyan/profile/QuantPred/wandb/run-20210919_103655-k7wfhy1o/files/config.yaml config.yaml
2021-09-19 10:37:38,029 INFO    SenderThread:1490675 [dir_watcher.py:finish():318] scan save: /grid/koo/home/toneyan/profile/QuantPred/wandb/run-20210919_103655-k7wfhy1o/files/requirements.txt requirements.txt
2021-09-19 10:37:38,029 INFO    SenderThread:1490675 [dir_watcher.py:finish():318] scan save: /grid/koo/home/toneyan/profile/QuantPred/wandb/run-20210919_103655-k7wfhy1o/files/wandb-summary.json wandb-summary.json
2021-09-19 10:37:38,035 INFO    SenderThread:1490675 [dir_watcher.py:finish():318] scan save: /grid/koo/home/toneyan/profile/QuantPred/wandb/run-20210919_103655-k7wfhy1o/files/output.log output.log
2021-09-19 10:37:38,036 INFO    SenderThread:1490675 [sender.py:transition_state():308] send defer: 6
2021-09-19 10:37:38,040 DEBUG   SenderThread:1490675 [sender.py:send_request():193] send_request: poll_exit
2021-09-19 10:37:38,041 DEBUG   HandlerThread:1490675 [handler.py:handle_request():124] handle_request: defer
2021-09-19 10:37:38,041 INFO    HandlerThread:1490675 [handler.py:handle_request_defer():141] handle defer: 6
2021-09-19 10:37:38,041 DEBUG   SenderThread:1490675 [sender.py:send_request():193] send_request: defer
2021-09-19 10:37:38,041 INFO    SenderThread:1490675 [sender.py:send_request_defer():304] handle sender defer: 6
2021-09-19 10:37:38,041 INFO    SenderThread:1490675 [file_pusher.py:finish():177] shutting down file pusher
2021-09-19 10:37:38,146 DEBUG   HandlerThread:1490675 [handler.py:handle_request():124] handle_request: poll_exit
2021-09-19 10:37:38,147 DEBUG   SenderThread:1490675 [sender.py:send_request():193] send_request: poll_exit
2021-09-19 10:37:38,252 DEBUG   HandlerThread:1490675 [handler.py:handle_request():124] handle_request: poll_exit
2021-09-19 10:37:38,253 DEBUG   SenderThread:1490675 [sender.py:send_request():193] send_request: poll_exit
2021-09-19 10:37:38,329 INFO    Thread-13 :1490675 [upload_job.py:push():137] Uploaded file /grid/koo/home/toneyan/profile/QuantPred/wandb/run-20210919_103655-k7wfhy1o/files/requirements.txt
2021-09-19 10:37:38,331 INFO    Thread-12 :1490675 [upload_job.py:push():137] Uploaded file /grid/koo/home/toneyan/profile/QuantPred/wandb/run-20210919_103655-k7wfhy1o/files/config.yaml
2021-09-19 10:37:38,355 DEBUG   HandlerThread:1490675 [handler.py:handle_request():124] handle_request: poll_exit
2021-09-19 10:37:38,355 DEBUG   SenderThread:1490675 [sender.py:send_request():193] send_request: poll_exit
2021-09-19 10:37:38,439 INFO    Thread-14 :1490675 [upload_job.py:push():137] Uploaded file /grid/koo/home/toneyan/profile/QuantPred/wandb/run-20210919_103655-k7wfhy1o/files/wandb-summary.json
2021-09-19 10:37:38,457 DEBUG   HandlerThread:1490675 [handler.py:handle_request():124] handle_request: poll_exit
2021-09-19 10:37:38,457 DEBUG   SenderThread:1490675 [sender.py:send_request():193] send_request: poll_exit
2021-09-19 10:37:38,559 DEBUG   HandlerThread:1490675 [handler.py:handle_request():124] handle_request: poll_exit
2021-09-19 10:37:38,559 DEBUG   SenderThread:1490675 [sender.py:send_request():193] send_request: poll_exit
2021-09-19 10:37:38,640 INFO    Thread-7  :1490675 [sender.py:transition_state():308] send defer: 7
2021-09-19 10:37:38,640 DEBUG   HandlerThread:1490675 [handler.py:handle_request():124] handle_request: defer
2021-09-19 10:37:38,641 INFO    HandlerThread:1490675 [handler.py:handle_request_defer():141] handle defer: 7
2021-09-19 10:37:38,641 DEBUG   SenderThread:1490675 [sender.py:send_request():193] send_request: defer
2021-09-19 10:37:38,641 INFO    SenderThread:1490675 [sender.py:send_request_defer():304] handle sender defer: 7
2021-09-19 10:37:38,661 DEBUG   HandlerThread:1490675 [handler.py:handle_request():124] handle_request: poll_exit
2021-09-19 10:37:38,769 INFO    SenderThread:1490675 [sender.py:transition_state():308] send defer: 8
2021-09-19 10:37:38,769 DEBUG   SenderThread:1490675 [sender.py:send_request():193] send_request: poll_exit
2021-09-19 10:37:38,770 DEBUG   HandlerThread:1490675 [handler.py:handle_request():124] handle_request: defer
2021-09-19 10:37:38,770 INFO    HandlerThread:1490675 [handler.py:handle_request_defer():141] handle defer: 8
2021-09-19 10:37:38,770 DEBUG   SenderThread:1490675 [sender.py:send_request():193] send_request: defer
2021-09-19 10:37:38,770 INFO    SenderThread:1490675 [sender.py:send_request_defer():304] handle sender defer: 8
2021-09-19 10:37:38,770 INFO    SenderThread:1490675 [sender.py:transition_state():308] send defer: 9
2021-09-19 10:37:38,770 DEBUG   SenderThread:1490675 [sender.py:send():179] send: final
2021-09-19 10:37:38,770 DEBUG   SenderThread:1490675 [sender.py:send():179] send: footer
2021-09-19 10:37:38,771 DEBUG   HandlerThread:1490675 [handler.py:handle_request():124] handle_request: defer
2021-09-19 10:37:38,771 INFO    HandlerThread:1490675 [handler.py:handle_request_defer():141] handle defer: 9
2021-09-19 10:37:38,771 DEBUG   SenderThread:1490675 [sender.py:send_request():193] send_request: defer
2021-09-19 10:37:38,771 INFO    SenderThread:1490675 [sender.py:send_request_defer():304] handle sender defer: 9
2021-09-19 10:37:38,871 DEBUG   HandlerThread:1490675 [handler.py:handle_request():124] handle_request: poll_exit
2021-09-19 10:37:38,871 DEBUG   SenderThread:1490675 [sender.py:send_request():193] send_request: poll_exit
2021-09-19 10:37:38,872 INFO    SenderThread:1490675 [file_pusher.py:join():182] waiting for file pusher
2021-09-19 10:37:38,873 DEBUG   HandlerThread:1490675 [handler.py:handle_request():124] handle_request: get_summary
2021-09-19 10:37:38,874 DEBUG   HandlerThread:1490675 [handler.py:handle_request():124] handle_request: sampled_history
2021-09-19 10:37:38,874 DEBUG   HandlerThread:1490675 [handler.py:handle_request():124] handle_request: shutdown
2021-09-19 10:37:38,874 INFO    HandlerThread:1490675 [handler.py:finish():638] shutting down handler
2021-09-19 10:37:39,771 INFO    WriterThread:1490675 [datastore.py:close():288] close: /grid/koo/home/toneyan/profile/QuantPred/wandb/run-20210919_103655-k7wfhy1o/run-k7wfhy1o.wandb
2021-09-19 10:37:39,872 INFO    SenderThread:1490675 [sender.py:finish():945] shutting down sender
2021-09-19 10:37:39,872 INFO    SenderThread:1490675 [file_pusher.py:finish():177] shutting down file pusher
2021-09-19 10:37:39,872 INFO    SenderThread:1490675 [file_pusher.py:join():182] waiting for file pusher
2021-09-19 10:37:39,874 INFO    MainThread:1490675 [internal.py:handle_exit():78] Internal process exited
