2021-09-19 09:58:34,188 INFO    MainThread:1999656 [internal.py:wandb_internal():91] W&B internal server running at pid: 1999656, started at: 2021-09-19 09:58:34.186598
2021-09-19 09:58:34,189 DEBUG   HandlerThread:1999656 [handler.py:handle_request():124] handle_request: check_version
2021-09-19 09:58:34,190 INFO    WriterThread:1999656 [datastore.py:open_for_write():80] open: /grid/koo/home/toneyan/profile/QuantPred/wandb/run-20210919_095833-hjmzknsd/run-hjmzknsd.wandb
2021-09-19 09:58:34,191 DEBUG   SenderThread:1999656 [sender.py:send():179] send: header
2021-09-19 09:58:34,191 DEBUG   SenderThread:1999656 [sender.py:send_request():193] send_request: check_version
2021-09-19 09:58:34,223 DEBUG   SenderThread:1999656 [sender.py:send():179] send: run
2021-09-19 09:58:34,283 ERROR   SenderThread:1999656 [internal_api.py:execute():130] 429 response executing GraphQL.
2021-09-19 09:58:34,283 ERROR   SenderThread:1999656 [internal_api.py:execute():131] {"error":"rate limit exceeded"}

2021-09-19 09:58:35,575 ERROR   SenderThread:1999656 [internal_api.py:execute():130] 429 response executing GraphQL.
2021-09-19 09:58:35,576 ERROR   SenderThread:1999656 [internal_api.py:execute():131] {"error":"rate limit exceeded"}

2021-09-19 09:58:37,684 ERROR   SenderThread:1999656 [internal_api.py:execute():130] 429 response executing GraphQL.
2021-09-19 09:58:37,684 ERROR   SenderThread:1999656 [internal_api.py:execute():131] {"error":"rate limit exceeded"}

2021-09-19 09:58:37,685 ERROR   SenderThread:1999656 [retry.py:__call__():126] Retry attempt failed:
Traceback (most recent call last):
  File "/usr/local/lib/python3.6/dist-packages/wandb/sdk/lib/retry.py", line 102, in __call__
    result = self._call_fn(*args, **kwargs)
  File "/usr/local/lib/python3.6/dist-packages/wandb/sdk/internal/internal_api.py", line 133, in execute
    six.reraise(*sys.exc_info())
  File "/usr/local/lib/python3.6/dist-packages/six.py", line 719, in reraise
    raise value
  File "/usr/local/lib/python3.6/dist-packages/wandb/sdk/internal/internal_api.py", line 127, in execute
    return self.client.execute(*args, **kwargs)
  File "/usr/local/lib/python3.6/dist-packages/wandb/vendor/gql-0.2.0/gql/client.py", line 52, in execute
    result = self._get_result(document, *args, **kwargs)
  File "/usr/local/lib/python3.6/dist-packages/wandb/vendor/gql-0.2.0/gql/client.py", line 60, in _get_result
    return self.transport.execute(document, *args, **kwargs)
  File "/usr/local/lib/python3.6/dist-packages/wandb/vendor/gql-0.2.0/gql/transport/requests.py", line 39, in execute
    request.raise_for_status()
  File "/usr/local/lib/python3.6/dist-packages/requests/models.py", line 943, in raise_for_status
    raise HTTPError(http_error_msg, response=self)
requests.exceptions.HTTPError: 429 Client Error: Too Many Requests for url: https://api.wandb.ai/graphql
2021-09-19 09:58:42,582 ERROR   SenderThread:1999656 [internal_api.py:execute():130] 429 response executing GraphQL.
2021-09-19 09:58:42,582 ERROR   SenderThread:1999656 [internal_api.py:execute():131] {"error":"rate limit exceeded"}

2021-09-19 09:58:52,544 INFO    SenderThread:1999656 [dir_watcher.py:__init__():168] watching files in: /grid/koo/home/toneyan/profile/QuantPred/wandb/run-20210919_095833-hjmzknsd/files
2021-09-19 09:58:52,545 INFO    SenderThread:1999656 [sender.py:_start_run_threads():719] run started: hjmzknsd with start time 1632059913
2021-09-19 09:58:52,545 DEBUG   SenderThread:1999656 [sender.py:send():179] send: summary
2021-09-19 09:58:52,546 INFO    SenderThread:1999656 [sender.py:_save_file():841] saving file wandb-summary.json with policy end
2021-09-19 09:58:52,547 DEBUG   HandlerThread:1999656 [handler.py:handle_request():124] handle_request: run_start
2021-09-19 09:58:53,546 INFO    Thread-8  :1999656 [dir_watcher.py:_on_file_created():216] file/dir created: /grid/koo/home/toneyan/profile/QuantPred/wandb/run-20210919_095833-hjmzknsd/files/wandb-summary.json
2021-09-19 09:58:53,736 DEBUG   HandlerThread:1999656 [meta.py:__init__():39] meta init
2021-09-19 09:58:53,737 DEBUG   HandlerThread:1999656 [meta.py:__init__():53] meta init done
2021-09-19 09:58:53,737 DEBUG   HandlerThread:1999656 [meta.py:probe():210] probe
2021-09-19 09:58:53,742 DEBUG   HandlerThread:1999656 [meta.py:_save_pip():57] save pip
2021-09-19 09:58:53,744 DEBUG   HandlerThread:1999656 [meta.py:_save_pip():71] save pip done
2021-09-19 09:58:53,744 DEBUG   HandlerThread:1999656 [meta.py:probe():252] probe done
2021-09-19 09:58:53,747 DEBUG   SenderThread:1999656 [sender.py:send():179] send: files
2021-09-19 09:58:53,748 INFO    SenderThread:1999656 [sender.py:_save_file():841] saving file wandb-metadata.json with policy now
2021-09-19 09:58:53,754 DEBUG   HandlerThread:1999656 [handler.py:handle_request():124] handle_request: stop_status
2021-09-19 09:58:53,754 DEBUG   SenderThread:1999656 [sender.py:send_request():193] send_request: stop_status
2021-09-19 09:58:53,808 ERROR   Thread-11 :1999656 [internal_api.py:execute():130] 429 response executing GraphQL.
2021-09-19 09:58:53,808 ERROR   Thread-11 :1999656 [internal_api.py:execute():131] {"error":"rate limit exceeded"}

2021-09-19 09:58:53,810 ERROR   SenderThread:1999656 [internal_api.py:execute():130] 429 response executing GraphQL.
2021-09-19 09:58:53,810 ERROR   SenderThread:1999656 [internal_api.py:execute():131] {"error":"rate limit exceeded"}

2021-09-19 09:58:54,547 INFO    Thread-8  :1999656 [dir_watcher.py:_on_file_created():216] file/dir created: /grid/koo/home/toneyan/profile/QuantPred/wandb/run-20210919_095833-hjmzknsd/files/requirements.txt
2021-09-19 09:58:54,548 INFO    Thread-8  :1999656 [dir_watcher.py:_on_file_created():216] file/dir created: /grid/koo/home/toneyan/profile/QuantPred/wandb/run-20210919_095833-hjmzknsd/files/wandb-metadata.json
2021-09-19 09:58:54,548 INFO    Thread-8  :1999656 [dir_watcher.py:_on_file_created():216] file/dir created: /grid/koo/home/toneyan/profile/QuantPred/wandb/run-20210919_095833-hjmzknsd/files/output.log
2021-09-19 09:58:54,935 ERROR   SenderThread:1999656 [internal_api.py:execute():130] 429 response executing GraphQL.
2021-09-19 09:58:54,935 ERROR   SenderThread:1999656 [internal_api.py:execute():131] {"error":"rate limit exceeded"}

2021-09-19 09:58:55,069 ERROR   Thread-11 :1999656 [internal_api.py:execute():130] 429 response executing GraphQL.
2021-09-19 09:58:55,070 ERROR   Thread-11 :1999656 [internal_api.py:execute():131] {"error":"rate limit exceeded"}

2021-09-19 09:58:55,070 ERROR   Thread-11 :1999656 [retry.py:__call__():126] Retry attempt failed:
Traceback (most recent call last):
  File "/usr/local/lib/python3.6/dist-packages/wandb/sdk/lib/retry.py", line 102, in __call__
    result = self._call_fn(*args, **kwargs)
  File "/usr/local/lib/python3.6/dist-packages/wandb/sdk/internal/internal_api.py", line 133, in execute
    six.reraise(*sys.exc_info())
  File "/usr/local/lib/python3.6/dist-packages/six.py", line 719, in reraise
    raise value
  File "/usr/local/lib/python3.6/dist-packages/wandb/sdk/internal/internal_api.py", line 127, in execute
    return self.client.execute(*args, **kwargs)
  File "/usr/local/lib/python3.6/dist-packages/wandb/vendor/gql-0.2.0/gql/client.py", line 52, in execute
    result = self._get_result(document, *args, **kwargs)
  File "/usr/local/lib/python3.6/dist-packages/wandb/vendor/gql-0.2.0/gql/client.py", line 60, in _get_result
    return self.transport.execute(document, *args, **kwargs)
  File "/usr/local/lib/python3.6/dist-packages/wandb/vendor/gql-0.2.0/gql/transport/requests.py", line 39, in execute
    request.raise_for_status()
  File "/usr/local/lib/python3.6/dist-packages/requests/models.py", line 943, in raise_for_status
    raise HTTPError(http_error_msg, response=self)
requests.exceptions.HTTPError: 429 Client Error: Too Many Requests for url: https://api.wandb.ai/graphql
2021-09-19 09:58:57,234 ERROR   SenderThread:1999656 [internal_api.py:execute():130] 429 response executing GraphQL.
2021-09-19 09:58:57,234 ERROR   SenderThread:1999656 [internal_api.py:execute():131] {"error":"rate limit exceeded"}

2021-09-19 09:58:57,241 ERROR   Thread-11 :1999656 [internal_api.py:execute():130] 429 response executing GraphQL.
2021-09-19 09:58:57,241 ERROR   Thread-11 :1999656 [internal_api.py:execute():131] {"error":"rate limit exceeded"}

2021-09-19 09:59:02,018 INFO    Thread-11 :1999656 [upload_job.py:push():137] Uploaded file /tmp/3288845.1.gpu_ded.q/tmphu1fqbbdwandb/3g1zl29b-wandb-metadata.json
2021-09-19 09:59:16,913 DEBUG   HandlerThread:1999656 [handler.py:handle_request():124] handle_request: stop_status
2021-09-19 09:59:16,913 DEBUG   SenderThread:1999656 [sender.py:send_request():193] send_request: stop_status
2021-09-19 09:59:22,158 DEBUG   SenderThread:1999656 [sender.py:send():179] send: stats
2021-09-19 09:59:27,560 DEBUG   SenderThread:1999656 [sender.py:send():179] send: telemetry
2021-09-19 09:59:27,560 DEBUG   HandlerThread:1999656 [handler.py:handle_request():124] handle_request: poll_exit
2021-09-19 09:59:27,560 DEBUG   SenderThread:1999656 [sender.py:send():179] send: exit
2021-09-19 09:59:27,561 INFO    SenderThread:1999656 [sender.py:send_exit():287] handling exit code: 1
2021-09-19 09:59:27,561 INFO    SenderThread:1999656 [sender.py:send_exit():295] send defer
2021-09-19 09:59:27,561 DEBUG   SenderThread:1999656 [sender.py:send_request():193] send_request: poll_exit
2021-09-19 09:59:27,561 DEBUG   HandlerThread:1999656 [handler.py:handle_request():124] handle_request: defer
2021-09-19 09:59:27,561 INFO    HandlerThread:1999656 [handler.py:handle_request_defer():141] handle defer: 0
2021-09-19 09:59:27,561 DEBUG   SenderThread:1999656 [sender.py:send_request():193] send_request: defer
2021-09-19 09:59:27,562 INFO    SenderThread:1999656 [sender.py:send_request_defer():304] handle sender defer: 0
2021-09-19 09:59:27,562 INFO    SenderThread:1999656 [sender.py:transition_state():308] send defer: 1
2021-09-19 09:59:27,562 DEBUG   HandlerThread:1999656 [handler.py:handle_request():124] handle_request: defer
2021-09-19 09:59:27,562 INFO    HandlerThread:1999656 [handler.py:handle_request_defer():141] handle defer: 1
2021-09-19 09:59:27,629 DEBUG   SenderThread:1999656 [sender.py:send_request():193] send_request: defer
2021-09-19 09:59:27,630 INFO    SenderThread:1999656 [sender.py:send_request_defer():304] handle sender defer: 1
2021-09-19 09:59:27,630 INFO    SenderThread:1999656 [sender.py:transition_state():308] send defer: 2
2021-09-19 09:59:27,630 DEBUG   SenderThread:1999656 [sender.py:send():179] send: stats
2021-09-19 09:59:27,630 DEBUG   HandlerThread:1999656 [handler.py:handle_request():124] handle_request: defer
2021-09-19 09:59:27,632 INFO    HandlerThread:1999656 [handler.py:handle_request_defer():141] handle defer: 2
2021-09-19 09:59:27,633 DEBUG   SenderThread:1999656 [sender.py:send_request():193] send_request: defer
2021-09-19 09:59:27,633 INFO    SenderThread:1999656 [sender.py:send_request_defer():304] handle sender defer: 2
2021-09-19 09:59:27,633 INFO    SenderThread:1999656 [sender.py:transition_state():308] send defer: 3
2021-09-19 09:59:27,633 DEBUG   HandlerThread:1999656 [handler.py:handle_request():124] handle_request: defer
2021-09-19 09:59:27,633 INFO    HandlerThread:1999656 [handler.py:handle_request_defer():141] handle defer: 3
2021-09-19 09:59:27,633 DEBUG   SenderThread:1999656 [sender.py:send():179] send: summary
2021-09-19 09:59:27,634 INFO    SenderThread:1999656 [sender.py:_save_file():841] saving file wandb-summary.json with policy end
2021-09-19 09:59:27,634 DEBUG   SenderThread:1999656 [sender.py:send_request():193] send_request: defer
2021-09-19 09:59:27,634 INFO    SenderThread:1999656 [sender.py:send_request_defer():304] handle sender defer: 3
2021-09-19 09:59:27,634 INFO    SenderThread:1999656 [sender.py:transition_state():308] send defer: 4
2021-09-19 09:59:27,634 DEBUG   HandlerThread:1999656 [handler.py:handle_request():124] handle_request: defer
2021-09-19 09:59:27,634 INFO    HandlerThread:1999656 [handler.py:handle_request_defer():141] handle defer: 4
2021-09-19 09:59:27,634 DEBUG   SenderThread:1999656 [sender.py:send_request():193] send_request: defer
2021-09-19 09:59:27,634 INFO    SenderThread:1999656 [sender.py:send_request_defer():304] handle sender defer: 4
2021-09-19 09:59:27,662 DEBUG   HandlerThread:1999656 [handler.py:handle_request():124] handle_request: poll_exit
2021-09-19 09:59:27,692 ERROR   SenderThread:1999656 [internal_api.py:execute():130] 429 response executing GraphQL.
2021-09-19 09:59:27,692 ERROR   SenderThread:1999656 [internal_api.py:execute():131] {"error":"rate limit exceeded"}

2021-09-19 09:59:28,559 INFO    Thread-8  :1999656 [dir_watcher.py:_on_file_modified():229] file/dir modified: /grid/koo/home/toneyan/profile/QuantPred/wandb/run-20210919_095833-hjmzknsd/files/wandb-summary.json
2021-09-19 09:59:28,918 ERROR   SenderThread:1999656 [internal_api.py:execute():130] 429 response executing GraphQL.
2021-09-19 09:59:28,918 ERROR   SenderThread:1999656 [internal_api.py:execute():131] {"error":"rate limit exceeded"}

2021-09-19 09:59:31,278 INFO    SenderThread:1999656 [sender.py:transition_state():308] send defer: 5
2021-09-19 09:59:31,278 DEBUG   SenderThread:1999656 [sender.py:send_request():193] send_request: poll_exit
2021-09-19 09:59:31,279 DEBUG   HandlerThread:1999656 [handler.py:handle_request():124] handle_request: defer
2021-09-19 09:59:31,279 INFO    HandlerThread:1999656 [handler.py:handle_request_defer():141] handle defer: 5
2021-09-19 09:59:31,279 DEBUG   SenderThread:1999656 [sender.py:send_request():193] send_request: defer
2021-09-19 09:59:31,279 INFO    SenderThread:1999656 [sender.py:send_request_defer():304] handle sender defer: 5
2021-09-19 09:59:31,279 INFO    SenderThread:1999656 [dir_watcher.py:finish():282] shutting down directory watcher
2021-09-19 09:59:31,380 DEBUG   HandlerThread:1999656 [handler.py:handle_request():124] handle_request: poll_exit
2021-09-19 09:59:31,560 INFO    SenderThread:1999656 [dir_watcher.py:_on_file_modified():229] file/dir modified: /grid/koo/home/toneyan/profile/QuantPred/wandb/run-20210919_095833-hjmzknsd/files/config.yaml
2021-09-19 09:59:31,560 INFO    SenderThread:1999656 [dir_watcher.py:finish():312] scan: /grid/koo/home/toneyan/profile/QuantPred/wandb/run-20210919_095833-hjmzknsd/files
2021-09-19 09:59:31,560 INFO    SenderThread:1999656 [dir_watcher.py:finish():318] scan save: /grid/koo/home/toneyan/profile/QuantPred/wandb/run-20210919_095833-hjmzknsd/files/wandb-metadata.json wandb-metadata.json
2021-09-19 09:59:31,560 INFO    SenderThread:1999656 [dir_watcher.py:finish():318] scan save: /grid/koo/home/toneyan/profile/QuantPred/wandb/run-20210919_095833-hjmzknsd/files/config.yaml config.yaml
2021-09-19 09:59:31,560 INFO    SenderThread:1999656 [dir_watcher.py:finish():318] scan save: /grid/koo/home/toneyan/profile/QuantPred/wandb/run-20210919_095833-hjmzknsd/files/requirements.txt requirements.txt
2021-09-19 09:59:31,561 INFO    SenderThread:1999656 [dir_watcher.py:finish():318] scan save: /grid/koo/home/toneyan/profile/QuantPred/wandb/run-20210919_095833-hjmzknsd/files/wandb-summary.json wandb-summary.json
2021-09-19 09:59:31,567 INFO    SenderThread:1999656 [dir_watcher.py:finish():318] scan save: /grid/koo/home/toneyan/profile/QuantPred/wandb/run-20210919_095833-hjmzknsd/files/output.log output.log
2021-09-19 09:59:31,567 INFO    SenderThread:1999656 [sender.py:transition_state():308] send defer: 6
2021-09-19 09:59:31,567 DEBUG   SenderThread:1999656 [sender.py:send_request():193] send_request: poll_exit
2021-09-19 09:59:31,573 DEBUG   HandlerThread:1999656 [handler.py:handle_request():124] handle_request: defer
2021-09-19 09:59:31,573 INFO    HandlerThread:1999656 [handler.py:handle_request_defer():141] handle defer: 6
2021-09-19 09:59:31,573 DEBUG   SenderThread:1999656 [sender.py:send_request():193] send_request: defer
2021-09-19 09:59:31,573 INFO    SenderThread:1999656 [sender.py:send_request_defer():304] handle sender defer: 6
2021-09-19 09:59:31,573 INFO    SenderThread:1999656 [file_pusher.py:finish():177] shutting down file pusher
2021-09-19 09:59:31,674 DEBUG   HandlerThread:1999656 [handler.py:handle_request():124] handle_request: poll_exit
2021-09-19 09:59:31,674 DEBUG   SenderThread:1999656 [sender.py:send_request():193] send_request: poll_exit
2021-09-19 09:59:31,776 DEBUG   HandlerThread:1999656 [handler.py:handle_request():124] handle_request: poll_exit
2021-09-19 09:59:31,776 DEBUG   SenderThread:1999656 [sender.py:send_request():193] send_request: poll_exit
2021-09-19 09:59:31,878 DEBUG   HandlerThread:1999656 [handler.py:handle_request():124] handle_request: poll_exit
2021-09-19 09:59:31,878 DEBUG   SenderThread:1999656 [sender.py:send_request():193] send_request: poll_exit
2021-09-19 09:59:31,936 INFO    Thread-14 :1999656 [upload_job.py:push():137] Uploaded file /grid/koo/home/toneyan/profile/QuantPred/wandb/run-20210919_095833-hjmzknsd/files/wandb-summary.json
2021-09-19 09:59:31,969 INFO    Thread-13 :1999656 [upload_job.py:push():137] Uploaded file /grid/koo/home/toneyan/profile/QuantPred/wandb/run-20210919_095833-hjmzknsd/files/requirements.txt
2021-09-19 09:59:31,979 DEBUG   HandlerThread:1999656 [handler.py:handle_request():124] handle_request: poll_exit
2021-09-19 09:59:31,980 DEBUG   SenderThread:1999656 [sender.py:send_request():193] send_request: poll_exit
2021-09-19 09:59:32,026 INFO    Thread-12 :1999656 [upload_job.py:push():137] Uploaded file /grid/koo/home/toneyan/profile/QuantPred/wandb/run-20210919_095833-hjmzknsd/files/config.yaml
2021-09-19 09:59:32,085 DEBUG   HandlerThread:1999656 [handler.py:handle_request():124] handle_request: poll_exit
2021-09-19 09:59:32,085 DEBUG   SenderThread:1999656 [sender.py:send_request():193] send_request: poll_exit
2021-09-19 09:59:32,187 DEBUG   HandlerThread:1999656 [handler.py:handle_request():124] handle_request: poll_exit
2021-09-19 09:59:32,187 DEBUG   SenderThread:1999656 [sender.py:send_request():193] send_request: poll_exit
2021-09-19 09:59:32,226 INFO    Thread-7  :1999656 [sender.py:transition_state():308] send defer: 7
2021-09-19 09:59:32,227 DEBUG   HandlerThread:1999656 [handler.py:handle_request():124] handle_request: defer
2021-09-19 09:59:32,227 INFO    HandlerThread:1999656 [handler.py:handle_request_defer():141] handle defer: 7
2021-09-19 09:59:32,227 DEBUG   SenderThread:1999656 [sender.py:send_request():193] send_request: defer
2021-09-19 09:59:32,227 INFO    SenderThread:1999656 [sender.py:send_request_defer():304] handle sender defer: 7
2021-09-19 09:59:32,278 INFO    SenderThread:1999656 [sender.py:transition_state():308] send defer: 8
2021-09-19 09:59:32,279 DEBUG   HandlerThread:1999656 [handler.py:handle_request():124] handle_request: defer
2021-09-19 09:59:32,279 INFO    HandlerThread:1999656 [handler.py:handle_request_defer():141] handle defer: 8
2021-09-19 09:59:32,279 DEBUG   SenderThread:1999656 [sender.py:send_request():193] send_request: defer
2021-09-19 09:59:32,279 INFO    SenderThread:1999656 [sender.py:send_request_defer():304] handle sender defer: 8
2021-09-19 09:59:32,279 INFO    SenderThread:1999656 [sender.py:transition_state():308] send defer: 9
2021-09-19 09:59:32,279 DEBUG   SenderThread:1999656 [sender.py:send():179] send: final
2021-09-19 09:59:32,279 DEBUG   HandlerThread:1999656 [handler.py:handle_request():124] handle_request: defer
2021-09-19 09:59:32,279 DEBUG   SenderThread:1999656 [sender.py:send():179] send: footer
2021-09-19 09:59:32,280 INFO    HandlerThread:1999656 [handler.py:handle_request_defer():141] handle defer: 9
2021-09-19 09:59:32,280 DEBUG   SenderThread:1999656 [sender.py:send_request():193] send_request: defer
2021-09-19 09:59:32,280 INFO    SenderThread:1999656 [sender.py:send_request_defer():304] handle sender defer: 9
2021-09-19 09:59:32,288 DEBUG   HandlerThread:1999656 [handler.py:handle_request():124] handle_request: poll_exit
2021-09-19 09:59:32,289 DEBUG   SenderThread:1999656 [sender.py:send_request():193] send_request: poll_exit
2021-09-19 09:59:32,289 INFO    SenderThread:1999656 [file_pusher.py:join():182] waiting for file pusher
2021-09-19 09:59:32,290 DEBUG   HandlerThread:1999656 [handler.py:handle_request():124] handle_request: get_summary
2021-09-19 09:59:32,290 DEBUG   HandlerThread:1999656 [handler.py:handle_request():124] handle_request: sampled_history
2021-09-19 09:59:32,290 DEBUG   HandlerThread:1999656 [handler.py:handle_request():124] handle_request: shutdown
2021-09-19 09:59:32,290 INFO    HandlerThread:1999656 [handler.py:finish():638] shutting down handler
2021-09-19 09:59:33,280 INFO    WriterThread:1999656 [datastore.py:close():288] close: /grid/koo/home/toneyan/profile/QuantPred/wandb/run-20210919_095833-hjmzknsd/run-hjmzknsd.wandb
2021-09-19 09:59:33,289 INFO    SenderThread:1999656 [sender.py:finish():945] shutting down sender
2021-09-19 09:59:33,289 INFO    SenderThread:1999656 [file_pusher.py:finish():177] shutting down file pusher
2021-09-19 09:59:33,289 INFO    SenderThread:1999656 [file_pusher.py:join():182] waiting for file pusher
2021-09-19 09:59:33,291 INFO    MainThread:1999656 [internal.py:handle_exit():78] Internal process exited
