2021-09-19 10:26:24,658 INFO    MainThread:2604172 [internal.py:wandb_internal():91] W&B internal server running at pid: 2604172, started at: 2021-09-19 10:26:24.657197
2021-09-19 10:26:24,660 DEBUG   HandlerThread:2604172 [handler.py:handle_request():124] handle_request: check_version
2021-09-19 10:26:24,660 INFO    WriterThread:2604172 [datastore.py:open_for_write():80] open: /grid/koo/home/toneyan/profile/QuantPred/wandb/run-20210919_102624-iloihgck/run-iloihgck.wandb
2021-09-19 10:26:24,662 DEBUG   SenderThread:2604172 [sender.py:send():179] send: header
2021-09-19 10:26:24,662 DEBUG   SenderThread:2604172 [sender.py:send_request():193] send_request: check_version
2021-09-19 10:26:24,693 DEBUG   SenderThread:2604172 [sender.py:send():179] send: run
2021-09-19 10:26:24,755 ERROR   SenderThread:2604172 [internal_api.py:execute():130] 429 response executing GraphQL.
2021-09-19 10:26:24,755 ERROR   SenderThread:2604172 [internal_api.py:execute():131] {"error":"rate limit exceeded"}

2021-09-19 10:26:25,834 ERROR   SenderThread:2604172 [internal_api.py:execute():130] 429 response executing GraphQL.
2021-09-19 10:26:25,835 ERROR   SenderThread:2604172 [internal_api.py:execute():131] {"error":"rate limit exceeded"}

2021-09-19 10:26:28,097 ERROR   SenderThread:2604172 [internal_api.py:execute():130] 429 response executing GraphQL.
2021-09-19 10:26:28,097 ERROR   SenderThread:2604172 [internal_api.py:execute():131] {"error":"rate limit exceeded"}

2021-09-19 10:26:28,097 ERROR   SenderThread:2604172 [retry.py:__call__():126] Retry attempt failed:
Traceback (most recent call last):
  File "/usr/local/lib/python3.6/dist-packages/wandb/sdk/lib/retry.py", line 102, in __call__
    result = self._call_fn(*args, **kwargs)
  File "/usr/local/lib/python3.6/dist-packages/wandb/sdk/internal/internal_api.py", line 133, in execute
    six.reraise(*sys.exc_info())
  File "/usr/local/lib/python3.6/dist-packages/six.py", line 719, in reraise
    raise value
  File "/usr/local/lib/python3.6/dist-packages/wandb/sdk/internal/internal_api.py", line 127, in execute
    return self.client.execute(*args, **kwargs)
  File "/usr/local/lib/python3.6/dist-packages/wandb/vendor/gql-0.2.0/gql/client.py", line 52, in execute
    result = self._get_result(document, *args, **kwargs)
  File "/usr/local/lib/python3.6/dist-packages/wandb/vendor/gql-0.2.0/gql/client.py", line 60, in _get_result
    return self.transport.execute(document, *args, **kwargs)
  File "/usr/local/lib/python3.6/dist-packages/wandb/vendor/gql-0.2.0/gql/transport/requests.py", line 39, in execute
    request.raise_for_status()
  File "/usr/local/lib/python3.6/dist-packages/requests/models.py", line 943, in raise_for_status
    raise HTTPError(http_error_msg, response=self)
requests.exceptions.HTTPError: 429 Client Error: Too Many Requests for url: https://api.wandb.ai/graphql
2021-09-19 10:26:32,874 INFO    SenderThread:2604172 [dir_watcher.py:__init__():168] watching files in: /grid/koo/home/toneyan/profile/QuantPred/wandb/run-20210919_102624-iloihgck/files
2021-09-19 10:26:32,874 INFO    SenderThread:2604172 [sender.py:_start_run_threads():719] run started: iloihgck with start time 1632061584
2021-09-19 10:26:32,874 DEBUG   SenderThread:2604172 [sender.py:send():179] send: summary
2021-09-19 10:26:32,875 DEBUG   HandlerThread:2604172 [handler.py:handle_request():124] handle_request: run_start
2021-09-19 10:26:32,875 INFO    SenderThread:2604172 [sender.py:_save_file():841] saving file wandb-summary.json with policy end
2021-09-19 10:26:33,881 INFO    Thread-8  :2604172 [dir_watcher.py:_on_file_created():216] file/dir created: /grid/koo/home/toneyan/profile/QuantPred/wandb/run-20210919_102624-iloihgck/files/wandb-summary.json
2021-09-19 10:26:34,122 DEBUG   HandlerThread:2604172 [meta.py:__init__():39] meta init
2021-09-19 10:26:34,122 DEBUG   HandlerThread:2604172 [meta.py:__init__():53] meta init done
2021-09-19 10:26:34,122 DEBUG   HandlerThread:2604172 [meta.py:probe():210] probe
2021-09-19 10:26:34,129 DEBUG   HandlerThread:2604172 [meta.py:_save_pip():57] save pip
2021-09-19 10:26:34,130 DEBUG   HandlerThread:2604172 [meta.py:_save_pip():71] save pip done
2021-09-19 10:26:34,130 DEBUG   HandlerThread:2604172 [meta.py:probe():252] probe done
2021-09-19 10:26:34,134 DEBUG   SenderThread:2604172 [sender.py:send():179] send: files
2021-09-19 10:26:34,134 INFO    SenderThread:2604172 [sender.py:_save_file():841] saving file wandb-metadata.json with policy now
2021-09-19 10:26:34,141 DEBUG   HandlerThread:2604172 [handler.py:handle_request():124] handle_request: stop_status
2021-09-19 10:26:34,142 DEBUG   SenderThread:2604172 [sender.py:send_request():193] send_request: stop_status
2021-09-19 10:26:34,551 INFO    Thread-11 :2604172 [upload_job.py:push():137] Uploaded file /tmp/3288845.1.gpu_ded.q/tmpkb6vuaa_wandb/3sm8iqgk-wandb-metadata.json
2021-09-19 10:26:34,880 INFO    Thread-8  :2604172 [dir_watcher.py:_on_file_created():216] file/dir created: /grid/koo/home/toneyan/profile/QuantPred/wandb/run-20210919_102624-iloihgck/files/wandb-metadata.json
2021-09-19 10:26:34,881 INFO    Thread-8  :2604172 [dir_watcher.py:_on_file_created():216] file/dir created: /grid/koo/home/toneyan/profile/QuantPred/wandb/run-20210919_102624-iloihgck/files/output.log
2021-09-19 10:26:34,881 INFO    Thread-8  :2604172 [dir_watcher.py:_on_file_created():216] file/dir created: /grid/koo/home/toneyan/profile/QuantPred/wandb/run-20210919_102624-iloihgck/files/requirements.txt
2021-09-19 10:26:49,214 DEBUG   HandlerThread:2604172 [handler.py:handle_request():124] handle_request: stop_status
2021-09-19 10:26:49,214 DEBUG   SenderThread:2604172 [sender.py:send_request():193] send_request: stop_status
2021-09-19 10:26:49,270 ERROR   SenderThread:2604172 [internal_api.py:execute():130] 429 response executing GraphQL.
2021-09-19 10:26:49,270 ERROR   SenderThread:2604172 [internal_api.py:execute():131] {"error":"rate limit exceeded"}

2021-09-19 10:26:50,557 ERROR   SenderThread:2604172 [internal_api.py:execute():130] 429 response executing GraphQL.
2021-09-19 10:26:50,557 ERROR   SenderThread:2604172 [internal_api.py:execute():131] {"error":"rate limit exceeded"}

2021-09-19 10:26:52,628 ERROR   SenderThread:2604172 [internal_api.py:execute():130] 429 response executing GraphQL.
2021-09-19 10:26:52,628 ERROR   SenderThread:2604172 [internal_api.py:execute():131] {"error":"rate limit exceeded"}

2021-09-19 10:26:52,628 ERROR   SenderThread:2604172 [retry.py:__call__():126] Retry attempt failed:
Traceback (most recent call last):
  File "/usr/local/lib/python3.6/dist-packages/wandb/sdk/lib/retry.py", line 102, in __call__
    result = self._call_fn(*args, **kwargs)
  File "/usr/local/lib/python3.6/dist-packages/wandb/sdk/internal/internal_api.py", line 133, in execute
    six.reraise(*sys.exc_info())
  File "/usr/local/lib/python3.6/dist-packages/six.py", line 719, in reraise
    raise value
  File "/usr/local/lib/python3.6/dist-packages/wandb/sdk/internal/internal_api.py", line 127, in execute
    return self.client.execute(*args, **kwargs)
  File "/usr/local/lib/python3.6/dist-packages/wandb/vendor/gql-0.2.0/gql/client.py", line 52, in execute
    result = self._get_result(document, *args, **kwargs)
  File "/usr/local/lib/python3.6/dist-packages/wandb/vendor/gql-0.2.0/gql/client.py", line 60, in _get_result
    return self.transport.execute(document, *args, **kwargs)
  File "/usr/local/lib/python3.6/dist-packages/wandb/vendor/gql-0.2.0/gql/transport/requests.py", line 39, in execute
    request.raise_for_status()
  File "/usr/local/lib/python3.6/dist-packages/requests/models.py", line 943, in raise_for_status
    raise HTTPError(http_error_msg, response=self)
requests.exceptions.HTTPError: 429 Client Error: Too Many Requests for url: https://api.wandb.ai/graphql
2021-09-19 10:26:57,033 ERROR   SenderThread:2604172 [internal_api.py:execute():130] 429 response executing GraphQL.
2021-09-19 10:26:57,034 ERROR   SenderThread:2604172 [internal_api.py:execute():131] {"error":"rate limit exceeded"}

2021-09-19 10:27:06,776 DEBUG   SenderThread:2604172 [sender.py:send():179] send: stats
2021-09-19 10:27:07,305 DEBUG   HandlerThread:2604172 [handler.py:handle_request():124] handle_request: poll_exit
2021-09-19 10:27:07,305 DEBUG   SenderThread:2604172 [sender.py:send():179] send: telemetry
2021-09-19 10:27:07,306 DEBUG   SenderThread:2604172 [sender.py:send():179] send: exit
2021-09-19 10:27:07,306 INFO    SenderThread:2604172 [sender.py:send_exit():287] handling exit code: 1
2021-09-19 10:27:07,306 INFO    SenderThread:2604172 [sender.py:send_exit():295] send defer
2021-09-19 10:27:07,306 DEBUG   SenderThread:2604172 [sender.py:send_request():193] send_request: poll_exit
2021-09-19 10:27:07,306 DEBUG   HandlerThread:2604172 [handler.py:handle_request():124] handle_request: defer
2021-09-19 10:27:07,306 INFO    HandlerThread:2604172 [handler.py:handle_request_defer():141] handle defer: 0
2021-09-19 10:27:07,306 DEBUG   SenderThread:2604172 [sender.py:send_request():193] send_request: defer
2021-09-19 10:27:07,307 INFO    SenderThread:2604172 [sender.py:send_request_defer():304] handle sender defer: 0
2021-09-19 10:27:07,307 INFO    SenderThread:2604172 [sender.py:transition_state():308] send defer: 1
2021-09-19 10:27:07,307 DEBUG   HandlerThread:2604172 [handler.py:handle_request():124] handle_request: defer
2021-09-19 10:27:07,307 INFO    HandlerThread:2604172 [handler.py:handle_request_defer():141] handle defer: 1
2021-09-19 10:27:07,350 DEBUG   SenderThread:2604172 [sender.py:send_request():193] send_request: defer
2021-09-19 10:27:07,351 INFO    SenderThread:2604172 [sender.py:send_request_defer():304] handle sender defer: 1
2021-09-19 10:27:07,351 INFO    SenderThread:2604172 [sender.py:transition_state():308] send defer: 2
2021-09-19 10:27:07,351 DEBUG   SenderThread:2604172 [sender.py:send():179] send: stats
2021-09-19 10:27:07,351 DEBUG   HandlerThread:2604172 [handler.py:handle_request():124] handle_request: defer
2021-09-19 10:27:07,351 INFO    HandlerThread:2604172 [handler.py:handle_request_defer():141] handle defer: 2
2021-09-19 10:27:07,352 DEBUG   SenderThread:2604172 [sender.py:send_request():193] send_request: defer
2021-09-19 10:27:07,352 INFO    SenderThread:2604172 [sender.py:send_request_defer():304] handle sender defer: 2
2021-09-19 10:27:07,352 INFO    SenderThread:2604172 [sender.py:transition_state():308] send defer: 3
2021-09-19 10:27:07,352 DEBUG   HandlerThread:2604172 [handler.py:handle_request():124] handle_request: defer
2021-09-19 10:27:07,352 INFO    HandlerThread:2604172 [handler.py:handle_request_defer():141] handle defer: 3
2021-09-19 10:27:07,352 DEBUG   SenderThread:2604172 [sender.py:send():179] send: summary
2021-09-19 10:27:07,353 INFO    SenderThread:2604172 [sender.py:_save_file():841] saving file wandb-summary.json with policy end
2021-09-19 10:27:07,353 DEBUG   SenderThread:2604172 [sender.py:send_request():193] send_request: defer
2021-09-19 10:27:07,353 INFO    SenderThread:2604172 [sender.py:send_request_defer():304] handle sender defer: 3
2021-09-19 10:27:07,353 INFO    SenderThread:2604172 [sender.py:transition_state():308] send defer: 4
2021-09-19 10:27:07,353 DEBUG   HandlerThread:2604172 [handler.py:handle_request():124] handle_request: defer
2021-09-19 10:27:07,353 INFO    HandlerThread:2604172 [handler.py:handle_request_defer():141] handle defer: 4
2021-09-19 10:27:07,353 DEBUG   SenderThread:2604172 [sender.py:send_request():193] send_request: defer
2021-09-19 10:27:07,353 INFO    SenderThread:2604172 [sender.py:send_request_defer():304] handle sender defer: 4
2021-09-19 10:27:07,408 DEBUG   HandlerThread:2604172 [handler.py:handle_request():124] handle_request: poll_exit
2021-09-19 10:27:07,435 INFO    SenderThread:2604172 [sender.py:transition_state():308] send defer: 5
2021-09-19 10:27:07,435 DEBUG   SenderThread:2604172 [sender.py:send_request():193] send_request: poll_exit
2021-09-19 10:27:07,435 DEBUG   HandlerThread:2604172 [handler.py:handle_request():124] handle_request: defer
2021-09-19 10:27:07,436 INFO    HandlerThread:2604172 [handler.py:handle_request_defer():141] handle defer: 5
2021-09-19 10:27:07,436 DEBUG   SenderThread:2604172 [sender.py:send_request():193] send_request: defer
2021-09-19 10:27:07,436 INFO    SenderThread:2604172 [sender.py:send_request_defer():304] handle sender defer: 5
2021-09-19 10:27:07,436 INFO    SenderThread:2604172 [dir_watcher.py:finish():282] shutting down directory watcher
2021-09-19 10:27:07,537 DEBUG   HandlerThread:2604172 [handler.py:handle_request():124] handle_request: poll_exit
2021-09-19 10:27:07,887 INFO    SenderThread:2604172 [dir_watcher.py:_on_file_modified():229] file/dir modified: /grid/koo/home/toneyan/profile/QuantPred/wandb/run-20210919_102624-iloihgck/files/wandb-summary.json
2021-09-19 10:27:07,887 INFO    SenderThread:2604172 [dir_watcher.py:_on_file_modified():229] file/dir modified: /grid/koo/home/toneyan/profile/QuantPred/wandb/run-20210919_102624-iloihgck/files/config.yaml
2021-09-19 10:27:07,887 INFO    SenderThread:2604172 [dir_watcher.py:finish():312] scan: /grid/koo/home/toneyan/profile/QuantPred/wandb/run-20210919_102624-iloihgck/files
2021-09-19 10:27:07,888 INFO    SenderThread:2604172 [dir_watcher.py:finish():318] scan save: /grid/koo/home/toneyan/profile/QuantPred/wandb/run-20210919_102624-iloihgck/files/wandb-metadata.json wandb-metadata.json
2021-09-19 10:27:07,888 INFO    SenderThread:2604172 [dir_watcher.py:finish():318] scan save: /grid/koo/home/toneyan/profile/QuantPred/wandb/run-20210919_102624-iloihgck/files/config.yaml config.yaml
2021-09-19 10:27:07,888 INFO    SenderThread:2604172 [dir_watcher.py:finish():318] scan save: /grid/koo/home/toneyan/profile/QuantPred/wandb/run-20210919_102624-iloihgck/files/requirements.txt requirements.txt
2021-09-19 10:27:07,888 INFO    SenderThread:2604172 [dir_watcher.py:finish():318] scan save: /grid/koo/home/toneyan/profile/QuantPred/wandb/run-20210919_102624-iloihgck/files/wandb-summary.json wandb-summary.json
2021-09-19 10:27:07,892 INFO    SenderThread:2604172 [dir_watcher.py:finish():318] scan save: /grid/koo/home/toneyan/profile/QuantPred/wandb/run-20210919_102624-iloihgck/files/output.log output.log
2021-09-19 10:27:07,895 INFO    SenderThread:2604172 [sender.py:transition_state():308] send defer: 6
2021-09-19 10:27:07,895 DEBUG   SenderThread:2604172 [sender.py:send_request():193] send_request: poll_exit
2021-09-19 10:27:07,899 DEBUG   HandlerThread:2604172 [handler.py:handle_request():124] handle_request: defer
2021-09-19 10:27:07,900 INFO    HandlerThread:2604172 [handler.py:handle_request_defer():141] handle defer: 6
2021-09-19 10:27:07,900 DEBUG   SenderThread:2604172 [sender.py:send_request():193] send_request: defer
2021-09-19 10:27:07,900 INFO    SenderThread:2604172 [sender.py:send_request_defer():304] handle sender defer: 6
2021-09-19 10:27:07,901 INFO    SenderThread:2604172 [file_pusher.py:finish():177] shutting down file pusher
2021-09-19 10:27:08,001 DEBUG   HandlerThread:2604172 [handler.py:handle_request():124] handle_request: poll_exit
2021-09-19 10:27:08,002 DEBUG   SenderThread:2604172 [sender.py:send_request():193] send_request: poll_exit
2021-09-19 10:27:08,103 DEBUG   HandlerThread:2604172 [handler.py:handle_request():124] handle_request: poll_exit
2021-09-19 10:27:08,104 DEBUG   SenderThread:2604172 [sender.py:send_request():193] send_request: poll_exit
2021-09-19 10:27:08,205 DEBUG   HandlerThread:2604172 [handler.py:handle_request():124] handle_request: poll_exit
2021-09-19 10:27:08,206 DEBUG   SenderThread:2604172 [sender.py:send_request():193] send_request: poll_exit
2021-09-19 10:27:08,224 INFO    Thread-14 :2604172 [upload_job.py:push():137] Uploaded file /grid/koo/home/toneyan/profile/QuantPred/wandb/run-20210919_102624-iloihgck/files/wandb-summary.json
2021-09-19 10:27:08,250 INFO    Thread-13 :2604172 [upload_job.py:push():137] Uploaded file /grid/koo/home/toneyan/profile/QuantPred/wandb/run-20210919_102624-iloihgck/files/requirements.txt
2021-09-19 10:27:08,285 INFO    Thread-12 :2604172 [upload_job.py:push():137] Uploaded file /grid/koo/home/toneyan/profile/QuantPred/wandb/run-20210919_102624-iloihgck/files/config.yaml
2021-09-19 10:27:08,343 DEBUG   HandlerThread:2604172 [handler.py:handle_request():124] handle_request: poll_exit
2021-09-19 10:27:08,343 DEBUG   SenderThread:2604172 [sender.py:send_request():193] send_request: poll_exit
2021-09-19 10:27:08,445 DEBUG   HandlerThread:2604172 [handler.py:handle_request():124] handle_request: poll_exit
2021-09-19 10:27:08,445 DEBUG   SenderThread:2604172 [sender.py:send_request():193] send_request: poll_exit
2021-09-19 10:27:08,485 INFO    Thread-7  :2604172 [sender.py:transition_state():308] send defer: 7
2021-09-19 10:27:08,486 DEBUG   HandlerThread:2604172 [handler.py:handle_request():124] handle_request: defer
2021-09-19 10:27:08,486 INFO    HandlerThread:2604172 [handler.py:handle_request_defer():141] handle defer: 7
2021-09-19 10:27:08,486 DEBUG   SenderThread:2604172 [sender.py:send_request():193] send_request: defer
2021-09-19 10:27:08,486 INFO    SenderThread:2604172 [sender.py:send_request_defer():304] handle sender defer: 7
2021-09-19 10:27:08,547 DEBUG   HandlerThread:2604172 [handler.py:handle_request():124] handle_request: poll_exit
2021-09-19 10:27:08,603 INFO    SenderThread:2604172 [sender.py:transition_state():308] send defer: 8
2021-09-19 10:27:08,604 DEBUG   SenderThread:2604172 [sender.py:send_request():193] send_request: poll_exit
2021-09-19 10:27:08,604 DEBUG   HandlerThread:2604172 [handler.py:handle_request():124] handle_request: defer
2021-09-19 10:27:08,604 INFO    HandlerThread:2604172 [handler.py:handle_request_defer():141] handle defer: 8
2021-09-19 10:27:08,605 DEBUG   SenderThread:2604172 [sender.py:send_request():193] send_request: defer
2021-09-19 10:27:08,605 INFO    SenderThread:2604172 [sender.py:send_request_defer():304] handle sender defer: 8
2021-09-19 10:27:08,605 INFO    SenderThread:2604172 [sender.py:transition_state():308] send defer: 9
2021-09-19 10:27:08,605 DEBUG   SenderThread:2604172 [sender.py:send():179] send: final
2021-09-19 10:27:08,605 DEBUG   SenderThread:2604172 [sender.py:send():179] send: footer
2021-09-19 10:27:08,605 DEBUG   HandlerThread:2604172 [handler.py:handle_request():124] handle_request: defer
2021-09-19 10:27:08,605 INFO    HandlerThread:2604172 [handler.py:handle_request_defer():141] handle defer: 9
2021-09-19 10:27:08,605 DEBUG   SenderThread:2604172 [sender.py:send_request():193] send_request: defer
2021-09-19 10:27:08,605 INFO    SenderThread:2604172 [sender.py:send_request_defer():304] handle sender defer: 9
2021-09-19 10:27:08,723 DEBUG   HandlerThread:2604172 [handler.py:handle_request():124] handle_request: poll_exit
2021-09-19 10:27:08,724 DEBUG   SenderThread:2604172 [sender.py:send_request():193] send_request: poll_exit
2021-09-19 10:27:08,724 INFO    SenderThread:2604172 [file_pusher.py:join():182] waiting for file pusher
2021-09-19 10:27:08,725 DEBUG   HandlerThread:2604172 [handler.py:handle_request():124] handle_request: get_summary
2021-09-19 10:27:08,726 DEBUG   HandlerThread:2604172 [handler.py:handle_request():124] handle_request: sampled_history
2021-09-19 10:27:08,726 DEBUG   HandlerThread:2604172 [handler.py:handle_request():124] handle_request: shutdown
2021-09-19 10:27:08,726 INFO    HandlerThread:2604172 [handler.py:finish():638] shutting down handler
2021-09-19 10:27:09,605 INFO    WriterThread:2604172 [datastore.py:close():288] close: /grid/koo/home/toneyan/profile/QuantPred/wandb/run-20210919_102624-iloihgck/run-iloihgck.wandb
2021-09-19 10:27:09,724 INFO    SenderThread:2604172 [sender.py:finish():945] shutting down sender
2021-09-19 10:27:09,724 INFO    SenderThread:2604172 [file_pusher.py:finish():177] shutting down file pusher
2021-09-19 10:27:09,724 INFO    SenderThread:2604172 [file_pusher.py:join():182] waiting for file pusher
2021-09-19 10:27:09,727 INFO    MainThread:2604172 [internal.py:handle_exit():78] Internal process exited
