2021-09-19 05:20:30,743 INFO    MainThread:424168 [internal.py:wandb_internal():91] W&B internal server running at pid: 424168, started at: 2021-09-19 05:20:30.742574
2021-09-19 05:20:30,745 DEBUG   HandlerThread:424168 [handler.py:handle_request():124] handle_request: check_version
2021-09-19 05:20:30,745 INFO    WriterThread:424168 [datastore.py:open_for_write():80] open: /grid/koo/home/toneyan/profile/QuantPred/wandb/run-20210919_052030-40mlg1a2/run-40mlg1a2.wandb
2021-09-19 05:20:30,746 DEBUG   SenderThread:424168 [sender.py:send():179] send: header
2021-09-19 05:20:30,746 DEBUG   SenderThread:424168 [sender.py:send_request():193] send_request: check_version
2021-09-19 05:20:30,776 DEBUG   SenderThread:424168 [sender.py:send():179] send: run
2021-09-19 05:20:30,859 INFO    SenderThread:424168 [dir_watcher.py:__init__():168] watching files in: /grid/koo/home/toneyan/profile/QuantPred/wandb/run-20210919_052030-40mlg1a2/files
2021-09-19 05:20:30,859 INFO    SenderThread:424168 [sender.py:_start_run_threads():719] run started: 40mlg1a2 with start time 1632043230
2021-09-19 05:20:30,859 DEBUG   SenderThread:424168 [sender.py:send():179] send: summary
2021-09-19 05:20:30,860 DEBUG   HandlerThread:424168 [handler.py:handle_request():124] handle_request: run_start
2021-09-19 05:20:30,860 INFO    SenderThread:424168 [sender.py:_save_file():841] saving file wandb-summary.json with policy end
2021-09-19 05:20:31,869 INFO    Thread-8  :424168 [dir_watcher.py:_on_file_created():216] file/dir created: /grid/koo/home/toneyan/profile/QuantPred/wandb/run-20210919_052030-40mlg1a2/files/wandb-summary.json
2021-09-19 05:20:32,035 DEBUG   HandlerThread:424168 [meta.py:__init__():39] meta init
2021-09-19 05:20:32,036 DEBUG   HandlerThread:424168 [meta.py:__init__():53] meta init done
2021-09-19 05:20:32,036 DEBUG   HandlerThread:424168 [meta.py:probe():210] probe
2021-09-19 05:20:32,041 DEBUG   HandlerThread:424168 [meta.py:_save_pip():57] save pip
2021-09-19 05:20:32,043 DEBUG   HandlerThread:424168 [meta.py:_save_pip():71] save pip done
2021-09-19 05:20:32,044 DEBUG   HandlerThread:424168 [meta.py:probe():252] probe done
2021-09-19 05:20:32,046 DEBUG   SenderThread:424168 [sender.py:send():179] send: files
2021-09-19 05:20:32,047 INFO    SenderThread:424168 [sender.py:_save_file():841] saving file wandb-metadata.json with policy now
2021-09-19 05:20:32,055 DEBUG   HandlerThread:424168 [handler.py:handle_request():124] handle_request: stop_status
2021-09-19 05:20:32,055 DEBUG   SenderThread:424168 [sender.py:send_request():193] send_request: stop_status
2021-09-19 05:20:32,399 INFO    Thread-11 :424168 [upload_job.py:push():137] Uploaded file /tmp/3288845.1.gpu_ded.q/tmpgf8urixuwandb/1olhvtgp-wandb-metadata.json
2021-09-19 05:20:32,868 INFO    Thread-8  :424168 [dir_watcher.py:_on_file_created():216] file/dir created: /grid/koo/home/toneyan/profile/QuantPred/wandb/run-20210919_052030-40mlg1a2/files/wandb-metadata.json
2021-09-19 05:20:32,869 INFO    Thread-8  :424168 [dir_watcher.py:_on_file_created():216] file/dir created: /grid/koo/home/toneyan/profile/QuantPred/wandb/run-20210919_052030-40mlg1a2/files/output.log
2021-09-19 05:20:32,869 INFO    Thread-8  :424168 [dir_watcher.py:_on_file_created():216] file/dir created: /grid/koo/home/toneyan/profile/QuantPred/wandb/run-20210919_052030-40mlg1a2/files/requirements.txt
2021-09-19 05:20:47,121 DEBUG   HandlerThread:424168 [handler.py:handle_request():124] handle_request: stop_status
2021-09-19 05:20:47,121 DEBUG   SenderThread:424168 [sender.py:send_request():193] send_request: stop_status
2021-09-19 05:21:00,437 DEBUG   SenderThread:424168 [sender.py:send():179] send: stats
2021-09-19 05:21:02,188 DEBUG   HandlerThread:424168 [handler.py:handle_request():124] handle_request: stop_status
2021-09-19 05:21:02,189 DEBUG   SenderThread:424168 [sender.py:send_request():193] send_request: stop_status
2021-09-19 05:21:05,478 DEBUG   HandlerThread:424168 [handler.py:handle_request():124] handle_request: poll_exit
2021-09-19 05:21:05,479 DEBUG   SenderThread:424168 [sender.py:send():179] send: telemetry
2021-09-19 05:21:05,479 DEBUG   SenderThread:424168 [sender.py:send():179] send: exit
2021-09-19 05:21:05,479 INFO    SenderThread:424168 [sender.py:send_exit():287] handling exit code: 1
2021-09-19 05:21:05,479 INFO    SenderThread:424168 [sender.py:send_exit():295] send defer
2021-09-19 05:21:05,479 DEBUG   SenderThread:424168 [sender.py:send_request():193] send_request: poll_exit
2021-09-19 05:21:05,480 DEBUG   HandlerThread:424168 [handler.py:handle_request():124] handle_request: defer
2021-09-19 05:21:05,480 INFO    HandlerThread:424168 [handler.py:handle_request_defer():141] handle defer: 0
2021-09-19 05:21:05,480 DEBUG   SenderThread:424168 [sender.py:send_request():193] send_request: defer
2021-09-19 05:21:05,480 INFO    SenderThread:424168 [sender.py:send_request_defer():304] handle sender defer: 0
2021-09-19 05:21:05,480 INFO    SenderThread:424168 [sender.py:transition_state():308] send defer: 1
2021-09-19 05:21:05,480 DEBUG   HandlerThread:424168 [handler.py:handle_request():124] handle_request: defer
2021-09-19 05:21:05,480 INFO    HandlerThread:424168 [handler.py:handle_request_defer():141] handle defer: 1
2021-09-19 05:21:05,504 DEBUG   SenderThread:424168 [sender.py:send_request():193] send_request: defer
2021-09-19 05:21:05,504 INFO    SenderThread:424168 [sender.py:send_request_defer():304] handle sender defer: 1
2021-09-19 05:21:05,504 INFO    SenderThread:424168 [sender.py:transition_state():308] send defer: 2
2021-09-19 05:21:05,505 DEBUG   SenderThread:424168 [sender.py:send():179] send: stats
2021-09-19 05:21:05,505 DEBUG   HandlerThread:424168 [handler.py:handle_request():124] handle_request: defer
2021-09-19 05:21:05,507 INFO    HandlerThread:424168 [handler.py:handle_request_defer():141] handle defer: 2
2021-09-19 05:21:05,507 DEBUG   SenderThread:424168 [sender.py:send_request():193] send_request: defer
2021-09-19 05:21:05,507 INFO    SenderThread:424168 [sender.py:send_request_defer():304] handle sender defer: 2
2021-09-19 05:21:05,507 INFO    SenderThread:424168 [sender.py:transition_state():308] send defer: 3
2021-09-19 05:21:05,507 DEBUG   HandlerThread:424168 [handler.py:handle_request():124] handle_request: defer
2021-09-19 05:21:05,508 INFO    HandlerThread:424168 [handler.py:handle_request_defer():141] handle defer: 3
2021-09-19 05:21:05,508 DEBUG   SenderThread:424168 [sender.py:send():179] send: summary
2021-09-19 05:21:05,508 INFO    SenderThread:424168 [sender.py:_save_file():841] saving file wandb-summary.json with policy end
2021-09-19 05:21:05,509 DEBUG   SenderThread:424168 [sender.py:send_request():193] send_request: defer
2021-09-19 05:21:05,509 INFO    SenderThread:424168 [sender.py:send_request_defer():304] handle sender defer: 3
2021-09-19 05:21:05,509 INFO    SenderThread:424168 [sender.py:transition_state():308] send defer: 4
2021-09-19 05:21:05,509 DEBUG   HandlerThread:424168 [handler.py:handle_request():124] handle_request: defer
2021-09-19 05:21:05,509 INFO    HandlerThread:424168 [handler.py:handle_request_defer():141] handle defer: 4
2021-09-19 05:21:05,509 DEBUG   SenderThread:424168 [sender.py:send_request():193] send_request: defer
2021-09-19 05:21:05,509 INFO    SenderThread:424168 [sender.py:send_request_defer():304] handle sender defer: 4
2021-09-19 05:21:05,573 ERROR   SenderThread:424168 [internal_api.py:execute():130] 429 response executing GraphQL.
2021-09-19 05:21:05,573 ERROR   SenderThread:424168 [internal_api.py:execute():131] {"error":"rate limit exceeded"}

2021-09-19 05:21:05,581 DEBUG   HandlerThread:424168 [handler.py:handle_request():124] handle_request: poll_exit
2021-09-19 05:21:05,883 INFO    Thread-8  :424168 [dir_watcher.py:_on_file_modified():229] file/dir modified: /grid/koo/home/toneyan/profile/QuantPred/wandb/run-20210919_052030-40mlg1a2/files/wandb-summary.json
2021-09-19 05:21:06,696 ERROR   SenderThread:424168 [internal_api.py:execute():130] 429 response executing GraphQL.
2021-09-19 05:21:06,696 ERROR   SenderThread:424168 [internal_api.py:execute():131] {"error":"rate limit exceeded"}

2021-09-19 05:21:09,109 ERROR   SenderThread:424168 [internal_api.py:execute():130] 429 response executing GraphQL.
2021-09-19 05:21:09,110 ERROR   SenderThread:424168 [internal_api.py:execute():131] {"error":"rate limit exceeded"}

2021-09-19 05:21:09,110 ERROR   SenderThread:424168 [retry.py:__call__():126] Retry attempt failed:
Traceback (most recent call last):
  File "/usr/local/lib/python3.6/dist-packages/wandb/sdk/lib/retry.py", line 102, in __call__
    result = self._call_fn(*args, **kwargs)
  File "/usr/local/lib/python3.6/dist-packages/wandb/sdk/internal/internal_api.py", line 133, in execute
    six.reraise(*sys.exc_info())
  File "/usr/local/lib/python3.6/dist-packages/six.py", line 719, in reraise
    raise value
  File "/usr/local/lib/python3.6/dist-packages/wandb/sdk/internal/internal_api.py", line 127, in execute
    return self.client.execute(*args, **kwargs)
  File "/usr/local/lib/python3.6/dist-packages/wandb/vendor/gql-0.2.0/gql/client.py", line 52, in execute
    result = self._get_result(document, *args, **kwargs)
  File "/usr/local/lib/python3.6/dist-packages/wandb/vendor/gql-0.2.0/gql/client.py", line 60, in _get_result
    return self.transport.execute(document, *args, **kwargs)
  File "/usr/local/lib/python3.6/dist-packages/wandb/vendor/gql-0.2.0/gql/transport/requests.py", line 39, in execute
    request.raise_for_status()
  File "/usr/local/lib/python3.6/dist-packages/requests/models.py", line 943, in raise_for_status
    raise HTTPError(http_error_msg, response=self)
requests.exceptions.HTTPError: 429 Client Error: Too Many Requests for url: https://api.wandb.ai/graphql
2021-09-19 05:21:10,681 DEBUG   HandlerThread:424168 [handler.py:handle_request():124] handle_request: poll_exit
2021-09-19 05:21:13,179 ERROR   SenderThread:424168 [internal_api.py:execute():130] 429 response executing GraphQL.
2021-09-19 05:21:13,180 ERROR   SenderThread:424168 [internal_api.py:execute():131] {"error":"rate limit exceeded"}

2021-09-19 05:21:15,782 DEBUG   HandlerThread:424168 [handler.py:handle_request():124] handle_request: poll_exit
2021-09-19 05:21:20,883 DEBUG   HandlerThread:424168 [handler.py:handle_request():124] handle_request: poll_exit
2021-09-19 05:21:21,424 INFO    SenderThread:424168 [sender.py:transition_state():308] send defer: 5
2021-09-19 05:21:21,424 DEBUG   SenderThread:424168 [sender.py:send_request():193] send_request: poll_exit
2021-09-19 05:21:21,425 DEBUG   SenderThread:424168 [sender.py:send_request():193] send_request: poll_exit
2021-09-19 05:21:21,425 DEBUG   HandlerThread:424168 [handler.py:handle_request():124] handle_request: defer
2021-09-19 05:21:21,425 DEBUG   SenderThread:424168 [sender.py:send_request():193] send_request: poll_exit
2021-09-19 05:21:21,425 INFO    HandlerThread:424168 [handler.py:handle_request_defer():141] handle defer: 5
2021-09-19 05:21:21,425 DEBUG   SenderThread:424168 [sender.py:send_request():193] send_request: poll_exit
2021-09-19 05:21:21,425 DEBUG   SenderThread:424168 [sender.py:send_request():193] send_request: defer
2021-09-19 05:21:21,426 INFO    SenderThread:424168 [sender.py:send_request_defer():304] handle sender defer: 5
2021-09-19 05:21:21,426 INFO    SenderThread:424168 [dir_watcher.py:finish():282] shutting down directory watcher
2021-09-19 05:21:21,529 DEBUG   HandlerThread:424168 [handler.py:handle_request():124] handle_request: poll_exit
2021-09-19 05:21:21,886 INFO    SenderThread:424168 [dir_watcher.py:_on_file_modified():229] file/dir modified: /grid/koo/home/toneyan/profile/QuantPred/wandb/run-20210919_052030-40mlg1a2/files/config.yaml
2021-09-19 05:21:21,887 INFO    SenderThread:424168 [dir_watcher.py:finish():312] scan: /grid/koo/home/toneyan/profile/QuantPred/wandb/run-20210919_052030-40mlg1a2/files
2021-09-19 05:21:21,887 INFO    SenderThread:424168 [dir_watcher.py:finish():318] scan save: /grid/koo/home/toneyan/profile/QuantPred/wandb/run-20210919_052030-40mlg1a2/files/wandb-metadata.json wandb-metadata.json
2021-09-19 05:21:21,887 INFO    SenderThread:424168 [dir_watcher.py:finish():318] scan save: /grid/koo/home/toneyan/profile/QuantPred/wandb/run-20210919_052030-40mlg1a2/files/config.yaml config.yaml
2021-09-19 05:21:21,887 INFO    SenderThread:424168 [dir_watcher.py:finish():318] scan save: /grid/koo/home/toneyan/profile/QuantPred/wandb/run-20210919_052030-40mlg1a2/files/requirements.txt requirements.txt
2021-09-19 05:21:21,887 INFO    SenderThread:424168 [dir_watcher.py:finish():318] scan save: /grid/koo/home/toneyan/profile/QuantPred/wandb/run-20210919_052030-40mlg1a2/files/wandb-summary.json wandb-summary.json
2021-09-19 05:21:21,891 INFO    SenderThread:424168 [dir_watcher.py:finish():318] scan save: /grid/koo/home/toneyan/profile/QuantPred/wandb/run-20210919_052030-40mlg1a2/files/output.log output.log
2021-09-19 05:21:21,894 INFO    SenderThread:424168 [sender.py:transition_state():308] send defer: 6
2021-09-19 05:21:21,898 DEBUG   SenderThread:424168 [sender.py:send_request():193] send_request: poll_exit
2021-09-19 05:21:21,899 DEBUG   HandlerThread:424168 [handler.py:handle_request():124] handle_request: defer
2021-09-19 05:21:21,899 INFO    HandlerThread:424168 [handler.py:handle_request_defer():141] handle defer: 6
2021-09-19 05:21:21,899 DEBUG   SenderThread:424168 [sender.py:send_request():193] send_request: defer
2021-09-19 05:21:21,899 INFO    SenderThread:424168 [sender.py:send_request_defer():304] handle sender defer: 6
2021-09-19 05:21:21,899 INFO    SenderThread:424168 [file_pusher.py:finish():177] shutting down file pusher
2021-09-19 05:21:22,000 DEBUG   HandlerThread:424168 [handler.py:handle_request():124] handle_request: poll_exit
2021-09-19 05:21:22,000 DEBUG   SenderThread:424168 [sender.py:send_request():193] send_request: poll_exit
2021-09-19 05:21:22,102 DEBUG   HandlerThread:424168 [handler.py:handle_request():124] handle_request: poll_exit
2021-09-19 05:21:22,102 DEBUG   SenderThread:424168 [sender.py:send_request():193] send_request: poll_exit
2021-09-19 05:21:22,206 INFO    Thread-13 :424168 [upload_job.py:push():137] Uploaded file /grid/koo/home/toneyan/profile/QuantPred/wandb/run-20210919_052030-40mlg1a2/files/requirements.txt
2021-09-19 05:21:22,207 DEBUG   HandlerThread:424168 [handler.py:handle_request():124] handle_request: poll_exit
2021-09-19 05:21:22,207 DEBUG   SenderThread:424168 [sender.py:send_request():193] send_request: poll_exit
2021-09-19 05:21:22,215 INFO    Thread-12 :424168 [upload_job.py:push():137] Uploaded file /grid/koo/home/toneyan/profile/QuantPred/wandb/run-20210919_052030-40mlg1a2/files/config.yaml
2021-09-19 05:21:22,259 INFO    Thread-14 :424168 [upload_job.py:push():137] Uploaded file /grid/koo/home/toneyan/profile/QuantPred/wandb/run-20210919_052030-40mlg1a2/files/wandb-summary.json
2021-09-19 05:21:22,309 DEBUG   HandlerThread:424168 [handler.py:handle_request():124] handle_request: poll_exit
2021-09-19 05:21:22,309 DEBUG   SenderThread:424168 [sender.py:send_request():193] send_request: poll_exit
2021-09-19 05:21:22,411 DEBUG   HandlerThread:424168 [handler.py:handle_request():124] handle_request: poll_exit
2021-09-19 05:21:22,411 DEBUG   SenderThread:424168 [sender.py:send_request():193] send_request: poll_exit
2021-09-19 05:21:22,460 INFO    Thread-7  :424168 [sender.py:transition_state():308] send defer: 7
2021-09-19 05:21:22,460 DEBUG   HandlerThread:424168 [handler.py:handle_request():124] handle_request: defer
2021-09-19 05:21:22,460 INFO    HandlerThread:424168 [handler.py:handle_request_defer():141] handle defer: 7
2021-09-19 05:21:22,460 DEBUG   SenderThread:424168 [sender.py:send_request():193] send_request: defer
2021-09-19 05:21:22,460 INFO    SenderThread:424168 [sender.py:send_request_defer():304] handle sender defer: 7
2021-09-19 05:21:22,513 INFO    SenderThread:424168 [sender.py:transition_state():308] send defer: 8
2021-09-19 05:21:22,513 DEBUG   HandlerThread:424168 [handler.py:handle_request():124] handle_request: poll_exit
2021-09-19 05:21:22,513 DEBUG   HandlerThread:424168 [handler.py:handle_request():124] handle_request: defer
2021-09-19 05:21:22,513 INFO    HandlerThread:424168 [handler.py:handle_request_defer():141] handle defer: 8
2021-09-19 05:21:22,513 DEBUG   SenderThread:424168 [sender.py:send_request():193] send_request: poll_exit
2021-09-19 05:21:22,514 DEBUG   SenderThread:424168 [sender.py:send_request():193] send_request: defer
2021-09-19 05:21:22,514 INFO    SenderThread:424168 [sender.py:send_request_defer():304] handle sender defer: 8
2021-09-19 05:21:22,514 INFO    SenderThread:424168 [sender.py:transition_state():308] send defer: 9
2021-09-19 05:21:22,514 DEBUG   SenderThread:424168 [sender.py:send():179] send: final
2021-09-19 05:21:22,514 DEBUG   HandlerThread:424168 [handler.py:handle_request():124] handle_request: defer
2021-09-19 05:21:22,514 DEBUG   SenderThread:424168 [sender.py:send():179] send: footer
2021-09-19 05:21:22,515 INFO    HandlerThread:424168 [handler.py:handle_request_defer():141] handle defer: 9
2021-09-19 05:21:22,515 DEBUG   SenderThread:424168 [sender.py:send_request():193] send_request: defer
2021-09-19 05:21:22,515 INFO    SenderThread:424168 [sender.py:send_request_defer():304] handle sender defer: 9
2021-09-19 05:21:22,615 DEBUG   HandlerThread:424168 [handler.py:handle_request():124] handle_request: poll_exit
2021-09-19 05:21:22,615 DEBUG   SenderThread:424168 [sender.py:send_request():193] send_request: poll_exit
2021-09-19 05:21:22,615 INFO    SenderThread:424168 [file_pusher.py:join():182] waiting for file pusher
2021-09-19 05:21:22,617 DEBUG   HandlerThread:424168 [handler.py:handle_request():124] handle_request: get_summary
2021-09-19 05:21:22,617 DEBUG   HandlerThread:424168 [handler.py:handle_request():124] handle_request: sampled_history
2021-09-19 05:21:22,617 DEBUG   HandlerThread:424168 [handler.py:handle_request():124] handle_request: shutdown
2021-09-19 05:21:22,617 INFO    HandlerThread:424168 [handler.py:finish():638] shutting down handler
2021-09-19 05:21:23,515 INFO    WriterThread:424168 [datastore.py:close():288] close: /grid/koo/home/toneyan/profile/QuantPred/wandb/run-20210919_052030-40mlg1a2/run-40mlg1a2.wandb
2021-09-19 05:21:23,616 INFO    SenderThread:424168 [sender.py:finish():945] shutting down sender
2021-09-19 05:21:23,616 INFO    SenderThread:424168 [file_pusher.py:finish():177] shutting down file pusher
2021-09-19 05:21:23,616 INFO    SenderThread:424168 [file_pusher.py:join():182] waiting for file pusher
2021-09-19 05:21:23,618 INFO    MainThread:424168 [internal.py:handle_exit():78] Internal process exited
