2021-09-18 20:09:01,345 INFO    MainThread:3868686 [internal.py:wandb_internal():91] W&B internal server running at pid: 3868686, started at: 2021-09-18 20:09:01.344735
2021-09-18 20:09:01,347 DEBUG   HandlerThread:3868686 [handler.py:handle_request():124] handle_request: check_version
2021-09-18 20:09:01,347 INFO    WriterThread:3868686 [datastore.py:open_for_write():80] open: /grid/koo/home/toneyan/profile/QuantPred/wandb/run-20210918_200900-6mijcq35/run-6mijcq35.wandb
2021-09-18 20:09:01,348 DEBUG   SenderThread:3868686 [sender.py:send():179] send: header
2021-09-18 20:09:01,348 DEBUG   SenderThread:3868686 [sender.py:send_request():193] send_request: check_version
2021-09-18 20:09:01,382 DEBUG   SenderThread:3868686 [sender.py:send():179] send: run
2021-09-18 20:09:01,466 INFO    SenderThread:3868686 [dir_watcher.py:__init__():168] watching files in: /grid/koo/home/toneyan/profile/QuantPred/wandb/run-20210918_200900-6mijcq35/files
2021-09-18 20:09:01,467 INFO    SenderThread:3868686 [sender.py:_start_run_threads():719] run started: 6mijcq35 with start time 1632010140
2021-09-18 20:09:01,467 DEBUG   SenderThread:3868686 [sender.py:send():179] send: summary
2021-09-18 20:09:01,467 INFO    SenderThread:3868686 [sender.py:_save_file():841] saving file wandb-summary.json with policy end
2021-09-18 20:09:01,468 DEBUG   HandlerThread:3868686 [handler.py:handle_request():124] handle_request: run_start
2021-09-18 20:09:02,468 INFO    Thread-8  :3868686 [dir_watcher.py:_on_file_created():216] file/dir created: /grid/koo/home/toneyan/profile/QuantPred/wandb/run-20210918_200900-6mijcq35/files/wandb-summary.json
2021-09-18 20:09:02,593 DEBUG   HandlerThread:3868686 [meta.py:__init__():39] meta init
2021-09-18 20:09:02,594 DEBUG   HandlerThread:3868686 [meta.py:__init__():53] meta init done
2021-09-18 20:09:02,594 DEBUG   HandlerThread:3868686 [meta.py:probe():210] probe
2021-09-18 20:09:02,599 DEBUG   HandlerThread:3868686 [meta.py:_save_pip():57] save pip
2021-09-18 20:09:02,600 DEBUG   HandlerThread:3868686 [meta.py:_save_pip():71] save pip done
2021-09-18 20:09:02,600 DEBUG   HandlerThread:3868686 [meta.py:probe():252] probe done
2021-09-18 20:09:02,603 DEBUG   SenderThread:3868686 [sender.py:send():179] send: files
2021-09-18 20:09:02,603 INFO    SenderThread:3868686 [sender.py:_save_file():841] saving file wandb-metadata.json with policy now
2021-09-18 20:09:02,608 DEBUG   HandlerThread:3868686 [handler.py:handle_request():124] handle_request: stop_status
2021-09-18 20:09:02,609 DEBUG   SenderThread:3868686 [sender.py:send_request():193] send_request: stop_status
2021-09-18 20:09:02,976 INFO    Thread-11 :3868686 [upload_job.py:push():137] Uploaded file /tmp/3288851.1.gpu_ded.q/tmpqkwvp7kcwandb/2kqby4ya-wandb-metadata.json
2021-09-18 20:09:03,467 INFO    Thread-8  :3868686 [dir_watcher.py:_on_file_created():216] file/dir created: /grid/koo/home/toneyan/profile/QuantPred/wandb/run-20210918_200900-6mijcq35/files/output.log
2021-09-18 20:09:03,468 INFO    Thread-8  :3868686 [dir_watcher.py:_on_file_created():216] file/dir created: /grid/koo/home/toneyan/profile/QuantPred/wandb/run-20210918_200900-6mijcq35/files/wandb-metadata.json
2021-09-18 20:09:03,468 INFO    Thread-8  :3868686 [dir_watcher.py:_on_file_created():216] file/dir created: /grid/koo/home/toneyan/profile/QuantPred/wandb/run-20210918_200900-6mijcq35/files/requirements.txt
2021-09-18 20:09:17,674 DEBUG   HandlerThread:3868686 [handler.py:handle_request():124] handle_request: stop_status
2021-09-18 20:09:17,674 DEBUG   SenderThread:3868686 [sender.py:send_request():193] send_request: stop_status
2021-09-18 20:09:30,971 DEBUG   SenderThread:3868686 [sender.py:send():179] send: stats
2021-09-18 20:09:32,735 DEBUG   HandlerThread:3868686 [handler.py:handle_request():124] handle_request: stop_status
2021-09-18 20:09:32,735 DEBUG   SenderThread:3868686 [sender.py:send_request():193] send_request: stop_status
2021-09-18 20:09:36,537 DEBUG   SenderThread:3868686 [sender.py:send():179] send: telemetry
2021-09-18 20:09:36,537 DEBUG   SenderThread:3868686 [sender.py:send():179] send: exit
2021-09-18 20:09:36,538 DEBUG   HandlerThread:3868686 [handler.py:handle_request():124] handle_request: poll_exit
2021-09-18 20:09:36,538 INFO    SenderThread:3868686 [sender.py:send_exit():287] handling exit code: 1
2021-09-18 20:09:36,538 INFO    SenderThread:3868686 [sender.py:send_exit():295] send defer
2021-09-18 20:09:36,538 DEBUG   SenderThread:3868686 [sender.py:send_request():193] send_request: poll_exit
2021-09-18 20:09:36,539 DEBUG   HandlerThread:3868686 [handler.py:handle_request():124] handle_request: defer
2021-09-18 20:09:36,539 INFO    HandlerThread:3868686 [handler.py:handle_request_defer():141] handle defer: 0
2021-09-18 20:09:36,539 DEBUG   SenderThread:3868686 [sender.py:send_request():193] send_request: defer
2021-09-18 20:09:36,539 INFO    SenderThread:3868686 [sender.py:send_request_defer():304] handle sender defer: 0
2021-09-18 20:09:36,539 INFO    SenderThread:3868686 [sender.py:transition_state():308] send defer: 1
2021-09-18 20:09:36,539 DEBUG   HandlerThread:3868686 [handler.py:handle_request():124] handle_request: defer
2021-09-18 20:09:36,539 INFO    HandlerThread:3868686 [handler.py:handle_request_defer():141] handle defer: 1
2021-09-18 20:09:36,644 DEBUG   SenderThread:3868686 [sender.py:send_request():193] send_request: defer
2021-09-18 20:09:36,644 INFO    SenderThread:3868686 [sender.py:send_request_defer():304] handle sender defer: 1
2021-09-18 20:09:36,644 INFO    SenderThread:3868686 [sender.py:transition_state():308] send defer: 2
2021-09-18 20:09:36,644 DEBUG   HandlerThread:3868686 [handler.py:handle_request():124] handle_request: poll_exit
2021-09-18 20:09:36,645 DEBUG   SenderThread:3868686 [sender.py:send_request():193] send_request: poll_exit
2021-09-18 20:09:36,645 DEBUG   HandlerThread:3868686 [handler.py:handle_request():124] handle_request: defer
2021-09-18 20:09:36,645 DEBUG   SenderThread:3868686 [sender.py:send():179] send: stats
2021-09-18 20:09:36,645 INFO    HandlerThread:3868686 [handler.py:handle_request_defer():141] handle defer: 2
2021-09-18 20:09:36,647 DEBUG   SenderThread:3868686 [sender.py:send_request():193] send_request: defer
2021-09-18 20:09:36,647 INFO    SenderThread:3868686 [sender.py:send_request_defer():304] handle sender defer: 2
2021-09-18 20:09:36,648 INFO    SenderThread:3868686 [sender.py:transition_state():308] send defer: 3
2021-09-18 20:09:36,648 DEBUG   HandlerThread:3868686 [handler.py:handle_request():124] handle_request: defer
2021-09-18 20:09:36,648 INFO    HandlerThread:3868686 [handler.py:handle_request_defer():141] handle defer: 3
2021-09-18 20:09:36,648 DEBUG   SenderThread:3868686 [sender.py:send():179] send: summary
2021-09-18 20:09:36,648 INFO    SenderThread:3868686 [sender.py:_save_file():841] saving file wandb-summary.json with policy end
2021-09-18 20:09:36,648 DEBUG   SenderThread:3868686 [sender.py:send_request():193] send_request: defer
2021-09-18 20:09:36,648 INFO    SenderThread:3868686 [sender.py:send_request_defer():304] handle sender defer: 3
2021-09-18 20:09:36,649 INFO    SenderThread:3868686 [sender.py:transition_state():308] send defer: 4
2021-09-18 20:09:36,649 DEBUG   HandlerThread:3868686 [handler.py:handle_request():124] handle_request: defer
2021-09-18 20:09:36,649 INFO    HandlerThread:3868686 [handler.py:handle_request_defer():141] handle defer: 4
2021-09-18 20:09:36,649 DEBUG   SenderThread:3868686 [sender.py:send_request():193] send_request: defer
2021-09-18 20:09:36,649 INFO    SenderThread:3868686 [sender.py:send_request_defer():304] handle sender defer: 4
2021-09-18 20:09:36,704 ERROR   SenderThread:3868686 [internal_api.py:execute():130] 429 response executing GraphQL.
2021-09-18 20:09:36,704 ERROR   SenderThread:3868686 [internal_api.py:execute():131] {"error":"rate limit exceeded"}

2021-09-18 20:09:36,747 DEBUG   HandlerThread:3868686 [handler.py:handle_request():124] handle_request: poll_exit
2021-09-18 20:09:37,480 INFO    Thread-8  :3868686 [dir_watcher.py:_on_file_modified():229] file/dir modified: /grid/koo/home/toneyan/profile/QuantPred/wandb/run-20210918_200900-6mijcq35/files/wandb-summary.json
2021-09-18 20:09:37,873 ERROR   SenderThread:3868686 [internal_api.py:execute():130] 429 response executing GraphQL.
2021-09-18 20:09:37,873 ERROR   SenderThread:3868686 [internal_api.py:execute():131] {"error":"rate limit exceeded"}

2021-09-18 20:09:39,969 ERROR   SenderThread:3868686 [internal_api.py:execute():130] 429 response executing GraphQL.
2021-09-18 20:09:39,969 ERROR   SenderThread:3868686 [internal_api.py:execute():131] {"error":"rate limit exceeded"}

2021-09-18 20:09:39,969 ERROR   SenderThread:3868686 [retry.py:__call__():126] Retry attempt failed:
Traceback (most recent call last):
  File "/usr/local/lib/python3.6/dist-packages/wandb/sdk/lib/retry.py", line 102, in __call__
    result = self._call_fn(*args, **kwargs)
  File "/usr/local/lib/python3.6/dist-packages/wandb/sdk/internal/internal_api.py", line 133, in execute
    six.reraise(*sys.exc_info())
  File "/usr/local/lib/python3.6/dist-packages/six.py", line 719, in reraise
    raise value
  File "/usr/local/lib/python3.6/dist-packages/wandb/sdk/internal/internal_api.py", line 127, in execute
    return self.client.execute(*args, **kwargs)
  File "/usr/local/lib/python3.6/dist-packages/wandb/vendor/gql-0.2.0/gql/client.py", line 52, in execute
    result = self._get_result(document, *args, **kwargs)
  File "/usr/local/lib/python3.6/dist-packages/wandb/vendor/gql-0.2.0/gql/client.py", line 60, in _get_result
    return self.transport.execute(document, *args, **kwargs)
  File "/usr/local/lib/python3.6/dist-packages/wandb/vendor/gql-0.2.0/gql/transport/requests.py", line 39, in execute
    request.raise_for_status()
  File "/usr/local/lib/python3.6/dist-packages/requests/models.py", line 943, in raise_for_status
    raise HTTPError(http_error_msg, response=self)
requests.exceptions.HTTPError: 429 Client Error: Too Many Requests for url: https://api.wandb.ai/graphql
2021-09-18 20:09:41,848 DEBUG   HandlerThread:3868686 [handler.py:handle_request():124] handle_request: poll_exit
2021-09-18 20:09:44,486 ERROR   SenderThread:3868686 [internal_api.py:execute():130] 429 response executing GraphQL.
2021-09-18 20:09:44,486 ERROR   SenderThread:3868686 [internal_api.py:execute():131] {"error":"rate limit exceeded"}

2021-09-18 20:09:46,948 DEBUG   HandlerThread:3868686 [handler.py:handle_request():124] handle_request: poll_exit
2021-09-18 20:09:52,049 DEBUG   HandlerThread:3868686 [handler.py:handle_request():124] handle_request: poll_exit
2021-09-18 20:09:53,391 INFO    SenderThread:3868686 [sender.py:transition_state():308] send defer: 5
2021-09-18 20:09:53,391 DEBUG   SenderThread:3868686 [sender.py:send_request():193] send_request: poll_exit
2021-09-18 20:09:53,391 DEBUG   SenderThread:3868686 [sender.py:send_request():193] send_request: poll_exit
2021-09-18 20:09:53,391 DEBUG   HandlerThread:3868686 [handler.py:handle_request():124] handle_request: defer
2021-09-18 20:09:53,391 DEBUG   SenderThread:3868686 [sender.py:send_request():193] send_request: poll_exit
2021-09-18 20:09:53,391 INFO    HandlerThread:3868686 [handler.py:handle_request_defer():141] handle defer: 5
2021-09-18 20:09:53,392 DEBUG   SenderThread:3868686 [sender.py:send_request():193] send_request: poll_exit
2021-09-18 20:09:53,392 DEBUG   SenderThread:3868686 [sender.py:send_request():193] send_request: defer
2021-09-18 20:09:53,392 INFO    SenderThread:3868686 [sender.py:send_request_defer():304] handle sender defer: 5
2021-09-18 20:09:53,392 INFO    SenderThread:3868686 [dir_watcher.py:finish():282] shutting down directory watcher
2021-09-18 20:09:53,483 INFO    SenderThread:3868686 [dir_watcher.py:_on_file_modified():229] file/dir modified: /grid/koo/home/toneyan/profile/QuantPred/wandb/run-20210918_200900-6mijcq35/files/config.yaml
2021-09-18 20:09:53,483 INFO    SenderThread:3868686 [dir_watcher.py:finish():312] scan: /grid/koo/home/toneyan/profile/QuantPred/wandb/run-20210918_200900-6mijcq35/files
2021-09-18 20:09:53,483 INFO    SenderThread:3868686 [dir_watcher.py:finish():318] scan save: /grid/koo/home/toneyan/profile/QuantPred/wandb/run-20210918_200900-6mijcq35/files/wandb-metadata.json wandb-metadata.json
2021-09-18 20:09:53,483 INFO    SenderThread:3868686 [dir_watcher.py:finish():318] scan save: /grid/koo/home/toneyan/profile/QuantPred/wandb/run-20210918_200900-6mijcq35/files/config.yaml config.yaml
2021-09-18 20:09:53,484 INFO    SenderThread:3868686 [dir_watcher.py:finish():318] scan save: /grid/koo/home/toneyan/profile/QuantPred/wandb/run-20210918_200900-6mijcq35/files/requirements.txt requirements.txt
2021-09-18 20:09:53,487 INFO    SenderThread:3868686 [dir_watcher.py:finish():318] scan save: /grid/koo/home/toneyan/profile/QuantPred/wandb/run-20210918_200900-6mijcq35/files/wandb-summary.json wandb-summary.json
2021-09-18 20:09:53,490 INFO    SenderThread:3868686 [dir_watcher.py:finish():318] scan save: /grid/koo/home/toneyan/profile/QuantPred/wandb/run-20210918_200900-6mijcq35/files/output.log output.log
2021-09-18 20:09:53,494 INFO    SenderThread:3868686 [sender.py:transition_state():308] send defer: 6
2021-09-18 20:09:53,495 DEBUG   HandlerThread:3868686 [handler.py:handle_request():124] handle_request: defer
2021-09-18 20:09:53,495 INFO    HandlerThread:3868686 [handler.py:handle_request_defer():141] handle defer: 6
2021-09-18 20:09:53,495 DEBUG   SenderThread:3868686 [sender.py:send_request():193] send_request: defer
2021-09-18 20:09:53,495 INFO    SenderThread:3868686 [sender.py:send_request_defer():304] handle sender defer: 6
2021-09-18 20:09:53,496 INFO    SenderThread:3868686 [file_pusher.py:finish():177] shutting down file pusher
2021-09-18 20:09:53,496 DEBUG   HandlerThread:3868686 [handler.py:handle_request():124] handle_request: poll_exit
2021-09-18 20:09:53,497 DEBUG   SenderThread:3868686 [sender.py:send_request():193] send_request: poll_exit
2021-09-18 20:09:53,598 DEBUG   HandlerThread:3868686 [handler.py:handle_request():124] handle_request: poll_exit
2021-09-18 20:09:53,599 DEBUG   SenderThread:3868686 [sender.py:send_request():193] send_request: poll_exit
2021-09-18 20:09:53,700 DEBUG   HandlerThread:3868686 [handler.py:handle_request():124] handle_request: poll_exit
2021-09-18 20:09:53,701 DEBUG   SenderThread:3868686 [sender.py:send_request():193] send_request: poll_exit
2021-09-18 20:09:53,802 DEBUG   HandlerThread:3868686 [handler.py:handle_request():124] handle_request: poll_exit
2021-09-18 20:09:53,802 DEBUG   SenderThread:3868686 [sender.py:send_request():193] send_request: poll_exit
2021-09-18 20:09:53,821 INFO    Thread-14 :3868686 [upload_job.py:push():137] Uploaded file /grid/koo/home/toneyan/profile/QuantPred/wandb/run-20210918_200900-6mijcq35/files/wandb-summary.json
2021-09-18 20:09:53,844 INFO    Thread-12 :3868686 [upload_job.py:push():137] Uploaded file /grid/koo/home/toneyan/profile/QuantPred/wandb/run-20210918_200900-6mijcq35/files/config.yaml
2021-09-18 20:09:53,851 INFO    Thread-13 :3868686 [upload_job.py:push():137] Uploaded file /grid/koo/home/toneyan/profile/QuantPred/wandb/run-20210918_200900-6mijcq35/files/requirements.txt
2021-09-18 20:09:53,906 DEBUG   HandlerThread:3868686 [handler.py:handle_request():124] handle_request: poll_exit
2021-09-18 20:09:53,906 DEBUG   SenderThread:3868686 [sender.py:send_request():193] send_request: poll_exit
2021-09-18 20:09:54,008 DEBUG   HandlerThread:3868686 [handler.py:handle_request():124] handle_request: poll_exit
2021-09-18 20:09:54,008 DEBUG   SenderThread:3868686 [sender.py:send_request():193] send_request: poll_exit
2021-09-18 20:09:54,051 INFO    Thread-7  :3868686 [sender.py:transition_state():308] send defer: 7
2021-09-18 20:09:54,052 DEBUG   HandlerThread:3868686 [handler.py:handle_request():124] handle_request: defer
2021-09-18 20:09:54,052 INFO    HandlerThread:3868686 [handler.py:handle_request_defer():141] handle defer: 7
2021-09-18 20:09:54,052 DEBUG   SenderThread:3868686 [sender.py:send_request():193] send_request: defer
2021-09-18 20:09:54,052 INFO    SenderThread:3868686 [sender.py:send_request_defer():304] handle sender defer: 7
2021-09-18 20:09:54,101 INFO    SenderThread:3868686 [sender.py:transition_state():308] send defer: 8
2021-09-18 20:09:54,101 DEBUG   HandlerThread:3868686 [handler.py:handle_request():124] handle_request: defer
2021-09-18 20:09:54,101 INFO    HandlerThread:3868686 [handler.py:handle_request_defer():141] handle defer: 8
2021-09-18 20:09:54,101 DEBUG   SenderThread:3868686 [sender.py:send_request():193] send_request: defer
2021-09-18 20:09:54,101 INFO    SenderThread:3868686 [sender.py:send_request_defer():304] handle sender defer: 8
2021-09-18 20:09:54,101 INFO    SenderThread:3868686 [sender.py:transition_state():308] send defer: 9
2021-09-18 20:09:54,102 DEBUG   SenderThread:3868686 [sender.py:send():179] send: final
2021-09-18 20:09:54,102 DEBUG   HandlerThread:3868686 [handler.py:handle_request():124] handle_request: defer
2021-09-18 20:09:54,102 DEBUG   SenderThread:3868686 [sender.py:send():179] send: footer
2021-09-18 20:09:54,102 INFO    HandlerThread:3868686 [handler.py:handle_request_defer():141] handle defer: 9
2021-09-18 20:09:54,102 DEBUG   SenderThread:3868686 [sender.py:send_request():193] send_request: defer
2021-09-18 20:09:54,102 INFO    SenderThread:3868686 [sender.py:send_request_defer():304] handle sender defer: 9
2021-09-18 20:09:54,111 DEBUG   HandlerThread:3868686 [handler.py:handle_request():124] handle_request: poll_exit
2021-09-18 20:09:54,111 DEBUG   SenderThread:3868686 [sender.py:send_request():193] send_request: poll_exit
2021-09-18 20:09:54,111 INFO    SenderThread:3868686 [file_pusher.py:join():182] waiting for file pusher
2021-09-18 20:09:54,114 DEBUG   HandlerThread:3868686 [handler.py:handle_request():124] handle_request: get_summary
2021-09-18 20:09:54,114 DEBUG   HandlerThread:3868686 [handler.py:handle_request():124] handle_request: sampled_history
2021-09-18 20:09:54,115 DEBUG   HandlerThread:3868686 [handler.py:handle_request():124] handle_request: shutdown
2021-09-18 20:09:54,115 INFO    HandlerThread:3868686 [handler.py:finish():638] shutting down handler
2021-09-18 20:09:55,102 INFO    WriterThread:3868686 [datastore.py:close():288] close: /grid/koo/home/toneyan/profile/QuantPred/wandb/run-20210918_200900-6mijcq35/run-6mijcq35.wandb
2021-09-18 20:09:55,111 INFO    SenderThread:3868686 [sender.py:finish():945] shutting down sender
2021-09-18 20:09:55,111 INFO    SenderThread:3868686 [file_pusher.py:finish():177] shutting down file pusher
2021-09-18 20:09:55,111 INFO    SenderThread:3868686 [file_pusher.py:join():182] waiting for file pusher
2021-09-18 20:09:55,115 INFO    MainThread:3868686 [internal.py:handle_exit():78] Internal process exited
