2021-09-14 10:38:00,937 INFO    MainThread:1680478 [internal.py:wandb_internal():91] W&B internal server running at pid: 1680478, started at: 2021-09-14 10:38:00.937141
2021-09-14 10:38:00,939 DEBUG   HandlerThread:1680478 [handler.py:handle_request():124] handle_request: check_version
2021-09-14 10:38:00,939 INFO    WriterThread:1680478 [datastore.py:open_for_write():80] open: /grid/koo/home/toneyan/profile/QuantPred/wandb/run-20210914_103800-874kaups/run-874kaups.wandb
2021-09-14 10:38:00,941 DEBUG   SenderThread:1680478 [sender.py:send():179] send: header
2021-09-14 10:38:00,941 DEBUG   SenderThread:1680478 [sender.py:send_request():193] send_request: check_version
2021-09-14 10:38:00,972 DEBUG   SenderThread:1680478 [sender.py:send():179] send: run
2021-09-14 10:38:01,051 INFO    SenderThread:1680478 [dir_watcher.py:__init__():168] watching files in: /grid/koo/home/toneyan/profile/QuantPred/wandb/run-20210914_103800-874kaups/files
2021-09-14 10:38:01,052 INFO    SenderThread:1680478 [sender.py:_start_run_threads():719] run started: 874kaups with start time 1631630280
2021-09-14 10:38:01,052 DEBUG   SenderThread:1680478 [sender.py:send():179] send: summary
2021-09-14 10:38:01,052 INFO    SenderThread:1680478 [sender.py:_save_file():841] saving file wandb-summary.json with policy end
2021-09-14 10:38:01,053 DEBUG   HandlerThread:1680478 [handler.py:handle_request():124] handle_request: run_start
2021-09-14 10:38:02,054 INFO    Thread-8  :1680478 [dir_watcher.py:_on_file_created():216] file/dir created: /grid/koo/home/toneyan/profile/QuantPred/wandb/run-20210914_103800-874kaups/files/wandb-summary.json
2021-09-14 10:38:02,095 DEBUG   HandlerThread:1680478 [meta.py:__init__():39] meta init
2021-09-14 10:38:02,095 DEBUG   HandlerThread:1680478 [meta.py:__init__():53] meta init done
2021-09-14 10:38:02,095 DEBUG   HandlerThread:1680478 [meta.py:probe():210] probe
2021-09-14 10:38:02,101 DEBUG   HandlerThread:1680478 [meta.py:_save_pip():57] save pip
2021-09-14 10:38:02,103 DEBUG   HandlerThread:1680478 [meta.py:_save_pip():71] save pip done
2021-09-14 10:38:02,103 DEBUG   HandlerThread:1680478 [meta.py:probe():252] probe done
2021-09-14 10:38:02,105 DEBUG   SenderThread:1680478 [sender.py:send():179] send: files
2021-09-14 10:38:02,106 INFO    SenderThread:1680478 [sender.py:_save_file():841] saving file wandb-metadata.json with policy now
2021-09-14 10:38:02,114 DEBUG   HandlerThread:1680478 [handler.py:handle_request():124] handle_request: stop_status
2021-09-14 10:38:02,114 DEBUG   SenderThread:1680478 [sender.py:send_request():193] send_request: stop_status
2021-09-14 10:38:02,513 INFO    Thread-11 :1680478 [upload_job.py:push():137] Uploaded file /tmp/3287109.1.gpu_ded.q/tmpod8saz6iwandb/13y9epkf-wandb-metadata.json
2021-09-14 10:38:03,054 INFO    Thread-8  :1680478 [dir_watcher.py:_on_file_created():216] file/dir created: /grid/koo/home/toneyan/profile/QuantPred/wandb/run-20210914_103800-874kaups/files/output.log
2021-09-14 10:38:03,054 INFO    Thread-8  :1680478 [dir_watcher.py:_on_file_created():216] file/dir created: /grid/koo/home/toneyan/profile/QuantPred/wandb/run-20210914_103800-874kaups/files/requirements.txt
2021-09-14 10:38:03,054 INFO    Thread-8  :1680478 [dir_watcher.py:_on_file_created():216] file/dir created: /grid/koo/home/toneyan/profile/QuantPred/wandb/run-20210914_103800-874kaups/files/wandb-metadata.json
2021-09-14 10:38:17,190 DEBUG   HandlerThread:1680478 [handler.py:handle_request():124] handle_request: stop_status
2021-09-14 10:38:17,191 DEBUG   SenderThread:1680478 [sender.py:send_request():193] send_request: stop_status
2021-09-14 10:38:30,466 DEBUG   SenderThread:1680478 [sender.py:send():179] send: stats
2021-09-14 10:38:32,257 DEBUG   HandlerThread:1680478 [handler.py:handle_request():124] handle_request: stop_status
2021-09-14 10:38:32,257 DEBUG   SenderThread:1680478 [sender.py:send_request():193] send_request: stop_status
2021-09-14 10:38:36,852 DEBUG   SenderThread:1680478 [sender.py:send():179] send: telemetry
2021-09-14 10:38:36,852 DEBUG   HandlerThread:1680478 [handler.py:handle_request():124] handle_request: poll_exit
2021-09-14 10:38:36,853 DEBUG   SenderThread:1680478 [sender.py:send():179] send: exit
2021-09-14 10:38:36,853 INFO    SenderThread:1680478 [sender.py:send_exit():287] handling exit code: 1
2021-09-14 10:38:36,853 INFO    SenderThread:1680478 [sender.py:send_exit():295] send defer
2021-09-14 10:38:36,853 DEBUG   SenderThread:1680478 [sender.py:send_request():193] send_request: poll_exit
2021-09-14 10:38:36,854 DEBUG   HandlerThread:1680478 [handler.py:handle_request():124] handle_request: defer
2021-09-14 10:38:36,854 INFO    HandlerThread:1680478 [handler.py:handle_request_defer():141] handle defer: 0
2021-09-14 10:38:36,854 DEBUG   SenderThread:1680478 [sender.py:send_request():193] send_request: defer
2021-09-14 10:38:36,854 INFO    SenderThread:1680478 [sender.py:send_request_defer():304] handle sender defer: 0
2021-09-14 10:38:36,854 INFO    SenderThread:1680478 [sender.py:transition_state():308] send defer: 1
2021-09-14 10:38:36,854 DEBUG   HandlerThread:1680478 [handler.py:handle_request():124] handle_request: defer
2021-09-14 10:38:36,854 INFO    HandlerThread:1680478 [handler.py:handle_request_defer():141] handle defer: 1
2021-09-14 10:38:36,948 DEBUG   SenderThread:1680478 [sender.py:send_request():193] send_request: defer
2021-09-14 10:38:36,948 INFO    SenderThread:1680478 [sender.py:send_request_defer():304] handle sender defer: 1
2021-09-14 10:38:36,949 INFO    SenderThread:1680478 [sender.py:transition_state():308] send defer: 2
2021-09-14 10:38:36,949 DEBUG   SenderThread:1680478 [sender.py:send():179] send: stats
2021-09-14 10:38:36,949 DEBUG   HandlerThread:1680478 [handler.py:handle_request():124] handle_request: defer
2021-09-14 10:38:36,951 INFO    HandlerThread:1680478 [handler.py:handle_request_defer():141] handle defer: 2
2021-09-14 10:38:36,951 DEBUG   SenderThread:1680478 [sender.py:send_request():193] send_request: defer
2021-09-14 10:38:36,951 INFO    SenderThread:1680478 [sender.py:send_request_defer():304] handle sender defer: 2
2021-09-14 10:38:36,951 INFO    SenderThread:1680478 [sender.py:transition_state():308] send defer: 3
2021-09-14 10:38:36,952 DEBUG   HandlerThread:1680478 [handler.py:handle_request():124] handle_request: defer
2021-09-14 10:38:36,952 INFO    HandlerThread:1680478 [handler.py:handle_request_defer():141] handle defer: 3
2021-09-14 10:38:36,952 DEBUG   SenderThread:1680478 [sender.py:send():179] send: summary
2021-09-14 10:38:36,952 INFO    SenderThread:1680478 [sender.py:_save_file():841] saving file wandb-summary.json with policy end
2021-09-14 10:38:36,953 DEBUG   SenderThread:1680478 [sender.py:send_request():193] send_request: defer
2021-09-14 10:38:36,953 INFO    SenderThread:1680478 [sender.py:send_request_defer():304] handle sender defer: 3
2021-09-14 10:38:36,953 INFO    SenderThread:1680478 [sender.py:transition_state():308] send defer: 4
2021-09-14 10:38:36,953 DEBUG   HandlerThread:1680478 [handler.py:handle_request():124] handle_request: defer
2021-09-14 10:38:36,953 INFO    HandlerThread:1680478 [handler.py:handle_request_defer():141] handle defer: 4
2021-09-14 10:38:36,953 DEBUG   SenderThread:1680478 [sender.py:send_request():193] send_request: defer
2021-09-14 10:38:36,953 INFO    SenderThread:1680478 [sender.py:send_request_defer():304] handle sender defer: 4
2021-09-14 10:38:36,958 DEBUG   HandlerThread:1680478 [handler.py:handle_request():124] handle_request: poll_exit
2021-09-14 10:38:37,013 ERROR   SenderThread:1680478 [internal_api.py:execute():130] 429 response executing GraphQL.
2021-09-14 10:38:37,013 ERROR   SenderThread:1680478 [internal_api.py:execute():131] {"error":"rate limit exceeded"}

2021-09-14 10:38:37,069 INFO    Thread-8  :1680478 [dir_watcher.py:_on_file_modified():229] file/dir modified: /grid/koo/home/toneyan/profile/QuantPred/wandb/run-20210914_103800-874kaups/files/wandb-summary.json
2021-09-14 10:38:38,319 ERROR   SenderThread:1680478 [internal_api.py:execute():130] 429 response executing GraphQL.
2021-09-14 10:38:38,319 ERROR   SenderThread:1680478 [internal_api.py:execute():131] {"error":"rate limit exceeded"}

2021-09-14 10:38:40,838 ERROR   SenderThread:1680478 [internal_api.py:execute():130] 429 response executing GraphQL.
2021-09-14 10:38:40,838 ERROR   SenderThread:1680478 [internal_api.py:execute():131] {"error":"rate limit exceeded"}

2021-09-14 10:38:40,838 ERROR   SenderThread:1680478 [retry.py:__call__():126] Retry attempt failed:
Traceback (most recent call last):
  File "/usr/local/lib/python3.6/dist-packages/wandb/sdk/lib/retry.py", line 102, in __call__
    result = self._call_fn(*args, **kwargs)
  File "/usr/local/lib/python3.6/dist-packages/wandb/sdk/internal/internal_api.py", line 133, in execute
    six.reraise(*sys.exc_info())
  File "/usr/local/lib/python3.6/dist-packages/six.py", line 719, in reraise
    raise value
  File "/usr/local/lib/python3.6/dist-packages/wandb/sdk/internal/internal_api.py", line 127, in execute
    return self.client.execute(*args, **kwargs)
  File "/usr/local/lib/python3.6/dist-packages/wandb/vendor/gql-0.2.0/gql/client.py", line 52, in execute
    result = self._get_result(document, *args, **kwargs)
  File "/usr/local/lib/python3.6/dist-packages/wandb/vendor/gql-0.2.0/gql/client.py", line 60, in _get_result
    return self.transport.execute(document, *args, **kwargs)
  File "/usr/local/lib/python3.6/dist-packages/wandb/vendor/gql-0.2.0/gql/transport/requests.py", line 39, in execute
    request.raise_for_status()
  File "/usr/local/lib/python3.6/dist-packages/requests/models.py", line 943, in raise_for_status
    raise HTTPError(http_error_msg, response=self)
requests.exceptions.HTTPError: 429 Client Error: Too Many Requests for url: https://api.wandb.ai/graphql
2021-09-14 10:38:42,056 DEBUG   HandlerThread:1680478 [handler.py:handle_request():124] handle_request: poll_exit
2021-09-14 10:38:45,301 INFO    SenderThread:1680478 [sender.py:transition_state():308] send defer: 5
2021-09-14 10:38:45,301 DEBUG   SenderThread:1680478 [sender.py:send_request():193] send_request: poll_exit
2021-09-14 10:38:45,301 DEBUG   SenderThread:1680478 [sender.py:send_request():193] send_request: poll_exit
2021-09-14 10:38:45,302 DEBUG   HandlerThread:1680478 [handler.py:handle_request():124] handle_request: defer
2021-09-14 10:38:45,302 INFO    HandlerThread:1680478 [handler.py:handle_request_defer():141] handle defer: 5
2021-09-14 10:38:45,302 DEBUG   SenderThread:1680478 [sender.py:send_request():193] send_request: defer
2021-09-14 10:38:45,302 INFO    SenderThread:1680478 [sender.py:send_request_defer():304] handle sender defer: 5
2021-09-14 10:38:45,303 INFO    SenderThread:1680478 [dir_watcher.py:finish():282] shutting down directory watcher
2021-09-14 10:38:45,403 DEBUG   HandlerThread:1680478 [handler.py:handle_request():124] handle_request: poll_exit
2021-09-14 10:38:46,072 INFO    SenderThread:1680478 [dir_watcher.py:_on_file_modified():229] file/dir modified: /grid/koo/home/toneyan/profile/QuantPred/wandb/run-20210914_103800-874kaups/files/config.yaml
2021-09-14 10:38:46,072 INFO    SenderThread:1680478 [dir_watcher.py:finish():312] scan: /grid/koo/home/toneyan/profile/QuantPred/wandb/run-20210914_103800-874kaups/files
2021-09-14 10:38:46,073 INFO    SenderThread:1680478 [dir_watcher.py:finish():318] scan save: /grid/koo/home/toneyan/profile/QuantPred/wandb/run-20210914_103800-874kaups/files/wandb-metadata.json wandb-metadata.json
2021-09-14 10:38:46,073 INFO    SenderThread:1680478 [dir_watcher.py:finish():318] scan save: /grid/koo/home/toneyan/profile/QuantPred/wandb/run-20210914_103800-874kaups/files/config.yaml config.yaml
2021-09-14 10:38:46,073 INFO    SenderThread:1680478 [dir_watcher.py:finish():318] scan save: /grid/koo/home/toneyan/profile/QuantPred/wandb/run-20210914_103800-874kaups/files/requirements.txt requirements.txt
2021-09-14 10:38:46,073 INFO    SenderThread:1680478 [dir_watcher.py:finish():318] scan save: /grid/koo/home/toneyan/profile/QuantPred/wandb/run-20210914_103800-874kaups/files/wandb-summary.json wandb-summary.json
2021-09-14 10:38:46,076 INFO    SenderThread:1680478 [dir_watcher.py:finish():318] scan save: /grid/koo/home/toneyan/profile/QuantPred/wandb/run-20210914_103800-874kaups/files/output.log output.log
2021-09-14 10:38:46,080 INFO    SenderThread:1680478 [sender.py:transition_state():308] send defer: 6
2021-09-14 10:38:46,080 DEBUG   SenderThread:1680478 [sender.py:send_request():193] send_request: poll_exit
2021-09-14 10:38:46,088 DEBUG   HandlerThread:1680478 [handler.py:handle_request():124] handle_request: defer
2021-09-14 10:38:46,089 INFO    HandlerThread:1680478 [handler.py:handle_request_defer():141] handle defer: 6
2021-09-14 10:38:46,089 DEBUG   SenderThread:1680478 [sender.py:send_request():193] send_request: defer
2021-09-14 10:38:46,089 INFO    SenderThread:1680478 [sender.py:send_request_defer():304] handle sender defer: 6
2021-09-14 10:38:46,089 INFO    SenderThread:1680478 [file_pusher.py:finish():177] shutting down file pusher
2021-09-14 10:38:46,190 DEBUG   HandlerThread:1680478 [handler.py:handle_request():124] handle_request: poll_exit
2021-09-14 10:38:46,190 DEBUG   SenderThread:1680478 [sender.py:send_request():193] send_request: poll_exit
2021-09-14 10:38:46,292 DEBUG   HandlerThread:1680478 [handler.py:handle_request():124] handle_request: poll_exit
2021-09-14 10:38:46,292 DEBUG   SenderThread:1680478 [sender.py:send_request():193] send_request: poll_exit
2021-09-14 10:38:46,394 DEBUG   HandlerThread:1680478 [handler.py:handle_request():124] handle_request: poll_exit
2021-09-14 10:38:46,394 DEBUG   SenderThread:1680478 [sender.py:send_request():193] send_request: poll_exit
2021-09-14 10:38:46,419 INFO    Thread-14 :1680478 [upload_job.py:push():137] Uploaded file /grid/koo/home/toneyan/profile/QuantPred/wandb/run-20210914_103800-874kaups/files/wandb-summary.json
2021-09-14 10:38:46,428 INFO    Thread-13 :1680478 [upload_job.py:push():137] Uploaded file /grid/koo/home/toneyan/profile/QuantPred/wandb/run-20210914_103800-874kaups/files/requirements.txt
2021-09-14 10:38:46,442 INFO    Thread-12 :1680478 [upload_job.py:push():137] Uploaded file /grid/koo/home/toneyan/profile/QuantPred/wandb/run-20210914_103800-874kaups/files/config.yaml
2021-09-14 10:38:46,495 DEBUG   HandlerThread:1680478 [handler.py:handle_request():124] handle_request: poll_exit
2021-09-14 10:38:46,496 DEBUG   SenderThread:1680478 [sender.py:send_request():193] send_request: poll_exit
2021-09-14 10:38:46,597 DEBUG   HandlerThread:1680478 [handler.py:handle_request():124] handle_request: poll_exit
2021-09-14 10:38:46,597 DEBUG   SenderThread:1680478 [sender.py:send_request():193] send_request: poll_exit
2021-09-14 10:38:46,642 INFO    Thread-7  :1680478 [sender.py:transition_state():308] send defer: 7
2021-09-14 10:38:46,643 DEBUG   HandlerThread:1680478 [handler.py:handle_request():124] handle_request: defer
2021-09-14 10:38:46,643 INFO    HandlerThread:1680478 [handler.py:handle_request_defer():141] handle defer: 7
2021-09-14 10:38:46,643 DEBUG   SenderThread:1680478 [sender.py:send_request():193] send_request: defer
2021-09-14 10:38:46,643 INFO    SenderThread:1680478 [sender.py:send_request_defer():304] handle sender defer: 7
2021-09-14 10:38:46,696 INFO    SenderThread:1680478 [sender.py:transition_state():308] send defer: 8
2021-09-14 10:38:46,696 DEBUG   HandlerThread:1680478 [handler.py:handle_request():124] handle_request: defer
2021-09-14 10:38:46,696 INFO    HandlerThread:1680478 [handler.py:handle_request_defer():141] handle defer: 8
2021-09-14 10:38:46,696 DEBUG   SenderThread:1680478 [sender.py:send_request():193] send_request: defer
2021-09-14 10:38:46,697 INFO    SenderThread:1680478 [sender.py:send_request_defer():304] handle sender defer: 8
2021-09-14 10:38:46,697 INFO    SenderThread:1680478 [sender.py:transition_state():308] send defer: 9
2021-09-14 10:38:46,697 DEBUG   SenderThread:1680478 [sender.py:send():179] send: final
2021-09-14 10:38:46,697 DEBUG   HandlerThread:1680478 [handler.py:handle_request():124] handle_request: defer
2021-09-14 10:38:46,697 DEBUG   SenderThread:1680478 [sender.py:send():179] send: footer
2021-09-14 10:38:46,697 INFO    HandlerThread:1680478 [handler.py:handle_request_defer():141] handle defer: 9
2021-09-14 10:38:46,697 DEBUG   SenderThread:1680478 [sender.py:send_request():193] send_request: defer
2021-09-14 10:38:46,698 INFO    SenderThread:1680478 [sender.py:send_request_defer():304] handle sender defer: 9
2021-09-14 10:38:46,698 DEBUG   HandlerThread:1680478 [handler.py:handle_request():124] handle_request: poll_exit
2021-09-14 10:38:46,698 DEBUG   SenderThread:1680478 [sender.py:send_request():193] send_request: poll_exit
2021-09-14 10:38:46,698 INFO    SenderThread:1680478 [file_pusher.py:join():182] waiting for file pusher
2021-09-14 10:38:46,699 DEBUG   HandlerThread:1680478 [handler.py:handle_request():124] handle_request: get_summary
2021-09-14 10:38:46,700 DEBUG   HandlerThread:1680478 [handler.py:handle_request():124] handle_request: sampled_history
2021-09-14 10:38:46,700 DEBUG   HandlerThread:1680478 [handler.py:handle_request():124] handle_request: shutdown
2021-09-14 10:38:46,700 INFO    HandlerThread:1680478 [handler.py:finish():638] shutting down handler
2021-09-14 10:38:47,697 INFO    WriterThread:1680478 [datastore.py:close():288] close: /grid/koo/home/toneyan/profile/QuantPred/wandb/run-20210914_103800-874kaups/run-874kaups.wandb
2021-09-14 10:38:47,699 INFO    SenderThread:1680478 [sender.py:finish():945] shutting down sender
2021-09-14 10:38:47,699 INFO    SenderThread:1680478 [file_pusher.py:finish():177] shutting down file pusher
2021-09-14 10:38:47,699 INFO    SenderThread:1680478 [file_pusher.py:join():182] waiting for file pusher
2021-09-14 10:38:47,700 INFO    MainThread:1680478 [internal.py:handle_exit():78] Internal process exited
