2021-09-18 23:27:15,982 INFO    MainThread:310520 [internal.py:wandb_internal():91] W&B internal server running at pid: 310520, started at: 2021-09-18 23:27:15.981206
2021-09-18 23:27:15,983 DEBUG   HandlerThread:310520 [handler.py:handle_request():124] handle_request: check_version
2021-09-18 23:27:15,984 INFO    WriterThread:310520 [datastore.py:open_for_write():80] open: /grid/koo/home/toneyan/profile/QuantPred/wandb/run-20210918_232715-zky4vmfu/run-zky4vmfu.wandb
2021-09-18 23:27:15,985 DEBUG   SenderThread:310520 [sender.py:send():179] send: header
2021-09-18 23:27:15,985 DEBUG   SenderThread:310520 [sender.py:send_request():193] send_request: check_version
2021-09-18 23:27:16,024 DEBUG   SenderThread:310520 [sender.py:send():179] send: run
2021-09-18 23:27:16,101 INFO    SenderThread:310520 [dir_watcher.py:__init__():168] watching files in: /grid/koo/home/toneyan/profile/QuantPred/wandb/run-20210918_232715-zky4vmfu/files
2021-09-18 23:27:16,101 INFO    SenderThread:310520 [sender.py:_start_run_threads():719] run started: zky4vmfu with start time 1632022035
2021-09-18 23:27:16,101 DEBUG   SenderThread:310520 [sender.py:send():179] send: summary
2021-09-18 23:27:16,102 INFO    SenderThread:310520 [sender.py:_save_file():841] saving file wandb-summary.json with policy end
2021-09-18 23:27:16,102 DEBUG   HandlerThread:310520 [handler.py:handle_request():124] handle_request: run_start
2021-09-18 23:27:17,103 INFO    Thread-8  :310520 [dir_watcher.py:_on_file_created():216] file/dir created: /grid/koo/home/toneyan/profile/QuantPred/wandb/run-20210918_232715-zky4vmfu/files/wandb-summary.json
2021-09-18 23:27:17,122 DEBUG   HandlerThread:310520 [meta.py:__init__():39] meta init
2021-09-18 23:27:17,122 DEBUG   HandlerThread:310520 [meta.py:__init__():53] meta init done
2021-09-18 23:27:17,122 DEBUG   HandlerThread:310520 [meta.py:probe():210] probe
2021-09-18 23:27:17,130 DEBUG   HandlerThread:310520 [meta.py:_save_pip():57] save pip
2021-09-18 23:27:17,131 DEBUG   HandlerThread:310520 [meta.py:_save_pip():71] save pip done
2021-09-18 23:27:17,131 DEBUG   HandlerThread:310520 [meta.py:probe():252] probe done
2021-09-18 23:27:17,134 DEBUG   SenderThread:310520 [sender.py:send():179] send: files
2021-09-18 23:27:17,134 INFO    SenderThread:310520 [sender.py:_save_file():841] saving file wandb-metadata.json with policy now
2021-09-18 23:27:17,140 DEBUG   HandlerThread:310520 [handler.py:handle_request():124] handle_request: stop_status
2021-09-18 23:27:17,141 DEBUG   SenderThread:310520 [sender.py:send_request():193] send_request: stop_status
2021-09-18 23:27:17,475 INFO    Thread-11 :310520 [upload_job.py:push():137] Uploaded file /tmp/3288840.1.gpu_ded.q/tmppquzwadbwandb/17uj7qaa-wandb-metadata.json
2021-09-18 23:27:18,102 INFO    Thread-8  :310520 [dir_watcher.py:_on_file_created():216] file/dir created: /grid/koo/home/toneyan/profile/QuantPred/wandb/run-20210918_232715-zky4vmfu/files/wandb-metadata.json
2021-09-18 23:27:18,103 INFO    Thread-8  :310520 [dir_watcher.py:_on_file_created():216] file/dir created: /grid/koo/home/toneyan/profile/QuantPred/wandb/run-20210918_232715-zky4vmfu/files/requirements.txt
2021-09-18 23:27:18,103 INFO    Thread-8  :310520 [dir_watcher.py:_on_file_created():216] file/dir created: /grid/koo/home/toneyan/profile/QuantPred/wandb/run-20210918_232715-zky4vmfu/files/output.log
2021-09-18 23:27:32,200 DEBUG   HandlerThread:310520 [handler.py:handle_request():124] handle_request: stop_status
2021-09-18 23:27:32,201 DEBUG   SenderThread:310520 [sender.py:send_request():193] send_request: stop_status
2021-09-18 23:27:45,473 DEBUG   SenderThread:310520 [sender.py:send():179] send: stats
2021-09-18 23:27:47,264 DEBUG   HandlerThread:310520 [handler.py:handle_request():124] handle_request: stop_status
2021-09-18 23:27:47,265 DEBUG   SenderThread:310520 [sender.py:send_request():193] send_request: stop_status
2021-09-18 23:27:48,247 DEBUG   HandlerThread:310520 [handler.py:handle_request():124] handle_request: poll_exit
2021-09-18 23:27:48,247 DEBUG   SenderThread:310520 [sender.py:send():179] send: telemetry
2021-09-18 23:27:48,248 DEBUG   SenderThread:310520 [sender.py:send():179] send: exit
2021-09-18 23:27:48,248 INFO    SenderThread:310520 [sender.py:send_exit():287] handling exit code: 1
2021-09-18 23:27:48,248 INFO    SenderThread:310520 [sender.py:send_exit():295] send defer
2021-09-18 23:27:48,248 DEBUG   SenderThread:310520 [sender.py:send_request():193] send_request: poll_exit
2021-09-18 23:27:48,248 DEBUG   HandlerThread:310520 [handler.py:handle_request():124] handle_request: defer
2021-09-18 23:27:48,248 INFO    HandlerThread:310520 [handler.py:handle_request_defer():141] handle defer: 0
2021-09-18 23:27:48,249 DEBUG   SenderThread:310520 [sender.py:send_request():193] send_request: defer
2021-09-18 23:27:48,249 INFO    SenderThread:310520 [sender.py:send_request_defer():304] handle sender defer: 0
2021-09-18 23:27:48,249 INFO    SenderThread:310520 [sender.py:transition_state():308] send defer: 1
2021-09-18 23:27:48,249 DEBUG   HandlerThread:310520 [handler.py:handle_request():124] handle_request: defer
2021-09-18 23:27:48,249 INFO    HandlerThread:310520 [handler.py:handle_request_defer():141] handle defer: 1
2021-09-18 23:27:48,313 DEBUG   SenderThread:310520 [sender.py:send_request():193] send_request: defer
2021-09-18 23:27:48,313 INFO    SenderThread:310520 [sender.py:send_request_defer():304] handle sender defer: 1
2021-09-18 23:27:48,313 INFO    SenderThread:310520 [sender.py:transition_state():308] send defer: 2
2021-09-18 23:27:48,313 DEBUG   SenderThread:310520 [sender.py:send():179] send: stats
2021-09-18 23:27:48,315 DEBUG   HandlerThread:310520 [handler.py:handle_request():124] handle_request: defer
2021-09-18 23:27:48,316 INFO    HandlerThread:310520 [handler.py:handle_request_defer():141] handle defer: 2
2021-09-18 23:27:48,316 DEBUG   SenderThread:310520 [sender.py:send_request():193] send_request: defer
2021-09-18 23:27:48,316 INFO    SenderThread:310520 [sender.py:send_request_defer():304] handle sender defer: 2
2021-09-18 23:27:48,316 INFO    SenderThread:310520 [sender.py:transition_state():308] send defer: 3
2021-09-18 23:27:48,316 DEBUG   HandlerThread:310520 [handler.py:handle_request():124] handle_request: defer
2021-09-18 23:27:48,316 INFO    HandlerThread:310520 [handler.py:handle_request_defer():141] handle defer: 3
2021-09-18 23:27:48,316 DEBUG   SenderThread:310520 [sender.py:send():179] send: summary
2021-09-18 23:27:48,317 INFO    SenderThread:310520 [sender.py:_save_file():841] saving file wandb-summary.json with policy end
2021-09-18 23:27:48,317 DEBUG   SenderThread:310520 [sender.py:send_request():193] send_request: defer
2021-09-18 23:27:48,317 INFO    SenderThread:310520 [sender.py:send_request_defer():304] handle sender defer: 3
2021-09-18 23:27:48,317 INFO    SenderThread:310520 [sender.py:transition_state():308] send defer: 4
2021-09-18 23:27:48,317 DEBUG   HandlerThread:310520 [handler.py:handle_request():124] handle_request: defer
2021-09-18 23:27:48,317 INFO    HandlerThread:310520 [handler.py:handle_request_defer():141] handle defer: 4
2021-09-18 23:27:48,317 DEBUG   SenderThread:310520 [sender.py:send_request():193] send_request: defer
2021-09-18 23:27:48,317 INFO    SenderThread:310520 [sender.py:send_request_defer():304] handle sender defer: 4
2021-09-18 23:27:48,349 DEBUG   HandlerThread:310520 [handler.py:handle_request():124] handle_request: poll_exit
2021-09-18 23:27:48,394 INFO    SenderThread:310520 [sender.py:transition_state():308] send defer: 5
2021-09-18 23:27:48,394 DEBUG   SenderThread:310520 [sender.py:send_request():193] send_request: poll_exit
2021-09-18 23:27:48,394 DEBUG   HandlerThread:310520 [handler.py:handle_request():124] handle_request: defer
2021-09-18 23:27:48,394 INFO    HandlerThread:310520 [handler.py:handle_request_defer():141] handle defer: 5
2021-09-18 23:27:48,395 DEBUG   SenderThread:310520 [sender.py:send_request():193] send_request: defer
2021-09-18 23:27:48,395 INFO    SenderThread:310520 [sender.py:send_request_defer():304] handle sender defer: 5
2021-09-18 23:27:48,395 INFO    SenderThread:310520 [dir_watcher.py:finish():282] shutting down directory watcher
2021-09-18 23:27:48,495 DEBUG   HandlerThread:310520 [handler.py:handle_request():124] handle_request: poll_exit
2021-09-18 23:27:49,107 INFO    SenderThread:310520 [dir_watcher.py:_on_file_modified():229] file/dir modified: /grid/koo/home/toneyan/profile/QuantPred/wandb/run-20210918_232715-zky4vmfu/files/config.yaml
2021-09-18 23:27:49,107 INFO    SenderThread:310520 [dir_watcher.py:_on_file_modified():229] file/dir modified: /grid/koo/home/toneyan/profile/QuantPred/wandb/run-20210918_232715-zky4vmfu/files/wandb-summary.json
2021-09-18 23:27:49,107 INFO    SenderThread:310520 [dir_watcher.py:finish():312] scan: /grid/koo/home/toneyan/profile/QuantPred/wandb/run-20210918_232715-zky4vmfu/files
2021-09-18 23:27:49,107 INFO    SenderThread:310520 [dir_watcher.py:finish():318] scan save: /grid/koo/home/toneyan/profile/QuantPred/wandb/run-20210918_232715-zky4vmfu/files/wandb-metadata.json wandb-metadata.json
2021-09-18 23:27:49,108 INFO    SenderThread:310520 [dir_watcher.py:finish():318] scan save: /grid/koo/home/toneyan/profile/QuantPred/wandb/run-20210918_232715-zky4vmfu/files/config.yaml config.yaml
2021-09-18 23:27:49,108 INFO    SenderThread:310520 [dir_watcher.py:finish():318] scan save: /grid/koo/home/toneyan/profile/QuantPred/wandb/run-20210918_232715-zky4vmfu/files/requirements.txt requirements.txt
2021-09-18 23:27:49,108 INFO    SenderThread:310520 [dir_watcher.py:finish():318] scan save: /grid/koo/home/toneyan/profile/QuantPred/wandb/run-20210918_232715-zky4vmfu/files/wandb-summary.json wandb-summary.json
2021-09-18 23:27:49,111 INFO    SenderThread:310520 [dir_watcher.py:finish():318] scan save: /grid/koo/home/toneyan/profile/QuantPred/wandb/run-20210918_232715-zky4vmfu/files/output.log output.log
2021-09-18 23:27:49,118 INFO    SenderThread:310520 [sender.py:transition_state():308] send defer: 6
2021-09-18 23:27:49,119 DEBUG   SenderThread:310520 [sender.py:send_request():193] send_request: poll_exit
2021-09-18 23:27:49,119 DEBUG   HandlerThread:310520 [handler.py:handle_request():124] handle_request: defer
2021-09-18 23:27:49,119 INFO    HandlerThread:310520 [handler.py:handle_request_defer():141] handle defer: 6
2021-09-18 23:27:49,119 DEBUG   SenderThread:310520 [sender.py:send_request():193] send_request: defer
2021-09-18 23:27:49,119 INFO    SenderThread:310520 [sender.py:send_request_defer():304] handle sender defer: 6
2021-09-18 23:27:49,120 INFO    SenderThread:310520 [file_pusher.py:finish():177] shutting down file pusher
2021-09-18 23:27:49,223 DEBUG   HandlerThread:310520 [handler.py:handle_request():124] handle_request: poll_exit
2021-09-18 23:27:49,223 DEBUG   SenderThread:310520 [sender.py:send_request():193] send_request: poll_exit
2021-09-18 23:27:49,324 DEBUG   HandlerThread:310520 [handler.py:handle_request():124] handle_request: poll_exit
2021-09-18 23:27:49,324 DEBUG   SenderThread:310520 [sender.py:send_request():193] send_request: poll_exit
2021-09-18 23:27:49,417 INFO    Thread-14 :310520 [upload_job.py:push():137] Uploaded file /grid/koo/home/toneyan/profile/QuantPred/wandb/run-20210918_232715-zky4vmfu/files/wandb-summary.json
2021-09-18 23:27:49,426 DEBUG   HandlerThread:310520 [handler.py:handle_request():124] handle_request: poll_exit
2021-09-18 23:27:49,426 DEBUG   SenderThread:310520 [sender.py:send_request():193] send_request: poll_exit
2021-09-18 23:27:49,429 INFO    Thread-13 :310520 [upload_job.py:push():137] Uploaded file /grid/koo/home/toneyan/profile/QuantPred/wandb/run-20210918_232715-zky4vmfu/files/requirements.txt
2021-09-18 23:27:49,467 INFO    Thread-12 :310520 [upload_job.py:push():137] Uploaded file /grid/koo/home/toneyan/profile/QuantPred/wandb/run-20210918_232715-zky4vmfu/files/config.yaml
2021-09-18 23:27:49,527 DEBUG   HandlerThread:310520 [handler.py:handle_request():124] handle_request: poll_exit
2021-09-18 23:27:49,527 DEBUG   SenderThread:310520 [sender.py:send_request():193] send_request: poll_exit
2021-09-18 23:27:49,628 DEBUG   HandlerThread:310520 [handler.py:handle_request():124] handle_request: poll_exit
2021-09-18 23:27:49,628 DEBUG   SenderThread:310520 [sender.py:send_request():193] send_request: poll_exit
2021-09-18 23:27:49,667 INFO    Thread-7  :310520 [sender.py:transition_state():308] send defer: 7
2021-09-18 23:27:49,668 DEBUG   HandlerThread:310520 [handler.py:handle_request():124] handle_request: defer
2021-09-18 23:27:49,668 INFO    HandlerThread:310520 [handler.py:handle_request_defer():141] handle defer: 7
2021-09-18 23:27:49,668 DEBUG   SenderThread:310520 [sender.py:send_request():193] send_request: defer
2021-09-18 23:27:49,668 INFO    SenderThread:310520 [sender.py:send_request_defer():304] handle sender defer: 7
2021-09-18 23:27:49,729 DEBUG   HandlerThread:310520 [handler.py:handle_request():124] handle_request: poll_exit
2021-09-18 23:27:49,768 INFO    SenderThread:310520 [sender.py:transition_state():308] send defer: 8
2021-09-18 23:27:49,769 DEBUG   SenderThread:310520 [sender.py:send_request():193] send_request: poll_exit
2021-09-18 23:27:49,769 DEBUG   HandlerThread:310520 [handler.py:handle_request():124] handle_request: defer
2021-09-18 23:27:49,769 INFO    HandlerThread:310520 [handler.py:handle_request_defer():141] handle defer: 8
2021-09-18 23:27:49,769 DEBUG   SenderThread:310520 [sender.py:send_request():193] send_request: defer
2021-09-18 23:27:49,769 INFO    SenderThread:310520 [sender.py:send_request_defer():304] handle sender defer: 8
2021-09-18 23:27:49,769 INFO    SenderThread:310520 [sender.py:transition_state():308] send defer: 9
2021-09-18 23:27:49,770 DEBUG   SenderThread:310520 [sender.py:send():179] send: final
2021-09-18 23:27:49,770 DEBUG   HandlerThread:310520 [handler.py:handle_request():124] handle_request: defer
2021-09-18 23:27:49,770 DEBUG   SenderThread:310520 [sender.py:send():179] send: footer
2021-09-18 23:27:49,770 INFO    HandlerThread:310520 [handler.py:handle_request_defer():141] handle defer: 9
2021-09-18 23:27:49,770 DEBUG   SenderThread:310520 [sender.py:send_request():193] send_request: defer
2021-09-18 23:27:49,770 INFO    SenderThread:310520 [sender.py:send_request_defer():304] handle sender defer: 9
2021-09-18 23:27:49,870 DEBUG   HandlerThread:310520 [handler.py:handle_request():124] handle_request: poll_exit
2021-09-18 23:27:49,870 DEBUG   SenderThread:310520 [sender.py:send_request():193] send_request: poll_exit
2021-09-18 23:27:49,870 INFO    SenderThread:310520 [file_pusher.py:join():182] waiting for file pusher
2021-09-18 23:27:49,871 DEBUG   HandlerThread:310520 [handler.py:handle_request():124] handle_request: get_summary
2021-09-18 23:27:49,871 DEBUG   HandlerThread:310520 [handler.py:handle_request():124] handle_request: sampled_history
2021-09-18 23:27:49,872 DEBUG   HandlerThread:310520 [handler.py:handle_request():124] handle_request: shutdown
2021-09-18 23:27:49,872 INFO    HandlerThread:310520 [handler.py:finish():638] shutting down handler
2021-09-18 23:27:50,770 INFO    WriterThread:310520 [datastore.py:close():288] close: /grid/koo/home/toneyan/profile/QuantPred/wandb/run-20210918_232715-zky4vmfu/run-zky4vmfu.wandb
2021-09-18 23:27:50,870 INFO    SenderThread:310520 [sender.py:finish():945] shutting down sender
2021-09-18 23:27:50,871 INFO    SenderThread:310520 [file_pusher.py:finish():177] shutting down file pusher
2021-09-18 23:27:50,871 INFO    SenderThread:310520 [file_pusher.py:join():182] waiting for file pusher
2021-09-18 23:27:50,872 INFO    MainThread:310520 [internal.py:handle_exit():78] Internal process exited
