2021-09-14 08:03:19,422 INFO    MainThread:1116675 [internal.py:wandb_internal():91] W&B internal server running at pid: 1116675, started at: 2021-09-14 08:03:19.421392
2021-09-14 08:03:19,423 DEBUG   HandlerThread:1116675 [handler.py:handle_request():124] handle_request: check_version
2021-09-14 08:03:19,424 INFO    WriterThread:1116675 [datastore.py:open_for_write():80] open: /grid/koo/home/toneyan/profile/QuantPred/wandb/run-20210914_080318-6h01wj8d/run-6h01wj8d.wandb
2021-09-14 08:03:19,425 DEBUG   SenderThread:1116675 [sender.py:send():179] send: header
2021-09-14 08:03:19,425 DEBUG   SenderThread:1116675 [sender.py:send_request():193] send_request: check_version
2021-09-14 08:03:19,460 DEBUG   SenderThread:1116675 [sender.py:send():179] send: run
2021-09-14 08:03:19,541 INFO    SenderThread:1116675 [dir_watcher.py:__init__():168] watching files in: /grid/koo/home/toneyan/profile/QuantPred/wandb/run-20210914_080318-6h01wj8d/files
2021-09-14 08:03:19,541 INFO    SenderThread:1116675 [sender.py:_start_run_threads():719] run started: 6h01wj8d with start time 1631620998
2021-09-14 08:03:19,541 DEBUG   SenderThread:1116675 [sender.py:send():179] send: summary
2021-09-14 08:03:19,541 INFO    SenderThread:1116675 [sender.py:_save_file():841] saving file wandb-summary.json with policy end
2021-09-14 08:03:19,542 DEBUG   HandlerThread:1116675 [handler.py:handle_request():124] handle_request: run_start
2021-09-14 08:03:20,543 INFO    Thread-8  :1116675 [dir_watcher.py:_on_file_created():216] file/dir created: /grid/koo/home/toneyan/profile/QuantPred/wandb/run-20210914_080318-6h01wj8d/files/wandb-summary.json
2021-09-14 08:03:20,609 DEBUG   HandlerThread:1116675 [meta.py:__init__():39] meta init
2021-09-14 08:03:20,609 DEBUG   HandlerThread:1116675 [meta.py:__init__():53] meta init done
2021-09-14 08:03:20,609 DEBUG   HandlerThread:1116675 [meta.py:probe():210] probe
2021-09-14 08:03:20,615 DEBUG   HandlerThread:1116675 [meta.py:_save_pip():57] save pip
2021-09-14 08:03:20,615 DEBUG   HandlerThread:1116675 [meta.py:_save_pip():71] save pip done
2021-09-14 08:03:20,615 DEBUG   HandlerThread:1116675 [meta.py:probe():252] probe done
2021-09-14 08:03:20,617 DEBUG   SenderThread:1116675 [sender.py:send():179] send: files
2021-09-14 08:03:20,617 INFO    SenderThread:1116675 [sender.py:_save_file():841] saving file wandb-metadata.json with policy now
2021-09-14 08:03:20,626 DEBUG   HandlerThread:1116675 [handler.py:handle_request():124] handle_request: stop_status
2021-09-14 08:03:20,626 DEBUG   SenderThread:1116675 [sender.py:send_request():193] send_request: stop_status
2021-09-14 08:03:21,013 INFO    Thread-11 :1116675 [upload_job.py:push():137] Uploaded file /tmp/3287101.1.gpu.q/tmp1u87iw3cwandb/2uqxp2b4-wandb-metadata.json
2021-09-14 08:03:21,542 INFO    Thread-8  :1116675 [dir_watcher.py:_on_file_created():216] file/dir created: /grid/koo/home/toneyan/profile/QuantPred/wandb/run-20210914_080318-6h01wj8d/files/requirements.txt
2021-09-14 08:03:21,542 INFO    Thread-8  :1116675 [dir_watcher.py:_on_file_created():216] file/dir created: /grid/koo/home/toneyan/profile/QuantPred/wandb/run-20210914_080318-6h01wj8d/files/output.log
2021-09-14 08:03:21,542 INFO    Thread-8  :1116675 [dir_watcher.py:_on_file_created():216] file/dir created: /grid/koo/home/toneyan/profile/QuantPred/wandb/run-20210914_080318-6h01wj8d/files/wandb-metadata.json
2021-09-14 08:03:35,694 DEBUG   HandlerThread:1116675 [handler.py:handle_request():124] handle_request: stop_status
2021-09-14 08:03:35,695 DEBUG   SenderThread:1116675 [sender.py:send_request():193] send_request: stop_status
2021-09-14 08:03:48,980 DEBUG   SenderThread:1116675 [sender.py:send():179] send: stats
2021-09-14 08:03:50,754 DEBUG   HandlerThread:1116675 [handler.py:handle_request():124] handle_request: stop_status
2021-09-14 08:03:50,754 DEBUG   SenderThread:1116675 [sender.py:send_request():193] send_request: stop_status
2021-09-14 08:03:50,808 ERROR   SenderThread:1116675 [internal_api.py:execute():130] 429 response executing GraphQL.
2021-09-14 08:03:50,809 ERROR   SenderThread:1116675 [internal_api.py:execute():131] {"error":"rate limit exceeded"}

2021-09-14 08:03:51,981 ERROR   SenderThread:1116675 [internal_api.py:execute():130] 429 response executing GraphQL.
2021-09-14 08:03:51,982 ERROR   SenderThread:1116675 [internal_api.py:execute():131] {"error":"rate limit exceeded"}

2021-09-14 08:03:52,360 DEBUG   HandlerThread:1116675 [handler.py:handle_request():124] handle_request: poll_exit
2021-09-14 08:03:54,086 ERROR   SenderThread:1116675 [internal_api.py:execute():130] 429 response executing GraphQL.
2021-09-14 08:03:54,086 ERROR   SenderThread:1116675 [internal_api.py:execute():131] {"error":"rate limit exceeded"}

2021-09-14 08:03:54,086 ERROR   SenderThread:1116675 [retry.py:__call__():126] Retry attempt failed:
Traceback (most recent call last):
  File "/usr/local/lib/python3.6/dist-packages/wandb/sdk/lib/retry.py", line 102, in __call__
    result = self._call_fn(*args, **kwargs)
  File "/usr/local/lib/python3.6/dist-packages/wandb/sdk/internal/internal_api.py", line 133, in execute
    six.reraise(*sys.exc_info())
  File "/usr/local/lib/python3.6/dist-packages/six.py", line 719, in reraise
    raise value
  File "/usr/local/lib/python3.6/dist-packages/wandb/sdk/internal/internal_api.py", line 127, in execute
    return self.client.execute(*args, **kwargs)
  File "/usr/local/lib/python3.6/dist-packages/wandb/vendor/gql-0.2.0/gql/client.py", line 52, in execute
    result = self._get_result(document, *args, **kwargs)
  File "/usr/local/lib/python3.6/dist-packages/wandb/vendor/gql-0.2.0/gql/client.py", line 60, in _get_result
    return self.transport.execute(document, *args, **kwargs)
  File "/usr/local/lib/python3.6/dist-packages/wandb/vendor/gql-0.2.0/gql/transport/requests.py", line 39, in execute
    request.raise_for_status()
  File "/usr/local/lib/python3.6/dist-packages/requests/models.py", line 943, in raise_for_status
    raise HTTPError(http_error_msg, response=self)
requests.exceptions.HTTPError: 429 Client Error: Too Many Requests for url: https://api.wandb.ai/graphql
2021-09-14 08:03:57,461 DEBUG   HandlerThread:1116675 [handler.py:handle_request():124] handle_request: poll_exit
2021-09-14 08:03:58,630 ERROR   SenderThread:1116675 [internal_api.py:execute():130] 429 response executing GraphQL.
2021-09-14 08:03:58,630 ERROR   SenderThread:1116675 [internal_api.py:execute():131] {"error":"rate limit exceeded"}

2021-09-14 08:04:02,561 DEBUG   HandlerThread:1116675 [handler.py:handle_request():124] handle_request: poll_exit
2021-09-14 08:04:07,277 DEBUG   SenderThread:1116675 [sender.py:send():179] send: telemetry
2021-09-14 08:04:07,278 DEBUG   SenderThread:1116675 [sender.py:send():179] send: exit
2021-09-14 08:04:07,278 INFO    SenderThread:1116675 [sender.py:send_exit():287] handling exit code: 1
2021-09-14 08:04:07,278 INFO    SenderThread:1116675 [sender.py:send_exit():295] send defer
2021-09-14 08:04:07,278 DEBUG   SenderThread:1116675 [sender.py:send_request():193] send_request: poll_exit
2021-09-14 08:04:07,278 DEBUG   HandlerThread:1116675 [handler.py:handle_request():124] handle_request: defer
2021-09-14 08:04:07,278 DEBUG   SenderThread:1116675 [sender.py:send_request():193] send_request: poll_exit
2021-09-14 08:04:07,278 INFO    HandlerThread:1116675 [handler.py:handle_request_defer():141] handle defer: 0
2021-09-14 08:04:07,278 DEBUG   SenderThread:1116675 [sender.py:send_request():193] send_request: poll_exit
2021-09-14 08:04:07,279 DEBUG   SenderThread:1116675 [sender.py:send_request():193] send_request: defer
2021-09-14 08:04:07,279 INFO    SenderThread:1116675 [sender.py:send_request_defer():304] handle sender defer: 0
2021-09-14 08:04:07,279 INFO    SenderThread:1116675 [sender.py:transition_state():308] send defer: 1
2021-09-14 08:04:07,279 DEBUG   HandlerThread:1116675 [handler.py:handle_request():124] handle_request: defer
2021-09-14 08:04:07,279 INFO    HandlerThread:1116675 [handler.py:handle_request_defer():141] handle defer: 1
2021-09-14 08:04:07,302 DEBUG   SenderThread:1116675 [sender.py:send_request():193] send_request: defer
2021-09-14 08:04:07,302 INFO    SenderThread:1116675 [sender.py:send_request_defer():304] handle sender defer: 1
2021-09-14 08:04:07,303 INFO    SenderThread:1116675 [sender.py:transition_state():308] send defer: 2
2021-09-14 08:04:07,303 DEBUG   SenderThread:1116675 [sender.py:send():179] send: stats
2021-09-14 08:04:07,303 DEBUG   HandlerThread:1116675 [handler.py:handle_request():124] handle_request: defer
2021-09-14 08:04:07,304 INFO    HandlerThread:1116675 [handler.py:handle_request_defer():141] handle defer: 2
2021-09-14 08:04:07,305 DEBUG   SenderThread:1116675 [sender.py:send_request():193] send_request: defer
2021-09-14 08:04:07,305 INFO    SenderThread:1116675 [sender.py:send_request_defer():304] handle sender defer: 2
2021-09-14 08:04:07,305 INFO    SenderThread:1116675 [sender.py:transition_state():308] send defer: 3
2021-09-14 08:04:07,305 DEBUG   HandlerThread:1116675 [handler.py:handle_request():124] handle_request: defer
2021-09-14 08:04:07,305 INFO    HandlerThread:1116675 [handler.py:handle_request_defer():141] handle defer: 3
2021-09-14 08:04:07,305 DEBUG   SenderThread:1116675 [sender.py:send():179] send: summary
2021-09-14 08:04:07,305 INFO    SenderThread:1116675 [sender.py:_save_file():841] saving file wandb-summary.json with policy end
2021-09-14 08:04:07,306 DEBUG   SenderThread:1116675 [sender.py:send_request():193] send_request: defer
2021-09-14 08:04:07,306 INFO    SenderThread:1116675 [sender.py:send_request_defer():304] handle sender defer: 3
2021-09-14 08:04:07,306 INFO    SenderThread:1116675 [sender.py:transition_state():308] send defer: 4
2021-09-14 08:04:07,306 DEBUG   HandlerThread:1116675 [handler.py:handle_request():124] handle_request: defer
2021-09-14 08:04:07,306 INFO    HandlerThread:1116675 [handler.py:handle_request_defer():141] handle defer: 4
2021-09-14 08:04:07,306 DEBUG   SenderThread:1116675 [sender.py:send_request():193] send_request: defer
2021-09-14 08:04:07,306 INFO    SenderThread:1116675 [sender.py:send_request_defer():304] handle sender defer: 4
2021-09-14 08:04:07,380 DEBUG   HandlerThread:1116675 [handler.py:handle_request():124] handle_request: poll_exit
2021-09-14 08:04:07,384 INFO    SenderThread:1116675 [sender.py:transition_state():308] send defer: 5
2021-09-14 08:04:07,384 DEBUG   SenderThread:1116675 [sender.py:send_request():193] send_request: poll_exit
2021-09-14 08:04:07,384 DEBUG   HandlerThread:1116675 [handler.py:handle_request():124] handle_request: defer
2021-09-14 08:04:07,385 INFO    HandlerThread:1116675 [handler.py:handle_request_defer():141] handle defer: 5
2021-09-14 08:04:07,385 DEBUG   SenderThread:1116675 [sender.py:send_request():193] send_request: defer
2021-09-14 08:04:07,385 INFO    SenderThread:1116675 [sender.py:send_request_defer():304] handle sender defer: 5
2021-09-14 08:04:07,385 INFO    SenderThread:1116675 [dir_watcher.py:finish():282] shutting down directory watcher
2021-09-14 08:04:07,486 DEBUG   HandlerThread:1116675 [handler.py:handle_request():124] handle_request: poll_exit
2021-09-14 08:04:07,549 INFO    SenderThread:1116675 [dir_watcher.py:_on_file_modified():229] file/dir modified: /grid/koo/home/toneyan/profile/QuantPred/wandb/run-20210914_080318-6h01wj8d/files/wandb-summary.json
2021-09-14 08:04:07,549 INFO    SenderThread:1116675 [dir_watcher.py:_on_file_modified():229] file/dir modified: /grid/koo/home/toneyan/profile/QuantPred/wandb/run-20210914_080318-6h01wj8d/files/config.yaml
2021-09-14 08:04:07,549 INFO    SenderThread:1116675 [dir_watcher.py:finish():312] scan: /grid/koo/home/toneyan/profile/QuantPred/wandb/run-20210914_080318-6h01wj8d/files
2021-09-14 08:04:07,549 INFO    SenderThread:1116675 [dir_watcher.py:finish():318] scan save: /grid/koo/home/toneyan/profile/QuantPred/wandb/run-20210914_080318-6h01wj8d/files/wandb-metadata.json wandb-metadata.json
2021-09-14 08:04:07,549 INFO    SenderThread:1116675 [dir_watcher.py:finish():318] scan save: /grid/koo/home/toneyan/profile/QuantPred/wandb/run-20210914_080318-6h01wj8d/files/config.yaml config.yaml
2021-09-14 08:04:07,549 INFO    SenderThread:1116675 [dir_watcher.py:finish():318] scan save: /grid/koo/home/toneyan/profile/QuantPred/wandb/run-20210914_080318-6h01wj8d/files/requirements.txt requirements.txt
2021-09-14 08:04:07,552 INFO    SenderThread:1116675 [dir_watcher.py:finish():318] scan save: /grid/koo/home/toneyan/profile/QuantPred/wandb/run-20210914_080318-6h01wj8d/files/wandb-summary.json wandb-summary.json
2021-09-14 08:04:07,553 INFO    SenderThread:1116675 [dir_watcher.py:finish():318] scan save: /grid/koo/home/toneyan/profile/QuantPred/wandb/run-20210914_080318-6h01wj8d/files/output.log output.log
2021-09-14 08:04:07,556 INFO    SenderThread:1116675 [sender.py:transition_state():308] send defer: 6
2021-09-14 08:04:07,560 DEBUG   SenderThread:1116675 [sender.py:send_request():193] send_request: poll_exit
2021-09-14 08:04:07,560 DEBUG   HandlerThread:1116675 [handler.py:handle_request():124] handle_request: defer
2021-09-14 08:04:07,561 INFO    HandlerThread:1116675 [handler.py:handle_request_defer():141] handle defer: 6
2021-09-14 08:04:07,561 DEBUG   SenderThread:1116675 [sender.py:send_request():193] send_request: defer
2021-09-14 08:04:07,561 INFO    SenderThread:1116675 [sender.py:send_request_defer():304] handle sender defer: 6
2021-09-14 08:04:07,561 INFO    SenderThread:1116675 [file_pusher.py:finish():177] shutting down file pusher
2021-09-14 08:04:07,664 DEBUG   HandlerThread:1116675 [handler.py:handle_request():124] handle_request: poll_exit
2021-09-14 08:04:07,665 DEBUG   SenderThread:1116675 [sender.py:send_request():193] send_request: poll_exit
2021-09-14 08:04:07,766 DEBUG   HandlerThread:1116675 [handler.py:handle_request():124] handle_request: poll_exit
2021-09-14 08:04:07,766 DEBUG   SenderThread:1116675 [sender.py:send_request():193] send_request: poll_exit
2021-09-14 08:04:07,868 DEBUG   HandlerThread:1116675 [handler.py:handle_request():124] handle_request: poll_exit
2021-09-14 08:04:07,868 DEBUG   SenderThread:1116675 [sender.py:send_request():193] send_request: poll_exit
2021-09-14 08:04:07,897 INFO    Thread-13 :1116675 [upload_job.py:push():137] Uploaded file /grid/koo/home/toneyan/profile/QuantPred/wandb/run-20210914_080318-6h01wj8d/files/requirements.txt
2021-09-14 08:04:07,904 INFO    Thread-12 :1116675 [upload_job.py:push():137] Uploaded file /grid/koo/home/toneyan/profile/QuantPred/wandb/run-20210914_080318-6h01wj8d/files/config.yaml
2021-09-14 08:04:07,913 INFO    Thread-14 :1116675 [upload_job.py:push():137] Uploaded file /grid/koo/home/toneyan/profile/QuantPred/wandb/run-20210914_080318-6h01wj8d/files/wandb-summary.json
2021-09-14 08:04:07,969 DEBUG   HandlerThread:1116675 [handler.py:handle_request():124] handle_request: poll_exit
2021-09-14 08:04:07,970 DEBUG   SenderThread:1116675 [sender.py:send_request():193] send_request: poll_exit
2021-09-14 08:04:08,071 DEBUG   HandlerThread:1116675 [handler.py:handle_request():124] handle_request: poll_exit
2021-09-14 08:04:08,071 DEBUG   SenderThread:1116675 [sender.py:send_request():193] send_request: poll_exit
2021-09-14 08:04:08,113 INFO    Thread-7  :1116675 [sender.py:transition_state():308] send defer: 7
2021-09-14 08:04:08,114 DEBUG   HandlerThread:1116675 [handler.py:handle_request():124] handle_request: defer
2021-09-14 08:04:08,114 INFO    HandlerThread:1116675 [handler.py:handle_request_defer():141] handle defer: 7
2021-09-14 08:04:08,114 DEBUG   SenderThread:1116675 [sender.py:send_request():193] send_request: defer
2021-09-14 08:04:08,114 INFO    SenderThread:1116675 [sender.py:send_request_defer():304] handle sender defer: 7
2021-09-14 08:04:08,174 DEBUG   HandlerThread:1116675 [handler.py:handle_request():124] handle_request: poll_exit
2021-09-14 08:04:08,221 INFO    SenderThread:1116675 [sender.py:transition_state():308] send defer: 8
2021-09-14 08:04:08,221 DEBUG   SenderThread:1116675 [sender.py:send_request():193] send_request: poll_exit
2021-09-14 08:04:08,221 DEBUG   HandlerThread:1116675 [handler.py:handle_request():124] handle_request: defer
2021-09-14 08:04:08,221 INFO    HandlerThread:1116675 [handler.py:handle_request_defer():141] handle defer: 8
2021-09-14 08:04:08,222 DEBUG   SenderThread:1116675 [sender.py:send_request():193] send_request: defer
2021-09-14 08:04:08,222 INFO    SenderThread:1116675 [sender.py:send_request_defer():304] handle sender defer: 8
2021-09-14 08:04:08,222 INFO    SenderThread:1116675 [sender.py:transition_state():308] send defer: 9
2021-09-14 08:04:08,222 DEBUG   SenderThread:1116675 [sender.py:send():179] send: final
2021-09-14 08:04:08,222 DEBUG   HandlerThread:1116675 [handler.py:handle_request():124] handle_request: defer
2021-09-14 08:04:08,222 DEBUG   SenderThread:1116675 [sender.py:send():179] send: footer
2021-09-14 08:04:08,222 INFO    HandlerThread:1116675 [handler.py:handle_request_defer():141] handle defer: 9
2021-09-14 08:04:08,222 DEBUG   SenderThread:1116675 [sender.py:send_request():193] send_request: defer
2021-09-14 08:04:08,222 INFO    SenderThread:1116675 [sender.py:send_request_defer():304] handle sender defer: 9
2021-09-14 08:04:08,322 DEBUG   HandlerThread:1116675 [handler.py:handle_request():124] handle_request: poll_exit
2021-09-14 08:04:08,323 DEBUG   SenderThread:1116675 [sender.py:send_request():193] send_request: poll_exit
2021-09-14 08:04:08,323 INFO    SenderThread:1116675 [file_pusher.py:join():182] waiting for file pusher
2021-09-14 08:04:08,324 DEBUG   HandlerThread:1116675 [handler.py:handle_request():124] handle_request: get_summary
2021-09-14 08:04:08,324 DEBUG   HandlerThread:1116675 [handler.py:handle_request():124] handle_request: sampled_history
2021-09-14 08:04:08,324 DEBUG   HandlerThread:1116675 [handler.py:handle_request():124] handle_request: shutdown
2021-09-14 08:04:08,324 INFO    HandlerThread:1116675 [handler.py:finish():638] shutting down handler
2021-09-14 08:04:09,222 INFO    WriterThread:1116675 [datastore.py:close():288] close: /grid/koo/home/toneyan/profile/QuantPred/wandb/run-20210914_080318-6h01wj8d/run-6h01wj8d.wandb
2021-09-14 08:04:09,323 INFO    SenderThread:1116675 [sender.py:finish():945] shutting down sender
2021-09-14 08:04:09,323 INFO    SenderThread:1116675 [file_pusher.py:finish():177] shutting down file pusher
2021-09-14 08:04:09,323 INFO    SenderThread:1116675 [file_pusher.py:join():182] waiting for file pusher
2021-09-14 08:04:09,325 INFO    MainThread:1116675 [internal.py:handle_exit():78] Internal process exited
