2021-09-18 20:14:39,467 INFO    MainThread:4183966 [internal.py:wandb_internal():91] W&B internal server running at pid: 4183966, started at: 2021-09-18 20:14:39.466378
2021-09-18 20:14:39,468 DEBUG   HandlerThread:4183966 [handler.py:handle_request():124] handle_request: check_version
2021-09-18 20:14:39,468 INFO    WriterThread:4183966 [datastore.py:open_for_write():80] open: /grid/koo/home/toneyan/profile/QuantPred/wandb/run-20210918_201438-6ycwaypy/run-6ycwaypy.wandb
2021-09-18 20:14:39,470 DEBUG   SenderThread:4183966 [sender.py:send():179] send: header
2021-09-18 20:14:39,470 DEBUG   SenderThread:4183966 [sender.py:send_request():193] send_request: check_version
2021-09-18 20:14:39,501 DEBUG   SenderThread:4183966 [sender.py:send():179] send: run
2021-09-18 20:14:39,577 INFO    SenderThread:4183966 [dir_watcher.py:__init__():168] watching files in: /grid/koo/home/toneyan/profile/QuantPred/wandb/run-20210918_201438-6ycwaypy/files
2021-09-18 20:14:39,578 INFO    SenderThread:4183966 [sender.py:_start_run_threads():719] run started: 6ycwaypy with start time 1632010478
2021-09-18 20:14:39,578 DEBUG   SenderThread:4183966 [sender.py:send():179] send: summary
2021-09-18 20:14:39,578 INFO    SenderThread:4183966 [sender.py:_save_file():841] saving file wandb-summary.json with policy end
2021-09-18 20:14:39,579 DEBUG   HandlerThread:4183966 [handler.py:handle_request():124] handle_request: run_start
2021-09-18 20:14:40,707 DEBUG   HandlerThread:4183966 [meta.py:__init__():39] meta init
2021-09-18 20:14:50,477 DEBUG   HandlerThread:4183966 [meta.py:__init__():53] meta init done
2021-09-18 20:14:50,477 DEBUG   HandlerThread:4183966 [meta.py:probe():210] probe
2021-09-18 20:14:50,478 DEBUG   HandlerThread:4183966 [meta.py:_save_pip():57] save pip
2021-09-18 20:14:50,479 INFO    Thread-8  :4183966 [dir_watcher.py:_on_file_created():216] file/dir created: /grid/koo/home/toneyan/profile/QuantPred/wandb/run-20210918_201438-6ycwaypy/files/wandb-summary.json
2021-09-18 20:14:50,481 DEBUG   HandlerThread:4183966 [meta.py:_save_pip():71] save pip done
2021-09-18 20:14:50,481 DEBUG   HandlerThread:4183966 [meta.py:probe():252] probe done
2021-09-18 20:14:50,485 DEBUG   SenderThread:4183966 [sender.py:send():179] send: files
2021-09-18 20:14:50,485 INFO    SenderThread:4183966 [sender.py:_save_file():841] saving file wandb-metadata.json with policy now
2021-09-18 20:14:50,490 DEBUG   HandlerThread:4183966 [handler.py:handle_request():124] handle_request: stop_status
2021-09-18 20:14:50,490 DEBUG   SenderThread:4183966 [sender.py:send_request():193] send_request: stop_status
2021-09-18 20:14:50,877 INFO    Thread-11 :4183966 [upload_job.py:push():137] Uploaded file /tmp/3288851.1.gpu_ded.q/tmpi70r84rmwandb/24v6bvoq-wandb-metadata.json
2021-09-18 20:14:51,478 INFO    Thread-8  :4183966 [dir_watcher.py:_on_file_created():216] file/dir created: /grid/koo/home/toneyan/profile/QuantPred/wandb/run-20210918_201438-6ycwaypy/files/output.log
2021-09-18 20:14:51,479 INFO    Thread-8  :4183966 [dir_watcher.py:_on_file_created():216] file/dir created: /grid/koo/home/toneyan/profile/QuantPred/wandb/run-20210918_201438-6ycwaypy/files/wandb-metadata.json
2021-09-18 20:14:51,479 INFO    Thread-8  :4183966 [dir_watcher.py:_on_file_created():216] file/dir created: /grid/koo/home/toneyan/profile/QuantPred/wandb/run-20210918_201438-6ycwaypy/files/requirements.txt
2021-09-18 20:15:05,551 DEBUG   HandlerThread:4183966 [handler.py:handle_request():124] handle_request: stop_status
2021-09-18 20:15:05,552 DEBUG   SenderThread:4183966 [sender.py:send_request():193] send_request: stop_status
2021-09-18 20:15:09,057 DEBUG   SenderThread:4183966 [sender.py:send():179] send: stats
2021-09-18 20:15:20,615 DEBUG   HandlerThread:4183966 [handler.py:handle_request():124] handle_request: stop_status
2021-09-18 20:15:20,616 DEBUG   SenderThread:4183966 [sender.py:send_request():193] send_request: stop_status
2021-09-18 20:15:23,368 DEBUG   HandlerThread:4183966 [handler.py:handle_request():124] handle_request: poll_exit
2021-09-18 20:15:23,368 DEBUG   SenderThread:4183966 [sender.py:send():179] send: telemetry
2021-09-18 20:15:23,369 DEBUG   SenderThread:4183966 [sender.py:send():179] send: exit
2021-09-18 20:15:23,369 INFO    SenderThread:4183966 [sender.py:send_exit():287] handling exit code: 1
2021-09-18 20:15:23,369 INFO    SenderThread:4183966 [sender.py:send_exit():295] send defer
2021-09-18 20:15:23,369 DEBUG   SenderThread:4183966 [sender.py:send_request():193] send_request: poll_exit
2021-09-18 20:15:23,369 DEBUG   HandlerThread:4183966 [handler.py:handle_request():124] handle_request: defer
2021-09-18 20:15:23,370 INFO    HandlerThread:4183966 [handler.py:handle_request_defer():141] handle defer: 0
2021-09-18 20:15:23,370 DEBUG   SenderThread:4183966 [sender.py:send_request():193] send_request: defer
2021-09-18 20:15:23,370 INFO    SenderThread:4183966 [sender.py:send_request_defer():304] handle sender defer: 0
2021-09-18 20:15:23,370 INFO    SenderThread:4183966 [sender.py:transition_state():308] send defer: 1
2021-09-18 20:15:23,370 DEBUG   HandlerThread:4183966 [handler.py:handle_request():124] handle_request: defer
2021-09-18 20:15:23,370 INFO    HandlerThread:4183966 [handler.py:handle_request_defer():141] handle defer: 1
2021-09-18 20:15:23,428 DEBUG   SenderThread:4183966 [sender.py:send_request():193] send_request: defer
2021-09-18 20:15:23,428 INFO    SenderThread:4183966 [sender.py:send_request_defer():304] handle sender defer: 1
2021-09-18 20:15:23,428 INFO    SenderThread:4183966 [sender.py:transition_state():308] send defer: 2
2021-09-18 20:15:23,428 DEBUG   SenderThread:4183966 [sender.py:send():179] send: stats
2021-09-18 20:15:23,429 DEBUG   HandlerThread:4183966 [handler.py:handle_request():124] handle_request: defer
2021-09-18 20:15:23,430 INFO    HandlerThread:4183966 [handler.py:handle_request_defer():141] handle defer: 2
2021-09-18 20:15:23,430 DEBUG   SenderThread:4183966 [sender.py:send_request():193] send_request: defer
2021-09-18 20:15:23,431 INFO    SenderThread:4183966 [sender.py:send_request_defer():304] handle sender defer: 2
2021-09-18 20:15:23,431 INFO    SenderThread:4183966 [sender.py:transition_state():308] send defer: 3
2021-09-18 20:15:23,431 DEBUG   HandlerThread:4183966 [handler.py:handle_request():124] handle_request: defer
2021-09-18 20:15:23,431 INFO    HandlerThread:4183966 [handler.py:handle_request_defer():141] handle defer: 3
2021-09-18 20:15:23,431 DEBUG   SenderThread:4183966 [sender.py:send():179] send: summary
2021-09-18 20:15:23,432 INFO    SenderThread:4183966 [sender.py:_save_file():841] saving file wandb-summary.json with policy end
2021-09-18 20:15:23,432 DEBUG   SenderThread:4183966 [sender.py:send_request():193] send_request: defer
2021-09-18 20:15:23,432 INFO    SenderThread:4183966 [sender.py:send_request_defer():304] handle sender defer: 3
2021-09-18 20:15:23,432 INFO    SenderThread:4183966 [sender.py:transition_state():308] send defer: 4
2021-09-18 20:15:23,432 DEBUG   HandlerThread:4183966 [handler.py:handle_request():124] handle_request: defer
2021-09-18 20:15:23,432 INFO    HandlerThread:4183966 [handler.py:handle_request_defer():141] handle defer: 4
2021-09-18 20:15:23,432 DEBUG   SenderThread:4183966 [sender.py:send_request():193] send_request: defer
2021-09-18 20:15:23,432 INFO    SenderThread:4183966 [sender.py:send_request_defer():304] handle sender defer: 4
2021-09-18 20:15:23,471 DEBUG   HandlerThread:4183966 [handler.py:handle_request():124] handle_request: poll_exit
2021-09-18 20:15:23,489 INFO    Thread-8  :4183966 [dir_watcher.py:_on_file_modified():229] file/dir modified: /grid/koo/home/toneyan/profile/QuantPred/wandb/run-20210918_201438-6ycwaypy/files/wandb-summary.json
2021-09-18 20:15:23,514 INFO    SenderThread:4183966 [sender.py:transition_state():308] send defer: 5
2021-09-18 20:15:23,515 DEBUG   SenderThread:4183966 [sender.py:send_request():193] send_request: poll_exit
2021-09-18 20:15:23,515 DEBUG   HandlerThread:4183966 [handler.py:handle_request():124] handle_request: defer
2021-09-18 20:15:23,515 INFO    HandlerThread:4183966 [handler.py:handle_request_defer():141] handle defer: 5
2021-09-18 20:15:23,515 DEBUG   SenderThread:4183966 [sender.py:send_request():193] send_request: defer
2021-09-18 20:15:23,515 INFO    SenderThread:4183966 [sender.py:send_request_defer():304] handle sender defer: 5
2021-09-18 20:15:23,516 INFO    SenderThread:4183966 [dir_watcher.py:finish():282] shutting down directory watcher
2021-09-18 20:15:23,617 DEBUG   HandlerThread:4183966 [handler.py:handle_request():124] handle_request: poll_exit
2021-09-18 20:15:24,489 INFO    Thread-8  :4183966 [dir_watcher.py:_on_file_modified():229] file/dir modified: /grid/koo/home/toneyan/profile/QuantPred/wandb/run-20210918_201438-6ycwaypy/files/config.yaml
2021-09-18 20:15:24,490 INFO    SenderThread:4183966 [dir_watcher.py:finish():312] scan: /grid/koo/home/toneyan/profile/QuantPred/wandb/run-20210918_201438-6ycwaypy/files
2021-09-18 20:15:24,490 INFO    SenderThread:4183966 [dir_watcher.py:finish():318] scan save: /grid/koo/home/toneyan/profile/QuantPred/wandb/run-20210918_201438-6ycwaypy/files/wandb-metadata.json wandb-metadata.json
2021-09-18 20:15:24,490 INFO    SenderThread:4183966 [dir_watcher.py:finish():318] scan save: /grid/koo/home/toneyan/profile/QuantPred/wandb/run-20210918_201438-6ycwaypy/files/config.yaml config.yaml
2021-09-18 20:15:24,491 INFO    SenderThread:4183966 [dir_watcher.py:finish():318] scan save: /grid/koo/home/toneyan/profile/QuantPred/wandb/run-20210918_201438-6ycwaypy/files/requirements.txt requirements.txt
2021-09-18 20:15:24,491 INFO    SenderThread:4183966 [dir_watcher.py:finish():318] scan save: /grid/koo/home/toneyan/profile/QuantPred/wandb/run-20210918_201438-6ycwaypy/files/wandb-summary.json wandb-summary.json
2021-09-18 20:15:24,494 INFO    SenderThread:4183966 [dir_watcher.py:finish():318] scan save: /grid/koo/home/toneyan/profile/QuantPred/wandb/run-20210918_201438-6ycwaypy/files/output.log output.log
2021-09-18 20:15:24,502 INFO    SenderThread:4183966 [sender.py:transition_state():308] send defer: 6
2021-09-18 20:15:24,502 DEBUG   SenderThread:4183966 [sender.py:send_request():193] send_request: poll_exit
2021-09-18 20:15:24,503 DEBUG   HandlerThread:4183966 [handler.py:handle_request():124] handle_request: defer
2021-09-18 20:15:24,503 INFO    HandlerThread:4183966 [handler.py:handle_request_defer():141] handle defer: 6
2021-09-18 20:15:24,503 DEBUG   SenderThread:4183966 [sender.py:send_request():193] send_request: defer
2021-09-18 20:15:24,503 INFO    SenderThread:4183966 [sender.py:send_request_defer():304] handle sender defer: 6
2021-09-18 20:15:24,503 INFO    SenderThread:4183966 [file_pusher.py:finish():177] shutting down file pusher
2021-09-18 20:15:24,604 DEBUG   HandlerThread:4183966 [handler.py:handle_request():124] handle_request: poll_exit
2021-09-18 20:15:24,604 DEBUG   SenderThread:4183966 [sender.py:send_request():193] send_request: poll_exit
2021-09-18 20:15:24,709 DEBUG   HandlerThread:4183966 [handler.py:handle_request():124] handle_request: poll_exit
2021-09-18 20:15:24,709 DEBUG   SenderThread:4183966 [sender.py:send_request():193] send_request: poll_exit
2021-09-18 20:15:24,810 INFO    Thread-13 :4183966 [upload_job.py:push():137] Uploaded file /grid/koo/home/toneyan/profile/QuantPred/wandb/run-20210918_201438-6ycwaypy/files/requirements.txt
2021-09-18 20:15:24,814 DEBUG   HandlerThread:4183966 [handler.py:handle_request():124] handle_request: poll_exit
2021-09-18 20:15:24,814 DEBUG   SenderThread:4183966 [sender.py:send_request():193] send_request: poll_exit
2021-09-18 20:15:24,850 INFO    Thread-12 :4183966 [upload_job.py:push():137] Uploaded file /grid/koo/home/toneyan/profile/QuantPred/wandb/run-20210918_201438-6ycwaypy/files/config.yaml
2021-09-18 20:15:24,864 INFO    Thread-14 :4183966 [upload_job.py:push():137] Uploaded file /grid/koo/home/toneyan/profile/QuantPred/wandb/run-20210918_201438-6ycwaypy/files/wandb-summary.json
2021-09-18 20:15:24,916 DEBUG   HandlerThread:4183966 [handler.py:handle_request():124] handle_request: poll_exit
2021-09-18 20:15:24,916 DEBUG   SenderThread:4183966 [sender.py:send_request():193] send_request: poll_exit
2021-09-18 20:15:25,021 DEBUG   HandlerThread:4183966 [handler.py:handle_request():124] handle_request: poll_exit
2021-09-18 20:15:25,021 DEBUG   SenderThread:4183966 [sender.py:send_request():193] send_request: poll_exit
2021-09-18 20:15:25,064 INFO    Thread-7  :4183966 [sender.py:transition_state():308] send defer: 7
2021-09-18 20:15:25,064 DEBUG   HandlerThread:4183966 [handler.py:handle_request():124] handle_request: defer
2021-09-18 20:15:25,065 INFO    HandlerThread:4183966 [handler.py:handle_request_defer():141] handle defer: 7
2021-09-18 20:15:25,065 DEBUG   SenderThread:4183966 [sender.py:send_request():193] send_request: defer
2021-09-18 20:15:25,065 INFO    SenderThread:4183966 [sender.py:send_request_defer():304] handle sender defer: 7
2021-09-18 20:15:25,125 DEBUG   HandlerThread:4183966 [handler.py:handle_request():124] handle_request: poll_exit
2021-09-18 20:15:25,208 INFO    SenderThread:4183966 [sender.py:transition_state():308] send defer: 8
2021-09-18 20:15:25,208 DEBUG   SenderThread:4183966 [sender.py:send_request():193] send_request: poll_exit
2021-09-18 20:15:25,208 DEBUG   HandlerThread:4183966 [handler.py:handle_request():124] handle_request: defer
2021-09-18 20:15:25,208 INFO    HandlerThread:4183966 [handler.py:handle_request_defer():141] handle defer: 8
2021-09-18 20:15:25,209 DEBUG   SenderThread:4183966 [sender.py:send_request():193] send_request: defer
2021-09-18 20:15:25,209 INFO    SenderThread:4183966 [sender.py:send_request_defer():304] handle sender defer: 8
2021-09-18 20:15:25,209 INFO    SenderThread:4183966 [sender.py:transition_state():308] send defer: 9
2021-09-18 20:15:25,209 DEBUG   SenderThread:4183966 [sender.py:send():179] send: final
2021-09-18 20:15:25,209 DEBUG   SenderThread:4183966 [sender.py:send():179] send: footer
2021-09-18 20:15:25,209 DEBUG   HandlerThread:4183966 [handler.py:handle_request():124] handle_request: defer
2021-09-18 20:15:25,209 INFO    HandlerThread:4183966 [handler.py:handle_request_defer():141] handle defer: 9
2021-09-18 20:15:25,209 DEBUG   SenderThread:4183966 [sender.py:send_request():193] send_request: defer
2021-09-18 20:15:25,210 INFO    SenderThread:4183966 [sender.py:send_request_defer():304] handle sender defer: 9
2021-09-18 20:15:25,312 DEBUG   HandlerThread:4183966 [handler.py:handle_request():124] handle_request: poll_exit
2021-09-18 20:15:25,313 DEBUG   SenderThread:4183966 [sender.py:send_request():193] send_request: poll_exit
2021-09-18 20:15:25,313 INFO    SenderThread:4183966 [file_pusher.py:join():182] waiting for file pusher
2021-09-18 20:15:25,316 DEBUG   HandlerThread:4183966 [handler.py:handle_request():124] handle_request: get_summary
2021-09-18 20:15:25,317 DEBUG   HandlerThread:4183966 [handler.py:handle_request():124] handle_request: sampled_history
2021-09-18 20:15:25,318 DEBUG   HandlerThread:4183966 [handler.py:handle_request():124] handle_request: shutdown
2021-09-18 20:15:25,318 INFO    HandlerThread:4183966 [handler.py:finish():638] shutting down handler
2021-09-18 20:15:26,209 INFO    WriterThread:4183966 [datastore.py:close():288] close: /grid/koo/home/toneyan/profile/QuantPred/wandb/run-20210918_201438-6ycwaypy/run-6ycwaypy.wandb
2021-09-18 20:15:26,313 INFO    SenderThread:4183966 [sender.py:finish():945] shutting down sender
2021-09-18 20:15:26,313 INFO    SenderThread:4183966 [file_pusher.py:finish():177] shutting down file pusher
2021-09-18 20:15:26,313 INFO    SenderThread:4183966 [file_pusher.py:join():182] waiting for file pusher
2021-09-18 20:15:26,315 INFO    MainThread:4183966 [internal.py:handle_exit():78] Internal process exited
