2021-09-18 20:08:54,041 INFO    MainThread:3864134 [internal.py:wandb_internal():91] W&B internal server running at pid: 3864134, started at: 2021-09-18 20:08:54.040220
2021-09-18 20:08:54,043 DEBUG   HandlerThread:3864134 [handler.py:handle_request():124] handle_request: check_version
2021-09-18 20:08:54,043 INFO    WriterThread:3864134 [datastore.py:open_for_write():80] open: /grid/koo/home/toneyan/profile/QuantPred/wandb/run-20210918_200853-r0bsui4p/run-r0bsui4p.wandb
2021-09-18 20:08:54,044 DEBUG   SenderThread:3864134 [sender.py:send():179] send: header
2021-09-18 20:08:54,044 DEBUG   SenderThread:3864134 [sender.py:send_request():193] send_request: check_version
2021-09-18 20:08:54,072 DEBUG   SenderThread:3864134 [sender.py:send():179] send: run
2021-09-18 20:08:54,148 INFO    SenderThread:3864134 [dir_watcher.py:__init__():168] watching files in: /grid/koo/home/toneyan/profile/QuantPred/wandb/run-20210918_200853-r0bsui4p/files
2021-09-18 20:08:54,148 INFO    SenderThread:3864134 [sender.py:_start_run_threads():719] run started: r0bsui4p with start time 1632010133
2021-09-18 20:08:54,148 DEBUG   SenderThread:3864134 [sender.py:send():179] send: summary
2021-09-18 20:08:54,149 INFO    SenderThread:3864134 [sender.py:_save_file():841] saving file wandb-summary.json with policy end
2021-09-18 20:08:54,149 DEBUG   HandlerThread:3864134 [handler.py:handle_request():124] handle_request: run_start
2021-09-18 20:08:55,149 INFO    Thread-8  :3864134 [dir_watcher.py:_on_file_created():216] file/dir created: /grid/koo/home/toneyan/profile/QuantPred/wandb/run-20210918_200853-r0bsui4p/files/wandb-summary.json
2021-09-18 20:08:55,187 DEBUG   HandlerThread:3864134 [meta.py:__init__():39] meta init
2021-09-18 20:08:55,187 DEBUG   HandlerThread:3864134 [meta.py:__init__():53] meta init done
2021-09-18 20:08:55,187 DEBUG   HandlerThread:3864134 [meta.py:probe():210] probe
2021-09-18 20:08:55,193 DEBUG   HandlerThread:3864134 [meta.py:_save_pip():57] save pip
2021-09-18 20:08:55,194 DEBUG   HandlerThread:3864134 [meta.py:_save_pip():71] save pip done
2021-09-18 20:08:55,194 DEBUG   HandlerThread:3864134 [meta.py:probe():252] probe done
2021-09-18 20:08:55,196 DEBUG   SenderThread:3864134 [sender.py:send():179] send: files
2021-09-18 20:08:55,196 INFO    SenderThread:3864134 [sender.py:_save_file():841] saving file wandb-metadata.json with policy now
2021-09-18 20:08:55,201 DEBUG   HandlerThread:3864134 [handler.py:handle_request():124] handle_request: stop_status
2021-09-18 20:08:55,201 DEBUG   SenderThread:3864134 [sender.py:send_request():193] send_request: stop_status
2021-09-18 20:08:55,255 ERROR   Thread-11 :3864134 [internal_api.py:execute():130] 429 response executing GraphQL.
2021-09-18 20:08:55,255 ERROR   Thread-11 :3864134 [internal_api.py:execute():131] {"error":"rate limit exceeded"}

2021-09-18 20:08:55,256 ERROR   SenderThread:3864134 [internal_api.py:execute():130] 429 response executing GraphQL.
2021-09-18 20:08:55,256 ERROR   SenderThread:3864134 [internal_api.py:execute():131] {"error":"rate limit exceeded"}

2021-09-18 20:08:56,150 INFO    Thread-8  :3864134 [dir_watcher.py:_on_file_created():216] file/dir created: /grid/koo/home/toneyan/profile/QuantPred/wandb/run-20210918_200853-r0bsui4p/files/requirements.txt
2021-09-18 20:08:56,151 INFO    Thread-8  :3864134 [dir_watcher.py:_on_file_created():216] file/dir created: /grid/koo/home/toneyan/profile/QuantPred/wandb/run-20210918_200853-r0bsui4p/files/output.log
2021-09-18 20:08:56,151 INFO    Thread-8  :3864134 [dir_watcher.py:_on_file_created():216] file/dir created: /grid/koo/home/toneyan/profile/QuantPred/wandb/run-20210918_200853-r0bsui4p/files/wandb-metadata.json
2021-09-18 20:08:56,400 ERROR   SenderThread:3864134 [internal_api.py:execute():130] 429 response executing GraphQL.
2021-09-18 20:08:56,401 ERROR   SenderThread:3864134 [internal_api.py:execute():131] {"error":"rate limit exceeded"}

2021-09-18 20:08:56,461 ERROR   Thread-11 :3864134 [internal_api.py:execute():130] 429 response executing GraphQL.
2021-09-18 20:08:56,462 ERROR   Thread-11 :3864134 [internal_api.py:execute():131] {"error":"rate limit exceeded"}

2021-09-18 20:08:56,462 ERROR   Thread-11 :3864134 [retry.py:__call__():126] Retry attempt failed:
Traceback (most recent call last):
  File "/usr/local/lib/python3.6/dist-packages/wandb/sdk/lib/retry.py", line 102, in __call__
    result = self._call_fn(*args, **kwargs)
  File "/usr/local/lib/python3.6/dist-packages/wandb/sdk/internal/internal_api.py", line 133, in execute
    six.reraise(*sys.exc_info())
  File "/usr/local/lib/python3.6/dist-packages/six.py", line 719, in reraise
    raise value
  File "/usr/local/lib/python3.6/dist-packages/wandb/sdk/internal/internal_api.py", line 127, in execute
    return self.client.execute(*args, **kwargs)
  File "/usr/local/lib/python3.6/dist-packages/wandb/vendor/gql-0.2.0/gql/client.py", line 52, in execute
    result = self._get_result(document, *args, **kwargs)
  File "/usr/local/lib/python3.6/dist-packages/wandb/vendor/gql-0.2.0/gql/client.py", line 60, in _get_result
    return self.transport.execute(document, *args, **kwargs)
  File "/usr/local/lib/python3.6/dist-packages/wandb/vendor/gql-0.2.0/gql/transport/requests.py", line 39, in execute
    request.raise_for_status()
  File "/usr/local/lib/python3.6/dist-packages/requests/models.py", line 943, in raise_for_status
    raise HTTPError(http_error_msg, response=self)
requests.exceptions.HTTPError: 429 Client Error: Too Many Requests for url: https://api.wandb.ai/graphql
2021-09-18 20:08:58,835 ERROR   Thread-11 :3864134 [internal_api.py:execute():130] 429 response executing GraphQL.
2021-09-18 20:08:58,836 ERROR   Thread-11 :3864134 [internal_api.py:execute():131] {"error":"rate limit exceeded"}

2021-09-18 20:08:58,860 ERROR   SenderThread:3864134 [internal_api.py:execute():130] 429 response executing GraphQL.
2021-09-18 20:08:58,860 ERROR   SenderThread:3864134 [internal_api.py:execute():131] {"error":"rate limit exceeded"}

2021-09-18 20:09:03,923 INFO    Thread-11 :3864134 [upload_job.py:push():137] Uploaded file /tmp/3288853.1.gpu_ded.q/tmpxavqi_2vwandb/2jeayk3h-wandb-metadata.json
2021-09-18 20:09:18,883 DEBUG   HandlerThread:3864134 [handler.py:handle_request():124] handle_request: stop_status
2021-09-18 20:09:18,883 DEBUG   SenderThread:3864134 [sender.py:send_request():193] send_request: stop_status
2021-09-18 20:09:23,566 DEBUG   SenderThread:3864134 [sender.py:send():179] send: stats
2021-09-18 20:09:29,253 DEBUG   HandlerThread:3864134 [handler.py:handle_request():124] handle_request: poll_exit
2021-09-18 20:09:29,253 DEBUG   SenderThread:3864134 [sender.py:send():179] send: telemetry
2021-09-18 20:09:29,253 DEBUG   SenderThread:3864134 [sender.py:send():179] send: exit
2021-09-18 20:09:29,253 INFO    SenderThread:3864134 [sender.py:send_exit():287] handling exit code: 1
2021-09-18 20:09:29,253 INFO    SenderThread:3864134 [sender.py:send_exit():295] send defer
2021-09-18 20:09:29,253 DEBUG   SenderThread:3864134 [sender.py:send_request():193] send_request: poll_exit
2021-09-18 20:09:29,254 DEBUG   HandlerThread:3864134 [handler.py:handle_request():124] handle_request: defer
2021-09-18 20:09:29,254 INFO    HandlerThread:3864134 [handler.py:handle_request_defer():141] handle defer: 0
2021-09-18 20:09:29,254 DEBUG   SenderThread:3864134 [sender.py:send_request():193] send_request: defer
2021-09-18 20:09:29,254 INFO    SenderThread:3864134 [sender.py:send_request_defer():304] handle sender defer: 0
2021-09-18 20:09:29,254 INFO    SenderThread:3864134 [sender.py:transition_state():308] send defer: 1
2021-09-18 20:09:29,254 DEBUG   HandlerThread:3864134 [handler.py:handle_request():124] handle_request: defer
2021-09-18 20:09:29,254 INFO    HandlerThread:3864134 [handler.py:handle_request_defer():141] handle defer: 1
2021-09-18 20:09:29,337 DEBUG   SenderThread:3864134 [sender.py:send_request():193] send_request: defer
2021-09-18 20:09:29,337 INFO    SenderThread:3864134 [sender.py:send_request_defer():304] handle sender defer: 1
2021-09-18 20:09:29,338 INFO    SenderThread:3864134 [sender.py:transition_state():308] send defer: 2
2021-09-18 20:09:29,338 DEBUG   SenderThread:3864134 [sender.py:send():179] send: stats
2021-09-18 20:09:29,338 DEBUG   HandlerThread:3864134 [handler.py:handle_request():124] handle_request: defer
2021-09-18 20:09:29,339 INFO    HandlerThread:3864134 [handler.py:handle_request_defer():141] handle defer: 2
2021-09-18 20:09:29,340 DEBUG   SenderThread:3864134 [sender.py:send_request():193] send_request: defer
2021-09-18 20:09:29,340 INFO    SenderThread:3864134 [sender.py:send_request_defer():304] handle sender defer: 2
2021-09-18 20:09:29,340 INFO    SenderThread:3864134 [sender.py:transition_state():308] send defer: 3
2021-09-18 20:09:29,340 DEBUG   HandlerThread:3864134 [handler.py:handle_request():124] handle_request: defer
2021-09-18 20:09:29,340 INFO    HandlerThread:3864134 [handler.py:handle_request_defer():141] handle defer: 3
2021-09-18 20:09:29,340 DEBUG   SenderThread:3864134 [sender.py:send():179] send: summary
2021-09-18 20:09:29,341 INFO    SenderThread:3864134 [sender.py:_save_file():841] saving file wandb-summary.json with policy end
2021-09-18 20:09:29,341 DEBUG   SenderThread:3864134 [sender.py:send_request():193] send_request: defer
2021-09-18 20:09:29,341 INFO    SenderThread:3864134 [sender.py:send_request_defer():304] handle sender defer: 3
2021-09-18 20:09:29,341 INFO    SenderThread:3864134 [sender.py:transition_state():308] send defer: 4
2021-09-18 20:09:29,341 DEBUG   HandlerThread:3864134 [handler.py:handle_request():124] handle_request: defer
2021-09-18 20:09:29,341 INFO    HandlerThread:3864134 [handler.py:handle_request_defer():141] handle defer: 4
2021-09-18 20:09:29,341 DEBUG   SenderThread:3864134 [sender.py:send_request():193] send_request: defer
2021-09-18 20:09:29,341 INFO    SenderThread:3864134 [sender.py:send_request_defer():304] handle sender defer: 4
2021-09-18 20:09:29,355 DEBUG   HandlerThread:3864134 [handler.py:handle_request():124] handle_request: poll_exit
2021-09-18 20:09:29,399 ERROR   SenderThread:3864134 [internal_api.py:execute():130] 429 response executing GraphQL.
2021-09-18 20:09:29,399 ERROR   SenderThread:3864134 [internal_api.py:execute():131] {"error":"rate limit exceeded"}

2021-09-18 20:09:30,162 INFO    Thread-8  :3864134 [dir_watcher.py:_on_file_modified():229] file/dir modified: /grid/koo/home/toneyan/profile/QuantPred/wandb/run-20210918_200853-r0bsui4p/files/wandb-summary.json
2021-09-18 20:09:30,738 INFO    SenderThread:3864134 [sender.py:transition_state():308] send defer: 5
2021-09-18 20:09:30,738 DEBUG   SenderThread:3864134 [sender.py:send_request():193] send_request: poll_exit
2021-09-18 20:09:30,739 DEBUG   HandlerThread:3864134 [handler.py:handle_request():124] handle_request: defer
2021-09-18 20:09:30,739 INFO    HandlerThread:3864134 [handler.py:handle_request_defer():141] handle defer: 5
2021-09-18 20:09:30,739 DEBUG   SenderThread:3864134 [sender.py:send_request():193] send_request: defer
2021-09-18 20:09:30,739 INFO    SenderThread:3864134 [sender.py:send_request_defer():304] handle sender defer: 5
2021-09-18 20:09:30,739 INFO    SenderThread:3864134 [dir_watcher.py:finish():282] shutting down directory watcher
2021-09-18 20:09:30,843 DEBUG   HandlerThread:3864134 [handler.py:handle_request():124] handle_request: poll_exit
2021-09-18 20:09:31,162 INFO    SenderThread:3864134 [dir_watcher.py:_on_file_modified():229] file/dir modified: /grid/koo/home/toneyan/profile/QuantPred/wandb/run-20210918_200853-r0bsui4p/files/config.yaml
2021-09-18 20:09:31,163 INFO    SenderThread:3864134 [dir_watcher.py:finish():312] scan: /grid/koo/home/toneyan/profile/QuantPred/wandb/run-20210918_200853-r0bsui4p/files
2021-09-18 20:09:31,163 INFO    SenderThread:3864134 [dir_watcher.py:finish():318] scan save: /grid/koo/home/toneyan/profile/QuantPred/wandb/run-20210918_200853-r0bsui4p/files/wandb-metadata.json wandb-metadata.json
2021-09-18 20:09:31,163 INFO    SenderThread:3864134 [dir_watcher.py:finish():318] scan save: /grid/koo/home/toneyan/profile/QuantPred/wandb/run-20210918_200853-r0bsui4p/files/config.yaml config.yaml
2021-09-18 20:09:31,163 INFO    SenderThread:3864134 [dir_watcher.py:finish():318] scan save: /grid/koo/home/toneyan/profile/QuantPred/wandb/run-20210918_200853-r0bsui4p/files/requirements.txt requirements.txt
2021-09-18 20:09:31,163 INFO    SenderThread:3864134 [dir_watcher.py:finish():318] scan save: /grid/koo/home/toneyan/profile/QuantPred/wandb/run-20210918_200853-r0bsui4p/files/wandb-summary.json wandb-summary.json
2021-09-18 20:09:31,163 INFO    SenderThread:3864134 [dir_watcher.py:finish():318] scan save: /grid/koo/home/toneyan/profile/QuantPred/wandb/run-20210918_200853-r0bsui4p/files/output.log output.log
2021-09-18 20:09:31,169 INFO    SenderThread:3864134 [sender.py:transition_state():308] send defer: 6
2021-09-18 20:09:31,169 DEBUG   SenderThread:3864134 [sender.py:send_request():193] send_request: poll_exit
2021-09-18 20:09:31,174 DEBUG   HandlerThread:3864134 [handler.py:handle_request():124] handle_request: defer
2021-09-18 20:09:31,175 INFO    HandlerThread:3864134 [handler.py:handle_request_defer():141] handle defer: 6
2021-09-18 20:09:31,175 DEBUG   SenderThread:3864134 [sender.py:send_request():193] send_request: defer
2021-09-18 20:09:31,175 INFO    SenderThread:3864134 [sender.py:send_request_defer():304] handle sender defer: 6
2021-09-18 20:09:31,175 INFO    SenderThread:3864134 [file_pusher.py:finish():177] shutting down file pusher
2021-09-18 20:09:31,278 DEBUG   HandlerThread:3864134 [handler.py:handle_request():124] handle_request: poll_exit
2021-09-18 20:09:31,278 DEBUG   SenderThread:3864134 [sender.py:send_request():193] send_request: poll_exit
2021-09-18 20:09:31,383 DEBUG   HandlerThread:3864134 [handler.py:handle_request():124] handle_request: poll_exit
2021-09-18 20:09:31,383 DEBUG   SenderThread:3864134 [sender.py:send_request():193] send_request: poll_exit
2021-09-18 20:09:31,471 INFO    Thread-14 :3864134 [upload_job.py:push():137] Uploaded file /grid/koo/home/toneyan/profile/QuantPred/wandb/run-20210918_200853-r0bsui4p/files/wandb-summary.json
2021-09-18 20:09:31,472 INFO    Thread-12 :3864134 [upload_job.py:push():137] Uploaded file /grid/koo/home/toneyan/profile/QuantPred/wandb/run-20210918_200853-r0bsui4p/files/config.yaml
2021-09-18 20:09:31,487 DEBUG   HandlerThread:3864134 [handler.py:handle_request():124] handle_request: poll_exit
2021-09-18 20:09:31,487 DEBUG   SenderThread:3864134 [sender.py:send_request():193] send_request: poll_exit
2021-09-18 20:09:31,526 INFO    Thread-13 :3864134 [upload_job.py:push():137] Uploaded file /grid/koo/home/toneyan/profile/QuantPred/wandb/run-20210918_200853-r0bsui4p/files/requirements.txt
2021-09-18 20:09:31,591 DEBUG   HandlerThread:3864134 [handler.py:handle_request():124] handle_request: poll_exit
2021-09-18 20:09:31,591 DEBUG   SenderThread:3864134 [sender.py:send_request():193] send_request: poll_exit
2021-09-18 20:09:31,696 DEBUG   HandlerThread:3864134 [handler.py:handle_request():124] handle_request: poll_exit
2021-09-18 20:09:31,696 DEBUG   SenderThread:3864134 [sender.py:send_request():193] send_request: poll_exit
2021-09-18 20:09:31,726 INFO    Thread-7  :3864134 [sender.py:transition_state():308] send defer: 7
2021-09-18 20:09:31,727 DEBUG   HandlerThread:3864134 [handler.py:handle_request():124] handle_request: defer
2021-09-18 20:09:31,727 INFO    HandlerThread:3864134 [handler.py:handle_request_defer():141] handle defer: 7
2021-09-18 20:09:31,727 DEBUG   SenderThread:3864134 [sender.py:send_request():193] send_request: defer
2021-09-18 20:09:31,727 INFO    SenderThread:3864134 [sender.py:send_request_defer():304] handle sender defer: 7
2021-09-18 20:09:31,781 INFO    SenderThread:3864134 [sender.py:transition_state():308] send defer: 8
2021-09-18 20:09:31,782 DEBUG   HandlerThread:3864134 [handler.py:handle_request():124] handle_request: defer
2021-09-18 20:09:31,782 INFO    HandlerThread:3864134 [handler.py:handle_request_defer():141] handle defer: 8
2021-09-18 20:09:31,782 DEBUG   SenderThread:3864134 [sender.py:send_request():193] send_request: defer
2021-09-18 20:09:31,782 INFO    SenderThread:3864134 [sender.py:send_request_defer():304] handle sender defer: 8
2021-09-18 20:09:31,782 INFO    SenderThread:3864134 [sender.py:transition_state():308] send defer: 9
2021-09-18 20:09:31,782 DEBUG   SenderThread:3864134 [sender.py:send():179] send: final
2021-09-18 20:09:31,782 DEBUG   HandlerThread:3864134 [handler.py:handle_request():124] handle_request: defer
2021-09-18 20:09:31,782 DEBUG   SenderThread:3864134 [sender.py:send():179] send: footer
2021-09-18 20:09:31,783 INFO    HandlerThread:3864134 [handler.py:handle_request_defer():141] handle defer: 9
2021-09-18 20:09:31,783 DEBUG   SenderThread:3864134 [sender.py:send_request():193] send_request: defer
2021-09-18 20:09:31,783 INFO    SenderThread:3864134 [sender.py:send_request_defer():304] handle sender defer: 9
2021-09-18 20:09:31,800 DEBUG   HandlerThread:3864134 [handler.py:handle_request():124] handle_request: poll_exit
2021-09-18 20:09:31,800 DEBUG   SenderThread:3864134 [sender.py:send_request():193] send_request: poll_exit
2021-09-18 20:09:31,800 INFO    SenderThread:3864134 [file_pusher.py:join():182] waiting for file pusher
2021-09-18 20:09:31,805 DEBUG   HandlerThread:3864134 [handler.py:handle_request():124] handle_request: get_summary
2021-09-18 20:09:31,805 DEBUG   HandlerThread:3864134 [handler.py:handle_request():124] handle_request: sampled_history
2021-09-18 20:09:31,805 DEBUG   HandlerThread:3864134 [handler.py:handle_request():124] handle_request: shutdown
2021-09-18 20:09:31,805 INFO    HandlerThread:3864134 [handler.py:finish():638] shutting down handler
2021-09-18 20:09:32,783 INFO    WriterThread:3864134 [datastore.py:close():288] close: /grid/koo/home/toneyan/profile/QuantPred/wandb/run-20210918_200853-r0bsui4p/run-r0bsui4p.wandb
2021-09-18 20:09:32,801 INFO    SenderThread:3864134 [sender.py:finish():945] shutting down sender
2021-09-18 20:09:32,801 INFO    SenderThread:3864134 [file_pusher.py:finish():177] shutting down file pusher
2021-09-18 20:09:32,801 INFO    SenderThread:3864134 [file_pusher.py:join():182] waiting for file pusher
2021-09-18 20:09:32,802 INFO    MainThread:3864134 [internal.py:handle_exit():78] Internal process exited
