2021-09-18 20:31:46,151 INFO    MainThread:290101 [internal.py:wandb_internal():91] W&B internal server running at pid: 290101, started at: 2021-09-18 20:31:46.150709
2021-09-18 20:31:46,153 DEBUG   HandlerThread:290101 [handler.py:handle_request():124] handle_request: check_version
2021-09-18 20:31:46,153 INFO    WriterThread:290101 [datastore.py:open_for_write():80] open: /grid/koo/home/toneyan/profile/QuantPred/wandb/run-20210918_203145-kkdgexc8/run-kkdgexc8.wandb
2021-09-18 20:31:46,154 DEBUG   SenderThread:290101 [sender.py:send():179] send: header
2021-09-18 20:31:46,154 DEBUG   SenderThread:290101 [sender.py:send_request():193] send_request: check_version
2021-09-18 20:31:46,184 DEBUG   SenderThread:290101 [sender.py:send():179] send: run
2021-09-18 20:31:46,263 INFO    SenderThread:290101 [dir_watcher.py:__init__():168] watching files in: /grid/koo/home/toneyan/profile/QuantPred/wandb/run-20210918_203145-kkdgexc8/files
2021-09-18 20:31:46,263 INFO    SenderThread:290101 [sender.py:_start_run_threads():719] run started: kkdgexc8 with start time 1632011505
2021-09-18 20:31:46,264 DEBUG   SenderThread:290101 [sender.py:send():179] send: summary
2021-09-18 20:31:46,264 INFO    SenderThread:290101 [sender.py:_save_file():841] saving file wandb-summary.json with policy end
2021-09-18 20:31:46,265 DEBUG   HandlerThread:290101 [handler.py:handle_request():124] handle_request: run_start
2021-09-18 20:31:47,266 INFO    Thread-8  :290101 [dir_watcher.py:_on_file_created():216] file/dir created: /grid/koo/home/toneyan/profile/QuantPred/wandb/run-20210918_203145-kkdgexc8/files/wandb-summary.json
2021-09-18 20:31:47,376 DEBUG   HandlerThread:290101 [meta.py:__init__():39] meta init
2021-09-18 20:31:47,377 DEBUG   HandlerThread:290101 [meta.py:__init__():53] meta init done
2021-09-18 20:31:47,377 DEBUG   HandlerThread:290101 [meta.py:probe():210] probe
2021-09-18 20:31:47,382 DEBUG   HandlerThread:290101 [meta.py:_save_pip():57] save pip
2021-09-18 20:31:47,384 DEBUG   HandlerThread:290101 [meta.py:_save_pip():71] save pip done
2021-09-18 20:31:47,384 DEBUG   HandlerThread:290101 [meta.py:probe():252] probe done
2021-09-18 20:31:47,387 DEBUG   SenderThread:290101 [sender.py:send():179] send: files
2021-09-18 20:31:47,387 INFO    SenderThread:290101 [sender.py:_save_file():841] saving file wandb-metadata.json with policy now
2021-09-18 20:31:47,393 DEBUG   HandlerThread:290101 [handler.py:handle_request():124] handle_request: stop_status
2021-09-18 20:31:47,394 DEBUG   SenderThread:290101 [sender.py:send_request():193] send_request: stop_status
2021-09-18 20:31:47,782 INFO    Thread-11 :290101 [upload_job.py:push():137] Uploaded file /tmp/3288855.1.gpu_ded.q/tmpevtjxt0nwandb/3lx0fxou-wandb-metadata.json
2021-09-18 20:31:48,265 INFO    Thread-8  :290101 [dir_watcher.py:_on_file_created():216] file/dir created: /grid/koo/home/toneyan/profile/QuantPred/wandb/run-20210918_203145-kkdgexc8/files/wandb-metadata.json
2021-09-18 20:31:48,265 INFO    Thread-8  :290101 [dir_watcher.py:_on_file_created():216] file/dir created: /grid/koo/home/toneyan/profile/QuantPred/wandb/run-20210918_203145-kkdgexc8/files/output.log
2021-09-18 20:31:48,266 INFO    Thread-8  :290101 [dir_watcher.py:_on_file_created():216] file/dir created: /grid/koo/home/toneyan/profile/QuantPred/wandb/run-20210918_203145-kkdgexc8/files/requirements.txt
2021-09-18 20:32:02,459 DEBUG   HandlerThread:290101 [handler.py:handle_request():124] handle_request: stop_status
2021-09-18 20:32:02,460 DEBUG   SenderThread:290101 [sender.py:send_request():193] send_request: stop_status
2021-09-18 20:32:15,769 DEBUG   SenderThread:290101 [sender.py:send():179] send: stats
2021-09-18 20:32:17,521 DEBUG   HandlerThread:290101 [handler.py:handle_request():124] handle_request: stop_status
2021-09-18 20:32:17,521 DEBUG   SenderThread:290101 [sender.py:send_request():193] send_request: stop_status
2021-09-18 20:32:19,667 DEBUG   HandlerThread:290101 [handler.py:handle_request():124] handle_request: poll_exit
2021-09-18 20:32:19,667 DEBUG   SenderThread:290101 [sender.py:send():179] send: telemetry
2021-09-18 20:32:19,670 DEBUG   SenderThread:290101 [sender.py:send():179] send: exit
2021-09-18 20:32:19,670 INFO    SenderThread:290101 [sender.py:send_exit():287] handling exit code: 1
2021-09-18 20:32:19,670 INFO    SenderThread:290101 [sender.py:send_exit():295] send defer
2021-09-18 20:32:19,670 DEBUG   SenderThread:290101 [sender.py:send_request():193] send_request: poll_exit
2021-09-18 20:32:19,670 DEBUG   HandlerThread:290101 [handler.py:handle_request():124] handle_request: defer
2021-09-18 20:32:19,670 INFO    HandlerThread:290101 [handler.py:handle_request_defer():141] handle defer: 0
2021-09-18 20:32:19,671 DEBUG   SenderThread:290101 [sender.py:send_request():193] send_request: defer
2021-09-18 20:32:19,671 INFO    SenderThread:290101 [sender.py:send_request_defer():304] handle sender defer: 0
2021-09-18 20:32:19,671 INFO    SenderThread:290101 [sender.py:transition_state():308] send defer: 1
2021-09-18 20:32:19,671 DEBUG   HandlerThread:290101 [handler.py:handle_request():124] handle_request: defer
2021-09-18 20:32:19,671 INFO    HandlerThread:290101 [handler.py:handle_request_defer():141] handle defer: 1
2021-09-18 20:32:19,713 DEBUG   SenderThread:290101 [sender.py:send_request():193] send_request: defer
2021-09-18 20:32:19,713 INFO    SenderThread:290101 [sender.py:send_request_defer():304] handle sender defer: 1
2021-09-18 20:32:19,714 INFO    SenderThread:290101 [sender.py:transition_state():308] send defer: 2
2021-09-18 20:32:19,714 DEBUG   SenderThread:290101 [sender.py:send():179] send: stats
2021-09-18 20:32:19,715 DEBUG   HandlerThread:290101 [handler.py:handle_request():124] handle_request: defer
2021-09-18 20:32:19,716 INFO    HandlerThread:290101 [handler.py:handle_request_defer():141] handle defer: 2
2021-09-18 20:32:19,716 DEBUG   SenderThread:290101 [sender.py:send_request():193] send_request: defer
2021-09-18 20:32:19,717 INFO    SenderThread:290101 [sender.py:send_request_defer():304] handle sender defer: 2
2021-09-18 20:32:19,717 INFO    SenderThread:290101 [sender.py:transition_state():308] send defer: 3
2021-09-18 20:32:19,717 DEBUG   HandlerThread:290101 [handler.py:handle_request():124] handle_request: defer
2021-09-18 20:32:19,717 INFO    HandlerThread:290101 [handler.py:handle_request_defer():141] handle defer: 3
2021-09-18 20:32:19,718 DEBUG   SenderThread:290101 [sender.py:send():179] send: summary
2021-09-18 20:32:19,718 INFO    SenderThread:290101 [sender.py:_save_file():841] saving file wandb-summary.json with policy end
2021-09-18 20:32:19,718 DEBUG   SenderThread:290101 [sender.py:send_request():193] send_request: defer
2021-09-18 20:32:19,718 INFO    SenderThread:290101 [sender.py:send_request_defer():304] handle sender defer: 3
2021-09-18 20:32:19,718 INFO    SenderThread:290101 [sender.py:transition_state():308] send defer: 4
2021-09-18 20:32:19,718 DEBUG   HandlerThread:290101 [handler.py:handle_request():124] handle_request: defer
2021-09-18 20:32:19,719 INFO    HandlerThread:290101 [handler.py:handle_request_defer():141] handle defer: 4
2021-09-18 20:32:19,719 DEBUG   SenderThread:290101 [sender.py:send_request():193] send_request: defer
2021-09-18 20:32:19,719 INFO    SenderThread:290101 [sender.py:send_request_defer():304] handle sender defer: 4
2021-09-18 20:32:19,773 DEBUG   HandlerThread:290101 [handler.py:handle_request():124] handle_request: poll_exit
2021-09-18 20:32:19,803 INFO    SenderThread:290101 [sender.py:transition_state():308] send defer: 5
2021-09-18 20:32:19,803 DEBUG   SenderThread:290101 [sender.py:send_request():193] send_request: poll_exit
2021-09-18 20:32:19,804 DEBUG   HandlerThread:290101 [handler.py:handle_request():124] handle_request: defer
2021-09-18 20:32:19,804 INFO    HandlerThread:290101 [handler.py:handle_request_defer():141] handle defer: 5
2021-09-18 20:32:19,804 DEBUG   SenderThread:290101 [sender.py:send_request():193] send_request: defer
2021-09-18 20:32:19,804 INFO    SenderThread:290101 [sender.py:send_request_defer():304] handle sender defer: 5
2021-09-18 20:32:19,804 INFO    SenderThread:290101 [dir_watcher.py:finish():282] shutting down directory watcher
2021-09-18 20:32:19,906 DEBUG   HandlerThread:290101 [handler.py:handle_request():124] handle_request: poll_exit
2021-09-18 20:32:20,271 INFO    SenderThread:290101 [dir_watcher.py:_on_file_modified():229] file/dir modified: /grid/koo/home/toneyan/profile/QuantPred/wandb/run-20210918_203145-kkdgexc8/files/wandb-summary.json
2021-09-18 20:32:20,272 INFO    SenderThread:290101 [dir_watcher.py:_on_file_modified():229] file/dir modified: /grid/koo/home/toneyan/profile/QuantPred/wandb/run-20210918_203145-kkdgexc8/files/config.yaml
2021-09-18 20:32:20,272 INFO    SenderThread:290101 [dir_watcher.py:finish():312] scan: /grid/koo/home/toneyan/profile/QuantPred/wandb/run-20210918_203145-kkdgexc8/files
2021-09-18 20:32:20,272 INFO    SenderThread:290101 [dir_watcher.py:finish():318] scan save: /grid/koo/home/toneyan/profile/QuantPred/wandb/run-20210918_203145-kkdgexc8/files/wandb-metadata.json wandb-metadata.json
2021-09-18 20:32:20,272 INFO    SenderThread:290101 [dir_watcher.py:finish():318] scan save: /grid/koo/home/toneyan/profile/QuantPred/wandb/run-20210918_203145-kkdgexc8/files/config.yaml config.yaml
2021-09-18 20:32:20,272 INFO    SenderThread:290101 [dir_watcher.py:finish():318] scan save: /grid/koo/home/toneyan/profile/QuantPred/wandb/run-20210918_203145-kkdgexc8/files/requirements.txt requirements.txt
2021-09-18 20:32:20,272 INFO    SenderThread:290101 [dir_watcher.py:finish():318] scan save: /grid/koo/home/toneyan/profile/QuantPred/wandb/run-20210918_203145-kkdgexc8/files/wandb-summary.json wandb-summary.json
2021-09-18 20:32:20,276 INFO    SenderThread:290101 [dir_watcher.py:finish():318] scan save: /grid/koo/home/toneyan/profile/QuantPred/wandb/run-20210918_203145-kkdgexc8/files/output.log output.log
2021-09-18 20:32:20,279 INFO    SenderThread:290101 [sender.py:transition_state():308] send defer: 6
2021-09-18 20:32:20,279 DEBUG   SenderThread:290101 [sender.py:send_request():193] send_request: poll_exit
2021-09-18 20:32:20,284 DEBUG   HandlerThread:290101 [handler.py:handle_request():124] handle_request: defer
2021-09-18 20:32:20,284 INFO    HandlerThread:290101 [handler.py:handle_request_defer():141] handle defer: 6
2021-09-18 20:32:20,284 DEBUG   SenderThread:290101 [sender.py:send_request():193] send_request: defer
2021-09-18 20:32:20,284 INFO    SenderThread:290101 [sender.py:send_request_defer():304] handle sender defer: 6
2021-09-18 20:32:20,284 INFO    SenderThread:290101 [file_pusher.py:finish():177] shutting down file pusher
2021-09-18 20:32:20,385 DEBUG   HandlerThread:290101 [handler.py:handle_request():124] handle_request: poll_exit
2021-09-18 20:32:20,385 DEBUG   SenderThread:290101 [sender.py:send_request():193] send_request: poll_exit
2021-09-18 20:32:20,487 DEBUG   HandlerThread:290101 [handler.py:handle_request():124] handle_request: poll_exit
2021-09-18 20:32:20,487 DEBUG   SenderThread:290101 [sender.py:send_request():193] send_request: poll_exit
2021-09-18 20:32:20,589 DEBUG   HandlerThread:290101 [handler.py:handle_request():124] handle_request: poll_exit
2021-09-18 20:32:20,589 DEBUG   SenderThread:290101 [sender.py:send_request():193] send_request: poll_exit
2021-09-18 20:32:20,624 INFO    Thread-13 :290101 [upload_job.py:push():137] Uploaded file /grid/koo/home/toneyan/profile/QuantPred/wandb/run-20210918_203145-kkdgexc8/files/requirements.txt
2021-09-18 20:32:20,658 INFO    Thread-14 :290101 [upload_job.py:push():137] Uploaded file /grid/koo/home/toneyan/profile/QuantPred/wandb/run-20210918_203145-kkdgexc8/files/wandb-summary.json
2021-09-18 20:32:20,659 INFO    Thread-12 :290101 [upload_job.py:push():137] Uploaded file /grid/koo/home/toneyan/profile/QuantPred/wandb/run-20210918_203145-kkdgexc8/files/config.yaml
2021-09-18 20:32:20,695 DEBUG   HandlerThread:290101 [handler.py:handle_request():124] handle_request: poll_exit
2021-09-18 20:32:20,695 DEBUG   SenderThread:290101 [sender.py:send_request():193] send_request: poll_exit
2021-09-18 20:32:20,797 DEBUG   HandlerThread:290101 [handler.py:handle_request():124] handle_request: poll_exit
2021-09-18 20:32:20,797 DEBUG   SenderThread:290101 [sender.py:send_request():193] send_request: poll_exit
2021-09-18 20:32:20,859 INFO    Thread-7  :290101 [sender.py:transition_state():308] send defer: 7
2021-09-18 20:32:20,860 DEBUG   HandlerThread:290101 [handler.py:handle_request():124] handle_request: defer
2021-09-18 20:32:20,860 INFO    HandlerThread:290101 [handler.py:handle_request_defer():141] handle defer: 7
2021-09-18 20:32:20,860 DEBUG   SenderThread:290101 [sender.py:send_request():193] send_request: defer
2021-09-18 20:32:20,860 INFO    SenderThread:290101 [sender.py:send_request_defer():304] handle sender defer: 7
2021-09-18 20:32:20,899 DEBUG   HandlerThread:290101 [handler.py:handle_request():124] handle_request: poll_exit
2021-09-18 20:32:20,972 INFO    SenderThread:290101 [sender.py:transition_state():308] send defer: 8
2021-09-18 20:32:20,972 DEBUG   SenderThread:290101 [sender.py:send_request():193] send_request: poll_exit
2021-09-18 20:32:20,972 DEBUG   HandlerThread:290101 [handler.py:handle_request():124] handle_request: defer
2021-09-18 20:32:20,973 INFO    HandlerThread:290101 [handler.py:handle_request_defer():141] handle defer: 8
2021-09-18 20:32:20,973 DEBUG   SenderThread:290101 [sender.py:send_request():193] send_request: defer
2021-09-18 20:32:20,973 INFO    SenderThread:290101 [sender.py:send_request_defer():304] handle sender defer: 8
2021-09-18 20:32:20,973 INFO    SenderThread:290101 [sender.py:transition_state():308] send defer: 9
2021-09-18 20:32:20,973 DEBUG   SenderThread:290101 [sender.py:send():179] send: final
2021-09-18 20:32:20,973 DEBUG   HandlerThread:290101 [handler.py:handle_request():124] handle_request: defer
2021-09-18 20:32:20,973 DEBUG   SenderThread:290101 [sender.py:send():179] send: footer
2021-09-18 20:32:20,973 INFO    HandlerThread:290101 [handler.py:handle_request_defer():141] handle defer: 9
2021-09-18 20:32:20,974 DEBUG   SenderThread:290101 [sender.py:send_request():193] send_request: defer
2021-09-18 20:32:20,974 INFO    SenderThread:290101 [sender.py:send_request_defer():304] handle sender defer: 9
2021-09-18 20:32:21,074 DEBUG   HandlerThread:290101 [handler.py:handle_request():124] handle_request: poll_exit
2021-09-18 20:32:21,074 DEBUG   SenderThread:290101 [sender.py:send_request():193] send_request: poll_exit
2021-09-18 20:32:21,074 INFO    SenderThread:290101 [file_pusher.py:join():182] waiting for file pusher
2021-09-18 20:32:21,076 DEBUG   HandlerThread:290101 [handler.py:handle_request():124] handle_request: get_summary
2021-09-18 20:32:21,076 DEBUG   HandlerThread:290101 [handler.py:handle_request():124] handle_request: sampled_history
2021-09-18 20:32:21,076 DEBUG   HandlerThread:290101 [handler.py:handle_request():124] handle_request: shutdown
2021-09-18 20:32:21,077 INFO    HandlerThread:290101 [handler.py:finish():638] shutting down handler
2021-09-18 20:32:21,974 INFO    WriterThread:290101 [datastore.py:close():288] close: /grid/koo/home/toneyan/profile/QuantPred/wandb/run-20210918_203145-kkdgexc8/run-kkdgexc8.wandb
2021-09-18 20:32:22,075 INFO    SenderThread:290101 [sender.py:finish():945] shutting down sender
2021-09-18 20:32:22,075 INFO    SenderThread:290101 [file_pusher.py:finish():177] shutting down file pusher
2021-09-18 20:32:22,075 INFO    SenderThread:290101 [file_pusher.py:join():182] waiting for file pusher
2021-09-18 20:32:22,079 INFO    MainThread:290101 [internal.py:handle_exit():78] Internal process exited
