2021-09-19 12:06:30,698 INFO    MainThread:1860907 [internal.py:wandb_internal():91] W&B internal server running at pid: 1860907, started at: 2021-09-19 12:06:30.697189
2021-09-19 12:06:30,700 DEBUG   HandlerThread:1860907 [handler.py:handle_request():124] handle_request: check_version
2021-09-19 12:06:30,700 INFO    WriterThread:1860907 [datastore.py:open_for_write():80] open: /grid/koo/home/toneyan/profile/QuantPred/wandb/run-20210919_120630-nzhxixak/run-nzhxixak.wandb
2021-09-19 12:06:30,701 DEBUG   SenderThread:1860907 [sender.py:send():179] send: header
2021-09-19 12:06:30,701 DEBUG   SenderThread:1860907 [sender.py:send_request():193] send_request: check_version
2021-09-19 12:06:30,753 DEBUG   SenderThread:1860907 [sender.py:send():179] send: run
2021-09-19 12:06:30,830 INFO    SenderThread:1860907 [dir_watcher.py:__init__():168] watching files in: /grid/koo/home/toneyan/profile/QuantPred/wandb/run-20210919_120630-nzhxixak/files
2021-09-19 12:06:30,830 INFO    SenderThread:1860907 [sender.py:_start_run_threads():719] run started: nzhxixak with start time 1632067590
2021-09-19 12:06:30,830 DEBUG   SenderThread:1860907 [sender.py:send():179] send: summary
2021-09-19 12:06:30,831 INFO    SenderThread:1860907 [sender.py:_save_file():841] saving file wandb-summary.json with policy end
2021-09-19 12:06:30,831 DEBUG   HandlerThread:1860907 [handler.py:handle_request():124] handle_request: run_start
2021-09-19 12:06:31,831 INFO    Thread-8  :1860907 [dir_watcher.py:_on_file_created():216] file/dir created: /grid/koo/home/toneyan/profile/QuantPred/wandb/run-20210919_120630-nzhxixak/files/wandb-summary.json
2021-09-19 12:06:31,871 DEBUG   HandlerThread:1860907 [meta.py:__init__():39] meta init
2021-09-19 12:06:31,871 DEBUG   HandlerThread:1860907 [meta.py:__init__():53] meta init done
2021-09-19 12:06:31,871 DEBUG   HandlerThread:1860907 [meta.py:probe():210] probe
2021-09-19 12:06:31,877 DEBUG   HandlerThread:1860907 [meta.py:_save_pip():57] save pip
2021-09-19 12:06:31,878 DEBUG   HandlerThread:1860907 [meta.py:_save_pip():71] save pip done
2021-09-19 12:06:31,878 DEBUG   HandlerThread:1860907 [meta.py:probe():252] probe done
2021-09-19 12:06:31,881 DEBUG   SenderThread:1860907 [sender.py:send():179] send: files
2021-09-19 12:06:31,881 INFO    SenderThread:1860907 [sender.py:_save_file():841] saving file wandb-metadata.json with policy now
2021-09-19 12:06:31,885 DEBUG   HandlerThread:1860907 [handler.py:handle_request():124] handle_request: stop_status
2021-09-19 12:06:31,886 DEBUG   SenderThread:1860907 [sender.py:send_request():193] send_request: stop_status
2021-09-19 12:06:32,245 INFO    Thread-11 :1860907 [upload_job.py:push():137] Uploaded file /tmp/3288853.1.gpu_ded.q/tmpdow8xkmrwandb/1s2b770a-wandb-metadata.json
2021-09-19 12:06:32,831 INFO    Thread-8  :1860907 [dir_watcher.py:_on_file_created():216] file/dir created: /grid/koo/home/toneyan/profile/QuantPred/wandb/run-20210919_120630-nzhxixak/files/output.log
2021-09-19 12:06:32,831 INFO    Thread-8  :1860907 [dir_watcher.py:_on_file_created():216] file/dir created: /grid/koo/home/toneyan/profile/QuantPred/wandb/run-20210919_120630-nzhxixak/files/wandb-metadata.json
2021-09-19 12:06:32,831 INFO    Thread-8  :1860907 [dir_watcher.py:_on_file_created():216] file/dir created: /grid/koo/home/toneyan/profile/QuantPred/wandb/run-20210919_120630-nzhxixak/files/requirements.txt
2021-09-19 12:06:46,945 DEBUG   HandlerThread:1860907 [handler.py:handle_request():124] handle_request: stop_status
2021-09-19 12:06:46,945 DEBUG   SenderThread:1860907 [sender.py:send_request():193] send_request: stop_status
2021-09-19 12:07:00,226 DEBUG   SenderThread:1860907 [sender.py:send():179] send: stats
2021-09-19 12:07:02,005 DEBUG   HandlerThread:1860907 [handler.py:handle_request():124] handle_request: stop_status
2021-09-19 12:07:02,005 DEBUG   SenderThread:1860907 [sender.py:send_request():193] send_request: stop_status
2021-09-19 12:07:03,641 DEBUG   HandlerThread:1860907 [handler.py:handle_request():124] handle_request: poll_exit
2021-09-19 12:07:03,641 DEBUG   SenderThread:1860907 [sender.py:send():179] send: telemetry
2021-09-19 12:07:03,642 DEBUG   SenderThread:1860907 [sender.py:send():179] send: exit
2021-09-19 12:07:03,642 INFO    SenderThread:1860907 [sender.py:send_exit():287] handling exit code: 1
2021-09-19 12:07:03,642 INFO    SenderThread:1860907 [sender.py:send_exit():295] send defer
2021-09-19 12:07:03,642 DEBUG   SenderThread:1860907 [sender.py:send_request():193] send_request: poll_exit
2021-09-19 12:07:03,643 DEBUG   HandlerThread:1860907 [handler.py:handle_request():124] handle_request: defer
2021-09-19 12:07:03,643 INFO    HandlerThread:1860907 [handler.py:handle_request_defer():141] handle defer: 0
2021-09-19 12:07:03,643 DEBUG   SenderThread:1860907 [sender.py:send_request():193] send_request: defer
2021-09-19 12:07:03,643 INFO    SenderThread:1860907 [sender.py:send_request_defer():304] handle sender defer: 0
2021-09-19 12:07:03,643 INFO    SenderThread:1860907 [sender.py:transition_state():308] send defer: 1
2021-09-19 12:07:03,643 DEBUG   HandlerThread:1860907 [handler.py:handle_request():124] handle_request: defer
2021-09-19 12:07:03,643 INFO    HandlerThread:1860907 [handler.py:handle_request_defer():141] handle defer: 1
2021-09-19 12:07:03,672 DEBUG   SenderThread:1860907 [sender.py:send_request():193] send_request: defer
2021-09-19 12:07:03,672 INFO    SenderThread:1860907 [sender.py:send_request_defer():304] handle sender defer: 1
2021-09-19 12:07:03,672 INFO    SenderThread:1860907 [sender.py:transition_state():308] send defer: 2
2021-09-19 12:07:03,672 DEBUG   SenderThread:1860907 [sender.py:send():179] send: stats
2021-09-19 12:07:03,673 DEBUG   HandlerThread:1860907 [handler.py:handle_request():124] handle_request: defer
2021-09-19 12:07:03,674 INFO    HandlerThread:1860907 [handler.py:handle_request_defer():141] handle defer: 2
2021-09-19 12:07:03,675 DEBUG   SenderThread:1860907 [sender.py:send_request():193] send_request: defer
2021-09-19 12:07:03,675 INFO    SenderThread:1860907 [sender.py:send_request_defer():304] handle sender defer: 2
2021-09-19 12:07:03,675 INFO    SenderThread:1860907 [sender.py:transition_state():308] send defer: 3
2021-09-19 12:07:03,675 DEBUG   HandlerThread:1860907 [handler.py:handle_request():124] handle_request: defer
2021-09-19 12:07:03,675 INFO    HandlerThread:1860907 [handler.py:handle_request_defer():141] handle defer: 3
2021-09-19 12:07:03,675 DEBUG   SenderThread:1860907 [sender.py:send():179] send: summary
2021-09-19 12:07:03,676 INFO    SenderThread:1860907 [sender.py:_save_file():841] saving file wandb-summary.json with policy end
2021-09-19 12:07:03,676 DEBUG   SenderThread:1860907 [sender.py:send_request():193] send_request: defer
2021-09-19 12:07:03,676 INFO    SenderThread:1860907 [sender.py:send_request_defer():304] handle sender defer: 3
2021-09-19 12:07:03,676 INFO    SenderThread:1860907 [sender.py:transition_state():308] send defer: 4
2021-09-19 12:07:03,676 DEBUG   HandlerThread:1860907 [handler.py:handle_request():124] handle_request: defer
2021-09-19 12:07:03,676 INFO    HandlerThread:1860907 [handler.py:handle_request_defer():141] handle defer: 4
2021-09-19 12:07:03,676 DEBUG   SenderThread:1860907 [sender.py:send_request():193] send_request: defer
2021-09-19 12:07:03,676 INFO    SenderThread:1860907 [sender.py:send_request_defer():304] handle sender defer: 4
2021-09-19 12:07:03,744 DEBUG   HandlerThread:1860907 [handler.py:handle_request():124] handle_request: poll_exit
2021-09-19 12:07:03,751 INFO    SenderThread:1860907 [sender.py:transition_state():308] send defer: 5
2021-09-19 12:07:03,751 DEBUG   SenderThread:1860907 [sender.py:send_request():193] send_request: poll_exit
2021-09-19 12:07:03,751 DEBUG   HandlerThread:1860907 [handler.py:handle_request():124] handle_request: defer
2021-09-19 12:07:03,752 INFO    HandlerThread:1860907 [handler.py:handle_request_defer():141] handle defer: 5
2021-09-19 12:07:03,752 DEBUG   SenderThread:1860907 [sender.py:send_request():193] send_request: defer
2021-09-19 12:07:03,752 INFO    SenderThread:1860907 [sender.py:send_request_defer():304] handle sender defer: 5
2021-09-19 12:07:03,752 INFO    SenderThread:1860907 [dir_watcher.py:finish():282] shutting down directory watcher
2021-09-19 12:07:03,836 INFO    SenderThread:1860907 [dir_watcher.py:_on_file_modified():229] file/dir modified: /grid/koo/home/toneyan/profile/QuantPred/wandb/run-20210919_120630-nzhxixak/files/wandb-summary.json
2021-09-19 12:07:03,836 INFO    SenderThread:1860907 [dir_watcher.py:_on_file_modified():229] file/dir modified: /grid/koo/home/toneyan/profile/QuantPred/wandb/run-20210919_120630-nzhxixak/files/config.yaml
2021-09-19 12:07:03,836 INFO    SenderThread:1860907 [dir_watcher.py:finish():312] scan: /grid/koo/home/toneyan/profile/QuantPred/wandb/run-20210919_120630-nzhxixak/files
2021-09-19 12:07:03,836 INFO    SenderThread:1860907 [dir_watcher.py:finish():318] scan save: /grid/koo/home/toneyan/profile/QuantPred/wandb/run-20210919_120630-nzhxixak/files/wandb-metadata.json wandb-metadata.json
2021-09-19 12:07:03,836 INFO    SenderThread:1860907 [dir_watcher.py:finish():318] scan save: /grid/koo/home/toneyan/profile/QuantPred/wandb/run-20210919_120630-nzhxixak/files/config.yaml config.yaml
2021-09-19 12:07:03,836 INFO    SenderThread:1860907 [dir_watcher.py:finish():318] scan save: /grid/koo/home/toneyan/profile/QuantPred/wandb/run-20210919_120630-nzhxixak/files/requirements.txt requirements.txt
2021-09-19 12:07:03,836 INFO    SenderThread:1860907 [dir_watcher.py:finish():318] scan save: /grid/koo/home/toneyan/profile/QuantPred/wandb/run-20210919_120630-nzhxixak/files/wandb-summary.json wandb-summary.json
2021-09-19 12:07:03,842 INFO    SenderThread:1860907 [dir_watcher.py:finish():318] scan save: /grid/koo/home/toneyan/profile/QuantPred/wandb/run-20210919_120630-nzhxixak/files/output.log output.log
2021-09-19 12:07:03,842 INFO    SenderThread:1860907 [sender.py:transition_state():308] send defer: 6
2021-09-19 12:07:03,847 DEBUG   HandlerThread:1860907 [handler.py:handle_request():124] handle_request: defer
2021-09-19 12:07:03,847 INFO    HandlerThread:1860907 [handler.py:handle_request_defer():141] handle defer: 6
2021-09-19 12:07:03,847 DEBUG   SenderThread:1860907 [sender.py:send_request():193] send_request: defer
2021-09-19 12:07:03,847 INFO    SenderThread:1860907 [sender.py:send_request_defer():304] handle sender defer: 6
2021-09-19 12:07:03,847 INFO    SenderThread:1860907 [file_pusher.py:finish():177] shutting down file pusher
2021-09-19 12:07:03,853 DEBUG   HandlerThread:1860907 [handler.py:handle_request():124] handle_request: poll_exit
2021-09-19 12:07:03,853 DEBUG   SenderThread:1860907 [sender.py:send_request():193] send_request: poll_exit
2021-09-19 12:07:03,954 DEBUG   HandlerThread:1860907 [handler.py:handle_request():124] handle_request: poll_exit
2021-09-19 12:07:03,955 DEBUG   SenderThread:1860907 [sender.py:send_request():193] send_request: poll_exit
2021-09-19 12:07:04,056 DEBUG   HandlerThread:1860907 [handler.py:handle_request():124] handle_request: poll_exit
2021-09-19 12:07:04,056 DEBUG   SenderThread:1860907 [sender.py:send_request():193] send_request: poll_exit
2021-09-19 12:07:04,157 DEBUG   HandlerThread:1860907 [handler.py:handle_request():124] handle_request: poll_exit
2021-09-19 12:07:04,158 DEBUG   SenderThread:1860907 [sender.py:send_request():193] send_request: poll_exit
2021-09-19 12:07:04,229 INFO    Thread-14 :1860907 [upload_job.py:push():137] Uploaded file /grid/koo/home/toneyan/profile/QuantPred/wandb/run-20210919_120630-nzhxixak/files/wandb-summary.json
2021-09-19 12:07:04,233 INFO    Thread-13 :1860907 [upload_job.py:push():137] Uploaded file /grid/koo/home/toneyan/profile/QuantPred/wandb/run-20210919_120630-nzhxixak/files/requirements.txt
2021-09-19 12:07:04,261 DEBUG   HandlerThread:1860907 [handler.py:handle_request():124] handle_request: poll_exit
2021-09-19 12:07:04,262 DEBUG   SenderThread:1860907 [sender.py:send_request():193] send_request: poll_exit
2021-09-19 12:07:04,277 INFO    Thread-12 :1860907 [upload_job.py:push():137] Uploaded file /grid/koo/home/toneyan/profile/QuantPred/wandb/run-20210919_120630-nzhxixak/files/config.yaml
2021-09-19 12:07:04,363 DEBUG   HandlerThread:1860907 [handler.py:handle_request():124] handle_request: poll_exit
2021-09-19 12:07:04,363 DEBUG   SenderThread:1860907 [sender.py:send_request():193] send_request: poll_exit
2021-09-19 12:07:04,464 DEBUG   HandlerThread:1860907 [handler.py:handle_request():124] handle_request: poll_exit
2021-09-19 12:07:04,465 DEBUG   SenderThread:1860907 [sender.py:send_request():193] send_request: poll_exit
2021-09-19 12:07:04,477 INFO    Thread-7  :1860907 [sender.py:transition_state():308] send defer: 7
2021-09-19 12:07:04,478 DEBUG   HandlerThread:1860907 [handler.py:handle_request():124] handle_request: defer
2021-09-19 12:07:04,478 INFO    HandlerThread:1860907 [handler.py:handle_request_defer():141] handle defer: 7
2021-09-19 12:07:04,478 DEBUG   SenderThread:1860907 [sender.py:send_request():193] send_request: defer
2021-09-19 12:07:04,478 INFO    SenderThread:1860907 [sender.py:send_request_defer():304] handle sender defer: 7
2021-09-19 12:07:04,569 DEBUG   HandlerThread:1860907 [handler.py:handle_request():124] handle_request: poll_exit
2021-09-19 12:07:04,577 INFO    SenderThread:1860907 [sender.py:transition_state():308] send defer: 8
2021-09-19 12:07:04,577 DEBUG   SenderThread:1860907 [sender.py:send_request():193] send_request: poll_exit
2021-09-19 12:07:04,577 DEBUG   HandlerThread:1860907 [handler.py:handle_request():124] handle_request: defer
2021-09-19 12:07:04,577 INFO    HandlerThread:1860907 [handler.py:handle_request_defer():141] handle defer: 8
2021-09-19 12:07:04,577 DEBUG   SenderThread:1860907 [sender.py:send_request():193] send_request: defer
2021-09-19 12:07:04,577 INFO    SenderThread:1860907 [sender.py:send_request_defer():304] handle sender defer: 8
2021-09-19 12:07:04,577 INFO    SenderThread:1860907 [sender.py:transition_state():308] send defer: 9
2021-09-19 12:07:04,578 DEBUG   SenderThread:1860907 [sender.py:send():179] send: final
2021-09-19 12:07:04,578 DEBUG   HandlerThread:1860907 [handler.py:handle_request():124] handle_request: defer
2021-09-19 12:07:04,578 DEBUG   SenderThread:1860907 [sender.py:send():179] send: footer
2021-09-19 12:07:04,578 INFO    HandlerThread:1860907 [handler.py:handle_request_defer():141] handle defer: 9
2021-09-19 12:07:04,578 DEBUG   SenderThread:1860907 [sender.py:send_request():193] send_request: defer
2021-09-19 12:07:04,578 INFO    SenderThread:1860907 [sender.py:send_request_defer():304] handle sender defer: 9
2021-09-19 12:07:04,678 DEBUG   HandlerThread:1860907 [handler.py:handle_request():124] handle_request: poll_exit
2021-09-19 12:07:04,678 DEBUG   SenderThread:1860907 [sender.py:send_request():193] send_request: poll_exit
2021-09-19 12:07:04,679 INFO    SenderThread:1860907 [file_pusher.py:join():182] waiting for file pusher
2021-09-19 12:07:04,680 DEBUG   HandlerThread:1860907 [handler.py:handle_request():124] handle_request: get_summary
2021-09-19 12:07:04,680 DEBUG   HandlerThread:1860907 [handler.py:handle_request():124] handle_request: sampled_history
2021-09-19 12:07:04,680 DEBUG   HandlerThread:1860907 [handler.py:handle_request():124] handle_request: shutdown
2021-09-19 12:07:04,680 INFO    HandlerThread:1860907 [handler.py:finish():638] shutting down handler
2021-09-19 12:07:05,578 INFO    WriterThread:1860907 [datastore.py:close():288] close: /grid/koo/home/toneyan/profile/QuantPred/wandb/run-20210919_120630-nzhxixak/run-nzhxixak.wandb
2021-09-19 12:07:05,679 INFO    SenderThread:1860907 [sender.py:finish():945] shutting down sender
2021-09-19 12:07:05,679 INFO    SenderThread:1860907 [file_pusher.py:finish():177] shutting down file pusher
2021-09-19 12:07:05,679 INFO    SenderThread:1860907 [file_pusher.py:join():182] waiting for file pusher
2021-09-19 12:07:05,680 INFO    MainThread:1860907 [internal.py:handle_exit():78] Internal process exited
