2021-09-14 08:02:39,455 INFO    MainThread:1087305 [internal.py:wandb_internal():91] W&B internal server running at pid: 1087305, started at: 2021-09-14 08:02:39.454867
2021-09-14 08:02:39,457 DEBUG   HandlerThread:1087305 [handler.py:handle_request():124] handle_request: check_version
2021-09-14 08:02:39,457 INFO    WriterThread:1087305 [datastore.py:open_for_write():80] open: /grid/koo/home/toneyan/profile/QuantPred/wandb/run-20210914_080238-aztbutia/run-aztbutia.wandb
2021-09-14 08:02:39,458 DEBUG   SenderThread:1087305 [sender.py:send():179] send: header
2021-09-14 08:02:39,458 DEBUG   SenderThread:1087305 [sender.py:send_request():193] send_request: check_version
2021-09-14 08:02:39,490 DEBUG   SenderThread:1087305 [sender.py:send():179] send: run
2021-09-14 08:02:39,633 INFO    SenderThread:1087305 [dir_watcher.py:__init__():168] watching files in: /grid/koo/home/toneyan/profile/QuantPred/wandb/run-20210914_080238-aztbutia/files
2021-09-14 08:02:39,633 INFO    SenderThread:1087305 [sender.py:_start_run_threads():719] run started: aztbutia with start time 1631620958
2021-09-14 08:02:39,633 DEBUG   SenderThread:1087305 [sender.py:send():179] send: summary
2021-09-14 08:02:39,634 INFO    SenderThread:1087305 [sender.py:_save_file():841] saving file wandb-summary.json with policy end
2021-09-14 08:02:39,634 DEBUG   HandlerThread:1087305 [handler.py:handle_request():124] handle_request: run_start
2021-09-14 08:02:40,636 INFO    Thread-8  :1087305 [dir_watcher.py:_on_file_created():216] file/dir created: /grid/koo/home/toneyan/profile/QuantPred/wandb/run-20210914_080238-aztbutia/files/wandb-summary.json
2021-09-14 08:02:40,778 DEBUG   HandlerThread:1087305 [meta.py:__init__():39] meta init
2021-09-14 08:02:40,778 DEBUG   HandlerThread:1087305 [meta.py:__init__():53] meta init done
2021-09-14 08:02:40,778 DEBUG   HandlerThread:1087305 [meta.py:probe():210] probe
2021-09-14 08:02:40,784 DEBUG   HandlerThread:1087305 [meta.py:_save_pip():57] save pip
2021-09-14 08:02:40,784 DEBUG   HandlerThread:1087305 [meta.py:_save_pip():71] save pip done
2021-09-14 08:02:40,784 DEBUG   HandlerThread:1087305 [meta.py:probe():252] probe done
2021-09-14 08:02:40,786 DEBUG   SenderThread:1087305 [sender.py:send():179] send: files
2021-09-14 08:02:40,786 INFO    SenderThread:1087305 [sender.py:_save_file():841] saving file wandb-metadata.json with policy now
2021-09-14 08:02:40,791 DEBUG   HandlerThread:1087305 [handler.py:handle_request():124] handle_request: stop_status
2021-09-14 08:02:40,791 DEBUG   SenderThread:1087305 [sender.py:send_request():193] send_request: stop_status
2021-09-14 08:02:41,214 INFO    Thread-11 :1087305 [upload_job.py:push():137] Uploaded file /tmp/3287101.1.gpu.q/tmpl4ast78pwandb/j9204bys-wandb-metadata.json
2021-09-14 08:02:41,635 INFO    Thread-8  :1087305 [dir_watcher.py:_on_file_created():216] file/dir created: /grid/koo/home/toneyan/profile/QuantPred/wandb/run-20210914_080238-aztbutia/files/requirements.txt
2021-09-14 08:02:41,636 INFO    Thread-8  :1087305 [dir_watcher.py:_on_file_created():216] file/dir created: /grid/koo/home/toneyan/profile/QuantPred/wandb/run-20210914_080238-aztbutia/files/wandb-metadata.json
2021-09-14 08:02:41,636 INFO    Thread-8  :1087305 [dir_watcher.py:_on_file_created():216] file/dir created: /grid/koo/home/toneyan/profile/QuantPred/wandb/run-20210914_080238-aztbutia/files/output.log
2021-09-14 08:02:55,856 DEBUG   HandlerThread:1087305 [handler.py:handle_request():124] handle_request: stop_status
2021-09-14 08:02:55,856 DEBUG   SenderThread:1087305 [sender.py:send_request():193] send_request: stop_status
2021-09-14 08:02:55,911 ERROR   SenderThread:1087305 [internal_api.py:execute():130] 429 response executing GraphQL.
2021-09-14 08:02:55,911 ERROR   SenderThread:1087305 [internal_api.py:execute():131] {"error":"rate limit exceeded"}

2021-09-14 08:02:57,117 ERROR   SenderThread:1087305 [internal_api.py:execute():130] 429 response executing GraphQL.
2021-09-14 08:02:57,117 ERROR   SenderThread:1087305 [internal_api.py:execute():131] {"error":"rate limit exceeded"}

2021-09-14 08:02:59,496 ERROR   SenderThread:1087305 [internal_api.py:execute():130] 429 response executing GraphQL.
2021-09-14 08:02:59,497 ERROR   SenderThread:1087305 [internal_api.py:execute():131] {"error":"rate limit exceeded"}

2021-09-14 08:02:59,497 ERROR   SenderThread:1087305 [retry.py:__call__():126] Retry attempt failed:
Traceback (most recent call last):
  File "/usr/local/lib/python3.6/dist-packages/wandb/sdk/lib/retry.py", line 102, in __call__
    result = self._call_fn(*args, **kwargs)
  File "/usr/local/lib/python3.6/dist-packages/wandb/sdk/internal/internal_api.py", line 133, in execute
    six.reraise(*sys.exc_info())
  File "/usr/local/lib/python3.6/dist-packages/six.py", line 719, in reraise
    raise value
  File "/usr/local/lib/python3.6/dist-packages/wandb/sdk/internal/internal_api.py", line 127, in execute
    return self.client.execute(*args, **kwargs)
  File "/usr/local/lib/python3.6/dist-packages/wandb/vendor/gql-0.2.0/gql/client.py", line 52, in execute
    result = self._get_result(document, *args, **kwargs)
  File "/usr/local/lib/python3.6/dist-packages/wandb/vendor/gql-0.2.0/gql/client.py", line 60, in _get_result
    return self.transport.execute(document, *args, **kwargs)
  File "/usr/local/lib/python3.6/dist-packages/wandb/vendor/gql-0.2.0/gql/transport/requests.py", line 39, in execute
    request.raise_for_status()
  File "/usr/local/lib/python3.6/dist-packages/requests/models.py", line 943, in raise_for_status
    raise HTTPError(http_error_msg, response=self)
requests.exceptions.HTTPError: 429 Client Error: Too Many Requests for url: https://api.wandb.ai/graphql
2021-09-14 08:03:09,212 DEBUG   SenderThread:1087305 [sender.py:send():179] send: stats
2021-09-14 08:03:13,765 DEBUG   HandlerThread:1087305 [handler.py:handle_request():124] handle_request: poll_exit
2021-09-14 08:03:13,766 DEBUG   SenderThread:1087305 [sender.py:send():179] send: telemetry
2021-09-14 08:03:13,766 DEBUG   SenderThread:1087305 [sender.py:send():179] send: exit
2021-09-14 08:03:13,766 INFO    SenderThread:1087305 [sender.py:send_exit():287] handling exit code: 1
2021-09-14 08:03:13,766 INFO    SenderThread:1087305 [sender.py:send_exit():295] send defer
2021-09-14 08:03:13,766 DEBUG   SenderThread:1087305 [sender.py:send_request():193] send_request: poll_exit
2021-09-14 08:03:13,766 DEBUG   HandlerThread:1087305 [handler.py:handle_request():124] handle_request: defer
2021-09-14 08:03:13,766 INFO    HandlerThread:1087305 [handler.py:handle_request_defer():141] handle defer: 0
2021-09-14 08:03:13,767 DEBUG   SenderThread:1087305 [sender.py:send_request():193] send_request: defer
2021-09-14 08:03:13,767 INFO    SenderThread:1087305 [sender.py:send_request_defer():304] handle sender defer: 0
2021-09-14 08:03:13,767 INFO    SenderThread:1087305 [sender.py:transition_state():308] send defer: 1
2021-09-14 08:03:13,767 DEBUG   HandlerThread:1087305 [handler.py:handle_request():124] handle_request: defer
2021-09-14 08:03:13,767 INFO    HandlerThread:1087305 [handler.py:handle_request_defer():141] handle defer: 1
2021-09-14 08:03:13,882 DEBUG   SenderThread:1087305 [sender.py:send_request():193] send_request: defer
2021-09-14 08:03:13,882 INFO    SenderThread:1087305 [sender.py:send_request_defer():304] handle sender defer: 1
2021-09-14 08:03:13,882 INFO    SenderThread:1087305 [sender.py:transition_state():308] send defer: 2
2021-09-14 08:03:13,883 DEBUG   HandlerThread:1087305 [handler.py:handle_request():124] handle_request: poll_exit
2021-09-14 08:03:13,883 DEBUG   HandlerThread:1087305 [handler.py:handle_request():124] handle_request: defer
2021-09-14 08:03:13,883 DEBUG   SenderThread:1087305 [sender.py:send_request():193] send_request: poll_exit
2021-09-14 08:03:13,883 INFO    HandlerThread:1087305 [handler.py:handle_request_defer():141] handle defer: 2
2021-09-14 08:03:13,883 DEBUG   SenderThread:1087305 [sender.py:send():179] send: stats
2021-09-14 08:03:13,884 DEBUG   SenderThread:1087305 [sender.py:send_request():193] send_request: defer
2021-09-14 08:03:13,885 INFO    SenderThread:1087305 [sender.py:send_request_defer():304] handle sender defer: 2
2021-09-14 08:03:13,885 INFO    SenderThread:1087305 [sender.py:transition_state():308] send defer: 3
2021-09-14 08:03:13,886 DEBUG   HandlerThread:1087305 [handler.py:handle_request():124] handle_request: defer
2021-09-14 08:03:13,886 INFO    HandlerThread:1087305 [handler.py:handle_request_defer():141] handle defer: 3
2021-09-14 08:03:13,886 DEBUG   SenderThread:1087305 [sender.py:send():179] send: summary
2021-09-14 08:03:13,886 INFO    SenderThread:1087305 [sender.py:_save_file():841] saving file wandb-summary.json with policy end
2021-09-14 08:03:13,886 DEBUG   SenderThread:1087305 [sender.py:send_request():193] send_request: defer
2021-09-14 08:03:13,887 INFO    SenderThread:1087305 [sender.py:send_request_defer():304] handle sender defer: 3
2021-09-14 08:03:13,887 INFO    SenderThread:1087305 [sender.py:transition_state():308] send defer: 4
2021-09-14 08:03:13,887 DEBUG   HandlerThread:1087305 [handler.py:handle_request():124] handle_request: defer
2021-09-14 08:03:13,887 INFO    HandlerThread:1087305 [handler.py:handle_request_defer():141] handle defer: 4
2021-09-14 08:03:13,887 DEBUG   SenderThread:1087305 [sender.py:send_request():193] send_request: defer
2021-09-14 08:03:13,887 INFO    SenderThread:1087305 [sender.py:send_request_defer():304] handle sender defer: 4
2021-09-14 08:03:13,947 ERROR   SenderThread:1087305 [internal_api.py:execute():130] 429 response executing GraphQL.
2021-09-14 08:03:13,947 ERROR   SenderThread:1087305 [internal_api.py:execute():131] {"error":"rate limit exceeded"}

2021-09-14 08:03:13,984 DEBUG   HandlerThread:1087305 [handler.py:handle_request():124] handle_request: poll_exit
2021-09-14 08:03:14,645 INFO    Thread-8  :1087305 [dir_watcher.py:_on_file_modified():229] file/dir modified: /grid/koo/home/toneyan/profile/QuantPred/wandb/run-20210914_080238-aztbutia/files/wandb-summary.json
2021-09-14 08:03:15,122 INFO    SenderThread:1087305 [sender.py:transition_state():308] send defer: 5
2021-09-14 08:03:15,122 DEBUG   SenderThread:1087305 [sender.py:send_request():193] send_request: poll_exit
2021-09-14 08:03:15,123 DEBUG   HandlerThread:1087305 [handler.py:handle_request():124] handle_request: defer
2021-09-14 08:03:15,123 INFO    HandlerThread:1087305 [handler.py:handle_request_defer():141] handle defer: 5
2021-09-14 08:03:15,123 DEBUG   SenderThread:1087305 [sender.py:send_request():193] send_request: defer
2021-09-14 08:03:15,123 INFO    SenderThread:1087305 [sender.py:send_request_defer():304] handle sender defer: 5
2021-09-14 08:03:15,123 INFO    SenderThread:1087305 [dir_watcher.py:finish():282] shutting down directory watcher
2021-09-14 08:03:15,227 DEBUG   HandlerThread:1087305 [handler.py:handle_request():124] handle_request: poll_exit
2021-09-14 08:03:15,646 INFO    Thread-8  :1087305 [dir_watcher.py:_on_file_modified():229] file/dir modified: /grid/koo/home/toneyan/profile/QuantPred/wandb/run-20210914_080238-aztbutia/files/config.yaml
2021-09-14 08:03:15,647 INFO    SenderThread:1087305 [dir_watcher.py:finish():312] scan: /grid/koo/home/toneyan/profile/QuantPred/wandb/run-20210914_080238-aztbutia/files
2021-09-14 08:03:15,647 INFO    SenderThread:1087305 [dir_watcher.py:finish():318] scan save: /grid/koo/home/toneyan/profile/QuantPred/wandb/run-20210914_080238-aztbutia/files/wandb-metadata.json wandb-metadata.json
2021-09-14 08:03:15,647 INFO    SenderThread:1087305 [dir_watcher.py:finish():318] scan save: /grid/koo/home/toneyan/profile/QuantPred/wandb/run-20210914_080238-aztbutia/files/config.yaml config.yaml
2021-09-14 08:03:15,647 INFO    SenderThread:1087305 [dir_watcher.py:finish():318] scan save: /grid/koo/home/toneyan/profile/QuantPred/wandb/run-20210914_080238-aztbutia/files/requirements.txt requirements.txt
2021-09-14 08:03:15,647 INFO    SenderThread:1087305 [dir_watcher.py:finish():318] scan save: /grid/koo/home/toneyan/profile/QuantPred/wandb/run-20210914_080238-aztbutia/files/wandb-summary.json wandb-summary.json
2021-09-14 08:03:15,647 INFO    SenderThread:1087305 [dir_watcher.py:finish():318] scan save: /grid/koo/home/toneyan/profile/QuantPred/wandb/run-20210914_080238-aztbutia/files/output.log output.log
2021-09-14 08:03:15,651 INFO    SenderThread:1087305 [sender.py:transition_state():308] send defer: 6
2021-09-14 08:03:15,653 DEBUG   SenderThread:1087305 [sender.py:send_request():193] send_request: poll_exit
2021-09-14 08:03:15,657 DEBUG   HandlerThread:1087305 [handler.py:handle_request():124] handle_request: defer
2021-09-14 08:03:15,658 INFO    HandlerThread:1087305 [handler.py:handle_request_defer():141] handle defer: 6
2021-09-14 08:03:15,658 DEBUG   SenderThread:1087305 [sender.py:send_request():193] send_request: defer
2021-09-14 08:03:15,658 INFO    SenderThread:1087305 [sender.py:send_request_defer():304] handle sender defer: 6
2021-09-14 08:03:15,658 INFO    SenderThread:1087305 [file_pusher.py:finish():177] shutting down file pusher
2021-09-14 08:03:15,762 DEBUG   HandlerThread:1087305 [handler.py:handle_request():124] handle_request: poll_exit
2021-09-14 08:03:15,762 DEBUG   SenderThread:1087305 [sender.py:send_request():193] send_request: poll_exit
2021-09-14 08:03:15,863 DEBUG   HandlerThread:1087305 [handler.py:handle_request():124] handle_request: poll_exit
2021-09-14 08:03:15,864 DEBUG   SenderThread:1087305 [sender.py:send_request():193] send_request: poll_exit
2021-09-14 08:03:15,965 DEBUG   HandlerThread:1087305 [handler.py:handle_request():124] handle_request: poll_exit
2021-09-14 08:03:15,965 DEBUG   SenderThread:1087305 [sender.py:send_request():193] send_request: poll_exit
2021-09-14 08:03:15,996 INFO    Thread-12 :1087305 [upload_job.py:push():137] Uploaded file /grid/koo/home/toneyan/profile/QuantPred/wandb/run-20210914_080238-aztbutia/files/config.yaml
2021-09-14 08:03:16,026 INFO    Thread-13 :1087305 [upload_job.py:push():137] Uploaded file /grid/koo/home/toneyan/profile/QuantPred/wandb/run-20210914_080238-aztbutia/files/requirements.txt
2021-09-14 08:03:16,066 DEBUG   HandlerThread:1087305 [handler.py:handle_request():124] handle_request: poll_exit
2021-09-14 08:03:16,067 DEBUG   SenderThread:1087305 [sender.py:send_request():193] send_request: poll_exit
2021-09-14 08:03:16,168 DEBUG   HandlerThread:1087305 [handler.py:handle_request():124] handle_request: poll_exit
2021-09-14 08:03:16,168 DEBUG   SenderThread:1087305 [sender.py:send_request():193] send_request: poll_exit
2021-09-14 08:03:16,269 DEBUG   HandlerThread:1087305 [handler.py:handle_request():124] handle_request: poll_exit
2021-09-14 08:03:16,270 DEBUG   SenderThread:1087305 [sender.py:send_request():193] send_request: poll_exit
2021-09-14 08:03:16,371 DEBUG   HandlerThread:1087305 [handler.py:handle_request():124] handle_request: poll_exit
2021-09-14 08:03:16,371 DEBUG   SenderThread:1087305 [sender.py:send_request():193] send_request: poll_exit
2021-09-14 08:03:16,476 DEBUG   HandlerThread:1087305 [handler.py:handle_request():124] handle_request: poll_exit
2021-09-14 08:03:16,476 DEBUG   SenderThread:1087305 [sender.py:send_request():193] send_request: poll_exit
2021-09-14 08:03:16,581 DEBUG   HandlerThread:1087305 [handler.py:handle_request():124] handle_request: poll_exit
2021-09-14 08:03:16,581 DEBUG   SenderThread:1087305 [sender.py:send_request():193] send_request: poll_exit
2021-09-14 08:03:16,633 INFO    Thread-14 :1087305 [upload_job.py:push():137] Uploaded file /grid/koo/home/toneyan/profile/QuantPred/wandb/run-20210914_080238-aztbutia/files/wandb-summary.json
2021-09-14 08:03:16,686 DEBUG   HandlerThread:1087305 [handler.py:handle_request():124] handle_request: poll_exit
2021-09-14 08:03:16,686 DEBUG   SenderThread:1087305 [sender.py:send_request():193] send_request: poll_exit
2021-09-14 08:03:16,791 DEBUG   HandlerThread:1087305 [handler.py:handle_request():124] handle_request: poll_exit
2021-09-14 08:03:16,791 DEBUG   SenderThread:1087305 [sender.py:send_request():193] send_request: poll_exit
2021-09-14 08:03:16,833 INFO    Thread-7  :1087305 [sender.py:transition_state():308] send defer: 7
2021-09-14 08:03:16,834 DEBUG   HandlerThread:1087305 [handler.py:handle_request():124] handle_request: defer
2021-09-14 08:03:16,834 INFO    HandlerThread:1087305 [handler.py:handle_request_defer():141] handle defer: 7
2021-09-14 08:03:16,834 DEBUG   SenderThread:1087305 [sender.py:send_request():193] send_request: defer
2021-09-14 08:03:16,834 INFO    SenderThread:1087305 [sender.py:send_request_defer():304] handle sender defer: 7
2021-09-14 08:03:16,889 INFO    SenderThread:1087305 [sender.py:transition_state():308] send defer: 8
2021-09-14 08:03:16,889 DEBUG   HandlerThread:1087305 [handler.py:handle_request():124] handle_request: defer
2021-09-14 08:03:16,889 INFO    HandlerThread:1087305 [handler.py:handle_request_defer():141] handle defer: 8
2021-09-14 08:03:16,889 DEBUG   SenderThread:1087305 [sender.py:send_request():193] send_request: defer
2021-09-14 08:03:16,890 INFO    SenderThread:1087305 [sender.py:send_request_defer():304] handle sender defer: 8
2021-09-14 08:03:16,890 INFO    SenderThread:1087305 [sender.py:transition_state():308] send defer: 9
2021-09-14 08:03:16,890 DEBUG   SenderThread:1087305 [sender.py:send():179] send: final
2021-09-14 08:03:16,890 DEBUG   HandlerThread:1087305 [handler.py:handle_request():124] handle_request: defer
2021-09-14 08:03:16,890 DEBUG   SenderThread:1087305 [sender.py:send():179] send: footer
2021-09-14 08:03:16,890 INFO    HandlerThread:1087305 [handler.py:handle_request_defer():141] handle defer: 9
2021-09-14 08:03:16,890 DEBUG   SenderThread:1087305 [sender.py:send_request():193] send_request: defer
2021-09-14 08:03:16,890 INFO    SenderThread:1087305 [sender.py:send_request_defer():304] handle sender defer: 9
2021-09-14 08:03:16,896 DEBUG   HandlerThread:1087305 [handler.py:handle_request():124] handle_request: poll_exit
2021-09-14 08:03:16,896 DEBUG   SenderThread:1087305 [sender.py:send_request():193] send_request: poll_exit
2021-09-14 08:03:16,896 INFO    SenderThread:1087305 [file_pusher.py:join():182] waiting for file pusher
2021-09-14 08:03:16,900 DEBUG   HandlerThread:1087305 [handler.py:handle_request():124] handle_request: get_summary
2021-09-14 08:03:16,901 DEBUG   HandlerThread:1087305 [handler.py:handle_request():124] handle_request: sampled_history
2021-09-14 08:03:16,901 DEBUG   HandlerThread:1087305 [handler.py:handle_request():124] handle_request: shutdown
2021-09-14 08:03:16,901 INFO    HandlerThread:1087305 [handler.py:finish():638] shutting down handler
2021-09-14 08:03:17,890 INFO    WriterThread:1087305 [datastore.py:close():288] close: /grid/koo/home/toneyan/profile/QuantPred/wandb/run-20210914_080238-aztbutia/run-aztbutia.wandb
2021-09-14 08:03:17,896 INFO    SenderThread:1087305 [sender.py:finish():945] shutting down sender
2021-09-14 08:03:17,896 INFO    SenderThread:1087305 [file_pusher.py:finish():177] shutting down file pusher
2021-09-14 08:03:17,896 INFO    SenderThread:1087305 [file_pusher.py:join():182] waiting for file pusher
2021-09-14 08:03:17,898 INFO    MainThread:1087305 [internal.py:handle_exit():78] Internal process exited
