2021-09-14 10:44:02,224 INFO    MainThread:2276861 [internal.py:wandb_internal():91] W&B internal server running at pid: 2276861, started at: 2021-09-14 10:44:02.223650
2021-09-14 10:44:02,225 DEBUG   HandlerThread:2276861 [handler.py:handle_request():124] handle_request: check_version
2021-09-14 10:44:02,225 INFO    WriterThread:2276861 [datastore.py:open_for_write():80] open: /grid/koo/home/toneyan/profile/QuantPred/wandb/run-20210914_104401-4fja7jlr/run-4fja7jlr.wandb
2021-09-14 10:44:02,227 DEBUG   SenderThread:2276861 [sender.py:send():179] send: header
2021-09-14 10:44:02,227 DEBUG   SenderThread:2276861 [sender.py:send_request():193] send_request: check_version
2021-09-14 10:44:02,257 DEBUG   SenderThread:2276861 [sender.py:send():179] send: run
2021-09-14 10:44:02,362 INFO    SenderThread:2276861 [dir_watcher.py:__init__():168] watching files in: /grid/koo/home/toneyan/profile/QuantPred/wandb/run-20210914_104401-4fja7jlr/files
2021-09-14 10:44:02,362 INFO    SenderThread:2276861 [sender.py:_start_run_threads():719] run started: 4fja7jlr with start time 1631630641
2021-09-14 10:44:02,362 DEBUG   SenderThread:2276861 [sender.py:send():179] send: summary
2021-09-14 10:44:02,363 INFO    SenderThread:2276861 [sender.py:_save_file():841] saving file wandb-summary.json with policy end
2021-09-14 10:44:02,364 DEBUG   HandlerThread:2276861 [handler.py:handle_request():124] handle_request: run_start
2021-09-14 10:44:03,367 INFO    Thread-8  :2276861 [dir_watcher.py:_on_file_created():216] file/dir created: /grid/koo/home/toneyan/profile/QuantPred/wandb/run-20210914_104401-4fja7jlr/files/wandb-summary.json
2021-09-14 10:44:03,523 DEBUG   HandlerThread:2276861 [meta.py:__init__():39] meta init
2021-09-14 10:44:03,523 DEBUG   HandlerThread:2276861 [meta.py:__init__():53] meta init done
2021-09-14 10:44:03,523 DEBUG   HandlerThread:2276861 [meta.py:probe():210] probe
2021-09-14 10:44:03,529 DEBUG   HandlerThread:2276861 [meta.py:_save_pip():57] save pip
2021-09-14 10:44:03,531 DEBUG   HandlerThread:2276861 [meta.py:_save_pip():71] save pip done
2021-09-14 10:44:03,531 DEBUG   HandlerThread:2276861 [meta.py:probe():252] probe done
2021-09-14 10:44:03,533 DEBUG   SenderThread:2276861 [sender.py:send():179] send: files
2021-09-14 10:44:03,534 INFO    SenderThread:2276861 [sender.py:_save_file():841] saving file wandb-metadata.json with policy now
2021-09-14 10:44:03,539 DEBUG   HandlerThread:2276861 [handler.py:handle_request():124] handle_request: stop_status
2021-09-14 10:44:03,539 DEBUG   SenderThread:2276861 [sender.py:send_request():193] send_request: stop_status
2021-09-14 10:44:03,879 INFO    Thread-11 :2276861 [upload_job.py:push():137] Uploaded file /tmp/3287114.1.gpu_ded.q/tmp853c3qtpwandb/1q09hvwx-wandb-metadata.json
2021-09-14 10:44:04,366 INFO    Thread-8  :2276861 [dir_watcher.py:_on_file_created():216] file/dir created: /grid/koo/home/toneyan/profile/QuantPred/wandb/run-20210914_104401-4fja7jlr/files/requirements.txt
2021-09-14 10:44:04,367 INFO    Thread-8  :2276861 [dir_watcher.py:_on_file_created():216] file/dir created: /grid/koo/home/toneyan/profile/QuantPred/wandb/run-20210914_104401-4fja7jlr/files/output.log
2021-09-14 10:44:04,367 INFO    Thread-8  :2276861 [dir_watcher.py:_on_file_created():216] file/dir created: /grid/koo/home/toneyan/profile/QuantPred/wandb/run-20210914_104401-4fja7jlr/files/wandb-metadata.json
2021-09-14 10:44:18,602 DEBUG   HandlerThread:2276861 [handler.py:handle_request():124] handle_request: stop_status
2021-09-14 10:44:18,603 DEBUG   SenderThread:2276861 [sender.py:send_request():193] send_request: stop_status
2021-09-14 10:44:31,909 DEBUG   SenderThread:2276861 [sender.py:send():179] send: stats
2021-09-14 10:44:33,671 DEBUG   HandlerThread:2276861 [handler.py:handle_request():124] handle_request: stop_status
2021-09-14 10:44:33,671 DEBUG   SenderThread:2276861 [sender.py:send_request():193] send_request: stop_status
2021-09-14 10:44:36,678 DEBUG   SenderThread:2276861 [sender.py:send():179] send: telemetry
2021-09-14 10:44:36,679 DEBUG   HandlerThread:2276861 [handler.py:handle_request():124] handle_request: poll_exit
2021-09-14 10:44:36,679 DEBUG   SenderThread:2276861 [sender.py:send():179] send: exit
2021-09-14 10:44:36,679 INFO    SenderThread:2276861 [sender.py:send_exit():287] handling exit code: 1
2021-09-14 10:44:36,679 INFO    SenderThread:2276861 [sender.py:send_exit():295] send defer
2021-09-14 10:44:36,679 DEBUG   SenderThread:2276861 [sender.py:send_request():193] send_request: poll_exit
2021-09-14 10:44:36,679 DEBUG   HandlerThread:2276861 [handler.py:handle_request():124] handle_request: defer
2021-09-14 10:44:36,680 INFO    HandlerThread:2276861 [handler.py:handle_request_defer():141] handle defer: 0
2021-09-14 10:44:36,680 DEBUG   SenderThread:2276861 [sender.py:send_request():193] send_request: defer
2021-09-14 10:44:36,680 INFO    SenderThread:2276861 [sender.py:send_request_defer():304] handle sender defer: 0
2021-09-14 10:44:36,680 INFO    SenderThread:2276861 [sender.py:transition_state():308] send defer: 1
2021-09-14 10:44:36,680 DEBUG   HandlerThread:2276861 [handler.py:handle_request():124] handle_request: defer
2021-09-14 10:44:36,680 INFO    HandlerThread:2276861 [handler.py:handle_request_defer():141] handle defer: 1
2021-09-14 10:44:36,771 DEBUG   SenderThread:2276861 [sender.py:send_request():193] send_request: defer
2021-09-14 10:44:36,771 INFO    SenderThread:2276861 [sender.py:send_request_defer():304] handle sender defer: 1
2021-09-14 10:44:36,771 INFO    SenderThread:2276861 [sender.py:transition_state():308] send defer: 2
2021-09-14 10:44:36,772 DEBUG   SenderThread:2276861 [sender.py:send():179] send: stats
2021-09-14 10:44:36,772 DEBUG   HandlerThread:2276861 [handler.py:handle_request():124] handle_request: defer
2021-09-14 10:44:36,774 INFO    HandlerThread:2276861 [handler.py:handle_request_defer():141] handle defer: 2
2021-09-14 10:44:36,774 DEBUG   SenderThread:2276861 [sender.py:send_request():193] send_request: defer
2021-09-14 10:44:36,774 INFO    SenderThread:2276861 [sender.py:send_request_defer():304] handle sender defer: 2
2021-09-14 10:44:36,774 INFO    SenderThread:2276861 [sender.py:transition_state():308] send defer: 3
2021-09-14 10:44:36,774 DEBUG   HandlerThread:2276861 [handler.py:handle_request():124] handle_request: defer
2021-09-14 10:44:36,774 INFO    HandlerThread:2276861 [handler.py:handle_request_defer():141] handle defer: 3
2021-09-14 10:44:36,774 DEBUG   SenderThread:2276861 [sender.py:send():179] send: summary
2021-09-14 10:44:36,775 INFO    SenderThread:2276861 [sender.py:_save_file():841] saving file wandb-summary.json with policy end
2021-09-14 10:44:36,775 DEBUG   SenderThread:2276861 [sender.py:send_request():193] send_request: defer
2021-09-14 10:44:36,775 INFO    SenderThread:2276861 [sender.py:send_request_defer():304] handle sender defer: 3
2021-09-14 10:44:36,775 INFO    SenderThread:2276861 [sender.py:transition_state():308] send defer: 4
2021-09-14 10:44:36,775 DEBUG   HandlerThread:2276861 [handler.py:handle_request():124] handle_request: defer
2021-09-14 10:44:36,775 INFO    HandlerThread:2276861 [handler.py:handle_request_defer():141] handle defer: 4
2021-09-14 10:44:36,775 DEBUG   SenderThread:2276861 [sender.py:send_request():193] send_request: defer
2021-09-14 10:44:36,775 INFO    SenderThread:2276861 [sender.py:send_request_defer():304] handle sender defer: 4
2021-09-14 10:44:36,781 DEBUG   HandlerThread:2276861 [handler.py:handle_request():124] handle_request: poll_exit
2021-09-14 10:44:36,842 ERROR   SenderThread:2276861 [internal_api.py:execute():130] 429 response executing GraphQL.
2021-09-14 10:44:36,842 ERROR   SenderThread:2276861 [internal_api.py:execute():131] {"error":"rate limit exceeded"}

2021-09-14 10:44:37,377 INFO    Thread-8  :2276861 [dir_watcher.py:_on_file_modified():229] file/dir modified: /grid/koo/home/toneyan/profile/QuantPred/wandb/run-20210914_104401-4fja7jlr/files/wandb-summary.json
2021-09-14 10:44:37,977 ERROR   SenderThread:2276861 [internal_api.py:execute():130] 429 response executing GraphQL.
2021-09-14 10:44:37,977 ERROR   SenderThread:2276861 [internal_api.py:execute():131] {"error":"rate limit exceeded"}

2021-09-14 10:44:40,051 ERROR   SenderThread:2276861 [internal_api.py:execute():130] 429 response executing GraphQL.
2021-09-14 10:44:40,051 ERROR   SenderThread:2276861 [internal_api.py:execute():131] {"error":"rate limit exceeded"}

2021-09-14 10:44:40,051 ERROR   SenderThread:2276861 [retry.py:__call__():126] Retry attempt failed:
Traceback (most recent call last):
  File "/usr/local/lib/python3.6/dist-packages/wandb/sdk/lib/retry.py", line 102, in __call__
    result = self._call_fn(*args, **kwargs)
  File "/usr/local/lib/python3.6/dist-packages/wandb/sdk/internal/internal_api.py", line 133, in execute
    six.reraise(*sys.exc_info())
  File "/usr/local/lib/python3.6/dist-packages/six.py", line 719, in reraise
    raise value
  File "/usr/local/lib/python3.6/dist-packages/wandb/sdk/internal/internal_api.py", line 127, in execute
    return self.client.execute(*args, **kwargs)
  File "/usr/local/lib/python3.6/dist-packages/wandb/vendor/gql-0.2.0/gql/client.py", line 52, in execute
    result = self._get_result(document, *args, **kwargs)
  File "/usr/local/lib/python3.6/dist-packages/wandb/vendor/gql-0.2.0/gql/client.py", line 60, in _get_result
    return self.transport.execute(document, *args, **kwargs)
  File "/usr/local/lib/python3.6/dist-packages/wandb/vendor/gql-0.2.0/gql/transport/requests.py", line 39, in execute
    request.raise_for_status()
  File "/usr/local/lib/python3.6/dist-packages/requests/models.py", line 943, in raise_for_status
    raise HTTPError(http_error_msg, response=self)
requests.exceptions.HTTPError: 429 Client Error: Too Many Requests for url: https://api.wandb.ai/graphql
2021-09-14 10:44:41,881 DEBUG   HandlerThread:2276861 [handler.py:handle_request():124] handle_request: poll_exit
2021-09-14 10:44:44,574 ERROR   SenderThread:2276861 [internal_api.py:execute():130] 429 response executing GraphQL.
2021-09-14 10:44:44,574 ERROR   SenderThread:2276861 [internal_api.py:execute():131] {"error":"rate limit exceeded"}

2021-09-14 10:44:46,982 DEBUG   HandlerThread:2276861 [handler.py:handle_request():124] handle_request: poll_exit
2021-09-14 10:44:52,083 DEBUG   HandlerThread:2276861 [handler.py:handle_request():124] handle_request: poll_exit
2021-09-14 10:44:53,044 INFO    SenderThread:2276861 [sender.py:transition_state():308] send defer: 5
2021-09-14 10:44:53,044 DEBUG   SenderThread:2276861 [sender.py:send_request():193] send_request: poll_exit
2021-09-14 10:44:53,045 DEBUG   SenderThread:2276861 [sender.py:send_request():193] send_request: poll_exit
2021-09-14 10:44:53,045 DEBUG   SenderThread:2276861 [sender.py:send_request():193] send_request: poll_exit
2021-09-14 10:44:53,045 DEBUG   HandlerThread:2276861 [handler.py:handle_request():124] handle_request: defer
2021-09-14 10:44:53,045 DEBUG   SenderThread:2276861 [sender.py:send_request():193] send_request: poll_exit
2021-09-14 10:44:53,045 INFO    HandlerThread:2276861 [handler.py:handle_request_defer():141] handle defer: 5
2021-09-14 10:44:53,046 DEBUG   SenderThread:2276861 [sender.py:send_request():193] send_request: defer
2021-09-14 10:44:53,046 INFO    SenderThread:2276861 [sender.py:send_request_defer():304] handle sender defer: 5
2021-09-14 10:44:53,046 INFO    SenderThread:2276861 [dir_watcher.py:finish():282] shutting down directory watcher
2021-09-14 10:44:53,151 DEBUG   HandlerThread:2276861 [handler.py:handle_request():124] handle_request: poll_exit
2021-09-14 10:44:53,381 INFO    SenderThread:2276861 [dir_watcher.py:_on_file_modified():229] file/dir modified: /grid/koo/home/toneyan/profile/QuantPred/wandb/run-20210914_104401-4fja7jlr/files/config.yaml
2021-09-14 10:44:53,381 INFO    SenderThread:2276861 [dir_watcher.py:finish():312] scan: /grid/koo/home/toneyan/profile/QuantPred/wandb/run-20210914_104401-4fja7jlr/files
2021-09-14 10:44:53,381 INFO    SenderThread:2276861 [dir_watcher.py:finish():318] scan save: /grid/koo/home/toneyan/profile/QuantPred/wandb/run-20210914_104401-4fja7jlr/files/wandb-metadata.json wandb-metadata.json
2021-09-14 10:44:53,381 INFO    SenderThread:2276861 [dir_watcher.py:finish():318] scan save: /grid/koo/home/toneyan/profile/QuantPred/wandb/run-20210914_104401-4fja7jlr/files/config.yaml config.yaml
2021-09-14 10:44:53,381 INFO    SenderThread:2276861 [dir_watcher.py:finish():318] scan save: /grid/koo/home/toneyan/profile/QuantPred/wandb/run-20210914_104401-4fja7jlr/files/requirements.txt requirements.txt
2021-09-14 10:44:53,381 INFO    SenderThread:2276861 [dir_watcher.py:finish():318] scan save: /grid/koo/home/toneyan/profile/QuantPred/wandb/run-20210914_104401-4fja7jlr/files/wandb-summary.json wandb-summary.json
2021-09-14 10:44:53,385 INFO    SenderThread:2276861 [dir_watcher.py:finish():318] scan save: /grid/koo/home/toneyan/profile/QuantPred/wandb/run-20210914_104401-4fja7jlr/files/output.log output.log
2021-09-14 10:44:53,388 INFO    SenderThread:2276861 [sender.py:transition_state():308] send defer: 6
2021-09-14 10:44:53,388 DEBUG   SenderThread:2276861 [sender.py:send_request():193] send_request: poll_exit
2021-09-14 10:44:53,389 DEBUG   HandlerThread:2276861 [handler.py:handle_request():124] handle_request: defer
2021-09-14 10:44:53,395 INFO    HandlerThread:2276861 [handler.py:handle_request_defer():141] handle defer: 6
2021-09-14 10:44:53,395 DEBUG   SenderThread:2276861 [sender.py:send_request():193] send_request: defer
2021-09-14 10:44:53,395 INFO    SenderThread:2276861 [sender.py:send_request_defer():304] handle sender defer: 6
2021-09-14 10:44:53,395 INFO    SenderThread:2276861 [file_pusher.py:finish():177] shutting down file pusher
2021-09-14 10:44:53,496 DEBUG   HandlerThread:2276861 [handler.py:handle_request():124] handle_request: poll_exit
2021-09-14 10:44:53,496 DEBUG   SenderThread:2276861 [sender.py:send_request():193] send_request: poll_exit
2021-09-14 10:44:53,598 DEBUG   HandlerThread:2276861 [handler.py:handle_request():124] handle_request: poll_exit
2021-09-14 10:44:53,598 DEBUG   SenderThread:2276861 [sender.py:send_request():193] send_request: poll_exit
2021-09-14 10:44:53,700 DEBUG   HandlerThread:2276861 [handler.py:handle_request():124] handle_request: poll_exit
2021-09-14 10:44:53,701 DEBUG   SenderThread:2276861 [sender.py:send_request():193] send_request: poll_exit
2021-09-14 10:44:53,742 INFO    Thread-12 :2276861 [upload_job.py:push():137] Uploaded file /grid/koo/home/toneyan/profile/QuantPred/wandb/run-20210914_104401-4fja7jlr/files/config.yaml
2021-09-14 10:44:53,745 INFO    Thread-13 :2276861 [upload_job.py:push():137] Uploaded file /grid/koo/home/toneyan/profile/QuantPred/wandb/run-20210914_104401-4fja7jlr/files/requirements.txt
2021-09-14 10:44:53,745 INFO    Thread-14 :2276861 [upload_job.py:push():137] Uploaded file /grid/koo/home/toneyan/profile/QuantPred/wandb/run-20210914_104401-4fja7jlr/files/wandb-summary.json
2021-09-14 10:44:53,802 DEBUG   HandlerThread:2276861 [handler.py:handle_request():124] handle_request: poll_exit
2021-09-14 10:44:53,803 DEBUG   SenderThread:2276861 [sender.py:send_request():193] send_request: poll_exit
2021-09-14 10:44:53,904 DEBUG   HandlerThread:2276861 [handler.py:handle_request():124] handle_request: poll_exit
2021-09-14 10:44:53,905 DEBUG   SenderThread:2276861 [sender.py:send_request():193] send_request: poll_exit
2021-09-14 10:44:53,946 INFO    Thread-7  :2276861 [sender.py:transition_state():308] send defer: 7
2021-09-14 10:44:53,946 DEBUG   HandlerThread:2276861 [handler.py:handle_request():124] handle_request: defer
2021-09-14 10:44:53,946 INFO    HandlerThread:2276861 [handler.py:handle_request_defer():141] handle defer: 7
2021-09-14 10:44:53,946 DEBUG   SenderThread:2276861 [sender.py:send_request():193] send_request: defer
2021-09-14 10:44:53,946 INFO    SenderThread:2276861 [sender.py:send_request_defer():304] handle sender defer: 7
2021-09-14 10:44:54,006 DEBUG   HandlerThread:2276861 [handler.py:handle_request():124] handle_request: poll_exit
2021-09-14 10:44:54,007 INFO    SenderThread:2276861 [sender.py:transition_state():308] send defer: 8
2021-09-14 10:44:54,007 DEBUG   SenderThread:2276861 [sender.py:send_request():193] send_request: poll_exit
2021-09-14 10:44:54,008 DEBUG   HandlerThread:2276861 [handler.py:handle_request():124] handle_request: defer
2021-09-14 10:44:54,008 INFO    HandlerThread:2276861 [handler.py:handle_request_defer():141] handle defer: 8
2021-09-14 10:44:54,008 DEBUG   SenderThread:2276861 [sender.py:send_request():193] send_request: defer
2021-09-14 10:44:54,008 INFO    SenderThread:2276861 [sender.py:send_request_defer():304] handle sender defer: 8
2021-09-14 10:44:54,008 INFO    SenderThread:2276861 [sender.py:transition_state():308] send defer: 9
2021-09-14 10:44:54,008 DEBUG   SenderThread:2276861 [sender.py:send():179] send: final
2021-09-14 10:44:54,009 DEBUG   HandlerThread:2276861 [handler.py:handle_request():124] handle_request: defer
2021-09-14 10:44:54,009 DEBUG   SenderThread:2276861 [sender.py:send():179] send: footer
2021-09-14 10:44:54,009 INFO    HandlerThread:2276861 [handler.py:handle_request_defer():141] handle defer: 9
2021-09-14 10:44:54,009 DEBUG   SenderThread:2276861 [sender.py:send_request():193] send_request: defer
2021-09-14 10:44:54,009 INFO    SenderThread:2276861 [sender.py:send_request_defer():304] handle sender defer: 9
2021-09-14 10:44:54,109 DEBUG   HandlerThread:2276861 [handler.py:handle_request():124] handle_request: poll_exit
2021-09-14 10:44:54,110 DEBUG   SenderThread:2276861 [sender.py:send_request():193] send_request: poll_exit
2021-09-14 10:44:54,110 INFO    SenderThread:2276861 [file_pusher.py:join():182] waiting for file pusher
2021-09-14 10:44:54,133 DEBUG   HandlerThread:2276861 [handler.py:handle_request():124] handle_request: get_summary
2021-09-14 10:44:54,134 DEBUG   HandlerThread:2276861 [handler.py:handle_request():124] handle_request: sampled_history
2021-09-14 10:44:54,135 DEBUG   HandlerThread:2276861 [handler.py:handle_request():124] handle_request: shutdown
2021-09-14 10:44:54,135 INFO    HandlerThread:2276861 [handler.py:finish():638] shutting down handler
2021-09-14 10:44:55,009 INFO    WriterThread:2276861 [datastore.py:close():288] close: /grid/koo/home/toneyan/profile/QuantPred/wandb/run-20210914_104401-4fja7jlr/run-4fja7jlr.wandb
2021-09-14 10:44:55,110 INFO    SenderThread:2276861 [sender.py:finish():945] shutting down sender
2021-09-14 10:44:55,111 INFO    SenderThread:2276861 [file_pusher.py:finish():177] shutting down file pusher
2021-09-14 10:44:55,111 INFO    SenderThread:2276861 [file_pusher.py:join():182] waiting for file pusher
2021-09-14 10:44:55,112 INFO    MainThread:2276861 [internal.py:handle_exit():78] Internal process exited
