2021-09-19 10:34:48,445 INFO    MainThread:1435810 [internal.py:wandb_internal():91] W&B internal server running at pid: 1435810, started at: 2021-09-19 10:34:48.444904
2021-09-19 10:34:48,446 DEBUG   HandlerThread:1435810 [handler.py:handle_request():124] handle_request: check_version
2021-09-19 10:34:48,447 INFO    WriterThread:1435810 [datastore.py:open_for_write():80] open: /grid/koo/home/toneyan/profile/QuantPred/wandb/run-20210919_103447-x6ihxbvd/run-x6ihxbvd.wandb
2021-09-19 10:34:48,448 DEBUG   SenderThread:1435810 [sender.py:send():179] send: header
2021-09-19 10:34:48,448 DEBUG   SenderThread:1435810 [sender.py:send_request():193] send_request: check_version
2021-09-19 10:34:48,482 DEBUG   SenderThread:1435810 [sender.py:send():179] send: run
2021-09-19 10:34:48,574 INFO    SenderThread:1435810 [dir_watcher.py:__init__():168] watching files in: /grid/koo/home/toneyan/profile/QuantPred/wandb/run-20210919_103447-x6ihxbvd/files
2021-09-19 10:34:48,575 INFO    SenderThread:1435810 [sender.py:_start_run_threads():719] run started: x6ihxbvd with start time 1632062087
2021-09-19 10:34:48,575 DEBUG   SenderThread:1435810 [sender.py:send():179] send: summary
2021-09-19 10:34:48,576 INFO    SenderThread:1435810 [sender.py:_save_file():841] saving file wandb-summary.json with policy end
2021-09-19 10:34:48,576 DEBUG   HandlerThread:1435810 [handler.py:handle_request():124] handle_request: run_start
2021-09-19 10:34:49,578 INFO    Thread-8  :1435810 [dir_watcher.py:_on_file_created():216] file/dir created: /grid/koo/home/toneyan/profile/QuantPred/wandb/run-20210919_103447-x6ihxbvd/files/wandb-summary.json
2021-09-19 10:34:49,748 DEBUG   HandlerThread:1435810 [meta.py:__init__():39] meta init
2021-09-19 10:34:49,748 DEBUG   HandlerThread:1435810 [meta.py:__init__():53] meta init done
2021-09-19 10:34:49,749 DEBUG   HandlerThread:1435810 [meta.py:probe():210] probe
2021-09-19 10:34:49,755 DEBUG   HandlerThread:1435810 [meta.py:_save_pip():57] save pip
2021-09-19 10:34:49,756 DEBUG   HandlerThread:1435810 [meta.py:_save_pip():71] save pip done
2021-09-19 10:34:49,756 DEBUG   HandlerThread:1435810 [meta.py:probe():252] probe done
2021-09-19 10:34:49,758 DEBUG   SenderThread:1435810 [sender.py:send():179] send: files
2021-09-19 10:34:49,758 INFO    SenderThread:1435810 [sender.py:_save_file():841] saving file wandb-metadata.json with policy now
2021-09-19 10:34:49,766 DEBUG   HandlerThread:1435810 [handler.py:handle_request():124] handle_request: stop_status
2021-09-19 10:34:49,766 DEBUG   SenderThread:1435810 [sender.py:send_request():193] send_request: stop_status
2021-09-19 10:34:49,822 ERROR   SenderThread:1435810 [internal_api.py:execute():130] 429 response executing GraphQL.
2021-09-19 10:34:49,822 ERROR   SenderThread:1435810 [internal_api.py:execute():131] {"error":"rate limit exceeded"}

2021-09-19 10:34:49,829 ERROR   Thread-11 :1435810 [internal_api.py:execute():130] 429 response executing GraphQL.
2021-09-19 10:34:49,830 ERROR   Thread-11 :1435810 [internal_api.py:execute():131] {"error":"rate limit exceeded"}

2021-09-19 10:34:50,578 INFO    Thread-8  :1435810 [dir_watcher.py:_on_file_created():216] file/dir created: /grid/koo/home/toneyan/profile/QuantPred/wandb/run-20210919_103447-x6ihxbvd/files/output.log
2021-09-19 10:34:50,578 INFO    Thread-8  :1435810 [dir_watcher.py:_on_file_created():216] file/dir created: /grid/koo/home/toneyan/profile/QuantPred/wandb/run-20210919_103447-x6ihxbvd/files/wandb-metadata.json
2021-09-19 10:34:50,578 INFO    Thread-8  :1435810 [dir_watcher.py:_on_file_created():216] file/dir created: /grid/koo/home/toneyan/profile/QuantPred/wandb/run-20210919_103447-x6ihxbvd/files/requirements.txt
2021-09-19 10:34:51,092 ERROR   Thread-11 :1435810 [internal_api.py:execute():130] 429 response executing GraphQL.
2021-09-19 10:34:51,092 ERROR   Thread-11 :1435810 [internal_api.py:execute():131] {"error":"rate limit exceeded"}

2021-09-19 10:34:51,093 ERROR   Thread-11 :1435810 [retry.py:__call__():126] Retry attempt failed:
Traceback (most recent call last):
  File "/usr/local/lib/python3.6/dist-packages/wandb/sdk/lib/retry.py", line 102, in __call__
    result = self._call_fn(*args, **kwargs)
  File "/usr/local/lib/python3.6/dist-packages/wandb/sdk/internal/internal_api.py", line 133, in execute
    six.reraise(*sys.exc_info())
  File "/usr/local/lib/python3.6/dist-packages/six.py", line 719, in reraise
    raise value
  File "/usr/local/lib/python3.6/dist-packages/wandb/sdk/internal/internal_api.py", line 127, in execute
    return self.client.execute(*args, **kwargs)
  File "/usr/local/lib/python3.6/dist-packages/wandb/vendor/gql-0.2.0/gql/client.py", line 52, in execute
    result = self._get_result(document, *args, **kwargs)
  File "/usr/local/lib/python3.6/dist-packages/wandb/vendor/gql-0.2.0/gql/client.py", line 60, in _get_result
    return self.transport.execute(document, *args, **kwargs)
  File "/usr/local/lib/python3.6/dist-packages/wandb/vendor/gql-0.2.0/gql/transport/requests.py", line 39, in execute
    request.raise_for_status()
  File "/usr/local/lib/python3.6/dist-packages/requests/models.py", line 943, in raise_for_status
    raise HTTPError(http_error_msg, response=self)
requests.exceptions.HTTPError: 429 Client Error: Too Many Requests for url: https://api.wandb.ai/graphql
2021-09-19 10:34:51,103 ERROR   SenderThread:1435810 [internal_api.py:execute():130] 429 response executing GraphQL.
2021-09-19 10:34:51,103 ERROR   SenderThread:1435810 [internal_api.py:execute():131] {"error":"rate limit exceeded"}

2021-09-19 10:34:51,103 ERROR   SenderThread:1435810 [retry.py:__call__():126] Retry attempt failed:
Traceback (most recent call last):
  File "/usr/local/lib/python3.6/dist-packages/wandb/sdk/lib/retry.py", line 102, in __call__
    result = self._call_fn(*args, **kwargs)
  File "/usr/local/lib/python3.6/dist-packages/wandb/sdk/internal/internal_api.py", line 133, in execute
    six.reraise(*sys.exc_info())
  File "/usr/local/lib/python3.6/dist-packages/six.py", line 719, in reraise
    raise value
  File "/usr/local/lib/python3.6/dist-packages/wandb/sdk/internal/internal_api.py", line 127, in execute
    return self.client.execute(*args, **kwargs)
  File "/usr/local/lib/python3.6/dist-packages/wandb/vendor/gql-0.2.0/gql/client.py", line 52, in execute
    result = self._get_result(document, *args, **kwargs)
  File "/usr/local/lib/python3.6/dist-packages/wandb/vendor/gql-0.2.0/gql/client.py", line 60, in _get_result
    return self.transport.execute(document, *args, **kwargs)
  File "/usr/local/lib/python3.6/dist-packages/wandb/vendor/gql-0.2.0/gql/transport/requests.py", line 39, in execute
    request.raise_for_status()
  File "/usr/local/lib/python3.6/dist-packages/requests/models.py", line 943, in raise_for_status
    raise HTTPError(http_error_msg, response=self)
requests.exceptions.HTTPError: 429 Client Error: Too Many Requests for url: https://api.wandb.ai/graphql
2021-09-19 10:34:53,251 ERROR   SenderThread:1435810 [internal_api.py:execute():130] 429 response executing GraphQL.
2021-09-19 10:34:53,251 ERROR   SenderThread:1435810 [internal_api.py:execute():131] {"error":"rate limit exceeded"}

2021-09-19 10:34:53,390 ERROR   Thread-11 :1435810 [internal_api.py:execute():130] 429 response executing GraphQL.
2021-09-19 10:34:53,390 ERROR   Thread-11 :1435810 [internal_api.py:execute():131] {"error":"rate limit exceeded"}

2021-09-19 10:34:57,593 ERROR   Thread-11 :1435810 [internal_api.py:execute():130] 429 response executing GraphQL.
2021-09-19 10:34:57,594 ERROR   Thread-11 :1435810 [internal_api.py:execute():131] {"error":"rate limit exceeded"}

2021-09-19 10:34:57,685 ERROR   SenderThread:1435810 [internal_api.py:execute():130] 429 response executing GraphQL.
2021-09-19 10:34:57,685 ERROR   SenderThread:1435810 [internal_api.py:execute():131] {"error":"rate limit exceeded"}

2021-09-19 10:35:06,880 INFO    Thread-11 :1435810 [upload_job.py:push():137] Uploaded file /tmp/3288854.1.gpu_ded.q/tmpwphf5siowandb/3rm2490n-wandb-metadata.json
2021-09-19 10:35:18,130 DEBUG   SenderThread:1435810 [sender.py:send():179] send: stats
2021-09-19 10:35:20,915 DEBUG   SenderThread:1435810 [sender.py:send():179] send: telemetry
2021-09-19 10:35:20,915 DEBUG   SenderThread:1435810 [sender.py:send():179] send: exit
2021-09-19 10:35:20,915 DEBUG   HandlerThread:1435810 [handler.py:handle_request():124] handle_request: poll_exit
2021-09-19 10:35:20,915 INFO    SenderThread:1435810 [sender.py:send_exit():287] handling exit code: 1
2021-09-19 10:35:20,916 INFO    SenderThread:1435810 [sender.py:send_exit():295] send defer
2021-09-19 10:35:20,916 DEBUG   SenderThread:1435810 [sender.py:send_request():193] send_request: poll_exit
2021-09-19 10:35:20,916 DEBUG   HandlerThread:1435810 [handler.py:handle_request():124] handle_request: defer
2021-09-19 10:35:20,916 INFO    HandlerThread:1435810 [handler.py:handle_request_defer():141] handle defer: 0
2021-09-19 10:35:20,916 DEBUG   SenderThread:1435810 [sender.py:send_request():193] send_request: defer
2021-09-19 10:35:20,917 INFO    SenderThread:1435810 [sender.py:send_request_defer():304] handle sender defer: 0
2021-09-19 10:35:20,917 INFO    SenderThread:1435810 [sender.py:transition_state():308] send defer: 1
2021-09-19 10:35:20,917 DEBUG   HandlerThread:1435810 [handler.py:handle_request():124] handle_request: defer
2021-09-19 10:35:20,917 INFO    HandlerThread:1435810 [handler.py:handle_request_defer():141] handle defer: 1
2021-09-19 10:35:20,981 DEBUG   SenderThread:1435810 [sender.py:send_request():193] send_request: defer
2021-09-19 10:35:20,981 INFO    SenderThread:1435810 [sender.py:send_request_defer():304] handle sender defer: 1
2021-09-19 10:35:20,981 INFO    SenderThread:1435810 [sender.py:transition_state():308] send defer: 2
2021-09-19 10:35:20,982 DEBUG   SenderThread:1435810 [sender.py:send():179] send: stats
2021-09-19 10:35:20,982 DEBUG   HandlerThread:1435810 [handler.py:handle_request():124] handle_request: defer
2021-09-19 10:35:20,983 INFO    HandlerThread:1435810 [handler.py:handle_request_defer():141] handle defer: 2
2021-09-19 10:35:20,984 DEBUG   SenderThread:1435810 [sender.py:send_request():193] send_request: defer
2021-09-19 10:35:20,984 INFO    SenderThread:1435810 [sender.py:send_request_defer():304] handle sender defer: 2
2021-09-19 10:35:20,984 INFO    SenderThread:1435810 [sender.py:transition_state():308] send defer: 3
2021-09-19 10:35:20,984 DEBUG   HandlerThread:1435810 [handler.py:handle_request():124] handle_request: defer
2021-09-19 10:35:20,984 INFO    HandlerThread:1435810 [handler.py:handle_request_defer():141] handle defer: 3
2021-09-19 10:35:20,984 DEBUG   SenderThread:1435810 [sender.py:send():179] send: summary
2021-09-19 10:35:20,985 INFO    SenderThread:1435810 [sender.py:_save_file():841] saving file wandb-summary.json with policy end
2021-09-19 10:35:20,985 DEBUG   SenderThread:1435810 [sender.py:send_request():193] send_request: defer
2021-09-19 10:35:20,985 INFO    SenderThread:1435810 [sender.py:send_request_defer():304] handle sender defer: 3
2021-09-19 10:35:20,985 INFO    SenderThread:1435810 [sender.py:transition_state():308] send defer: 4
2021-09-19 10:35:20,985 DEBUG   HandlerThread:1435810 [handler.py:handle_request():124] handle_request: defer
2021-09-19 10:35:20,985 INFO    HandlerThread:1435810 [handler.py:handle_request_defer():141] handle defer: 4
2021-09-19 10:35:20,985 DEBUG   SenderThread:1435810 [sender.py:send_request():193] send_request: defer
2021-09-19 10:35:20,985 INFO    SenderThread:1435810 [sender.py:send_request_defer():304] handle sender defer: 4
2021-09-19 10:35:21,017 DEBUG   HandlerThread:1435810 [handler.py:handle_request():124] handle_request: poll_exit
2021-09-19 10:35:21,041 ERROR   SenderThread:1435810 [internal_api.py:execute():130] 429 response executing GraphQL.
2021-09-19 10:35:21,041 ERROR   SenderThread:1435810 [internal_api.py:execute():131] {"error":"rate limit exceeded"}

2021-09-19 10:35:21,588 INFO    Thread-8  :1435810 [dir_watcher.py:_on_file_modified():229] file/dir modified: /grid/koo/home/toneyan/profile/QuantPred/wandb/run-20210919_103447-x6ihxbvd/files/wandb-summary.json
2021-09-19 10:35:22,320 ERROR   SenderThread:1435810 [internal_api.py:execute():130] 429 response executing GraphQL.
2021-09-19 10:35:22,321 ERROR   SenderThread:1435810 [internal_api.py:execute():131] {"error":"rate limit exceeded"}

2021-09-19 10:35:24,422 ERROR   SenderThread:1435810 [internal_api.py:execute():130] 429 response executing GraphQL.
2021-09-19 10:35:24,423 ERROR   SenderThread:1435810 [internal_api.py:execute():131] {"error":"rate limit exceeded"}

2021-09-19 10:35:24,423 ERROR   SenderThread:1435810 [retry.py:__call__():126] Retry attempt failed:
Traceback (most recent call last):
  File "/usr/local/lib/python3.6/dist-packages/wandb/sdk/lib/retry.py", line 102, in __call__
    result = self._call_fn(*args, **kwargs)
  File "/usr/local/lib/python3.6/dist-packages/wandb/sdk/internal/internal_api.py", line 133, in execute
    six.reraise(*sys.exc_info())
  File "/usr/local/lib/python3.6/dist-packages/six.py", line 719, in reraise
    raise value
  File "/usr/local/lib/python3.6/dist-packages/wandb/sdk/internal/internal_api.py", line 127, in execute
    return self.client.execute(*args, **kwargs)
  File "/usr/local/lib/python3.6/dist-packages/wandb/vendor/gql-0.2.0/gql/client.py", line 52, in execute
    result = self._get_result(document, *args, **kwargs)
  File "/usr/local/lib/python3.6/dist-packages/wandb/vendor/gql-0.2.0/gql/client.py", line 60, in _get_result
    return self.transport.execute(document, *args, **kwargs)
  File "/usr/local/lib/python3.6/dist-packages/wandb/vendor/gql-0.2.0/gql/transport/requests.py", line 39, in execute
    request.raise_for_status()
  File "/usr/local/lib/python3.6/dist-packages/requests/models.py", line 943, in raise_for_status
    raise HTTPError(http_error_msg, response=self)
requests.exceptions.HTTPError: 429 Client Error: Too Many Requests for url: https://api.wandb.ai/graphql
2021-09-19 10:35:26,118 DEBUG   HandlerThread:1435810 [handler.py:handle_request():124] handle_request: poll_exit
2021-09-19 10:35:28,735 ERROR   SenderThread:1435810 [internal_api.py:execute():130] 429 response executing GraphQL.
2021-09-19 10:35:28,735 ERROR   SenderThread:1435810 [internal_api.py:execute():131] {"error":"rate limit exceeded"}

2021-09-19 10:35:31,219 DEBUG   HandlerThread:1435810 [handler.py:handle_request():124] handle_request: poll_exit
2021-09-19 10:35:36,320 DEBUG   HandlerThread:1435810 [handler.py:handle_request():124] handle_request: poll_exit
2021-09-19 10:35:37,850 INFO    SenderThread:1435810 [sender.py:transition_state():308] send defer: 5
2021-09-19 10:35:37,850 DEBUG   SenderThread:1435810 [sender.py:send_request():193] send_request: poll_exit
2021-09-19 10:35:37,850 DEBUG   SenderThread:1435810 [sender.py:send_request():193] send_request: poll_exit
2021-09-19 10:35:37,850 DEBUG   HandlerThread:1435810 [handler.py:handle_request():124] handle_request: defer
2021-09-19 10:35:37,851 DEBUG   SenderThread:1435810 [sender.py:send_request():193] send_request: poll_exit
2021-09-19 10:35:37,851 INFO    HandlerThread:1435810 [handler.py:handle_request_defer():141] handle defer: 5
2021-09-19 10:35:37,851 DEBUG   SenderThread:1435810 [sender.py:send_request():193] send_request: poll_exit
2021-09-19 10:35:37,851 DEBUG   SenderThread:1435810 [sender.py:send_request():193] send_request: defer
2021-09-19 10:35:37,851 INFO    SenderThread:1435810 [sender.py:send_request_defer():304] handle sender defer: 5
2021-09-19 10:35:37,851 INFO    SenderThread:1435810 [dir_watcher.py:finish():282] shutting down directory watcher
2021-09-19 10:35:37,955 DEBUG   HandlerThread:1435810 [handler.py:handle_request():124] handle_request: poll_exit
2021-09-19 10:35:38,592 INFO    SenderThread:1435810 [dir_watcher.py:_on_file_modified():229] file/dir modified: /grid/koo/home/toneyan/profile/QuantPred/wandb/run-20210919_103447-x6ihxbvd/files/config.yaml
2021-09-19 10:35:38,593 INFO    SenderThread:1435810 [dir_watcher.py:finish():312] scan: /grid/koo/home/toneyan/profile/QuantPred/wandb/run-20210919_103447-x6ihxbvd/files
2021-09-19 10:35:38,593 INFO    SenderThread:1435810 [dir_watcher.py:finish():318] scan save: /grid/koo/home/toneyan/profile/QuantPred/wandb/run-20210919_103447-x6ihxbvd/files/wandb-metadata.json wandb-metadata.json
2021-09-19 10:35:38,593 INFO    SenderThread:1435810 [dir_watcher.py:finish():318] scan save: /grid/koo/home/toneyan/profile/QuantPred/wandb/run-20210919_103447-x6ihxbvd/files/config.yaml config.yaml
2021-09-19 10:35:38,593 INFO    SenderThread:1435810 [dir_watcher.py:finish():318] scan save: /grid/koo/home/toneyan/profile/QuantPred/wandb/run-20210919_103447-x6ihxbvd/files/requirements.txt requirements.txt
2021-09-19 10:35:38,593 INFO    SenderThread:1435810 [dir_watcher.py:finish():318] scan save: /grid/koo/home/toneyan/profile/QuantPred/wandb/run-20210919_103447-x6ihxbvd/files/wandb-summary.json wandb-summary.json
2021-09-19 10:35:38,597 INFO    SenderThread:1435810 [dir_watcher.py:finish():318] scan save: /grid/koo/home/toneyan/profile/QuantPred/wandb/run-20210919_103447-x6ihxbvd/files/output.log output.log
2021-09-19 10:35:38,600 INFO    SenderThread:1435810 [sender.py:transition_state():308] send defer: 6
2021-09-19 10:35:38,600 DEBUG   SenderThread:1435810 [sender.py:send_request():193] send_request: poll_exit
2021-09-19 10:35:38,605 DEBUG   HandlerThread:1435810 [handler.py:handle_request():124] handle_request: defer
2021-09-19 10:35:38,606 INFO    HandlerThread:1435810 [handler.py:handle_request_defer():141] handle defer: 6
2021-09-19 10:35:38,606 DEBUG   SenderThread:1435810 [sender.py:send_request():193] send_request: defer
2021-09-19 10:35:38,606 INFO    SenderThread:1435810 [sender.py:send_request_defer():304] handle sender defer: 6
2021-09-19 10:35:38,606 INFO    SenderThread:1435810 [file_pusher.py:finish():177] shutting down file pusher
2021-09-19 10:35:38,653 ERROR   Thread-12 :1435810 [internal_api.py:execute():130] 429 response executing GraphQL.
2021-09-19 10:35:38,654 ERROR   Thread-12 :1435810 [internal_api.py:execute():131] {"error":"rate limit exceeded"}

2021-09-19 10:35:38,655 ERROR   Thread-14 :1435810 [internal_api.py:execute():130] 429 response executing GraphQL.
2021-09-19 10:35:38,655 ERROR   Thread-14 :1435810 [internal_api.py:execute():131] {"error":"rate limit exceeded"}

2021-09-19 10:35:38,657 ERROR   Thread-13 :1435810 [internal_api.py:execute():130] 429 response executing GraphQL.
2021-09-19 10:35:38,657 ERROR   Thread-13 :1435810 [internal_api.py:execute():131] {"error":"rate limit exceeded"}

2021-09-19 10:35:38,710 DEBUG   HandlerThread:1435810 [handler.py:handle_request():124] handle_request: poll_exit
2021-09-19 10:35:38,710 DEBUG   SenderThread:1435810 [sender.py:send_request():193] send_request: poll_exit
2021-09-19 10:35:38,814 DEBUG   HandlerThread:1435810 [handler.py:handle_request():124] handle_request: poll_exit
2021-09-19 10:35:38,815 DEBUG   SenderThread:1435810 [sender.py:send_request():193] send_request: poll_exit
2021-09-19 10:35:38,916 DEBUG   HandlerThread:1435810 [handler.py:handle_request():124] handle_request: poll_exit
2021-09-19 10:35:38,917 DEBUG   SenderThread:1435810 [sender.py:send_request():193] send_request: poll_exit
2021-09-19 10:35:39,022 DEBUG   HandlerThread:1435810 [handler.py:handle_request():124] handle_request: poll_exit
2021-09-19 10:35:39,022 DEBUG   SenderThread:1435810 [sender.py:send_request():193] send_request: poll_exit
2021-09-19 10:35:39,127 DEBUG   HandlerThread:1435810 [handler.py:handle_request():124] handle_request: poll_exit
2021-09-19 10:35:39,128 DEBUG   SenderThread:1435810 [sender.py:send_request():193] send_request: poll_exit
2021-09-19 10:35:39,233 DEBUG   HandlerThread:1435810 [handler.py:handle_request():124] handle_request: poll_exit
2021-09-19 10:35:39,233 DEBUG   SenderThread:1435810 [sender.py:send_request():193] send_request: poll_exit
2021-09-19 10:35:39,335 DEBUG   HandlerThread:1435810 [handler.py:handle_request():124] handle_request: poll_exit
2021-09-19 10:35:39,335 DEBUG   SenderThread:1435810 [sender.py:send_request():193] send_request: poll_exit
2021-09-19 10:35:39,437 DEBUG   HandlerThread:1435810 [handler.py:handle_request():124] handle_request: poll_exit
2021-09-19 10:35:39,437 DEBUG   SenderThread:1435810 [sender.py:send_request():193] send_request: poll_exit
2021-09-19 10:35:39,539 DEBUG   HandlerThread:1435810 [handler.py:handle_request():124] handle_request: poll_exit
2021-09-19 10:35:39,540 DEBUG   SenderThread:1435810 [sender.py:send_request():193] send_request: poll_exit
2021-09-19 10:35:39,641 DEBUG   HandlerThread:1435810 [handler.py:handle_request():124] handle_request: poll_exit
2021-09-19 10:35:39,642 DEBUG   SenderThread:1435810 [sender.py:send_request():193] send_request: poll_exit
2021-09-19 10:35:39,744 DEBUG   HandlerThread:1435810 [handler.py:handle_request():124] handle_request: poll_exit
2021-09-19 10:35:39,744 DEBUG   SenderThread:1435810 [sender.py:send_request():193] send_request: poll_exit
2021-09-19 10:35:39,842 ERROR   Thread-14 :1435810 [internal_api.py:execute():130] 429 response executing GraphQL.
2021-09-19 10:35:39,842 ERROR   Thread-14 :1435810 [internal_api.py:execute():131] {"error":"rate limit exceeded"}

2021-09-19 10:35:39,845 DEBUG   HandlerThread:1435810 [handler.py:handle_request():124] handle_request: poll_exit
2021-09-19 10:35:39,846 DEBUG   SenderThread:1435810 [sender.py:send_request():193] send_request: poll_exit
2021-09-19 10:35:39,917 ERROR   Thread-12 :1435810 [internal_api.py:execute():130] 429 response executing GraphQL.
2021-09-19 10:35:39,918 ERROR   Thread-12 :1435810 [internal_api.py:execute():131] {"error":"rate limit exceeded"}

2021-09-19 10:35:39,950 DEBUG   HandlerThread:1435810 [handler.py:handle_request():124] handle_request: poll_exit
2021-09-19 10:35:39,950 DEBUG   SenderThread:1435810 [sender.py:send_request():193] send_request: poll_exit
2021-09-19 10:35:39,960 ERROR   Thread-13 :1435810 [internal_api.py:execute():130] 429 response executing GraphQL.
2021-09-19 10:35:39,960 ERROR   Thread-13 :1435810 [internal_api.py:execute():131] {"error":"rate limit exceeded"}

2021-09-19 10:35:40,052 DEBUG   HandlerThread:1435810 [handler.py:handle_request():124] handle_request: poll_exit
2021-09-19 10:35:40,052 DEBUG   SenderThread:1435810 [sender.py:send_request():193] send_request: poll_exit
2021-09-19 10:35:40,154 DEBUG   HandlerThread:1435810 [handler.py:handle_request():124] handle_request: poll_exit
2021-09-19 10:35:40,154 DEBUG   SenderThread:1435810 [sender.py:send_request():193] send_request: poll_exit
2021-09-19 10:35:40,256 DEBUG   HandlerThread:1435810 [handler.py:handle_request():124] handle_request: poll_exit
2021-09-19 10:35:40,257 DEBUG   SenderThread:1435810 [sender.py:send_request():193] send_request: poll_exit
2021-09-19 10:35:40,359 DEBUG   HandlerThread:1435810 [handler.py:handle_request():124] handle_request: poll_exit
2021-09-19 10:35:40,359 DEBUG   SenderThread:1435810 [sender.py:send_request():193] send_request: poll_exit
2021-09-19 10:35:40,461 DEBUG   HandlerThread:1435810 [handler.py:handle_request():124] handle_request: poll_exit
2021-09-19 10:35:40,461 DEBUG   SenderThread:1435810 [sender.py:send_request():193] send_request: poll_exit
2021-09-19 10:35:40,566 DEBUG   HandlerThread:1435810 [handler.py:handle_request():124] handle_request: poll_exit
2021-09-19 10:35:40,567 DEBUG   SenderThread:1435810 [sender.py:send_request():193] send_request: poll_exit
2021-09-19 10:35:40,669 DEBUG   HandlerThread:1435810 [handler.py:handle_request():124] handle_request: poll_exit
2021-09-19 10:35:40,669 DEBUG   SenderThread:1435810 [sender.py:send_request():193] send_request: poll_exit
2021-09-19 10:35:40,771 DEBUG   HandlerThread:1435810 [handler.py:handle_request():124] handle_request: poll_exit
2021-09-19 10:35:40,771 DEBUG   SenderThread:1435810 [sender.py:send_request():193] send_request: poll_exit
2021-09-19 10:35:40,873 DEBUG   HandlerThread:1435810 [handler.py:handle_request():124] handle_request: poll_exit
2021-09-19 10:35:40,873 DEBUG   SenderThread:1435810 [sender.py:send_request():193] send_request: poll_exit
2021-09-19 10:35:40,975 DEBUG   HandlerThread:1435810 [handler.py:handle_request():124] handle_request: poll_exit
2021-09-19 10:35:40,975 DEBUG   SenderThread:1435810 [sender.py:send_request():193] send_request: poll_exit
2021-09-19 10:35:41,077 DEBUG   HandlerThread:1435810 [handler.py:handle_request():124] handle_request: poll_exit
2021-09-19 10:35:41,077 DEBUG   SenderThread:1435810 [sender.py:send_request():193] send_request: poll_exit
2021-09-19 10:35:41,179 DEBUG   HandlerThread:1435810 [handler.py:handle_request():124] handle_request: poll_exit
2021-09-19 10:35:41,179 DEBUG   SenderThread:1435810 [sender.py:send_request():193] send_request: poll_exit
2021-09-19 10:35:41,281 DEBUG   HandlerThread:1435810 [handler.py:handle_request():124] handle_request: poll_exit
2021-09-19 10:35:41,281 DEBUG   SenderThread:1435810 [sender.py:send_request():193] send_request: poll_exit
2021-09-19 10:35:41,383 DEBUG   HandlerThread:1435810 [handler.py:handle_request():124] handle_request: poll_exit
2021-09-19 10:35:41,383 DEBUG   SenderThread:1435810 [sender.py:send_request():193] send_request: poll_exit
2021-09-19 10:35:41,485 DEBUG   HandlerThread:1435810 [handler.py:handle_request():124] handle_request: poll_exit
2021-09-19 10:35:41,486 DEBUG   SenderThread:1435810 [sender.py:send_request():193] send_request: poll_exit
2021-09-19 10:35:41,587 DEBUG   HandlerThread:1435810 [handler.py:handle_request():124] handle_request: poll_exit
2021-09-19 10:35:41,588 DEBUG   SenderThread:1435810 [sender.py:send_request():193] send_request: poll_exit
2021-09-19 10:35:41,689 DEBUG   HandlerThread:1435810 [handler.py:handle_request():124] handle_request: poll_exit
2021-09-19 10:35:41,690 DEBUG   SenderThread:1435810 [sender.py:send_request():193] send_request: poll_exit
2021-09-19 10:35:41,792 DEBUG   HandlerThread:1435810 [handler.py:handle_request():124] handle_request: poll_exit
2021-09-19 10:35:41,792 DEBUG   SenderThread:1435810 [sender.py:send_request():193] send_request: poll_exit
2021-09-19 10:35:41,894 DEBUG   HandlerThread:1435810 [handler.py:handle_request():124] handle_request: poll_exit
2021-09-19 10:35:41,894 DEBUG   SenderThread:1435810 [sender.py:send_request():193] send_request: poll_exit
2021-09-19 10:35:41,999 DEBUG   HandlerThread:1435810 [handler.py:handle_request():124] handle_request: poll_exit
2021-09-19 10:35:41,999 DEBUG   SenderThread:1435810 [sender.py:send_request():193] send_request: poll_exit
2021-09-19 10:35:42,036 ERROR   Thread-13 :1435810 [internal_api.py:execute():130] 429 response executing GraphQL.
2021-09-19 10:35:42,036 ERROR   Thread-13 :1435810 [internal_api.py:execute():131] {"error":"rate limit exceeded"}

2021-09-19 10:35:42,081 ERROR   Thread-14 :1435810 [internal_api.py:execute():130] 429 response executing GraphQL.
2021-09-19 10:35:42,082 ERROR   Thread-14 :1435810 [internal_api.py:execute():131] {"error":"rate limit exceeded"}

2021-09-19 10:35:42,104 DEBUG   HandlerThread:1435810 [handler.py:handle_request():124] handle_request: poll_exit
2021-09-19 10:35:42,104 DEBUG   SenderThread:1435810 [sender.py:send_request():193] send_request: poll_exit
2021-09-19 10:35:42,210 DEBUG   HandlerThread:1435810 [handler.py:handle_request():124] handle_request: poll_exit
2021-09-19 10:35:42,211 DEBUG   SenderThread:1435810 [sender.py:send_request():193] send_request: poll_exit
2021-09-19 10:35:42,317 DEBUG   HandlerThread:1435810 [handler.py:handle_request():124] handle_request: poll_exit
2021-09-19 10:35:42,317 DEBUG   SenderThread:1435810 [sender.py:send_request():193] send_request: poll_exit
2021-09-19 10:35:42,386 ERROR   Thread-12 :1435810 [internal_api.py:execute():130] 429 response executing GraphQL.
2021-09-19 10:35:42,386 ERROR   Thread-12 :1435810 [internal_api.py:execute():131] {"error":"rate limit exceeded"}

2021-09-19 10:35:42,418 DEBUG   HandlerThread:1435810 [handler.py:handle_request():124] handle_request: poll_exit
2021-09-19 10:35:42,419 DEBUG   SenderThread:1435810 [sender.py:send_request():193] send_request: poll_exit
2021-09-19 10:35:42,524 DEBUG   HandlerThread:1435810 [handler.py:handle_request():124] handle_request: poll_exit
2021-09-19 10:35:42,524 DEBUG   SenderThread:1435810 [sender.py:send_request():193] send_request: poll_exit
2021-09-19 10:35:42,625 DEBUG   HandlerThread:1435810 [handler.py:handle_request():124] handle_request: poll_exit
2021-09-19 10:35:42,626 DEBUG   SenderThread:1435810 [sender.py:send_request():193] send_request: poll_exit
2021-09-19 10:35:42,732 DEBUG   HandlerThread:1435810 [handler.py:handle_request():124] handle_request: poll_exit
2021-09-19 10:35:42,732 DEBUG   SenderThread:1435810 [sender.py:send_request():193] send_request: poll_exit
2021-09-19 10:35:42,834 DEBUG   HandlerThread:1435810 [handler.py:handle_request():124] handle_request: poll_exit
2021-09-19 10:35:42,834 DEBUG   SenderThread:1435810 [sender.py:send_request():193] send_request: poll_exit
2021-09-19 10:35:42,936 DEBUG   HandlerThread:1435810 [handler.py:handle_request():124] handle_request: poll_exit
2021-09-19 10:35:42,936 DEBUG   SenderThread:1435810 [sender.py:send_request():193] send_request: poll_exit
2021-09-19 10:35:43,038 DEBUG   HandlerThread:1435810 [handler.py:handle_request():124] handle_request: poll_exit
2021-09-19 10:35:43,038 DEBUG   SenderThread:1435810 [sender.py:send_request():193] send_request: poll_exit
2021-09-19 10:35:43,140 DEBUG   HandlerThread:1435810 [handler.py:handle_request():124] handle_request: poll_exit
2021-09-19 10:35:43,140 DEBUG   SenderThread:1435810 [sender.py:send_request():193] send_request: poll_exit
2021-09-19 10:35:43,242 DEBUG   HandlerThread:1435810 [handler.py:handle_request():124] handle_request: poll_exit
2021-09-19 10:35:43,242 DEBUG   SenderThread:1435810 [sender.py:send_request():193] send_request: poll_exit
2021-09-19 10:35:43,344 DEBUG   HandlerThread:1435810 [handler.py:handle_request():124] handle_request: poll_exit
2021-09-19 10:35:43,344 DEBUG   SenderThread:1435810 [sender.py:send_request():193] send_request: poll_exit
2021-09-19 10:35:43,446 DEBUG   HandlerThread:1435810 [handler.py:handle_request():124] handle_request: poll_exit
2021-09-19 10:35:43,446 DEBUG   SenderThread:1435810 [sender.py:send_request():193] send_request: poll_exit
2021-09-19 10:35:43,548 DEBUG   HandlerThread:1435810 [handler.py:handle_request():124] handle_request: poll_exit
2021-09-19 10:35:43,548 DEBUG   SenderThread:1435810 [sender.py:send_request():193] send_request: poll_exit
2021-09-19 10:35:43,650 DEBUG   HandlerThread:1435810 [handler.py:handle_request():124] handle_request: poll_exit
2021-09-19 10:35:43,650 DEBUG   SenderThread:1435810 [sender.py:send_request():193] send_request: poll_exit
2021-09-19 10:35:43,752 DEBUG   HandlerThread:1435810 [handler.py:handle_request():124] handle_request: poll_exit
2021-09-19 10:35:43,752 DEBUG   SenderThread:1435810 [sender.py:send_request():193] send_request: poll_exit
2021-09-19 10:35:43,854 DEBUG   HandlerThread:1435810 [handler.py:handle_request():124] handle_request: poll_exit
2021-09-19 10:35:43,854 DEBUG   SenderThread:1435810 [sender.py:send_request():193] send_request: poll_exit
2021-09-19 10:35:43,956 DEBUG   HandlerThread:1435810 [handler.py:handle_request():124] handle_request: poll_exit
2021-09-19 10:35:43,956 DEBUG   SenderThread:1435810 [sender.py:send_request():193] send_request: poll_exit
2021-09-19 10:35:44,058 DEBUG   HandlerThread:1435810 [handler.py:handle_request():124] handle_request: poll_exit
2021-09-19 10:35:44,058 DEBUG   SenderThread:1435810 [sender.py:send_request():193] send_request: poll_exit
2021-09-19 10:35:44,160 DEBUG   HandlerThread:1435810 [handler.py:handle_request():124] handle_request: poll_exit
2021-09-19 10:35:44,160 DEBUG   SenderThread:1435810 [sender.py:send_request():193] send_request: poll_exit
2021-09-19 10:35:44,262 DEBUG   HandlerThread:1435810 [handler.py:handle_request():124] handle_request: poll_exit
2021-09-19 10:35:44,262 DEBUG   SenderThread:1435810 [sender.py:send_request():193] send_request: poll_exit
2021-09-19 10:35:44,364 DEBUG   HandlerThread:1435810 [handler.py:handle_request():124] handle_request: poll_exit
2021-09-19 10:35:44,365 DEBUG   SenderThread:1435810 [sender.py:send_request():193] send_request: poll_exit
2021-09-19 10:35:44,466 DEBUG   HandlerThread:1435810 [handler.py:handle_request():124] handle_request: poll_exit
2021-09-19 10:35:44,467 DEBUG   SenderThread:1435810 [sender.py:send_request():193] send_request: poll_exit
2021-09-19 10:35:44,568 DEBUG   HandlerThread:1435810 [handler.py:handle_request():124] handle_request: poll_exit
2021-09-19 10:35:44,569 DEBUG   SenderThread:1435810 [sender.py:send_request():193] send_request: poll_exit
2021-09-19 10:35:44,670 DEBUG   HandlerThread:1435810 [handler.py:handle_request():124] handle_request: poll_exit
2021-09-19 10:35:44,671 DEBUG   SenderThread:1435810 [sender.py:send_request():193] send_request: poll_exit
2021-09-19 10:35:44,773 DEBUG   HandlerThread:1435810 [handler.py:handle_request():124] handle_request: poll_exit
2021-09-19 10:35:44,773 DEBUG   SenderThread:1435810 [sender.py:send_request():193] send_request: poll_exit
2021-09-19 10:35:44,874 DEBUG   HandlerThread:1435810 [handler.py:handle_request():124] handle_request: poll_exit
2021-09-19 10:35:44,875 DEBUG   SenderThread:1435810 [sender.py:send_request():193] send_request: poll_exit
2021-09-19 10:35:44,977 DEBUG   HandlerThread:1435810 [handler.py:handle_request():124] handle_request: poll_exit
2021-09-19 10:35:44,977 DEBUG   SenderThread:1435810 [sender.py:send_request():193] send_request: poll_exit
2021-09-19 10:35:45,079 DEBUG   HandlerThread:1435810 [handler.py:handle_request():124] handle_request: poll_exit
2021-09-19 10:35:45,080 DEBUG   SenderThread:1435810 [sender.py:send_request():193] send_request: poll_exit
2021-09-19 10:35:45,181 DEBUG   HandlerThread:1435810 [handler.py:handle_request():124] handle_request: poll_exit
2021-09-19 10:35:45,182 DEBUG   SenderThread:1435810 [sender.py:send_request():193] send_request: poll_exit
2021-09-19 10:35:45,284 DEBUG   HandlerThread:1435810 [handler.py:handle_request():124] handle_request: poll_exit
2021-09-19 10:35:45,284 DEBUG   SenderThread:1435810 [sender.py:send_request():193] send_request: poll_exit
2021-09-19 10:35:45,386 DEBUG   HandlerThread:1435810 [handler.py:handle_request():124] handle_request: poll_exit
2021-09-19 10:35:45,386 DEBUG   SenderThread:1435810 [sender.py:send_request():193] send_request: poll_exit
2021-09-19 10:35:45,488 DEBUG   HandlerThread:1435810 [handler.py:handle_request():124] handle_request: poll_exit
2021-09-19 10:35:45,488 DEBUG   SenderThread:1435810 [sender.py:send_request():193] send_request: poll_exit
2021-09-19 10:35:45,592 DEBUG   HandlerThread:1435810 [handler.py:handle_request():124] handle_request: poll_exit
2021-09-19 10:35:45,593 DEBUG   SenderThread:1435810 [sender.py:send_request():193] send_request: poll_exit
2021-09-19 10:35:45,695 DEBUG   HandlerThread:1435810 [handler.py:handle_request():124] handle_request: poll_exit
2021-09-19 10:35:45,695 DEBUG   SenderThread:1435810 [sender.py:send_request():193] send_request: poll_exit
2021-09-19 10:35:45,797 DEBUG   HandlerThread:1435810 [handler.py:handle_request():124] handle_request: poll_exit
2021-09-19 10:35:45,797 DEBUG   SenderThread:1435810 [sender.py:send_request():193] send_request: poll_exit
2021-09-19 10:35:45,899 DEBUG   HandlerThread:1435810 [handler.py:handle_request():124] handle_request: poll_exit
2021-09-19 10:35:45,899 DEBUG   SenderThread:1435810 [sender.py:send_request():193] send_request: poll_exit
2021-09-19 10:35:46,001 DEBUG   HandlerThread:1435810 [handler.py:handle_request():124] handle_request: poll_exit
2021-09-19 10:35:46,001 DEBUG   SenderThread:1435810 [sender.py:send_request():193] send_request: poll_exit
2021-09-19 10:35:46,103 DEBUG   HandlerThread:1435810 [handler.py:handle_request():124] handle_request: poll_exit
2021-09-19 10:35:46,103 DEBUG   SenderThread:1435810 [sender.py:send_request():193] send_request: poll_exit
2021-09-19 10:35:46,205 DEBUG   HandlerThread:1435810 [handler.py:handle_request():124] handle_request: poll_exit
2021-09-19 10:35:46,205 DEBUG   SenderThread:1435810 [sender.py:send_request():193] send_request: poll_exit
2021-09-19 10:35:46,307 DEBUG   HandlerThread:1435810 [handler.py:handle_request():124] handle_request: poll_exit
2021-09-19 10:35:46,307 DEBUG   SenderThread:1435810 [sender.py:send_request():193] send_request: poll_exit
2021-09-19 10:35:46,409 DEBUG   HandlerThread:1435810 [handler.py:handle_request():124] handle_request: poll_exit
2021-09-19 10:35:46,409 DEBUG   SenderThread:1435810 [sender.py:send_request():193] send_request: poll_exit
2021-09-19 10:35:46,511 DEBUG   HandlerThread:1435810 [handler.py:handle_request():124] handle_request: poll_exit
2021-09-19 10:35:46,511 DEBUG   SenderThread:1435810 [sender.py:send_request():193] send_request: poll_exit
2021-09-19 10:35:46,612 DEBUG   HandlerThread:1435810 [handler.py:handle_request():124] handle_request: poll_exit
2021-09-19 10:35:46,613 DEBUG   SenderThread:1435810 [sender.py:send_request():193] send_request: poll_exit
2021-09-19 10:35:46,714 DEBUG   HandlerThread:1435810 [handler.py:handle_request():124] handle_request: poll_exit
2021-09-19 10:35:46,715 DEBUG   SenderThread:1435810 [sender.py:send_request():193] send_request: poll_exit
2021-09-19 10:35:46,737 INFO    Thread-13 :1435810 [upload_job.py:push():137] Uploaded file /grid/koo/home/toneyan/profile/QuantPred/wandb/run-20210919_103447-x6ihxbvd/files/requirements.txt
2021-09-19 10:35:46,816 DEBUG   HandlerThread:1435810 [handler.py:handle_request():124] handle_request: poll_exit
2021-09-19 10:35:46,816 DEBUG   SenderThread:1435810 [sender.py:send_request():193] send_request: poll_exit
2021-09-19 10:35:46,918 DEBUG   HandlerThread:1435810 [handler.py:handle_request():124] handle_request: poll_exit
2021-09-19 10:35:46,918 DEBUG   SenderThread:1435810 [sender.py:send_request():193] send_request: poll_exit
2021-09-19 10:35:46,934 INFO    Thread-14 :1435810 [upload_job.py:push():137] Uploaded file /grid/koo/home/toneyan/profile/QuantPred/wandb/run-20210919_103447-x6ihxbvd/files/wandb-summary.json
2021-09-19 10:35:47,020 DEBUG   HandlerThread:1435810 [handler.py:handle_request():124] handle_request: poll_exit
2021-09-19 10:35:47,020 DEBUG   SenderThread:1435810 [sender.py:send_request():193] send_request: poll_exit
2021-09-19 10:35:47,121 DEBUG   HandlerThread:1435810 [handler.py:handle_request():124] handle_request: poll_exit
2021-09-19 10:35:47,122 DEBUG   SenderThread:1435810 [sender.py:send_request():193] send_request: poll_exit
2021-09-19 10:35:47,127 INFO    Thread-12 :1435810 [upload_job.py:push():137] Uploaded file /grid/koo/home/toneyan/profile/QuantPred/wandb/run-20210919_103447-x6ihxbvd/files/config.yaml
2021-09-19 10:35:47,223 DEBUG   HandlerThread:1435810 [handler.py:handle_request():124] handle_request: poll_exit
2021-09-19 10:35:47,224 DEBUG   SenderThread:1435810 [sender.py:send_request():193] send_request: poll_exit
2021-09-19 10:35:47,325 DEBUG   HandlerThread:1435810 [handler.py:handle_request():124] handle_request: poll_exit
2021-09-19 10:35:47,326 DEBUG   SenderThread:1435810 [sender.py:send_request():193] send_request: poll_exit
2021-09-19 10:35:47,327 INFO    Thread-7  :1435810 [sender.py:transition_state():308] send defer: 7
2021-09-19 10:35:47,328 DEBUG   HandlerThread:1435810 [handler.py:handle_request():124] handle_request: defer
2021-09-19 10:35:47,328 INFO    HandlerThread:1435810 [handler.py:handle_request_defer():141] handle defer: 7
2021-09-19 10:35:47,328 DEBUG   SenderThread:1435810 [sender.py:send_request():193] send_request: defer
2021-09-19 10:35:47,328 INFO    SenderThread:1435810 [sender.py:send_request_defer():304] handle sender defer: 7
2021-09-19 10:35:47,383 INFO    SenderThread:1435810 [sender.py:transition_state():308] send defer: 8
2021-09-19 10:35:47,384 DEBUG   HandlerThread:1435810 [handler.py:handle_request():124] handle_request: defer
2021-09-19 10:35:47,384 INFO    HandlerThread:1435810 [handler.py:handle_request_defer():141] handle defer: 8
2021-09-19 10:35:47,384 DEBUG   SenderThread:1435810 [sender.py:send_request():193] send_request: defer
2021-09-19 10:35:47,384 INFO    SenderThread:1435810 [sender.py:send_request_defer():304] handle sender defer: 8
2021-09-19 10:35:47,384 INFO    SenderThread:1435810 [sender.py:transition_state():308] send defer: 9
2021-09-19 10:35:47,384 DEBUG   SenderThread:1435810 [sender.py:send():179] send: final
2021-09-19 10:35:47,385 DEBUG   HandlerThread:1435810 [handler.py:handle_request():124] handle_request: defer
2021-09-19 10:35:47,385 DEBUG   SenderThread:1435810 [sender.py:send():179] send: footer
2021-09-19 10:35:47,385 INFO    HandlerThread:1435810 [handler.py:handle_request_defer():141] handle defer: 9
2021-09-19 10:35:47,385 DEBUG   SenderThread:1435810 [sender.py:send_request():193] send_request: defer
2021-09-19 10:35:47,385 INFO    SenderThread:1435810 [sender.py:send_request_defer():304] handle sender defer: 9
2021-09-19 10:35:47,427 DEBUG   HandlerThread:1435810 [handler.py:handle_request():124] handle_request: poll_exit
2021-09-19 10:35:47,427 DEBUG   SenderThread:1435810 [sender.py:send_request():193] send_request: poll_exit
2021-09-19 10:35:47,428 INFO    SenderThread:1435810 [file_pusher.py:join():182] waiting for file pusher
2021-09-19 10:35:47,429 DEBUG   HandlerThread:1435810 [handler.py:handle_request():124] handle_request: get_summary
2021-09-19 10:35:47,429 DEBUG   HandlerThread:1435810 [handler.py:handle_request():124] handle_request: sampled_history
2021-09-19 10:35:47,429 DEBUG   HandlerThread:1435810 [handler.py:handle_request():124] handle_request: shutdown
2021-09-19 10:35:47,429 INFO    HandlerThread:1435810 [handler.py:finish():638] shutting down handler
2021-09-19 10:35:48,385 INFO    WriterThread:1435810 [datastore.py:close():288] close: /grid/koo/home/toneyan/profile/QuantPred/wandb/run-20210919_103447-x6ihxbvd/run-x6ihxbvd.wandb
2021-09-19 10:35:48,428 INFO    SenderThread:1435810 [sender.py:finish():945] shutting down sender
2021-09-19 10:35:48,428 INFO    SenderThread:1435810 [file_pusher.py:finish():177] shutting down file pusher
2021-09-19 10:35:48,428 INFO    SenderThread:1435810 [file_pusher.py:join():182] waiting for file pusher
2021-09-19 10:35:48,429 INFO    MainThread:1435810 [internal.py:handle_exit():78] Internal process exited
