2021-09-18 17:08:36,404 INFO    MainThread:1461203 [internal.py:wandb_internal():91] W&B internal server running at pid: 1461203, started at: 2021-09-18 17:08:36.404084
2021-09-18 17:08:36,406 DEBUG   HandlerThread:1461203 [handler.py:handle_request():124] handle_request: check_version
2021-09-18 17:08:36,406 INFO    WriterThread:1461203 [datastore.py:open_for_write():80] open: /grid/koo/home/toneyan/profile/QuantPred/wandb/run-20210918_170835-2bivj1qh/run-2bivj1qh.wandb
2021-09-18 17:08:36,408 DEBUG   SenderThread:1461203 [sender.py:send():179] send: header
2021-09-18 17:08:36,408 DEBUG   SenderThread:1461203 [sender.py:send_request():193] send_request: check_version
2021-09-18 17:08:36,435 DEBUG   SenderThread:1461203 [sender.py:send():179] send: run
2021-09-18 17:08:36,496 ERROR   SenderThread:1461203 [internal_api.py:execute():130] 429 response executing GraphQL.
2021-09-18 17:08:36,497 ERROR   SenderThread:1461203 [internal_api.py:execute():131] {"error":"rate limit exceeded"}

2021-09-18 17:08:37,615 ERROR   SenderThread:1461203 [internal_api.py:execute():130] 429 response executing GraphQL.
2021-09-18 17:08:37,615 ERROR   SenderThread:1461203 [internal_api.py:execute():131] {"error":"rate limit exceeded"}

2021-09-18 17:08:39,754 ERROR   SenderThread:1461203 [internal_api.py:execute():130] 429 response executing GraphQL.
2021-09-18 17:08:39,754 ERROR   SenderThread:1461203 [internal_api.py:execute():131] {"error":"rate limit exceeded"}

2021-09-18 17:08:39,754 ERROR   SenderThread:1461203 [retry.py:__call__():126] Retry attempt failed:
Traceback (most recent call last):
  File "/usr/local/lib/python3.6/dist-packages/wandb/sdk/lib/retry.py", line 102, in __call__
    result = self._call_fn(*args, **kwargs)
  File "/usr/local/lib/python3.6/dist-packages/wandb/sdk/internal/internal_api.py", line 133, in execute
    six.reraise(*sys.exc_info())
  File "/usr/local/lib/python3.6/dist-packages/six.py", line 719, in reraise
    raise value
  File "/usr/local/lib/python3.6/dist-packages/wandb/sdk/internal/internal_api.py", line 127, in execute
    return self.client.execute(*args, **kwargs)
  File "/usr/local/lib/python3.6/dist-packages/wandb/vendor/gql-0.2.0/gql/client.py", line 52, in execute
    result = self._get_result(document, *args, **kwargs)
  File "/usr/local/lib/python3.6/dist-packages/wandb/vendor/gql-0.2.0/gql/client.py", line 60, in _get_result
    return self.transport.execute(document, *args, **kwargs)
  File "/usr/local/lib/python3.6/dist-packages/wandb/vendor/gql-0.2.0/gql/transport/requests.py", line 39, in execute
    request.raise_for_status()
  File "/usr/local/lib/python3.6/dist-packages/requests/models.py", line 943, in raise_for_status
    raise HTTPError(http_error_msg, response=self)
requests.exceptions.HTTPError: 429 Client Error: Too Many Requests for url: https://api.wandb.ai/graphql
2021-09-18 17:08:43,984 ERROR   SenderThread:1461203 [internal_api.py:execute():130] 429 response executing GraphQL.
2021-09-18 17:08:43,984 ERROR   SenderThread:1461203 [internal_api.py:execute():131] {"error":"rate limit exceeded"}

2021-09-18 17:08:52,929 INFO    SenderThread:1461203 [dir_watcher.py:__init__():168] watching files in: /grid/koo/home/toneyan/profile/QuantPred/wandb/run-20210918_170835-2bivj1qh/files
2021-09-18 17:08:52,929 INFO    SenderThread:1461203 [sender.py:_start_run_threads():719] run started: 2bivj1qh with start time 1631999315
2021-09-18 17:08:52,931 DEBUG   SenderThread:1461203 [sender.py:send():179] send: summary
2021-09-18 17:08:52,932 INFO    SenderThread:1461203 [sender.py:_save_file():841] saving file wandb-summary.json with policy end
2021-09-18 17:08:52,933 DEBUG   HandlerThread:1461203 [handler.py:handle_request():124] handle_request: run_start
2021-09-18 17:08:53,936 INFO    Thread-8  :1461203 [dir_watcher.py:_on_file_created():216] file/dir created: /grid/koo/home/toneyan/profile/QuantPred/wandb/run-20210918_170835-2bivj1qh/files/wandb-summary.json
2021-09-18 17:08:54,091 DEBUG   HandlerThread:1461203 [meta.py:__init__():39] meta init
2021-09-18 17:08:54,092 DEBUG   HandlerThread:1461203 [meta.py:__init__():53] meta init done
2021-09-18 17:08:54,092 DEBUG   HandlerThread:1461203 [meta.py:probe():210] probe
2021-09-18 17:08:54,097 DEBUG   HandlerThread:1461203 [meta.py:_save_pip():57] save pip
2021-09-18 17:08:54,099 DEBUG   HandlerThread:1461203 [meta.py:_save_pip():71] save pip done
2021-09-18 17:08:54,099 DEBUG   HandlerThread:1461203 [meta.py:probe():252] probe done
2021-09-18 17:08:54,102 DEBUG   SenderThread:1461203 [sender.py:send():179] send: files
2021-09-18 17:08:54,102 INFO    SenderThread:1461203 [sender.py:_save_file():841] saving file wandb-metadata.json with policy now
2021-09-18 17:08:54,108 DEBUG   HandlerThread:1461203 [handler.py:handle_request():124] handle_request: stop_status
2021-09-18 17:08:54,108 DEBUG   SenderThread:1461203 [sender.py:send_request():193] send_request: stop_status
2021-09-18 17:08:54,402 INFO    Thread-11 :1461203 [upload_job.py:push():137] Uploaded file /tmp/3288848.1.gpu_ded.q/tmpyalf6zpjwandb/2zmcuan8-wandb-metadata.json
2021-09-18 17:08:54,935 INFO    Thread-8  :1461203 [dir_watcher.py:_on_file_created():216] file/dir created: /grid/koo/home/toneyan/profile/QuantPred/wandb/run-20210918_170835-2bivj1qh/files/requirements.txt
2021-09-18 17:08:54,936 INFO    Thread-8  :1461203 [dir_watcher.py:_on_file_created():216] file/dir created: /grid/koo/home/toneyan/profile/QuantPred/wandb/run-20210918_170835-2bivj1qh/files/wandb-metadata.json
2021-09-18 17:08:54,936 INFO    Thread-8  :1461203 [dir_watcher.py:_on_file_created():216] file/dir created: /grid/koo/home/toneyan/profile/QuantPred/wandb/run-20210918_170835-2bivj1qh/files/output.log
2021-09-18 17:09:09,521 DEBUG   HandlerThread:1461203 [handler.py:handle_request():124] handle_request: stop_status
2021-09-18 17:09:09,521 DEBUG   SenderThread:1461203 [sender.py:send_request():193] send_request: stop_status
2021-09-18 17:09:09,575 ERROR   SenderThread:1461203 [internal_api.py:execute():130] 429 response executing GraphQL.
2021-09-18 17:09:09,576 ERROR   SenderThread:1461203 [internal_api.py:execute():131] {"error":"rate limit exceeded"}

2021-09-18 17:09:10,644 ERROR   SenderThread:1461203 [internal_api.py:execute():130] 429 response executing GraphQL.
2021-09-18 17:09:10,644 ERROR   SenderThread:1461203 [internal_api.py:execute():131] {"error":"rate limit exceeded"}

2021-09-18 17:09:12,852 ERROR   SenderThread:1461203 [internal_api.py:execute():130] 429 response executing GraphQL.
2021-09-18 17:09:12,853 ERROR   SenderThread:1461203 [internal_api.py:execute():131] {"error":"rate limit exceeded"}

2021-09-18 17:09:12,853 ERROR   SenderThread:1461203 [retry.py:__call__():126] Retry attempt failed:
Traceback (most recent call last):
  File "/usr/local/lib/python3.6/dist-packages/wandb/sdk/lib/retry.py", line 102, in __call__
    result = self._call_fn(*args, **kwargs)
  File "/usr/local/lib/python3.6/dist-packages/wandb/sdk/internal/internal_api.py", line 133, in execute
    six.reraise(*sys.exc_info())
  File "/usr/local/lib/python3.6/dist-packages/six.py", line 719, in reraise
    raise value
  File "/usr/local/lib/python3.6/dist-packages/wandb/sdk/internal/internal_api.py", line 127, in execute
    return self.client.execute(*args, **kwargs)
  File "/usr/local/lib/python3.6/dist-packages/wandb/vendor/gql-0.2.0/gql/client.py", line 52, in execute
    result = self._get_result(document, *args, **kwargs)
  File "/usr/local/lib/python3.6/dist-packages/wandb/vendor/gql-0.2.0/gql/client.py", line 60, in _get_result
    return self.transport.execute(document, *args, **kwargs)
  File "/usr/local/lib/python3.6/dist-packages/wandb/vendor/gql-0.2.0/gql/transport/requests.py", line 39, in execute
    request.raise_for_status()
  File "/usr/local/lib/python3.6/dist-packages/requests/models.py", line 943, in raise_for_status
    raise HTTPError(http_error_msg, response=self)
requests.exceptions.HTTPError: 429 Client Error: Too Many Requests for url: https://api.wandb.ai/graphql
2021-09-18 17:09:22,479 DEBUG   SenderThread:1461203 [sender.py:send():179] send: stats
2021-09-18 17:09:29,128 DEBUG   HandlerThread:1461203 [handler.py:handle_request():124] handle_request: poll_exit
2021-09-18 17:09:29,128 DEBUG   SenderThread:1461203 [sender.py:send():179] send: telemetry
2021-09-18 17:09:29,129 DEBUG   SenderThread:1461203 [sender.py:send():179] send: exit
2021-09-18 17:09:29,129 INFO    SenderThread:1461203 [sender.py:send_exit():287] handling exit code: 1
2021-09-18 17:09:29,129 INFO    SenderThread:1461203 [sender.py:send_exit():295] send defer
2021-09-18 17:09:29,129 DEBUG   SenderThread:1461203 [sender.py:send_request():193] send_request: poll_exit
2021-09-18 17:09:29,130 DEBUG   HandlerThread:1461203 [handler.py:handle_request():124] handle_request: defer
2021-09-18 17:09:29,130 INFO    HandlerThread:1461203 [handler.py:handle_request_defer():141] handle defer: 0
2021-09-18 17:09:29,130 DEBUG   SenderThread:1461203 [sender.py:send_request():193] send_request: defer
2021-09-18 17:09:29,130 INFO    SenderThread:1461203 [sender.py:send_request_defer():304] handle sender defer: 0
2021-09-18 17:09:29,130 INFO    SenderThread:1461203 [sender.py:transition_state():308] send defer: 1
2021-09-18 17:09:29,130 DEBUG   HandlerThread:1461203 [handler.py:handle_request():124] handle_request: defer
2021-09-18 17:09:29,130 INFO    HandlerThread:1461203 [handler.py:handle_request_defer():141] handle defer: 1
2021-09-18 17:09:29,171 DEBUG   SenderThread:1461203 [sender.py:send_request():193] send_request: defer
2021-09-18 17:09:29,172 INFO    SenderThread:1461203 [sender.py:send_request_defer():304] handle sender defer: 1
2021-09-18 17:09:29,172 INFO    SenderThread:1461203 [sender.py:transition_state():308] send defer: 2
2021-09-18 17:09:29,172 DEBUG   SenderThread:1461203 [sender.py:send():179] send: stats
2021-09-18 17:09:29,173 DEBUG   HandlerThread:1461203 [handler.py:handle_request():124] handle_request: defer
2021-09-18 17:09:29,174 INFO    HandlerThread:1461203 [handler.py:handle_request_defer():141] handle defer: 2
2021-09-18 17:09:29,175 DEBUG   SenderThread:1461203 [sender.py:send_request():193] send_request: defer
2021-09-18 17:09:29,175 INFO    SenderThread:1461203 [sender.py:send_request_defer():304] handle sender defer: 2
2021-09-18 17:09:29,175 INFO    SenderThread:1461203 [sender.py:transition_state():308] send defer: 3
2021-09-18 17:09:29,175 DEBUG   HandlerThread:1461203 [handler.py:handle_request():124] handle_request: defer
2021-09-18 17:09:29,176 INFO    HandlerThread:1461203 [handler.py:handle_request_defer():141] handle defer: 3
2021-09-18 17:09:29,176 DEBUG   SenderThread:1461203 [sender.py:send():179] send: summary
2021-09-18 17:09:29,176 INFO    SenderThread:1461203 [sender.py:_save_file():841] saving file wandb-summary.json with policy end
2021-09-18 17:09:29,177 DEBUG   SenderThread:1461203 [sender.py:send_request():193] send_request: defer
2021-09-18 17:09:29,177 INFO    SenderThread:1461203 [sender.py:send_request_defer():304] handle sender defer: 3
2021-09-18 17:09:29,177 INFO    SenderThread:1461203 [sender.py:transition_state():308] send defer: 4
2021-09-18 17:09:29,177 DEBUG   HandlerThread:1461203 [handler.py:handle_request():124] handle_request: defer
2021-09-18 17:09:29,177 INFO    HandlerThread:1461203 [handler.py:handle_request_defer():141] handle defer: 4
2021-09-18 17:09:29,177 DEBUG   SenderThread:1461203 [sender.py:send_request():193] send_request: defer
2021-09-18 17:09:29,177 INFO    SenderThread:1461203 [sender.py:send_request_defer():304] handle sender defer: 4
2021-09-18 17:09:29,231 DEBUG   HandlerThread:1461203 [handler.py:handle_request():124] handle_request: poll_exit
2021-09-18 17:09:29,235 ERROR   SenderThread:1461203 [internal_api.py:execute():130] 429 response executing GraphQL.
2021-09-18 17:09:29,235 ERROR   SenderThread:1461203 [internal_api.py:execute():131] {"error":"rate limit exceeded"}

2021-09-18 17:09:29,948 INFO    Thread-8  :1461203 [dir_watcher.py:_on_file_modified():229] file/dir modified: /grid/koo/home/toneyan/profile/QuantPred/wandb/run-20210918_170835-2bivj1qh/files/wandb-summary.json
2021-09-18 17:09:30,553 INFO    SenderThread:1461203 [sender.py:transition_state():308] send defer: 5
2021-09-18 17:09:30,553 DEBUG   SenderThread:1461203 [sender.py:send_request():193] send_request: poll_exit
2021-09-18 17:09:30,554 DEBUG   HandlerThread:1461203 [handler.py:handle_request():124] handle_request: defer
2021-09-18 17:09:30,554 INFO    HandlerThread:1461203 [handler.py:handle_request_defer():141] handle defer: 5
2021-09-18 17:09:30,554 DEBUG   SenderThread:1461203 [sender.py:send_request():193] send_request: defer
2021-09-18 17:09:30,554 INFO    SenderThread:1461203 [sender.py:send_request_defer():304] handle sender defer: 5
2021-09-18 17:09:30,554 INFO    SenderThread:1461203 [dir_watcher.py:finish():282] shutting down directory watcher
2021-09-18 17:09:30,655 DEBUG   HandlerThread:1461203 [handler.py:handle_request():124] handle_request: poll_exit
2021-09-18 17:09:30,949 INFO    Thread-8  :1461203 [dir_watcher.py:_on_file_modified():229] file/dir modified: /grid/koo/home/toneyan/profile/QuantPred/wandb/run-20210918_170835-2bivj1qh/files/config.yaml
2021-09-18 17:09:30,950 INFO    SenderThread:1461203 [dir_watcher.py:finish():312] scan: /grid/koo/home/toneyan/profile/QuantPred/wandb/run-20210918_170835-2bivj1qh/files
2021-09-18 17:09:30,950 INFO    SenderThread:1461203 [dir_watcher.py:finish():318] scan save: /grid/koo/home/toneyan/profile/QuantPred/wandb/run-20210918_170835-2bivj1qh/files/wandb-metadata.json wandb-metadata.json
2021-09-18 17:09:30,950 INFO    SenderThread:1461203 [dir_watcher.py:finish():318] scan save: /grid/koo/home/toneyan/profile/QuantPred/wandb/run-20210918_170835-2bivj1qh/files/config.yaml config.yaml
2021-09-18 17:09:30,950 INFO    SenderThread:1461203 [dir_watcher.py:finish():318] scan save: /grid/koo/home/toneyan/profile/QuantPred/wandb/run-20210918_170835-2bivj1qh/files/requirements.txt requirements.txt
2021-09-18 17:09:30,950 INFO    SenderThread:1461203 [dir_watcher.py:finish():318] scan save: /grid/koo/home/toneyan/profile/QuantPred/wandb/run-20210918_170835-2bivj1qh/files/wandb-summary.json wandb-summary.json
2021-09-18 17:09:30,953 INFO    SenderThread:1461203 [dir_watcher.py:finish():318] scan save: /grid/koo/home/toneyan/profile/QuantPred/wandb/run-20210918_170835-2bivj1qh/files/output.log output.log
2021-09-18 17:09:30,957 INFO    SenderThread:1461203 [sender.py:transition_state():308] send defer: 6
2021-09-18 17:09:30,957 DEBUG   SenderThread:1461203 [sender.py:send_request():193] send_request: poll_exit
2021-09-18 17:09:30,962 DEBUG   HandlerThread:1461203 [handler.py:handle_request():124] handle_request: defer
2021-09-18 17:09:30,962 INFO    HandlerThread:1461203 [handler.py:handle_request_defer():141] handle defer: 6
2021-09-18 17:09:30,962 DEBUG   SenderThread:1461203 [sender.py:send_request():193] send_request: defer
2021-09-18 17:09:30,963 INFO    SenderThread:1461203 [sender.py:send_request_defer():304] handle sender defer: 6
2021-09-18 17:09:30,963 INFO    SenderThread:1461203 [file_pusher.py:finish():177] shutting down file pusher
2021-09-18 17:09:31,063 DEBUG   HandlerThread:1461203 [handler.py:handle_request():124] handle_request: poll_exit
2021-09-18 17:09:31,063 DEBUG   SenderThread:1461203 [sender.py:send_request():193] send_request: poll_exit
2021-09-18 17:09:31,165 DEBUG   HandlerThread:1461203 [handler.py:handle_request():124] handle_request: poll_exit
2021-09-18 17:09:31,165 DEBUG   SenderThread:1461203 [sender.py:send_request():193] send_request: poll_exit
2021-09-18 17:09:31,266 DEBUG   HandlerThread:1461203 [handler.py:handle_request():124] handle_request: poll_exit
2021-09-18 17:09:31,267 DEBUG   SenderThread:1461203 [sender.py:send_request():193] send_request: poll_exit
2021-09-18 17:09:31,296 INFO    Thread-13 :1461203 [upload_job.py:push():137] Uploaded file /grid/koo/home/toneyan/profile/QuantPred/wandb/run-20210918_170835-2bivj1qh/files/requirements.txt
2021-09-18 17:09:31,297 INFO    Thread-14 :1461203 [upload_job.py:push():137] Uploaded file /grid/koo/home/toneyan/profile/QuantPred/wandb/run-20210918_170835-2bivj1qh/files/wandb-summary.json
2021-09-18 17:09:31,298 INFO    Thread-12 :1461203 [upload_job.py:push():137] Uploaded file /grid/koo/home/toneyan/profile/QuantPred/wandb/run-20210918_170835-2bivj1qh/files/config.yaml
2021-09-18 17:09:31,368 DEBUG   HandlerThread:1461203 [handler.py:handle_request():124] handle_request: poll_exit
2021-09-18 17:09:31,368 DEBUG   SenderThread:1461203 [sender.py:send_request():193] send_request: poll_exit
2021-09-18 17:09:31,470 DEBUG   HandlerThread:1461203 [handler.py:handle_request():124] handle_request: poll_exit
2021-09-18 17:09:31,470 DEBUG   SenderThread:1461203 [sender.py:send_request():193] send_request: poll_exit
2021-09-18 17:09:31,499 INFO    Thread-7  :1461203 [sender.py:transition_state():308] send defer: 7
2021-09-18 17:09:31,499 DEBUG   HandlerThread:1461203 [handler.py:handle_request():124] handle_request: defer
2021-09-18 17:09:31,499 INFO    HandlerThread:1461203 [handler.py:handle_request_defer():141] handle defer: 7
2021-09-18 17:09:31,499 DEBUG   SenderThread:1461203 [sender.py:send_request():193] send_request: defer
2021-09-18 17:09:31,499 INFO    SenderThread:1461203 [sender.py:send_request_defer():304] handle sender defer: 7
2021-09-18 17:09:31,552 INFO    SenderThread:1461203 [sender.py:transition_state():308] send defer: 8
2021-09-18 17:09:31,552 DEBUG   HandlerThread:1461203 [handler.py:handle_request():124] handle_request: defer
2021-09-18 17:09:31,552 INFO    HandlerThread:1461203 [handler.py:handle_request_defer():141] handle defer: 8
2021-09-18 17:09:31,553 DEBUG   SenderThread:1461203 [sender.py:send_request():193] send_request: defer
2021-09-18 17:09:31,553 INFO    SenderThread:1461203 [sender.py:send_request_defer():304] handle sender defer: 8
2021-09-18 17:09:31,553 INFO    SenderThread:1461203 [sender.py:transition_state():308] send defer: 9
2021-09-18 17:09:31,553 DEBUG   SenderThread:1461203 [sender.py:send():179] send: final
2021-09-18 17:09:31,553 DEBUG   SenderThread:1461203 [sender.py:send():179] send: footer
2021-09-18 17:09:31,553 DEBUG   HandlerThread:1461203 [handler.py:handle_request():124] handle_request: defer
2021-09-18 17:09:31,553 INFO    HandlerThread:1461203 [handler.py:handle_request_defer():141] handle defer: 9
2021-09-18 17:09:31,553 DEBUG   SenderThread:1461203 [sender.py:send_request():193] send_request: defer
2021-09-18 17:09:31,554 INFO    SenderThread:1461203 [sender.py:send_request_defer():304] handle sender defer: 9
2021-09-18 17:09:31,572 DEBUG   HandlerThread:1461203 [handler.py:handle_request():124] handle_request: poll_exit
2021-09-18 17:09:31,572 DEBUG   SenderThread:1461203 [sender.py:send_request():193] send_request: poll_exit
2021-09-18 17:09:31,572 INFO    SenderThread:1461203 [file_pusher.py:join():182] waiting for file pusher
2021-09-18 17:09:31,573 DEBUG   HandlerThread:1461203 [handler.py:handle_request():124] handle_request: get_summary
2021-09-18 17:09:31,573 DEBUG   HandlerThread:1461203 [handler.py:handle_request():124] handle_request: sampled_history
2021-09-18 17:09:31,574 DEBUG   HandlerThread:1461203 [handler.py:handle_request():124] handle_request: shutdown
2021-09-18 17:09:31,574 INFO    HandlerThread:1461203 [handler.py:finish():638] shutting down handler
2021-09-18 17:09:32,553 INFO    WriterThread:1461203 [datastore.py:close():288] close: /grid/koo/home/toneyan/profile/QuantPred/wandb/run-20210918_170835-2bivj1qh/run-2bivj1qh.wandb
2021-09-18 17:09:32,572 INFO    SenderThread:1461203 [sender.py:finish():945] shutting down sender
2021-09-18 17:09:32,572 INFO    SenderThread:1461203 [file_pusher.py:finish():177] shutting down file pusher
2021-09-18 17:09:32,572 INFO    SenderThread:1461203 [file_pusher.py:join():182] waiting for file pusher
2021-09-18 17:09:32,574 INFO    MainThread:1461203 [internal.py:handle_exit():78] Internal process exited
