2021-08-25 04:01:49,618 INFO    MainThread:2153773 [internal.py:wandb_internal():91] W&B internal server running at pid: 2153773, started at: 2021-08-25 04:01:49.617222
2021-08-25 04:01:49,620 DEBUG   HandlerThread:2153773 [handler.py:handle_request():124] handle_request: check_version
2021-08-25 04:01:49,620 INFO    WriterThread:2153773 [datastore.py:open_for_write():80] open: /grid/koo/home/ztang/QuantPred/wandb/run-20210825_040148-nieq47kf/run-nieq47kf.wandb
2021-08-25 04:01:49,623 DEBUG   SenderThread:2153773 [sender.py:send():179] send: header
2021-08-25 04:01:49,623 DEBUG   SenderThread:2153773 [sender.py:send_request():193] send_request: check_version
2021-08-25 04:01:49,671 DEBUG   SenderThread:2153773 [sender.py:send():179] send: run
2021-08-25 04:01:49,765 INFO    SenderThread:2153773 [dir_watcher.py:__init__():168] watching files in: /grid/koo/home/ztang/QuantPred/wandb/run-20210825_040148-nieq47kf/files
2021-08-25 04:01:49,765 INFO    SenderThread:2153773 [sender.py:_start_run_threads():719] run started: nieq47kf with start time 1629878508
2021-08-25 04:01:49,765 DEBUG   SenderThread:2153773 [sender.py:send():179] send: summary
2021-08-25 04:01:49,766 DEBUG   HandlerThread:2153773 [handler.py:handle_request():124] handle_request: run_start
2021-08-25 04:01:49,767 INFO    SenderThread:2153773 [sender.py:_save_file():841] saving file wandb-summary.json with policy end
2021-08-25 04:01:50,770 INFO    Thread-8  :2153773 [dir_watcher.py:_on_file_created():216] file/dir created: /grid/koo/home/ztang/QuantPred/wandb/run-20210825_040148-nieq47kf/files/wandb-summary.json
2021-08-25 04:01:51,786 DEBUG   HandlerThread:2153773 [meta.py:__init__():39] meta init
2021-08-25 04:01:51,786 DEBUG   HandlerThread:2153773 [meta.py:__init__():53] meta init done
2021-08-25 04:01:51,786 DEBUG   HandlerThread:2153773 [meta.py:probe():210] probe
2021-08-25 04:01:51,792 DEBUG   HandlerThread:2153773 [meta.py:_save_pip():57] save pip
2021-08-25 04:01:51,794 DEBUG   HandlerThread:2153773 [meta.py:_save_pip():71] save pip done
2021-08-25 04:01:51,795 DEBUG   HandlerThread:2153773 [meta.py:probe():252] probe done
2021-08-25 04:01:51,798 DEBUG   SenderThread:2153773 [sender.py:send():179] send: files
2021-08-25 04:01:51,799 INFO    SenderThread:2153773 [sender.py:_save_file():841] saving file wandb-metadata.json with policy now
2021-08-25 04:01:51,819 DEBUG   HandlerThread:2153773 [handler.py:handle_request():124] handle_request: stop_status
2021-08-25 04:01:51,820 DEBUG   SenderThread:2153773 [sender.py:send_request():193] send_request: stop_status
2021-08-25 04:01:52,210 INFO    Thread-11 :2153773 [upload_job.py:push():137] Uploaded file /tmp/3250053.1.gpu.q/tmp7kb58o9cwandb/302krh22-wandb-metadata.json
2021-08-25 04:01:52,772 INFO    Thread-8  :2153773 [dir_watcher.py:_on_file_created():216] file/dir created: /grid/koo/home/ztang/QuantPred/wandb/run-20210825_040148-nieq47kf/files/output.log
2021-08-25 04:01:52,772 INFO    Thread-8  :2153773 [dir_watcher.py:_on_file_created():216] file/dir created: /grid/koo/home/ztang/QuantPred/wandb/run-20210825_040148-nieq47kf/files/requirements.txt
2021-08-25 04:01:52,772 INFO    Thread-8  :2153773 [dir_watcher.py:_on_file_created():216] file/dir created: /grid/koo/home/ztang/QuantPred/wandb/run-20210825_040148-nieq47kf/files/wandb-metadata.json
2021-08-25 04:01:53,321 DEBUG   SenderThread:2153773 [sender.py:send():179] send: files
2021-08-25 04:01:53,321 INFO    SenderThread:2153773 [sender.py:_save_file():841] saving file model-best.h5 with policy live
2021-08-25 04:01:53,321 DEBUG   HandlerThread:2153773 [handler.py:handle_request():124] handle_request: get_summary
2021-08-25 04:01:57,432 DEBUG   SenderThread:2153773 [sender.py:send():179] send: files
2021-08-25 04:01:57,432 INFO    SenderThread:2153773 [sender.py:_save_file():841] saving file media/graph/graph_summary_105b766848e5d2bf425c.graph.json with policy now
2021-08-25 04:01:57,433 DEBUG   SenderThread:2153773 [sender.py:send():179] send: summary
2021-08-25 04:01:57,437 INFO    SenderThread:2153773 [sender.py:_save_file():841] saving file wandb-summary.json with policy end
2021-08-25 04:01:57,502 ERROR   Thread-12 :2153773 [internal_api.py:execute():130] 429 response executing GraphQL.
2021-08-25 04:01:57,502 ERROR   Thread-12 :2153773 [internal_api.py:execute():131] {"error":"rate limit exceeded"}

2021-08-25 04:01:57,774 INFO    Thread-8  :2153773 [dir_watcher.py:_on_file_modified():229] file/dir modified: /grid/koo/home/ztang/QuantPred/wandb/run-20210825_040148-nieq47kf/files/wandb-summary.json
2021-08-25 04:01:57,775 INFO    Thread-8  :2153773 [dir_watcher.py:_on_file_created():216] file/dir created: /grid/koo/home/ztang/QuantPred/wandb/run-20210825_040148-nieq47kf/files/media/graph/graph_summary_105b766848e5d2bf425c.graph.json
2021-08-25 04:01:57,775 INFO    Thread-8  :2153773 [dir_watcher.py:_on_file_created():216] file/dir created: /grid/koo/home/ztang/QuantPred/wandb/run-20210825_040148-nieq47kf/files/media
2021-08-25 04:01:57,775 INFO    Thread-8  :2153773 [dir_watcher.py:_on_file_created():216] file/dir created: /grid/koo/home/ztang/QuantPred/wandb/run-20210825_040148-nieq47kf/files/media/graph
2021-08-25 04:01:58,644 ERROR   Thread-12 :2153773 [internal_api.py:execute():130] 429 response executing GraphQL.
2021-08-25 04:01:58,645 ERROR   Thread-12 :2153773 [internal_api.py:execute():131] {"error":"rate limit exceeded"}

2021-08-25 04:02:01,155 INFO    Thread-12 :2153773 [upload_job.py:push():137] Uploaded file /tmp/3250053.1.gpu.q/tmp7kb58o9cwandb/2h358ifx-media/graph/graph_summary_105b766848e5d2bf425c.graph.json
2021-08-25 04:02:07,677 DEBUG   HandlerThread:2153773 [handler.py:handle_request():124] handle_request: stop_status
2021-08-25 04:02:07,677 DEBUG   SenderThread:2153773 [sender.py:send_request():193] send_request: stop_status
2021-08-25 04:02:07,739 ERROR   SenderThread:2153773 [internal_api.py:execute():130] 429 response executing GraphQL.
2021-08-25 04:02:07,740 ERROR   SenderThread:2153773 [internal_api.py:execute():131] {"error":"rate limit exceeded"}

2021-08-25 04:02:08,869 ERROR   SenderThread:2153773 [internal_api.py:execute():130] 429 response executing GraphQL.
2021-08-25 04:02:08,870 ERROR   SenderThread:2153773 [internal_api.py:execute():131] {"error":"rate limit exceeded"}

2021-08-25 04:02:11,360 ERROR   SenderThread:2153773 [internal_api.py:execute():130] 429 response executing GraphQL.
2021-08-25 04:02:11,360 ERROR   SenderThread:2153773 [internal_api.py:execute():131] {"error":"rate limit exceeded"}

2021-08-25 04:02:11,360 ERROR   SenderThread:2153773 [retry.py:__call__():126] Retry attempt failed:
Traceback (most recent call last):
  File "/usr/local/lib/python3.6/dist-packages/wandb/sdk/lib/retry.py", line 102, in __call__
    result = self._call_fn(*args, **kwargs)
  File "/usr/local/lib/python3.6/dist-packages/wandb/sdk/internal/internal_api.py", line 133, in execute
    six.reraise(*sys.exc_info())
  File "/usr/local/lib/python3.6/dist-packages/six.py", line 719, in reraise
    raise value
  File "/usr/local/lib/python3.6/dist-packages/wandb/sdk/internal/internal_api.py", line 127, in execute
    return self.client.execute(*args, **kwargs)
  File "/usr/local/lib/python3.6/dist-packages/wandb/vendor/gql-0.2.0/gql/client.py", line 52, in execute
    result = self._get_result(document, *args, **kwargs)
  File "/usr/local/lib/python3.6/dist-packages/wandb/vendor/gql-0.2.0/gql/client.py", line 60, in _get_result
    return self.transport.execute(document, *args, **kwargs)
  File "/usr/local/lib/python3.6/dist-packages/wandb/vendor/gql-0.2.0/gql/transport/requests.py", line 39, in execute
    request.raise_for_status()
  File "/usr/local/lib/python3.6/dist-packages/requests/models.py", line 943, in raise_for_status
    raise HTTPError(http_error_msg, response=self)
requests.exceptions.HTTPError: 429 Client Error: Too Many Requests for url: https://api.wandb.ai/graphql
2021-08-25 04:02:20,420 DEBUG   SenderThread:2153773 [sender.py:send():179] send: stats
2021-08-25 04:02:31,434 DEBUG   HandlerThread:2153773 [handler.py:handle_request():124] handle_request: stop_status
2021-08-25 04:02:31,434 DEBUG   SenderThread:2153773 [sender.py:send_request():193] send_request: stop_status
2021-08-25 04:02:46,503 DEBUG   HandlerThread:2153773 [handler.py:handle_request():124] handle_request: stop_status
2021-08-25 04:02:46,503 DEBUG   SenderThread:2153773 [sender.py:send_request():193] send_request: stop_status
2021-08-25 04:02:50,993 DEBUG   SenderThread:2153773 [sender.py:send():179] send: stats
2021-08-25 04:03:00,482 DEBUG   SenderThread:2153773 [sender.py:send():179] send: history
2021-08-25 04:03:00,482 DEBUG   SenderThread:2153773 [sender.py:send():179] send: summary
2021-08-25 04:03:00,484 INFO    SenderThread:2153773 [sender.py:_save_file():841] saving file wandb-summary.json with policy end
2021-08-25 04:03:00,484 DEBUG   SenderThread:2153773 [sender.py:send():179] send: summary
2021-08-25 04:03:00,485 INFO    SenderThread:2153773 [sender.py:_save_file():841] saving file wandb-summary.json with policy end
2021-08-25 04:03:00,485 DEBUG   SenderThread:2153773 [sender.py:send():179] send: summary
2021-08-25 04:03:00,486 INFO    SenderThread:2153773 [sender.py:_save_file():841] saving file wandb-summary.json with policy end
2021-08-25 04:03:00,812 INFO    Thread-8  :2153773 [dir_watcher.py:_on_file_modified():229] file/dir modified: /grid/koo/home/ztang/QuantPred/wandb/run-20210825_040148-nieq47kf/files/wandb-summary.json
2021-08-25 04:03:00,813 INFO    Thread-8  :2153773 [dir_watcher.py:_on_file_created():216] file/dir created: /grid/koo/home/ztang/QuantPred/wandb/run-20210825_040148-nieq47kf/files/model-best.h5
2021-08-25 04:03:01,574 DEBUG   HandlerThread:2153773 [handler.py:handle_request():124] handle_request: stop_status
2021-08-25 04:03:01,574 DEBUG   SenderThread:2153773 [sender.py:send_request():193] send_request: stop_status
2021-08-25 04:03:02,032 INFO    Thread-13 :2153773 [upload_job.py:push():137] Uploaded file /tmp/3250053.1.gpu.q/tmp7kb58o9cwandb/2hhiilip-model-best.h5
2021-08-25 04:03:16,649 DEBUG   HandlerThread:2153773 [handler.py:handle_request():124] handle_request: stop_status
2021-08-25 04:03:16,650 DEBUG   SenderThread:2153773 [sender.py:send_request():193] send_request: stop_status
2021-08-25 04:03:21,671 DEBUG   SenderThread:2153773 [sender.py:send():179] send: stats
2021-08-25 04:03:31,719 DEBUG   HandlerThread:2153773 [handler.py:handle_request():124] handle_request: stop_status
2021-08-25 04:03:31,719 DEBUG   SenderThread:2153773 [sender.py:send_request():193] send_request: stop_status
2021-08-25 04:03:46,792 DEBUG   HandlerThread:2153773 [handler.py:handle_request():124] handle_request: stop_status
2021-08-25 04:03:46,792 DEBUG   SenderThread:2153773 [sender.py:send_request():193] send_request: stop_status
2021-08-25 04:03:52,261 DEBUG   SenderThread:2153773 [sender.py:send():179] send: stats
2021-08-25 04:04:01,862 DEBUG   HandlerThread:2153773 [handler.py:handle_request():124] handle_request: stop_status
2021-08-25 04:04:01,863 DEBUG   SenderThread:2153773 [sender.py:send_request():193] send_request: stop_status
2021-08-25 04:04:03,424 DEBUG   SenderThread:2153773 [sender.py:send():179] send: history
2021-08-25 04:04:03,425 DEBUG   SenderThread:2153773 [sender.py:send():179] send: summary
2021-08-25 04:04:03,430 INFO    SenderThread:2153773 [sender.py:_save_file():841] saving file wandb-summary.json with policy end
2021-08-25 04:04:03,431 DEBUG   SenderThread:2153773 [sender.py:send():179] send: summary
2021-08-25 04:04:03,431 INFO    SenderThread:2153773 [sender.py:_save_file():841] saving file wandb-summary.json with policy end
2021-08-25 04:04:03,432 DEBUG   SenderThread:2153773 [sender.py:send():179] send: summary
2021-08-25 04:04:03,432 INFO    SenderThread:2153773 [sender.py:_save_file():841] saving file wandb-summary.json with policy end
2021-08-25 04:04:03,849 INFO    Thread-8  :2153773 [dir_watcher.py:_on_file_modified():229] file/dir modified: /grid/koo/home/ztang/QuantPred/wandb/run-20210825_040148-nieq47kf/files/wandb-summary.json
2021-08-25 04:04:03,849 INFO    Thread-8  :2153773 [dir_watcher.py:_on_file_modified():229] file/dir modified: /grid/koo/home/ztang/QuantPred/wandb/run-20210825_040148-nieq47kf/files/model-best.h5
2021-08-25 04:04:16,941 DEBUG   HandlerThread:2153773 [handler.py:handle_request():124] handle_request: stop_status
2021-08-25 04:04:16,942 DEBUG   SenderThread:2153773 [sender.py:send_request():193] send_request: stop_status
2021-08-25 04:04:22,888 DEBUG   SenderThread:2153773 [sender.py:send():179] send: stats
2021-08-25 04:04:32,021 DEBUG   HandlerThread:2153773 [handler.py:handle_request():124] handle_request: stop_status
2021-08-25 04:04:32,022 DEBUG   SenderThread:2153773 [sender.py:send_request():193] send_request: stop_status
2021-08-25 04:04:47,092 DEBUG   HandlerThread:2153773 [handler.py:handle_request():124] handle_request: stop_status
2021-08-25 04:04:47,092 DEBUG   SenderThread:2153773 [sender.py:send_request():193] send_request: stop_status
2021-08-25 04:04:53,508 DEBUG   SenderThread:2153773 [sender.py:send():179] send: stats
2021-08-25 04:05:02,163 DEBUG   HandlerThread:2153773 [handler.py:handle_request():124] handle_request: stop_status
2021-08-25 04:05:02,163 DEBUG   SenderThread:2153773 [sender.py:send_request():193] send_request: stop_status
2021-08-25 04:05:06,341 DEBUG   SenderThread:2153773 [sender.py:send():179] send: history
2021-08-25 04:05:06,341 DEBUG   SenderThread:2153773 [sender.py:send():179] send: summary
2021-08-25 04:05:06,345 INFO    SenderThread:2153773 [sender.py:_save_file():841] saving file wandb-summary.json with policy end
2021-08-25 04:05:06,346 DEBUG   SenderThread:2153773 [sender.py:send():179] send: summary
2021-08-25 04:05:06,346 INFO    SenderThread:2153773 [sender.py:_save_file():841] saving file wandb-summary.json with policy end
2021-08-25 04:05:06,346 DEBUG   SenderThread:2153773 [sender.py:send():179] send: summary
2021-08-25 04:05:06,347 INFO    SenderThread:2153773 [sender.py:_save_file():841] saving file wandb-summary.json with policy end
2021-08-25 04:05:06,884 INFO    Thread-8  :2153773 [dir_watcher.py:_on_file_modified():229] file/dir modified: /grid/koo/home/ztang/QuantPred/wandb/run-20210825_040148-nieq47kf/files/wandb-summary.json
2021-08-25 04:05:06,884 INFO    Thread-8  :2153773 [dir_watcher.py:_on_file_modified():229] file/dir modified: /grid/koo/home/ztang/QuantPred/wandb/run-20210825_040148-nieq47kf/files/model-best.h5
2021-08-25 04:05:17,232 DEBUG   HandlerThread:2153773 [handler.py:handle_request():124] handle_request: stop_status
2021-08-25 04:05:17,232 DEBUG   SenderThread:2153773 [sender.py:send_request():193] send_request: stop_status
2021-08-25 04:05:24,131 DEBUG   SenderThread:2153773 [sender.py:send():179] send: stats
2021-08-25 04:05:32,306 DEBUG   HandlerThread:2153773 [handler.py:handle_request():124] handle_request: stop_status
2021-08-25 04:05:32,307 DEBUG   SenderThread:2153773 [sender.py:send_request():193] send_request: stop_status
2021-08-25 04:05:47,381 DEBUG   HandlerThread:2153773 [handler.py:handle_request():124] handle_request: stop_status
2021-08-25 04:05:47,381 DEBUG   SenderThread:2153773 [sender.py:send_request():193] send_request: stop_status
2021-08-25 04:05:54,745 DEBUG   SenderThread:2153773 [sender.py:send():179] send: stats
2021-08-25 04:06:02,450 DEBUG   HandlerThread:2153773 [handler.py:handle_request():124] handle_request: stop_status
2021-08-25 04:06:02,450 DEBUG   SenderThread:2153773 [sender.py:send_request():193] send_request: stop_status
2021-08-25 04:06:10,786 DEBUG   SenderThread:2153773 [sender.py:send():179] send: history
2021-08-25 04:06:10,787 DEBUG   SenderThread:2153773 [sender.py:send():179] send: summary
2021-08-25 04:06:10,791 INFO    SenderThread:2153773 [sender.py:_save_file():841] saving file wandb-summary.json with policy end
2021-08-25 04:06:10,792 DEBUG   SenderThread:2153773 [sender.py:send():179] send: summary
2021-08-25 04:06:10,792 INFO    SenderThread:2153773 [sender.py:_save_file():841] saving file wandb-summary.json with policy end
2021-08-25 04:06:10,793 DEBUG   SenderThread:2153773 [sender.py:send():179] send: summary
2021-08-25 04:06:10,793 INFO    SenderThread:2153773 [sender.py:_save_file():841] saving file wandb-summary.json with policy end
2021-08-25 04:06:10,919 INFO    Thread-8  :2153773 [dir_watcher.py:_on_file_modified():229] file/dir modified: /grid/koo/home/ztang/QuantPred/wandb/run-20210825_040148-nieq47kf/files/wandb-summary.json
2021-08-25 04:06:10,920 INFO    Thread-8  :2153773 [dir_watcher.py:_on_file_modified():229] file/dir modified: /grid/koo/home/ztang/QuantPred/wandb/run-20210825_040148-nieq47kf/files/model-best.h5
2021-08-25 04:06:17,525 DEBUG   HandlerThread:2153773 [handler.py:handle_request():124] handle_request: stop_status
2021-08-25 04:06:17,525 DEBUG   SenderThread:2153773 [sender.py:send_request():193] send_request: stop_status
2021-08-25 04:06:25,393 DEBUG   SenderThread:2153773 [sender.py:send():179] send: stats
2021-08-25 04:06:32,599 DEBUG   HandlerThread:2153773 [handler.py:handle_request():124] handle_request: stop_status
2021-08-25 04:06:32,600 DEBUG   SenderThread:2153773 [sender.py:send_request():193] send_request: stop_status
2021-08-25 04:06:47,671 DEBUG   HandlerThread:2153773 [handler.py:handle_request():124] handle_request: stop_status
2021-08-25 04:06:47,672 DEBUG   SenderThread:2153773 [sender.py:send_request():193] send_request: stop_status
2021-08-25 04:06:56,026 DEBUG   SenderThread:2153773 [sender.py:send():179] send: stats
2021-08-25 04:07:02,742 DEBUG   HandlerThread:2153773 [handler.py:handle_request():124] handle_request: stop_status
2021-08-25 04:07:02,742 DEBUG   SenderThread:2153773 [sender.py:send_request():193] send_request: stop_status
2021-08-25 04:07:13,796 DEBUG   SenderThread:2153773 [sender.py:send():179] send: history
2021-08-25 04:07:13,796 DEBUG   SenderThread:2153773 [sender.py:send():179] send: summary
2021-08-25 04:07:13,800 INFO    SenderThread:2153773 [sender.py:_save_file():841] saving file wandb-summary.json with policy end
2021-08-25 04:07:13,801 DEBUG   SenderThread:2153773 [sender.py:send():179] send: summary
2021-08-25 04:07:13,801 INFO    SenderThread:2153773 [sender.py:_save_file():841] saving file wandb-summary.json with policy end
2021-08-25 04:07:13,802 DEBUG   SenderThread:2153773 [sender.py:send():179] send: summary
2021-08-25 04:07:13,802 INFO    SenderThread:2153773 [sender.py:_save_file():841] saving file wandb-summary.json with policy end
2021-08-25 04:07:13,955 INFO    Thread-8  :2153773 [dir_watcher.py:_on_file_modified():229] file/dir modified: /grid/koo/home/ztang/QuantPred/wandb/run-20210825_040148-nieq47kf/files/wandb-summary.json
2021-08-25 04:07:13,955 INFO    Thread-8  :2153773 [dir_watcher.py:_on_file_modified():229] file/dir modified: /grid/koo/home/ztang/QuantPred/wandb/run-20210825_040148-nieq47kf/files/model-best.h5
2021-08-25 04:07:17,813 DEBUG   HandlerThread:2153773 [handler.py:handle_request():124] handle_request: stop_status
2021-08-25 04:07:17,814 DEBUG   SenderThread:2153773 [sender.py:send_request():193] send_request: stop_status
2021-08-25 04:07:26,659 DEBUG   SenderThread:2153773 [sender.py:send():179] send: stats
2021-08-25 04:07:32,894 DEBUG   HandlerThread:2153773 [handler.py:handle_request():124] handle_request: stop_status
2021-08-25 04:07:32,894 DEBUG   SenderThread:2153773 [sender.py:send_request():193] send_request: stop_status
2021-08-25 04:07:47,979 DEBUG   HandlerThread:2153773 [handler.py:handle_request():124] handle_request: stop_status
2021-08-25 04:07:47,979 DEBUG   SenderThread:2153773 [sender.py:send_request():193] send_request: stop_status
2021-08-25 04:07:57,249 DEBUG   SenderThread:2153773 [sender.py:send():179] send: stats
2021-08-25 04:08:03,057 DEBUG   HandlerThread:2153773 [handler.py:handle_request():124] handle_request: stop_status
2021-08-25 04:08:03,057 DEBUG   SenderThread:2153773 [sender.py:send_request():193] send_request: stop_status
2021-08-25 04:08:16,416 DEBUG   SenderThread:2153773 [sender.py:send():179] send: history
2021-08-25 04:08:16,416 DEBUG   SenderThread:2153773 [sender.py:send():179] send: summary
2021-08-25 04:08:16,417 INFO    SenderThread:2153773 [sender.py:_save_file():841] saving file wandb-summary.json with policy end
2021-08-25 04:08:16,418 DEBUG   SenderThread:2153773 [sender.py:send():179] send: summary
2021-08-25 04:08:16,418 INFO    SenderThread:2153773 [sender.py:_save_file():841] saving file wandb-summary.json with policy end
2021-08-25 04:08:16,419 DEBUG   SenderThread:2153773 [sender.py:send():179] send: summary
2021-08-25 04:08:16,419 INFO    SenderThread:2153773 [sender.py:_save_file():841] saving file wandb-summary.json with policy end
2021-08-25 04:08:16,990 INFO    Thread-8  :2153773 [dir_watcher.py:_on_file_modified():229] file/dir modified: /grid/koo/home/ztang/QuantPred/wandb/run-20210825_040148-nieq47kf/files/wandb-summary.json
2021-08-25 04:08:16,990 INFO    Thread-8  :2153773 [dir_watcher.py:_on_file_modified():229] file/dir modified: /grid/koo/home/ztang/QuantPred/wandb/run-20210825_040148-nieq47kf/files/model-best.h5
2021-08-25 04:08:18,144 DEBUG   HandlerThread:2153773 [handler.py:handle_request():124] handle_request: stop_status
2021-08-25 04:08:18,144 DEBUG   SenderThread:2153773 [sender.py:send_request():193] send_request: stop_status
2021-08-25 04:08:27,877 DEBUG   SenderThread:2153773 [sender.py:send():179] send: stats
2021-08-25 04:08:33,218 DEBUG   HandlerThread:2153773 [handler.py:handle_request():124] handle_request: stop_status
2021-08-25 04:08:33,219 DEBUG   SenderThread:2153773 [sender.py:send_request():193] send_request: stop_status
2021-08-25 04:08:48,293 DEBUG   HandlerThread:2153773 [handler.py:handle_request():124] handle_request: stop_status
2021-08-25 04:08:48,293 DEBUG   SenderThread:2153773 [sender.py:send_request():193] send_request: stop_status
2021-08-25 04:08:58,506 DEBUG   SenderThread:2153773 [sender.py:send():179] send: stats
2021-08-25 04:09:03,362 DEBUG   HandlerThread:2153773 [handler.py:handle_request():124] handle_request: stop_status
2021-08-25 04:09:03,362 DEBUG   SenderThread:2153773 [sender.py:send_request():193] send_request: stop_status
2021-08-25 04:09:18,430 DEBUG   HandlerThread:2153773 [handler.py:handle_request():124] handle_request: stop_status
2021-08-25 04:09:18,430 DEBUG   SenderThread:2153773 [sender.py:send_request():193] send_request: stop_status
2021-08-25 04:09:18,816 DEBUG   SenderThread:2153773 [sender.py:send():179] send: history
2021-08-25 04:09:18,816 DEBUG   SenderThread:2153773 [sender.py:send():179] send: summary
2021-08-25 04:09:18,817 INFO    SenderThread:2153773 [sender.py:_save_file():841] saving file wandb-summary.json with policy end
2021-08-25 04:09:18,817 DEBUG   SenderThread:2153773 [sender.py:send():179] send: summary
2021-08-25 04:09:18,818 INFO    SenderThread:2153773 [sender.py:_save_file():841] saving file wandb-summary.json with policy end
2021-08-25 04:09:18,819 DEBUG   SenderThread:2153773 [sender.py:send():179] send: summary
2021-08-25 04:09:18,820 INFO    SenderThread:2153773 [sender.py:_save_file():841] saving file wandb-summary.json with policy end
2021-08-25 04:09:19,024 INFO    Thread-8  :2153773 [dir_watcher.py:_on_file_modified():229] file/dir modified: /grid/koo/home/ztang/QuantPred/wandb/run-20210825_040148-nieq47kf/files/wandb-summary.json
2021-08-25 04:09:19,024 INFO    Thread-8  :2153773 [dir_watcher.py:_on_file_modified():229] file/dir modified: /grid/koo/home/ztang/QuantPred/wandb/run-20210825_040148-nieq47kf/files/model-best.h5
2021-08-25 04:09:29,157 DEBUG   SenderThread:2153773 [sender.py:send():179] send: stats
2021-08-25 04:09:33,501 DEBUG   HandlerThread:2153773 [handler.py:handle_request():124] handle_request: stop_status
2021-08-25 04:09:33,502 DEBUG   SenderThread:2153773 [sender.py:send_request():193] send_request: stop_status
2021-08-25 04:09:48,574 DEBUG   HandlerThread:2153773 [handler.py:handle_request():124] handle_request: stop_status
2021-08-25 04:09:48,574 DEBUG   SenderThread:2153773 [sender.py:send_request():193] send_request: stop_status
2021-08-25 04:09:59,781 DEBUG   SenderThread:2153773 [sender.py:send():179] send: stats
2021-08-25 04:10:03,654 DEBUG   HandlerThread:2153773 [handler.py:handle_request():124] handle_request: stop_status
2021-08-25 04:10:03,654 DEBUG   SenderThread:2153773 [sender.py:send_request():193] send_request: stop_status
2021-08-25 04:10:18,724 DEBUG   HandlerThread:2153773 [handler.py:handle_request():124] handle_request: stop_status
2021-08-25 04:10:18,724 DEBUG   SenderThread:2153773 [sender.py:send_request():193] send_request: stop_status
2021-08-25 04:10:22,256 DEBUG   SenderThread:2153773 [sender.py:send():179] send: history
2021-08-25 04:10:22,257 DEBUG   SenderThread:2153773 [sender.py:send():179] send: summary
2021-08-25 04:10:22,257 INFO    SenderThread:2153773 [sender.py:_save_file():841] saving file wandb-summary.json with policy end
2021-08-25 04:10:22,258 DEBUG   SenderThread:2153773 [sender.py:send():179] send: summary
2021-08-25 04:10:22,258 INFO    SenderThread:2153773 [sender.py:_save_file():841] saving file wandb-summary.json with policy end
2021-08-25 04:10:22,259 DEBUG   SenderThread:2153773 [sender.py:send():179] send: summary
2021-08-25 04:10:22,260 INFO    SenderThread:2153773 [sender.py:_save_file():841] saving file wandb-summary.json with policy end
2021-08-25 04:10:23,060 INFO    Thread-8  :2153773 [dir_watcher.py:_on_file_modified():229] file/dir modified: /grid/koo/home/ztang/QuantPred/wandb/run-20210825_040148-nieq47kf/files/wandb-summary.json
2021-08-25 04:10:23,061 INFO    Thread-8  :2153773 [dir_watcher.py:_on_file_modified():229] file/dir modified: /grid/koo/home/ztang/QuantPred/wandb/run-20210825_040148-nieq47kf/files/model-best.h5
2021-08-25 04:10:30,406 DEBUG   SenderThread:2153773 [sender.py:send():179] send: stats
2021-08-25 04:10:33,810 DEBUG   HandlerThread:2153773 [handler.py:handle_request():124] handle_request: stop_status
2021-08-25 04:10:33,810 DEBUG   SenderThread:2153773 [sender.py:send_request():193] send_request: stop_status
2021-08-25 04:10:49,824 DEBUG   HandlerThread:2153773 [handler.py:handle_request():124] handle_request: stop_status
2021-08-25 04:10:49,825 DEBUG   SenderThread:2153773 [sender.py:send_request():193] send_request: stop_status
2021-08-25 04:11:01,025 DEBUG   SenderThread:2153773 [sender.py:send():179] send: stats
2021-08-25 04:11:04,904 DEBUG   HandlerThread:2153773 [handler.py:handle_request():124] handle_request: stop_status
2021-08-25 04:11:04,904 DEBUG   SenderThread:2153773 [sender.py:send_request():193] send_request: stop_status
2021-08-25 04:11:19,973 DEBUG   HandlerThread:2153773 [handler.py:handle_request():124] handle_request: stop_status
2021-08-25 04:11:19,973 DEBUG   SenderThread:2153773 [sender.py:send_request():193] send_request: stop_status
2021-08-25 04:11:26,047 DEBUG   SenderThread:2153773 [sender.py:send():179] send: history
2021-08-25 04:11:26,047 DEBUG   SenderThread:2153773 [sender.py:send():179] send: summary
2021-08-25 04:11:26,048 INFO    SenderThread:2153773 [sender.py:_save_file():841] saving file wandb-summary.json with policy end
2021-08-25 04:11:26,052 DEBUG   SenderThread:2153773 [sender.py:send():179] send: summary
2021-08-25 04:11:26,053 INFO    SenderThread:2153773 [sender.py:_save_file():841] saving file wandb-summary.json with policy end
2021-08-25 04:11:26,053 DEBUG   SenderThread:2153773 [sender.py:send():179] send: summary
2021-08-25 04:11:26,054 INFO    SenderThread:2153773 [sender.py:_save_file():841] saving file wandb-summary.json with policy end
2021-08-25 04:11:26,096 INFO    Thread-8  :2153773 [dir_watcher.py:_on_file_modified():229] file/dir modified: /grid/koo/home/ztang/QuantPred/wandb/run-20210825_040148-nieq47kf/files/wandb-summary.json
2021-08-25 04:11:26,096 INFO    Thread-8  :2153773 [dir_watcher.py:_on_file_modified():229] file/dir modified: /grid/koo/home/ztang/QuantPred/wandb/run-20210825_040148-nieq47kf/files/model-best.h5
2021-08-25 04:11:27,096 INFO    Thread-8  :2153773 [dir_watcher.py:_on_file_modified():229] file/dir modified: /grid/koo/home/ztang/QuantPred/wandb/run-20210825_040148-nieq47kf/files/model-best.h5
2021-08-25 04:11:31,632 DEBUG   SenderThread:2153773 [sender.py:send():179] send: stats
2021-08-25 04:11:35,050 DEBUG   HandlerThread:2153773 [handler.py:handle_request():124] handle_request: stop_status
2021-08-25 04:11:35,051 DEBUG   SenderThread:2153773 [sender.py:send_request():193] send_request: stop_status
2021-08-25 04:11:35,120 ERROR   SenderThread:2153773 [internal_api.py:execute():130] 429 response executing GraphQL.
2021-08-25 04:11:35,121 ERROR   SenderThread:2153773 [internal_api.py:execute():131] {"error":"rate limit exceeded"}

2021-08-25 04:11:36,418 ERROR   SenderThread:2153773 [internal_api.py:execute():130] 429 response executing GraphQL.
2021-08-25 04:11:36,418 ERROR   SenderThread:2153773 [internal_api.py:execute():131] {"error":"rate limit exceeded"}

2021-08-25 04:11:38,629 ERROR   SenderThread:2153773 [internal_api.py:execute():130] 429 response executing GraphQL.
2021-08-25 04:11:38,630 ERROR   SenderThread:2153773 [internal_api.py:execute():131] {"error":"rate limit exceeded"}

2021-08-25 04:11:38,630 ERROR   SenderThread:2153773 [retry.py:__call__():126] Retry attempt failed:
Traceback (most recent call last):
  File "/usr/local/lib/python3.6/dist-packages/wandb/sdk/lib/retry.py", line 102, in __call__
    result = self._call_fn(*args, **kwargs)
  File "/usr/local/lib/python3.6/dist-packages/wandb/sdk/internal/internal_api.py", line 133, in execute
    six.reraise(*sys.exc_info())
  File "/usr/local/lib/python3.6/dist-packages/six.py", line 719, in reraise
    raise value
  File "/usr/local/lib/python3.6/dist-packages/wandb/sdk/internal/internal_api.py", line 127, in execute
    return self.client.execute(*args, **kwargs)
  File "/usr/local/lib/python3.6/dist-packages/wandb/vendor/gql-0.2.0/gql/client.py", line 52, in execute
    result = self._get_result(document, *args, **kwargs)
  File "/usr/local/lib/python3.6/dist-packages/wandb/vendor/gql-0.2.0/gql/client.py", line 60, in _get_result
    return self.transport.execute(document, *args, **kwargs)
  File "/usr/local/lib/python3.6/dist-packages/wandb/vendor/gql-0.2.0/gql/transport/requests.py", line 39, in execute
    request.raise_for_status()
  File "/usr/local/lib/python3.6/dist-packages/requests/models.py", line 943, in raise_for_status
    raise HTTPError(http_error_msg, response=self)
requests.exceptions.HTTPError: 429 Client Error: Too Many Requests for url: https://api.wandb.ai/graphql
2021-08-25 04:11:43,243 ERROR   SenderThread:2153773 [internal_api.py:execute():130] 429 response executing GraphQL.
2021-08-25 04:11:43,244 ERROR   SenderThread:2153773 [internal_api.py:execute():131] {"error":"rate limit exceeded"}

2021-08-25 04:12:02,256 DEBUG   SenderThread:2153773 [sender.py:send():179] send: stats
2021-08-25 04:12:07,296 DEBUG   HandlerThread:2153773 [handler.py:handle_request():124] handle_request: stop_status
2021-08-25 04:12:07,296 DEBUG   SenderThread:2153773 [sender.py:send_request():193] send_request: stop_status
2021-08-25 04:12:22,368 DEBUG   HandlerThread:2153773 [handler.py:handle_request():124] handle_request: stop_status
2021-08-25 04:12:22,369 DEBUG   SenderThread:2153773 [sender.py:send_request():193] send_request: stop_status
2021-08-25 04:12:22,432 ERROR   SenderThread:2153773 [internal_api.py:execute():130] 429 response executing GraphQL.
2021-08-25 04:12:22,432 ERROR   SenderThread:2153773 [internal_api.py:execute():131] {"error":"rate limit exceeded"}

2021-08-25 04:12:23,636 ERROR   SenderThread:2153773 [internal_api.py:execute():130] 429 response executing GraphQL.
2021-08-25 04:12:23,636 ERROR   SenderThread:2153773 [internal_api.py:execute():131] {"error":"rate limit exceeded"}

2021-08-25 04:12:25,951 ERROR   SenderThread:2153773 [internal_api.py:execute():130] 429 response executing GraphQL.
2021-08-25 04:12:25,952 ERROR   SenderThread:2153773 [internal_api.py:execute():131] {"error":"rate limit exceeded"}

2021-08-25 04:12:25,952 ERROR   SenderThread:2153773 [retry.py:__call__():126] Retry attempt failed:
Traceback (most recent call last):
  File "/usr/local/lib/python3.6/dist-packages/wandb/sdk/lib/retry.py", line 102, in __call__
    result = self._call_fn(*args, **kwargs)
  File "/usr/local/lib/python3.6/dist-packages/wandb/sdk/internal/internal_api.py", line 133, in execute
    six.reraise(*sys.exc_info())
  File "/usr/local/lib/python3.6/dist-packages/six.py", line 719, in reraise
    raise value
  File "/usr/local/lib/python3.6/dist-packages/wandb/sdk/internal/internal_api.py", line 127, in execute
    return self.client.execute(*args, **kwargs)
  File "/usr/local/lib/python3.6/dist-packages/wandb/vendor/gql-0.2.0/gql/client.py", line 52, in execute
    result = self._get_result(document, *args, **kwargs)
  File "/usr/local/lib/python3.6/dist-packages/wandb/vendor/gql-0.2.0/gql/client.py", line 60, in _get_result
    return self.transport.execute(document, *args, **kwargs)
  File "/usr/local/lib/python3.6/dist-packages/wandb/vendor/gql-0.2.0/gql/transport/requests.py", line 39, in execute
    request.raise_for_status()
  File "/usr/local/lib/python3.6/dist-packages/requests/models.py", line 943, in raise_for_status
    raise HTTPError(http_error_msg, response=self)
requests.exceptions.HTTPError: 429 Client Error: Too Many Requests for url: https://api.wandb.ai/graphql
2021-08-25 04:12:30,451 DEBUG   SenderThread:2153773 [sender.py:send():179] send: history
2021-08-25 04:12:30,452 DEBUG   SenderThread:2153773 [sender.py:send():179] send: summary
2021-08-25 04:12:30,453 INFO    SenderThread:2153773 [sender.py:_save_file():841] saving file wandb-summary.json with policy end
2021-08-25 04:12:31,131 INFO    Thread-8  :2153773 [dir_watcher.py:_on_file_modified():229] file/dir modified: /grid/koo/home/ztang/QuantPred/wandb/run-20210825_040148-nieq47kf/files/wandb-summary.json
2021-08-25 04:12:32,880 DEBUG   SenderThread:2153773 [sender.py:send():179] send: stats
2021-08-25 04:12:45,452 DEBUG   HandlerThread:2153773 [handler.py:handle_request():124] handle_request: stop_status
2021-08-25 04:12:45,453 DEBUG   SenderThread:2153773 [sender.py:send_request():193] send_request: stop_status
2021-08-25 04:13:00,523 DEBUG   HandlerThread:2153773 [handler.py:handle_request():124] handle_request: stop_status
2021-08-25 04:13:00,524 DEBUG   SenderThread:2153773 [sender.py:send_request():193] send_request: stop_status
2021-08-25 04:13:03,466 DEBUG   SenderThread:2153773 [sender.py:send():179] send: stats
2021-08-25 04:13:15,598 DEBUG   HandlerThread:2153773 [handler.py:handle_request():124] handle_request: stop_status
2021-08-25 04:13:15,598 DEBUG   SenderThread:2153773 [sender.py:send_request():193] send_request: stop_status
2021-08-25 04:13:30,076 DEBUG   SenderThread:2153773 [sender.py:send():179] send: history
2021-08-25 04:13:30,077 DEBUG   SenderThread:2153773 [sender.py:send():179] send: summary
2021-08-25 04:13:30,078 INFO    SenderThread:2153773 [sender.py:_save_file():841] saving file wandb-summary.json with policy end
2021-08-25 04:13:30,166 INFO    Thread-8  :2153773 [dir_watcher.py:_on_file_modified():229] file/dir modified: /grid/koo/home/ztang/QuantPred/wandb/run-20210825_040148-nieq47kf/files/wandb-summary.json
2021-08-25 04:13:30,669 DEBUG   HandlerThread:2153773 [handler.py:handle_request():124] handle_request: stop_status
2021-08-25 04:13:30,670 DEBUG   SenderThread:2153773 [sender.py:send_request():193] send_request: stop_status
2021-08-25 04:13:34,083 DEBUG   SenderThread:2153773 [sender.py:send():179] send: stats
2021-08-25 04:13:45,744 DEBUG   HandlerThread:2153773 [handler.py:handle_request():124] handle_request: stop_status
2021-08-25 04:13:45,744 DEBUG   SenderThread:2153773 [sender.py:send_request():193] send_request: stop_status
2021-08-25 04:14:00,815 DEBUG   HandlerThread:2153773 [handler.py:handle_request():124] handle_request: stop_status
2021-08-25 04:14:00,816 DEBUG   SenderThread:2153773 [sender.py:send_request():193] send_request: stop_status
2021-08-25 04:14:04,684 DEBUG   SenderThread:2153773 [sender.py:send():179] send: stats
2021-08-25 04:14:15,889 DEBUG   HandlerThread:2153773 [handler.py:handle_request():124] handle_request: stop_status
2021-08-25 04:14:15,889 DEBUG   SenderThread:2153773 [sender.py:send_request():193] send_request: stop_status
2021-08-25 04:14:30,963 DEBUG   HandlerThread:2153773 [handler.py:handle_request():124] handle_request: stop_status
2021-08-25 04:14:30,963 DEBUG   SenderThread:2153773 [sender.py:send_request():193] send_request: stop_status
2021-08-25 04:14:33,025 DEBUG   SenderThread:2153773 [sender.py:send():179] send: history
2021-08-25 04:14:33,025 DEBUG   SenderThread:2153773 [sender.py:send():179] send: summary
2021-08-25 04:14:33,026 INFO    SenderThread:2153773 [sender.py:_save_file():841] saving file wandb-summary.json with policy end
2021-08-25 04:14:33,200 INFO    Thread-8  :2153773 [dir_watcher.py:_on_file_modified():229] file/dir modified: /grid/koo/home/ztang/QuantPred/wandb/run-20210825_040148-nieq47kf/files/wandb-summary.json
2021-08-25 04:14:35,257 DEBUG   SenderThread:2153773 [sender.py:send():179] send: stats
2021-08-25 04:14:46,038 DEBUG   HandlerThread:2153773 [handler.py:handle_request():124] handle_request: stop_status
2021-08-25 04:14:46,038 DEBUG   SenderThread:2153773 [sender.py:send_request():193] send_request: stop_status
2021-08-25 04:15:01,112 DEBUG   HandlerThread:2153773 [handler.py:handle_request():124] handle_request: stop_status
2021-08-25 04:15:01,112 DEBUG   SenderThread:2153773 [sender.py:send_request():193] send_request: stop_status
2021-08-25 04:15:05,853 DEBUG   SenderThread:2153773 [sender.py:send():179] send: stats
2021-08-25 04:15:16,186 DEBUG   HandlerThread:2153773 [handler.py:handle_request():124] handle_request: stop_status
2021-08-25 04:15:16,186 DEBUG   SenderThread:2153773 [sender.py:send_request():193] send_request: stop_status
2021-08-25 04:15:31,263 DEBUG   HandlerThread:2153773 [handler.py:handle_request():124] handle_request: stop_status
2021-08-25 04:15:31,263 DEBUG   SenderThread:2153773 [sender.py:send_request():193] send_request: stop_status
2021-08-25 04:15:35,885 DEBUG   SenderThread:2153773 [sender.py:send():179] send: history
2021-08-25 04:15:35,886 DEBUG   SenderThread:2153773 [sender.py:send():179] send: summary
2021-08-25 04:15:35,889 INFO    SenderThread:2153773 [sender.py:_save_file():841] saving file wandb-summary.json with policy end
2021-08-25 04:15:36,236 INFO    Thread-8  :2153773 [dir_watcher.py:_on_file_modified():229] file/dir modified: /grid/koo/home/ztang/QuantPred/wandb/run-20210825_040148-nieq47kf/files/wandb-summary.json
2021-08-25 04:15:36,455 DEBUG   SenderThread:2153773 [sender.py:send():179] send: stats
2021-08-25 04:15:46,335 DEBUG   HandlerThread:2153773 [handler.py:handle_request():124] handle_request: stop_status
2021-08-25 04:15:46,335 DEBUG   SenderThread:2153773 [sender.py:send_request():193] send_request: stop_status
2021-08-25 04:16:01,404 DEBUG   HandlerThread:2153773 [handler.py:handle_request():124] handle_request: stop_status
2021-08-25 04:16:01,405 DEBUG   SenderThread:2153773 [sender.py:send_request():193] send_request: stop_status
2021-08-25 04:16:07,070 DEBUG   SenderThread:2153773 [sender.py:send():179] send: stats
2021-08-25 04:16:16,476 DEBUG   HandlerThread:2153773 [handler.py:handle_request():124] handle_request: stop_status
2021-08-25 04:16:16,476 DEBUG   SenderThread:2153773 [sender.py:send_request():193] send_request: stop_status
2021-08-25 04:16:31,557 DEBUG   HandlerThread:2153773 [handler.py:handle_request():124] handle_request: stop_status
2021-08-25 04:16:31,558 DEBUG   SenderThread:2153773 [sender.py:send_request():193] send_request: stop_status
2021-08-25 04:16:37,688 DEBUG   SenderThread:2153773 [sender.py:send():179] send: stats
2021-08-25 04:16:39,972 DEBUG   SenderThread:2153773 [sender.py:send():179] send: history
2021-08-25 04:16:39,972 DEBUG   SenderThread:2153773 [sender.py:send():179] send: summary
2021-08-25 04:16:39,973 INFO    SenderThread:2153773 [sender.py:_save_file():841] saving file wandb-summary.json with policy end
2021-08-25 04:16:40,271 INFO    Thread-8  :2153773 [dir_watcher.py:_on_file_modified():229] file/dir modified: /grid/koo/home/ztang/QuantPred/wandb/run-20210825_040148-nieq47kf/files/wandb-summary.json
2021-08-25 04:16:46,628 DEBUG   HandlerThread:2153773 [handler.py:handle_request():124] handle_request: stop_status
2021-08-25 04:16:46,629 DEBUG   SenderThread:2153773 [sender.py:send_request():193] send_request: stop_status
2021-08-25 04:17:01,709 DEBUG   HandlerThread:2153773 [handler.py:handle_request():124] handle_request: stop_status
2021-08-25 04:17:01,709 DEBUG   SenderThread:2153773 [sender.py:send_request():193] send_request: stop_status
2021-08-25 04:17:08,299 DEBUG   SenderThread:2153773 [sender.py:send():179] send: stats
2021-08-25 04:17:16,784 DEBUG   HandlerThread:2153773 [handler.py:handle_request():124] handle_request: stop_status
2021-08-25 04:17:16,784 DEBUG   SenderThread:2153773 [sender.py:send_request():193] send_request: stop_status
2021-08-25 04:17:31,857 DEBUG   HandlerThread:2153773 [handler.py:handle_request():124] handle_request: stop_status
2021-08-25 04:17:31,858 DEBUG   SenderThread:2153773 [sender.py:send_request():193] send_request: stop_status
2021-08-25 04:17:38,875 DEBUG   SenderThread:2153773 [sender.py:send():179] send: stats
2021-08-25 04:17:42,813 DEBUG   SenderThread:2153773 [sender.py:send():179] send: history
2021-08-25 04:17:42,814 DEBUG   SenderThread:2153773 [sender.py:send():179] send: summary
2021-08-25 04:17:42,815 INFO    SenderThread:2153773 [sender.py:_save_file():841] saving file wandb-summary.json with policy end
2021-08-25 04:17:43,306 INFO    Thread-8  :2153773 [dir_watcher.py:_on_file_modified():229] file/dir modified: /grid/koo/home/ztang/QuantPred/wandb/run-20210825_040148-nieq47kf/files/wandb-summary.json
2021-08-25 04:17:46,931 DEBUG   HandlerThread:2153773 [handler.py:handle_request():124] handle_request: stop_status
2021-08-25 04:17:46,931 DEBUG   SenderThread:2153773 [sender.py:send_request():193] send_request: stop_status
2021-08-25 04:18:02,008 DEBUG   HandlerThread:2153773 [handler.py:handle_request():124] handle_request: stop_status
2021-08-25 04:18:02,009 DEBUG   SenderThread:2153773 [sender.py:send_request():193] send_request: stop_status
2021-08-25 04:18:09,491 DEBUG   SenderThread:2153773 [sender.py:send():179] send: stats
2021-08-25 04:18:17,082 DEBUG   HandlerThread:2153773 [handler.py:handle_request():124] handle_request: stop_status
2021-08-25 04:18:17,082 DEBUG   SenderThread:2153773 [sender.py:send_request():193] send_request: stop_status
2021-08-25 04:18:32,160 DEBUG   HandlerThread:2153773 [handler.py:handle_request():124] handle_request: stop_status
2021-08-25 04:18:32,160 DEBUG   SenderThread:2153773 [sender.py:send_request():193] send_request: stop_status
2021-08-25 04:18:40,079 DEBUG   SenderThread:2153773 [sender.py:send():179] send: stats
2021-08-25 04:18:45,739 DEBUG   SenderThread:2153773 [sender.py:send():179] send: history
2021-08-25 04:18:45,739 DEBUG   SenderThread:2153773 [sender.py:send():179] send: summary
2021-08-25 04:18:45,740 INFO    SenderThread:2153773 [sender.py:_save_file():841] saving file wandb-summary.json with policy end
2021-08-25 04:18:46,341 INFO    Thread-8  :2153773 [dir_watcher.py:_on_file_modified():229] file/dir modified: /grid/koo/home/ztang/QuantPred/wandb/run-20210825_040148-nieq47kf/files/wandb-summary.json
2021-08-25 04:18:47,240 DEBUG   HandlerThread:2153773 [handler.py:handle_request():124] handle_request: stop_status
2021-08-25 04:18:47,240 DEBUG   SenderThread:2153773 [sender.py:send_request():193] send_request: stop_status
2021-08-25 04:19:02,310 DEBUG   HandlerThread:2153773 [handler.py:handle_request():124] handle_request: stop_status
2021-08-25 04:19:02,310 DEBUG   SenderThread:2153773 [sender.py:send_request():193] send_request: stop_status
2021-08-25 04:19:10,687 DEBUG   SenderThread:2153773 [sender.py:send():179] send: stats
2021-08-25 04:19:17,385 DEBUG   HandlerThread:2153773 [handler.py:handle_request():124] handle_request: stop_status
2021-08-25 04:19:17,385 DEBUG   SenderThread:2153773 [sender.py:send_request():193] send_request: stop_status
2021-08-25 04:19:32,460 DEBUG   HandlerThread:2153773 [handler.py:handle_request():124] handle_request: stop_status
2021-08-25 04:19:32,460 DEBUG   SenderThread:2153773 [sender.py:send_request():193] send_request: stop_status
2021-08-25 04:19:41,281 DEBUG   SenderThread:2153773 [sender.py:send():179] send: stats
2021-08-25 04:19:47,532 DEBUG   HandlerThread:2153773 [handler.py:handle_request():124] handle_request: stop_status
2021-08-25 04:19:47,533 DEBUG   SenderThread:2153773 [sender.py:send_request():193] send_request: stop_status
2021-08-25 04:19:48,874 DEBUG   SenderThread:2153773 [sender.py:send():179] send: history
2021-08-25 04:19:48,874 DEBUG   SenderThread:2153773 [sender.py:send():179] send: summary
2021-08-25 04:19:48,875 INFO    SenderThread:2153773 [sender.py:_save_file():841] saving file wandb-summary.json with policy end
2021-08-25 04:19:49,376 INFO    Thread-8  :2153773 [dir_watcher.py:_on_file_modified():229] file/dir modified: /grid/koo/home/ztang/QuantPred/wandb/run-20210825_040148-nieq47kf/files/wandb-summary.json
2021-08-25 04:20:02,606 DEBUG   HandlerThread:2153773 [handler.py:handle_request():124] handle_request: stop_status
2021-08-25 04:20:02,607 DEBUG   SenderThread:2153773 [sender.py:send_request():193] send_request: stop_status
2021-08-25 04:20:11,875 DEBUG   SenderThread:2153773 [sender.py:send():179] send: stats
2021-08-25 04:20:17,685 DEBUG   HandlerThread:2153773 [handler.py:handle_request():124] handle_request: stop_status
2021-08-25 04:20:17,686 DEBUG   SenderThread:2153773 [sender.py:send_request():193] send_request: stop_status
2021-08-25 04:20:32,757 DEBUG   HandlerThread:2153773 [handler.py:handle_request():124] handle_request: stop_status
2021-08-25 04:20:32,757 DEBUG   SenderThread:2153773 [sender.py:send_request():193] send_request: stop_status
2021-08-25 04:20:42,489 DEBUG   SenderThread:2153773 [sender.py:send():179] send: stats
2021-08-25 04:20:47,826 DEBUG   HandlerThread:2153773 [handler.py:handle_request():124] handle_request: stop_status
2021-08-25 04:20:47,826 DEBUG   SenderThread:2153773 [sender.py:send_request():193] send_request: stop_status
2021-08-25 04:20:52,591 DEBUG   SenderThread:2153773 [sender.py:send():179] send: history
2021-08-25 04:20:52,591 DEBUG   SenderThread:2153773 [sender.py:send():179] send: summary
2021-08-25 04:20:52,592 INFO    SenderThread:2153773 [sender.py:_save_file():841] saving file wandb-summary.json with policy end
2021-08-25 04:20:53,412 INFO    Thread-8  :2153773 [dir_watcher.py:_on_file_modified():229] file/dir modified: /grid/koo/home/ztang/QuantPred/wandb/run-20210825_040148-nieq47kf/files/wandb-summary.json
2021-08-25 04:21:02,896 DEBUG   HandlerThread:2153773 [handler.py:handle_request():124] handle_request: stop_status
2021-08-25 04:21:02,897 DEBUG   SenderThread:2153773 [sender.py:send_request():193] send_request: stop_status
2021-08-25 04:21:13,080 DEBUG   SenderThread:2153773 [sender.py:send():179] send: stats
2021-08-25 04:21:17,972 DEBUG   HandlerThread:2153773 [handler.py:handle_request():124] handle_request: stop_status
2021-08-25 04:21:17,972 DEBUG   SenderThread:2153773 [sender.py:send_request():193] send_request: stop_status
2021-08-25 04:21:33,039 DEBUG   HandlerThread:2153773 [handler.py:handle_request():124] handle_request: stop_status
2021-08-25 04:21:33,039 DEBUG   SenderThread:2153773 [sender.py:send_request():193] send_request: stop_status
2021-08-25 04:21:43,679 DEBUG   SenderThread:2153773 [sender.py:send():179] send: stats
2021-08-25 04:21:48,120 DEBUG   HandlerThread:2153773 [handler.py:handle_request():124] handle_request: stop_status
2021-08-25 04:21:48,121 DEBUG   SenderThread:2153773 [sender.py:send_request():193] send_request: stop_status
2021-08-25 04:21:56,728 DEBUG   SenderThread:2153773 [sender.py:send():179] send: history
2021-08-25 04:21:56,729 DEBUG   SenderThread:2153773 [sender.py:send():179] send: summary
2021-08-25 04:21:56,729 INFO    SenderThread:2153773 [sender.py:_save_file():841] saving file wandb-summary.json with policy end
2021-08-25 04:21:57,447 INFO    Thread-8  :2153773 [dir_watcher.py:_on_file_modified():229] file/dir modified: /grid/koo/home/ztang/QuantPred/wandb/run-20210825_040148-nieq47kf/files/wandb-summary.json
2021-08-25 04:22:03,192 DEBUG   HandlerThread:2153773 [handler.py:handle_request():124] handle_request: stop_status
2021-08-25 04:22:03,192 DEBUG   SenderThread:2153773 [sender.py:send_request():193] send_request: stop_status
2021-08-25 04:22:14,274 DEBUG   SenderThread:2153773 [sender.py:send():179] send: stats
2021-08-25 04:22:18,266 DEBUG   HandlerThread:2153773 [handler.py:handle_request():124] handle_request: stop_status
2021-08-25 04:22:18,267 DEBUG   SenderThread:2153773 [sender.py:send_request():193] send_request: stop_status
2021-08-25 04:22:33,338 DEBUG   HandlerThread:2153773 [handler.py:handle_request():124] handle_request: stop_status
2021-08-25 04:22:33,338 DEBUG   SenderThread:2153773 [sender.py:send_request():193] send_request: stop_status
2021-08-25 04:22:44,885 DEBUG   SenderThread:2153773 [sender.py:send():179] send: stats
2021-08-25 04:22:48,409 DEBUG   HandlerThread:2153773 [handler.py:handle_request():124] handle_request: stop_status
2021-08-25 04:22:48,410 DEBUG   SenderThread:2153773 [sender.py:send_request():193] send_request: stop_status
2021-08-25 04:22:59,821 DEBUG   SenderThread:2153773 [sender.py:send():179] send: history
2021-08-25 04:22:59,821 DEBUG   SenderThread:2153773 [sender.py:send():179] send: summary
2021-08-25 04:22:59,822 INFO    SenderThread:2153773 [sender.py:_save_file():841] saving file wandb-summary.json with policy end
2021-08-25 04:23:00,481 INFO    Thread-8  :2153773 [dir_watcher.py:_on_file_modified():229] file/dir modified: /grid/koo/home/ztang/QuantPred/wandb/run-20210825_040148-nieq47kf/files/wandb-summary.json
2021-08-25 04:23:03,487 DEBUG   HandlerThread:2153773 [handler.py:handle_request():124] handle_request: stop_status
2021-08-25 04:23:03,487 DEBUG   SenderThread:2153773 [sender.py:send_request():193] send_request: stop_status
2021-08-25 04:23:15,496 DEBUG   SenderThread:2153773 [sender.py:send():179] send: stats
2021-08-25 04:23:18,561 DEBUG   HandlerThread:2153773 [handler.py:handle_request():124] handle_request: stop_status
2021-08-25 04:23:18,562 DEBUG   SenderThread:2153773 [sender.py:send_request():193] send_request: stop_status
2021-08-25 04:23:33,639 DEBUG   HandlerThread:2153773 [handler.py:handle_request():124] handle_request: stop_status
2021-08-25 04:23:33,640 DEBUG   SenderThread:2153773 [sender.py:send_request():193] send_request: stop_status
2021-08-25 04:23:46,097 DEBUG   SenderThread:2153773 [sender.py:send():179] send: stats
2021-08-25 04:23:48,714 DEBUG   HandlerThread:2153773 [handler.py:handle_request():124] handle_request: stop_status
2021-08-25 04:23:48,714 DEBUG   SenderThread:2153773 [sender.py:send_request():193] send_request: stop_status
2021-08-25 04:24:03,339 DEBUG   SenderThread:2153773 [sender.py:send():179] send: history
2021-08-25 04:24:03,340 DEBUG   SenderThread:2153773 [sender.py:send():179] send: summary
2021-08-25 04:24:03,340 INFO    SenderThread:2153773 [sender.py:_save_file():841] saving file wandb-summary.json with policy end
2021-08-25 04:24:03,516 INFO    Thread-8  :2153773 [dir_watcher.py:_on_file_modified():229] file/dir modified: /grid/koo/home/ztang/QuantPred/wandb/run-20210825_040148-nieq47kf/files/wandb-summary.json
2021-08-25 04:24:03,788 DEBUG   HandlerThread:2153773 [handler.py:handle_request():124] handle_request: stop_status
2021-08-25 04:24:03,788 DEBUG   SenderThread:2153773 [sender.py:send_request():193] send_request: stop_status
2021-08-25 04:24:16,711 DEBUG   SenderThread:2153773 [sender.py:send():179] send: stats
2021-08-25 04:24:18,862 DEBUG   HandlerThread:2153773 [handler.py:handle_request():124] handle_request: stop_status
2021-08-25 04:24:18,862 DEBUG   SenderThread:2153773 [sender.py:send_request():193] send_request: stop_status
2021-08-25 04:24:33,951 DEBUG   HandlerThread:2153773 [handler.py:handle_request():124] handle_request: stop_status
2021-08-25 04:24:33,952 DEBUG   SenderThread:2153773 [sender.py:send_request():193] send_request: stop_status
2021-08-25 04:24:47,312 DEBUG   SenderThread:2153773 [sender.py:send():179] send: stats
2021-08-25 04:24:49,032 DEBUG   HandlerThread:2153773 [handler.py:handle_request():124] handle_request: stop_status
2021-08-25 04:24:49,033 DEBUG   SenderThread:2153773 [sender.py:send_request():193] send_request: stop_status
2021-08-25 04:25:04,106 DEBUG   HandlerThread:2153773 [handler.py:handle_request():124] handle_request: stop_status
2021-08-25 04:25:04,106 DEBUG   SenderThread:2153773 [sender.py:send_request():193] send_request: stop_status
2021-08-25 04:25:06,901 DEBUG   SenderThread:2153773 [sender.py:send():179] send: history
2021-08-25 04:25:06,901 DEBUG   SenderThread:2153773 [sender.py:send():179] send: summary
2021-08-25 04:25:06,902 INFO    SenderThread:2153773 [sender.py:_save_file():841] saving file wandb-summary.json with policy end
2021-08-25 04:25:07,552 INFO    Thread-8  :2153773 [dir_watcher.py:_on_file_modified():229] file/dir modified: /grid/koo/home/ztang/QuantPred/wandb/run-20210825_040148-nieq47kf/files/wandb-summary.json
2021-08-25 04:25:17,901 DEBUG   SenderThread:2153773 [sender.py:send():179] send: stats
2021-08-25 04:25:19,181 DEBUG   HandlerThread:2153773 [handler.py:handle_request():124] handle_request: stop_status
2021-08-25 04:25:19,182 DEBUG   SenderThread:2153773 [sender.py:send_request():193] send_request: stop_status
2021-08-25 04:25:34,255 DEBUG   HandlerThread:2153773 [handler.py:handle_request():124] handle_request: stop_status
2021-08-25 04:25:34,256 DEBUG   SenderThread:2153773 [sender.py:send_request():193] send_request: stop_status
2021-08-25 04:25:48,483 DEBUG   SenderThread:2153773 [sender.py:send():179] send: stats
2021-08-25 04:25:49,338 DEBUG   HandlerThread:2153773 [handler.py:handle_request():124] handle_request: stop_status
2021-08-25 04:25:49,339 DEBUG   SenderThread:2153773 [sender.py:send_request():193] send_request: stop_status
2021-08-25 04:26:04,410 DEBUG   HandlerThread:2153773 [handler.py:handle_request():124] handle_request: stop_status
2021-08-25 04:26:04,410 DEBUG   SenderThread:2153773 [sender.py:send_request():193] send_request: stop_status
2021-08-25 04:26:04,465 ERROR   SenderThread:2153773 [internal_api.py:execute():130] 429 response executing GraphQL.
2021-08-25 04:26:04,466 ERROR   SenderThread:2153773 [internal_api.py:execute():131] {"error":"rate limit exceeded"}

2021-08-25 04:26:05,583 ERROR   SenderThread:2153773 [internal_api.py:execute():130] 429 response executing GraphQL.
2021-08-25 04:26:05,583 ERROR   SenderThread:2153773 [internal_api.py:execute():131] {"error":"rate limit exceeded"}

2021-08-25 04:26:07,732 ERROR   SenderThread:2153773 [internal_api.py:execute():130] 429 response executing GraphQL.
2021-08-25 04:26:07,732 ERROR   SenderThread:2153773 [internal_api.py:execute():131] {"error":"rate limit exceeded"}

2021-08-25 04:26:07,732 ERROR   SenderThread:2153773 [retry.py:__call__():126] Retry attempt failed:
Traceback (most recent call last):
  File "/usr/local/lib/python3.6/dist-packages/wandb/sdk/lib/retry.py", line 102, in __call__
    result = self._call_fn(*args, **kwargs)
  File "/usr/local/lib/python3.6/dist-packages/wandb/sdk/internal/internal_api.py", line 133, in execute
    six.reraise(*sys.exc_info())
  File "/usr/local/lib/python3.6/dist-packages/six.py", line 719, in reraise
    raise value
  File "/usr/local/lib/python3.6/dist-packages/wandb/sdk/internal/internal_api.py", line 127, in execute
    return self.client.execute(*args, **kwargs)
  File "/usr/local/lib/python3.6/dist-packages/wandb/vendor/gql-0.2.0/gql/client.py", line 52, in execute
    result = self._get_result(document, *args, **kwargs)
  File "/usr/local/lib/python3.6/dist-packages/wandb/vendor/gql-0.2.0/gql/client.py", line 60, in _get_result
    return self.transport.execute(document, *args, **kwargs)
  File "/usr/local/lib/python3.6/dist-packages/wandb/vendor/gql-0.2.0/gql/transport/requests.py", line 39, in execute
    request.raise_for_status()
  File "/usr/local/lib/python3.6/dist-packages/requests/models.py", line 943, in raise_for_status
    raise HTTPError(http_error_msg, response=self)
requests.exceptions.HTTPError: 429 Client Error: Too Many Requests for url: https://api.wandb.ai/graphql
2021-08-25 04:26:12,321 ERROR   SenderThread:2153773 [internal_api.py:execute():130] 429 response executing GraphQL.
2021-08-25 04:26:12,322 ERROR   SenderThread:2153773 [internal_api.py:execute():131] {"error":"rate limit exceeded"}

2021-08-25 04:26:20,553 DEBUG   SenderThread:2153773 [sender.py:send():179] send: history
2021-08-25 04:26:20,554 DEBUG   SenderThread:2153773 [sender.py:send():179] send: summary
2021-08-25 04:26:20,558 INFO    SenderThread:2153773 [sender.py:_save_file():841] saving file wandb-summary.json with policy end
2021-08-25 04:26:20,558 DEBUG   SenderThread:2153773 [sender.py:send():179] send: stats
2021-08-25 04:26:20,593 INFO    Thread-8  :2153773 [dir_watcher.py:_on_file_modified():229] file/dir modified: /grid/koo/home/ztang/QuantPred/wandb/run-20210825_040148-nieq47kf/files/wandb-summary.json
2021-08-25 04:26:35,555 DEBUG   HandlerThread:2153773 [handler.py:handle_request():124] handle_request: stop_status
2021-08-25 04:26:35,555 DEBUG   SenderThread:2153773 [sender.py:send_request():193] send_request: stop_status
2021-08-25 04:26:49,724 DEBUG   SenderThread:2153773 [sender.py:send():179] send: stats
2021-08-25 04:26:50,641 DEBUG   HandlerThread:2153773 [handler.py:handle_request():124] handle_request: stop_status
2021-08-25 04:26:50,641 DEBUG   SenderThread:2153773 [sender.py:send_request():193] send_request: stop_status
2021-08-25 04:27:05,711 DEBUG   HandlerThread:2153773 [handler.py:handle_request():124] handle_request: stop_status
2021-08-25 04:27:05,711 DEBUG   SenderThread:2153773 [sender.py:send_request():193] send_request: stop_status
2021-08-25 04:27:14,378 DEBUG   SenderThread:2153773 [sender.py:send():179] send: history
2021-08-25 04:27:14,379 DEBUG   SenderThread:2153773 [sender.py:send():179] send: summary
2021-08-25 04:27:14,382 INFO    SenderThread:2153773 [sender.py:_save_file():841] saving file wandb-summary.json with policy end
2021-08-25 04:27:14,625 INFO    Thread-8  :2153773 [dir_watcher.py:_on_file_modified():229] file/dir modified: /grid/koo/home/ztang/QuantPred/wandb/run-20210825_040148-nieq47kf/files/wandb-summary.json
2021-08-25 04:27:20,320 DEBUG   SenderThread:2153773 [sender.py:send():179] send: stats
2021-08-25 04:27:20,787 DEBUG   HandlerThread:2153773 [handler.py:handle_request():124] handle_request: stop_status
2021-08-25 04:27:20,788 DEBUG   SenderThread:2153773 [sender.py:send_request():193] send_request: stop_status
2021-08-25 04:27:35,864 DEBUG   HandlerThread:2153773 [handler.py:handle_request():124] handle_request: stop_status
2021-08-25 04:27:35,864 DEBUG   SenderThread:2153773 [sender.py:send_request():193] send_request: stop_status
2021-08-25 04:27:50,936 DEBUG   HandlerThread:2153773 [handler.py:handle_request():124] handle_request: stop_status
2021-08-25 04:27:50,936 DEBUG   SenderThread:2153773 [sender.py:send_request():193] send_request: stop_status
2021-08-25 04:27:51,013 DEBUG   SenderThread:2153773 [sender.py:send():179] send: stats
2021-08-25 04:28:06,015 DEBUG   HandlerThread:2153773 [handler.py:handle_request():124] handle_request: stop_status
2021-08-25 04:28:06,015 DEBUG   SenderThread:2153773 [sender.py:send_request():193] send_request: stop_status
2021-08-25 04:28:17,680 DEBUG   SenderThread:2153773 [sender.py:send():179] send: history
2021-08-25 04:28:17,680 DEBUG   SenderThread:2153773 [sender.py:send():179] send: summary
2021-08-25 04:28:17,681 INFO    SenderThread:2153773 [sender.py:_save_file():841] saving file wandb-summary.json with policy end
2021-08-25 04:28:18,660 INFO    Thread-8  :2153773 [dir_watcher.py:_on_file_modified():229] file/dir modified: /grid/koo/home/ztang/QuantPred/wandb/run-20210825_040148-nieq47kf/files/wandb-summary.json
2021-08-25 04:28:21,276 DEBUG   HandlerThread:2153773 [handler.py:handle_request():124] handle_request: stop_status
2021-08-25 04:28:21,277 DEBUG   SenderThread:2153773 [sender.py:send_request():193] send_request: stop_status
2021-08-25 04:28:21,343 ERROR   SenderThread:2153773 [internal_api.py:execute():130] 429 response executing GraphQL.
2021-08-25 04:28:21,343 ERROR   SenderThread:2153773 [internal_api.py:execute():131] {"error":"rate limit exceeded"}

2021-08-25 04:28:22,521 ERROR   SenderThread:2153773 [internal_api.py:execute():130] 429 response executing GraphQL.
2021-08-25 04:28:22,522 ERROR   SenderThread:2153773 [internal_api.py:execute():131] {"error":"rate limit exceeded"}

2021-08-25 04:28:24,900 ERROR   SenderThread:2153773 [internal_api.py:execute():130] 429 response executing GraphQL.
2021-08-25 04:28:24,901 ERROR   SenderThread:2153773 [internal_api.py:execute():131] {"error":"rate limit exceeded"}

2021-08-25 04:28:24,901 ERROR   SenderThread:2153773 [retry.py:__call__():126] Retry attempt failed:
Traceback (most recent call last):
  File "/usr/local/lib/python3.6/dist-packages/wandb/sdk/lib/retry.py", line 102, in __call__
    result = self._call_fn(*args, **kwargs)
  File "/usr/local/lib/python3.6/dist-packages/wandb/sdk/internal/internal_api.py", line 133, in execute
    six.reraise(*sys.exc_info())
  File "/usr/local/lib/python3.6/dist-packages/six.py", line 719, in reraise
    raise value
  File "/usr/local/lib/python3.6/dist-packages/wandb/sdk/internal/internal_api.py", line 127, in execute
    return self.client.execute(*args, **kwargs)
  File "/usr/local/lib/python3.6/dist-packages/wandb/vendor/gql-0.2.0/gql/client.py", line 52, in execute
    result = self._get_result(document, *args, **kwargs)
  File "/usr/local/lib/python3.6/dist-packages/wandb/vendor/gql-0.2.0/gql/client.py", line 60, in _get_result
    return self.transport.execute(document, *args, **kwargs)
  File "/usr/local/lib/python3.6/dist-packages/wandb/vendor/gql-0.2.0/gql/transport/requests.py", line 39, in execute
    request.raise_for_status()
  File "/usr/local/lib/python3.6/dist-packages/requests/models.py", line 943, in raise_for_status
    raise HTTPError(http_error_msg, response=self)
requests.exceptions.HTTPError: 429 Client Error: Too Many Requests for url: https://api.wandb.ai/graphql
2021-08-25 04:28:29,290 ERROR   SenderThread:2153773 [internal_api.py:execute():130] 429 response executing GraphQL.
2021-08-25 04:28:29,290 ERROR   SenderThread:2153773 [internal_api.py:execute():131] {"error":"rate limit exceeded"}

2021-08-25 04:28:37,425 DEBUG   SenderThread:2153773 [sender.py:send():179] send: stats
2021-08-25 04:28:52,186 DEBUG   SenderThread:2153773 [sender.py:send():179] send: stats
2021-08-25 04:28:52,427 DEBUG   HandlerThread:2153773 [handler.py:handle_request():124] handle_request: stop_status
2021-08-25 04:28:52,427 DEBUG   SenderThread:2153773 [sender.py:send_request():193] send_request: stop_status
2021-08-25 04:28:52,489 ERROR   SenderThread:2153773 [internal_api.py:execute():130] 429 response executing GraphQL.
2021-08-25 04:28:52,489 ERROR   SenderThread:2153773 [internal_api.py:execute():131] {"error":"rate limit exceeded"}

2021-08-25 04:28:53,723 ERROR   SenderThread:2153773 [internal_api.py:execute():130] 429 response executing GraphQL.
2021-08-25 04:28:53,723 ERROR   SenderThread:2153773 [internal_api.py:execute():131] {"error":"rate limit exceeded"}

2021-08-25 04:28:56,031 ERROR   SenderThread:2153773 [internal_api.py:execute():130] 429 response executing GraphQL.
2021-08-25 04:28:56,031 ERROR   SenderThread:2153773 [internal_api.py:execute():131] {"error":"rate limit exceeded"}

2021-08-25 04:28:56,032 ERROR   SenderThread:2153773 [retry.py:__call__():126] Retry attempt failed:
Traceback (most recent call last):
  File "/usr/local/lib/python3.6/dist-packages/wandb/sdk/lib/retry.py", line 102, in __call__
    result = self._call_fn(*args, **kwargs)
  File "/usr/local/lib/python3.6/dist-packages/wandb/sdk/internal/internal_api.py", line 133, in execute
    six.reraise(*sys.exc_info())
  File "/usr/local/lib/python3.6/dist-packages/six.py", line 719, in reraise
    raise value
  File "/usr/local/lib/python3.6/dist-packages/wandb/sdk/internal/internal_api.py", line 127, in execute
    return self.client.execute(*args, **kwargs)
  File "/usr/local/lib/python3.6/dist-packages/wandb/vendor/gql-0.2.0/gql/client.py", line 52, in execute
    result = self._get_result(document, *args, **kwargs)
  File "/usr/local/lib/python3.6/dist-packages/wandb/vendor/gql-0.2.0/gql/client.py", line 60, in _get_result
    return self.transport.execute(document, *args, **kwargs)
  File "/usr/local/lib/python3.6/dist-packages/wandb/vendor/gql-0.2.0/gql/transport/requests.py", line 39, in execute
    request.raise_for_status()
  File "/usr/local/lib/python3.6/dist-packages/requests/models.py", line 943, in raise_for_status
    raise HTTPError(http_error_msg, response=self)
requests.exceptions.HTTPError: 429 Client Error: Too Many Requests for url: https://api.wandb.ai/graphql
2021-08-25 04:29:15,768 DEBUG   HandlerThread:2153773 [handler.py:handle_request():124] handle_request: stop_status
2021-08-25 04:29:15,769 DEBUG   SenderThread:2153773 [sender.py:send_request():193] send_request: stop_status
2021-08-25 04:29:20,183 DEBUG   SenderThread:2153773 [sender.py:send():179] send: history
2021-08-25 04:29:20,183 DEBUG   SenderThread:2153773 [sender.py:send():179] send: summary
2021-08-25 04:29:20,187 INFO    SenderThread:2153773 [sender.py:_save_file():841] saving file wandb-summary.json with policy end
2021-08-25 04:29:20,694 INFO    Thread-8  :2153773 [dir_watcher.py:_on_file_modified():229] file/dir modified: /grid/koo/home/ztang/QuantPred/wandb/run-20210825_040148-nieq47kf/files/wandb-summary.json
2021-08-25 04:29:22,788 DEBUG   SenderThread:2153773 [sender.py:send():179] send: stats
2021-08-25 04:29:30,842 DEBUG   HandlerThread:2153773 [handler.py:handle_request():124] handle_request: stop_status
2021-08-25 04:29:30,842 DEBUG   SenderThread:2153773 [sender.py:send_request():193] send_request: stop_status
2021-08-25 04:29:45,913 DEBUG   HandlerThread:2153773 [handler.py:handle_request():124] handle_request: stop_status
2021-08-25 04:29:45,913 DEBUG   SenderThread:2153773 [sender.py:send_request():193] send_request: stop_status
2021-08-25 04:29:53,397 DEBUG   SenderThread:2153773 [sender.py:send():179] send: stats
2021-08-25 04:30:00,988 DEBUG   HandlerThread:2153773 [handler.py:handle_request():124] handle_request: stop_status
2021-08-25 04:30:00,989 DEBUG   SenderThread:2153773 [sender.py:send_request():193] send_request: stop_status
2021-08-25 04:30:16,070 DEBUG   HandlerThread:2153773 [handler.py:handle_request():124] handle_request: stop_status
2021-08-25 04:30:16,070 DEBUG   SenderThread:2153773 [sender.py:send_request():193] send_request: stop_status
2021-08-25 04:30:23,443 DEBUG   SenderThread:2153773 [sender.py:send():179] send: history
2021-08-25 04:30:23,444 DEBUG   SenderThread:2153773 [sender.py:send():179] send: summary
2021-08-25 04:30:23,444 INFO    SenderThread:2153773 [sender.py:_save_file():841] saving file wandb-summary.json with policy end
2021-08-25 04:30:23,729 INFO    Thread-8  :2153773 [dir_watcher.py:_on_file_modified():229] file/dir modified: /grid/koo/home/ztang/QuantPred/wandb/run-20210825_040148-nieq47kf/files/wandb-summary.json
2021-08-25 04:30:24,055 DEBUG   SenderThread:2153773 [sender.py:send():179] send: stats
2021-08-25 04:30:31,144 DEBUG   HandlerThread:2153773 [handler.py:handle_request():124] handle_request: stop_status
2021-08-25 04:30:31,145 DEBUG   SenderThread:2153773 [sender.py:send_request():193] send_request: stop_status
2021-08-25 04:30:46,220 DEBUG   HandlerThread:2153773 [handler.py:handle_request():124] handle_request: stop_status
2021-08-25 04:30:46,221 DEBUG   SenderThread:2153773 [sender.py:send_request():193] send_request: stop_status
2021-08-25 04:30:54,685 DEBUG   SenderThread:2153773 [sender.py:send():179] send: stats
2021-08-25 04:31:01,291 DEBUG   HandlerThread:2153773 [handler.py:handle_request():124] handle_request: stop_status
2021-08-25 04:31:01,292 DEBUG   SenderThread:2153773 [sender.py:send_request():193] send_request: stop_status
2021-08-25 04:31:16,362 DEBUG   HandlerThread:2153773 [handler.py:handle_request():124] handle_request: stop_status
2021-08-25 04:31:16,362 DEBUG   SenderThread:2153773 [sender.py:send_request():193] send_request: stop_status
2021-08-25 04:31:25,298 DEBUG   SenderThread:2153773 [sender.py:send():179] send: stats
2021-08-25 04:31:25,670 DEBUG   SenderThread:2153773 [sender.py:send():179] send: history
2021-08-25 04:31:25,670 DEBUG   SenderThread:2153773 [sender.py:send():179] send: summary
2021-08-25 04:31:25,671 INFO    SenderThread:2153773 [sender.py:_save_file():841] saving file wandb-summary.json with policy end
2021-08-25 04:31:25,764 INFO    Thread-8  :2153773 [dir_watcher.py:_on_file_modified():229] file/dir modified: /grid/koo/home/ztang/QuantPred/wandb/run-20210825_040148-nieq47kf/files/wandb-summary.json
2021-08-25 04:31:31,448 DEBUG   HandlerThread:2153773 [handler.py:handle_request():124] handle_request: stop_status
2021-08-25 04:31:31,448 DEBUG   SenderThread:2153773 [sender.py:send_request():193] send_request: stop_status
2021-08-25 04:31:46,519 DEBUG   HandlerThread:2153773 [handler.py:handle_request():124] handle_request: stop_status
2021-08-25 04:31:46,519 DEBUG   SenderThread:2153773 [sender.py:send_request():193] send_request: stop_status
2021-08-25 04:31:55,911 DEBUG   SenderThread:2153773 [sender.py:send():179] send: stats
2021-08-25 04:32:01,591 DEBUG   HandlerThread:2153773 [handler.py:handle_request():124] handle_request: stop_status
2021-08-25 04:32:01,592 DEBUG   SenderThread:2153773 [sender.py:send_request():193] send_request: stop_status
2021-08-25 04:32:16,661 DEBUG   HandlerThread:2153773 [handler.py:handle_request():124] handle_request: stop_status
2021-08-25 04:32:16,662 DEBUG   SenderThread:2153773 [sender.py:send_request():193] send_request: stop_status
2021-08-25 04:32:26,533 DEBUG   SenderThread:2153773 [sender.py:send():179] send: stats
2021-08-25 04:32:29,153 DEBUG   SenderThread:2153773 [sender.py:send():179] send: history
2021-08-25 04:32:29,153 DEBUG   SenderThread:2153773 [sender.py:send():179] send: summary
2021-08-25 04:32:29,154 INFO    SenderThread:2153773 [sender.py:_save_file():841] saving file wandb-summary.json with policy end
2021-08-25 04:32:29,171 DEBUG   HandlerThread:2153773 [handler.py:handle_request():124] handle_request: poll_exit
2021-08-25 04:32:29,171 DEBUG   SenderThread:2153773 [sender.py:send():179] send: telemetry
2021-08-25 04:32:29,171 DEBUG   SenderThread:2153773 [sender.py:send():179] send: exit
2021-08-25 04:32:29,171 INFO    SenderThread:2153773 [sender.py:send_exit():287] handling exit code: 0
2021-08-25 04:32:29,171 INFO    SenderThread:2153773 [sender.py:send_exit():295] send defer
2021-08-25 04:32:29,172 DEBUG   SenderThread:2153773 [sender.py:send_request():193] send_request: poll_exit
2021-08-25 04:32:29,172 DEBUG   HandlerThread:2153773 [handler.py:handle_request():124] handle_request: defer
2021-08-25 04:32:29,172 INFO    HandlerThread:2153773 [handler.py:handle_request_defer():141] handle defer: 0
2021-08-25 04:32:29,173 DEBUG   SenderThread:2153773 [sender.py:send_request():193] send_request: defer
2021-08-25 04:32:29,173 INFO    SenderThread:2153773 [sender.py:send_request_defer():304] handle sender defer: 0
2021-08-25 04:32:29,173 INFO    SenderThread:2153773 [sender.py:transition_state():308] send defer: 1
2021-08-25 04:32:29,173 DEBUG   HandlerThread:2153773 [handler.py:handle_request():124] handle_request: defer
2021-08-25 04:32:29,173 INFO    HandlerThread:2153773 [handler.py:handle_request_defer():141] handle defer: 1
2021-08-25 04:32:29,306 DEBUG   SenderThread:2153773 [sender.py:send_request():193] send_request: defer
2021-08-25 04:32:29,307 DEBUG   HandlerThread:2153773 [handler.py:handle_request():124] handle_request: poll_exit
2021-08-25 04:32:29,307 INFO    SenderThread:2153773 [sender.py:send_request_defer():304] handle sender defer: 1
2021-08-25 04:32:29,307 INFO    SenderThread:2153773 [sender.py:transition_state():308] send defer: 2
2021-08-25 04:32:29,307 DEBUG   SenderThread:2153773 [sender.py:send_request():193] send_request: poll_exit
2021-08-25 04:32:29,308 DEBUG   SenderThread:2153773 [sender.py:send():179] send: stats
2021-08-25 04:32:29,308 DEBUG   HandlerThread:2153773 [handler.py:handle_request():124] handle_request: defer
2021-08-25 04:32:29,308 INFO    HandlerThread:2153773 [handler.py:handle_request_defer():141] handle defer: 2
2021-08-25 04:32:29,309 DEBUG   SenderThread:2153773 [sender.py:send_request():193] send_request: defer
2021-08-25 04:32:29,309 INFO    SenderThread:2153773 [sender.py:send_request_defer():304] handle sender defer: 2
2021-08-25 04:32:29,309 INFO    SenderThread:2153773 [sender.py:transition_state():308] send defer: 3
2021-08-25 04:32:29,309 DEBUG   HandlerThread:2153773 [handler.py:handle_request():124] handle_request: defer
2021-08-25 04:32:29,309 INFO    HandlerThread:2153773 [handler.py:handle_request_defer():141] handle defer: 3
2021-08-25 04:32:29,310 DEBUG   SenderThread:2153773 [sender.py:send():179] send: summary
2021-08-25 04:32:29,310 INFO    SenderThread:2153773 [sender.py:_save_file():841] saving file wandb-summary.json with policy end
2021-08-25 04:32:29,311 DEBUG   SenderThread:2153773 [sender.py:send_request():193] send_request: defer
2021-08-25 04:32:29,311 INFO    SenderThread:2153773 [sender.py:send_request_defer():304] handle sender defer: 3
2021-08-25 04:32:29,311 INFO    SenderThread:2153773 [sender.py:transition_state():308] send defer: 4
2021-08-25 04:32:29,311 DEBUG   HandlerThread:2153773 [handler.py:handle_request():124] handle_request: defer
2021-08-25 04:32:29,311 INFO    HandlerThread:2153773 [handler.py:handle_request_defer():141] handle defer: 4
2021-08-25 04:32:29,311 DEBUG   SenderThread:2153773 [sender.py:send_request():193] send_request: defer
2021-08-25 04:32:29,311 INFO    SenderThread:2153773 [sender.py:send_request_defer():304] handle sender defer: 4
2021-08-25 04:32:29,387 ERROR   SenderThread:2153773 [internal_api.py:execute():130] 429 response executing GraphQL.
2021-08-25 04:32:29,387 ERROR   SenderThread:2153773 [internal_api.py:execute():131] {"error":"rate limit exceeded"}

2021-08-25 04:32:29,417 DEBUG   HandlerThread:2153773 [handler.py:handle_request():124] handle_request: poll_exit
2021-08-25 04:32:29,800 INFO    Thread-8  :2153773 [dir_watcher.py:_on_file_modified():229] file/dir modified: /grid/koo/home/ztang/QuantPred/wandb/run-20210825_040148-nieq47kf/files/wandb-summary.json
2021-08-25 04:32:30,667 INFO    SenderThread:2153773 [sender.py:transition_state():308] send defer: 5
2021-08-25 04:32:30,667 DEBUG   SenderThread:2153773 [sender.py:send_request():193] send_request: poll_exit
2021-08-25 04:32:30,668 DEBUG   HandlerThread:2153773 [handler.py:handle_request():124] handle_request: defer
2021-08-25 04:32:30,668 INFO    HandlerThread:2153773 [handler.py:handle_request_defer():141] handle defer: 5
2021-08-25 04:32:30,669 DEBUG   SenderThread:2153773 [sender.py:send_request():193] send_request: defer
2021-08-25 04:32:30,669 INFO    SenderThread:2153773 [sender.py:send_request_defer():304] handle sender defer: 5
2021-08-25 04:32:30,669 INFO    SenderThread:2153773 [dir_watcher.py:finish():282] shutting down directory watcher
2021-08-25 04:32:30,775 DEBUG   HandlerThread:2153773 [handler.py:handle_request():124] handle_request: poll_exit
2021-08-25 04:32:30,800 INFO    Thread-8  :2153773 [dir_watcher.py:_on_file_modified():229] file/dir modified: /grid/koo/home/ztang/QuantPred/wandb/run-20210825_040148-nieq47kf/files/config.yaml
2021-08-25 04:32:30,801 INFO    SenderThread:2153773 [dir_watcher.py:finish():312] scan: /grid/koo/home/ztang/QuantPred/wandb/run-20210825_040148-nieq47kf/files
2021-08-25 04:32:30,801 INFO    SenderThread:2153773 [dir_watcher.py:finish():318] scan save: /grid/koo/home/ztang/QuantPred/wandb/run-20210825_040148-nieq47kf/files/wandb-metadata.json wandb-metadata.json
2021-08-25 04:32:30,801 INFO    SenderThread:2153773 [dir_watcher.py:finish():318] scan save: /grid/koo/home/ztang/QuantPred/wandb/run-20210825_040148-nieq47kf/files/config.yaml config.yaml
2021-08-25 04:32:30,802 INFO    SenderThread:2153773 [dir_watcher.py:finish():318] scan save: /grid/koo/home/ztang/QuantPred/wandb/run-20210825_040148-nieq47kf/files/requirements.txt requirements.txt
2021-08-25 04:32:30,802 INFO    SenderThread:2153773 [dir_watcher.py:finish():318] scan save: /grid/koo/home/ztang/QuantPred/wandb/run-20210825_040148-nieq47kf/files/model-best.h5 model-best.h5
2021-08-25 04:32:30,813 INFO    SenderThread:2153773 [dir_watcher.py:finish():318] scan save: /grid/koo/home/ztang/QuantPred/wandb/run-20210825_040148-nieq47kf/files/wandb-summary.json wandb-summary.json
2021-08-25 04:32:30,814 INFO    SenderThread:2153773 [dir_watcher.py:finish():318] scan save: /grid/koo/home/ztang/QuantPred/wandb/run-20210825_040148-nieq47kf/files/output.log output.log
2021-08-25 04:32:30,814 INFO    SenderThread:2153773 [dir_watcher.py:finish():318] scan save: /grid/koo/home/ztang/QuantPred/wandb/run-20210825_040148-nieq47kf/files/media/graph/graph_summary_105b766848e5d2bf425c.graph.json media/graph/graph_summary_105b766848e5d2bf425c.graph.json
2021-08-25 04:32:30,815 INFO    SenderThread:2153773 [sender.py:transition_state():308] send defer: 6
2021-08-25 04:32:30,815 DEBUG   SenderThread:2153773 [sender.py:send_request():193] send_request: poll_exit
2021-08-25 04:32:30,815 DEBUG   HandlerThread:2153773 [handler.py:handle_request():124] handle_request: defer
2021-08-25 04:32:30,816 INFO    HandlerThread:2153773 [handler.py:handle_request_defer():141] handle defer: 6
2021-08-25 04:32:30,816 DEBUG   SenderThread:2153773 [sender.py:send_request():193] send_request: defer
2021-08-25 04:32:30,816 INFO    SenderThread:2153773 [sender.py:send_request_defer():304] handle sender defer: 6
2021-08-25 04:32:30,816 INFO    SenderThread:2153773 [file_pusher.py:finish():177] shutting down file pusher
2021-08-25 04:32:30,923 DEBUG   HandlerThread:2153773 [handler.py:handle_request():124] handle_request: poll_exit
2021-08-25 04:32:30,924 DEBUG   SenderThread:2153773 [sender.py:send_request():193] send_request: poll_exit
2021-08-25 04:32:31,029 DEBUG   HandlerThread:2153773 [handler.py:handle_request():124] handle_request: poll_exit
2021-08-25 04:32:31,030 DEBUG   SenderThread:2153773 [sender.py:send_request():193] send_request: poll_exit
2021-08-25 04:32:31,140 DEBUG   HandlerThread:2153773 [handler.py:handle_request():124] handle_request: poll_exit
2021-08-25 04:32:31,140 DEBUG   SenderThread:2153773 [sender.py:send_request():193] send_request: poll_exit
2021-08-25 04:32:31,171 INFO    Thread-15 :2153773 [upload_job.py:push():137] Uploaded file /grid/koo/home/ztang/QuantPred/wandb/run-20210825_040148-nieq47kf/files/requirements.txt
2021-08-25 04:32:31,215 INFO    Thread-14 :2153773 [upload_job.py:push():137] Uploaded file /grid/koo/home/ztang/QuantPred/wandb/run-20210825_040148-nieq47kf/files/config.yaml
2021-08-25 04:32:31,257 DEBUG   HandlerThread:2153773 [handler.py:handle_request():124] handle_request: poll_exit
2021-08-25 04:32:31,258 DEBUG   SenderThread:2153773 [sender.py:send_request():193] send_request: poll_exit
2021-08-25 04:32:31,363 DEBUG   HandlerThread:2153773 [handler.py:handle_request():124] handle_request: poll_exit
2021-08-25 04:32:31,364 DEBUG   SenderThread:2153773 [sender.py:send_request():193] send_request: poll_exit
2021-08-25 04:32:31,469 DEBUG   HandlerThread:2153773 [handler.py:handle_request():124] handle_request: poll_exit
2021-08-25 04:32:31,469 DEBUG   SenderThread:2153773 [sender.py:send_request():193] send_request: poll_exit
2021-08-25 04:32:31,575 DEBUG   HandlerThread:2153773 [handler.py:handle_request():124] handle_request: poll_exit
2021-08-25 04:32:31,575 DEBUG   SenderThread:2153773 [sender.py:send_request():193] send_request: poll_exit
2021-08-25 04:32:31,628 INFO    Thread-17 :2153773 [upload_job.py:push():137] Uploaded file /grid/koo/home/ztang/QuantPred/wandb/run-20210825_040148-nieq47kf/files/wandb-summary.json
2021-08-25 04:32:31,680 DEBUG   HandlerThread:2153773 [handler.py:handle_request():124] handle_request: poll_exit
2021-08-25 04:32:31,681 DEBUG   SenderThread:2153773 [sender.py:send_request():193] send_request: poll_exit
2021-08-25 04:32:31,786 DEBUG   HandlerThread:2153773 [handler.py:handle_request():124] handle_request: poll_exit
2021-08-25 04:32:31,787 DEBUG   SenderThread:2153773 [sender.py:send_request():193] send_request: poll_exit
2021-08-25 04:32:31,892 DEBUG   HandlerThread:2153773 [handler.py:handle_request():124] handle_request: poll_exit
2021-08-25 04:32:31,893 DEBUG   SenderThread:2153773 [sender.py:send_request():193] send_request: poll_exit
2021-08-25 04:32:31,998 DEBUG   HandlerThread:2153773 [handler.py:handle_request():124] handle_request: poll_exit
2021-08-25 04:32:31,998 DEBUG   SenderThread:2153773 [sender.py:send_request():193] send_request: poll_exit
2021-08-25 04:32:32,103 DEBUG   HandlerThread:2153773 [handler.py:handle_request():124] handle_request: poll_exit
2021-08-25 04:32:32,104 DEBUG   SenderThread:2153773 [sender.py:send_request():193] send_request: poll_exit
2021-08-25 04:32:32,209 DEBUG   HandlerThread:2153773 [handler.py:handle_request():124] handle_request: poll_exit
2021-08-25 04:32:32,209 DEBUG   SenderThread:2153773 [sender.py:send_request():193] send_request: poll_exit
2021-08-25 04:32:32,309 INFO    Thread-16 :2153773 [upload_job.py:push():137] Uploaded file /tmp/3250053.1.gpu.q/tmp7kb58o9cwandb/1ryr6os2-model-best.h5
2021-08-25 04:32:32,317 DEBUG   HandlerThread:2153773 [handler.py:handle_request():124] handle_request: poll_exit
2021-08-25 04:32:32,317 DEBUG   SenderThread:2153773 [sender.py:send_request():193] send_request: poll_exit
2021-08-25 04:32:32,423 DEBUG   HandlerThread:2153773 [handler.py:handle_request():124] handle_request: poll_exit
2021-08-25 04:32:32,423 DEBUG   SenderThread:2153773 [sender.py:send_request():193] send_request: poll_exit
2021-08-25 04:32:32,521 INFO    Thread-7  :2153773 [sender.py:transition_state():308] send defer: 7
2021-08-25 04:32:32,521 DEBUG   HandlerThread:2153773 [handler.py:handle_request():124] handle_request: defer
2021-08-25 04:32:32,521 INFO    HandlerThread:2153773 [handler.py:handle_request_defer():141] handle defer: 7
2021-08-25 04:32:32,522 DEBUG   SenderThread:2153773 [sender.py:send_request():193] send_request: defer
2021-08-25 04:32:32,522 INFO    SenderThread:2153773 [sender.py:send_request_defer():304] handle sender defer: 7
2021-08-25 04:32:32,529 DEBUG   HandlerThread:2153773 [handler.py:handle_request():124] handle_request: poll_exit
2021-08-25 04:32:32,659 INFO    SenderThread:2153773 [sender.py:transition_state():308] send defer: 8
2021-08-25 04:32:32,660 DEBUG   SenderThread:2153773 [sender.py:send_request():193] send_request: poll_exit
2021-08-25 04:32:32,661 DEBUG   HandlerThread:2153773 [handler.py:handle_request():124] handle_request: defer
2021-08-25 04:32:32,661 INFO    HandlerThread:2153773 [handler.py:handle_request_defer():141] handle defer: 8
2021-08-25 04:32:32,661 DEBUG   SenderThread:2153773 [sender.py:send_request():193] send_request: defer
2021-08-25 04:32:32,661 INFO    SenderThread:2153773 [sender.py:send_request_defer():304] handle sender defer: 8
2021-08-25 04:32:32,661 INFO    SenderThread:2153773 [sender.py:transition_state():308] send defer: 9
2021-08-25 04:32:32,662 DEBUG   HandlerThread:2153773 [handler.py:handle_request():124] handle_request: defer
2021-08-25 04:32:32,663 DEBUG   SenderThread:2153773 [sender.py:send():179] send: final
2021-08-25 04:32:32,663 INFO    HandlerThread:2153773 [handler.py:handle_request_defer():141] handle defer: 9
2021-08-25 04:32:32,663 DEBUG   SenderThread:2153773 [sender.py:send():179] send: footer
2021-08-25 04:32:32,663 DEBUG   SenderThread:2153773 [sender.py:send_request():193] send_request: defer
2021-08-25 04:32:32,663 INFO    SenderThread:2153773 [sender.py:send_request_defer():304] handle sender defer: 9
2021-08-25 04:32:32,768 DEBUG   HandlerThread:2153773 [handler.py:handle_request():124] handle_request: poll_exit
2021-08-25 04:32:32,769 DEBUG   SenderThread:2153773 [sender.py:send_request():193] send_request: poll_exit
2021-08-25 04:32:32,769 INFO    SenderThread:2153773 [file_pusher.py:join():182] waiting for file pusher
2021-08-25 04:32:32,775 DEBUG   HandlerThread:2153773 [handler.py:handle_request():124] handle_request: get_summary
2021-08-25 04:32:32,777 DEBUG   HandlerThread:2153773 [handler.py:handle_request():124] handle_request: sampled_history
2021-08-25 04:32:32,779 DEBUG   HandlerThread:2153773 [handler.py:handle_request():124] handle_request: shutdown
2021-08-25 04:32:32,779 INFO    HandlerThread:2153773 [handler.py:finish():638] shutting down handler
2021-08-25 04:32:33,663 INFO    WriterThread:2153773 [datastore.py:close():288] close: /grid/koo/home/ztang/QuantPred/wandb/run-20210825_040148-nieq47kf/run-nieq47kf.wandb
2021-08-25 04:32:33,769 INFO    SenderThread:2153773 [sender.py:finish():945] shutting down sender
2021-08-25 04:32:33,770 INFO    SenderThread:2153773 [file_pusher.py:finish():177] shutting down file pusher
2021-08-25 04:32:33,770 INFO    SenderThread:2153773 [file_pusher.py:join():182] waiting for file pusher
2021-08-25 04:32:33,773 INFO    MainThread:2153773 [internal.py:handle_exit():78] Internal process exited
