2021-09-18 20:12:54,265 INFO    MainThread:4082923 [internal.py:wandb_internal():91] W&B internal server running at pid: 4082923, started at: 2021-09-18 20:12:54.265188
2021-09-18 20:12:54,267 DEBUG   HandlerThread:4082923 [handler.py:handle_request():124] handle_request: check_version
2021-09-18 20:12:54,267 INFO    WriterThread:4082923 [datastore.py:open_for_write():80] open: /grid/koo/home/toneyan/profile/QuantPred/wandb/run-20210918_201253-6xvcyswf/run-6xvcyswf.wandb
2021-09-18 20:12:54,269 DEBUG   SenderThread:4082923 [sender.py:send():179] send: header
2021-09-18 20:12:54,269 DEBUG   SenderThread:4082923 [sender.py:send_request():193] send_request: check_version
2021-09-18 20:12:54,297 DEBUG   SenderThread:4082923 [sender.py:send():179] send: run
2021-09-18 20:12:54,379 INFO    SenderThread:4082923 [dir_watcher.py:__init__():168] watching files in: /grid/koo/home/toneyan/profile/QuantPred/wandb/run-20210918_201253-6xvcyswf/files
2021-09-18 20:12:54,379 INFO    SenderThread:4082923 [sender.py:_start_run_threads():719] run started: 6xvcyswf with start time 1632010373
2021-09-18 20:12:54,379 DEBUG   SenderThread:4082923 [sender.py:send():179] send: summary
2021-09-18 20:12:54,379 INFO    SenderThread:4082923 [sender.py:_save_file():841] saving file wandb-summary.json with policy end
2021-09-18 20:12:54,380 DEBUG   HandlerThread:4082923 [handler.py:handle_request():124] handle_request: run_start
2021-09-18 20:12:55,380 INFO    Thread-8  :4082923 [dir_watcher.py:_on_file_created():216] file/dir created: /grid/koo/home/toneyan/profile/QuantPred/wandb/run-20210918_201253-6xvcyswf/files/wandb-summary.json
2021-09-18 20:12:55,394 DEBUG   HandlerThread:4082923 [meta.py:__init__():39] meta init
2021-09-18 20:12:55,394 DEBUG   HandlerThread:4082923 [meta.py:__init__():53] meta init done
2021-09-18 20:12:55,394 DEBUG   HandlerThread:4082923 [meta.py:probe():210] probe
2021-09-18 20:12:55,399 DEBUG   HandlerThread:4082923 [meta.py:_save_pip():57] save pip
2021-09-18 20:12:55,401 DEBUG   HandlerThread:4082923 [meta.py:_save_pip():71] save pip done
2021-09-18 20:12:55,401 DEBUG   HandlerThread:4082923 [meta.py:probe():252] probe done
2021-09-18 20:12:55,403 DEBUG   SenderThread:4082923 [sender.py:send():179] send: files
2021-09-18 20:12:55,403 INFO    SenderThread:4082923 [sender.py:_save_file():841] saving file wandb-metadata.json with policy now
2021-09-18 20:12:55,410 DEBUG   HandlerThread:4082923 [handler.py:handle_request():124] handle_request: stop_status
2021-09-18 20:12:55,410 DEBUG   SenderThread:4082923 [sender.py:send_request():193] send_request: stop_status
2021-09-18 20:12:55,707 INFO    Thread-11 :4082923 [upload_job.py:push():137] Uploaded file /tmp/3288851.1.gpu_ded.q/tmpnl0tzx2qwandb/21x353mr-wandb-metadata.json
2021-09-18 20:12:56,380 INFO    Thread-8  :4082923 [dir_watcher.py:_on_file_created():216] file/dir created: /grid/koo/home/toneyan/profile/QuantPred/wandb/run-20210918_201253-6xvcyswf/files/requirements.txt
2021-09-18 20:12:56,380 INFO    Thread-8  :4082923 [dir_watcher.py:_on_file_created():216] file/dir created: /grid/koo/home/toneyan/profile/QuantPred/wandb/run-20210918_201253-6xvcyswf/files/wandb-metadata.json
2021-09-18 20:12:56,380 INFO    Thread-8  :4082923 [dir_watcher.py:_on_file_created():216] file/dir created: /grid/koo/home/toneyan/profile/QuantPred/wandb/run-20210918_201253-6xvcyswf/files/output.log
2021-09-18 20:13:10,471 DEBUG   HandlerThread:4082923 [handler.py:handle_request():124] handle_request: stop_status
2021-09-18 20:13:10,472 DEBUG   SenderThread:4082923 [sender.py:send_request():193] send_request: stop_status
2021-09-18 20:13:10,529 ERROR   SenderThread:4082923 [internal_api.py:execute():130] 429 response executing GraphQL.
2021-09-18 20:13:10,529 ERROR   SenderThread:4082923 [internal_api.py:execute():131] {"error":"rate limit exceeded"}

2021-09-18 20:13:11,832 ERROR   SenderThread:4082923 [internal_api.py:execute():130] 429 response executing GraphQL.
2021-09-18 20:13:11,833 ERROR   SenderThread:4082923 [internal_api.py:execute():131] {"error":"rate limit exceeded"}

2021-09-18 20:13:13,931 ERROR   SenderThread:4082923 [internal_api.py:execute():130] 429 response executing GraphQL.
2021-09-18 20:13:13,931 ERROR   SenderThread:4082923 [internal_api.py:execute():131] {"error":"rate limit exceeded"}

2021-09-18 20:13:13,931 ERROR   SenderThread:4082923 [retry.py:__call__():126] Retry attempt failed:
Traceback (most recent call last):
  File "/usr/local/lib/python3.6/dist-packages/wandb/sdk/lib/retry.py", line 102, in __call__
    result = self._call_fn(*args, **kwargs)
  File "/usr/local/lib/python3.6/dist-packages/wandb/sdk/internal/internal_api.py", line 133, in execute
    six.reraise(*sys.exc_info())
  File "/usr/local/lib/python3.6/dist-packages/six.py", line 719, in reraise
    raise value
  File "/usr/local/lib/python3.6/dist-packages/wandb/sdk/internal/internal_api.py", line 127, in execute
    return self.client.execute(*args, **kwargs)
  File "/usr/local/lib/python3.6/dist-packages/wandb/vendor/gql-0.2.0/gql/client.py", line 52, in execute
    result = self._get_result(document, *args, **kwargs)
  File "/usr/local/lib/python3.6/dist-packages/wandb/vendor/gql-0.2.0/gql/client.py", line 60, in _get_result
    return self.transport.execute(document, *args, **kwargs)
  File "/usr/local/lib/python3.6/dist-packages/wandb/vendor/gql-0.2.0/gql/transport/requests.py", line 39, in execute
    request.raise_for_status()
  File "/usr/local/lib/python3.6/dist-packages/requests/models.py", line 943, in raise_for_status
    raise HTTPError(http_error_msg, response=self)
requests.exceptions.HTTPError: 429 Client Error: Too Many Requests for url: https://api.wandb.ai/graphql
2021-09-18 20:13:23,779 DEBUG   SenderThread:4082923 [sender.py:send():179] send: stats
2021-09-18 20:13:29,307 DEBUG   HandlerThread:4082923 [handler.py:handle_request():124] handle_request: poll_exit
2021-09-18 20:13:29,307 DEBUG   SenderThread:4082923 [sender.py:send():179] send: telemetry
2021-09-18 20:13:29,308 DEBUG   SenderThread:4082923 [sender.py:send():179] send: exit
2021-09-18 20:13:29,308 INFO    SenderThread:4082923 [sender.py:send_exit():287] handling exit code: 1
2021-09-18 20:13:29,308 INFO    SenderThread:4082923 [sender.py:send_exit():295] send defer
2021-09-18 20:13:29,308 DEBUG   SenderThread:4082923 [sender.py:send_request():193] send_request: poll_exit
2021-09-18 20:13:29,308 DEBUG   HandlerThread:4082923 [handler.py:handle_request():124] handle_request: defer
2021-09-18 20:13:29,308 INFO    HandlerThread:4082923 [handler.py:handle_request_defer():141] handle defer: 0
2021-09-18 20:13:29,308 DEBUG   SenderThread:4082923 [sender.py:send_request():193] send_request: defer
2021-09-18 20:13:29,308 INFO    SenderThread:4082923 [sender.py:send_request_defer():304] handle sender defer: 0
2021-09-18 20:13:29,308 INFO    SenderThread:4082923 [sender.py:transition_state():308] send defer: 1
2021-09-18 20:13:29,309 DEBUG   HandlerThread:4082923 [handler.py:handle_request():124] handle_request: defer
2021-09-18 20:13:29,309 INFO    HandlerThread:4082923 [handler.py:handle_request_defer():141] handle defer: 1
2021-09-18 20:13:29,346 DEBUG   SenderThread:4082923 [sender.py:send_request():193] send_request: defer
2021-09-18 20:13:29,346 INFO    SenderThread:4082923 [sender.py:send_request_defer():304] handle sender defer: 1
2021-09-18 20:13:29,346 INFO    SenderThread:4082923 [sender.py:transition_state():308] send defer: 2
2021-09-18 20:13:29,346 DEBUG   SenderThread:4082923 [sender.py:send():179] send: stats
2021-09-18 20:13:29,347 DEBUG   HandlerThread:4082923 [handler.py:handle_request():124] handle_request: defer
2021-09-18 20:13:29,348 INFO    HandlerThread:4082923 [handler.py:handle_request_defer():141] handle defer: 2
2021-09-18 20:13:29,349 DEBUG   SenderThread:4082923 [sender.py:send_request():193] send_request: defer
2021-09-18 20:13:29,349 INFO    SenderThread:4082923 [sender.py:send_request_defer():304] handle sender defer: 2
2021-09-18 20:13:29,349 INFO    SenderThread:4082923 [sender.py:transition_state():308] send defer: 3
2021-09-18 20:13:29,349 DEBUG   HandlerThread:4082923 [handler.py:handle_request():124] handle_request: defer
2021-09-18 20:13:29,349 INFO    HandlerThread:4082923 [handler.py:handle_request_defer():141] handle defer: 3
2021-09-18 20:13:29,349 DEBUG   SenderThread:4082923 [sender.py:send():179] send: summary
2021-09-18 20:13:29,350 INFO    SenderThread:4082923 [sender.py:_save_file():841] saving file wandb-summary.json with policy end
2021-09-18 20:13:29,350 DEBUG   SenderThread:4082923 [sender.py:send_request():193] send_request: defer
2021-09-18 20:13:29,350 INFO    SenderThread:4082923 [sender.py:send_request_defer():304] handle sender defer: 3
2021-09-18 20:13:29,350 INFO    SenderThread:4082923 [sender.py:transition_state():308] send defer: 4
2021-09-18 20:13:29,350 DEBUG   HandlerThread:4082923 [handler.py:handle_request():124] handle_request: defer
2021-09-18 20:13:29,350 INFO    HandlerThread:4082923 [handler.py:handle_request_defer():141] handle defer: 4
2021-09-18 20:13:29,350 DEBUG   SenderThread:4082923 [sender.py:send_request():193] send_request: defer
2021-09-18 20:13:29,350 INFO    SenderThread:4082923 [sender.py:send_request_defer():304] handle sender defer: 4
2021-09-18 20:13:29,389 INFO    Thread-8  :4082923 [dir_watcher.py:_on_file_modified():229] file/dir modified: /grid/koo/home/toneyan/profile/QuantPred/wandb/run-20210918_201253-6xvcyswf/files/wandb-summary.json
2021-09-18 20:13:29,408 ERROR   SenderThread:4082923 [internal_api.py:execute():130] 429 response executing GraphQL.
2021-09-18 20:13:29,408 ERROR   SenderThread:4082923 [internal_api.py:execute():131] {"error":"rate limit exceeded"}

2021-09-18 20:13:29,410 DEBUG   HandlerThread:4082923 [handler.py:handle_request():124] handle_request: poll_exit
2021-09-18 20:13:34,510 DEBUG   HandlerThread:4082923 [handler.py:handle_request():124] handle_request: poll_exit
2021-09-18 20:13:40,387 DEBUG   HandlerThread:4082923 [handler.py:handle_request():124] handle_request: poll_exit
2021-09-18 20:13:40,388 INFO    SenderThread:4082923 [sender.py:transition_state():308] send defer: 5
2021-09-18 20:13:40,388 DEBUG   SenderThread:4082923 [sender.py:send_request():193] send_request: poll_exit
2021-09-18 20:13:40,388 DEBUG   SenderThread:4082923 [sender.py:send_request():193] send_request: poll_exit
2021-09-18 20:13:40,389 DEBUG   SenderThread:4082923 [sender.py:send_request():193] send_request: poll_exit
2021-09-18 20:13:40,389 DEBUG   HandlerThread:4082923 [handler.py:handle_request():124] handle_request: defer
2021-09-18 20:13:40,389 INFO    HandlerThread:4082923 [handler.py:handle_request_defer():141] handle defer: 5
2021-09-18 20:13:40,389 DEBUG   SenderThread:4082923 [sender.py:send_request():193] send_request: defer
2021-09-18 20:13:40,389 INFO    SenderThread:4082923 [sender.py:send_request_defer():304] handle sender defer: 5
2021-09-18 20:13:40,389 INFO    SenderThread:4082923 [dir_watcher.py:finish():282] shutting down directory watcher
2021-09-18 20:13:40,391 INFO    Thread-8  :4082923 [dir_watcher.py:_on_file_modified():229] file/dir modified: /grid/koo/home/toneyan/profile/QuantPred/wandb/run-20210918_201253-6xvcyswf/files/config.yaml
2021-09-18 20:13:40,392 INFO    SenderThread:4082923 [dir_watcher.py:_on_file_modified():229] file/dir modified: /grid/koo/home/toneyan/profile/QuantPred/wandb/run-20210918_201253-6xvcyswf/files/config.yaml
2021-09-18 20:13:40,392 INFO    SenderThread:4082923 [dir_watcher.py:finish():312] scan: /grid/koo/home/toneyan/profile/QuantPred/wandb/run-20210918_201253-6xvcyswf/files
2021-09-18 20:13:40,392 INFO    SenderThread:4082923 [dir_watcher.py:finish():318] scan save: /grid/koo/home/toneyan/profile/QuantPred/wandb/run-20210918_201253-6xvcyswf/files/wandb-metadata.json wandb-metadata.json
2021-09-18 20:13:40,392 INFO    SenderThread:4082923 [dir_watcher.py:finish():318] scan save: /grid/koo/home/toneyan/profile/QuantPred/wandb/run-20210918_201253-6xvcyswf/files/config.yaml config.yaml
2021-09-18 20:13:40,392 INFO    SenderThread:4082923 [dir_watcher.py:finish():318] scan save: /grid/koo/home/toneyan/profile/QuantPred/wandb/run-20210918_201253-6xvcyswf/files/requirements.txt requirements.txt
2021-09-18 20:13:40,395 INFO    SenderThread:4082923 [dir_watcher.py:finish():318] scan save: /grid/koo/home/toneyan/profile/QuantPred/wandb/run-20210918_201253-6xvcyswf/files/wandb-summary.json wandb-summary.json
2021-09-18 20:13:40,399 INFO    SenderThread:4082923 [dir_watcher.py:finish():318] scan save: /grid/koo/home/toneyan/profile/QuantPred/wandb/run-20210918_201253-6xvcyswf/files/output.log output.log
2021-09-18 20:13:40,399 INFO    SenderThread:4082923 [sender.py:transition_state():308] send defer: 6
2021-09-18 20:13:40,405 DEBUG   HandlerThread:4082923 [handler.py:handle_request():124] handle_request: defer
2021-09-18 20:13:40,405 INFO    HandlerThread:4082923 [handler.py:handle_request_defer():141] handle defer: 6
2021-09-18 20:13:40,405 DEBUG   SenderThread:4082923 [sender.py:send_request():193] send_request: defer
2021-09-18 20:13:40,405 INFO    SenderThread:4082923 [sender.py:send_request_defer():304] handle sender defer: 6
2021-09-18 20:13:40,405 INFO    SenderThread:4082923 [file_pusher.py:finish():177] shutting down file pusher
2021-09-18 20:13:40,452 ERROR   Thread-12 :4082923 [internal_api.py:execute():130] 429 response executing GraphQL.
2021-09-18 20:13:40,453 ERROR   Thread-12 :4082923 [internal_api.py:execute():131] {"error":"rate limit exceeded"}

2021-09-18 20:13:40,454 ERROR   Thread-13 :4082923 [internal_api.py:execute():130] 429 response executing GraphQL.
2021-09-18 20:13:40,455 ERROR   Thread-13 :4082923 [internal_api.py:execute():131] {"error":"rate limit exceeded"}

2021-09-18 20:13:40,457 ERROR   Thread-14 :4082923 [internal_api.py:execute():130] 429 response executing GraphQL.
2021-09-18 20:13:40,458 ERROR   Thread-14 :4082923 [internal_api.py:execute():131] {"error":"rate limit exceeded"}

2021-09-18 20:13:40,490 DEBUG   HandlerThread:4082923 [handler.py:handle_request():124] handle_request: poll_exit
2021-09-18 20:13:40,491 DEBUG   SenderThread:4082923 [sender.py:send_request():193] send_request: poll_exit
2021-09-18 20:13:40,594 DEBUG   HandlerThread:4082923 [handler.py:handle_request():124] handle_request: poll_exit
2021-09-18 20:13:40,594 DEBUG   SenderThread:4082923 [sender.py:send_request():193] send_request: poll_exit
2021-09-18 20:13:40,696 DEBUG   HandlerThread:4082923 [handler.py:handle_request():124] handle_request: poll_exit
2021-09-18 20:13:40,696 DEBUG   SenderThread:4082923 [sender.py:send_request():193] send_request: poll_exit
2021-09-18 20:13:40,798 DEBUG   HandlerThread:4082923 [handler.py:handle_request():124] handle_request: poll_exit
2021-09-18 20:13:40,798 DEBUG   SenderThread:4082923 [sender.py:send_request():193] send_request: poll_exit
2021-09-18 20:13:40,899 DEBUG   HandlerThread:4082923 [handler.py:handle_request():124] handle_request: poll_exit
2021-09-18 20:13:40,899 DEBUG   SenderThread:4082923 [sender.py:send_request():193] send_request: poll_exit
2021-09-18 20:13:41,000 DEBUG   HandlerThread:4082923 [handler.py:handle_request():124] handle_request: poll_exit
2021-09-18 20:13:41,001 DEBUG   SenderThread:4082923 [sender.py:send_request():193] send_request: poll_exit
2021-09-18 20:13:41,102 DEBUG   HandlerThread:4082923 [handler.py:handle_request():124] handle_request: poll_exit
2021-09-18 20:13:41,102 DEBUG   SenderThread:4082923 [sender.py:send_request():193] send_request: poll_exit
2021-09-18 20:13:41,206 DEBUG   HandlerThread:4082923 [handler.py:handle_request():124] handle_request: poll_exit
2021-09-18 20:13:41,206 DEBUG   SenderThread:4082923 [sender.py:send_request():193] send_request: poll_exit
2021-09-18 20:13:41,307 DEBUG   HandlerThread:4082923 [handler.py:handle_request():124] handle_request: poll_exit
2021-09-18 20:13:41,307 DEBUG   SenderThread:4082923 [sender.py:send_request():193] send_request: poll_exit
2021-09-18 20:13:41,408 DEBUG   HandlerThread:4082923 [handler.py:handle_request():124] handle_request: poll_exit
2021-09-18 20:13:41,409 DEBUG   SenderThread:4082923 [sender.py:send_request():193] send_request: poll_exit
2021-09-18 20:13:41,510 DEBUG   HandlerThread:4082923 [handler.py:handle_request():124] handle_request: poll_exit
2021-09-18 20:13:41,510 DEBUG   SenderThread:4082923 [sender.py:send_request():193] send_request: poll_exit
2021-09-18 20:13:41,525 ERROR   Thread-12 :4082923 [internal_api.py:execute():130] 429 response executing GraphQL.
2021-09-18 20:13:41,525 ERROR   Thread-12 :4082923 [internal_api.py:execute():131] {"error":"rate limit exceeded"}

2021-09-18 20:13:41,594 ERROR   Thread-14 :4082923 [internal_api.py:execute():130] 429 response executing GraphQL.
2021-09-18 20:13:41,594 ERROR   Thread-14 :4082923 [internal_api.py:execute():131] {"error":"rate limit exceeded"}

2021-09-18 20:13:41,594 ERROR   Thread-14 :4082923 [retry.py:__call__():126] Retry attempt failed:
Traceback (most recent call last):
  File "/usr/local/lib/python3.6/dist-packages/wandb/sdk/lib/retry.py", line 102, in __call__
    result = self._call_fn(*args, **kwargs)
  File "/usr/local/lib/python3.6/dist-packages/wandb/sdk/internal/internal_api.py", line 133, in execute
    six.reraise(*sys.exc_info())
  File "/usr/local/lib/python3.6/dist-packages/six.py", line 719, in reraise
    raise value
  File "/usr/local/lib/python3.6/dist-packages/wandb/sdk/internal/internal_api.py", line 127, in execute
    return self.client.execute(*args, **kwargs)
  File "/usr/local/lib/python3.6/dist-packages/wandb/vendor/gql-0.2.0/gql/client.py", line 52, in execute
    result = self._get_result(document, *args, **kwargs)
  File "/usr/local/lib/python3.6/dist-packages/wandb/vendor/gql-0.2.0/gql/client.py", line 60, in _get_result
    return self.transport.execute(document, *args, **kwargs)
  File "/usr/local/lib/python3.6/dist-packages/wandb/vendor/gql-0.2.0/gql/transport/requests.py", line 39, in execute
    request.raise_for_status()
  File "/usr/local/lib/python3.6/dist-packages/requests/models.py", line 943, in raise_for_status
    raise HTTPError(http_error_msg, response=self)
requests.exceptions.HTTPError: 429 Client Error: Too Many Requests for url: https://api.wandb.ai/graphql
2021-09-18 20:13:41,611 DEBUG   HandlerThread:4082923 [handler.py:handle_request():124] handle_request: poll_exit
2021-09-18 20:13:41,611 DEBUG   SenderThread:4082923 [sender.py:send_request():193] send_request: poll_exit
2021-09-18 20:13:41,704 ERROR   Thread-13 :4082923 [internal_api.py:execute():130] 429 response executing GraphQL.
2021-09-18 20:13:41,704 ERROR   Thread-13 :4082923 [internal_api.py:execute():131] {"error":"rate limit exceeded"}

2021-09-18 20:13:41,713 DEBUG   HandlerThread:4082923 [handler.py:handle_request():124] handle_request: poll_exit
2021-09-18 20:13:41,713 DEBUG   SenderThread:4082923 [sender.py:send_request():193] send_request: poll_exit
2021-09-18 20:13:41,814 DEBUG   HandlerThread:4082923 [handler.py:handle_request():124] handle_request: poll_exit
2021-09-18 20:13:41,814 DEBUG   SenderThread:4082923 [sender.py:send_request():193] send_request: poll_exit
2021-09-18 20:13:41,915 DEBUG   HandlerThread:4082923 [handler.py:handle_request():124] handle_request: poll_exit
2021-09-18 20:13:41,916 DEBUG   SenderThread:4082923 [sender.py:send_request():193] send_request: poll_exit
2021-09-18 20:13:42,017 DEBUG   HandlerThread:4082923 [handler.py:handle_request():124] handle_request: poll_exit
2021-09-18 20:13:42,017 DEBUG   SenderThread:4082923 [sender.py:send_request():193] send_request: poll_exit
2021-09-18 20:13:42,118 DEBUG   HandlerThread:4082923 [handler.py:handle_request():124] handle_request: poll_exit
2021-09-18 20:13:42,118 DEBUG   SenderThread:4082923 [sender.py:send_request():193] send_request: poll_exit
2021-09-18 20:13:42,220 DEBUG   HandlerThread:4082923 [handler.py:handle_request():124] handle_request: poll_exit
2021-09-18 20:13:42,220 DEBUG   SenderThread:4082923 [sender.py:send_request():193] send_request: poll_exit
2021-09-18 20:13:42,321 DEBUG   HandlerThread:4082923 [handler.py:handle_request():124] handle_request: poll_exit
2021-09-18 20:13:42,321 DEBUG   SenderThread:4082923 [sender.py:send_request():193] send_request: poll_exit
2021-09-18 20:13:42,423 DEBUG   HandlerThread:4082923 [handler.py:handle_request():124] handle_request: poll_exit
2021-09-18 20:13:42,423 DEBUG   SenderThread:4082923 [sender.py:send_request():193] send_request: poll_exit
2021-09-18 20:13:42,524 DEBUG   HandlerThread:4082923 [handler.py:handle_request():124] handle_request: poll_exit
2021-09-18 20:13:42,524 DEBUG   SenderThread:4082923 [sender.py:send_request():193] send_request: poll_exit
2021-09-18 20:13:42,628 DEBUG   HandlerThread:4082923 [handler.py:handle_request():124] handle_request: poll_exit
2021-09-18 20:13:42,628 DEBUG   SenderThread:4082923 [sender.py:send_request():193] send_request: poll_exit
2021-09-18 20:13:42,729 DEBUG   HandlerThread:4082923 [handler.py:handle_request():124] handle_request: poll_exit
2021-09-18 20:13:42,729 DEBUG   SenderThread:4082923 [sender.py:send_request():193] send_request: poll_exit
2021-09-18 20:13:42,830 DEBUG   HandlerThread:4082923 [handler.py:handle_request():124] handle_request: poll_exit
2021-09-18 20:13:42,830 DEBUG   SenderThread:4082923 [sender.py:send_request():193] send_request: poll_exit
2021-09-18 20:13:42,932 DEBUG   HandlerThread:4082923 [handler.py:handle_request():124] handle_request: poll_exit
2021-09-18 20:13:42,932 DEBUG   SenderThread:4082923 [sender.py:send_request():193] send_request: poll_exit
2021-09-18 20:13:43,033 DEBUG   HandlerThread:4082923 [handler.py:handle_request():124] handle_request: poll_exit
2021-09-18 20:13:43,033 DEBUG   SenderThread:4082923 [sender.py:send_request():193] send_request: poll_exit
2021-09-18 20:13:43,134 DEBUG   HandlerThread:4082923 [handler.py:handle_request():124] handle_request: poll_exit
2021-09-18 20:13:43,134 DEBUG   SenderThread:4082923 [sender.py:send_request():193] send_request: poll_exit
2021-09-18 20:13:43,235 DEBUG   HandlerThread:4082923 [handler.py:handle_request():124] handle_request: poll_exit
2021-09-18 20:13:43,236 DEBUG   SenderThread:4082923 [sender.py:send_request():193] send_request: poll_exit
2021-09-18 20:13:43,337 DEBUG   HandlerThread:4082923 [handler.py:handle_request():124] handle_request: poll_exit
2021-09-18 20:13:43,337 DEBUG   SenderThread:4082923 [sender.py:send_request():193] send_request: poll_exit
2021-09-18 20:13:43,438 DEBUG   HandlerThread:4082923 [handler.py:handle_request():124] handle_request: poll_exit
2021-09-18 20:13:43,438 DEBUG   SenderThread:4082923 [sender.py:send_request():193] send_request: poll_exit
2021-09-18 20:13:43,540 DEBUG   HandlerThread:4082923 [handler.py:handle_request():124] handle_request: poll_exit
2021-09-18 20:13:43,540 DEBUG   SenderThread:4082923 [sender.py:send_request():193] send_request: poll_exit
2021-09-18 20:13:43,643 DEBUG   HandlerThread:4082923 [handler.py:handle_request():124] handle_request: poll_exit
2021-09-18 20:13:43,644 DEBUG   SenderThread:4082923 [sender.py:send_request():193] send_request: poll_exit
2021-09-18 20:13:43,691 ERROR   Thread-12 :4082923 [internal_api.py:execute():130] 429 response executing GraphQL.
2021-09-18 20:13:43,691 ERROR   Thread-12 :4082923 [internal_api.py:execute():131] {"error":"rate limit exceeded"}

2021-09-18 20:13:43,747 DEBUG   HandlerThread:4082923 [handler.py:handle_request():124] handle_request: poll_exit
2021-09-18 20:13:43,747 DEBUG   SenderThread:4082923 [sender.py:send_request():193] send_request: poll_exit
2021-09-18 20:13:43,851 DEBUG   HandlerThread:4082923 [handler.py:handle_request():124] handle_request: poll_exit
2021-09-18 20:13:43,851 DEBUG   SenderThread:4082923 [sender.py:send_request():193] send_request: poll_exit
2021-09-18 20:13:43,891 ERROR   Thread-14 :4082923 [internal_api.py:execute():130] 429 response executing GraphQL.
2021-09-18 20:13:43,891 ERROR   Thread-14 :4082923 [internal_api.py:execute():131] {"error":"rate limit exceeded"}

2021-09-18 20:13:43,953 DEBUG   HandlerThread:4082923 [handler.py:handle_request():124] handle_request: poll_exit
2021-09-18 20:13:43,953 DEBUG   SenderThread:4082923 [sender.py:send_request():193] send_request: poll_exit
2021-09-18 20:13:44,044 ERROR   Thread-13 :4082923 [internal_api.py:execute():130] 429 response executing GraphQL.
2021-09-18 20:13:44,044 ERROR   Thread-13 :4082923 [internal_api.py:execute():131] {"error":"rate limit exceeded"}

2021-09-18 20:13:44,056 DEBUG   HandlerThread:4082923 [handler.py:handle_request():124] handle_request: poll_exit
2021-09-18 20:13:44,056 DEBUG   SenderThread:4082923 [sender.py:send_request():193] send_request: poll_exit
2021-09-18 20:13:44,160 DEBUG   HandlerThread:4082923 [handler.py:handle_request():124] handle_request: poll_exit
2021-09-18 20:13:44,160 DEBUG   SenderThread:4082923 [sender.py:send_request():193] send_request: poll_exit
2021-09-18 20:13:44,264 DEBUG   HandlerThread:4082923 [handler.py:handle_request():124] handle_request: poll_exit
2021-09-18 20:13:44,264 DEBUG   SenderThread:4082923 [sender.py:send_request():193] send_request: poll_exit
2021-09-18 20:13:44,368 DEBUG   HandlerThread:4082923 [handler.py:handle_request():124] handle_request: poll_exit
2021-09-18 20:13:44,368 DEBUG   SenderThread:4082923 [sender.py:send_request():193] send_request: poll_exit
2021-09-18 20:13:44,469 DEBUG   HandlerThread:4082923 [handler.py:handle_request():124] handle_request: poll_exit
2021-09-18 20:13:44,470 DEBUG   SenderThread:4082923 [sender.py:send_request():193] send_request: poll_exit
2021-09-18 20:13:44,571 DEBUG   HandlerThread:4082923 [handler.py:handle_request():124] handle_request: poll_exit
2021-09-18 20:13:44,571 DEBUG   SenderThread:4082923 [sender.py:send_request():193] send_request: poll_exit
2021-09-18 20:13:44,673 DEBUG   HandlerThread:4082923 [handler.py:handle_request():124] handle_request: poll_exit
2021-09-18 20:13:44,673 DEBUG   SenderThread:4082923 [sender.py:send_request():193] send_request: poll_exit
2021-09-18 20:13:44,774 DEBUG   HandlerThread:4082923 [handler.py:handle_request():124] handle_request: poll_exit
2021-09-18 20:13:44,775 DEBUG   SenderThread:4082923 [sender.py:send_request():193] send_request: poll_exit
2021-09-18 20:13:44,876 DEBUG   HandlerThread:4082923 [handler.py:handle_request():124] handle_request: poll_exit
2021-09-18 20:13:44,876 DEBUG   SenderThread:4082923 [sender.py:send_request():193] send_request: poll_exit
2021-09-18 20:13:44,978 DEBUG   HandlerThread:4082923 [handler.py:handle_request():124] handle_request: poll_exit
2021-09-18 20:13:44,978 DEBUG   SenderThread:4082923 [sender.py:send_request():193] send_request: poll_exit
2021-09-18 20:13:45,079 DEBUG   HandlerThread:4082923 [handler.py:handle_request():124] handle_request: poll_exit
2021-09-18 20:13:45,079 DEBUG   SenderThread:4082923 [sender.py:send_request():193] send_request: poll_exit
2021-09-18 20:13:45,180 DEBUG   HandlerThread:4082923 [handler.py:handle_request():124] handle_request: poll_exit
2021-09-18 20:13:45,181 DEBUG   SenderThread:4082923 [sender.py:send_request():193] send_request: poll_exit
2021-09-18 20:13:45,282 DEBUG   HandlerThread:4082923 [handler.py:handle_request():124] handle_request: poll_exit
2021-09-18 20:13:45,282 DEBUG   SenderThread:4082923 [sender.py:send_request():193] send_request: poll_exit
2021-09-18 20:13:45,383 DEBUG   HandlerThread:4082923 [handler.py:handle_request():124] handle_request: poll_exit
2021-09-18 20:13:45,383 DEBUG   SenderThread:4082923 [sender.py:send_request():193] send_request: poll_exit
2021-09-18 20:13:45,484 DEBUG   HandlerThread:4082923 [handler.py:handle_request():124] handle_request: poll_exit
2021-09-18 20:13:45,485 DEBUG   SenderThread:4082923 [sender.py:send_request():193] send_request: poll_exit
2021-09-18 20:13:45,586 DEBUG   HandlerThread:4082923 [handler.py:handle_request():124] handle_request: poll_exit
2021-09-18 20:13:45,586 DEBUG   SenderThread:4082923 [sender.py:send_request():193] send_request: poll_exit
2021-09-18 20:13:45,687 DEBUG   HandlerThread:4082923 [handler.py:handle_request():124] handle_request: poll_exit
2021-09-18 20:13:45,688 DEBUG   SenderThread:4082923 [sender.py:send_request():193] send_request: poll_exit
2021-09-18 20:13:45,789 DEBUG   HandlerThread:4082923 [handler.py:handle_request():124] handle_request: poll_exit
2021-09-18 20:13:45,789 DEBUG   SenderThread:4082923 [sender.py:send_request():193] send_request: poll_exit
2021-09-18 20:13:45,891 DEBUG   HandlerThread:4082923 [handler.py:handle_request():124] handle_request: poll_exit
2021-09-18 20:13:45,891 DEBUG   SenderThread:4082923 [sender.py:send_request():193] send_request: poll_exit
2021-09-18 20:13:45,992 DEBUG   HandlerThread:4082923 [handler.py:handle_request():124] handle_request: poll_exit
2021-09-18 20:13:45,993 DEBUG   SenderThread:4082923 [sender.py:send_request():193] send_request: poll_exit
2021-09-18 20:13:46,094 DEBUG   HandlerThread:4082923 [handler.py:handle_request():124] handle_request: poll_exit
2021-09-18 20:13:46,095 DEBUG   SenderThread:4082923 [sender.py:send_request():193] send_request: poll_exit
2021-09-18 20:13:46,196 DEBUG   HandlerThread:4082923 [handler.py:handle_request():124] handle_request: poll_exit
2021-09-18 20:13:46,196 DEBUG   SenderThread:4082923 [sender.py:send_request():193] send_request: poll_exit
2021-09-18 20:13:46,298 DEBUG   HandlerThread:4082923 [handler.py:handle_request():124] handle_request: poll_exit
2021-09-18 20:13:46,298 DEBUG   SenderThread:4082923 [sender.py:send_request():193] send_request: poll_exit
2021-09-18 20:13:46,400 DEBUG   HandlerThread:4082923 [handler.py:handle_request():124] handle_request: poll_exit
2021-09-18 20:13:46,400 DEBUG   SenderThread:4082923 [sender.py:send_request():193] send_request: poll_exit
2021-09-18 20:13:46,502 DEBUG   HandlerThread:4082923 [handler.py:handle_request():124] handle_request: poll_exit
2021-09-18 20:13:46,502 DEBUG   SenderThread:4082923 [sender.py:send_request():193] send_request: poll_exit
2021-09-18 20:13:46,604 DEBUG   HandlerThread:4082923 [handler.py:handle_request():124] handle_request: poll_exit
2021-09-18 20:13:46,604 DEBUG   SenderThread:4082923 [sender.py:send_request():193] send_request: poll_exit
2021-09-18 20:13:46,706 DEBUG   HandlerThread:4082923 [handler.py:handle_request():124] handle_request: poll_exit
2021-09-18 20:13:46,706 DEBUG   SenderThread:4082923 [sender.py:send_request():193] send_request: poll_exit
2021-09-18 20:13:46,808 DEBUG   HandlerThread:4082923 [handler.py:handle_request():124] handle_request: poll_exit
2021-09-18 20:13:46,808 DEBUG   SenderThread:4082923 [sender.py:send_request():193] send_request: poll_exit
2021-09-18 20:13:46,910 DEBUG   HandlerThread:4082923 [handler.py:handle_request():124] handle_request: poll_exit
2021-09-18 20:13:46,910 DEBUG   SenderThread:4082923 [sender.py:send_request():193] send_request: poll_exit
2021-09-18 20:13:47,011 DEBUG   HandlerThread:4082923 [handler.py:handle_request():124] handle_request: poll_exit
2021-09-18 20:13:47,012 DEBUG   SenderThread:4082923 [sender.py:send_request():193] send_request: poll_exit
2021-09-18 20:13:47,113 DEBUG   HandlerThread:4082923 [handler.py:handle_request():124] handle_request: poll_exit
2021-09-18 20:13:47,113 DEBUG   SenderThread:4082923 [sender.py:send_request():193] send_request: poll_exit
2021-09-18 20:13:47,215 DEBUG   HandlerThread:4082923 [handler.py:handle_request():124] handle_request: poll_exit
2021-09-18 20:13:47,215 DEBUG   SenderThread:4082923 [sender.py:send_request():193] send_request: poll_exit
2021-09-18 20:13:47,317 DEBUG   HandlerThread:4082923 [handler.py:handle_request():124] handle_request: poll_exit
2021-09-18 20:13:47,317 DEBUG   SenderThread:4082923 [sender.py:send_request():193] send_request: poll_exit
2021-09-18 20:13:47,419 DEBUG   HandlerThread:4082923 [handler.py:handle_request():124] handle_request: poll_exit
2021-09-18 20:13:47,419 DEBUG   SenderThread:4082923 [sender.py:send_request():193] send_request: poll_exit
2021-09-18 20:13:47,521 DEBUG   HandlerThread:4082923 [handler.py:handle_request():124] handle_request: poll_exit
2021-09-18 20:13:47,521 DEBUG   SenderThread:4082923 [sender.py:send_request():193] send_request: poll_exit
2021-09-18 20:13:47,623 DEBUG   HandlerThread:4082923 [handler.py:handle_request():124] handle_request: poll_exit
2021-09-18 20:13:47,623 DEBUG   SenderThread:4082923 [sender.py:send_request():193] send_request: poll_exit
2021-09-18 20:13:47,725 DEBUG   HandlerThread:4082923 [handler.py:handle_request():124] handle_request: poll_exit
2021-09-18 20:13:47,725 DEBUG   SenderThread:4082923 [sender.py:send_request():193] send_request: poll_exit
2021-09-18 20:13:47,826 DEBUG   HandlerThread:4082923 [handler.py:handle_request():124] handle_request: poll_exit
2021-09-18 20:13:47,827 DEBUG   SenderThread:4082923 [sender.py:send_request():193] send_request: poll_exit
2021-09-18 20:13:47,928 DEBUG   HandlerThread:4082923 [handler.py:handle_request():124] handle_request: poll_exit
2021-09-18 20:13:47,929 DEBUG   SenderThread:4082923 [sender.py:send_request():193] send_request: poll_exit
2021-09-18 20:13:48,033 DEBUG   HandlerThread:4082923 [handler.py:handle_request():124] handle_request: poll_exit
2021-09-18 20:13:48,034 DEBUG   SenderThread:4082923 [sender.py:send_request():193] send_request: poll_exit
2021-09-18 20:13:48,138 DEBUG   HandlerThread:4082923 [handler.py:handle_request():124] handle_request: poll_exit
2021-09-18 20:13:48,138 DEBUG   SenderThread:4082923 [sender.py:send_request():193] send_request: poll_exit
2021-09-18 20:13:48,244 DEBUG   HandlerThread:4082923 [handler.py:handle_request():124] handle_request: poll_exit
2021-09-18 20:13:48,244 DEBUG   SenderThread:4082923 [sender.py:send_request():193] send_request: poll_exit
2021-09-18 20:13:48,348 DEBUG   HandlerThread:4082923 [handler.py:handle_request():124] handle_request: poll_exit
2021-09-18 20:13:48,349 DEBUG   SenderThread:4082923 [sender.py:send_request():193] send_request: poll_exit
2021-09-18 20:13:48,453 DEBUG   HandlerThread:4082923 [handler.py:handle_request():124] handle_request: poll_exit
2021-09-18 20:13:48,453 DEBUG   SenderThread:4082923 [sender.py:send_request():193] send_request: poll_exit
2021-09-18 20:13:48,559 DEBUG   HandlerThread:4082923 [handler.py:handle_request():124] handle_request: poll_exit
2021-09-18 20:13:48,559 DEBUG   SenderThread:4082923 [sender.py:send_request():193] send_request: poll_exit
2021-09-18 20:13:48,663 DEBUG   HandlerThread:4082923 [handler.py:handle_request():124] handle_request: poll_exit
2021-09-18 20:13:48,664 DEBUG   SenderThread:4082923 [sender.py:send_request():193] send_request: poll_exit
2021-09-18 20:13:48,768 DEBUG   HandlerThread:4082923 [handler.py:handle_request():124] handle_request: poll_exit
2021-09-18 20:13:48,768 DEBUG   SenderThread:4082923 [sender.py:send_request():193] send_request: poll_exit
2021-09-18 20:13:48,807 INFO    Thread-13 :4082923 [upload_job.py:push():137] Uploaded file /grid/koo/home/toneyan/profile/QuantPred/wandb/run-20210918_201253-6xvcyswf/files/requirements.txt
2021-09-18 20:13:48,875 DEBUG   HandlerThread:4082923 [handler.py:handle_request():124] handle_request: poll_exit
2021-09-18 20:13:48,875 DEBUG   SenderThread:4082923 [sender.py:send_request():193] send_request: poll_exit
2021-09-18 20:13:48,901 INFO    Thread-12 :4082923 [upload_job.py:push():137] Uploaded file /grid/koo/home/toneyan/profile/QuantPred/wandb/run-20210918_201253-6xvcyswf/files/config.yaml
2021-09-18 20:13:48,980 DEBUG   HandlerThread:4082923 [handler.py:handle_request():124] handle_request: poll_exit
2021-09-18 20:13:48,980 DEBUG   SenderThread:4082923 [sender.py:send_request():193] send_request: poll_exit
2021-09-18 20:13:49,084 DEBUG   HandlerThread:4082923 [handler.py:handle_request():124] handle_request: poll_exit
2021-09-18 20:13:49,085 DEBUG   SenderThread:4082923 [sender.py:send_request():193] send_request: poll_exit
2021-09-18 20:13:49,090 INFO    Thread-14 :4082923 [upload_job.py:push():137] Uploaded file /grid/koo/home/toneyan/profile/QuantPred/wandb/run-20210918_201253-6xvcyswf/files/wandb-summary.json
2021-09-18 20:13:49,186 DEBUG   HandlerThread:4082923 [handler.py:handle_request():124] handle_request: poll_exit
2021-09-18 20:13:49,187 DEBUG   SenderThread:4082923 [sender.py:send_request():193] send_request: poll_exit
2021-09-18 20:13:49,291 INFO    Thread-7  :4082923 [sender.py:transition_state():308] send defer: 7
2021-09-18 20:13:49,291 DEBUG   HandlerThread:4082923 [handler.py:handle_request():124] handle_request: poll_exit
2021-09-18 20:13:49,291 DEBUG   HandlerThread:4082923 [handler.py:handle_request():124] handle_request: defer
2021-09-18 20:13:49,291 DEBUG   SenderThread:4082923 [sender.py:send_request():193] send_request: poll_exit
2021-09-18 20:13:49,292 INFO    HandlerThread:4082923 [handler.py:handle_request_defer():141] handle defer: 7
2021-09-18 20:13:49,292 DEBUG   SenderThread:4082923 [sender.py:send_request():193] send_request: defer
2021-09-18 20:13:49,292 INFO    SenderThread:4082923 [sender.py:send_request_defer():304] handle sender defer: 7
2021-09-18 20:13:49,348 INFO    SenderThread:4082923 [sender.py:transition_state():308] send defer: 8
2021-09-18 20:13:49,349 DEBUG   HandlerThread:4082923 [handler.py:handle_request():124] handle_request: defer
2021-09-18 20:13:49,349 INFO    HandlerThread:4082923 [handler.py:handle_request_defer():141] handle defer: 8
2021-09-18 20:13:49,349 DEBUG   SenderThread:4082923 [sender.py:send_request():193] send_request: defer
2021-09-18 20:13:49,349 INFO    SenderThread:4082923 [sender.py:send_request_defer():304] handle sender defer: 8
2021-09-18 20:13:49,349 INFO    SenderThread:4082923 [sender.py:transition_state():308] send defer: 9
2021-09-18 20:13:49,349 DEBUG   SenderThread:4082923 [sender.py:send():179] send: final
2021-09-18 20:13:49,349 DEBUG   HandlerThread:4082923 [handler.py:handle_request():124] handle_request: defer
2021-09-18 20:13:49,349 DEBUG   SenderThread:4082923 [sender.py:send():179] send: footer
2021-09-18 20:13:49,349 INFO    HandlerThread:4082923 [handler.py:handle_request_defer():141] handle defer: 9
2021-09-18 20:13:49,350 DEBUG   SenderThread:4082923 [sender.py:send_request():193] send_request: defer
2021-09-18 20:13:49,350 INFO    SenderThread:4082923 [sender.py:send_request_defer():304] handle sender defer: 9
2021-09-18 20:13:49,393 DEBUG   HandlerThread:4082923 [handler.py:handle_request():124] handle_request: poll_exit
2021-09-18 20:13:49,393 DEBUG   SenderThread:4082923 [sender.py:send_request():193] send_request: poll_exit
2021-09-18 20:13:49,393 INFO    SenderThread:4082923 [file_pusher.py:join():182] waiting for file pusher
2021-09-18 20:13:49,395 DEBUG   HandlerThread:4082923 [handler.py:handle_request():124] handle_request: get_summary
2021-09-18 20:13:49,395 DEBUG   HandlerThread:4082923 [handler.py:handle_request():124] handle_request: sampled_history
2021-09-18 20:13:49,395 DEBUG   HandlerThread:4082923 [handler.py:handle_request():124] handle_request: shutdown
2021-09-18 20:13:49,395 INFO    HandlerThread:4082923 [handler.py:finish():638] shutting down handler
2021-09-18 20:13:50,350 INFO    WriterThread:4082923 [datastore.py:close():288] close: /grid/koo/home/toneyan/profile/QuantPred/wandb/run-20210918_201253-6xvcyswf/run-6xvcyswf.wandb
2021-09-18 20:13:50,394 INFO    SenderThread:4082923 [sender.py:finish():945] shutting down sender
2021-09-18 20:13:50,394 INFO    SenderThread:4082923 [file_pusher.py:finish():177] shutting down file pusher
2021-09-18 20:13:50,394 INFO    SenderThread:4082923 [file_pusher.py:join():182] waiting for file pusher
2021-09-18 20:13:50,395 INFO    MainThread:4082923 [internal.py:handle_exit():78] Internal process exited
