2021-09-19 12:51:30,679 INFO    MainThread:1963721 [internal.py:wandb_internal():91] W&B internal server running at pid: 1963721, started at: 2021-09-19 12:51:30.678600
2021-09-19 12:51:30,681 DEBUG   HandlerThread:1963721 [handler.py:handle_request():124] handle_request: check_version
2021-09-19 12:51:30,681 INFO    WriterThread:1963721 [datastore.py:open_for_write():80] open: /grid/koo/home/toneyan/profile/QuantPred/wandb/run-20210919_125130-p271ujuq/run-p271ujuq.wandb
2021-09-19 12:51:30,683 DEBUG   SenderThread:1963721 [sender.py:send():179] send: header
2021-09-19 12:51:30,683 DEBUG   SenderThread:1963721 [sender.py:send_request():193] send_request: check_version
2021-09-19 12:51:30,727 DEBUG   SenderThread:1963721 [sender.py:send():179] send: run
2021-09-19 12:51:30,808 INFO    SenderThread:1963721 [dir_watcher.py:__init__():168] watching files in: /grid/koo/home/toneyan/profile/QuantPred/wandb/run-20210919_125130-p271ujuq/files
2021-09-19 12:51:30,808 INFO    SenderThread:1963721 [sender.py:_start_run_threads():719] run started: p271ujuq with start time 1632070290
2021-09-19 12:51:30,809 DEBUG   SenderThread:1963721 [sender.py:send():179] send: summary
2021-09-19 12:51:30,809 INFO    SenderThread:1963721 [sender.py:_save_file():841] saving file wandb-summary.json with policy end
2021-09-19 12:51:30,809 DEBUG   HandlerThread:1963721 [handler.py:handle_request():124] handle_request: run_start
2021-09-19 12:51:31,812 INFO    Thread-8  :1963721 [dir_watcher.py:_on_file_created():216] file/dir created: /grid/koo/home/toneyan/profile/QuantPred/wandb/run-20210919_125130-p271ujuq/files/wandb-summary.json
2021-09-19 12:51:31,883 DEBUG   HandlerThread:1963721 [meta.py:__init__():39] meta init
2021-09-19 12:51:31,884 DEBUG   HandlerThread:1963721 [meta.py:__init__():53] meta init done
2021-09-19 12:51:31,884 DEBUG   HandlerThread:1963721 [meta.py:probe():210] probe
2021-09-19 12:51:31,889 DEBUG   HandlerThread:1963721 [meta.py:_save_pip():57] save pip
2021-09-19 12:51:31,890 DEBUG   HandlerThread:1963721 [meta.py:_save_pip():71] save pip done
2021-09-19 12:51:31,890 DEBUG   HandlerThread:1963721 [meta.py:probe():252] probe done
2021-09-19 12:51:31,893 DEBUG   SenderThread:1963721 [sender.py:send():179] send: files
2021-09-19 12:51:31,893 INFO    SenderThread:1963721 [sender.py:_save_file():841] saving file wandb-metadata.json with policy now
2021-09-19 12:51:31,898 DEBUG   HandlerThread:1963721 [handler.py:handle_request():124] handle_request: stop_status
2021-09-19 12:51:31,898 DEBUG   SenderThread:1963721 [sender.py:send_request():193] send_request: stop_status
2021-09-19 12:51:32,246 INFO    Thread-11 :1963721 [upload_job.py:push():137] Uploaded file /tmp/3288855.1.gpu_ded.q/tmpu1cuuz1nwandb/pre5fixk-wandb-metadata.json
2021-09-19 12:51:32,811 INFO    Thread-8  :1963721 [dir_watcher.py:_on_file_created():216] file/dir created: /grid/koo/home/toneyan/profile/QuantPred/wandb/run-20210919_125130-p271ujuq/files/wandb-metadata.json
2021-09-19 12:51:32,812 INFO    Thread-8  :1963721 [dir_watcher.py:_on_file_created():216] file/dir created: /grid/koo/home/toneyan/profile/QuantPred/wandb/run-20210919_125130-p271ujuq/files/output.log
2021-09-19 12:51:32,812 INFO    Thread-8  :1963721 [dir_watcher.py:_on_file_created():216] file/dir created: /grid/koo/home/toneyan/profile/QuantPred/wandb/run-20210919_125130-p271ujuq/files/requirements.txt
2021-09-19 12:51:46,960 DEBUG   HandlerThread:1963721 [handler.py:handle_request():124] handle_request: stop_status
2021-09-19 12:51:46,961 DEBUG   SenderThread:1963721 [sender.py:send_request():193] send_request: stop_status
2021-09-19 12:52:00,296 DEBUG   SenderThread:1963721 [sender.py:send():179] send: stats
2021-09-19 12:52:02,024 DEBUG   HandlerThread:1963721 [handler.py:handle_request():124] handle_request: stop_status
2021-09-19 12:52:02,024 DEBUG   SenderThread:1963721 [sender.py:send_request():193] send_request: stop_status
2021-09-19 12:52:03,439 DEBUG   HandlerThread:1963721 [handler.py:handle_request():124] handle_request: poll_exit
2021-09-19 12:52:03,439 DEBUG   SenderThread:1963721 [sender.py:send():179] send: telemetry
2021-09-19 12:52:03,440 DEBUG   SenderThread:1963721 [sender.py:send():179] send: exit
2021-09-19 12:52:03,440 INFO    SenderThread:1963721 [sender.py:send_exit():287] handling exit code: 1
2021-09-19 12:52:03,440 INFO    SenderThread:1963721 [sender.py:send_exit():295] send defer
2021-09-19 12:52:03,440 DEBUG   SenderThread:1963721 [sender.py:send_request():193] send_request: poll_exit
2021-09-19 12:52:03,440 DEBUG   HandlerThread:1963721 [handler.py:handle_request():124] handle_request: defer
2021-09-19 12:52:03,441 INFO    HandlerThread:1963721 [handler.py:handle_request_defer():141] handle defer: 0
2021-09-19 12:52:03,441 DEBUG   SenderThread:1963721 [sender.py:send_request():193] send_request: defer
2021-09-19 12:52:03,441 INFO    SenderThread:1963721 [sender.py:send_request_defer():304] handle sender defer: 0
2021-09-19 12:52:03,441 INFO    SenderThread:1963721 [sender.py:transition_state():308] send defer: 1
2021-09-19 12:52:03,441 DEBUG   HandlerThread:1963721 [handler.py:handle_request():124] handle_request: defer
2021-09-19 12:52:03,441 INFO    HandlerThread:1963721 [handler.py:handle_request_defer():141] handle defer: 1
2021-09-19 12:52:03,538 DEBUG   SenderThread:1963721 [sender.py:send_request():193] send_request: defer
2021-09-19 12:52:03,538 INFO    SenderThread:1963721 [sender.py:send_request_defer():304] handle sender defer: 1
2021-09-19 12:52:03,538 INFO    SenderThread:1963721 [sender.py:transition_state():308] send defer: 2
2021-09-19 12:52:03,538 DEBUG   SenderThread:1963721 [sender.py:send():179] send: stats
2021-09-19 12:52:03,538 DEBUG   HandlerThread:1963721 [handler.py:handle_request():124] handle_request: defer
2021-09-19 12:52:03,540 INFO    HandlerThread:1963721 [handler.py:handle_request_defer():141] handle defer: 2
2021-09-19 12:52:03,540 DEBUG   SenderThread:1963721 [sender.py:send_request():193] send_request: defer
2021-09-19 12:52:03,540 INFO    SenderThread:1963721 [sender.py:send_request_defer():304] handle sender defer: 2
2021-09-19 12:52:03,541 INFO    SenderThread:1963721 [sender.py:transition_state():308] send defer: 3
2021-09-19 12:52:03,541 DEBUG   HandlerThread:1963721 [handler.py:handle_request():124] handle_request: defer
2021-09-19 12:52:03,541 INFO    HandlerThread:1963721 [handler.py:handle_request_defer():141] handle defer: 3
2021-09-19 12:52:03,541 DEBUG   SenderThread:1963721 [sender.py:send():179] send: summary
2021-09-19 12:52:03,541 INFO    SenderThread:1963721 [sender.py:_save_file():841] saving file wandb-summary.json with policy end
2021-09-19 12:52:03,542 DEBUG   HandlerThread:1963721 [handler.py:handle_request():124] handle_request: poll_exit
2021-09-19 12:52:03,542 DEBUG   SenderThread:1963721 [sender.py:send_request():193] send_request: defer
2021-09-19 12:52:03,542 INFO    SenderThread:1963721 [sender.py:send_request_defer():304] handle sender defer: 3
2021-09-19 12:52:03,542 INFO    SenderThread:1963721 [sender.py:transition_state():308] send defer: 4
2021-09-19 12:52:03,542 DEBUG   SenderThread:1963721 [sender.py:send_request():193] send_request: poll_exit
2021-09-19 12:52:03,543 DEBUG   HandlerThread:1963721 [handler.py:handle_request():124] handle_request: defer
2021-09-19 12:52:03,543 INFO    HandlerThread:1963721 [handler.py:handle_request_defer():141] handle defer: 4
2021-09-19 12:52:03,543 DEBUG   SenderThread:1963721 [sender.py:send_request():193] send_request: defer
2021-09-19 12:52:03,543 INFO    SenderThread:1963721 [sender.py:send_request_defer():304] handle sender defer: 4
2021-09-19 12:52:03,632 INFO    SenderThread:1963721 [sender.py:transition_state():308] send defer: 5
2021-09-19 12:52:03,632 DEBUG   HandlerThread:1963721 [handler.py:handle_request():124] handle_request: defer
2021-09-19 12:52:03,632 INFO    HandlerThread:1963721 [handler.py:handle_request_defer():141] handle defer: 5
2021-09-19 12:52:03,633 DEBUG   SenderThread:1963721 [sender.py:send_request():193] send_request: defer
2021-09-19 12:52:03,633 INFO    SenderThread:1963721 [sender.py:send_request_defer():304] handle sender defer: 5
2021-09-19 12:52:03,633 INFO    SenderThread:1963721 [dir_watcher.py:finish():282] shutting down directory watcher
2021-09-19 12:52:03,644 DEBUG   HandlerThread:1963721 [handler.py:handle_request():124] handle_request: poll_exit
2021-09-19 12:52:03,816 INFO    SenderThread:1963721 [dir_watcher.py:_on_file_modified():229] file/dir modified: /grid/koo/home/toneyan/profile/QuantPred/wandb/run-20210919_125130-p271ujuq/files/wandb-summary.json
2021-09-19 12:52:03,817 INFO    SenderThread:1963721 [dir_watcher.py:_on_file_modified():229] file/dir modified: /grid/koo/home/toneyan/profile/QuantPred/wandb/run-20210919_125130-p271ujuq/files/config.yaml
2021-09-19 12:52:03,817 INFO    SenderThread:1963721 [dir_watcher.py:finish():312] scan: /grid/koo/home/toneyan/profile/QuantPred/wandb/run-20210919_125130-p271ujuq/files
2021-09-19 12:52:03,817 INFO    SenderThread:1963721 [dir_watcher.py:finish():318] scan save: /grid/koo/home/toneyan/profile/QuantPred/wandb/run-20210919_125130-p271ujuq/files/wandb-metadata.json wandb-metadata.json
2021-09-19 12:52:03,817 INFO    SenderThread:1963721 [dir_watcher.py:finish():318] scan save: /grid/koo/home/toneyan/profile/QuantPred/wandb/run-20210919_125130-p271ujuq/files/config.yaml config.yaml
2021-09-19 12:52:03,817 INFO    SenderThread:1963721 [dir_watcher.py:finish():318] scan save: /grid/koo/home/toneyan/profile/QuantPred/wandb/run-20210919_125130-p271ujuq/files/requirements.txt requirements.txt
2021-09-19 12:52:03,817 INFO    SenderThread:1963721 [dir_watcher.py:finish():318] scan save: /grid/koo/home/toneyan/profile/QuantPred/wandb/run-20210919_125130-p271ujuq/files/wandb-summary.json wandb-summary.json
2021-09-19 12:52:03,818 INFO    SenderThread:1963721 [dir_watcher.py:finish():318] scan save: /grid/koo/home/toneyan/profile/QuantPred/wandb/run-20210919_125130-p271ujuq/files/output.log output.log
2021-09-19 12:52:03,823 INFO    SenderThread:1963721 [sender.py:transition_state():308] send defer: 6
2021-09-19 12:52:03,823 DEBUG   SenderThread:1963721 [sender.py:send_request():193] send_request: poll_exit
2021-09-19 12:52:03,828 DEBUG   HandlerThread:1963721 [handler.py:handle_request():124] handle_request: defer
2021-09-19 12:52:03,828 INFO    HandlerThread:1963721 [handler.py:handle_request_defer():141] handle defer: 6
2021-09-19 12:52:03,829 DEBUG   SenderThread:1963721 [sender.py:send_request():193] send_request: defer
2021-09-19 12:52:03,829 INFO    SenderThread:1963721 [sender.py:send_request_defer():304] handle sender defer: 6
2021-09-19 12:52:03,830 INFO    SenderThread:1963721 [file_pusher.py:finish():177] shutting down file pusher
2021-09-19 12:52:03,930 DEBUG   HandlerThread:1963721 [handler.py:handle_request():124] handle_request: poll_exit
2021-09-19 12:52:03,930 DEBUG   SenderThread:1963721 [sender.py:send_request():193] send_request: poll_exit
2021-09-19 12:52:04,032 DEBUG   HandlerThread:1963721 [handler.py:handle_request():124] handle_request: poll_exit
2021-09-19 12:52:04,032 DEBUG   SenderThread:1963721 [sender.py:send_request():193] send_request: poll_exit
2021-09-19 12:52:04,119 INFO    Thread-14 :1963721 [upload_job.py:push():137] Uploaded file /grid/koo/home/toneyan/profile/QuantPred/wandb/run-20210919_125130-p271ujuq/files/wandb-summary.json
2021-09-19 12:52:04,134 DEBUG   HandlerThread:1963721 [handler.py:handle_request():124] handle_request: poll_exit
2021-09-19 12:52:04,134 DEBUG   SenderThread:1963721 [sender.py:send_request():193] send_request: poll_exit
2021-09-19 12:52:04,184 INFO    Thread-13 :1963721 [upload_job.py:push():137] Uploaded file /grid/koo/home/toneyan/profile/QuantPred/wandb/run-20210919_125130-p271ujuq/files/requirements.txt
2021-09-19 12:52:04,196 INFO    Thread-12 :1963721 [upload_job.py:push():137] Uploaded file /grid/koo/home/toneyan/profile/QuantPred/wandb/run-20210919_125130-p271ujuq/files/config.yaml
2021-09-19 12:52:04,236 DEBUG   HandlerThread:1963721 [handler.py:handle_request():124] handle_request: poll_exit
2021-09-19 12:52:04,236 DEBUG   SenderThread:1963721 [sender.py:send_request():193] send_request: poll_exit
2021-09-19 12:52:04,339 DEBUG   HandlerThread:1963721 [handler.py:handle_request():124] handle_request: poll_exit
2021-09-19 12:52:04,339 DEBUG   SenderThread:1963721 [sender.py:send_request():193] send_request: poll_exit
2021-09-19 12:52:04,397 INFO    Thread-7  :1963721 [sender.py:transition_state():308] send defer: 7
2021-09-19 12:52:04,397 DEBUG   HandlerThread:1963721 [handler.py:handle_request():124] handle_request: defer
2021-09-19 12:52:04,398 INFO    HandlerThread:1963721 [handler.py:handle_request_defer():141] handle defer: 7
2021-09-19 12:52:04,398 DEBUG   SenderThread:1963721 [sender.py:send_request():193] send_request: defer
2021-09-19 12:52:04,398 INFO    SenderThread:1963721 [sender.py:send_request_defer():304] handle sender defer: 7
2021-09-19 12:52:04,441 DEBUG   HandlerThread:1963721 [handler.py:handle_request():124] handle_request: poll_exit
2021-09-19 12:52:04,502 INFO    SenderThread:1963721 [sender.py:transition_state():308] send defer: 8
2021-09-19 12:52:04,503 DEBUG   SenderThread:1963721 [sender.py:send_request():193] send_request: poll_exit
2021-09-19 12:52:04,503 DEBUG   HandlerThread:1963721 [handler.py:handle_request():124] handle_request: defer
2021-09-19 12:52:04,503 INFO    HandlerThread:1963721 [handler.py:handle_request_defer():141] handle defer: 8
2021-09-19 12:52:04,503 DEBUG   SenderThread:1963721 [sender.py:send_request():193] send_request: defer
2021-09-19 12:52:04,503 INFO    SenderThread:1963721 [sender.py:send_request_defer():304] handle sender defer: 8
2021-09-19 12:52:04,504 INFO    SenderThread:1963721 [sender.py:transition_state():308] send defer: 9
2021-09-19 12:52:04,504 DEBUG   SenderThread:1963721 [sender.py:send():179] send: final
2021-09-19 12:52:04,504 DEBUG   HandlerThread:1963721 [handler.py:handle_request():124] handle_request: defer
2021-09-19 12:52:04,504 DEBUG   SenderThread:1963721 [sender.py:send():179] send: footer
2021-09-19 12:52:04,504 INFO    HandlerThread:1963721 [handler.py:handle_request_defer():141] handle defer: 9
2021-09-19 12:52:04,504 DEBUG   SenderThread:1963721 [sender.py:send_request():193] send_request: defer
2021-09-19 12:52:04,504 INFO    SenderThread:1963721 [sender.py:send_request_defer():304] handle sender defer: 9
2021-09-19 12:52:04,605 DEBUG   HandlerThread:1963721 [handler.py:handle_request():124] handle_request: poll_exit
2021-09-19 12:52:04,605 DEBUG   SenderThread:1963721 [sender.py:send_request():193] send_request: poll_exit
2021-09-19 12:52:04,605 INFO    SenderThread:1963721 [file_pusher.py:join():182] waiting for file pusher
2021-09-19 12:52:04,607 DEBUG   HandlerThread:1963721 [handler.py:handle_request():124] handle_request: get_summary
2021-09-19 12:52:04,608 DEBUG   HandlerThread:1963721 [handler.py:handle_request():124] handle_request: sampled_history
2021-09-19 12:52:04,608 DEBUG   HandlerThread:1963721 [handler.py:handle_request():124] handle_request: shutdown
2021-09-19 12:52:04,608 INFO    HandlerThread:1963721 [handler.py:finish():638] shutting down handler
2021-09-19 12:52:05,504 INFO    WriterThread:1963721 [datastore.py:close():288] close: /grid/koo/home/toneyan/profile/QuantPred/wandb/run-20210919_125130-p271ujuq/run-p271ujuq.wandb
2021-09-19 12:52:05,606 INFO    SenderThread:1963721 [sender.py:finish():945] shutting down sender
2021-09-19 12:52:05,606 INFO    SenderThread:1963721 [file_pusher.py:finish():177] shutting down file pusher
2021-09-19 12:52:05,606 INFO    SenderThread:1963721 [file_pusher.py:join():182] waiting for file pusher
2021-09-19 12:52:05,608 INFO    MainThread:1963721 [internal.py:handle_exit():78] Internal process exited
