2021-09-18 17:10:41,669 INFO    MainThread:1516586 [internal.py:wandb_internal():91] W&B internal server running at pid: 1516586, started at: 2021-09-18 17:10:41.669062
2021-09-18 17:10:41,671 DEBUG   HandlerThread:1516586 [handler.py:handle_request():124] handle_request: check_version
2021-09-18 17:10:41,671 INFO    WriterThread:1516586 [datastore.py:open_for_write():80] open: /grid/koo/home/toneyan/profile/QuantPred/wandb/run-20210918_171041-yyd6e00u/run-yyd6e00u.wandb
2021-09-18 17:10:41,673 DEBUG   SenderThread:1516586 [sender.py:send():179] send: header
2021-09-18 17:10:41,673 DEBUG   SenderThread:1516586 [sender.py:send_request():193] send_request: check_version
2021-09-18 17:10:41,702 DEBUG   SenderThread:1516586 [sender.py:send():179] send: run
2021-09-18 17:10:41,764 ERROR   SenderThread:1516586 [internal_api.py:execute():130] 429 response executing GraphQL.
2021-09-18 17:10:41,764 ERROR   SenderThread:1516586 [internal_api.py:execute():131] {"error":"rate limit exceeded"}

2021-09-18 17:10:43,018 ERROR   SenderThread:1516586 [internal_api.py:execute():130] 429 response executing GraphQL.
2021-09-18 17:10:43,019 ERROR   SenderThread:1516586 [internal_api.py:execute():131] {"error":"rate limit exceeded"}

2021-09-18 17:10:45,579 INFO    SenderThread:1516586 [dir_watcher.py:__init__():168] watching files in: /grid/koo/home/toneyan/profile/QuantPred/wandb/run-20210918_171041-yyd6e00u/files
2021-09-18 17:10:45,579 INFO    SenderThread:1516586 [sender.py:_start_run_threads():719] run started: yyd6e00u with start time 1631999441
2021-09-18 17:10:45,579 DEBUG   SenderThread:1516586 [sender.py:send():179] send: summary
2021-09-18 17:10:45,580 DEBUG   HandlerThread:1516586 [handler.py:handle_request():124] handle_request: run_start
2021-09-18 17:10:45,580 INFO    SenderThread:1516586 [sender.py:_save_file():841] saving file wandb-summary.json with policy end
2021-09-18 17:10:46,647 INFO    Thread-8  :1516586 [dir_watcher.py:_on_file_created():216] file/dir created: /grid/koo/home/toneyan/profile/QuantPred/wandb/run-20210918_171041-yyd6e00u/files/wandb-summary.json
2021-09-18 17:10:46,907 DEBUG   HandlerThread:1516586 [meta.py:__init__():39] meta init
2021-09-18 17:10:46,908 DEBUG   HandlerThread:1516586 [meta.py:__init__():53] meta init done
2021-09-18 17:10:46,908 DEBUG   HandlerThread:1516586 [meta.py:probe():210] probe
2021-09-18 17:10:46,913 DEBUG   HandlerThread:1516586 [meta.py:_save_pip():57] save pip
2021-09-18 17:10:46,914 DEBUG   HandlerThread:1516586 [meta.py:_save_pip():71] save pip done
2021-09-18 17:10:46,914 DEBUG   HandlerThread:1516586 [meta.py:probe():252] probe done
2021-09-18 17:10:46,917 DEBUG   SenderThread:1516586 [sender.py:send():179] send: files
2021-09-18 17:10:46,917 INFO    SenderThread:1516586 [sender.py:_save_file():841] saving file wandb-metadata.json with policy now
2021-09-18 17:10:46,921 DEBUG   HandlerThread:1516586 [handler.py:handle_request():124] handle_request: stop_status
2021-09-18 17:10:46,922 DEBUG   SenderThread:1516586 [sender.py:send_request():193] send_request: stop_status
2021-09-18 17:10:47,261 INFO    Thread-11 :1516586 [upload_job.py:push():137] Uploaded file /tmp/3288848.1.gpu_ded.q/tmpk30tejn8wandb/29hl22bn-wandb-metadata.json
2021-09-18 17:10:47,647 INFO    Thread-8  :1516586 [dir_watcher.py:_on_file_created():216] file/dir created: /grid/koo/home/toneyan/profile/QuantPred/wandb/run-20210918_171041-yyd6e00u/files/wandb-metadata.json
2021-09-18 17:10:47,647 INFO    Thread-8  :1516586 [dir_watcher.py:_on_file_created():216] file/dir created: /grid/koo/home/toneyan/profile/QuantPred/wandb/run-20210918_171041-yyd6e00u/files/output.log
2021-09-18 17:10:47,647 INFO    Thread-8  :1516586 [dir_watcher.py:_on_file_created():216] file/dir created: /grid/koo/home/toneyan/profile/QuantPred/wandb/run-20210918_171041-yyd6e00u/files/requirements.txt
2021-09-18 17:11:01,985 DEBUG   HandlerThread:1516586 [handler.py:handle_request():124] handle_request: stop_status
2021-09-18 17:11:01,986 DEBUG   SenderThread:1516586 [sender.py:send_request():193] send_request: stop_status
2021-09-18 17:11:15,293 DEBUG   SenderThread:1516586 [sender.py:send():179] send: stats
2021-09-18 17:11:17,046 DEBUG   HandlerThread:1516586 [handler.py:handle_request():124] handle_request: stop_status
2021-09-18 17:11:17,046 DEBUG   SenderThread:1516586 [sender.py:send_request():193] send_request: stop_status
2021-09-18 17:11:18,709 DEBUG   HandlerThread:1516586 [handler.py:handle_request():124] handle_request: poll_exit
2021-09-18 17:11:18,709 DEBUG   SenderThread:1516586 [sender.py:send():179] send: telemetry
2021-09-18 17:11:18,709 DEBUG   SenderThread:1516586 [sender.py:send():179] send: exit
2021-09-18 17:11:18,709 INFO    SenderThread:1516586 [sender.py:send_exit():287] handling exit code: 1
2021-09-18 17:11:18,709 INFO    SenderThread:1516586 [sender.py:send_exit():295] send defer
2021-09-18 17:11:18,709 DEBUG   SenderThread:1516586 [sender.py:send_request():193] send_request: poll_exit
2021-09-18 17:11:18,710 DEBUG   HandlerThread:1516586 [handler.py:handle_request():124] handle_request: defer
2021-09-18 17:11:18,710 INFO    HandlerThread:1516586 [handler.py:handle_request_defer():141] handle defer: 0
2021-09-18 17:11:18,710 DEBUG   SenderThread:1516586 [sender.py:send_request():193] send_request: defer
2021-09-18 17:11:18,710 INFO    SenderThread:1516586 [sender.py:send_request_defer():304] handle sender defer: 0
2021-09-18 17:11:18,710 INFO    SenderThread:1516586 [sender.py:transition_state():308] send defer: 1
2021-09-18 17:11:18,710 DEBUG   HandlerThread:1516586 [handler.py:handle_request():124] handle_request: defer
2021-09-18 17:11:18,710 INFO    HandlerThread:1516586 [handler.py:handle_request_defer():141] handle defer: 1
2021-09-18 17:11:18,741 DEBUG   SenderThread:1516586 [sender.py:send_request():193] send_request: defer
2021-09-18 17:11:18,741 INFO    SenderThread:1516586 [sender.py:send_request_defer():304] handle sender defer: 1
2021-09-18 17:11:18,741 INFO    SenderThread:1516586 [sender.py:transition_state():308] send defer: 2
2021-09-18 17:11:18,741 DEBUG   SenderThread:1516586 [sender.py:send():179] send: stats
2021-09-18 17:11:18,742 DEBUG   HandlerThread:1516586 [handler.py:handle_request():124] handle_request: defer
2021-09-18 17:11:18,743 INFO    HandlerThread:1516586 [handler.py:handle_request_defer():141] handle defer: 2
2021-09-18 17:11:18,744 DEBUG   SenderThread:1516586 [sender.py:send_request():193] send_request: defer
2021-09-18 17:11:18,744 INFO    SenderThread:1516586 [sender.py:send_request_defer():304] handle sender defer: 2
2021-09-18 17:11:18,744 INFO    SenderThread:1516586 [sender.py:transition_state():308] send defer: 3
2021-09-18 17:11:18,744 DEBUG   HandlerThread:1516586 [handler.py:handle_request():124] handle_request: defer
2021-09-18 17:11:18,744 INFO    HandlerThread:1516586 [handler.py:handle_request_defer():141] handle defer: 3
2021-09-18 17:11:18,744 DEBUG   SenderThread:1516586 [sender.py:send():179] send: summary
2021-09-18 17:11:18,745 INFO    SenderThread:1516586 [sender.py:_save_file():841] saving file wandb-summary.json with policy end
2021-09-18 17:11:18,745 DEBUG   SenderThread:1516586 [sender.py:send_request():193] send_request: defer
2021-09-18 17:11:18,745 INFO    SenderThread:1516586 [sender.py:send_request_defer():304] handle sender defer: 3
2021-09-18 17:11:18,745 INFO    SenderThread:1516586 [sender.py:transition_state():308] send defer: 4
2021-09-18 17:11:18,746 DEBUG   HandlerThread:1516586 [handler.py:handle_request():124] handle_request: defer
2021-09-18 17:11:18,746 INFO    HandlerThread:1516586 [handler.py:handle_request_defer():141] handle defer: 4
2021-09-18 17:11:18,746 DEBUG   SenderThread:1516586 [sender.py:send_request():193] send_request: defer
2021-09-18 17:11:18,746 INFO    SenderThread:1516586 [sender.py:send_request_defer():304] handle sender defer: 4
2021-09-18 17:11:18,811 DEBUG   HandlerThread:1516586 [handler.py:handle_request():124] handle_request: poll_exit
2021-09-18 17:11:18,821 INFO    SenderThread:1516586 [sender.py:transition_state():308] send defer: 5
2021-09-18 17:11:18,821 DEBUG   SenderThread:1516586 [sender.py:send_request():193] send_request: poll_exit
2021-09-18 17:11:18,822 DEBUG   HandlerThread:1516586 [handler.py:handle_request():124] handle_request: defer
2021-09-18 17:11:18,822 INFO    HandlerThread:1516586 [handler.py:handle_request_defer():141] handle defer: 5
2021-09-18 17:11:18,822 DEBUG   SenderThread:1516586 [sender.py:send_request():193] send_request: defer
2021-09-18 17:11:18,822 INFO    SenderThread:1516586 [sender.py:send_request_defer():304] handle sender defer: 5
2021-09-18 17:11:18,822 INFO    SenderThread:1516586 [dir_watcher.py:finish():282] shutting down directory watcher
2021-09-18 17:11:18,923 DEBUG   HandlerThread:1516586 [handler.py:handle_request():124] handle_request: poll_exit
2021-09-18 17:11:19,652 INFO    SenderThread:1516586 [dir_watcher.py:_on_file_modified():229] file/dir modified: /grid/koo/home/toneyan/profile/QuantPred/wandb/run-20210918_171041-yyd6e00u/files/wandb-summary.json
2021-09-18 17:11:19,652 INFO    SenderThread:1516586 [dir_watcher.py:_on_file_modified():229] file/dir modified: /grid/koo/home/toneyan/profile/QuantPred/wandb/run-20210918_171041-yyd6e00u/files/config.yaml
2021-09-18 17:11:19,652 INFO    SenderThread:1516586 [dir_watcher.py:finish():312] scan: /grid/koo/home/toneyan/profile/QuantPred/wandb/run-20210918_171041-yyd6e00u/files
2021-09-18 17:11:19,652 INFO    SenderThread:1516586 [dir_watcher.py:finish():318] scan save: /grid/koo/home/toneyan/profile/QuantPred/wandb/run-20210918_171041-yyd6e00u/files/wandb-metadata.json wandb-metadata.json
2021-09-18 17:11:19,652 INFO    SenderThread:1516586 [dir_watcher.py:finish():318] scan save: /grid/koo/home/toneyan/profile/QuantPred/wandb/run-20210918_171041-yyd6e00u/files/config.yaml config.yaml
2021-09-18 17:11:19,652 INFO    SenderThread:1516586 [dir_watcher.py:finish():318] scan save: /grid/koo/home/toneyan/profile/QuantPred/wandb/run-20210918_171041-yyd6e00u/files/requirements.txt requirements.txt
2021-09-18 17:11:19,653 INFO    SenderThread:1516586 [dir_watcher.py:finish():318] scan save: /grid/koo/home/toneyan/profile/QuantPred/wandb/run-20210918_171041-yyd6e00u/files/wandb-summary.json wandb-summary.json
2021-09-18 17:11:19,656 INFO    SenderThread:1516586 [dir_watcher.py:finish():318] scan save: /grid/koo/home/toneyan/profile/QuantPred/wandb/run-20210918_171041-yyd6e00u/files/output.log output.log
2021-09-18 17:11:19,659 INFO    SenderThread:1516586 [sender.py:transition_state():308] send defer: 6
2021-09-18 17:11:19,659 DEBUG   SenderThread:1516586 [sender.py:send_request():193] send_request: poll_exit
2021-09-18 17:11:19,664 DEBUG   HandlerThread:1516586 [handler.py:handle_request():124] handle_request: defer
2021-09-18 17:11:19,664 INFO    HandlerThread:1516586 [handler.py:handle_request_defer():141] handle defer: 6
2021-09-18 17:11:19,664 DEBUG   SenderThread:1516586 [sender.py:send_request():193] send_request: defer
2021-09-18 17:11:19,664 INFO    SenderThread:1516586 [sender.py:send_request_defer():304] handle sender defer: 6
2021-09-18 17:11:19,664 INFO    SenderThread:1516586 [file_pusher.py:finish():177] shutting down file pusher
2021-09-18 17:11:19,765 DEBUG   HandlerThread:1516586 [handler.py:handle_request():124] handle_request: poll_exit
2021-09-18 17:11:19,766 DEBUG   SenderThread:1516586 [sender.py:send_request():193] send_request: poll_exit
2021-09-18 17:11:19,867 DEBUG   HandlerThread:1516586 [handler.py:handle_request():124] handle_request: poll_exit
2021-09-18 17:11:19,867 DEBUG   SenderThread:1516586 [sender.py:send_request():193] send_request: poll_exit
2021-09-18 17:11:19,969 DEBUG   HandlerThread:1516586 [handler.py:handle_request():124] handle_request: poll_exit
2021-09-18 17:11:19,969 DEBUG   SenderThread:1516586 [sender.py:send_request():193] send_request: poll_exit
2021-09-18 17:11:19,975 INFO    Thread-14 :1516586 [upload_job.py:push():137] Uploaded file /grid/koo/home/toneyan/profile/QuantPred/wandb/run-20210918_171041-yyd6e00u/files/wandb-summary.json
2021-09-18 17:11:19,988 INFO    Thread-12 :1516586 [upload_job.py:push():137] Uploaded file /grid/koo/home/toneyan/profile/QuantPred/wandb/run-20210918_171041-yyd6e00u/files/config.yaml
2021-09-18 17:11:20,040 INFO    Thread-13 :1516586 [upload_job.py:push():137] Uploaded file /grid/koo/home/toneyan/profile/QuantPred/wandb/run-20210918_171041-yyd6e00u/files/requirements.txt
2021-09-18 17:11:20,071 DEBUG   HandlerThread:1516586 [handler.py:handle_request():124] handle_request: poll_exit
2021-09-18 17:11:20,071 DEBUG   SenderThread:1516586 [sender.py:send_request():193] send_request: poll_exit
2021-09-18 17:11:20,173 DEBUG   HandlerThread:1516586 [handler.py:handle_request():124] handle_request: poll_exit
2021-09-18 17:11:20,173 DEBUG   SenderThread:1516586 [sender.py:send_request():193] send_request: poll_exit
2021-09-18 17:11:20,240 INFO    Thread-7  :1516586 [sender.py:transition_state():308] send defer: 7
2021-09-18 17:11:20,241 DEBUG   HandlerThread:1516586 [handler.py:handle_request():124] handle_request: defer
2021-09-18 17:11:20,241 INFO    HandlerThread:1516586 [handler.py:handle_request_defer():141] handle defer: 7
2021-09-18 17:11:20,241 DEBUG   SenderThread:1516586 [sender.py:send_request():193] send_request: defer
2021-09-18 17:11:20,241 INFO    SenderThread:1516586 [sender.py:send_request_defer():304] handle sender defer: 7
2021-09-18 17:11:20,275 DEBUG   HandlerThread:1516586 [handler.py:handle_request():124] handle_request: poll_exit
2021-09-18 17:11:20,354 INFO    SenderThread:1516586 [sender.py:transition_state():308] send defer: 8
2021-09-18 17:11:20,354 DEBUG   SenderThread:1516586 [sender.py:send_request():193] send_request: poll_exit
2021-09-18 17:11:20,355 DEBUG   HandlerThread:1516586 [handler.py:handle_request():124] handle_request: defer
2021-09-18 17:11:20,355 INFO    HandlerThread:1516586 [handler.py:handle_request_defer():141] handle defer: 8
2021-09-18 17:11:20,355 DEBUG   SenderThread:1516586 [sender.py:send_request():193] send_request: defer
2021-09-18 17:11:20,355 INFO    SenderThread:1516586 [sender.py:send_request_defer():304] handle sender defer: 8
2021-09-18 17:11:20,355 INFO    SenderThread:1516586 [sender.py:transition_state():308] send defer: 9
2021-09-18 17:11:20,355 DEBUG   SenderThread:1516586 [sender.py:send():179] send: final
2021-09-18 17:11:20,355 DEBUG   HandlerThread:1516586 [handler.py:handle_request():124] handle_request: defer
2021-09-18 17:11:20,355 DEBUG   SenderThread:1516586 [sender.py:send():179] send: footer
2021-09-18 17:11:20,356 INFO    HandlerThread:1516586 [handler.py:handle_request_defer():141] handle defer: 9
2021-09-18 17:11:20,356 DEBUG   SenderThread:1516586 [sender.py:send_request():193] send_request: defer
2021-09-18 17:11:20,356 INFO    SenderThread:1516586 [sender.py:send_request_defer():304] handle sender defer: 9
2021-09-18 17:11:20,456 DEBUG   HandlerThread:1516586 [handler.py:handle_request():124] handle_request: poll_exit
2021-09-18 17:11:20,456 DEBUG   SenderThread:1516586 [sender.py:send_request():193] send_request: poll_exit
2021-09-18 17:11:20,456 INFO    SenderThread:1516586 [file_pusher.py:join():182] waiting for file pusher
2021-09-18 17:11:20,458 DEBUG   HandlerThread:1516586 [handler.py:handle_request():124] handle_request: get_summary
2021-09-18 17:11:20,458 DEBUG   HandlerThread:1516586 [handler.py:handle_request():124] handle_request: sampled_history
2021-09-18 17:11:20,458 DEBUG   HandlerThread:1516586 [handler.py:handle_request():124] handle_request: shutdown
2021-09-18 17:11:20,458 INFO    HandlerThread:1516586 [handler.py:finish():638] shutting down handler
2021-09-18 17:11:21,356 INFO    WriterThread:1516586 [datastore.py:close():288] close: /grid/koo/home/toneyan/profile/QuantPred/wandb/run-20210918_171041-yyd6e00u/run-yyd6e00u.wandb
2021-09-18 17:11:21,457 INFO    SenderThread:1516586 [sender.py:finish():945] shutting down sender
2021-09-18 17:11:21,457 INFO    SenderThread:1516586 [file_pusher.py:finish():177] shutting down file pusher
2021-09-18 17:11:21,457 INFO    SenderThread:1516586 [file_pusher.py:join():182] waiting for file pusher
2021-09-18 17:11:21,459 INFO    MainThread:1516586 [internal.py:handle_exit():78] Internal process exited
