2021-09-19 09:18:00,970 INFO    MainThread:1065938 [internal.py:wandb_internal():91] W&B internal server running at pid: 1065938, started at: 2021-09-19 09:18:00.969500
2021-09-19 09:18:00,972 DEBUG   HandlerThread:1065938 [handler.py:handle_request():124] handle_request: check_version
2021-09-19 09:18:00,972 INFO    WriterThread:1065938 [datastore.py:open_for_write():80] open: /grid/koo/home/toneyan/profile/QuantPred/wandb/run-20210919_091800-e53dnpms/run-e53dnpms.wandb
2021-09-19 09:18:00,974 DEBUG   SenderThread:1065938 [sender.py:send():179] send: header
2021-09-19 09:18:00,974 DEBUG   SenderThread:1065938 [sender.py:send_request():193] send_request: check_version
2021-09-19 09:18:01,007 DEBUG   SenderThread:1065938 [sender.py:send():179] send: run
2021-09-19 09:18:01,087 INFO    SenderThread:1065938 [dir_watcher.py:__init__():168] watching files in: /grid/koo/home/toneyan/profile/QuantPred/wandb/run-20210919_091800-e53dnpms/files
2021-09-19 09:18:01,087 INFO    SenderThread:1065938 [sender.py:_start_run_threads():719] run started: e53dnpms with start time 1632057480
2021-09-19 09:18:01,090 DEBUG   SenderThread:1065938 [sender.py:send():179] send: summary
2021-09-19 09:18:01,091 INFO    SenderThread:1065938 [sender.py:_save_file():841] saving file wandb-summary.json with policy end
2021-09-19 09:18:01,093 DEBUG   HandlerThread:1065938 [handler.py:handle_request():124] handle_request: run_start
2021-09-19 09:18:02,125 INFO    Thread-8  :1065938 [dir_watcher.py:_on_file_created():216] file/dir created: /grid/koo/home/toneyan/profile/QuantPred/wandb/run-20210919_091800-e53dnpms/files/wandb-summary.json
2021-09-19 09:18:02,389 DEBUG   HandlerThread:1065938 [meta.py:__init__():39] meta init
2021-09-19 09:18:02,389 DEBUG   HandlerThread:1065938 [meta.py:__init__():53] meta init done
2021-09-19 09:18:02,389 DEBUG   HandlerThread:1065938 [meta.py:probe():210] probe
2021-09-19 09:18:02,395 DEBUG   HandlerThread:1065938 [meta.py:_save_pip():57] save pip
2021-09-19 09:18:02,397 DEBUG   HandlerThread:1065938 [meta.py:_save_pip():71] save pip done
2021-09-19 09:18:02,397 DEBUG   HandlerThread:1065938 [meta.py:probe():252] probe done
2021-09-19 09:18:02,400 DEBUG   SenderThread:1065938 [sender.py:send():179] send: files
2021-09-19 09:18:02,400 INFO    SenderThread:1065938 [sender.py:_save_file():841] saving file wandb-metadata.json with policy now
2021-09-19 09:18:02,407 DEBUG   HandlerThread:1065938 [handler.py:handle_request():124] handle_request: stop_status
2021-09-19 09:18:02,408 DEBUG   SenderThread:1065938 [sender.py:send_request():193] send_request: stop_status
2021-09-19 09:18:02,733 INFO    Thread-11 :1065938 [upload_job.py:push():137] Uploaded file /tmp/3288846.1.gpu_ded.q/tmp7lktyknrwandb/2jynn9ah-wandb-metadata.json
2021-09-19 09:18:03,124 INFO    Thread-8  :1065938 [dir_watcher.py:_on_file_created():216] file/dir created: /grid/koo/home/toneyan/profile/QuantPred/wandb/run-20210919_091800-e53dnpms/files/wandb-metadata.json
2021-09-19 09:18:03,124 INFO    Thread-8  :1065938 [dir_watcher.py:_on_file_created():216] file/dir created: /grid/koo/home/toneyan/profile/QuantPred/wandb/run-20210919_091800-e53dnpms/files/output.log
2021-09-19 09:18:03,125 INFO    Thread-8  :1065938 [dir_watcher.py:_on_file_created():216] file/dir created: /grid/koo/home/toneyan/profile/QuantPred/wandb/run-20210919_091800-e53dnpms/files/requirements.txt
2021-09-19 09:18:17,489 DEBUG   HandlerThread:1065938 [handler.py:handle_request():124] handle_request: stop_status
2021-09-19 09:18:17,489 DEBUG   SenderThread:1065938 [sender.py:send_request():193] send_request: stop_status
2021-09-19 09:18:30,797 DEBUG   SenderThread:1065938 [sender.py:send():179] send: stats
2021-09-19 09:18:32,553 DEBUG   HandlerThread:1065938 [handler.py:handle_request():124] handle_request: stop_status
2021-09-19 09:18:32,553 DEBUG   SenderThread:1065938 [sender.py:send_request():193] send_request: stop_status
2021-09-19 09:18:35,764 DEBUG   HandlerThread:1065938 [handler.py:handle_request():124] handle_request: poll_exit
2021-09-19 09:18:35,764 DEBUG   SenderThread:1065938 [sender.py:send():179] send: telemetry
2021-09-19 09:18:35,764 DEBUG   SenderThread:1065938 [sender.py:send():179] send: exit
2021-09-19 09:18:35,764 INFO    SenderThread:1065938 [sender.py:send_exit():287] handling exit code: 1
2021-09-19 09:18:35,764 INFO    SenderThread:1065938 [sender.py:send_exit():295] send defer
2021-09-19 09:18:35,764 DEBUG   SenderThread:1065938 [sender.py:send_request():193] send_request: poll_exit
2021-09-19 09:18:35,765 DEBUG   HandlerThread:1065938 [handler.py:handle_request():124] handle_request: defer
2021-09-19 09:18:35,765 INFO    HandlerThread:1065938 [handler.py:handle_request_defer():141] handle defer: 0
2021-09-19 09:18:35,765 DEBUG   SenderThread:1065938 [sender.py:send_request():193] send_request: defer
2021-09-19 09:18:35,765 INFO    SenderThread:1065938 [sender.py:send_request_defer():304] handle sender defer: 0
2021-09-19 09:18:35,765 INFO    SenderThread:1065938 [sender.py:transition_state():308] send defer: 1
2021-09-19 09:18:35,765 DEBUG   HandlerThread:1065938 [handler.py:handle_request():124] handle_request: defer
2021-09-19 09:18:35,765 INFO    HandlerThread:1065938 [handler.py:handle_request_defer():141] handle defer: 1
2021-09-19 09:18:35,868 DEBUG   SenderThread:1065938 [sender.py:send_request():193] send_request: defer
2021-09-19 09:18:35,869 DEBUG   HandlerThread:1065938 [handler.py:handle_request():124] handle_request: poll_exit
2021-09-19 09:18:35,869 INFO    SenderThread:1065938 [sender.py:send_request_defer():304] handle sender defer: 1
2021-09-19 09:18:35,869 INFO    SenderThread:1065938 [sender.py:transition_state():308] send defer: 2
2021-09-19 09:18:35,869 DEBUG   SenderThread:1065938 [sender.py:send_request():193] send_request: poll_exit
2021-09-19 09:18:35,869 DEBUG   SenderThread:1065938 [sender.py:send():179] send: stats
2021-09-19 09:18:35,869 DEBUG   HandlerThread:1065938 [handler.py:handle_request():124] handle_request: defer
2021-09-19 09:18:35,871 INFO    HandlerThread:1065938 [handler.py:handle_request_defer():141] handle defer: 2
2021-09-19 09:18:35,871 DEBUG   SenderThread:1065938 [sender.py:send_request():193] send_request: defer
2021-09-19 09:18:35,872 INFO    SenderThread:1065938 [sender.py:send_request_defer():304] handle sender defer: 2
2021-09-19 09:18:35,872 INFO    SenderThread:1065938 [sender.py:transition_state():308] send defer: 3
2021-09-19 09:18:35,872 DEBUG   HandlerThread:1065938 [handler.py:handle_request():124] handle_request: defer
2021-09-19 09:18:35,872 INFO    HandlerThread:1065938 [handler.py:handle_request_defer():141] handle defer: 3
2021-09-19 09:18:35,872 DEBUG   SenderThread:1065938 [sender.py:send():179] send: summary
2021-09-19 09:18:35,872 INFO    SenderThread:1065938 [sender.py:_save_file():841] saving file wandb-summary.json with policy end
2021-09-19 09:18:35,873 DEBUG   SenderThread:1065938 [sender.py:send_request():193] send_request: defer
2021-09-19 09:18:35,873 INFO    SenderThread:1065938 [sender.py:send_request_defer():304] handle sender defer: 3
2021-09-19 09:18:35,873 INFO    SenderThread:1065938 [sender.py:transition_state():308] send defer: 4
2021-09-19 09:18:35,873 DEBUG   HandlerThread:1065938 [handler.py:handle_request():124] handle_request: defer
2021-09-19 09:18:35,873 INFO    HandlerThread:1065938 [handler.py:handle_request_defer():141] handle defer: 4
2021-09-19 09:18:35,873 DEBUG   SenderThread:1065938 [sender.py:send_request():193] send_request: defer
2021-09-19 09:18:35,873 INFO    SenderThread:1065938 [sender.py:send_request_defer():304] handle sender defer: 4
2021-09-19 09:18:35,929 ERROR   SenderThread:1065938 [internal_api.py:execute():130] 429 response executing GraphQL.
2021-09-19 09:18:35,929 ERROR   SenderThread:1065938 [internal_api.py:execute():131] {"error":"rate limit exceeded"}

2021-09-19 09:18:35,971 DEBUG   HandlerThread:1065938 [handler.py:handle_request():124] handle_request: poll_exit
2021-09-19 09:18:36,138 INFO    Thread-8  :1065938 [dir_watcher.py:_on_file_modified():229] file/dir modified: /grid/koo/home/toneyan/profile/QuantPred/wandb/run-20210919_091800-e53dnpms/files/wandb-summary.json
2021-09-19 09:18:37,015 ERROR   SenderThread:1065938 [internal_api.py:execute():130] 429 response executing GraphQL.
2021-09-19 09:18:37,015 ERROR   SenderThread:1065938 [internal_api.py:execute():131] {"error":"rate limit exceeded"}

2021-09-19 09:18:39,297 ERROR   SenderThread:1065938 [internal_api.py:execute():130] 429 response executing GraphQL.
2021-09-19 09:18:39,297 ERROR   SenderThread:1065938 [internal_api.py:execute():131] {"error":"rate limit exceeded"}

2021-09-19 09:18:39,297 ERROR   SenderThread:1065938 [retry.py:__call__():126] Retry attempt failed:
Traceback (most recent call last):
  File "/usr/local/lib/python3.6/dist-packages/wandb/sdk/lib/retry.py", line 102, in __call__
    result = self._call_fn(*args, **kwargs)
  File "/usr/local/lib/python3.6/dist-packages/wandb/sdk/internal/internal_api.py", line 133, in execute
    six.reraise(*sys.exc_info())
  File "/usr/local/lib/python3.6/dist-packages/six.py", line 719, in reraise
    raise value
  File "/usr/local/lib/python3.6/dist-packages/wandb/sdk/internal/internal_api.py", line 127, in execute
    return self.client.execute(*args, **kwargs)
  File "/usr/local/lib/python3.6/dist-packages/wandb/vendor/gql-0.2.0/gql/client.py", line 52, in execute
    result = self._get_result(document, *args, **kwargs)
  File "/usr/local/lib/python3.6/dist-packages/wandb/vendor/gql-0.2.0/gql/client.py", line 60, in _get_result
    return self.transport.execute(document, *args, **kwargs)
  File "/usr/local/lib/python3.6/dist-packages/wandb/vendor/gql-0.2.0/gql/transport/requests.py", line 39, in execute
    request.raise_for_status()
  File "/usr/local/lib/python3.6/dist-packages/requests/models.py", line 943, in raise_for_status
    raise HTTPError(http_error_msg, response=self)
requests.exceptions.HTTPError: 429 Client Error: Too Many Requests for url: https://api.wandb.ai/graphql
2021-09-19 09:18:41,071 DEBUG   HandlerThread:1065938 [handler.py:handle_request():124] handle_request: poll_exit
2021-09-19 09:18:44,024 ERROR   SenderThread:1065938 [internal_api.py:execute():130] 429 response executing GraphQL.
2021-09-19 09:18:44,025 ERROR   SenderThread:1065938 [internal_api.py:execute():131] {"error":"rate limit exceeded"}

2021-09-19 09:18:46,172 DEBUG   HandlerThread:1065938 [handler.py:handle_request():124] handle_request: poll_exit
2021-09-19 09:18:51,273 DEBUG   HandlerThread:1065938 [handler.py:handle_request():124] handle_request: poll_exit
2021-09-19 09:18:52,384 INFO    SenderThread:1065938 [sender.py:transition_state():308] send defer: 5
2021-09-19 09:18:52,385 DEBUG   SenderThread:1065938 [sender.py:send_request():193] send_request: poll_exit
2021-09-19 09:18:52,385 DEBUG   SenderThread:1065938 [sender.py:send_request():193] send_request: poll_exit
2021-09-19 09:18:52,385 DEBUG   SenderThread:1065938 [sender.py:send_request():193] send_request: poll_exit
2021-09-19 09:18:52,385 DEBUG   SenderThread:1065938 [sender.py:send_request():193] send_request: poll_exit
2021-09-19 09:18:52,385 DEBUG   HandlerThread:1065938 [handler.py:handle_request():124] handle_request: defer
2021-09-19 09:18:52,386 INFO    HandlerThread:1065938 [handler.py:handle_request_defer():141] handle defer: 5
2021-09-19 09:18:52,386 DEBUG   SenderThread:1065938 [sender.py:send_request():193] send_request: defer
2021-09-19 09:18:52,386 INFO    SenderThread:1065938 [sender.py:send_request_defer():304] handle sender defer: 5
2021-09-19 09:18:52,386 INFO    SenderThread:1065938 [dir_watcher.py:finish():282] shutting down directory watcher
2021-09-19 09:18:52,490 DEBUG   HandlerThread:1065938 [handler.py:handle_request():124] handle_request: poll_exit
2021-09-19 09:18:53,141 INFO    SenderThread:1065938 [dir_watcher.py:_on_file_modified():229] file/dir modified: /grid/koo/home/toneyan/profile/QuantPred/wandb/run-20210919_091800-e53dnpms/files/config.yaml
2021-09-19 09:18:53,142 INFO    SenderThread:1065938 [dir_watcher.py:finish():312] scan: /grid/koo/home/toneyan/profile/QuantPred/wandb/run-20210919_091800-e53dnpms/files
2021-09-19 09:18:53,142 INFO    SenderThread:1065938 [dir_watcher.py:finish():318] scan save: /grid/koo/home/toneyan/profile/QuantPred/wandb/run-20210919_091800-e53dnpms/files/wandb-metadata.json wandb-metadata.json
2021-09-19 09:18:53,142 INFO    SenderThread:1065938 [dir_watcher.py:finish():318] scan save: /grid/koo/home/toneyan/profile/QuantPred/wandb/run-20210919_091800-e53dnpms/files/config.yaml config.yaml
2021-09-19 09:18:53,142 INFO    SenderThread:1065938 [dir_watcher.py:finish():318] scan save: /grid/koo/home/toneyan/profile/QuantPred/wandb/run-20210919_091800-e53dnpms/files/requirements.txt requirements.txt
2021-09-19 09:18:53,145 INFO    SenderThread:1065938 [dir_watcher.py:finish():318] scan save: /grid/koo/home/toneyan/profile/QuantPred/wandb/run-20210919_091800-e53dnpms/files/wandb-summary.json wandb-summary.json
2021-09-19 09:18:53,146 INFO    SenderThread:1065938 [dir_watcher.py:finish():318] scan save: /grid/koo/home/toneyan/profile/QuantPred/wandb/run-20210919_091800-e53dnpms/files/output.log output.log
2021-09-19 09:18:53,148 INFO    SenderThread:1065938 [sender.py:transition_state():308] send defer: 6
2021-09-19 09:18:53,153 DEBUG   SenderThread:1065938 [sender.py:send_request():193] send_request: poll_exit
2021-09-19 09:18:53,154 DEBUG   HandlerThread:1065938 [handler.py:handle_request():124] handle_request: defer
2021-09-19 09:18:53,154 INFO    HandlerThread:1065938 [handler.py:handle_request_defer():141] handle defer: 6
2021-09-19 09:18:53,154 DEBUG   SenderThread:1065938 [sender.py:send_request():193] send_request: defer
2021-09-19 09:18:53,154 INFO    SenderThread:1065938 [sender.py:send_request_defer():304] handle sender defer: 6
2021-09-19 09:18:53,154 INFO    SenderThread:1065938 [file_pusher.py:finish():177] shutting down file pusher
2021-09-19 09:18:53,256 DEBUG   HandlerThread:1065938 [handler.py:handle_request():124] handle_request: poll_exit
2021-09-19 09:18:53,256 DEBUG   SenderThread:1065938 [sender.py:send_request():193] send_request: poll_exit
2021-09-19 09:18:53,358 DEBUG   HandlerThread:1065938 [handler.py:handle_request():124] handle_request: poll_exit
2021-09-19 09:18:53,359 DEBUG   SenderThread:1065938 [sender.py:send_request():193] send_request: poll_exit
2021-09-19 09:18:53,450 INFO    Thread-13 :1065938 [upload_job.py:push():137] Uploaded file /grid/koo/home/toneyan/profile/QuantPred/wandb/run-20210919_091800-e53dnpms/files/requirements.txt
2021-09-19 09:18:53,460 DEBUG   HandlerThread:1065938 [handler.py:handle_request():124] handle_request: poll_exit
2021-09-19 09:18:53,461 DEBUG   SenderThread:1065938 [sender.py:send_request():193] send_request: poll_exit
2021-09-19 09:18:53,490 INFO    Thread-12 :1065938 [upload_job.py:push():137] Uploaded file /grid/koo/home/toneyan/profile/QuantPred/wandb/run-20210919_091800-e53dnpms/files/config.yaml
2021-09-19 09:18:53,532 INFO    Thread-14 :1065938 [upload_job.py:push():137] Uploaded file /grid/koo/home/toneyan/profile/QuantPred/wandb/run-20210919_091800-e53dnpms/files/wandb-summary.json
2021-09-19 09:18:53,562 DEBUG   HandlerThread:1065938 [handler.py:handle_request():124] handle_request: poll_exit
2021-09-19 09:18:53,563 DEBUG   SenderThread:1065938 [sender.py:send_request():193] send_request: poll_exit
2021-09-19 09:18:53,665 DEBUG   HandlerThread:1065938 [handler.py:handle_request():124] handle_request: poll_exit
2021-09-19 09:18:53,665 DEBUG   SenderThread:1065938 [sender.py:send_request():193] send_request: poll_exit
2021-09-19 09:18:53,733 INFO    Thread-7  :1065938 [sender.py:transition_state():308] send defer: 7
2021-09-19 09:18:53,734 DEBUG   HandlerThread:1065938 [handler.py:handle_request():124] handle_request: defer
2021-09-19 09:18:53,734 INFO    HandlerThread:1065938 [handler.py:handle_request_defer():141] handle defer: 7
2021-09-19 09:18:53,734 DEBUG   SenderThread:1065938 [sender.py:send_request():193] send_request: defer
2021-09-19 09:18:53,734 INFO    SenderThread:1065938 [sender.py:send_request_defer():304] handle sender defer: 7
2021-09-19 09:18:53,767 DEBUG   HandlerThread:1065938 [handler.py:handle_request():124] handle_request: poll_exit
2021-09-19 09:18:53,807 INFO    SenderThread:1065938 [sender.py:transition_state():308] send defer: 8
2021-09-19 09:18:53,807 DEBUG   SenderThread:1065938 [sender.py:send_request():193] send_request: poll_exit
2021-09-19 09:18:53,808 DEBUG   HandlerThread:1065938 [handler.py:handle_request():124] handle_request: defer
2021-09-19 09:18:53,808 INFO    HandlerThread:1065938 [handler.py:handle_request_defer():141] handle defer: 8
2021-09-19 09:18:53,808 DEBUG   SenderThread:1065938 [sender.py:send_request():193] send_request: defer
2021-09-19 09:18:53,808 INFO    SenderThread:1065938 [sender.py:send_request_defer():304] handle sender defer: 8
2021-09-19 09:18:53,808 INFO    SenderThread:1065938 [sender.py:transition_state():308] send defer: 9
2021-09-19 09:18:53,808 DEBUG   SenderThread:1065938 [sender.py:send():179] send: final
2021-09-19 09:18:53,809 DEBUG   HandlerThread:1065938 [handler.py:handle_request():124] handle_request: defer
2021-09-19 09:18:53,809 DEBUG   SenderThread:1065938 [sender.py:send():179] send: footer
2021-09-19 09:18:53,809 INFO    HandlerThread:1065938 [handler.py:handle_request_defer():141] handle defer: 9
2021-09-19 09:18:53,809 DEBUG   SenderThread:1065938 [sender.py:send_request():193] send_request: defer
2021-09-19 09:18:53,809 INFO    SenderThread:1065938 [sender.py:send_request_defer():304] handle sender defer: 9
2021-09-19 09:18:53,909 DEBUG   HandlerThread:1065938 [handler.py:handle_request():124] handle_request: poll_exit
2021-09-19 09:18:53,910 DEBUG   SenderThread:1065938 [sender.py:send_request():193] send_request: poll_exit
2021-09-19 09:18:53,910 INFO    SenderThread:1065938 [file_pusher.py:join():182] waiting for file pusher
2021-09-19 09:18:53,914 DEBUG   HandlerThread:1065938 [handler.py:handle_request():124] handle_request: get_summary
2021-09-19 09:18:53,915 DEBUG   HandlerThread:1065938 [handler.py:handle_request():124] handle_request: sampled_history
2021-09-19 09:18:53,916 DEBUG   HandlerThread:1065938 [handler.py:handle_request():124] handle_request: shutdown
2021-09-19 09:18:53,916 INFO    HandlerThread:1065938 [handler.py:finish():638] shutting down handler
2021-09-19 09:18:54,809 INFO    WriterThread:1065938 [datastore.py:close():288] close: /grid/koo/home/toneyan/profile/QuantPred/wandb/run-20210919_091800-e53dnpms/run-e53dnpms.wandb
2021-09-19 09:18:54,910 INFO    SenderThread:1065938 [sender.py:finish():945] shutting down sender
2021-09-19 09:18:54,910 INFO    SenderThread:1065938 [file_pusher.py:finish():177] shutting down file pusher
2021-09-19 09:18:54,910 INFO    SenderThread:1065938 [file_pusher.py:join():182] waiting for file pusher
2021-09-19 09:18:54,914 INFO    MainThread:1065938 [internal.py:handle_exit():78] Internal process exited
