2021-09-18 15:53:53,969 INFO    MainThread:3477102 [internal.py:wandb_internal():91] W&B internal server running at pid: 3477102, started at: 2021-09-18 15:53:53.968500
2021-09-18 15:53:53,970 DEBUG   HandlerThread:3477102 [handler.py:handle_request():124] handle_request: check_version
2021-09-18 15:53:53,970 INFO    WriterThread:3477102 [datastore.py:open_for_write():80] open: /grid/koo/home/toneyan/profile/QuantPred/wandb/run-20210918_155353-8gisj73d/run-8gisj73d.wandb
2021-09-18 15:53:53,972 DEBUG   SenderThread:3477102 [sender.py:send():179] send: header
2021-09-18 15:53:53,972 DEBUG   SenderThread:3477102 [sender.py:send_request():193] send_request: check_version
2021-09-18 15:53:54,006 DEBUG   SenderThread:3477102 [sender.py:send():179] send: run
2021-09-18 15:53:54,107 DEBUG   HandlerThread:3477102 [handler.py:handle_request():124] handle_request: run_start
2021-09-18 15:53:54,291 INFO    SenderThread:3477102 [dir_watcher.py:__init__():168] watching files in: /grid/koo/home/toneyan/profile/QuantPred/wandb/run-20210918_155353-8gisj73d/files
2021-09-18 15:53:54,291 INFO    SenderThread:3477102 [sender.py:_start_run_threads():719] run started: 8gisj73d with start time 1631994833
2021-09-18 15:53:54,291 DEBUG   SenderThread:3477102 [sender.py:send():179] send: summary
2021-09-18 15:53:54,294 INFO    SenderThread:3477102 [sender.py:_save_file():841] saving file wandb-summary.json with policy end
2021-09-18 15:53:55,273 INFO    Thread-8  :3477102 [dir_watcher.py:_on_file_created():216] file/dir created: /grid/koo/home/toneyan/profile/QuantPred/wandb/run-20210918_155353-8gisj73d/files/wandb-summary.json
2021-09-18 15:53:55,397 DEBUG   HandlerThread:3477102 [meta.py:__init__():39] meta init
2021-09-18 15:53:55,397 DEBUG   HandlerThread:3477102 [meta.py:__init__():53] meta init done
2021-09-18 15:53:55,397 DEBUG   HandlerThread:3477102 [meta.py:probe():210] probe
2021-09-18 15:53:55,403 DEBUG   HandlerThread:3477102 [meta.py:_save_pip():57] save pip
2021-09-18 15:53:55,404 DEBUG   HandlerThread:3477102 [meta.py:_save_pip():71] save pip done
2021-09-18 15:53:55,404 DEBUG   HandlerThread:3477102 [meta.py:probe():252] probe done
2021-09-18 15:53:55,407 DEBUG   SenderThread:3477102 [sender.py:send():179] send: files
2021-09-18 15:53:55,407 INFO    SenderThread:3477102 [sender.py:_save_file():841] saving file wandb-metadata.json with policy now
2021-09-18 15:53:55,413 DEBUG   HandlerThread:3477102 [handler.py:handle_request():124] handle_request: stop_status
2021-09-18 15:53:55,414 DEBUG   SenderThread:3477102 [sender.py:send_request():193] send_request: stop_status
2021-09-18 15:53:55,704 INFO    Thread-11 :3477102 [upload_job.py:push():137] Uploaded file /tmp/3288843.1.gpu_ded.q/tmpeua13rn9wandb/3k4kctjo-wandb-metadata.json
2021-09-18 15:53:56,271 INFO    Thread-8  :3477102 [dir_watcher.py:_on_file_created():216] file/dir created: /grid/koo/home/toneyan/profile/QuantPred/wandb/run-20210918_155353-8gisj73d/files/wandb-metadata.json
2021-09-18 15:53:56,271 INFO    Thread-8  :3477102 [dir_watcher.py:_on_file_created():216] file/dir created: /grid/koo/home/toneyan/profile/QuantPred/wandb/run-20210918_155353-8gisj73d/files/output.log
2021-09-18 15:53:56,271 INFO    Thread-8  :3477102 [dir_watcher.py:_on_file_created():216] file/dir created: /grid/koo/home/toneyan/profile/QuantPred/wandb/run-20210918_155353-8gisj73d/files/requirements.txt
2021-09-18 15:54:10,490 DEBUG   HandlerThread:3477102 [handler.py:handle_request():124] handle_request: stop_status
2021-09-18 15:54:10,490 DEBUG   SenderThread:3477102 [sender.py:send_request():193] send_request: stop_status
2021-09-18 15:54:10,549 ERROR   SenderThread:3477102 [internal_api.py:execute():130] 429 response executing GraphQL.
2021-09-18 15:54:10,549 ERROR   SenderThread:3477102 [internal_api.py:execute():131] {"error":"rate limit exceeded"}

2021-09-18 15:54:11,646 ERROR   SenderThread:3477102 [internal_api.py:execute():130] 429 response executing GraphQL.
2021-09-18 15:54:11,646 ERROR   SenderThread:3477102 [internal_api.py:execute():131] {"error":"rate limit exceeded"}

2021-09-18 15:54:13,979 ERROR   SenderThread:3477102 [internal_api.py:execute():130] 429 response executing GraphQL.
2021-09-18 15:54:13,979 ERROR   SenderThread:3477102 [internal_api.py:execute():131] {"error":"rate limit exceeded"}

2021-09-18 15:54:13,979 ERROR   SenderThread:3477102 [retry.py:__call__():126] Retry attempt failed:
Traceback (most recent call last):
  File "/usr/local/lib/python3.6/dist-packages/wandb/sdk/lib/retry.py", line 102, in __call__
    result = self._call_fn(*args, **kwargs)
  File "/usr/local/lib/python3.6/dist-packages/wandb/sdk/internal/internal_api.py", line 133, in execute
    six.reraise(*sys.exc_info())
  File "/usr/local/lib/python3.6/dist-packages/six.py", line 719, in reraise
    raise value
  File "/usr/local/lib/python3.6/dist-packages/wandb/sdk/internal/internal_api.py", line 127, in execute
    return self.client.execute(*args, **kwargs)
  File "/usr/local/lib/python3.6/dist-packages/wandb/vendor/gql-0.2.0/gql/client.py", line 52, in execute
    result = self._get_result(document, *args, **kwargs)
  File "/usr/local/lib/python3.6/dist-packages/wandb/vendor/gql-0.2.0/gql/client.py", line 60, in _get_result
    return self.transport.execute(document, *args, **kwargs)
  File "/usr/local/lib/python3.6/dist-packages/wandb/vendor/gql-0.2.0/gql/transport/requests.py", line 39, in execute
    request.raise_for_status()
  File "/usr/local/lib/python3.6/dist-packages/requests/models.py", line 943, in raise_for_status
    raise HTTPError(http_error_msg, response=self)
requests.exceptions.HTTPError: 429 Client Error: Too Many Requests for url: https://api.wandb.ai/graphql
2021-09-18 15:54:23,784 DEBUG   SenderThread:3477102 [sender.py:send():179] send: stats
2021-09-18 15:54:33,049 DEBUG   HandlerThread:3477102 [handler.py:handle_request():124] handle_request: stop_status
2021-09-18 15:54:33,049 DEBUG   SenderThread:3477102 [sender.py:send_request():193] send_request: stop_status
2021-09-18 15:54:33,228 DEBUG   SenderThread:3477102 [sender.py:send():179] send: telemetry
2021-09-18 15:54:33,228 DEBUG   SenderThread:3477102 [sender.py:send():179] send: exit
2021-09-18 15:54:33,228 DEBUG   HandlerThread:3477102 [handler.py:handle_request():124] handle_request: poll_exit
2021-09-18 15:54:33,228 INFO    SenderThread:3477102 [sender.py:send_exit():287] handling exit code: 1
2021-09-18 15:54:33,229 INFO    SenderThread:3477102 [sender.py:send_exit():295] send defer
2021-09-18 15:54:33,229 DEBUG   SenderThread:3477102 [sender.py:send_request():193] send_request: poll_exit
2021-09-18 15:54:33,229 DEBUG   HandlerThread:3477102 [handler.py:handle_request():124] handle_request: defer
2021-09-18 15:54:33,229 INFO    HandlerThread:3477102 [handler.py:handle_request_defer():141] handle defer: 0
2021-09-18 15:54:33,230 DEBUG   SenderThread:3477102 [sender.py:send_request():193] send_request: defer
2021-09-18 15:54:33,230 INFO    SenderThread:3477102 [sender.py:send_request_defer():304] handle sender defer: 0
2021-09-18 15:54:33,230 INFO    SenderThread:3477102 [sender.py:transition_state():308] send defer: 1
2021-09-18 15:54:33,230 DEBUG   HandlerThread:3477102 [handler.py:handle_request():124] handle_request: defer
2021-09-18 15:54:33,230 INFO    HandlerThread:3477102 [handler.py:handle_request_defer():141] handle defer: 1
2021-09-18 15:54:33,302 DEBUG   SenderThread:3477102 [sender.py:send_request():193] send_request: defer
2021-09-18 15:54:33,302 INFO    SenderThread:3477102 [sender.py:send_request_defer():304] handle sender defer: 1
2021-09-18 15:54:33,303 INFO    SenderThread:3477102 [sender.py:transition_state():308] send defer: 2
2021-09-18 15:54:33,303 DEBUG   SenderThread:3477102 [sender.py:send():179] send: stats
2021-09-18 15:54:33,303 DEBUG   HandlerThread:3477102 [handler.py:handle_request():124] handle_request: defer
2021-09-18 15:54:33,305 INFO    HandlerThread:3477102 [handler.py:handle_request_defer():141] handle defer: 2
2021-09-18 15:54:33,305 DEBUG   SenderThread:3477102 [sender.py:send_request():193] send_request: defer
2021-09-18 15:54:33,305 INFO    SenderThread:3477102 [sender.py:send_request_defer():304] handle sender defer: 2
2021-09-18 15:54:33,305 INFO    SenderThread:3477102 [sender.py:transition_state():308] send defer: 3
2021-09-18 15:54:33,306 DEBUG   HandlerThread:3477102 [handler.py:handle_request():124] handle_request: defer
2021-09-18 15:54:33,306 INFO    HandlerThread:3477102 [handler.py:handle_request_defer():141] handle defer: 3
2021-09-18 15:54:33,306 DEBUG   SenderThread:3477102 [sender.py:send():179] send: summary
2021-09-18 15:54:33,306 INFO    SenderThread:3477102 [sender.py:_save_file():841] saving file wandb-summary.json with policy end
2021-09-18 15:54:33,307 DEBUG   SenderThread:3477102 [sender.py:send_request():193] send_request: defer
2021-09-18 15:54:33,307 INFO    SenderThread:3477102 [sender.py:send_request_defer():304] handle sender defer: 3
2021-09-18 15:54:33,307 INFO    SenderThread:3477102 [sender.py:transition_state():308] send defer: 4
2021-09-18 15:54:33,307 DEBUG   HandlerThread:3477102 [handler.py:handle_request():124] handle_request: defer
2021-09-18 15:54:33,307 INFO    HandlerThread:3477102 [handler.py:handle_request_defer():141] handle defer: 4
2021-09-18 15:54:33,307 DEBUG   SenderThread:3477102 [sender.py:send_request():193] send_request: defer
2021-09-18 15:54:33,307 INFO    SenderThread:3477102 [sender.py:send_request_defer():304] handle sender defer: 4
2021-09-18 15:54:33,330 DEBUG   HandlerThread:3477102 [handler.py:handle_request():124] handle_request: poll_exit
2021-09-18 15:54:33,392 INFO    SenderThread:3477102 [sender.py:transition_state():308] send defer: 5
2021-09-18 15:54:33,392 DEBUG   SenderThread:3477102 [sender.py:send_request():193] send_request: poll_exit
2021-09-18 15:54:33,393 DEBUG   HandlerThread:3477102 [handler.py:handle_request():124] handle_request: defer
2021-09-18 15:54:33,393 INFO    HandlerThread:3477102 [handler.py:handle_request_defer():141] handle defer: 5
2021-09-18 15:54:33,393 DEBUG   SenderThread:3477102 [sender.py:send_request():193] send_request: defer
2021-09-18 15:54:33,393 INFO    SenderThread:3477102 [sender.py:send_request_defer():304] handle sender defer: 5
2021-09-18 15:54:33,393 INFO    SenderThread:3477102 [dir_watcher.py:finish():282] shutting down directory watcher
2021-09-18 15:54:33,494 DEBUG   HandlerThread:3477102 [handler.py:handle_request():124] handle_request: poll_exit
2021-09-18 15:54:34,278 INFO    SenderThread:3477102 [dir_watcher.py:_on_file_modified():229] file/dir modified: /grid/koo/home/toneyan/profile/QuantPred/wandb/run-20210918_155353-8gisj73d/files/config.yaml
2021-09-18 15:54:34,278 INFO    SenderThread:3477102 [dir_watcher.py:_on_file_modified():229] file/dir modified: /grid/koo/home/toneyan/profile/QuantPred/wandb/run-20210918_155353-8gisj73d/files/wandb-summary.json
2021-09-18 15:54:34,278 INFO    SenderThread:3477102 [dir_watcher.py:finish():312] scan: /grid/koo/home/toneyan/profile/QuantPred/wandb/run-20210918_155353-8gisj73d/files
2021-09-18 15:54:34,278 INFO    SenderThread:3477102 [dir_watcher.py:finish():318] scan save: /grid/koo/home/toneyan/profile/QuantPred/wandb/run-20210918_155353-8gisj73d/files/wandb-metadata.json wandb-metadata.json
2021-09-18 15:54:34,278 INFO    SenderThread:3477102 [dir_watcher.py:finish():318] scan save: /grid/koo/home/toneyan/profile/QuantPred/wandb/run-20210918_155353-8gisj73d/files/config.yaml config.yaml
2021-09-18 15:54:34,278 INFO    SenderThread:3477102 [dir_watcher.py:finish():318] scan save: /grid/koo/home/toneyan/profile/QuantPred/wandb/run-20210918_155353-8gisj73d/files/requirements.txt requirements.txt
2021-09-18 15:54:34,279 INFO    SenderThread:3477102 [dir_watcher.py:finish():318] scan save: /grid/koo/home/toneyan/profile/QuantPred/wandb/run-20210918_155353-8gisj73d/files/wandb-summary.json wandb-summary.json
2021-09-18 15:54:34,282 INFO    SenderThread:3477102 [dir_watcher.py:finish():318] scan save: /grid/koo/home/toneyan/profile/QuantPred/wandb/run-20210918_155353-8gisj73d/files/output.log output.log
2021-09-18 15:54:34,286 INFO    SenderThread:3477102 [sender.py:transition_state():308] send defer: 6
2021-09-18 15:54:34,286 DEBUG   SenderThread:3477102 [sender.py:send_request():193] send_request: poll_exit
2021-09-18 15:54:34,292 DEBUG   HandlerThread:3477102 [handler.py:handle_request():124] handle_request: defer
2021-09-18 15:54:34,292 INFO    HandlerThread:3477102 [handler.py:handle_request_defer():141] handle defer: 6
2021-09-18 15:54:34,292 DEBUG   SenderThread:3477102 [sender.py:send_request():193] send_request: defer
2021-09-18 15:54:34,292 INFO    SenderThread:3477102 [sender.py:send_request_defer():304] handle sender defer: 6
2021-09-18 15:54:34,292 INFO    SenderThread:3477102 [file_pusher.py:finish():177] shutting down file pusher
2021-09-18 15:54:34,393 DEBUG   HandlerThread:3477102 [handler.py:handle_request():124] handle_request: poll_exit
2021-09-18 15:54:34,393 DEBUG   SenderThread:3477102 [sender.py:send_request():193] send_request: poll_exit
2021-09-18 15:54:34,495 DEBUG   HandlerThread:3477102 [handler.py:handle_request():124] handle_request: poll_exit
2021-09-18 15:54:34,496 DEBUG   SenderThread:3477102 [sender.py:send_request():193] send_request: poll_exit
2021-09-18 15:54:34,598 DEBUG   HandlerThread:3477102 [handler.py:handle_request():124] handle_request: poll_exit
2021-09-18 15:54:34,598 DEBUG   SenderThread:3477102 [sender.py:send_request():193] send_request: poll_exit
2021-09-18 15:54:34,603 INFO    Thread-12 :3477102 [upload_job.py:push():137] Uploaded file /grid/koo/home/toneyan/profile/QuantPred/wandb/run-20210918_155353-8gisj73d/files/config.yaml
2021-09-18 15:54:34,671 INFO    Thread-14 :3477102 [upload_job.py:push():137] Uploaded file /grid/koo/home/toneyan/profile/QuantPred/wandb/run-20210918_155353-8gisj73d/files/wandb-summary.json
2021-09-18 15:54:34,700 DEBUG   HandlerThread:3477102 [handler.py:handle_request():124] handle_request: poll_exit
2021-09-18 15:54:34,701 DEBUG   SenderThread:3477102 [sender.py:send_request():193] send_request: poll_exit
2021-09-18 15:54:34,725 INFO    Thread-13 :3477102 [upload_job.py:push():137] Uploaded file /grid/koo/home/toneyan/profile/QuantPred/wandb/run-20210918_155353-8gisj73d/files/requirements.txt
2021-09-18 15:54:34,803 DEBUG   HandlerThread:3477102 [handler.py:handle_request():124] handle_request: poll_exit
2021-09-18 15:54:34,803 DEBUG   SenderThread:3477102 [sender.py:send_request():193] send_request: poll_exit
2021-09-18 15:54:34,905 DEBUG   HandlerThread:3477102 [handler.py:handle_request():124] handle_request: poll_exit
2021-09-18 15:54:34,905 DEBUG   SenderThread:3477102 [sender.py:send_request():193] send_request: poll_exit
2021-09-18 15:54:34,925 INFO    Thread-7  :3477102 [sender.py:transition_state():308] send defer: 7
2021-09-18 15:54:34,926 DEBUG   HandlerThread:3477102 [handler.py:handle_request():124] handle_request: defer
2021-09-18 15:54:34,926 INFO    HandlerThread:3477102 [handler.py:handle_request_defer():141] handle defer: 7
2021-09-18 15:54:34,926 DEBUG   SenderThread:3477102 [sender.py:send_request():193] send_request: defer
2021-09-18 15:54:34,926 INFO    SenderThread:3477102 [sender.py:send_request_defer():304] handle sender defer: 7
2021-09-18 15:54:35,007 DEBUG   HandlerThread:3477102 [handler.py:handle_request():124] handle_request: poll_exit
2021-09-18 15:54:35,028 INFO    SenderThread:3477102 [sender.py:transition_state():308] send defer: 8
2021-09-18 15:54:35,028 DEBUG   SenderThread:3477102 [sender.py:send_request():193] send_request: poll_exit
2021-09-18 15:54:35,029 DEBUG   HandlerThread:3477102 [handler.py:handle_request():124] handle_request: defer
2021-09-18 15:54:35,029 INFO    HandlerThread:3477102 [handler.py:handle_request_defer():141] handle defer: 8
2021-09-18 15:54:35,029 DEBUG   SenderThread:3477102 [sender.py:send_request():193] send_request: defer
2021-09-18 15:54:35,029 INFO    SenderThread:3477102 [sender.py:send_request_defer():304] handle sender defer: 8
2021-09-18 15:54:35,029 INFO    SenderThread:3477102 [sender.py:transition_state():308] send defer: 9
2021-09-18 15:54:35,029 DEBUG   SenderThread:3477102 [sender.py:send():179] send: final
2021-09-18 15:54:35,030 DEBUG   HandlerThread:3477102 [handler.py:handle_request():124] handle_request: defer
2021-09-18 15:54:35,030 DEBUG   SenderThread:3477102 [sender.py:send():179] send: footer
2021-09-18 15:54:35,030 INFO    HandlerThread:3477102 [handler.py:handle_request_defer():141] handle defer: 9
2021-09-18 15:54:35,030 DEBUG   SenderThread:3477102 [sender.py:send_request():193] send_request: defer
2021-09-18 15:54:35,030 INFO    SenderThread:3477102 [sender.py:send_request_defer():304] handle sender defer: 9
2021-09-18 15:54:35,130 DEBUG   HandlerThread:3477102 [handler.py:handle_request():124] handle_request: poll_exit
2021-09-18 15:54:35,130 DEBUG   SenderThread:3477102 [sender.py:send_request():193] send_request: poll_exit
2021-09-18 15:54:35,131 INFO    SenderThread:3477102 [file_pusher.py:join():182] waiting for file pusher
2021-09-18 15:54:35,132 DEBUG   HandlerThread:3477102 [handler.py:handle_request():124] handle_request: get_summary
2021-09-18 15:54:35,132 DEBUG   HandlerThread:3477102 [handler.py:handle_request():124] handle_request: sampled_history
2021-09-18 15:54:35,133 DEBUG   HandlerThread:3477102 [handler.py:handle_request():124] handle_request: shutdown
2021-09-18 15:54:35,133 INFO    HandlerThread:3477102 [handler.py:finish():638] shutting down handler
2021-09-18 15:54:36,030 INFO    WriterThread:3477102 [datastore.py:close():288] close: /grid/koo/home/toneyan/profile/QuantPred/wandb/run-20210918_155353-8gisj73d/run-8gisj73d.wandb
2021-09-18 15:54:36,131 INFO    SenderThread:3477102 [sender.py:finish():945] shutting down sender
2021-09-18 15:54:36,131 INFO    SenderThread:3477102 [file_pusher.py:finish():177] shutting down file pusher
2021-09-18 15:54:36,131 INFO    SenderThread:3477102 [file_pusher.py:join():182] waiting for file pusher
2021-09-18 15:54:36,133 INFO    MainThread:3477102 [internal.py:handle_exit():78] Internal process exited
