2021-09-14 06:06:30,964 INFO    MainThread:1510892 [internal.py:wandb_internal():91] W&B internal server running at pid: 1510892, started at: 2021-09-14 06:06:30.963313
2021-09-14 06:06:30,966 DEBUG   HandlerThread:1510892 [handler.py:handle_request():124] handle_request: check_version
2021-09-14 06:06:30,966 INFO    WriterThread:1510892 [datastore.py:open_for_write():80] open: /grid/koo/home/toneyan/profile/QuantPred/wandb/run-20210914_060630-shly7pjb/run-shly7pjb.wandb
2021-09-14 06:06:30,968 DEBUG   SenderThread:1510892 [sender.py:send():179] send: header
2021-09-14 06:06:30,968 DEBUG   SenderThread:1510892 [sender.py:send_request():193] send_request: check_version
2021-09-14 06:06:30,998 DEBUG   SenderThread:1510892 [sender.py:send():179] send: run
2021-09-14 06:06:31,086 INFO    SenderThread:1510892 [dir_watcher.py:__init__():168] watching files in: /grid/koo/home/toneyan/profile/QuantPred/wandb/run-20210914_060630-shly7pjb/files
2021-09-14 06:06:31,086 INFO    SenderThread:1510892 [sender.py:_start_run_threads():719] run started: shly7pjb with start time 1631613990
2021-09-14 06:06:31,086 DEBUG   SenderThread:1510892 [sender.py:send():179] send: summary
2021-09-14 06:06:31,087 INFO    SenderThread:1510892 [sender.py:_save_file():841] saving file wandb-summary.json with policy end
2021-09-14 06:06:31,087 DEBUG   HandlerThread:1510892 [handler.py:handle_request():124] handle_request: run_start
2021-09-14 06:06:32,089 INFO    Thread-8  :1510892 [dir_watcher.py:_on_file_created():216] file/dir created: /grid/koo/home/toneyan/profile/QuantPred/wandb/run-20210914_060630-shly7pjb/files/wandb-summary.json
2021-09-14 06:06:32,297 DEBUG   HandlerThread:1510892 [meta.py:__init__():39] meta init
2021-09-14 06:06:32,297 DEBUG   HandlerThread:1510892 [meta.py:__init__():53] meta init done
2021-09-14 06:06:32,297 DEBUG   HandlerThread:1510892 [meta.py:probe():210] probe
2021-09-14 06:06:32,302 DEBUG   HandlerThread:1510892 [meta.py:_save_pip():57] save pip
2021-09-14 06:06:32,304 DEBUG   HandlerThread:1510892 [meta.py:_save_pip():71] save pip done
2021-09-14 06:06:32,304 DEBUG   HandlerThread:1510892 [meta.py:probe():252] probe done
2021-09-14 06:06:32,307 DEBUG   SenderThread:1510892 [sender.py:send():179] send: files
2021-09-14 06:06:32,307 INFO    SenderThread:1510892 [sender.py:_save_file():841] saving file wandb-metadata.json with policy now
2021-09-14 06:06:32,312 DEBUG   HandlerThread:1510892 [handler.py:handle_request():124] handle_request: stop_status
2021-09-14 06:06:32,313 DEBUG   SenderThread:1510892 [sender.py:send_request():193] send_request: stop_status
2021-09-14 06:06:32,657 INFO    Thread-11 :1510892 [upload_job.py:push():137] Uploaded file /tmp/3287115.1.gpu_ded.q/tmpp_e_kfmhwandb/3pu6wmdj-wandb-metadata.json
2021-09-14 06:06:33,088 INFO    Thread-8  :1510892 [dir_watcher.py:_on_file_created():216] file/dir created: /grid/koo/home/toneyan/profile/QuantPred/wandb/run-20210914_060630-shly7pjb/files/output.log
2021-09-14 06:06:33,088 INFO    Thread-8  :1510892 [dir_watcher.py:_on_file_created():216] file/dir created: /grid/koo/home/toneyan/profile/QuantPred/wandb/run-20210914_060630-shly7pjb/files/requirements.txt
2021-09-14 06:06:33,088 INFO    Thread-8  :1510892 [dir_watcher.py:_on_file_created():216] file/dir created: /grid/koo/home/toneyan/profile/QuantPred/wandb/run-20210914_060630-shly7pjb/files/wandb-metadata.json
2021-09-14 06:06:47,374 DEBUG   HandlerThread:1510892 [handler.py:handle_request():124] handle_request: stop_status
2021-09-14 06:06:47,374 DEBUG   SenderThread:1510892 [sender.py:send_request():193] send_request: stop_status
2021-09-14 06:07:00,720 DEBUG   SenderThread:1510892 [sender.py:send():179] send: stats
2021-09-14 06:07:02,435 DEBUG   HandlerThread:1510892 [handler.py:handle_request():124] handle_request: stop_status
2021-09-14 06:07:02,436 DEBUG   SenderThread:1510892 [sender.py:send_request():193] send_request: stop_status
2021-09-14 06:07:04,593 DEBUG   HandlerThread:1510892 [handler.py:handle_request():124] handle_request: poll_exit
2021-09-14 06:07:04,594 DEBUG   SenderThread:1510892 [sender.py:send():179] send: telemetry
2021-09-14 06:07:04,594 DEBUG   SenderThread:1510892 [sender.py:send():179] send: exit
2021-09-14 06:07:04,594 INFO    SenderThread:1510892 [sender.py:send_exit():287] handling exit code: 1
2021-09-14 06:07:04,594 INFO    SenderThread:1510892 [sender.py:send_exit():295] send defer
2021-09-14 06:07:04,594 DEBUG   SenderThread:1510892 [sender.py:send_request():193] send_request: poll_exit
2021-09-14 06:07:04,595 DEBUG   HandlerThread:1510892 [handler.py:handle_request():124] handle_request: defer
2021-09-14 06:07:04,595 INFO    HandlerThread:1510892 [handler.py:handle_request_defer():141] handle defer: 0
2021-09-14 06:07:04,595 DEBUG   SenderThread:1510892 [sender.py:send_request():193] send_request: defer
2021-09-14 06:07:04,595 INFO    SenderThread:1510892 [sender.py:send_request_defer():304] handle sender defer: 0
2021-09-14 06:07:04,595 INFO    SenderThread:1510892 [sender.py:transition_state():308] send defer: 1
2021-09-14 06:07:04,595 DEBUG   HandlerThread:1510892 [handler.py:handle_request():124] handle_request: defer
2021-09-14 06:07:04,595 INFO    HandlerThread:1510892 [handler.py:handle_request_defer():141] handle defer: 1
2021-09-14 06:07:04,669 DEBUG   SenderThread:1510892 [sender.py:send_request():193] send_request: defer
2021-09-14 06:07:04,669 INFO    SenderThread:1510892 [sender.py:send_request_defer():304] handle sender defer: 1
2021-09-14 06:07:04,669 INFO    SenderThread:1510892 [sender.py:transition_state():308] send defer: 2
2021-09-14 06:07:04,669 DEBUG   SenderThread:1510892 [sender.py:send():179] send: stats
2021-09-14 06:07:04,670 DEBUG   HandlerThread:1510892 [handler.py:handle_request():124] handle_request: defer
2021-09-14 06:07:04,672 INFO    HandlerThread:1510892 [handler.py:handle_request_defer():141] handle defer: 2
2021-09-14 06:07:04,672 DEBUG   SenderThread:1510892 [sender.py:send_request():193] send_request: defer
2021-09-14 06:07:04,672 INFO    SenderThread:1510892 [sender.py:send_request_defer():304] handle sender defer: 2
2021-09-14 06:07:04,672 INFO    SenderThread:1510892 [sender.py:transition_state():308] send defer: 3
2021-09-14 06:07:04,672 DEBUG   HandlerThread:1510892 [handler.py:handle_request():124] handle_request: defer
2021-09-14 06:07:04,672 INFO    HandlerThread:1510892 [handler.py:handle_request_defer():141] handle defer: 3
2021-09-14 06:07:04,672 DEBUG   SenderThread:1510892 [sender.py:send():179] send: summary
2021-09-14 06:07:04,673 INFO    SenderThread:1510892 [sender.py:_save_file():841] saving file wandb-summary.json with policy end
2021-09-14 06:07:04,673 DEBUG   SenderThread:1510892 [sender.py:send_request():193] send_request: defer
2021-09-14 06:07:04,673 INFO    SenderThread:1510892 [sender.py:send_request_defer():304] handle sender defer: 3
2021-09-14 06:07:04,673 INFO    SenderThread:1510892 [sender.py:transition_state():308] send defer: 4
2021-09-14 06:07:04,673 DEBUG   HandlerThread:1510892 [handler.py:handle_request():124] handle_request: defer
2021-09-14 06:07:04,673 INFO    HandlerThread:1510892 [handler.py:handle_request_defer():141] handle defer: 4
2021-09-14 06:07:04,673 DEBUG   SenderThread:1510892 [sender.py:send_request():193] send_request: defer
2021-09-14 06:07:04,673 INFO    SenderThread:1510892 [sender.py:send_request_defer():304] handle sender defer: 4
2021-09-14 06:07:04,696 DEBUG   HandlerThread:1510892 [handler.py:handle_request():124] handle_request: poll_exit
2021-09-14 06:07:04,750 INFO    SenderThread:1510892 [sender.py:transition_state():308] send defer: 5
2021-09-14 06:07:04,750 DEBUG   SenderThread:1510892 [sender.py:send_request():193] send_request: poll_exit
2021-09-14 06:07:04,750 DEBUG   HandlerThread:1510892 [handler.py:handle_request():124] handle_request: defer
2021-09-14 06:07:04,750 INFO    HandlerThread:1510892 [handler.py:handle_request_defer():141] handle defer: 5
2021-09-14 06:07:04,750 DEBUG   SenderThread:1510892 [sender.py:send_request():193] send_request: defer
2021-09-14 06:07:04,750 INFO    SenderThread:1510892 [sender.py:send_request_defer():304] handle sender defer: 5
2021-09-14 06:07:04,750 INFO    SenderThread:1510892 [dir_watcher.py:finish():282] shutting down directory watcher
2021-09-14 06:07:04,852 DEBUG   HandlerThread:1510892 [handler.py:handle_request():124] handle_request: poll_exit
2021-09-14 06:07:05,093 INFO    SenderThread:1510892 [dir_watcher.py:_on_file_modified():229] file/dir modified: /grid/koo/home/toneyan/profile/QuantPred/wandb/run-20210914_060630-shly7pjb/files/config.yaml
2021-09-14 06:07:05,093 INFO    SenderThread:1510892 [dir_watcher.py:_on_file_modified():229] file/dir modified: /grid/koo/home/toneyan/profile/QuantPred/wandb/run-20210914_060630-shly7pjb/files/wandb-summary.json
2021-09-14 06:07:05,094 INFO    SenderThread:1510892 [dir_watcher.py:finish():312] scan: /grid/koo/home/toneyan/profile/QuantPred/wandb/run-20210914_060630-shly7pjb/files
2021-09-14 06:07:05,094 INFO    SenderThread:1510892 [dir_watcher.py:finish():318] scan save: /grid/koo/home/toneyan/profile/QuantPred/wandb/run-20210914_060630-shly7pjb/files/wandb-metadata.json wandb-metadata.json
2021-09-14 06:07:05,094 INFO    SenderThread:1510892 [dir_watcher.py:finish():318] scan save: /grid/koo/home/toneyan/profile/QuantPred/wandb/run-20210914_060630-shly7pjb/files/config.yaml config.yaml
2021-09-14 06:07:05,094 INFO    SenderThread:1510892 [dir_watcher.py:finish():318] scan save: /grid/koo/home/toneyan/profile/QuantPred/wandb/run-20210914_060630-shly7pjb/files/requirements.txt requirements.txt
2021-09-14 06:07:05,094 INFO    SenderThread:1510892 [dir_watcher.py:finish():318] scan save: /grid/koo/home/toneyan/profile/QuantPred/wandb/run-20210914_060630-shly7pjb/files/wandb-summary.json wandb-summary.json
2021-09-14 06:07:05,097 INFO    SenderThread:1510892 [dir_watcher.py:finish():318] scan save: /grid/koo/home/toneyan/profile/QuantPred/wandb/run-20210914_060630-shly7pjb/files/output.log output.log
2021-09-14 06:07:05,100 INFO    SenderThread:1510892 [sender.py:transition_state():308] send defer: 6
2021-09-14 06:07:05,100 DEBUG   SenderThread:1510892 [sender.py:send_request():193] send_request: poll_exit
2021-09-14 06:07:05,105 DEBUG   HandlerThread:1510892 [handler.py:handle_request():124] handle_request: defer
2021-09-14 06:07:05,105 INFO    HandlerThread:1510892 [handler.py:handle_request_defer():141] handle defer: 6
2021-09-14 06:07:05,106 DEBUG   SenderThread:1510892 [sender.py:send_request():193] send_request: defer
2021-09-14 06:07:05,106 INFO    SenderThread:1510892 [sender.py:send_request_defer():304] handle sender defer: 6
2021-09-14 06:07:05,106 INFO    SenderThread:1510892 [file_pusher.py:finish():177] shutting down file pusher
2021-09-14 06:07:05,206 DEBUG   HandlerThread:1510892 [handler.py:handle_request():124] handle_request: poll_exit
2021-09-14 06:07:05,207 DEBUG   SenderThread:1510892 [sender.py:send_request():193] send_request: poll_exit
2021-09-14 06:07:05,308 DEBUG   HandlerThread:1510892 [handler.py:handle_request():124] handle_request: poll_exit
2021-09-14 06:07:05,309 DEBUG   SenderThread:1510892 [sender.py:send_request():193] send_request: poll_exit
2021-09-14 06:07:05,410 DEBUG   HandlerThread:1510892 [handler.py:handle_request():124] handle_request: poll_exit
2021-09-14 06:07:05,411 DEBUG   SenderThread:1510892 [sender.py:send_request():193] send_request: poll_exit
2021-09-14 06:07:05,442 INFO    Thread-12 :1510892 [upload_job.py:push():137] Uploaded file /grid/koo/home/toneyan/profile/QuantPred/wandb/run-20210914_060630-shly7pjb/files/config.yaml
2021-09-14 06:07:05,472 INFO    Thread-13 :1510892 [upload_job.py:push():137] Uploaded file /grid/koo/home/toneyan/profile/QuantPred/wandb/run-20210914_060630-shly7pjb/files/requirements.txt
2021-09-14 06:07:05,480 INFO    Thread-14 :1510892 [upload_job.py:push():137] Uploaded file /grid/koo/home/toneyan/profile/QuantPred/wandb/run-20210914_060630-shly7pjb/files/wandb-summary.json
2021-09-14 06:07:05,512 DEBUG   HandlerThread:1510892 [handler.py:handle_request():124] handle_request: poll_exit
2021-09-14 06:07:05,513 DEBUG   SenderThread:1510892 [sender.py:send_request():193] send_request: poll_exit
2021-09-14 06:07:05,614 DEBUG   HandlerThread:1510892 [handler.py:handle_request():124] handle_request: poll_exit
2021-09-14 06:07:05,615 DEBUG   SenderThread:1510892 [sender.py:send_request():193] send_request: poll_exit
2021-09-14 06:07:05,681 INFO    Thread-7  :1510892 [sender.py:transition_state():308] send defer: 7
2021-09-14 06:07:05,681 DEBUG   HandlerThread:1510892 [handler.py:handle_request():124] handle_request: defer
2021-09-14 06:07:05,681 INFO    HandlerThread:1510892 [handler.py:handle_request_defer():141] handle defer: 7
2021-09-14 06:07:05,682 DEBUG   SenderThread:1510892 [sender.py:send_request():193] send_request: defer
2021-09-14 06:07:05,682 INFO    SenderThread:1510892 [sender.py:send_request_defer():304] handle sender defer: 7
2021-09-14 06:07:05,716 DEBUG   HandlerThread:1510892 [handler.py:handle_request():124] handle_request: poll_exit
2021-09-14 06:07:05,839 INFO    SenderThread:1510892 [sender.py:transition_state():308] send defer: 8
2021-09-14 06:07:05,839 DEBUG   SenderThread:1510892 [sender.py:send_request():193] send_request: poll_exit
2021-09-14 06:07:05,839 DEBUG   HandlerThread:1510892 [handler.py:handle_request():124] handle_request: defer
2021-09-14 06:07:05,839 INFO    HandlerThread:1510892 [handler.py:handle_request_defer():141] handle defer: 8
2021-09-14 06:07:05,840 DEBUG   SenderThread:1510892 [sender.py:send_request():193] send_request: defer
2021-09-14 06:07:05,840 INFO    SenderThread:1510892 [sender.py:send_request_defer():304] handle sender defer: 8
2021-09-14 06:07:05,840 INFO    SenderThread:1510892 [sender.py:transition_state():308] send defer: 9
2021-09-14 06:07:05,840 DEBUG   SenderThread:1510892 [sender.py:send():179] send: final
2021-09-14 06:07:05,840 DEBUG   HandlerThread:1510892 [handler.py:handle_request():124] handle_request: defer
2021-09-14 06:07:05,840 DEBUG   SenderThread:1510892 [sender.py:send():179] send: footer
2021-09-14 06:07:05,840 INFO    HandlerThread:1510892 [handler.py:handle_request_defer():141] handle defer: 9
2021-09-14 06:07:05,840 DEBUG   SenderThread:1510892 [sender.py:send_request():193] send_request: defer
2021-09-14 06:07:05,840 INFO    SenderThread:1510892 [sender.py:send_request_defer():304] handle sender defer: 9
2021-09-14 06:07:05,941 DEBUG   HandlerThread:1510892 [handler.py:handle_request():124] handle_request: poll_exit
2021-09-14 06:07:05,941 DEBUG   SenderThread:1510892 [sender.py:send_request():193] send_request: poll_exit
2021-09-14 06:07:05,941 INFO    SenderThread:1510892 [file_pusher.py:join():182] waiting for file pusher
2021-09-14 06:07:05,942 DEBUG   HandlerThread:1510892 [handler.py:handle_request():124] handle_request: get_summary
2021-09-14 06:07:05,943 DEBUG   HandlerThread:1510892 [handler.py:handle_request():124] handle_request: sampled_history
2021-09-14 06:07:05,943 DEBUG   HandlerThread:1510892 [handler.py:handle_request():124] handle_request: shutdown
2021-09-14 06:07:05,943 INFO    HandlerThread:1510892 [handler.py:finish():638] shutting down handler
2021-09-14 06:07:06,840 INFO    WriterThread:1510892 [datastore.py:close():288] close: /grid/koo/home/toneyan/profile/QuantPred/wandb/run-20210914_060630-shly7pjb/run-shly7pjb.wandb
2021-09-14 06:07:06,941 INFO    SenderThread:1510892 [sender.py:finish():945] shutting down sender
2021-09-14 06:07:06,942 INFO    SenderThread:1510892 [file_pusher.py:finish():177] shutting down file pusher
2021-09-14 06:07:06,942 INFO    SenderThread:1510892 [file_pusher.py:join():182] waiting for file pusher
2021-09-14 06:07:06,943 INFO    MainThread:1510892 [internal.py:handle_exit():78] Internal process exited
