2021-09-18 23:29:19,849 INFO    MainThread:365404 [internal.py:wandb_internal():91] W&B internal server running at pid: 365404, started at: 2021-09-18 23:29:19.848750
2021-09-18 23:29:19,850 DEBUG   HandlerThread:365404 [handler.py:handle_request():124] handle_request: check_version
2021-09-18 23:29:19,850 INFO    WriterThread:365404 [datastore.py:open_for_write():80] open: /grid/koo/home/toneyan/profile/QuantPred/wandb/run-20210918_232919-f72uawc5/run-f72uawc5.wandb
2021-09-18 23:29:19,852 DEBUG   SenderThread:365404 [sender.py:send():179] send: header
2021-09-18 23:29:19,852 DEBUG   SenderThread:365404 [sender.py:send_request():193] send_request: check_version
2021-09-18 23:29:19,914 DEBUG   SenderThread:365404 [sender.py:send():179] send: run
2021-09-18 23:29:19,974 ERROR   SenderThread:365404 [internal_api.py:execute():130] 429 response executing GraphQL.
2021-09-18 23:29:19,974 ERROR   SenderThread:365404 [internal_api.py:execute():131] {"error":"rate limit exceeded"}

2021-09-18 23:29:21,073 ERROR   SenderThread:365404 [internal_api.py:execute():130] 429 response executing GraphQL.
2021-09-18 23:29:21,073 ERROR   SenderThread:365404 [internal_api.py:execute():131] {"error":"rate limit exceeded"}

2021-09-18 23:29:23,612 ERROR   SenderThread:365404 [internal_api.py:execute():130] 429 response executing GraphQL.
2021-09-18 23:29:23,613 ERROR   SenderThread:365404 [internal_api.py:execute():131] {"error":"rate limit exceeded"}

2021-09-18 23:29:23,613 ERROR   SenderThread:365404 [retry.py:__call__():126] Retry attempt failed:
Traceback (most recent call last):
  File "/usr/local/lib/python3.6/dist-packages/wandb/sdk/lib/retry.py", line 102, in __call__
    result = self._call_fn(*args, **kwargs)
  File "/usr/local/lib/python3.6/dist-packages/wandb/sdk/internal/internal_api.py", line 133, in execute
    six.reraise(*sys.exc_info())
  File "/usr/local/lib/python3.6/dist-packages/six.py", line 719, in reraise
    raise value
  File "/usr/local/lib/python3.6/dist-packages/wandb/sdk/internal/internal_api.py", line 127, in execute
    return self.client.execute(*args, **kwargs)
  File "/usr/local/lib/python3.6/dist-packages/wandb/vendor/gql-0.2.0/gql/client.py", line 52, in execute
    result = self._get_result(document, *args, **kwargs)
  File "/usr/local/lib/python3.6/dist-packages/wandb/vendor/gql-0.2.0/gql/client.py", line 60, in _get_result
    return self.transport.execute(document, *args, **kwargs)
  File "/usr/local/lib/python3.6/dist-packages/wandb/vendor/gql-0.2.0/gql/transport/requests.py", line 39, in execute
    request.raise_for_status()
  File "/usr/local/lib/python3.6/dist-packages/requests/models.py", line 943, in raise_for_status
    raise HTTPError(http_error_msg, response=self)
requests.exceptions.HTTPError: 429 Client Error: Too Many Requests for url: https://api.wandb.ai/graphql
2021-09-18 23:29:28,467 ERROR   SenderThread:365404 [internal_api.py:execute():130] 429 response executing GraphQL.
2021-09-18 23:29:28,468 ERROR   SenderThread:365404 [internal_api.py:execute():131] {"error":"rate limit exceeded"}

2021-09-18 23:29:37,515 INFO    SenderThread:365404 [dir_watcher.py:__init__():168] watching files in: /grid/koo/home/toneyan/profile/QuantPred/wandb/run-20210918_232919-f72uawc5/files
2021-09-18 23:29:37,515 INFO    SenderThread:365404 [sender.py:_start_run_threads():719] run started: f72uawc5 with start time 1632022159
2021-09-18 23:29:37,515 DEBUG   SenderThread:365404 [sender.py:send():179] send: summary
2021-09-18 23:29:37,516 INFO    SenderThread:365404 [sender.py:_save_file():841] saving file wandb-summary.json with policy end
2021-09-18 23:29:37,517 DEBUG   HandlerThread:365404 [handler.py:handle_request():124] handle_request: run_start
2021-09-18 23:29:38,516 INFO    Thread-8  :365404 [dir_watcher.py:_on_file_created():216] file/dir created: /grid/koo/home/toneyan/profile/QuantPred/wandb/run-20210918_232919-f72uawc5/files/wandb-summary.json
2021-09-18 23:29:38,532 DEBUG   HandlerThread:365404 [meta.py:__init__():39] meta init
2021-09-18 23:29:38,532 DEBUG   HandlerThread:365404 [meta.py:__init__():53] meta init done
2021-09-18 23:29:38,532 DEBUG   HandlerThread:365404 [meta.py:probe():210] probe
2021-09-18 23:29:38,538 DEBUG   HandlerThread:365404 [meta.py:_save_pip():57] save pip
2021-09-18 23:29:38,539 DEBUG   HandlerThread:365404 [meta.py:_save_pip():71] save pip done
2021-09-18 23:29:38,539 DEBUG   HandlerThread:365404 [meta.py:probe():252] probe done
2021-09-18 23:29:38,543 DEBUG   SenderThread:365404 [sender.py:send():179] send: files
2021-09-18 23:29:38,543 INFO    SenderThread:365404 [sender.py:_save_file():841] saving file wandb-metadata.json with policy now
2021-09-18 23:29:38,560 DEBUG   HandlerThread:365404 [handler.py:handle_request():124] handle_request: stop_status
2021-09-18 23:29:38,560 DEBUG   SenderThread:365404 [sender.py:send_request():193] send_request: stop_status
2021-09-18 23:29:38,876 INFO    Thread-11 :365404 [upload_job.py:push():137] Uploaded file /tmp/3288840.1.gpu_ded.q/tmpsfsh5r4ewandb/3kymkhet-wandb-metadata.json
2021-09-18 23:29:39,516 INFO    Thread-8  :365404 [dir_watcher.py:_on_file_created():216] file/dir created: /grid/koo/home/toneyan/profile/QuantPred/wandb/run-20210918_232919-f72uawc5/files/wandb-metadata.json
2021-09-18 23:29:39,516 INFO    Thread-8  :365404 [dir_watcher.py:_on_file_created():216] file/dir created: /grid/koo/home/toneyan/profile/QuantPred/wandb/run-20210918_232919-f72uawc5/files/output.log
2021-09-18 23:29:39,516 INFO    Thread-8  :365404 [dir_watcher.py:_on_file_created():216] file/dir created: /grid/koo/home/toneyan/profile/QuantPred/wandb/run-20210918_232919-f72uawc5/files/requirements.txt
2021-09-18 23:29:53,624 DEBUG   HandlerThread:365404 [handler.py:handle_request():124] handle_request: stop_status
2021-09-18 23:29:53,624 DEBUG   SenderThread:365404 [sender.py:send_request():193] send_request: stop_status
2021-09-18 23:29:53,691 ERROR   SenderThread:365404 [internal_api.py:execute():130] 429 response executing GraphQL.
2021-09-18 23:29:53,691 ERROR   SenderThread:365404 [internal_api.py:execute():131] {"error":"rate limit exceeded"}

2021-09-18 23:29:54,787 ERROR   SenderThread:365404 [internal_api.py:execute():130] 429 response executing GraphQL.
2021-09-18 23:29:54,787 ERROR   SenderThread:365404 [internal_api.py:execute():131] {"error":"rate limit exceeded"}

2021-09-18 23:29:57,277 ERROR   SenderThread:365404 [internal_api.py:execute():130] 429 response executing GraphQL.
2021-09-18 23:29:57,277 ERROR   SenderThread:365404 [internal_api.py:execute():131] {"error":"rate limit exceeded"}

2021-09-18 23:29:57,277 ERROR   SenderThread:365404 [retry.py:__call__():126] Retry attempt failed:
Traceback (most recent call last):
  File "/usr/local/lib/python3.6/dist-packages/wandb/sdk/lib/retry.py", line 102, in __call__
    result = self._call_fn(*args, **kwargs)
  File "/usr/local/lib/python3.6/dist-packages/wandb/sdk/internal/internal_api.py", line 133, in execute
    six.reraise(*sys.exc_info())
  File "/usr/local/lib/python3.6/dist-packages/six.py", line 719, in reraise
    raise value
  File "/usr/local/lib/python3.6/dist-packages/wandb/sdk/internal/internal_api.py", line 127, in execute
    return self.client.execute(*args, **kwargs)
  File "/usr/local/lib/python3.6/dist-packages/wandb/vendor/gql-0.2.0/gql/client.py", line 52, in execute
    result = self._get_result(document, *args, **kwargs)
  File "/usr/local/lib/python3.6/dist-packages/wandb/vendor/gql-0.2.0/gql/client.py", line 60, in _get_result
    return self.transport.execute(document, *args, **kwargs)
  File "/usr/local/lib/python3.6/dist-packages/wandb/vendor/gql-0.2.0/gql/transport/requests.py", line 39, in execute
    request.raise_for_status()
  File "/usr/local/lib/python3.6/dist-packages/requests/models.py", line 943, in raise_for_status
    raise HTTPError(http_error_msg, response=self)
requests.exceptions.HTTPError: 429 Client Error: Too Many Requests for url: https://api.wandb.ai/graphql
2021-09-18 23:30:06,892 DEBUG   SenderThread:365404 [sender.py:send():179] send: stats
2021-09-18 23:30:09,456 DEBUG   HandlerThread:365404 [handler.py:handle_request():124] handle_request: poll_exit
2021-09-18 23:30:09,457 DEBUG   SenderThread:365404 [sender.py:send():179] send: telemetry
2021-09-18 23:30:09,457 DEBUG   SenderThread:365404 [sender.py:send():179] send: exit
2021-09-18 23:30:09,457 INFO    SenderThread:365404 [sender.py:send_exit():287] handling exit code: 1
2021-09-18 23:30:09,457 INFO    SenderThread:365404 [sender.py:send_exit():295] send defer
2021-09-18 23:30:09,457 DEBUG   SenderThread:365404 [sender.py:send_request():193] send_request: poll_exit
2021-09-18 23:30:09,457 DEBUG   HandlerThread:365404 [handler.py:handle_request():124] handle_request: defer
2021-09-18 23:30:09,458 INFO    HandlerThread:365404 [handler.py:handle_request_defer():141] handle defer: 0
2021-09-18 23:30:09,458 DEBUG   SenderThread:365404 [sender.py:send_request():193] send_request: defer
2021-09-18 23:30:09,458 INFO    SenderThread:365404 [sender.py:send_request_defer():304] handle sender defer: 0
2021-09-18 23:30:09,458 INFO    SenderThread:365404 [sender.py:transition_state():308] send defer: 1
2021-09-18 23:30:09,458 DEBUG   HandlerThread:365404 [handler.py:handle_request():124] handle_request: defer
2021-09-18 23:30:09,458 INFO    HandlerThread:365404 [handler.py:handle_request_defer():141] handle defer: 1
2021-09-18 23:30:09,534 DEBUG   SenderThread:365404 [sender.py:send_request():193] send_request: defer
2021-09-18 23:30:09,534 INFO    SenderThread:365404 [sender.py:send_request_defer():304] handle sender defer: 1
2021-09-18 23:30:09,534 INFO    SenderThread:365404 [sender.py:transition_state():308] send defer: 2
2021-09-18 23:30:09,534 DEBUG   SenderThread:365404 [sender.py:send():179] send: stats
2021-09-18 23:30:09,535 DEBUG   HandlerThread:365404 [handler.py:handle_request():124] handle_request: defer
2021-09-18 23:30:09,536 INFO    HandlerThread:365404 [handler.py:handle_request_defer():141] handle defer: 2
2021-09-18 23:30:09,536 DEBUG   SenderThread:365404 [sender.py:send_request():193] send_request: defer
2021-09-18 23:30:09,537 INFO    SenderThread:365404 [sender.py:send_request_defer():304] handle sender defer: 2
2021-09-18 23:30:09,537 INFO    SenderThread:365404 [sender.py:transition_state():308] send defer: 3
2021-09-18 23:30:09,537 DEBUG   HandlerThread:365404 [handler.py:handle_request():124] handle_request: defer
2021-09-18 23:30:09,537 INFO    HandlerThread:365404 [handler.py:handle_request_defer():141] handle defer: 3
2021-09-18 23:30:09,537 DEBUG   SenderThread:365404 [sender.py:send():179] send: summary
2021-09-18 23:30:09,537 INFO    SenderThread:365404 [sender.py:_save_file():841] saving file wandb-summary.json with policy end
2021-09-18 23:30:09,537 DEBUG   SenderThread:365404 [sender.py:send_request():193] send_request: defer
2021-09-18 23:30:09,537 INFO    SenderThread:365404 [sender.py:send_request_defer():304] handle sender defer: 3
2021-09-18 23:30:09,537 INFO    SenderThread:365404 [sender.py:transition_state():308] send defer: 4
2021-09-18 23:30:09,538 DEBUG   HandlerThread:365404 [handler.py:handle_request():124] handle_request: defer
2021-09-18 23:30:09,538 INFO    HandlerThread:365404 [handler.py:handle_request_defer():141] handle defer: 4
2021-09-18 23:30:09,538 DEBUG   SenderThread:365404 [sender.py:send_request():193] send_request: defer
2021-09-18 23:30:09,538 INFO    SenderThread:365404 [sender.py:send_request_defer():304] handle sender defer: 4
2021-09-18 23:30:09,558 DEBUG   HandlerThread:365404 [handler.py:handle_request():124] handle_request: poll_exit
2021-09-18 23:30:09,593 ERROR   SenderThread:365404 [internal_api.py:execute():130] 429 response executing GraphQL.
2021-09-18 23:30:09,593 ERROR   SenderThread:365404 [internal_api.py:execute():131] {"error":"rate limit exceeded"}

2021-09-18 23:30:10,525 INFO    Thread-8  :365404 [dir_watcher.py:_on_file_modified():229] file/dir modified: /grid/koo/home/toneyan/profile/QuantPred/wandb/run-20210918_232919-f72uawc5/files/wandb-summary.json
2021-09-18 23:30:10,813 ERROR   SenderThread:365404 [internal_api.py:execute():130] 429 response executing GraphQL.
2021-09-18 23:30:10,813 ERROR   SenderThread:365404 [internal_api.py:execute():131] {"error":"rate limit exceeded"}

2021-09-18 23:30:13,164 ERROR   SenderThread:365404 [internal_api.py:execute():130] 429 response executing GraphQL.
2021-09-18 23:30:13,164 ERROR   SenderThread:365404 [internal_api.py:execute():131] {"error":"rate limit exceeded"}

2021-09-18 23:30:13,164 ERROR   SenderThread:365404 [retry.py:__call__():126] Retry attempt failed:
Traceback (most recent call last):
  File "/usr/local/lib/python3.6/dist-packages/wandb/sdk/lib/retry.py", line 102, in __call__
    result = self._call_fn(*args, **kwargs)
  File "/usr/local/lib/python3.6/dist-packages/wandb/sdk/internal/internal_api.py", line 133, in execute
    six.reraise(*sys.exc_info())
  File "/usr/local/lib/python3.6/dist-packages/six.py", line 719, in reraise
    raise value
  File "/usr/local/lib/python3.6/dist-packages/wandb/sdk/internal/internal_api.py", line 127, in execute
    return self.client.execute(*args, **kwargs)
  File "/usr/local/lib/python3.6/dist-packages/wandb/vendor/gql-0.2.0/gql/client.py", line 52, in execute
    result = self._get_result(document, *args, **kwargs)
  File "/usr/local/lib/python3.6/dist-packages/wandb/vendor/gql-0.2.0/gql/client.py", line 60, in _get_result
    return self.transport.execute(document, *args, **kwargs)
  File "/usr/local/lib/python3.6/dist-packages/wandb/vendor/gql-0.2.0/gql/transport/requests.py", line 39, in execute
    request.raise_for_status()
  File "/usr/local/lib/python3.6/dist-packages/requests/models.py", line 943, in raise_for_status
    raise HTTPError(http_error_msg, response=self)
requests.exceptions.HTTPError: 429 Client Error: Too Many Requests for url: https://api.wandb.ai/graphql
2021-09-18 23:30:14,659 DEBUG   HandlerThread:365404 [handler.py:handle_request():124] handle_request: poll_exit
2021-09-18 23:30:18,023 INFO    SenderThread:365404 [sender.py:transition_state():308] send defer: 5
2021-09-18 23:30:18,024 DEBUG   SenderThread:365404 [sender.py:send_request():193] send_request: poll_exit
2021-09-18 23:30:18,024 DEBUG   SenderThread:365404 [sender.py:send_request():193] send_request: poll_exit
2021-09-18 23:30:18,024 DEBUG   HandlerThread:365404 [handler.py:handle_request():124] handle_request: defer
2021-09-18 23:30:18,024 INFO    HandlerThread:365404 [handler.py:handle_request_defer():141] handle defer: 5
2021-09-18 23:30:18,024 DEBUG   SenderThread:365404 [sender.py:send_request():193] send_request: defer
2021-09-18 23:30:18,025 INFO    SenderThread:365404 [sender.py:send_request_defer():304] handle sender defer: 5
2021-09-18 23:30:18,025 INFO    SenderThread:365404 [dir_watcher.py:finish():282] shutting down directory watcher
2021-09-18 23:30:18,129 DEBUG   HandlerThread:365404 [handler.py:handle_request():124] handle_request: poll_exit
2021-09-18 23:30:18,527 INFO    SenderThread:365404 [dir_watcher.py:_on_file_modified():229] file/dir modified: /grid/koo/home/toneyan/profile/QuantPred/wandb/run-20210918_232919-f72uawc5/files/config.yaml
2021-09-18 23:30:18,527 INFO    SenderThread:365404 [dir_watcher.py:finish():312] scan: /grid/koo/home/toneyan/profile/QuantPred/wandb/run-20210918_232919-f72uawc5/files
2021-09-18 23:30:18,527 INFO    SenderThread:365404 [dir_watcher.py:finish():318] scan save: /grid/koo/home/toneyan/profile/QuantPred/wandb/run-20210918_232919-f72uawc5/files/wandb-metadata.json wandb-metadata.json
2021-09-18 23:30:18,527 INFO    SenderThread:365404 [dir_watcher.py:finish():318] scan save: /grid/koo/home/toneyan/profile/QuantPred/wandb/run-20210918_232919-f72uawc5/files/config.yaml config.yaml
2021-09-18 23:30:18,527 INFO    SenderThread:365404 [dir_watcher.py:finish():318] scan save: /grid/koo/home/toneyan/profile/QuantPred/wandb/run-20210918_232919-f72uawc5/files/requirements.txt requirements.txt
2021-09-18 23:30:18,527 INFO    SenderThread:365404 [dir_watcher.py:finish():318] scan save: /grid/koo/home/toneyan/profile/QuantPred/wandb/run-20210918_232919-f72uawc5/files/wandb-summary.json wandb-summary.json
2021-09-18 23:30:18,527 INFO    SenderThread:365404 [dir_watcher.py:finish():318] scan save: /grid/koo/home/toneyan/profile/QuantPred/wandb/run-20210918_232919-f72uawc5/files/output.log output.log
2021-09-18 23:30:18,530 INFO    SenderThread:365404 [sender.py:transition_state():308] send defer: 6
2021-09-18 23:30:18,530 DEBUG   SenderThread:365404 [sender.py:send_request():193] send_request: poll_exit
2021-09-18 23:30:18,538 DEBUG   HandlerThread:365404 [handler.py:handle_request():124] handle_request: defer
2021-09-18 23:30:18,539 INFO    HandlerThread:365404 [handler.py:handle_request_defer():141] handle defer: 6
2021-09-18 23:30:18,539 DEBUG   SenderThread:365404 [sender.py:send_request():193] send_request: defer
2021-09-18 23:30:18,539 INFO    SenderThread:365404 [sender.py:send_request_defer():304] handle sender defer: 6
2021-09-18 23:30:18,539 INFO    SenderThread:365404 [file_pusher.py:finish():177] shutting down file pusher
2021-09-18 23:30:18,639 DEBUG   HandlerThread:365404 [handler.py:handle_request():124] handle_request: poll_exit
2021-09-18 23:30:18,639 DEBUG   SenderThread:365404 [sender.py:send_request():193] send_request: poll_exit
2021-09-18 23:30:18,741 DEBUG   HandlerThread:365404 [handler.py:handle_request():124] handle_request: poll_exit
2021-09-18 23:30:18,741 DEBUG   SenderThread:365404 [sender.py:send_request():193] send_request: poll_exit
2021-09-18 23:30:18,831 INFO    Thread-13 :365404 [upload_job.py:push():137] Uploaded file /grid/koo/home/toneyan/profile/QuantPred/wandb/run-20210918_232919-f72uawc5/files/requirements.txt
2021-09-18 23:30:18,842 DEBUG   HandlerThread:365404 [handler.py:handle_request():124] handle_request: poll_exit
2021-09-18 23:30:18,842 DEBUG   SenderThread:365404 [sender.py:send_request():193] send_request: poll_exit
2021-09-18 23:30:18,869 INFO    Thread-14 :365404 [upload_job.py:push():137] Uploaded file /grid/koo/home/toneyan/profile/QuantPred/wandb/run-20210918_232919-f72uawc5/files/wandb-summary.json
2021-09-18 23:30:18,906 INFO    Thread-12 :365404 [upload_job.py:push():137] Uploaded file /grid/koo/home/toneyan/profile/QuantPred/wandb/run-20210918_232919-f72uawc5/files/config.yaml
2021-09-18 23:30:18,943 DEBUG   HandlerThread:365404 [handler.py:handle_request():124] handle_request: poll_exit
2021-09-18 23:30:18,944 DEBUG   SenderThread:365404 [sender.py:send_request():193] send_request: poll_exit
2021-09-18 23:30:19,046 DEBUG   HandlerThread:365404 [handler.py:handle_request():124] handle_request: poll_exit
2021-09-18 23:30:19,046 DEBUG   SenderThread:365404 [sender.py:send_request():193] send_request: poll_exit
2021-09-18 23:30:19,106 INFO    Thread-7  :365404 [sender.py:transition_state():308] send defer: 7
2021-09-18 23:30:19,107 DEBUG   HandlerThread:365404 [handler.py:handle_request():124] handle_request: defer
2021-09-18 23:30:19,107 INFO    HandlerThread:365404 [handler.py:handle_request_defer():141] handle defer: 7
2021-09-18 23:30:19,107 DEBUG   SenderThread:365404 [sender.py:send_request():193] send_request: defer
2021-09-18 23:30:19,107 INFO    SenderThread:365404 [sender.py:send_request_defer():304] handle sender defer: 7
2021-09-18 23:30:19,147 DEBUG   HandlerThread:365404 [handler.py:handle_request():124] handle_request: poll_exit
2021-09-18 23:30:19,163 INFO    SenderThread:365404 [sender.py:transition_state():308] send defer: 8
2021-09-18 23:30:19,163 DEBUG   SenderThread:365404 [sender.py:send_request():193] send_request: poll_exit
2021-09-18 23:30:19,163 DEBUG   HandlerThread:365404 [handler.py:handle_request():124] handle_request: defer
2021-09-18 23:30:19,163 INFO    HandlerThread:365404 [handler.py:handle_request_defer():141] handle defer: 8
2021-09-18 23:30:19,163 DEBUG   SenderThread:365404 [sender.py:send_request():193] send_request: defer
2021-09-18 23:30:19,163 INFO    SenderThread:365404 [sender.py:send_request_defer():304] handle sender defer: 8
2021-09-18 23:30:19,163 INFO    SenderThread:365404 [sender.py:transition_state():308] send defer: 9
2021-09-18 23:30:19,164 DEBUG   SenderThread:365404 [sender.py:send():179] send: final
2021-09-18 23:30:19,164 DEBUG   HandlerThread:365404 [handler.py:handle_request():124] handle_request: defer
2021-09-18 23:30:19,164 DEBUG   SenderThread:365404 [sender.py:send():179] send: footer
2021-09-18 23:30:19,164 INFO    HandlerThread:365404 [handler.py:handle_request_defer():141] handle defer: 9
2021-09-18 23:30:19,164 DEBUG   SenderThread:365404 [sender.py:send_request():193] send_request: defer
2021-09-18 23:30:19,164 INFO    SenderThread:365404 [sender.py:send_request_defer():304] handle sender defer: 9
2021-09-18 23:30:19,264 DEBUG   HandlerThread:365404 [handler.py:handle_request():124] handle_request: poll_exit
2021-09-18 23:30:19,264 DEBUG   SenderThread:365404 [sender.py:send_request():193] send_request: poll_exit
2021-09-18 23:30:19,264 INFO    SenderThread:365404 [file_pusher.py:join():182] waiting for file pusher
2021-09-18 23:30:19,265 DEBUG   HandlerThread:365404 [handler.py:handle_request():124] handle_request: get_summary
2021-09-18 23:30:19,266 DEBUG   HandlerThread:365404 [handler.py:handle_request():124] handle_request: sampled_history
2021-09-18 23:30:19,266 DEBUG   HandlerThread:365404 [handler.py:handle_request():124] handle_request: shutdown
2021-09-18 23:30:19,266 INFO    HandlerThread:365404 [handler.py:finish():638] shutting down handler
2021-09-18 23:30:20,164 INFO    WriterThread:365404 [datastore.py:close():288] close: /grid/koo/home/toneyan/profile/QuantPred/wandb/run-20210918_232919-f72uawc5/run-f72uawc5.wandb
2021-09-18 23:30:20,265 INFO    SenderThread:365404 [sender.py:finish():945] shutting down sender
2021-09-18 23:30:20,265 INFO    SenderThread:365404 [file_pusher.py:finish():177] shutting down file pusher
2021-09-18 23:30:20,265 INFO    SenderThread:365404 [file_pusher.py:join():182] waiting for file pusher
2021-09-18 23:30:20,266 INFO    MainThread:365404 [internal.py:handle_exit():78] Internal process exited
