2021-09-19 11:55:53,696 INFO    MainThread:1559110 [internal.py:wandb_internal():91] W&B internal server running at pid: 1559110, started at: 2021-09-19 11:55:53.695921
2021-09-19 11:55:53,698 DEBUG   HandlerThread:1559110 [handler.py:handle_request():124] handle_request: check_version
2021-09-19 11:55:53,698 INFO    WriterThread:1559110 [datastore.py:open_for_write():80] open: /grid/koo/home/toneyan/profile/QuantPred/wandb/run-20210919_115553-u6gjfekd/run-u6gjfekd.wandb
2021-09-19 11:55:53,700 DEBUG   SenderThread:1559110 [sender.py:send():179] send: header
2021-09-19 11:55:53,700 DEBUG   SenderThread:1559110 [sender.py:send_request():193] send_request: check_version
2021-09-19 11:55:53,730 DEBUG   SenderThread:1559110 [sender.py:send():179] send: run
2021-09-19 11:55:53,831 INFO    SenderThread:1559110 [dir_watcher.py:__init__():168] watching files in: /grid/koo/home/toneyan/profile/QuantPred/wandb/run-20210919_115553-u6gjfekd/files
2021-09-19 11:55:53,832 INFO    SenderThread:1559110 [sender.py:_start_run_threads():719] run started: u6gjfekd with start time 1632066953
2021-09-19 11:55:53,832 DEBUG   SenderThread:1559110 [sender.py:send():179] send: summary
2021-09-19 11:55:53,832 INFO    SenderThread:1559110 [sender.py:_save_file():841] saving file wandb-summary.json with policy end
2021-09-19 11:55:53,833 DEBUG   HandlerThread:1559110 [handler.py:handle_request():124] handle_request: run_start
2021-09-19 11:55:54,833 INFO    Thread-8  :1559110 [dir_watcher.py:_on_file_created():216] file/dir created: /grid/koo/home/toneyan/profile/QuantPred/wandb/run-20210919_115553-u6gjfekd/files/wandb-summary.json
2021-09-19 11:55:54,898 DEBUG   HandlerThread:1559110 [meta.py:__init__():39] meta init
2021-09-19 11:55:54,899 DEBUG   HandlerThread:1559110 [meta.py:__init__():53] meta init done
2021-09-19 11:55:54,899 DEBUG   HandlerThread:1559110 [meta.py:probe():210] probe
2021-09-19 11:55:54,904 DEBUG   HandlerThread:1559110 [meta.py:_save_pip():57] save pip
2021-09-19 11:55:54,905 DEBUG   HandlerThread:1559110 [meta.py:_save_pip():71] save pip done
2021-09-19 11:55:54,905 DEBUG   HandlerThread:1559110 [meta.py:probe():252] probe done
2021-09-19 11:55:54,908 DEBUG   SenderThread:1559110 [sender.py:send():179] send: files
2021-09-19 11:55:54,908 INFO    SenderThread:1559110 [sender.py:_save_file():841] saving file wandb-metadata.json with policy now
2021-09-19 11:55:54,913 DEBUG   HandlerThread:1559110 [handler.py:handle_request():124] handle_request: stop_status
2021-09-19 11:55:54,914 DEBUG   SenderThread:1559110 [sender.py:send_request():193] send_request: stop_status
2021-09-19 11:55:55,275 INFO    Thread-11 :1559110 [upload_job.py:push():137] Uploaded file /tmp/3288853.1.gpu_ded.q/tmploho_ih8wandb/3p2yauan-wandb-metadata.json
2021-09-19 11:55:55,832 INFO    Thread-8  :1559110 [dir_watcher.py:_on_file_created():216] file/dir created: /grid/koo/home/toneyan/profile/QuantPred/wandb/run-20210919_115553-u6gjfekd/files/wandb-metadata.json
2021-09-19 11:55:55,833 INFO    Thread-8  :1559110 [dir_watcher.py:_on_file_created():216] file/dir created: /grid/koo/home/toneyan/profile/QuantPred/wandb/run-20210919_115553-u6gjfekd/files/output.log
2021-09-19 11:55:55,833 INFO    Thread-8  :1559110 [dir_watcher.py:_on_file_created():216] file/dir created: /grid/koo/home/toneyan/profile/QuantPred/wandb/run-20210919_115553-u6gjfekd/files/requirements.txt
2021-09-19 11:56:09,974 DEBUG   HandlerThread:1559110 [handler.py:handle_request():124] handle_request: stop_status
2021-09-19 11:56:09,974 DEBUG   SenderThread:1559110 [sender.py:send_request():193] send_request: stop_status
2021-09-19 11:56:10,027 ERROR   SenderThread:1559110 [internal_api.py:execute():130] 429 response executing GraphQL.
2021-09-19 11:56:10,028 ERROR   SenderThread:1559110 [internal_api.py:execute():131] {"error":"rate limit exceeded"}

2021-09-19 11:56:11,123 ERROR   SenderThread:1559110 [internal_api.py:execute():130] 429 response executing GraphQL.
2021-09-19 11:56:11,123 ERROR   SenderThread:1559110 [internal_api.py:execute():131] {"error":"rate limit exceeded"}

2021-09-19 11:56:13,397 ERROR   SenderThread:1559110 [internal_api.py:execute():130] 429 response executing GraphQL.
2021-09-19 11:56:13,397 ERROR   SenderThread:1559110 [internal_api.py:execute():131] {"error":"rate limit exceeded"}

2021-09-19 11:56:13,397 ERROR   SenderThread:1559110 [retry.py:__call__():126] Retry attempt failed:
Traceback (most recent call last):
  File "/usr/local/lib/python3.6/dist-packages/wandb/sdk/lib/retry.py", line 102, in __call__
    result = self._call_fn(*args, **kwargs)
  File "/usr/local/lib/python3.6/dist-packages/wandb/sdk/internal/internal_api.py", line 133, in execute
    six.reraise(*sys.exc_info())
  File "/usr/local/lib/python3.6/dist-packages/six.py", line 719, in reraise
    raise value
  File "/usr/local/lib/python3.6/dist-packages/wandb/sdk/internal/internal_api.py", line 127, in execute
    return self.client.execute(*args, **kwargs)
  File "/usr/local/lib/python3.6/dist-packages/wandb/vendor/gql-0.2.0/gql/client.py", line 52, in execute
    result = self._get_result(document, *args, **kwargs)
  File "/usr/local/lib/python3.6/dist-packages/wandb/vendor/gql-0.2.0/gql/client.py", line 60, in _get_result
    return self.transport.execute(document, *args, **kwargs)
  File "/usr/local/lib/python3.6/dist-packages/wandb/vendor/gql-0.2.0/gql/transport/requests.py", line 39, in execute
    request.raise_for_status()
  File "/usr/local/lib/python3.6/dist-packages/requests/models.py", line 943, in raise_for_status
    raise HTTPError(http_error_msg, response=self)
requests.exceptions.HTTPError: 429 Client Error: Too Many Requests for url: https://api.wandb.ai/graphql
2021-09-19 11:56:23,268 DEBUG   SenderThread:1559110 [sender.py:send():179] send: stats
2021-09-19 11:56:26,405 DEBUG   HandlerThread:1559110 [handler.py:handle_request():124] handle_request: poll_exit
2021-09-19 11:56:26,405 DEBUG   SenderThread:1559110 [sender.py:send():179] send: telemetry
2021-09-19 11:56:26,405 DEBUG   SenderThread:1559110 [sender.py:send():179] send: exit
2021-09-19 11:56:26,405 INFO    SenderThread:1559110 [sender.py:send_exit():287] handling exit code: 1
2021-09-19 11:56:26,405 INFO    SenderThread:1559110 [sender.py:send_exit():295] send defer
2021-09-19 11:56:26,405 DEBUG   SenderThread:1559110 [sender.py:send_request():193] send_request: poll_exit
2021-09-19 11:56:26,406 DEBUG   HandlerThread:1559110 [handler.py:handle_request():124] handle_request: defer
2021-09-19 11:56:26,406 INFO    HandlerThread:1559110 [handler.py:handle_request_defer():141] handle defer: 0
2021-09-19 11:56:26,406 DEBUG   SenderThread:1559110 [sender.py:send_request():193] send_request: defer
2021-09-19 11:56:26,406 INFO    SenderThread:1559110 [sender.py:send_request_defer():304] handle sender defer: 0
2021-09-19 11:56:26,406 INFO    SenderThread:1559110 [sender.py:transition_state():308] send defer: 1
2021-09-19 11:56:26,406 DEBUG   HandlerThread:1559110 [handler.py:handle_request():124] handle_request: defer
2021-09-19 11:56:26,406 INFO    HandlerThread:1559110 [handler.py:handle_request_defer():141] handle defer: 1
2021-09-19 11:56:26,510 DEBUG   SenderThread:1559110 [sender.py:send_request():193] send_request: defer
2021-09-19 11:56:26,510 INFO    SenderThread:1559110 [sender.py:send_request_defer():304] handle sender defer: 1
2021-09-19 11:56:26,510 DEBUG   HandlerThread:1559110 [handler.py:handle_request():124] handle_request: poll_exit
2021-09-19 11:56:26,510 INFO    SenderThread:1559110 [sender.py:transition_state():308] send defer: 2
2021-09-19 11:56:26,511 DEBUG   SenderThread:1559110 [sender.py:send_request():193] send_request: poll_exit
2021-09-19 11:56:26,511 DEBUG   SenderThread:1559110 [sender.py:send():179] send: stats
2021-09-19 11:56:26,511 DEBUG   HandlerThread:1559110 [handler.py:handle_request():124] handle_request: defer
2021-09-19 11:56:26,513 INFO    HandlerThread:1559110 [handler.py:handle_request_defer():141] handle defer: 2
2021-09-19 11:56:26,513 DEBUG   SenderThread:1559110 [sender.py:send_request():193] send_request: defer
2021-09-19 11:56:26,513 INFO    SenderThread:1559110 [sender.py:send_request_defer():304] handle sender defer: 2
2021-09-19 11:56:26,513 INFO    SenderThread:1559110 [sender.py:transition_state():308] send defer: 3
2021-09-19 11:56:26,514 DEBUG   HandlerThread:1559110 [handler.py:handle_request():124] handle_request: defer
2021-09-19 11:56:26,514 INFO    HandlerThread:1559110 [handler.py:handle_request_defer():141] handle defer: 3
2021-09-19 11:56:26,514 DEBUG   SenderThread:1559110 [sender.py:send():179] send: summary
2021-09-19 11:56:26,514 INFO    SenderThread:1559110 [sender.py:_save_file():841] saving file wandb-summary.json with policy end
2021-09-19 11:56:26,514 DEBUG   SenderThread:1559110 [sender.py:send_request():193] send_request: defer
2021-09-19 11:56:26,514 INFO    SenderThread:1559110 [sender.py:send_request_defer():304] handle sender defer: 3
2021-09-19 11:56:26,514 INFO    SenderThread:1559110 [sender.py:transition_state():308] send defer: 4
2021-09-19 11:56:26,514 DEBUG   HandlerThread:1559110 [handler.py:handle_request():124] handle_request: defer
2021-09-19 11:56:26,515 INFO    HandlerThread:1559110 [handler.py:handle_request_defer():141] handle defer: 4
2021-09-19 11:56:26,515 DEBUG   SenderThread:1559110 [sender.py:send_request():193] send_request: defer
2021-09-19 11:56:26,515 INFO    SenderThread:1559110 [sender.py:send_request_defer():304] handle sender defer: 4
2021-09-19 11:56:26,572 ERROR   SenderThread:1559110 [internal_api.py:execute():130] 429 response executing GraphQL.
2021-09-19 11:56:26,573 ERROR   SenderThread:1559110 [internal_api.py:execute():131] {"error":"rate limit exceeded"}

2021-09-19 11:56:26,612 DEBUG   HandlerThread:1559110 [handler.py:handle_request():124] handle_request: poll_exit
2021-09-19 11:56:26,842 INFO    Thread-8  :1559110 [dir_watcher.py:_on_file_modified():229] file/dir modified: /grid/koo/home/toneyan/profile/QuantPred/wandb/run-20210919_115553-u6gjfekd/files/wandb-summary.json
2021-09-19 11:56:27,658 ERROR   SenderThread:1559110 [internal_api.py:execute():130] 429 response executing GraphQL.
2021-09-19 11:56:27,658 ERROR   SenderThread:1559110 [internal_api.py:execute():131] {"error":"rate limit exceeded"}

2021-09-19 11:56:30,214 INFO    SenderThread:1559110 [sender.py:transition_state():308] send defer: 5
2021-09-19 11:56:30,214 DEBUG   SenderThread:1559110 [sender.py:send_request():193] send_request: poll_exit
2021-09-19 11:56:30,215 DEBUG   HandlerThread:1559110 [handler.py:handle_request():124] handle_request: defer
2021-09-19 11:56:30,215 INFO    HandlerThread:1559110 [handler.py:handle_request_defer():141] handle defer: 5
2021-09-19 11:56:30,215 DEBUG   SenderThread:1559110 [sender.py:send_request():193] send_request: defer
2021-09-19 11:56:30,215 INFO    SenderThread:1559110 [sender.py:send_request_defer():304] handle sender defer: 5
2021-09-19 11:56:30,215 INFO    SenderThread:1559110 [dir_watcher.py:finish():282] shutting down directory watcher
2021-09-19 11:56:30,319 DEBUG   HandlerThread:1559110 [handler.py:handle_request():124] handle_request: poll_exit
2021-09-19 11:56:30,843 INFO    SenderThread:1559110 [dir_watcher.py:_on_file_modified():229] file/dir modified: /grid/koo/home/toneyan/profile/QuantPred/wandb/run-20210919_115553-u6gjfekd/files/config.yaml
2021-09-19 11:56:30,844 INFO    SenderThread:1559110 [dir_watcher.py:finish():312] scan: /grid/koo/home/toneyan/profile/QuantPred/wandb/run-20210919_115553-u6gjfekd/files
2021-09-19 11:56:30,844 INFO    SenderThread:1559110 [dir_watcher.py:finish():318] scan save: /grid/koo/home/toneyan/profile/QuantPred/wandb/run-20210919_115553-u6gjfekd/files/wandb-metadata.json wandb-metadata.json
2021-09-19 11:56:30,844 INFO    SenderThread:1559110 [dir_watcher.py:finish():318] scan save: /grid/koo/home/toneyan/profile/QuantPred/wandb/run-20210919_115553-u6gjfekd/files/config.yaml config.yaml
2021-09-19 11:56:30,844 INFO    SenderThread:1559110 [dir_watcher.py:finish():318] scan save: /grid/koo/home/toneyan/profile/QuantPred/wandb/run-20210919_115553-u6gjfekd/files/requirements.txt requirements.txt
2021-09-19 11:56:30,844 INFO    SenderThread:1559110 [dir_watcher.py:finish():318] scan save: /grid/koo/home/toneyan/profile/QuantPred/wandb/run-20210919_115553-u6gjfekd/files/wandb-summary.json wandb-summary.json
2021-09-19 11:56:30,847 INFO    SenderThread:1559110 [dir_watcher.py:finish():318] scan save: /grid/koo/home/toneyan/profile/QuantPred/wandb/run-20210919_115553-u6gjfekd/files/output.log output.log
2021-09-19 11:56:30,850 INFO    SenderThread:1559110 [sender.py:transition_state():308] send defer: 6
2021-09-19 11:56:30,850 DEBUG   SenderThread:1559110 [sender.py:send_request():193] send_request: poll_exit
2021-09-19 11:56:30,855 DEBUG   HandlerThread:1559110 [handler.py:handle_request():124] handle_request: defer
2021-09-19 11:56:30,855 INFO    HandlerThread:1559110 [handler.py:handle_request_defer():141] handle defer: 6
2021-09-19 11:56:30,856 DEBUG   SenderThread:1559110 [sender.py:send_request():193] send_request: defer
2021-09-19 11:56:30,856 INFO    SenderThread:1559110 [sender.py:send_request_defer():304] handle sender defer: 6
2021-09-19 11:56:30,856 INFO    SenderThread:1559110 [file_pusher.py:finish():177] shutting down file pusher
2021-09-19 11:56:30,956 DEBUG   HandlerThread:1559110 [handler.py:handle_request():124] handle_request: poll_exit
2021-09-19 11:56:30,957 DEBUG   SenderThread:1559110 [sender.py:send_request():193] send_request: poll_exit
2021-09-19 11:56:31,058 DEBUG   HandlerThread:1559110 [handler.py:handle_request():124] handle_request: poll_exit
2021-09-19 11:56:31,058 DEBUG   SenderThread:1559110 [sender.py:send_request():193] send_request: poll_exit
2021-09-19 11:56:31,143 INFO    Thread-14 :1559110 [upload_job.py:push():137] Uploaded file /grid/koo/home/toneyan/profile/QuantPred/wandb/run-20210919_115553-u6gjfekd/files/wandb-summary.json
2021-09-19 11:56:31,160 DEBUG   HandlerThread:1559110 [handler.py:handle_request():124] handle_request: poll_exit
2021-09-19 11:56:31,160 DEBUG   SenderThread:1559110 [sender.py:send_request():193] send_request: poll_exit
2021-09-19 11:56:31,205 INFO    Thread-12 :1559110 [upload_job.py:push():137] Uploaded file /grid/koo/home/toneyan/profile/QuantPred/wandb/run-20210919_115553-u6gjfekd/files/config.yaml
2021-09-19 11:56:31,209 INFO    Thread-13 :1559110 [upload_job.py:push():137] Uploaded file /grid/koo/home/toneyan/profile/QuantPred/wandb/run-20210919_115553-u6gjfekd/files/requirements.txt
2021-09-19 11:56:31,262 DEBUG   HandlerThread:1559110 [handler.py:handle_request():124] handle_request: poll_exit
2021-09-19 11:56:31,262 DEBUG   SenderThread:1559110 [sender.py:send_request():193] send_request: poll_exit
2021-09-19 11:56:31,363 DEBUG   HandlerThread:1559110 [handler.py:handle_request():124] handle_request: poll_exit
2021-09-19 11:56:31,363 DEBUG   SenderThread:1559110 [sender.py:send_request():193] send_request: poll_exit
2021-09-19 11:56:31,409 INFO    Thread-7  :1559110 [sender.py:transition_state():308] send defer: 7
2021-09-19 11:56:31,410 DEBUG   HandlerThread:1559110 [handler.py:handle_request():124] handle_request: defer
2021-09-19 11:56:31,410 INFO    HandlerThread:1559110 [handler.py:handle_request_defer():141] handle defer: 7
2021-09-19 11:56:31,410 DEBUG   SenderThread:1559110 [sender.py:send_request():193] send_request: defer
2021-09-19 11:56:31,410 INFO    SenderThread:1559110 [sender.py:send_request_defer():304] handle sender defer: 7
2021-09-19 11:56:31,461 INFO    SenderThread:1559110 [sender.py:transition_state():308] send defer: 8
2021-09-19 11:56:31,462 DEBUG   HandlerThread:1559110 [handler.py:handle_request():124] handle_request: defer
2021-09-19 11:56:31,462 INFO    HandlerThread:1559110 [handler.py:handle_request_defer():141] handle defer: 8
2021-09-19 11:56:31,462 DEBUG   SenderThread:1559110 [sender.py:send_request():193] send_request: defer
2021-09-19 11:56:31,462 INFO    SenderThread:1559110 [sender.py:send_request_defer():304] handle sender defer: 8
2021-09-19 11:56:31,462 INFO    SenderThread:1559110 [sender.py:transition_state():308] send defer: 9
2021-09-19 11:56:31,462 DEBUG   SenderThread:1559110 [sender.py:send():179] send: final
2021-09-19 11:56:31,462 DEBUG   HandlerThread:1559110 [handler.py:handle_request():124] handle_request: defer
2021-09-19 11:56:31,462 DEBUG   SenderThread:1559110 [sender.py:send():179] send: footer
2021-09-19 11:56:31,462 INFO    HandlerThread:1559110 [handler.py:handle_request_defer():141] handle defer: 9
2021-09-19 11:56:31,463 DEBUG   SenderThread:1559110 [sender.py:send_request():193] send_request: defer
2021-09-19 11:56:31,463 INFO    SenderThread:1559110 [sender.py:send_request_defer():304] handle sender defer: 9
2021-09-19 11:56:31,465 DEBUG   HandlerThread:1559110 [handler.py:handle_request():124] handle_request: poll_exit
2021-09-19 11:56:31,465 DEBUG   SenderThread:1559110 [sender.py:send_request():193] send_request: poll_exit
2021-09-19 11:56:31,465 INFO    SenderThread:1559110 [file_pusher.py:join():182] waiting for file pusher
2021-09-19 11:56:31,466 DEBUG   HandlerThread:1559110 [handler.py:handle_request():124] handle_request: get_summary
2021-09-19 11:56:31,466 DEBUG   HandlerThread:1559110 [handler.py:handle_request():124] handle_request: sampled_history
2021-09-19 11:56:31,467 DEBUG   HandlerThread:1559110 [handler.py:handle_request():124] handle_request: shutdown
2021-09-19 11:56:31,467 INFO    HandlerThread:1559110 [handler.py:finish():638] shutting down handler
2021-09-19 11:56:32,463 INFO    WriterThread:1559110 [datastore.py:close():288] close: /grid/koo/home/toneyan/profile/QuantPred/wandb/run-20210919_115553-u6gjfekd/run-u6gjfekd.wandb
2021-09-19 11:56:32,465 INFO    SenderThread:1559110 [sender.py:finish():945] shutting down sender
2021-09-19 11:56:32,465 INFO    SenderThread:1559110 [file_pusher.py:finish():177] shutting down file pusher
2021-09-19 11:56:32,465 INFO    SenderThread:1559110 [file_pusher.py:join():182] waiting for file pusher
2021-09-19 11:56:32,467 INFO    MainThread:1559110 [internal.py:handle_exit():78] Internal process exited
