2021-09-18 23:38:46,159 INFO    MainThread:612357 [internal.py:wandb_internal():91] W&B internal server running at pid: 612357, started at: 2021-09-18 23:38:46.158086
2021-09-18 23:38:46,160 DEBUG   HandlerThread:612357 [handler.py:handle_request():124] handle_request: check_version
2021-09-18 23:38:46,160 INFO    WriterThread:612357 [datastore.py:open_for_write():80] open: /grid/koo/home/toneyan/profile/QuantPred/wandb/run-20210918_233845-aad1g0zj/run-aad1g0zj.wandb
2021-09-18 23:38:46,162 DEBUG   SenderThread:612357 [sender.py:send():179] send: header
2021-09-18 23:38:46,162 DEBUG   SenderThread:612357 [sender.py:send_request():193] send_request: check_version
2021-09-18 23:38:46,214 DEBUG   SenderThread:612357 [sender.py:send():179] send: run
2021-09-18 23:38:46,296 INFO    SenderThread:612357 [dir_watcher.py:__init__():168] watching files in: /grid/koo/home/toneyan/profile/QuantPred/wandb/run-20210918_233845-aad1g0zj/files
2021-09-18 23:38:46,296 INFO    SenderThread:612357 [sender.py:_start_run_threads():719] run started: aad1g0zj with start time 1632022725
2021-09-18 23:38:46,297 DEBUG   SenderThread:612357 [sender.py:send():179] send: summary
2021-09-18 23:38:46,297 INFO    SenderThread:612357 [sender.py:_save_file():841] saving file wandb-summary.json with policy end
2021-09-18 23:38:46,298 DEBUG   HandlerThread:612357 [handler.py:handle_request():124] handle_request: run_start
2021-09-18 23:38:47,288 DEBUG   HandlerThread:612357 [meta.py:__init__():39] meta init
2021-09-18 23:38:47,288 DEBUG   HandlerThread:612357 [meta.py:__init__():53] meta init done
2021-09-18 23:38:47,288 DEBUG   HandlerThread:612357 [meta.py:probe():210] probe
2021-09-18 23:38:47,294 DEBUG   HandlerThread:612357 [meta.py:_save_pip():57] save pip
2021-09-18 23:38:47,295 DEBUG   HandlerThread:612357 [meta.py:_save_pip():71] save pip done
2021-09-18 23:38:47,295 DEBUG   HandlerThread:612357 [meta.py:probe():252] probe done
2021-09-18 23:38:47,297 DEBUG   SenderThread:612357 [sender.py:send():179] send: files
2021-09-18 23:38:47,297 INFO    SenderThread:612357 [sender.py:_save_file():841] saving file wandb-metadata.json with policy now
2021-09-18 23:38:47,298 INFO    Thread-8  :612357 [dir_watcher.py:_on_file_created():216] file/dir created: /grid/koo/home/toneyan/profile/QuantPred/wandb/run-20210918_233845-aad1g0zj/files/wandb-metadata.json
2021-09-18 23:38:47,299 INFO    Thread-8  :612357 [dir_watcher.py:_on_file_created():216] file/dir created: /grid/koo/home/toneyan/profile/QuantPred/wandb/run-20210918_233845-aad1g0zj/files/requirements.txt
2021-09-18 23:38:47,299 INFO    Thread-8  :612357 [dir_watcher.py:_on_file_created():216] file/dir created: /grid/koo/home/toneyan/profile/QuantPred/wandb/run-20210918_233845-aad1g0zj/files/wandb-summary.json
2021-09-18 23:38:47,304 DEBUG   HandlerThread:612357 [handler.py:handle_request():124] handle_request: stop_status
2021-09-18 23:38:47,305 DEBUG   SenderThread:612357 [sender.py:send_request():193] send_request: stop_status
2021-09-18 23:38:47,711 INFO    Thread-11 :612357 [upload_job.py:push():137] Uploaded file /tmp/3288840.1.gpu_ded.q/tmpluhnlaytwandb/3daa6fka-wandb-metadata.json
2021-09-18 23:38:48,080 INFO    Thread-12 :612357 [upload_job.py:push():137] Uploaded file /tmp/3288840.1.gpu_ded.q/tmpluhnlaytwandb/jhsawi3x-wandb-metadata.json
2021-09-18 23:38:48,298 INFO    Thread-8  :612357 [dir_watcher.py:_on_file_created():216] file/dir created: /grid/koo/home/toneyan/profile/QuantPred/wandb/run-20210918_233845-aad1g0zj/files/output.log
2021-09-18 23:39:02,363 DEBUG   HandlerThread:612357 [handler.py:handle_request():124] handle_request: stop_status
2021-09-18 23:39:02,364 DEBUG   SenderThread:612357 [sender.py:send_request():193] send_request: stop_status
2021-09-18 23:39:15,630 DEBUG   SenderThread:612357 [sender.py:send():179] send: stats
2021-09-18 23:39:17,422 DEBUG   HandlerThread:612357 [handler.py:handle_request():124] handle_request: stop_status
2021-09-18 23:39:17,422 DEBUG   SenderThread:612357 [sender.py:send_request():193] send_request: stop_status
2021-09-18 23:39:18,533 DEBUG   HandlerThread:612357 [handler.py:handle_request():124] handle_request: poll_exit
2021-09-18 23:39:18,534 DEBUG   SenderThread:612357 [sender.py:send():179] send: telemetry
2021-09-18 23:39:18,534 DEBUG   SenderThread:612357 [sender.py:send():179] send: exit
2021-09-18 23:39:18,534 INFO    SenderThread:612357 [sender.py:send_exit():287] handling exit code: 1
2021-09-18 23:39:18,534 INFO    SenderThread:612357 [sender.py:send_exit():295] send defer
2021-09-18 23:39:18,534 DEBUG   SenderThread:612357 [sender.py:send_request():193] send_request: poll_exit
2021-09-18 23:39:18,534 DEBUG   HandlerThread:612357 [handler.py:handle_request():124] handle_request: defer
2021-09-18 23:39:18,534 INFO    HandlerThread:612357 [handler.py:handle_request_defer():141] handle defer: 0
2021-09-18 23:39:18,535 DEBUG   SenderThread:612357 [sender.py:send_request():193] send_request: defer
2021-09-18 23:39:18,535 INFO    SenderThread:612357 [sender.py:send_request_defer():304] handle sender defer: 0
2021-09-18 23:39:18,535 INFO    SenderThread:612357 [sender.py:transition_state():308] send defer: 1
2021-09-18 23:39:18,535 DEBUG   HandlerThread:612357 [handler.py:handle_request():124] handle_request: defer
2021-09-18 23:39:18,535 INFO    HandlerThread:612357 [handler.py:handle_request_defer():141] handle defer: 1
2021-09-18 23:39:18,574 DEBUG   SenderThread:612357 [sender.py:send_request():193] send_request: defer
2021-09-18 23:39:18,575 INFO    SenderThread:612357 [sender.py:send_request_defer():304] handle sender defer: 1
2021-09-18 23:39:18,575 INFO    SenderThread:612357 [sender.py:transition_state():308] send defer: 2
2021-09-18 23:39:18,575 DEBUG   SenderThread:612357 [sender.py:send():179] send: stats
2021-09-18 23:39:18,575 DEBUG   HandlerThread:612357 [handler.py:handle_request():124] handle_request: defer
2021-09-18 23:39:18,576 INFO    HandlerThread:612357 [handler.py:handle_request_defer():141] handle defer: 2
2021-09-18 23:39:18,577 DEBUG   SenderThread:612357 [sender.py:send_request():193] send_request: defer
2021-09-18 23:39:18,577 INFO    SenderThread:612357 [sender.py:send_request_defer():304] handle sender defer: 2
2021-09-18 23:39:18,577 INFO    SenderThread:612357 [sender.py:transition_state():308] send defer: 3
2021-09-18 23:39:18,577 DEBUG   HandlerThread:612357 [handler.py:handle_request():124] handle_request: defer
2021-09-18 23:39:18,577 INFO    HandlerThread:612357 [handler.py:handle_request_defer():141] handle defer: 3
2021-09-18 23:39:18,577 DEBUG   SenderThread:612357 [sender.py:send():179] send: summary
2021-09-18 23:39:18,578 INFO    SenderThread:612357 [sender.py:_save_file():841] saving file wandb-summary.json with policy end
2021-09-18 23:39:18,578 DEBUG   SenderThread:612357 [sender.py:send_request():193] send_request: defer
2021-09-18 23:39:18,578 INFO    SenderThread:612357 [sender.py:send_request_defer():304] handle sender defer: 3
2021-09-18 23:39:18,578 INFO    SenderThread:612357 [sender.py:transition_state():308] send defer: 4
2021-09-18 23:39:18,578 DEBUG   HandlerThread:612357 [handler.py:handle_request():124] handle_request: defer
2021-09-18 23:39:18,578 INFO    HandlerThread:612357 [handler.py:handle_request_defer():141] handle defer: 4
2021-09-18 23:39:18,578 DEBUG   SenderThread:612357 [sender.py:send_request():193] send_request: defer
2021-09-18 23:39:18,578 INFO    SenderThread:612357 [sender.py:send_request_defer():304] handle sender defer: 4
2021-09-18 23:39:18,635 DEBUG   HandlerThread:612357 [handler.py:handle_request():124] handle_request: poll_exit
2021-09-18 23:39:18,650 INFO    SenderThread:612357 [sender.py:transition_state():308] send defer: 5
2021-09-18 23:39:18,650 DEBUG   SenderThread:612357 [sender.py:send_request():193] send_request: poll_exit
2021-09-18 23:39:18,650 DEBUG   HandlerThread:612357 [handler.py:handle_request():124] handle_request: defer
2021-09-18 23:39:18,650 INFO    HandlerThread:612357 [handler.py:handle_request_defer():141] handle defer: 5
2021-09-18 23:39:18,651 DEBUG   SenderThread:612357 [sender.py:send_request():193] send_request: defer
2021-09-18 23:39:18,651 INFO    SenderThread:612357 [sender.py:send_request_defer():304] handle sender defer: 5
2021-09-18 23:39:18,651 INFO    SenderThread:612357 [dir_watcher.py:finish():282] shutting down directory watcher
2021-09-18 23:39:18,751 DEBUG   HandlerThread:612357 [handler.py:handle_request():124] handle_request: poll_exit
2021-09-18 23:39:19,302 INFO    SenderThread:612357 [dir_watcher.py:_on_file_modified():229] file/dir modified: /grid/koo/home/toneyan/profile/QuantPred/wandb/run-20210918_233845-aad1g0zj/files/config.yaml
2021-09-18 23:39:19,302 INFO    SenderThread:612357 [dir_watcher.py:_on_file_modified():229] file/dir modified: /grid/koo/home/toneyan/profile/QuantPred/wandb/run-20210918_233845-aad1g0zj/files/wandb-summary.json
2021-09-18 23:39:19,302 INFO    SenderThread:612357 [dir_watcher.py:finish():312] scan: /grid/koo/home/toneyan/profile/QuantPred/wandb/run-20210918_233845-aad1g0zj/files
2021-09-18 23:39:19,302 INFO    SenderThread:612357 [dir_watcher.py:finish():318] scan save: /grid/koo/home/toneyan/profile/QuantPred/wandb/run-20210918_233845-aad1g0zj/files/wandb-metadata.json wandb-metadata.json
2021-09-18 23:39:19,303 INFO    SenderThread:612357 [dir_watcher.py:finish():318] scan save: /grid/koo/home/toneyan/profile/QuantPred/wandb/run-20210918_233845-aad1g0zj/files/config.yaml config.yaml
2021-09-18 23:39:19,303 INFO    SenderThread:612357 [dir_watcher.py:finish():318] scan save: /grid/koo/home/toneyan/profile/QuantPred/wandb/run-20210918_233845-aad1g0zj/files/requirements.txt requirements.txt
2021-09-18 23:39:19,303 INFO    SenderThread:612357 [dir_watcher.py:finish():318] scan save: /grid/koo/home/toneyan/profile/QuantPred/wandb/run-20210918_233845-aad1g0zj/files/wandb-summary.json wandb-summary.json
2021-09-18 23:39:19,303 INFO    SenderThread:612357 [dir_watcher.py:finish():318] scan save: /grid/koo/home/toneyan/profile/QuantPred/wandb/run-20210918_233845-aad1g0zj/files/output.log output.log
2021-09-18 23:39:19,308 INFO    SenderThread:612357 [sender.py:transition_state():308] send defer: 6
2021-09-18 23:39:19,309 DEBUG   SenderThread:612357 [sender.py:send_request():193] send_request: poll_exit
2021-09-18 23:39:19,313 DEBUG   HandlerThread:612357 [handler.py:handle_request():124] handle_request: defer
2021-09-18 23:39:19,313 INFO    HandlerThread:612357 [handler.py:handle_request_defer():141] handle defer: 6
2021-09-18 23:39:19,314 DEBUG   SenderThread:612357 [sender.py:send_request():193] send_request: defer
2021-09-18 23:39:19,314 INFO    SenderThread:612357 [sender.py:send_request_defer():304] handle sender defer: 6
2021-09-18 23:39:19,314 INFO    SenderThread:612357 [file_pusher.py:finish():177] shutting down file pusher
2021-09-18 23:39:19,414 DEBUG   HandlerThread:612357 [handler.py:handle_request():124] handle_request: poll_exit
2021-09-18 23:39:19,414 DEBUG   SenderThread:612357 [sender.py:send_request():193] send_request: poll_exit
2021-09-18 23:39:19,515 DEBUG   HandlerThread:612357 [handler.py:handle_request():124] handle_request: poll_exit
2021-09-18 23:39:19,515 DEBUG   SenderThread:612357 [sender.py:send_request():193] send_request: poll_exit
2021-09-18 23:39:19,617 DEBUG   HandlerThread:612357 [handler.py:handle_request():124] handle_request: poll_exit
2021-09-18 23:39:19,617 DEBUG   SenderThread:612357 [sender.py:send_request():193] send_request: poll_exit
2021-09-18 23:39:19,641 INFO    Thread-14 :612357 [upload_job.py:push():137] Uploaded file /grid/koo/home/toneyan/profile/QuantPred/wandb/run-20210918_233845-aad1g0zj/files/requirements.txt
2021-09-18 23:39:19,648 INFO    Thread-15 :612357 [upload_job.py:push():137] Uploaded file /grid/koo/home/toneyan/profile/QuantPred/wandb/run-20210918_233845-aad1g0zj/files/wandb-summary.json
2021-09-18 23:39:19,667 INFO    Thread-13 :612357 [upload_job.py:push():137] Uploaded file /grid/koo/home/toneyan/profile/QuantPred/wandb/run-20210918_233845-aad1g0zj/files/config.yaml
2021-09-18 23:39:19,718 DEBUG   HandlerThread:612357 [handler.py:handle_request():124] handle_request: poll_exit
2021-09-18 23:39:19,718 DEBUG   SenderThread:612357 [sender.py:send_request():193] send_request: poll_exit
2021-09-18 23:39:19,820 DEBUG   HandlerThread:612357 [handler.py:handle_request():124] handle_request: poll_exit
2021-09-18 23:39:19,820 DEBUG   SenderThread:612357 [sender.py:send_request():193] send_request: poll_exit
2021-09-18 23:39:19,867 INFO    Thread-7  :612357 [sender.py:transition_state():308] send defer: 7
2021-09-18 23:39:19,868 DEBUG   HandlerThread:612357 [handler.py:handle_request():124] handle_request: defer
2021-09-18 23:39:19,868 INFO    HandlerThread:612357 [handler.py:handle_request_defer():141] handle defer: 7
2021-09-18 23:39:19,868 DEBUG   SenderThread:612357 [sender.py:send_request():193] send_request: defer
2021-09-18 23:39:19,868 INFO    SenderThread:612357 [sender.py:send_request_defer():304] handle sender defer: 7
2021-09-18 23:39:19,936 DEBUG   HandlerThread:612357 [handler.py:handle_request():124] handle_request: poll_exit
2021-09-18 23:39:19,972 INFO    SenderThread:612357 [sender.py:transition_state():308] send defer: 8
2021-09-18 23:39:19,972 DEBUG   SenderThread:612357 [sender.py:send_request():193] send_request: poll_exit
2021-09-18 23:39:19,972 DEBUG   HandlerThread:612357 [handler.py:handle_request():124] handle_request: defer
2021-09-18 23:39:19,973 INFO    HandlerThread:612357 [handler.py:handle_request_defer():141] handle defer: 8
2021-09-18 23:39:19,973 DEBUG   SenderThread:612357 [sender.py:send_request():193] send_request: defer
2021-09-18 23:39:19,973 INFO    SenderThread:612357 [sender.py:send_request_defer():304] handle sender defer: 8
2021-09-18 23:39:19,973 INFO    SenderThread:612357 [sender.py:transition_state():308] send defer: 9
2021-09-18 23:39:19,973 DEBUG   SenderThread:612357 [sender.py:send():179] send: final
2021-09-18 23:39:19,973 DEBUG   HandlerThread:612357 [handler.py:handle_request():124] handle_request: defer
2021-09-18 23:39:19,973 DEBUG   SenderThread:612357 [sender.py:send():179] send: footer
2021-09-18 23:39:19,973 INFO    HandlerThread:612357 [handler.py:handle_request_defer():141] handle defer: 9
2021-09-18 23:39:19,973 DEBUG   SenderThread:612357 [sender.py:send_request():193] send_request: defer
2021-09-18 23:39:19,973 INFO    SenderThread:612357 [sender.py:send_request_defer():304] handle sender defer: 9
2021-09-18 23:39:20,073 DEBUG   HandlerThread:612357 [handler.py:handle_request():124] handle_request: poll_exit
2021-09-18 23:39:20,074 DEBUG   SenderThread:612357 [sender.py:send_request():193] send_request: poll_exit
2021-09-18 23:39:20,074 INFO    SenderThread:612357 [file_pusher.py:join():182] waiting for file pusher
2021-09-18 23:39:20,075 DEBUG   HandlerThread:612357 [handler.py:handle_request():124] handle_request: get_summary
2021-09-18 23:39:20,075 DEBUG   HandlerThread:612357 [handler.py:handle_request():124] handle_request: sampled_history
2021-09-18 23:39:20,075 DEBUG   HandlerThread:612357 [handler.py:handle_request():124] handle_request: shutdown
2021-09-18 23:39:20,075 INFO    HandlerThread:612357 [handler.py:finish():638] shutting down handler
2021-09-18 23:39:20,973 INFO    WriterThread:612357 [datastore.py:close():288] close: /grid/koo/home/toneyan/profile/QuantPred/wandb/run-20210918_233845-aad1g0zj/run-aad1g0zj.wandb
2021-09-18 23:39:21,074 INFO    SenderThread:612357 [sender.py:finish():945] shutting down sender
2021-09-18 23:39:21,074 INFO    SenderThread:612357 [file_pusher.py:finish():177] shutting down file pusher
2021-09-18 23:39:21,074 INFO    SenderThread:612357 [file_pusher.py:join():182] waiting for file pusher
2021-09-18 23:39:21,075 INFO    MainThread:612357 [internal.py:handle_exit():78] Internal process exited
