2021-09-18 23:46:55,820 INFO    MainThread:859230 [internal.py:wandb_internal():91] W&B internal server running at pid: 859230, started at: 2021-09-18 23:46:55.819293
2021-09-18 23:46:55,822 DEBUG   HandlerThread:859230 [handler.py:handle_request():124] handle_request: check_version
2021-09-18 23:46:55,822 INFO    WriterThread:859230 [datastore.py:open_for_write():80] open: /grid/koo/home/toneyan/profile/QuantPred/wandb/run-20210918_234655-ajdr25qm/run-ajdr25qm.wandb
2021-09-18 23:46:55,824 DEBUG   SenderThread:859230 [sender.py:send():179] send: header
2021-09-18 23:46:55,824 DEBUG   SenderThread:859230 [sender.py:send_request():193] send_request: check_version
2021-09-18 23:46:55,853 DEBUG   SenderThread:859230 [sender.py:send():179] send: run
2021-09-18 23:46:55,930 ERROR   SenderThread:859230 [internal_api.py:execute():130] 429 response executing GraphQL.
2021-09-18 23:46:55,930 ERROR   SenderThread:859230 [internal_api.py:execute():131] {"error":"rate limit exceeded"}

2021-09-18 23:46:57,000 ERROR   SenderThread:859230 [internal_api.py:execute():130] 429 response executing GraphQL.
2021-09-18 23:46:57,000 ERROR   SenderThread:859230 [internal_api.py:execute():131] {"error":"rate limit exceeded"}

2021-09-18 23:46:59,104 ERROR   SenderThread:859230 [internal_api.py:execute():130] 429 response executing GraphQL.
2021-09-18 23:46:59,105 ERROR   SenderThread:859230 [internal_api.py:execute():131] {"error":"rate limit exceeded"}

2021-09-18 23:46:59,105 ERROR   SenderThread:859230 [retry.py:__call__():126] Retry attempt failed:
Traceback (most recent call last):
  File "/usr/local/lib/python3.6/dist-packages/wandb/sdk/lib/retry.py", line 102, in __call__
    result = self._call_fn(*args, **kwargs)
  File "/usr/local/lib/python3.6/dist-packages/wandb/sdk/internal/internal_api.py", line 133, in execute
    six.reraise(*sys.exc_info())
  File "/usr/local/lib/python3.6/dist-packages/six.py", line 719, in reraise
    raise value
  File "/usr/local/lib/python3.6/dist-packages/wandb/sdk/internal/internal_api.py", line 127, in execute
    return self.client.execute(*args, **kwargs)
  File "/usr/local/lib/python3.6/dist-packages/wandb/vendor/gql-0.2.0/gql/client.py", line 52, in execute
    result = self._get_result(document, *args, **kwargs)
  File "/usr/local/lib/python3.6/dist-packages/wandb/vendor/gql-0.2.0/gql/client.py", line 60, in _get_result
    return self.transport.execute(document, *args, **kwargs)
  File "/usr/local/lib/python3.6/dist-packages/wandb/vendor/gql-0.2.0/gql/transport/requests.py", line 39, in execute
    request.raise_for_status()
  File "/usr/local/lib/python3.6/dist-packages/requests/models.py", line 943, in raise_for_status
    raise HTTPError(http_error_msg, response=self)
requests.exceptions.HTTPError: 429 Client Error: Too Many Requests for url: https://api.wandb.ai/graphql
2021-09-18 23:47:03,619 INFO    SenderThread:859230 [dir_watcher.py:__init__():168] watching files in: /grid/koo/home/toneyan/profile/QuantPred/wandb/run-20210918_234655-ajdr25qm/files
2021-09-18 23:47:03,619 INFO    SenderThread:859230 [sender.py:_start_run_threads():719] run started: ajdr25qm with start time 1632023215
2021-09-18 23:47:03,619 DEBUG   SenderThread:859230 [sender.py:send():179] send: summary
2021-09-18 23:47:03,620 DEBUG   HandlerThread:859230 [handler.py:handle_request():124] handle_request: run_start
2021-09-18 23:47:03,620 INFO    SenderThread:859230 [sender.py:_save_file():841] saving file wandb-summary.json with policy end
2021-09-18 23:47:04,620 INFO    Thread-8  :859230 [dir_watcher.py:_on_file_created():216] file/dir created: /grid/koo/home/toneyan/profile/QuantPred/wandb/run-20210918_234655-ajdr25qm/files/wandb-summary.json
2021-09-18 23:47:04,684 DEBUG   HandlerThread:859230 [meta.py:__init__():39] meta init
2021-09-18 23:47:04,684 DEBUG   HandlerThread:859230 [meta.py:__init__():53] meta init done
2021-09-18 23:47:04,685 DEBUG   HandlerThread:859230 [meta.py:probe():210] probe
2021-09-18 23:47:04,691 DEBUG   HandlerThread:859230 [meta.py:_save_pip():57] save pip
2021-09-18 23:47:04,692 DEBUG   HandlerThread:859230 [meta.py:_save_pip():71] save pip done
2021-09-18 23:47:04,692 DEBUG   HandlerThread:859230 [meta.py:probe():252] probe done
2021-09-18 23:47:04,695 DEBUG   SenderThread:859230 [sender.py:send():179] send: files
2021-09-18 23:47:04,696 INFO    SenderThread:859230 [sender.py:_save_file():841] saving file wandb-metadata.json with policy now
2021-09-18 23:47:04,702 DEBUG   HandlerThread:859230 [handler.py:handle_request():124] handle_request: stop_status
2021-09-18 23:47:04,702 DEBUG   SenderThread:859230 [sender.py:send_request():193] send_request: stop_status
2021-09-18 23:47:05,091 INFO    Thread-11 :859230 [upload_job.py:push():137] Uploaded file /tmp/3288840.1.gpu_ded.q/tmpg1ee62jdwandb/1gql8icx-wandb-metadata.json
2021-09-18 23:47:05,620 INFO    Thread-8  :859230 [dir_watcher.py:_on_file_created():216] file/dir created: /grid/koo/home/toneyan/profile/QuantPred/wandb/run-20210918_234655-ajdr25qm/files/wandb-metadata.json
2021-09-18 23:47:05,620 INFO    Thread-8  :859230 [dir_watcher.py:_on_file_created():216] file/dir created: /grid/koo/home/toneyan/profile/QuantPred/wandb/run-20210918_234655-ajdr25qm/files/output.log
2021-09-18 23:47:05,620 INFO    Thread-8  :859230 [dir_watcher.py:_on_file_created():216] file/dir created: /grid/koo/home/toneyan/profile/QuantPred/wandb/run-20210918_234655-ajdr25qm/files/requirements.txt
2021-09-18 23:47:19,773 DEBUG   HandlerThread:859230 [handler.py:handle_request():124] handle_request: stop_status
2021-09-18 23:47:19,773 DEBUG   SenderThread:859230 [sender.py:send_request():193] send_request: stop_status
2021-09-18 23:47:19,825 ERROR   SenderThread:859230 [internal_api.py:execute():130] 429 response executing GraphQL.
2021-09-18 23:47:19,826 ERROR   SenderThread:859230 [internal_api.py:execute():131] {"error":"rate limit exceeded"}

2021-09-18 23:47:21,072 ERROR   SenderThread:859230 [internal_api.py:execute():130] 429 response executing GraphQL.
2021-09-18 23:47:21,073 ERROR   SenderThread:859230 [internal_api.py:execute():131] {"error":"rate limit exceeded"}

2021-09-18 23:47:23,629 ERROR   SenderThread:859230 [internal_api.py:execute():130] 429 response executing GraphQL.
2021-09-18 23:47:23,629 ERROR   SenderThread:859230 [internal_api.py:execute():131] {"error":"rate limit exceeded"}

2021-09-18 23:47:23,629 ERROR   SenderThread:859230 [retry.py:__call__():126] Retry attempt failed:
Traceback (most recent call last):
  File "/usr/local/lib/python3.6/dist-packages/wandb/sdk/lib/retry.py", line 102, in __call__
    result = self._call_fn(*args, **kwargs)
  File "/usr/local/lib/python3.6/dist-packages/wandb/sdk/internal/internal_api.py", line 133, in execute
    six.reraise(*sys.exc_info())
  File "/usr/local/lib/python3.6/dist-packages/six.py", line 719, in reraise
    raise value
  File "/usr/local/lib/python3.6/dist-packages/wandb/sdk/internal/internal_api.py", line 127, in execute
    return self.client.execute(*args, **kwargs)
  File "/usr/local/lib/python3.6/dist-packages/wandb/vendor/gql-0.2.0/gql/client.py", line 52, in execute
    result = self._get_result(document, *args, **kwargs)
  File "/usr/local/lib/python3.6/dist-packages/wandb/vendor/gql-0.2.0/gql/client.py", line 60, in _get_result
    return self.transport.execute(document, *args, **kwargs)
  File "/usr/local/lib/python3.6/dist-packages/wandb/vendor/gql-0.2.0/gql/transport/requests.py", line 39, in execute
    request.raise_for_status()
  File "/usr/local/lib/python3.6/dist-packages/requests/models.py", line 943, in raise_for_status
    raise HTTPError(http_error_msg, response=self)
requests.exceptions.HTTPError: 429 Client Error: Too Many Requests for url: https://api.wandb.ai/graphql
2021-09-18 23:47:28,085 ERROR   SenderThread:859230 [internal_api.py:execute():130] 429 response executing GraphQL.
2021-09-18 23:47:28,085 ERROR   SenderThread:859230 [internal_api.py:execute():131] {"error":"rate limit exceeded"}

2021-09-18 23:47:35,548 DEBUG   HandlerThread:859230 [handler.py:handle_request():124] handle_request: poll_exit
2021-09-18 23:47:36,491 DEBUG   SenderThread:859230 [sender.py:send():179] send: stats
2021-09-18 23:47:36,492 DEBUG   SenderThread:859230 [sender.py:send():179] send: telemetry
2021-09-18 23:47:36,493 DEBUG   SenderThread:859230 [sender.py:send():179] send: exit
2021-09-18 23:47:36,494 INFO    SenderThread:859230 [sender.py:send_exit():287] handling exit code: 1
2021-09-18 23:47:36,494 INFO    SenderThread:859230 [sender.py:send_exit():295] send defer
2021-09-18 23:47:36,494 DEBUG   SenderThread:859230 [sender.py:send_request():193] send_request: poll_exit
2021-09-18 23:47:36,495 DEBUG   HandlerThread:859230 [handler.py:handle_request():124] handle_request: defer
2021-09-18 23:47:36,495 INFO    HandlerThread:859230 [handler.py:handle_request_defer():141] handle defer: 0
2021-09-18 23:47:36,495 DEBUG   SenderThread:859230 [sender.py:send_request():193] send_request: defer
2021-09-18 23:47:36,495 INFO    SenderThread:859230 [sender.py:send_request_defer():304] handle sender defer: 0
2021-09-18 23:47:36,495 INFO    SenderThread:859230 [sender.py:transition_state():308] send defer: 1
2021-09-18 23:47:36,495 DEBUG   HandlerThread:859230 [handler.py:handle_request():124] handle_request: defer
2021-09-18 23:47:36,495 INFO    HandlerThread:859230 [handler.py:handle_request_defer():141] handle defer: 1
2021-09-18 23:47:36,576 DEBUG   SenderThread:859230 [sender.py:send_request():193] send_request: defer
2021-09-18 23:47:36,576 INFO    SenderThread:859230 [sender.py:send_request_defer():304] handle sender defer: 1
2021-09-18 23:47:36,576 INFO    SenderThread:859230 [sender.py:transition_state():308] send defer: 2
2021-09-18 23:47:36,576 DEBUG   SenderThread:859230 [sender.py:send():179] send: stats
2021-09-18 23:47:36,576 DEBUG   HandlerThread:859230 [handler.py:handle_request():124] handle_request: defer
2021-09-18 23:47:36,577 INFO    HandlerThread:859230 [handler.py:handle_request_defer():141] handle defer: 2
2021-09-18 23:47:36,577 DEBUG   SenderThread:859230 [sender.py:send_request():193] send_request: defer
2021-09-18 23:47:36,577 INFO    SenderThread:859230 [sender.py:send_request_defer():304] handle sender defer: 2
2021-09-18 23:47:36,577 INFO    SenderThread:859230 [sender.py:transition_state():308] send defer: 3
2021-09-18 23:47:36,577 DEBUG   HandlerThread:859230 [handler.py:handle_request():124] handle_request: defer
2021-09-18 23:47:36,577 INFO    HandlerThread:859230 [handler.py:handle_request_defer():141] handle defer: 3
2021-09-18 23:47:36,577 DEBUG   SenderThread:859230 [sender.py:send():179] send: summary
2021-09-18 23:47:36,578 INFO    SenderThread:859230 [sender.py:_save_file():841] saving file wandb-summary.json with policy end
2021-09-18 23:47:36,578 DEBUG   SenderThread:859230 [sender.py:send_request():193] send_request: defer
2021-09-18 23:47:36,578 INFO    SenderThread:859230 [sender.py:send_request_defer():304] handle sender defer: 3
2021-09-18 23:47:36,578 INFO    SenderThread:859230 [sender.py:transition_state():308] send defer: 4
2021-09-18 23:47:36,578 DEBUG   HandlerThread:859230 [handler.py:handle_request():124] handle_request: defer
2021-09-18 23:47:36,578 INFO    HandlerThread:859230 [handler.py:handle_request_defer():141] handle defer: 4
2021-09-18 23:47:36,578 DEBUG   SenderThread:859230 [sender.py:send_request():193] send_request: defer
2021-09-18 23:47:36,578 INFO    SenderThread:859230 [sender.py:send_request_defer():304] handle sender defer: 4
2021-09-18 23:47:36,596 DEBUG   HandlerThread:859230 [handler.py:handle_request():124] handle_request: poll_exit
2021-09-18 23:47:36,630 INFO    Thread-8  :859230 [dir_watcher.py:_on_file_modified():229] file/dir modified: /grid/koo/home/toneyan/profile/QuantPred/wandb/run-20210918_234655-ajdr25qm/files/wandb-summary.json
2021-09-18 23:47:36,658 INFO    SenderThread:859230 [sender.py:transition_state():308] send defer: 5
2021-09-18 23:47:36,658 DEBUG   SenderThread:859230 [sender.py:send_request():193] send_request: poll_exit
2021-09-18 23:47:36,659 DEBUG   HandlerThread:859230 [handler.py:handle_request():124] handle_request: defer
2021-09-18 23:47:36,659 INFO    HandlerThread:859230 [handler.py:handle_request_defer():141] handle defer: 5
2021-09-18 23:47:36,659 DEBUG   SenderThread:859230 [sender.py:send_request():193] send_request: defer
2021-09-18 23:47:36,659 INFO    SenderThread:859230 [sender.py:send_request_defer():304] handle sender defer: 5
2021-09-18 23:47:36,659 INFO    SenderThread:859230 [dir_watcher.py:finish():282] shutting down directory watcher
2021-09-18 23:47:36,760 DEBUG   HandlerThread:859230 [handler.py:handle_request():124] handle_request: poll_exit
2021-09-18 23:47:37,630 INFO    Thread-8  :859230 [dir_watcher.py:_on_file_modified():229] file/dir modified: /grid/koo/home/toneyan/profile/QuantPred/wandb/run-20210918_234655-ajdr25qm/files/config.yaml
2021-09-18 23:47:37,631 INFO    SenderThread:859230 [dir_watcher.py:finish():312] scan: /grid/koo/home/toneyan/profile/QuantPred/wandb/run-20210918_234655-ajdr25qm/files
2021-09-18 23:47:37,631 INFO    SenderThread:859230 [dir_watcher.py:finish():318] scan save: /grid/koo/home/toneyan/profile/QuantPred/wandb/run-20210918_234655-ajdr25qm/files/wandb-metadata.json wandb-metadata.json
2021-09-18 23:47:37,631 INFO    SenderThread:859230 [dir_watcher.py:finish():318] scan save: /grid/koo/home/toneyan/profile/QuantPred/wandb/run-20210918_234655-ajdr25qm/files/config.yaml config.yaml
2021-09-18 23:47:37,631 INFO    SenderThread:859230 [dir_watcher.py:finish():318] scan save: /grid/koo/home/toneyan/profile/QuantPred/wandb/run-20210918_234655-ajdr25qm/files/requirements.txt requirements.txt
2021-09-18 23:47:37,632 INFO    SenderThread:859230 [dir_watcher.py:finish():318] scan save: /grid/koo/home/toneyan/profile/QuantPred/wandb/run-20210918_234655-ajdr25qm/files/wandb-summary.json wandb-summary.json
2021-09-18 23:47:37,632 INFO    SenderThread:859230 [dir_watcher.py:finish():318] scan save: /grid/koo/home/toneyan/profile/QuantPred/wandb/run-20210918_234655-ajdr25qm/files/output.log output.log
2021-09-18 23:47:37,642 INFO    SenderThread:859230 [sender.py:transition_state():308] send defer: 6
2021-09-18 23:47:37,642 DEBUG   SenderThread:859230 [sender.py:send_request():193] send_request: poll_exit
2021-09-18 23:47:37,643 DEBUG   HandlerThread:859230 [handler.py:handle_request():124] handle_request: defer
2021-09-18 23:47:37,643 INFO    HandlerThread:859230 [handler.py:handle_request_defer():141] handle defer: 6
2021-09-18 23:47:37,643 DEBUG   SenderThread:859230 [sender.py:send_request():193] send_request: defer
2021-09-18 23:47:37,643 INFO    SenderThread:859230 [sender.py:send_request_defer():304] handle sender defer: 6
2021-09-18 23:47:37,643 INFO    SenderThread:859230 [file_pusher.py:finish():177] shutting down file pusher
2021-09-18 23:47:37,744 DEBUG   HandlerThread:859230 [handler.py:handle_request():124] handle_request: poll_exit
2021-09-18 23:47:37,744 DEBUG   SenderThread:859230 [sender.py:send_request():193] send_request: poll_exit
2021-09-18 23:47:37,846 DEBUG   HandlerThread:859230 [handler.py:handle_request():124] handle_request: poll_exit
2021-09-18 23:47:37,846 DEBUG   SenderThread:859230 [sender.py:send_request():193] send_request: poll_exit
2021-09-18 23:47:37,942 INFO    Thread-12 :859230 [upload_job.py:push():137] Uploaded file /grid/koo/home/toneyan/profile/QuantPred/wandb/run-20210918_234655-ajdr25qm/files/config.yaml
2021-09-18 23:47:37,948 DEBUG   HandlerThread:859230 [handler.py:handle_request():124] handle_request: poll_exit
2021-09-18 23:47:37,948 DEBUG   SenderThread:859230 [sender.py:send_request():193] send_request: poll_exit
2021-09-18 23:47:37,956 INFO    Thread-14 :859230 [upload_job.py:push():137] Uploaded file /grid/koo/home/toneyan/profile/QuantPred/wandb/run-20210918_234655-ajdr25qm/files/wandb-summary.json
2021-09-18 23:47:38,050 DEBUG   HandlerThread:859230 [handler.py:handle_request():124] handle_request: poll_exit
2021-09-18 23:47:38,050 DEBUG   SenderThread:859230 [sender.py:send_request():193] send_request: poll_exit
2021-09-18 23:47:38,054 INFO    Thread-13 :859230 [upload_job.py:push():137] Uploaded file /grid/koo/home/toneyan/profile/QuantPred/wandb/run-20210918_234655-ajdr25qm/files/requirements.txt
2021-09-18 23:47:38,152 DEBUG   HandlerThread:859230 [handler.py:handle_request():124] handle_request: poll_exit
2021-09-18 23:47:38,153 DEBUG   SenderThread:859230 [sender.py:send_request():193] send_request: poll_exit
2021-09-18 23:47:38,254 INFO    Thread-7  :859230 [sender.py:transition_state():308] send defer: 7
2021-09-18 23:47:38,254 DEBUG   HandlerThread:859230 [handler.py:handle_request():124] handle_request: poll_exit
2021-09-18 23:47:38,255 DEBUG   HandlerThread:859230 [handler.py:handle_request():124] handle_request: defer
2021-09-18 23:47:38,255 DEBUG   SenderThread:859230 [sender.py:send_request():193] send_request: poll_exit
2021-09-18 23:47:38,255 INFO    HandlerThread:859230 [handler.py:handle_request_defer():141] handle defer: 7
2021-09-18 23:47:38,255 DEBUG   SenderThread:859230 [sender.py:send_request():193] send_request: defer
2021-09-18 23:47:38,255 INFO    SenderThread:859230 [sender.py:send_request_defer():304] handle sender defer: 7
2021-09-18 23:47:38,357 DEBUG   HandlerThread:859230 [handler.py:handle_request():124] handle_request: poll_exit
2021-09-18 23:47:38,376 INFO    SenderThread:859230 [sender.py:transition_state():308] send defer: 8
2021-09-18 23:47:38,376 DEBUG   SenderThread:859230 [sender.py:send_request():193] send_request: poll_exit
2021-09-18 23:47:38,376 DEBUG   HandlerThread:859230 [handler.py:handle_request():124] handle_request: defer
2021-09-18 23:47:38,376 INFO    HandlerThread:859230 [handler.py:handle_request_defer():141] handle defer: 8
2021-09-18 23:47:38,377 DEBUG   SenderThread:859230 [sender.py:send_request():193] send_request: defer
2021-09-18 23:47:38,377 INFO    SenderThread:859230 [sender.py:send_request_defer():304] handle sender defer: 8
2021-09-18 23:47:38,377 INFO    SenderThread:859230 [sender.py:transition_state():308] send defer: 9
2021-09-18 23:47:38,377 DEBUG   SenderThread:859230 [sender.py:send():179] send: final
2021-09-18 23:47:38,377 DEBUG   HandlerThread:859230 [handler.py:handle_request():124] handle_request: defer
2021-09-18 23:47:38,377 DEBUG   SenderThread:859230 [sender.py:send():179] send: footer
2021-09-18 23:47:38,377 INFO    HandlerThread:859230 [handler.py:handle_request_defer():141] handle defer: 9
2021-09-18 23:47:38,377 DEBUG   SenderThread:859230 [sender.py:send_request():193] send_request: defer
2021-09-18 23:47:38,377 INFO    SenderThread:859230 [sender.py:send_request_defer():304] handle sender defer: 9
2021-09-18 23:47:38,481 DEBUG   HandlerThread:859230 [handler.py:handle_request():124] handle_request: poll_exit
2021-09-18 23:47:38,481 DEBUG   SenderThread:859230 [sender.py:send_request():193] send_request: poll_exit
2021-09-18 23:47:38,481 INFO    SenderThread:859230 [file_pusher.py:join():182] waiting for file pusher
2021-09-18 23:47:38,482 DEBUG   HandlerThread:859230 [handler.py:handle_request():124] handle_request: get_summary
2021-09-18 23:47:38,483 DEBUG   HandlerThread:859230 [handler.py:handle_request():124] handle_request: sampled_history
2021-09-18 23:47:38,483 DEBUG   HandlerThread:859230 [handler.py:handle_request():124] handle_request: shutdown
2021-09-18 23:47:38,483 INFO    HandlerThread:859230 [handler.py:finish():638] shutting down handler
2021-09-18 23:47:39,377 INFO    WriterThread:859230 [datastore.py:close():288] close: /grid/koo/home/toneyan/profile/QuantPred/wandb/run-20210918_234655-ajdr25qm/run-ajdr25qm.wandb
2021-09-18 23:47:39,481 INFO    SenderThread:859230 [sender.py:finish():945] shutting down sender
2021-09-18 23:47:39,482 INFO    SenderThread:859230 [file_pusher.py:finish():177] shutting down file pusher
2021-09-18 23:47:39,482 INFO    SenderThread:859230 [file_pusher.py:join():182] waiting for file pusher
2021-09-18 23:47:39,485 INFO    MainThread:859230 [internal.py:handle_exit():78] Internal process exited
