2021-09-19 09:23:40,624 INFO    MainThread:2145974 [internal.py:wandb_internal():91] W&B internal server running at pid: 2145974, started at: 2021-09-19 09:23:40.623492
2021-09-19 09:23:40,625 DEBUG   HandlerThread:2145974 [handler.py:handle_request():124] handle_request: check_version
2021-09-19 09:23:40,625 INFO    WriterThread:2145974 [datastore.py:open_for_write():80] open: /grid/koo/home/toneyan/profile/QuantPred/wandb/run-20210919_092340-ekoyb78z/run-ekoyb78z.wandb
2021-09-19 09:23:40,627 DEBUG   SenderThread:2145974 [sender.py:send():179] send: header
2021-09-19 09:23:40,627 DEBUG   SenderThread:2145974 [sender.py:send_request():193] send_request: check_version
2021-09-19 09:23:40,666 DEBUG   SenderThread:2145974 [sender.py:send():179] send: run
2021-09-19 09:23:40,724 ERROR   SenderThread:2145974 [internal_api.py:execute():130] 429 response executing GraphQL.
2021-09-19 09:23:40,724 ERROR   SenderThread:2145974 [internal_api.py:execute():131] {"error":"rate limit exceeded"}

2021-09-19 09:23:41,884 ERROR   SenderThread:2145974 [internal_api.py:execute():130] 429 response executing GraphQL.
2021-09-19 09:23:41,884 ERROR   SenderThread:2145974 [internal_api.py:execute():131] {"error":"rate limit exceeded"}

2021-09-19 09:23:44,272 ERROR   SenderThread:2145974 [internal_api.py:execute():130] 429 response executing GraphQL.
2021-09-19 09:23:44,272 ERROR   SenderThread:2145974 [internal_api.py:execute():131] {"error":"rate limit exceeded"}

2021-09-19 09:23:44,272 ERROR   SenderThread:2145974 [retry.py:__call__():126] Retry attempt failed:
Traceback (most recent call last):
  File "/usr/local/lib/python3.6/dist-packages/wandb/sdk/lib/retry.py", line 102, in __call__
    result = self._call_fn(*args, **kwargs)
  File "/usr/local/lib/python3.6/dist-packages/wandb/sdk/internal/internal_api.py", line 133, in execute
    six.reraise(*sys.exc_info())
  File "/usr/local/lib/python3.6/dist-packages/six.py", line 719, in reraise
    raise value
  File "/usr/local/lib/python3.6/dist-packages/wandb/sdk/internal/internal_api.py", line 127, in execute
    return self.client.execute(*args, **kwargs)
  File "/usr/local/lib/python3.6/dist-packages/wandb/vendor/gql-0.2.0/gql/client.py", line 52, in execute
    result = self._get_result(document, *args, **kwargs)
  File "/usr/local/lib/python3.6/dist-packages/wandb/vendor/gql-0.2.0/gql/client.py", line 60, in _get_result
    return self.transport.execute(document, *args, **kwargs)
  File "/usr/local/lib/python3.6/dist-packages/wandb/vendor/gql-0.2.0/gql/transport/requests.py", line 39, in execute
    request.raise_for_status()
  File "/usr/local/lib/python3.6/dist-packages/requests/models.py", line 943, in raise_for_status
    raise HTTPError(http_error_msg, response=self)
requests.exceptions.HTTPError: 429 Client Error: Too Many Requests for url: https://api.wandb.ai/graphql
2021-09-19 09:23:49,440 INFO    SenderThread:2145974 [dir_watcher.py:__init__():168] watching files in: /grid/koo/home/toneyan/profile/QuantPred/wandb/run-20210919_092340-ekoyb78z/files
2021-09-19 09:23:49,440 INFO    SenderThread:2145974 [sender.py:_start_run_threads():719] run started: ekoyb78z with start time 1632057820
2021-09-19 09:23:49,440 DEBUG   SenderThread:2145974 [sender.py:send():179] send: summary
2021-09-19 09:23:49,441 INFO    SenderThread:2145974 [sender.py:_save_file():841] saving file wandb-summary.json with policy end
2021-09-19 09:23:49,441 DEBUG   HandlerThread:2145974 [handler.py:handle_request():124] handle_request: run_start
2021-09-19 09:23:50,426 DEBUG   HandlerThread:2145974 [meta.py:__init__():39] meta init
2021-09-19 09:23:50,426 DEBUG   HandlerThread:2145974 [meta.py:__init__():53] meta init done
2021-09-19 09:23:50,426 DEBUG   HandlerThread:2145974 [meta.py:probe():210] probe
2021-09-19 09:23:50,432 DEBUG   HandlerThread:2145974 [meta.py:_save_pip():57] save pip
2021-09-19 09:23:50,433 DEBUG   HandlerThread:2145974 [meta.py:_save_pip():71] save pip done
2021-09-19 09:23:50,433 DEBUG   HandlerThread:2145974 [meta.py:probe():252] probe done
2021-09-19 09:23:50,435 DEBUG   SenderThread:2145974 [sender.py:send():179] send: files
2021-09-19 09:23:50,436 INFO    SenderThread:2145974 [sender.py:_save_file():841] saving file wandb-metadata.json with policy now
2021-09-19 09:23:50,442 INFO    Thread-8  :2145974 [dir_watcher.py:_on_file_created():216] file/dir created: /grid/koo/home/toneyan/profile/QuantPred/wandb/run-20210919_092340-ekoyb78z/files/wandb-metadata.json
2021-09-19 09:23:50,442 INFO    Thread-8  :2145974 [dir_watcher.py:_on_file_created():216] file/dir created: /grid/koo/home/toneyan/profile/QuantPred/wandb/run-20210919_092340-ekoyb78z/files/requirements.txt
2021-09-19 09:23:50,443 INFO    Thread-8  :2145974 [dir_watcher.py:_on_file_created():216] file/dir created: /grid/koo/home/toneyan/profile/QuantPred/wandb/run-20210919_092340-ekoyb78z/files/wandb-summary.json
2021-09-19 09:23:50,444 DEBUG   HandlerThread:2145974 [handler.py:handle_request():124] handle_request: stop_status
2021-09-19 09:23:50,444 DEBUG   SenderThread:2145974 [sender.py:send_request():193] send_request: stop_status
2021-09-19 09:23:50,840 INFO    Thread-11 :2145974 [upload_job.py:push():137] Uploaded file /tmp/3288844.1.gpu.q/tmpj_yduhvvwandb/38qaac6w-wandb-metadata.json
2021-09-19 09:23:51,441 INFO    Thread-8  :2145974 [dir_watcher.py:_on_file_created():216] file/dir created: /grid/koo/home/toneyan/profile/QuantPred/wandb/run-20210919_092340-ekoyb78z/files/output.log
2021-09-19 09:24:05,503 DEBUG   HandlerThread:2145974 [handler.py:handle_request():124] handle_request: stop_status
2021-09-19 09:24:05,503 DEBUG   SenderThread:2145974 [sender.py:send_request():193] send_request: stop_status
2021-09-19 09:24:05,559 ERROR   SenderThread:2145974 [internal_api.py:execute():130] 429 response executing GraphQL.
2021-09-19 09:24:05,559 ERROR   SenderThread:2145974 [internal_api.py:execute():131] {"error":"rate limit exceeded"}

2021-09-19 09:24:06,781 ERROR   SenderThread:2145974 [internal_api.py:execute():130] 429 response executing GraphQL.
2021-09-19 09:24:06,781 ERROR   SenderThread:2145974 [internal_api.py:execute():131] {"error":"rate limit exceeded"}

2021-09-19 09:24:09,331 ERROR   SenderThread:2145974 [internal_api.py:execute():130] 429 response executing GraphQL.
2021-09-19 09:24:09,332 ERROR   SenderThread:2145974 [internal_api.py:execute():131] {"error":"rate limit exceeded"}

2021-09-19 09:24:09,332 ERROR   SenderThread:2145974 [retry.py:__call__():126] Retry attempt failed:
Traceback (most recent call last):
  File "/usr/local/lib/python3.6/dist-packages/wandb/sdk/lib/retry.py", line 102, in __call__
    result = self._call_fn(*args, **kwargs)
  File "/usr/local/lib/python3.6/dist-packages/wandb/sdk/internal/internal_api.py", line 133, in execute
    six.reraise(*sys.exc_info())
  File "/usr/local/lib/python3.6/dist-packages/six.py", line 719, in reraise
    raise value
  File "/usr/local/lib/python3.6/dist-packages/wandb/sdk/internal/internal_api.py", line 127, in execute
    return self.client.execute(*args, **kwargs)
  File "/usr/local/lib/python3.6/dist-packages/wandb/vendor/gql-0.2.0/gql/client.py", line 52, in execute
    result = self._get_result(document, *args, **kwargs)
  File "/usr/local/lib/python3.6/dist-packages/wandb/vendor/gql-0.2.0/gql/client.py", line 60, in _get_result
    return self.transport.execute(document, *args, **kwargs)
  File "/usr/local/lib/python3.6/dist-packages/wandb/vendor/gql-0.2.0/gql/transport/requests.py", line 39, in execute
    request.raise_for_status()
  File "/usr/local/lib/python3.6/dist-packages/requests/models.py", line 943, in raise_for_status
    raise HTTPError(http_error_msg, response=self)
requests.exceptions.HTTPError: 429 Client Error: Too Many Requests for url: https://api.wandb.ai/graphql
2021-09-19 09:24:13,428 ERROR   SenderThread:2145974 [internal_api.py:execute():130] 429 response executing GraphQL.
2021-09-19 09:24:13,428 ERROR   SenderThread:2145974 [internal_api.py:execute():131] {"error":"rate limit exceeded"}

2021-09-19 09:24:22,428 DEBUG   HandlerThread:2145974 [handler.py:handle_request():124] handle_request: poll_exit
2021-09-19 09:24:23,269 DEBUG   SenderThread:2145974 [sender.py:send():179] send: stats
2021-09-19 09:24:23,269 DEBUG   SenderThread:2145974 [sender.py:send():179] send: telemetry
2021-09-19 09:24:23,271 DEBUG   SenderThread:2145974 [sender.py:send():179] send: exit
2021-09-19 09:24:23,271 INFO    SenderThread:2145974 [sender.py:send_exit():287] handling exit code: 1
2021-09-19 09:24:23,271 INFO    SenderThread:2145974 [sender.py:send_exit():295] send defer
2021-09-19 09:24:23,271 DEBUG   SenderThread:2145974 [sender.py:send_request():193] send_request: poll_exit
2021-09-19 09:24:23,272 DEBUG   HandlerThread:2145974 [handler.py:handle_request():124] handle_request: defer
2021-09-19 09:24:23,272 INFO    HandlerThread:2145974 [handler.py:handle_request_defer():141] handle defer: 0
2021-09-19 09:24:23,272 DEBUG   SenderThread:2145974 [sender.py:send_request():193] send_request: defer
2021-09-19 09:24:23,272 INFO    SenderThread:2145974 [sender.py:send_request_defer():304] handle sender defer: 0
2021-09-19 09:24:23,272 INFO    SenderThread:2145974 [sender.py:transition_state():308] send defer: 1
2021-09-19 09:24:23,272 DEBUG   HandlerThread:2145974 [handler.py:handle_request():124] handle_request: defer
2021-09-19 09:24:23,272 INFO    HandlerThread:2145974 [handler.py:handle_request_defer():141] handle defer: 1
2021-09-19 09:24:23,389 DEBUG   SenderThread:2145974 [sender.py:send_request():193] send_request: defer
2021-09-19 09:24:23,389 DEBUG   HandlerThread:2145974 [handler.py:handle_request():124] handle_request: poll_exit
2021-09-19 09:24:23,389 INFO    SenderThread:2145974 [sender.py:send_request_defer():304] handle sender defer: 1
2021-09-19 09:24:23,389 INFO    SenderThread:2145974 [sender.py:transition_state():308] send defer: 2
2021-09-19 09:24:23,389 DEBUG   SenderThread:2145974 [sender.py:send_request():193] send_request: poll_exit
2021-09-19 09:24:23,390 DEBUG   SenderThread:2145974 [sender.py:send():179] send: stats
2021-09-19 09:24:23,390 DEBUG   HandlerThread:2145974 [handler.py:handle_request():124] handle_request: defer
2021-09-19 09:24:23,390 INFO    HandlerThread:2145974 [handler.py:handle_request_defer():141] handle defer: 2
2021-09-19 09:24:23,390 DEBUG   SenderThread:2145974 [sender.py:send_request():193] send_request: defer
2021-09-19 09:24:23,390 INFO    SenderThread:2145974 [sender.py:send_request_defer():304] handle sender defer: 2
2021-09-19 09:24:23,390 INFO    SenderThread:2145974 [sender.py:transition_state():308] send defer: 3
2021-09-19 09:24:23,390 DEBUG   HandlerThread:2145974 [handler.py:handle_request():124] handle_request: defer
2021-09-19 09:24:23,390 INFO    HandlerThread:2145974 [handler.py:handle_request_defer():141] handle defer: 3
2021-09-19 09:24:23,391 DEBUG   SenderThread:2145974 [sender.py:send():179] send: summary
2021-09-19 09:24:23,391 INFO    SenderThread:2145974 [sender.py:_save_file():841] saving file wandb-summary.json with policy end
2021-09-19 09:24:23,391 DEBUG   SenderThread:2145974 [sender.py:send_request():193] send_request: defer
2021-09-19 09:24:23,391 INFO    SenderThread:2145974 [sender.py:send_request_defer():304] handle sender defer: 3
2021-09-19 09:24:23,391 INFO    SenderThread:2145974 [sender.py:transition_state():308] send defer: 4
2021-09-19 09:24:23,391 DEBUG   HandlerThread:2145974 [handler.py:handle_request():124] handle_request: defer
2021-09-19 09:24:23,391 INFO    HandlerThread:2145974 [handler.py:handle_request_defer():141] handle defer: 4
2021-09-19 09:24:23,391 DEBUG   SenderThread:2145974 [sender.py:send_request():193] send_request: defer
2021-09-19 09:24:23,392 INFO    SenderThread:2145974 [sender.py:send_request_defer():304] handle sender defer: 4
2021-09-19 09:24:23,454 INFO    Thread-8  :2145974 [dir_watcher.py:_on_file_modified():229] file/dir modified: /grid/koo/home/toneyan/profile/QuantPred/wandb/run-20210919_092340-ekoyb78z/files/wandb-summary.json
2021-09-19 09:24:23,491 DEBUG   HandlerThread:2145974 [handler.py:handle_request():124] handle_request: poll_exit
2021-09-19 09:24:23,733 INFO    SenderThread:2145974 [sender.py:transition_state():308] send defer: 5
2021-09-19 09:24:23,733 DEBUG   SenderThread:2145974 [sender.py:send_request():193] send_request: poll_exit
2021-09-19 09:24:23,733 DEBUG   HandlerThread:2145974 [handler.py:handle_request():124] handle_request: defer
2021-09-19 09:24:23,734 INFO    HandlerThread:2145974 [handler.py:handle_request_defer():141] handle defer: 5
2021-09-19 09:24:23,734 DEBUG   SenderThread:2145974 [sender.py:send_request():193] send_request: defer
2021-09-19 09:24:23,734 INFO    SenderThread:2145974 [sender.py:send_request_defer():304] handle sender defer: 5
2021-09-19 09:24:23,734 INFO    SenderThread:2145974 [dir_watcher.py:finish():282] shutting down directory watcher
2021-09-19 09:24:23,834 DEBUG   HandlerThread:2145974 [handler.py:handle_request():124] handle_request: poll_exit
2021-09-19 09:24:24,454 INFO    Thread-8  :2145974 [dir_watcher.py:_on_file_modified():229] file/dir modified: /grid/koo/home/toneyan/profile/QuantPred/wandb/run-20210919_092340-ekoyb78z/files/config.yaml
2021-09-19 09:24:24,454 INFO    SenderThread:2145974 [dir_watcher.py:finish():312] scan: /grid/koo/home/toneyan/profile/QuantPred/wandb/run-20210919_092340-ekoyb78z/files
2021-09-19 09:24:24,455 INFO    SenderThread:2145974 [dir_watcher.py:finish():318] scan save: /grid/koo/home/toneyan/profile/QuantPred/wandb/run-20210919_092340-ekoyb78z/files/wandb-metadata.json wandb-metadata.json
2021-09-19 09:24:24,455 INFO    SenderThread:2145974 [dir_watcher.py:finish():318] scan save: /grid/koo/home/toneyan/profile/QuantPred/wandb/run-20210919_092340-ekoyb78z/files/config.yaml config.yaml
2021-09-19 09:24:24,455 INFO    SenderThread:2145974 [dir_watcher.py:finish():318] scan save: /grid/koo/home/toneyan/profile/QuantPred/wandb/run-20210919_092340-ekoyb78z/files/requirements.txt requirements.txt
2021-09-19 09:24:24,455 INFO    SenderThread:2145974 [dir_watcher.py:finish():318] scan save: /grid/koo/home/toneyan/profile/QuantPred/wandb/run-20210919_092340-ekoyb78z/files/wandb-summary.json wandb-summary.json
2021-09-19 09:24:24,460 INFO    SenderThread:2145974 [dir_watcher.py:finish():318] scan save: /grid/koo/home/toneyan/profile/QuantPred/wandb/run-20210919_092340-ekoyb78z/files/output.log output.log
2021-09-19 09:24:24,465 INFO    SenderThread:2145974 [sender.py:transition_state():308] send defer: 6
2021-09-19 09:24:24,465 DEBUG   SenderThread:2145974 [sender.py:send_request():193] send_request: poll_exit
2021-09-19 09:24:24,466 DEBUG   HandlerThread:2145974 [handler.py:handle_request():124] handle_request: defer
2021-09-19 09:24:24,466 INFO    HandlerThread:2145974 [handler.py:handle_request_defer():141] handle defer: 6
2021-09-19 09:24:24,466 DEBUG   SenderThread:2145974 [sender.py:send_request():193] send_request: defer
2021-09-19 09:24:24,466 INFO    SenderThread:2145974 [sender.py:send_request_defer():304] handle sender defer: 6
2021-09-19 09:24:24,466 INFO    SenderThread:2145974 [file_pusher.py:finish():177] shutting down file pusher
2021-09-19 09:24:24,518 ERROR   Thread-12 :2145974 [internal_api.py:execute():130] 429 response executing GraphQL.
2021-09-19 09:24:24,518 ERROR   Thread-12 :2145974 [internal_api.py:execute():131] {"error":"rate limit exceeded"}

2021-09-19 09:24:24,519 ERROR   Thread-13 :2145974 [internal_api.py:execute():130] 429 response executing GraphQL.
2021-09-19 09:24:24,519 ERROR   Thread-13 :2145974 [internal_api.py:execute():131] {"error":"rate limit exceeded"}

2021-09-19 09:24:24,522 ERROR   Thread-14 :2145974 [internal_api.py:execute():130] 429 response executing GraphQL.
2021-09-19 09:24:24,522 ERROR   Thread-14 :2145974 [internal_api.py:execute():131] {"error":"rate limit exceeded"}

2021-09-19 09:24:24,571 DEBUG   HandlerThread:2145974 [handler.py:handle_request():124] handle_request: poll_exit
2021-09-19 09:24:24,571 DEBUG   SenderThread:2145974 [sender.py:send_request():193] send_request: poll_exit
2021-09-19 09:24:24,672 DEBUG   HandlerThread:2145974 [handler.py:handle_request():124] handle_request: poll_exit
2021-09-19 09:24:24,672 DEBUG   SenderThread:2145974 [sender.py:send_request():193] send_request: poll_exit
2021-09-19 09:24:24,773 DEBUG   HandlerThread:2145974 [handler.py:handle_request():124] handle_request: poll_exit
2021-09-19 09:24:24,774 DEBUG   SenderThread:2145974 [sender.py:send_request():193] send_request: poll_exit
2021-09-19 09:24:24,875 DEBUG   HandlerThread:2145974 [handler.py:handle_request():124] handle_request: poll_exit
2021-09-19 09:24:24,875 DEBUG   SenderThread:2145974 [sender.py:send_request():193] send_request: poll_exit
2021-09-19 09:24:24,976 DEBUG   HandlerThread:2145974 [handler.py:handle_request():124] handle_request: poll_exit
2021-09-19 09:24:24,976 DEBUG   SenderThread:2145974 [sender.py:send_request():193] send_request: poll_exit
2021-09-19 09:24:25,077 DEBUG   HandlerThread:2145974 [handler.py:handle_request():124] handle_request: poll_exit
2021-09-19 09:24:25,077 DEBUG   SenderThread:2145974 [sender.py:send_request():193] send_request: poll_exit
2021-09-19 09:24:25,178 DEBUG   HandlerThread:2145974 [handler.py:handle_request():124] handle_request: poll_exit
2021-09-19 09:24:25,179 DEBUG   SenderThread:2145974 [sender.py:send_request():193] send_request: poll_exit
2021-09-19 09:24:25,280 DEBUG   HandlerThread:2145974 [handler.py:handle_request():124] handle_request: poll_exit
2021-09-19 09:24:25,280 DEBUG   SenderThread:2145974 [sender.py:send_request():193] send_request: poll_exit
2021-09-19 09:24:25,381 DEBUG   HandlerThread:2145974 [handler.py:handle_request():124] handle_request: poll_exit
2021-09-19 09:24:25,381 DEBUG   SenderThread:2145974 [sender.py:send_request():193] send_request: poll_exit
2021-09-19 09:24:25,482 DEBUG   HandlerThread:2145974 [handler.py:handle_request():124] handle_request: poll_exit
2021-09-19 09:24:25,482 DEBUG   SenderThread:2145974 [sender.py:send_request():193] send_request: poll_exit
2021-09-19 09:24:25,583 DEBUG   HandlerThread:2145974 [handler.py:handle_request():124] handle_request: poll_exit
2021-09-19 09:24:25,584 DEBUG   SenderThread:2145974 [sender.py:send_request():193] send_request: poll_exit
2021-09-19 09:24:25,659 ERROR   Thread-12 :2145974 [internal_api.py:execute():130] 429 response executing GraphQL.
2021-09-19 09:24:25,659 ERROR   Thread-12 :2145974 [internal_api.py:execute():131] {"error":"rate limit exceeded"}

2021-09-19 09:24:25,689 DEBUG   HandlerThread:2145974 [handler.py:handle_request():124] handle_request: poll_exit
2021-09-19 09:24:25,689 DEBUG   SenderThread:2145974 [sender.py:send_request():193] send_request: poll_exit
2021-09-19 09:24:25,773 ERROR   Thread-13 :2145974 [internal_api.py:execute():130] 429 response executing GraphQL.
2021-09-19 09:24:25,773 ERROR   Thread-13 :2145974 [internal_api.py:execute():131] {"error":"rate limit exceeded"}

2021-09-19 09:24:25,790 DEBUG   HandlerThread:2145974 [handler.py:handle_request():124] handle_request: poll_exit
2021-09-19 09:24:25,790 DEBUG   SenderThread:2145974 [sender.py:send_request():193] send_request: poll_exit
2021-09-19 09:24:25,799 ERROR   Thread-14 :2145974 [internal_api.py:execute():130] 429 response executing GraphQL.
2021-09-19 09:24:25,799 ERROR   Thread-14 :2145974 [internal_api.py:execute():131] {"error":"rate limit exceeded"}

2021-09-19 09:24:25,891 DEBUG   HandlerThread:2145974 [handler.py:handle_request():124] handle_request: poll_exit
2021-09-19 09:24:25,892 DEBUG   SenderThread:2145974 [sender.py:send_request():193] send_request: poll_exit
2021-09-19 09:24:25,993 DEBUG   HandlerThread:2145974 [handler.py:handle_request():124] handle_request: poll_exit
2021-09-19 09:24:25,993 DEBUG   SenderThread:2145974 [sender.py:send_request():193] send_request: poll_exit
2021-09-19 09:24:26,094 DEBUG   HandlerThread:2145974 [handler.py:handle_request():124] handle_request: poll_exit
2021-09-19 09:24:26,094 DEBUG   SenderThread:2145974 [sender.py:send_request():193] send_request: poll_exit
2021-09-19 09:24:26,195 DEBUG   HandlerThread:2145974 [handler.py:handle_request():124] handle_request: poll_exit
2021-09-19 09:24:26,195 DEBUG   SenderThread:2145974 [sender.py:send_request():193] send_request: poll_exit
2021-09-19 09:24:26,297 DEBUG   HandlerThread:2145974 [handler.py:handle_request():124] handle_request: poll_exit
2021-09-19 09:24:26,297 DEBUG   SenderThread:2145974 [sender.py:send_request():193] send_request: poll_exit
2021-09-19 09:24:26,398 DEBUG   HandlerThread:2145974 [handler.py:handle_request():124] handle_request: poll_exit
2021-09-19 09:24:26,398 DEBUG   SenderThread:2145974 [sender.py:send_request():193] send_request: poll_exit
2021-09-19 09:24:26,499 DEBUG   HandlerThread:2145974 [handler.py:handle_request():124] handle_request: poll_exit
2021-09-19 09:24:26,499 DEBUG   SenderThread:2145974 [sender.py:send_request():193] send_request: poll_exit
2021-09-19 09:24:26,600 DEBUG   HandlerThread:2145974 [handler.py:handle_request():124] handle_request: poll_exit
2021-09-19 09:24:26,601 DEBUG   SenderThread:2145974 [sender.py:send_request():193] send_request: poll_exit
2021-09-19 09:24:26,702 DEBUG   HandlerThread:2145974 [handler.py:handle_request():124] handle_request: poll_exit
2021-09-19 09:24:26,702 DEBUG   SenderThread:2145974 [sender.py:send_request():193] send_request: poll_exit
2021-09-19 09:24:26,803 DEBUG   HandlerThread:2145974 [handler.py:handle_request():124] handle_request: poll_exit
2021-09-19 09:24:26,803 DEBUG   SenderThread:2145974 [sender.py:send_request():193] send_request: poll_exit
2021-09-19 09:24:26,904 DEBUG   HandlerThread:2145974 [handler.py:handle_request():124] handle_request: poll_exit
2021-09-19 09:24:26,904 DEBUG   SenderThread:2145974 [sender.py:send_request():193] send_request: poll_exit
2021-09-19 09:24:27,005 DEBUG   HandlerThread:2145974 [handler.py:handle_request():124] handle_request: poll_exit
2021-09-19 09:24:27,005 DEBUG   SenderThread:2145974 [sender.py:send_request():193] send_request: poll_exit
2021-09-19 09:24:27,107 DEBUG   HandlerThread:2145974 [handler.py:handle_request():124] handle_request: poll_exit
2021-09-19 09:24:27,107 DEBUG   SenderThread:2145974 [sender.py:send_request():193] send_request: poll_exit
2021-09-19 09:24:27,208 DEBUG   HandlerThread:2145974 [handler.py:handle_request():124] handle_request: poll_exit
2021-09-19 09:24:27,208 DEBUG   SenderThread:2145974 [sender.py:send_request():193] send_request: poll_exit
2021-09-19 09:24:27,309 DEBUG   HandlerThread:2145974 [handler.py:handle_request():124] handle_request: poll_exit
2021-09-19 09:24:27,309 DEBUG   SenderThread:2145974 [sender.py:send_request():193] send_request: poll_exit
2021-09-19 09:24:27,410 DEBUG   HandlerThread:2145974 [handler.py:handle_request():124] handle_request: poll_exit
2021-09-19 09:24:27,410 DEBUG   SenderThread:2145974 [sender.py:send_request():193] send_request: poll_exit
2021-09-19 09:24:27,512 DEBUG   HandlerThread:2145974 [handler.py:handle_request():124] handle_request: poll_exit
2021-09-19 09:24:27,512 DEBUG   SenderThread:2145974 [sender.py:send_request():193] send_request: poll_exit
2021-09-19 09:24:27,613 DEBUG   HandlerThread:2145974 [handler.py:handle_request():124] handle_request: poll_exit
2021-09-19 09:24:27,613 DEBUG   SenderThread:2145974 [sender.py:send_request():193] send_request: poll_exit
2021-09-19 09:24:27,721 DEBUG   HandlerThread:2145974 [handler.py:handle_request():124] handle_request: poll_exit
2021-09-19 09:24:27,722 DEBUG   SenderThread:2145974 [sender.py:send_request():193] send_request: poll_exit
2021-09-19 09:24:27,827 DEBUG   HandlerThread:2145974 [handler.py:handle_request():124] handle_request: poll_exit
2021-09-19 09:24:27,828 DEBUG   SenderThread:2145974 [sender.py:send_request():193] send_request: poll_exit
2021-09-19 09:24:27,865 ERROR   Thread-13 :2145974 [internal_api.py:execute():130] 429 response executing GraphQL.
2021-09-19 09:24:27,865 ERROR   Thread-13 :2145974 [internal_api.py:execute():131] {"error":"rate limit exceeded"}

2021-09-19 09:24:27,902 ERROR   Thread-12 :2145974 [internal_api.py:execute():130] 429 response executing GraphQL.
2021-09-19 09:24:27,902 ERROR   Thread-12 :2145974 [internal_api.py:execute():131] {"error":"rate limit exceeded"}

2021-09-19 09:24:27,934 DEBUG   HandlerThread:2145974 [handler.py:handle_request():124] handle_request: poll_exit
2021-09-19 09:24:27,934 DEBUG   SenderThread:2145974 [sender.py:send_request():193] send_request: poll_exit
2021-09-19 09:24:28,040 DEBUG   HandlerThread:2145974 [handler.py:handle_request():124] handle_request: poll_exit
2021-09-19 09:24:28,040 DEBUG   SenderThread:2145974 [sender.py:send_request():193] send_request: poll_exit
2021-09-19 09:24:28,146 DEBUG   HandlerThread:2145974 [handler.py:handle_request():124] handle_request: poll_exit
2021-09-19 09:24:28,146 DEBUG   SenderThread:2145974 [sender.py:send_request():193] send_request: poll_exit
2021-09-19 09:24:28,221 ERROR   Thread-14 :2145974 [internal_api.py:execute():130] 429 response executing GraphQL.
2021-09-19 09:24:28,222 ERROR   Thread-14 :2145974 [internal_api.py:execute():131] {"error":"rate limit exceeded"}

2021-09-19 09:24:28,252 DEBUG   HandlerThread:2145974 [handler.py:handle_request():124] handle_request: poll_exit
2021-09-19 09:24:28,252 DEBUG   SenderThread:2145974 [sender.py:send_request():193] send_request: poll_exit
2021-09-19 09:24:28,353 DEBUG   HandlerThread:2145974 [handler.py:handle_request():124] handle_request: poll_exit
2021-09-19 09:24:28,353 DEBUG   SenderThread:2145974 [sender.py:send_request():193] send_request: poll_exit
2021-09-19 09:24:28,454 DEBUG   HandlerThread:2145974 [handler.py:handle_request():124] handle_request: poll_exit
2021-09-19 09:24:28,454 DEBUG   SenderThread:2145974 [sender.py:send_request():193] send_request: poll_exit
2021-09-19 09:24:28,555 DEBUG   HandlerThread:2145974 [handler.py:handle_request():124] handle_request: poll_exit
2021-09-19 09:24:28,555 DEBUG   SenderThread:2145974 [sender.py:send_request():193] send_request: poll_exit
2021-09-19 09:24:28,656 DEBUG   HandlerThread:2145974 [handler.py:handle_request():124] handle_request: poll_exit
2021-09-19 09:24:28,657 DEBUG   SenderThread:2145974 [sender.py:send_request():193] send_request: poll_exit
2021-09-19 09:24:28,763 DEBUG   HandlerThread:2145974 [handler.py:handle_request():124] handle_request: poll_exit
2021-09-19 09:24:28,763 DEBUG   SenderThread:2145974 [sender.py:send_request():193] send_request: poll_exit
2021-09-19 09:24:28,864 DEBUG   HandlerThread:2145974 [handler.py:handle_request():124] handle_request: poll_exit
2021-09-19 09:24:28,864 DEBUG   SenderThread:2145974 [sender.py:send_request():193] send_request: poll_exit
2021-09-19 09:24:28,965 DEBUG   HandlerThread:2145974 [handler.py:handle_request():124] handle_request: poll_exit
2021-09-19 09:24:28,965 DEBUG   SenderThread:2145974 [sender.py:send_request():193] send_request: poll_exit
2021-09-19 09:24:29,066 DEBUG   HandlerThread:2145974 [handler.py:handle_request():124] handle_request: poll_exit
2021-09-19 09:24:29,067 DEBUG   SenderThread:2145974 [sender.py:send_request():193] send_request: poll_exit
2021-09-19 09:24:29,168 DEBUG   HandlerThread:2145974 [handler.py:handle_request():124] handle_request: poll_exit
2021-09-19 09:24:29,168 DEBUG   SenderThread:2145974 [sender.py:send_request():193] send_request: poll_exit
2021-09-19 09:24:29,269 DEBUG   HandlerThread:2145974 [handler.py:handle_request():124] handle_request: poll_exit
2021-09-19 09:24:29,269 DEBUG   SenderThread:2145974 [sender.py:send_request():193] send_request: poll_exit
2021-09-19 09:24:29,370 DEBUG   HandlerThread:2145974 [handler.py:handle_request():124] handle_request: poll_exit
2021-09-19 09:24:29,370 DEBUG   SenderThread:2145974 [sender.py:send_request():193] send_request: poll_exit
2021-09-19 09:24:29,471 DEBUG   HandlerThread:2145974 [handler.py:handle_request():124] handle_request: poll_exit
2021-09-19 09:24:29,471 DEBUG   SenderThread:2145974 [sender.py:send_request():193] send_request: poll_exit
2021-09-19 09:24:29,573 DEBUG   HandlerThread:2145974 [handler.py:handle_request():124] handle_request: poll_exit
2021-09-19 09:24:29,573 DEBUG   SenderThread:2145974 [sender.py:send_request():193] send_request: poll_exit
2021-09-19 09:24:29,674 DEBUG   HandlerThread:2145974 [handler.py:handle_request():124] handle_request: poll_exit
2021-09-19 09:24:29,674 DEBUG   SenderThread:2145974 [sender.py:send_request():193] send_request: poll_exit
2021-09-19 09:24:29,775 DEBUG   HandlerThread:2145974 [handler.py:handle_request():124] handle_request: poll_exit
2021-09-19 09:24:29,775 DEBUG   SenderThread:2145974 [sender.py:send_request():193] send_request: poll_exit
2021-09-19 09:24:29,877 DEBUG   HandlerThread:2145974 [handler.py:handle_request():124] handle_request: poll_exit
2021-09-19 09:24:29,877 DEBUG   SenderThread:2145974 [sender.py:send_request():193] send_request: poll_exit
2021-09-19 09:24:29,978 DEBUG   HandlerThread:2145974 [handler.py:handle_request():124] handle_request: poll_exit
2021-09-19 09:24:29,978 DEBUG   SenderThread:2145974 [sender.py:send_request():193] send_request: poll_exit
2021-09-19 09:24:30,079 DEBUG   HandlerThread:2145974 [handler.py:handle_request():124] handle_request: poll_exit
2021-09-19 09:24:30,079 DEBUG   SenderThread:2145974 [sender.py:send_request():193] send_request: poll_exit
2021-09-19 09:24:30,180 DEBUG   HandlerThread:2145974 [handler.py:handle_request():124] handle_request: poll_exit
2021-09-19 09:24:30,180 DEBUG   SenderThread:2145974 [sender.py:send_request():193] send_request: poll_exit
2021-09-19 09:24:30,282 DEBUG   HandlerThread:2145974 [handler.py:handle_request():124] handle_request: poll_exit
2021-09-19 09:24:30,282 DEBUG   SenderThread:2145974 [sender.py:send_request():193] send_request: poll_exit
2021-09-19 09:24:30,383 DEBUG   HandlerThread:2145974 [handler.py:handle_request():124] handle_request: poll_exit
2021-09-19 09:24:30,383 DEBUG   SenderThread:2145974 [sender.py:send_request():193] send_request: poll_exit
2021-09-19 09:24:30,484 DEBUG   HandlerThread:2145974 [handler.py:handle_request():124] handle_request: poll_exit
2021-09-19 09:24:30,484 DEBUG   SenderThread:2145974 [sender.py:send_request():193] send_request: poll_exit
2021-09-19 09:24:30,586 DEBUG   HandlerThread:2145974 [handler.py:handle_request():124] handle_request: poll_exit
2021-09-19 09:24:30,586 DEBUG   SenderThread:2145974 [sender.py:send_request():193] send_request: poll_exit
2021-09-19 09:24:30,705 DEBUG   HandlerThread:2145974 [handler.py:handle_request():124] handle_request: poll_exit
2021-09-19 09:24:30,705 DEBUG   SenderThread:2145974 [sender.py:send_request():193] send_request: poll_exit
2021-09-19 09:24:30,806 DEBUG   HandlerThread:2145974 [handler.py:handle_request():124] handle_request: poll_exit
2021-09-19 09:24:30,806 DEBUG   SenderThread:2145974 [sender.py:send_request():193] send_request: poll_exit
2021-09-19 09:24:30,907 DEBUG   HandlerThread:2145974 [handler.py:handle_request():124] handle_request: poll_exit
2021-09-19 09:24:30,908 DEBUG   SenderThread:2145974 [sender.py:send_request():193] send_request: poll_exit
2021-09-19 09:24:31,010 DEBUG   HandlerThread:2145974 [handler.py:handle_request():124] handle_request: poll_exit
2021-09-19 09:24:31,010 DEBUG   SenderThread:2145974 [sender.py:send_request():193] send_request: poll_exit
2021-09-19 09:24:31,111 DEBUG   HandlerThread:2145974 [handler.py:handle_request():124] handle_request: poll_exit
2021-09-19 09:24:31,111 DEBUG   SenderThread:2145974 [sender.py:send_request():193] send_request: poll_exit
2021-09-19 09:24:31,212 DEBUG   HandlerThread:2145974 [handler.py:handle_request():124] handle_request: poll_exit
2021-09-19 09:24:31,212 DEBUG   SenderThread:2145974 [sender.py:send_request():193] send_request: poll_exit
2021-09-19 09:24:31,313 DEBUG   HandlerThread:2145974 [handler.py:handle_request():124] handle_request: poll_exit
2021-09-19 09:24:31,314 DEBUG   SenderThread:2145974 [sender.py:send_request():193] send_request: poll_exit
2021-09-19 09:24:31,415 DEBUG   HandlerThread:2145974 [handler.py:handle_request():124] handle_request: poll_exit
2021-09-19 09:24:31,415 DEBUG   SenderThread:2145974 [sender.py:send_request():193] send_request: poll_exit
2021-09-19 09:24:31,516 DEBUG   HandlerThread:2145974 [handler.py:handle_request():124] handle_request: poll_exit
2021-09-19 09:24:31,516 DEBUG   SenderThread:2145974 [sender.py:send_request():193] send_request: poll_exit
2021-09-19 09:24:31,617 DEBUG   HandlerThread:2145974 [handler.py:handle_request():124] handle_request: poll_exit
2021-09-19 09:24:31,617 DEBUG   SenderThread:2145974 [sender.py:send_request():193] send_request: poll_exit
2021-09-19 09:24:31,719 DEBUG   HandlerThread:2145974 [handler.py:handle_request():124] handle_request: poll_exit
2021-09-19 09:24:31,719 DEBUG   SenderThread:2145974 [sender.py:send_request():193] send_request: poll_exit
2021-09-19 09:24:31,820 DEBUG   HandlerThread:2145974 [handler.py:handle_request():124] handle_request: poll_exit
2021-09-19 09:24:31,820 DEBUG   SenderThread:2145974 [sender.py:send_request():193] send_request: poll_exit
2021-09-19 09:24:31,921 DEBUG   HandlerThread:2145974 [handler.py:handle_request():124] handle_request: poll_exit
2021-09-19 09:24:31,921 DEBUG   SenderThread:2145974 [sender.py:send_request():193] send_request: poll_exit
2021-09-19 09:24:32,022 DEBUG   HandlerThread:2145974 [handler.py:handle_request():124] handle_request: poll_exit
2021-09-19 09:24:32,023 DEBUG   SenderThread:2145974 [sender.py:send_request():193] send_request: poll_exit
2021-09-19 09:24:32,124 DEBUG   HandlerThread:2145974 [handler.py:handle_request():124] handle_request: poll_exit
2021-09-19 09:24:32,124 DEBUG   SenderThread:2145974 [sender.py:send_request():193] send_request: poll_exit
2021-09-19 09:24:32,225 DEBUG   HandlerThread:2145974 [handler.py:handle_request():124] handle_request: poll_exit
2021-09-19 09:24:32,225 DEBUG   SenderThread:2145974 [sender.py:send_request():193] send_request: poll_exit
2021-09-19 09:24:32,326 DEBUG   HandlerThread:2145974 [handler.py:handle_request():124] handle_request: poll_exit
2021-09-19 09:24:32,327 DEBUG   SenderThread:2145974 [sender.py:send_request():193] send_request: poll_exit
2021-09-19 09:24:32,428 DEBUG   HandlerThread:2145974 [handler.py:handle_request():124] handle_request: poll_exit
2021-09-19 09:24:32,428 DEBUG   SenderThread:2145974 [sender.py:send_request():193] send_request: poll_exit
2021-09-19 09:24:32,529 DEBUG   HandlerThread:2145974 [handler.py:handle_request():124] handle_request: poll_exit
2021-09-19 09:24:32,529 DEBUG   SenderThread:2145974 [sender.py:send_request():193] send_request: poll_exit
2021-09-19 09:24:32,630 DEBUG   HandlerThread:2145974 [handler.py:handle_request():124] handle_request: poll_exit
2021-09-19 09:24:32,630 DEBUG   SenderThread:2145974 [sender.py:send_request():193] send_request: poll_exit
2021-09-19 09:24:32,635 INFO    Thread-13 :2145974 [upload_job.py:push():137] Uploaded file /grid/koo/home/toneyan/profile/QuantPred/wandb/run-20210919_092340-ekoyb78z/files/requirements.txt
2021-09-19 09:24:32,732 DEBUG   HandlerThread:2145974 [handler.py:handle_request():124] handle_request: poll_exit
2021-09-19 09:24:32,732 DEBUG   SenderThread:2145974 [sender.py:send_request():193] send_request: poll_exit
2021-09-19 09:24:32,820 INFO    Thread-14 :2145974 [upload_job.py:push():137] Uploaded file /grid/koo/home/toneyan/profile/QuantPred/wandb/run-20210919_092340-ekoyb78z/files/wandb-summary.json
2021-09-19 09:24:32,833 DEBUG   HandlerThread:2145974 [handler.py:handle_request():124] handle_request: poll_exit
2021-09-19 09:24:32,833 DEBUG   SenderThread:2145974 [sender.py:send_request():193] send_request: poll_exit
2021-09-19 09:24:32,934 DEBUG   HandlerThread:2145974 [handler.py:handle_request():124] handle_request: poll_exit
2021-09-19 09:24:32,935 DEBUG   SenderThread:2145974 [sender.py:send_request():193] send_request: poll_exit
2021-09-19 09:24:33,036 DEBUG   HandlerThread:2145974 [handler.py:handle_request():124] handle_request: poll_exit
2021-09-19 09:24:33,036 DEBUG   SenderThread:2145974 [sender.py:send_request():193] send_request: poll_exit
2021-09-19 09:24:33,137 DEBUG   HandlerThread:2145974 [handler.py:handle_request():124] handle_request: poll_exit
2021-09-19 09:24:33,137 DEBUG   SenderThread:2145974 [sender.py:send_request():193] send_request: poll_exit
2021-09-19 09:24:33,145 INFO    Thread-12 :2145974 [upload_job.py:push():137] Uploaded file /grid/koo/home/toneyan/profile/QuantPred/wandb/run-20210919_092340-ekoyb78z/files/config.yaml
2021-09-19 09:24:33,241 DEBUG   HandlerThread:2145974 [handler.py:handle_request():124] handle_request: poll_exit
2021-09-19 09:24:33,241 DEBUG   SenderThread:2145974 [sender.py:send_request():193] send_request: poll_exit
2021-09-19 09:24:33,343 DEBUG   HandlerThread:2145974 [handler.py:handle_request():124] handle_request: poll_exit
2021-09-19 09:24:33,343 DEBUG   SenderThread:2145974 [sender.py:send_request():193] send_request: poll_exit
2021-09-19 09:24:33,346 INFO    Thread-7  :2145974 [sender.py:transition_state():308] send defer: 7
2021-09-19 09:24:33,349 DEBUG   HandlerThread:2145974 [handler.py:handle_request():124] handle_request: defer
2021-09-19 09:24:33,350 INFO    HandlerThread:2145974 [handler.py:handle_request_defer():141] handle defer: 7
2021-09-19 09:24:33,350 DEBUG   SenderThread:2145974 [sender.py:send_request():193] send_request: defer
2021-09-19 09:24:33,350 INFO    SenderThread:2145974 [sender.py:send_request_defer():304] handle sender defer: 7
2021-09-19 09:24:33,402 INFO    SenderThread:2145974 [sender.py:transition_state():308] send defer: 8
2021-09-19 09:24:33,403 DEBUG   HandlerThread:2145974 [handler.py:handle_request():124] handle_request: defer
2021-09-19 09:24:33,403 INFO    HandlerThread:2145974 [handler.py:handle_request_defer():141] handle defer: 8
2021-09-19 09:24:33,403 DEBUG   SenderThread:2145974 [sender.py:send_request():193] send_request: defer
2021-09-19 09:24:33,403 INFO    SenderThread:2145974 [sender.py:send_request_defer():304] handle sender defer: 8
2021-09-19 09:24:33,403 INFO    SenderThread:2145974 [sender.py:transition_state():308] send defer: 9
2021-09-19 09:24:33,403 DEBUG   SenderThread:2145974 [sender.py:send():179] send: final
2021-09-19 09:24:33,404 DEBUG   HandlerThread:2145974 [handler.py:handle_request():124] handle_request: defer
2021-09-19 09:24:33,404 DEBUG   SenderThread:2145974 [sender.py:send():179] send: footer
2021-09-19 09:24:33,404 INFO    HandlerThread:2145974 [handler.py:handle_request_defer():141] handle defer: 9
2021-09-19 09:24:33,404 DEBUG   SenderThread:2145974 [sender.py:send_request():193] send_request: defer
2021-09-19 09:24:33,404 INFO    SenderThread:2145974 [sender.py:send_request_defer():304] handle sender defer: 9
2021-09-19 09:24:33,444 DEBUG   HandlerThread:2145974 [handler.py:handle_request():124] handle_request: poll_exit
2021-09-19 09:24:33,444 DEBUG   SenderThread:2145974 [sender.py:send_request():193] send_request: poll_exit
2021-09-19 09:24:33,445 INFO    SenderThread:2145974 [file_pusher.py:join():182] waiting for file pusher
2021-09-19 09:24:33,445 DEBUG   HandlerThread:2145974 [handler.py:handle_request():124] handle_request: get_summary
2021-09-19 09:24:33,446 DEBUG   HandlerThread:2145974 [handler.py:handle_request():124] handle_request: sampled_history
2021-09-19 09:24:33,446 DEBUG   HandlerThread:2145974 [handler.py:handle_request():124] handle_request: shutdown
2021-09-19 09:24:33,446 INFO    HandlerThread:2145974 [handler.py:finish():638] shutting down handler
2021-09-19 09:24:34,404 INFO    WriterThread:2145974 [datastore.py:close():288] close: /grid/koo/home/toneyan/profile/QuantPred/wandb/run-20210919_092340-ekoyb78z/run-ekoyb78z.wandb
2021-09-19 09:24:34,445 INFO    SenderThread:2145974 [sender.py:finish():945] shutting down sender
2021-09-19 09:24:34,445 INFO    SenderThread:2145974 [file_pusher.py:finish():177] shutting down file pusher
2021-09-19 09:24:34,445 INFO    SenderThread:2145974 [file_pusher.py:join():182] waiting for file pusher
2021-09-19 09:24:34,447 INFO    MainThread:2145974 [internal.py:handle_exit():78] Internal process exited
