2021-09-19 09:43:59,895 INFO    MainThread:1697269 [internal.py:wandb_internal():91] W&B internal server running at pid: 1697269, started at: 2021-09-19 09:43:59.894296
2021-09-19 09:43:59,896 DEBUG   HandlerThread:1697269 [handler.py:handle_request():124] handle_request: check_version
2021-09-19 09:43:59,897 INFO    WriterThread:1697269 [datastore.py:open_for_write():80] open: /grid/koo/home/toneyan/profile/QuantPred/wandb/run-20210919_094359-ybl3y30b/run-ybl3y30b.wandb
2021-09-19 09:43:59,898 DEBUG   SenderThread:1697269 [sender.py:send():179] send: header
2021-09-19 09:43:59,898 DEBUG   SenderThread:1697269 [sender.py:send_request():193] send_request: check_version
2021-09-19 09:43:59,928 DEBUG   SenderThread:1697269 [sender.py:send():179] send: run
2021-09-19 09:43:59,990 ERROR   SenderThread:1697269 [internal_api.py:execute():130] 429 response executing GraphQL.
2021-09-19 09:43:59,990 ERROR   SenderThread:1697269 [internal_api.py:execute():131] {"error":"rate limit exceeded"}

2021-09-19 09:44:01,273 INFO    SenderThread:1697269 [dir_watcher.py:__init__():168] watching files in: /grid/koo/home/toneyan/profile/QuantPred/wandb/run-20210919_094359-ybl3y30b/files
2021-09-19 09:44:01,273 INFO    SenderThread:1697269 [sender.py:_start_run_threads():719] run started: ybl3y30b with start time 1632059039
2021-09-19 09:44:01,273 DEBUG   SenderThread:1697269 [sender.py:send():179] send: summary
2021-09-19 09:44:01,274 INFO    SenderThread:1697269 [sender.py:_save_file():841] saving file wandb-summary.json with policy end
2021-09-19 09:44:01,278 DEBUG   HandlerThread:1697269 [handler.py:handle_request():124] handle_request: run_start
2021-09-19 09:44:02,276 INFO    Thread-8  :1697269 [dir_watcher.py:_on_file_created():216] file/dir created: /grid/koo/home/toneyan/profile/QuantPred/wandb/run-20210919_094359-ybl3y30b/files/wandb-summary.json
2021-09-19 09:44:02,528 DEBUG   HandlerThread:1697269 [meta.py:__init__():39] meta init
2021-09-19 09:44:02,528 DEBUG   HandlerThread:1697269 [meta.py:__init__():53] meta init done
2021-09-19 09:44:02,528 DEBUG   HandlerThread:1697269 [meta.py:probe():210] probe
2021-09-19 09:44:02,534 DEBUG   HandlerThread:1697269 [meta.py:_save_pip():57] save pip
2021-09-19 09:44:02,535 DEBUG   HandlerThread:1697269 [meta.py:_save_pip():71] save pip done
2021-09-19 09:44:02,535 DEBUG   HandlerThread:1697269 [meta.py:probe():252] probe done
2021-09-19 09:44:02,538 DEBUG   SenderThread:1697269 [sender.py:send():179] send: files
2021-09-19 09:44:02,539 INFO    SenderThread:1697269 [sender.py:_save_file():841] saving file wandb-metadata.json with policy now
2021-09-19 09:44:02,544 DEBUG   HandlerThread:1697269 [handler.py:handle_request():124] handle_request: stop_status
2021-09-19 09:44:02,545 DEBUG   SenderThread:1697269 [sender.py:send_request():193] send_request: stop_status
2021-09-19 09:44:02,942 INFO    Thread-11 :1697269 [upload_job.py:push():137] Uploaded file /tmp/3288845.1.gpu_ded.q/tmpb60ltxfiwandb/25zi2x36-wandb-metadata.json
2021-09-19 09:44:03,276 INFO    Thread-8  :1697269 [dir_watcher.py:_on_file_created():216] file/dir created: /grid/koo/home/toneyan/profile/QuantPred/wandb/run-20210919_094359-ybl3y30b/files/output.log
2021-09-19 09:44:03,276 INFO    Thread-8  :1697269 [dir_watcher.py:_on_file_created():216] file/dir created: /grid/koo/home/toneyan/profile/QuantPred/wandb/run-20210919_094359-ybl3y30b/files/requirements.txt
2021-09-19 09:44:03,276 INFO    Thread-8  :1697269 [dir_watcher.py:_on_file_created():216] file/dir created: /grid/koo/home/toneyan/profile/QuantPred/wandb/run-20210919_094359-ybl3y30b/files/wandb-metadata.json
2021-09-19 09:44:17,608 DEBUG   HandlerThread:1697269 [handler.py:handle_request():124] handle_request: stop_status
2021-09-19 09:44:17,608 DEBUG   SenderThread:1697269 [sender.py:send_request():193] send_request: stop_status
2021-09-19 09:44:30,936 DEBUG   SenderThread:1697269 [sender.py:send():179] send: stats
2021-09-19 09:44:32,668 DEBUG   HandlerThread:1697269 [handler.py:handle_request():124] handle_request: stop_status
2021-09-19 09:44:32,669 DEBUG   SenderThread:1697269 [sender.py:send_request():193] send_request: stop_status
2021-09-19 09:44:36,289 DEBUG   HandlerThread:1697269 [handler.py:handle_request():124] handle_request: poll_exit
2021-09-19 09:44:36,289 DEBUG   SenderThread:1697269 [sender.py:send():179] send: telemetry
2021-09-19 09:44:36,290 DEBUG   SenderThread:1697269 [sender.py:send():179] send: exit
2021-09-19 09:44:36,290 INFO    SenderThread:1697269 [sender.py:send_exit():287] handling exit code: 1
2021-09-19 09:44:36,290 INFO    SenderThread:1697269 [sender.py:send_exit():295] send defer
2021-09-19 09:44:36,290 DEBUG   SenderThread:1697269 [sender.py:send_request():193] send_request: poll_exit
2021-09-19 09:44:36,290 DEBUG   HandlerThread:1697269 [handler.py:handle_request():124] handle_request: defer
2021-09-19 09:44:36,290 INFO    HandlerThread:1697269 [handler.py:handle_request_defer():141] handle defer: 0
2021-09-19 09:44:36,291 DEBUG   SenderThread:1697269 [sender.py:send_request():193] send_request: defer
2021-09-19 09:44:36,291 INFO    SenderThread:1697269 [sender.py:send_request_defer():304] handle sender defer: 0
2021-09-19 09:44:36,291 INFO    SenderThread:1697269 [sender.py:transition_state():308] send defer: 1
2021-09-19 09:44:36,291 DEBUG   HandlerThread:1697269 [handler.py:handle_request():124] handle_request: defer
2021-09-19 09:44:36,291 INFO    HandlerThread:1697269 [handler.py:handle_request_defer():141] handle defer: 1
2021-09-19 09:44:36,412 DEBUG   SenderThread:1697269 [sender.py:send_request():193] send_request: defer
2021-09-19 09:44:36,412 DEBUG   HandlerThread:1697269 [handler.py:handle_request():124] handle_request: poll_exit
2021-09-19 09:44:36,412 INFO    SenderThread:1697269 [sender.py:send_request_defer():304] handle sender defer: 1
2021-09-19 09:44:36,412 INFO    SenderThread:1697269 [sender.py:transition_state():308] send defer: 2
2021-09-19 09:44:36,412 DEBUG   SenderThread:1697269 [sender.py:send_request():193] send_request: poll_exit
2021-09-19 09:44:36,412 DEBUG   SenderThread:1697269 [sender.py:send():179] send: stats
2021-09-19 09:44:36,413 DEBUG   HandlerThread:1697269 [handler.py:handle_request():124] handle_request: defer
2021-09-19 09:44:36,413 INFO    HandlerThread:1697269 [handler.py:handle_request_defer():141] handle defer: 2
2021-09-19 09:44:36,416 DEBUG   SenderThread:1697269 [sender.py:send_request():193] send_request: defer
2021-09-19 09:44:36,416 INFO    SenderThread:1697269 [sender.py:send_request_defer():304] handle sender defer: 2
2021-09-19 09:44:36,416 INFO    SenderThread:1697269 [sender.py:transition_state():308] send defer: 3
2021-09-19 09:44:36,416 DEBUG   HandlerThread:1697269 [handler.py:handle_request():124] handle_request: defer
2021-09-19 09:44:36,416 INFO    HandlerThread:1697269 [handler.py:handle_request_defer():141] handle defer: 3
2021-09-19 09:44:36,417 DEBUG   SenderThread:1697269 [sender.py:send():179] send: summary
2021-09-19 09:44:36,417 INFO    SenderThread:1697269 [sender.py:_save_file():841] saving file wandb-summary.json with policy end
2021-09-19 09:44:36,417 DEBUG   SenderThread:1697269 [sender.py:send_request():193] send_request: defer
2021-09-19 09:44:36,417 INFO    SenderThread:1697269 [sender.py:send_request_defer():304] handle sender defer: 3
2021-09-19 09:44:36,417 INFO    SenderThread:1697269 [sender.py:transition_state():308] send defer: 4
2021-09-19 09:44:36,417 DEBUG   HandlerThread:1697269 [handler.py:handle_request():124] handle_request: defer
2021-09-19 09:44:36,417 INFO    HandlerThread:1697269 [handler.py:handle_request_defer():141] handle defer: 4
2021-09-19 09:44:36,418 DEBUG   SenderThread:1697269 [sender.py:send_request():193] send_request: defer
2021-09-19 09:44:36,418 INFO    SenderThread:1697269 [sender.py:send_request_defer():304] handle sender defer: 4
2021-09-19 09:44:36,474 ERROR   SenderThread:1697269 [internal_api.py:execute():130] 429 response executing GraphQL.
2021-09-19 09:44:36,474 ERROR   SenderThread:1697269 [internal_api.py:execute():131] {"error":"rate limit exceeded"}

2021-09-19 09:44:36,514 DEBUG   HandlerThread:1697269 [handler.py:handle_request():124] handle_request: poll_exit
2021-09-19 09:44:37,287 INFO    Thread-8  :1697269 [dir_watcher.py:_on_file_modified():229] file/dir modified: /grid/koo/home/toneyan/profile/QuantPred/wandb/run-20210919_094359-ybl3y30b/files/wandb-summary.json
2021-09-19 09:44:37,687 ERROR   SenderThread:1697269 [internal_api.py:execute():130] 429 response executing GraphQL.
2021-09-19 09:44:37,687 ERROR   SenderThread:1697269 [internal_api.py:execute():131] {"error":"rate limit exceeded"}

2021-09-19 09:44:40,110 ERROR   SenderThread:1697269 [internal_api.py:execute():130] 429 response executing GraphQL.
2021-09-19 09:44:40,110 ERROR   SenderThread:1697269 [internal_api.py:execute():131] {"error":"rate limit exceeded"}

2021-09-19 09:44:40,110 ERROR   SenderThread:1697269 [retry.py:__call__():126] Retry attempt failed:
Traceback (most recent call last):
  File "/usr/local/lib/python3.6/dist-packages/wandb/sdk/lib/retry.py", line 102, in __call__
    result = self._call_fn(*args, **kwargs)
  File "/usr/local/lib/python3.6/dist-packages/wandb/sdk/internal/internal_api.py", line 133, in execute
    six.reraise(*sys.exc_info())
  File "/usr/local/lib/python3.6/dist-packages/six.py", line 719, in reraise
    raise value
  File "/usr/local/lib/python3.6/dist-packages/wandb/sdk/internal/internal_api.py", line 127, in execute
    return self.client.execute(*args, **kwargs)
  File "/usr/local/lib/python3.6/dist-packages/wandb/vendor/gql-0.2.0/gql/client.py", line 52, in execute
    result = self._get_result(document, *args, **kwargs)
  File "/usr/local/lib/python3.6/dist-packages/wandb/vendor/gql-0.2.0/gql/client.py", line 60, in _get_result
    return self.transport.execute(document, *args, **kwargs)
  File "/usr/local/lib/python3.6/dist-packages/wandb/vendor/gql-0.2.0/gql/transport/requests.py", line 39, in execute
    request.raise_for_status()
  File "/usr/local/lib/python3.6/dist-packages/requests/models.py", line 943, in raise_for_status
    raise HTTPError(http_error_msg, response=self)
requests.exceptions.HTTPError: 429 Client Error: Too Many Requests for url: https://api.wandb.ai/graphql
2021-09-19 09:44:41,615 DEBUG   HandlerThread:1697269 [handler.py:handle_request():124] handle_request: poll_exit
2021-09-19 09:44:44,210 ERROR   SenderThread:1697269 [internal_api.py:execute():130] 429 response executing GraphQL.
2021-09-19 09:44:44,210 ERROR   SenderThread:1697269 [internal_api.py:execute():131] {"error":"rate limit exceeded"}

2021-09-19 09:44:46,715 DEBUG   HandlerThread:1697269 [handler.py:handle_request():124] handle_request: poll_exit
2021-09-19 09:44:51,816 DEBUG   HandlerThread:1697269 [handler.py:handle_request():124] handle_request: poll_exit
2021-09-19 09:44:53,630 ERROR   SenderThread:1697269 [internal_api.py:execute():130] 429 response executing GraphQL.
2021-09-19 09:44:53,630 ERROR   SenderThread:1697269 [internal_api.py:execute():131] {"error":"rate limit exceeded"}

2021-09-19 09:44:56,917 DEBUG   HandlerThread:1697269 [handler.py:handle_request():124] handle_request: poll_exit
2021-09-19 09:45:02,017 DEBUG   HandlerThread:1697269 [handler.py:handle_request():124] handle_request: poll_exit
2021-09-19 09:45:07,118 DEBUG   HandlerThread:1697269 [handler.py:handle_request():124] handle_request: poll_exit
2021-09-19 09:45:12,100 ERROR   SenderThread:1697269 [internal_api.py:execute():130] 429 response executing GraphQL.
2021-09-19 09:45:12,100 ERROR   SenderThread:1697269 [internal_api.py:execute():131] {"error":"rate limit exceeded"}

2021-09-19 09:45:12,218 DEBUG   HandlerThread:1697269 [handler.py:handle_request():124] handle_request: poll_exit
2021-09-19 09:45:17,319 DEBUG   HandlerThread:1697269 [handler.py:handle_request():124] handle_request: poll_exit
2021-09-19 09:45:22,420 DEBUG   HandlerThread:1697269 [handler.py:handle_request():124] handle_request: poll_exit
2021-09-19 09:45:27,521 DEBUG   HandlerThread:1697269 [handler.py:handle_request():124] handle_request: poll_exit
2021-09-19 09:45:32,622 DEBUG   HandlerThread:1697269 [handler.py:handle_request():124] handle_request: poll_exit
2021-09-19 09:45:37,722 DEBUG   HandlerThread:1697269 [handler.py:handle_request():124] handle_request: poll_exit
2021-09-19 09:45:42,823 DEBUG   HandlerThread:1697269 [handler.py:handle_request():124] handle_request: poll_exit
2021-09-19 09:45:47,143 INFO    SenderThread:1697269 [sender.py:transition_state():308] send defer: 5
2021-09-19 09:45:47,144 DEBUG   SenderThread:1697269 [sender.py:send_request():193] send_request: poll_exit
2021-09-19 09:45:47,144 DEBUG   SenderThread:1697269 [sender.py:send_request():193] send_request: poll_exit
2021-09-19 09:45:47,144 DEBUG   HandlerThread:1697269 [handler.py:handle_request():124] handle_request: defer
2021-09-19 09:45:47,144 DEBUG   SenderThread:1697269 [sender.py:send_request():193] send_request: poll_exit
2021-09-19 09:45:47,144 INFO    HandlerThread:1697269 [handler.py:handle_request_defer():141] handle defer: 5
2021-09-19 09:45:47,144 DEBUG   SenderThread:1697269 [sender.py:send_request():193] send_request: poll_exit
2021-09-19 09:45:47,145 DEBUG   SenderThread:1697269 [sender.py:send_request():193] send_request: poll_exit
2021-09-19 09:45:47,145 DEBUG   SenderThread:1697269 [sender.py:send_request():193] send_request: poll_exit
2021-09-19 09:45:47,145 DEBUG   SenderThread:1697269 [sender.py:send_request():193] send_request: poll_exit
2021-09-19 09:45:47,145 DEBUG   SenderThread:1697269 [sender.py:send_request():193] send_request: poll_exit
2021-09-19 09:45:47,145 DEBUG   SenderThread:1697269 [sender.py:send_request():193] send_request: poll_exit
2021-09-19 09:45:47,145 DEBUG   SenderThread:1697269 [sender.py:send_request():193] send_request: poll_exit
2021-09-19 09:45:47,145 DEBUG   SenderThread:1697269 [sender.py:send_request():193] send_request: poll_exit
2021-09-19 09:45:47,145 DEBUG   SenderThread:1697269 [sender.py:send_request():193] send_request: poll_exit
2021-09-19 09:45:47,145 DEBUG   SenderThread:1697269 [sender.py:send_request():193] send_request: poll_exit
2021-09-19 09:45:47,145 DEBUG   SenderThread:1697269 [sender.py:send_request():193] send_request: poll_exit
2021-09-19 09:45:47,145 DEBUG   SenderThread:1697269 [sender.py:send_request():193] send_request: defer
2021-09-19 09:45:47,146 INFO    SenderThread:1697269 [sender.py:send_request_defer():304] handle sender defer: 5
2021-09-19 09:45:47,146 INFO    SenderThread:1697269 [dir_watcher.py:finish():282] shutting down directory watcher
2021-09-19 09:45:47,250 DEBUG   HandlerThread:1697269 [handler.py:handle_request():124] handle_request: poll_exit
2021-09-19 09:45:47,300 INFO    SenderThread:1697269 [dir_watcher.py:_on_file_modified():229] file/dir modified: /grid/koo/home/toneyan/profile/QuantPred/wandb/run-20210919_094359-ybl3y30b/files/config.yaml
2021-09-19 09:45:47,300 INFO    SenderThread:1697269 [dir_watcher.py:finish():312] scan: /grid/koo/home/toneyan/profile/QuantPred/wandb/run-20210919_094359-ybl3y30b/files
2021-09-19 09:45:47,300 INFO    SenderThread:1697269 [dir_watcher.py:finish():318] scan save: /grid/koo/home/toneyan/profile/QuantPred/wandb/run-20210919_094359-ybl3y30b/files/wandb-metadata.json wandb-metadata.json
2021-09-19 09:45:47,300 INFO    SenderThread:1697269 [dir_watcher.py:finish():318] scan save: /grid/koo/home/toneyan/profile/QuantPred/wandb/run-20210919_094359-ybl3y30b/files/config.yaml config.yaml
2021-09-19 09:45:47,301 INFO    SenderThread:1697269 [dir_watcher.py:finish():318] scan save: /grid/koo/home/toneyan/profile/QuantPred/wandb/run-20210919_094359-ybl3y30b/files/requirements.txt requirements.txt
2021-09-19 09:45:47,301 INFO    SenderThread:1697269 [dir_watcher.py:finish():318] scan save: /grid/koo/home/toneyan/profile/QuantPred/wandb/run-20210919_094359-ybl3y30b/files/wandb-summary.json wandb-summary.json
2021-09-19 09:45:47,301 INFO    SenderThread:1697269 [dir_watcher.py:finish():318] scan save: /grid/koo/home/toneyan/profile/QuantPred/wandb/run-20210919_094359-ybl3y30b/files/output.log output.log
2021-09-19 09:45:47,309 INFO    SenderThread:1697269 [sender.py:transition_state():308] send defer: 6
2021-09-19 09:45:47,309 DEBUG   SenderThread:1697269 [sender.py:send_request():193] send_request: poll_exit
2021-09-19 09:45:47,312 DEBUG   HandlerThread:1697269 [handler.py:handle_request():124] handle_request: defer
2021-09-19 09:45:47,313 INFO    HandlerThread:1697269 [handler.py:handle_request_defer():141] handle defer: 6
2021-09-19 09:45:47,313 DEBUG   SenderThread:1697269 [sender.py:send_request():193] send_request: defer
2021-09-19 09:45:47,313 INFO    SenderThread:1697269 [sender.py:send_request_defer():304] handle sender defer: 6
2021-09-19 09:45:47,313 INFO    SenderThread:1697269 [file_pusher.py:finish():177] shutting down file pusher
2021-09-19 09:45:47,414 DEBUG   HandlerThread:1697269 [handler.py:handle_request():124] handle_request: poll_exit
2021-09-19 09:45:47,414 DEBUG   SenderThread:1697269 [sender.py:send_request():193] send_request: poll_exit
2021-09-19 09:45:47,516 DEBUG   HandlerThread:1697269 [handler.py:handle_request():124] handle_request: poll_exit
2021-09-19 09:45:47,516 DEBUG   SenderThread:1697269 [sender.py:send_request():193] send_request: poll_exit
2021-09-19 09:45:47,594 INFO    Thread-12 :1697269 [upload_job.py:push():137] Uploaded file /grid/koo/home/toneyan/profile/QuantPred/wandb/run-20210919_094359-ybl3y30b/files/config.yaml
2021-09-19 09:45:47,618 DEBUG   HandlerThread:1697269 [handler.py:handle_request():124] handle_request: poll_exit
2021-09-19 09:45:47,618 DEBUG   SenderThread:1697269 [sender.py:send_request():193] send_request: poll_exit
2021-09-19 09:45:47,630 INFO    Thread-13 :1697269 [upload_job.py:push():137] Uploaded file /grid/koo/home/toneyan/profile/QuantPred/wandb/run-20210919_094359-ybl3y30b/files/requirements.txt
2021-09-19 09:45:47,720 DEBUG   HandlerThread:1697269 [handler.py:handle_request():124] handle_request: poll_exit
2021-09-19 09:45:47,720 DEBUG   SenderThread:1697269 [sender.py:send_request():193] send_request: poll_exit
2021-09-19 09:45:47,782 INFO    Thread-14 :1697269 [upload_job.py:push():137] Uploaded file /grid/koo/home/toneyan/profile/QuantPred/wandb/run-20210919_094359-ybl3y30b/files/wandb-summary.json
2021-09-19 09:45:47,822 DEBUG   HandlerThread:1697269 [handler.py:handle_request():124] handle_request: poll_exit
2021-09-19 09:45:47,822 DEBUG   SenderThread:1697269 [sender.py:send_request():193] send_request: poll_exit
2021-09-19 09:45:47,924 DEBUG   HandlerThread:1697269 [handler.py:handle_request():124] handle_request: poll_exit
2021-09-19 09:45:47,924 DEBUG   SenderThread:1697269 [sender.py:send_request():193] send_request: poll_exit
2021-09-19 09:45:47,982 INFO    Thread-7  :1697269 [sender.py:transition_state():308] send defer: 7
2021-09-19 09:45:47,983 DEBUG   HandlerThread:1697269 [handler.py:handle_request():124] handle_request: defer
2021-09-19 09:45:47,983 INFO    HandlerThread:1697269 [handler.py:handle_request_defer():141] handle defer: 7
2021-09-19 09:45:47,983 DEBUG   SenderThread:1697269 [sender.py:send_request():193] send_request: defer
2021-09-19 09:45:47,983 INFO    SenderThread:1697269 [sender.py:send_request_defer():304] handle sender defer: 7
2021-09-19 09:45:48,025 DEBUG   HandlerThread:1697269 [handler.py:handle_request():124] handle_request: poll_exit
2021-09-19 09:45:48,038 INFO    SenderThread:1697269 [sender.py:transition_state():308] send defer: 8
2021-09-19 09:45:48,038 DEBUG   SenderThread:1697269 [sender.py:send_request():193] send_request: poll_exit
2021-09-19 09:45:48,039 DEBUG   HandlerThread:1697269 [handler.py:handle_request():124] handle_request: defer
2021-09-19 09:45:48,039 INFO    HandlerThread:1697269 [handler.py:handle_request_defer():141] handle defer: 8
2021-09-19 09:45:48,039 DEBUG   SenderThread:1697269 [sender.py:send_request():193] send_request: defer
2021-09-19 09:45:48,039 INFO    SenderThread:1697269 [sender.py:send_request_defer():304] handle sender defer: 8
2021-09-19 09:45:48,039 INFO    SenderThread:1697269 [sender.py:transition_state():308] send defer: 9
2021-09-19 09:45:48,039 DEBUG   SenderThread:1697269 [sender.py:send():179] send: final
2021-09-19 09:45:48,040 DEBUG   HandlerThread:1697269 [handler.py:handle_request():124] handle_request: defer
2021-09-19 09:45:48,040 DEBUG   SenderThread:1697269 [sender.py:send():179] send: footer
2021-09-19 09:45:48,040 INFO    HandlerThread:1697269 [handler.py:handle_request_defer():141] handle defer: 9
2021-09-19 09:45:48,040 DEBUG   SenderThread:1697269 [sender.py:send_request():193] send_request: defer
2021-09-19 09:45:48,040 INFO    SenderThread:1697269 [sender.py:send_request_defer():304] handle sender defer: 9
2021-09-19 09:45:48,140 DEBUG   HandlerThread:1697269 [handler.py:handle_request():124] handle_request: poll_exit
2021-09-19 09:45:48,140 DEBUG   SenderThread:1697269 [sender.py:send_request():193] send_request: poll_exit
2021-09-19 09:45:48,140 INFO    SenderThread:1697269 [file_pusher.py:join():182] waiting for file pusher
2021-09-19 09:45:48,142 DEBUG   HandlerThread:1697269 [handler.py:handle_request():124] handle_request: get_summary
2021-09-19 09:45:48,142 DEBUG   HandlerThread:1697269 [handler.py:handle_request():124] handle_request: sampled_history
2021-09-19 09:45:48,142 DEBUG   HandlerThread:1697269 [handler.py:handle_request():124] handle_request: shutdown
2021-09-19 09:45:48,142 INFO    HandlerThread:1697269 [handler.py:finish():638] shutting down handler
2021-09-19 09:45:49,040 INFO    WriterThread:1697269 [datastore.py:close():288] close: /grid/koo/home/toneyan/profile/QuantPred/wandb/run-20210919_094359-ybl3y30b/run-ybl3y30b.wandb
2021-09-19 09:45:49,141 INFO    SenderThread:1697269 [sender.py:finish():945] shutting down sender
2021-09-19 09:45:49,141 INFO    SenderThread:1697269 [file_pusher.py:finish():177] shutting down file pusher
2021-09-19 09:45:49,141 INFO    SenderThread:1697269 [file_pusher.py:join():182] waiting for file pusher
2021-09-19 09:45:49,142 INFO    MainThread:1697269 [internal.py:handle_exit():78] Internal process exited
