2021-09-19 10:29:49,592 INFO    MainThread:2713758 [internal.py:wandb_internal():91] W&B internal server running at pid: 2713758, started at: 2021-09-19 10:29:49.591514
2021-09-19 10:29:49,594 DEBUG   HandlerThread:2713758 [handler.py:handle_request():124] handle_request: check_version
2021-09-19 10:29:49,594 INFO    WriterThread:2713758 [datastore.py:open_for_write():80] open: /grid/koo/home/toneyan/profile/QuantPred/wandb/run-20210919_102948-b4g8rwe8/run-b4g8rwe8.wandb
2021-09-19 10:29:49,595 DEBUG   SenderThread:2713758 [sender.py:send():179] send: header
2021-09-19 10:29:49,595 DEBUG   SenderThread:2713758 [sender.py:send_request():193] send_request: check_version
2021-09-19 10:29:49,624 DEBUG   SenderThread:2713758 [sender.py:send():179] send: run
2021-09-19 10:29:49,706 INFO    SenderThread:2713758 [dir_watcher.py:__init__():168] watching files in: /grid/koo/home/toneyan/profile/QuantPred/wandb/run-20210919_102948-b4g8rwe8/files
2021-09-19 10:29:49,706 INFO    SenderThread:2713758 [sender.py:_start_run_threads():719] run started: b4g8rwe8 with start time 1632061788
2021-09-19 10:29:49,707 DEBUG   SenderThread:2713758 [sender.py:send():179] send: summary
2021-09-19 10:29:49,707 INFO    SenderThread:2713758 [sender.py:_save_file():841] saving file wandb-summary.json with policy end
2021-09-19 10:29:49,708 DEBUG   HandlerThread:2713758 [handler.py:handle_request():124] handle_request: run_start
2021-09-19 10:29:50,721 INFO    Thread-8  :2713758 [dir_watcher.py:_on_file_created():216] file/dir created: /grid/koo/home/toneyan/profile/QuantPred/wandb/run-20210919_102948-b4g8rwe8/files/wandb-summary.json
2021-09-19 10:29:50,969 DEBUG   HandlerThread:2713758 [meta.py:__init__():39] meta init
2021-09-19 10:29:50,970 DEBUG   HandlerThread:2713758 [meta.py:__init__():53] meta init done
2021-09-19 10:29:50,970 DEBUG   HandlerThread:2713758 [meta.py:probe():210] probe
2021-09-19 10:29:50,975 DEBUG   HandlerThread:2713758 [meta.py:_save_pip():57] save pip
2021-09-19 10:29:50,976 DEBUG   HandlerThread:2713758 [meta.py:_save_pip():71] save pip done
2021-09-19 10:29:50,976 DEBUG   HandlerThread:2713758 [meta.py:probe():252] probe done
2021-09-19 10:29:50,980 DEBUG   SenderThread:2713758 [sender.py:send():179] send: files
2021-09-19 10:29:50,980 INFO    SenderThread:2713758 [sender.py:_save_file():841] saving file wandb-metadata.json with policy now
2021-09-19 10:29:50,986 DEBUG   HandlerThread:2713758 [handler.py:handle_request():124] handle_request: stop_status
2021-09-19 10:29:50,986 DEBUG   SenderThread:2713758 [sender.py:send_request():193] send_request: stop_status
2021-09-19 10:29:51,040 ERROR   Thread-11 :2713758 [internal_api.py:execute():130] 429 response executing GraphQL.
2021-09-19 10:29:51,040 ERROR   Thread-11 :2713758 [internal_api.py:execute():131] {"error":"rate limit exceeded"}

2021-09-19 10:29:51,042 ERROR   SenderThread:2713758 [internal_api.py:execute():130] 429 response executing GraphQL.
2021-09-19 10:29:51,043 ERROR   SenderThread:2713758 [internal_api.py:execute():131] {"error":"rate limit exceeded"}

2021-09-19 10:29:51,720 INFO    Thread-8  :2713758 [dir_watcher.py:_on_file_created():216] file/dir created: /grid/koo/home/toneyan/profile/QuantPred/wandb/run-20210919_102948-b4g8rwe8/files/requirements.txt
2021-09-19 10:29:51,720 INFO    Thread-8  :2713758 [dir_watcher.py:_on_file_created():216] file/dir created: /grid/koo/home/toneyan/profile/QuantPred/wandb/run-20210919_102948-b4g8rwe8/files/output.log
2021-09-19 10:29:51,720 INFO    Thread-8  :2713758 [dir_watcher.py:_on_file_created():216] file/dir created: /grid/koo/home/toneyan/profile/QuantPred/wandb/run-20210919_102948-b4g8rwe8/files/wandb-metadata.json
2021-09-19 10:29:52,316 ERROR   SenderThread:2713758 [internal_api.py:execute():130] 429 response executing GraphQL.
2021-09-19 10:29:52,317 ERROR   SenderThread:2713758 [internal_api.py:execute():131] {"error":"rate limit exceeded"}

2021-09-19 10:29:52,317 ERROR   SenderThread:2713758 [retry.py:__call__():126] Retry attempt failed:
Traceback (most recent call last):
  File "/usr/local/lib/python3.6/dist-packages/wandb/sdk/lib/retry.py", line 102, in __call__
    result = self._call_fn(*args, **kwargs)
  File "/usr/local/lib/python3.6/dist-packages/wandb/sdk/internal/internal_api.py", line 133, in execute
    six.reraise(*sys.exc_info())
  File "/usr/local/lib/python3.6/dist-packages/six.py", line 719, in reraise
    raise value
  File "/usr/local/lib/python3.6/dist-packages/wandb/sdk/internal/internal_api.py", line 127, in execute
    return self.client.execute(*args, **kwargs)
  File "/usr/local/lib/python3.6/dist-packages/wandb/vendor/gql-0.2.0/gql/client.py", line 52, in execute
    result = self._get_result(document, *args, **kwargs)
  File "/usr/local/lib/python3.6/dist-packages/wandb/vendor/gql-0.2.0/gql/client.py", line 60, in _get_result
    return self.transport.execute(document, *args, **kwargs)
  File "/usr/local/lib/python3.6/dist-packages/wandb/vendor/gql-0.2.0/gql/transport/requests.py", line 39, in execute
    request.raise_for_status()
  File "/usr/local/lib/python3.6/dist-packages/requests/models.py", line 943, in raise_for_status
    raise HTTPError(http_error_msg, response=self)
requests.exceptions.HTTPError: 429 Client Error: Too Many Requests for url: https://api.wandb.ai/graphql
2021-09-19 10:29:52,323 ERROR   Thread-11 :2713758 [internal_api.py:execute():130] 429 response executing GraphQL.
2021-09-19 10:29:52,323 ERROR   Thread-11 :2713758 [internal_api.py:execute():131] {"error":"rate limit exceeded"}

2021-09-19 10:29:52,324 ERROR   Thread-11 :2713758 [retry.py:__call__():126] Retry attempt failed:
Traceback (most recent call last):
  File "/usr/local/lib/python3.6/dist-packages/wandb/sdk/lib/retry.py", line 102, in __call__
    result = self._call_fn(*args, **kwargs)
  File "/usr/local/lib/python3.6/dist-packages/wandb/sdk/internal/internal_api.py", line 133, in execute
    six.reraise(*sys.exc_info())
  File "/usr/local/lib/python3.6/dist-packages/six.py", line 719, in reraise
    raise value
  File "/usr/local/lib/python3.6/dist-packages/wandb/sdk/internal/internal_api.py", line 127, in execute
    return self.client.execute(*args, **kwargs)
  File "/usr/local/lib/python3.6/dist-packages/wandb/vendor/gql-0.2.0/gql/client.py", line 52, in execute
    result = self._get_result(document, *args, **kwargs)
  File "/usr/local/lib/python3.6/dist-packages/wandb/vendor/gql-0.2.0/gql/client.py", line 60, in _get_result
    return self.transport.execute(document, *args, **kwargs)
  File "/usr/local/lib/python3.6/dist-packages/wandb/vendor/gql-0.2.0/gql/transport/requests.py", line 39, in execute
    request.raise_for_status()
  File "/usr/local/lib/python3.6/dist-packages/requests/models.py", line 943, in raise_for_status
    raise HTTPError(http_error_msg, response=self)
requests.exceptions.HTTPError: 429 Client Error: Too Many Requests for url: https://api.wandb.ai/graphql
2021-09-19 10:29:54,517 ERROR   Thread-11 :2713758 [internal_api.py:execute():130] 429 response executing GraphQL.
2021-09-19 10:29:54,518 ERROR   Thread-11 :2713758 [internal_api.py:execute():131] {"error":"rate limit exceeded"}

2021-09-19 10:29:54,563 ERROR   SenderThread:2713758 [internal_api.py:execute():130] 429 response executing GraphQL.
2021-09-19 10:29:54,563 ERROR   SenderThread:2713758 [internal_api.py:execute():131] {"error":"rate limit exceeded"}

2021-09-19 10:29:59,065 ERROR   Thread-11 :2713758 [internal_api.py:execute():130] 429 response executing GraphQL.
2021-09-19 10:29:59,065 ERROR   Thread-11 :2713758 [internal_api.py:execute():131] {"error":"rate limit exceeded"}

2021-09-19 10:29:59,190 ERROR   SenderThread:2713758 [internal_api.py:execute():130] 429 response executing GraphQL.
2021-09-19 10:29:59,191 ERROR   SenderThread:2713758 [internal_api.py:execute():131] {"error":"rate limit exceeded"}

2021-09-19 10:30:08,804 INFO    Thread-11 :2713758 [upload_job.py:push():137] Uploaded file /tmp/3288845.1.gpu_ded.q/tmpcu6gd7xtwandb/1rnkvdef-wandb-metadata.json
2021-09-19 10:30:19,378 DEBUG   SenderThread:2713758 [sender.py:send():179] send: stats
2021-09-19 10:30:22,695 DEBUG   HandlerThread:2713758 [handler.py:handle_request():124] handle_request: stop_status
2021-09-19 10:30:22,695 DEBUG   SenderThread:2713758 [sender.py:send_request():193] send_request: stop_status
2021-09-19 10:30:22,750 ERROR   SenderThread:2713758 [internal_api.py:execute():130] 429 response executing GraphQL.
2021-09-19 10:30:22,751 ERROR   SenderThread:2713758 [internal_api.py:execute():131] {"error":"rate limit exceeded"}

2021-09-19 10:30:23,928 ERROR   SenderThread:2713758 [internal_api.py:execute():130] 429 response executing GraphQL.
2021-09-19 10:30:23,928 ERROR   SenderThread:2713758 [internal_api.py:execute():131] {"error":"rate limit exceeded"}

2021-09-19 10:30:26,341 DEBUG   HandlerThread:2713758 [handler.py:handle_request():124] handle_request: poll_exit
2021-09-19 10:30:26,399 ERROR   SenderThread:2713758 [internal_api.py:execute():130] 429 response executing GraphQL.
2021-09-19 10:30:26,399 ERROR   SenderThread:2713758 [internal_api.py:execute():131] {"error":"rate limit exceeded"}

2021-09-19 10:30:26,399 ERROR   SenderThread:2713758 [retry.py:__call__():126] Retry attempt failed:
Traceback (most recent call last):
  File "/usr/local/lib/python3.6/dist-packages/wandb/sdk/lib/retry.py", line 102, in __call__
    result = self._call_fn(*args, **kwargs)
  File "/usr/local/lib/python3.6/dist-packages/wandb/sdk/internal/internal_api.py", line 133, in execute
    six.reraise(*sys.exc_info())
  File "/usr/local/lib/python3.6/dist-packages/six.py", line 719, in reraise
    raise value
  File "/usr/local/lib/python3.6/dist-packages/wandb/sdk/internal/internal_api.py", line 127, in execute
    return self.client.execute(*args, **kwargs)
  File "/usr/local/lib/python3.6/dist-packages/wandb/vendor/gql-0.2.0/gql/client.py", line 52, in execute
    result = self._get_result(document, *args, **kwargs)
  File "/usr/local/lib/python3.6/dist-packages/wandb/vendor/gql-0.2.0/gql/client.py", line 60, in _get_result
    return self.transport.execute(document, *args, **kwargs)
  File "/usr/local/lib/python3.6/dist-packages/wandb/vendor/gql-0.2.0/gql/transport/requests.py", line 39, in execute
    request.raise_for_status()
  File "/usr/local/lib/python3.6/dist-packages/requests/models.py", line 943, in raise_for_status
    raise HTTPError(http_error_msg, response=self)
requests.exceptions.HTTPError: 429 Client Error: Too Many Requests for url: https://api.wandb.ai/graphql
2021-09-19 10:30:31,045 DEBUG   SenderThread:2713758 [sender.py:send():179] send: telemetry
2021-09-19 10:30:31,046 DEBUG   SenderThread:2713758 [sender.py:send():179] send: exit
2021-09-19 10:30:31,046 INFO    SenderThread:2713758 [sender.py:send_exit():287] handling exit code: 1
2021-09-19 10:30:31,046 INFO    SenderThread:2713758 [sender.py:send_exit():295] send defer
2021-09-19 10:30:31,046 DEBUG   SenderThread:2713758 [sender.py:send_request():193] send_request: poll_exit
2021-09-19 10:30:31,047 DEBUG   HandlerThread:2713758 [handler.py:handle_request():124] handle_request: defer
2021-09-19 10:30:31,047 INFO    HandlerThread:2713758 [handler.py:handle_request_defer():141] handle defer: 0
2021-09-19 10:30:31,047 DEBUG   SenderThread:2713758 [sender.py:send_request():193] send_request: defer
2021-09-19 10:30:31,047 INFO    SenderThread:2713758 [sender.py:send_request_defer():304] handle sender defer: 0
2021-09-19 10:30:31,047 INFO    SenderThread:2713758 [sender.py:transition_state():308] send defer: 1
2021-09-19 10:30:31,047 DEBUG   HandlerThread:2713758 [handler.py:handle_request():124] handle_request: defer
2021-09-19 10:30:31,047 INFO    HandlerThread:2713758 [handler.py:handle_request_defer():141] handle defer: 1
2021-09-19 10:30:31,122 DEBUG   SenderThread:2713758 [sender.py:send_request():193] send_request: defer
2021-09-19 10:30:31,122 INFO    SenderThread:2713758 [sender.py:send_request_defer():304] handle sender defer: 1
2021-09-19 10:30:31,122 INFO    SenderThread:2713758 [sender.py:transition_state():308] send defer: 2
2021-09-19 10:30:31,123 DEBUG   SenderThread:2713758 [sender.py:send():179] send: stats
2021-09-19 10:30:31,125 DEBUG   HandlerThread:2713758 [handler.py:handle_request():124] handle_request: defer
2021-09-19 10:30:31,125 INFO    HandlerThread:2713758 [handler.py:handle_request_defer():141] handle defer: 2
2021-09-19 10:30:31,125 DEBUG   SenderThread:2713758 [sender.py:send_request():193] send_request: defer
2021-09-19 10:30:31,125 INFO    SenderThread:2713758 [sender.py:send_request_defer():304] handle sender defer: 2
2021-09-19 10:30:31,125 INFO    SenderThread:2713758 [sender.py:transition_state():308] send defer: 3
2021-09-19 10:30:31,125 DEBUG   HandlerThread:2713758 [handler.py:handle_request():124] handle_request: defer
2021-09-19 10:30:31,126 INFO    HandlerThread:2713758 [handler.py:handle_request_defer():141] handle defer: 3
2021-09-19 10:30:31,126 DEBUG   SenderThread:2713758 [sender.py:send():179] send: summary
2021-09-19 10:30:31,126 INFO    SenderThread:2713758 [sender.py:_save_file():841] saving file wandb-summary.json with policy end
2021-09-19 10:30:31,126 DEBUG   SenderThread:2713758 [sender.py:send_request():193] send_request: defer
2021-09-19 10:30:31,126 INFO    SenderThread:2713758 [sender.py:send_request_defer():304] handle sender defer: 3
2021-09-19 10:30:31,126 INFO    SenderThread:2713758 [sender.py:transition_state():308] send defer: 4
2021-09-19 10:30:31,126 DEBUG   HandlerThread:2713758 [handler.py:handle_request():124] handle_request: defer
2021-09-19 10:30:31,127 INFO    HandlerThread:2713758 [handler.py:handle_request_defer():141] handle defer: 4
2021-09-19 10:30:31,127 DEBUG   SenderThread:2713758 [sender.py:send_request():193] send_request: defer
2021-09-19 10:30:31,127 INFO    SenderThread:2713758 [sender.py:send_request_defer():304] handle sender defer: 4
2021-09-19 10:30:31,150 DEBUG   HandlerThread:2713758 [handler.py:handle_request():124] handle_request: poll_exit
2021-09-19 10:30:31,208 INFO    SenderThread:2713758 [sender.py:transition_state():308] send defer: 5
2021-09-19 10:30:31,208 DEBUG   SenderThread:2713758 [sender.py:send_request():193] send_request: poll_exit
2021-09-19 10:30:31,208 DEBUG   HandlerThread:2713758 [handler.py:handle_request():124] handle_request: defer
2021-09-19 10:30:31,208 INFO    HandlerThread:2713758 [handler.py:handle_request_defer():141] handle defer: 5
2021-09-19 10:30:31,208 DEBUG   SenderThread:2713758 [sender.py:send_request():193] send_request: defer
2021-09-19 10:30:31,209 INFO    SenderThread:2713758 [sender.py:send_request_defer():304] handle sender defer: 5
2021-09-19 10:30:31,209 INFO    SenderThread:2713758 [dir_watcher.py:finish():282] shutting down directory watcher
2021-09-19 10:30:31,310 DEBUG   HandlerThread:2713758 [handler.py:handle_request():124] handle_request: poll_exit
2021-09-19 10:30:31,726 INFO    SenderThread:2713758 [dir_watcher.py:_on_file_modified():229] file/dir modified: /grid/koo/home/toneyan/profile/QuantPred/wandb/run-20210919_102948-b4g8rwe8/files/wandb-summary.json
2021-09-19 10:30:31,726 INFO    SenderThread:2713758 [dir_watcher.py:_on_file_modified():229] file/dir modified: /grid/koo/home/toneyan/profile/QuantPred/wandb/run-20210919_102948-b4g8rwe8/files/config.yaml
2021-09-19 10:30:31,726 INFO    SenderThread:2713758 [dir_watcher.py:finish():312] scan: /grid/koo/home/toneyan/profile/QuantPred/wandb/run-20210919_102948-b4g8rwe8/files
2021-09-19 10:30:31,726 INFO    SenderThread:2713758 [dir_watcher.py:finish():318] scan save: /grid/koo/home/toneyan/profile/QuantPred/wandb/run-20210919_102948-b4g8rwe8/files/wandb-metadata.json wandb-metadata.json
2021-09-19 10:30:31,726 INFO    SenderThread:2713758 [dir_watcher.py:finish():318] scan save: /grid/koo/home/toneyan/profile/QuantPred/wandb/run-20210919_102948-b4g8rwe8/files/config.yaml config.yaml
2021-09-19 10:30:31,727 INFO    SenderThread:2713758 [dir_watcher.py:finish():318] scan save: /grid/koo/home/toneyan/profile/QuantPred/wandb/run-20210919_102948-b4g8rwe8/files/requirements.txt requirements.txt
2021-09-19 10:30:31,727 INFO    SenderThread:2713758 [dir_watcher.py:finish():318] scan save: /grid/koo/home/toneyan/profile/QuantPred/wandb/run-20210919_102948-b4g8rwe8/files/wandb-summary.json wandb-summary.json
2021-09-19 10:30:31,730 INFO    SenderThread:2713758 [dir_watcher.py:finish():318] scan save: /grid/koo/home/toneyan/profile/QuantPred/wandb/run-20210919_102948-b4g8rwe8/files/output.log output.log
2021-09-19 10:30:31,733 INFO    SenderThread:2713758 [sender.py:transition_state():308] send defer: 6
2021-09-19 10:30:31,734 DEBUG   SenderThread:2713758 [sender.py:send_request():193] send_request: poll_exit
2021-09-19 10:30:31,739 DEBUG   HandlerThread:2713758 [handler.py:handle_request():124] handle_request: defer
2021-09-19 10:30:31,739 INFO    HandlerThread:2713758 [handler.py:handle_request_defer():141] handle defer: 6
2021-09-19 10:30:31,739 DEBUG   SenderThread:2713758 [sender.py:send_request():193] send_request: defer
2021-09-19 10:30:31,739 INFO    SenderThread:2713758 [sender.py:send_request_defer():304] handle sender defer: 6
2021-09-19 10:30:31,739 INFO    SenderThread:2713758 [file_pusher.py:finish():177] shutting down file pusher
2021-09-19 10:30:31,840 DEBUG   HandlerThread:2713758 [handler.py:handle_request():124] handle_request: poll_exit
2021-09-19 10:30:31,840 DEBUG   SenderThread:2713758 [sender.py:send_request():193] send_request: poll_exit
2021-09-19 10:30:31,942 DEBUG   HandlerThread:2713758 [handler.py:handle_request():124] handle_request: poll_exit
2021-09-19 10:30:31,942 DEBUG   SenderThread:2713758 [sender.py:send_request():193] send_request: poll_exit
2021-09-19 10:30:32,043 DEBUG   HandlerThread:2713758 [handler.py:handle_request():124] handle_request: poll_exit
2021-09-19 10:30:32,044 DEBUG   SenderThread:2713758 [sender.py:send_request():193] send_request: poll_exit
2021-09-19 10:30:32,108 INFO    Thread-14 :2713758 [upload_job.py:push():137] Uploaded file /grid/koo/home/toneyan/profile/QuantPred/wandb/run-20210919_102948-b4g8rwe8/files/wandb-summary.json
2021-09-19 10:30:32,129 INFO    Thread-12 :2713758 [upload_job.py:push():137] Uploaded file /grid/koo/home/toneyan/profile/QuantPred/wandb/run-20210919_102948-b4g8rwe8/files/config.yaml
2021-09-19 10:30:32,138 INFO    Thread-13 :2713758 [upload_job.py:push():137] Uploaded file /grid/koo/home/toneyan/profile/QuantPred/wandb/run-20210919_102948-b4g8rwe8/files/requirements.txt
2021-09-19 10:30:32,145 DEBUG   HandlerThread:2713758 [handler.py:handle_request():124] handle_request: poll_exit
2021-09-19 10:30:32,145 DEBUG   SenderThread:2713758 [sender.py:send_request():193] send_request: poll_exit
2021-09-19 10:30:32,247 DEBUG   HandlerThread:2713758 [handler.py:handle_request():124] handle_request: poll_exit
2021-09-19 10:30:32,247 DEBUG   SenderThread:2713758 [sender.py:send_request():193] send_request: poll_exit
2021-09-19 10:30:32,339 INFO    Thread-7  :2713758 [sender.py:transition_state():308] send defer: 7
2021-09-19 10:30:32,339 DEBUG   HandlerThread:2713758 [handler.py:handle_request():124] handle_request: defer
2021-09-19 10:30:32,339 INFO    HandlerThread:2713758 [handler.py:handle_request_defer():141] handle defer: 7
2021-09-19 10:30:32,340 DEBUG   SenderThread:2713758 [sender.py:send_request():193] send_request: defer
2021-09-19 10:30:32,340 INFO    SenderThread:2713758 [sender.py:send_request_defer():304] handle sender defer: 7
2021-09-19 10:30:32,349 DEBUG   HandlerThread:2713758 [handler.py:handle_request():124] handle_request: poll_exit
2021-09-19 10:30:32,443 INFO    SenderThread:2713758 [sender.py:transition_state():308] send defer: 8
2021-09-19 10:30:32,444 DEBUG   SenderThread:2713758 [sender.py:send_request():193] send_request: poll_exit
2021-09-19 10:30:32,444 DEBUG   HandlerThread:2713758 [handler.py:handle_request():124] handle_request: defer
2021-09-19 10:30:32,444 INFO    HandlerThread:2713758 [handler.py:handle_request_defer():141] handle defer: 8
2021-09-19 10:30:32,444 DEBUG   SenderThread:2713758 [sender.py:send_request():193] send_request: defer
2021-09-19 10:30:32,444 INFO    SenderThread:2713758 [sender.py:send_request_defer():304] handle sender defer: 8
2021-09-19 10:30:32,444 INFO    SenderThread:2713758 [sender.py:transition_state():308] send defer: 9
2021-09-19 10:30:32,445 DEBUG   SenderThread:2713758 [sender.py:send():179] send: final
2021-09-19 10:30:32,445 DEBUG   SenderThread:2713758 [sender.py:send():179] send: footer
2021-09-19 10:30:32,445 DEBUG   HandlerThread:2713758 [handler.py:handle_request():124] handle_request: defer
2021-09-19 10:30:32,445 INFO    HandlerThread:2713758 [handler.py:handle_request_defer():141] handle defer: 9
2021-09-19 10:30:32,445 DEBUG   SenderThread:2713758 [sender.py:send_request():193] send_request: defer
2021-09-19 10:30:32,445 INFO    SenderThread:2713758 [sender.py:send_request_defer():304] handle sender defer: 9
2021-09-19 10:30:32,545 DEBUG   HandlerThread:2713758 [handler.py:handle_request():124] handle_request: poll_exit
2021-09-19 10:30:32,546 DEBUG   SenderThread:2713758 [sender.py:send_request():193] send_request: poll_exit
2021-09-19 10:30:32,546 INFO    SenderThread:2713758 [file_pusher.py:join():182] waiting for file pusher
2021-09-19 10:30:32,547 DEBUG   HandlerThread:2713758 [handler.py:handle_request():124] handle_request: get_summary
2021-09-19 10:30:32,547 DEBUG   HandlerThread:2713758 [handler.py:handle_request():124] handle_request: sampled_history
2021-09-19 10:30:32,548 DEBUG   HandlerThread:2713758 [handler.py:handle_request():124] handle_request: shutdown
2021-09-19 10:30:32,548 INFO    HandlerThread:2713758 [handler.py:finish():638] shutting down handler
2021-09-19 10:30:33,445 INFO    WriterThread:2713758 [datastore.py:close():288] close: /grid/koo/home/toneyan/profile/QuantPred/wandb/run-20210919_102948-b4g8rwe8/run-b4g8rwe8.wandb
2021-09-19 10:30:33,546 INFO    SenderThread:2713758 [sender.py:finish():945] shutting down sender
2021-09-19 10:30:33,546 INFO    SenderThread:2713758 [file_pusher.py:finish():177] shutting down file pusher
2021-09-19 10:30:33,546 INFO    SenderThread:2713758 [file_pusher.py:join():182] waiting for file pusher
2021-09-19 10:30:33,548 INFO    MainThread:2713758 [internal.py:handle_exit():78] Internal process exited
