2021-09-14 08:02:38,139 INFO    MainThread:1084629 [internal.py:wandb_internal():91] W&B internal server running at pid: 1084629, started at: 2021-09-14 08:02:38.139248
2021-09-14 08:02:38,141 DEBUG   HandlerThread:1084629 [handler.py:handle_request():124] handle_request: check_version
2021-09-14 08:02:38,141 INFO    WriterThread:1084629 [datastore.py:open_for_write():80] open: /grid/koo/home/toneyan/profile/QuantPred/wandb/run-20210914_080237-01ogndlb/run-01ogndlb.wandb
2021-09-14 08:02:38,143 DEBUG   SenderThread:1084629 [sender.py:send():179] send: header
2021-09-14 08:02:38,143 DEBUG   SenderThread:1084629 [sender.py:send_request():193] send_request: check_version
2021-09-14 08:02:38,173 DEBUG   SenderThread:1084629 [sender.py:send():179] send: run
2021-09-14 08:02:38,259 INFO    SenderThread:1084629 [dir_watcher.py:__init__():168] watching files in: /grid/koo/home/toneyan/profile/QuantPred/wandb/run-20210914_080237-01ogndlb/files
2021-09-14 08:02:38,259 INFO    SenderThread:1084629 [sender.py:_start_run_threads():719] run started: 01ogndlb with start time 1631620957
2021-09-14 08:02:38,259 DEBUG   SenderThread:1084629 [sender.py:send():179] send: summary
2021-09-14 08:02:38,260 DEBUG   HandlerThread:1084629 [handler.py:handle_request():124] handle_request: run_start
2021-09-14 08:02:38,261 INFO    SenderThread:1084629 [sender.py:_save_file():841] saving file wandb-summary.json with policy end
2021-09-14 08:02:39,262 INFO    Thread-8  :1084629 [dir_watcher.py:_on_file_created():216] file/dir created: /grid/koo/home/toneyan/profile/QuantPred/wandb/run-20210914_080237-01ogndlb/files/wandb-summary.json
2021-09-14 08:02:39,368 DEBUG   HandlerThread:1084629 [meta.py:__init__():39] meta init
2021-09-14 08:02:39,369 DEBUG   HandlerThread:1084629 [meta.py:__init__():53] meta init done
2021-09-14 08:02:39,369 DEBUG   HandlerThread:1084629 [meta.py:probe():210] probe
2021-09-14 08:02:39,374 DEBUG   HandlerThread:1084629 [meta.py:_save_pip():57] save pip
2021-09-14 08:02:39,377 DEBUG   HandlerThread:1084629 [meta.py:_save_pip():71] save pip done
2021-09-14 08:02:39,377 DEBUG   HandlerThread:1084629 [meta.py:probe():252] probe done
2021-09-14 08:02:39,380 DEBUG   SenderThread:1084629 [sender.py:send():179] send: files
2021-09-14 08:02:39,380 INFO    SenderThread:1084629 [sender.py:_save_file():841] saving file wandb-metadata.json with policy now
2021-09-14 08:02:39,390 DEBUG   HandlerThread:1084629 [handler.py:handle_request():124] handle_request: stop_status
2021-09-14 08:02:39,391 DEBUG   SenderThread:1084629 [sender.py:send_request():193] send_request: stop_status
2021-09-14 08:02:39,715 INFO    Thread-11 :1084629 [upload_job.py:push():137] Uploaded file /tmp/3287118.1.gpu_ded.q/tmppngqto49wandb/3ibkassv-wandb-metadata.json
2021-09-14 08:02:40,262 INFO    Thread-8  :1084629 [dir_watcher.py:_on_file_created():216] file/dir created: /grid/koo/home/toneyan/profile/QuantPred/wandb/run-20210914_080237-01ogndlb/files/requirements.txt
2021-09-14 08:02:40,262 INFO    Thread-8  :1084629 [dir_watcher.py:_on_file_created():216] file/dir created: /grid/koo/home/toneyan/profile/QuantPred/wandb/run-20210914_080237-01ogndlb/files/output.log
2021-09-14 08:02:40,262 INFO    Thread-8  :1084629 [dir_watcher.py:_on_file_created():216] file/dir created: /grid/koo/home/toneyan/profile/QuantPred/wandb/run-20210914_080237-01ogndlb/files/wandb-metadata.json
2021-09-14 08:02:54,453 DEBUG   HandlerThread:1084629 [handler.py:handle_request():124] handle_request: stop_status
2021-09-14 08:02:54,453 DEBUG   SenderThread:1084629 [sender.py:send_request():193] send_request: stop_status
2021-09-14 08:02:54,505 ERROR   SenderThread:1084629 [internal_api.py:execute():130] 429 response executing GraphQL.
2021-09-14 08:02:54,505 ERROR   SenderThread:1084629 [internal_api.py:execute():131] {"error":"rate limit exceeded"}

2021-09-14 08:02:55,630 ERROR   SenderThread:1084629 [internal_api.py:execute():130] 429 response executing GraphQL.
2021-09-14 08:02:55,630 ERROR   SenderThread:1084629 [internal_api.py:execute():131] {"error":"rate limit exceeded"}

2021-09-14 08:02:57,974 ERROR   SenderThread:1084629 [internal_api.py:execute():130] 429 response executing GraphQL.
2021-09-14 08:02:57,974 ERROR   SenderThread:1084629 [internal_api.py:execute():131] {"error":"rate limit exceeded"}

2021-09-14 08:02:57,974 ERROR   SenderThread:1084629 [retry.py:__call__():126] Retry attempt failed:
Traceback (most recent call last):
  File "/usr/local/lib/python3.6/dist-packages/wandb/sdk/lib/retry.py", line 102, in __call__
    result = self._call_fn(*args, **kwargs)
  File "/usr/local/lib/python3.6/dist-packages/wandb/sdk/internal/internal_api.py", line 133, in execute
    six.reraise(*sys.exc_info())
  File "/usr/local/lib/python3.6/dist-packages/six.py", line 719, in reraise
    raise value
  File "/usr/local/lib/python3.6/dist-packages/wandb/sdk/internal/internal_api.py", line 127, in execute
    return self.client.execute(*args, **kwargs)
  File "/usr/local/lib/python3.6/dist-packages/wandb/vendor/gql-0.2.0/gql/client.py", line 52, in execute
    result = self._get_result(document, *args, **kwargs)
  File "/usr/local/lib/python3.6/dist-packages/wandb/vendor/gql-0.2.0/gql/client.py", line 60, in _get_result
    return self.transport.execute(document, *args, **kwargs)
  File "/usr/local/lib/python3.6/dist-packages/wandb/vendor/gql-0.2.0/gql/transport/requests.py", line 39, in execute
    request.raise_for_status()
  File "/usr/local/lib/python3.6/dist-packages/requests/models.py", line 943, in raise_for_status
    raise HTTPError(http_error_msg, response=self)
requests.exceptions.HTTPError: 429 Client Error: Too Many Requests for url: https://api.wandb.ai/graphql
2021-09-14 08:03:07,717 DEBUG   SenderThread:1084629 [sender.py:send():179] send: stats
2021-09-14 08:03:14,024 DEBUG   SenderThread:1084629 [sender.py:send():179] send: telemetry
2021-09-14 08:03:14,024 DEBUG   HandlerThread:1084629 [handler.py:handle_request():124] handle_request: poll_exit
2021-09-14 08:03:14,024 DEBUG   SenderThread:1084629 [sender.py:send():179] send: exit
2021-09-14 08:03:14,024 INFO    SenderThread:1084629 [sender.py:send_exit():287] handling exit code: 1
2021-09-14 08:03:14,025 INFO    SenderThread:1084629 [sender.py:send_exit():295] send defer
2021-09-14 08:03:14,025 DEBUG   SenderThread:1084629 [sender.py:send_request():193] send_request: poll_exit
2021-09-14 08:03:14,025 DEBUG   HandlerThread:1084629 [handler.py:handle_request():124] handle_request: defer
2021-09-14 08:03:14,025 INFO    HandlerThread:1084629 [handler.py:handle_request_defer():141] handle defer: 0
2021-09-14 08:03:14,026 DEBUG   SenderThread:1084629 [sender.py:send_request():193] send_request: defer
2021-09-14 08:03:14,026 INFO    SenderThread:1084629 [sender.py:send_request_defer():304] handle sender defer: 0
2021-09-14 08:03:14,026 INFO    SenderThread:1084629 [sender.py:transition_state():308] send defer: 1
2021-09-14 08:03:14,026 DEBUG   HandlerThread:1084629 [handler.py:handle_request():124] handle_request: defer
2021-09-14 08:03:14,026 INFO    HandlerThread:1084629 [handler.py:handle_request_defer():141] handle defer: 1
2021-09-14 08:03:14,097 DEBUG   SenderThread:1084629 [sender.py:send_request():193] send_request: defer
2021-09-14 08:03:14,097 INFO    SenderThread:1084629 [sender.py:send_request_defer():304] handle sender defer: 1
2021-09-14 08:03:14,097 INFO    SenderThread:1084629 [sender.py:transition_state():308] send defer: 2
2021-09-14 08:03:14,097 DEBUG   SenderThread:1084629 [sender.py:send():179] send: stats
2021-09-14 08:03:14,098 DEBUG   HandlerThread:1084629 [handler.py:handle_request():124] handle_request: defer
2021-09-14 08:03:14,100 INFO    HandlerThread:1084629 [handler.py:handle_request_defer():141] handle defer: 2
2021-09-14 08:03:14,100 DEBUG   SenderThread:1084629 [sender.py:send_request():193] send_request: defer
2021-09-14 08:03:14,100 INFO    SenderThread:1084629 [sender.py:send_request_defer():304] handle sender defer: 2
2021-09-14 08:03:14,100 INFO    SenderThread:1084629 [sender.py:transition_state():308] send defer: 3
2021-09-14 08:03:14,100 DEBUG   HandlerThread:1084629 [handler.py:handle_request():124] handle_request: defer
2021-09-14 08:03:14,101 INFO    HandlerThread:1084629 [handler.py:handle_request_defer():141] handle defer: 3
2021-09-14 08:03:14,101 DEBUG   SenderThread:1084629 [sender.py:send():179] send: summary
2021-09-14 08:03:14,101 INFO    SenderThread:1084629 [sender.py:_save_file():841] saving file wandb-summary.json with policy end
2021-09-14 08:03:14,101 DEBUG   SenderThread:1084629 [sender.py:send_request():193] send_request: defer
2021-09-14 08:03:14,101 INFO    SenderThread:1084629 [sender.py:send_request_defer():304] handle sender defer: 3
2021-09-14 08:03:14,101 INFO    SenderThread:1084629 [sender.py:transition_state():308] send defer: 4
2021-09-14 08:03:14,101 DEBUG   HandlerThread:1084629 [handler.py:handle_request():124] handle_request: defer
2021-09-14 08:03:14,102 INFO    HandlerThread:1084629 [handler.py:handle_request_defer():141] handle defer: 4
2021-09-14 08:03:14,102 DEBUG   SenderThread:1084629 [sender.py:send_request():193] send_request: defer
2021-09-14 08:03:14,102 INFO    SenderThread:1084629 [sender.py:send_request_defer():304] handle sender defer: 4
2021-09-14 08:03:14,126 DEBUG   HandlerThread:1084629 [handler.py:handle_request():124] handle_request: poll_exit
2021-09-14 08:03:14,161 ERROR   SenderThread:1084629 [internal_api.py:execute():130] 429 response executing GraphQL.
2021-09-14 08:03:14,161 ERROR   SenderThread:1084629 [internal_api.py:execute():131] {"error":"rate limit exceeded"}

2021-09-14 08:03:14,275 INFO    Thread-8  :1084629 [dir_watcher.py:_on_file_modified():229] file/dir modified: /grid/koo/home/toneyan/profile/QuantPred/wandb/run-20210914_080237-01ogndlb/files/wandb-summary.json
2021-09-14 08:03:15,364 INFO    SenderThread:1084629 [sender.py:transition_state():308] send defer: 5
2021-09-14 08:03:15,364 DEBUG   SenderThread:1084629 [sender.py:send_request():193] send_request: poll_exit
2021-09-14 08:03:15,365 DEBUG   HandlerThread:1084629 [handler.py:handle_request():124] handle_request: defer
2021-09-14 08:03:15,365 INFO    HandlerThread:1084629 [handler.py:handle_request_defer():141] handle defer: 5
2021-09-14 08:03:15,365 DEBUG   SenderThread:1084629 [sender.py:send_request():193] send_request: defer
2021-09-14 08:03:15,365 INFO    SenderThread:1084629 [sender.py:send_request_defer():304] handle sender defer: 5
2021-09-14 08:03:15,365 INFO    SenderThread:1084629 [dir_watcher.py:finish():282] shutting down directory watcher
2021-09-14 08:03:15,469 DEBUG   HandlerThread:1084629 [handler.py:handle_request():124] handle_request: poll_exit
2021-09-14 08:03:16,276 INFO    SenderThread:1084629 [dir_watcher.py:_on_file_modified():229] file/dir modified: /grid/koo/home/toneyan/profile/QuantPred/wandb/run-20210914_080237-01ogndlb/files/config.yaml
2021-09-14 08:03:16,276 INFO    SenderThread:1084629 [dir_watcher.py:finish():312] scan: /grid/koo/home/toneyan/profile/QuantPred/wandb/run-20210914_080237-01ogndlb/files
2021-09-14 08:03:16,277 INFO    SenderThread:1084629 [dir_watcher.py:finish():318] scan save: /grid/koo/home/toneyan/profile/QuantPred/wandb/run-20210914_080237-01ogndlb/files/wandb-metadata.json wandb-metadata.json
2021-09-14 08:03:16,277 INFO    SenderThread:1084629 [dir_watcher.py:finish():318] scan save: /grid/koo/home/toneyan/profile/QuantPred/wandb/run-20210914_080237-01ogndlb/files/config.yaml config.yaml
2021-09-14 08:03:16,277 INFO    SenderThread:1084629 [dir_watcher.py:finish():318] scan save: /grid/koo/home/toneyan/profile/QuantPred/wandb/run-20210914_080237-01ogndlb/files/requirements.txt requirements.txt
2021-09-14 08:03:16,277 INFO    SenderThread:1084629 [dir_watcher.py:finish():318] scan save: /grid/koo/home/toneyan/profile/QuantPred/wandb/run-20210914_080237-01ogndlb/files/wandb-summary.json wandb-summary.json
2021-09-14 08:03:16,277 INFO    SenderThread:1084629 [dir_watcher.py:finish():318] scan save: /grid/koo/home/toneyan/profile/QuantPred/wandb/run-20210914_080237-01ogndlb/files/output.log output.log
2021-09-14 08:03:16,280 INFO    SenderThread:1084629 [sender.py:transition_state():308] send defer: 6
2021-09-14 08:03:16,280 DEBUG   SenderThread:1084629 [sender.py:send_request():193] send_request: poll_exit
2021-09-14 08:03:16,284 DEBUG   HandlerThread:1084629 [handler.py:handle_request():124] handle_request: defer
2021-09-14 08:03:16,288 INFO    HandlerThread:1084629 [handler.py:handle_request_defer():141] handle defer: 6
2021-09-14 08:03:16,289 DEBUG   SenderThread:1084629 [sender.py:send_request():193] send_request: defer
2021-09-14 08:03:16,289 INFO    SenderThread:1084629 [sender.py:send_request_defer():304] handle sender defer: 6
2021-09-14 08:03:16,289 INFO    SenderThread:1084629 [file_pusher.py:finish():177] shutting down file pusher
2021-09-14 08:03:16,389 DEBUG   HandlerThread:1084629 [handler.py:handle_request():124] handle_request: poll_exit
2021-09-14 08:03:16,389 DEBUG   SenderThread:1084629 [sender.py:send_request():193] send_request: poll_exit
2021-09-14 08:03:16,494 DEBUG   HandlerThread:1084629 [handler.py:handle_request():124] handle_request: poll_exit
2021-09-14 08:03:16,494 DEBUG   SenderThread:1084629 [sender.py:send_request():193] send_request: poll_exit
2021-09-14 08:03:16,599 DEBUG   HandlerThread:1084629 [handler.py:handle_request():124] handle_request: poll_exit
2021-09-14 08:03:16,600 DEBUG   SenderThread:1084629 [sender.py:send_request():193] send_request: poll_exit
2021-09-14 08:03:16,620 INFO    Thread-14 :1084629 [upload_job.py:push():137] Uploaded file /grid/koo/home/toneyan/profile/QuantPred/wandb/run-20210914_080237-01ogndlb/files/wandb-summary.json
2021-09-14 08:03:16,656 INFO    Thread-13 :1084629 [upload_job.py:push():137] Uploaded file /grid/koo/home/toneyan/profile/QuantPred/wandb/run-20210914_080237-01ogndlb/files/requirements.txt
2021-09-14 08:03:16,663 INFO    Thread-12 :1084629 [upload_job.py:push():137] Uploaded file /grid/koo/home/toneyan/profile/QuantPred/wandb/run-20210914_080237-01ogndlb/files/config.yaml
2021-09-14 08:03:16,705 DEBUG   HandlerThread:1084629 [handler.py:handle_request():124] handle_request: poll_exit
2021-09-14 08:03:16,705 DEBUG   SenderThread:1084629 [sender.py:send_request():193] send_request: poll_exit
2021-09-14 08:03:16,810 DEBUG   HandlerThread:1084629 [handler.py:handle_request():124] handle_request: poll_exit
2021-09-14 08:03:16,811 DEBUG   SenderThread:1084629 [sender.py:send_request():193] send_request: poll_exit
2021-09-14 08:03:16,863 INFO    Thread-7  :1084629 [sender.py:transition_state():308] send defer: 7
2021-09-14 08:03:16,864 DEBUG   HandlerThread:1084629 [handler.py:handle_request():124] handle_request: defer
2021-09-14 08:03:16,864 INFO    HandlerThread:1084629 [handler.py:handle_request_defer():141] handle defer: 7
2021-09-14 08:03:16,864 DEBUG   SenderThread:1084629 [sender.py:send_request():193] send_request: defer
2021-09-14 08:03:16,864 INFO    SenderThread:1084629 [sender.py:send_request_defer():304] handle sender defer: 7
2021-09-14 08:03:16,916 DEBUG   HandlerThread:1084629 [handler.py:handle_request():124] handle_request: poll_exit
2021-09-14 08:03:16,928 INFO    SenderThread:1084629 [sender.py:transition_state():308] send defer: 8
2021-09-14 08:03:16,928 DEBUG   SenderThread:1084629 [sender.py:send_request():193] send_request: poll_exit
2021-09-14 08:03:16,929 DEBUG   HandlerThread:1084629 [handler.py:handle_request():124] handle_request: defer
2021-09-14 08:03:16,929 INFO    HandlerThread:1084629 [handler.py:handle_request_defer():141] handle defer: 8
2021-09-14 08:03:16,929 DEBUG   SenderThread:1084629 [sender.py:send_request():193] send_request: defer
2021-09-14 08:03:16,929 INFO    SenderThread:1084629 [sender.py:send_request_defer():304] handle sender defer: 8
2021-09-14 08:03:16,929 INFO    SenderThread:1084629 [sender.py:transition_state():308] send defer: 9
2021-09-14 08:03:16,929 DEBUG   SenderThread:1084629 [sender.py:send():179] send: final
2021-09-14 08:03:16,929 DEBUG   SenderThread:1084629 [sender.py:send():179] send: footer
2021-09-14 08:03:16,929 DEBUG   HandlerThread:1084629 [handler.py:handle_request():124] handle_request: defer
2021-09-14 08:03:16,930 INFO    HandlerThread:1084629 [handler.py:handle_request_defer():141] handle defer: 9
2021-09-14 08:03:16,930 DEBUG   SenderThread:1084629 [sender.py:send_request():193] send_request: defer
2021-09-14 08:03:16,930 INFO    SenderThread:1084629 [sender.py:send_request_defer():304] handle sender defer: 9
2021-09-14 08:03:17,033 DEBUG   HandlerThread:1084629 [handler.py:handle_request():124] handle_request: poll_exit
2021-09-14 08:03:17,033 DEBUG   SenderThread:1084629 [sender.py:send_request():193] send_request: poll_exit
2021-09-14 08:03:17,034 INFO    SenderThread:1084629 [file_pusher.py:join():182] waiting for file pusher
2021-09-14 08:03:17,035 DEBUG   HandlerThread:1084629 [handler.py:handle_request():124] handle_request: get_summary
2021-09-14 08:03:17,035 DEBUG   HandlerThread:1084629 [handler.py:handle_request():124] handle_request: sampled_history
2021-09-14 08:03:17,036 DEBUG   HandlerThread:1084629 [handler.py:handle_request():124] handle_request: shutdown
2021-09-14 08:03:17,036 INFO    HandlerThread:1084629 [handler.py:finish():638] shutting down handler
2021-09-14 08:03:17,930 INFO    WriterThread:1084629 [datastore.py:close():288] close: /grid/koo/home/toneyan/profile/QuantPred/wandb/run-20210914_080237-01ogndlb/run-01ogndlb.wandb
2021-09-14 08:03:18,034 INFO    SenderThread:1084629 [sender.py:finish():945] shutting down sender
2021-09-14 08:03:18,034 INFO    SenderThread:1084629 [file_pusher.py:finish():177] shutting down file pusher
2021-09-14 08:03:18,034 INFO    SenderThread:1084629 [file_pusher.py:join():182] waiting for file pusher
2021-09-14 08:03:18,036 INFO    MainThread:1084629 [internal.py:handle_exit():78] Internal process exited
