2021-09-19 09:14:29,715 INFO    MainThread:1038027 [internal.py:wandb_internal():91] W&B internal server running at pid: 1038027, started at: 2021-09-19 09:14:29.714342
2021-09-19 09:14:29,717 DEBUG   HandlerThread:1038027 [handler.py:handle_request():124] handle_request: check_version
2021-09-19 09:14:29,717 INFO    WriterThread:1038027 [datastore.py:open_for_write():80] open: /grid/koo/home/toneyan/profile/QuantPred/wandb/run-20210919_091429-rmzqfy63/run-rmzqfy63.wandb
2021-09-19 09:14:29,719 DEBUG   SenderThread:1038027 [sender.py:send():179] send: header
2021-09-19 09:14:29,719 DEBUG   SenderThread:1038027 [sender.py:send_request():193] send_request: check_version
2021-09-19 09:14:29,751 DEBUG   SenderThread:1038027 [sender.py:send():179] send: run
2021-09-19 09:14:29,821 ERROR   SenderThread:1038027 [internal_api.py:execute():130] 429 response executing GraphQL.
2021-09-19 09:14:29,821 ERROR   SenderThread:1038027 [internal_api.py:execute():131] {"error":"rate limit exceeded"}

2021-09-19 09:14:31,143 INFO    SenderThread:1038027 [dir_watcher.py:__init__():168] watching files in: /grid/koo/home/toneyan/profile/QuantPred/wandb/run-20210919_091429-rmzqfy63/files
2021-09-19 09:14:31,143 INFO    SenderThread:1038027 [sender.py:_start_run_threads():719] run started: rmzqfy63 with start time 1632057269
2021-09-19 09:14:31,144 DEBUG   SenderThread:1038027 [sender.py:send():179] send: summary
2021-09-19 09:14:31,144 DEBUG   HandlerThread:1038027 [handler.py:handle_request():124] handle_request: run_start
2021-09-19 09:14:31,145 INFO    SenderThread:1038027 [sender.py:_save_file():841] saving file wandb-summary.json with policy end
2021-09-19 09:14:32,148 INFO    Thread-8  :1038027 [dir_watcher.py:_on_file_created():216] file/dir created: /grid/koo/home/toneyan/profile/QuantPred/wandb/run-20210919_091429-rmzqfy63/files/wandb-summary.json
2021-09-19 09:14:32,349 DEBUG   HandlerThread:1038027 [meta.py:__init__():39] meta init
2021-09-19 09:14:32,349 DEBUG   HandlerThread:1038027 [meta.py:__init__():53] meta init done
2021-09-19 09:14:32,349 DEBUG   HandlerThread:1038027 [meta.py:probe():210] probe
2021-09-19 09:14:32,354 DEBUG   HandlerThread:1038027 [meta.py:_save_pip():57] save pip
2021-09-19 09:14:32,356 DEBUG   HandlerThread:1038027 [meta.py:_save_pip():71] save pip done
2021-09-19 09:14:32,356 DEBUG   HandlerThread:1038027 [meta.py:probe():252] probe done
2021-09-19 09:14:32,358 DEBUG   SenderThread:1038027 [sender.py:send():179] send: files
2021-09-19 09:14:32,358 INFO    SenderThread:1038027 [sender.py:_save_file():841] saving file wandb-metadata.json with policy now
2021-09-19 09:14:32,366 DEBUG   HandlerThread:1038027 [handler.py:handle_request():124] handle_request: stop_status
2021-09-19 09:14:32,366 DEBUG   SenderThread:1038027 [sender.py:send_request():193] send_request: stop_status
2021-09-19 09:14:32,752 INFO    Thread-11 :1038027 [upload_job.py:push():137] Uploaded file /tmp/3288846.1.gpu_ded.q/tmpnp7wsxo8wandb/y9664llj-wandb-metadata.json
2021-09-19 09:14:33,148 INFO    Thread-8  :1038027 [dir_watcher.py:_on_file_created():216] file/dir created: /grid/koo/home/toneyan/profile/QuantPred/wandb/run-20210919_091429-rmzqfy63/files/output.log
2021-09-19 09:14:33,148 INFO    Thread-8  :1038027 [dir_watcher.py:_on_file_created():216] file/dir created: /grid/koo/home/toneyan/profile/QuantPred/wandb/run-20210919_091429-rmzqfy63/files/requirements.txt
2021-09-19 09:14:33,148 INFO    Thread-8  :1038027 [dir_watcher.py:_on_file_created():216] file/dir created: /grid/koo/home/toneyan/profile/QuantPred/wandb/run-20210919_091429-rmzqfy63/files/wandb-metadata.json
2021-09-19 09:14:47,437 DEBUG   HandlerThread:1038027 [handler.py:handle_request():124] handle_request: stop_status
2021-09-19 09:14:47,437 DEBUG   SenderThread:1038027 [sender.py:send_request():193] send_request: stop_status
2021-09-19 09:15:00,779 DEBUG   SenderThread:1038027 [sender.py:send():179] send: stats
2021-09-19 09:15:02,503 DEBUG   HandlerThread:1038027 [handler.py:handle_request():124] handle_request: stop_status
2021-09-19 09:15:02,504 DEBUG   SenderThread:1038027 [sender.py:send_request():193] send_request: stop_status
2021-09-19 09:15:05,795 DEBUG   SenderThread:1038027 [sender.py:send():179] send: telemetry
2021-09-19 09:15:05,795 DEBUG   HandlerThread:1038027 [handler.py:handle_request():124] handle_request: poll_exit
2021-09-19 09:15:05,796 DEBUG   SenderThread:1038027 [sender.py:send():179] send: exit
2021-09-19 09:15:05,796 INFO    SenderThread:1038027 [sender.py:send_exit():287] handling exit code: 1
2021-09-19 09:15:05,796 INFO    SenderThread:1038027 [sender.py:send_exit():295] send defer
2021-09-19 09:15:05,796 DEBUG   SenderThread:1038027 [sender.py:send_request():193] send_request: poll_exit
2021-09-19 09:15:05,796 DEBUG   HandlerThread:1038027 [handler.py:handle_request():124] handle_request: defer
2021-09-19 09:15:05,796 INFO    HandlerThread:1038027 [handler.py:handle_request_defer():141] handle defer: 0
2021-09-19 09:15:05,796 DEBUG   SenderThread:1038027 [sender.py:send_request():193] send_request: defer
2021-09-19 09:15:05,796 INFO    SenderThread:1038027 [sender.py:send_request_defer():304] handle sender defer: 0
2021-09-19 09:15:05,797 INFO    SenderThread:1038027 [sender.py:transition_state():308] send defer: 1
2021-09-19 09:15:05,797 DEBUG   HandlerThread:1038027 [handler.py:handle_request():124] handle_request: defer
2021-09-19 09:15:05,797 INFO    HandlerThread:1038027 [handler.py:handle_request_defer():141] handle defer: 1
2021-09-19 09:15:05,857 DEBUG   SenderThread:1038027 [sender.py:send_request():193] send_request: defer
2021-09-19 09:15:05,857 INFO    SenderThread:1038027 [sender.py:send_request_defer():304] handle sender defer: 1
2021-09-19 09:15:05,857 INFO    SenderThread:1038027 [sender.py:transition_state():308] send defer: 2
2021-09-19 09:15:05,858 DEBUG   SenderThread:1038027 [sender.py:send():179] send: stats
2021-09-19 09:15:05,858 DEBUG   HandlerThread:1038027 [handler.py:handle_request():124] handle_request: defer
2021-09-19 09:15:05,860 INFO    HandlerThread:1038027 [handler.py:handle_request_defer():141] handle defer: 2
2021-09-19 09:15:05,860 DEBUG   SenderThread:1038027 [sender.py:send_request():193] send_request: defer
2021-09-19 09:15:05,860 INFO    SenderThread:1038027 [sender.py:send_request_defer():304] handle sender defer: 2
2021-09-19 09:15:05,861 INFO    SenderThread:1038027 [sender.py:transition_state():308] send defer: 3
2021-09-19 09:15:05,861 DEBUG   HandlerThread:1038027 [handler.py:handle_request():124] handle_request: defer
2021-09-19 09:15:05,861 INFO    HandlerThread:1038027 [handler.py:handle_request_defer():141] handle defer: 3
2021-09-19 09:15:05,861 DEBUG   SenderThread:1038027 [sender.py:send():179] send: summary
2021-09-19 09:15:05,861 INFO    SenderThread:1038027 [sender.py:_save_file():841] saving file wandb-summary.json with policy end
2021-09-19 09:15:05,862 DEBUG   SenderThread:1038027 [sender.py:send_request():193] send_request: defer
2021-09-19 09:15:05,862 INFO    SenderThread:1038027 [sender.py:send_request_defer():304] handle sender defer: 3
2021-09-19 09:15:05,862 INFO    SenderThread:1038027 [sender.py:transition_state():308] send defer: 4
2021-09-19 09:15:05,862 DEBUG   HandlerThread:1038027 [handler.py:handle_request():124] handle_request: defer
2021-09-19 09:15:05,862 INFO    HandlerThread:1038027 [handler.py:handle_request_defer():141] handle defer: 4
2021-09-19 09:15:05,862 DEBUG   SenderThread:1038027 [sender.py:send_request():193] send_request: defer
2021-09-19 09:15:05,862 INFO    SenderThread:1038027 [sender.py:send_request_defer():304] handle sender defer: 4
2021-09-19 09:15:05,897 DEBUG   HandlerThread:1038027 [handler.py:handle_request():124] handle_request: poll_exit
2021-09-19 09:15:05,924 ERROR   SenderThread:1038027 [internal_api.py:execute():130] 429 response executing GraphQL.
2021-09-19 09:15:05,925 ERROR   SenderThread:1038027 [internal_api.py:execute():131] {"error":"rate limit exceeded"}

2021-09-19 09:15:06,161 INFO    Thread-8  :1038027 [dir_watcher.py:_on_file_modified():229] file/dir modified: /grid/koo/home/toneyan/profile/QuantPred/wandb/run-20210919_091429-rmzqfy63/files/wandb-summary.json
2021-09-19 09:15:07,094 ERROR   SenderThread:1038027 [internal_api.py:execute():130] 429 response executing GraphQL.
2021-09-19 09:15:07,094 ERROR   SenderThread:1038027 [internal_api.py:execute():131] {"error":"rate limit exceeded"}

2021-09-19 09:15:09,233 ERROR   SenderThread:1038027 [internal_api.py:execute():130] 429 response executing GraphQL.
2021-09-19 09:15:09,234 ERROR   SenderThread:1038027 [internal_api.py:execute():131] {"error":"rate limit exceeded"}

2021-09-19 09:15:09,234 ERROR   SenderThread:1038027 [retry.py:__call__():126] Retry attempt failed:
Traceback (most recent call last):
  File "/usr/local/lib/python3.6/dist-packages/wandb/sdk/lib/retry.py", line 102, in __call__
    result = self._call_fn(*args, **kwargs)
  File "/usr/local/lib/python3.6/dist-packages/wandb/sdk/internal/internal_api.py", line 133, in execute
    six.reraise(*sys.exc_info())
  File "/usr/local/lib/python3.6/dist-packages/six.py", line 719, in reraise
    raise value
  File "/usr/local/lib/python3.6/dist-packages/wandb/sdk/internal/internal_api.py", line 127, in execute
    return self.client.execute(*args, **kwargs)
  File "/usr/local/lib/python3.6/dist-packages/wandb/vendor/gql-0.2.0/gql/client.py", line 52, in execute
    result = self._get_result(document, *args, **kwargs)
  File "/usr/local/lib/python3.6/dist-packages/wandb/vendor/gql-0.2.0/gql/client.py", line 60, in _get_result
    return self.transport.execute(document, *args, **kwargs)
  File "/usr/local/lib/python3.6/dist-packages/wandb/vendor/gql-0.2.0/gql/transport/requests.py", line 39, in execute
    request.raise_for_status()
  File "/usr/local/lib/python3.6/dist-packages/requests/models.py", line 943, in raise_for_status
    raise HTTPError(http_error_msg, response=self)
requests.exceptions.HTTPError: 429 Client Error: Too Many Requests for url: https://api.wandb.ai/graphql
2021-09-19 09:15:10,998 DEBUG   HandlerThread:1038027 [handler.py:handle_request():124] handle_request: poll_exit
2021-09-19 09:15:14,218 ERROR   SenderThread:1038027 [internal_api.py:execute():130] 429 response executing GraphQL.
2021-09-19 09:15:14,218 ERROR   SenderThread:1038027 [internal_api.py:execute():131] {"error":"rate limit exceeded"}

2021-09-19 09:15:16,099 DEBUG   HandlerThread:1038027 [handler.py:handle_request():124] handle_request: poll_exit
2021-09-19 09:15:21,199 DEBUG   HandlerThread:1038027 [handler.py:handle_request():124] handle_request: poll_exit
2021-09-19 09:15:23,860 ERROR   SenderThread:1038027 [internal_api.py:execute():130] 429 response executing GraphQL.
2021-09-19 09:15:23,861 ERROR   SenderThread:1038027 [internal_api.py:execute():131] {"error":"rate limit exceeded"}

2021-09-19 09:15:26,300 DEBUG   HandlerThread:1038027 [handler.py:handle_request():124] handle_request: poll_exit
2021-09-19 09:15:31,401 DEBUG   HandlerThread:1038027 [handler.py:handle_request():124] handle_request: poll_exit
2021-09-19 09:15:36,502 DEBUG   HandlerThread:1038027 [handler.py:handle_request():124] handle_request: poll_exit
2021-09-19 09:15:40,264 ERROR   SenderThread:1038027 [internal_api.py:execute():130] 429 response executing GraphQL.
2021-09-19 09:15:40,264 ERROR   SenderThread:1038027 [internal_api.py:execute():131] {"error":"rate limit exceeded"}

2021-09-19 09:15:41,602 DEBUG   HandlerThread:1038027 [handler.py:handle_request():124] handle_request: poll_exit
2021-09-19 09:15:46,703 DEBUG   HandlerThread:1038027 [handler.py:handle_request():124] handle_request: poll_exit
2021-09-19 09:15:51,803 DEBUG   HandlerThread:1038027 [handler.py:handle_request():124] handle_request: poll_exit
2021-09-19 09:15:56,904 DEBUG   HandlerThread:1038027 [handler.py:handle_request():124] handle_request: poll_exit
2021-09-19 09:16:02,005 DEBUG   HandlerThread:1038027 [handler.py:handle_request():124] handle_request: poll_exit
2021-09-19 09:16:07,106 DEBUG   HandlerThread:1038027 [handler.py:handle_request():124] handle_request: poll_exit
2021-09-19 09:16:12,206 DEBUG   HandlerThread:1038027 [handler.py:handle_request():124] handle_request: poll_exit
2021-09-19 09:16:14,172 ERROR   SenderThread:1038027 [internal_api.py:execute():130] 429 response executing GraphQL.
2021-09-19 09:16:14,172 ERROR   SenderThread:1038027 [internal_api.py:execute():131] {"error":"rate limit exceeded"}

2021-09-19 09:16:17,307 DEBUG   HandlerThread:1038027 [handler.py:handle_request():124] handle_request: poll_exit
2021-09-19 09:16:22,408 DEBUG   HandlerThread:1038027 [handler.py:handle_request():124] handle_request: poll_exit
2021-09-19 09:16:27,508 DEBUG   HandlerThread:1038027 [handler.py:handle_request():124] handle_request: poll_exit
2021-09-19 09:16:32,609 DEBUG   HandlerThread:1038027 [handler.py:handle_request():124] handle_request: poll_exit
2021-09-19 09:16:37,710 DEBUG   HandlerThread:1038027 [handler.py:handle_request():124] handle_request: poll_exit
2021-09-19 09:16:42,810 DEBUG   HandlerThread:1038027 [handler.py:handle_request():124] handle_request: poll_exit
2021-09-19 09:16:47,911 DEBUG   HandlerThread:1038027 [handler.py:handle_request():124] handle_request: poll_exit
2021-09-19 09:16:53,012 DEBUG   HandlerThread:1038027 [handler.py:handle_request():124] handle_request: poll_exit
2021-09-19 09:16:58,112 DEBUG   HandlerThread:1038027 [handler.py:handle_request():124] handle_request: poll_exit
2021-09-19 09:17:03,213 DEBUG   HandlerThread:1038027 [handler.py:handle_request():124] handle_request: poll_exit
2021-09-19 09:17:08,314 DEBUG   HandlerThread:1038027 [handler.py:handle_request():124] handle_request: poll_exit
2021-09-19 09:17:13,414 DEBUG   HandlerThread:1038027 [handler.py:handle_request():124] handle_request: poll_exit
2021-09-19 09:17:18,515 DEBUG   HandlerThread:1038027 [handler.py:handle_request():124] handle_request: poll_exit
2021-09-19 09:17:23,616 DEBUG   HandlerThread:1038027 [handler.py:handle_request():124] handle_request: poll_exit
2021-09-19 09:17:28,717 DEBUG   HandlerThread:1038027 [handler.py:handle_request():124] handle_request: poll_exit
2021-09-19 09:17:32,500 INFO    SenderThread:1038027 [sender.py:transition_state():308] send defer: 5
2021-09-19 09:17:32,501 DEBUG   SenderThread:1038027 [sender.py:send_request():193] send_request: poll_exit
2021-09-19 09:17:32,501 DEBUG   SenderThread:1038027 [sender.py:send_request():193] send_request: poll_exit
2021-09-19 09:17:32,501 DEBUG   HandlerThread:1038027 [handler.py:handle_request():124] handle_request: defer
2021-09-19 09:17:32,502 DEBUG   SenderThread:1038027 [sender.py:send_request():193] send_request: poll_exit
2021-09-19 09:17:32,502 INFO    HandlerThread:1038027 [handler.py:handle_request_defer():141] handle defer: 5
2021-09-19 09:17:32,502 DEBUG   SenderThread:1038027 [sender.py:send_request():193] send_request: poll_exit
2021-09-19 09:17:32,502 DEBUG   SenderThread:1038027 [sender.py:send_request():193] send_request: poll_exit
2021-09-19 09:17:32,503 DEBUG   SenderThread:1038027 [sender.py:send_request():193] send_request: poll_exit
2021-09-19 09:17:32,503 DEBUG   SenderThread:1038027 [sender.py:send_request():193] send_request: poll_exit
2021-09-19 09:17:32,503 DEBUG   SenderThread:1038027 [sender.py:send_request():193] send_request: poll_exit
2021-09-19 09:17:32,503 DEBUG   SenderThread:1038027 [sender.py:send_request():193] send_request: poll_exit
2021-09-19 09:17:32,503 DEBUG   SenderThread:1038027 [sender.py:send_request():193] send_request: poll_exit
2021-09-19 09:17:32,503 DEBUG   SenderThread:1038027 [sender.py:send_request():193] send_request: poll_exit
2021-09-19 09:17:32,504 DEBUG   SenderThread:1038027 [sender.py:send_request():193] send_request: poll_exit
2021-09-19 09:17:32,504 DEBUG   SenderThread:1038027 [sender.py:send_request():193] send_request: poll_exit
2021-09-19 09:17:32,504 DEBUG   SenderThread:1038027 [sender.py:send_request():193] send_request: poll_exit
2021-09-19 09:17:32,504 DEBUG   SenderThread:1038027 [sender.py:send_request():193] send_request: poll_exit
2021-09-19 09:17:32,504 DEBUG   SenderThread:1038027 [sender.py:send_request():193] send_request: poll_exit
2021-09-19 09:17:32,504 DEBUG   SenderThread:1038027 [sender.py:send_request():193] send_request: poll_exit
2021-09-19 09:17:32,504 DEBUG   SenderThread:1038027 [sender.py:send_request():193] send_request: poll_exit
2021-09-19 09:17:32,505 DEBUG   SenderThread:1038027 [sender.py:send_request():193] send_request: poll_exit
2021-09-19 09:17:32,505 DEBUG   SenderThread:1038027 [sender.py:send_request():193] send_request: poll_exit
2021-09-19 09:17:32,505 DEBUG   SenderThread:1038027 [sender.py:send_request():193] send_request: poll_exit
2021-09-19 09:17:32,505 DEBUG   SenderThread:1038027 [sender.py:send_request():193] send_request: poll_exit
2021-09-19 09:17:32,505 DEBUG   SenderThread:1038027 [sender.py:send_request():193] send_request: poll_exit
2021-09-19 09:17:32,505 DEBUG   SenderThread:1038027 [sender.py:send_request():193] send_request: poll_exit
2021-09-19 09:17:32,505 DEBUG   SenderThread:1038027 [sender.py:send_request():193] send_request: poll_exit
2021-09-19 09:17:32,506 DEBUG   SenderThread:1038027 [sender.py:send_request():193] send_request: poll_exit
2021-09-19 09:17:32,506 DEBUG   SenderThread:1038027 [sender.py:send_request():193] send_request: poll_exit
2021-09-19 09:17:32,506 DEBUG   SenderThread:1038027 [sender.py:send_request():193] send_request: poll_exit
2021-09-19 09:17:32,506 DEBUG   SenderThread:1038027 [sender.py:send_request():193] send_request: poll_exit
2021-09-19 09:17:32,506 DEBUG   SenderThread:1038027 [sender.py:send_request():193] send_request: defer
2021-09-19 09:17:32,506 INFO    SenderThread:1038027 [sender.py:send_request_defer():304] handle sender defer: 5
2021-09-19 09:17:32,506 INFO    SenderThread:1038027 [dir_watcher.py:finish():282] shutting down directory watcher
2021-09-19 09:17:32,611 DEBUG   HandlerThread:1038027 [handler.py:handle_request():124] handle_request: poll_exit
2021-09-19 09:17:33,187 INFO    SenderThread:1038027 [dir_watcher.py:_on_file_modified():229] file/dir modified: /grid/koo/home/toneyan/profile/QuantPred/wandb/run-20210919_091429-rmzqfy63/files/config.yaml
2021-09-19 09:17:33,187 INFO    SenderThread:1038027 [dir_watcher.py:finish():312] scan: /grid/koo/home/toneyan/profile/QuantPred/wandb/run-20210919_091429-rmzqfy63/files
2021-09-19 09:17:33,188 INFO    SenderThread:1038027 [dir_watcher.py:finish():318] scan save: /grid/koo/home/toneyan/profile/QuantPred/wandb/run-20210919_091429-rmzqfy63/files/wandb-metadata.json wandb-metadata.json
2021-09-19 09:17:33,188 INFO    SenderThread:1038027 [dir_watcher.py:finish():318] scan save: /grid/koo/home/toneyan/profile/QuantPred/wandb/run-20210919_091429-rmzqfy63/files/config.yaml config.yaml
2021-09-19 09:17:33,188 INFO    SenderThread:1038027 [dir_watcher.py:finish():318] scan save: /grid/koo/home/toneyan/profile/QuantPred/wandb/run-20210919_091429-rmzqfy63/files/requirements.txt requirements.txt
2021-09-19 09:17:33,192 INFO    SenderThread:1038027 [dir_watcher.py:finish():318] scan save: /grid/koo/home/toneyan/profile/QuantPred/wandb/run-20210919_091429-rmzqfy63/files/wandb-summary.json wandb-summary.json
2021-09-19 09:17:33,195 INFO    SenderThread:1038027 [dir_watcher.py:finish():318] scan save: /grid/koo/home/toneyan/profile/QuantPred/wandb/run-20210919_091429-rmzqfy63/files/output.log output.log
2021-09-19 09:17:33,199 INFO    SenderThread:1038027 [sender.py:transition_state():308] send defer: 6
2021-09-19 09:17:33,199 DEBUG   SenderThread:1038027 [sender.py:send_request():193] send_request: poll_exit
2021-09-19 09:17:33,201 DEBUG   HandlerThread:1038027 [handler.py:handle_request():124] handle_request: defer
2021-09-19 09:17:33,201 INFO    HandlerThread:1038027 [handler.py:handle_request_defer():141] handle defer: 6
2021-09-19 09:17:33,201 DEBUG   SenderThread:1038027 [sender.py:send_request():193] send_request: defer
2021-09-19 09:17:33,201 INFO    SenderThread:1038027 [sender.py:send_request_defer():304] handle sender defer: 6
2021-09-19 09:17:33,201 INFO    SenderThread:1038027 [file_pusher.py:finish():177] shutting down file pusher
2021-09-19 09:17:33,302 DEBUG   HandlerThread:1038027 [handler.py:handle_request():124] handle_request: poll_exit
2021-09-19 09:17:33,303 DEBUG   SenderThread:1038027 [sender.py:send_request():193] send_request: poll_exit
2021-09-19 09:17:33,405 DEBUG   HandlerThread:1038027 [handler.py:handle_request():124] handle_request: poll_exit
2021-09-19 09:17:33,405 DEBUG   SenderThread:1038027 [sender.py:send_request():193] send_request: poll_exit
2021-09-19 09:17:33,499 INFO    Thread-13 :1038027 [upload_job.py:push():137] Uploaded file /grid/koo/home/toneyan/profile/QuantPred/wandb/run-20210919_091429-rmzqfy63/files/requirements.txt
2021-09-19 09:17:33,507 DEBUG   HandlerThread:1038027 [handler.py:handle_request():124] handle_request: poll_exit
2021-09-19 09:17:33,507 DEBUG   SenderThread:1038027 [sender.py:send_request():193] send_request: poll_exit
2021-09-19 09:17:33,535 INFO    Thread-14 :1038027 [upload_job.py:push():137] Uploaded file /grid/koo/home/toneyan/profile/QuantPred/wandb/run-20210919_091429-rmzqfy63/files/wandb-summary.json
2021-09-19 09:17:33,593 INFO    Thread-12 :1038027 [upload_job.py:push():137] Uploaded file /grid/koo/home/toneyan/profile/QuantPred/wandb/run-20210919_091429-rmzqfy63/files/config.yaml
2021-09-19 09:17:33,609 DEBUG   HandlerThread:1038027 [handler.py:handle_request():124] handle_request: poll_exit
2021-09-19 09:17:33,609 DEBUG   SenderThread:1038027 [sender.py:send_request():193] send_request: poll_exit
2021-09-19 09:17:33,712 DEBUG   HandlerThread:1038027 [handler.py:handle_request():124] handle_request: poll_exit
2021-09-19 09:17:33,713 DEBUG   SenderThread:1038027 [sender.py:send_request():193] send_request: poll_exit
2021-09-19 09:17:33,794 INFO    Thread-7  :1038027 [sender.py:transition_state():308] send defer: 7
2021-09-19 09:17:33,794 DEBUG   HandlerThread:1038027 [handler.py:handle_request():124] handle_request: defer
2021-09-19 09:17:33,794 INFO    HandlerThread:1038027 [handler.py:handle_request_defer():141] handle defer: 7
2021-09-19 09:17:33,795 DEBUG   SenderThread:1038027 [sender.py:send_request():193] send_request: defer
2021-09-19 09:17:33,795 INFO    SenderThread:1038027 [sender.py:send_request_defer():304] handle sender defer: 7
2021-09-19 09:17:33,818 DEBUG   HandlerThread:1038027 [handler.py:handle_request():124] handle_request: poll_exit
2021-09-19 09:17:33,845 INFO    SenderThread:1038027 [sender.py:transition_state():308] send defer: 8
2021-09-19 09:17:33,845 DEBUG   SenderThread:1038027 [sender.py:send_request():193] send_request: poll_exit
2021-09-19 09:17:33,846 DEBUG   HandlerThread:1038027 [handler.py:handle_request():124] handle_request: defer
2021-09-19 09:17:33,846 INFO    HandlerThread:1038027 [handler.py:handle_request_defer():141] handle defer: 8
2021-09-19 09:17:33,846 DEBUG   SenderThread:1038027 [sender.py:send_request():193] send_request: defer
2021-09-19 09:17:33,846 INFO    SenderThread:1038027 [sender.py:send_request_defer():304] handle sender defer: 8
2021-09-19 09:17:33,846 INFO    SenderThread:1038027 [sender.py:transition_state():308] send defer: 9
2021-09-19 09:17:33,847 DEBUG   SenderThread:1038027 [sender.py:send():179] send: final
2021-09-19 09:17:33,847 DEBUG   HandlerThread:1038027 [handler.py:handle_request():124] handle_request: defer
2021-09-19 09:17:33,847 DEBUG   SenderThread:1038027 [sender.py:send():179] send: footer
2021-09-19 09:17:33,847 INFO    HandlerThread:1038027 [handler.py:handle_request_defer():141] handle defer: 9
2021-09-19 09:17:33,847 DEBUG   SenderThread:1038027 [sender.py:send_request():193] send_request: defer
2021-09-19 09:17:33,847 INFO    SenderThread:1038027 [sender.py:send_request_defer():304] handle sender defer: 9
2021-09-19 09:17:33,948 DEBUG   HandlerThread:1038027 [handler.py:handle_request():124] handle_request: poll_exit
2021-09-19 09:17:33,948 DEBUG   SenderThread:1038027 [sender.py:send_request():193] send_request: poll_exit
2021-09-19 09:17:33,948 INFO    SenderThread:1038027 [file_pusher.py:join():182] waiting for file pusher
2021-09-19 09:17:33,949 DEBUG   HandlerThread:1038027 [handler.py:handle_request():124] handle_request: get_summary
2021-09-19 09:17:33,950 DEBUG   HandlerThread:1038027 [handler.py:handle_request():124] handle_request: sampled_history
2021-09-19 09:17:33,950 DEBUG   HandlerThread:1038027 [handler.py:handle_request():124] handle_request: shutdown
2021-09-19 09:17:33,950 INFO    HandlerThread:1038027 [handler.py:finish():638] shutting down handler
2021-09-19 09:17:34,847 INFO    WriterThread:1038027 [datastore.py:close():288] close: /grid/koo/home/toneyan/profile/QuantPred/wandb/run-20210919_091429-rmzqfy63/run-rmzqfy63.wandb
2021-09-19 09:17:34,948 INFO    SenderThread:1038027 [sender.py:finish():945] shutting down sender
2021-09-19 09:17:34,949 INFO    SenderThread:1038027 [file_pusher.py:finish():177] shutting down file pusher
2021-09-19 09:17:34,949 INFO    SenderThread:1038027 [file_pusher.py:join():182] waiting for file pusher
2021-09-19 09:17:34,950 INFO    MainThread:1038027 [internal.py:handle_exit():78] Internal process exited
