2021-09-14 08:12:38,294 INFO    MainThread:3549867 [internal.py:wandb_internal():91] W&B internal server running at pid: 3549867, started at: 2021-09-14 08:12:38.292989
2021-09-14 08:12:38,296 DEBUG   HandlerThread:3549867 [handler.py:handle_request():124] handle_request: check_version
2021-09-14 08:12:38,296 INFO    WriterThread:3549867 [datastore.py:open_for_write():80] open: /grid/koo/home/toneyan/profile/QuantPred/wandb/run-20210914_081237-lv3skamx/run-lv3skamx.wandb
2021-09-14 08:12:38,298 DEBUG   SenderThread:3549867 [sender.py:send():179] send: header
2021-09-14 08:12:38,298 DEBUG   SenderThread:3549867 [sender.py:send_request():193] send_request: check_version
2021-09-14 08:12:38,356 DEBUG   SenderThread:3549867 [sender.py:send():179] send: run
2021-09-14 08:12:38,438 INFO    SenderThread:3549867 [dir_watcher.py:__init__():168] watching files in: /grid/koo/home/toneyan/profile/QuantPred/wandb/run-20210914_081237-lv3skamx/files
2021-09-14 08:12:38,438 INFO    SenderThread:3549867 [sender.py:_start_run_threads():719] run started: lv3skamx with start time 1631621557
2021-09-14 08:12:38,438 DEBUG   SenderThread:3549867 [sender.py:send():179] send: summary
2021-09-14 08:12:38,439 DEBUG   HandlerThread:3549867 [handler.py:handle_request():124] handle_request: run_start
2021-09-14 08:12:38,440 INFO    SenderThread:3549867 [sender.py:_save_file():841] saving file wandb-summary.json with policy end
2021-09-14 08:12:39,443 INFO    Thread-8  :3549867 [dir_watcher.py:_on_file_created():216] file/dir created: /grid/koo/home/toneyan/profile/QuantPred/wandb/run-20210914_081237-lv3skamx/files/wandb-summary.json
2021-09-14 08:12:39,693 DEBUG   HandlerThread:3549867 [meta.py:__init__():39] meta init
2021-09-14 08:12:39,694 DEBUG   HandlerThread:3549867 [meta.py:__init__():53] meta init done
2021-09-14 08:12:39,694 DEBUG   HandlerThread:3549867 [meta.py:probe():210] probe
2021-09-14 08:12:39,699 DEBUG   HandlerThread:3549867 [meta.py:_save_pip():57] save pip
2021-09-14 08:12:39,703 DEBUG   HandlerThread:3549867 [meta.py:_save_pip():71] save pip done
2021-09-14 08:12:39,703 DEBUG   HandlerThread:3549867 [meta.py:probe():252] probe done
2021-09-14 08:12:39,708 DEBUG   SenderThread:3549867 [sender.py:send():179] send: files
2021-09-14 08:12:39,708 INFO    SenderThread:3549867 [sender.py:_save_file():841] saving file wandb-metadata.json with policy now
2021-09-14 08:12:39,721 DEBUG   HandlerThread:3549867 [handler.py:handle_request():124] handle_request: stop_status
2021-09-14 08:12:39,721 DEBUG   SenderThread:3549867 [sender.py:send_request():193] send_request: stop_status
2021-09-14 08:12:40,079 INFO    Thread-11 :3549867 [upload_job.py:push():137] Uploaded file /tmp/3287102.1.gpu.q/tmphyi96u5dwandb/35tttdd8-wandb-metadata.json
2021-09-14 08:12:40,442 INFO    Thread-8  :3549867 [dir_watcher.py:_on_file_created():216] file/dir created: /grid/koo/home/toneyan/profile/QuantPred/wandb/run-20210914_081237-lv3skamx/files/requirements.txt
2021-09-14 08:12:40,442 INFO    Thread-8  :3549867 [dir_watcher.py:_on_file_created():216] file/dir created: /grid/koo/home/toneyan/profile/QuantPred/wandb/run-20210914_081237-lv3skamx/files/wandb-metadata.json
2021-09-14 08:12:40,442 INFO    Thread-8  :3549867 [dir_watcher.py:_on_file_created():216] file/dir created: /grid/koo/home/toneyan/profile/QuantPred/wandb/run-20210914_081237-lv3skamx/files/output.log
2021-09-14 08:12:54,789 DEBUG   HandlerThread:3549867 [handler.py:handle_request():124] handle_request: stop_status
2021-09-14 08:12:54,789 DEBUG   SenderThread:3549867 [sender.py:send_request():193] send_request: stop_status
2021-09-14 08:12:54,848 ERROR   SenderThread:3549867 [internal_api.py:execute():130] 429 response executing GraphQL.
2021-09-14 08:12:54,848 ERROR   SenderThread:3549867 [internal_api.py:execute():131] {"error":"rate limit exceeded"}

2021-09-14 08:12:55,965 ERROR   SenderThread:3549867 [internal_api.py:execute():130] 429 response executing GraphQL.
2021-09-14 08:12:55,965 ERROR   SenderThread:3549867 [internal_api.py:execute():131] {"error":"rate limit exceeded"}

2021-09-14 08:12:58,466 ERROR   SenderThread:3549867 [internal_api.py:execute():130] 429 response executing GraphQL.
2021-09-14 08:12:58,466 ERROR   SenderThread:3549867 [internal_api.py:execute():131] {"error":"rate limit exceeded"}

2021-09-14 08:12:58,466 ERROR   SenderThread:3549867 [retry.py:__call__():126] Retry attempt failed:
Traceback (most recent call last):
  File "/usr/local/lib/python3.6/dist-packages/wandb/sdk/lib/retry.py", line 102, in __call__
    result = self._call_fn(*args, **kwargs)
  File "/usr/local/lib/python3.6/dist-packages/wandb/sdk/internal/internal_api.py", line 133, in execute
    six.reraise(*sys.exc_info())
  File "/usr/local/lib/python3.6/dist-packages/six.py", line 719, in reraise
    raise value
  File "/usr/local/lib/python3.6/dist-packages/wandb/sdk/internal/internal_api.py", line 127, in execute
    return self.client.execute(*args, **kwargs)
  File "/usr/local/lib/python3.6/dist-packages/wandb/vendor/gql-0.2.0/gql/client.py", line 52, in execute
    result = self._get_result(document, *args, **kwargs)
  File "/usr/local/lib/python3.6/dist-packages/wandb/vendor/gql-0.2.0/gql/client.py", line 60, in _get_result
    return self.transport.execute(document, *args, **kwargs)
  File "/usr/local/lib/python3.6/dist-packages/wandb/vendor/gql-0.2.0/gql/transport/requests.py", line 39, in execute
    request.raise_for_status()
  File "/usr/local/lib/python3.6/dist-packages/requests/models.py", line 943, in raise_for_status
    raise HTTPError(http_error_msg, response=self)
requests.exceptions.HTTPError: 429 Client Error: Too Many Requests for url: https://api.wandb.ai/graphql
2021-09-14 08:13:08,110 DEBUG   SenderThread:3549867 [sender.py:send():179] send: stats
2021-09-14 08:13:14,965 DEBUG   HandlerThread:3549867 [handler.py:handle_request():124] handle_request: poll_exit
2021-09-14 08:13:14,965 DEBUG   SenderThread:3549867 [sender.py:send():179] send: telemetry
2021-09-14 08:13:14,966 DEBUG   SenderThread:3549867 [sender.py:send():179] send: exit
2021-09-14 08:13:14,966 INFO    SenderThread:3549867 [sender.py:send_exit():287] handling exit code: 1
2021-09-14 08:13:14,966 INFO    SenderThread:3549867 [sender.py:send_exit():295] send defer
2021-09-14 08:13:14,966 DEBUG   SenderThread:3549867 [sender.py:send_request():193] send_request: poll_exit
2021-09-14 08:13:14,966 DEBUG   HandlerThread:3549867 [handler.py:handle_request():124] handle_request: defer
2021-09-14 08:13:14,967 INFO    HandlerThread:3549867 [handler.py:handle_request_defer():141] handle defer: 0
2021-09-14 08:13:14,967 DEBUG   SenderThread:3549867 [sender.py:send_request():193] send_request: defer
2021-09-14 08:13:14,967 INFO    SenderThread:3549867 [sender.py:send_request_defer():304] handle sender defer: 0
2021-09-14 08:13:14,967 INFO    SenderThread:3549867 [sender.py:transition_state():308] send defer: 1
2021-09-14 08:13:14,967 DEBUG   HandlerThread:3549867 [handler.py:handle_request():124] handle_request: defer
2021-09-14 08:13:14,967 INFO    HandlerThread:3549867 [handler.py:handle_request_defer():141] handle defer: 1
2021-09-14 08:13:15,008 DEBUG   SenderThread:3549867 [sender.py:send_request():193] send_request: defer
2021-09-14 08:13:15,008 INFO    SenderThread:3549867 [sender.py:send_request_defer():304] handle sender defer: 1
2021-09-14 08:13:15,008 INFO    SenderThread:3549867 [sender.py:transition_state():308] send defer: 2
2021-09-14 08:13:15,009 DEBUG   SenderThread:3549867 [sender.py:send():179] send: stats
2021-09-14 08:13:15,009 DEBUG   HandlerThread:3549867 [handler.py:handle_request():124] handle_request: defer
2021-09-14 08:13:15,011 INFO    HandlerThread:3549867 [handler.py:handle_request_defer():141] handle defer: 2
2021-09-14 08:13:15,011 DEBUG   SenderThread:3549867 [sender.py:send_request():193] send_request: defer
2021-09-14 08:13:15,011 INFO    SenderThread:3549867 [sender.py:send_request_defer():304] handle sender defer: 2
2021-09-14 08:13:15,011 INFO    SenderThread:3549867 [sender.py:transition_state():308] send defer: 3
2021-09-14 08:13:15,012 DEBUG   HandlerThread:3549867 [handler.py:handle_request():124] handle_request: defer
2021-09-14 08:13:15,012 INFO    HandlerThread:3549867 [handler.py:handle_request_defer():141] handle defer: 3
2021-09-14 08:13:15,012 DEBUG   SenderThread:3549867 [sender.py:send():179] send: summary
2021-09-14 08:13:15,012 INFO    SenderThread:3549867 [sender.py:_save_file():841] saving file wandb-summary.json with policy end
2021-09-14 08:13:15,012 DEBUG   SenderThread:3549867 [sender.py:send_request():193] send_request: defer
2021-09-14 08:13:15,012 INFO    SenderThread:3549867 [sender.py:send_request_defer():304] handle sender defer: 3
2021-09-14 08:13:15,012 INFO    SenderThread:3549867 [sender.py:transition_state():308] send defer: 4
2021-09-14 08:13:15,013 DEBUG   HandlerThread:3549867 [handler.py:handle_request():124] handle_request: defer
2021-09-14 08:13:15,013 INFO    HandlerThread:3549867 [handler.py:handle_request_defer():141] handle defer: 4
2021-09-14 08:13:15,013 DEBUG   SenderThread:3549867 [sender.py:send_request():193] send_request: defer
2021-09-14 08:13:15,013 INFO    SenderThread:3549867 [sender.py:send_request_defer():304] handle sender defer: 4
2021-09-14 08:13:15,068 DEBUG   HandlerThread:3549867 [handler.py:handle_request():124] handle_request: poll_exit
2021-09-14 08:13:15,097 INFO    SenderThread:3549867 [sender.py:transition_state():308] send defer: 5
2021-09-14 08:13:15,097 DEBUG   SenderThread:3549867 [sender.py:send_request():193] send_request: poll_exit
2021-09-14 08:13:15,097 DEBUG   HandlerThread:3549867 [handler.py:handle_request():124] handle_request: defer
2021-09-14 08:13:15,098 INFO    HandlerThread:3549867 [handler.py:handle_request_defer():141] handle defer: 5
2021-09-14 08:13:15,098 DEBUG   SenderThread:3549867 [sender.py:send_request():193] send_request: defer
2021-09-14 08:13:15,098 INFO    SenderThread:3549867 [sender.py:send_request_defer():304] handle sender defer: 5
2021-09-14 08:13:15,098 INFO    SenderThread:3549867 [dir_watcher.py:finish():282] shutting down directory watcher
2021-09-14 08:13:15,199 DEBUG   HandlerThread:3549867 [handler.py:handle_request():124] handle_request: poll_exit
2021-09-14 08:13:15,448 INFO    SenderThread:3549867 [dir_watcher.py:_on_file_modified():229] file/dir modified: /grid/koo/home/toneyan/profile/QuantPred/wandb/run-20210914_081237-lv3skamx/files/config.yaml
2021-09-14 08:13:15,448 INFO    SenderThread:3549867 [dir_watcher.py:_on_file_modified():229] file/dir modified: /grid/koo/home/toneyan/profile/QuantPred/wandb/run-20210914_081237-lv3skamx/files/wandb-summary.json
2021-09-14 08:13:15,448 INFO    SenderThread:3549867 [dir_watcher.py:finish():312] scan: /grid/koo/home/toneyan/profile/QuantPred/wandb/run-20210914_081237-lv3skamx/files
2021-09-14 08:13:15,448 INFO    SenderThread:3549867 [dir_watcher.py:finish():318] scan save: /grid/koo/home/toneyan/profile/QuantPred/wandb/run-20210914_081237-lv3skamx/files/wandb-metadata.json wandb-metadata.json
2021-09-14 08:13:15,448 INFO    SenderThread:3549867 [dir_watcher.py:finish():318] scan save: /grid/koo/home/toneyan/profile/QuantPred/wandb/run-20210914_081237-lv3skamx/files/config.yaml config.yaml
2021-09-14 08:13:15,448 INFO    SenderThread:3549867 [dir_watcher.py:finish():318] scan save: /grid/koo/home/toneyan/profile/QuantPred/wandb/run-20210914_081237-lv3skamx/files/requirements.txt requirements.txt
2021-09-14 08:13:15,448 INFO    SenderThread:3549867 [dir_watcher.py:finish():318] scan save: /grid/koo/home/toneyan/profile/QuantPred/wandb/run-20210914_081237-lv3skamx/files/wandb-summary.json wandb-summary.json
2021-09-14 08:13:15,452 INFO    SenderThread:3549867 [dir_watcher.py:finish():318] scan save: /grid/koo/home/toneyan/profile/QuantPred/wandb/run-20210914_081237-lv3skamx/files/output.log output.log
2021-09-14 08:13:15,460 INFO    SenderThread:3549867 [sender.py:transition_state():308] send defer: 6
2021-09-14 08:13:15,460 DEBUG   SenderThread:3549867 [sender.py:send_request():193] send_request: poll_exit
2021-09-14 08:13:15,461 DEBUG   HandlerThread:3549867 [handler.py:handle_request():124] handle_request: defer
2021-09-14 08:13:15,461 INFO    HandlerThread:3549867 [handler.py:handle_request_defer():141] handle defer: 6
2021-09-14 08:13:15,461 DEBUG   SenderThread:3549867 [sender.py:send_request():193] send_request: defer
2021-09-14 08:13:15,461 INFO    SenderThread:3549867 [sender.py:send_request_defer():304] handle sender defer: 6
2021-09-14 08:13:15,462 INFO    SenderThread:3549867 [file_pusher.py:finish():177] shutting down file pusher
2021-09-14 08:13:15,563 DEBUG   HandlerThread:3549867 [handler.py:handle_request():124] handle_request: poll_exit
2021-09-14 08:13:15,563 DEBUG   SenderThread:3549867 [sender.py:send_request():193] send_request: poll_exit
2021-09-14 08:13:15,680 DEBUG   HandlerThread:3549867 [handler.py:handle_request():124] handle_request: poll_exit
2021-09-14 08:13:15,681 DEBUG   SenderThread:3549867 [sender.py:send_request():193] send_request: poll_exit
2021-09-14 08:13:15,783 INFO    Thread-13 :3549867 [upload_job.py:push():137] Uploaded file /grid/koo/home/toneyan/profile/QuantPred/wandb/run-20210914_081237-lv3skamx/files/requirements.txt
2021-09-14 08:13:15,783 DEBUG   HandlerThread:3549867 [handler.py:handle_request():124] handle_request: poll_exit
2021-09-14 08:13:15,784 DEBUG   SenderThread:3549867 [sender.py:send_request():193] send_request: poll_exit
2021-09-14 08:13:15,799 INFO    Thread-14 :3549867 [upload_job.py:push():137] Uploaded file /grid/koo/home/toneyan/profile/QuantPred/wandb/run-20210914_081237-lv3skamx/files/wandb-summary.json
2021-09-14 08:13:15,819 INFO    Thread-12 :3549867 [upload_job.py:push():137] Uploaded file /grid/koo/home/toneyan/profile/QuantPred/wandb/run-20210914_081237-lv3skamx/files/config.yaml
2021-09-14 08:13:15,886 DEBUG   HandlerThread:3549867 [handler.py:handle_request():124] handle_request: poll_exit
2021-09-14 08:13:15,886 DEBUG   SenderThread:3549867 [sender.py:send_request():193] send_request: poll_exit
2021-09-14 08:13:15,988 DEBUG   HandlerThread:3549867 [handler.py:handle_request():124] handle_request: poll_exit
2021-09-14 08:13:15,988 DEBUG   SenderThread:3549867 [sender.py:send_request():193] send_request: poll_exit
2021-09-14 08:13:16,019 INFO    Thread-7  :3549867 [sender.py:transition_state():308] send defer: 7
2021-09-14 08:13:16,020 DEBUG   HandlerThread:3549867 [handler.py:handle_request():124] handle_request: defer
2021-09-14 08:13:16,020 INFO    HandlerThread:3549867 [handler.py:handle_request_defer():141] handle defer: 7
2021-09-14 08:13:16,020 DEBUG   SenderThread:3549867 [sender.py:send_request():193] send_request: defer
2021-09-14 08:13:16,020 INFO    SenderThread:3549867 [sender.py:send_request_defer():304] handle sender defer: 7
2021-09-14 08:13:16,090 DEBUG   HandlerThread:3549867 [handler.py:handle_request():124] handle_request: poll_exit
2021-09-14 08:13:16,138 INFO    SenderThread:3549867 [sender.py:transition_state():308] send defer: 8
2021-09-14 08:13:16,138 DEBUG   SenderThread:3549867 [sender.py:send_request():193] send_request: poll_exit
2021-09-14 08:13:16,139 DEBUG   HandlerThread:3549867 [handler.py:handle_request():124] handle_request: defer
2021-09-14 08:13:16,139 INFO    HandlerThread:3549867 [handler.py:handle_request_defer():141] handle defer: 8
2021-09-14 08:13:16,139 DEBUG   SenderThread:3549867 [sender.py:send_request():193] send_request: defer
2021-09-14 08:13:16,139 INFO    SenderThread:3549867 [sender.py:send_request_defer():304] handle sender defer: 8
2021-09-14 08:13:16,139 INFO    SenderThread:3549867 [sender.py:transition_state():308] send defer: 9
2021-09-14 08:13:16,140 DEBUG   SenderThread:3549867 [sender.py:send():179] send: final
2021-09-14 08:13:16,140 DEBUG   HandlerThread:3549867 [handler.py:handle_request():124] handle_request: defer
2021-09-14 08:13:16,140 DEBUG   SenderThread:3549867 [sender.py:send():179] send: footer
2021-09-14 08:13:16,140 INFO    HandlerThread:3549867 [handler.py:handle_request_defer():141] handle defer: 9
2021-09-14 08:13:16,141 DEBUG   SenderThread:3549867 [sender.py:send_request():193] send_request: defer
2021-09-14 08:13:16,141 INFO    SenderThread:3549867 [sender.py:send_request_defer():304] handle sender defer: 9
2021-09-14 08:13:16,240 DEBUG   HandlerThread:3549867 [handler.py:handle_request():124] handle_request: poll_exit
2021-09-14 08:13:16,241 DEBUG   SenderThread:3549867 [sender.py:send_request():193] send_request: poll_exit
2021-09-14 08:13:16,241 INFO    SenderThread:3549867 [file_pusher.py:join():182] waiting for file pusher
2021-09-14 08:13:16,242 DEBUG   HandlerThread:3549867 [handler.py:handle_request():124] handle_request: get_summary
2021-09-14 08:13:16,243 DEBUG   HandlerThread:3549867 [handler.py:handle_request():124] handle_request: sampled_history
2021-09-14 08:13:16,243 DEBUG   HandlerThread:3549867 [handler.py:handle_request():124] handle_request: shutdown
2021-09-14 08:13:16,243 INFO    HandlerThread:3549867 [handler.py:finish():638] shutting down handler
2021-09-14 08:13:17,141 INFO    WriterThread:3549867 [datastore.py:close():288] close: /grid/koo/home/toneyan/profile/QuantPred/wandb/run-20210914_081237-lv3skamx/run-lv3skamx.wandb
2021-09-14 08:13:17,241 INFO    SenderThread:3549867 [sender.py:finish():945] shutting down sender
2021-09-14 08:13:17,241 INFO    SenderThread:3549867 [file_pusher.py:finish():177] shutting down file pusher
2021-09-14 08:13:17,241 INFO    SenderThread:3549867 [file_pusher.py:join():182] waiting for file pusher
2021-09-14 08:13:17,244 INFO    MainThread:3549867 [internal.py:handle_exit():78] Internal process exited
