2021-09-18 23:49:55,547 INFO    MainThread:941519 [internal.py:wandb_internal():91] W&B internal server running at pid: 941519, started at: 2021-09-18 23:49:55.546962
2021-09-18 23:49:55,549 DEBUG   HandlerThread:941519 [handler.py:handle_request():124] handle_request: check_version
2021-09-18 23:49:55,549 INFO    WriterThread:941519 [datastore.py:open_for_write():80] open: /grid/koo/home/toneyan/profile/QuantPred/wandb/run-20210918_234954-zuel4l9i/run-zuel4l9i.wandb
2021-09-18 23:49:55,551 DEBUG   SenderThread:941519 [sender.py:send():179] send: header
2021-09-18 23:49:55,551 DEBUG   SenderThread:941519 [sender.py:send_request():193] send_request: check_version
2021-09-18 23:49:55,578 DEBUG   SenderThread:941519 [sender.py:send():179] send: run
2021-09-18 23:49:55,636 ERROR   SenderThread:941519 [internal_api.py:execute():130] 429 response executing GraphQL.
2021-09-18 23:49:55,636 ERROR   SenderThread:941519 [internal_api.py:execute():131] {"error":"rate limit exceeded"}

2021-09-18 23:49:56,814 ERROR   SenderThread:941519 [internal_api.py:execute():130] 429 response executing GraphQL.
2021-09-18 23:49:56,815 ERROR   SenderThread:941519 [internal_api.py:execute():131] {"error":"rate limit exceeded"}

2021-09-18 23:49:59,289 ERROR   SenderThread:941519 [internal_api.py:execute():130] 429 response executing GraphQL.
2021-09-18 23:49:59,289 ERROR   SenderThread:941519 [internal_api.py:execute():131] {"error":"rate limit exceeded"}

2021-09-18 23:49:59,289 ERROR   SenderThread:941519 [retry.py:__call__():126] Retry attempt failed:
Traceback (most recent call last):
  File "/usr/local/lib/python3.6/dist-packages/wandb/sdk/lib/retry.py", line 102, in __call__
    result = self._call_fn(*args, **kwargs)
  File "/usr/local/lib/python3.6/dist-packages/wandb/sdk/internal/internal_api.py", line 133, in execute
    six.reraise(*sys.exc_info())
  File "/usr/local/lib/python3.6/dist-packages/six.py", line 719, in reraise
    raise value
  File "/usr/local/lib/python3.6/dist-packages/wandb/sdk/internal/internal_api.py", line 127, in execute
    return self.client.execute(*args, **kwargs)
  File "/usr/local/lib/python3.6/dist-packages/wandb/vendor/gql-0.2.0/gql/client.py", line 52, in execute
    result = self._get_result(document, *args, **kwargs)
  File "/usr/local/lib/python3.6/dist-packages/wandb/vendor/gql-0.2.0/gql/client.py", line 60, in _get_result
    return self.transport.execute(document, *args, **kwargs)
  File "/usr/local/lib/python3.6/dist-packages/wandb/vendor/gql-0.2.0/gql/transport/requests.py", line 39, in execute
    request.raise_for_status()
  File "/usr/local/lib/python3.6/dist-packages/requests/models.py", line 943, in raise_for_status
    raise HTTPError(http_error_msg, response=self)
requests.exceptions.HTTPError: 429 Client Error: Too Many Requests for url: https://api.wandb.ai/graphql
2021-09-18 23:50:03,418 INFO    SenderThread:941519 [dir_watcher.py:__init__():168] watching files in: /grid/koo/home/toneyan/profile/QuantPred/wandb/run-20210918_234954-zuel4l9i/files
2021-09-18 23:50:03,418 INFO    SenderThread:941519 [sender.py:_start_run_threads():719] run started: zuel4l9i with start time 1632023395
2021-09-18 23:50:03,418 DEBUG   SenderThread:941519 [sender.py:send():179] send: summary
2021-09-18 23:50:03,418 INFO    SenderThread:941519 [sender.py:_save_file():841] saving file wandb-summary.json with policy end
2021-09-18 23:50:03,419 DEBUG   HandlerThread:941519 [handler.py:handle_request():124] handle_request: run_start
2021-09-18 23:50:04,419 INFO    Thread-8  :941519 [dir_watcher.py:_on_file_created():216] file/dir created: /grid/koo/home/toneyan/profile/QuantPred/wandb/run-20210918_234954-zuel4l9i/files/wandb-summary.json
2021-09-18 23:50:04,435 DEBUG   HandlerThread:941519 [meta.py:__init__():39] meta init
2021-09-18 23:50:04,435 DEBUG   HandlerThread:941519 [meta.py:__init__():53] meta init done
2021-09-18 23:50:04,435 DEBUG   HandlerThread:941519 [meta.py:probe():210] probe
2021-09-18 23:50:04,441 DEBUG   HandlerThread:941519 [meta.py:_save_pip():57] save pip
2021-09-18 23:50:04,442 DEBUG   HandlerThread:941519 [meta.py:_save_pip():71] save pip done
2021-09-18 23:50:04,443 DEBUG   HandlerThread:941519 [meta.py:probe():252] probe done
2021-09-18 23:50:04,445 DEBUG   SenderThread:941519 [sender.py:send():179] send: files
2021-09-18 23:50:04,445 INFO    SenderThread:941519 [sender.py:_save_file():841] saving file wandb-metadata.json with policy now
2021-09-18 23:50:04,450 DEBUG   HandlerThread:941519 [handler.py:handle_request():124] handle_request: stop_status
2021-09-18 23:50:04,451 DEBUG   SenderThread:941519 [sender.py:send_request():193] send_request: stop_status
2021-09-18 23:50:04,766 INFO    Thread-11 :941519 [upload_job.py:push():137] Uploaded file /tmp/3288840.1.gpu_ded.q/tmpq_lbzseiwandb/22xbhsgf-wandb-metadata.json
2021-09-18 23:50:05,419 INFO    Thread-8  :941519 [dir_watcher.py:_on_file_created():216] file/dir created: /grid/koo/home/toneyan/profile/QuantPred/wandb/run-20210918_234954-zuel4l9i/files/requirements.txt
2021-09-18 23:50:05,419 INFO    Thread-8  :941519 [dir_watcher.py:_on_file_created():216] file/dir created: /grid/koo/home/toneyan/profile/QuantPred/wandb/run-20210918_234954-zuel4l9i/files/output.log
2021-09-18 23:50:05,419 INFO    Thread-8  :941519 [dir_watcher.py:_on_file_created():216] file/dir created: /grid/koo/home/toneyan/profile/QuantPred/wandb/run-20210918_234954-zuel4l9i/files/wandb-metadata.json
2021-09-18 23:50:19,509 DEBUG   HandlerThread:941519 [handler.py:handle_request():124] handle_request: stop_status
2021-09-18 23:50:19,509 DEBUG   SenderThread:941519 [sender.py:send_request():193] send_request: stop_status
2021-09-18 23:50:19,566 ERROR   SenderThread:941519 [internal_api.py:execute():130] 429 response executing GraphQL.
2021-09-18 23:50:19,566 ERROR   SenderThread:941519 [internal_api.py:execute():131] {"error":"rate limit exceeded"}

2021-09-18 23:50:20,821 ERROR   SenderThread:941519 [internal_api.py:execute():130] 429 response executing GraphQL.
2021-09-18 23:50:20,821 ERROR   SenderThread:941519 [internal_api.py:execute():131] {"error":"rate limit exceeded"}

2021-09-18 23:50:23,358 ERROR   SenderThread:941519 [internal_api.py:execute():130] 429 response executing GraphQL.
2021-09-18 23:50:23,358 ERROR   SenderThread:941519 [internal_api.py:execute():131] {"error":"rate limit exceeded"}

2021-09-18 23:50:23,358 ERROR   SenderThread:941519 [retry.py:__call__():126] Retry attempt failed:
Traceback (most recent call last):
  File "/usr/local/lib/python3.6/dist-packages/wandb/sdk/lib/retry.py", line 102, in __call__
    result = self._call_fn(*args, **kwargs)
  File "/usr/local/lib/python3.6/dist-packages/wandb/sdk/internal/internal_api.py", line 133, in execute
    six.reraise(*sys.exc_info())
  File "/usr/local/lib/python3.6/dist-packages/six.py", line 719, in reraise
    raise value
  File "/usr/local/lib/python3.6/dist-packages/wandb/sdk/internal/internal_api.py", line 127, in execute
    return self.client.execute(*args, **kwargs)
  File "/usr/local/lib/python3.6/dist-packages/wandb/vendor/gql-0.2.0/gql/client.py", line 52, in execute
    result = self._get_result(document, *args, **kwargs)
  File "/usr/local/lib/python3.6/dist-packages/wandb/vendor/gql-0.2.0/gql/client.py", line 60, in _get_result
    return self.transport.execute(document, *args, **kwargs)
  File "/usr/local/lib/python3.6/dist-packages/wandb/vendor/gql-0.2.0/gql/transport/requests.py", line 39, in execute
    request.raise_for_status()
  File "/usr/local/lib/python3.6/dist-packages/requests/models.py", line 943, in raise_for_status
    raise HTTPError(http_error_msg, response=self)
requests.exceptions.HTTPError: 429 Client Error: Too Many Requests for url: https://api.wandb.ai/graphql
2021-09-18 23:50:28,011 ERROR   SenderThread:941519 [internal_api.py:execute():130] 429 response executing GraphQL.
2021-09-18 23:50:28,011 ERROR   SenderThread:941519 [internal_api.py:execute():131] {"error":"rate limit exceeded"}

2021-09-18 23:50:36,230 DEBUG   HandlerThread:941519 [handler.py:handle_request():124] handle_request: poll_exit
2021-09-18 23:50:36,971 DEBUG   SenderThread:941519 [sender.py:send():179] send: stats
2021-09-18 23:50:36,972 DEBUG   SenderThread:941519 [sender.py:send():179] send: telemetry
2021-09-18 23:50:36,973 DEBUG   SenderThread:941519 [sender.py:send():179] send: exit
2021-09-18 23:50:36,973 INFO    SenderThread:941519 [sender.py:send_exit():287] handling exit code: 1
2021-09-18 23:50:36,973 INFO    SenderThread:941519 [sender.py:send_exit():295] send defer
2021-09-18 23:50:36,974 DEBUG   SenderThread:941519 [sender.py:send_request():193] send_request: poll_exit
2021-09-18 23:50:36,974 DEBUG   HandlerThread:941519 [handler.py:handle_request():124] handle_request: defer
2021-09-18 23:50:36,974 INFO    HandlerThread:941519 [handler.py:handle_request_defer():141] handle defer: 0
2021-09-18 23:50:36,974 DEBUG   SenderThread:941519 [sender.py:send_request():193] send_request: defer
2021-09-18 23:50:36,974 INFO    SenderThread:941519 [sender.py:send_request_defer():304] handle sender defer: 0
2021-09-18 23:50:36,974 INFO    SenderThread:941519 [sender.py:transition_state():308] send defer: 1
2021-09-18 23:50:36,975 DEBUG   HandlerThread:941519 [handler.py:handle_request():124] handle_request: defer
2021-09-18 23:50:36,975 INFO    HandlerThread:941519 [handler.py:handle_request_defer():141] handle defer: 1
2021-09-18 23:50:37,048 DEBUG   SenderThread:941519 [sender.py:send_request():193] send_request: defer
2021-09-18 23:50:37,048 INFO    SenderThread:941519 [sender.py:send_request_defer():304] handle sender defer: 1
2021-09-18 23:50:37,048 INFO    SenderThread:941519 [sender.py:transition_state():308] send defer: 2
2021-09-18 23:50:37,048 DEBUG   SenderThread:941519 [sender.py:send():179] send: stats
2021-09-18 23:50:37,048 DEBUG   HandlerThread:941519 [handler.py:handle_request():124] handle_request: defer
2021-09-18 23:50:37,048 INFO    HandlerThread:941519 [handler.py:handle_request_defer():141] handle defer: 2
2021-09-18 23:50:37,048 DEBUG   SenderThread:941519 [sender.py:send_request():193] send_request: defer
2021-09-18 23:50:37,049 INFO    SenderThread:941519 [sender.py:send_request_defer():304] handle sender defer: 2
2021-09-18 23:50:37,049 INFO    SenderThread:941519 [sender.py:transition_state():308] send defer: 3
2021-09-18 23:50:37,049 DEBUG   HandlerThread:941519 [handler.py:handle_request():124] handle_request: defer
2021-09-18 23:50:37,049 INFO    HandlerThread:941519 [handler.py:handle_request_defer():141] handle defer: 3
2021-09-18 23:50:37,049 DEBUG   SenderThread:941519 [sender.py:send():179] send: summary
2021-09-18 23:50:37,049 INFO    SenderThread:941519 [sender.py:_save_file():841] saving file wandb-summary.json with policy end
2021-09-18 23:50:37,049 DEBUG   SenderThread:941519 [sender.py:send_request():193] send_request: defer
2021-09-18 23:50:37,049 INFO    SenderThread:941519 [sender.py:send_request_defer():304] handle sender defer: 3
2021-09-18 23:50:37,050 INFO    SenderThread:941519 [sender.py:transition_state():308] send defer: 4
2021-09-18 23:50:37,050 DEBUG   HandlerThread:941519 [handler.py:handle_request():124] handle_request: defer
2021-09-18 23:50:37,050 INFO    HandlerThread:941519 [handler.py:handle_request_defer():141] handle defer: 4
2021-09-18 23:50:37,050 DEBUG   SenderThread:941519 [sender.py:send_request():193] send_request: defer
2021-09-18 23:50:37,050 INFO    SenderThread:941519 [sender.py:send_request_defer():304] handle sender defer: 4
2021-09-18 23:50:37,076 DEBUG   HandlerThread:941519 [handler.py:handle_request():124] handle_request: poll_exit
2021-09-18 23:50:37,132 INFO    SenderThread:941519 [sender.py:transition_state():308] send defer: 5
2021-09-18 23:50:37,132 DEBUG   SenderThread:941519 [sender.py:send_request():193] send_request: poll_exit
2021-09-18 23:50:37,133 DEBUG   HandlerThread:941519 [handler.py:handle_request():124] handle_request: defer
2021-09-18 23:50:37,133 INFO    HandlerThread:941519 [handler.py:handle_request_defer():141] handle defer: 5
2021-09-18 23:50:37,133 DEBUG   SenderThread:941519 [sender.py:send_request():193] send_request: defer
2021-09-18 23:50:37,133 INFO    SenderThread:941519 [sender.py:send_request_defer():304] handle sender defer: 5
2021-09-18 23:50:37,133 INFO    SenderThread:941519 [dir_watcher.py:finish():282] shutting down directory watcher
2021-09-18 23:50:37,236 DEBUG   HandlerThread:941519 [handler.py:handle_request():124] handle_request: poll_exit
2021-09-18 23:50:37,424 INFO    SenderThread:941519 [dir_watcher.py:_on_file_modified():229] file/dir modified: /grid/koo/home/toneyan/profile/QuantPred/wandb/run-20210918_234954-zuel4l9i/files/config.yaml
2021-09-18 23:50:37,424 INFO    SenderThread:941519 [dir_watcher.py:_on_file_modified():229] file/dir modified: /grid/koo/home/toneyan/profile/QuantPred/wandb/run-20210918_234954-zuel4l9i/files/wandb-summary.json
2021-09-18 23:50:37,424 INFO    SenderThread:941519 [dir_watcher.py:finish():312] scan: /grid/koo/home/toneyan/profile/QuantPred/wandb/run-20210918_234954-zuel4l9i/files
2021-09-18 23:50:37,424 INFO    SenderThread:941519 [dir_watcher.py:finish():318] scan save: /grid/koo/home/toneyan/profile/QuantPred/wandb/run-20210918_234954-zuel4l9i/files/wandb-metadata.json wandb-metadata.json
2021-09-18 23:50:37,424 INFO    SenderThread:941519 [dir_watcher.py:finish():318] scan save: /grid/koo/home/toneyan/profile/QuantPred/wandb/run-20210918_234954-zuel4l9i/files/config.yaml config.yaml
2021-09-18 23:50:37,424 INFO    SenderThread:941519 [dir_watcher.py:finish():318] scan save: /grid/koo/home/toneyan/profile/QuantPred/wandb/run-20210918_234954-zuel4l9i/files/requirements.txt requirements.txt
2021-09-18 23:50:37,425 INFO    SenderThread:941519 [dir_watcher.py:finish():318] scan save: /grid/koo/home/toneyan/profile/QuantPred/wandb/run-20210918_234954-zuel4l9i/files/wandb-summary.json wandb-summary.json
2021-09-18 23:50:37,427 INFO    SenderThread:941519 [dir_watcher.py:finish():318] scan save: /grid/koo/home/toneyan/profile/QuantPred/wandb/run-20210918_234954-zuel4l9i/files/output.log output.log
2021-09-18 23:50:37,430 INFO    SenderThread:941519 [sender.py:transition_state():308] send defer: 6
2021-09-18 23:50:37,435 DEBUG   SenderThread:941519 [sender.py:send_request():193] send_request: poll_exit
2021-09-18 23:50:37,436 DEBUG   HandlerThread:941519 [handler.py:handle_request():124] handle_request: defer
2021-09-18 23:50:37,436 INFO    HandlerThread:941519 [handler.py:handle_request_defer():141] handle defer: 6
2021-09-18 23:50:37,436 DEBUG   SenderThread:941519 [sender.py:send_request():193] send_request: defer
2021-09-18 23:50:37,436 INFO    SenderThread:941519 [sender.py:send_request_defer():304] handle sender defer: 6
2021-09-18 23:50:37,436 INFO    SenderThread:941519 [file_pusher.py:finish():177] shutting down file pusher
2021-09-18 23:50:37,537 DEBUG   HandlerThread:941519 [handler.py:handle_request():124] handle_request: poll_exit
2021-09-18 23:50:37,537 DEBUG   SenderThread:941519 [sender.py:send_request():193] send_request: poll_exit
2021-09-18 23:50:37,638 DEBUG   HandlerThread:941519 [handler.py:handle_request():124] handle_request: poll_exit
2021-09-18 23:50:37,639 DEBUG   SenderThread:941519 [sender.py:send_request():193] send_request: poll_exit
2021-09-18 23:50:37,732 INFO    Thread-14 :941519 [upload_job.py:push():137] Uploaded file /grid/koo/home/toneyan/profile/QuantPred/wandb/run-20210918_234954-zuel4l9i/files/wandb-summary.json
2021-09-18 23:50:37,740 DEBUG   HandlerThread:941519 [handler.py:handle_request():124] handle_request: poll_exit
2021-09-18 23:50:37,740 DEBUG   SenderThread:941519 [sender.py:send_request():193] send_request: poll_exit
2021-09-18 23:50:37,776 INFO    Thread-12 :941519 [upload_job.py:push():137] Uploaded file /grid/koo/home/toneyan/profile/QuantPred/wandb/run-20210918_234954-zuel4l9i/files/config.yaml
2021-09-18 23:50:37,803 INFO    Thread-13 :941519 [upload_job.py:push():137] Uploaded file /grid/koo/home/toneyan/profile/QuantPred/wandb/run-20210918_234954-zuel4l9i/files/requirements.txt
2021-09-18 23:50:37,841 DEBUG   HandlerThread:941519 [handler.py:handle_request():124] handle_request: poll_exit
2021-09-18 23:50:37,842 DEBUG   SenderThread:941519 [sender.py:send_request():193] send_request: poll_exit
2021-09-18 23:50:37,943 DEBUG   HandlerThread:941519 [handler.py:handle_request():124] handle_request: poll_exit
2021-09-18 23:50:37,943 DEBUG   SenderThread:941519 [sender.py:send_request():193] send_request: poll_exit
2021-09-18 23:50:38,004 INFO    Thread-7  :941519 [sender.py:transition_state():308] send defer: 7
2021-09-18 23:50:38,004 DEBUG   HandlerThread:941519 [handler.py:handle_request():124] handle_request: defer
2021-09-18 23:50:38,004 INFO    HandlerThread:941519 [handler.py:handle_request_defer():141] handle defer: 7
2021-09-18 23:50:38,004 DEBUG   SenderThread:941519 [sender.py:send_request():193] send_request: defer
2021-09-18 23:50:38,004 INFO    SenderThread:941519 [sender.py:send_request_defer():304] handle sender defer: 7
2021-09-18 23:50:38,044 DEBUG   HandlerThread:941519 [handler.py:handle_request():124] handle_request: poll_exit
2021-09-18 23:50:38,141 INFO    SenderThread:941519 [sender.py:transition_state():308] send defer: 8
2021-09-18 23:50:38,142 DEBUG   SenderThread:941519 [sender.py:send_request():193] send_request: poll_exit
2021-09-18 23:50:38,142 DEBUG   HandlerThread:941519 [handler.py:handle_request():124] handle_request: defer
2021-09-18 23:50:38,142 INFO    HandlerThread:941519 [handler.py:handle_request_defer():141] handle defer: 8
2021-09-18 23:50:38,142 DEBUG   SenderThread:941519 [sender.py:send_request():193] send_request: defer
2021-09-18 23:50:38,142 INFO    SenderThread:941519 [sender.py:send_request_defer():304] handle sender defer: 8
2021-09-18 23:50:38,142 INFO    SenderThread:941519 [sender.py:transition_state():308] send defer: 9
2021-09-18 23:50:38,142 DEBUG   HandlerThread:941519 [handler.py:handle_request():124] handle_request: defer
2021-09-18 23:50:38,143 INFO    HandlerThread:941519 [handler.py:handle_request_defer():141] handle defer: 9
2021-09-18 23:50:38,143 DEBUG   SenderThread:941519 [sender.py:send():179] send: final
2021-09-18 23:50:38,143 DEBUG   SenderThread:941519 [sender.py:send():179] send: footer
2021-09-18 23:50:38,143 DEBUG   SenderThread:941519 [sender.py:send_request():193] send_request: defer
2021-09-18 23:50:38,143 INFO    SenderThread:941519 [sender.py:send_request_defer():304] handle sender defer: 9
2021-09-18 23:50:38,243 DEBUG   HandlerThread:941519 [handler.py:handle_request():124] handle_request: poll_exit
2021-09-18 23:50:38,243 DEBUG   SenderThread:941519 [sender.py:send_request():193] send_request: poll_exit
2021-09-18 23:50:38,243 INFO    SenderThread:941519 [file_pusher.py:join():182] waiting for file pusher
2021-09-18 23:50:38,244 DEBUG   HandlerThread:941519 [handler.py:handle_request():124] handle_request: get_summary
2021-09-18 23:50:38,244 DEBUG   HandlerThread:941519 [handler.py:handle_request():124] handle_request: sampled_history
2021-09-18 23:50:38,244 DEBUG   HandlerThread:941519 [handler.py:handle_request():124] handle_request: shutdown
2021-09-18 23:50:38,245 INFO    HandlerThread:941519 [handler.py:finish():638] shutting down handler
2021-09-18 23:50:39,143 INFO    WriterThread:941519 [datastore.py:close():288] close: /grid/koo/home/toneyan/profile/QuantPred/wandb/run-20210918_234954-zuel4l9i/run-zuel4l9i.wandb
2021-09-18 23:50:39,243 INFO    SenderThread:941519 [sender.py:finish():945] shutting down sender
2021-09-18 23:50:39,243 INFO    SenderThread:941519 [file_pusher.py:finish():177] shutting down file pusher
2021-09-18 23:50:39,244 INFO    SenderThread:941519 [file_pusher.py:join():182] waiting for file pusher
2021-09-18 23:50:39,245 INFO    MainThread:941519 [internal.py:handle_exit():78] Internal process exited
