2021-09-19 09:03:52,984 INFO    MainThread:736344 [internal.py:wandb_internal():91] W&B internal server running at pid: 736344, started at: 2021-09-19 09:03:52.984058
2021-09-19 09:03:52,986 DEBUG   HandlerThread:736344 [handler.py:handle_request():124] handle_request: check_version
2021-09-19 09:03:52,986 INFO    WriterThread:736344 [datastore.py:open_for_write():80] open: /grid/koo/home/toneyan/profile/QuantPred/wandb/run-20210919_090352-1popxf74/run-1popxf74.wandb
2021-09-19 09:03:52,988 DEBUG   SenderThread:736344 [sender.py:send():179] send: header
2021-09-19 09:03:52,988 DEBUG   SenderThread:736344 [sender.py:send_request():193] send_request: check_version
2021-09-19 09:03:53,019 DEBUG   SenderThread:736344 [sender.py:send():179] send: run
2021-09-19 09:03:53,104 INFO    SenderThread:736344 [dir_watcher.py:__init__():168] watching files in: /grid/koo/home/toneyan/profile/QuantPred/wandb/run-20210919_090352-1popxf74/files
2021-09-19 09:03:53,105 INFO    SenderThread:736344 [sender.py:_start_run_threads():719] run started: 1popxf74 with start time 1632056632
2021-09-19 09:03:53,105 DEBUG   SenderThread:736344 [sender.py:send():179] send: summary
2021-09-19 09:03:53,105 DEBUG   HandlerThread:736344 [handler.py:handle_request():124] handle_request: run_start
2021-09-19 09:03:53,106 INFO    SenderThread:736344 [sender.py:_save_file():841] saving file wandb-summary.json with policy end
2021-09-19 09:03:54,166 INFO    Thread-8  :736344 [dir_watcher.py:_on_file_created():216] file/dir created: /grid/koo/home/toneyan/profile/QuantPred/wandb/run-20210919_090352-1popxf74/files/wandb-summary.json
2021-09-19 09:03:54,402 DEBUG   HandlerThread:736344 [meta.py:__init__():39] meta init
2021-09-19 09:03:54,402 DEBUG   HandlerThread:736344 [meta.py:__init__():53] meta init done
2021-09-19 09:03:54,402 DEBUG   HandlerThread:736344 [meta.py:probe():210] probe
2021-09-19 09:03:54,408 DEBUG   HandlerThread:736344 [meta.py:_save_pip():57] save pip
2021-09-19 09:03:54,409 DEBUG   HandlerThread:736344 [meta.py:_save_pip():71] save pip done
2021-09-19 09:03:54,409 DEBUG   HandlerThread:736344 [meta.py:probe():252] probe done
2021-09-19 09:03:54,411 DEBUG   SenderThread:736344 [sender.py:send():179] send: files
2021-09-19 09:03:54,411 INFO    SenderThread:736344 [sender.py:_save_file():841] saving file wandb-metadata.json with policy now
2021-09-19 09:03:54,417 DEBUG   HandlerThread:736344 [handler.py:handle_request():124] handle_request: stop_status
2021-09-19 09:03:54,418 DEBUG   SenderThread:736344 [sender.py:send_request():193] send_request: stop_status
2021-09-19 09:03:54,774 INFO    Thread-11 :736344 [upload_job.py:push():137] Uploaded file /tmp/3288846.1.gpu_ded.q/tmpi9ze23mywandb/w9ploe1k-wandb-metadata.json
2021-09-19 09:03:55,166 INFO    Thread-8  :736344 [dir_watcher.py:_on_file_created():216] file/dir created: /grid/koo/home/toneyan/profile/QuantPred/wandb/run-20210919_090352-1popxf74/files/output.log
2021-09-19 09:03:55,166 INFO    Thread-8  :736344 [dir_watcher.py:_on_file_created():216] file/dir created: /grid/koo/home/toneyan/profile/QuantPred/wandb/run-20210919_090352-1popxf74/files/wandb-metadata.json
2021-09-19 09:03:55,166 INFO    Thread-8  :736344 [dir_watcher.py:_on_file_created():216] file/dir created: /grid/koo/home/toneyan/profile/QuantPred/wandb/run-20210919_090352-1popxf74/files/requirements.txt
2021-09-19 09:04:09,481 DEBUG   HandlerThread:736344 [handler.py:handle_request():124] handle_request: stop_status
2021-09-19 09:04:09,482 DEBUG   SenderThread:736344 [sender.py:send_request():193] send_request: stop_status
2021-09-19 09:04:09,541 ERROR   SenderThread:736344 [internal_api.py:execute():130] 429 response executing GraphQL.
2021-09-19 09:04:09,542 ERROR   SenderThread:736344 [internal_api.py:execute():131] {"error":"rate limit exceeded"}

2021-09-19 09:04:10,839 ERROR   SenderThread:736344 [internal_api.py:execute():130] 429 response executing GraphQL.
2021-09-19 09:04:10,839 ERROR   SenderThread:736344 [internal_api.py:execute():131] {"error":"rate limit exceeded"}

2021-09-19 09:04:13,070 ERROR   SenderThread:736344 [internal_api.py:execute():130] 429 response executing GraphQL.
2021-09-19 09:04:13,070 ERROR   SenderThread:736344 [internal_api.py:execute():131] {"error":"rate limit exceeded"}

2021-09-19 09:04:13,070 ERROR   SenderThread:736344 [retry.py:__call__():126] Retry attempt failed:
Traceback (most recent call last):
  File "/usr/local/lib/python3.6/dist-packages/wandb/sdk/lib/retry.py", line 102, in __call__
    result = self._call_fn(*args, **kwargs)
  File "/usr/local/lib/python3.6/dist-packages/wandb/sdk/internal/internal_api.py", line 133, in execute
    six.reraise(*sys.exc_info())
  File "/usr/local/lib/python3.6/dist-packages/six.py", line 719, in reraise
    raise value
  File "/usr/local/lib/python3.6/dist-packages/wandb/sdk/internal/internal_api.py", line 127, in execute
    return self.client.execute(*args, **kwargs)
  File "/usr/local/lib/python3.6/dist-packages/wandb/vendor/gql-0.2.0/gql/client.py", line 52, in execute
    result = self._get_result(document, *args, **kwargs)
  File "/usr/local/lib/python3.6/dist-packages/wandb/vendor/gql-0.2.0/gql/client.py", line 60, in _get_result
    return self.transport.execute(document, *args, **kwargs)
  File "/usr/local/lib/python3.6/dist-packages/wandb/vendor/gql-0.2.0/gql/transport/requests.py", line 39, in execute
    request.raise_for_status()
  File "/usr/local/lib/python3.6/dist-packages/requests/models.py", line 943, in raise_for_status
    raise HTTPError(http_error_msg, response=self)
requests.exceptions.HTTPError: 429 Client Error: Too Many Requests for url: https://api.wandb.ai/graphql
2021-09-19 09:04:22,840 DEBUG   SenderThread:736344 [sender.py:send():179] send: stats
2021-09-19 09:04:27,764 DEBUG   HandlerThread:736344 [handler.py:handle_request():124] handle_request: poll_exit
2021-09-19 09:04:27,764 DEBUG   SenderThread:736344 [sender.py:send():179] send: telemetry
2021-09-19 09:04:27,764 DEBUG   SenderThread:736344 [sender.py:send():179] send: exit
2021-09-19 09:04:27,764 INFO    SenderThread:736344 [sender.py:send_exit():287] handling exit code: 1
2021-09-19 09:04:27,764 INFO    SenderThread:736344 [sender.py:send_exit():295] send defer
2021-09-19 09:04:27,764 DEBUG   SenderThread:736344 [sender.py:send_request():193] send_request: poll_exit
2021-09-19 09:04:27,765 DEBUG   HandlerThread:736344 [handler.py:handle_request():124] handle_request: defer
2021-09-19 09:04:27,765 INFO    HandlerThread:736344 [handler.py:handle_request_defer():141] handle defer: 0
2021-09-19 09:04:27,765 DEBUG   SenderThread:736344 [sender.py:send_request():193] send_request: defer
2021-09-19 09:04:27,765 INFO    SenderThread:736344 [sender.py:send_request_defer():304] handle sender defer: 0
2021-09-19 09:04:27,765 INFO    SenderThread:736344 [sender.py:transition_state():308] send defer: 1
2021-09-19 09:04:27,765 DEBUG   HandlerThread:736344 [handler.py:handle_request():124] handle_request: defer
2021-09-19 09:04:27,765 INFO    HandlerThread:736344 [handler.py:handle_request_defer():141] handle defer: 1
2021-09-19 09:04:27,831 DEBUG   SenderThread:736344 [sender.py:send_request():193] send_request: defer
2021-09-19 09:04:27,831 INFO    SenderThread:736344 [sender.py:send_request_defer():304] handle sender defer: 1
2021-09-19 09:04:27,831 INFO    SenderThread:736344 [sender.py:transition_state():308] send defer: 2
2021-09-19 09:04:27,831 DEBUG   SenderThread:736344 [sender.py:send():179] send: stats
2021-09-19 09:04:27,831 DEBUG   HandlerThread:736344 [handler.py:handle_request():124] handle_request: defer
2021-09-19 09:04:27,833 INFO    HandlerThread:736344 [handler.py:handle_request_defer():141] handle defer: 2
2021-09-19 09:04:27,834 DEBUG   SenderThread:736344 [sender.py:send_request():193] send_request: defer
2021-09-19 09:04:27,834 INFO    SenderThread:736344 [sender.py:send_request_defer():304] handle sender defer: 2
2021-09-19 09:04:27,834 INFO    SenderThread:736344 [sender.py:transition_state():308] send defer: 3
2021-09-19 09:04:27,834 DEBUG   HandlerThread:736344 [handler.py:handle_request():124] handle_request: defer
2021-09-19 09:04:27,834 INFO    HandlerThread:736344 [handler.py:handle_request_defer():141] handle defer: 3
2021-09-19 09:04:27,834 DEBUG   SenderThread:736344 [sender.py:send():179] send: summary
2021-09-19 09:04:27,835 INFO    SenderThread:736344 [sender.py:_save_file():841] saving file wandb-summary.json with policy end
2021-09-19 09:04:27,835 DEBUG   SenderThread:736344 [sender.py:send_request():193] send_request: defer
2021-09-19 09:04:27,835 INFO    SenderThread:736344 [sender.py:send_request_defer():304] handle sender defer: 3
2021-09-19 09:04:27,835 INFO    SenderThread:736344 [sender.py:transition_state():308] send defer: 4
2021-09-19 09:04:27,835 DEBUG   HandlerThread:736344 [handler.py:handle_request():124] handle_request: defer
2021-09-19 09:04:27,835 INFO    HandlerThread:736344 [handler.py:handle_request_defer():141] handle defer: 4
2021-09-19 09:04:27,835 DEBUG   SenderThread:736344 [sender.py:send_request():193] send_request: defer
2021-09-19 09:04:27,835 INFO    SenderThread:736344 [sender.py:send_request_defer():304] handle sender defer: 4
2021-09-19 09:04:27,866 DEBUG   HandlerThread:736344 [handler.py:handle_request():124] handle_request: poll_exit
2021-09-19 09:04:27,892 ERROR   SenderThread:736344 [internal_api.py:execute():130] 429 response executing GraphQL.
2021-09-19 09:04:27,893 ERROR   SenderThread:736344 [internal_api.py:execute():131] {"error":"rate limit exceeded"}

2021-09-19 09:04:28,177 INFO    Thread-8  :736344 [dir_watcher.py:_on_file_modified():229] file/dir modified: /grid/koo/home/toneyan/profile/QuantPred/wandb/run-20210919_090352-1popxf74/files/wandb-summary.json
2021-09-19 09:04:29,036 ERROR   SenderThread:736344 [internal_api.py:execute():130] 429 response executing GraphQL.
2021-09-19 09:04:29,036 ERROR   SenderThread:736344 [internal_api.py:execute():131] {"error":"rate limit exceeded"}

2021-09-19 09:04:31,420 INFO    SenderThread:736344 [sender.py:transition_state():308] send defer: 5
2021-09-19 09:04:31,420 DEBUG   SenderThread:736344 [sender.py:send_request():193] send_request: poll_exit
2021-09-19 09:04:31,421 DEBUG   HandlerThread:736344 [handler.py:handle_request():124] handle_request: defer
2021-09-19 09:04:31,421 INFO    HandlerThread:736344 [handler.py:handle_request_defer():141] handle defer: 5
2021-09-19 09:04:31,421 DEBUG   SenderThread:736344 [sender.py:send_request():193] send_request: defer
2021-09-19 09:04:31,421 INFO    SenderThread:736344 [sender.py:send_request_defer():304] handle sender defer: 5
2021-09-19 09:04:31,421 INFO    SenderThread:736344 [dir_watcher.py:finish():282] shutting down directory watcher
2021-09-19 09:04:31,525 DEBUG   HandlerThread:736344 [handler.py:handle_request():124] handle_request: poll_exit
2021-09-19 09:04:32,178 INFO    SenderThread:736344 [dir_watcher.py:_on_file_modified():229] file/dir modified: /grid/koo/home/toneyan/profile/QuantPred/wandb/run-20210919_090352-1popxf74/files/config.yaml
2021-09-19 09:04:32,179 INFO    SenderThread:736344 [dir_watcher.py:finish():312] scan: /grid/koo/home/toneyan/profile/QuantPred/wandb/run-20210919_090352-1popxf74/files
2021-09-19 09:04:32,179 INFO    SenderThread:736344 [dir_watcher.py:finish():318] scan save: /grid/koo/home/toneyan/profile/QuantPred/wandb/run-20210919_090352-1popxf74/files/wandb-metadata.json wandb-metadata.json
2021-09-19 09:04:32,179 INFO    SenderThread:736344 [dir_watcher.py:finish():318] scan save: /grid/koo/home/toneyan/profile/QuantPred/wandb/run-20210919_090352-1popxf74/files/config.yaml config.yaml
2021-09-19 09:04:32,179 INFO    SenderThread:736344 [dir_watcher.py:finish():318] scan save: /grid/koo/home/toneyan/profile/QuantPred/wandb/run-20210919_090352-1popxf74/files/requirements.txt requirements.txt
2021-09-19 09:04:32,179 INFO    SenderThread:736344 [dir_watcher.py:finish():318] scan save: /grid/koo/home/toneyan/profile/QuantPred/wandb/run-20210919_090352-1popxf74/files/wandb-summary.json wandb-summary.json
2021-09-19 09:04:32,185 INFO    SenderThread:736344 [dir_watcher.py:finish():318] scan save: /grid/koo/home/toneyan/profile/QuantPred/wandb/run-20210919_090352-1popxf74/files/output.log output.log
2021-09-19 09:04:32,186 INFO    SenderThread:736344 [sender.py:transition_state():308] send defer: 6
2021-09-19 09:04:32,186 DEBUG   SenderThread:736344 [sender.py:send_request():193] send_request: poll_exit
2021-09-19 09:04:32,191 DEBUG   HandlerThread:736344 [handler.py:handle_request():124] handle_request: defer
2021-09-19 09:04:32,192 INFO    HandlerThread:736344 [handler.py:handle_request_defer():141] handle defer: 6
2021-09-19 09:04:32,192 DEBUG   SenderThread:736344 [sender.py:send_request():193] send_request: defer
2021-09-19 09:04:32,192 INFO    SenderThread:736344 [sender.py:send_request_defer():304] handle sender defer: 6
2021-09-19 09:04:32,192 INFO    SenderThread:736344 [file_pusher.py:finish():177] shutting down file pusher
2021-09-19 09:04:32,293 DEBUG   HandlerThread:736344 [handler.py:handle_request():124] handle_request: poll_exit
2021-09-19 09:04:32,293 DEBUG   SenderThread:736344 [sender.py:send_request():193] send_request: poll_exit
2021-09-19 09:04:32,395 DEBUG   HandlerThread:736344 [handler.py:handle_request():124] handle_request: poll_exit
2021-09-19 09:04:32,395 DEBUG   SenderThread:736344 [sender.py:send_request():193] send_request: poll_exit
2021-09-19 09:04:32,497 DEBUG   HandlerThread:736344 [handler.py:handle_request():124] handle_request: poll_exit
2021-09-19 09:04:32,497 DEBUG   SenderThread:736344 [sender.py:send_request():193] send_request: poll_exit
2021-09-19 09:04:32,572 INFO    Thread-12 :736344 [upload_job.py:push():137] Uploaded file /grid/koo/home/toneyan/profile/QuantPred/wandb/run-20210919_090352-1popxf74/files/config.yaml
2021-09-19 09:04:32,595 INFO    Thread-13 :736344 [upload_job.py:push():137] Uploaded file /grid/koo/home/toneyan/profile/QuantPred/wandb/run-20210919_090352-1popxf74/files/requirements.txt
2021-09-19 09:04:32,599 DEBUG   HandlerThread:736344 [handler.py:handle_request():124] handle_request: poll_exit
2021-09-19 09:04:32,599 DEBUG   SenderThread:736344 [sender.py:send_request():193] send_request: poll_exit
2021-09-19 09:04:32,609 INFO    Thread-14 :736344 [upload_job.py:push():137] Uploaded file /grid/koo/home/toneyan/profile/QuantPred/wandb/run-20210919_090352-1popxf74/files/wandb-summary.json
2021-09-19 09:04:32,701 DEBUG   HandlerThread:736344 [handler.py:handle_request():124] handle_request: poll_exit
2021-09-19 09:04:32,701 DEBUG   SenderThread:736344 [sender.py:send_request():193] send_request: poll_exit
2021-09-19 09:04:32,803 DEBUG   HandlerThread:736344 [handler.py:handle_request():124] handle_request: poll_exit
2021-09-19 09:04:32,804 DEBUG   SenderThread:736344 [sender.py:send_request():193] send_request: poll_exit
2021-09-19 09:04:32,810 INFO    Thread-7  :736344 [sender.py:transition_state():308] send defer: 7
2021-09-19 09:04:32,810 DEBUG   HandlerThread:736344 [handler.py:handle_request():124] handle_request: defer
2021-09-19 09:04:32,810 INFO    HandlerThread:736344 [handler.py:handle_request_defer():141] handle defer: 7
2021-09-19 09:04:32,810 DEBUG   SenderThread:736344 [sender.py:send_request():193] send_request: defer
2021-09-19 09:04:32,811 INFO    SenderThread:736344 [sender.py:send_request_defer():304] handle sender defer: 7
2021-09-19 09:04:32,863 INFO    SenderThread:736344 [sender.py:transition_state():308] send defer: 8
2021-09-19 09:04:32,864 DEBUG   HandlerThread:736344 [handler.py:handle_request():124] handle_request: defer
2021-09-19 09:04:32,864 INFO    HandlerThread:736344 [handler.py:handle_request_defer():141] handle defer: 8
2021-09-19 09:04:32,864 DEBUG   SenderThread:736344 [sender.py:send_request():193] send_request: defer
2021-09-19 09:04:32,864 INFO    SenderThread:736344 [sender.py:send_request_defer():304] handle sender defer: 8
2021-09-19 09:04:32,864 INFO    SenderThread:736344 [sender.py:transition_state():308] send defer: 9
2021-09-19 09:04:32,865 DEBUG   SenderThread:736344 [sender.py:send():179] send: final
2021-09-19 09:04:32,865 DEBUG   HandlerThread:736344 [handler.py:handle_request():124] handle_request: defer
2021-09-19 09:04:32,865 DEBUG   SenderThread:736344 [sender.py:send():179] send: footer
2021-09-19 09:04:32,865 INFO    HandlerThread:736344 [handler.py:handle_request_defer():141] handle defer: 9
2021-09-19 09:04:32,865 DEBUG   SenderThread:736344 [sender.py:send_request():193] send_request: defer
2021-09-19 09:04:32,865 INFO    SenderThread:736344 [sender.py:send_request_defer():304] handle sender defer: 9
2021-09-19 09:04:32,906 DEBUG   HandlerThread:736344 [handler.py:handle_request():124] handle_request: poll_exit
2021-09-19 09:04:32,906 DEBUG   SenderThread:736344 [sender.py:send_request():193] send_request: poll_exit
2021-09-19 09:04:32,906 INFO    SenderThread:736344 [file_pusher.py:join():182] waiting for file pusher
2021-09-19 09:04:32,907 DEBUG   HandlerThread:736344 [handler.py:handle_request():124] handle_request: get_summary
2021-09-19 09:04:32,908 DEBUG   HandlerThread:736344 [handler.py:handle_request():124] handle_request: sampled_history
2021-09-19 09:04:32,908 DEBUG   HandlerThread:736344 [handler.py:handle_request():124] handle_request: shutdown
2021-09-19 09:04:32,908 INFO    HandlerThread:736344 [handler.py:finish():638] shutting down handler
2021-09-19 09:04:33,865 INFO    WriterThread:736344 [datastore.py:close():288] close: /grid/koo/home/toneyan/profile/QuantPred/wandb/run-20210919_090352-1popxf74/run-1popxf74.wandb
2021-09-19 09:04:33,906 INFO    SenderThread:736344 [sender.py:finish():945] shutting down sender
2021-09-19 09:04:33,906 INFO    SenderThread:736344 [file_pusher.py:finish():177] shutting down file pusher
2021-09-19 09:04:33,906 INFO    SenderThread:736344 [file_pusher.py:join():182] waiting for file pusher
2021-09-19 09:04:33,908 INFO    MainThread:736344 [internal.py:handle_exit():78] Internal process exited
