2021-09-19 04:51:34,736 INFO    MainThread:1221484 [internal.py:wandb_internal():91] W&B internal server running at pid: 1221484, started at: 2021-09-19 04:51:34.735425
2021-09-19 04:51:34,738 DEBUG   HandlerThread:1221484 [handler.py:handle_request():124] handle_request: check_version
2021-09-19 04:51:34,738 INFO    WriterThread:1221484 [datastore.py:open_for_write():80] open: /grid/koo/home/toneyan/profile/QuantPred/wandb/run-20210919_045134-lef38ifo/run-lef38ifo.wandb
2021-09-19 04:51:34,740 DEBUG   SenderThread:1221484 [sender.py:send():179] send: header
2021-09-19 04:51:34,740 DEBUG   SenderThread:1221484 [sender.py:send_request():193] send_request: check_version
2021-09-19 04:51:34,770 DEBUG   SenderThread:1221484 [sender.py:send():179] send: run
2021-09-19 04:51:34,828 ERROR   SenderThread:1221484 [internal_api.py:execute():130] 429 response executing GraphQL.
2021-09-19 04:51:34,828 ERROR   SenderThread:1221484 [internal_api.py:execute():131] {"error":"rate limit exceeded"}

2021-09-19 04:51:36,077 ERROR   SenderThread:1221484 [internal_api.py:execute():130] 429 response executing GraphQL.
2021-09-19 04:51:36,077 ERROR   SenderThread:1221484 [internal_api.py:execute():131] {"error":"rate limit exceeded"}

2021-09-19 04:51:38,431 ERROR   SenderThread:1221484 [internal_api.py:execute():130] 429 response executing GraphQL.
2021-09-19 04:51:38,431 ERROR   SenderThread:1221484 [internal_api.py:execute():131] {"error":"rate limit exceeded"}

2021-09-19 04:51:38,431 ERROR   SenderThread:1221484 [retry.py:__call__():126] Retry attempt failed:
Traceback (most recent call last):
  File "/usr/local/lib/python3.6/dist-packages/wandb/sdk/lib/retry.py", line 102, in __call__
    result = self._call_fn(*args, **kwargs)
  File "/usr/local/lib/python3.6/dist-packages/wandb/sdk/internal/internal_api.py", line 133, in execute
    six.reraise(*sys.exc_info())
  File "/usr/local/lib/python3.6/dist-packages/six.py", line 719, in reraise
    raise value
  File "/usr/local/lib/python3.6/dist-packages/wandb/sdk/internal/internal_api.py", line 127, in execute
    return self.client.execute(*args, **kwargs)
  File "/usr/local/lib/python3.6/dist-packages/wandb/vendor/gql-0.2.0/gql/client.py", line 52, in execute
    result = self._get_result(document, *args, **kwargs)
  File "/usr/local/lib/python3.6/dist-packages/wandb/vendor/gql-0.2.0/gql/client.py", line 60, in _get_result
    return self.transport.execute(document, *args, **kwargs)
  File "/usr/local/lib/python3.6/dist-packages/wandb/vendor/gql-0.2.0/gql/transport/requests.py", line 39, in execute
    request.raise_for_status()
  File "/usr/local/lib/python3.6/dist-packages/requests/models.py", line 943, in raise_for_status
    raise HTTPError(http_error_msg, response=self)
requests.exceptions.HTTPError: 429 Client Error: Too Many Requests for url: https://api.wandb.ai/graphql
2021-09-19 04:51:42,661 ERROR   SenderThread:1221484 [internal_api.py:execute():130] 429 response executing GraphQL.
2021-09-19 04:51:42,662 ERROR   SenderThread:1221484 [internal_api.py:execute():131] {"error":"rate limit exceeded"}

2021-09-19 04:51:52,316 INFO    SenderThread:1221484 [dir_watcher.py:__init__():168] watching files in: /grid/koo/home/toneyan/profile/QuantPred/wandb/run-20210919_045134-lef38ifo/files
2021-09-19 04:51:52,316 INFO    SenderThread:1221484 [sender.py:_start_run_threads():719] run started: lef38ifo with start time 1632041494
2021-09-19 04:51:52,316 DEBUG   SenderThread:1221484 [sender.py:send():179] send: summary
2021-09-19 04:51:52,317 INFO    SenderThread:1221484 [sender.py:_save_file():841] saving file wandb-summary.json with policy end
2021-09-19 04:51:52,318 DEBUG   HandlerThread:1221484 [handler.py:handle_request():124] handle_request: run_start
2021-09-19 04:51:53,327 INFO    Thread-8  :1221484 [dir_watcher.py:_on_file_created():216] file/dir created: /grid/koo/home/toneyan/profile/QuantPred/wandb/run-20210919_045134-lef38ifo/files/wandb-summary.json
2021-09-19 04:51:53,493 DEBUG   HandlerThread:1221484 [meta.py:__init__():39] meta init
2021-09-19 04:51:53,494 DEBUG   HandlerThread:1221484 [meta.py:__init__():53] meta init done
2021-09-19 04:51:53,494 DEBUG   HandlerThread:1221484 [meta.py:probe():210] probe
2021-09-19 04:51:53,500 DEBUG   HandlerThread:1221484 [meta.py:_save_pip():57] save pip
2021-09-19 04:51:53,501 DEBUG   HandlerThread:1221484 [meta.py:_save_pip():71] save pip done
2021-09-19 04:51:53,501 DEBUG   HandlerThread:1221484 [meta.py:probe():252] probe done
2021-09-19 04:51:53,503 DEBUG   SenderThread:1221484 [sender.py:send():179] send: files
2021-09-19 04:51:53,504 INFO    SenderThread:1221484 [sender.py:_save_file():841] saving file wandb-metadata.json with policy now
2021-09-19 04:51:53,516 DEBUG   HandlerThread:1221484 [handler.py:handle_request():124] handle_request: stop_status
2021-09-19 04:51:53,516 DEBUG   SenderThread:1221484 [sender.py:send_request():193] send_request: stop_status
2021-09-19 04:51:53,565 ERROR   Thread-11 :1221484 [internal_api.py:execute():130] 429 response executing GraphQL.
2021-09-19 04:51:53,565 ERROR   Thread-11 :1221484 [internal_api.py:execute():131] {"error":"rate limit exceeded"}

2021-09-19 04:51:53,571 ERROR   SenderThread:1221484 [internal_api.py:execute():130] 429 response executing GraphQL.
2021-09-19 04:51:53,571 ERROR   SenderThread:1221484 [internal_api.py:execute():131] {"error":"rate limit exceeded"}

2021-09-19 04:51:54,326 INFO    Thread-8  :1221484 [dir_watcher.py:_on_file_created():216] file/dir created: /grid/koo/home/toneyan/profile/QuantPred/wandb/run-20210919_045134-lef38ifo/files/wandb-metadata.json
2021-09-19 04:51:54,326 INFO    Thread-8  :1221484 [dir_watcher.py:_on_file_created():216] file/dir created: /grid/koo/home/toneyan/profile/QuantPred/wandb/run-20210919_045134-lef38ifo/files/requirements.txt
2021-09-19 04:51:54,326 INFO    Thread-8  :1221484 [dir_watcher.py:_on_file_created():216] file/dir created: /grid/koo/home/toneyan/profile/QuantPred/wandb/run-20210919_045134-lef38ifo/files/output.log
2021-09-19 04:51:54,782 ERROR   SenderThread:1221484 [internal_api.py:execute():130] 429 response executing GraphQL.
2021-09-19 04:51:54,782 ERROR   SenderThread:1221484 [internal_api.py:execute():131] {"error":"rate limit exceeded"}

2021-09-19 04:51:54,782 ERROR   SenderThread:1221484 [retry.py:__call__():126] Retry attempt failed:
Traceback (most recent call last):
  File "/usr/local/lib/python3.6/dist-packages/wandb/sdk/lib/retry.py", line 102, in __call__
    result = self._call_fn(*args, **kwargs)
  File "/usr/local/lib/python3.6/dist-packages/wandb/sdk/internal/internal_api.py", line 133, in execute
    six.reraise(*sys.exc_info())
  File "/usr/local/lib/python3.6/dist-packages/six.py", line 719, in reraise
    raise value
  File "/usr/local/lib/python3.6/dist-packages/wandb/sdk/internal/internal_api.py", line 127, in execute
    return self.client.execute(*args, **kwargs)
  File "/usr/local/lib/python3.6/dist-packages/wandb/vendor/gql-0.2.0/gql/client.py", line 52, in execute
    result = self._get_result(document, *args, **kwargs)
  File "/usr/local/lib/python3.6/dist-packages/wandb/vendor/gql-0.2.0/gql/client.py", line 60, in _get_result
    return self.transport.execute(document, *args, **kwargs)
  File "/usr/local/lib/python3.6/dist-packages/wandb/vendor/gql-0.2.0/gql/transport/requests.py", line 39, in execute
    request.raise_for_status()
  File "/usr/local/lib/python3.6/dist-packages/requests/models.py", line 943, in raise_for_status
    raise HTTPError(http_error_msg, response=self)
requests.exceptions.HTTPError: 429 Client Error: Too Many Requests for url: https://api.wandb.ai/graphql
2021-09-19 04:51:54,835 ERROR   Thread-11 :1221484 [internal_api.py:execute():130] 429 response executing GraphQL.
2021-09-19 04:51:54,835 ERROR   Thread-11 :1221484 [internal_api.py:execute():131] {"error":"rate limit exceeded"}

2021-09-19 04:51:54,835 ERROR   Thread-11 :1221484 [retry.py:__call__():126] Retry attempt failed:
Traceback (most recent call last):
  File "/usr/local/lib/python3.6/dist-packages/wandb/sdk/lib/retry.py", line 102, in __call__
    result = self._call_fn(*args, **kwargs)
  File "/usr/local/lib/python3.6/dist-packages/wandb/sdk/internal/internal_api.py", line 133, in execute
    six.reraise(*sys.exc_info())
  File "/usr/local/lib/python3.6/dist-packages/six.py", line 719, in reraise
    raise value
  File "/usr/local/lib/python3.6/dist-packages/wandb/sdk/internal/internal_api.py", line 127, in execute
    return self.client.execute(*args, **kwargs)
  File "/usr/local/lib/python3.6/dist-packages/wandb/vendor/gql-0.2.0/gql/client.py", line 52, in execute
    result = self._get_result(document, *args, **kwargs)
  File "/usr/local/lib/python3.6/dist-packages/wandb/vendor/gql-0.2.0/gql/client.py", line 60, in _get_result
    return self.transport.execute(document, *args, **kwargs)
  File "/usr/local/lib/python3.6/dist-packages/wandb/vendor/gql-0.2.0/gql/transport/requests.py", line 39, in execute
    request.raise_for_status()
  File "/usr/local/lib/python3.6/dist-packages/requests/models.py", line 943, in raise_for_status
    raise HTTPError(http_error_msg, response=self)
requests.exceptions.HTTPError: 429 Client Error: Too Many Requests for url: https://api.wandb.ai/graphql
2021-09-19 04:51:56,900 ERROR   Thread-11 :1221484 [internal_api.py:execute():130] 429 response executing GraphQL.
2021-09-19 04:51:56,901 ERROR   Thread-11 :1221484 [internal_api.py:execute():131] {"error":"rate limit exceeded"}

2021-09-19 04:51:57,034 ERROR   SenderThread:1221484 [internal_api.py:execute():130] 429 response executing GraphQL.
2021-09-19 04:51:57,034 ERROR   SenderThread:1221484 [internal_api.py:execute():131] {"error":"rate limit exceeded"}

2021-09-19 04:52:01,804 INFO    Thread-11 :1221484 [upload_job.py:push():137] Uploaded file /tmp/3288841.1.gpu_ded.q/tmpkzgvbwc6wandb/1u6ainiu-wandb-metadata.json
2021-09-19 04:52:17,024 DEBUG   HandlerThread:1221484 [handler.py:handle_request():124] handle_request: stop_status
2021-09-19 04:52:17,025 DEBUG   SenderThread:1221484 [sender.py:send_request():193] send_request: stop_status
2021-09-19 04:52:21,902 DEBUG   SenderThread:1221484 [sender.py:send():179] send: stats
2021-09-19 04:52:27,237 DEBUG   HandlerThread:1221484 [handler.py:handle_request():124] handle_request: poll_exit
2021-09-19 04:52:27,237 DEBUG   SenderThread:1221484 [sender.py:send():179] send: telemetry
2021-09-19 04:52:27,238 DEBUG   SenderThread:1221484 [sender.py:send():179] send: exit
2021-09-19 04:52:27,238 INFO    SenderThread:1221484 [sender.py:send_exit():287] handling exit code: 1
2021-09-19 04:52:27,238 INFO    SenderThread:1221484 [sender.py:send_exit():295] send defer
2021-09-19 04:52:27,238 DEBUG   SenderThread:1221484 [sender.py:send_request():193] send_request: poll_exit
2021-09-19 04:52:27,238 DEBUG   HandlerThread:1221484 [handler.py:handle_request():124] handle_request: defer
2021-09-19 04:52:27,239 INFO    HandlerThread:1221484 [handler.py:handle_request_defer():141] handle defer: 0
2021-09-19 04:52:27,239 DEBUG   SenderThread:1221484 [sender.py:send_request():193] send_request: defer
2021-09-19 04:52:27,239 INFO    SenderThread:1221484 [sender.py:send_request_defer():304] handle sender defer: 0
2021-09-19 04:52:27,239 INFO    SenderThread:1221484 [sender.py:transition_state():308] send defer: 1
2021-09-19 04:52:27,239 DEBUG   HandlerThread:1221484 [handler.py:handle_request():124] handle_request: defer
2021-09-19 04:52:27,239 INFO    HandlerThread:1221484 [handler.py:handle_request_defer():141] handle defer: 1
2021-09-19 04:52:27,271 DEBUG   SenderThread:1221484 [sender.py:send_request():193] send_request: defer
2021-09-19 04:52:27,271 INFO    SenderThread:1221484 [sender.py:send_request_defer():304] handle sender defer: 1
2021-09-19 04:52:27,272 INFO    SenderThread:1221484 [sender.py:transition_state():308] send defer: 2
2021-09-19 04:52:27,272 DEBUG   SenderThread:1221484 [sender.py:send():179] send: stats
2021-09-19 04:52:27,272 DEBUG   HandlerThread:1221484 [handler.py:handle_request():124] handle_request: defer
2021-09-19 04:52:27,275 INFO    HandlerThread:1221484 [handler.py:handle_request_defer():141] handle defer: 2
2021-09-19 04:52:27,275 DEBUG   SenderThread:1221484 [sender.py:send_request():193] send_request: defer
2021-09-19 04:52:27,275 INFO    SenderThread:1221484 [sender.py:send_request_defer():304] handle sender defer: 2
2021-09-19 04:52:27,275 INFO    SenderThread:1221484 [sender.py:transition_state():308] send defer: 3
2021-09-19 04:52:27,276 DEBUG   HandlerThread:1221484 [handler.py:handle_request():124] handle_request: defer
2021-09-19 04:52:27,276 INFO    HandlerThread:1221484 [handler.py:handle_request_defer():141] handle defer: 3
2021-09-19 04:52:27,276 DEBUG   SenderThread:1221484 [sender.py:send():179] send: summary
2021-09-19 04:52:27,276 INFO    SenderThread:1221484 [sender.py:_save_file():841] saving file wandb-summary.json with policy end
2021-09-19 04:52:27,277 DEBUG   SenderThread:1221484 [sender.py:send_request():193] send_request: defer
2021-09-19 04:52:27,277 INFO    SenderThread:1221484 [sender.py:send_request_defer():304] handle sender defer: 3
2021-09-19 04:52:27,277 INFO    SenderThread:1221484 [sender.py:transition_state():308] send defer: 4
2021-09-19 04:52:27,277 DEBUG   HandlerThread:1221484 [handler.py:handle_request():124] handle_request: defer
2021-09-19 04:52:27,277 INFO    HandlerThread:1221484 [handler.py:handle_request_defer():141] handle defer: 4
2021-09-19 04:52:27,277 DEBUG   SenderThread:1221484 [sender.py:send_request():193] send_request: defer
2021-09-19 04:52:27,277 INFO    SenderThread:1221484 [sender.py:send_request_defer():304] handle sender defer: 4
2021-09-19 04:52:27,334 ERROR   SenderThread:1221484 [internal_api.py:execute():130] 429 response executing GraphQL.
2021-09-19 04:52:27,334 ERROR   SenderThread:1221484 [internal_api.py:execute():131] {"error":"rate limit exceeded"}

2021-09-19 04:52:27,339 INFO    Thread-8  :1221484 [dir_watcher.py:_on_file_modified():229] file/dir modified: /grid/koo/home/toneyan/profile/QuantPred/wandb/run-20210919_045134-lef38ifo/files/wandb-summary.json
2021-09-19 04:52:27,340 DEBUG   HandlerThread:1221484 [handler.py:handle_request():124] handle_request: poll_exit
2021-09-19 04:52:28,597 ERROR   SenderThread:1221484 [internal_api.py:execute():130] 429 response executing GraphQL.
2021-09-19 04:52:28,597 ERROR   SenderThread:1221484 [internal_api.py:execute():131] {"error":"rate limit exceeded"}

2021-09-19 04:52:30,793 INFO    SenderThread:1221484 [sender.py:transition_state():308] send defer: 5
2021-09-19 04:52:30,794 DEBUG   SenderThread:1221484 [sender.py:send_request():193] send_request: poll_exit
2021-09-19 04:52:30,794 DEBUG   HandlerThread:1221484 [handler.py:handle_request():124] handle_request: defer
2021-09-19 04:52:30,795 INFO    HandlerThread:1221484 [handler.py:handle_request_defer():141] handle defer: 5
2021-09-19 04:52:30,795 DEBUG   SenderThread:1221484 [sender.py:send_request():193] send_request: defer
2021-09-19 04:52:30,795 INFO    SenderThread:1221484 [sender.py:send_request_defer():304] handle sender defer: 5
2021-09-19 04:52:30,795 INFO    SenderThread:1221484 [dir_watcher.py:finish():282] shutting down directory watcher
2021-09-19 04:52:30,896 DEBUG   HandlerThread:1221484 [handler.py:handle_request():124] handle_request: poll_exit
2021-09-19 04:52:31,341 INFO    SenderThread:1221484 [dir_watcher.py:_on_file_modified():229] file/dir modified: /grid/koo/home/toneyan/profile/QuantPred/wandb/run-20210919_045134-lef38ifo/files/config.yaml
2021-09-19 04:52:31,341 INFO    SenderThread:1221484 [dir_watcher.py:finish():312] scan: /grid/koo/home/toneyan/profile/QuantPred/wandb/run-20210919_045134-lef38ifo/files
2021-09-19 04:52:31,342 INFO    SenderThread:1221484 [dir_watcher.py:finish():318] scan save: /grid/koo/home/toneyan/profile/QuantPred/wandb/run-20210919_045134-lef38ifo/files/wandb-metadata.json wandb-metadata.json
2021-09-19 04:52:31,342 INFO    SenderThread:1221484 [dir_watcher.py:finish():318] scan save: /grid/koo/home/toneyan/profile/QuantPred/wandb/run-20210919_045134-lef38ifo/files/config.yaml config.yaml
2021-09-19 04:52:31,342 INFO    SenderThread:1221484 [dir_watcher.py:finish():318] scan save: /grid/koo/home/toneyan/profile/QuantPred/wandb/run-20210919_045134-lef38ifo/files/requirements.txt requirements.txt
2021-09-19 04:52:31,342 INFO    SenderThread:1221484 [dir_watcher.py:finish():318] scan save: /grid/koo/home/toneyan/profile/QuantPred/wandb/run-20210919_045134-lef38ifo/files/wandb-summary.json wandb-summary.json
2021-09-19 04:52:31,342 INFO    SenderThread:1221484 [dir_watcher.py:finish():318] scan save: /grid/koo/home/toneyan/profile/QuantPred/wandb/run-20210919_045134-lef38ifo/files/output.log output.log
2021-09-19 04:52:31,346 INFO    SenderThread:1221484 [sender.py:transition_state():308] send defer: 6
2021-09-19 04:52:31,346 DEBUG   SenderThread:1221484 [sender.py:send_request():193] send_request: poll_exit
2021-09-19 04:52:31,349 DEBUG   HandlerThread:1221484 [handler.py:handle_request():124] handle_request: defer
2021-09-19 04:52:31,353 INFO    HandlerThread:1221484 [handler.py:handle_request_defer():141] handle defer: 6
2021-09-19 04:52:31,354 DEBUG   SenderThread:1221484 [sender.py:send_request():193] send_request: defer
2021-09-19 04:52:31,355 INFO    SenderThread:1221484 [sender.py:send_request_defer():304] handle sender defer: 6
2021-09-19 04:52:31,355 INFO    SenderThread:1221484 [file_pusher.py:finish():177] shutting down file pusher
2021-09-19 04:52:31,451 DEBUG   HandlerThread:1221484 [handler.py:handle_request():124] handle_request: poll_exit
2021-09-19 04:52:31,451 DEBUG   SenderThread:1221484 [sender.py:send_request():193] send_request: poll_exit
2021-09-19 04:52:31,553 DEBUG   HandlerThread:1221484 [handler.py:handle_request():124] handle_request: poll_exit
2021-09-19 04:52:31,553 DEBUG   SenderThread:1221484 [sender.py:send_request():193] send_request: poll_exit
2021-09-19 04:52:31,655 DEBUG   HandlerThread:1221484 [handler.py:handle_request():124] handle_request: poll_exit
2021-09-19 04:52:31,656 DEBUG   SenderThread:1221484 [sender.py:send_request():193] send_request: poll_exit
2021-09-19 04:52:31,711 INFO    Thread-12 :1221484 [upload_job.py:push():137] Uploaded file /grid/koo/home/toneyan/profile/QuantPred/wandb/run-20210919_045134-lef38ifo/files/config.yaml
2021-09-19 04:52:31,738 INFO    Thread-13 :1221484 [upload_job.py:push():137] Uploaded file /grid/koo/home/toneyan/profile/QuantPred/wandb/run-20210919_045134-lef38ifo/files/requirements.txt
2021-09-19 04:52:31,749 INFO    Thread-14 :1221484 [upload_job.py:push():137] Uploaded file /grid/koo/home/toneyan/profile/QuantPred/wandb/run-20210919_045134-lef38ifo/files/wandb-summary.json
2021-09-19 04:52:31,757 DEBUG   HandlerThread:1221484 [handler.py:handle_request():124] handle_request: poll_exit
2021-09-19 04:52:31,758 DEBUG   SenderThread:1221484 [sender.py:send_request():193] send_request: poll_exit
2021-09-19 04:52:31,860 DEBUG   HandlerThread:1221484 [handler.py:handle_request():124] handle_request: poll_exit
2021-09-19 04:52:31,860 DEBUG   SenderThread:1221484 [sender.py:send_request():193] send_request: poll_exit
2021-09-19 04:52:31,950 INFO    Thread-7  :1221484 [sender.py:transition_state():308] send defer: 7
2021-09-19 04:52:31,951 DEBUG   HandlerThread:1221484 [handler.py:handle_request():124] handle_request: defer
2021-09-19 04:52:31,951 INFO    HandlerThread:1221484 [handler.py:handle_request_defer():141] handle defer: 7
2021-09-19 04:52:31,951 DEBUG   SenderThread:1221484 [sender.py:send_request():193] send_request: defer
2021-09-19 04:52:31,951 INFO    SenderThread:1221484 [sender.py:send_request_defer():304] handle sender defer: 7
2021-09-19 04:52:31,962 DEBUG   HandlerThread:1221484 [handler.py:handle_request():124] handle_request: poll_exit
2021-09-19 04:52:32,002 INFO    SenderThread:1221484 [sender.py:transition_state():308] send defer: 8
2021-09-19 04:52:32,002 DEBUG   SenderThread:1221484 [sender.py:send_request():193] send_request: poll_exit
2021-09-19 04:52:32,003 DEBUG   HandlerThread:1221484 [handler.py:handle_request():124] handle_request: defer
2021-09-19 04:52:32,003 INFO    HandlerThread:1221484 [handler.py:handle_request_defer():141] handle defer: 8
2021-09-19 04:52:32,003 DEBUG   SenderThread:1221484 [sender.py:send_request():193] send_request: defer
2021-09-19 04:52:32,004 INFO    SenderThread:1221484 [sender.py:send_request_defer():304] handle sender defer: 8
2021-09-19 04:52:32,004 INFO    SenderThread:1221484 [sender.py:transition_state():308] send defer: 9
2021-09-19 04:52:32,004 DEBUG   SenderThread:1221484 [sender.py:send():179] send: final
2021-09-19 04:52:32,004 DEBUG   HandlerThread:1221484 [handler.py:handle_request():124] handle_request: defer
2021-09-19 04:52:32,004 DEBUG   SenderThread:1221484 [sender.py:send():179] send: footer
2021-09-19 04:52:32,004 INFO    HandlerThread:1221484 [handler.py:handle_request_defer():141] handle defer: 9
2021-09-19 04:52:32,004 DEBUG   SenderThread:1221484 [sender.py:send_request():193] send_request: defer
2021-09-19 04:52:32,005 INFO    SenderThread:1221484 [sender.py:send_request_defer():304] handle sender defer: 9
2021-09-19 04:52:32,105 DEBUG   HandlerThread:1221484 [handler.py:handle_request():124] handle_request: poll_exit
2021-09-19 04:52:32,105 DEBUG   SenderThread:1221484 [sender.py:send_request():193] send_request: poll_exit
2021-09-19 04:52:32,105 INFO    SenderThread:1221484 [file_pusher.py:join():182] waiting for file pusher
2021-09-19 04:52:32,106 DEBUG   HandlerThread:1221484 [handler.py:handle_request():124] handle_request: get_summary
2021-09-19 04:52:32,107 DEBUG   HandlerThread:1221484 [handler.py:handle_request():124] handle_request: sampled_history
2021-09-19 04:52:32,107 DEBUG   HandlerThread:1221484 [handler.py:handle_request():124] handle_request: shutdown
2021-09-19 04:52:32,107 INFO    HandlerThread:1221484 [handler.py:finish():638] shutting down handler
2021-09-19 04:52:33,004 INFO    WriterThread:1221484 [datastore.py:close():288] close: /grid/koo/home/toneyan/profile/QuantPred/wandb/run-20210919_045134-lef38ifo/run-lef38ifo.wandb
2021-09-19 04:52:33,105 INFO    SenderThread:1221484 [sender.py:finish():945] shutting down sender
2021-09-19 04:52:33,106 INFO    SenderThread:1221484 [file_pusher.py:finish():177] shutting down file pusher
2021-09-19 04:52:33,106 INFO    SenderThread:1221484 [file_pusher.py:join():182] waiting for file pusher
2021-09-19 04:52:33,107 INFO    MainThread:1221484 [internal.py:handle_exit():78] Internal process exited
