2021-09-19 08:06:53,206 INFO    MainThread:1137143 [internal.py:wandb_internal():91] W&B internal server running at pid: 1137143, started at: 2021-09-19 08:06:53.206148
2021-09-19 08:06:53,208 DEBUG   HandlerThread:1137143 [handler.py:handle_request():124] handle_request: check_version
2021-09-19 08:06:53,208 INFO    WriterThread:1137143 [datastore.py:open_for_write():80] open: /grid/koo/home/toneyan/profile/QuantPred/wandb/run-20210919_080652-e5xezko5/run-e5xezko5.wandb
2021-09-19 08:06:53,210 DEBUG   SenderThread:1137143 [sender.py:send():179] send: header
2021-09-19 08:06:53,210 DEBUG   SenderThread:1137143 [sender.py:send_request():193] send_request: check_version
2021-09-19 08:06:53,238 DEBUG   SenderThread:1137143 [sender.py:send():179] send: run
2021-09-19 08:06:53,317 INFO    SenderThread:1137143 [dir_watcher.py:__init__():168] watching files in: /grid/koo/home/toneyan/profile/QuantPred/wandb/run-20210919_080652-e5xezko5/files
2021-09-19 08:06:53,317 INFO    SenderThread:1137143 [sender.py:_start_run_threads():719] run started: e5xezko5 with start time 1632053212
2021-09-19 08:06:53,317 DEBUG   SenderThread:1137143 [sender.py:send():179] send: summary
2021-09-19 08:06:53,318 INFO    SenderThread:1137143 [sender.py:_save_file():841] saving file wandb-summary.json with policy end
2021-09-19 08:06:53,319 DEBUG   HandlerThread:1137143 [handler.py:handle_request():124] handle_request: run_start
2021-09-19 08:06:54,320 INFO    Thread-8  :1137143 [dir_watcher.py:_on_file_created():216] file/dir created: /grid/koo/home/toneyan/profile/QuantPred/wandb/run-20210919_080652-e5xezko5/files/wandb-summary.json
2021-09-19 08:06:54,479 DEBUG   HandlerThread:1137143 [meta.py:__init__():39] meta init
2021-09-19 08:06:54,479 DEBUG   HandlerThread:1137143 [meta.py:__init__():53] meta init done
2021-09-19 08:06:54,479 DEBUG   HandlerThread:1137143 [meta.py:probe():210] probe
2021-09-19 08:06:54,485 DEBUG   HandlerThread:1137143 [meta.py:_save_pip():57] save pip
2021-09-19 08:06:54,486 DEBUG   HandlerThread:1137143 [meta.py:_save_pip():71] save pip done
2021-09-19 08:06:54,486 DEBUG   HandlerThread:1137143 [meta.py:probe():252] probe done
2021-09-19 08:06:54,489 DEBUG   SenderThread:1137143 [sender.py:send():179] send: files
2021-09-19 08:06:54,489 INFO    SenderThread:1137143 [sender.py:_save_file():841] saving file wandb-metadata.json with policy now
2021-09-19 08:06:54,496 DEBUG   HandlerThread:1137143 [handler.py:handle_request():124] handle_request: stop_status
2021-09-19 08:06:54,496 DEBUG   SenderThread:1137143 [sender.py:send_request():193] send_request: stop_status
2021-09-19 08:06:54,850 INFO    Thread-11 :1137143 [upload_job.py:push():137] Uploaded file /tmp/3288852.1.gpu_ded.q/tmp48zo_0vhwandb/107gu0zi-wandb-metadata.json
2021-09-19 08:06:55,318 INFO    Thread-8  :1137143 [dir_watcher.py:_on_file_created():216] file/dir created: /grid/koo/home/toneyan/profile/QuantPred/wandb/run-20210919_080652-e5xezko5/files/requirements.txt
2021-09-19 08:06:55,318 INFO    Thread-8  :1137143 [dir_watcher.py:_on_file_created():216] file/dir created: /grid/koo/home/toneyan/profile/QuantPred/wandb/run-20210919_080652-e5xezko5/files/output.log
2021-09-19 08:06:55,318 INFO    Thread-8  :1137143 [dir_watcher.py:_on_file_created():216] file/dir created: /grid/koo/home/toneyan/profile/QuantPred/wandb/run-20210919_080652-e5xezko5/files/wandb-metadata.json
2021-09-19 08:07:09,556 DEBUG   HandlerThread:1137143 [handler.py:handle_request():124] handle_request: stop_status
2021-09-19 08:07:09,557 DEBUG   SenderThread:1137143 [sender.py:send_request():193] send_request: stop_status
2021-09-19 08:07:09,613 ERROR   SenderThread:1137143 [internal_api.py:execute():130] 429 response executing GraphQL.
2021-09-19 08:07:09,613 ERROR   SenderThread:1137143 [internal_api.py:execute():131] {"error":"rate limit exceeded"}

2021-09-19 08:07:10,687 ERROR   SenderThread:1137143 [internal_api.py:execute():130] 429 response executing GraphQL.
2021-09-19 08:07:10,688 ERROR   SenderThread:1137143 [internal_api.py:execute():131] {"error":"rate limit exceeded"}

2021-09-19 08:07:13,028 ERROR   SenderThread:1137143 [internal_api.py:execute():130] 429 response executing GraphQL.
2021-09-19 08:07:13,028 ERROR   SenderThread:1137143 [internal_api.py:execute():131] {"error":"rate limit exceeded"}

2021-09-19 08:07:13,028 ERROR   SenderThread:1137143 [retry.py:__call__():126] Retry attempt failed:
Traceback (most recent call last):
  File "/usr/local/lib/python3.6/dist-packages/wandb/sdk/lib/retry.py", line 102, in __call__
    result = self._call_fn(*args, **kwargs)
  File "/usr/local/lib/python3.6/dist-packages/wandb/sdk/internal/internal_api.py", line 133, in execute
    six.reraise(*sys.exc_info())
  File "/usr/local/lib/python3.6/dist-packages/six.py", line 719, in reraise
    raise value
  File "/usr/local/lib/python3.6/dist-packages/wandb/sdk/internal/internal_api.py", line 127, in execute
    return self.client.execute(*args, **kwargs)
  File "/usr/local/lib/python3.6/dist-packages/wandb/vendor/gql-0.2.0/gql/client.py", line 52, in execute
    result = self._get_result(document, *args, **kwargs)
  File "/usr/local/lib/python3.6/dist-packages/wandb/vendor/gql-0.2.0/gql/client.py", line 60, in _get_result
    return self.transport.execute(document, *args, **kwargs)
  File "/usr/local/lib/python3.6/dist-packages/wandb/vendor/gql-0.2.0/gql/transport/requests.py", line 39, in execute
    request.raise_for_status()
  File "/usr/local/lib/python3.6/dist-packages/requests/models.py", line 943, in raise_for_status
    raise HTTPError(http_error_msg, response=self)
requests.exceptions.HTTPError: 429 Client Error: Too Many Requests for url: https://api.wandb.ai/graphql
2021-09-19 08:07:22,862 DEBUG   SenderThread:1137143 [sender.py:send():179] send: stats
2021-09-19 08:07:25,868 DEBUG   HandlerThread:1137143 [handler.py:handle_request():124] handle_request: poll_exit
2021-09-19 08:07:25,868 DEBUG   SenderThread:1137143 [sender.py:send():179] send: telemetry
2021-09-19 08:07:25,868 DEBUG   SenderThread:1137143 [sender.py:send():179] send: exit
2021-09-19 08:07:25,868 INFO    SenderThread:1137143 [sender.py:send_exit():287] handling exit code: 1
2021-09-19 08:07:25,868 INFO    SenderThread:1137143 [sender.py:send_exit():295] send defer
2021-09-19 08:07:25,868 DEBUG   SenderThread:1137143 [sender.py:send_request():193] send_request: poll_exit
2021-09-19 08:07:25,869 DEBUG   HandlerThread:1137143 [handler.py:handle_request():124] handle_request: defer
2021-09-19 08:07:25,869 INFO    HandlerThread:1137143 [handler.py:handle_request_defer():141] handle defer: 0
2021-09-19 08:07:25,869 DEBUG   SenderThread:1137143 [sender.py:send_request():193] send_request: defer
2021-09-19 08:07:25,869 INFO    SenderThread:1137143 [sender.py:send_request_defer():304] handle sender defer: 0
2021-09-19 08:07:25,869 INFO    SenderThread:1137143 [sender.py:transition_state():308] send defer: 1
2021-09-19 08:07:25,869 DEBUG   HandlerThread:1137143 [handler.py:handle_request():124] handle_request: defer
2021-09-19 08:07:25,869 INFO    HandlerThread:1137143 [handler.py:handle_request_defer():141] handle defer: 1
2021-09-19 08:07:25,905 DEBUG   SenderThread:1137143 [sender.py:send_request():193] send_request: defer
2021-09-19 08:07:25,905 INFO    SenderThread:1137143 [sender.py:send_request_defer():304] handle sender defer: 1
2021-09-19 08:07:25,905 INFO    SenderThread:1137143 [sender.py:transition_state():308] send defer: 2
2021-09-19 08:07:25,905 DEBUG   SenderThread:1137143 [sender.py:send():179] send: stats
2021-09-19 08:07:25,906 DEBUG   HandlerThread:1137143 [handler.py:handle_request():124] handle_request: defer
2021-09-19 08:07:25,907 INFO    HandlerThread:1137143 [handler.py:handle_request_defer():141] handle defer: 2
2021-09-19 08:07:25,908 DEBUG   SenderThread:1137143 [sender.py:send_request():193] send_request: defer
2021-09-19 08:07:25,908 INFO    SenderThread:1137143 [sender.py:send_request_defer():304] handle sender defer: 2
2021-09-19 08:07:25,908 INFO    SenderThread:1137143 [sender.py:transition_state():308] send defer: 3
2021-09-19 08:07:25,908 DEBUG   HandlerThread:1137143 [handler.py:handle_request():124] handle_request: defer
2021-09-19 08:07:25,908 INFO    HandlerThread:1137143 [handler.py:handle_request_defer():141] handle defer: 3
2021-09-19 08:07:25,908 DEBUG   SenderThread:1137143 [sender.py:send():179] send: summary
2021-09-19 08:07:25,909 INFO    SenderThread:1137143 [sender.py:_save_file():841] saving file wandb-summary.json with policy end
2021-09-19 08:07:25,909 DEBUG   SenderThread:1137143 [sender.py:send_request():193] send_request: defer
2021-09-19 08:07:25,909 INFO    SenderThread:1137143 [sender.py:send_request_defer():304] handle sender defer: 3
2021-09-19 08:07:25,909 INFO    SenderThread:1137143 [sender.py:transition_state():308] send defer: 4
2021-09-19 08:07:25,909 DEBUG   HandlerThread:1137143 [handler.py:handle_request():124] handle_request: defer
2021-09-19 08:07:25,909 INFO    HandlerThread:1137143 [handler.py:handle_request_defer():141] handle defer: 4
2021-09-19 08:07:25,909 DEBUG   SenderThread:1137143 [sender.py:send_request():193] send_request: defer
2021-09-19 08:07:25,909 INFO    SenderThread:1137143 [sender.py:send_request_defer():304] handle sender defer: 4
2021-09-19 08:07:25,965 ERROR   SenderThread:1137143 [internal_api.py:execute():130] 429 response executing GraphQL.
2021-09-19 08:07:25,965 ERROR   SenderThread:1137143 [internal_api.py:execute():131] {"error":"rate limit exceeded"}

2021-09-19 08:07:25,970 DEBUG   HandlerThread:1137143 [handler.py:handle_request():124] handle_request: poll_exit
2021-09-19 08:07:26,328 INFO    Thread-8  :1137143 [dir_watcher.py:_on_file_modified():229] file/dir modified: /grid/koo/home/toneyan/profile/QuantPred/wandb/run-20210919_080652-e5xezko5/files/wandb-summary.json
2021-09-19 08:07:27,258 ERROR   SenderThread:1137143 [internal_api.py:execute():130] 429 response executing GraphQL.
2021-09-19 08:07:27,259 ERROR   SenderThread:1137143 [internal_api.py:execute():131] {"error":"rate limit exceeded"}

2021-09-19 08:07:29,363 ERROR   SenderThread:1137143 [internal_api.py:execute():130] 429 response executing GraphQL.
2021-09-19 08:07:29,363 ERROR   SenderThread:1137143 [internal_api.py:execute():131] {"error":"rate limit exceeded"}

2021-09-19 08:07:29,363 ERROR   SenderThread:1137143 [retry.py:__call__():126] Retry attempt failed:
Traceback (most recent call last):
  File "/usr/local/lib/python3.6/dist-packages/wandb/sdk/lib/retry.py", line 102, in __call__
    result = self._call_fn(*args, **kwargs)
  File "/usr/local/lib/python3.6/dist-packages/wandb/sdk/internal/internal_api.py", line 133, in execute
    six.reraise(*sys.exc_info())
  File "/usr/local/lib/python3.6/dist-packages/six.py", line 719, in reraise
    raise value
  File "/usr/local/lib/python3.6/dist-packages/wandb/sdk/internal/internal_api.py", line 127, in execute
    return self.client.execute(*args, **kwargs)
  File "/usr/local/lib/python3.6/dist-packages/wandb/vendor/gql-0.2.0/gql/client.py", line 52, in execute
    result = self._get_result(document, *args, **kwargs)
  File "/usr/local/lib/python3.6/dist-packages/wandb/vendor/gql-0.2.0/gql/client.py", line 60, in _get_result
    return self.transport.execute(document, *args, **kwargs)
  File "/usr/local/lib/python3.6/dist-packages/wandb/vendor/gql-0.2.0/gql/transport/requests.py", line 39, in execute
    request.raise_for_status()
  File "/usr/local/lib/python3.6/dist-packages/requests/models.py", line 943, in raise_for_status
    raise HTTPError(http_error_msg, response=self)
requests.exceptions.HTTPError: 429 Client Error: Too Many Requests for url: https://api.wandb.ai/graphql
2021-09-19 08:07:31,070 DEBUG   HandlerThread:1137143 [handler.py:handle_request():124] handle_request: poll_exit
2021-09-19 08:07:33,588 INFO    SenderThread:1137143 [sender.py:transition_state():308] send defer: 5
2021-09-19 08:07:33,589 DEBUG   SenderThread:1137143 [sender.py:send_request():193] send_request: poll_exit
2021-09-19 08:07:33,589 DEBUG   SenderThread:1137143 [sender.py:send_request():193] send_request: poll_exit
2021-09-19 08:07:33,589 DEBUG   HandlerThread:1137143 [handler.py:handle_request():124] handle_request: defer
2021-09-19 08:07:33,589 INFO    HandlerThread:1137143 [handler.py:handle_request_defer():141] handle defer: 5
2021-09-19 08:07:33,590 DEBUG   SenderThread:1137143 [sender.py:send_request():193] send_request: defer
2021-09-19 08:07:33,590 INFO    SenderThread:1137143 [sender.py:send_request_defer():304] handle sender defer: 5
2021-09-19 08:07:33,590 INFO    SenderThread:1137143 [dir_watcher.py:finish():282] shutting down directory watcher
2021-09-19 08:07:33,694 DEBUG   HandlerThread:1137143 [handler.py:handle_request():124] handle_request: poll_exit
2021-09-19 08:07:34,330 INFO    SenderThread:1137143 [dir_watcher.py:_on_file_modified():229] file/dir modified: /grid/koo/home/toneyan/profile/QuantPred/wandb/run-20210919_080652-e5xezko5/files/config.yaml
2021-09-19 08:07:34,331 INFO    SenderThread:1137143 [dir_watcher.py:finish():312] scan: /grid/koo/home/toneyan/profile/QuantPred/wandb/run-20210919_080652-e5xezko5/files
2021-09-19 08:07:34,331 INFO    SenderThread:1137143 [dir_watcher.py:finish():318] scan save: /grid/koo/home/toneyan/profile/QuantPred/wandb/run-20210919_080652-e5xezko5/files/wandb-metadata.json wandb-metadata.json
2021-09-19 08:07:34,331 INFO    SenderThread:1137143 [dir_watcher.py:finish():318] scan save: /grid/koo/home/toneyan/profile/QuantPred/wandb/run-20210919_080652-e5xezko5/files/config.yaml config.yaml
2021-09-19 08:07:34,331 INFO    SenderThread:1137143 [dir_watcher.py:finish():318] scan save: /grid/koo/home/toneyan/profile/QuantPred/wandb/run-20210919_080652-e5xezko5/files/requirements.txt requirements.txt
2021-09-19 08:07:34,331 INFO    SenderThread:1137143 [dir_watcher.py:finish():318] scan save: /grid/koo/home/toneyan/profile/QuantPred/wandb/run-20210919_080652-e5xezko5/files/wandb-summary.json wandb-summary.json
2021-09-19 08:07:34,331 INFO    SenderThread:1137143 [dir_watcher.py:finish():318] scan save: /grid/koo/home/toneyan/profile/QuantPred/wandb/run-20210919_080652-e5xezko5/files/output.log output.log
2021-09-19 08:07:34,337 INFO    SenderThread:1137143 [sender.py:transition_state():308] send defer: 6
2021-09-19 08:07:34,337 DEBUG   SenderThread:1137143 [sender.py:send_request():193] send_request: poll_exit
2021-09-19 08:07:34,342 DEBUG   HandlerThread:1137143 [handler.py:handle_request():124] handle_request: defer
2021-09-19 08:07:34,342 INFO    HandlerThread:1137143 [handler.py:handle_request_defer():141] handle defer: 6
2021-09-19 08:07:34,342 DEBUG   SenderThread:1137143 [sender.py:send_request():193] send_request: defer
2021-09-19 08:07:34,343 INFO    SenderThread:1137143 [sender.py:send_request_defer():304] handle sender defer: 6
2021-09-19 08:07:34,343 INFO    SenderThread:1137143 [file_pusher.py:finish():177] shutting down file pusher
2021-09-19 08:07:34,443 DEBUG   HandlerThread:1137143 [handler.py:handle_request():124] handle_request: poll_exit
2021-09-19 08:07:34,444 DEBUG   SenderThread:1137143 [sender.py:send_request():193] send_request: poll_exit
2021-09-19 08:07:34,545 DEBUG   HandlerThread:1137143 [handler.py:handle_request():124] handle_request: poll_exit
2021-09-19 08:07:34,545 DEBUG   SenderThread:1137143 [sender.py:send_request():193] send_request: poll_exit
2021-09-19 08:07:34,647 DEBUG   HandlerThread:1137143 [handler.py:handle_request():124] handle_request: poll_exit
2021-09-19 08:07:34,648 INFO    Thread-13 :1137143 [upload_job.py:push():137] Uploaded file /grid/koo/home/toneyan/profile/QuantPred/wandb/run-20210919_080652-e5xezko5/files/requirements.txt
2021-09-19 08:07:34,648 DEBUG   SenderThread:1137143 [sender.py:send_request():193] send_request: poll_exit
2021-09-19 08:07:34,745 INFO    Thread-14 :1137143 [upload_job.py:push():137] Uploaded file /grid/koo/home/toneyan/profile/QuantPred/wandb/run-20210919_080652-e5xezko5/files/wandb-summary.json
2021-09-19 08:07:34,750 DEBUG   HandlerThread:1137143 [handler.py:handle_request():124] handle_request: poll_exit
2021-09-19 08:07:34,750 DEBUG   SenderThread:1137143 [sender.py:send_request():193] send_request: poll_exit
2021-09-19 08:07:34,794 INFO    Thread-12 :1137143 [upload_job.py:push():137] Uploaded file /grid/koo/home/toneyan/profile/QuantPred/wandb/run-20210919_080652-e5xezko5/files/config.yaml
2021-09-19 08:07:34,852 DEBUG   HandlerThread:1137143 [handler.py:handle_request():124] handle_request: poll_exit
2021-09-19 08:07:34,852 DEBUG   SenderThread:1137143 [sender.py:send_request():193] send_request: poll_exit
2021-09-19 08:07:34,954 DEBUG   HandlerThread:1137143 [handler.py:handle_request():124] handle_request: poll_exit
2021-09-19 08:07:34,954 DEBUG   SenderThread:1137143 [sender.py:send_request():193] send_request: poll_exit
2021-09-19 08:07:34,994 INFO    Thread-7  :1137143 [sender.py:transition_state():308] send defer: 7
2021-09-19 08:07:34,995 DEBUG   HandlerThread:1137143 [handler.py:handle_request():124] handle_request: defer
2021-09-19 08:07:34,995 INFO    HandlerThread:1137143 [handler.py:handle_request_defer():141] handle defer: 7
2021-09-19 08:07:34,995 DEBUG   SenderThread:1137143 [sender.py:send_request():193] send_request: defer
2021-09-19 08:07:34,995 INFO    SenderThread:1137143 [sender.py:send_request_defer():304] handle sender defer: 7
2021-09-19 08:07:35,047 INFO    SenderThread:1137143 [sender.py:transition_state():308] send defer: 8
2021-09-19 08:07:35,047 DEBUG   HandlerThread:1137143 [handler.py:handle_request():124] handle_request: defer
2021-09-19 08:07:35,047 INFO    HandlerThread:1137143 [handler.py:handle_request_defer():141] handle defer: 8
2021-09-19 08:07:35,047 DEBUG   SenderThread:1137143 [sender.py:send_request():193] send_request: defer
2021-09-19 08:07:35,047 INFO    SenderThread:1137143 [sender.py:send_request_defer():304] handle sender defer: 8
2021-09-19 08:07:35,047 INFO    SenderThread:1137143 [sender.py:transition_state():308] send defer: 9
2021-09-19 08:07:35,048 DEBUG   SenderThread:1137143 [sender.py:send():179] send: final
2021-09-19 08:07:35,048 DEBUG   HandlerThread:1137143 [handler.py:handle_request():124] handle_request: defer
2021-09-19 08:07:35,048 DEBUG   SenderThread:1137143 [sender.py:send():179] send: footer
2021-09-19 08:07:35,048 INFO    HandlerThread:1137143 [handler.py:handle_request_defer():141] handle defer: 9
2021-09-19 08:07:35,048 DEBUG   SenderThread:1137143 [sender.py:send_request():193] send_request: defer
2021-09-19 08:07:35,048 INFO    SenderThread:1137143 [sender.py:send_request_defer():304] handle sender defer: 9
2021-09-19 08:07:35,055 DEBUG   HandlerThread:1137143 [handler.py:handle_request():124] handle_request: poll_exit
2021-09-19 08:07:35,055 DEBUG   SenderThread:1137143 [sender.py:send_request():193] send_request: poll_exit
2021-09-19 08:07:35,056 INFO    SenderThread:1137143 [file_pusher.py:join():182] waiting for file pusher
2021-09-19 08:07:35,057 DEBUG   HandlerThread:1137143 [handler.py:handle_request():124] handle_request: get_summary
2021-09-19 08:07:35,057 DEBUG   HandlerThread:1137143 [handler.py:handle_request():124] handle_request: sampled_history
2021-09-19 08:07:35,057 DEBUG   HandlerThread:1137143 [handler.py:handle_request():124] handle_request: shutdown
2021-09-19 08:07:35,058 INFO    HandlerThread:1137143 [handler.py:finish():638] shutting down handler
2021-09-19 08:07:36,048 INFO    WriterThread:1137143 [datastore.py:close():288] close: /grid/koo/home/toneyan/profile/QuantPred/wandb/run-20210919_080652-e5xezko5/run-e5xezko5.wandb
2021-09-19 08:07:36,056 INFO    SenderThread:1137143 [sender.py:finish():945] shutting down sender
2021-09-19 08:07:36,056 INFO    SenderThread:1137143 [file_pusher.py:finish():177] shutting down file pusher
2021-09-19 08:07:36,056 INFO    SenderThread:1137143 [file_pusher.py:join():182] waiting for file pusher
2021-09-19 08:07:36,059 INFO    MainThread:1137143 [internal.py:handle_exit():78] Internal process exited
