2021-09-14 10:25:49,320 INFO    MainThread:1541356 [internal.py:wandb_internal():91] W&B internal server running at pid: 1541356, started at: 2021-09-14 10:25:49.319641
2021-09-14 10:25:49,322 DEBUG   HandlerThread:1541356 [handler.py:handle_request():124] handle_request: check_version
2021-09-14 10:25:49,322 INFO    WriterThread:1541356 [datastore.py:open_for_write():80] open: /grid/koo/home/toneyan/profile/QuantPred/wandb/run-20210914_102548-durcrk1c/run-durcrk1c.wandb
2021-09-14 10:25:49,324 DEBUG   SenderThread:1541356 [sender.py:send():179] send: header
2021-09-14 10:25:49,324 DEBUG   SenderThread:1541356 [sender.py:send_request():193] send_request: check_version
2021-09-14 10:25:49,350 DEBUG   SenderThread:1541356 [sender.py:send():179] send: run
2021-09-14 10:25:49,432 INFO    SenderThread:1541356 [dir_watcher.py:__init__():168] watching files in: /grid/koo/home/toneyan/profile/QuantPred/wandb/run-20210914_102548-durcrk1c/files
2021-09-14 10:25:49,432 INFO    SenderThread:1541356 [sender.py:_start_run_threads():719] run started: durcrk1c with start time 1631629548
2021-09-14 10:25:49,432 DEBUG   SenderThread:1541356 [sender.py:send():179] send: summary
2021-09-14 10:25:49,433 INFO    SenderThread:1541356 [sender.py:_save_file():841] saving file wandb-summary.json with policy end
2021-09-14 10:25:49,434 DEBUG   HandlerThread:1541356 [handler.py:handle_request():124] handle_request: run_start
2021-09-14 10:25:50,434 INFO    Thread-8  :1541356 [dir_watcher.py:_on_file_created():216] file/dir created: /grid/koo/home/toneyan/profile/QuantPred/wandb/run-20210914_102548-durcrk1c/files/wandb-summary.json
2021-09-14 10:25:50,554 DEBUG   HandlerThread:1541356 [meta.py:__init__():39] meta init
2021-09-14 10:25:50,554 DEBUG   HandlerThread:1541356 [meta.py:__init__():53] meta init done
2021-09-14 10:25:50,555 DEBUG   HandlerThread:1541356 [meta.py:probe():210] probe
2021-09-14 10:25:50,560 DEBUG   HandlerThread:1541356 [meta.py:_save_pip():57] save pip
2021-09-14 10:25:50,561 DEBUG   HandlerThread:1541356 [meta.py:_save_pip():71] save pip done
2021-09-14 10:25:50,561 DEBUG   HandlerThread:1541356 [meta.py:probe():252] probe done
2021-09-14 10:25:50,564 DEBUG   SenderThread:1541356 [sender.py:send():179] send: files
2021-09-14 10:25:50,564 INFO    SenderThread:1541356 [sender.py:_save_file():841] saving file wandb-metadata.json with policy now
2021-09-14 10:25:50,570 DEBUG   HandlerThread:1541356 [handler.py:handle_request():124] handle_request: stop_status
2021-09-14 10:25:50,570 DEBUG   SenderThread:1541356 [sender.py:send_request():193] send_request: stop_status
2021-09-14 10:25:50,623 ERROR   Thread-11 :1541356 [internal_api.py:execute():130] 429 response executing GraphQL.
2021-09-14 10:25:50,624 ERROR   Thread-11 :1541356 [internal_api.py:execute():131] {"error":"rate limit exceeded"}

2021-09-14 10:25:50,626 ERROR   SenderThread:1541356 [internal_api.py:execute():130] 429 response executing GraphQL.
2021-09-14 10:25:50,626 ERROR   SenderThread:1541356 [internal_api.py:execute():131] {"error":"rate limit exceeded"}

2021-09-14 10:25:51,435 INFO    Thread-8  :1541356 [dir_watcher.py:_on_file_created():216] file/dir created: /grid/koo/home/toneyan/profile/QuantPred/wandb/run-20210914_102548-durcrk1c/files/wandb-metadata.json
2021-09-14 10:25:51,435 INFO    Thread-8  :1541356 [dir_watcher.py:_on_file_created():216] file/dir created: /grid/koo/home/toneyan/profile/QuantPred/wandb/run-20210914_102548-durcrk1c/files/requirements.txt
2021-09-14 10:25:51,436 INFO    Thread-8  :1541356 [dir_watcher.py:_on_file_created():216] file/dir created: /grid/koo/home/toneyan/profile/QuantPred/wandb/run-20210914_102548-durcrk1c/files/output.log
2021-09-14 10:25:51,762 ERROR   Thread-11 :1541356 [internal_api.py:execute():130] 429 response executing GraphQL.
2021-09-14 10:25:51,762 ERROR   Thread-11 :1541356 [internal_api.py:execute():131] {"error":"rate limit exceeded"}

2021-09-14 10:25:51,762 ERROR   Thread-11 :1541356 [retry.py:__call__():126] Retry attempt failed:
Traceback (most recent call last):
  File "/usr/local/lib/python3.6/dist-packages/wandb/sdk/lib/retry.py", line 102, in __call__
    result = self._call_fn(*args, **kwargs)
  File "/usr/local/lib/python3.6/dist-packages/wandb/sdk/internal/internal_api.py", line 133, in execute
    six.reraise(*sys.exc_info())
  File "/usr/local/lib/python3.6/dist-packages/six.py", line 719, in reraise
    raise value
  File "/usr/local/lib/python3.6/dist-packages/wandb/sdk/internal/internal_api.py", line 127, in execute
    return self.client.execute(*args, **kwargs)
  File "/usr/local/lib/python3.6/dist-packages/wandb/vendor/gql-0.2.0/gql/client.py", line 52, in execute
    result = self._get_result(document, *args, **kwargs)
  File "/usr/local/lib/python3.6/dist-packages/wandb/vendor/gql-0.2.0/gql/client.py", line 60, in _get_result
    return self.transport.execute(document, *args, **kwargs)
  File "/usr/local/lib/python3.6/dist-packages/wandb/vendor/gql-0.2.0/gql/transport/requests.py", line 39, in execute
    request.raise_for_status()
  File "/usr/local/lib/python3.6/dist-packages/requests/models.py", line 943, in raise_for_status
    raise HTTPError(http_error_msg, response=self)
requests.exceptions.HTTPError: 429 Client Error: Too Many Requests for url: https://api.wandb.ai/graphql
2021-09-14 10:25:51,767 ERROR   SenderThread:1541356 [internal_api.py:execute():130] 429 response executing GraphQL.
2021-09-14 10:25:51,768 ERROR   SenderThread:1541356 [internal_api.py:execute():131] {"error":"rate limit exceeded"}

2021-09-14 10:25:51,768 ERROR   SenderThread:1541356 [retry.py:__call__():126] Retry attempt failed:
Traceback (most recent call last):
  File "/usr/local/lib/python3.6/dist-packages/wandb/sdk/lib/retry.py", line 102, in __call__
    result = self._call_fn(*args, **kwargs)
  File "/usr/local/lib/python3.6/dist-packages/wandb/sdk/internal/internal_api.py", line 133, in execute
    six.reraise(*sys.exc_info())
  File "/usr/local/lib/python3.6/dist-packages/six.py", line 719, in reraise
    raise value
  File "/usr/local/lib/python3.6/dist-packages/wandb/sdk/internal/internal_api.py", line 127, in execute
    return self.client.execute(*args, **kwargs)
  File "/usr/local/lib/python3.6/dist-packages/wandb/vendor/gql-0.2.0/gql/client.py", line 52, in execute
    result = self._get_result(document, *args, **kwargs)
  File "/usr/local/lib/python3.6/dist-packages/wandb/vendor/gql-0.2.0/gql/client.py", line 60, in _get_result
    return self.transport.execute(document, *args, **kwargs)
  File "/usr/local/lib/python3.6/dist-packages/wandb/vendor/gql-0.2.0/gql/transport/requests.py", line 39, in execute
    request.raise_for_status()
  File "/usr/local/lib/python3.6/dist-packages/requests/models.py", line 943, in raise_for_status
    raise HTTPError(http_error_msg, response=self)
requests.exceptions.HTTPError: 429 Client Error: Too Many Requests for url: https://api.wandb.ai/graphql
2021-09-14 10:25:53,960 ERROR   Thread-11 :1541356 [internal_api.py:execute():130] 429 response executing GraphQL.
2021-09-14 10:25:53,961 ERROR   Thread-11 :1541356 [internal_api.py:execute():131] {"error":"rate limit exceeded"}

2021-09-14 10:25:54,221 ERROR   SenderThread:1541356 [internal_api.py:execute():130] 429 response executing GraphQL.
2021-09-14 10:25:54,221 ERROR   SenderThread:1541356 [internal_api.py:execute():131] {"error":"rate limit exceeded"}

2021-09-14 10:25:58,709 ERROR   Thread-11 :1541356 [internal_api.py:execute():130] 429 response executing GraphQL.
2021-09-14 10:25:58,710 ERROR   Thread-11 :1541356 [internal_api.py:execute():131] {"error":"rate limit exceeded"}

2021-09-14 10:25:59,007 ERROR   SenderThread:1541356 [internal_api.py:execute():130] 429 response executing GraphQL.
2021-09-14 10:25:59,007 ERROR   SenderThread:1541356 [internal_api.py:execute():131] {"error":"rate limit exceeded"}

2021-09-14 10:26:07,511 INFO    Thread-11 :1541356 [upload_job.py:push():137] Uploaded file /tmp/3287108.1.gpu_ded.q/tmphthenbzlwandb/3pbs3912-wandb-metadata.json
2021-09-14 10:26:18,887 DEBUG   SenderThread:1541356 [sender.py:send():179] send: stats
2021-09-14 10:26:22,216 DEBUG   HandlerThread:1541356 [handler.py:handle_request():124] handle_request: stop_status
2021-09-14 10:26:22,216 DEBUG   SenderThread:1541356 [sender.py:send_request():193] send_request: stop_status
2021-09-14 10:26:22,272 ERROR   SenderThread:1541356 [internal_api.py:execute():130] 429 response executing GraphQL.
2021-09-14 10:26:22,272 ERROR   SenderThread:1541356 [internal_api.py:execute():131] {"error":"rate limit exceeded"}

2021-09-14 10:26:22,853 DEBUG   HandlerThread:1541356 [handler.py:handle_request():124] handle_request: poll_exit
2021-09-14 10:26:23,386 ERROR   SenderThread:1541356 [internal_api.py:execute():130] 429 response executing GraphQL.
2021-09-14 10:26:23,386 ERROR   SenderThread:1541356 [internal_api.py:execute():131] {"error":"rate limit exceeded"}

2021-09-14 10:26:25,614 ERROR   SenderThread:1541356 [internal_api.py:execute():130] 429 response executing GraphQL.
2021-09-14 10:26:25,615 ERROR   SenderThread:1541356 [internal_api.py:execute():131] {"error":"rate limit exceeded"}

2021-09-14 10:26:25,615 ERROR   SenderThread:1541356 [retry.py:__call__():126] Retry attempt failed:
Traceback (most recent call last):
  File "/usr/local/lib/python3.6/dist-packages/wandb/sdk/lib/retry.py", line 102, in __call__
    result = self._call_fn(*args, **kwargs)
  File "/usr/local/lib/python3.6/dist-packages/wandb/sdk/internal/internal_api.py", line 133, in execute
    six.reraise(*sys.exc_info())
  File "/usr/local/lib/python3.6/dist-packages/six.py", line 719, in reraise
    raise value
  File "/usr/local/lib/python3.6/dist-packages/wandb/sdk/internal/internal_api.py", line 127, in execute
    return self.client.execute(*args, **kwargs)
  File "/usr/local/lib/python3.6/dist-packages/wandb/vendor/gql-0.2.0/gql/client.py", line 52, in execute
    result = self._get_result(document, *args, **kwargs)
  File "/usr/local/lib/python3.6/dist-packages/wandb/vendor/gql-0.2.0/gql/client.py", line 60, in _get_result
    return self.transport.execute(document, *args, **kwargs)
  File "/usr/local/lib/python3.6/dist-packages/wandb/vendor/gql-0.2.0/gql/transport/requests.py", line 39, in execute
    request.raise_for_status()
  File "/usr/local/lib/python3.6/dist-packages/requests/models.py", line 943, in raise_for_status
    raise HTTPError(http_error_msg, response=self)
requests.exceptions.HTTPError: 429 Client Error: Too Many Requests for url: https://api.wandb.ai/graphql
2021-09-14 10:26:27,954 DEBUG   HandlerThread:1541356 [handler.py:handle_request():124] handle_request: poll_exit
2021-09-14 10:26:30,403 DEBUG   SenderThread:1541356 [sender.py:send():179] send: telemetry
2021-09-14 10:26:30,403 DEBUG   SenderThread:1541356 [sender.py:send():179] send: exit
2021-09-14 10:26:30,403 INFO    SenderThread:1541356 [sender.py:send_exit():287] handling exit code: 1
2021-09-14 10:26:30,403 INFO    SenderThread:1541356 [sender.py:send_exit():295] send defer
2021-09-14 10:26:30,403 DEBUG   SenderThread:1541356 [sender.py:send_request():193] send_request: poll_exit
2021-09-14 10:26:30,403 DEBUG   SenderThread:1541356 [sender.py:send_request():193] send_request: poll_exit
2021-09-14 10:26:30,404 DEBUG   HandlerThread:1541356 [handler.py:handle_request():124] handle_request: defer
2021-09-14 10:26:30,404 INFO    HandlerThread:1541356 [handler.py:handle_request_defer():141] handle defer: 0
2021-09-14 10:26:30,404 DEBUG   SenderThread:1541356 [sender.py:send_request():193] send_request: defer
2021-09-14 10:26:30,404 INFO    SenderThread:1541356 [sender.py:send_request_defer():304] handle sender defer: 0
2021-09-14 10:26:30,404 INFO    SenderThread:1541356 [sender.py:transition_state():308] send defer: 1
2021-09-14 10:26:30,404 DEBUG   HandlerThread:1541356 [handler.py:handle_request():124] handle_request: defer
2021-09-14 10:26:30,404 INFO    HandlerThread:1541356 [handler.py:handle_request_defer():141] handle defer: 1
2021-09-14 10:26:30,512 DEBUG   SenderThread:1541356 [sender.py:send_request():193] send_request: defer
2021-09-14 10:26:30,512 DEBUG   HandlerThread:1541356 [handler.py:handle_request():124] handle_request: poll_exit
2021-09-14 10:26:30,512 INFO    SenderThread:1541356 [sender.py:send_request_defer():304] handle sender defer: 1
2021-09-14 10:26:30,513 INFO    SenderThread:1541356 [sender.py:transition_state():308] send defer: 2
2021-09-14 10:26:30,513 DEBUG   SenderThread:1541356 [sender.py:send_request():193] send_request: poll_exit
2021-09-14 10:26:30,513 DEBUG   SenderThread:1541356 [sender.py:send():179] send: stats
2021-09-14 10:26:30,513 DEBUG   HandlerThread:1541356 [handler.py:handle_request():124] handle_request: defer
2021-09-14 10:26:30,515 INFO    HandlerThread:1541356 [handler.py:handle_request_defer():141] handle defer: 2
2021-09-14 10:26:30,515 DEBUG   SenderThread:1541356 [sender.py:send_request():193] send_request: defer
2021-09-14 10:26:30,515 INFO    SenderThread:1541356 [sender.py:send_request_defer():304] handle sender defer: 2
2021-09-14 10:26:30,515 INFO    SenderThread:1541356 [sender.py:transition_state():308] send defer: 3
2021-09-14 10:26:30,516 DEBUG   HandlerThread:1541356 [handler.py:handle_request():124] handle_request: defer
2021-09-14 10:26:30,516 INFO    HandlerThread:1541356 [handler.py:handle_request_defer():141] handle defer: 3
2021-09-14 10:26:30,516 DEBUG   SenderThread:1541356 [sender.py:send():179] send: summary
2021-09-14 10:26:30,516 INFO    SenderThread:1541356 [sender.py:_save_file():841] saving file wandb-summary.json with policy end
2021-09-14 10:26:30,516 DEBUG   SenderThread:1541356 [sender.py:send_request():193] send_request: defer
2021-09-14 10:26:30,516 INFO    SenderThread:1541356 [sender.py:send_request_defer():304] handle sender defer: 3
2021-09-14 10:26:30,516 INFO    SenderThread:1541356 [sender.py:transition_state():308] send defer: 4
2021-09-14 10:26:30,517 DEBUG   HandlerThread:1541356 [handler.py:handle_request():124] handle_request: defer
2021-09-14 10:26:30,517 INFO    HandlerThread:1541356 [handler.py:handle_request_defer():141] handle defer: 4
2021-09-14 10:26:30,517 DEBUG   SenderThread:1541356 [sender.py:send_request():193] send_request: defer
2021-09-14 10:26:30,517 INFO    SenderThread:1541356 [sender.py:send_request_defer():304] handle sender defer: 4
2021-09-14 10:26:30,595 INFO    SenderThread:1541356 [sender.py:transition_state():308] send defer: 5
2021-09-14 10:26:30,595 DEBUG   HandlerThread:1541356 [handler.py:handle_request():124] handle_request: defer
2021-09-14 10:26:30,596 INFO    HandlerThread:1541356 [handler.py:handle_request_defer():141] handle defer: 5
2021-09-14 10:26:30,596 DEBUG   SenderThread:1541356 [sender.py:send_request():193] send_request: defer
2021-09-14 10:26:30,596 INFO    SenderThread:1541356 [sender.py:send_request_defer():304] handle sender defer: 5
2021-09-14 10:26:30,596 INFO    SenderThread:1541356 [dir_watcher.py:finish():282] shutting down directory watcher
2021-09-14 10:26:30,615 DEBUG   HandlerThread:1541356 [handler.py:handle_request():124] handle_request: poll_exit
2021-09-14 10:26:31,442 INFO    SenderThread:1541356 [dir_watcher.py:_on_file_modified():229] file/dir modified: /grid/koo/home/toneyan/profile/QuantPred/wandb/run-20210914_102548-durcrk1c/files/wandb-summary.json
2021-09-14 10:26:31,442 INFO    SenderThread:1541356 [dir_watcher.py:_on_file_modified():229] file/dir modified: /grid/koo/home/toneyan/profile/QuantPred/wandb/run-20210914_102548-durcrk1c/files/config.yaml
2021-09-14 10:26:31,443 INFO    SenderThread:1541356 [dir_watcher.py:finish():312] scan: /grid/koo/home/toneyan/profile/QuantPred/wandb/run-20210914_102548-durcrk1c/files
2021-09-14 10:26:31,443 INFO    SenderThread:1541356 [dir_watcher.py:finish():318] scan save: /grid/koo/home/toneyan/profile/QuantPred/wandb/run-20210914_102548-durcrk1c/files/wandb-metadata.json wandb-metadata.json
2021-09-14 10:26:31,443 INFO    SenderThread:1541356 [dir_watcher.py:finish():318] scan save: /grid/koo/home/toneyan/profile/QuantPred/wandb/run-20210914_102548-durcrk1c/files/config.yaml config.yaml
2021-09-14 10:26:31,443 INFO    SenderThread:1541356 [dir_watcher.py:finish():318] scan save: /grid/koo/home/toneyan/profile/QuantPred/wandb/run-20210914_102548-durcrk1c/files/requirements.txt requirements.txt
2021-09-14 10:26:31,443 INFO    SenderThread:1541356 [dir_watcher.py:finish():318] scan save: /grid/koo/home/toneyan/profile/QuantPred/wandb/run-20210914_102548-durcrk1c/files/wandb-summary.json wandb-summary.json
2021-09-14 10:26:31,443 INFO    SenderThread:1541356 [dir_watcher.py:finish():318] scan save: /grid/koo/home/toneyan/profile/QuantPred/wandb/run-20210914_102548-durcrk1c/files/output.log output.log
2021-09-14 10:26:31,444 INFO    SenderThread:1541356 [sender.py:transition_state():308] send defer: 6
2021-09-14 10:26:31,447 DEBUG   SenderThread:1541356 [sender.py:send_request():193] send_request: poll_exit
2021-09-14 10:26:31,450 DEBUG   HandlerThread:1541356 [handler.py:handle_request():124] handle_request: defer
2021-09-14 10:26:31,450 INFO    HandlerThread:1541356 [handler.py:handle_request_defer():141] handle defer: 6
2021-09-14 10:26:31,450 DEBUG   SenderThread:1541356 [sender.py:send_request():193] send_request: defer
2021-09-14 10:26:31,453 INFO    SenderThread:1541356 [sender.py:send_request_defer():304] handle sender defer: 6
2021-09-14 10:26:31,453 INFO    SenderThread:1541356 [file_pusher.py:finish():177] shutting down file pusher
2021-09-14 10:26:31,552 DEBUG   HandlerThread:1541356 [handler.py:handle_request():124] handle_request: poll_exit
2021-09-14 10:26:31,552 DEBUG   SenderThread:1541356 [sender.py:send_request():193] send_request: poll_exit
2021-09-14 10:26:31,654 DEBUG   HandlerThread:1541356 [handler.py:handle_request():124] handle_request: poll_exit
2021-09-14 10:26:31,654 DEBUG   SenderThread:1541356 [sender.py:send_request():193] send_request: poll_exit
2021-09-14 10:26:31,755 DEBUG   HandlerThread:1541356 [handler.py:handle_request():124] handle_request: poll_exit
2021-09-14 10:26:31,755 DEBUG   SenderThread:1541356 [sender.py:send_request():193] send_request: poll_exit
2021-09-14 10:26:31,780 INFO    Thread-12 :1541356 [upload_job.py:push():137] Uploaded file /grid/koo/home/toneyan/profile/QuantPred/wandb/run-20210914_102548-durcrk1c/files/config.yaml
2021-09-14 10:26:31,825 INFO    Thread-14 :1541356 [upload_job.py:push():137] Uploaded file /grid/koo/home/toneyan/profile/QuantPred/wandb/run-20210914_102548-durcrk1c/files/wandb-summary.json
2021-09-14 10:26:31,840 INFO    Thread-13 :1541356 [upload_job.py:push():137] Uploaded file /grid/koo/home/toneyan/profile/QuantPred/wandb/run-20210914_102548-durcrk1c/files/requirements.txt
2021-09-14 10:26:31,857 DEBUG   HandlerThread:1541356 [handler.py:handle_request():124] handle_request: poll_exit
2021-09-14 10:26:31,857 DEBUG   SenderThread:1541356 [sender.py:send_request():193] send_request: poll_exit
2021-09-14 10:26:31,958 DEBUG   HandlerThread:1541356 [handler.py:handle_request():124] handle_request: poll_exit
2021-09-14 10:26:31,958 DEBUG   SenderThread:1541356 [sender.py:send_request():193] send_request: poll_exit
2021-09-14 10:26:32,040 INFO    Thread-7  :1541356 [sender.py:transition_state():308] send defer: 7
2021-09-14 10:26:32,041 DEBUG   HandlerThread:1541356 [handler.py:handle_request():124] handle_request: defer
2021-09-14 10:26:32,041 INFO    HandlerThread:1541356 [handler.py:handle_request_defer():141] handle defer: 7
2021-09-14 10:26:32,041 DEBUG   SenderThread:1541356 [sender.py:send_request():193] send_request: defer
2021-09-14 10:26:32,041 INFO    SenderThread:1541356 [sender.py:send_request_defer():304] handle sender defer: 7
2021-09-14 10:26:32,063 DEBUG   HandlerThread:1541356 [handler.py:handle_request():124] handle_request: poll_exit
2021-09-14 10:26:32,146 INFO    SenderThread:1541356 [sender.py:transition_state():308] send defer: 8
2021-09-14 10:26:32,146 DEBUG   SenderThread:1541356 [sender.py:send_request():193] send_request: poll_exit
2021-09-14 10:26:32,147 DEBUG   HandlerThread:1541356 [handler.py:handle_request():124] handle_request: defer
2021-09-14 10:26:32,147 INFO    HandlerThread:1541356 [handler.py:handle_request_defer():141] handle defer: 8
2021-09-14 10:26:32,147 DEBUG   SenderThread:1541356 [sender.py:send_request():193] send_request: defer
2021-09-14 10:26:32,147 INFO    SenderThread:1541356 [sender.py:send_request_defer():304] handle sender defer: 8
2021-09-14 10:26:32,147 INFO    SenderThread:1541356 [sender.py:transition_state():308] send defer: 9
2021-09-14 10:26:32,148 DEBUG   SenderThread:1541356 [sender.py:send():179] send: final
2021-09-14 10:26:32,148 DEBUG   SenderThread:1541356 [sender.py:send():179] send: footer
2021-09-14 10:26:32,148 DEBUG   HandlerThread:1541356 [handler.py:handle_request():124] handle_request: defer
2021-09-14 10:26:32,148 INFO    HandlerThread:1541356 [handler.py:handle_request_defer():141] handle defer: 9
2021-09-14 10:26:32,148 DEBUG   SenderThread:1541356 [sender.py:send_request():193] send_request: defer
2021-09-14 10:26:32,148 INFO    SenderThread:1541356 [sender.py:send_request_defer():304] handle sender defer: 9
2021-09-14 10:26:32,252 DEBUG   HandlerThread:1541356 [handler.py:handle_request():124] handle_request: poll_exit
2021-09-14 10:26:32,252 DEBUG   SenderThread:1541356 [sender.py:send_request():193] send_request: poll_exit
2021-09-14 10:26:32,252 INFO    SenderThread:1541356 [file_pusher.py:join():182] waiting for file pusher
2021-09-14 10:26:32,255 DEBUG   HandlerThread:1541356 [handler.py:handle_request():124] handle_request: get_summary
2021-09-14 10:26:32,256 DEBUG   HandlerThread:1541356 [handler.py:handle_request():124] handle_request: sampled_history
2021-09-14 10:26:32,257 DEBUG   HandlerThread:1541356 [handler.py:handle_request():124] handle_request: shutdown
2021-09-14 10:26:32,257 INFO    HandlerThread:1541356 [handler.py:finish():638] shutting down handler
2021-09-14 10:26:33,148 INFO    WriterThread:1541356 [datastore.py:close():288] close: /grid/koo/home/toneyan/profile/QuantPred/wandb/run-20210914_102548-durcrk1c/run-durcrk1c.wandb
2021-09-14 10:26:33,253 INFO    SenderThread:1541356 [sender.py:finish():945] shutting down sender
2021-09-14 10:26:33,253 INFO    SenderThread:1541356 [file_pusher.py:finish():177] shutting down file pusher
2021-09-14 10:26:33,253 INFO    SenderThread:1541356 [file_pusher.py:join():182] waiting for file pusher
2021-09-14 10:26:33,254 INFO    MainThread:1541356 [internal.py:handle_exit():78] Internal process exited
