2021-09-18 12:52:47,092 INFO    MainThread:3934713 [internal.py:wandb_internal():91] W&B internal server running at pid: 3934713, started at: 2021-09-18 12:52:47.091820
2021-09-18 12:52:47,093 DEBUG   HandlerThread:3934713 [handler.py:handle_request():124] handle_request: check_version
2021-09-18 12:52:47,093 INFO    WriterThread:3934713 [datastore.py:open_for_write():80] open: /grid/koo/home/toneyan/profile/QuantPred/wandb/run-20210918_125246-xkdy8jok/run-xkdy8jok.wandb
2021-09-18 12:52:47,095 DEBUG   SenderThread:3934713 [sender.py:send():179] send: header
2021-09-18 12:52:47,095 DEBUG   SenderThread:3934713 [sender.py:send_request():193] send_request: check_version
2021-09-18 12:52:47,122 DEBUG   SenderThread:3934713 [sender.py:send():179] send: run
2021-09-18 12:52:47,213 INFO    SenderThread:3934713 [dir_watcher.py:__init__():168] watching files in: /grid/koo/home/toneyan/profile/QuantPred/wandb/run-20210918_125246-xkdy8jok/files
2021-09-18 12:52:47,213 INFO    SenderThread:3934713 [sender.py:_start_run_threads():719] run started: xkdy8jok with start time 1631983966
2021-09-18 12:52:47,213 DEBUG   SenderThread:3934713 [sender.py:send():179] send: summary
2021-09-18 12:52:47,214 DEBUG   HandlerThread:3934713 [handler.py:handle_request():124] handle_request: run_start
2021-09-18 12:52:47,214 INFO    SenderThread:3934713 [sender.py:_save_file():841] saving file wandb-summary.json with policy end
2021-09-18 12:52:48,223 INFO    Thread-8  :3934713 [dir_watcher.py:_on_file_created():216] file/dir created: /grid/koo/home/toneyan/profile/QuantPred/wandb/run-20210918_125246-xkdy8jok/files/wandb-summary.json
2021-09-18 12:52:48,424 DEBUG   HandlerThread:3934713 [meta.py:__init__():39] meta init
2021-09-18 12:52:48,424 DEBUG   HandlerThread:3934713 [meta.py:__init__():53] meta init done
2021-09-18 12:52:48,424 DEBUG   HandlerThread:3934713 [meta.py:probe():210] probe
2021-09-18 12:52:48,431 DEBUG   HandlerThread:3934713 [meta.py:_save_pip():57] save pip
2021-09-18 12:52:48,432 DEBUG   HandlerThread:3934713 [meta.py:_save_pip():71] save pip done
2021-09-18 12:52:48,432 DEBUG   HandlerThread:3934713 [meta.py:probe():252] probe done
2021-09-18 12:52:48,436 DEBUG   SenderThread:3934713 [sender.py:send():179] send: files
2021-09-18 12:52:48,436 INFO    SenderThread:3934713 [sender.py:_save_file():841] saving file wandb-metadata.json with policy now
2021-09-18 12:52:48,441 DEBUG   HandlerThread:3934713 [handler.py:handle_request():124] handle_request: stop_status
2021-09-18 12:52:48,442 DEBUG   SenderThread:3934713 [sender.py:send_request():193] send_request: stop_status
2021-09-18 12:52:48,753 INFO    Thread-11 :3934713 [upload_job.py:push():137] Uploaded file /tmp/3288855.1.gpu_ded.q/tmp91dx_z3owandb/2t79v9zu-wandb-metadata.json
2021-09-18 12:52:49,222 INFO    Thread-8  :3934713 [dir_watcher.py:_on_file_created():216] file/dir created: /grid/koo/home/toneyan/profile/QuantPred/wandb/run-20210918_125246-xkdy8jok/files/output.log
2021-09-18 12:52:49,222 INFO    Thread-8  :3934713 [dir_watcher.py:_on_file_created():216] file/dir created: /grid/koo/home/toneyan/profile/QuantPred/wandb/run-20210918_125246-xkdy8jok/files/wandb-metadata.json
2021-09-18 12:52:49,222 INFO    Thread-8  :3934713 [dir_watcher.py:_on_file_created():216] file/dir created: /grid/koo/home/toneyan/profile/QuantPred/wandb/run-20210918_125246-xkdy8jok/files/requirements.txt
2021-09-18 12:53:03,504 DEBUG   HandlerThread:3934713 [handler.py:handle_request():124] handle_request: stop_status
2021-09-18 12:53:03,504 DEBUG   SenderThread:3934713 [sender.py:send_request():193] send_request: stop_status
2021-09-18 12:53:16,839 DEBUG   SenderThread:3934713 [sender.py:send():179] send: stats
2021-09-18 12:53:18,577 DEBUG   HandlerThread:3934713 [handler.py:handle_request():124] handle_request: stop_status
2021-09-18 12:53:18,577 DEBUG   SenderThread:3934713 [sender.py:send_request():193] send_request: stop_status
2021-09-18 12:53:21,123 DEBUG   SenderThread:3934713 [sender.py:send():179] send: telemetry
2021-09-18 12:53:21,124 DEBUG   HandlerThread:3934713 [handler.py:handle_request():124] handle_request: poll_exit
2021-09-18 12:53:21,124 DEBUG   SenderThread:3934713 [sender.py:send():179] send: exit
2021-09-18 12:53:21,124 INFO    SenderThread:3934713 [sender.py:send_exit():287] handling exit code: 1
2021-09-18 12:53:21,124 INFO    SenderThread:3934713 [sender.py:send_exit():295] send defer
2021-09-18 12:53:21,124 DEBUG   SenderThread:3934713 [sender.py:send_request():193] send_request: poll_exit
2021-09-18 12:53:21,124 DEBUG   HandlerThread:3934713 [handler.py:handle_request():124] handle_request: defer
2021-09-18 12:53:21,125 INFO    HandlerThread:3934713 [handler.py:handle_request_defer():141] handle defer: 0
2021-09-18 12:53:21,125 DEBUG   SenderThread:3934713 [sender.py:send_request():193] send_request: defer
2021-09-18 12:53:21,125 INFO    SenderThread:3934713 [sender.py:send_request_defer():304] handle sender defer: 0
2021-09-18 12:53:21,125 INFO    SenderThread:3934713 [sender.py:transition_state():308] send defer: 1
2021-09-18 12:53:21,125 DEBUG   HandlerThread:3934713 [handler.py:handle_request():124] handle_request: defer
2021-09-18 12:53:21,125 INFO    HandlerThread:3934713 [handler.py:handle_request_defer():141] handle defer: 1
2021-09-18 12:53:21,205 DEBUG   SenderThread:3934713 [sender.py:send_request():193] send_request: defer
2021-09-18 12:53:21,205 INFO    SenderThread:3934713 [sender.py:send_request_defer():304] handle sender defer: 1
2021-09-18 12:53:21,205 INFO    SenderThread:3934713 [sender.py:transition_state():308] send defer: 2
2021-09-18 12:53:21,206 DEBUG   SenderThread:3934713 [sender.py:send():179] send: stats
2021-09-18 12:53:21,206 DEBUG   HandlerThread:3934713 [handler.py:handle_request():124] handle_request: defer
2021-09-18 12:53:21,207 INFO    HandlerThread:3934713 [handler.py:handle_request_defer():141] handle defer: 2
2021-09-18 12:53:21,208 DEBUG   SenderThread:3934713 [sender.py:send_request():193] send_request: defer
2021-09-18 12:53:21,208 INFO    SenderThread:3934713 [sender.py:send_request_defer():304] handle sender defer: 2
2021-09-18 12:53:21,208 INFO    SenderThread:3934713 [sender.py:transition_state():308] send defer: 3
2021-09-18 12:53:21,208 DEBUG   HandlerThread:3934713 [handler.py:handle_request():124] handle_request: defer
2021-09-18 12:53:21,208 INFO    HandlerThread:3934713 [handler.py:handle_request_defer():141] handle defer: 3
2021-09-18 12:53:21,208 DEBUG   SenderThread:3934713 [sender.py:send():179] send: summary
2021-09-18 12:53:21,209 INFO    SenderThread:3934713 [sender.py:_save_file():841] saving file wandb-summary.json with policy end
2021-09-18 12:53:21,209 DEBUG   SenderThread:3934713 [sender.py:send_request():193] send_request: defer
2021-09-18 12:53:21,209 INFO    SenderThread:3934713 [sender.py:send_request_defer():304] handle sender defer: 3
2021-09-18 12:53:21,209 INFO    SenderThread:3934713 [sender.py:transition_state():308] send defer: 4
2021-09-18 12:53:21,209 DEBUG   HandlerThread:3934713 [handler.py:handle_request():124] handle_request: defer
2021-09-18 12:53:21,209 INFO    HandlerThread:3934713 [handler.py:handle_request_defer():141] handle defer: 4
2021-09-18 12:53:21,209 DEBUG   SenderThread:3934713 [sender.py:send_request():193] send_request: defer
2021-09-18 12:53:21,209 INFO    SenderThread:3934713 [sender.py:send_request_defer():304] handle sender defer: 4
2021-09-18 12:53:21,226 DEBUG   HandlerThread:3934713 [handler.py:handle_request():124] handle_request: poll_exit
2021-09-18 12:53:21,232 INFO    Thread-8  :3934713 [dir_watcher.py:_on_file_modified():229] file/dir modified: /grid/koo/home/toneyan/profile/QuantPred/wandb/run-20210918_125246-xkdy8jok/files/wandb-summary.json
2021-09-18 12:53:21,264 ERROR   SenderThread:3934713 [internal_api.py:execute():130] 429 response executing GraphQL.
2021-09-18 12:53:21,264 ERROR   SenderThread:3934713 [internal_api.py:execute():131] {"error":"rate limit exceeded"}

2021-09-18 12:53:22,554 ERROR   SenderThread:3934713 [internal_api.py:execute():130] 429 response executing GraphQL.
2021-09-18 12:53:22,555 ERROR   SenderThread:3934713 [internal_api.py:execute():131] {"error":"rate limit exceeded"}

2021-09-18 12:53:25,041 ERROR   SenderThread:3934713 [internal_api.py:execute():130] 429 response executing GraphQL.
2021-09-18 12:53:25,041 ERROR   SenderThread:3934713 [internal_api.py:execute():131] {"error":"rate limit exceeded"}

2021-09-18 12:53:25,041 ERROR   SenderThread:3934713 [retry.py:__call__():126] Retry attempt failed:
Traceback (most recent call last):
  File "/usr/local/lib/python3.6/dist-packages/wandb/sdk/lib/retry.py", line 102, in __call__
    result = self._call_fn(*args, **kwargs)
  File "/usr/local/lib/python3.6/dist-packages/wandb/sdk/internal/internal_api.py", line 133, in execute
    six.reraise(*sys.exc_info())
  File "/usr/local/lib/python3.6/dist-packages/six.py", line 719, in reraise
    raise value
  File "/usr/local/lib/python3.6/dist-packages/wandb/sdk/internal/internal_api.py", line 127, in execute
    return self.client.execute(*args, **kwargs)
  File "/usr/local/lib/python3.6/dist-packages/wandb/vendor/gql-0.2.0/gql/client.py", line 52, in execute
    result = self._get_result(document, *args, **kwargs)
  File "/usr/local/lib/python3.6/dist-packages/wandb/vendor/gql-0.2.0/gql/client.py", line 60, in _get_result
    return self.transport.execute(document, *args, **kwargs)
  File "/usr/local/lib/python3.6/dist-packages/wandb/vendor/gql-0.2.0/gql/transport/requests.py", line 39, in execute
    request.raise_for_status()
  File "/usr/local/lib/python3.6/dist-packages/requests/models.py", line 943, in raise_for_status
    raise HTTPError(http_error_msg, response=self)
requests.exceptions.HTTPError: 429 Client Error: Too Many Requests for url: https://api.wandb.ai/graphql
2021-09-18 12:53:26,326 DEBUG   HandlerThread:3934713 [handler.py:handle_request():124] handle_request: poll_exit
2021-09-18 12:53:29,531 ERROR   SenderThread:3934713 [internal_api.py:execute():130] 429 response executing GraphQL.
2021-09-18 12:53:29,531 ERROR   SenderThread:3934713 [internal_api.py:execute():131] {"error":"rate limit exceeded"}

2021-09-18 12:53:31,427 DEBUG   HandlerThread:3934713 [handler.py:handle_request():124] handle_request: poll_exit
2021-09-18 12:53:36,528 DEBUG   HandlerThread:3934713 [handler.py:handle_request():124] handle_request: poll_exit
2021-09-18 12:53:38,512 INFO    SenderThread:3934713 [sender.py:transition_state():308] send defer: 5
2021-09-18 12:53:38,512 DEBUG   SenderThread:3934713 [sender.py:send_request():193] send_request: poll_exit
2021-09-18 12:53:38,512 DEBUG   SenderThread:3934713 [sender.py:send_request():193] send_request: poll_exit
2021-09-18 12:53:38,512 DEBUG   HandlerThread:3934713 [handler.py:handle_request():124] handle_request: defer
2021-09-18 12:53:38,512 DEBUG   SenderThread:3934713 [sender.py:send_request():193] send_request: poll_exit
2021-09-18 12:53:38,513 INFO    HandlerThread:3934713 [handler.py:handle_request_defer():141] handle defer: 5
2021-09-18 12:53:38,513 DEBUG   SenderThread:3934713 [sender.py:send_request():193] send_request: poll_exit
2021-09-18 12:53:38,513 DEBUG   SenderThread:3934713 [sender.py:send_request():193] send_request: defer
2021-09-18 12:53:38,513 INFO    SenderThread:3934713 [sender.py:send_request_defer():304] handle sender defer: 5
2021-09-18 12:53:38,513 INFO    SenderThread:3934713 [dir_watcher.py:finish():282] shutting down directory watcher
2021-09-18 12:53:38,615 DEBUG   HandlerThread:3934713 [handler.py:handle_request():124] handle_request: poll_exit
2021-09-18 12:53:39,235 INFO    SenderThread:3934713 [dir_watcher.py:_on_file_modified():229] file/dir modified: /grid/koo/home/toneyan/profile/QuantPred/wandb/run-20210918_125246-xkdy8jok/files/config.yaml
2021-09-18 12:53:39,235 INFO    SenderThread:3934713 [dir_watcher.py:finish():312] scan: /grid/koo/home/toneyan/profile/QuantPred/wandb/run-20210918_125246-xkdy8jok/files
2021-09-18 12:53:39,235 INFO    SenderThread:3934713 [dir_watcher.py:finish():318] scan save: /grid/koo/home/toneyan/profile/QuantPred/wandb/run-20210918_125246-xkdy8jok/files/wandb-metadata.json wandb-metadata.json
2021-09-18 12:53:39,236 INFO    SenderThread:3934713 [dir_watcher.py:finish():318] scan save: /grid/koo/home/toneyan/profile/QuantPred/wandb/run-20210918_125246-xkdy8jok/files/config.yaml config.yaml
2021-09-18 12:53:39,236 INFO    SenderThread:3934713 [dir_watcher.py:finish():318] scan save: /grid/koo/home/toneyan/profile/QuantPred/wandb/run-20210918_125246-xkdy8jok/files/requirements.txt requirements.txt
2021-09-18 12:53:39,239 INFO    SenderThread:3934713 [dir_watcher.py:finish():318] scan save: /grid/koo/home/toneyan/profile/QuantPred/wandb/run-20210918_125246-xkdy8jok/files/wandb-summary.json wandb-summary.json
2021-09-18 12:53:39,239 INFO    SenderThread:3934713 [dir_watcher.py:finish():318] scan save: /grid/koo/home/toneyan/profile/QuantPred/wandb/run-20210918_125246-xkdy8jok/files/output.log output.log
2021-09-18 12:53:39,242 INFO    SenderThread:3934713 [sender.py:transition_state():308] send defer: 6
2021-09-18 12:53:39,243 DEBUG   SenderThread:3934713 [sender.py:send_request():193] send_request: poll_exit
2021-09-18 12:53:39,248 DEBUG   HandlerThread:3934713 [handler.py:handle_request():124] handle_request: defer
2021-09-18 12:53:39,248 INFO    HandlerThread:3934713 [handler.py:handle_request_defer():141] handle defer: 6
2021-09-18 12:53:39,248 DEBUG   SenderThread:3934713 [sender.py:send_request():193] send_request: defer
2021-09-18 12:53:39,249 INFO    SenderThread:3934713 [sender.py:send_request_defer():304] handle sender defer: 6
2021-09-18 12:53:39,249 INFO    SenderThread:3934713 [file_pusher.py:finish():177] shutting down file pusher
2021-09-18 12:53:39,296 ERROR   Thread-12 :3934713 [internal_api.py:execute():130] 429 response executing GraphQL.
2021-09-18 12:53:39,296 ERROR   Thread-12 :3934713 [internal_api.py:execute():131] {"error":"rate limit exceeded"}

2021-09-18 12:53:39,301 ERROR   Thread-13 :3934713 [internal_api.py:execute():130] 429 response executing GraphQL.
2021-09-18 12:53:39,301 ERROR   Thread-13 :3934713 [internal_api.py:execute():131] {"error":"rate limit exceeded"}

2021-09-18 12:53:39,304 ERROR   Thread-14 :3934713 [internal_api.py:execute():130] 429 response executing GraphQL.
2021-09-18 12:53:39,304 ERROR   Thread-14 :3934713 [internal_api.py:execute():131] {"error":"rate limit exceeded"}

2021-09-18 12:53:39,353 DEBUG   HandlerThread:3934713 [handler.py:handle_request():124] handle_request: poll_exit
2021-09-18 12:53:39,353 DEBUG   SenderThread:3934713 [sender.py:send_request():193] send_request: poll_exit
2021-09-18 12:53:39,454 DEBUG   HandlerThread:3934713 [handler.py:handle_request():124] handle_request: poll_exit
2021-09-18 12:53:39,455 DEBUG   SenderThread:3934713 [sender.py:send_request():193] send_request: poll_exit
2021-09-18 12:53:39,556 DEBUG   HandlerThread:3934713 [handler.py:handle_request():124] handle_request: poll_exit
2021-09-18 12:53:39,556 DEBUG   SenderThread:3934713 [sender.py:send_request():193] send_request: poll_exit
2021-09-18 12:53:39,658 DEBUG   HandlerThread:3934713 [handler.py:handle_request():124] handle_request: poll_exit
2021-09-18 12:53:39,658 DEBUG   SenderThread:3934713 [sender.py:send_request():193] send_request: poll_exit
2021-09-18 12:53:39,759 DEBUG   HandlerThread:3934713 [handler.py:handle_request():124] handle_request: poll_exit
2021-09-18 12:53:39,760 DEBUG   SenderThread:3934713 [sender.py:send_request():193] send_request: poll_exit
2021-09-18 12:53:39,861 DEBUG   HandlerThread:3934713 [handler.py:handle_request():124] handle_request: poll_exit
2021-09-18 12:53:39,862 DEBUG   SenderThread:3934713 [sender.py:send_request():193] send_request: poll_exit
2021-09-18 12:53:39,963 DEBUG   HandlerThread:3934713 [handler.py:handle_request():124] handle_request: poll_exit
2021-09-18 12:53:39,963 DEBUG   SenderThread:3934713 [sender.py:send_request():193] send_request: poll_exit
2021-09-18 12:53:40,065 DEBUG   HandlerThread:3934713 [handler.py:handle_request():124] handle_request: poll_exit
2021-09-18 12:53:40,065 DEBUG   SenderThread:3934713 [sender.py:send_request():193] send_request: poll_exit
2021-09-18 12:53:40,167 DEBUG   HandlerThread:3934713 [handler.py:handle_request():124] handle_request: poll_exit
2021-09-18 12:53:40,167 DEBUG   SenderThread:3934713 [sender.py:send_request():193] send_request: poll_exit
2021-09-18 12:53:40,269 DEBUG   HandlerThread:3934713 [handler.py:handle_request():124] handle_request: poll_exit
2021-09-18 12:53:40,269 DEBUG   SenderThread:3934713 [sender.py:send_request():193] send_request: poll_exit
2021-09-18 12:53:40,373 DEBUG   HandlerThread:3934713 [handler.py:handle_request():124] handle_request: poll_exit
2021-09-18 12:53:40,373 DEBUG   SenderThread:3934713 [sender.py:send_request():193] send_request: poll_exit
2021-09-18 12:53:40,423 ERROR   Thread-14 :3934713 [internal_api.py:execute():130] 429 response executing GraphQL.
2021-09-18 12:53:40,423 ERROR   Thread-14 :3934713 [internal_api.py:execute():131] {"error":"rate limit exceeded"}

2021-09-18 12:53:40,424 ERROR   Thread-14 :3934713 [retry.py:__call__():126] Retry attempt failed:
Traceback (most recent call last):
  File "/usr/local/lib/python3.6/dist-packages/wandb/sdk/lib/retry.py", line 102, in __call__
    result = self._call_fn(*args, **kwargs)
  File "/usr/local/lib/python3.6/dist-packages/wandb/sdk/internal/internal_api.py", line 133, in execute
    six.reraise(*sys.exc_info())
  File "/usr/local/lib/python3.6/dist-packages/six.py", line 719, in reraise
    raise value
  File "/usr/local/lib/python3.6/dist-packages/wandb/sdk/internal/internal_api.py", line 127, in execute
    return self.client.execute(*args, **kwargs)
  File "/usr/local/lib/python3.6/dist-packages/wandb/vendor/gql-0.2.0/gql/client.py", line 52, in execute
    result = self._get_result(document, *args, **kwargs)
  File "/usr/local/lib/python3.6/dist-packages/wandb/vendor/gql-0.2.0/gql/client.py", line 60, in _get_result
    return self.transport.execute(document, *args, **kwargs)
  File "/usr/local/lib/python3.6/dist-packages/wandb/vendor/gql-0.2.0/gql/transport/requests.py", line 39, in execute
    request.raise_for_status()
  File "/usr/local/lib/python3.6/dist-packages/requests/models.py", line 943, in raise_for_status
    raise HTTPError(http_error_msg, response=self)
requests.exceptions.HTTPError: 429 Client Error: Too Many Requests for url: https://api.wandb.ai/graphql
2021-09-18 12:53:40,425 ERROR   Thread-13 :3934713 [internal_api.py:execute():130] 429 response executing GraphQL.
2021-09-18 12:53:40,425 ERROR   Thread-13 :3934713 [internal_api.py:execute():131] {"error":"rate limit exceeded"}

2021-09-18 12:53:40,425 ERROR   Thread-13 :3934713 [retry.py:__call__():126] Retry attempt failed:
Traceback (most recent call last):
  File "/usr/local/lib/python3.6/dist-packages/wandb/sdk/lib/retry.py", line 102, in __call__
    result = self._call_fn(*args, **kwargs)
  File "/usr/local/lib/python3.6/dist-packages/wandb/sdk/internal/internal_api.py", line 133, in execute
    six.reraise(*sys.exc_info())
  File "/usr/local/lib/python3.6/dist-packages/six.py", line 719, in reraise
    raise value
  File "/usr/local/lib/python3.6/dist-packages/wandb/sdk/internal/internal_api.py", line 127, in execute
    return self.client.execute(*args, **kwargs)
  File "/usr/local/lib/python3.6/dist-packages/wandb/vendor/gql-0.2.0/gql/client.py", line 52, in execute
    result = self._get_result(document, *args, **kwargs)
  File "/usr/local/lib/python3.6/dist-packages/wandb/vendor/gql-0.2.0/gql/client.py", line 60, in _get_result
    return self.transport.execute(document, *args, **kwargs)
  File "/usr/local/lib/python3.6/dist-packages/wandb/vendor/gql-0.2.0/gql/transport/requests.py", line 39, in execute
    request.raise_for_status()
  File "/usr/local/lib/python3.6/dist-packages/requests/models.py", line 943, in raise_for_status
    raise HTTPError(http_error_msg, response=self)
requests.exceptions.HTTPError: 429 Client Error: Too Many Requests for url: https://api.wandb.ai/graphql
2021-09-18 12:53:40,474 DEBUG   HandlerThread:3934713 [handler.py:handle_request():124] handle_request: poll_exit
2021-09-18 12:53:40,475 DEBUG   SenderThread:3934713 [sender.py:send_request():193] send_request: poll_exit
2021-09-18 12:53:40,562 ERROR   Thread-12 :3934713 [internal_api.py:execute():130] 429 response executing GraphQL.
2021-09-18 12:53:40,562 ERROR   Thread-12 :3934713 [internal_api.py:execute():131] {"error":"rate limit exceeded"}

2021-09-18 12:53:40,576 DEBUG   HandlerThread:3934713 [handler.py:handle_request():124] handle_request: poll_exit
2021-09-18 12:53:40,576 DEBUG   SenderThread:3934713 [sender.py:send_request():193] send_request: poll_exit
2021-09-18 12:53:40,678 DEBUG   HandlerThread:3934713 [handler.py:handle_request():124] handle_request: poll_exit
2021-09-18 12:53:40,678 DEBUG   SenderThread:3934713 [sender.py:send_request():193] send_request: poll_exit
2021-09-18 12:53:40,780 DEBUG   HandlerThread:3934713 [handler.py:handle_request():124] handle_request: poll_exit
2021-09-18 12:53:40,780 DEBUG   SenderThread:3934713 [sender.py:send_request():193] send_request: poll_exit
2021-09-18 12:53:40,882 DEBUG   HandlerThread:3934713 [handler.py:handle_request():124] handle_request: poll_exit
2021-09-18 12:53:40,882 DEBUG   SenderThread:3934713 [sender.py:send_request():193] send_request: poll_exit
2021-09-18 12:53:40,984 DEBUG   HandlerThread:3934713 [handler.py:handle_request():124] handle_request: poll_exit
2021-09-18 12:53:40,984 DEBUG   SenderThread:3934713 [sender.py:send_request():193] send_request: poll_exit
2021-09-18 12:53:41,085 DEBUG   HandlerThread:3934713 [handler.py:handle_request():124] handle_request: poll_exit
2021-09-18 12:53:41,086 DEBUG   SenderThread:3934713 [sender.py:send_request():193] send_request: poll_exit
2021-09-18 12:53:41,187 DEBUG   HandlerThread:3934713 [handler.py:handle_request():124] handle_request: poll_exit
2021-09-18 12:53:41,188 DEBUG   SenderThread:3934713 [sender.py:send_request():193] send_request: poll_exit
2021-09-18 12:53:41,289 DEBUG   HandlerThread:3934713 [handler.py:handle_request():124] handle_request: poll_exit
2021-09-18 12:53:41,289 DEBUG   SenderThread:3934713 [sender.py:send_request():193] send_request: poll_exit
2021-09-18 12:53:41,391 DEBUG   HandlerThread:3934713 [handler.py:handle_request():124] handle_request: poll_exit
2021-09-18 12:53:41,391 DEBUG   SenderThread:3934713 [sender.py:send_request():193] send_request: poll_exit
2021-09-18 12:53:41,493 DEBUG   HandlerThread:3934713 [handler.py:handle_request():124] handle_request: poll_exit
2021-09-18 12:53:41,493 DEBUG   SenderThread:3934713 [sender.py:send_request():193] send_request: poll_exit
2021-09-18 12:53:41,595 DEBUG   HandlerThread:3934713 [handler.py:handle_request():124] handle_request: poll_exit
2021-09-18 12:53:41,595 DEBUG   SenderThread:3934713 [sender.py:send_request():193] send_request: poll_exit
2021-09-18 12:53:41,697 DEBUG   HandlerThread:3934713 [handler.py:handle_request():124] handle_request: poll_exit
2021-09-18 12:53:41,697 DEBUG   SenderThread:3934713 [sender.py:send_request():193] send_request: poll_exit
2021-09-18 12:53:41,799 DEBUG   HandlerThread:3934713 [handler.py:handle_request():124] handle_request: poll_exit
2021-09-18 12:53:41,800 DEBUG   SenderThread:3934713 [sender.py:send_request():193] send_request: poll_exit
2021-09-18 12:53:41,901 DEBUG   HandlerThread:3934713 [handler.py:handle_request():124] handle_request: poll_exit
2021-09-18 12:53:41,901 DEBUG   SenderThread:3934713 [sender.py:send_request():193] send_request: poll_exit
2021-09-18 12:53:42,003 DEBUG   HandlerThread:3934713 [handler.py:handle_request():124] handle_request: poll_exit
2021-09-18 12:53:42,003 DEBUG   SenderThread:3934713 [sender.py:send_request():193] send_request: poll_exit
2021-09-18 12:53:42,105 DEBUG   HandlerThread:3934713 [handler.py:handle_request():124] handle_request: poll_exit
2021-09-18 12:53:42,105 DEBUG   SenderThread:3934713 [sender.py:send_request():193] send_request: poll_exit
2021-09-18 12:53:42,206 DEBUG   HandlerThread:3934713 [handler.py:handle_request():124] handle_request: poll_exit
2021-09-18 12:53:42,207 DEBUG   SenderThread:3934713 [sender.py:send_request():193] send_request: poll_exit
2021-09-18 12:53:42,308 DEBUG   HandlerThread:3934713 [handler.py:handle_request():124] handle_request: poll_exit
2021-09-18 12:53:42,309 DEBUG   SenderThread:3934713 [sender.py:send_request():193] send_request: poll_exit
2021-09-18 12:53:42,410 DEBUG   HandlerThread:3934713 [handler.py:handle_request():124] handle_request: poll_exit
2021-09-18 12:53:42,410 DEBUG   SenderThread:3934713 [sender.py:send_request():193] send_request: poll_exit
2021-09-18 12:53:42,512 DEBUG   HandlerThread:3934713 [handler.py:handle_request():124] handle_request: poll_exit
2021-09-18 12:53:42,512 DEBUG   SenderThread:3934713 [sender.py:send_request():193] send_request: poll_exit
2021-09-18 12:53:42,613 DEBUG   HandlerThread:3934713 [handler.py:handle_request():124] handle_request: poll_exit
2021-09-18 12:53:42,614 DEBUG   SenderThread:3934713 [sender.py:send_request():193] send_request: poll_exit
2021-09-18 12:53:42,642 ERROR   Thread-14 :3934713 [internal_api.py:execute():130] 429 response executing GraphQL.
2021-09-18 12:53:42,642 ERROR   Thread-14 :3934713 [internal_api.py:execute():131] {"error":"rate limit exceeded"}

2021-09-18 12:53:42,715 DEBUG   HandlerThread:3934713 [handler.py:handle_request():124] handle_request: poll_exit
2021-09-18 12:53:42,715 DEBUG   SenderThread:3934713 [sender.py:send_request():193] send_request: poll_exit
2021-09-18 12:53:42,780 ERROR   Thread-12 :3934713 [internal_api.py:execute():130] 429 response executing GraphQL.
2021-09-18 12:53:42,781 ERROR   Thread-12 :3934713 [internal_api.py:execute():131] {"error":"rate limit exceeded"}

2021-09-18 12:53:42,813 ERROR   Thread-13 :3934713 [internal_api.py:execute():130] 429 response executing GraphQL.
2021-09-18 12:53:42,814 ERROR   Thread-13 :3934713 [internal_api.py:execute():131] {"error":"rate limit exceeded"}

2021-09-18 12:53:42,820 DEBUG   HandlerThread:3934713 [handler.py:handle_request():124] handle_request: poll_exit
2021-09-18 12:53:42,820 DEBUG   SenderThread:3934713 [sender.py:send_request():193] send_request: poll_exit
2021-09-18 12:53:42,925 DEBUG   HandlerThread:3934713 [handler.py:handle_request():124] handle_request: poll_exit
2021-09-18 12:53:42,926 DEBUG   SenderThread:3934713 [sender.py:send_request():193] send_request: poll_exit
2021-09-18 12:53:43,030 DEBUG   HandlerThread:3934713 [handler.py:handle_request():124] handle_request: poll_exit
2021-09-18 12:53:43,030 DEBUG   SenderThread:3934713 [sender.py:send_request():193] send_request: poll_exit
2021-09-18 12:53:43,134 DEBUG   HandlerThread:3934713 [handler.py:handle_request():124] handle_request: poll_exit
2021-09-18 12:53:43,135 DEBUG   SenderThread:3934713 [sender.py:send_request():193] send_request: poll_exit
2021-09-18 12:53:43,240 DEBUG   HandlerThread:3934713 [handler.py:handle_request():124] handle_request: poll_exit
2021-09-18 12:53:43,240 DEBUG   SenderThread:3934713 [sender.py:send_request():193] send_request: poll_exit
2021-09-18 12:53:43,342 DEBUG   HandlerThread:3934713 [handler.py:handle_request():124] handle_request: poll_exit
2021-09-18 12:53:43,342 DEBUG   SenderThread:3934713 [sender.py:send_request():193] send_request: poll_exit
2021-09-18 12:53:43,443 DEBUG   HandlerThread:3934713 [handler.py:handle_request():124] handle_request: poll_exit
2021-09-18 12:53:43,444 DEBUG   SenderThread:3934713 [sender.py:send_request():193] send_request: poll_exit
2021-09-18 12:53:43,545 DEBUG   HandlerThread:3934713 [handler.py:handle_request():124] handle_request: poll_exit
2021-09-18 12:53:43,546 DEBUG   SenderThread:3934713 [sender.py:send_request():193] send_request: poll_exit
2021-09-18 12:53:43,647 DEBUG   HandlerThread:3934713 [handler.py:handle_request():124] handle_request: poll_exit
2021-09-18 12:53:43,647 DEBUG   SenderThread:3934713 [sender.py:send_request():193] send_request: poll_exit
2021-09-18 12:53:43,749 DEBUG   HandlerThread:3934713 [handler.py:handle_request():124] handle_request: poll_exit
2021-09-18 12:53:43,749 DEBUG   SenderThread:3934713 [sender.py:send_request():193] send_request: poll_exit
2021-09-18 12:53:43,851 DEBUG   HandlerThread:3934713 [handler.py:handle_request():124] handle_request: poll_exit
2021-09-18 12:53:43,851 DEBUG   SenderThread:3934713 [sender.py:send_request():193] send_request: poll_exit
2021-09-18 12:53:43,953 DEBUG   HandlerThread:3934713 [handler.py:handle_request():124] handle_request: poll_exit
2021-09-18 12:53:43,953 DEBUG   SenderThread:3934713 [sender.py:send_request():193] send_request: poll_exit
2021-09-18 12:53:44,055 DEBUG   HandlerThread:3934713 [handler.py:handle_request():124] handle_request: poll_exit
2021-09-18 12:53:44,055 DEBUG   SenderThread:3934713 [sender.py:send_request():193] send_request: poll_exit
2021-09-18 12:53:44,156 DEBUG   HandlerThread:3934713 [handler.py:handle_request():124] handle_request: poll_exit
2021-09-18 12:53:44,157 DEBUG   SenderThread:3934713 [sender.py:send_request():193] send_request: poll_exit
2021-09-18 12:53:44,258 DEBUG   HandlerThread:3934713 [handler.py:handle_request():124] handle_request: poll_exit
2021-09-18 12:53:44,259 DEBUG   SenderThread:3934713 [sender.py:send_request():193] send_request: poll_exit
2021-09-18 12:53:44,360 DEBUG   HandlerThread:3934713 [handler.py:handle_request():124] handle_request: poll_exit
2021-09-18 12:53:44,361 DEBUG   SenderThread:3934713 [sender.py:send_request():193] send_request: poll_exit
2021-09-18 12:53:44,462 DEBUG   HandlerThread:3934713 [handler.py:handle_request():124] handle_request: poll_exit
2021-09-18 12:53:44,462 DEBUG   SenderThread:3934713 [sender.py:send_request():193] send_request: poll_exit
2021-09-18 12:53:44,564 DEBUG   HandlerThread:3934713 [handler.py:handle_request():124] handle_request: poll_exit
2021-09-18 12:53:44,564 DEBUG   SenderThread:3934713 [sender.py:send_request():193] send_request: poll_exit
2021-09-18 12:53:44,666 DEBUG   HandlerThread:3934713 [handler.py:handle_request():124] handle_request: poll_exit
2021-09-18 12:53:44,666 DEBUG   SenderThread:3934713 [sender.py:send_request():193] send_request: poll_exit
2021-09-18 12:53:44,767 DEBUG   HandlerThread:3934713 [handler.py:handle_request():124] handle_request: poll_exit
2021-09-18 12:53:44,768 DEBUG   SenderThread:3934713 [sender.py:send_request():193] send_request: poll_exit
2021-09-18 12:53:44,869 DEBUG   HandlerThread:3934713 [handler.py:handle_request():124] handle_request: poll_exit
2021-09-18 12:53:44,869 DEBUG   SenderThread:3934713 [sender.py:send_request():193] send_request: poll_exit
2021-09-18 12:53:44,971 DEBUG   HandlerThread:3934713 [handler.py:handle_request():124] handle_request: poll_exit
2021-09-18 12:53:44,971 DEBUG   SenderThread:3934713 [sender.py:send_request():193] send_request: poll_exit
2021-09-18 12:53:45,073 DEBUG   HandlerThread:3934713 [handler.py:handle_request():124] handle_request: poll_exit
2021-09-18 12:53:45,073 DEBUG   SenderThread:3934713 [sender.py:send_request():193] send_request: poll_exit
2021-09-18 12:53:45,175 DEBUG   HandlerThread:3934713 [handler.py:handle_request():124] handle_request: poll_exit
2021-09-18 12:53:45,175 DEBUG   SenderThread:3934713 [sender.py:send_request():193] send_request: poll_exit
2021-09-18 12:53:45,277 DEBUG   HandlerThread:3934713 [handler.py:handle_request():124] handle_request: poll_exit
2021-09-18 12:53:45,277 DEBUG   SenderThread:3934713 [sender.py:send_request():193] send_request: poll_exit
2021-09-18 12:53:45,379 DEBUG   HandlerThread:3934713 [handler.py:handle_request():124] handle_request: poll_exit
2021-09-18 12:53:45,379 DEBUG   SenderThread:3934713 [sender.py:send_request():193] send_request: poll_exit
2021-09-18 12:53:45,480 DEBUG   HandlerThread:3934713 [handler.py:handle_request():124] handle_request: poll_exit
2021-09-18 12:53:45,481 DEBUG   SenderThread:3934713 [sender.py:send_request():193] send_request: poll_exit
2021-09-18 12:53:45,582 DEBUG   HandlerThread:3934713 [handler.py:handle_request():124] handle_request: poll_exit
2021-09-18 12:53:45,583 DEBUG   SenderThread:3934713 [sender.py:send_request():193] send_request: poll_exit
2021-09-18 12:53:45,684 DEBUG   HandlerThread:3934713 [handler.py:handle_request():124] handle_request: poll_exit
2021-09-18 12:53:45,685 DEBUG   SenderThread:3934713 [sender.py:send_request():193] send_request: poll_exit
2021-09-18 12:53:45,786 DEBUG   HandlerThread:3934713 [handler.py:handle_request():124] handle_request: poll_exit
2021-09-18 12:53:45,786 DEBUG   SenderThread:3934713 [sender.py:send_request():193] send_request: poll_exit
2021-09-18 12:53:45,888 DEBUG   HandlerThread:3934713 [handler.py:handle_request():124] handle_request: poll_exit
2021-09-18 12:53:45,888 DEBUG   SenderThread:3934713 [sender.py:send_request():193] send_request: poll_exit
2021-09-18 12:53:45,990 DEBUG   HandlerThread:3934713 [handler.py:handle_request():124] handle_request: poll_exit
2021-09-18 12:53:45,991 DEBUG   SenderThread:3934713 [sender.py:send_request():193] send_request: poll_exit
2021-09-18 12:53:46,092 DEBUG   HandlerThread:3934713 [handler.py:handle_request():124] handle_request: poll_exit
2021-09-18 12:53:46,093 DEBUG   SenderThread:3934713 [sender.py:send_request():193] send_request: poll_exit
2021-09-18 12:53:46,194 DEBUG   HandlerThread:3934713 [handler.py:handle_request():124] handle_request: poll_exit
2021-09-18 12:53:46,195 DEBUG   SenderThread:3934713 [sender.py:send_request():193] send_request: poll_exit
2021-09-18 12:53:46,296 DEBUG   HandlerThread:3934713 [handler.py:handle_request():124] handle_request: poll_exit
2021-09-18 12:53:46,296 DEBUG   SenderThread:3934713 [sender.py:send_request():193] send_request: poll_exit
2021-09-18 12:53:46,398 DEBUG   HandlerThread:3934713 [handler.py:handle_request():124] handle_request: poll_exit
2021-09-18 12:53:46,399 DEBUG   SenderThread:3934713 [sender.py:send_request():193] send_request: poll_exit
2021-09-18 12:53:46,500 DEBUG   HandlerThread:3934713 [handler.py:handle_request():124] handle_request: poll_exit
2021-09-18 12:53:46,501 DEBUG   SenderThread:3934713 [sender.py:send_request():193] send_request: poll_exit
2021-09-18 12:53:46,602 DEBUG   HandlerThread:3934713 [handler.py:handle_request():124] handle_request: poll_exit
2021-09-18 12:53:46,603 DEBUG   SenderThread:3934713 [sender.py:send_request():193] send_request: poll_exit
2021-09-18 12:53:46,704 DEBUG   HandlerThread:3934713 [handler.py:handle_request():124] handle_request: poll_exit
2021-09-18 12:53:46,705 DEBUG   SenderThread:3934713 [sender.py:send_request():193] send_request: poll_exit
2021-09-18 12:53:46,806 DEBUG   HandlerThread:3934713 [handler.py:handle_request():124] handle_request: poll_exit
2021-09-18 12:53:46,807 DEBUG   SenderThread:3934713 [sender.py:send_request():193] send_request: poll_exit
2021-09-18 12:53:46,908 DEBUG   HandlerThread:3934713 [handler.py:handle_request():124] handle_request: poll_exit
2021-09-18 12:53:46,908 DEBUG   SenderThread:3934713 [sender.py:send_request():193] send_request: poll_exit
2021-09-18 12:53:47,010 DEBUG   HandlerThread:3934713 [handler.py:handle_request():124] handle_request: poll_exit
2021-09-18 12:53:47,010 DEBUG   SenderThread:3934713 [sender.py:send_request():193] send_request: poll_exit
2021-09-18 12:53:47,112 DEBUG   HandlerThread:3934713 [handler.py:handle_request():124] handle_request: poll_exit
2021-09-18 12:53:47,112 DEBUG   SenderThread:3934713 [sender.py:send_request():193] send_request: poll_exit
2021-09-18 12:53:47,214 DEBUG   HandlerThread:3934713 [handler.py:handle_request():124] handle_request: poll_exit
2021-09-18 12:53:47,214 DEBUG   SenderThread:3934713 [sender.py:send_request():193] send_request: poll_exit
2021-09-18 12:53:47,316 DEBUG   HandlerThread:3934713 [handler.py:handle_request():124] handle_request: poll_exit
2021-09-18 12:53:47,316 DEBUG   SenderThread:3934713 [sender.py:send_request():193] send_request: poll_exit
2021-09-18 12:53:47,418 DEBUG   HandlerThread:3934713 [handler.py:handle_request():124] handle_request: poll_exit
2021-09-18 12:53:47,418 DEBUG   SenderThread:3934713 [sender.py:send_request():193] send_request: poll_exit
2021-09-18 12:53:47,520 DEBUG   HandlerThread:3934713 [handler.py:handle_request():124] handle_request: poll_exit
2021-09-18 12:53:47,520 DEBUG   SenderThread:3934713 [sender.py:send_request():193] send_request: poll_exit
2021-09-18 12:53:47,622 DEBUG   HandlerThread:3934713 [handler.py:handle_request():124] handle_request: poll_exit
2021-09-18 12:53:47,622 DEBUG   SenderThread:3934713 [sender.py:send_request():193] send_request: poll_exit
2021-09-18 12:53:47,723 DEBUG   HandlerThread:3934713 [handler.py:handle_request():124] handle_request: poll_exit
2021-09-18 12:53:47,724 DEBUG   SenderThread:3934713 [sender.py:send_request():193] send_request: poll_exit
2021-09-18 12:53:47,825 DEBUG   HandlerThread:3934713 [handler.py:handle_request():124] handle_request: poll_exit
2021-09-18 12:53:47,825 DEBUG   SenderThread:3934713 [sender.py:send_request():193] send_request: poll_exit
2021-09-18 12:53:47,834 INFO    Thread-12 :3934713 [upload_job.py:push():137] Uploaded file /grid/koo/home/toneyan/profile/QuantPred/wandb/run-20210918_125246-xkdy8jok/files/config.yaml
2021-09-18 12:53:47,919 INFO    Thread-14 :3934713 [upload_job.py:push():137] Uploaded file /grid/koo/home/toneyan/profile/QuantPred/wandb/run-20210918_125246-xkdy8jok/files/wandb-summary.json
2021-09-18 12:53:47,927 DEBUG   HandlerThread:3934713 [handler.py:handle_request():124] handle_request: poll_exit
2021-09-18 12:53:47,927 DEBUG   SenderThread:3934713 [sender.py:send_request():193] send_request: poll_exit
2021-09-18 12:53:48,029 DEBUG   HandlerThread:3934713 [handler.py:handle_request():124] handle_request: poll_exit
2021-09-18 12:53:48,029 DEBUG   SenderThread:3934713 [sender.py:send_request():193] send_request: poll_exit
2021-09-18 12:53:48,107 INFO    Thread-13 :3934713 [upload_job.py:push():137] Uploaded file /grid/koo/home/toneyan/profile/QuantPred/wandb/run-20210918_125246-xkdy8jok/files/requirements.txt
2021-09-18 12:53:48,130 DEBUG   HandlerThread:3934713 [handler.py:handle_request():124] handle_request: poll_exit
2021-09-18 12:53:48,131 DEBUG   SenderThread:3934713 [sender.py:send_request():193] send_request: poll_exit
2021-09-18 12:53:48,232 DEBUG   HandlerThread:3934713 [handler.py:handle_request():124] handle_request: poll_exit
2021-09-18 12:53:48,232 DEBUG   SenderThread:3934713 [sender.py:send_request():193] send_request: poll_exit
2021-09-18 12:53:48,307 INFO    Thread-7  :3934713 [sender.py:transition_state():308] send defer: 7
2021-09-18 12:53:48,308 DEBUG   HandlerThread:3934713 [handler.py:handle_request():124] handle_request: defer
2021-09-18 12:53:48,308 INFO    HandlerThread:3934713 [handler.py:handle_request_defer():141] handle defer: 7
2021-09-18 12:53:48,308 DEBUG   SenderThread:3934713 [sender.py:send_request():193] send_request: defer
2021-09-18 12:53:48,308 INFO    SenderThread:3934713 [sender.py:send_request_defer():304] handle sender defer: 7
2021-09-18 12:53:48,334 DEBUG   HandlerThread:3934713 [handler.py:handle_request():124] handle_request: poll_exit
2021-09-18 12:53:48,362 INFO    SenderThread:3934713 [sender.py:transition_state():308] send defer: 8
2021-09-18 12:53:48,362 DEBUG   SenderThread:3934713 [sender.py:send_request():193] send_request: poll_exit
2021-09-18 12:53:48,362 DEBUG   HandlerThread:3934713 [handler.py:handle_request():124] handle_request: defer
2021-09-18 12:53:48,362 INFO    HandlerThread:3934713 [handler.py:handle_request_defer():141] handle defer: 8
2021-09-18 12:53:48,363 DEBUG   SenderThread:3934713 [sender.py:send_request():193] send_request: defer
2021-09-18 12:53:48,363 INFO    SenderThread:3934713 [sender.py:send_request_defer():304] handle sender defer: 8
2021-09-18 12:53:48,363 INFO    SenderThread:3934713 [sender.py:transition_state():308] send defer: 9
2021-09-18 12:53:48,363 DEBUG   SenderThread:3934713 [sender.py:send():179] send: final
2021-09-18 12:53:48,363 DEBUG   HandlerThread:3934713 [handler.py:handle_request():124] handle_request: defer
2021-09-18 12:53:48,364 DEBUG   SenderThread:3934713 [sender.py:send():179] send: footer
2021-09-18 12:53:48,364 INFO    HandlerThread:3934713 [handler.py:handle_request_defer():141] handle defer: 9
2021-09-18 12:53:48,364 DEBUG   SenderThread:3934713 [sender.py:send_request():193] send_request: defer
2021-09-18 12:53:48,364 INFO    SenderThread:3934713 [sender.py:send_request_defer():304] handle sender defer: 9
2021-09-18 12:53:48,464 DEBUG   HandlerThread:3934713 [handler.py:handle_request():124] handle_request: poll_exit
2021-09-18 12:53:48,464 DEBUG   SenderThread:3934713 [sender.py:send_request():193] send_request: poll_exit
2021-09-18 12:53:48,464 INFO    SenderThread:3934713 [file_pusher.py:join():182] waiting for file pusher
2021-09-18 12:53:48,465 DEBUG   HandlerThread:3934713 [handler.py:handle_request():124] handle_request: get_summary
2021-09-18 12:53:48,466 DEBUG   HandlerThread:3934713 [handler.py:handle_request():124] handle_request: sampled_history
2021-09-18 12:53:48,466 DEBUG   HandlerThread:3934713 [handler.py:handle_request():124] handle_request: shutdown
2021-09-18 12:53:48,466 INFO    HandlerThread:3934713 [handler.py:finish():638] shutting down handler
2021-09-18 12:53:49,364 INFO    WriterThread:3934713 [datastore.py:close():288] close: /grid/koo/home/toneyan/profile/QuantPred/wandb/run-20210918_125246-xkdy8jok/run-xkdy8jok.wandb
2021-09-18 12:53:49,464 INFO    SenderThread:3934713 [sender.py:finish():945] shutting down sender
2021-09-18 12:53:49,465 INFO    SenderThread:3934713 [file_pusher.py:finish():177] shutting down file pusher
2021-09-18 12:53:49,465 INFO    SenderThread:3934713 [file_pusher.py:join():182] waiting for file pusher
2021-09-18 12:53:49,466 INFO    MainThread:3934713 [internal.py:handle_exit():78] Internal process exited
