2021-09-14 14:44:49,546 INFO    MainThread:1707827 [internal.py:wandb_internal():91] W&B internal server running at pid: 1707827, started at: 2021-09-14 14:44:49.545544
2021-09-14 14:44:49,547 DEBUG   HandlerThread:1707827 [handler.py:handle_request():124] handle_request: check_version
2021-09-14 14:44:49,547 INFO    WriterThread:1707827 [datastore.py:open_for_write():80] open: /grid/koo/home/toneyan/profile/QuantPred/wandb/run-20210914_144449-944j0m8g/run-944j0m8g.wandb
2021-09-14 14:44:49,549 DEBUG   SenderThread:1707827 [sender.py:send():179] send: header
2021-09-14 14:44:49,549 DEBUG   SenderThread:1707827 [sender.py:send_request():193] send_request: check_version
2021-09-14 14:44:49,576 DEBUG   SenderThread:1707827 [sender.py:send():179] send: run
2021-09-14 14:44:49,662 INFO    SenderThread:1707827 [dir_watcher.py:__init__():168] watching files in: /grid/koo/home/toneyan/profile/QuantPred/wandb/run-20210914_144449-944j0m8g/files
2021-09-14 14:44:49,662 INFO    SenderThread:1707827 [sender.py:_start_run_threads():719] run started: 944j0m8g with start time 1631645089
2021-09-14 14:44:49,662 DEBUG   SenderThread:1707827 [sender.py:send():179] send: summary
2021-09-14 14:44:49,663 INFO    SenderThread:1707827 [sender.py:_save_file():841] saving file wandb-summary.json with policy end
2021-09-14 14:44:49,664 DEBUG   HandlerThread:1707827 [handler.py:handle_request():124] handle_request: run_start
2021-09-14 14:44:50,665 INFO    Thread-8  :1707827 [dir_watcher.py:_on_file_created():216] file/dir created: /grid/koo/home/toneyan/profile/QuantPred/wandb/run-20210914_144449-944j0m8g/files/wandb-summary.json
2021-09-14 14:44:50,668 DEBUG   HandlerThread:1707827 [meta.py:__init__():39] meta init
2021-09-14 14:44:50,668 DEBUG   HandlerThread:1707827 [meta.py:__init__():53] meta init done
2021-09-14 14:44:50,668 DEBUG   HandlerThread:1707827 [meta.py:probe():210] probe
2021-09-14 14:44:50,673 DEBUG   HandlerThread:1707827 [meta.py:_save_pip():57] save pip
2021-09-14 14:44:50,675 DEBUG   HandlerThread:1707827 [meta.py:_save_pip():71] save pip done
2021-09-14 14:44:50,675 DEBUG   HandlerThread:1707827 [meta.py:probe():252] probe done
2021-09-14 14:44:50,678 DEBUG   SenderThread:1707827 [sender.py:send():179] send: files
2021-09-14 14:44:50,678 INFO    SenderThread:1707827 [sender.py:_save_file():841] saving file wandb-metadata.json with policy now
2021-09-14 14:44:50,683 DEBUG   HandlerThread:1707827 [handler.py:handle_request():124] handle_request: stop_status
2021-09-14 14:44:50,683 DEBUG   SenderThread:1707827 [sender.py:send_request():193] send_request: stop_status
2021-09-14 14:44:50,736 ERROR   SenderThread:1707827 [internal_api.py:execute():130] 429 response executing GraphQL.
2021-09-14 14:44:50,736 ERROR   SenderThread:1707827 [internal_api.py:execute():131] {"error":"rate limit exceeded"}

2021-09-14 14:44:50,737 ERROR   Thread-11 :1707827 [internal_api.py:execute():130] 429 response executing GraphQL.
2021-09-14 14:44:50,737 ERROR   Thread-11 :1707827 [internal_api.py:execute():131] {"error":"rate limit exceeded"}

2021-09-14 14:44:51,665 INFO    Thread-8  :1707827 [dir_watcher.py:_on_file_created():216] file/dir created: /grid/koo/home/toneyan/profile/QuantPred/wandb/run-20210914_144449-944j0m8g/files/wandb-metadata.json
2021-09-14 14:44:51,665 INFO    Thread-8  :1707827 [dir_watcher.py:_on_file_created():216] file/dir created: /grid/koo/home/toneyan/profile/QuantPred/wandb/run-20210914_144449-944j0m8g/files/requirements.txt
2021-09-14 14:44:51,665 INFO    Thread-8  :1707827 [dir_watcher.py:_on_file_created():216] file/dir created: /grid/koo/home/toneyan/profile/QuantPred/wandb/run-20210914_144449-944j0m8g/files/output.log
2021-09-14 14:44:51,948 ERROR   Thread-11 :1707827 [internal_api.py:execute():130] 429 response executing GraphQL.
2021-09-14 14:44:51,948 ERROR   Thread-11 :1707827 [internal_api.py:execute():131] {"error":"rate limit exceeded"}

2021-09-14 14:44:52,020 ERROR   SenderThread:1707827 [internal_api.py:execute():130] 429 response executing GraphQL.
2021-09-14 14:44:52,020 ERROR   SenderThread:1707827 [internal_api.py:execute():131] {"error":"rate limit exceeded"}

2021-09-14 14:44:52,020 ERROR   SenderThread:1707827 [retry.py:__call__():126] Retry attempt failed:
Traceback (most recent call last):
  File "/usr/local/lib/python3.6/dist-packages/wandb/sdk/lib/retry.py", line 102, in __call__
    result = self._call_fn(*args, **kwargs)
  File "/usr/local/lib/python3.6/dist-packages/wandb/sdk/internal/internal_api.py", line 133, in execute
    six.reraise(*sys.exc_info())
  File "/usr/local/lib/python3.6/dist-packages/six.py", line 719, in reraise
    raise value
  File "/usr/local/lib/python3.6/dist-packages/wandb/sdk/internal/internal_api.py", line 127, in execute
    return self.client.execute(*args, **kwargs)
  File "/usr/local/lib/python3.6/dist-packages/wandb/vendor/gql-0.2.0/gql/client.py", line 52, in execute
    result = self._get_result(document, *args, **kwargs)
  File "/usr/local/lib/python3.6/dist-packages/wandb/vendor/gql-0.2.0/gql/client.py", line 60, in _get_result
    return self.transport.execute(document, *args, **kwargs)
  File "/usr/local/lib/python3.6/dist-packages/wandb/vendor/gql-0.2.0/gql/transport/requests.py", line 39, in execute
    request.raise_for_status()
  File "/usr/local/lib/python3.6/dist-packages/requests/models.py", line 943, in raise_for_status
    raise HTTPError(http_error_msg, response=self)
requests.exceptions.HTTPError: 429 Client Error: Too Many Requests for url: https://api.wandb.ai/graphql
2021-09-14 14:44:54,210 ERROR   SenderThread:1707827 [internal_api.py:execute():130] 429 response executing GraphQL.
2021-09-14 14:44:54,211 ERROR   SenderThread:1707827 [internal_api.py:execute():131] {"error":"rate limit exceeded"}

2021-09-14 14:44:54,291 ERROR   Thread-11 :1707827 [internal_api.py:execute():130] 429 response executing GraphQL.
2021-09-14 14:44:54,291 ERROR   Thread-11 :1707827 [internal_api.py:execute():131] {"error":"rate limit exceeded"}

2021-09-14 14:44:58,415 ERROR   Thread-11 :1707827 [internal_api.py:execute():130] 429 response executing GraphQL.
2021-09-14 14:44:58,416 ERROR   Thread-11 :1707827 [internal_api.py:execute():131] {"error":"rate limit exceeded"}

2021-09-14 14:44:59,040 ERROR   SenderThread:1707827 [internal_api.py:execute():130] 429 response executing GraphQL.
2021-09-14 14:44:59,040 ERROR   SenderThread:1707827 [internal_api.py:execute():131] {"error":"rate limit exceeded"}

2021-09-14 14:45:08,307 INFO    Thread-11 :1707827 [upload_job.py:push():137] Uploaded file /tmp/3287110.1.gpu_ded.q/tmp5ainbsdfwandb/26f7afab-wandb-metadata.json
2021-09-14 14:45:18,998 DEBUG   SenderThread:1707827 [sender.py:send():179] send: stats
2021-09-14 14:45:21,143 DEBUG   HandlerThread:1707827 [handler.py:handle_request():124] handle_request: poll_exit
2021-09-14 14:45:21,143 DEBUG   SenderThread:1707827 [sender.py:send():179] send: telemetry
2021-09-14 14:45:21,143 DEBUG   SenderThread:1707827 [sender.py:send():179] send: exit
2021-09-14 14:45:21,143 INFO    SenderThread:1707827 [sender.py:send_exit():287] handling exit code: 1
2021-09-14 14:45:21,144 INFO    SenderThread:1707827 [sender.py:send_exit():295] send defer
2021-09-14 14:45:21,144 DEBUG   SenderThread:1707827 [sender.py:send_request():193] send_request: poll_exit
2021-09-14 14:45:21,144 DEBUG   HandlerThread:1707827 [handler.py:handle_request():124] handle_request: defer
2021-09-14 14:45:21,144 INFO    HandlerThread:1707827 [handler.py:handle_request_defer():141] handle defer: 0
2021-09-14 14:45:21,144 DEBUG   SenderThread:1707827 [sender.py:send_request():193] send_request: defer
2021-09-14 14:45:21,145 INFO    SenderThread:1707827 [sender.py:send_request_defer():304] handle sender defer: 0
2021-09-14 14:45:21,145 INFO    SenderThread:1707827 [sender.py:transition_state():308] send defer: 1
2021-09-14 14:45:21,145 DEBUG   HandlerThread:1707827 [handler.py:handle_request():124] handle_request: defer
2021-09-14 14:45:21,145 INFO    HandlerThread:1707827 [handler.py:handle_request_defer():141] handle defer: 1
2021-09-14 14:45:21,233 DEBUG   SenderThread:1707827 [sender.py:send_request():193] send_request: defer
2021-09-14 14:45:21,233 INFO    SenderThread:1707827 [sender.py:send_request_defer():304] handle sender defer: 1
2021-09-14 14:45:21,233 INFO    SenderThread:1707827 [sender.py:transition_state():308] send defer: 2
2021-09-14 14:45:21,234 DEBUG   SenderThread:1707827 [sender.py:send():179] send: stats
2021-09-14 14:45:21,234 DEBUG   HandlerThread:1707827 [handler.py:handle_request():124] handle_request: defer
2021-09-14 14:45:21,236 INFO    HandlerThread:1707827 [handler.py:handle_request_defer():141] handle defer: 2
2021-09-14 14:45:21,236 DEBUG   SenderThread:1707827 [sender.py:send_request():193] send_request: defer
2021-09-14 14:45:21,236 INFO    SenderThread:1707827 [sender.py:send_request_defer():304] handle sender defer: 2
2021-09-14 14:45:21,236 INFO    SenderThread:1707827 [sender.py:transition_state():308] send defer: 3
2021-09-14 14:45:21,237 DEBUG   HandlerThread:1707827 [handler.py:handle_request():124] handle_request: defer
2021-09-14 14:45:21,237 INFO    HandlerThread:1707827 [handler.py:handle_request_defer():141] handle defer: 3
2021-09-14 14:45:21,237 DEBUG   SenderThread:1707827 [sender.py:send():179] send: summary
2021-09-14 14:45:21,237 INFO    SenderThread:1707827 [sender.py:_save_file():841] saving file wandb-summary.json with policy end
2021-09-14 14:45:21,238 DEBUG   SenderThread:1707827 [sender.py:send_request():193] send_request: defer
2021-09-14 14:45:21,238 INFO    SenderThread:1707827 [sender.py:send_request_defer():304] handle sender defer: 3
2021-09-14 14:45:21,238 INFO    SenderThread:1707827 [sender.py:transition_state():308] send defer: 4
2021-09-14 14:45:21,238 DEBUG   HandlerThread:1707827 [handler.py:handle_request():124] handle_request: defer
2021-09-14 14:45:21,238 INFO    HandlerThread:1707827 [handler.py:handle_request_defer():141] handle defer: 4
2021-09-14 14:45:21,238 DEBUG   SenderThread:1707827 [sender.py:send_request():193] send_request: defer
2021-09-14 14:45:21,238 INFO    SenderThread:1707827 [sender.py:send_request_defer():304] handle sender defer: 4
2021-09-14 14:45:21,245 DEBUG   HandlerThread:1707827 [handler.py:handle_request():124] handle_request: poll_exit
2021-09-14 14:45:21,323 INFO    SenderThread:1707827 [sender.py:transition_state():308] send defer: 5
2021-09-14 14:45:21,323 DEBUG   SenderThread:1707827 [sender.py:send_request():193] send_request: poll_exit
2021-09-14 14:45:21,324 DEBUG   HandlerThread:1707827 [handler.py:handle_request():124] handle_request: defer
2021-09-14 14:45:21,324 INFO    HandlerThread:1707827 [handler.py:handle_request_defer():141] handle defer: 5
2021-09-14 14:45:21,324 DEBUG   SenderThread:1707827 [sender.py:send_request():193] send_request: defer
2021-09-14 14:45:21,324 INFO    SenderThread:1707827 [sender.py:send_request_defer():304] handle sender defer: 5
2021-09-14 14:45:21,324 INFO    SenderThread:1707827 [dir_watcher.py:finish():282] shutting down directory watcher
2021-09-14 14:45:21,425 DEBUG   HandlerThread:1707827 [handler.py:handle_request():124] handle_request: poll_exit
2021-09-14 14:45:21,670 INFO    SenderThread:1707827 [dir_watcher.py:_on_file_modified():229] file/dir modified: /grid/koo/home/toneyan/profile/QuantPred/wandb/run-20210914_144449-944j0m8g/files/wandb-summary.json
2021-09-14 14:45:21,670 INFO    SenderThread:1707827 [dir_watcher.py:_on_file_modified():229] file/dir modified: /grid/koo/home/toneyan/profile/QuantPred/wandb/run-20210914_144449-944j0m8g/files/config.yaml
2021-09-14 14:45:21,670 INFO    SenderThread:1707827 [dir_watcher.py:finish():312] scan: /grid/koo/home/toneyan/profile/QuantPred/wandb/run-20210914_144449-944j0m8g/files
2021-09-14 14:45:21,671 INFO    SenderThread:1707827 [dir_watcher.py:finish():318] scan save: /grid/koo/home/toneyan/profile/QuantPred/wandb/run-20210914_144449-944j0m8g/files/wandb-metadata.json wandb-metadata.json
2021-09-14 14:45:21,671 INFO    SenderThread:1707827 [dir_watcher.py:finish():318] scan save: /grid/koo/home/toneyan/profile/QuantPred/wandb/run-20210914_144449-944j0m8g/files/config.yaml config.yaml
2021-09-14 14:45:21,671 INFO    SenderThread:1707827 [dir_watcher.py:finish():318] scan save: /grid/koo/home/toneyan/profile/QuantPred/wandb/run-20210914_144449-944j0m8g/files/requirements.txt requirements.txt
2021-09-14 14:45:21,671 INFO    SenderThread:1707827 [dir_watcher.py:finish():318] scan save: /grid/koo/home/toneyan/profile/QuantPred/wandb/run-20210914_144449-944j0m8g/files/wandb-summary.json wandb-summary.json
2021-09-14 14:45:21,674 INFO    SenderThread:1707827 [dir_watcher.py:finish():318] scan save: /grid/koo/home/toneyan/profile/QuantPred/wandb/run-20210914_144449-944j0m8g/files/output.log output.log
2021-09-14 14:45:21,677 INFO    SenderThread:1707827 [sender.py:transition_state():308] send defer: 6
2021-09-14 14:45:21,677 DEBUG   SenderThread:1707827 [sender.py:send_request():193] send_request: poll_exit
2021-09-14 14:45:21,682 DEBUG   HandlerThread:1707827 [handler.py:handle_request():124] handle_request: defer
2021-09-14 14:45:21,682 INFO    HandlerThread:1707827 [handler.py:handle_request_defer():141] handle defer: 6
2021-09-14 14:45:21,682 DEBUG   SenderThread:1707827 [sender.py:send_request():193] send_request: defer
2021-09-14 14:45:21,682 INFO    SenderThread:1707827 [sender.py:send_request_defer():304] handle sender defer: 6
2021-09-14 14:45:21,682 INFO    SenderThread:1707827 [file_pusher.py:finish():177] shutting down file pusher
2021-09-14 14:45:21,783 DEBUG   HandlerThread:1707827 [handler.py:handle_request():124] handle_request: poll_exit
2021-09-14 14:45:21,783 DEBUG   SenderThread:1707827 [sender.py:send_request():193] send_request: poll_exit
2021-09-14 14:45:21,884 DEBUG   HandlerThread:1707827 [handler.py:handle_request():124] handle_request: poll_exit
2021-09-14 14:45:21,887 DEBUG   SenderThread:1707827 [sender.py:send_request():193] send_request: poll_exit
2021-09-14 14:45:21,989 DEBUG   HandlerThread:1707827 [handler.py:handle_request():124] handle_request: poll_exit
2021-09-14 14:45:21,989 DEBUG   SenderThread:1707827 [sender.py:send_request():193] send_request: poll_exit
2021-09-14 14:45:22,052 INFO    Thread-14 :1707827 [upload_job.py:push():137] Uploaded file /grid/koo/home/toneyan/profile/QuantPred/wandb/run-20210914_144449-944j0m8g/files/wandb-summary.json
2021-09-14 14:45:22,059 INFO    Thread-13 :1707827 [upload_job.py:push():137] Uploaded file /grid/koo/home/toneyan/profile/QuantPred/wandb/run-20210914_144449-944j0m8g/files/requirements.txt
2021-09-14 14:45:22,090 DEBUG   HandlerThread:1707827 [handler.py:handle_request():124] handle_request: poll_exit
2021-09-14 14:45:22,090 DEBUG   SenderThread:1707827 [sender.py:send_request():193] send_request: poll_exit
2021-09-14 14:45:22,191 DEBUG   HandlerThread:1707827 [handler.py:handle_request():124] handle_request: poll_exit
2021-09-14 14:45:22,192 DEBUG   SenderThread:1707827 [sender.py:send_request():193] send_request: poll_exit
2021-09-14 14:45:22,293 DEBUG   HandlerThread:1707827 [handler.py:handle_request():124] handle_request: poll_exit
2021-09-14 14:45:22,293 DEBUG   SenderThread:1707827 [sender.py:send_request():193] send_request: poll_exit
2021-09-14 14:45:22,394 DEBUG   HandlerThread:1707827 [handler.py:handle_request():124] handle_request: poll_exit
2021-09-14 14:45:22,394 DEBUG   SenderThread:1707827 [sender.py:send_request():193] send_request: poll_exit
2021-09-14 14:45:22,472 INFO    Thread-12 :1707827 [upload_job.py:push():137] Uploaded file /grid/koo/home/toneyan/profile/QuantPred/wandb/run-20210914_144449-944j0m8g/files/config.yaml
2021-09-14 14:45:22,495 DEBUG   HandlerThread:1707827 [handler.py:handle_request():124] handle_request: poll_exit
2021-09-14 14:45:22,496 DEBUG   SenderThread:1707827 [sender.py:send_request():193] send_request: poll_exit
2021-09-14 14:45:22,597 DEBUG   HandlerThread:1707827 [handler.py:handle_request():124] handle_request: poll_exit
2021-09-14 14:45:22,597 DEBUG   SenderThread:1707827 [sender.py:send_request():193] send_request: poll_exit
2021-09-14 14:45:22,673 INFO    Thread-7  :1707827 [sender.py:transition_state():308] send defer: 7
2021-09-14 14:45:22,674 DEBUG   HandlerThread:1707827 [handler.py:handle_request():124] handle_request: defer
2021-09-14 14:45:22,674 INFO    HandlerThread:1707827 [handler.py:handle_request_defer():141] handle defer: 7
2021-09-14 14:45:22,674 DEBUG   SenderThread:1707827 [sender.py:send_request():193] send_request: defer
2021-09-14 14:45:22,674 INFO    SenderThread:1707827 [sender.py:send_request_defer():304] handle sender defer: 7
2021-09-14 14:45:22,698 DEBUG   HandlerThread:1707827 [handler.py:handle_request():124] handle_request: poll_exit
2021-09-14 14:45:22,864 INFO    SenderThread:1707827 [sender.py:transition_state():308] send defer: 8
2021-09-14 14:45:22,864 DEBUG   SenderThread:1707827 [sender.py:send_request():193] send_request: poll_exit
2021-09-14 14:45:22,864 DEBUG   HandlerThread:1707827 [handler.py:handle_request():124] handle_request: defer
2021-09-14 14:45:22,865 INFO    HandlerThread:1707827 [handler.py:handle_request_defer():141] handle defer: 8
2021-09-14 14:45:22,865 DEBUG   SenderThread:1707827 [sender.py:send_request():193] send_request: defer
2021-09-14 14:45:22,865 INFO    SenderThread:1707827 [sender.py:send_request_defer():304] handle sender defer: 8
2021-09-14 14:45:22,865 INFO    SenderThread:1707827 [sender.py:transition_state():308] send defer: 9
2021-09-14 14:45:22,865 DEBUG   SenderThread:1707827 [sender.py:send():179] send: final
2021-09-14 14:45:22,866 DEBUG   HandlerThread:1707827 [handler.py:handle_request():124] handle_request: defer
2021-09-14 14:45:22,866 DEBUG   SenderThread:1707827 [sender.py:send():179] send: footer
2021-09-14 14:45:22,866 INFO    HandlerThread:1707827 [handler.py:handle_request_defer():141] handle defer: 9
2021-09-14 14:45:22,867 DEBUG   SenderThread:1707827 [sender.py:send_request():193] send_request: defer
2021-09-14 14:45:22,867 INFO    SenderThread:1707827 [sender.py:send_request_defer():304] handle sender defer: 9
2021-09-14 14:45:22,966 DEBUG   HandlerThread:1707827 [handler.py:handle_request():124] handle_request: poll_exit
2021-09-14 14:45:22,966 DEBUG   SenderThread:1707827 [sender.py:send_request():193] send_request: poll_exit
2021-09-14 14:45:22,966 INFO    SenderThread:1707827 [file_pusher.py:join():182] waiting for file pusher
2021-09-14 14:45:22,967 DEBUG   HandlerThread:1707827 [handler.py:handle_request():124] handle_request: get_summary
2021-09-14 14:45:22,967 DEBUG   HandlerThread:1707827 [handler.py:handle_request():124] handle_request: sampled_history
2021-09-14 14:45:22,968 DEBUG   HandlerThread:1707827 [handler.py:handle_request():124] handle_request: shutdown
2021-09-14 14:45:22,968 INFO    HandlerThread:1707827 [handler.py:finish():638] shutting down handler
2021-09-14 14:45:23,867 INFO    WriterThread:1707827 [datastore.py:close():288] close: /grid/koo/home/toneyan/profile/QuantPred/wandb/run-20210914_144449-944j0m8g/run-944j0m8g.wandb
2021-09-14 14:45:23,966 INFO    SenderThread:1707827 [sender.py:finish():945] shutting down sender
2021-09-14 14:45:23,966 INFO    SenderThread:1707827 [file_pusher.py:finish():177] shutting down file pusher
2021-09-14 14:45:23,966 INFO    SenderThread:1707827 [file_pusher.py:join():182] waiting for file pusher
2021-09-14 14:45:23,969 INFO    MainThread:1707827 [internal.py:handle_exit():78] Internal process exited
