2021-09-19 07:41:55,010 INFO    MainThread:832784 [internal.py:wandb_internal():91] W&B internal server running at pid: 832784, started at: 2021-09-19 07:41:55.009929
2021-09-19 07:41:55,012 DEBUG   HandlerThread:832784 [handler.py:handle_request():124] handle_request: check_version
2021-09-19 07:41:55,012 INFO    WriterThread:832784 [datastore.py:open_for_write():80] open: /grid/koo/home/toneyan/profile/QuantPred/wandb/run-20210919_074154-2romt6qb/run-2romt6qb.wandb
2021-09-19 07:41:55,014 DEBUG   SenderThread:832784 [sender.py:send():179] send: header
2021-09-19 07:41:55,014 DEBUG   SenderThread:832784 [sender.py:send_request():193] send_request: check_version
2021-09-19 07:41:55,043 DEBUG   SenderThread:832784 [sender.py:send():179] send: run
2021-09-19 07:41:55,128 INFO    SenderThread:832784 [dir_watcher.py:__init__():168] watching files in: /grid/koo/home/toneyan/profile/QuantPred/wandb/run-20210919_074154-2romt6qb/files
2021-09-19 07:41:55,128 INFO    SenderThread:832784 [sender.py:_start_run_threads():719] run started: 2romt6qb with start time 1632051714
2021-09-19 07:41:55,128 DEBUG   SenderThread:832784 [sender.py:send():179] send: summary
2021-09-19 07:41:55,129 INFO    SenderThread:832784 [sender.py:_save_file():841] saving file wandb-summary.json with policy end
2021-09-19 07:41:55,130 DEBUG   HandlerThread:832784 [handler.py:handle_request():124] handle_request: run_start
2021-09-19 07:41:56,129 INFO    Thread-8  :832784 [dir_watcher.py:_on_file_created():216] file/dir created: /grid/koo/home/toneyan/profile/QuantPred/wandb/run-20210919_074154-2romt6qb/files/wandb-summary.json
2021-09-19 07:41:56,275 DEBUG   HandlerThread:832784 [meta.py:__init__():39] meta init
2021-09-19 07:41:56,275 DEBUG   HandlerThread:832784 [meta.py:__init__():53] meta init done
2021-09-19 07:41:56,275 DEBUG   HandlerThread:832784 [meta.py:probe():210] probe
2021-09-19 07:41:56,281 DEBUG   HandlerThread:832784 [meta.py:_save_pip():57] save pip
2021-09-19 07:41:56,282 DEBUG   HandlerThread:832784 [meta.py:_save_pip():71] save pip done
2021-09-19 07:41:56,282 DEBUG   HandlerThread:832784 [meta.py:probe():252] probe done
2021-09-19 07:41:56,284 DEBUG   SenderThread:832784 [sender.py:send():179] send: files
2021-09-19 07:41:56,285 INFO    SenderThread:832784 [sender.py:_save_file():841] saving file wandb-metadata.json with policy now
2021-09-19 07:41:56,291 DEBUG   HandlerThread:832784 [handler.py:handle_request():124] handle_request: stop_status
2021-09-19 07:41:56,292 DEBUG   SenderThread:832784 [sender.py:send_request():193] send_request: stop_status
2021-09-19 07:41:56,346 ERROR   Thread-11 :832784 [internal_api.py:execute():130] 429 response executing GraphQL.
2021-09-19 07:41:56,347 ERROR   Thread-11 :832784 [internal_api.py:execute():131] {"error":"rate limit exceeded"}

2021-09-19 07:41:56,348 ERROR   SenderThread:832784 [internal_api.py:execute():130] 429 response executing GraphQL.
2021-09-19 07:41:56,348 ERROR   SenderThread:832784 [internal_api.py:execute():131] {"error":"rate limit exceeded"}

2021-09-19 07:41:57,131 INFO    Thread-8  :832784 [dir_watcher.py:_on_file_created():216] file/dir created: /grid/koo/home/toneyan/profile/QuantPred/wandb/run-20210919_074154-2romt6qb/files/wandb-metadata.json
2021-09-19 07:41:57,131 INFO    Thread-8  :832784 [dir_watcher.py:_on_file_created():216] file/dir created: /grid/koo/home/toneyan/profile/QuantPred/wandb/run-20210919_074154-2romt6qb/files/output.log
2021-09-19 07:41:57,132 INFO    Thread-8  :832784 [dir_watcher.py:_on_file_created():216] file/dir created: /grid/koo/home/toneyan/profile/QuantPred/wandb/run-20210919_074154-2romt6qb/files/requirements.txt
2021-09-19 07:41:57,571 ERROR   SenderThread:832784 [internal_api.py:execute():130] 429 response executing GraphQL.
2021-09-19 07:41:57,571 ERROR   SenderThread:832784 [internal_api.py:execute():131] {"error":"rate limit exceeded"}

2021-09-19 07:41:57,645 ERROR   Thread-11 :832784 [internal_api.py:execute():130] 429 response executing GraphQL.
2021-09-19 07:41:57,646 ERROR   Thread-11 :832784 [internal_api.py:execute():131] {"error":"rate limit exceeded"}

2021-09-19 07:41:57,646 ERROR   Thread-11 :832784 [retry.py:__call__():126] Retry attempt failed:
Traceback (most recent call last):
  File "/usr/local/lib/python3.6/dist-packages/wandb/sdk/lib/retry.py", line 102, in __call__
    result = self._call_fn(*args, **kwargs)
  File "/usr/local/lib/python3.6/dist-packages/wandb/sdk/internal/internal_api.py", line 133, in execute
    six.reraise(*sys.exc_info())
  File "/usr/local/lib/python3.6/dist-packages/six.py", line 719, in reraise
    raise value
  File "/usr/local/lib/python3.6/dist-packages/wandb/sdk/internal/internal_api.py", line 127, in execute
    return self.client.execute(*args, **kwargs)
  File "/usr/local/lib/python3.6/dist-packages/wandb/vendor/gql-0.2.0/gql/client.py", line 52, in execute
    result = self._get_result(document, *args, **kwargs)
  File "/usr/local/lib/python3.6/dist-packages/wandb/vendor/gql-0.2.0/gql/client.py", line 60, in _get_result
    return self.transport.execute(document, *args, **kwargs)
  File "/usr/local/lib/python3.6/dist-packages/wandb/vendor/gql-0.2.0/gql/transport/requests.py", line 39, in execute
    request.raise_for_status()
  File "/usr/local/lib/python3.6/dist-packages/requests/models.py", line 943, in raise_for_status
    raise HTTPError(http_error_msg, response=self)
requests.exceptions.HTTPError: 429 Client Error: Too Many Requests for url: https://api.wandb.ai/graphql
2021-09-19 07:41:59,652 ERROR   SenderThread:832784 [internal_api.py:execute():130] 429 response executing GraphQL.
2021-09-19 07:41:59,652 ERROR   SenderThread:832784 [internal_api.py:execute():131] {"error":"rate limit exceeded"}

2021-09-19 07:42:00,531 INFO    Thread-11 :832784 [upload_job.py:push():137] Uploaded file /tmp/3288851.1.gpu_ded.q/tmpntfo27wswandb/2fams9zj-wandb-metadata.json
2021-09-19 07:42:18,935 DEBUG   HandlerThread:832784 [handler.py:handle_request():124] handle_request: stop_status
2021-09-19 07:42:18,935 DEBUG   SenderThread:832784 [sender.py:send_request():193] send_request: stop_status
2021-09-19 07:42:24,666 DEBUG   SenderThread:832784 [sender.py:send():179] send: stats
2021-09-19 07:42:29,844 DEBUG   HandlerThread:832784 [handler.py:handle_request():124] handle_request: poll_exit
2021-09-19 07:42:29,845 DEBUG   SenderThread:832784 [sender.py:send():179] send: telemetry
2021-09-19 07:42:29,845 DEBUG   SenderThread:832784 [sender.py:send():179] send: exit
2021-09-19 07:42:29,845 INFO    SenderThread:832784 [sender.py:send_exit():287] handling exit code: 1
2021-09-19 07:42:29,845 INFO    SenderThread:832784 [sender.py:send_exit():295] send defer
2021-09-19 07:42:29,845 DEBUG   SenderThread:832784 [sender.py:send_request():193] send_request: poll_exit
2021-09-19 07:42:29,845 DEBUG   HandlerThread:832784 [handler.py:handle_request():124] handle_request: defer
2021-09-19 07:42:29,846 INFO    HandlerThread:832784 [handler.py:handle_request_defer():141] handle defer: 0
2021-09-19 07:42:29,846 DEBUG   SenderThread:832784 [sender.py:send_request():193] send_request: defer
2021-09-19 07:42:29,846 INFO    SenderThread:832784 [sender.py:send_request_defer():304] handle sender defer: 0
2021-09-19 07:42:29,846 INFO    SenderThread:832784 [sender.py:transition_state():308] send defer: 1
2021-09-19 07:42:29,846 DEBUG   HandlerThread:832784 [handler.py:handle_request():124] handle_request: defer
2021-09-19 07:42:29,846 INFO    HandlerThread:832784 [handler.py:handle_request_defer():141] handle defer: 1
2021-09-19 07:42:29,935 DEBUG   SenderThread:832784 [sender.py:send_request():193] send_request: defer
2021-09-19 07:42:29,935 INFO    SenderThread:832784 [sender.py:send_request_defer():304] handle sender defer: 1
2021-09-19 07:42:29,935 INFO    SenderThread:832784 [sender.py:transition_state():308] send defer: 2
2021-09-19 07:42:29,935 DEBUG   SenderThread:832784 [sender.py:send():179] send: stats
2021-09-19 07:42:29,938 DEBUG   HandlerThread:832784 [handler.py:handle_request():124] handle_request: defer
2021-09-19 07:42:29,938 INFO    HandlerThread:832784 [handler.py:handle_request_defer():141] handle defer: 2
2021-09-19 07:42:29,938 DEBUG   SenderThread:832784 [sender.py:send_request():193] send_request: defer
2021-09-19 07:42:29,939 INFO    SenderThread:832784 [sender.py:send_request_defer():304] handle sender defer: 2
2021-09-19 07:42:29,939 INFO    SenderThread:832784 [sender.py:transition_state():308] send defer: 3
2021-09-19 07:42:29,939 DEBUG   HandlerThread:832784 [handler.py:handle_request():124] handle_request: defer
2021-09-19 07:42:29,939 INFO    HandlerThread:832784 [handler.py:handle_request_defer():141] handle defer: 3
2021-09-19 07:42:29,939 DEBUG   SenderThread:832784 [sender.py:send():179] send: summary
2021-09-19 07:42:29,940 INFO    SenderThread:832784 [sender.py:_save_file():841] saving file wandb-summary.json with policy end
2021-09-19 07:42:29,940 DEBUG   SenderThread:832784 [sender.py:send_request():193] send_request: defer
2021-09-19 07:42:29,940 INFO    SenderThread:832784 [sender.py:send_request_defer():304] handle sender defer: 3
2021-09-19 07:42:29,940 INFO    SenderThread:832784 [sender.py:transition_state():308] send defer: 4
2021-09-19 07:42:29,940 DEBUG   HandlerThread:832784 [handler.py:handle_request():124] handle_request: defer
2021-09-19 07:42:29,940 INFO    HandlerThread:832784 [handler.py:handle_request_defer():141] handle defer: 4
2021-09-19 07:42:29,940 DEBUG   SenderThread:832784 [sender.py:send_request():193] send_request: defer
2021-09-19 07:42:29,940 INFO    SenderThread:832784 [sender.py:send_request_defer():304] handle sender defer: 4
2021-09-19 07:42:29,947 DEBUG   HandlerThread:832784 [handler.py:handle_request():124] handle_request: poll_exit
2021-09-19 07:42:29,994 ERROR   SenderThread:832784 [internal_api.py:execute():130] 429 response executing GraphQL.
2021-09-19 07:42:29,995 ERROR   SenderThread:832784 [internal_api.py:execute():131] {"error":"rate limit exceeded"}

2021-09-19 07:42:30,144 INFO    Thread-8  :832784 [dir_watcher.py:_on_file_modified():229] file/dir modified: /grid/koo/home/toneyan/profile/QuantPred/wandb/run-20210919_074154-2romt6qb/files/wandb-summary.json
2021-09-19 07:42:31,178 INFO    SenderThread:832784 [sender.py:transition_state():308] send defer: 5
2021-09-19 07:42:31,178 DEBUG   SenderThread:832784 [sender.py:send_request():193] send_request: poll_exit
2021-09-19 07:42:31,179 DEBUG   HandlerThread:832784 [handler.py:handle_request():124] handle_request: defer
2021-09-19 07:42:31,179 INFO    HandlerThread:832784 [handler.py:handle_request_defer():141] handle defer: 5
2021-09-19 07:42:31,179 DEBUG   SenderThread:832784 [sender.py:send_request():193] send_request: defer
2021-09-19 07:42:31,180 INFO    SenderThread:832784 [sender.py:send_request_defer():304] handle sender defer: 5
2021-09-19 07:42:31,180 INFO    SenderThread:832784 [dir_watcher.py:finish():282] shutting down directory watcher
2021-09-19 07:42:31,281 DEBUG   HandlerThread:832784 [handler.py:handle_request():124] handle_request: poll_exit
2021-09-19 07:42:32,145 INFO    SenderThread:832784 [dir_watcher.py:_on_file_modified():229] file/dir modified: /grid/koo/home/toneyan/profile/QuantPred/wandb/run-20210919_074154-2romt6qb/files/config.yaml
2021-09-19 07:42:32,145 INFO    SenderThread:832784 [dir_watcher.py:finish():312] scan: /grid/koo/home/toneyan/profile/QuantPred/wandb/run-20210919_074154-2romt6qb/files
2021-09-19 07:42:32,145 INFO    SenderThread:832784 [dir_watcher.py:finish():318] scan save: /grid/koo/home/toneyan/profile/QuantPred/wandb/run-20210919_074154-2romt6qb/files/wandb-metadata.json wandb-metadata.json
2021-09-19 07:42:32,145 INFO    SenderThread:832784 [dir_watcher.py:finish():318] scan save: /grid/koo/home/toneyan/profile/QuantPred/wandb/run-20210919_074154-2romt6qb/files/config.yaml config.yaml
2021-09-19 07:42:32,146 INFO    SenderThread:832784 [dir_watcher.py:finish():318] scan save: /grid/koo/home/toneyan/profile/QuantPred/wandb/run-20210919_074154-2romt6qb/files/requirements.txt requirements.txt
2021-09-19 07:42:32,146 INFO    SenderThread:832784 [dir_watcher.py:finish():318] scan save: /grid/koo/home/toneyan/profile/QuantPred/wandb/run-20210919_074154-2romt6qb/files/wandb-summary.json wandb-summary.json
2021-09-19 07:42:32,149 INFO    SenderThread:832784 [dir_watcher.py:finish():318] scan save: /grid/koo/home/toneyan/profile/QuantPred/wandb/run-20210919_074154-2romt6qb/files/output.log output.log
2021-09-19 07:42:32,156 INFO    SenderThread:832784 [sender.py:transition_state():308] send defer: 6
2021-09-19 07:42:32,157 DEBUG   SenderThread:832784 [sender.py:send_request():193] send_request: poll_exit
2021-09-19 07:42:32,158 DEBUG   HandlerThread:832784 [handler.py:handle_request():124] handle_request: defer
2021-09-19 07:42:32,158 INFO    HandlerThread:832784 [handler.py:handle_request_defer():141] handle defer: 6
2021-09-19 07:42:32,158 DEBUG   SenderThread:832784 [sender.py:send_request():193] send_request: defer
2021-09-19 07:42:32,158 INFO    SenderThread:832784 [sender.py:send_request_defer():304] handle sender defer: 6
2021-09-19 07:42:32,158 INFO    SenderThread:832784 [file_pusher.py:finish():177] shutting down file pusher
2021-09-19 07:42:32,259 DEBUG   HandlerThread:832784 [handler.py:handle_request():124] handle_request: poll_exit
2021-09-19 07:42:32,259 DEBUG   SenderThread:832784 [sender.py:send_request():193] send_request: poll_exit
2021-09-19 07:42:32,362 DEBUG   HandlerThread:832784 [handler.py:handle_request():124] handle_request: poll_exit
2021-09-19 07:42:32,362 DEBUG   SenderThread:832784 [sender.py:send_request():193] send_request: poll_exit
2021-09-19 07:42:32,455 INFO    Thread-13 :832784 [upload_job.py:push():137] Uploaded file /grid/koo/home/toneyan/profile/QuantPred/wandb/run-20210919_074154-2romt6qb/files/requirements.txt
2021-09-19 07:42:32,463 DEBUG   HandlerThread:832784 [handler.py:handle_request():124] handle_request: poll_exit
2021-09-19 07:42:32,464 DEBUG   SenderThread:832784 [sender.py:send_request():193] send_request: poll_exit
2021-09-19 07:42:32,537 INFO    Thread-14 :832784 [upload_job.py:push():137] Uploaded file /grid/koo/home/toneyan/profile/QuantPred/wandb/run-20210919_074154-2romt6qb/files/wandb-summary.json
2021-09-19 07:42:32,539 INFO    Thread-12 :832784 [upload_job.py:push():137] Uploaded file /grid/koo/home/toneyan/profile/QuantPred/wandb/run-20210919_074154-2romt6qb/files/config.yaml
2021-09-19 07:42:32,565 DEBUG   HandlerThread:832784 [handler.py:handle_request():124] handle_request: poll_exit
2021-09-19 07:42:32,566 DEBUG   SenderThread:832784 [sender.py:send_request():193] send_request: poll_exit
2021-09-19 07:42:32,667 DEBUG   HandlerThread:832784 [handler.py:handle_request():124] handle_request: poll_exit
2021-09-19 07:42:32,668 DEBUG   SenderThread:832784 [sender.py:send_request():193] send_request: poll_exit
2021-09-19 07:42:32,740 INFO    Thread-7  :832784 [sender.py:transition_state():308] send defer: 7
2021-09-19 07:42:32,740 DEBUG   HandlerThread:832784 [handler.py:handle_request():124] handle_request: defer
2021-09-19 07:42:32,740 INFO    HandlerThread:832784 [handler.py:handle_request_defer():141] handle defer: 7
2021-09-19 07:42:32,741 DEBUG   SenderThread:832784 [sender.py:send_request():193] send_request: defer
2021-09-19 07:42:32,741 INFO    SenderThread:832784 [sender.py:send_request_defer():304] handle sender defer: 7
2021-09-19 07:42:32,769 DEBUG   HandlerThread:832784 [handler.py:handle_request():124] handle_request: poll_exit
2021-09-19 07:42:33,180 INFO    SenderThread:832784 [sender.py:transition_state():308] send defer: 8
2021-09-19 07:42:33,180 DEBUG   SenderThread:832784 [sender.py:send_request():193] send_request: poll_exit
2021-09-19 07:42:33,181 DEBUG   HandlerThread:832784 [handler.py:handle_request():124] handle_request: defer
2021-09-19 07:42:33,181 INFO    HandlerThread:832784 [handler.py:handle_request_defer():141] handle defer: 8
2021-09-19 07:42:33,181 DEBUG   SenderThread:832784 [sender.py:send_request():193] send_request: defer
2021-09-19 07:42:33,181 INFO    SenderThread:832784 [sender.py:send_request_defer():304] handle sender defer: 8
2021-09-19 07:42:33,181 INFO    SenderThread:832784 [sender.py:transition_state():308] send defer: 9
2021-09-19 07:42:33,181 DEBUG   SenderThread:832784 [sender.py:send():179] send: final
2021-09-19 07:42:33,182 DEBUG   HandlerThread:832784 [handler.py:handle_request():124] handle_request: defer
2021-09-19 07:42:33,182 DEBUG   SenderThread:832784 [sender.py:send():179] send: footer
2021-09-19 07:42:33,182 INFO    HandlerThread:832784 [handler.py:handle_request_defer():141] handle defer: 9
2021-09-19 07:42:33,182 DEBUG   SenderThread:832784 [sender.py:send_request():193] send_request: defer
2021-09-19 07:42:33,182 INFO    SenderThread:832784 [sender.py:send_request_defer():304] handle sender defer: 9
2021-09-19 07:42:33,282 DEBUG   HandlerThread:832784 [handler.py:handle_request():124] handle_request: poll_exit
2021-09-19 07:42:33,283 DEBUG   SenderThread:832784 [sender.py:send_request():193] send_request: poll_exit
2021-09-19 07:42:33,283 INFO    SenderThread:832784 [file_pusher.py:join():182] waiting for file pusher
2021-09-19 07:42:33,284 DEBUG   HandlerThread:832784 [handler.py:handle_request():124] handle_request: get_summary
2021-09-19 07:42:33,285 DEBUG   HandlerThread:832784 [handler.py:handle_request():124] handle_request: sampled_history
2021-09-19 07:42:33,285 DEBUG   HandlerThread:832784 [handler.py:handle_request():124] handle_request: shutdown
2021-09-19 07:42:33,285 INFO    HandlerThread:832784 [handler.py:finish():638] shutting down handler
2021-09-19 07:42:34,182 INFO    WriterThread:832784 [datastore.py:close():288] close: /grid/koo/home/toneyan/profile/QuantPred/wandb/run-20210919_074154-2romt6qb/run-2romt6qb.wandb
2021-09-19 07:42:34,283 INFO    SenderThread:832784 [sender.py:finish():945] shutting down sender
2021-09-19 07:42:34,283 INFO    SenderThread:832784 [file_pusher.py:finish():177] shutting down file pusher
2021-09-19 07:42:34,283 INFO    SenderThread:832784 [file_pusher.py:join():182] waiting for file pusher
2021-09-19 07:42:34,285 INFO    MainThread:832784 [internal.py:handle_exit():78] Internal process exited
