2021-09-19 09:06:25,300 INFO    MainThread:818590 [internal.py:wandb_internal():91] W&B internal server running at pid: 818590, started at: 2021-09-19 09:06:25.298875
2021-09-19 09:06:25,302 DEBUG   HandlerThread:818590 [handler.py:handle_request():124] handle_request: check_version
2021-09-19 09:06:25,302 INFO    WriterThread:818590 [datastore.py:open_for_write():80] open: /grid/koo/home/toneyan/profile/QuantPred/wandb/run-20210919_090624-zuuygivy/run-zuuygivy.wandb
2021-09-19 09:06:25,304 DEBUG   SenderThread:818590 [sender.py:send():179] send: header
2021-09-19 09:06:25,304 DEBUG   SenderThread:818590 [sender.py:send_request():193] send_request: check_version
2021-09-19 09:06:25,334 DEBUG   SenderThread:818590 [sender.py:send():179] send: run
2021-09-19 09:06:25,399 ERROR   SenderThread:818590 [internal_api.py:execute():130] 429 response executing GraphQL.
2021-09-19 09:06:25,400 ERROR   SenderThread:818590 [internal_api.py:execute():131] {"error":"rate limit exceeded"}

2021-09-19 09:06:26,488 ERROR   SenderThread:818590 [internal_api.py:execute():130] 429 response executing GraphQL.
2021-09-19 09:06:26,488 ERROR   SenderThread:818590 [internal_api.py:execute():131] {"error":"rate limit exceeded"}

2021-09-19 09:06:28,851 ERROR   SenderThread:818590 [internal_api.py:execute():130] 429 response executing GraphQL.
2021-09-19 09:06:28,852 ERROR   SenderThread:818590 [internal_api.py:execute():131] {"error":"rate limit exceeded"}

2021-09-19 09:06:28,852 ERROR   SenderThread:818590 [retry.py:__call__():126] Retry attempt failed:
Traceback (most recent call last):
  File "/usr/local/lib/python3.6/dist-packages/wandb/sdk/lib/retry.py", line 102, in __call__
    result = self._call_fn(*args, **kwargs)
  File "/usr/local/lib/python3.6/dist-packages/wandb/sdk/internal/internal_api.py", line 133, in execute
    six.reraise(*sys.exc_info())
  File "/usr/local/lib/python3.6/dist-packages/six.py", line 719, in reraise
    raise value
  File "/usr/local/lib/python3.6/dist-packages/wandb/sdk/internal/internal_api.py", line 127, in execute
    return self.client.execute(*args, **kwargs)
  File "/usr/local/lib/python3.6/dist-packages/wandb/vendor/gql-0.2.0/gql/client.py", line 52, in execute
    result = self._get_result(document, *args, **kwargs)
  File "/usr/local/lib/python3.6/dist-packages/wandb/vendor/gql-0.2.0/gql/client.py", line 60, in _get_result
    return self.transport.execute(document, *args, **kwargs)
  File "/usr/local/lib/python3.6/dist-packages/wandb/vendor/gql-0.2.0/gql/transport/requests.py", line 39, in execute
    request.raise_for_status()
  File "/usr/local/lib/python3.6/dist-packages/requests/models.py", line 943, in raise_for_status
    raise HTTPError(http_error_msg, response=self)
requests.exceptions.HTTPError: 429 Client Error: Too Many Requests for url: https://api.wandb.ai/graphql
2021-09-19 09:06:33,833 INFO    SenderThread:818590 [dir_watcher.py:__init__():168] watching files in: /grid/koo/home/toneyan/profile/QuantPred/wandb/run-20210919_090624-zuuygivy/files
2021-09-19 09:06:33,834 INFO    SenderThread:818590 [sender.py:_start_run_threads():719] run started: zuuygivy with start time 1632056784
2021-09-19 09:06:33,836 DEBUG   SenderThread:818590 [sender.py:send():179] send: summary
2021-09-19 09:06:33,837 INFO    SenderThread:818590 [sender.py:_save_file():841] saving file wandb-summary.json with policy end
2021-09-19 09:06:33,838 DEBUG   HandlerThread:818590 [handler.py:handle_request():124] handle_request: run_start
2021-09-19 09:06:34,914 INFO    Thread-8  :818590 [dir_watcher.py:_on_file_created():216] file/dir created: /grid/koo/home/toneyan/profile/QuantPred/wandb/run-20210919_090624-zuuygivy/files/wandb-summary.json
2021-09-19 09:06:35,182 DEBUG   HandlerThread:818590 [meta.py:__init__():39] meta init
2021-09-19 09:06:35,183 DEBUG   HandlerThread:818590 [meta.py:__init__():53] meta init done
2021-09-19 09:06:35,183 DEBUG   HandlerThread:818590 [meta.py:probe():210] probe
2021-09-19 09:06:35,189 DEBUG   HandlerThread:818590 [meta.py:_save_pip():57] save pip
2021-09-19 09:06:35,190 DEBUG   HandlerThread:818590 [meta.py:_save_pip():71] save pip done
2021-09-19 09:06:35,191 DEBUG   HandlerThread:818590 [meta.py:probe():252] probe done
2021-09-19 09:06:35,194 DEBUG   SenderThread:818590 [sender.py:send():179] send: files
2021-09-19 09:06:35,194 INFO    SenderThread:818590 [sender.py:_save_file():841] saving file wandb-metadata.json with policy now
2021-09-19 09:06:35,219 DEBUG   HandlerThread:818590 [handler.py:handle_request():124] handle_request: stop_status
2021-09-19 09:06:35,219 DEBUG   SenderThread:818590 [sender.py:send_request():193] send_request: stop_status
2021-09-19 09:06:35,254 ERROR   Thread-11 :818590 [internal_api.py:execute():130] 429 response executing GraphQL.
2021-09-19 09:06:35,255 ERROR   Thread-11 :818590 [internal_api.py:execute():131] {"error":"rate limit exceeded"}

2021-09-19 09:06:35,276 ERROR   SenderThread:818590 [internal_api.py:execute():130] 429 response executing GraphQL.
2021-09-19 09:06:35,276 ERROR   SenderThread:818590 [internal_api.py:execute():131] {"error":"rate limit exceeded"}

2021-09-19 09:06:35,913 INFO    Thread-8  :818590 [dir_watcher.py:_on_file_created():216] file/dir created: /grid/koo/home/toneyan/profile/QuantPred/wandb/run-20210919_090624-zuuygivy/files/requirements.txt
2021-09-19 09:06:35,913 INFO    Thread-8  :818590 [dir_watcher.py:_on_file_created():216] file/dir created: /grid/koo/home/toneyan/profile/QuantPred/wandb/run-20210919_090624-zuuygivy/files/output.log
2021-09-19 09:06:35,913 INFO    Thread-8  :818590 [dir_watcher.py:_on_file_created():216] file/dir created: /grid/koo/home/toneyan/profile/QuantPred/wandb/run-20210919_090624-zuuygivy/files/wandb-metadata.json
2021-09-19 09:06:36,359 ERROR   SenderThread:818590 [internal_api.py:execute():130] 429 response executing GraphQL.
2021-09-19 09:06:36,360 ERROR   SenderThread:818590 [internal_api.py:execute():131] {"error":"rate limit exceeded"}

2021-09-19 09:06:36,360 ERROR   SenderThread:818590 [retry.py:__call__():126] Retry attempt failed:
Traceback (most recent call last):
  File "/usr/local/lib/python3.6/dist-packages/wandb/sdk/lib/retry.py", line 102, in __call__
    result = self._call_fn(*args, **kwargs)
  File "/usr/local/lib/python3.6/dist-packages/wandb/sdk/internal/internal_api.py", line 133, in execute
    six.reraise(*sys.exc_info())
  File "/usr/local/lib/python3.6/dist-packages/six.py", line 719, in reraise
    raise value
  File "/usr/local/lib/python3.6/dist-packages/wandb/sdk/internal/internal_api.py", line 127, in execute
    return self.client.execute(*args, **kwargs)
  File "/usr/local/lib/python3.6/dist-packages/wandb/vendor/gql-0.2.0/gql/client.py", line 52, in execute
    result = self._get_result(document, *args, **kwargs)
  File "/usr/local/lib/python3.6/dist-packages/wandb/vendor/gql-0.2.0/gql/client.py", line 60, in _get_result
    return self.transport.execute(document, *args, **kwargs)
  File "/usr/local/lib/python3.6/dist-packages/wandb/vendor/gql-0.2.0/gql/transport/requests.py", line 39, in execute
    request.raise_for_status()
  File "/usr/local/lib/python3.6/dist-packages/requests/models.py", line 943, in raise_for_status
    raise HTTPError(http_error_msg, response=self)
requests.exceptions.HTTPError: 429 Client Error: Too Many Requests for url: https://api.wandb.ai/graphql
2021-09-19 09:06:36,390 ERROR   Thread-11 :818590 [internal_api.py:execute():130] 429 response executing GraphQL.
2021-09-19 09:06:36,390 ERROR   Thread-11 :818590 [internal_api.py:execute():131] {"error":"rate limit exceeded"}

2021-09-19 09:06:36,390 ERROR   Thread-11 :818590 [retry.py:__call__():126] Retry attempt failed:
Traceback (most recent call last):
  File "/usr/local/lib/python3.6/dist-packages/wandb/sdk/lib/retry.py", line 102, in __call__
    result = self._call_fn(*args, **kwargs)
  File "/usr/local/lib/python3.6/dist-packages/wandb/sdk/internal/internal_api.py", line 133, in execute
    six.reraise(*sys.exc_info())
  File "/usr/local/lib/python3.6/dist-packages/six.py", line 719, in reraise
    raise value
  File "/usr/local/lib/python3.6/dist-packages/wandb/sdk/internal/internal_api.py", line 127, in execute
    return self.client.execute(*args, **kwargs)
  File "/usr/local/lib/python3.6/dist-packages/wandb/vendor/gql-0.2.0/gql/client.py", line 52, in execute
    result = self._get_result(document, *args, **kwargs)
  File "/usr/local/lib/python3.6/dist-packages/wandb/vendor/gql-0.2.0/gql/client.py", line 60, in _get_result
    return self.transport.execute(document, *args, **kwargs)
  File "/usr/local/lib/python3.6/dist-packages/wandb/vendor/gql-0.2.0/gql/transport/requests.py", line 39, in execute
    request.raise_for_status()
  File "/usr/local/lib/python3.6/dist-packages/requests/models.py", line 943, in raise_for_status
    raise HTTPError(http_error_msg, response=self)
requests.exceptions.HTTPError: 429 Client Error: Too Many Requests for url: https://api.wandb.ai/graphql
2021-09-19 09:06:38,746 ERROR   Thread-11 :818590 [internal_api.py:execute():130] 429 response executing GraphQL.
2021-09-19 09:06:38,747 ERROR   Thread-11 :818590 [internal_api.py:execute():131] {"error":"rate limit exceeded"}

2021-09-19 09:06:38,916 ERROR   SenderThread:818590 [internal_api.py:execute():130] 429 response executing GraphQL.
2021-09-19 09:06:38,916 ERROR   SenderThread:818590 [internal_api.py:execute():131] {"error":"rate limit exceeded"}

2021-09-19 09:06:43,399 ERROR   Thread-11 :818590 [internal_api.py:execute():130] 429 response executing GraphQL.
2021-09-19 09:06:43,399 ERROR   Thread-11 :818590 [internal_api.py:execute():131] {"error":"rate limit exceeded"}

2021-09-19 09:06:43,902 ERROR   SenderThread:818590 [internal_api.py:execute():130] 429 response executing GraphQL.
2021-09-19 09:06:43,902 ERROR   SenderThread:818590 [internal_api.py:execute():131] {"error":"rate limit exceeded"}

2021-09-19 09:06:52,146 INFO    Thread-11 :818590 [upload_job.py:push():137] Uploaded file /tmp/3288846.1.gpu_ded.q/tmpv2_5d5nwwandb/2e98jfzp-wandb-metadata.json
2021-09-19 09:07:03,610 DEBUG   SenderThread:818590 [sender.py:send():179] send: stats
2021-09-19 09:07:07,657 DEBUG   HandlerThread:818590 [handler.py:handle_request():124] handle_request: poll_exit
2021-09-19 09:07:07,657 DEBUG   SenderThread:818590 [sender.py:send():179] send: telemetry
2021-09-19 09:07:07,658 DEBUG   SenderThread:818590 [sender.py:send():179] send: exit
2021-09-19 09:07:07,658 INFO    SenderThread:818590 [sender.py:send_exit():287] handling exit code: 1
2021-09-19 09:07:07,658 INFO    SenderThread:818590 [sender.py:send_exit():295] send defer
2021-09-19 09:07:07,658 DEBUG   SenderThread:818590 [sender.py:send_request():193] send_request: poll_exit
2021-09-19 09:07:07,658 DEBUG   HandlerThread:818590 [handler.py:handle_request():124] handle_request: defer
2021-09-19 09:07:07,658 INFO    HandlerThread:818590 [handler.py:handle_request_defer():141] handle defer: 0
2021-09-19 09:07:07,658 DEBUG   SenderThread:818590 [sender.py:send_request():193] send_request: defer
2021-09-19 09:07:07,658 INFO    SenderThread:818590 [sender.py:send_request_defer():304] handle sender defer: 0
2021-09-19 09:07:07,658 INFO    SenderThread:818590 [sender.py:transition_state():308] send defer: 1
2021-09-19 09:07:07,659 DEBUG   HandlerThread:818590 [handler.py:handle_request():124] handle_request: defer
2021-09-19 09:07:07,659 INFO    HandlerThread:818590 [handler.py:handle_request_defer():141] handle defer: 1
2021-09-19 09:07:07,774 DEBUG   SenderThread:818590 [sender.py:send_request():193] send_request: defer
2021-09-19 09:07:07,774 DEBUG   HandlerThread:818590 [handler.py:handle_request():124] handle_request: poll_exit
2021-09-19 09:07:07,774 INFO    SenderThread:818590 [sender.py:send_request_defer():304] handle sender defer: 1
2021-09-19 09:07:07,775 INFO    SenderThread:818590 [sender.py:transition_state():308] send defer: 2
2021-09-19 09:07:07,775 DEBUG   SenderThread:818590 [sender.py:send_request():193] send_request: poll_exit
2021-09-19 09:07:07,775 DEBUG   SenderThread:818590 [sender.py:send():179] send: stats
2021-09-19 09:07:07,775 DEBUG   HandlerThread:818590 [handler.py:handle_request():124] handle_request: defer
2021-09-19 09:07:07,777 INFO    HandlerThread:818590 [handler.py:handle_request_defer():141] handle defer: 2
2021-09-19 09:07:07,777 DEBUG   SenderThread:818590 [sender.py:send_request():193] send_request: defer
2021-09-19 09:07:07,778 INFO    SenderThread:818590 [sender.py:send_request_defer():304] handle sender defer: 2
2021-09-19 09:07:07,778 INFO    SenderThread:818590 [sender.py:transition_state():308] send defer: 3
2021-09-19 09:07:07,778 DEBUG   HandlerThread:818590 [handler.py:handle_request():124] handle_request: defer
2021-09-19 09:07:07,778 INFO    HandlerThread:818590 [handler.py:handle_request_defer():141] handle defer: 3
2021-09-19 09:07:07,778 DEBUG   SenderThread:818590 [sender.py:send():179] send: summary
2021-09-19 09:07:07,778 INFO    SenderThread:818590 [sender.py:_save_file():841] saving file wandb-summary.json with policy end
2021-09-19 09:07:07,779 DEBUG   SenderThread:818590 [sender.py:send_request():193] send_request: defer
2021-09-19 09:07:07,779 INFO    SenderThread:818590 [sender.py:send_request_defer():304] handle sender defer: 3
2021-09-19 09:07:07,779 INFO    SenderThread:818590 [sender.py:transition_state():308] send defer: 4
2021-09-19 09:07:07,779 DEBUG   HandlerThread:818590 [handler.py:handle_request():124] handle_request: defer
2021-09-19 09:07:07,779 INFO    HandlerThread:818590 [handler.py:handle_request_defer():141] handle defer: 4
2021-09-19 09:07:07,779 DEBUG   SenderThread:818590 [sender.py:send_request():193] send_request: defer
2021-09-19 09:07:07,779 INFO    SenderThread:818590 [sender.py:send_request_defer():304] handle sender defer: 4
2021-09-19 09:07:07,841 ERROR   SenderThread:818590 [internal_api.py:execute():130] 429 response executing GraphQL.
2021-09-19 09:07:07,842 ERROR   SenderThread:818590 [internal_api.py:execute():131] {"error":"rate limit exceeded"}

2021-09-19 09:07:07,877 DEBUG   HandlerThread:818590 [handler.py:handle_request():124] handle_request: poll_exit
2021-09-19 09:07:07,926 INFO    Thread-8  :818590 [dir_watcher.py:_on_file_modified():229] file/dir modified: /grid/koo/home/toneyan/profile/QuantPred/wandb/run-20210919_090624-zuuygivy/files/wandb-summary.json
2021-09-19 09:07:09,051 ERROR   SenderThread:818590 [internal_api.py:execute():130] 429 response executing GraphQL.
2021-09-19 09:07:09,051 ERROR   SenderThread:818590 [internal_api.py:execute():131] {"error":"rate limit exceeded"}

2021-09-19 09:07:11,194 ERROR   SenderThread:818590 [internal_api.py:execute():130] 429 response executing GraphQL.
2021-09-19 09:07:11,195 ERROR   SenderThread:818590 [internal_api.py:execute():131] {"error":"rate limit exceeded"}

2021-09-19 09:07:11,195 ERROR   SenderThread:818590 [retry.py:__call__():126] Retry attempt failed:
Traceback (most recent call last):
  File "/usr/local/lib/python3.6/dist-packages/wandb/sdk/lib/retry.py", line 102, in __call__
    result = self._call_fn(*args, **kwargs)
  File "/usr/local/lib/python3.6/dist-packages/wandb/sdk/internal/internal_api.py", line 133, in execute
    six.reraise(*sys.exc_info())
  File "/usr/local/lib/python3.6/dist-packages/six.py", line 719, in reraise
    raise value
  File "/usr/local/lib/python3.6/dist-packages/wandb/sdk/internal/internal_api.py", line 127, in execute
    return self.client.execute(*args, **kwargs)
  File "/usr/local/lib/python3.6/dist-packages/wandb/vendor/gql-0.2.0/gql/client.py", line 52, in execute
    result = self._get_result(document, *args, **kwargs)
  File "/usr/local/lib/python3.6/dist-packages/wandb/vendor/gql-0.2.0/gql/client.py", line 60, in _get_result
    return self.transport.execute(document, *args, **kwargs)
  File "/usr/local/lib/python3.6/dist-packages/wandb/vendor/gql-0.2.0/gql/transport/requests.py", line 39, in execute
    request.raise_for_status()
  File "/usr/local/lib/python3.6/dist-packages/requests/models.py", line 943, in raise_for_status
    raise HTTPError(http_error_msg, response=self)
requests.exceptions.HTTPError: 429 Client Error: Too Many Requests for url: https://api.wandb.ai/graphql
2021-09-19 09:07:12,978 DEBUG   HandlerThread:818590 [handler.py:handle_request():124] handle_request: poll_exit
2021-09-19 09:07:15,552 INFO    SenderThread:818590 [sender.py:transition_state():308] send defer: 5
2021-09-19 09:07:15,553 DEBUG   SenderThread:818590 [sender.py:send_request():193] send_request: poll_exit
2021-09-19 09:07:15,553 DEBUG   SenderThread:818590 [sender.py:send_request():193] send_request: poll_exit
2021-09-19 09:07:15,553 DEBUG   HandlerThread:818590 [handler.py:handle_request():124] handle_request: defer
2021-09-19 09:07:15,554 INFO    HandlerThread:818590 [handler.py:handle_request_defer():141] handle defer: 5
2021-09-19 09:07:15,554 DEBUG   SenderThread:818590 [sender.py:send_request():193] send_request: defer
2021-09-19 09:07:15,554 INFO    SenderThread:818590 [sender.py:send_request_defer():304] handle sender defer: 5
2021-09-19 09:07:15,554 INFO    SenderThread:818590 [dir_watcher.py:finish():282] shutting down directory watcher
2021-09-19 09:07:15,655 DEBUG   HandlerThread:818590 [handler.py:handle_request():124] handle_request: poll_exit
2021-09-19 09:07:15,928 INFO    SenderThread:818590 [dir_watcher.py:_on_file_modified():229] file/dir modified: /grid/koo/home/toneyan/profile/QuantPred/wandb/run-20210919_090624-zuuygivy/files/config.yaml
2021-09-19 09:07:15,929 INFO    SenderThread:818590 [dir_watcher.py:finish():312] scan: /grid/koo/home/toneyan/profile/QuantPred/wandb/run-20210919_090624-zuuygivy/files
2021-09-19 09:07:15,929 INFO    SenderThread:818590 [dir_watcher.py:finish():318] scan save: /grid/koo/home/toneyan/profile/QuantPred/wandb/run-20210919_090624-zuuygivy/files/wandb-metadata.json wandb-metadata.json
2021-09-19 09:07:15,929 INFO    SenderThread:818590 [dir_watcher.py:finish():318] scan save: /grid/koo/home/toneyan/profile/QuantPred/wandb/run-20210919_090624-zuuygivy/files/config.yaml config.yaml
2021-09-19 09:07:15,929 INFO    SenderThread:818590 [dir_watcher.py:finish():318] scan save: /grid/koo/home/toneyan/profile/QuantPred/wandb/run-20210919_090624-zuuygivy/files/requirements.txt requirements.txt
2021-09-19 09:07:15,929 INFO    SenderThread:818590 [dir_watcher.py:finish():318] scan save: /grid/koo/home/toneyan/profile/QuantPred/wandb/run-20210919_090624-zuuygivy/files/wandb-summary.json wandb-summary.json
2021-09-19 09:07:15,933 INFO    SenderThread:818590 [dir_watcher.py:finish():318] scan save: /grid/koo/home/toneyan/profile/QuantPred/wandb/run-20210919_090624-zuuygivy/files/output.log output.log
2021-09-19 09:07:15,941 INFO    SenderThread:818590 [sender.py:transition_state():308] send defer: 6
2021-09-19 09:07:15,941 DEBUG   SenderThread:818590 [sender.py:send_request():193] send_request: poll_exit
2021-09-19 09:07:15,942 DEBUG   HandlerThread:818590 [handler.py:handle_request():124] handle_request: defer
2021-09-19 09:07:15,942 INFO    HandlerThread:818590 [handler.py:handle_request_defer():141] handle defer: 6
2021-09-19 09:07:15,943 DEBUG   SenderThread:818590 [sender.py:send_request():193] send_request: defer
2021-09-19 09:07:15,943 INFO    SenderThread:818590 [sender.py:send_request_defer():304] handle sender defer: 6
2021-09-19 09:07:15,943 INFO    SenderThread:818590 [file_pusher.py:finish():177] shutting down file pusher
2021-09-19 09:07:16,043 DEBUG   HandlerThread:818590 [handler.py:handle_request():124] handle_request: poll_exit
2021-09-19 09:07:16,043 DEBUG   SenderThread:818590 [sender.py:send_request():193] send_request: poll_exit
2021-09-19 09:07:16,145 DEBUG   HandlerThread:818590 [handler.py:handle_request():124] handle_request: poll_exit
2021-09-19 09:07:16,146 DEBUG   SenderThread:818590 [sender.py:send_request():193] send_request: poll_exit
2021-09-19 09:07:16,248 DEBUG   HandlerThread:818590 [handler.py:handle_request():124] handle_request: poll_exit
2021-09-19 09:07:16,248 DEBUG   SenderThread:818590 [sender.py:send_request():193] send_request: poll_exit
2021-09-19 09:07:16,290 INFO    Thread-12 :818590 [upload_job.py:push():137] Uploaded file /grid/koo/home/toneyan/profile/QuantPred/wandb/run-20210919_090624-zuuygivy/files/config.yaml
2021-09-19 09:07:16,341 INFO    Thread-14 :818590 [upload_job.py:push():137] Uploaded file /grid/koo/home/toneyan/profile/QuantPred/wandb/run-20210919_090624-zuuygivy/files/wandb-summary.json
2021-09-19 09:07:16,342 INFO    Thread-13 :818590 [upload_job.py:push():137] Uploaded file /grid/koo/home/toneyan/profile/QuantPred/wandb/run-20210919_090624-zuuygivy/files/requirements.txt
2021-09-19 09:07:16,350 DEBUG   HandlerThread:818590 [handler.py:handle_request():124] handle_request: poll_exit
2021-09-19 09:07:16,351 DEBUG   SenderThread:818590 [sender.py:send_request():193] send_request: poll_exit
2021-09-19 09:07:16,453 DEBUG   HandlerThread:818590 [handler.py:handle_request():124] handle_request: poll_exit
2021-09-19 09:07:16,453 DEBUG   SenderThread:818590 [sender.py:send_request():193] send_request: poll_exit
2021-09-19 09:07:16,543 INFO    Thread-7  :818590 [sender.py:transition_state():308] send defer: 7
2021-09-19 09:07:16,543 DEBUG   HandlerThread:818590 [handler.py:handle_request():124] handle_request: defer
2021-09-19 09:07:16,544 INFO    HandlerThread:818590 [handler.py:handle_request_defer():141] handle defer: 7
2021-09-19 09:07:16,544 DEBUG   SenderThread:818590 [sender.py:send_request():193] send_request: defer
2021-09-19 09:07:16,544 INFO    SenderThread:818590 [sender.py:send_request_defer():304] handle sender defer: 7
2021-09-19 09:07:16,598 DEBUG   HandlerThread:818590 [handler.py:handle_request():124] handle_request: poll_exit
2021-09-19 09:07:16,598 INFO    SenderThread:818590 [sender.py:transition_state():308] send defer: 8
2021-09-19 09:07:16,598 DEBUG   SenderThread:818590 [sender.py:send_request():193] send_request: poll_exit
2021-09-19 09:07:16,599 DEBUG   HandlerThread:818590 [handler.py:handle_request():124] handle_request: defer
2021-09-19 09:07:16,599 INFO    HandlerThread:818590 [handler.py:handle_request_defer():141] handle defer: 8
2021-09-19 09:07:16,600 DEBUG   SenderThread:818590 [sender.py:send_request():193] send_request: defer
2021-09-19 09:07:16,600 INFO    SenderThread:818590 [sender.py:send_request_defer():304] handle sender defer: 8
2021-09-19 09:07:16,600 INFO    SenderThread:818590 [sender.py:transition_state():308] send defer: 9
2021-09-19 09:07:16,600 DEBUG   SenderThread:818590 [sender.py:send():179] send: final
2021-09-19 09:07:16,600 DEBUG   HandlerThread:818590 [handler.py:handle_request():124] handle_request: defer
2021-09-19 09:07:16,600 DEBUG   SenderThread:818590 [sender.py:send():179] send: footer
2021-09-19 09:07:16,601 INFO    HandlerThread:818590 [handler.py:handle_request_defer():141] handle defer: 9
2021-09-19 09:07:16,601 DEBUG   SenderThread:818590 [sender.py:send_request():193] send_request: defer
2021-09-19 09:07:16,601 INFO    SenderThread:818590 [sender.py:send_request_defer():304] handle sender defer: 9
2021-09-19 09:07:16,703 DEBUG   HandlerThread:818590 [handler.py:handle_request():124] handle_request: poll_exit
2021-09-19 09:07:16,704 DEBUG   SenderThread:818590 [sender.py:send_request():193] send_request: poll_exit
2021-09-19 09:07:16,704 INFO    SenderThread:818590 [file_pusher.py:join():182] waiting for file pusher
2021-09-19 09:07:16,706 DEBUG   HandlerThread:818590 [handler.py:handle_request():124] handle_request: get_summary
2021-09-19 09:07:16,706 DEBUG   HandlerThread:818590 [handler.py:handle_request():124] handle_request: sampled_history
2021-09-19 09:07:16,707 DEBUG   HandlerThread:818590 [handler.py:handle_request():124] handle_request: shutdown
2021-09-19 09:07:16,707 INFO    HandlerThread:818590 [handler.py:finish():638] shutting down handler
2021-09-19 09:07:17,601 INFO    WriterThread:818590 [datastore.py:close():288] close: /grid/koo/home/toneyan/profile/QuantPred/wandb/run-20210919_090624-zuuygivy/run-zuuygivy.wandb
2021-09-19 09:07:17,704 INFO    SenderThread:818590 [sender.py:finish():945] shutting down sender
2021-09-19 09:07:17,704 INFO    SenderThread:818590 [file_pusher.py:finish():177] shutting down file pusher
2021-09-19 09:07:17,705 INFO    SenderThread:818590 [file_pusher.py:join():182] waiting for file pusher
2021-09-19 09:07:17,706 INFO    MainThread:818590 [internal.py:handle_exit():78] Internal process exited
