2021-09-19 03:55:40,987 INFO    MainThread:27140 [internal.py:wandb_internal():91] W&B internal server running at pid: 27140, started at: 2021-09-19 03:55:40.987030
2021-09-19 03:55:40,989 DEBUG   HandlerThread:27140 [handler.py:handle_request():124] handle_request: check_version
2021-09-19 03:55:40,989 INFO    WriterThread:27140 [datastore.py:open_for_write():80] open: /grid/koo/home/toneyan/profile/QuantPred/wandb/run-20210919_035540-ktygldhk/run-ktygldhk.wandb
2021-09-19 03:55:40,991 DEBUG   SenderThread:27140 [sender.py:send():179] send: header
2021-09-19 03:55:40,991 DEBUG   SenderThread:27140 [sender.py:send_request():193] send_request: check_version
2021-09-19 03:55:41,019 DEBUG   SenderThread:27140 [sender.py:send():179] send: run
2021-09-19 03:55:41,082 ERROR   SenderThread:27140 [internal_api.py:execute():130] 429 response executing GraphQL.
2021-09-19 03:55:41,083 ERROR   SenderThread:27140 [internal_api.py:execute():131] {"error":"rate limit exceeded"}

2021-09-19 03:55:42,302 ERROR   SenderThread:27140 [internal_api.py:execute():130] 429 response executing GraphQL.
2021-09-19 03:55:42,302 ERROR   SenderThread:27140 [internal_api.py:execute():131] {"error":"rate limit exceeded"}

2021-09-19 03:55:44,369 ERROR   SenderThread:27140 [internal_api.py:execute():130] 429 response executing GraphQL.
2021-09-19 03:55:44,369 ERROR   SenderThread:27140 [internal_api.py:execute():131] {"error":"rate limit exceeded"}

2021-09-19 03:55:44,369 ERROR   SenderThread:27140 [retry.py:__call__():126] Retry attempt failed:
Traceback (most recent call last):
  File "/usr/local/lib/python3.6/dist-packages/wandb/sdk/lib/retry.py", line 102, in __call__
    result = self._call_fn(*args, **kwargs)
  File "/usr/local/lib/python3.6/dist-packages/wandb/sdk/internal/internal_api.py", line 133, in execute
    six.reraise(*sys.exc_info())
  File "/usr/local/lib/python3.6/dist-packages/six.py", line 719, in reraise
    raise value
  File "/usr/local/lib/python3.6/dist-packages/wandb/sdk/internal/internal_api.py", line 127, in execute
    return self.client.execute(*args, **kwargs)
  File "/usr/local/lib/python3.6/dist-packages/wandb/vendor/gql-0.2.0/gql/client.py", line 52, in execute
    result = self._get_result(document, *args, **kwargs)
  File "/usr/local/lib/python3.6/dist-packages/wandb/vendor/gql-0.2.0/gql/client.py", line 60, in _get_result
    return self.transport.execute(document, *args, **kwargs)
  File "/usr/local/lib/python3.6/dist-packages/wandb/vendor/gql-0.2.0/gql/transport/requests.py", line 39, in execute
    request.raise_for_status()
  File "/usr/local/lib/python3.6/dist-packages/requests/models.py", line 943, in raise_for_status
    raise HTTPError(http_error_msg, response=self)
requests.exceptions.HTTPError: 429 Client Error: Too Many Requests for url: https://api.wandb.ai/graphql
2021-09-19 03:55:49,404 INFO    SenderThread:27140 [dir_watcher.py:__init__():168] watching files in: /grid/koo/home/toneyan/profile/QuantPred/wandb/run-20210919_035540-ktygldhk/files
2021-09-19 03:55:49,404 INFO    SenderThread:27140 [sender.py:_start_run_threads():719] run started: ktygldhk with start time 1632038140
2021-09-19 03:55:49,404 DEBUG   SenderThread:27140 [sender.py:send():179] send: summary
2021-09-19 03:55:49,405 DEBUG   HandlerThread:27140 [handler.py:handle_request():124] handle_request: run_start
2021-09-19 03:55:49,405 INFO    SenderThread:27140 [sender.py:_save_file():841] saving file wandb-summary.json with policy end
2021-09-19 03:55:50,414 INFO    Thread-8  :27140 [dir_watcher.py:_on_file_created():216] file/dir created: /grid/koo/home/toneyan/profile/QuantPred/wandb/run-20210919_035540-ktygldhk/files/wandb-summary.json
2021-09-19 03:55:50,611 DEBUG   HandlerThread:27140 [meta.py:__init__():39] meta init
2021-09-19 03:55:50,611 DEBUG   HandlerThread:27140 [meta.py:__init__():53] meta init done
2021-09-19 03:55:50,611 DEBUG   HandlerThread:27140 [meta.py:probe():210] probe
2021-09-19 03:55:50,617 DEBUG   HandlerThread:27140 [meta.py:_save_pip():57] save pip
2021-09-19 03:55:50,619 DEBUG   HandlerThread:27140 [meta.py:_save_pip():71] save pip done
2021-09-19 03:55:50,619 DEBUG   HandlerThread:27140 [meta.py:probe():252] probe done
2021-09-19 03:55:50,621 DEBUG   SenderThread:27140 [sender.py:send():179] send: files
2021-09-19 03:55:50,622 INFO    SenderThread:27140 [sender.py:_save_file():841] saving file wandb-metadata.json with policy now
2021-09-19 03:55:50,629 DEBUG   HandlerThread:27140 [handler.py:handle_request():124] handle_request: stop_status
2021-09-19 03:55:50,629 DEBUG   SenderThread:27140 [sender.py:send_request():193] send_request: stop_status
2021-09-19 03:55:50,969 INFO    Thread-11 :27140 [upload_job.py:push():137] Uploaded file /tmp/3288847.1.gpu_ded.q/tmp47g95yb_wandb/2x6m1xy1-wandb-metadata.json
2021-09-19 03:55:51,414 INFO    Thread-8  :27140 [dir_watcher.py:_on_file_created():216] file/dir created: /grid/koo/home/toneyan/profile/QuantPred/wandb/run-20210919_035540-ktygldhk/files/requirements.txt
2021-09-19 03:55:51,414 INFO    Thread-8  :27140 [dir_watcher.py:_on_file_created():216] file/dir created: /grid/koo/home/toneyan/profile/QuantPred/wandb/run-20210919_035540-ktygldhk/files/wandb-metadata.json
2021-09-19 03:55:51,414 INFO    Thread-8  :27140 [dir_watcher.py:_on_file_created():216] file/dir created: /grid/koo/home/toneyan/profile/QuantPred/wandb/run-20210919_035540-ktygldhk/files/output.log
2021-09-19 03:56:05,699 DEBUG   HandlerThread:27140 [handler.py:handle_request():124] handle_request: stop_status
2021-09-19 03:56:05,700 DEBUG   SenderThread:27140 [sender.py:send_request():193] send_request: stop_status
2021-09-19 03:56:05,755 ERROR   SenderThread:27140 [internal_api.py:execute():130] 429 response executing GraphQL.
2021-09-19 03:56:05,755 ERROR   SenderThread:27140 [internal_api.py:execute():131] {"error":"rate limit exceeded"}

2021-09-19 03:56:06,873 ERROR   SenderThread:27140 [internal_api.py:execute():130] 429 response executing GraphQL.
2021-09-19 03:56:06,874 ERROR   SenderThread:27140 [internal_api.py:execute():131] {"error":"rate limit exceeded"}

2021-09-19 03:56:09,126 ERROR   SenderThread:27140 [internal_api.py:execute():130] 429 response executing GraphQL.
2021-09-19 03:56:09,126 ERROR   SenderThread:27140 [internal_api.py:execute():131] {"error":"rate limit exceeded"}

2021-09-19 03:56:09,126 ERROR   SenderThread:27140 [retry.py:__call__():126] Retry attempt failed:
Traceback (most recent call last):
  File "/usr/local/lib/python3.6/dist-packages/wandb/sdk/lib/retry.py", line 102, in __call__
    result = self._call_fn(*args, **kwargs)
  File "/usr/local/lib/python3.6/dist-packages/wandb/sdk/internal/internal_api.py", line 133, in execute
    six.reraise(*sys.exc_info())
  File "/usr/local/lib/python3.6/dist-packages/six.py", line 719, in reraise
    raise value
  File "/usr/local/lib/python3.6/dist-packages/wandb/sdk/internal/internal_api.py", line 127, in execute
    return self.client.execute(*args, **kwargs)
  File "/usr/local/lib/python3.6/dist-packages/wandb/vendor/gql-0.2.0/gql/client.py", line 52, in execute
    result = self._get_result(document, *args, **kwargs)
  File "/usr/local/lib/python3.6/dist-packages/wandb/vendor/gql-0.2.0/gql/client.py", line 60, in _get_result
    return self.transport.execute(document, *args, **kwargs)
  File "/usr/local/lib/python3.6/dist-packages/wandb/vendor/gql-0.2.0/gql/transport/requests.py", line 39, in execute
    request.raise_for_status()
  File "/usr/local/lib/python3.6/dist-packages/requests/models.py", line 943, in raise_for_status
    raise HTTPError(http_error_msg, response=self)
requests.exceptions.HTTPError: 429 Client Error: Too Many Requests for url: https://api.wandb.ai/graphql
2021-09-19 03:56:14,137 ERROR   SenderThread:27140 [internal_api.py:execute():130] 429 response executing GraphQL.
2021-09-19 03:56:14,138 ERROR   SenderThread:27140 [internal_api.py:execute():131] {"error":"rate limit exceeded"}

2021-09-19 03:56:22,212 DEBUG   SenderThread:27140 [sender.py:send():179] send: stats
2021-09-19 03:56:23,481 DEBUG   SenderThread:27140 [sender.py:send():179] send: telemetry
2021-09-19 03:56:23,482 DEBUG   HandlerThread:27140 [handler.py:handle_request():124] handle_request: poll_exit
2021-09-19 03:56:23,482 DEBUG   SenderThread:27140 [sender.py:send():179] send: exit
2021-09-19 03:56:23,482 INFO    SenderThread:27140 [sender.py:send_exit():287] handling exit code: 1
2021-09-19 03:56:23,482 INFO    SenderThread:27140 [sender.py:send_exit():295] send defer
2021-09-19 03:56:23,482 DEBUG   SenderThread:27140 [sender.py:send_request():193] send_request: poll_exit
2021-09-19 03:56:23,483 DEBUG   HandlerThread:27140 [handler.py:handle_request():124] handle_request: defer
2021-09-19 03:56:23,483 INFO    HandlerThread:27140 [handler.py:handle_request_defer():141] handle defer: 0
2021-09-19 03:56:23,483 DEBUG   SenderThread:27140 [sender.py:send_request():193] send_request: defer
2021-09-19 03:56:23,483 INFO    SenderThread:27140 [sender.py:send_request_defer():304] handle sender defer: 0
2021-09-19 03:56:23,483 INFO    SenderThread:27140 [sender.py:transition_state():308] send defer: 1
2021-09-19 03:56:23,483 DEBUG   HandlerThread:27140 [handler.py:handle_request():124] handle_request: defer
2021-09-19 03:56:23,483 INFO    HandlerThread:27140 [handler.py:handle_request_defer():141] handle defer: 1
2021-09-19 03:56:23,599 DEBUG   SenderThread:27140 [sender.py:send_request():193] send_request: defer
2021-09-19 03:56:23,599 INFO    SenderThread:27140 [sender.py:send_request_defer():304] handle sender defer: 1
2021-09-19 03:56:23,599 INFO    SenderThread:27140 [sender.py:transition_state():308] send defer: 2
2021-09-19 03:56:23,599 DEBUG   HandlerThread:27140 [handler.py:handle_request():124] handle_request: poll_exit
2021-09-19 03:56:23,600 DEBUG   SenderThread:27140 [sender.py:send_request():193] send_request: poll_exit
2021-09-19 03:56:23,600 DEBUG   HandlerThread:27140 [handler.py:handle_request():124] handle_request: defer
2021-09-19 03:56:23,600 DEBUG   SenderThread:27140 [sender.py:send():179] send: stats
2021-09-19 03:56:23,601 INFO    HandlerThread:27140 [handler.py:handle_request_defer():141] handle defer: 2
2021-09-19 03:56:23,601 DEBUG   SenderThread:27140 [sender.py:send_request():193] send_request: defer
2021-09-19 03:56:23,601 INFO    SenderThread:27140 [sender.py:send_request_defer():304] handle sender defer: 2
2021-09-19 03:56:23,601 INFO    SenderThread:27140 [sender.py:transition_state():308] send defer: 3
2021-09-19 03:56:23,602 DEBUG   HandlerThread:27140 [handler.py:handle_request():124] handle_request: defer
2021-09-19 03:56:23,602 INFO    HandlerThread:27140 [handler.py:handle_request_defer():141] handle defer: 3
2021-09-19 03:56:23,602 DEBUG   SenderThread:27140 [sender.py:send():179] send: summary
2021-09-19 03:56:23,602 INFO    SenderThread:27140 [sender.py:_save_file():841] saving file wandb-summary.json with policy end
2021-09-19 03:56:23,603 DEBUG   SenderThread:27140 [sender.py:send_request():193] send_request: defer
2021-09-19 03:56:23,603 INFO    SenderThread:27140 [sender.py:send_request_defer():304] handle sender defer: 3
2021-09-19 03:56:23,603 INFO    SenderThread:27140 [sender.py:transition_state():308] send defer: 4
2021-09-19 03:56:23,603 DEBUG   HandlerThread:27140 [handler.py:handle_request():124] handle_request: defer
2021-09-19 03:56:23,603 INFO    HandlerThread:27140 [handler.py:handle_request_defer():141] handle defer: 4
2021-09-19 03:56:23,603 DEBUG   SenderThread:27140 [sender.py:send_request():193] send_request: defer
2021-09-19 03:56:23,603 INFO    SenderThread:27140 [sender.py:send_request_defer():304] handle sender defer: 4
2021-09-19 03:56:23,661 ERROR   SenderThread:27140 [internal_api.py:execute():130] 429 response executing GraphQL.
2021-09-19 03:56:23,662 ERROR   SenderThread:27140 [internal_api.py:execute():131] {"error":"rate limit exceeded"}

2021-09-19 03:56:23,732 DEBUG   HandlerThread:27140 [handler.py:handle_request():124] handle_request: poll_exit
2021-09-19 03:56:24,426 INFO    Thread-8  :27140 [dir_watcher.py:_on_file_modified():229] file/dir modified: /grid/koo/home/toneyan/profile/QuantPred/wandb/run-20210919_035540-ktygldhk/files/wandb-summary.json
2021-09-19 03:56:24,866 ERROR   SenderThread:27140 [internal_api.py:execute():130] 429 response executing GraphQL.
2021-09-19 03:56:24,866 ERROR   SenderThread:27140 [internal_api.py:execute():131] {"error":"rate limit exceeded"}

2021-09-19 03:56:27,380 ERROR   SenderThread:27140 [internal_api.py:execute():130] 429 response executing GraphQL.
2021-09-19 03:56:27,381 ERROR   SenderThread:27140 [internal_api.py:execute():131] {"error":"rate limit exceeded"}

2021-09-19 03:56:27,381 ERROR   SenderThread:27140 [retry.py:__call__():126] Retry attempt failed:
Traceback (most recent call last):
  File "/usr/local/lib/python3.6/dist-packages/wandb/sdk/lib/retry.py", line 102, in __call__
    result = self._call_fn(*args, **kwargs)
  File "/usr/local/lib/python3.6/dist-packages/wandb/sdk/internal/internal_api.py", line 133, in execute
    six.reraise(*sys.exc_info())
  File "/usr/local/lib/python3.6/dist-packages/six.py", line 719, in reraise
    raise value
  File "/usr/local/lib/python3.6/dist-packages/wandb/sdk/internal/internal_api.py", line 127, in execute
    return self.client.execute(*args, **kwargs)
  File "/usr/local/lib/python3.6/dist-packages/wandb/vendor/gql-0.2.0/gql/client.py", line 52, in execute
    result = self._get_result(document, *args, **kwargs)
  File "/usr/local/lib/python3.6/dist-packages/wandb/vendor/gql-0.2.0/gql/client.py", line 60, in _get_result
    return self.transport.execute(document, *args, **kwargs)
  File "/usr/local/lib/python3.6/dist-packages/wandb/vendor/gql-0.2.0/gql/transport/requests.py", line 39, in execute
    request.raise_for_status()
  File "/usr/local/lib/python3.6/dist-packages/requests/models.py", line 943, in raise_for_status
    raise HTTPError(http_error_msg, response=self)
requests.exceptions.HTTPError: 429 Client Error: Too Many Requests for url: https://api.wandb.ai/graphql
2021-09-19 03:56:28,833 DEBUG   HandlerThread:27140 [handler.py:handle_request():124] handle_request: poll_exit
2021-09-19 03:56:32,072 INFO    SenderThread:27140 [sender.py:transition_state():308] send defer: 5
2021-09-19 03:56:32,072 DEBUG   SenderThread:27140 [sender.py:send_request():193] send_request: poll_exit
2021-09-19 03:56:32,072 DEBUG   SenderThread:27140 [sender.py:send_request():193] send_request: poll_exit
2021-09-19 03:56:32,073 DEBUG   HandlerThread:27140 [handler.py:handle_request():124] handle_request: defer
2021-09-19 03:56:32,073 INFO    HandlerThread:27140 [handler.py:handle_request_defer():141] handle defer: 5
2021-09-19 03:56:32,073 DEBUG   SenderThread:27140 [sender.py:send_request():193] send_request: defer
2021-09-19 03:56:32,073 INFO    SenderThread:27140 [sender.py:send_request_defer():304] handle sender defer: 5
2021-09-19 03:56:32,073 INFO    SenderThread:27140 [dir_watcher.py:finish():282] shutting down directory watcher
2021-09-19 03:56:32,178 DEBUG   HandlerThread:27140 [handler.py:handle_request():124] handle_request: poll_exit
2021-09-19 03:56:32,428 INFO    SenderThread:27140 [dir_watcher.py:_on_file_modified():229] file/dir modified: /grid/koo/home/toneyan/profile/QuantPred/wandb/run-20210919_035540-ktygldhk/files/config.yaml
2021-09-19 03:56:32,429 INFO    SenderThread:27140 [dir_watcher.py:finish():312] scan: /grid/koo/home/toneyan/profile/QuantPred/wandb/run-20210919_035540-ktygldhk/files
2021-09-19 03:56:32,429 INFO    SenderThread:27140 [dir_watcher.py:finish():318] scan save: /grid/koo/home/toneyan/profile/QuantPred/wandb/run-20210919_035540-ktygldhk/files/wandb-metadata.json wandb-metadata.json
2021-09-19 03:56:32,429 INFO    SenderThread:27140 [dir_watcher.py:finish():318] scan save: /grid/koo/home/toneyan/profile/QuantPred/wandb/run-20210919_035540-ktygldhk/files/config.yaml config.yaml
2021-09-19 03:56:32,429 INFO    SenderThread:27140 [dir_watcher.py:finish():318] scan save: /grid/koo/home/toneyan/profile/QuantPred/wandb/run-20210919_035540-ktygldhk/files/requirements.txt requirements.txt
2021-09-19 03:56:32,430 INFO    SenderThread:27140 [dir_watcher.py:finish():318] scan save: /grid/koo/home/toneyan/profile/QuantPred/wandb/run-20210919_035540-ktygldhk/files/wandb-summary.json wandb-summary.json
2021-09-19 03:56:32,433 INFO    SenderThread:27140 [dir_watcher.py:finish():318] scan save: /grid/koo/home/toneyan/profile/QuantPred/wandb/run-20210919_035540-ktygldhk/files/output.log output.log
2021-09-19 03:56:32,441 INFO    SenderThread:27140 [sender.py:transition_state():308] send defer: 6
2021-09-19 03:56:32,441 DEBUG   SenderThread:27140 [sender.py:send_request():193] send_request: poll_exit
2021-09-19 03:56:32,442 DEBUG   HandlerThread:27140 [handler.py:handle_request():124] handle_request: defer
2021-09-19 03:56:32,442 INFO    HandlerThread:27140 [handler.py:handle_request_defer():141] handle defer: 6
2021-09-19 03:56:32,442 DEBUG   SenderThread:27140 [sender.py:send_request():193] send_request: defer
2021-09-19 03:56:32,442 INFO    SenderThread:27140 [sender.py:send_request_defer():304] handle sender defer: 6
2021-09-19 03:56:32,442 INFO    SenderThread:27140 [file_pusher.py:finish():177] shutting down file pusher
2021-09-19 03:56:32,544 DEBUG   HandlerThread:27140 [handler.py:handle_request():124] handle_request: poll_exit
2021-09-19 03:56:32,545 DEBUG   SenderThread:27140 [sender.py:send_request():193] send_request: poll_exit
2021-09-19 03:56:32,651 DEBUG   HandlerThread:27140 [handler.py:handle_request():124] handle_request: poll_exit
2021-09-19 03:56:32,652 DEBUG   SenderThread:27140 [sender.py:send_request():193] send_request: poll_exit
2021-09-19 03:56:32,737 INFO    Thread-12 :27140 [upload_job.py:push():137] Uploaded file /grid/koo/home/toneyan/profile/QuantPred/wandb/run-20210919_035540-ktygldhk/files/config.yaml
2021-09-19 03:56:32,754 DEBUG   HandlerThread:27140 [handler.py:handle_request():124] handle_request: poll_exit
2021-09-19 03:56:32,754 DEBUG   SenderThread:27140 [sender.py:send_request():193] send_request: poll_exit
2021-09-19 03:56:32,758 INFO    Thread-14 :27140 [upload_job.py:push():137] Uploaded file /grid/koo/home/toneyan/profile/QuantPred/wandb/run-20210919_035540-ktygldhk/files/wandb-summary.json
2021-09-19 03:56:32,761 INFO    Thread-13 :27140 [upload_job.py:push():137] Uploaded file /grid/koo/home/toneyan/profile/QuantPred/wandb/run-20210919_035540-ktygldhk/files/requirements.txt
2021-09-19 03:56:32,861 DEBUG   HandlerThread:27140 [handler.py:handle_request():124] handle_request: poll_exit
2021-09-19 03:56:32,861 DEBUG   SenderThread:27140 [sender.py:send_request():193] send_request: poll_exit
2021-09-19 03:56:32,961 INFO    Thread-7  :27140 [sender.py:transition_state():308] send defer: 7
2021-09-19 03:56:32,962 DEBUG   HandlerThread:27140 [handler.py:handle_request():124] handle_request: defer
2021-09-19 03:56:32,962 INFO    HandlerThread:27140 [handler.py:handle_request_defer():141] handle defer: 7
2021-09-19 03:56:32,962 DEBUG   SenderThread:27140 [sender.py:send_request():193] send_request: defer
2021-09-19 03:56:32,962 INFO    SenderThread:27140 [sender.py:send_request_defer():304] handle sender defer: 7
2021-09-19 03:56:32,963 DEBUG   HandlerThread:27140 [handler.py:handle_request():124] handle_request: poll_exit
2021-09-19 03:56:33,015 INFO    SenderThread:27140 [sender.py:transition_state():308] send defer: 8
2021-09-19 03:56:33,015 DEBUG   SenderThread:27140 [sender.py:send_request():193] send_request: poll_exit
2021-09-19 03:56:33,015 DEBUG   HandlerThread:27140 [handler.py:handle_request():124] handle_request: defer
2021-09-19 03:56:33,015 INFO    HandlerThread:27140 [handler.py:handle_request_defer():141] handle defer: 8
2021-09-19 03:56:33,015 DEBUG   SenderThread:27140 [sender.py:send_request():193] send_request: defer
2021-09-19 03:56:33,016 INFO    SenderThread:27140 [sender.py:send_request_defer():304] handle sender defer: 8
2021-09-19 03:56:33,016 INFO    SenderThread:27140 [sender.py:transition_state():308] send defer: 9
2021-09-19 03:56:33,016 DEBUG   SenderThread:27140 [sender.py:send():179] send: final
2021-09-19 03:56:33,016 DEBUG   HandlerThread:27140 [handler.py:handle_request():124] handle_request: defer
2021-09-19 03:56:33,016 DEBUG   SenderThread:27140 [sender.py:send():179] send: footer
2021-09-19 03:56:33,016 INFO    HandlerThread:27140 [handler.py:handle_request_defer():141] handle defer: 9
2021-09-19 03:56:33,016 DEBUG   SenderThread:27140 [sender.py:send_request():193] send_request: defer
2021-09-19 03:56:33,017 INFO    SenderThread:27140 [sender.py:send_request_defer():304] handle sender defer: 9
2021-09-19 03:56:33,117 DEBUG   HandlerThread:27140 [handler.py:handle_request():124] handle_request: poll_exit
2021-09-19 03:56:33,117 DEBUG   SenderThread:27140 [sender.py:send_request():193] send_request: poll_exit
2021-09-19 03:56:33,117 INFO    SenderThread:27140 [file_pusher.py:join():182] waiting for file pusher
2021-09-19 03:56:33,119 DEBUG   HandlerThread:27140 [handler.py:handle_request():124] handle_request: get_summary
2021-09-19 03:56:33,120 DEBUG   HandlerThread:27140 [handler.py:handle_request():124] handle_request: sampled_history
2021-09-19 03:56:33,120 DEBUG   HandlerThread:27140 [handler.py:handle_request():124] handle_request: shutdown
2021-09-19 03:56:33,121 INFO    HandlerThread:27140 [handler.py:finish():638] shutting down handler
2021-09-19 03:56:34,016 INFO    WriterThread:27140 [datastore.py:close():288] close: /grid/koo/home/toneyan/profile/QuantPred/wandb/run-20210919_035540-ktygldhk/run-ktygldhk.wandb
2021-09-19 03:56:34,118 INFO    SenderThread:27140 [sender.py:finish():945] shutting down sender
2021-09-19 03:56:34,118 INFO    SenderThread:27140 [file_pusher.py:finish():177] shutting down file pusher
2021-09-19 03:56:34,118 INFO    SenderThread:27140 [file_pusher.py:join():182] waiting for file pusher
2021-09-19 03:56:34,119 INFO    MainThread:27140 [internal.py:handle_exit():78] Internal process exited
