2021-09-18 15:57:01,742 INFO    MainThread:3723297 [internal.py:wandb_internal():91] W&B internal server running at pid: 3723297, started at: 2021-09-18 15:57:01.742138
2021-09-18 15:57:01,744 DEBUG   HandlerThread:3723297 [handler.py:handle_request():124] handle_request: check_version
2021-09-18 15:57:01,744 INFO    WriterThread:3723297 [datastore.py:open_for_write():80] open: /grid/koo/home/toneyan/profile/QuantPred/wandb/run-20210918_155701-eph6g99r/run-eph6g99r.wandb
2021-09-18 15:57:01,746 DEBUG   SenderThread:3723297 [sender.py:send():179] send: header
2021-09-18 15:57:01,746 DEBUG   SenderThread:3723297 [sender.py:send_request():193] send_request: check_version
2021-09-18 15:57:01,775 DEBUG   SenderThread:3723297 [sender.py:send():179] send: run
2021-09-18 15:57:01,864 INFO    SenderThread:3723297 [dir_watcher.py:__init__():168] watching files in: /grid/koo/home/toneyan/profile/QuantPred/wandb/run-20210918_155701-eph6g99r/files
2021-09-18 15:57:01,864 INFO    SenderThread:3723297 [sender.py:_start_run_threads():719] run started: eph6g99r with start time 1631995021
2021-09-18 15:57:01,864 DEBUG   SenderThread:3723297 [sender.py:send():179] send: summary
2021-09-18 15:57:01,865 INFO    SenderThread:3723297 [sender.py:_save_file():841] saving file wandb-summary.json with policy end
2021-09-18 15:57:01,865 DEBUG   HandlerThread:3723297 [handler.py:handle_request():124] handle_request: run_start
2021-09-18 15:57:02,875 INFO    Thread-8  :3723297 [dir_watcher.py:_on_file_created():216] file/dir created: /grid/koo/home/toneyan/profile/QuantPred/wandb/run-20210918_155701-eph6g99r/files/wandb-summary.json
2021-09-18 15:57:03,027 DEBUG   HandlerThread:3723297 [meta.py:__init__():39] meta init
2021-09-18 15:57:03,027 DEBUG   HandlerThread:3723297 [meta.py:__init__():53] meta init done
2021-09-18 15:57:03,027 DEBUG   HandlerThread:3723297 [meta.py:probe():210] probe
2021-09-18 15:57:03,033 DEBUG   HandlerThread:3723297 [meta.py:_save_pip():57] save pip
2021-09-18 15:57:03,034 DEBUG   HandlerThread:3723297 [meta.py:_save_pip():71] save pip done
2021-09-18 15:57:03,034 DEBUG   HandlerThread:3723297 [meta.py:probe():252] probe done
2021-09-18 15:57:03,036 DEBUG   SenderThread:3723297 [sender.py:send():179] send: files
2021-09-18 15:57:03,036 INFO    SenderThread:3723297 [sender.py:_save_file():841] saving file wandb-metadata.json with policy now
2021-09-18 15:57:03,043 DEBUG   HandlerThread:3723297 [handler.py:handle_request():124] handle_request: stop_status
2021-09-18 15:57:03,043 DEBUG   SenderThread:3723297 [sender.py:send_request():193] send_request: stop_status
2021-09-18 15:57:03,389 INFO    Thread-11 :3723297 [upload_job.py:push():137] Uploaded file /tmp/3288841.1.gpu_ded.q/tmpssawnv5dwandb/rf3hziyz-wandb-metadata.json
2021-09-18 15:57:03,875 INFO    Thread-8  :3723297 [dir_watcher.py:_on_file_created():216] file/dir created: /grid/koo/home/toneyan/profile/QuantPred/wandb/run-20210918_155701-eph6g99r/files/output.log
2021-09-18 15:57:03,875 INFO    Thread-8  :3723297 [dir_watcher.py:_on_file_created():216] file/dir created: /grid/koo/home/toneyan/profile/QuantPred/wandb/run-20210918_155701-eph6g99r/files/requirements.txt
2021-09-18 15:57:03,875 INFO    Thread-8  :3723297 [dir_watcher.py:_on_file_created():216] file/dir created: /grid/koo/home/toneyan/profile/QuantPred/wandb/run-20210918_155701-eph6g99r/files/wandb-metadata.json
2021-09-18 15:57:18,111 DEBUG   HandlerThread:3723297 [handler.py:handle_request():124] handle_request: stop_status
2021-09-18 15:57:18,111 DEBUG   SenderThread:3723297 [sender.py:send_request():193] send_request: stop_status
2021-09-18 15:57:31,409 DEBUG   SenderThread:3723297 [sender.py:send():179] send: stats
2021-09-18 15:57:33,174 DEBUG   HandlerThread:3723297 [handler.py:handle_request():124] handle_request: stop_status
2021-09-18 15:57:33,174 DEBUG   SenderThread:3723297 [sender.py:send_request():193] send_request: stop_status
2021-09-18 15:57:40,079 DEBUG   SenderThread:3723297 [sender.py:send():179] send: telemetry
2021-09-18 15:57:40,080 DEBUG   HandlerThread:3723297 [handler.py:handle_request():124] handle_request: poll_exit
2021-09-18 15:57:40,080 DEBUG   SenderThread:3723297 [sender.py:send():179] send: exit
2021-09-18 15:57:40,080 INFO    SenderThread:3723297 [sender.py:send_exit():287] handling exit code: 1
2021-09-18 15:57:40,080 INFO    SenderThread:3723297 [sender.py:send_exit():295] send defer
2021-09-18 15:57:40,080 DEBUG   SenderThread:3723297 [sender.py:send_request():193] send_request: poll_exit
2021-09-18 15:57:40,081 DEBUG   HandlerThread:3723297 [handler.py:handle_request():124] handle_request: defer
2021-09-18 15:57:40,081 INFO    HandlerThread:3723297 [handler.py:handle_request_defer():141] handle defer: 0
2021-09-18 15:57:40,081 DEBUG   SenderThread:3723297 [sender.py:send_request():193] send_request: defer
2021-09-18 15:57:40,081 INFO    SenderThread:3723297 [sender.py:send_request_defer():304] handle sender defer: 0
2021-09-18 15:57:40,081 INFO    SenderThread:3723297 [sender.py:transition_state():308] send defer: 1
2021-09-18 15:57:40,082 DEBUG   HandlerThread:3723297 [handler.py:handle_request():124] handle_request: defer
2021-09-18 15:57:40,082 INFO    HandlerThread:3723297 [handler.py:handle_request_defer():141] handle defer: 1
2021-09-18 15:57:40,126 DEBUG   SenderThread:3723297 [sender.py:send_request():193] send_request: defer
2021-09-18 15:57:40,127 INFO    SenderThread:3723297 [sender.py:send_request_defer():304] handle sender defer: 1
2021-09-18 15:57:40,127 INFO    SenderThread:3723297 [sender.py:transition_state():308] send defer: 2
2021-09-18 15:57:40,127 DEBUG   SenderThread:3723297 [sender.py:send():179] send: stats
2021-09-18 15:57:40,127 DEBUG   HandlerThread:3723297 [handler.py:handle_request():124] handle_request: defer
2021-09-18 15:57:40,129 INFO    HandlerThread:3723297 [handler.py:handle_request_defer():141] handle defer: 2
2021-09-18 15:57:40,130 DEBUG   SenderThread:3723297 [sender.py:send_request():193] send_request: defer
2021-09-18 15:57:40,130 INFO    SenderThread:3723297 [sender.py:send_request_defer():304] handle sender defer: 2
2021-09-18 15:57:40,130 INFO    SenderThread:3723297 [sender.py:transition_state():308] send defer: 3
2021-09-18 15:57:40,130 DEBUG   HandlerThread:3723297 [handler.py:handle_request():124] handle_request: defer
2021-09-18 15:57:40,130 INFO    HandlerThread:3723297 [handler.py:handle_request_defer():141] handle defer: 3
2021-09-18 15:57:40,130 DEBUG   SenderThread:3723297 [sender.py:send():179] send: summary
2021-09-18 15:57:40,131 INFO    SenderThread:3723297 [sender.py:_save_file():841] saving file wandb-summary.json with policy end
2021-09-18 15:57:40,131 DEBUG   SenderThread:3723297 [sender.py:send_request():193] send_request: defer
2021-09-18 15:57:40,131 INFO    SenderThread:3723297 [sender.py:send_request_defer():304] handle sender defer: 3
2021-09-18 15:57:40,131 INFO    SenderThread:3723297 [sender.py:transition_state():308] send defer: 4
2021-09-18 15:57:40,131 DEBUG   HandlerThread:3723297 [handler.py:handle_request():124] handle_request: defer
2021-09-18 15:57:40,131 INFO    HandlerThread:3723297 [handler.py:handle_request_defer():141] handle defer: 4
2021-09-18 15:57:40,131 DEBUG   SenderThread:3723297 [sender.py:send_request():193] send_request: defer
2021-09-18 15:57:40,131 INFO    SenderThread:3723297 [sender.py:send_request_defer():304] handle sender defer: 4
2021-09-18 15:57:40,182 DEBUG   HandlerThread:3723297 [handler.py:handle_request():124] handle_request: poll_exit
2021-09-18 15:57:40,189 ERROR   SenderThread:3723297 [internal_api.py:execute():130] 429 response executing GraphQL.
2021-09-18 15:57:40,190 ERROR   SenderThread:3723297 [internal_api.py:execute():131] {"error":"rate limit exceeded"}

2021-09-18 15:57:40,889 INFO    Thread-8  :3723297 [dir_watcher.py:_on_file_modified():229] file/dir modified: /grid/koo/home/toneyan/profile/QuantPred/wandb/run-20210918_155701-eph6g99r/files/wandb-summary.json
2021-09-18 15:57:41,257 ERROR   SenderThread:3723297 [internal_api.py:execute():130] 429 response executing GraphQL.
2021-09-18 15:57:41,257 ERROR   SenderThread:3723297 [internal_api.py:execute():131] {"error":"rate limit exceeded"}

2021-09-18 15:57:43,731 ERROR   SenderThread:3723297 [internal_api.py:execute():130] 429 response executing GraphQL.
2021-09-18 15:57:43,731 ERROR   SenderThread:3723297 [internal_api.py:execute():131] {"error":"rate limit exceeded"}

2021-09-18 15:57:43,731 ERROR   SenderThread:3723297 [retry.py:__call__():126] Retry attempt failed:
Traceback (most recent call last):
  File "/usr/local/lib/python3.6/dist-packages/wandb/sdk/lib/retry.py", line 102, in __call__
    result = self._call_fn(*args, **kwargs)
  File "/usr/local/lib/python3.6/dist-packages/wandb/sdk/internal/internal_api.py", line 133, in execute
    six.reraise(*sys.exc_info())
  File "/usr/local/lib/python3.6/dist-packages/six.py", line 719, in reraise
    raise value
  File "/usr/local/lib/python3.6/dist-packages/wandb/sdk/internal/internal_api.py", line 127, in execute
    return self.client.execute(*args, **kwargs)
  File "/usr/local/lib/python3.6/dist-packages/wandb/vendor/gql-0.2.0/gql/client.py", line 52, in execute
    result = self._get_result(document, *args, **kwargs)
  File "/usr/local/lib/python3.6/dist-packages/wandb/vendor/gql-0.2.0/gql/client.py", line 60, in _get_result
    return self.transport.execute(document, *args, **kwargs)
  File "/usr/local/lib/python3.6/dist-packages/wandb/vendor/gql-0.2.0/gql/transport/requests.py", line 39, in execute
    request.raise_for_status()
  File "/usr/local/lib/python3.6/dist-packages/requests/models.py", line 943, in raise_for_status
    raise HTTPError(http_error_msg, response=self)
requests.exceptions.HTTPError: 429 Client Error: Too Many Requests for url: https://api.wandb.ai/graphql
2021-09-18 15:57:45,283 DEBUG   HandlerThread:3723297 [handler.py:handle_request():124] handle_request: poll_exit
2021-09-18 15:57:48,378 INFO    SenderThread:3723297 [sender.py:transition_state():308] send defer: 5
2021-09-18 15:57:48,378 DEBUG   SenderThread:3723297 [sender.py:send_request():193] send_request: poll_exit
2021-09-18 15:57:48,378 DEBUG   SenderThread:3723297 [sender.py:send_request():193] send_request: poll_exit
2021-09-18 15:57:48,379 DEBUG   HandlerThread:3723297 [handler.py:handle_request():124] handle_request: defer
2021-09-18 15:57:48,379 INFO    HandlerThread:3723297 [handler.py:handle_request_defer():141] handle defer: 5
2021-09-18 15:57:48,379 DEBUG   SenderThread:3723297 [sender.py:send_request():193] send_request: defer
2021-09-18 15:57:48,379 INFO    SenderThread:3723297 [sender.py:send_request_defer():304] handle sender defer: 5
2021-09-18 15:57:48,379 INFO    SenderThread:3723297 [dir_watcher.py:finish():282] shutting down directory watcher
2021-09-18 15:57:48,480 DEBUG   HandlerThread:3723297 [handler.py:handle_request():124] handle_request: poll_exit
2021-09-18 15:57:48,891 INFO    SenderThread:3723297 [dir_watcher.py:_on_file_modified():229] file/dir modified: /grid/koo/home/toneyan/profile/QuantPred/wandb/run-20210918_155701-eph6g99r/files/config.yaml
2021-09-18 15:57:48,892 INFO    SenderThread:3723297 [dir_watcher.py:finish():312] scan: /grid/koo/home/toneyan/profile/QuantPred/wandb/run-20210918_155701-eph6g99r/files
2021-09-18 15:57:48,892 INFO    SenderThread:3723297 [dir_watcher.py:finish():318] scan save: /grid/koo/home/toneyan/profile/QuantPred/wandb/run-20210918_155701-eph6g99r/files/wandb-metadata.json wandb-metadata.json
2021-09-18 15:57:48,892 INFO    SenderThread:3723297 [dir_watcher.py:finish():318] scan save: /grid/koo/home/toneyan/profile/QuantPred/wandb/run-20210918_155701-eph6g99r/files/config.yaml config.yaml
2021-09-18 15:57:48,892 INFO    SenderThread:3723297 [dir_watcher.py:finish():318] scan save: /grid/koo/home/toneyan/profile/QuantPred/wandb/run-20210918_155701-eph6g99r/files/requirements.txt requirements.txt
2021-09-18 15:57:48,892 INFO    SenderThread:3723297 [dir_watcher.py:finish():318] scan save: /grid/koo/home/toneyan/profile/QuantPred/wandb/run-20210918_155701-eph6g99r/files/wandb-summary.json wandb-summary.json
2021-09-18 15:57:48,896 INFO    SenderThread:3723297 [dir_watcher.py:finish():318] scan save: /grid/koo/home/toneyan/profile/QuantPred/wandb/run-20210918_155701-eph6g99r/files/output.log output.log
2021-09-18 15:57:48,899 INFO    SenderThread:3723297 [sender.py:transition_state():308] send defer: 6
2021-09-18 15:57:48,899 DEBUG   SenderThread:3723297 [sender.py:send_request():193] send_request: poll_exit
2021-09-18 15:57:48,904 DEBUG   HandlerThread:3723297 [handler.py:handle_request():124] handle_request: defer
2021-09-18 15:57:48,905 INFO    HandlerThread:3723297 [handler.py:handle_request_defer():141] handle defer: 6
2021-09-18 15:57:48,905 DEBUG   SenderThread:3723297 [sender.py:send_request():193] send_request: defer
2021-09-18 15:57:48,905 INFO    SenderThread:3723297 [sender.py:send_request_defer():304] handle sender defer: 6
2021-09-18 15:57:48,905 INFO    SenderThread:3723297 [file_pusher.py:finish():177] shutting down file pusher
2021-09-18 15:57:49,006 DEBUG   HandlerThread:3723297 [handler.py:handle_request():124] handle_request: poll_exit
2021-09-18 15:57:49,006 DEBUG   SenderThread:3723297 [sender.py:send_request():193] send_request: poll_exit
2021-09-18 15:57:49,108 DEBUG   HandlerThread:3723297 [handler.py:handle_request():124] handle_request: poll_exit
2021-09-18 15:57:49,108 DEBUG   SenderThread:3723297 [sender.py:send_request():193] send_request: poll_exit
2021-09-18 15:57:49,205 INFO    Thread-12 :3723297 [upload_job.py:push():137] Uploaded file /grid/koo/home/toneyan/profile/QuantPred/wandb/run-20210918_155701-eph6g99r/files/config.yaml
2021-09-18 15:57:49,210 DEBUG   HandlerThread:3723297 [handler.py:handle_request():124] handle_request: poll_exit
2021-09-18 15:57:49,210 DEBUG   SenderThread:3723297 [sender.py:send_request():193] send_request: poll_exit
2021-09-18 15:57:49,243 INFO    Thread-14 :3723297 [upload_job.py:push():137] Uploaded file /grid/koo/home/toneyan/profile/QuantPred/wandb/run-20210918_155701-eph6g99r/files/wandb-summary.json
2021-09-18 15:57:49,284 INFO    Thread-13 :3723297 [upload_job.py:push():137] Uploaded file /grid/koo/home/toneyan/profile/QuantPred/wandb/run-20210918_155701-eph6g99r/files/requirements.txt
2021-09-18 15:57:49,312 DEBUG   HandlerThread:3723297 [handler.py:handle_request():124] handle_request: poll_exit
2021-09-18 15:57:49,312 DEBUG   SenderThread:3723297 [sender.py:send_request():193] send_request: poll_exit
2021-09-18 15:57:49,414 DEBUG   HandlerThread:3723297 [handler.py:handle_request():124] handle_request: poll_exit
2021-09-18 15:57:49,414 DEBUG   SenderThread:3723297 [sender.py:send_request():193] send_request: poll_exit
2021-09-18 15:57:49,484 INFO    Thread-7  :3723297 [sender.py:transition_state():308] send defer: 7
2021-09-18 15:57:49,485 DEBUG   HandlerThread:3723297 [handler.py:handle_request():124] handle_request: defer
2021-09-18 15:57:49,485 INFO    HandlerThread:3723297 [handler.py:handle_request_defer():141] handle defer: 7
2021-09-18 15:57:49,485 DEBUG   SenderThread:3723297 [sender.py:send_request():193] send_request: defer
2021-09-18 15:57:49,485 INFO    SenderThread:3723297 [sender.py:send_request_defer():304] handle sender defer: 7
2021-09-18 15:57:49,516 DEBUG   HandlerThread:3723297 [handler.py:handle_request():124] handle_request: poll_exit
2021-09-18 15:57:49,540 INFO    SenderThread:3723297 [sender.py:transition_state():308] send defer: 8
2021-09-18 15:57:49,540 DEBUG   SenderThread:3723297 [sender.py:send_request():193] send_request: poll_exit
2021-09-18 15:57:49,540 DEBUG   HandlerThread:3723297 [handler.py:handle_request():124] handle_request: defer
2021-09-18 15:57:49,540 INFO    HandlerThread:3723297 [handler.py:handle_request_defer():141] handle defer: 8
2021-09-18 15:57:49,541 DEBUG   SenderThread:3723297 [sender.py:send_request():193] send_request: defer
2021-09-18 15:57:49,541 INFO    SenderThread:3723297 [sender.py:send_request_defer():304] handle sender defer: 8
2021-09-18 15:57:49,541 INFO    SenderThread:3723297 [sender.py:transition_state():308] send defer: 9
2021-09-18 15:57:49,541 DEBUG   SenderThread:3723297 [sender.py:send():179] send: final
2021-09-18 15:57:49,542 DEBUG   HandlerThread:3723297 [handler.py:handle_request():124] handle_request: defer
2021-09-18 15:57:49,542 DEBUG   SenderThread:3723297 [sender.py:send():179] send: footer
2021-09-18 15:57:49,542 INFO    HandlerThread:3723297 [handler.py:handle_request_defer():141] handle defer: 9
2021-09-18 15:57:49,542 DEBUG   SenderThread:3723297 [sender.py:send_request():193] send_request: defer
2021-09-18 15:57:49,542 INFO    SenderThread:3723297 [sender.py:send_request_defer():304] handle sender defer: 9
2021-09-18 15:57:49,642 DEBUG   HandlerThread:3723297 [handler.py:handle_request():124] handle_request: poll_exit
2021-09-18 15:57:49,642 DEBUG   SenderThread:3723297 [sender.py:send_request():193] send_request: poll_exit
2021-09-18 15:57:49,642 INFO    SenderThread:3723297 [file_pusher.py:join():182] waiting for file pusher
2021-09-18 15:57:49,643 DEBUG   HandlerThread:3723297 [handler.py:handle_request():124] handle_request: get_summary
2021-09-18 15:57:49,643 DEBUG   HandlerThread:3723297 [handler.py:handle_request():124] handle_request: sampled_history
2021-09-18 15:57:49,644 DEBUG   HandlerThread:3723297 [handler.py:handle_request():124] handle_request: shutdown
2021-09-18 15:57:49,644 INFO    HandlerThread:3723297 [handler.py:finish():638] shutting down handler
2021-09-18 15:57:50,542 INFO    WriterThread:3723297 [datastore.py:close():288] close: /grid/koo/home/toneyan/profile/QuantPred/wandb/run-20210918_155701-eph6g99r/run-eph6g99r.wandb
2021-09-18 15:57:50,642 INFO    SenderThread:3723297 [sender.py:finish():945] shutting down sender
2021-09-18 15:57:50,643 INFO    SenderThread:3723297 [file_pusher.py:finish():177] shutting down file pusher
2021-09-18 15:57:50,643 INFO    SenderThread:3723297 [file_pusher.py:join():182] waiting for file pusher
2021-09-18 15:57:50,644 INFO    MainThread:3723297 [internal.py:handle_exit():78] Internal process exited
