2021-09-18 17:01:36,145 INFO    MainThread:1267541 [internal.py:wandb_internal():91] W&B internal server running at pid: 1267541, started at: 2021-09-18 17:01:36.144170
2021-09-18 17:01:36,146 DEBUG   HandlerThread:1267541 [handler.py:handle_request():124] handle_request: check_version
2021-09-18 17:01:36,146 INFO    WriterThread:1267541 [datastore.py:open_for_write():80] open: /grid/koo/home/toneyan/profile/QuantPred/wandb/run-20210918_170135-xyyfjnnn/run-xyyfjnnn.wandb
2021-09-18 17:01:36,148 DEBUG   SenderThread:1267541 [sender.py:send():179] send: header
2021-09-18 17:01:36,148 DEBUG   SenderThread:1267541 [sender.py:send_request():193] send_request: check_version
2021-09-18 17:01:36,181 DEBUG   SenderThread:1267541 [sender.py:send():179] send: run
2021-09-18 17:01:36,241 ERROR   SenderThread:1267541 [internal_api.py:execute():130] 429 response executing GraphQL.
2021-09-18 17:01:36,242 ERROR   SenderThread:1267541 [internal_api.py:execute():131] {"error":"rate limit exceeded"}

2021-09-18 17:01:37,305 ERROR   SenderThread:1267541 [internal_api.py:execute():130] 429 response executing GraphQL.
2021-09-18 17:01:37,305 ERROR   SenderThread:1267541 [internal_api.py:execute():131] {"error":"rate limit exceeded"}

2021-09-18 17:01:39,769 ERROR   SenderThread:1267541 [internal_api.py:execute():130] 429 response executing GraphQL.
2021-09-18 17:01:39,769 ERROR   SenderThread:1267541 [internal_api.py:execute():131] {"error":"rate limit exceeded"}

2021-09-18 17:01:39,769 ERROR   SenderThread:1267541 [retry.py:__call__():126] Retry attempt failed:
Traceback (most recent call last):
  File "/usr/local/lib/python3.6/dist-packages/wandb/sdk/lib/retry.py", line 102, in __call__
    result = self._call_fn(*args, **kwargs)
  File "/usr/local/lib/python3.6/dist-packages/wandb/sdk/internal/internal_api.py", line 133, in execute
    six.reraise(*sys.exc_info())
  File "/usr/local/lib/python3.6/dist-packages/six.py", line 719, in reraise
    raise value
  File "/usr/local/lib/python3.6/dist-packages/wandb/sdk/internal/internal_api.py", line 127, in execute
    return self.client.execute(*args, **kwargs)
  File "/usr/local/lib/python3.6/dist-packages/wandb/vendor/gql-0.2.0/gql/client.py", line 52, in execute
    result = self._get_result(document, *args, **kwargs)
  File "/usr/local/lib/python3.6/dist-packages/wandb/vendor/gql-0.2.0/gql/client.py", line 60, in _get_result
    return self.transport.execute(document, *args, **kwargs)
  File "/usr/local/lib/python3.6/dist-packages/wandb/vendor/gql-0.2.0/gql/transport/requests.py", line 39, in execute
    request.raise_for_status()
  File "/usr/local/lib/python3.6/dist-packages/requests/models.py", line 943, in raise_for_status
    raise HTTPError(http_error_msg, response=self)
requests.exceptions.HTTPError: 429 Client Error: Too Many Requests for url: https://api.wandb.ai/graphql
2021-09-18 17:01:44,111 ERROR   SenderThread:1267541 [internal_api.py:execute():130] 429 response executing GraphQL.
2021-09-18 17:01:44,111 ERROR   SenderThread:1267541 [internal_api.py:execute():131] {"error":"rate limit exceeded"}

2021-09-18 17:01:53,563 INFO    SenderThread:1267541 [dir_watcher.py:__init__():168] watching files in: /grid/koo/home/toneyan/profile/QuantPred/wandb/run-20210918_170135-xyyfjnnn/files
2021-09-18 17:01:53,564 INFO    SenderThread:1267541 [sender.py:_start_run_threads():719] run started: xyyfjnnn with start time 1631998895
2021-09-18 17:01:53,564 DEBUG   SenderThread:1267541 [sender.py:send():179] send: summary
2021-09-18 17:01:53,564 INFO    SenderThread:1267541 [sender.py:_save_file():841] saving file wandb-summary.json with policy end
2021-09-18 17:01:53,565 DEBUG   HandlerThread:1267541 [handler.py:handle_request():124] handle_request: run_start
2021-09-18 17:01:54,568 INFO    Thread-8  :1267541 [dir_watcher.py:_on_file_created():216] file/dir created: /grid/koo/home/toneyan/profile/QuantPred/wandb/run-20210918_170135-xyyfjnnn/files/wandb-summary.json
2021-09-18 17:01:54,776 DEBUG   HandlerThread:1267541 [meta.py:__init__():39] meta init
2021-09-18 17:01:54,776 DEBUG   HandlerThread:1267541 [meta.py:__init__():53] meta init done
2021-09-18 17:01:54,776 DEBUG   HandlerThread:1267541 [meta.py:probe():210] probe
2021-09-18 17:01:54,782 DEBUG   HandlerThread:1267541 [meta.py:_save_pip():57] save pip
2021-09-18 17:01:54,783 DEBUG   HandlerThread:1267541 [meta.py:_save_pip():71] save pip done
2021-09-18 17:01:54,783 DEBUG   HandlerThread:1267541 [meta.py:probe():252] probe done
2021-09-18 17:01:54,786 DEBUG   SenderThread:1267541 [sender.py:send():179] send: files
2021-09-18 17:01:54,786 INFO    SenderThread:1267541 [sender.py:_save_file():841] saving file wandb-metadata.json with policy now
2021-09-18 17:01:54,793 DEBUG   HandlerThread:1267541 [handler.py:handle_request():124] handle_request: stop_status
2021-09-18 17:01:54,793 DEBUG   SenderThread:1267541 [sender.py:send_request():193] send_request: stop_status
2021-09-18 17:01:54,848 ERROR   SenderThread:1267541 [internal_api.py:execute():130] 429 response executing GraphQL.
2021-09-18 17:01:54,848 ERROR   SenderThread:1267541 [internal_api.py:execute():131] {"error":"rate limit exceeded"}

2021-09-18 17:01:55,024 ERROR   Thread-11 :1267541 [internal_api.py:execute():130] 429 response executing GraphQL.
2021-09-18 17:01:55,024 ERROR   Thread-11 :1267541 [internal_api.py:execute():131] {"error":"rate limit exceeded"}

2021-09-18 17:01:55,568 INFO    Thread-8  :1267541 [dir_watcher.py:_on_file_created():216] file/dir created: /grid/koo/home/toneyan/profile/QuantPred/wandb/run-20210918_170135-xyyfjnnn/files/requirements.txt
2021-09-18 17:01:55,568 INFO    Thread-8  :1267541 [dir_watcher.py:_on_file_created():216] file/dir created: /grid/koo/home/toneyan/profile/QuantPred/wandb/run-20210918_170135-xyyfjnnn/files/wandb-metadata.json
2021-09-18 17:01:55,568 INFO    Thread-8  :1267541 [dir_watcher.py:_on_file_created():216] file/dir created: /grid/koo/home/toneyan/profile/QuantPred/wandb/run-20210918_170135-xyyfjnnn/files/output.log
2021-09-18 17:01:56,012 ERROR   SenderThread:1267541 [internal_api.py:execute():130] 429 response executing GraphQL.
2021-09-18 17:01:56,013 ERROR   SenderThread:1267541 [internal_api.py:execute():131] {"error":"rate limit exceeded"}

2021-09-18 17:01:56,311 ERROR   Thread-11 :1267541 [internal_api.py:execute():130] 429 response executing GraphQL.
2021-09-18 17:01:56,312 ERROR   Thread-11 :1267541 [internal_api.py:execute():131] {"error":"rate limit exceeded"}

2021-09-18 17:01:56,312 ERROR   Thread-11 :1267541 [retry.py:__call__():126] Retry attempt failed:
Traceback (most recent call last):
  File "/usr/local/lib/python3.6/dist-packages/wandb/sdk/lib/retry.py", line 102, in __call__
    result = self._call_fn(*args, **kwargs)
  File "/usr/local/lib/python3.6/dist-packages/wandb/sdk/internal/internal_api.py", line 133, in execute
    six.reraise(*sys.exc_info())
  File "/usr/local/lib/python3.6/dist-packages/six.py", line 719, in reraise
    raise value
  File "/usr/local/lib/python3.6/dist-packages/wandb/sdk/internal/internal_api.py", line 127, in execute
    return self.client.execute(*args, **kwargs)
  File "/usr/local/lib/python3.6/dist-packages/wandb/vendor/gql-0.2.0/gql/client.py", line 52, in execute
    result = self._get_result(document, *args, **kwargs)
  File "/usr/local/lib/python3.6/dist-packages/wandb/vendor/gql-0.2.0/gql/client.py", line 60, in _get_result
    return self.transport.execute(document, *args, **kwargs)
  File "/usr/local/lib/python3.6/dist-packages/wandb/vendor/gql-0.2.0/gql/transport/requests.py", line 39, in execute
    request.raise_for_status()
  File "/usr/local/lib/python3.6/dist-packages/requests/models.py", line 943, in raise_for_status
    raise HTTPError(http_error_msg, response=self)
requests.exceptions.HTTPError: 429 Client Error: Too Many Requests for url: https://api.wandb.ai/graphql
2021-09-18 17:01:58,302 ERROR   SenderThread:1267541 [internal_api.py:execute():130] 429 response executing GraphQL.
2021-09-18 17:01:58,302 ERROR   SenderThread:1267541 [internal_api.py:execute():131] {"error":"rate limit exceeded"}

2021-09-18 17:01:58,594 ERROR   Thread-11 :1267541 [internal_api.py:execute():130] 429 response executing GraphQL.
2021-09-18 17:01:58,594 ERROR   Thread-11 :1267541 [internal_api.py:execute():131] {"error":"rate limit exceeded"}

2021-09-18 17:02:03,369 INFO    Thread-11 :1267541 [upload_job.py:push():137] Uploaded file /tmp/3288848.1.gpu_ded.q/tmps5_3w469wandb/2hwkxnut-wandb-metadata.json
2021-09-18 17:02:17,384 DEBUG   HandlerThread:1267541 [handler.py:handle_request():124] handle_request: stop_status
2021-09-18 17:02:17,385 DEBUG   SenderThread:1267541 [sender.py:send_request():193] send_request: stop_status
2021-09-18 17:02:23,165 DEBUG   SenderThread:1267541 [sender.py:send():179] send: stats
2021-09-18 17:02:27,060 DEBUG   SenderThread:1267541 [sender.py:send():179] send: telemetry
2021-09-18 17:02:27,060 DEBUG   HandlerThread:1267541 [handler.py:handle_request():124] handle_request: poll_exit
2021-09-18 17:02:27,060 DEBUG   SenderThread:1267541 [sender.py:send():179] send: exit
2021-09-18 17:02:27,061 INFO    SenderThread:1267541 [sender.py:send_exit():287] handling exit code: 1
2021-09-18 17:02:27,061 INFO    SenderThread:1267541 [sender.py:send_exit():295] send defer
2021-09-18 17:02:27,061 DEBUG   SenderThread:1267541 [sender.py:send_request():193] send_request: poll_exit
2021-09-18 17:02:27,061 DEBUG   HandlerThread:1267541 [handler.py:handle_request():124] handle_request: defer
2021-09-18 17:02:27,061 INFO    HandlerThread:1267541 [handler.py:handle_request_defer():141] handle defer: 0
2021-09-18 17:02:27,061 DEBUG   SenderThread:1267541 [sender.py:send_request():193] send_request: defer
2021-09-18 17:02:27,061 INFO    SenderThread:1267541 [sender.py:send_request_defer():304] handle sender defer: 0
2021-09-18 17:02:27,061 INFO    SenderThread:1267541 [sender.py:transition_state():308] send defer: 1
2021-09-18 17:02:27,061 DEBUG   HandlerThread:1267541 [handler.py:handle_request():124] handle_request: defer
2021-09-18 17:02:27,062 INFO    HandlerThread:1267541 [handler.py:handle_request_defer():141] handle defer: 1
2021-09-18 17:02:27,112 DEBUG   SenderThread:1267541 [sender.py:send_request():193] send_request: defer
2021-09-18 17:02:27,112 INFO    SenderThread:1267541 [sender.py:send_request_defer():304] handle sender defer: 1
2021-09-18 17:02:27,112 INFO    SenderThread:1267541 [sender.py:transition_state():308] send defer: 2
2021-09-18 17:02:27,112 DEBUG   SenderThread:1267541 [sender.py:send():179] send: stats
2021-09-18 17:02:27,113 DEBUG   HandlerThread:1267541 [handler.py:handle_request():124] handle_request: defer
2021-09-18 17:02:27,114 INFO    HandlerThread:1267541 [handler.py:handle_request_defer():141] handle defer: 2
2021-09-18 17:02:27,115 DEBUG   SenderThread:1267541 [sender.py:send_request():193] send_request: defer
2021-09-18 17:02:27,115 INFO    SenderThread:1267541 [sender.py:send_request_defer():304] handle sender defer: 2
2021-09-18 17:02:27,115 INFO    SenderThread:1267541 [sender.py:transition_state():308] send defer: 3
2021-09-18 17:02:27,115 DEBUG   HandlerThread:1267541 [handler.py:handle_request():124] handle_request: defer
2021-09-18 17:02:27,115 INFO    HandlerThread:1267541 [handler.py:handle_request_defer():141] handle defer: 3
2021-09-18 17:02:27,115 DEBUG   SenderThread:1267541 [sender.py:send():179] send: summary
2021-09-18 17:02:27,116 INFO    SenderThread:1267541 [sender.py:_save_file():841] saving file wandb-summary.json with policy end
2021-09-18 17:02:27,116 DEBUG   SenderThread:1267541 [sender.py:send_request():193] send_request: defer
2021-09-18 17:02:27,116 INFO    SenderThread:1267541 [sender.py:send_request_defer():304] handle sender defer: 3
2021-09-18 17:02:27,116 INFO    SenderThread:1267541 [sender.py:transition_state():308] send defer: 4
2021-09-18 17:02:27,116 DEBUG   HandlerThread:1267541 [handler.py:handle_request():124] handle_request: defer
2021-09-18 17:02:27,116 INFO    HandlerThread:1267541 [handler.py:handle_request_defer():141] handle defer: 4
2021-09-18 17:02:27,116 DEBUG   SenderThread:1267541 [sender.py:send_request():193] send_request: defer
2021-09-18 17:02:27,116 INFO    SenderThread:1267541 [sender.py:send_request_defer():304] handle sender defer: 4
2021-09-18 17:02:27,162 DEBUG   HandlerThread:1267541 [handler.py:handle_request():124] handle_request: poll_exit
2021-09-18 17:02:27,172 ERROR   SenderThread:1267541 [internal_api.py:execute():130] 429 response executing GraphQL.
2021-09-18 17:02:27,172 ERROR   SenderThread:1267541 [internal_api.py:execute():131] {"error":"rate limit exceeded"}

2021-09-18 17:02:27,578 INFO    Thread-8  :1267541 [dir_watcher.py:_on_file_modified():229] file/dir modified: /grid/koo/home/toneyan/profile/QuantPred/wandb/run-20210918_170135-xyyfjnnn/files/wandb-summary.json
2021-09-18 17:02:28,323 ERROR   SenderThread:1267541 [internal_api.py:execute():130] 429 response executing GraphQL.
2021-09-18 17:02:28,323 ERROR   SenderThread:1267541 [internal_api.py:execute():131] {"error":"rate limit exceeded"}

2021-09-18 17:02:30,780 INFO    SenderThread:1267541 [sender.py:transition_state():308] send defer: 5
2021-09-18 17:02:30,780 DEBUG   SenderThread:1267541 [sender.py:send_request():193] send_request: poll_exit
2021-09-18 17:02:30,781 DEBUG   HandlerThread:1267541 [handler.py:handle_request():124] handle_request: defer
2021-09-18 17:02:30,781 INFO    HandlerThread:1267541 [handler.py:handle_request_defer():141] handle defer: 5
2021-09-18 17:02:30,781 DEBUG   SenderThread:1267541 [sender.py:send_request():193] send_request: defer
2021-09-18 17:02:30,781 INFO    SenderThread:1267541 [sender.py:send_request_defer():304] handle sender defer: 5
2021-09-18 17:02:30,781 INFO    SenderThread:1267541 [dir_watcher.py:finish():282] shutting down directory watcher
2021-09-18 17:02:30,882 DEBUG   HandlerThread:1267541 [handler.py:handle_request():124] handle_request: poll_exit
2021-09-18 17:02:31,579 INFO    SenderThread:1267541 [dir_watcher.py:_on_file_modified():229] file/dir modified: /grid/koo/home/toneyan/profile/QuantPred/wandb/run-20210918_170135-xyyfjnnn/files/config.yaml
2021-09-18 17:02:31,580 INFO    SenderThread:1267541 [dir_watcher.py:finish():312] scan: /grid/koo/home/toneyan/profile/QuantPred/wandb/run-20210918_170135-xyyfjnnn/files
2021-09-18 17:02:31,580 INFO    SenderThread:1267541 [dir_watcher.py:finish():318] scan save: /grid/koo/home/toneyan/profile/QuantPred/wandb/run-20210918_170135-xyyfjnnn/files/wandb-metadata.json wandb-metadata.json
2021-09-18 17:02:31,580 INFO    SenderThread:1267541 [dir_watcher.py:finish():318] scan save: /grid/koo/home/toneyan/profile/QuantPred/wandb/run-20210918_170135-xyyfjnnn/files/config.yaml config.yaml
2021-09-18 17:02:31,580 INFO    SenderThread:1267541 [dir_watcher.py:finish():318] scan save: /grid/koo/home/toneyan/profile/QuantPred/wandb/run-20210918_170135-xyyfjnnn/files/requirements.txt requirements.txt
2021-09-18 17:02:31,580 INFO    SenderThread:1267541 [dir_watcher.py:finish():318] scan save: /grid/koo/home/toneyan/profile/QuantPred/wandb/run-20210918_170135-xyyfjnnn/files/wandb-summary.json wandb-summary.json
2021-09-18 17:02:31,583 INFO    SenderThread:1267541 [dir_watcher.py:finish():318] scan save: /grid/koo/home/toneyan/profile/QuantPred/wandb/run-20210918_170135-xyyfjnnn/files/output.log output.log
2021-09-18 17:02:31,587 INFO    SenderThread:1267541 [sender.py:transition_state():308] send defer: 6
2021-09-18 17:02:31,587 DEBUG   SenderThread:1267541 [sender.py:send_request():193] send_request: poll_exit
2021-09-18 17:02:31,592 DEBUG   HandlerThread:1267541 [handler.py:handle_request():124] handle_request: defer
2021-09-18 17:02:31,592 INFO    HandlerThread:1267541 [handler.py:handle_request_defer():141] handle defer: 6
2021-09-18 17:02:31,593 DEBUG   SenderThread:1267541 [sender.py:send_request():193] send_request: defer
2021-09-18 17:02:31,593 INFO    SenderThread:1267541 [sender.py:send_request_defer():304] handle sender defer: 6
2021-09-18 17:02:31,593 INFO    SenderThread:1267541 [file_pusher.py:finish():177] shutting down file pusher
2021-09-18 17:02:31,693 DEBUG   HandlerThread:1267541 [handler.py:handle_request():124] handle_request: poll_exit
2021-09-18 17:02:31,693 DEBUG   SenderThread:1267541 [sender.py:send_request():193] send_request: poll_exit
2021-09-18 17:02:31,795 DEBUG   HandlerThread:1267541 [handler.py:handle_request():124] handle_request: poll_exit
2021-09-18 17:02:31,795 DEBUG   SenderThread:1267541 [sender.py:send_request():193] send_request: poll_exit
2021-09-18 17:02:31,880 INFO    Thread-12 :1267541 [upload_job.py:push():137] Uploaded file /grid/koo/home/toneyan/profile/QuantPred/wandb/run-20210918_170135-xyyfjnnn/files/config.yaml
2021-09-18 17:02:31,897 DEBUG   HandlerThread:1267541 [handler.py:handle_request():124] handle_request: poll_exit
2021-09-18 17:02:31,897 DEBUG   SenderThread:1267541 [sender.py:send_request():193] send_request: poll_exit
2021-09-18 17:02:31,948 INFO    Thread-14 :1267541 [upload_job.py:push():137] Uploaded file /grid/koo/home/toneyan/profile/QuantPred/wandb/run-20210918_170135-xyyfjnnn/files/wandb-summary.json
2021-09-18 17:02:31,950 INFO    Thread-13 :1267541 [upload_job.py:push():137] Uploaded file /grid/koo/home/toneyan/profile/QuantPred/wandb/run-20210918_170135-xyyfjnnn/files/requirements.txt
2021-09-18 17:02:31,999 DEBUG   HandlerThread:1267541 [handler.py:handle_request():124] handle_request: poll_exit
2021-09-18 17:02:31,999 DEBUG   SenderThread:1267541 [sender.py:send_request():193] send_request: poll_exit
2021-09-18 17:02:32,100 DEBUG   HandlerThread:1267541 [handler.py:handle_request():124] handle_request: poll_exit
2021-09-18 17:02:32,101 DEBUG   SenderThread:1267541 [sender.py:send_request():193] send_request: poll_exit
2021-09-18 17:02:32,150 INFO    Thread-7  :1267541 [sender.py:transition_state():308] send defer: 7
2021-09-18 17:02:32,151 DEBUG   HandlerThread:1267541 [handler.py:handle_request():124] handle_request: defer
2021-09-18 17:02:32,151 INFO    HandlerThread:1267541 [handler.py:handle_request_defer():141] handle defer: 7
2021-09-18 17:02:32,151 DEBUG   SenderThread:1267541 [sender.py:send_request():193] send_request: defer
2021-09-18 17:02:32,151 INFO    SenderThread:1267541 [sender.py:send_request_defer():304] handle sender defer: 7
2021-09-18 17:02:32,202 DEBUG   HandlerThread:1267541 [handler.py:handle_request():124] handle_request: poll_exit
2021-09-18 17:02:32,209 INFO    SenderThread:1267541 [sender.py:transition_state():308] send defer: 8
2021-09-18 17:02:32,209 DEBUG   SenderThread:1267541 [sender.py:send_request():193] send_request: poll_exit
2021-09-18 17:02:32,209 DEBUG   HandlerThread:1267541 [handler.py:handle_request():124] handle_request: defer
2021-09-18 17:02:32,209 INFO    HandlerThread:1267541 [handler.py:handle_request_defer():141] handle defer: 8
2021-09-18 17:02:32,209 DEBUG   SenderThread:1267541 [sender.py:send_request():193] send_request: defer
2021-09-18 17:02:32,210 INFO    SenderThread:1267541 [sender.py:send_request_defer():304] handle sender defer: 8
2021-09-18 17:02:32,210 INFO    SenderThread:1267541 [sender.py:transition_state():308] send defer: 9
2021-09-18 17:02:32,210 DEBUG   HandlerThread:1267541 [handler.py:handle_request():124] handle_request: defer
2021-09-18 17:02:32,210 DEBUG   SenderThread:1267541 [sender.py:send():179] send: final
2021-09-18 17:02:32,210 INFO    HandlerThread:1267541 [handler.py:handle_request_defer():141] handle defer: 9
2021-09-18 17:02:32,210 DEBUG   SenderThread:1267541 [sender.py:send():179] send: footer
2021-09-18 17:02:32,210 DEBUG   SenderThread:1267541 [sender.py:send_request():193] send_request: defer
2021-09-18 17:02:32,210 INFO    SenderThread:1267541 [sender.py:send_request_defer():304] handle sender defer: 9
2021-09-18 17:02:32,311 DEBUG   HandlerThread:1267541 [handler.py:handle_request():124] handle_request: poll_exit
2021-09-18 17:02:32,311 DEBUG   SenderThread:1267541 [sender.py:send_request():193] send_request: poll_exit
2021-09-18 17:02:32,311 INFO    SenderThread:1267541 [file_pusher.py:join():182] waiting for file pusher
2021-09-18 17:02:32,312 DEBUG   HandlerThread:1267541 [handler.py:handle_request():124] handle_request: get_summary
2021-09-18 17:02:32,313 DEBUG   HandlerThread:1267541 [handler.py:handle_request():124] handle_request: sampled_history
2021-09-18 17:02:32,313 DEBUG   HandlerThread:1267541 [handler.py:handle_request():124] handle_request: shutdown
2021-09-18 17:02:32,313 INFO    HandlerThread:1267541 [handler.py:finish():638] shutting down handler
2021-09-18 17:02:33,210 INFO    WriterThread:1267541 [datastore.py:close():288] close: /grid/koo/home/toneyan/profile/QuantPred/wandb/run-20210918_170135-xyyfjnnn/run-xyyfjnnn.wandb
2021-09-18 17:02:33,311 INFO    SenderThread:1267541 [sender.py:finish():945] shutting down sender
2021-09-18 17:02:33,312 INFO    SenderThread:1267541 [file_pusher.py:finish():177] shutting down file pusher
2021-09-18 17:02:33,312 INFO    SenderThread:1267541 [file_pusher.py:join():182] waiting for file pusher
2021-09-18 17:02:33,313 INFO    MainThread:1267541 [internal.py:handle_exit():78] Internal process exited
