2021-09-18 16:32:50,100 INFO    MainThread:3645461 [internal.py:wandb_internal():91] W&B internal server running at pid: 3645461, started at: 2021-09-18 16:32:50.099898
2021-09-18 16:32:50,101 DEBUG   HandlerThread:3645461 [handler.py:handle_request():124] handle_request: check_version
2021-09-18 16:32:50,102 INFO    WriterThread:3645461 [datastore.py:open_for_write():80] open: /grid/koo/home/toneyan/profile/QuantPred/wandb/run-20210918_163249-exnfhljd/run-exnfhljd.wandb
2021-09-18 16:32:50,104 DEBUG   SenderThread:3645461 [sender.py:send():179] send: header
2021-09-18 16:32:50,104 DEBUG   SenderThread:3645461 [sender.py:send_request():193] send_request: check_version
2021-09-18 16:32:50,133 DEBUG   SenderThread:3645461 [sender.py:send():179] send: run
2021-09-18 16:32:50,219 INFO    SenderThread:3645461 [dir_watcher.py:__init__():168] watching files in: /grid/koo/home/toneyan/profile/QuantPred/wandb/run-20210918_163249-exnfhljd/files
2021-09-18 16:32:50,220 INFO    SenderThread:3645461 [sender.py:_start_run_threads():719] run started: exnfhljd with start time 1631997169
2021-09-18 16:32:50,220 DEBUG   SenderThread:3645461 [sender.py:send():179] send: summary
2021-09-18 16:32:50,220 DEBUG   HandlerThread:3645461 [handler.py:handle_request():124] handle_request: run_start
2021-09-18 16:32:50,221 INFO    SenderThread:3645461 [sender.py:_save_file():841] saving file wandb-summary.json with policy end
2021-09-18 16:32:51,295 INFO    Thread-8  :3645461 [dir_watcher.py:_on_file_created():216] file/dir created: /grid/koo/home/toneyan/profile/QuantPred/wandb/run-20210918_163249-exnfhljd/files/wandb-summary.json
2021-09-18 16:32:51,543 DEBUG   HandlerThread:3645461 [meta.py:__init__():39] meta init
2021-09-18 16:32:51,543 DEBUG   HandlerThread:3645461 [meta.py:__init__():53] meta init done
2021-09-18 16:32:51,543 DEBUG   HandlerThread:3645461 [meta.py:probe():210] probe
2021-09-18 16:32:51,551 DEBUG   HandlerThread:3645461 [meta.py:_save_pip():57] save pip
2021-09-18 16:32:51,552 DEBUG   HandlerThread:3645461 [meta.py:_save_pip():71] save pip done
2021-09-18 16:32:51,552 DEBUG   HandlerThread:3645461 [meta.py:probe():252] probe done
2021-09-18 16:32:51,554 DEBUG   SenderThread:3645461 [sender.py:send():179] send: files
2021-09-18 16:32:51,555 INFO    SenderThread:3645461 [sender.py:_save_file():841] saving file wandb-metadata.json with policy now
2021-09-18 16:32:51,561 DEBUG   HandlerThread:3645461 [handler.py:handle_request():124] handle_request: stop_status
2021-09-18 16:32:51,562 DEBUG   SenderThread:3645461 [sender.py:send_request():193] send_request: stop_status
2021-09-18 16:32:51,874 INFO    Thread-11 :3645461 [upload_job.py:push():137] Uploaded file /tmp/3288847.1.gpu_ded.q/tmp9kqk2uouwandb/12t21o1y-wandb-metadata.json
2021-09-18 16:32:52,295 INFO    Thread-8  :3645461 [dir_watcher.py:_on_file_created():216] file/dir created: /grid/koo/home/toneyan/profile/QuantPred/wandb/run-20210918_163249-exnfhljd/files/requirements.txt
2021-09-18 16:32:52,295 INFO    Thread-8  :3645461 [dir_watcher.py:_on_file_created():216] file/dir created: /grid/koo/home/toneyan/profile/QuantPred/wandb/run-20210918_163249-exnfhljd/files/output.log
2021-09-18 16:32:52,295 INFO    Thread-8  :3645461 [dir_watcher.py:_on_file_created():216] file/dir created: /grid/koo/home/toneyan/profile/QuantPred/wandb/run-20210918_163249-exnfhljd/files/wandb-metadata.json
2021-09-18 16:33:06,628 DEBUG   HandlerThread:3645461 [handler.py:handle_request():124] handle_request: stop_status
2021-09-18 16:33:06,628 DEBUG   SenderThread:3645461 [sender.py:send_request():193] send_request: stop_status
2021-09-18 16:33:06,688 ERROR   SenderThread:3645461 [internal_api.py:execute():130] 429 response executing GraphQL.
2021-09-18 16:33:06,689 ERROR   SenderThread:3645461 [internal_api.py:execute():131] {"error":"rate limit exceeded"}

2021-09-18 16:33:07,926 ERROR   SenderThread:3645461 [internal_api.py:execute():130] 429 response executing GraphQL.
2021-09-18 16:33:07,926 ERROR   SenderThread:3645461 [internal_api.py:execute():131] {"error":"rate limit exceeded"}

2021-09-18 16:33:10,167 ERROR   SenderThread:3645461 [internal_api.py:execute():130] 429 response executing GraphQL.
2021-09-18 16:33:10,167 ERROR   SenderThread:3645461 [internal_api.py:execute():131] {"error":"rate limit exceeded"}

2021-09-18 16:33:10,168 ERROR   SenderThread:3645461 [retry.py:__call__():126] Retry attempt failed:
Traceback (most recent call last):
  File "/usr/local/lib/python3.6/dist-packages/wandb/sdk/lib/retry.py", line 102, in __call__
    result = self._call_fn(*args, **kwargs)
  File "/usr/local/lib/python3.6/dist-packages/wandb/sdk/internal/internal_api.py", line 133, in execute
    six.reraise(*sys.exc_info())
  File "/usr/local/lib/python3.6/dist-packages/six.py", line 719, in reraise
    raise value
  File "/usr/local/lib/python3.6/dist-packages/wandb/sdk/internal/internal_api.py", line 127, in execute
    return self.client.execute(*args, **kwargs)
  File "/usr/local/lib/python3.6/dist-packages/wandb/vendor/gql-0.2.0/gql/client.py", line 52, in execute
    result = self._get_result(document, *args, **kwargs)
  File "/usr/local/lib/python3.6/dist-packages/wandb/vendor/gql-0.2.0/gql/client.py", line 60, in _get_result
    return self.transport.execute(document, *args, **kwargs)
  File "/usr/local/lib/python3.6/dist-packages/wandb/vendor/gql-0.2.0/gql/transport/requests.py", line 39, in execute
    request.raise_for_status()
  File "/usr/local/lib/python3.6/dist-packages/requests/models.py", line 943, in raise_for_status
    raise HTTPError(http_error_msg, response=self)
requests.exceptions.HTTPError: 429 Client Error: Too Many Requests for url: https://api.wandb.ai/graphql
2021-09-18 16:33:14,409 ERROR   SenderThread:3645461 [internal_api.py:execute():130] 429 response executing GraphQL.
2021-09-18 16:33:14,409 ERROR   SenderThread:3645461 [internal_api.py:execute():131] {"error":"rate limit exceeded"}

2021-09-18 16:33:22,817 DEBUG   SenderThread:3645461 [sender.py:send():179] send: stats
2021-09-18 16:33:25,690 DEBUG   HandlerThread:3645461 [handler.py:handle_request():124] handle_request: poll_exit
2021-09-18 16:33:25,690 DEBUG   SenderThread:3645461 [sender.py:send():179] send: telemetry
2021-09-18 16:33:25,690 DEBUG   SenderThread:3645461 [sender.py:send():179] send: exit
2021-09-18 16:33:25,690 INFO    SenderThread:3645461 [sender.py:send_exit():287] handling exit code: 1
2021-09-18 16:33:25,690 INFO    SenderThread:3645461 [sender.py:send_exit():295] send defer
2021-09-18 16:33:25,690 DEBUG   SenderThread:3645461 [sender.py:send_request():193] send_request: poll_exit
2021-09-18 16:33:25,691 DEBUG   HandlerThread:3645461 [handler.py:handle_request():124] handle_request: defer
2021-09-18 16:33:25,691 INFO    HandlerThread:3645461 [handler.py:handle_request_defer():141] handle defer: 0
2021-09-18 16:33:25,691 DEBUG   SenderThread:3645461 [sender.py:send_request():193] send_request: defer
2021-09-18 16:33:25,691 INFO    SenderThread:3645461 [sender.py:send_request_defer():304] handle sender defer: 0
2021-09-18 16:33:25,691 INFO    SenderThread:3645461 [sender.py:transition_state():308] send defer: 1
2021-09-18 16:33:25,691 DEBUG   HandlerThread:3645461 [handler.py:handle_request():124] handle_request: defer
2021-09-18 16:33:25,691 INFO    HandlerThread:3645461 [handler.py:handle_request_defer():141] handle defer: 1
2021-09-18 16:33:25,779 DEBUG   SenderThread:3645461 [sender.py:send_request():193] send_request: defer
2021-09-18 16:33:25,779 INFO    SenderThread:3645461 [sender.py:send_request_defer():304] handle sender defer: 1
2021-09-18 16:33:25,779 INFO    SenderThread:3645461 [sender.py:transition_state():308] send defer: 2
2021-09-18 16:33:25,780 DEBUG   SenderThread:3645461 [sender.py:send():179] send: stats
2021-09-18 16:33:25,780 DEBUG   HandlerThread:3645461 [handler.py:handle_request():124] handle_request: defer
2021-09-18 16:33:25,782 INFO    HandlerThread:3645461 [handler.py:handle_request_defer():141] handle defer: 2
2021-09-18 16:33:25,782 DEBUG   SenderThread:3645461 [sender.py:send_request():193] send_request: defer
2021-09-18 16:33:25,782 INFO    SenderThread:3645461 [sender.py:send_request_defer():304] handle sender defer: 2
2021-09-18 16:33:25,782 INFO    SenderThread:3645461 [sender.py:transition_state():308] send defer: 3
2021-09-18 16:33:25,783 DEBUG   HandlerThread:3645461 [handler.py:handle_request():124] handle_request: defer
2021-09-18 16:33:25,783 INFO    HandlerThread:3645461 [handler.py:handle_request_defer():141] handle defer: 3
2021-09-18 16:33:25,783 DEBUG   SenderThread:3645461 [sender.py:send():179] send: summary
2021-09-18 16:33:25,783 INFO    SenderThread:3645461 [sender.py:_save_file():841] saving file wandb-summary.json with policy end
2021-09-18 16:33:25,784 DEBUG   SenderThread:3645461 [sender.py:send_request():193] send_request: defer
2021-09-18 16:33:25,784 INFO    SenderThread:3645461 [sender.py:send_request_defer():304] handle sender defer: 3
2021-09-18 16:33:25,784 INFO    SenderThread:3645461 [sender.py:transition_state():308] send defer: 4
2021-09-18 16:33:25,784 DEBUG   HandlerThread:3645461 [handler.py:handle_request():124] handle_request: defer
2021-09-18 16:33:25,784 INFO    HandlerThread:3645461 [handler.py:handle_request_defer():141] handle defer: 4
2021-09-18 16:33:25,784 DEBUG   SenderThread:3645461 [sender.py:send_request():193] send_request: defer
2021-09-18 16:33:25,784 INFO    SenderThread:3645461 [sender.py:send_request_defer():304] handle sender defer: 4
2021-09-18 16:33:25,792 DEBUG   HandlerThread:3645461 [handler.py:handle_request():124] handle_request: poll_exit
2021-09-18 16:33:25,844 ERROR   SenderThread:3645461 [internal_api.py:execute():130] 429 response executing GraphQL.
2021-09-18 16:33:25,844 ERROR   SenderThread:3645461 [internal_api.py:execute():131] {"error":"rate limit exceeded"}

2021-09-18 16:33:26,306 INFO    Thread-8  :3645461 [dir_watcher.py:_on_file_modified():229] file/dir modified: /grid/koo/home/toneyan/profile/QuantPred/wandb/run-20210918_163249-exnfhljd/files/wandb-summary.json
2021-09-18 16:33:27,135 ERROR   SenderThread:3645461 [internal_api.py:execute():130] 429 response executing GraphQL.
2021-09-18 16:33:27,135 ERROR   SenderThread:3645461 [internal_api.py:execute():131] {"error":"rate limit exceeded"}

2021-09-18 16:33:29,429 ERROR   SenderThread:3645461 [internal_api.py:execute():130] 429 response executing GraphQL.
2021-09-18 16:33:29,430 ERROR   SenderThread:3645461 [internal_api.py:execute():131] {"error":"rate limit exceeded"}

2021-09-18 16:33:29,430 ERROR   SenderThread:3645461 [retry.py:__call__():126] Retry attempt failed:
Traceback (most recent call last):
  File "/usr/local/lib/python3.6/dist-packages/wandb/sdk/lib/retry.py", line 102, in __call__
    result = self._call_fn(*args, **kwargs)
  File "/usr/local/lib/python3.6/dist-packages/wandb/sdk/internal/internal_api.py", line 133, in execute
    six.reraise(*sys.exc_info())
  File "/usr/local/lib/python3.6/dist-packages/six.py", line 719, in reraise
    raise value
  File "/usr/local/lib/python3.6/dist-packages/wandb/sdk/internal/internal_api.py", line 127, in execute
    return self.client.execute(*args, **kwargs)
  File "/usr/local/lib/python3.6/dist-packages/wandb/vendor/gql-0.2.0/gql/client.py", line 52, in execute
    result = self._get_result(document, *args, **kwargs)
  File "/usr/local/lib/python3.6/dist-packages/wandb/vendor/gql-0.2.0/gql/client.py", line 60, in _get_result
    return self.transport.execute(document, *args, **kwargs)
  File "/usr/local/lib/python3.6/dist-packages/wandb/vendor/gql-0.2.0/gql/transport/requests.py", line 39, in execute
    request.raise_for_status()
  File "/usr/local/lib/python3.6/dist-packages/requests/models.py", line 943, in raise_for_status
    raise HTTPError(http_error_msg, response=self)
requests.exceptions.HTTPError: 429 Client Error: Too Many Requests for url: https://api.wandb.ai/graphql
2021-09-18 16:33:30,893 DEBUG   HandlerThread:3645461 [handler.py:handle_request():124] handle_request: poll_exit
2021-09-18 16:33:33,602 INFO    SenderThread:3645461 [sender.py:transition_state():308] send defer: 5
2021-09-18 16:33:33,602 DEBUG   SenderThread:3645461 [sender.py:send_request():193] send_request: poll_exit
2021-09-18 16:33:33,603 DEBUG   SenderThread:3645461 [sender.py:send_request():193] send_request: poll_exit
2021-09-18 16:33:33,603 DEBUG   HandlerThread:3645461 [handler.py:handle_request():124] handle_request: defer
2021-09-18 16:33:33,603 INFO    HandlerThread:3645461 [handler.py:handle_request_defer():141] handle defer: 5
2021-09-18 16:33:33,604 DEBUG   SenderThread:3645461 [sender.py:send_request():193] send_request: defer
2021-09-18 16:33:33,604 INFO    SenderThread:3645461 [sender.py:send_request_defer():304] handle sender defer: 5
2021-09-18 16:33:33,604 INFO    SenderThread:3645461 [dir_watcher.py:finish():282] shutting down directory watcher
2021-09-18 16:33:33,707 DEBUG   HandlerThread:3645461 [handler.py:handle_request():124] handle_request: poll_exit
2021-09-18 16:33:34,308 INFO    SenderThread:3645461 [dir_watcher.py:_on_file_modified():229] file/dir modified: /grid/koo/home/toneyan/profile/QuantPred/wandb/run-20210918_163249-exnfhljd/files/config.yaml
2021-09-18 16:33:34,309 INFO    SenderThread:3645461 [dir_watcher.py:finish():312] scan: /grid/koo/home/toneyan/profile/QuantPred/wandb/run-20210918_163249-exnfhljd/files
2021-09-18 16:33:34,309 INFO    SenderThread:3645461 [dir_watcher.py:finish():318] scan save: /grid/koo/home/toneyan/profile/QuantPred/wandb/run-20210918_163249-exnfhljd/files/wandb-metadata.json wandb-metadata.json
2021-09-18 16:33:34,309 INFO    SenderThread:3645461 [dir_watcher.py:finish():318] scan save: /grid/koo/home/toneyan/profile/QuantPred/wandb/run-20210918_163249-exnfhljd/files/config.yaml config.yaml
2021-09-18 16:33:34,309 INFO    SenderThread:3645461 [dir_watcher.py:finish():318] scan save: /grid/koo/home/toneyan/profile/QuantPred/wandb/run-20210918_163249-exnfhljd/files/requirements.txt requirements.txt
2021-09-18 16:33:34,309 INFO    SenderThread:3645461 [dir_watcher.py:finish():318] scan save: /grid/koo/home/toneyan/profile/QuantPred/wandb/run-20210918_163249-exnfhljd/files/wandb-summary.json wandb-summary.json
2021-09-18 16:33:34,313 INFO    SenderThread:3645461 [dir_watcher.py:finish():318] scan save: /grid/koo/home/toneyan/profile/QuantPred/wandb/run-20210918_163249-exnfhljd/files/output.log output.log
2021-09-18 16:33:34,316 INFO    SenderThread:3645461 [sender.py:transition_state():308] send defer: 6
2021-09-18 16:33:34,316 DEBUG   SenderThread:3645461 [sender.py:send_request():193] send_request: poll_exit
2021-09-18 16:33:34,322 DEBUG   HandlerThread:3645461 [handler.py:handle_request():124] handle_request: defer
2021-09-18 16:33:34,322 INFO    HandlerThread:3645461 [handler.py:handle_request_defer():141] handle defer: 6
2021-09-18 16:33:34,322 DEBUG   SenderThread:3645461 [sender.py:send_request():193] send_request: defer
2021-09-18 16:33:34,323 INFO    SenderThread:3645461 [sender.py:send_request_defer():304] handle sender defer: 6
2021-09-18 16:33:34,323 INFO    SenderThread:3645461 [file_pusher.py:finish():177] shutting down file pusher
2021-09-18 16:33:34,424 DEBUG   HandlerThread:3645461 [handler.py:handle_request():124] handle_request: poll_exit
2021-09-18 16:33:34,424 DEBUG   SenderThread:3645461 [sender.py:send_request():193] send_request: poll_exit
2021-09-18 16:33:34,526 DEBUG   HandlerThread:3645461 [handler.py:handle_request():124] handle_request: poll_exit
2021-09-18 16:33:34,527 DEBUG   SenderThread:3645461 [sender.py:send_request():193] send_request: poll_exit
2021-09-18 16:33:34,629 DEBUG   HandlerThread:3645461 [handler.py:handle_request():124] handle_request: poll_exit
2021-09-18 16:33:34,629 DEBUG   SenderThread:3645461 [sender.py:send_request():193] send_request: poll_exit
2021-09-18 16:33:34,655 INFO    Thread-13 :3645461 [upload_job.py:push():137] Uploaded file /grid/koo/home/toneyan/profile/QuantPred/wandb/run-20210918_163249-exnfhljd/files/requirements.txt
2021-09-18 16:33:34,660 INFO    Thread-12 :3645461 [upload_job.py:push():137] Uploaded file /grid/koo/home/toneyan/profile/QuantPred/wandb/run-20210918_163249-exnfhljd/files/config.yaml
2021-09-18 16:33:34,660 INFO    Thread-14 :3645461 [upload_job.py:push():137] Uploaded file /grid/koo/home/toneyan/profile/QuantPred/wandb/run-20210918_163249-exnfhljd/files/wandb-summary.json
2021-09-18 16:33:34,731 DEBUG   HandlerThread:3645461 [handler.py:handle_request():124] handle_request: poll_exit
2021-09-18 16:33:34,731 DEBUG   SenderThread:3645461 [sender.py:send_request():193] send_request: poll_exit
2021-09-18 16:33:34,835 DEBUG   HandlerThread:3645461 [handler.py:handle_request():124] handle_request: poll_exit
2021-09-18 16:33:34,835 DEBUG   SenderThread:3645461 [sender.py:send_request():193] send_request: poll_exit
2021-09-18 16:33:34,861 INFO    Thread-7  :3645461 [sender.py:transition_state():308] send defer: 7
2021-09-18 16:33:34,861 DEBUG   HandlerThread:3645461 [handler.py:handle_request():124] handle_request: defer
2021-09-18 16:33:34,862 INFO    HandlerThread:3645461 [handler.py:handle_request_defer():141] handle defer: 7
2021-09-18 16:33:34,862 DEBUG   SenderThread:3645461 [sender.py:send_request():193] send_request: defer
2021-09-18 16:33:34,862 INFO    SenderThread:3645461 [sender.py:send_request_defer():304] handle sender defer: 7
2021-09-18 16:33:34,919 INFO    SenderThread:3645461 [sender.py:transition_state():308] send defer: 8
2021-09-18 16:33:34,920 DEBUG   HandlerThread:3645461 [handler.py:handle_request():124] handle_request: defer
2021-09-18 16:33:34,920 INFO    HandlerThread:3645461 [handler.py:handle_request_defer():141] handle defer: 8
2021-09-18 16:33:34,920 DEBUG   SenderThread:3645461 [sender.py:send_request():193] send_request: defer
2021-09-18 16:33:34,920 INFO    SenderThread:3645461 [sender.py:send_request_defer():304] handle sender defer: 8
2021-09-18 16:33:34,920 INFO    SenderThread:3645461 [sender.py:transition_state():308] send defer: 9
2021-09-18 16:33:34,921 DEBUG   SenderThread:3645461 [sender.py:send():179] send: final
2021-09-18 16:33:34,921 DEBUG   HandlerThread:3645461 [handler.py:handle_request():124] handle_request: defer
2021-09-18 16:33:34,921 DEBUG   SenderThread:3645461 [sender.py:send():179] send: footer
2021-09-18 16:33:34,921 INFO    HandlerThread:3645461 [handler.py:handle_request_defer():141] handle defer: 9
2021-09-18 16:33:34,921 DEBUG   SenderThread:3645461 [sender.py:send_request():193] send_request: defer
2021-09-18 16:33:34,921 INFO    SenderThread:3645461 [sender.py:send_request_defer():304] handle sender defer: 9
2021-09-18 16:33:34,937 DEBUG   HandlerThread:3645461 [handler.py:handle_request():124] handle_request: poll_exit
2021-09-18 16:33:34,938 DEBUG   SenderThread:3645461 [sender.py:send_request():193] send_request: poll_exit
2021-09-18 16:33:34,938 INFO    SenderThread:3645461 [file_pusher.py:join():182] waiting for file pusher
2021-09-18 16:33:34,940 DEBUG   HandlerThread:3645461 [handler.py:handle_request():124] handle_request: get_summary
2021-09-18 16:33:34,941 DEBUG   HandlerThread:3645461 [handler.py:handle_request():124] handle_request: sampled_history
2021-09-18 16:33:34,941 DEBUG   HandlerThread:3645461 [handler.py:handle_request():124] handle_request: shutdown
2021-09-18 16:33:34,941 INFO    HandlerThread:3645461 [handler.py:finish():638] shutting down handler
2021-09-18 16:33:35,921 INFO    WriterThread:3645461 [datastore.py:close():288] close: /grid/koo/home/toneyan/profile/QuantPred/wandb/run-20210918_163249-exnfhljd/run-exnfhljd.wandb
2021-09-18 16:33:35,938 INFO    SenderThread:3645461 [sender.py:finish():945] shutting down sender
2021-09-18 16:33:35,938 INFO    SenderThread:3645461 [file_pusher.py:finish():177] shutting down file pusher
2021-09-18 16:33:35,938 INFO    SenderThread:3645461 [file_pusher.py:join():182] waiting for file pusher
2021-09-18 16:33:35,940 INFO    MainThread:3645461 [internal.py:handle_exit():78] Internal process exited
