2021-09-19 05:13:10,687 INFO    MainThread:259232 [internal.py:wandb_internal():91] W&B internal server running at pid: 259232, started at: 2021-09-19 05:13:10.686632
2021-09-19 05:13:10,689 DEBUG   HandlerThread:259232 [handler.py:handle_request():124] handle_request: check_version
2021-09-19 05:13:10,689 INFO    WriterThread:259232 [datastore.py:open_for_write():80] open: /grid/koo/home/toneyan/profile/QuantPred/wandb/run-20210919_051310-f92gun35/run-f92gun35.wandb
2021-09-19 05:13:10,690 DEBUG   SenderThread:259232 [sender.py:send():179] send: header
2021-09-19 05:13:10,691 DEBUG   SenderThread:259232 [sender.py:send_request():193] send_request: check_version
2021-09-19 05:13:10,720 DEBUG   SenderThread:259232 [sender.py:send():179] send: run
2021-09-19 05:13:10,782 ERROR   SenderThread:259232 [internal_api.py:execute():130] 429 response executing GraphQL.
2021-09-19 05:13:10,782 ERROR   SenderThread:259232 [internal_api.py:execute():131] {"error":"rate limit exceeded"}

2021-09-19 05:13:11,994 ERROR   SenderThread:259232 [internal_api.py:execute():130] 429 response executing GraphQL.
2021-09-19 05:13:11,994 ERROR   SenderThread:259232 [internal_api.py:execute():131] {"error":"rate limit exceeded"}

2021-09-19 05:13:14,191 ERROR   SenderThread:259232 [internal_api.py:execute():130] 429 response executing GraphQL.
2021-09-19 05:13:14,191 ERROR   SenderThread:259232 [internal_api.py:execute():131] {"error":"rate limit exceeded"}

2021-09-19 05:13:14,191 ERROR   SenderThread:259232 [retry.py:__call__():126] Retry attempt failed:
Traceback (most recent call last):
  File "/usr/local/lib/python3.6/dist-packages/wandb/sdk/lib/retry.py", line 102, in __call__
    result = self._call_fn(*args, **kwargs)
  File "/usr/local/lib/python3.6/dist-packages/wandb/sdk/internal/internal_api.py", line 133, in execute
    six.reraise(*sys.exc_info())
  File "/usr/local/lib/python3.6/dist-packages/six.py", line 719, in reraise
    raise value
  File "/usr/local/lib/python3.6/dist-packages/wandb/sdk/internal/internal_api.py", line 127, in execute
    return self.client.execute(*args, **kwargs)
  File "/usr/local/lib/python3.6/dist-packages/wandb/vendor/gql-0.2.0/gql/client.py", line 52, in execute
    result = self._get_result(document, *args, **kwargs)
  File "/usr/local/lib/python3.6/dist-packages/wandb/vendor/gql-0.2.0/gql/client.py", line 60, in _get_result
    return self.transport.execute(document, *args, **kwargs)
  File "/usr/local/lib/python3.6/dist-packages/wandb/vendor/gql-0.2.0/gql/transport/requests.py", line 39, in execute
    request.raise_for_status()
  File "/usr/local/lib/python3.6/dist-packages/requests/models.py", line 943, in raise_for_status
    raise HTTPError(http_error_msg, response=self)
requests.exceptions.HTTPError: 429 Client Error: Too Many Requests for url: https://api.wandb.ai/graphql
2021-09-19 05:13:18,696 INFO    SenderThread:259232 [dir_watcher.py:__init__():168] watching files in: /grid/koo/home/toneyan/profile/QuantPred/wandb/run-20210919_051310-f92gun35/files
2021-09-19 05:13:18,696 INFO    SenderThread:259232 [sender.py:_start_run_threads():719] run started: f92gun35 with start time 1632042790
2021-09-19 05:13:18,696 DEBUG   SenderThread:259232 [sender.py:send():179] send: summary
2021-09-19 05:13:18,697 INFO    SenderThread:259232 [sender.py:_save_file():841] saving file wandb-summary.json with policy end
2021-09-19 05:13:18,697 DEBUG   HandlerThread:259232 [handler.py:handle_request():124] handle_request: run_start
2021-09-19 05:13:19,703 INFO    Thread-8  :259232 [dir_watcher.py:_on_file_created():216] file/dir created: /grid/koo/home/toneyan/profile/QuantPred/wandb/run-20210919_051310-f92gun35/files/wandb-summary.json
2021-09-19 05:13:19,877 DEBUG   HandlerThread:259232 [meta.py:__init__():39] meta init
2021-09-19 05:13:19,877 DEBUG   HandlerThread:259232 [meta.py:__init__():53] meta init done
2021-09-19 05:13:19,877 DEBUG   HandlerThread:259232 [meta.py:probe():210] probe
2021-09-19 05:13:19,885 DEBUG   HandlerThread:259232 [meta.py:_save_pip():57] save pip
2021-09-19 05:13:19,887 DEBUG   HandlerThread:259232 [meta.py:_save_pip():71] save pip done
2021-09-19 05:13:19,887 DEBUG   HandlerThread:259232 [meta.py:probe():252] probe done
2021-09-19 05:13:19,890 DEBUG   SenderThread:259232 [sender.py:send():179] send: files
2021-09-19 05:13:19,890 INFO    SenderThread:259232 [sender.py:_save_file():841] saving file wandb-metadata.json with policy now
2021-09-19 05:13:19,896 DEBUG   HandlerThread:259232 [handler.py:handle_request():124] handle_request: stop_status
2021-09-19 05:13:19,897 DEBUG   SenderThread:259232 [sender.py:send_request():193] send_request: stop_status
2021-09-19 05:13:20,239 INFO    Thread-11 :259232 [upload_job.py:push():137] Uploaded file /tmp/3288845.1.gpu_ded.q/tmp8fjhl1_kwandb/3a0i2rh2-wandb-metadata.json
2021-09-19 05:13:20,697 INFO    Thread-8  :259232 [dir_watcher.py:_on_file_created():216] file/dir created: /grid/koo/home/toneyan/profile/QuantPred/wandb/run-20210919_051310-f92gun35/files/wandb-metadata.json
2021-09-19 05:13:20,697 INFO    Thread-8  :259232 [dir_watcher.py:_on_file_created():216] file/dir created: /grid/koo/home/toneyan/profile/QuantPred/wandb/run-20210919_051310-f92gun35/files/requirements.txt
2021-09-19 05:13:20,697 INFO    Thread-8  :259232 [dir_watcher.py:_on_file_created():216] file/dir created: /grid/koo/home/toneyan/profile/QuantPred/wandb/run-20210919_051310-f92gun35/files/output.log
2021-09-19 05:13:34,964 DEBUG   HandlerThread:259232 [handler.py:handle_request():124] handle_request: stop_status
2021-09-19 05:13:34,964 DEBUG   SenderThread:259232 [sender.py:send_request():193] send_request: stop_status
2021-09-19 05:13:35,018 ERROR   SenderThread:259232 [internal_api.py:execute():130] 429 response executing GraphQL.
2021-09-19 05:13:35,019 ERROR   SenderThread:259232 [internal_api.py:execute():131] {"error":"rate limit exceeded"}

2021-09-19 05:13:36,097 ERROR   SenderThread:259232 [internal_api.py:execute():130] 429 response executing GraphQL.
2021-09-19 05:13:36,097 ERROR   SenderThread:259232 [internal_api.py:execute():131] {"error":"rate limit exceeded"}

2021-09-19 05:13:38,249 ERROR   SenderThread:259232 [internal_api.py:execute():130] 429 response executing GraphQL.
2021-09-19 05:13:38,250 ERROR   SenderThread:259232 [internal_api.py:execute():131] {"error":"rate limit exceeded"}

2021-09-19 05:13:38,250 ERROR   SenderThread:259232 [retry.py:__call__():126] Retry attempt failed:
Traceback (most recent call last):
  File "/usr/local/lib/python3.6/dist-packages/wandb/sdk/lib/retry.py", line 102, in __call__
    result = self._call_fn(*args, **kwargs)
  File "/usr/local/lib/python3.6/dist-packages/wandb/sdk/internal/internal_api.py", line 133, in execute
    six.reraise(*sys.exc_info())
  File "/usr/local/lib/python3.6/dist-packages/six.py", line 719, in reraise
    raise value
  File "/usr/local/lib/python3.6/dist-packages/wandb/sdk/internal/internal_api.py", line 127, in execute
    return self.client.execute(*args, **kwargs)
  File "/usr/local/lib/python3.6/dist-packages/wandb/vendor/gql-0.2.0/gql/client.py", line 52, in execute
    result = self._get_result(document, *args, **kwargs)
  File "/usr/local/lib/python3.6/dist-packages/wandb/vendor/gql-0.2.0/gql/client.py", line 60, in _get_result
    return self.transport.execute(document, *args, **kwargs)
  File "/usr/local/lib/python3.6/dist-packages/wandb/vendor/gql-0.2.0/gql/transport/requests.py", line 39, in execute
    request.raise_for_status()
  File "/usr/local/lib/python3.6/dist-packages/requests/models.py", line 943, in raise_for_status
    raise HTTPError(http_error_msg, response=self)
requests.exceptions.HTTPError: 429 Client Error: Too Many Requests for url: https://api.wandb.ai/graphql
2021-09-19 05:13:42,420 ERROR   SenderThread:259232 [internal_api.py:execute():130] 429 response executing GraphQL.
2021-09-19 05:13:42,420 ERROR   SenderThread:259232 [internal_api.py:execute():131] {"error":"rate limit exceeded"}

2021-09-19 05:13:51,140 DEBUG   SenderThread:259232 [sender.py:send():179] send: stats
2021-09-19 05:13:53,894 DEBUG   SenderThread:259232 [sender.py:send():179] send: telemetry
2021-09-19 05:13:53,894 DEBUG   SenderThread:259232 [sender.py:send():179] send: exit
2021-09-19 05:13:53,894 DEBUG   HandlerThread:259232 [handler.py:handle_request():124] handle_request: poll_exit
2021-09-19 05:13:53,894 INFO    SenderThread:259232 [sender.py:send_exit():287] handling exit code: 1
2021-09-19 05:13:53,894 INFO    SenderThread:259232 [sender.py:send_exit():295] send defer
2021-09-19 05:13:53,894 DEBUG   SenderThread:259232 [sender.py:send_request():193] send_request: poll_exit
2021-09-19 05:13:53,895 DEBUG   HandlerThread:259232 [handler.py:handle_request():124] handle_request: defer
2021-09-19 05:13:53,895 INFO    HandlerThread:259232 [handler.py:handle_request_defer():141] handle defer: 0
2021-09-19 05:13:53,895 DEBUG   SenderThread:259232 [sender.py:send_request():193] send_request: defer
2021-09-19 05:13:53,895 INFO    SenderThread:259232 [sender.py:send_request_defer():304] handle sender defer: 0
2021-09-19 05:13:53,895 INFO    SenderThread:259232 [sender.py:transition_state():308] send defer: 1
2021-09-19 05:13:53,896 DEBUG   HandlerThread:259232 [handler.py:handle_request():124] handle_request: defer
2021-09-19 05:13:53,896 INFO    HandlerThread:259232 [handler.py:handle_request_defer():141] handle defer: 1
2021-09-19 05:13:53,965 DEBUG   SenderThread:259232 [sender.py:send_request():193] send_request: defer
2021-09-19 05:13:53,965 INFO    SenderThread:259232 [sender.py:send_request_defer():304] handle sender defer: 1
2021-09-19 05:13:53,966 INFO    SenderThread:259232 [sender.py:transition_state():308] send defer: 2
2021-09-19 05:13:53,966 DEBUG   SenderThread:259232 [sender.py:send():179] send: stats
2021-09-19 05:13:53,966 DEBUG   HandlerThread:259232 [handler.py:handle_request():124] handle_request: defer
2021-09-19 05:13:53,968 INFO    HandlerThread:259232 [handler.py:handle_request_defer():141] handle defer: 2
2021-09-19 05:13:53,968 DEBUG   SenderThread:259232 [sender.py:send_request():193] send_request: defer
2021-09-19 05:13:53,968 INFO    SenderThread:259232 [sender.py:send_request_defer():304] handle sender defer: 2
2021-09-19 05:13:53,969 INFO    SenderThread:259232 [sender.py:transition_state():308] send defer: 3
2021-09-19 05:13:53,969 DEBUG   HandlerThread:259232 [handler.py:handle_request():124] handle_request: defer
2021-09-19 05:13:53,969 INFO    HandlerThread:259232 [handler.py:handle_request_defer():141] handle defer: 3
2021-09-19 05:13:53,969 DEBUG   SenderThread:259232 [sender.py:send():179] send: summary
2021-09-19 05:13:53,969 INFO    SenderThread:259232 [sender.py:_save_file():841] saving file wandb-summary.json with policy end
2021-09-19 05:13:53,969 DEBUG   SenderThread:259232 [sender.py:send_request():193] send_request: defer
2021-09-19 05:13:53,969 INFO    SenderThread:259232 [sender.py:send_request_defer():304] handle sender defer: 3
2021-09-19 05:13:53,970 INFO    SenderThread:259232 [sender.py:transition_state():308] send defer: 4
2021-09-19 05:13:53,970 DEBUG   HandlerThread:259232 [handler.py:handle_request():124] handle_request: defer
2021-09-19 05:13:53,970 INFO    HandlerThread:259232 [handler.py:handle_request_defer():141] handle defer: 4
2021-09-19 05:13:53,970 DEBUG   SenderThread:259232 [sender.py:send_request():193] send_request: defer
2021-09-19 05:13:53,970 INFO    SenderThread:259232 [sender.py:send_request_defer():304] handle sender defer: 4
2021-09-19 05:13:53,996 DEBUG   HandlerThread:259232 [handler.py:handle_request():124] handle_request: poll_exit
2021-09-19 05:13:54,025 ERROR   SenderThread:259232 [internal_api.py:execute():130] 429 response executing GraphQL.
2021-09-19 05:13:54,026 ERROR   SenderThread:259232 [internal_api.py:execute():131] {"error":"rate limit exceeded"}

2021-09-19 05:13:54,708 INFO    Thread-8  :259232 [dir_watcher.py:_on_file_modified():229] file/dir modified: /grid/koo/home/toneyan/profile/QuantPred/wandb/run-20210919_051310-f92gun35/files/wandb-summary.json
2021-09-19 05:13:55,133 ERROR   SenderThread:259232 [internal_api.py:execute():130] 429 response executing GraphQL.
2021-09-19 05:13:55,133 ERROR   SenderThread:259232 [internal_api.py:execute():131] {"error":"rate limit exceeded"}

2021-09-19 05:13:57,254 ERROR   SenderThread:259232 [internal_api.py:execute():130] 429 response executing GraphQL.
2021-09-19 05:13:57,255 ERROR   SenderThread:259232 [internal_api.py:execute():131] {"error":"rate limit exceeded"}

2021-09-19 05:13:57,255 ERROR   SenderThread:259232 [retry.py:__call__():126] Retry attempt failed:
Traceback (most recent call last):
  File "/usr/local/lib/python3.6/dist-packages/wandb/sdk/lib/retry.py", line 102, in __call__
    result = self._call_fn(*args, **kwargs)
  File "/usr/local/lib/python3.6/dist-packages/wandb/sdk/internal/internal_api.py", line 133, in execute
    six.reraise(*sys.exc_info())
  File "/usr/local/lib/python3.6/dist-packages/six.py", line 719, in reraise
    raise value
  File "/usr/local/lib/python3.6/dist-packages/wandb/sdk/internal/internal_api.py", line 127, in execute
    return self.client.execute(*args, **kwargs)
  File "/usr/local/lib/python3.6/dist-packages/wandb/vendor/gql-0.2.0/gql/client.py", line 52, in execute
    result = self._get_result(document, *args, **kwargs)
  File "/usr/local/lib/python3.6/dist-packages/wandb/vendor/gql-0.2.0/gql/client.py", line 60, in _get_result
    return self.transport.execute(document, *args, **kwargs)
  File "/usr/local/lib/python3.6/dist-packages/wandb/vendor/gql-0.2.0/gql/transport/requests.py", line 39, in execute
    request.raise_for_status()
  File "/usr/local/lib/python3.6/dist-packages/requests/models.py", line 943, in raise_for_status
    raise HTTPError(http_error_msg, response=self)
requests.exceptions.HTTPError: 429 Client Error: Too Many Requests for url: https://api.wandb.ai/graphql
2021-09-19 05:13:59,097 DEBUG   HandlerThread:259232 [handler.py:handle_request():124] handle_request: poll_exit
2021-09-19 05:14:01,872 INFO    SenderThread:259232 [sender.py:transition_state():308] send defer: 5
2021-09-19 05:14:01,872 DEBUG   SenderThread:259232 [sender.py:send_request():193] send_request: poll_exit
2021-09-19 05:14:01,872 DEBUG   SenderThread:259232 [sender.py:send_request():193] send_request: poll_exit
2021-09-19 05:14:01,872 DEBUG   HandlerThread:259232 [handler.py:handle_request():124] handle_request: defer
2021-09-19 05:14:01,873 INFO    HandlerThread:259232 [handler.py:handle_request_defer():141] handle defer: 5
2021-09-19 05:14:01,873 DEBUG   SenderThread:259232 [sender.py:send_request():193] send_request: defer
2021-09-19 05:14:01,873 INFO    SenderThread:259232 [sender.py:send_request_defer():304] handle sender defer: 5
2021-09-19 05:14:01,873 INFO    SenderThread:259232 [dir_watcher.py:finish():282] shutting down directory watcher
2021-09-19 05:14:01,977 DEBUG   HandlerThread:259232 [handler.py:handle_request():124] handle_request: poll_exit
2021-09-19 05:14:02,710 INFO    SenderThread:259232 [dir_watcher.py:_on_file_modified():229] file/dir modified: /grid/koo/home/toneyan/profile/QuantPred/wandb/run-20210919_051310-f92gun35/files/config.yaml
2021-09-19 05:14:02,711 INFO    SenderThread:259232 [dir_watcher.py:finish():312] scan: /grid/koo/home/toneyan/profile/QuantPred/wandb/run-20210919_051310-f92gun35/files
2021-09-19 05:14:02,711 INFO    SenderThread:259232 [dir_watcher.py:finish():318] scan save: /grid/koo/home/toneyan/profile/QuantPred/wandb/run-20210919_051310-f92gun35/files/wandb-metadata.json wandb-metadata.json
2021-09-19 05:14:02,711 INFO    SenderThread:259232 [dir_watcher.py:finish():318] scan save: /grid/koo/home/toneyan/profile/QuantPred/wandb/run-20210919_051310-f92gun35/files/config.yaml config.yaml
2021-09-19 05:14:02,711 INFO    SenderThread:259232 [dir_watcher.py:finish():318] scan save: /grid/koo/home/toneyan/profile/QuantPred/wandb/run-20210919_051310-f92gun35/files/requirements.txt requirements.txt
2021-09-19 05:14:02,711 INFO    SenderThread:259232 [dir_watcher.py:finish():318] scan save: /grid/koo/home/toneyan/profile/QuantPred/wandb/run-20210919_051310-f92gun35/files/wandb-summary.json wandb-summary.json
2021-09-19 05:14:02,714 INFO    SenderThread:259232 [dir_watcher.py:finish():318] scan save: /grid/koo/home/toneyan/profile/QuantPred/wandb/run-20210919_051310-f92gun35/files/output.log output.log
2021-09-19 05:14:02,717 INFO    SenderThread:259232 [sender.py:transition_state():308] send defer: 6
2021-09-19 05:14:02,718 DEBUG   SenderThread:259232 [sender.py:send_request():193] send_request: poll_exit
2021-09-19 05:14:02,723 DEBUG   HandlerThread:259232 [handler.py:handle_request():124] handle_request: defer
2021-09-19 05:14:02,723 INFO    HandlerThread:259232 [handler.py:handle_request_defer():141] handle defer: 6
2021-09-19 05:14:02,723 DEBUG   SenderThread:259232 [sender.py:send_request():193] send_request: defer
2021-09-19 05:14:02,723 INFO    SenderThread:259232 [sender.py:send_request_defer():304] handle sender defer: 6
2021-09-19 05:14:02,723 INFO    SenderThread:259232 [file_pusher.py:finish():177] shutting down file pusher
2021-09-19 05:14:02,823 DEBUG   HandlerThread:259232 [handler.py:handle_request():124] handle_request: poll_exit
2021-09-19 05:14:02,824 DEBUG   SenderThread:259232 [sender.py:send_request():193] send_request: poll_exit
2021-09-19 05:14:02,926 DEBUG   HandlerThread:259232 [handler.py:handle_request():124] handle_request: poll_exit
2021-09-19 05:14:02,926 DEBUG   SenderThread:259232 [sender.py:send_request():193] send_request: poll_exit
2021-09-19 05:14:03,028 DEBUG   HandlerThread:259232 [handler.py:handle_request():124] handle_request: poll_exit
2021-09-19 05:14:03,028 DEBUG   SenderThread:259232 [sender.py:send_request():193] send_request: poll_exit
2021-09-19 05:14:03,070 INFO    Thread-13 :259232 [upload_job.py:push():137] Uploaded file /grid/koo/home/toneyan/profile/QuantPred/wandb/run-20210919_051310-f92gun35/files/requirements.txt
2021-09-19 05:14:03,081 INFO    Thread-12 :259232 [upload_job.py:push():137] Uploaded file /grid/koo/home/toneyan/profile/QuantPred/wandb/run-20210919_051310-f92gun35/files/config.yaml
2021-09-19 05:14:03,129 DEBUG   HandlerThread:259232 [handler.py:handle_request():124] handle_request: poll_exit
2021-09-19 05:14:03,130 DEBUG   SenderThread:259232 [sender.py:send_request():193] send_request: poll_exit
2021-09-19 05:14:03,158 INFO    Thread-14 :259232 [upload_job.py:push():137] Uploaded file /grid/koo/home/toneyan/profile/QuantPred/wandb/run-20210919_051310-f92gun35/files/wandb-summary.json
2021-09-19 05:14:03,231 DEBUG   HandlerThread:259232 [handler.py:handle_request():124] handle_request: poll_exit
2021-09-19 05:14:03,231 DEBUG   SenderThread:259232 [sender.py:send_request():193] send_request: poll_exit
2021-09-19 05:14:03,333 DEBUG   HandlerThread:259232 [handler.py:handle_request():124] handle_request: poll_exit
2021-09-19 05:14:03,334 DEBUG   SenderThread:259232 [sender.py:send_request():193] send_request: poll_exit
2021-09-19 05:14:03,358 INFO    Thread-7  :259232 [sender.py:transition_state():308] send defer: 7
2021-09-19 05:14:03,358 DEBUG   HandlerThread:259232 [handler.py:handle_request():124] handle_request: defer
2021-09-19 05:14:03,359 INFO    HandlerThread:259232 [handler.py:handle_request_defer():141] handle defer: 7
2021-09-19 05:14:03,359 DEBUG   SenderThread:259232 [sender.py:send_request():193] send_request: defer
2021-09-19 05:14:03,359 INFO    SenderThread:259232 [sender.py:send_request_defer():304] handle sender defer: 7
2021-09-19 05:14:03,418 INFO    SenderThread:259232 [sender.py:transition_state():308] send defer: 8
2021-09-19 05:14:03,419 DEBUG   HandlerThread:259232 [handler.py:handle_request():124] handle_request: defer
2021-09-19 05:14:03,419 INFO    HandlerThread:259232 [handler.py:handle_request_defer():141] handle defer: 8
2021-09-19 05:14:03,419 DEBUG   SenderThread:259232 [sender.py:send_request():193] send_request: defer
2021-09-19 05:14:03,419 INFO    SenderThread:259232 [sender.py:send_request_defer():304] handle sender defer: 8
2021-09-19 05:14:03,419 INFO    SenderThread:259232 [sender.py:transition_state():308] send defer: 9
2021-09-19 05:14:03,419 DEBUG   SenderThread:259232 [sender.py:send():179] send: final
2021-09-19 05:14:03,420 DEBUG   HandlerThread:259232 [handler.py:handle_request():124] handle_request: defer
2021-09-19 05:14:03,420 DEBUG   SenderThread:259232 [sender.py:send():179] send: footer
2021-09-19 05:14:03,420 INFO    HandlerThread:259232 [handler.py:handle_request_defer():141] handle defer: 9
2021-09-19 05:14:03,420 DEBUG   SenderThread:259232 [sender.py:send_request():193] send_request: defer
2021-09-19 05:14:03,420 INFO    SenderThread:259232 [sender.py:send_request_defer():304] handle sender defer: 9
2021-09-19 05:14:03,435 DEBUG   HandlerThread:259232 [handler.py:handle_request():124] handle_request: poll_exit
2021-09-19 05:14:03,435 DEBUG   SenderThread:259232 [sender.py:send_request():193] send_request: poll_exit
2021-09-19 05:14:03,436 INFO    SenderThread:259232 [file_pusher.py:join():182] waiting for file pusher
2021-09-19 05:14:03,437 DEBUG   HandlerThread:259232 [handler.py:handle_request():124] handle_request: get_summary
2021-09-19 05:14:03,437 DEBUG   HandlerThread:259232 [handler.py:handle_request():124] handle_request: sampled_history
2021-09-19 05:14:03,438 DEBUG   HandlerThread:259232 [handler.py:handle_request():124] handle_request: shutdown
2021-09-19 05:14:03,438 INFO    HandlerThread:259232 [handler.py:finish():638] shutting down handler
2021-09-19 05:14:04,420 INFO    WriterThread:259232 [datastore.py:close():288] close: /grid/koo/home/toneyan/profile/QuantPred/wandb/run-20210919_051310-f92gun35/run-f92gun35.wandb
2021-09-19 05:14:04,436 INFO    SenderThread:259232 [sender.py:finish():945] shutting down sender
2021-09-19 05:14:04,436 INFO    SenderThread:259232 [file_pusher.py:finish():177] shutting down file pusher
2021-09-19 05:14:04,436 INFO    SenderThread:259232 [file_pusher.py:join():182] waiting for file pusher
2021-09-19 05:14:04,437 INFO    MainThread:259232 [internal.py:handle_exit():78] Internal process exited
