2021-09-18 23:34:38,833 INFO    MainThread:502611 [internal.py:wandb_internal():91] W&B internal server running at pid: 502611, started at: 2021-09-18 23:34:38.833299
2021-09-18 23:34:38,835 DEBUG   HandlerThread:502611 [handler.py:handle_request():124] handle_request: check_version
2021-09-18 23:34:38,835 INFO    WriterThread:502611 [datastore.py:open_for_write():80] open: /grid/koo/home/toneyan/profile/QuantPred/wandb/run-20210918_233438-a6xshib8/run-a6xshib8.wandb
2021-09-18 23:34:38,836 DEBUG   SenderThread:502611 [sender.py:send():179] send: header
2021-09-18 23:34:38,836 DEBUG   SenderThread:502611 [sender.py:send_request():193] send_request: check_version
2021-09-18 23:34:38,864 DEBUG   SenderThread:502611 [sender.py:send():179] send: run
2021-09-18 23:34:38,943 INFO    SenderThread:502611 [dir_watcher.py:__init__():168] watching files in: /grid/koo/home/toneyan/profile/QuantPred/wandb/run-20210918_233438-a6xshib8/files
2021-09-18 23:34:38,944 INFO    SenderThread:502611 [sender.py:_start_run_threads():719] run started: a6xshib8 with start time 1632022478
2021-09-18 23:34:38,944 DEBUG   SenderThread:502611 [sender.py:send():179] send: summary
2021-09-18 23:34:38,944 INFO    SenderThread:502611 [sender.py:_save_file():841] saving file wandb-summary.json with policy end
2021-09-18 23:34:38,945 DEBUG   HandlerThread:502611 [handler.py:handle_request():124] handle_request: run_start
2021-09-18 23:34:39,945 INFO    Thread-8  :502611 [dir_watcher.py:_on_file_created():216] file/dir created: /grid/koo/home/toneyan/profile/QuantPred/wandb/run-20210918_233438-a6xshib8/files/wandb-summary.json
2021-09-18 23:34:39,968 DEBUG   HandlerThread:502611 [meta.py:__init__():39] meta init
2021-09-18 23:34:39,968 DEBUG   HandlerThread:502611 [meta.py:__init__():53] meta init done
2021-09-18 23:34:39,968 DEBUG   HandlerThread:502611 [meta.py:probe():210] probe
2021-09-18 23:34:39,974 DEBUG   HandlerThread:502611 [meta.py:_save_pip():57] save pip
2021-09-18 23:34:39,976 DEBUG   HandlerThread:502611 [meta.py:_save_pip():71] save pip done
2021-09-18 23:34:39,976 DEBUG   HandlerThread:502611 [meta.py:probe():252] probe done
2021-09-18 23:34:39,978 DEBUG   SenderThread:502611 [sender.py:send():179] send: files
2021-09-18 23:34:39,978 INFO    SenderThread:502611 [sender.py:_save_file():841] saving file wandb-metadata.json with policy now
2021-09-18 23:34:39,984 DEBUG   HandlerThread:502611 [handler.py:handle_request():124] handle_request: stop_status
2021-09-18 23:34:39,984 DEBUG   SenderThread:502611 [sender.py:send_request():193] send_request: stop_status
2021-09-18 23:34:40,038 ERROR   Thread-11 :502611 [internal_api.py:execute():130] 429 response executing GraphQL.
2021-09-18 23:34:40,038 ERROR   Thread-11 :502611 [internal_api.py:execute():131] {"error":"rate limit exceeded"}

2021-09-18 23:34:40,040 ERROR   SenderThread:502611 [internal_api.py:execute():130] 429 response executing GraphQL.
2021-09-18 23:34:40,040 ERROR   SenderThread:502611 [internal_api.py:execute():131] {"error":"rate limit exceeded"}

2021-09-18 23:34:40,946 INFO    Thread-8  :502611 [dir_watcher.py:_on_file_created():216] file/dir created: /grid/koo/home/toneyan/profile/QuantPred/wandb/run-20210918_233438-a6xshib8/files/output.log
2021-09-18 23:34:40,946 INFO    Thread-8  :502611 [dir_watcher.py:_on_file_created():216] file/dir created: /grid/koo/home/toneyan/profile/QuantPred/wandb/run-20210918_233438-a6xshib8/files/wandb-metadata.json
2021-09-18 23:34:40,947 INFO    Thread-8  :502611 [dir_watcher.py:_on_file_created():216] file/dir created: /grid/koo/home/toneyan/profile/QuantPred/wandb/run-20210918_233438-a6xshib8/files/requirements.txt
2021-09-18 23:34:41,144 ERROR   Thread-11 :502611 [internal_api.py:execute():130] 429 response executing GraphQL.
2021-09-18 23:34:41,144 ERROR   Thread-11 :502611 [internal_api.py:execute():131] {"error":"rate limit exceeded"}

2021-09-18 23:34:41,144 ERROR   Thread-11 :502611 [retry.py:__call__():126] Retry attempt failed:
Traceback (most recent call last):
  File "/usr/local/lib/python3.6/dist-packages/wandb/sdk/lib/retry.py", line 102, in __call__
    result = self._call_fn(*args, **kwargs)
  File "/usr/local/lib/python3.6/dist-packages/wandb/sdk/internal/internal_api.py", line 133, in execute
    six.reraise(*sys.exc_info())
  File "/usr/local/lib/python3.6/dist-packages/six.py", line 719, in reraise
    raise value
  File "/usr/local/lib/python3.6/dist-packages/wandb/sdk/internal/internal_api.py", line 127, in execute
    return self.client.execute(*args, **kwargs)
  File "/usr/local/lib/python3.6/dist-packages/wandb/vendor/gql-0.2.0/gql/client.py", line 52, in execute
    result = self._get_result(document, *args, **kwargs)
  File "/usr/local/lib/python3.6/dist-packages/wandb/vendor/gql-0.2.0/gql/client.py", line 60, in _get_result
    return self.transport.execute(document, *args, **kwargs)
  File "/usr/local/lib/python3.6/dist-packages/wandb/vendor/gql-0.2.0/gql/transport/requests.py", line 39, in execute
    request.raise_for_status()
  File "/usr/local/lib/python3.6/dist-packages/requests/models.py", line 943, in raise_for_status
    raise HTTPError(http_error_msg, response=self)
requests.exceptions.HTTPError: 429 Client Error: Too Many Requests for url: https://api.wandb.ai/graphql
2021-09-18 23:34:41,165 ERROR   SenderThread:502611 [internal_api.py:execute():130] 429 response executing GraphQL.
2021-09-18 23:34:41,165 ERROR   SenderThread:502611 [internal_api.py:execute():131] {"error":"rate limit exceeded"}

2021-09-18 23:34:41,165 ERROR   SenderThread:502611 [retry.py:__call__():126] Retry attempt failed:
Traceback (most recent call last):
  File "/usr/local/lib/python3.6/dist-packages/wandb/sdk/lib/retry.py", line 102, in __call__
    result = self._call_fn(*args, **kwargs)
  File "/usr/local/lib/python3.6/dist-packages/wandb/sdk/internal/internal_api.py", line 133, in execute
    six.reraise(*sys.exc_info())
  File "/usr/local/lib/python3.6/dist-packages/six.py", line 719, in reraise
    raise value
  File "/usr/local/lib/python3.6/dist-packages/wandb/sdk/internal/internal_api.py", line 127, in execute
    return self.client.execute(*args, **kwargs)
  File "/usr/local/lib/python3.6/dist-packages/wandb/vendor/gql-0.2.0/gql/client.py", line 52, in execute
    result = self._get_result(document, *args, **kwargs)
  File "/usr/local/lib/python3.6/dist-packages/wandb/vendor/gql-0.2.0/gql/client.py", line 60, in _get_result
    return self.transport.execute(document, *args, **kwargs)
  File "/usr/local/lib/python3.6/dist-packages/wandb/vendor/gql-0.2.0/gql/transport/requests.py", line 39, in execute
    request.raise_for_status()
  File "/usr/local/lib/python3.6/dist-packages/requests/models.py", line 943, in raise_for_status
    raise HTTPError(http_error_msg, response=self)
requests.exceptions.HTTPError: 429 Client Error: Too Many Requests for url: https://api.wandb.ai/graphql
2021-09-18 23:34:43,419 ERROR   SenderThread:502611 [internal_api.py:execute():130] 429 response executing GraphQL.
2021-09-18 23:34:43,419 ERROR   SenderThread:502611 [internal_api.py:execute():131] {"error":"rate limit exceeded"}

2021-09-18 23:34:43,649 ERROR   Thread-11 :502611 [internal_api.py:execute():130] 429 response executing GraphQL.
2021-09-18 23:34:43,650 ERROR   Thread-11 :502611 [internal_api.py:execute():131] {"error":"rate limit exceeded"}

2021-09-18 23:34:48,284 INFO    Thread-11 :502611 [upload_job.py:push():137] Uploaded file /tmp/3288840.1.gpu_ded.q/tmpsnj8kc1kwandb/11s9ju6d-wandb-metadata.json
2021-09-18 23:35:03,113 DEBUG   HandlerThread:502611 [handler.py:handle_request():124] handle_request: stop_status
2021-09-18 23:35:03,114 DEBUG   SenderThread:502611 [sender.py:send_request():193] send_request: stop_status
2021-09-18 23:35:08,311 DEBUG   SenderThread:502611 [sender.py:send():179] send: stats
2021-09-18 23:35:10,363 DEBUG   SenderThread:502611 [sender.py:send():179] send: telemetry
2021-09-18 23:35:10,364 DEBUG   HandlerThread:502611 [handler.py:handle_request():124] handle_request: poll_exit
2021-09-18 23:35:10,364 DEBUG   SenderThread:502611 [sender.py:send():179] send: exit
2021-09-18 23:35:10,364 INFO    SenderThread:502611 [sender.py:send_exit():287] handling exit code: 1
2021-09-18 23:35:10,364 INFO    SenderThread:502611 [sender.py:send_exit():295] send defer
2021-09-18 23:35:10,364 DEBUG   SenderThread:502611 [sender.py:send_request():193] send_request: poll_exit
2021-09-18 23:35:10,364 DEBUG   HandlerThread:502611 [handler.py:handle_request():124] handle_request: defer
2021-09-18 23:35:10,364 INFO    HandlerThread:502611 [handler.py:handle_request_defer():141] handle defer: 0
2021-09-18 23:35:10,365 DEBUG   SenderThread:502611 [sender.py:send_request():193] send_request: defer
2021-09-18 23:35:10,365 INFO    SenderThread:502611 [sender.py:send_request_defer():304] handle sender defer: 0
2021-09-18 23:35:10,365 INFO    SenderThread:502611 [sender.py:transition_state():308] send defer: 1
2021-09-18 23:35:10,365 DEBUG   HandlerThread:502611 [handler.py:handle_request():124] handle_request: defer
2021-09-18 23:35:10,365 INFO    HandlerThread:502611 [handler.py:handle_request_defer():141] handle defer: 1
2021-09-18 23:35:10,448 DEBUG   SenderThread:502611 [sender.py:send_request():193] send_request: defer
2021-09-18 23:35:10,448 INFO    SenderThread:502611 [sender.py:send_request_defer():304] handle sender defer: 1
2021-09-18 23:35:10,448 INFO    SenderThread:502611 [sender.py:transition_state():308] send defer: 2
2021-09-18 23:35:10,449 DEBUG   SenderThread:502611 [sender.py:send():179] send: stats
2021-09-18 23:35:10,449 DEBUG   HandlerThread:502611 [handler.py:handle_request():124] handle_request: defer
2021-09-18 23:35:10,450 INFO    HandlerThread:502611 [handler.py:handle_request_defer():141] handle defer: 2
2021-09-18 23:35:10,450 DEBUG   SenderThread:502611 [sender.py:send_request():193] send_request: defer
2021-09-18 23:35:10,451 INFO    SenderThread:502611 [sender.py:send_request_defer():304] handle sender defer: 2
2021-09-18 23:35:10,451 INFO    SenderThread:502611 [sender.py:transition_state():308] send defer: 3
2021-09-18 23:35:10,451 DEBUG   HandlerThread:502611 [handler.py:handle_request():124] handle_request: defer
2021-09-18 23:35:10,451 INFO    HandlerThread:502611 [handler.py:handle_request_defer():141] handle defer: 3
2021-09-18 23:35:10,451 DEBUG   SenderThread:502611 [sender.py:send():179] send: summary
2021-09-18 23:35:10,452 INFO    SenderThread:502611 [sender.py:_save_file():841] saving file wandb-summary.json with policy end
2021-09-18 23:35:10,452 DEBUG   SenderThread:502611 [sender.py:send_request():193] send_request: defer
2021-09-18 23:35:10,452 INFO    SenderThread:502611 [sender.py:send_request_defer():304] handle sender defer: 3
2021-09-18 23:35:10,452 INFO    SenderThread:502611 [sender.py:transition_state():308] send defer: 4
2021-09-18 23:35:10,453 DEBUG   HandlerThread:502611 [handler.py:handle_request():124] handle_request: defer
2021-09-18 23:35:10,453 INFO    HandlerThread:502611 [handler.py:handle_request_defer():141] handle defer: 4
2021-09-18 23:35:10,453 DEBUG   SenderThread:502611 [sender.py:send_request():193] send_request: defer
2021-09-18 23:35:10,453 INFO    SenderThread:502611 [sender.py:send_request_defer():304] handle sender defer: 4
2021-09-18 23:35:10,465 DEBUG   HandlerThread:502611 [handler.py:handle_request():124] handle_request: poll_exit
2021-09-18 23:35:10,512 ERROR   SenderThread:502611 [internal_api.py:execute():130] 429 response executing GraphQL.
2021-09-18 23:35:10,512 ERROR   SenderThread:502611 [internal_api.py:execute():131] {"error":"rate limit exceeded"}

2021-09-18 23:35:10,955 INFO    Thread-8  :502611 [dir_watcher.py:_on_file_modified():229] file/dir modified: /grid/koo/home/toneyan/profile/QuantPred/wandb/run-20210918_233438-a6xshib8/files/wandb-summary.json
2021-09-18 23:35:11,778 ERROR   SenderThread:502611 [internal_api.py:execute():130] 429 response executing GraphQL.
2021-09-18 23:35:11,778 ERROR   SenderThread:502611 [internal_api.py:execute():131] {"error":"rate limit exceeded"}

2021-09-18 23:35:13,980 ERROR   SenderThread:502611 [internal_api.py:execute():130] 429 response executing GraphQL.
2021-09-18 23:35:13,981 ERROR   SenderThread:502611 [internal_api.py:execute():131] {"error":"rate limit exceeded"}

2021-09-18 23:35:13,981 ERROR   SenderThread:502611 [retry.py:__call__():126] Retry attempt failed:
Traceback (most recent call last):
  File "/usr/local/lib/python3.6/dist-packages/wandb/sdk/lib/retry.py", line 102, in __call__
    result = self._call_fn(*args, **kwargs)
  File "/usr/local/lib/python3.6/dist-packages/wandb/sdk/internal/internal_api.py", line 133, in execute
    six.reraise(*sys.exc_info())
  File "/usr/local/lib/python3.6/dist-packages/six.py", line 719, in reraise
    raise value
  File "/usr/local/lib/python3.6/dist-packages/wandb/sdk/internal/internal_api.py", line 127, in execute
    return self.client.execute(*args, **kwargs)
  File "/usr/local/lib/python3.6/dist-packages/wandb/vendor/gql-0.2.0/gql/client.py", line 52, in execute
    result = self._get_result(document, *args, **kwargs)
  File "/usr/local/lib/python3.6/dist-packages/wandb/vendor/gql-0.2.0/gql/client.py", line 60, in _get_result
    return self.transport.execute(document, *args, **kwargs)
  File "/usr/local/lib/python3.6/dist-packages/wandb/vendor/gql-0.2.0/gql/transport/requests.py", line 39, in execute
    request.raise_for_status()
  File "/usr/local/lib/python3.6/dist-packages/requests/models.py", line 943, in raise_for_status
    raise HTTPError(http_error_msg, response=self)
requests.exceptions.HTTPError: 429 Client Error: Too Many Requests for url: https://api.wandb.ai/graphql
2021-09-18 23:35:15,566 DEBUG   HandlerThread:502611 [handler.py:handle_request():124] handle_request: poll_exit
2021-09-18 23:35:18,346 INFO    SenderThread:502611 [sender.py:transition_state():308] send defer: 5
2021-09-18 23:35:18,346 DEBUG   SenderThread:502611 [sender.py:send_request():193] send_request: poll_exit
2021-09-18 23:35:18,346 DEBUG   SenderThread:502611 [sender.py:send_request():193] send_request: poll_exit
2021-09-18 23:35:18,346 DEBUG   HandlerThread:502611 [handler.py:handle_request():124] handle_request: defer
2021-09-18 23:35:18,347 INFO    HandlerThread:502611 [handler.py:handle_request_defer():141] handle defer: 5
2021-09-18 23:35:18,347 DEBUG   SenderThread:502611 [sender.py:send_request():193] send_request: defer
2021-09-18 23:35:18,347 INFO    SenderThread:502611 [sender.py:send_request_defer():304] handle sender defer: 5
2021-09-18 23:35:18,347 INFO    SenderThread:502611 [dir_watcher.py:finish():282] shutting down directory watcher
2021-09-18 23:35:18,451 DEBUG   HandlerThread:502611 [handler.py:handle_request():124] handle_request: poll_exit
2021-09-18 23:35:18,957 INFO    SenderThread:502611 [dir_watcher.py:_on_file_modified():229] file/dir modified: /grid/koo/home/toneyan/profile/QuantPred/wandb/run-20210918_233438-a6xshib8/files/config.yaml
2021-09-18 23:35:18,957 INFO    SenderThread:502611 [dir_watcher.py:finish():312] scan: /grid/koo/home/toneyan/profile/QuantPred/wandb/run-20210918_233438-a6xshib8/files
2021-09-18 23:35:18,957 INFO    SenderThread:502611 [dir_watcher.py:finish():318] scan save: /grid/koo/home/toneyan/profile/QuantPred/wandb/run-20210918_233438-a6xshib8/files/wandb-metadata.json wandb-metadata.json
2021-09-18 23:35:18,957 INFO    SenderThread:502611 [dir_watcher.py:finish():318] scan save: /grid/koo/home/toneyan/profile/QuantPred/wandb/run-20210918_233438-a6xshib8/files/config.yaml config.yaml
2021-09-18 23:35:18,957 INFO    SenderThread:502611 [dir_watcher.py:finish():318] scan save: /grid/koo/home/toneyan/profile/QuantPred/wandb/run-20210918_233438-a6xshib8/files/requirements.txt requirements.txt
2021-09-18 23:35:18,958 INFO    SenderThread:502611 [dir_watcher.py:finish():318] scan save: /grid/koo/home/toneyan/profile/QuantPred/wandb/run-20210918_233438-a6xshib8/files/wandb-summary.json wandb-summary.json
2021-09-18 23:35:18,958 INFO    SenderThread:502611 [dir_watcher.py:finish():318] scan save: /grid/koo/home/toneyan/profile/QuantPred/wandb/run-20210918_233438-a6xshib8/files/output.log output.log
2021-09-18 23:35:18,961 INFO    SenderThread:502611 [sender.py:transition_state():308] send defer: 6
2021-09-18 23:35:18,964 DEBUG   SenderThread:502611 [sender.py:send_request():193] send_request: poll_exit
2021-09-18 23:35:18,965 DEBUG   HandlerThread:502611 [handler.py:handle_request():124] handle_request: defer
2021-09-18 23:35:18,970 INFO    HandlerThread:502611 [handler.py:handle_request_defer():141] handle defer: 6
2021-09-18 23:35:18,971 DEBUG   SenderThread:502611 [sender.py:send_request():193] send_request: defer
2021-09-18 23:35:18,971 INFO    SenderThread:502611 [sender.py:send_request_defer():304] handle sender defer: 6
2021-09-18 23:35:18,971 INFO    SenderThread:502611 [file_pusher.py:finish():177] shutting down file pusher
2021-09-18 23:35:19,066 DEBUG   HandlerThread:502611 [handler.py:handle_request():124] handle_request: poll_exit
2021-09-18 23:35:19,066 DEBUG   SenderThread:502611 [sender.py:send_request():193] send_request: poll_exit
2021-09-18 23:35:19,168 DEBUG   HandlerThread:502611 [handler.py:handle_request():124] handle_request: poll_exit
2021-09-18 23:35:19,168 DEBUG   SenderThread:502611 [sender.py:send_request():193] send_request: poll_exit
2021-09-18 23:35:19,270 DEBUG   HandlerThread:502611 [handler.py:handle_request():124] handle_request: poll_exit
2021-09-18 23:35:19,270 DEBUG   SenderThread:502611 [sender.py:send_request():193] send_request: poll_exit
2021-09-18 23:35:19,280 INFO    Thread-14 :502611 [upload_job.py:push():137] Uploaded file /grid/koo/home/toneyan/profile/QuantPred/wandb/run-20210918_233438-a6xshib8/files/wandb-summary.json
2021-09-18 23:35:19,281 INFO    Thread-12 :502611 [upload_job.py:push():137] Uploaded file /grid/koo/home/toneyan/profile/QuantPred/wandb/run-20210918_233438-a6xshib8/files/config.yaml
2021-09-18 23:35:19,303 INFO    Thread-13 :502611 [upload_job.py:push():137] Uploaded file /grid/koo/home/toneyan/profile/QuantPred/wandb/run-20210918_233438-a6xshib8/files/requirements.txt
2021-09-18 23:35:19,371 DEBUG   HandlerThread:502611 [handler.py:handle_request():124] handle_request: poll_exit
2021-09-18 23:35:19,371 DEBUG   SenderThread:502611 [sender.py:send_request():193] send_request: poll_exit
2021-09-18 23:35:19,473 DEBUG   HandlerThread:502611 [handler.py:handle_request():124] handle_request: poll_exit
2021-09-18 23:35:19,473 DEBUG   SenderThread:502611 [sender.py:send_request():193] send_request: poll_exit
2021-09-18 23:35:19,503 INFO    Thread-7  :502611 [sender.py:transition_state():308] send defer: 7
2021-09-18 23:35:19,504 DEBUG   HandlerThread:502611 [handler.py:handle_request():124] handle_request: defer
2021-09-18 23:35:19,504 INFO    HandlerThread:502611 [handler.py:handle_request_defer():141] handle defer: 7
2021-09-18 23:35:19,504 DEBUG   SenderThread:502611 [sender.py:send_request():193] send_request: defer
2021-09-18 23:35:19,504 INFO    SenderThread:502611 [sender.py:send_request_defer():304] handle sender defer: 7
2021-09-18 23:35:19,562 INFO    SenderThread:502611 [sender.py:transition_state():308] send defer: 8
2021-09-18 23:35:19,563 DEBUG   HandlerThread:502611 [handler.py:handle_request():124] handle_request: defer
2021-09-18 23:35:19,563 INFO    HandlerThread:502611 [handler.py:handle_request_defer():141] handle defer: 8
2021-09-18 23:35:19,563 DEBUG   SenderThread:502611 [sender.py:send_request():193] send_request: defer
2021-09-18 23:35:19,563 INFO    SenderThread:502611 [sender.py:send_request_defer():304] handle sender defer: 8
2021-09-18 23:35:19,563 INFO    SenderThread:502611 [sender.py:transition_state():308] send defer: 9
2021-09-18 23:35:19,563 DEBUG   SenderThread:502611 [sender.py:send():179] send: final
2021-09-18 23:35:19,563 DEBUG   HandlerThread:502611 [handler.py:handle_request():124] handle_request: defer
2021-09-18 23:35:19,563 DEBUG   SenderThread:502611 [sender.py:send():179] send: footer
2021-09-18 23:35:19,564 INFO    HandlerThread:502611 [handler.py:handle_request_defer():141] handle defer: 9
2021-09-18 23:35:19,564 DEBUG   SenderThread:502611 [sender.py:send_request():193] send_request: defer
2021-09-18 23:35:19,564 INFO    SenderThread:502611 [sender.py:send_request_defer():304] handle sender defer: 9
2021-09-18 23:35:19,574 DEBUG   HandlerThread:502611 [handler.py:handle_request():124] handle_request: poll_exit
2021-09-18 23:35:19,574 DEBUG   SenderThread:502611 [sender.py:send_request():193] send_request: poll_exit
2021-09-18 23:35:19,574 INFO    SenderThread:502611 [file_pusher.py:join():182] waiting for file pusher
2021-09-18 23:35:19,575 DEBUG   HandlerThread:502611 [handler.py:handle_request():124] handle_request: get_summary
2021-09-18 23:35:19,575 DEBUG   HandlerThread:502611 [handler.py:handle_request():124] handle_request: sampled_history
2021-09-18 23:35:19,576 DEBUG   HandlerThread:502611 [handler.py:handle_request():124] handle_request: shutdown
2021-09-18 23:35:19,576 INFO    HandlerThread:502611 [handler.py:finish():638] shutting down handler
2021-09-18 23:35:20,564 INFO    WriterThread:502611 [datastore.py:close():288] close: /grid/koo/home/toneyan/profile/QuantPred/wandb/run-20210918_233438-a6xshib8/run-a6xshib8.wandb
2021-09-18 23:35:20,574 INFO    SenderThread:502611 [sender.py:finish():945] shutting down sender
2021-09-18 23:35:20,575 INFO    SenderThread:502611 [file_pusher.py:finish():177] shutting down file pusher
2021-09-18 23:35:20,575 INFO    SenderThread:502611 [file_pusher.py:join():182] waiting for file pusher
2021-09-18 23:35:20,576 INFO    MainThread:502611 [internal.py:handle_exit():78] Internal process exited
