2021-09-14 08:08:39,451 INFO    MainThread:1588227 [internal.py:wandb_internal():91] W&B internal server running at pid: 1588227, started at: 2021-09-14 08:08:39.450537
2021-09-14 08:08:39,452 DEBUG   HandlerThread:1588227 [handler.py:handle_request():124] handle_request: check_version
2021-09-14 08:08:39,453 INFO    WriterThread:1588227 [datastore.py:open_for_write():80] open: /grid/koo/home/toneyan/profile/QuantPred/wandb/run-20210914_080838-x0c1eqr0/run-x0c1eqr0.wandb
2021-09-14 08:08:39,454 DEBUG   SenderThread:1588227 [sender.py:send():179] send: header
2021-09-14 08:08:39,454 DEBUG   SenderThread:1588227 [sender.py:send_request():193] send_request: check_version
2021-09-14 08:08:39,489 DEBUG   SenderThread:1588227 [sender.py:send():179] send: run
2021-09-14 08:08:39,571 INFO    SenderThread:1588227 [dir_watcher.py:__init__():168] watching files in: /grid/koo/home/toneyan/profile/QuantPred/wandb/run-20210914_080838-x0c1eqr0/files
2021-09-14 08:08:39,572 INFO    SenderThread:1588227 [sender.py:_start_run_threads():719] run started: x0c1eqr0 with start time 1631621318
2021-09-14 08:08:39,572 DEBUG   SenderThread:1588227 [sender.py:send():179] send: summary
2021-09-14 08:08:39,572 INFO    SenderThread:1588227 [sender.py:_save_file():841] saving file wandb-summary.json with policy end
2021-09-14 08:08:39,573 DEBUG   HandlerThread:1588227 [handler.py:handle_request():124] handle_request: run_start
2021-09-14 08:08:40,578 INFO    Thread-8  :1588227 [dir_watcher.py:_on_file_created():216] file/dir created: /grid/koo/home/toneyan/profile/QuantPred/wandb/run-20210914_080838-x0c1eqr0/files/wandb-summary.json
2021-09-14 08:08:40,737 DEBUG   HandlerThread:1588227 [meta.py:__init__():39] meta init
2021-09-14 08:08:40,738 DEBUG   HandlerThread:1588227 [meta.py:__init__():53] meta init done
2021-09-14 08:08:40,738 DEBUG   HandlerThread:1588227 [meta.py:probe():210] probe
2021-09-14 08:08:40,743 DEBUG   HandlerThread:1588227 [meta.py:_save_pip():57] save pip
2021-09-14 08:08:40,745 DEBUG   HandlerThread:1588227 [meta.py:_save_pip():71] save pip done
2021-09-14 08:08:40,745 DEBUG   HandlerThread:1588227 [meta.py:probe():252] probe done
2021-09-14 08:08:40,747 DEBUG   SenderThread:1588227 [sender.py:send():179] send: files
2021-09-14 08:08:40,748 INFO    SenderThread:1588227 [sender.py:_save_file():841] saving file wandb-metadata.json with policy now
2021-09-14 08:08:40,755 DEBUG   HandlerThread:1588227 [handler.py:handle_request():124] handle_request: stop_status
2021-09-14 08:08:40,756 DEBUG   SenderThread:1588227 [sender.py:send_request():193] send_request: stop_status
2021-09-14 08:08:40,807 ERROR   Thread-11 :1588227 [internal_api.py:execute():130] 429 response executing GraphQL.
2021-09-14 08:08:40,807 ERROR   Thread-11 :1588227 [internal_api.py:execute():131] {"error":"rate limit exceeded"}

2021-09-14 08:08:40,829 ERROR   SenderThread:1588227 [internal_api.py:execute():130] 429 response executing GraphQL.
2021-09-14 08:08:40,829 ERROR   SenderThread:1588227 [internal_api.py:execute():131] {"error":"rate limit exceeded"}

2021-09-14 08:08:41,576 INFO    Thread-8  :1588227 [dir_watcher.py:_on_file_created():216] file/dir created: /grid/koo/home/toneyan/profile/QuantPred/wandb/run-20210914_080838-x0c1eqr0/files/requirements.txt
2021-09-14 08:08:41,577 INFO    Thread-8  :1588227 [dir_watcher.py:_on_file_created():216] file/dir created: /grid/koo/home/toneyan/profile/QuantPred/wandb/run-20210914_080838-x0c1eqr0/files/output.log
2021-09-14 08:08:41,577 INFO    Thread-8  :1588227 [dir_watcher.py:_on_file_created():216] file/dir created: /grid/koo/home/toneyan/profile/QuantPred/wandb/run-20210914_080838-x0c1eqr0/files/wandb-metadata.json
2021-09-14 08:08:41,912 ERROR   SenderThread:1588227 [internal_api.py:execute():130] 429 response executing GraphQL.
2021-09-14 08:08:41,912 ERROR   SenderThread:1588227 [internal_api.py:execute():131] {"error":"rate limit exceeded"}

2021-09-14 08:08:42,026 ERROR   Thread-11 :1588227 [internal_api.py:execute():130] 429 response executing GraphQL.
2021-09-14 08:08:42,028 ERROR   Thread-11 :1588227 [internal_api.py:execute():131] {"error":"rate limit exceeded"}

2021-09-14 08:08:42,028 ERROR   Thread-11 :1588227 [retry.py:__call__():126] Retry attempt failed:
Traceback (most recent call last):
  File "/usr/local/lib/python3.6/dist-packages/wandb/sdk/lib/retry.py", line 102, in __call__
    result = self._call_fn(*args, **kwargs)
  File "/usr/local/lib/python3.6/dist-packages/wandb/sdk/internal/internal_api.py", line 133, in execute
    six.reraise(*sys.exc_info())
  File "/usr/local/lib/python3.6/dist-packages/six.py", line 719, in reraise
    raise value
  File "/usr/local/lib/python3.6/dist-packages/wandb/sdk/internal/internal_api.py", line 127, in execute
    return self.client.execute(*args, **kwargs)
  File "/usr/local/lib/python3.6/dist-packages/wandb/vendor/gql-0.2.0/gql/client.py", line 52, in execute
    result = self._get_result(document, *args, **kwargs)
  File "/usr/local/lib/python3.6/dist-packages/wandb/vendor/gql-0.2.0/gql/client.py", line 60, in _get_result
    return self.transport.execute(document, *args, **kwargs)
  File "/usr/local/lib/python3.6/dist-packages/wandb/vendor/gql-0.2.0/gql/transport/requests.py", line 39, in execute
    request.raise_for_status()
  File "/usr/local/lib/python3.6/dist-packages/requests/models.py", line 943, in raise_for_status
    raise HTTPError(http_error_msg, response=self)
requests.exceptions.HTTPError: 429 Client Error: Too Many Requests for url: https://api.wandb.ai/graphql
2021-09-14 08:08:44,094 ERROR   Thread-11 :1588227 [internal_api.py:execute():130] 429 response executing GraphQL.
2021-09-14 08:08:44,094 ERROR   Thread-11 :1588227 [internal_api.py:execute():131] {"error":"rate limit exceeded"}

2021-09-14 08:08:44,444 ERROR   SenderThread:1588227 [internal_api.py:execute():130] 429 response executing GraphQL.
2021-09-14 08:08:44,444 ERROR   SenderThread:1588227 [internal_api.py:execute():131] {"error":"rate limit exceeded"}

2021-09-14 08:08:48,706 INFO    Thread-11 :1588227 [upload_job.py:push():137] Uploaded file /tmp/3287113.1.gpu_ded.q/tmp6n4offlwwandb/zm8gkp45-wandb-metadata.json
2021-09-14 08:09:04,296 DEBUG   HandlerThread:1588227 [handler.py:handle_request():124] handle_request: stop_status
2021-09-14 08:09:04,297 DEBUG   SenderThread:1588227 [sender.py:send_request():193] send_request: stop_status
2021-09-14 08:09:09,144 DEBUG   SenderThread:1588227 [sender.py:send():179] send: stats
2021-09-14 08:09:15,424 DEBUG   HandlerThread:1588227 [handler.py:handle_request():124] handle_request: poll_exit
2021-09-14 08:09:15,425 DEBUG   SenderThread:1588227 [sender.py:send():179] send: telemetry
2021-09-14 08:09:15,425 DEBUG   SenderThread:1588227 [sender.py:send():179] send: exit
2021-09-14 08:09:15,425 INFO    SenderThread:1588227 [sender.py:send_exit():287] handling exit code: 1
2021-09-14 08:09:15,425 INFO    SenderThread:1588227 [sender.py:send_exit():295] send defer
2021-09-14 08:09:15,425 DEBUG   SenderThread:1588227 [sender.py:send_request():193] send_request: poll_exit
2021-09-14 08:09:15,425 DEBUG   HandlerThread:1588227 [handler.py:handle_request():124] handle_request: defer
2021-09-14 08:09:15,425 INFO    HandlerThread:1588227 [handler.py:handle_request_defer():141] handle defer: 0
2021-09-14 08:09:15,426 DEBUG   SenderThread:1588227 [sender.py:send_request():193] send_request: defer
2021-09-14 08:09:15,426 INFO    SenderThread:1588227 [sender.py:send_request_defer():304] handle sender defer: 0
2021-09-14 08:09:15,426 INFO    SenderThread:1588227 [sender.py:transition_state():308] send defer: 1
2021-09-14 08:09:15,426 DEBUG   HandlerThread:1588227 [handler.py:handle_request():124] handle_request: defer
2021-09-14 08:09:15,426 INFO    HandlerThread:1588227 [handler.py:handle_request_defer():141] handle defer: 1
2021-09-14 08:09:15,535 DEBUG   SenderThread:1588227 [sender.py:send_request():193] send_request: defer
2021-09-14 08:09:15,535 DEBUG   HandlerThread:1588227 [handler.py:handle_request():124] handle_request: poll_exit
2021-09-14 08:09:15,535 INFO    SenderThread:1588227 [sender.py:send_request_defer():304] handle sender defer: 1
2021-09-14 08:09:15,536 INFO    SenderThread:1588227 [sender.py:transition_state():308] send defer: 2
2021-09-14 08:09:15,536 DEBUG   SenderThread:1588227 [sender.py:send_request():193] send_request: poll_exit
2021-09-14 08:09:15,536 DEBUG   SenderThread:1588227 [sender.py:send():179] send: stats
2021-09-14 08:09:15,536 DEBUG   HandlerThread:1588227 [handler.py:handle_request():124] handle_request: defer
2021-09-14 08:09:15,538 INFO    HandlerThread:1588227 [handler.py:handle_request_defer():141] handle defer: 2
2021-09-14 08:09:15,538 DEBUG   SenderThread:1588227 [sender.py:send_request():193] send_request: defer
2021-09-14 08:09:15,538 INFO    SenderThread:1588227 [sender.py:send_request_defer():304] handle sender defer: 2
2021-09-14 08:09:15,538 INFO    SenderThread:1588227 [sender.py:transition_state():308] send defer: 3
2021-09-14 08:09:15,539 DEBUG   HandlerThread:1588227 [handler.py:handle_request():124] handle_request: defer
2021-09-14 08:09:15,539 INFO    HandlerThread:1588227 [handler.py:handle_request_defer():141] handle defer: 3
2021-09-14 08:09:15,539 DEBUG   SenderThread:1588227 [sender.py:send():179] send: summary
2021-09-14 08:09:15,539 INFO    SenderThread:1588227 [sender.py:_save_file():841] saving file wandb-summary.json with policy end
2021-09-14 08:09:15,539 DEBUG   SenderThread:1588227 [sender.py:send_request():193] send_request: defer
2021-09-14 08:09:15,539 INFO    SenderThread:1588227 [sender.py:send_request_defer():304] handle sender defer: 3
2021-09-14 08:09:15,539 INFO    SenderThread:1588227 [sender.py:transition_state():308] send defer: 4
2021-09-14 08:09:15,539 DEBUG   HandlerThread:1588227 [handler.py:handle_request():124] handle_request: defer
2021-09-14 08:09:15,539 INFO    HandlerThread:1588227 [handler.py:handle_request_defer():141] handle defer: 4
2021-09-14 08:09:15,540 DEBUG   SenderThread:1588227 [sender.py:send_request():193] send_request: defer
2021-09-14 08:09:15,540 INFO    SenderThread:1588227 [sender.py:send_request_defer():304] handle sender defer: 4
2021-09-14 08:09:15,590 INFO    Thread-8  :1588227 [dir_watcher.py:_on_file_modified():229] file/dir modified: /grid/koo/home/toneyan/profile/QuantPred/wandb/run-20210914_080838-x0c1eqr0/files/wandb-summary.json
2021-09-14 08:09:15,620 INFO    SenderThread:1588227 [sender.py:transition_state():308] send defer: 5
2021-09-14 08:09:15,621 DEBUG   HandlerThread:1588227 [handler.py:handle_request():124] handle_request: defer
2021-09-14 08:09:15,621 INFO    HandlerThread:1588227 [handler.py:handle_request_defer():141] handle defer: 5
2021-09-14 08:09:15,621 DEBUG   SenderThread:1588227 [sender.py:send_request():193] send_request: defer
2021-09-14 08:09:15,621 INFO    SenderThread:1588227 [sender.py:send_request_defer():304] handle sender defer: 5
2021-09-14 08:09:15,621 INFO    SenderThread:1588227 [dir_watcher.py:finish():282] shutting down directory watcher
2021-09-14 08:09:15,637 DEBUG   HandlerThread:1588227 [handler.py:handle_request():124] handle_request: poll_exit
2021-09-14 08:09:16,590 INFO    Thread-8  :1588227 [dir_watcher.py:_on_file_modified():229] file/dir modified: /grid/koo/home/toneyan/profile/QuantPred/wandb/run-20210914_080838-x0c1eqr0/files/config.yaml
2021-09-14 08:09:16,591 INFO    SenderThread:1588227 [dir_watcher.py:finish():312] scan: /grid/koo/home/toneyan/profile/QuantPred/wandb/run-20210914_080838-x0c1eqr0/files
2021-09-14 08:09:16,591 INFO    SenderThread:1588227 [dir_watcher.py:finish():318] scan save: /grid/koo/home/toneyan/profile/QuantPred/wandb/run-20210914_080838-x0c1eqr0/files/wandb-metadata.json wandb-metadata.json
2021-09-14 08:09:16,591 INFO    SenderThread:1588227 [dir_watcher.py:finish():318] scan save: /grid/koo/home/toneyan/profile/QuantPred/wandb/run-20210914_080838-x0c1eqr0/files/config.yaml config.yaml
2021-09-14 08:09:16,591 INFO    SenderThread:1588227 [dir_watcher.py:finish():318] scan save: /grid/koo/home/toneyan/profile/QuantPred/wandb/run-20210914_080838-x0c1eqr0/files/requirements.txt requirements.txt
2021-09-14 08:09:16,592 INFO    SenderThread:1588227 [dir_watcher.py:finish():318] scan save: /grid/koo/home/toneyan/profile/QuantPred/wandb/run-20210914_080838-x0c1eqr0/files/wandb-summary.json wandb-summary.json
2021-09-14 08:09:16,595 INFO    SenderThread:1588227 [dir_watcher.py:finish():318] scan save: /grid/koo/home/toneyan/profile/QuantPred/wandb/run-20210914_080838-x0c1eqr0/files/output.log output.log
2021-09-14 08:09:16,597 INFO    SenderThread:1588227 [sender.py:transition_state():308] send defer: 6
2021-09-14 08:09:16,598 DEBUG   SenderThread:1588227 [sender.py:send_request():193] send_request: poll_exit
2021-09-14 08:09:16,603 DEBUG   HandlerThread:1588227 [handler.py:handle_request():124] handle_request: defer
2021-09-14 08:09:16,603 INFO    HandlerThread:1588227 [handler.py:handle_request_defer():141] handle defer: 6
2021-09-14 08:09:16,603 DEBUG   SenderThread:1588227 [sender.py:send_request():193] send_request: defer
2021-09-14 08:09:16,603 INFO    SenderThread:1588227 [sender.py:send_request_defer():304] handle sender defer: 6
2021-09-14 08:09:16,603 INFO    SenderThread:1588227 [file_pusher.py:finish():177] shutting down file pusher
2021-09-14 08:09:16,704 DEBUG   HandlerThread:1588227 [handler.py:handle_request():124] handle_request: poll_exit
2021-09-14 08:09:16,704 DEBUG   SenderThread:1588227 [sender.py:send_request():193] send_request: poll_exit
2021-09-14 08:09:16,806 DEBUG   HandlerThread:1588227 [handler.py:handle_request():124] handle_request: poll_exit
2021-09-14 08:09:16,806 DEBUG   SenderThread:1588227 [sender.py:send_request():193] send_request: poll_exit
2021-09-14 08:09:16,908 DEBUG   HandlerThread:1588227 [handler.py:handle_request():124] handle_request: poll_exit
2021-09-14 08:09:16,908 DEBUG   SenderThread:1588227 [sender.py:send_request():193] send_request: poll_exit
2021-09-14 08:09:16,937 INFO    Thread-12 :1588227 [upload_job.py:push():137] Uploaded file /grid/koo/home/toneyan/profile/QuantPred/wandb/run-20210914_080838-x0c1eqr0/files/config.yaml
2021-09-14 08:09:16,956 INFO    Thread-13 :1588227 [upload_job.py:push():137] Uploaded file /grid/koo/home/toneyan/profile/QuantPred/wandb/run-20210914_080838-x0c1eqr0/files/requirements.txt
2021-09-14 08:09:16,997 INFO    Thread-14 :1588227 [upload_job.py:push():137] Uploaded file /grid/koo/home/toneyan/profile/QuantPred/wandb/run-20210914_080838-x0c1eqr0/files/wandb-summary.json
2021-09-14 08:09:17,009 DEBUG   HandlerThread:1588227 [handler.py:handle_request():124] handle_request: poll_exit
2021-09-14 08:09:17,010 DEBUG   SenderThread:1588227 [sender.py:send_request():193] send_request: poll_exit
2021-09-14 08:09:17,111 DEBUG   HandlerThread:1588227 [handler.py:handle_request():124] handle_request: poll_exit
2021-09-14 08:09:17,112 DEBUG   SenderThread:1588227 [sender.py:send_request():193] send_request: poll_exit
2021-09-14 08:09:17,198 INFO    Thread-7  :1588227 [sender.py:transition_state():308] send defer: 7
2021-09-14 08:09:17,198 DEBUG   HandlerThread:1588227 [handler.py:handle_request():124] handle_request: defer
2021-09-14 08:09:17,198 INFO    HandlerThread:1588227 [handler.py:handle_request_defer():141] handle defer: 7
2021-09-14 08:09:17,198 DEBUG   SenderThread:1588227 [sender.py:send_request():193] send_request: defer
2021-09-14 08:09:17,199 INFO    SenderThread:1588227 [sender.py:send_request_defer():304] handle sender defer: 7
2021-09-14 08:09:17,213 DEBUG   HandlerThread:1588227 [handler.py:handle_request():124] handle_request: poll_exit
2021-09-14 08:09:17,303 INFO    SenderThread:1588227 [sender.py:transition_state():308] send defer: 8
2021-09-14 08:09:17,303 DEBUG   SenderThread:1588227 [sender.py:send_request():193] send_request: poll_exit
2021-09-14 08:09:17,304 DEBUG   HandlerThread:1588227 [handler.py:handle_request():124] handle_request: defer
2021-09-14 08:09:17,304 INFO    HandlerThread:1588227 [handler.py:handle_request_defer():141] handle defer: 8
2021-09-14 08:09:17,304 DEBUG   SenderThread:1588227 [sender.py:send_request():193] send_request: defer
2021-09-14 08:09:17,304 INFO    SenderThread:1588227 [sender.py:send_request_defer():304] handle sender defer: 8
2021-09-14 08:09:17,304 INFO    SenderThread:1588227 [sender.py:transition_state():308] send defer: 9
2021-09-14 08:09:17,304 DEBUG   SenderThread:1588227 [sender.py:send():179] send: final
2021-09-14 08:09:17,305 DEBUG   HandlerThread:1588227 [handler.py:handle_request():124] handle_request: defer
2021-09-14 08:09:17,305 DEBUG   SenderThread:1588227 [sender.py:send():179] send: footer
2021-09-14 08:09:17,305 INFO    HandlerThread:1588227 [handler.py:handle_request_defer():141] handle defer: 9
2021-09-14 08:09:17,305 DEBUG   SenderThread:1588227 [sender.py:send_request():193] send_request: defer
2021-09-14 08:09:17,305 INFO    SenderThread:1588227 [sender.py:send_request_defer():304] handle sender defer: 9
2021-09-14 08:09:17,407 DEBUG   HandlerThread:1588227 [handler.py:handle_request():124] handle_request: poll_exit
2021-09-14 08:09:17,407 DEBUG   SenderThread:1588227 [sender.py:send_request():193] send_request: poll_exit
2021-09-14 08:09:17,408 INFO    SenderThread:1588227 [file_pusher.py:join():182] waiting for file pusher
2021-09-14 08:09:17,409 DEBUG   HandlerThread:1588227 [handler.py:handle_request():124] handle_request: get_summary
2021-09-14 08:09:17,410 DEBUG   HandlerThread:1588227 [handler.py:handle_request():124] handle_request: sampled_history
2021-09-14 08:09:17,410 DEBUG   HandlerThread:1588227 [handler.py:handle_request():124] handle_request: shutdown
2021-09-14 08:09:17,410 INFO    HandlerThread:1588227 [handler.py:finish():638] shutting down handler
2021-09-14 08:09:18,305 INFO    WriterThread:1588227 [datastore.py:close():288] close: /grid/koo/home/toneyan/profile/QuantPred/wandb/run-20210914_080838-x0c1eqr0/run-x0c1eqr0.wandb
2021-09-14 08:09:18,408 INFO    SenderThread:1588227 [sender.py:finish():945] shutting down sender
2021-09-14 08:09:18,408 INFO    SenderThread:1588227 [file_pusher.py:finish():177] shutting down file pusher
2021-09-14 08:09:18,408 INFO    SenderThread:1588227 [file_pusher.py:join():182] waiting for file pusher
2021-09-14 08:09:18,410 INFO    MainThread:1588227 [internal.py:handle_exit():78] Internal process exited
