2021-09-19 09:48:00,367 INFO    MainThread:1779778 [internal.py:wandb_internal():91] W&B internal server running at pid: 1779778, started at: 2021-09-19 09:48:00.366331
2021-09-19 09:48:00,369 DEBUG   HandlerThread:1779778 [handler.py:handle_request():124] handle_request: check_version
2021-09-19 09:48:00,369 INFO    WriterThread:1779778 [datastore.py:open_for_write():80] open: /grid/koo/home/toneyan/profile/QuantPred/wandb/run-20210919_094759-5qfyxkrh/run-5qfyxkrh.wandb
2021-09-19 09:48:00,371 DEBUG   SenderThread:1779778 [sender.py:send():179] send: header
2021-09-19 09:48:00,371 DEBUG   SenderThread:1779778 [sender.py:send_request():193] send_request: check_version
2021-09-19 09:48:00,399 DEBUG   SenderThread:1779778 [sender.py:send():179] send: run
2021-09-19 09:48:00,481 INFO    SenderThread:1779778 [dir_watcher.py:__init__():168] watching files in: /grid/koo/home/toneyan/profile/QuantPred/wandb/run-20210919_094759-5qfyxkrh/files
2021-09-19 09:48:00,481 INFO    SenderThread:1779778 [sender.py:_start_run_threads():719] run started: 5qfyxkrh with start time 1632059279
2021-09-19 09:48:00,481 DEBUG   SenderThread:1779778 [sender.py:send():179] send: summary
2021-09-19 09:48:00,481 DEBUG   HandlerThread:1779778 [handler.py:handle_request():124] handle_request: run_start
2021-09-19 09:48:00,482 INFO    SenderThread:1779778 [sender.py:_save_file():841] saving file wandb-summary.json with policy end
2021-09-19 09:48:01,483 INFO    Thread-8  :1779778 [dir_watcher.py:_on_file_created():216] file/dir created: /grid/koo/home/toneyan/profile/QuantPred/wandb/run-20210919_094759-5qfyxkrh/files/wandb-summary.json
2021-09-19 09:48:01,688 DEBUG   HandlerThread:1779778 [meta.py:__init__():39] meta init
2021-09-19 09:48:01,688 DEBUG   HandlerThread:1779778 [meta.py:__init__():53] meta init done
2021-09-19 09:48:01,688 DEBUG   HandlerThread:1779778 [meta.py:probe():210] probe
2021-09-19 09:48:01,697 DEBUG   HandlerThread:1779778 [meta.py:_save_pip():57] save pip
2021-09-19 09:48:01,699 DEBUG   HandlerThread:1779778 [meta.py:_save_pip():71] save pip done
2021-09-19 09:48:01,699 DEBUG   HandlerThread:1779778 [meta.py:probe():252] probe done
2021-09-19 09:48:01,702 DEBUG   SenderThread:1779778 [sender.py:send():179] send: files
2021-09-19 09:48:01,702 INFO    SenderThread:1779778 [sender.py:_save_file():841] saving file wandb-metadata.json with policy now
2021-09-19 09:48:01,713 DEBUG   HandlerThread:1779778 [handler.py:handle_request():124] handle_request: stop_status
2021-09-19 09:48:01,714 DEBUG   SenderThread:1779778 [sender.py:send_request():193] send_request: stop_status
2021-09-19 09:48:02,186 INFO    Thread-11 :1779778 [upload_job.py:push():137] Uploaded file /tmp/3288845.1.gpu_ded.q/tmp4lqjias5wandb/1tgjyl37-wandb-metadata.json
2021-09-19 09:48:02,482 INFO    Thread-8  :1779778 [dir_watcher.py:_on_file_created():216] file/dir created: /grid/koo/home/toneyan/profile/QuantPred/wandb/run-20210919_094759-5qfyxkrh/files/requirements.txt
2021-09-19 09:48:02,482 INFO    Thread-8  :1779778 [dir_watcher.py:_on_file_created():216] file/dir created: /grid/koo/home/toneyan/profile/QuantPred/wandb/run-20210919_094759-5qfyxkrh/files/wandb-metadata.json
2021-09-19 09:48:02,483 INFO    Thread-8  :1779778 [dir_watcher.py:_on_file_created():216] file/dir created: /grid/koo/home/toneyan/profile/QuantPred/wandb/run-20210919_094759-5qfyxkrh/files/output.log
2021-09-19 09:48:16,779 DEBUG   HandlerThread:1779778 [handler.py:handle_request():124] handle_request: stop_status
2021-09-19 09:48:16,780 DEBUG   SenderThread:1779778 [sender.py:send_request():193] send_request: stop_status
2021-09-19 09:48:30,092 DEBUG   SenderThread:1779778 [sender.py:send():179] send: stats
2021-09-19 09:48:31,841 DEBUG   HandlerThread:1779778 [handler.py:handle_request():124] handle_request: stop_status
2021-09-19 09:48:31,842 DEBUG   SenderThread:1779778 [sender.py:send_request():193] send_request: stop_status
2021-09-19 09:48:35,972 DEBUG   HandlerThread:1779778 [handler.py:handle_request():124] handle_request: poll_exit
2021-09-19 09:48:35,972 DEBUG   SenderThread:1779778 [sender.py:send():179] send: telemetry
2021-09-19 09:48:35,973 DEBUG   SenderThread:1779778 [sender.py:send():179] send: exit
2021-09-19 09:48:35,973 INFO    SenderThread:1779778 [sender.py:send_exit():287] handling exit code: 1
2021-09-19 09:48:35,973 INFO    SenderThread:1779778 [sender.py:send_exit():295] send defer
2021-09-19 09:48:35,973 DEBUG   SenderThread:1779778 [sender.py:send_request():193] send_request: poll_exit
2021-09-19 09:48:35,973 DEBUG   HandlerThread:1779778 [handler.py:handle_request():124] handle_request: defer
2021-09-19 09:48:35,974 INFO    HandlerThread:1779778 [handler.py:handle_request_defer():141] handle defer: 0
2021-09-19 09:48:35,974 DEBUG   SenderThread:1779778 [sender.py:send_request():193] send_request: defer
2021-09-19 09:48:35,974 INFO    SenderThread:1779778 [sender.py:send_request_defer():304] handle sender defer: 0
2021-09-19 09:48:35,974 INFO    SenderThread:1779778 [sender.py:transition_state():308] send defer: 1
2021-09-19 09:48:35,975 DEBUG   HandlerThread:1779778 [handler.py:handle_request():124] handle_request: defer
2021-09-19 09:48:35,975 INFO    HandlerThread:1779778 [handler.py:handle_request_defer():141] handle defer: 1
2021-09-19 09:48:36,064 DEBUG   SenderThread:1779778 [sender.py:send_request():193] send_request: defer
2021-09-19 09:48:36,064 INFO    SenderThread:1779778 [sender.py:send_request_defer():304] handle sender defer: 1
2021-09-19 09:48:36,064 INFO    SenderThread:1779778 [sender.py:transition_state():308] send defer: 2
2021-09-19 09:48:36,064 DEBUG   SenderThread:1779778 [sender.py:send():179] send: stats
2021-09-19 09:48:36,066 DEBUG   HandlerThread:1779778 [handler.py:handle_request():124] handle_request: defer
2021-09-19 09:48:36,067 INFO    HandlerThread:1779778 [handler.py:handle_request_defer():141] handle defer: 2
2021-09-19 09:48:36,067 DEBUG   SenderThread:1779778 [sender.py:send_request():193] send_request: defer
2021-09-19 09:48:36,067 INFO    SenderThread:1779778 [sender.py:send_request_defer():304] handle sender defer: 2
2021-09-19 09:48:36,067 INFO    SenderThread:1779778 [sender.py:transition_state():308] send defer: 3
2021-09-19 09:48:36,067 DEBUG   HandlerThread:1779778 [handler.py:handle_request():124] handle_request: defer
2021-09-19 09:48:36,068 INFO    HandlerThread:1779778 [handler.py:handle_request_defer():141] handle defer: 3
2021-09-19 09:48:36,068 DEBUG   SenderThread:1779778 [sender.py:send():179] send: summary
2021-09-19 09:48:36,068 INFO    SenderThread:1779778 [sender.py:_save_file():841] saving file wandb-summary.json with policy end
2021-09-19 09:48:36,068 DEBUG   SenderThread:1779778 [sender.py:send_request():193] send_request: defer
2021-09-19 09:48:36,068 INFO    SenderThread:1779778 [sender.py:send_request_defer():304] handle sender defer: 3
2021-09-19 09:48:36,068 INFO    SenderThread:1779778 [sender.py:transition_state():308] send defer: 4
2021-09-19 09:48:36,069 DEBUG   HandlerThread:1779778 [handler.py:handle_request():124] handle_request: defer
2021-09-19 09:48:36,069 INFO    HandlerThread:1779778 [handler.py:handle_request_defer():141] handle defer: 4
2021-09-19 09:48:36,069 DEBUG   SenderThread:1779778 [sender.py:send_request():193] send_request: defer
2021-09-19 09:48:36,069 INFO    SenderThread:1779778 [sender.py:send_request_defer():304] handle sender defer: 4
2021-09-19 09:48:36,075 DEBUG   HandlerThread:1779778 [handler.py:handle_request():124] handle_request: poll_exit
2021-09-19 09:48:36,127 ERROR   SenderThread:1779778 [internal_api.py:execute():130] 429 response executing GraphQL.
2021-09-19 09:48:36,127 ERROR   SenderThread:1779778 [internal_api.py:execute():131] {"error":"rate limit exceeded"}

2021-09-19 09:48:36,493 INFO    Thread-8  :1779778 [dir_watcher.py:_on_file_modified():229] file/dir modified: /grid/koo/home/toneyan/profile/QuantPred/wandb/run-20210919_094759-5qfyxkrh/files/wandb-summary.json
2021-09-19 09:48:37,418 ERROR   SenderThread:1779778 [internal_api.py:execute():130] 429 response executing GraphQL.
2021-09-19 09:48:37,419 ERROR   SenderThread:1779778 [internal_api.py:execute():131] {"error":"rate limit exceeded"}

2021-09-19 09:48:39,895 ERROR   SenderThread:1779778 [internal_api.py:execute():130] 429 response executing GraphQL.
2021-09-19 09:48:39,895 ERROR   SenderThread:1779778 [internal_api.py:execute():131] {"error":"rate limit exceeded"}

2021-09-19 09:48:39,895 ERROR   SenderThread:1779778 [retry.py:__call__():126] Retry attempt failed:
Traceback (most recent call last):
  File "/usr/local/lib/python3.6/dist-packages/wandb/sdk/lib/retry.py", line 102, in __call__
    result = self._call_fn(*args, **kwargs)
  File "/usr/local/lib/python3.6/dist-packages/wandb/sdk/internal/internal_api.py", line 133, in execute
    six.reraise(*sys.exc_info())
  File "/usr/local/lib/python3.6/dist-packages/six.py", line 719, in reraise
    raise value
  File "/usr/local/lib/python3.6/dist-packages/wandb/sdk/internal/internal_api.py", line 127, in execute
    return self.client.execute(*args, **kwargs)
  File "/usr/local/lib/python3.6/dist-packages/wandb/vendor/gql-0.2.0/gql/client.py", line 52, in execute
    result = self._get_result(document, *args, **kwargs)
  File "/usr/local/lib/python3.6/dist-packages/wandb/vendor/gql-0.2.0/gql/client.py", line 60, in _get_result
    return self.transport.execute(document, *args, **kwargs)
  File "/usr/local/lib/python3.6/dist-packages/wandb/vendor/gql-0.2.0/gql/transport/requests.py", line 39, in execute
    request.raise_for_status()
  File "/usr/local/lib/python3.6/dist-packages/requests/models.py", line 943, in raise_for_status
    raise HTTPError(http_error_msg, response=self)
requests.exceptions.HTTPError: 429 Client Error: Too Many Requests for url: https://api.wandb.ai/graphql
2021-09-19 09:48:41,175 DEBUG   HandlerThread:1779778 [handler.py:handle_request():124] handle_request: poll_exit
2021-09-19 09:48:44,764 ERROR   SenderThread:1779778 [internal_api.py:execute():130] 429 response executing GraphQL.
2021-09-19 09:48:44,764 ERROR   SenderThread:1779778 [internal_api.py:execute():131] {"error":"rate limit exceeded"}

2021-09-19 09:48:46,276 DEBUG   HandlerThread:1779778 [handler.py:handle_request():124] handle_request: poll_exit
2021-09-19 09:48:51,376 DEBUG   HandlerThread:1779778 [handler.py:handle_request():124] handle_request: poll_exit
2021-09-19 09:48:54,539 ERROR   SenderThread:1779778 [internal_api.py:execute():130] 429 response executing GraphQL.
2021-09-19 09:48:54,539 ERROR   SenderThread:1779778 [internal_api.py:execute():131] {"error":"rate limit exceeded"}

2021-09-19 09:48:56,477 DEBUG   HandlerThread:1779778 [handler.py:handle_request():124] handle_request: poll_exit
2021-09-19 09:49:01,580 DEBUG   HandlerThread:1779778 [handler.py:handle_request():124] handle_request: poll_exit
2021-09-19 09:49:06,681 DEBUG   HandlerThread:1779778 [handler.py:handle_request():124] handle_request: poll_exit
2021-09-19 09:49:11,782 DEBUG   HandlerThread:1779778 [handler.py:handle_request():124] handle_request: poll_exit
2021-09-19 09:49:11,875 ERROR   SenderThread:1779778 [internal_api.py:execute():130] 429 response executing GraphQL.
2021-09-19 09:49:11,875 ERROR   SenderThread:1779778 [internal_api.py:execute():131] {"error":"rate limit exceeded"}

2021-09-19 09:49:16,882 DEBUG   HandlerThread:1779778 [handler.py:handle_request():124] handle_request: poll_exit
2021-09-19 09:49:21,983 DEBUG   HandlerThread:1779778 [handler.py:handle_request():124] handle_request: poll_exit
2021-09-19 09:49:27,084 DEBUG   HandlerThread:1779778 [handler.py:handle_request():124] handle_request: poll_exit
2021-09-19 09:49:32,184 DEBUG   HandlerThread:1779778 [handler.py:handle_request():124] handle_request: poll_exit
2021-09-19 09:49:37,285 DEBUG   HandlerThread:1779778 [handler.py:handle_request():124] handle_request: poll_exit
2021-09-19 09:49:42,386 DEBUG   HandlerThread:1779778 [handler.py:handle_request():124] handle_request: poll_exit
2021-09-19 09:49:47,486 DEBUG   HandlerThread:1779778 [handler.py:handle_request():124] handle_request: poll_exit
2021-09-19 09:49:51,459 INFO    SenderThread:1779778 [sender.py:transition_state():308] send defer: 5
2021-09-19 09:49:51,459 DEBUG   SenderThread:1779778 [sender.py:send_request():193] send_request: poll_exit
2021-09-19 09:49:51,459 DEBUG   SenderThread:1779778 [sender.py:send_request():193] send_request: poll_exit
2021-09-19 09:49:51,459 DEBUG   SenderThread:1779778 [sender.py:send_request():193] send_request: poll_exit
2021-09-19 09:49:51,460 DEBUG   SenderThread:1779778 [sender.py:send_request():193] send_request: poll_exit
2021-09-19 09:49:51,460 DEBUG   HandlerThread:1779778 [handler.py:handle_request():124] handle_request: defer
2021-09-19 09:49:51,460 DEBUG   SenderThread:1779778 [sender.py:send_request():193] send_request: poll_exit
2021-09-19 09:49:51,460 INFO    HandlerThread:1779778 [handler.py:handle_request_defer():141] handle defer: 5
2021-09-19 09:49:51,460 DEBUG   SenderThread:1779778 [sender.py:send_request():193] send_request: poll_exit
2021-09-19 09:49:51,460 DEBUG   SenderThread:1779778 [sender.py:send_request():193] send_request: poll_exit
2021-09-19 09:49:51,460 DEBUG   SenderThread:1779778 [sender.py:send_request():193] send_request: poll_exit
2021-09-19 09:49:51,461 DEBUG   SenderThread:1779778 [sender.py:send_request():193] send_request: poll_exit
2021-09-19 09:49:51,461 DEBUG   SenderThread:1779778 [sender.py:send_request():193] send_request: poll_exit
2021-09-19 09:49:51,461 DEBUG   SenderThread:1779778 [sender.py:send_request():193] send_request: poll_exit
2021-09-19 09:49:51,461 DEBUG   SenderThread:1779778 [sender.py:send_request():193] send_request: poll_exit
2021-09-19 09:49:51,461 DEBUG   SenderThread:1779778 [sender.py:send_request():193] send_request: poll_exit
2021-09-19 09:49:51,461 DEBUG   SenderThread:1779778 [sender.py:send_request():193] send_request: poll_exit
2021-09-19 09:49:51,461 DEBUG   SenderThread:1779778 [sender.py:send_request():193] send_request: poll_exit
2021-09-19 09:49:51,461 DEBUG   SenderThread:1779778 [sender.py:send_request():193] send_request: defer
2021-09-19 09:49:51,461 INFO    SenderThread:1779778 [sender.py:send_request_defer():304] handle sender defer: 5
2021-09-19 09:49:51,461 INFO    SenderThread:1779778 [dir_watcher.py:finish():282] shutting down directory watcher
2021-09-19 09:49:51,506 INFO    SenderThread:1779778 [dir_watcher.py:_on_file_modified():229] file/dir modified: /grid/koo/home/toneyan/profile/QuantPred/wandb/run-20210919_094759-5qfyxkrh/files/config.yaml
2021-09-19 09:49:51,506 INFO    SenderThread:1779778 [dir_watcher.py:finish():312] scan: /grid/koo/home/toneyan/profile/QuantPred/wandb/run-20210919_094759-5qfyxkrh/files
2021-09-19 09:49:51,506 INFO    SenderThread:1779778 [dir_watcher.py:finish():318] scan save: /grid/koo/home/toneyan/profile/QuantPred/wandb/run-20210919_094759-5qfyxkrh/files/wandb-metadata.json wandb-metadata.json
2021-09-19 09:49:51,506 INFO    SenderThread:1779778 [dir_watcher.py:finish():318] scan save: /grid/koo/home/toneyan/profile/QuantPred/wandb/run-20210919_094759-5qfyxkrh/files/config.yaml config.yaml
2021-09-19 09:49:51,506 INFO    SenderThread:1779778 [dir_watcher.py:finish():318] scan save: /grid/koo/home/toneyan/profile/QuantPred/wandb/run-20210919_094759-5qfyxkrh/files/requirements.txt requirements.txt
2021-09-19 09:49:51,506 INFO    SenderThread:1779778 [dir_watcher.py:finish():318] scan save: /grid/koo/home/toneyan/profile/QuantPred/wandb/run-20210919_094759-5qfyxkrh/files/wandb-summary.json wandb-summary.json
2021-09-19 09:49:51,507 INFO    SenderThread:1779778 [dir_watcher.py:finish():318] scan save: /grid/koo/home/toneyan/profile/QuantPred/wandb/run-20210919_094759-5qfyxkrh/files/output.log output.log
2021-09-19 09:49:51,514 INFO    SenderThread:1779778 [sender.py:transition_state():308] send defer: 6
2021-09-19 09:49:51,518 DEBUG   HandlerThread:1779778 [handler.py:handle_request():124] handle_request: defer
2021-09-19 09:49:51,518 INFO    HandlerThread:1779778 [handler.py:handle_request_defer():141] handle defer: 6
2021-09-19 09:49:51,519 DEBUG   SenderThread:1779778 [sender.py:send_request():193] send_request: defer
2021-09-19 09:49:51,519 INFO    SenderThread:1779778 [sender.py:send_request_defer():304] handle sender defer: 6
2021-09-19 09:49:51,519 INFO    SenderThread:1779778 [file_pusher.py:finish():177] shutting down file pusher
2021-09-19 09:49:51,565 DEBUG   HandlerThread:1779778 [handler.py:handle_request():124] handle_request: poll_exit
2021-09-19 09:49:51,566 DEBUG   SenderThread:1779778 [sender.py:send_request():193] send_request: poll_exit
2021-09-19 09:49:51,667 DEBUG   HandlerThread:1779778 [handler.py:handle_request():124] handle_request: poll_exit
2021-09-19 09:49:51,667 DEBUG   SenderThread:1779778 [sender.py:send_request():193] send_request: poll_exit
2021-09-19 09:49:51,769 DEBUG   HandlerThread:1779778 [handler.py:handle_request():124] handle_request: poll_exit
2021-09-19 09:49:51,769 DEBUG   SenderThread:1779778 [sender.py:send_request():193] send_request: poll_exit
2021-09-19 09:49:51,822 INFO    Thread-14 :1779778 [upload_job.py:push():137] Uploaded file /grid/koo/home/toneyan/profile/QuantPred/wandb/run-20210919_094759-5qfyxkrh/files/wandb-summary.json
2021-09-19 09:49:51,870 INFO    Thread-13 :1779778 [upload_job.py:push():137] Uploaded file /grid/koo/home/toneyan/profile/QuantPred/wandb/run-20210919_094759-5qfyxkrh/files/requirements.txt
2021-09-19 09:49:51,871 DEBUG   HandlerThread:1779778 [handler.py:handle_request():124] handle_request: poll_exit
2021-09-19 09:49:51,871 DEBUG   SenderThread:1779778 [sender.py:send_request():193] send_request: poll_exit
2021-09-19 09:49:51,924 INFO    Thread-12 :1779778 [upload_job.py:push():137] Uploaded file /grid/koo/home/toneyan/profile/QuantPred/wandb/run-20210919_094759-5qfyxkrh/files/config.yaml
2021-09-19 09:49:51,973 DEBUG   HandlerThread:1779778 [handler.py:handle_request():124] handle_request: poll_exit
2021-09-19 09:49:51,973 DEBUG   SenderThread:1779778 [sender.py:send_request():193] send_request: poll_exit
2021-09-19 09:49:52,075 DEBUG   HandlerThread:1779778 [handler.py:handle_request():124] handle_request: poll_exit
2021-09-19 09:49:52,075 DEBUG   SenderThread:1779778 [sender.py:send_request():193] send_request: poll_exit
2021-09-19 09:49:52,125 INFO    Thread-7  :1779778 [sender.py:transition_state():308] send defer: 7
2021-09-19 09:49:52,125 DEBUG   HandlerThread:1779778 [handler.py:handle_request():124] handle_request: defer
2021-09-19 09:49:52,125 INFO    HandlerThread:1779778 [handler.py:handle_request_defer():141] handle defer: 7
2021-09-19 09:49:52,126 DEBUG   SenderThread:1779778 [sender.py:send_request():193] send_request: defer
2021-09-19 09:49:52,126 INFO    SenderThread:1779778 [sender.py:send_request_defer():304] handle sender defer: 7
2021-09-19 09:49:52,177 DEBUG   HandlerThread:1779778 [handler.py:handle_request():124] handle_request: poll_exit
2021-09-19 09:49:52,179 INFO    SenderThread:1779778 [sender.py:transition_state():308] send defer: 8
2021-09-19 09:49:52,179 DEBUG   SenderThread:1779778 [sender.py:send_request():193] send_request: poll_exit
2021-09-19 09:49:52,180 DEBUG   HandlerThread:1779778 [handler.py:handle_request():124] handle_request: defer
2021-09-19 09:49:52,180 INFO    HandlerThread:1779778 [handler.py:handle_request_defer():141] handle defer: 8
2021-09-19 09:49:52,180 DEBUG   SenderThread:1779778 [sender.py:send_request():193] send_request: defer
2021-09-19 09:49:52,180 INFO    SenderThread:1779778 [sender.py:send_request_defer():304] handle sender defer: 8
2021-09-19 09:49:52,180 INFO    SenderThread:1779778 [sender.py:transition_state():308] send defer: 9
2021-09-19 09:49:52,181 DEBUG   HandlerThread:1779778 [handler.py:handle_request():124] handle_request: defer
2021-09-19 09:49:52,181 DEBUG   SenderThread:1779778 [sender.py:send():179] send: final
2021-09-19 09:49:52,181 INFO    HandlerThread:1779778 [handler.py:handle_request_defer():141] handle defer: 9
2021-09-19 09:49:52,181 DEBUG   SenderThread:1779778 [sender.py:send():179] send: footer
2021-09-19 09:49:52,181 DEBUG   SenderThread:1779778 [sender.py:send_request():193] send_request: defer
2021-09-19 09:49:52,181 INFO    SenderThread:1779778 [sender.py:send_request_defer():304] handle sender defer: 9
2021-09-19 09:49:52,282 DEBUG   HandlerThread:1779778 [handler.py:handle_request():124] handle_request: poll_exit
2021-09-19 09:49:52,282 DEBUG   SenderThread:1779778 [sender.py:send_request():193] send_request: poll_exit
2021-09-19 09:49:52,282 INFO    SenderThread:1779778 [file_pusher.py:join():182] waiting for file pusher
2021-09-19 09:49:52,283 DEBUG   HandlerThread:1779778 [handler.py:handle_request():124] handle_request: get_summary
2021-09-19 09:49:52,284 DEBUG   HandlerThread:1779778 [handler.py:handle_request():124] handle_request: sampled_history
2021-09-19 09:49:52,284 DEBUG   HandlerThread:1779778 [handler.py:handle_request():124] handle_request: shutdown
2021-09-19 09:49:52,284 INFO    HandlerThread:1779778 [handler.py:finish():638] shutting down handler
2021-09-19 09:49:53,181 INFO    WriterThread:1779778 [datastore.py:close():288] close: /grid/koo/home/toneyan/profile/QuantPred/wandb/run-20210919_094759-5qfyxkrh/run-5qfyxkrh.wandb
2021-09-19 09:49:53,283 INFO    SenderThread:1779778 [sender.py:finish():945] shutting down sender
2021-09-19 09:49:53,283 INFO    SenderThread:1779778 [file_pusher.py:finish():177] shutting down file pusher
2021-09-19 09:49:53,283 INFO    SenderThread:1779778 [file_pusher.py:join():182] waiting for file pusher
2021-09-19 09:49:53,284 INFO    MainThread:1779778 [internal.py:handle_exit():78] Internal process exited
