2021-09-19 10:37:14,797 INFO    MainThread:2906011 [internal.py:wandb_internal():91] W&B internal server running at pid: 2906011, started at: 2021-09-19 10:37:14.796442
2021-09-19 10:37:14,798 DEBUG   HandlerThread:2906011 [handler.py:handle_request():124] handle_request: check_version
2021-09-19 10:37:14,799 INFO    WriterThread:2906011 [datastore.py:open_for_write():80] open: /grid/koo/home/toneyan/profile/QuantPred/wandb/run-20210919_103714-a0851dla/run-a0851dla.wandb
2021-09-19 10:37:14,800 DEBUG   SenderThread:2906011 [sender.py:send():179] send: header
2021-09-19 10:37:14,800 DEBUG   SenderThread:2906011 [sender.py:send_request():193] send_request: check_version
2021-09-19 10:37:14,829 DEBUG   SenderThread:2906011 [sender.py:send():179] send: run
2021-09-19 10:37:14,891 ERROR   SenderThread:2906011 [internal_api.py:execute():130] 429 response executing GraphQL.
2021-09-19 10:37:14,891 ERROR   SenderThread:2906011 [internal_api.py:execute():131] {"error":"rate limit exceeded"}

2021-09-19 10:37:16,099 INFO    SenderThread:2906011 [dir_watcher.py:__init__():168] watching files in: /grid/koo/home/toneyan/profile/QuantPred/wandb/run-20210919_103714-a0851dla/files
2021-09-19 10:37:16,099 INFO    SenderThread:2906011 [sender.py:_start_run_threads():719] run started: a0851dla with start time 1632062234
2021-09-19 10:37:16,099 DEBUG   SenderThread:2906011 [sender.py:send():179] send: summary
2021-09-19 10:37:16,100 DEBUG   HandlerThread:2906011 [handler.py:handle_request():124] handle_request: run_start
2021-09-19 10:37:16,100 INFO    SenderThread:2906011 [sender.py:_save_file():841] saving file wandb-summary.json with policy end
2021-09-19 10:37:17,103 INFO    Thread-8  :2906011 [dir_watcher.py:_on_file_created():216] file/dir created: /grid/koo/home/toneyan/profile/QuantPred/wandb/run-20210919_103714-a0851dla/files/wandb-summary.json
2021-09-19 10:37:17,261 DEBUG   HandlerThread:2906011 [meta.py:__init__():39] meta init
2021-09-19 10:37:17,262 DEBUG   HandlerThread:2906011 [meta.py:__init__():53] meta init done
2021-09-19 10:37:17,262 DEBUG   HandlerThread:2906011 [meta.py:probe():210] probe
2021-09-19 10:37:17,269 DEBUG   HandlerThread:2906011 [meta.py:_save_pip():57] save pip
2021-09-19 10:37:17,270 DEBUG   HandlerThread:2906011 [meta.py:_save_pip():71] save pip done
2021-09-19 10:37:17,270 DEBUG   HandlerThread:2906011 [meta.py:probe():252] probe done
2021-09-19 10:37:17,273 DEBUG   SenderThread:2906011 [sender.py:send():179] send: files
2021-09-19 10:37:17,273 INFO    SenderThread:2906011 [sender.py:_save_file():841] saving file wandb-metadata.json with policy now
2021-09-19 10:37:17,277 DEBUG   HandlerThread:2906011 [handler.py:handle_request():124] handle_request: stop_status
2021-09-19 10:37:17,278 DEBUG   SenderThread:2906011 [sender.py:send_request():193] send_request: stop_status
2021-09-19 10:37:17,631 INFO    Thread-11 :2906011 [upload_job.py:push():137] Uploaded file /tmp/3288845.1.gpu_ded.q/tmp97hfudycwandb/1pffj7zm-wandb-metadata.json
2021-09-19 10:37:18,102 INFO    Thread-8  :2906011 [dir_watcher.py:_on_file_created():216] file/dir created: /grid/koo/home/toneyan/profile/QuantPred/wandb/run-20210919_103714-a0851dla/files/requirements.txt
2021-09-19 10:37:18,102 INFO    Thread-8  :2906011 [dir_watcher.py:_on_file_created():216] file/dir created: /grid/koo/home/toneyan/profile/QuantPred/wandb/run-20210919_103714-a0851dla/files/output.log
2021-09-19 10:37:18,102 INFO    Thread-8  :2906011 [dir_watcher.py:_on_file_created():216] file/dir created: /grid/koo/home/toneyan/profile/QuantPred/wandb/run-20210919_103714-a0851dla/files/wandb-metadata.json
2021-09-19 10:37:32,340 DEBUG   HandlerThread:2906011 [handler.py:handle_request():124] handle_request: stop_status
2021-09-19 10:37:32,340 DEBUG   SenderThread:2906011 [sender.py:send_request():193] send_request: stop_status
2021-09-19 10:37:45,663 DEBUG   SenderThread:2906011 [sender.py:send():179] send: stats
2021-09-19 10:37:47,403 DEBUG   HandlerThread:2906011 [handler.py:handle_request():124] handle_request: stop_status
2021-09-19 10:37:47,404 DEBUG   SenderThread:2906011 [sender.py:send_request():193] send_request: stop_status
2021-09-19 10:37:51,155 DEBUG   SenderThread:2906011 [sender.py:send():179] send: telemetry
2021-09-19 10:37:51,156 DEBUG   HandlerThread:2906011 [handler.py:handle_request():124] handle_request: poll_exit
2021-09-19 10:37:51,156 DEBUG   SenderThread:2906011 [sender.py:send():179] send: exit
2021-09-19 10:37:51,156 INFO    SenderThread:2906011 [sender.py:send_exit():287] handling exit code: 1
2021-09-19 10:37:51,156 INFO    SenderThread:2906011 [sender.py:send_exit():295] send defer
2021-09-19 10:37:51,157 DEBUG   SenderThread:2906011 [sender.py:send_request():193] send_request: poll_exit
2021-09-19 10:37:51,157 DEBUG   HandlerThread:2906011 [handler.py:handle_request():124] handle_request: defer
2021-09-19 10:37:51,157 INFO    HandlerThread:2906011 [handler.py:handle_request_defer():141] handle defer: 0
2021-09-19 10:37:51,157 DEBUG   SenderThread:2906011 [sender.py:send_request():193] send_request: defer
2021-09-19 10:37:51,157 INFO    SenderThread:2906011 [sender.py:send_request_defer():304] handle sender defer: 0
2021-09-19 10:37:51,158 INFO    SenderThread:2906011 [sender.py:transition_state():308] send defer: 1
2021-09-19 10:37:51,158 DEBUG   HandlerThread:2906011 [handler.py:handle_request():124] handle_request: defer
2021-09-19 10:37:51,158 INFO    HandlerThread:2906011 [handler.py:handle_request_defer():141] handle defer: 1
2021-09-19 10:37:51,235 DEBUG   SenderThread:2906011 [sender.py:send_request():193] send_request: defer
2021-09-19 10:37:51,235 INFO    SenderThread:2906011 [sender.py:send_request_defer():304] handle sender defer: 1
2021-09-19 10:37:51,235 INFO    SenderThread:2906011 [sender.py:transition_state():308] send defer: 2
2021-09-19 10:37:51,235 DEBUG   SenderThread:2906011 [sender.py:send():179] send: stats
2021-09-19 10:37:51,236 DEBUG   HandlerThread:2906011 [handler.py:handle_request():124] handle_request: defer
2021-09-19 10:37:51,238 INFO    HandlerThread:2906011 [handler.py:handle_request_defer():141] handle defer: 2
2021-09-19 10:37:51,238 DEBUG   SenderThread:2906011 [sender.py:send_request():193] send_request: defer
2021-09-19 10:37:51,238 INFO    SenderThread:2906011 [sender.py:send_request_defer():304] handle sender defer: 2
2021-09-19 10:37:51,238 INFO    SenderThread:2906011 [sender.py:transition_state():308] send defer: 3
2021-09-19 10:37:51,238 DEBUG   HandlerThread:2906011 [handler.py:handle_request():124] handle_request: defer
2021-09-19 10:37:51,238 INFO    HandlerThread:2906011 [handler.py:handle_request_defer():141] handle defer: 3
2021-09-19 10:37:51,238 DEBUG   SenderThread:2906011 [sender.py:send():179] send: summary
2021-09-19 10:37:51,239 INFO    SenderThread:2906011 [sender.py:_save_file():841] saving file wandb-summary.json with policy end
2021-09-19 10:37:51,239 DEBUG   SenderThread:2906011 [sender.py:send_request():193] send_request: defer
2021-09-19 10:37:51,239 INFO    SenderThread:2906011 [sender.py:send_request_defer():304] handle sender defer: 3
2021-09-19 10:37:51,239 INFO    SenderThread:2906011 [sender.py:transition_state():308] send defer: 4
2021-09-19 10:37:51,239 DEBUG   HandlerThread:2906011 [handler.py:handle_request():124] handle_request: defer
2021-09-19 10:37:51,239 INFO    HandlerThread:2906011 [handler.py:handle_request_defer():141] handle defer: 4
2021-09-19 10:37:51,239 DEBUG   SenderThread:2906011 [sender.py:send_request():193] send_request: defer
2021-09-19 10:37:51,239 INFO    SenderThread:2906011 [sender.py:send_request_defer():304] handle sender defer: 4
2021-09-19 10:37:51,259 DEBUG   HandlerThread:2906011 [handler.py:handle_request():124] handle_request: poll_exit
2021-09-19 10:37:51,296 ERROR   SenderThread:2906011 [internal_api.py:execute():130] 429 response executing GraphQL.
2021-09-19 10:37:51,296 ERROR   SenderThread:2906011 [internal_api.py:execute():131] {"error":"rate limit exceeded"}

2021-09-19 10:37:52,114 INFO    Thread-8  :2906011 [dir_watcher.py:_on_file_modified():229] file/dir modified: /grid/koo/home/toneyan/profile/QuantPred/wandb/run-20210919_103714-a0851dla/files/wandb-summary.json
2021-09-19 10:37:52,580 ERROR   SenderThread:2906011 [internal_api.py:execute():130] 429 response executing GraphQL.
2021-09-19 10:37:52,580 ERROR   SenderThread:2906011 [internal_api.py:execute():131] {"error":"rate limit exceeded"}

2021-09-19 10:37:55,016 ERROR   SenderThread:2906011 [internal_api.py:execute():130] 429 response executing GraphQL.
2021-09-19 10:37:55,016 ERROR   SenderThread:2906011 [internal_api.py:execute():131] {"error":"rate limit exceeded"}

2021-09-19 10:37:55,016 ERROR   SenderThread:2906011 [retry.py:__call__():126] Retry attempt failed:
Traceback (most recent call last):
  File "/usr/local/lib/python3.6/dist-packages/wandb/sdk/lib/retry.py", line 102, in __call__
    result = self._call_fn(*args, **kwargs)
  File "/usr/local/lib/python3.6/dist-packages/wandb/sdk/internal/internal_api.py", line 133, in execute
    six.reraise(*sys.exc_info())
  File "/usr/local/lib/python3.6/dist-packages/six.py", line 719, in reraise
    raise value
  File "/usr/local/lib/python3.6/dist-packages/wandb/sdk/internal/internal_api.py", line 127, in execute
    return self.client.execute(*args, **kwargs)
  File "/usr/local/lib/python3.6/dist-packages/wandb/vendor/gql-0.2.0/gql/client.py", line 52, in execute
    result = self._get_result(document, *args, **kwargs)
  File "/usr/local/lib/python3.6/dist-packages/wandb/vendor/gql-0.2.0/gql/client.py", line 60, in _get_result
    return self.transport.execute(document, *args, **kwargs)
  File "/usr/local/lib/python3.6/dist-packages/wandb/vendor/gql-0.2.0/gql/transport/requests.py", line 39, in execute
    request.raise_for_status()
  File "/usr/local/lib/python3.6/dist-packages/requests/models.py", line 943, in raise_for_status
    raise HTTPError(http_error_msg, response=self)
requests.exceptions.HTTPError: 429 Client Error: Too Many Requests for url: https://api.wandb.ai/graphql
2021-09-19 10:37:56,359 DEBUG   HandlerThread:2906011 [handler.py:handle_request():124] handle_request: poll_exit
2021-09-19 10:37:59,625 ERROR   SenderThread:2906011 [internal_api.py:execute():130] 429 response executing GraphQL.
2021-09-19 10:37:59,626 ERROR   SenderThread:2906011 [internal_api.py:execute():131] {"error":"rate limit exceeded"}

2021-09-19 10:38:01,460 DEBUG   HandlerThread:2906011 [handler.py:handle_request():124] handle_request: poll_exit
2021-09-19 10:38:06,561 DEBUG   HandlerThread:2906011 [handler.py:handle_request():124] handle_request: poll_exit
2021-09-19 10:38:09,564 INFO    SenderThread:2906011 [sender.py:transition_state():308] send defer: 5
2021-09-19 10:38:09,564 DEBUG   SenderThread:2906011 [sender.py:send_request():193] send_request: poll_exit
2021-09-19 10:38:09,564 DEBUG   SenderThread:2906011 [sender.py:send_request():193] send_request: poll_exit
2021-09-19 10:38:09,564 DEBUG   HandlerThread:2906011 [handler.py:handle_request():124] handle_request: defer
2021-09-19 10:38:09,564 DEBUG   SenderThread:2906011 [sender.py:send_request():193] send_request: poll_exit
2021-09-19 10:38:09,565 INFO    HandlerThread:2906011 [handler.py:handle_request_defer():141] handle defer: 5
2021-09-19 10:38:09,565 DEBUG   SenderThread:2906011 [sender.py:send_request():193] send_request: poll_exit
2021-09-19 10:38:09,565 DEBUG   SenderThread:2906011 [sender.py:send_request():193] send_request: defer
2021-09-19 10:38:09,565 INFO    SenderThread:2906011 [sender.py:send_request_defer():304] handle sender defer: 5
2021-09-19 10:38:09,565 INFO    SenderThread:2906011 [dir_watcher.py:finish():282] shutting down directory watcher
2021-09-19 10:38:09,673 DEBUG   HandlerThread:2906011 [handler.py:handle_request():124] handle_request: poll_exit
2021-09-19 10:38:10,118 INFO    SenderThread:2906011 [dir_watcher.py:_on_file_modified():229] file/dir modified: /grid/koo/home/toneyan/profile/QuantPred/wandb/run-20210919_103714-a0851dla/files/config.yaml
2021-09-19 10:38:10,118 INFO    SenderThread:2906011 [dir_watcher.py:finish():312] scan: /grid/koo/home/toneyan/profile/QuantPred/wandb/run-20210919_103714-a0851dla/files
2021-09-19 10:38:10,118 INFO    SenderThread:2906011 [dir_watcher.py:finish():318] scan save: /grid/koo/home/toneyan/profile/QuantPred/wandb/run-20210919_103714-a0851dla/files/wandb-metadata.json wandb-metadata.json
2021-09-19 10:38:10,118 INFO    SenderThread:2906011 [dir_watcher.py:finish():318] scan save: /grid/koo/home/toneyan/profile/QuantPred/wandb/run-20210919_103714-a0851dla/files/config.yaml config.yaml
2021-09-19 10:38:10,118 INFO    SenderThread:2906011 [dir_watcher.py:finish():318] scan save: /grid/koo/home/toneyan/profile/QuantPred/wandb/run-20210919_103714-a0851dla/files/requirements.txt requirements.txt
2021-09-19 10:38:10,118 INFO    SenderThread:2906011 [dir_watcher.py:finish():318] scan save: /grid/koo/home/toneyan/profile/QuantPred/wandb/run-20210919_103714-a0851dla/files/wandb-summary.json wandb-summary.json
2021-09-19 10:38:10,121 INFO    SenderThread:2906011 [dir_watcher.py:finish():318] scan save: /grid/koo/home/toneyan/profile/QuantPred/wandb/run-20210919_103714-a0851dla/files/output.log output.log
2021-09-19 10:38:10,124 INFO    SenderThread:2906011 [sender.py:transition_state():308] send defer: 6
2021-09-19 10:38:10,124 DEBUG   SenderThread:2906011 [sender.py:send_request():193] send_request: poll_exit
2021-09-19 10:38:10,125 DEBUG   HandlerThread:2906011 [handler.py:handle_request():124] handle_request: defer
2021-09-19 10:38:10,130 INFO    HandlerThread:2906011 [handler.py:handle_request_defer():141] handle defer: 6
2021-09-19 10:38:10,130 DEBUG   SenderThread:2906011 [sender.py:send_request():193] send_request: defer
2021-09-19 10:38:10,130 INFO    SenderThread:2906011 [sender.py:send_request_defer():304] handle sender defer: 6
2021-09-19 10:38:10,130 INFO    SenderThread:2906011 [file_pusher.py:finish():177] shutting down file pusher
2021-09-19 10:38:10,181 ERROR   Thread-12 :2906011 [internal_api.py:execute():130] 429 response executing GraphQL.
2021-09-19 10:38:10,182 ERROR   Thread-12 :2906011 [internal_api.py:execute():131] {"error":"rate limit exceeded"}

2021-09-19 10:38:10,183 ERROR   Thread-14 :2906011 [internal_api.py:execute():130] 429 response executing GraphQL.
2021-09-19 10:38:10,184 ERROR   Thread-14 :2906011 [internal_api.py:execute():131] {"error":"rate limit exceeded"}

2021-09-19 10:38:10,184 ERROR   Thread-13 :2906011 [internal_api.py:execute():130] 429 response executing GraphQL.
2021-09-19 10:38:10,185 ERROR   Thread-13 :2906011 [internal_api.py:execute():131] {"error":"rate limit exceeded"}

2021-09-19 10:38:10,227 DEBUG   HandlerThread:2906011 [handler.py:handle_request():124] handle_request: poll_exit
2021-09-19 10:38:10,227 DEBUG   SenderThread:2906011 [sender.py:send_request():193] send_request: poll_exit
2021-09-19 10:38:10,330 DEBUG   HandlerThread:2906011 [handler.py:handle_request():124] handle_request: poll_exit
2021-09-19 10:38:10,330 DEBUG   SenderThread:2906011 [sender.py:send_request():193] send_request: poll_exit
2021-09-19 10:38:10,432 DEBUG   HandlerThread:2906011 [handler.py:handle_request():124] handle_request: poll_exit
2021-09-19 10:38:10,432 DEBUG   SenderThread:2906011 [sender.py:send_request():193] send_request: poll_exit
2021-09-19 10:38:10,535 DEBUG   HandlerThread:2906011 [handler.py:handle_request():124] handle_request: poll_exit
2021-09-19 10:38:10,535 DEBUG   SenderThread:2906011 [sender.py:send_request():193] send_request: poll_exit
2021-09-19 10:38:10,637 DEBUG   HandlerThread:2906011 [handler.py:handle_request():124] handle_request: poll_exit
2021-09-19 10:38:10,637 DEBUG   SenderThread:2906011 [sender.py:send_request():193] send_request: poll_exit
2021-09-19 10:38:10,739 DEBUG   HandlerThread:2906011 [handler.py:handle_request():124] handle_request: poll_exit
2021-09-19 10:38:10,740 DEBUG   SenderThread:2906011 [sender.py:send_request():193] send_request: poll_exit
2021-09-19 10:38:10,842 DEBUG   HandlerThread:2906011 [handler.py:handle_request():124] handle_request: poll_exit
2021-09-19 10:38:10,842 DEBUG   SenderThread:2906011 [sender.py:send_request():193] send_request: poll_exit
2021-09-19 10:38:10,944 DEBUG   HandlerThread:2906011 [handler.py:handle_request():124] handle_request: poll_exit
2021-09-19 10:38:10,944 DEBUG   SenderThread:2906011 [sender.py:send_request():193] send_request: poll_exit
2021-09-19 10:38:11,046 DEBUG   HandlerThread:2906011 [handler.py:handle_request():124] handle_request: poll_exit
2021-09-19 10:38:11,047 DEBUG   SenderThread:2906011 [sender.py:send_request():193] send_request: poll_exit
2021-09-19 10:38:11,149 DEBUG   HandlerThread:2906011 [handler.py:handle_request():124] handle_request: poll_exit
2021-09-19 10:38:11,149 DEBUG   SenderThread:2906011 [sender.py:send_request():193] send_request: poll_exit
2021-09-19 10:38:11,251 DEBUG   HandlerThread:2906011 [handler.py:handle_request():124] handle_request: poll_exit
2021-09-19 10:38:11,251 DEBUG   SenderThread:2906011 [sender.py:send_request():193] send_request: poll_exit
2021-09-19 10:38:11,264 ERROR   Thread-14 :2906011 [internal_api.py:execute():130] 429 response executing GraphQL.
2021-09-19 10:38:11,265 ERROR   Thread-14 :2906011 [internal_api.py:execute():131] {"error":"rate limit exceeded"}

2021-09-19 10:38:11,287 ERROR   Thread-12 :2906011 [internal_api.py:execute():130] 429 response executing GraphQL.
2021-09-19 10:38:11,287 ERROR   Thread-12 :2906011 [internal_api.py:execute():131] {"error":"rate limit exceeded"}

2021-09-19 10:38:11,296 ERROR   Thread-13 :2906011 [internal_api.py:execute():130] 429 response executing GraphQL.
2021-09-19 10:38:11,296 ERROR   Thread-13 :2906011 [internal_api.py:execute():131] {"error":"rate limit exceeded"}

2021-09-19 10:38:11,353 DEBUG   HandlerThread:2906011 [handler.py:handle_request():124] handle_request: poll_exit
2021-09-19 10:38:11,354 DEBUG   SenderThread:2906011 [sender.py:send_request():193] send_request: poll_exit
2021-09-19 10:38:11,456 DEBUG   HandlerThread:2906011 [handler.py:handle_request():124] handle_request: poll_exit
2021-09-19 10:38:11,456 DEBUG   SenderThread:2906011 [sender.py:send_request():193] send_request: poll_exit
2021-09-19 10:38:11,558 DEBUG   HandlerThread:2906011 [handler.py:handle_request():124] handle_request: poll_exit
2021-09-19 10:38:11,559 DEBUG   SenderThread:2906011 [sender.py:send_request():193] send_request: poll_exit
2021-09-19 10:38:11,661 DEBUG   HandlerThread:2906011 [handler.py:handle_request():124] handle_request: poll_exit
2021-09-19 10:38:11,661 DEBUG   SenderThread:2906011 [sender.py:send_request():193] send_request: poll_exit
2021-09-19 10:38:11,763 DEBUG   HandlerThread:2906011 [handler.py:handle_request():124] handle_request: poll_exit
2021-09-19 10:38:11,763 DEBUG   SenderThread:2906011 [sender.py:send_request():193] send_request: poll_exit
2021-09-19 10:38:11,865 DEBUG   HandlerThread:2906011 [handler.py:handle_request():124] handle_request: poll_exit
2021-09-19 10:38:11,866 DEBUG   SenderThread:2906011 [sender.py:send_request():193] send_request: poll_exit
2021-09-19 10:38:11,968 DEBUG   HandlerThread:2906011 [handler.py:handle_request():124] handle_request: poll_exit
2021-09-19 10:38:11,968 DEBUG   SenderThread:2906011 [sender.py:send_request():193] send_request: poll_exit
2021-09-19 10:38:12,070 DEBUG   HandlerThread:2906011 [handler.py:handle_request():124] handle_request: poll_exit
2021-09-19 10:38:12,070 DEBUG   SenderThread:2906011 [sender.py:send_request():193] send_request: poll_exit
2021-09-19 10:38:12,172 DEBUG   HandlerThread:2906011 [handler.py:handle_request():124] handle_request: poll_exit
2021-09-19 10:38:12,173 DEBUG   SenderThread:2906011 [sender.py:send_request():193] send_request: poll_exit
2021-09-19 10:38:12,274 DEBUG   HandlerThread:2906011 [handler.py:handle_request():124] handle_request: poll_exit
2021-09-19 10:38:12,275 DEBUG   SenderThread:2906011 [sender.py:send_request():193] send_request: poll_exit
2021-09-19 10:38:12,377 DEBUG   HandlerThread:2906011 [handler.py:handle_request():124] handle_request: poll_exit
2021-09-19 10:38:12,377 DEBUG   SenderThread:2906011 [sender.py:send_request():193] send_request: poll_exit
2021-09-19 10:38:12,479 DEBUG   HandlerThread:2906011 [handler.py:handle_request():124] handle_request: poll_exit
2021-09-19 10:38:12,479 DEBUG   SenderThread:2906011 [sender.py:send_request():193] send_request: poll_exit
2021-09-19 10:38:12,581 DEBUG   HandlerThread:2906011 [handler.py:handle_request():124] handle_request: poll_exit
2021-09-19 10:38:12,582 DEBUG   SenderThread:2906011 [sender.py:send_request():193] send_request: poll_exit
2021-09-19 10:38:12,684 DEBUG   HandlerThread:2906011 [handler.py:handle_request():124] handle_request: poll_exit
2021-09-19 10:38:12,684 DEBUG   SenderThread:2906011 [sender.py:send_request():193] send_request: poll_exit
2021-09-19 10:38:12,786 DEBUG   HandlerThread:2906011 [handler.py:handle_request():124] handle_request: poll_exit
2021-09-19 10:38:12,787 DEBUG   SenderThread:2906011 [sender.py:send_request():193] send_request: poll_exit
2021-09-19 10:38:12,889 DEBUG   HandlerThread:2906011 [handler.py:handle_request():124] handle_request: poll_exit
2021-09-19 10:38:12,889 DEBUG   SenderThread:2906011 [sender.py:send_request():193] send_request: poll_exit
2021-09-19 10:38:12,991 DEBUG   HandlerThread:2906011 [handler.py:handle_request():124] handle_request: poll_exit
2021-09-19 10:38:12,991 DEBUG   SenderThread:2906011 [sender.py:send_request():193] send_request: poll_exit
2021-09-19 10:38:13,094 DEBUG   HandlerThread:2906011 [handler.py:handle_request():124] handle_request: poll_exit
2021-09-19 10:38:13,094 DEBUG   SenderThread:2906011 [sender.py:send_request():193] send_request: poll_exit
2021-09-19 10:38:13,196 DEBUG   HandlerThread:2906011 [handler.py:handle_request():124] handle_request: poll_exit
2021-09-19 10:38:13,196 DEBUG   SenderThread:2906011 [sender.py:send_request():193] send_request: poll_exit
2021-09-19 10:38:13,298 DEBUG   HandlerThread:2906011 [handler.py:handle_request():124] handle_request: poll_exit
2021-09-19 10:38:13,299 DEBUG   SenderThread:2906011 [sender.py:send_request():193] send_request: poll_exit
2021-09-19 10:38:13,379 ERROR   Thread-12 :2906011 [internal_api.py:execute():130] 429 response executing GraphQL.
2021-09-19 10:38:13,380 ERROR   Thread-12 :2906011 [internal_api.py:execute():131] {"error":"rate limit exceeded"}

2021-09-19 10:38:13,381 ERROR   Thread-14 :2906011 [internal_api.py:execute():130] 429 response executing GraphQL.
2021-09-19 10:38:13,382 ERROR   Thread-14 :2906011 [internal_api.py:execute():131] {"error":"rate limit exceeded"}

2021-09-19 10:38:13,404 DEBUG   HandlerThread:2906011 [handler.py:handle_request():124] handle_request: poll_exit
2021-09-19 10:38:13,405 DEBUG   SenderThread:2906011 [sender.py:send_request():193] send_request: poll_exit
2021-09-19 10:38:13,507 DEBUG   HandlerThread:2906011 [handler.py:handle_request():124] handle_request: poll_exit
2021-09-19 10:38:13,507 DEBUG   SenderThread:2906011 [sender.py:send_request():193] send_request: poll_exit
2021-09-19 10:38:13,612 DEBUG   HandlerThread:2906011 [handler.py:handle_request():124] handle_request: poll_exit
2021-09-19 10:38:13,612 DEBUG   SenderThread:2906011 [sender.py:send_request():193] send_request: poll_exit
2021-09-19 10:38:13,696 ERROR   Thread-13 :2906011 [internal_api.py:execute():130] 429 response executing GraphQL.
2021-09-19 10:38:13,696 ERROR   Thread-13 :2906011 [internal_api.py:execute():131] {"error":"rate limit exceeded"}

2021-09-19 10:38:13,717 DEBUG   HandlerThread:2906011 [handler.py:handle_request():124] handle_request: poll_exit
2021-09-19 10:38:13,718 DEBUG   SenderThread:2906011 [sender.py:send_request():193] send_request: poll_exit
2021-09-19 10:38:13,822 DEBUG   HandlerThread:2906011 [handler.py:handle_request():124] handle_request: poll_exit
2021-09-19 10:38:13,823 DEBUG   SenderThread:2906011 [sender.py:send_request():193] send_request: poll_exit
2021-09-19 10:38:13,925 DEBUG   HandlerThread:2906011 [handler.py:handle_request():124] handle_request: poll_exit
2021-09-19 10:38:13,925 DEBUG   SenderThread:2906011 [sender.py:send_request():193] send_request: poll_exit
2021-09-19 10:38:14,030 DEBUG   HandlerThread:2906011 [handler.py:handle_request():124] handle_request: poll_exit
2021-09-19 10:38:14,031 DEBUG   SenderThread:2906011 [sender.py:send_request():193] send_request: poll_exit
2021-09-19 10:38:14,133 DEBUG   HandlerThread:2906011 [handler.py:handle_request():124] handle_request: poll_exit
2021-09-19 10:38:14,133 DEBUG   SenderThread:2906011 [sender.py:send_request():193] send_request: poll_exit
2021-09-19 10:38:14,235 DEBUG   HandlerThread:2906011 [handler.py:handle_request():124] handle_request: poll_exit
2021-09-19 10:38:14,235 DEBUG   SenderThread:2906011 [sender.py:send_request():193] send_request: poll_exit
2021-09-19 10:38:14,338 DEBUG   HandlerThread:2906011 [handler.py:handle_request():124] handle_request: poll_exit
2021-09-19 10:38:14,338 DEBUG   SenderThread:2906011 [sender.py:send_request():193] send_request: poll_exit
2021-09-19 10:38:14,440 DEBUG   HandlerThread:2906011 [handler.py:handle_request():124] handle_request: poll_exit
2021-09-19 10:38:14,441 DEBUG   SenderThread:2906011 [sender.py:send_request():193] send_request: poll_exit
2021-09-19 10:38:14,543 DEBUG   HandlerThread:2906011 [handler.py:handle_request():124] handle_request: poll_exit
2021-09-19 10:38:14,543 DEBUG   SenderThread:2906011 [sender.py:send_request():193] send_request: poll_exit
2021-09-19 10:38:14,645 DEBUG   HandlerThread:2906011 [handler.py:handle_request():124] handle_request: poll_exit
2021-09-19 10:38:14,645 DEBUG   SenderThread:2906011 [sender.py:send_request():193] send_request: poll_exit
2021-09-19 10:38:14,747 DEBUG   HandlerThread:2906011 [handler.py:handle_request():124] handle_request: poll_exit
2021-09-19 10:38:14,748 DEBUG   SenderThread:2906011 [sender.py:send_request():193] send_request: poll_exit
2021-09-19 10:38:14,850 DEBUG   HandlerThread:2906011 [handler.py:handle_request():124] handle_request: poll_exit
2021-09-19 10:38:14,850 DEBUG   SenderThread:2906011 [sender.py:send_request():193] send_request: poll_exit
2021-09-19 10:38:14,952 DEBUG   HandlerThread:2906011 [handler.py:handle_request():124] handle_request: poll_exit
2021-09-19 10:38:14,953 DEBUG   SenderThread:2906011 [sender.py:send_request():193] send_request: poll_exit
2021-09-19 10:38:15,055 DEBUG   HandlerThread:2906011 [handler.py:handle_request():124] handle_request: poll_exit
2021-09-19 10:38:15,055 DEBUG   SenderThread:2906011 [sender.py:send_request():193] send_request: poll_exit
2021-09-19 10:38:15,157 DEBUG   HandlerThread:2906011 [handler.py:handle_request():124] handle_request: poll_exit
2021-09-19 10:38:15,157 DEBUG   SenderThread:2906011 [sender.py:send_request():193] send_request: poll_exit
2021-09-19 10:38:15,260 DEBUG   HandlerThread:2906011 [handler.py:handle_request():124] handle_request: poll_exit
2021-09-19 10:38:15,260 DEBUG   SenderThread:2906011 [sender.py:send_request():193] send_request: poll_exit
2021-09-19 10:38:15,362 DEBUG   HandlerThread:2906011 [handler.py:handle_request():124] handle_request: poll_exit
2021-09-19 10:38:15,362 DEBUG   SenderThread:2906011 [sender.py:send_request():193] send_request: poll_exit
2021-09-19 10:38:15,464 DEBUG   HandlerThread:2906011 [handler.py:handle_request():124] handle_request: poll_exit
2021-09-19 10:38:15,464 DEBUG   SenderThread:2906011 [sender.py:send_request():193] send_request: poll_exit
2021-09-19 10:38:15,566 DEBUG   HandlerThread:2906011 [handler.py:handle_request():124] handle_request: poll_exit
2021-09-19 10:38:15,567 DEBUG   SenderThread:2906011 [sender.py:send_request():193] send_request: poll_exit
2021-09-19 10:38:15,668 DEBUG   HandlerThread:2906011 [handler.py:handle_request():124] handle_request: poll_exit
2021-09-19 10:38:15,669 DEBUG   SenderThread:2906011 [sender.py:send_request():193] send_request: poll_exit
2021-09-19 10:38:15,771 DEBUG   HandlerThread:2906011 [handler.py:handle_request():124] handle_request: poll_exit
2021-09-19 10:38:15,771 DEBUG   SenderThread:2906011 [sender.py:send_request():193] send_request: poll_exit
2021-09-19 10:38:15,873 DEBUG   HandlerThread:2906011 [handler.py:handle_request():124] handle_request: poll_exit
2021-09-19 10:38:15,873 DEBUG   SenderThread:2906011 [sender.py:send_request():193] send_request: poll_exit
2021-09-19 10:38:15,975 DEBUG   HandlerThread:2906011 [handler.py:handle_request():124] handle_request: poll_exit
2021-09-19 10:38:15,976 DEBUG   SenderThread:2906011 [sender.py:send_request():193] send_request: poll_exit
2021-09-19 10:38:16,078 DEBUG   HandlerThread:2906011 [handler.py:handle_request():124] handle_request: poll_exit
2021-09-19 10:38:16,078 DEBUG   SenderThread:2906011 [sender.py:send_request():193] send_request: poll_exit
2021-09-19 10:38:16,180 DEBUG   HandlerThread:2906011 [handler.py:handle_request():124] handle_request: poll_exit
2021-09-19 10:38:16,180 DEBUG   SenderThread:2906011 [sender.py:send_request():193] send_request: poll_exit
2021-09-19 10:38:16,282 DEBUG   HandlerThread:2906011 [handler.py:handle_request():124] handle_request: poll_exit
2021-09-19 10:38:16,283 DEBUG   SenderThread:2906011 [sender.py:send_request():193] send_request: poll_exit
2021-09-19 10:38:16,384 DEBUG   HandlerThread:2906011 [handler.py:handle_request():124] handle_request: poll_exit
2021-09-19 10:38:16,385 DEBUG   SenderThread:2906011 [sender.py:send_request():193] send_request: poll_exit
2021-09-19 10:38:16,487 DEBUG   HandlerThread:2906011 [handler.py:handle_request():124] handle_request: poll_exit
2021-09-19 10:38:16,487 DEBUG   SenderThread:2906011 [sender.py:send_request():193] send_request: poll_exit
2021-09-19 10:38:16,589 DEBUG   HandlerThread:2906011 [handler.py:handle_request():124] handle_request: poll_exit
2021-09-19 10:38:16,589 DEBUG   SenderThread:2906011 [sender.py:send_request():193] send_request: poll_exit
2021-09-19 10:38:16,691 DEBUG   HandlerThread:2906011 [handler.py:handle_request():124] handle_request: poll_exit
2021-09-19 10:38:16,691 DEBUG   SenderThread:2906011 [sender.py:send_request():193] send_request: poll_exit
2021-09-19 10:38:16,793 DEBUG   HandlerThread:2906011 [handler.py:handle_request():124] handle_request: poll_exit
2021-09-19 10:38:16,794 DEBUG   SenderThread:2906011 [sender.py:send_request():193] send_request: poll_exit
2021-09-19 10:38:16,896 DEBUG   HandlerThread:2906011 [handler.py:handle_request():124] handle_request: poll_exit
2021-09-19 10:38:16,896 DEBUG   SenderThread:2906011 [sender.py:send_request():193] send_request: poll_exit
2021-09-19 10:38:16,998 DEBUG   HandlerThread:2906011 [handler.py:handle_request():124] handle_request: poll_exit
2021-09-19 10:38:16,998 DEBUG   SenderThread:2906011 [sender.py:send_request():193] send_request: poll_exit
2021-09-19 10:38:17,100 DEBUG   HandlerThread:2906011 [handler.py:handle_request():124] handle_request: poll_exit
2021-09-19 10:38:17,101 DEBUG   SenderThread:2906011 [sender.py:send_request():193] send_request: poll_exit
2021-09-19 10:38:17,203 DEBUG   HandlerThread:2906011 [handler.py:handle_request():124] handle_request: poll_exit
2021-09-19 10:38:17,203 DEBUG   SenderThread:2906011 [sender.py:send_request():193] send_request: poll_exit
2021-09-19 10:38:17,305 DEBUG   HandlerThread:2906011 [handler.py:handle_request():124] handle_request: poll_exit
2021-09-19 10:38:17,306 DEBUG   SenderThread:2906011 [sender.py:send_request():193] send_request: poll_exit
2021-09-19 10:38:17,408 DEBUG   HandlerThread:2906011 [handler.py:handle_request():124] handle_request: poll_exit
2021-09-19 10:38:17,408 DEBUG   SenderThread:2906011 [sender.py:send_request():193] send_request: poll_exit
2021-09-19 10:38:17,511 DEBUG   HandlerThread:2906011 [handler.py:handle_request():124] handle_request: poll_exit
2021-09-19 10:38:17,511 DEBUG   SenderThread:2906011 [sender.py:send_request():193] send_request: poll_exit
2021-09-19 10:38:17,613 DEBUG   HandlerThread:2906011 [handler.py:handle_request():124] handle_request: poll_exit
2021-09-19 10:38:17,613 DEBUG   SenderThread:2906011 [sender.py:send_request():193] send_request: poll_exit
2021-09-19 10:38:17,715 DEBUG   HandlerThread:2906011 [handler.py:handle_request():124] handle_request: poll_exit
2021-09-19 10:38:17,716 DEBUG   SenderThread:2906011 [sender.py:send_request():193] send_request: poll_exit
2021-09-19 10:38:17,818 DEBUG   HandlerThread:2906011 [handler.py:handle_request():124] handle_request: poll_exit
2021-09-19 10:38:17,818 DEBUG   SenderThread:2906011 [sender.py:send_request():193] send_request: poll_exit
2021-09-19 10:38:17,884 INFO    Thread-12 :2906011 [upload_job.py:push():137] Uploaded file /grid/koo/home/toneyan/profile/QuantPred/wandb/run-20210919_103714-a0851dla/files/config.yaml
2021-09-19 10:38:17,920 DEBUG   HandlerThread:2906011 [handler.py:handle_request():124] handle_request: poll_exit
2021-09-19 10:38:17,920 DEBUG   SenderThread:2906011 [sender.py:send_request():193] send_request: poll_exit
2021-09-19 10:38:18,024 DEBUG   HandlerThread:2906011 [handler.py:handle_request():124] handle_request: poll_exit
2021-09-19 10:38:18,025 DEBUG   SenderThread:2906011 [sender.py:send_request():193] send_request: poll_exit
2021-09-19 10:38:18,127 DEBUG   HandlerThread:2906011 [handler.py:handle_request():124] handle_request: poll_exit
2021-09-19 10:38:18,127 DEBUG   SenderThread:2906011 [sender.py:send_request():193] send_request: poll_exit
2021-09-19 10:38:18,155 INFO    Thread-13 :2906011 [upload_job.py:push():137] Uploaded file /grid/koo/home/toneyan/profile/QuantPred/wandb/run-20210919_103714-a0851dla/files/requirements.txt
2021-09-19 10:38:18,229 DEBUG   HandlerThread:2906011 [handler.py:handle_request():124] handle_request: poll_exit
2021-09-19 10:38:18,229 DEBUG   SenderThread:2906011 [sender.py:send_request():193] send_request: poll_exit
2021-09-19 10:38:18,334 DEBUG   HandlerThread:2906011 [handler.py:handle_request():124] handle_request: poll_exit
2021-09-19 10:38:18,334 DEBUG   SenderThread:2906011 [sender.py:send_request():193] send_request: poll_exit
2021-09-19 10:38:18,436 DEBUG   HandlerThread:2906011 [handler.py:handle_request():124] handle_request: poll_exit
2021-09-19 10:38:18,436 DEBUG   SenderThread:2906011 [sender.py:send_request():193] send_request: poll_exit
2021-09-19 10:38:18,483 INFO    Thread-14 :2906011 [upload_job.py:push():137] Uploaded file /grid/koo/home/toneyan/profile/QuantPred/wandb/run-20210919_103714-a0851dla/files/wandb-summary.json
2021-09-19 10:38:18,538 DEBUG   HandlerThread:2906011 [handler.py:handle_request():124] handle_request: poll_exit
2021-09-19 10:38:18,539 DEBUG   SenderThread:2906011 [sender.py:send_request():193] send_request: poll_exit
2021-09-19 10:38:18,641 DEBUG   HandlerThread:2906011 [handler.py:handle_request():124] handle_request: poll_exit
2021-09-19 10:38:18,642 DEBUG   SenderThread:2906011 [sender.py:send_request():193] send_request: poll_exit
2021-09-19 10:38:18,684 INFO    Thread-7  :2906011 [sender.py:transition_state():308] send defer: 7
2021-09-19 10:38:18,684 DEBUG   HandlerThread:2906011 [handler.py:handle_request():124] handle_request: defer
2021-09-19 10:38:18,684 INFO    HandlerThread:2906011 [handler.py:handle_request_defer():141] handle defer: 7
2021-09-19 10:38:18,685 DEBUG   SenderThread:2906011 [sender.py:send_request():193] send_request: defer
2021-09-19 10:38:18,685 INFO    SenderThread:2906011 [sender.py:send_request_defer():304] handle sender defer: 7
2021-09-19 10:38:18,737 INFO    SenderThread:2906011 [sender.py:transition_state():308] send defer: 8
2021-09-19 10:38:18,738 DEBUG   HandlerThread:2906011 [handler.py:handle_request():124] handle_request: defer
2021-09-19 10:38:18,738 INFO    HandlerThread:2906011 [handler.py:handle_request_defer():141] handle defer: 8
2021-09-19 10:38:18,738 DEBUG   SenderThread:2906011 [sender.py:send_request():193] send_request: defer
2021-09-19 10:38:18,738 INFO    SenderThread:2906011 [sender.py:send_request_defer():304] handle sender defer: 8
2021-09-19 10:38:18,738 INFO    SenderThread:2906011 [sender.py:transition_state():308] send defer: 9
2021-09-19 10:38:18,739 DEBUG   SenderThread:2906011 [sender.py:send():179] send: final
2021-09-19 10:38:18,739 DEBUG   HandlerThread:2906011 [handler.py:handle_request():124] handle_request: defer
2021-09-19 10:38:18,739 DEBUG   SenderThread:2906011 [sender.py:send():179] send: footer
2021-09-19 10:38:18,739 INFO    HandlerThread:2906011 [handler.py:handle_request_defer():141] handle defer: 9
2021-09-19 10:38:18,739 DEBUG   SenderThread:2906011 [sender.py:send_request():193] send_request: defer
2021-09-19 10:38:18,739 INFO    SenderThread:2906011 [sender.py:send_request_defer():304] handle sender defer: 9
2021-09-19 10:38:18,747 DEBUG   HandlerThread:2906011 [handler.py:handle_request():124] handle_request: poll_exit
2021-09-19 10:38:18,747 DEBUG   SenderThread:2906011 [sender.py:send_request():193] send_request: poll_exit
2021-09-19 10:38:18,747 INFO    SenderThread:2906011 [file_pusher.py:join():182] waiting for file pusher
2021-09-19 10:38:18,749 DEBUG   HandlerThread:2906011 [handler.py:handle_request():124] handle_request: get_summary
2021-09-19 10:38:18,749 DEBUG   HandlerThread:2906011 [handler.py:handle_request():124] handle_request: sampled_history
2021-09-19 10:38:18,750 DEBUG   HandlerThread:2906011 [handler.py:handle_request():124] handle_request: shutdown
2021-09-19 10:38:18,750 INFO    HandlerThread:2906011 [handler.py:finish():638] shutting down handler
2021-09-19 10:38:19,739 INFO    WriterThread:2906011 [datastore.py:close():288] close: /grid/koo/home/toneyan/profile/QuantPred/wandb/run-20210919_103714-a0851dla/run-a0851dla.wandb
2021-09-19 10:38:19,748 INFO    SenderThread:2906011 [sender.py:finish():945] shutting down sender
2021-09-19 10:38:19,748 INFO    SenderThread:2906011 [file_pusher.py:finish():177] shutting down file pusher
2021-09-19 10:38:19,748 INFO    SenderThread:2906011 [file_pusher.py:join():182] waiting for file pusher
2021-09-19 10:38:19,750 INFO    MainThread:2906011 [internal.py:handle_exit():78] Internal process exited
