2021-09-19 10:20:35,932 INFO    MainThread:2521411 [internal.py:wandb_internal():91] W&B internal server running at pid: 2521411, started at: 2021-09-19 10:20:35.932208
2021-09-19 10:20:35,934 DEBUG   HandlerThread:2521411 [handler.py:handle_request():124] handle_request: check_version
2021-09-19 10:20:35,934 INFO    WriterThread:2521411 [datastore.py:open_for_write():80] open: /grid/koo/home/toneyan/profile/QuantPred/wandb/run-20210919_102035-m523xdzw/run-m523xdzw.wandb
2021-09-19 10:20:35,936 DEBUG   SenderThread:2521411 [sender.py:send():179] send: header
2021-09-19 10:20:35,936 DEBUG   SenderThread:2521411 [sender.py:send_request():193] send_request: check_version
2021-09-19 10:20:35,969 DEBUG   SenderThread:2521411 [sender.py:send():179] send: run
2021-09-19 10:20:36,031 ERROR   SenderThread:2521411 [internal_api.py:execute():130] 429 response executing GraphQL.
2021-09-19 10:20:36,031 ERROR   SenderThread:2521411 [internal_api.py:execute():131] {"error":"rate limit exceeded"}

2021-09-19 10:20:37,305 ERROR   SenderThread:2521411 [internal_api.py:execute():130] 429 response executing GraphQL.
2021-09-19 10:20:37,305 ERROR   SenderThread:2521411 [internal_api.py:execute():131] {"error":"rate limit exceeded"}

2021-09-19 10:20:39,557 ERROR   SenderThread:2521411 [internal_api.py:execute():130] 429 response executing GraphQL.
2021-09-19 10:20:39,558 ERROR   SenderThread:2521411 [internal_api.py:execute():131] {"error":"rate limit exceeded"}

2021-09-19 10:20:39,558 ERROR   SenderThread:2521411 [retry.py:__call__():126] Retry attempt failed:
Traceback (most recent call last):
  File "/usr/local/lib/python3.6/dist-packages/wandb/sdk/lib/retry.py", line 102, in __call__
    result = self._call_fn(*args, **kwargs)
  File "/usr/local/lib/python3.6/dist-packages/wandb/sdk/internal/internal_api.py", line 133, in execute
    six.reraise(*sys.exc_info())
  File "/usr/local/lib/python3.6/dist-packages/six.py", line 719, in reraise
    raise value
  File "/usr/local/lib/python3.6/dist-packages/wandb/sdk/internal/internal_api.py", line 127, in execute
    return self.client.execute(*args, **kwargs)
  File "/usr/local/lib/python3.6/dist-packages/wandb/vendor/gql-0.2.0/gql/client.py", line 52, in execute
    result = self._get_result(document, *args, **kwargs)
  File "/usr/local/lib/python3.6/dist-packages/wandb/vendor/gql-0.2.0/gql/client.py", line 60, in _get_result
    return self.transport.execute(document, *args, **kwargs)
  File "/usr/local/lib/python3.6/dist-packages/wandb/vendor/gql-0.2.0/gql/transport/requests.py", line 39, in execute
    request.raise_for_status()
  File "/usr/local/lib/python3.6/dist-packages/requests/models.py", line 943, in raise_for_status
    raise HTTPError(http_error_msg, response=self)
requests.exceptions.HTTPError: 429 Client Error: Too Many Requests for url: https://api.wandb.ai/graphql
2021-09-19 10:20:43,682 ERROR   SenderThread:2521411 [internal_api.py:execute():130] 429 response executing GraphQL.
2021-09-19 10:20:43,682 ERROR   SenderThread:2521411 [internal_api.py:execute():131] {"error":"rate limit exceeded"}

2021-09-19 10:20:53,711 INFO    SenderThread:2521411 [dir_watcher.py:__init__():168] watching files in: /grid/koo/home/toneyan/profile/QuantPred/wandb/run-20210919_102035-m523xdzw/files
2021-09-19 10:20:53,711 INFO    SenderThread:2521411 [sender.py:_start_run_threads():719] run started: m523xdzw with start time 1632061235
2021-09-19 10:20:53,711 DEBUG   SenderThread:2521411 [sender.py:send():179] send: summary
2021-09-19 10:20:53,713 DEBUG   HandlerThread:2521411 [handler.py:handle_request():124] handle_request: run_start
2021-09-19 10:20:53,713 INFO    SenderThread:2521411 [sender.py:_save_file():841] saving file wandb-summary.json with policy end
2021-09-19 10:20:54,802 INFO    Thread-8  :2521411 [dir_watcher.py:_on_file_created():216] file/dir created: /grid/koo/home/toneyan/profile/QuantPred/wandb/run-20210919_102035-m523xdzw/files/wandb-summary.json
2021-09-19 10:20:55,049 DEBUG   HandlerThread:2521411 [meta.py:__init__():39] meta init
2021-09-19 10:20:55,049 DEBUG   HandlerThread:2521411 [meta.py:__init__():53] meta init done
2021-09-19 10:20:55,049 DEBUG   HandlerThread:2521411 [meta.py:probe():210] probe
2021-09-19 10:20:55,055 DEBUG   HandlerThread:2521411 [meta.py:_save_pip():57] save pip
2021-09-19 10:20:55,057 DEBUG   HandlerThread:2521411 [meta.py:_save_pip():71] save pip done
2021-09-19 10:20:55,057 DEBUG   HandlerThread:2521411 [meta.py:probe():252] probe done
2021-09-19 10:20:55,060 DEBUG   SenderThread:2521411 [sender.py:send():179] send: files
2021-09-19 10:20:55,060 INFO    SenderThread:2521411 [sender.py:_save_file():841] saving file wandb-metadata.json with policy now
2021-09-19 10:20:55,067 DEBUG   HandlerThread:2521411 [handler.py:handle_request():124] handle_request: stop_status
2021-09-19 10:20:55,068 DEBUG   SenderThread:2521411 [sender.py:send_request():193] send_request: stop_status
2021-09-19 10:20:55,124 ERROR   Thread-11 :2521411 [internal_api.py:execute():130] 429 response executing GraphQL.
2021-09-19 10:20:55,124 ERROR   Thread-11 :2521411 [internal_api.py:execute():131] {"error":"rate limit exceeded"}

2021-09-19 10:20:55,126 ERROR   SenderThread:2521411 [internal_api.py:execute():130] 429 response executing GraphQL.
2021-09-19 10:20:55,126 ERROR   SenderThread:2521411 [internal_api.py:execute():131] {"error":"rate limit exceeded"}

2021-09-19 10:20:55,802 INFO    Thread-8  :2521411 [dir_watcher.py:_on_file_created():216] file/dir created: /grid/koo/home/toneyan/profile/QuantPred/wandb/run-20210919_102035-m523xdzw/files/wandb-metadata.json
2021-09-19 10:20:55,802 INFO    Thread-8  :2521411 [dir_watcher.py:_on_file_created():216] file/dir created: /grid/koo/home/toneyan/profile/QuantPred/wandb/run-20210919_102035-m523xdzw/files/requirements.txt
2021-09-19 10:20:55,802 INFO    Thread-8  :2521411 [dir_watcher.py:_on_file_created():216] file/dir created: /grid/koo/home/toneyan/profile/QuantPred/wandb/run-20210919_102035-m523xdzw/files/output.log
2021-09-19 10:20:56,277 ERROR   Thread-11 :2521411 [internal_api.py:execute():130] 429 response executing GraphQL.
2021-09-19 10:20:56,278 ERROR   Thread-11 :2521411 [internal_api.py:execute():131] {"error":"rate limit exceeded"}

2021-09-19 10:20:56,370 ERROR   SenderThread:2521411 [internal_api.py:execute():130] 429 response executing GraphQL.
2021-09-19 10:20:56,370 ERROR   SenderThread:2521411 [internal_api.py:execute():131] {"error":"rate limit exceeded"}

2021-09-19 10:20:56,370 ERROR   SenderThread:2521411 [retry.py:__call__():126] Retry attempt failed:
Traceback (most recent call last):
  File "/usr/local/lib/python3.6/dist-packages/wandb/sdk/lib/retry.py", line 102, in __call__
    result = self._call_fn(*args, **kwargs)
  File "/usr/local/lib/python3.6/dist-packages/wandb/sdk/internal/internal_api.py", line 133, in execute
    six.reraise(*sys.exc_info())
  File "/usr/local/lib/python3.6/dist-packages/six.py", line 719, in reraise
    raise value
  File "/usr/local/lib/python3.6/dist-packages/wandb/sdk/internal/internal_api.py", line 127, in execute
    return self.client.execute(*args, **kwargs)
  File "/usr/local/lib/python3.6/dist-packages/wandb/vendor/gql-0.2.0/gql/client.py", line 52, in execute
    result = self._get_result(document, *args, **kwargs)
  File "/usr/local/lib/python3.6/dist-packages/wandb/vendor/gql-0.2.0/gql/client.py", line 60, in _get_result
    return self.transport.execute(document, *args, **kwargs)
  File "/usr/local/lib/python3.6/dist-packages/wandb/vendor/gql-0.2.0/gql/transport/requests.py", line 39, in execute
    request.raise_for_status()
  File "/usr/local/lib/python3.6/dist-packages/requests/models.py", line 943, in raise_for_status
    raise HTTPError(http_error_msg, response=self)
requests.exceptions.HTTPError: 429 Client Error: Too Many Requests for url: https://api.wandb.ai/graphql
2021-09-19 10:20:58,443 ERROR   SenderThread:2521411 [internal_api.py:execute():130] 429 response executing GraphQL.
2021-09-19 10:20:58,443 ERROR   SenderThread:2521411 [internal_api.py:execute():131] {"error":"rate limit exceeded"}

2021-09-19 10:20:58,769 ERROR   Thread-11 :2521411 [internal_api.py:execute():130] 429 response executing GraphQL.
2021-09-19 10:20:58,770 ERROR   Thread-11 :2521411 [internal_api.py:execute():131] {"error":"rate limit exceeded"}

2021-09-19 10:21:03,571 INFO    Thread-11 :2521411 [upload_job.py:push():137] Uploaded file /tmp/3288845.1.gpu_ded.q/tmpz9t4n5irwandb/3h6h0mqm-wandb-metadata.json
2021-09-19 10:21:17,992 DEBUG   HandlerThread:2521411 [handler.py:handle_request():124] handle_request: stop_status
2021-09-19 10:21:17,992 DEBUG   SenderThread:2521411 [sender.py:send_request():193] send_request: stop_status
2021-09-19 10:21:23,455 DEBUG   SenderThread:2521411 [sender.py:send():179] send: stats
2021-09-19 10:21:30,348 DEBUG   SenderThread:2521411 [sender.py:send():179] send: telemetry
2021-09-19 10:21:30,348 DEBUG   HandlerThread:2521411 [handler.py:handle_request():124] handle_request: poll_exit
2021-09-19 10:21:30,348 DEBUG   SenderThread:2521411 [sender.py:send():179] send: exit
2021-09-19 10:21:30,348 INFO    SenderThread:2521411 [sender.py:send_exit():287] handling exit code: 1
2021-09-19 10:21:30,348 INFO    SenderThread:2521411 [sender.py:send_exit():295] send defer
2021-09-19 10:21:30,348 DEBUG   SenderThread:2521411 [sender.py:send_request():193] send_request: poll_exit
2021-09-19 10:21:30,349 DEBUG   HandlerThread:2521411 [handler.py:handle_request():124] handle_request: defer
2021-09-19 10:21:30,349 INFO    HandlerThread:2521411 [handler.py:handle_request_defer():141] handle defer: 0
2021-09-19 10:21:30,349 DEBUG   SenderThread:2521411 [sender.py:send_request():193] send_request: defer
2021-09-19 10:21:30,349 INFO    SenderThread:2521411 [sender.py:send_request_defer():304] handle sender defer: 0
2021-09-19 10:21:30,349 INFO    SenderThread:2521411 [sender.py:transition_state():308] send defer: 1
2021-09-19 10:21:30,349 DEBUG   HandlerThread:2521411 [handler.py:handle_request():124] handle_request: defer
2021-09-19 10:21:30,349 INFO    HandlerThread:2521411 [handler.py:handle_request_defer():141] handle defer: 1
2021-09-19 10:21:30,452 DEBUG   SenderThread:2521411 [sender.py:send_request():193] send_request: defer
2021-09-19 10:21:30,452 DEBUG   HandlerThread:2521411 [handler.py:handle_request():124] handle_request: poll_exit
2021-09-19 10:21:30,452 INFO    SenderThread:2521411 [sender.py:send_request_defer():304] handle sender defer: 1
2021-09-19 10:21:30,452 INFO    SenderThread:2521411 [sender.py:transition_state():308] send defer: 2
2021-09-19 10:21:30,452 DEBUG   SenderThread:2521411 [sender.py:send_request():193] send_request: poll_exit
2021-09-19 10:21:30,453 DEBUG   SenderThread:2521411 [sender.py:send():179] send: stats
2021-09-19 10:21:30,453 DEBUG   HandlerThread:2521411 [handler.py:handle_request():124] handle_request: defer
2021-09-19 10:21:30,456 INFO    HandlerThread:2521411 [handler.py:handle_request_defer():141] handle defer: 2
2021-09-19 10:21:30,456 DEBUG   SenderThread:2521411 [sender.py:send_request():193] send_request: defer
2021-09-19 10:21:30,456 INFO    SenderThread:2521411 [sender.py:send_request_defer():304] handle sender defer: 2
2021-09-19 10:21:30,456 INFO    SenderThread:2521411 [sender.py:transition_state():308] send defer: 3
2021-09-19 10:21:30,456 DEBUG   HandlerThread:2521411 [handler.py:handle_request():124] handle_request: defer
2021-09-19 10:21:30,457 INFO    HandlerThread:2521411 [handler.py:handle_request_defer():141] handle defer: 3
2021-09-19 10:21:30,457 DEBUG   SenderThread:2521411 [sender.py:send():179] send: summary
2021-09-19 10:21:30,457 INFO    SenderThread:2521411 [sender.py:_save_file():841] saving file wandb-summary.json with policy end
2021-09-19 10:21:30,457 DEBUG   SenderThread:2521411 [sender.py:send_request():193] send_request: defer
2021-09-19 10:21:30,457 INFO    SenderThread:2521411 [sender.py:send_request_defer():304] handle sender defer: 3
2021-09-19 10:21:30,457 INFO    SenderThread:2521411 [sender.py:transition_state():308] send defer: 4
2021-09-19 10:21:30,458 DEBUG   HandlerThread:2521411 [handler.py:handle_request():124] handle_request: defer
2021-09-19 10:21:30,458 INFO    HandlerThread:2521411 [handler.py:handle_request_defer():141] handle defer: 4
2021-09-19 10:21:30,458 DEBUG   SenderThread:2521411 [sender.py:send_request():193] send_request: defer
2021-09-19 10:21:30,458 INFO    SenderThread:2521411 [sender.py:send_request_defer():304] handle sender defer: 4
2021-09-19 10:21:30,539 INFO    SenderThread:2521411 [sender.py:transition_state():308] send defer: 5
2021-09-19 10:21:30,540 DEBUG   HandlerThread:2521411 [handler.py:handle_request():124] handle_request: defer
2021-09-19 10:21:30,540 INFO    HandlerThread:2521411 [handler.py:handle_request_defer():141] handle defer: 5
2021-09-19 10:21:30,540 DEBUG   SenderThread:2521411 [sender.py:send_request():193] send_request: defer
2021-09-19 10:21:30,540 INFO    SenderThread:2521411 [sender.py:send_request_defer():304] handle sender defer: 5
2021-09-19 10:21:30,540 INFO    SenderThread:2521411 [dir_watcher.py:finish():282] shutting down directory watcher
2021-09-19 10:21:30,554 DEBUG   HandlerThread:2521411 [handler.py:handle_request():124] handle_request: poll_exit
2021-09-19 10:21:30,808 INFO    SenderThread:2521411 [dir_watcher.py:_on_file_modified():229] file/dir modified: /grid/koo/home/toneyan/profile/QuantPred/wandb/run-20210919_102035-m523xdzw/files/wandb-summary.json
2021-09-19 10:21:30,809 INFO    SenderThread:2521411 [dir_watcher.py:_on_file_modified():229] file/dir modified: /grid/koo/home/toneyan/profile/QuantPred/wandb/run-20210919_102035-m523xdzw/files/config.yaml
2021-09-19 10:21:30,809 INFO    SenderThread:2521411 [dir_watcher.py:finish():312] scan: /grid/koo/home/toneyan/profile/QuantPred/wandb/run-20210919_102035-m523xdzw/files
2021-09-19 10:21:30,809 INFO    SenderThread:2521411 [dir_watcher.py:finish():318] scan save: /grid/koo/home/toneyan/profile/QuantPred/wandb/run-20210919_102035-m523xdzw/files/wandb-metadata.json wandb-metadata.json
2021-09-19 10:21:30,809 INFO    SenderThread:2521411 [dir_watcher.py:finish():318] scan save: /grid/koo/home/toneyan/profile/QuantPred/wandb/run-20210919_102035-m523xdzw/files/config.yaml config.yaml
2021-09-19 10:21:30,809 INFO    SenderThread:2521411 [dir_watcher.py:finish():318] scan save: /grid/koo/home/toneyan/profile/QuantPred/wandb/run-20210919_102035-m523xdzw/files/requirements.txt requirements.txt
2021-09-19 10:21:30,809 INFO    SenderThread:2521411 [dir_watcher.py:finish():318] scan save: /grid/koo/home/toneyan/profile/QuantPred/wandb/run-20210919_102035-m523xdzw/files/wandb-summary.json wandb-summary.json
2021-09-19 10:21:30,810 INFO    SenderThread:2521411 [dir_watcher.py:finish():318] scan save: /grid/koo/home/toneyan/profile/QuantPred/wandb/run-20210919_102035-m523xdzw/files/output.log output.log
2021-09-19 10:21:30,813 INFO    SenderThread:2521411 [sender.py:transition_state():308] send defer: 6
2021-09-19 10:21:30,815 DEBUG   SenderThread:2521411 [sender.py:send_request():193] send_request: poll_exit
2021-09-19 10:21:30,821 DEBUG   HandlerThread:2521411 [handler.py:handle_request():124] handle_request: defer
2021-09-19 10:21:30,821 INFO    HandlerThread:2521411 [handler.py:handle_request_defer():141] handle defer: 6
2021-09-19 10:21:30,821 DEBUG   SenderThread:2521411 [sender.py:send_request():193] send_request: defer
2021-09-19 10:21:30,821 INFO    SenderThread:2521411 [sender.py:send_request_defer():304] handle sender defer: 6
2021-09-19 10:21:30,821 INFO    SenderThread:2521411 [file_pusher.py:finish():177] shutting down file pusher
2021-09-19 10:21:30,922 DEBUG   HandlerThread:2521411 [handler.py:handle_request():124] handle_request: poll_exit
2021-09-19 10:21:30,922 DEBUG   SenderThread:2521411 [sender.py:send_request():193] send_request: poll_exit
2021-09-19 10:21:31,024 DEBUG   HandlerThread:2521411 [handler.py:handle_request():124] handle_request: poll_exit
2021-09-19 10:21:31,024 DEBUG   SenderThread:2521411 [sender.py:send_request():193] send_request: poll_exit
2021-09-19 10:21:31,121 INFO    Thread-13 :2521411 [upload_job.py:push():137] Uploaded file /grid/koo/home/toneyan/profile/QuantPred/wandb/run-20210919_102035-m523xdzw/files/requirements.txt
2021-09-19 10:21:31,126 DEBUG   HandlerThread:2521411 [handler.py:handle_request():124] handle_request: poll_exit
2021-09-19 10:21:31,126 DEBUG   SenderThread:2521411 [sender.py:send_request():193] send_request: poll_exit
2021-09-19 10:21:31,226 INFO    Thread-14 :2521411 [upload_job.py:push():137] Uploaded file /grid/koo/home/toneyan/profile/QuantPred/wandb/run-20210919_102035-m523xdzw/files/wandb-summary.json
2021-09-19 10:21:31,228 DEBUG   HandlerThread:2521411 [handler.py:handle_request():124] handle_request: poll_exit
2021-09-19 10:21:31,228 DEBUG   SenderThread:2521411 [sender.py:send_request():193] send_request: poll_exit
2021-09-19 10:21:31,276 INFO    Thread-12 :2521411 [upload_job.py:push():137] Uploaded file /grid/koo/home/toneyan/profile/QuantPred/wandb/run-20210919_102035-m523xdzw/files/config.yaml
2021-09-19 10:21:31,330 DEBUG   HandlerThread:2521411 [handler.py:handle_request():124] handle_request: poll_exit
2021-09-19 10:21:31,330 DEBUG   SenderThread:2521411 [sender.py:send_request():193] send_request: poll_exit
2021-09-19 10:21:31,432 DEBUG   HandlerThread:2521411 [handler.py:handle_request():124] handle_request: poll_exit
2021-09-19 10:21:31,432 DEBUG   SenderThread:2521411 [sender.py:send_request():193] send_request: poll_exit
2021-09-19 10:21:31,477 INFO    Thread-7  :2521411 [sender.py:transition_state():308] send defer: 7
2021-09-19 10:21:31,477 DEBUG   HandlerThread:2521411 [handler.py:handle_request():124] handle_request: defer
2021-09-19 10:21:31,478 INFO    HandlerThread:2521411 [handler.py:handle_request_defer():141] handle defer: 7
2021-09-19 10:21:31,478 DEBUG   SenderThread:2521411 [sender.py:send_request():193] send_request: defer
2021-09-19 10:21:31,478 INFO    SenderThread:2521411 [sender.py:send_request_defer():304] handle sender defer: 7
2021-09-19 10:21:31,536 DEBUG   HandlerThread:2521411 [handler.py:handle_request():124] handle_request: poll_exit
2021-09-19 10:21:31,588 INFO    SenderThread:2521411 [sender.py:transition_state():308] send defer: 8
2021-09-19 10:21:31,588 DEBUG   SenderThread:2521411 [sender.py:send_request():193] send_request: poll_exit
2021-09-19 10:21:31,589 DEBUG   HandlerThread:2521411 [handler.py:handle_request():124] handle_request: defer
2021-09-19 10:21:31,589 INFO    HandlerThread:2521411 [handler.py:handle_request_defer():141] handle defer: 8
2021-09-19 10:21:31,589 DEBUG   SenderThread:2521411 [sender.py:send_request():193] send_request: defer
2021-09-19 10:21:31,589 INFO    SenderThread:2521411 [sender.py:send_request_defer():304] handle sender defer: 8
2021-09-19 10:21:31,589 INFO    SenderThread:2521411 [sender.py:transition_state():308] send defer: 9
2021-09-19 10:21:31,589 DEBUG   SenderThread:2521411 [sender.py:send():179] send: final
2021-09-19 10:21:31,590 DEBUG   HandlerThread:2521411 [handler.py:handle_request():124] handle_request: defer
2021-09-19 10:21:31,590 DEBUG   SenderThread:2521411 [sender.py:send():179] send: footer
2021-09-19 10:21:31,590 INFO    HandlerThread:2521411 [handler.py:handle_request_defer():141] handle defer: 9
2021-09-19 10:21:31,590 DEBUG   SenderThread:2521411 [sender.py:send_request():193] send_request: defer
2021-09-19 10:21:31,590 INFO    SenderThread:2521411 [sender.py:send_request_defer():304] handle sender defer: 9
2021-09-19 10:21:31,690 DEBUG   HandlerThread:2521411 [handler.py:handle_request():124] handle_request: poll_exit
2021-09-19 10:21:31,691 DEBUG   SenderThread:2521411 [sender.py:send_request():193] send_request: poll_exit
2021-09-19 10:21:31,691 INFO    SenderThread:2521411 [file_pusher.py:join():182] waiting for file pusher
2021-09-19 10:21:31,692 DEBUG   HandlerThread:2521411 [handler.py:handle_request():124] handle_request: get_summary
2021-09-19 10:21:31,692 DEBUG   HandlerThread:2521411 [handler.py:handle_request():124] handle_request: sampled_history
2021-09-19 10:21:31,693 DEBUG   HandlerThread:2521411 [handler.py:handle_request():124] handle_request: shutdown
2021-09-19 10:21:31,693 INFO    HandlerThread:2521411 [handler.py:finish():638] shutting down handler
2021-09-19 10:21:32,590 INFO    WriterThread:2521411 [datastore.py:close():288] close: /grid/koo/home/toneyan/profile/QuantPred/wandb/run-20210919_102035-m523xdzw/run-m523xdzw.wandb
2021-09-19 10:21:32,691 INFO    SenderThread:2521411 [sender.py:finish():945] shutting down sender
2021-09-19 10:21:32,691 INFO    SenderThread:2521411 [file_pusher.py:finish():177] shutting down file pusher
2021-09-19 10:21:32,691 INFO    SenderThread:2521411 [file_pusher.py:join():182] waiting for file pusher
2021-09-19 10:21:32,694 INFO    MainThread:2521411 [internal.py:handle_exit():78] Internal process exited
