2021-09-19 10:30:38,191 INFO    MainThread:2741220 [internal.py:wandb_internal():91] W&B internal server running at pid: 2741220, started at: 2021-09-19 10:30:38.190046
2021-09-19 10:30:38,192 DEBUG   HandlerThread:2741220 [handler.py:handle_request():124] handle_request: check_version
2021-09-19 10:30:38,192 INFO    WriterThread:2741220 [datastore.py:open_for_write():80] open: /grid/koo/home/toneyan/profile/QuantPred/wandb/run-20210919_103037-sananyj3/run-sananyj3.wandb
2021-09-19 10:30:38,194 DEBUG   SenderThread:2741220 [sender.py:send():179] send: header
2021-09-19 10:30:38,194 DEBUG   SenderThread:2741220 [sender.py:send_request():193] send_request: check_version
2021-09-19 10:30:38,222 DEBUG   SenderThread:2741220 [sender.py:send():179] send: run
2021-09-19 10:30:38,304 INFO    SenderThread:2741220 [dir_watcher.py:__init__():168] watching files in: /grid/koo/home/toneyan/profile/QuantPred/wandb/run-20210919_103037-sananyj3/files
2021-09-19 10:30:38,304 INFO    SenderThread:2741220 [sender.py:_start_run_threads():719] run started: sananyj3 with start time 1632061837
2021-09-19 10:30:38,304 DEBUG   SenderThread:2741220 [sender.py:send():179] send: summary
2021-09-19 10:30:38,305 DEBUG   HandlerThread:2741220 [handler.py:handle_request():124] handle_request: run_start
2021-09-19 10:30:38,305 INFO    SenderThread:2741220 [sender.py:_save_file():841] saving file wandb-summary.json with policy end
2021-09-19 10:30:39,305 INFO    Thread-8  :2741220 [dir_watcher.py:_on_file_created():216] file/dir created: /grid/koo/home/toneyan/profile/QuantPred/wandb/run-20210919_103037-sananyj3/files/wandb-summary.json
2021-09-19 10:30:39,517 DEBUG   HandlerThread:2741220 [meta.py:__init__():39] meta init
2021-09-19 10:30:39,517 DEBUG   HandlerThread:2741220 [meta.py:__init__():53] meta init done
2021-09-19 10:30:39,517 DEBUG   HandlerThread:2741220 [meta.py:probe():210] probe
2021-09-19 10:30:39,523 DEBUG   HandlerThread:2741220 [meta.py:_save_pip():57] save pip
2021-09-19 10:30:39,524 DEBUG   HandlerThread:2741220 [meta.py:_save_pip():71] save pip done
2021-09-19 10:30:39,525 DEBUG   HandlerThread:2741220 [meta.py:probe():252] probe done
2021-09-19 10:30:39,528 DEBUG   SenderThread:2741220 [sender.py:send():179] send: files
2021-09-19 10:30:39,528 INFO    SenderThread:2741220 [sender.py:_save_file():841] saving file wandb-metadata.json with policy now
2021-09-19 10:30:39,538 DEBUG   HandlerThread:2741220 [handler.py:handle_request():124] handle_request: stop_status
2021-09-19 10:30:39,538 DEBUG   SenderThread:2741220 [sender.py:send_request():193] send_request: stop_status
2021-09-19 10:30:39,851 INFO    Thread-11 :2741220 [upload_job.py:push():137] Uploaded file /tmp/3288845.1.gpu_ded.q/tmpvbrtzorxwandb/3uzhx05k-wandb-metadata.json
2021-09-19 10:30:40,305 INFO    Thread-8  :2741220 [dir_watcher.py:_on_file_created():216] file/dir created: /grid/koo/home/toneyan/profile/QuantPred/wandb/run-20210919_103037-sananyj3/files/wandb-metadata.json
2021-09-19 10:30:40,305 INFO    Thread-8  :2741220 [dir_watcher.py:_on_file_created():216] file/dir created: /grid/koo/home/toneyan/profile/QuantPred/wandb/run-20210919_103037-sananyj3/files/requirements.txt
2021-09-19 10:30:40,305 INFO    Thread-8  :2741220 [dir_watcher.py:_on_file_created():216] file/dir created: /grid/koo/home/toneyan/profile/QuantPred/wandb/run-20210919_103037-sananyj3/files/output.log
2021-09-19 10:30:54,618 DEBUG   HandlerThread:2741220 [handler.py:handle_request():124] handle_request: stop_status
2021-09-19 10:30:54,618 DEBUG   SenderThread:2741220 [sender.py:send_request():193] send_request: stop_status
2021-09-19 10:30:54,673 ERROR   SenderThread:2741220 [internal_api.py:execute():130] 429 response executing GraphQL.
2021-09-19 10:30:54,674 ERROR   SenderThread:2741220 [internal_api.py:execute():131] {"error":"rate limit exceeded"}

2021-09-19 10:30:55,755 ERROR   SenderThread:2741220 [internal_api.py:execute():130] 429 response executing GraphQL.
2021-09-19 10:30:55,755 ERROR   SenderThread:2741220 [internal_api.py:execute():131] {"error":"rate limit exceeded"}

2021-09-19 10:30:58,028 ERROR   SenderThread:2741220 [internal_api.py:execute():130] 429 response executing GraphQL.
2021-09-19 10:30:58,028 ERROR   SenderThread:2741220 [internal_api.py:execute():131] {"error":"rate limit exceeded"}

2021-09-19 10:30:58,028 ERROR   SenderThread:2741220 [retry.py:__call__():126] Retry attempt failed:
Traceback (most recent call last):
  File "/usr/local/lib/python3.6/dist-packages/wandb/sdk/lib/retry.py", line 102, in __call__
    result = self._call_fn(*args, **kwargs)
  File "/usr/local/lib/python3.6/dist-packages/wandb/sdk/internal/internal_api.py", line 133, in execute
    six.reraise(*sys.exc_info())
  File "/usr/local/lib/python3.6/dist-packages/six.py", line 719, in reraise
    raise value
  File "/usr/local/lib/python3.6/dist-packages/wandb/sdk/internal/internal_api.py", line 127, in execute
    return self.client.execute(*args, **kwargs)
  File "/usr/local/lib/python3.6/dist-packages/wandb/vendor/gql-0.2.0/gql/client.py", line 52, in execute
    result = self._get_result(document, *args, **kwargs)
  File "/usr/local/lib/python3.6/dist-packages/wandb/vendor/gql-0.2.0/gql/client.py", line 60, in _get_result
    return self.transport.execute(document, *args, **kwargs)
  File "/usr/local/lib/python3.6/dist-packages/wandb/vendor/gql-0.2.0/gql/transport/requests.py", line 39, in execute
    request.raise_for_status()
  File "/usr/local/lib/python3.6/dist-packages/requests/models.py", line 943, in raise_for_status
    raise HTTPError(http_error_msg, response=self)
requests.exceptions.HTTPError: 429 Client Error: Too Many Requests for url: https://api.wandb.ai/graphql
2021-09-19 10:31:07,909 DEBUG   SenderThread:2741220 [sender.py:send():179] send: stats
2021-09-19 10:31:17,253 DEBUG   HandlerThread:2741220 [handler.py:handle_request():124] handle_request: stop_status
2021-09-19 10:31:17,254 DEBUG   SenderThread:2741220 [sender.py:send_request():193] send_request: stop_status
2021-09-19 10:31:17,564 DEBUG   HandlerThread:2741220 [handler.py:handle_request():124] handle_request: poll_exit
2021-09-19 10:31:17,564 DEBUG   SenderThread:2741220 [sender.py:send():179] send: telemetry
2021-09-19 10:31:17,565 DEBUG   SenderThread:2741220 [sender.py:send():179] send: exit
2021-09-19 10:31:17,565 INFO    SenderThread:2741220 [sender.py:send_exit():287] handling exit code: 1
2021-09-19 10:31:17,565 INFO    SenderThread:2741220 [sender.py:send_exit():295] send defer
2021-09-19 10:31:17,565 DEBUG   SenderThread:2741220 [sender.py:send_request():193] send_request: poll_exit
2021-09-19 10:31:17,566 DEBUG   HandlerThread:2741220 [handler.py:handle_request():124] handle_request: defer
2021-09-19 10:31:17,566 INFO    HandlerThread:2741220 [handler.py:handle_request_defer():141] handle defer: 0
2021-09-19 10:31:17,566 DEBUG   SenderThread:2741220 [sender.py:send_request():193] send_request: defer
2021-09-19 10:31:17,566 INFO    SenderThread:2741220 [sender.py:send_request_defer():304] handle sender defer: 0
2021-09-19 10:31:17,566 INFO    SenderThread:2741220 [sender.py:transition_state():308] send defer: 1
2021-09-19 10:31:17,567 DEBUG   HandlerThread:2741220 [handler.py:handle_request():124] handle_request: defer
2021-09-19 10:31:17,567 INFO    HandlerThread:2741220 [handler.py:handle_request_defer():141] handle defer: 1
2021-09-19 10:31:17,634 DEBUG   SenderThread:2741220 [sender.py:send_request():193] send_request: defer
2021-09-19 10:31:17,634 INFO    SenderThread:2741220 [sender.py:send_request_defer():304] handle sender defer: 1
2021-09-19 10:31:17,635 INFO    SenderThread:2741220 [sender.py:transition_state():308] send defer: 2
2021-09-19 10:31:17,635 DEBUG   SenderThread:2741220 [sender.py:send():179] send: stats
2021-09-19 10:31:17,635 DEBUG   HandlerThread:2741220 [handler.py:handle_request():124] handle_request: defer
2021-09-19 10:31:17,638 INFO    HandlerThread:2741220 [handler.py:handle_request_defer():141] handle defer: 2
2021-09-19 10:31:17,638 DEBUG   SenderThread:2741220 [sender.py:send_request():193] send_request: defer
2021-09-19 10:31:17,639 INFO    SenderThread:2741220 [sender.py:send_request_defer():304] handle sender defer: 2
2021-09-19 10:31:17,639 INFO    SenderThread:2741220 [sender.py:transition_state():308] send defer: 3
2021-09-19 10:31:17,639 DEBUG   HandlerThread:2741220 [handler.py:handle_request():124] handle_request: defer
2021-09-19 10:31:17,639 INFO    HandlerThread:2741220 [handler.py:handle_request_defer():141] handle defer: 3
2021-09-19 10:31:17,639 DEBUG   SenderThread:2741220 [sender.py:send():179] send: summary
2021-09-19 10:31:17,640 INFO    SenderThread:2741220 [sender.py:_save_file():841] saving file wandb-summary.json with policy end
2021-09-19 10:31:17,640 DEBUG   SenderThread:2741220 [sender.py:send_request():193] send_request: defer
2021-09-19 10:31:17,640 INFO    SenderThread:2741220 [sender.py:send_request_defer():304] handle sender defer: 3
2021-09-19 10:31:17,640 INFO    SenderThread:2741220 [sender.py:transition_state():308] send defer: 4
2021-09-19 10:31:17,640 DEBUG   HandlerThread:2741220 [handler.py:handle_request():124] handle_request: defer
2021-09-19 10:31:17,640 INFO    HandlerThread:2741220 [handler.py:handle_request_defer():141] handle defer: 4
2021-09-19 10:31:17,640 DEBUG   SenderThread:2741220 [sender.py:send_request():193] send_request: defer
2021-09-19 10:31:17,640 INFO    SenderThread:2741220 [sender.py:send_request_defer():304] handle sender defer: 4
2021-09-19 10:31:17,667 DEBUG   HandlerThread:2741220 [handler.py:handle_request():124] handle_request: poll_exit
2021-09-19 10:31:17,717 INFO    SenderThread:2741220 [sender.py:transition_state():308] send defer: 5
2021-09-19 10:31:17,718 DEBUG   SenderThread:2741220 [sender.py:send_request():193] send_request: poll_exit
2021-09-19 10:31:17,718 DEBUG   HandlerThread:2741220 [handler.py:handle_request():124] handle_request: defer
2021-09-19 10:31:17,718 INFO    HandlerThread:2741220 [handler.py:handle_request_defer():141] handle defer: 5
2021-09-19 10:31:17,718 DEBUG   SenderThread:2741220 [sender.py:send_request():193] send_request: defer
2021-09-19 10:31:17,718 INFO    SenderThread:2741220 [sender.py:send_request_defer():304] handle sender defer: 5
2021-09-19 10:31:17,718 INFO    SenderThread:2741220 [dir_watcher.py:finish():282] shutting down directory watcher
2021-09-19 10:31:17,819 DEBUG   HandlerThread:2741220 [handler.py:handle_request():124] handle_request: poll_exit
2021-09-19 10:31:18,311 INFO    SenderThread:2741220 [dir_watcher.py:_on_file_modified():229] file/dir modified: /grid/koo/home/toneyan/profile/QuantPred/wandb/run-20210919_103037-sananyj3/files/config.yaml
2021-09-19 10:31:18,311 INFO    SenderThread:2741220 [dir_watcher.py:_on_file_modified():229] file/dir modified: /grid/koo/home/toneyan/profile/QuantPred/wandb/run-20210919_103037-sananyj3/files/wandb-summary.json
2021-09-19 10:31:18,311 INFO    SenderThread:2741220 [dir_watcher.py:finish():312] scan: /grid/koo/home/toneyan/profile/QuantPred/wandb/run-20210919_103037-sananyj3/files
2021-09-19 10:31:18,311 INFO    SenderThread:2741220 [dir_watcher.py:finish():318] scan save: /grid/koo/home/toneyan/profile/QuantPred/wandb/run-20210919_103037-sananyj3/files/wandb-metadata.json wandb-metadata.json
2021-09-19 10:31:18,311 INFO    SenderThread:2741220 [dir_watcher.py:finish():318] scan save: /grid/koo/home/toneyan/profile/QuantPred/wandb/run-20210919_103037-sananyj3/files/config.yaml config.yaml
2021-09-19 10:31:18,311 INFO    SenderThread:2741220 [dir_watcher.py:finish():318] scan save: /grid/koo/home/toneyan/profile/QuantPred/wandb/run-20210919_103037-sananyj3/files/requirements.txt requirements.txt
2021-09-19 10:31:18,312 INFO    SenderThread:2741220 [dir_watcher.py:finish():318] scan save: /grid/koo/home/toneyan/profile/QuantPred/wandb/run-20210919_103037-sananyj3/files/wandb-summary.json wandb-summary.json
2021-09-19 10:31:18,315 INFO    SenderThread:2741220 [dir_watcher.py:finish():318] scan save: /grid/koo/home/toneyan/profile/QuantPred/wandb/run-20210919_103037-sananyj3/files/output.log output.log
2021-09-19 10:31:18,318 INFO    SenderThread:2741220 [sender.py:transition_state():308] send defer: 6
2021-09-19 10:31:18,318 DEBUG   SenderThread:2741220 [sender.py:send_request():193] send_request: poll_exit
2021-09-19 10:31:18,323 DEBUG   HandlerThread:2741220 [handler.py:handle_request():124] handle_request: defer
2021-09-19 10:31:18,324 INFO    HandlerThread:2741220 [handler.py:handle_request_defer():141] handle defer: 6
2021-09-19 10:31:18,324 DEBUG   SenderThread:2741220 [sender.py:send_request():193] send_request: defer
2021-09-19 10:31:18,324 INFO    SenderThread:2741220 [sender.py:send_request_defer():304] handle sender defer: 6
2021-09-19 10:31:18,324 INFO    SenderThread:2741220 [file_pusher.py:finish():177] shutting down file pusher
2021-09-19 10:31:18,424 DEBUG   HandlerThread:2741220 [handler.py:handle_request():124] handle_request: poll_exit
2021-09-19 10:31:18,425 DEBUG   SenderThread:2741220 [sender.py:send_request():193] send_request: poll_exit
2021-09-19 10:31:18,527 DEBUG   HandlerThread:2741220 [handler.py:handle_request():124] handle_request: poll_exit
2021-09-19 10:31:18,527 DEBUG   SenderThread:2741220 [sender.py:send_request():193] send_request: poll_exit
2021-09-19 10:31:18,629 DEBUG   HandlerThread:2741220 [handler.py:handle_request():124] handle_request: poll_exit
2021-09-19 10:31:18,629 DEBUG   SenderThread:2741220 [sender.py:send_request():193] send_request: poll_exit
2021-09-19 10:31:18,659 INFO    Thread-13 :2741220 [upload_job.py:push():137] Uploaded file /grid/koo/home/toneyan/profile/QuantPred/wandb/run-20210919_103037-sananyj3/files/requirements.txt
2021-09-19 10:31:18,682 INFO    Thread-12 :2741220 [upload_job.py:push():137] Uploaded file /grid/koo/home/toneyan/profile/QuantPred/wandb/run-20210919_103037-sananyj3/files/config.yaml
2021-09-19 10:31:18,731 DEBUG   HandlerThread:2741220 [handler.py:handle_request():124] handle_request: poll_exit
2021-09-19 10:31:18,731 DEBUG   SenderThread:2741220 [sender.py:send_request():193] send_request: poll_exit
2021-09-19 10:31:18,746 INFO    Thread-14 :2741220 [upload_job.py:push():137] Uploaded file /grid/koo/home/toneyan/profile/QuantPred/wandb/run-20210919_103037-sananyj3/files/wandb-summary.json
2021-09-19 10:31:18,833 DEBUG   HandlerThread:2741220 [handler.py:handle_request():124] handle_request: poll_exit
2021-09-19 10:31:18,833 DEBUG   SenderThread:2741220 [sender.py:send_request():193] send_request: poll_exit
2021-09-19 10:31:18,934 DEBUG   HandlerThread:2741220 [handler.py:handle_request():124] handle_request: poll_exit
2021-09-19 10:31:18,935 DEBUG   SenderThread:2741220 [sender.py:send_request():193] send_request: poll_exit
2021-09-19 10:31:18,946 INFO    Thread-7  :2741220 [sender.py:transition_state():308] send defer: 7
2021-09-19 10:31:18,947 DEBUG   HandlerThread:2741220 [handler.py:handle_request():124] handle_request: defer
2021-09-19 10:31:18,947 INFO    HandlerThread:2741220 [handler.py:handle_request_defer():141] handle defer: 7
2021-09-19 10:31:18,947 DEBUG   SenderThread:2741220 [sender.py:send_request():193] send_request: defer
2021-09-19 10:31:18,947 INFO    SenderThread:2741220 [sender.py:send_request_defer():304] handle sender defer: 7
2021-09-19 10:31:19,036 DEBUG   HandlerThread:2741220 [handler.py:handle_request():124] handle_request: poll_exit
2021-09-19 10:31:19,060 INFO    SenderThread:2741220 [sender.py:transition_state():308] send defer: 8
2021-09-19 10:31:19,060 DEBUG   SenderThread:2741220 [sender.py:send_request():193] send_request: poll_exit
2021-09-19 10:31:19,061 DEBUG   HandlerThread:2741220 [handler.py:handle_request():124] handle_request: defer
2021-09-19 10:31:19,061 INFO    HandlerThread:2741220 [handler.py:handle_request_defer():141] handle defer: 8
2021-09-19 10:31:19,061 DEBUG   SenderThread:2741220 [sender.py:send_request():193] send_request: defer
2021-09-19 10:31:19,061 INFO    SenderThread:2741220 [sender.py:send_request_defer():304] handle sender defer: 8
2021-09-19 10:31:19,061 INFO    SenderThread:2741220 [sender.py:transition_state():308] send defer: 9
2021-09-19 10:31:19,061 DEBUG   SenderThread:2741220 [sender.py:send():179] send: final
2021-09-19 10:31:19,062 DEBUG   HandlerThread:2741220 [handler.py:handle_request():124] handle_request: defer
2021-09-19 10:31:19,062 DEBUG   SenderThread:2741220 [sender.py:send():179] send: footer
2021-09-19 10:31:19,062 INFO    HandlerThread:2741220 [handler.py:handle_request_defer():141] handle defer: 9
2021-09-19 10:31:19,062 DEBUG   SenderThread:2741220 [sender.py:send_request():193] send_request: defer
2021-09-19 10:31:19,062 INFO    SenderThread:2741220 [sender.py:send_request_defer():304] handle sender defer: 9
2021-09-19 10:31:19,163 DEBUG   HandlerThread:2741220 [handler.py:handle_request():124] handle_request: poll_exit
2021-09-19 10:31:19,163 DEBUG   SenderThread:2741220 [sender.py:send_request():193] send_request: poll_exit
2021-09-19 10:31:19,163 INFO    SenderThread:2741220 [file_pusher.py:join():182] waiting for file pusher
2021-09-19 10:31:19,164 DEBUG   HandlerThread:2741220 [handler.py:handle_request():124] handle_request: get_summary
2021-09-19 10:31:19,165 DEBUG   HandlerThread:2741220 [handler.py:handle_request():124] handle_request: sampled_history
2021-09-19 10:31:19,165 DEBUG   HandlerThread:2741220 [handler.py:handle_request():124] handle_request: shutdown
2021-09-19 10:31:19,165 INFO    HandlerThread:2741220 [handler.py:finish():638] shutting down handler
2021-09-19 10:31:20,062 INFO    WriterThread:2741220 [datastore.py:close():288] close: /grid/koo/home/toneyan/profile/QuantPred/wandb/run-20210919_103037-sananyj3/run-sananyj3.wandb
2021-09-19 10:31:20,164 INFO    SenderThread:2741220 [sender.py:finish():945] shutting down sender
2021-09-19 10:31:20,164 INFO    SenderThread:2741220 [file_pusher.py:finish():177] shutting down file pusher
2021-09-19 10:31:20,164 INFO    SenderThread:2741220 [file_pusher.py:join():182] waiting for file pusher
2021-09-19 10:31:20,165 INFO    MainThread:2741220 [internal.py:handle_exit():78] Internal process exited
