2021-09-18 16:35:06,989 INFO    MainThread:27550 [internal.py:wandb_internal():91] W&B internal server running at pid: 27550, started at: 2021-09-18 16:35:06.988376
2021-09-18 16:35:06,990 DEBUG   HandlerThread:27550 [handler.py:handle_request():124] handle_request: check_version
2021-09-18 16:35:06,990 INFO    WriterThread:27550 [datastore.py:open_for_write():80] open: /grid/koo/home/toneyan/profile/QuantPred/wandb/run-20210918_163506-3zaeomt2/run-3zaeomt2.wandb
2021-09-18 16:35:06,992 DEBUG   SenderThread:27550 [sender.py:send():179] send: header
2021-09-18 16:35:06,992 DEBUG   SenderThread:27550 [sender.py:send_request():193] send_request: check_version
2021-09-18 16:35:07,023 DEBUG   SenderThread:27550 [sender.py:send():179] send: run
2021-09-18 16:35:07,111 INFO    SenderThread:27550 [dir_watcher.py:__init__():168] watching files in: /grid/koo/home/toneyan/profile/QuantPred/wandb/run-20210918_163506-3zaeomt2/files
2021-09-18 16:35:07,112 INFO    SenderThread:27550 [sender.py:_start_run_threads():719] run started: 3zaeomt2 with start time 1631997306
2021-09-18 16:35:07,112 DEBUG   SenderThread:27550 [sender.py:send():179] send: summary
2021-09-18 16:35:07,112 INFO    SenderThread:27550 [sender.py:_save_file():841] saving file wandb-summary.json with policy end
2021-09-18 16:35:07,113 DEBUG   HandlerThread:27550 [handler.py:handle_request():124] handle_request: run_start
2021-09-18 16:35:08,114 INFO    Thread-8  :27550 [dir_watcher.py:_on_file_created():216] file/dir created: /grid/koo/home/toneyan/profile/QuantPred/wandb/run-20210918_163506-3zaeomt2/files/wandb-summary.json
2021-09-18 16:35:08,303 DEBUG   HandlerThread:27550 [meta.py:__init__():39] meta init
2021-09-18 16:35:08,303 DEBUG   HandlerThread:27550 [meta.py:__init__():53] meta init done
2021-09-18 16:35:08,303 DEBUG   HandlerThread:27550 [meta.py:probe():210] probe
2021-09-18 16:35:08,309 DEBUG   HandlerThread:27550 [meta.py:_save_pip():57] save pip
2021-09-18 16:35:08,310 DEBUG   HandlerThread:27550 [meta.py:_save_pip():71] save pip done
2021-09-18 16:35:08,310 DEBUG   HandlerThread:27550 [meta.py:probe():252] probe done
2021-09-18 16:35:08,312 DEBUG   SenderThread:27550 [sender.py:send():179] send: files
2021-09-18 16:35:08,313 INFO    SenderThread:27550 [sender.py:_save_file():841] saving file wandb-metadata.json with policy now
2021-09-18 16:35:08,321 DEBUG   HandlerThread:27550 [handler.py:handle_request():124] handle_request: stop_status
2021-09-18 16:35:08,322 DEBUG   SenderThread:27550 [sender.py:send_request():193] send_request: stop_status
2021-09-18 16:35:08,630 INFO    Thread-11 :27550 [upload_job.py:push():137] Uploaded file /tmp/3288858.1.gpu_ded.q/tmpgjf3i5r2wandb/3a8w6j8t-wandb-metadata.json
2021-09-18 16:35:09,113 INFO    Thread-8  :27550 [dir_watcher.py:_on_file_created():216] file/dir created: /grid/koo/home/toneyan/profile/QuantPred/wandb/run-20210918_163506-3zaeomt2/files/requirements.txt
2021-09-18 16:35:09,114 INFO    Thread-8  :27550 [dir_watcher.py:_on_file_created():216] file/dir created: /grid/koo/home/toneyan/profile/QuantPred/wandb/run-20210918_163506-3zaeomt2/files/wandb-metadata.json
2021-09-18 16:35:09,114 INFO    Thread-8  :27550 [dir_watcher.py:_on_file_created():216] file/dir created: /grid/koo/home/toneyan/profile/QuantPred/wandb/run-20210918_163506-3zaeomt2/files/output.log
2021-09-18 16:35:23,388 DEBUG   HandlerThread:27550 [handler.py:handle_request():124] handle_request: stop_status
2021-09-18 16:35:23,388 DEBUG   SenderThread:27550 [sender.py:send_request():193] send_request: stop_status
2021-09-18 16:35:23,443 ERROR   SenderThread:27550 [internal_api.py:execute():130] 429 response executing GraphQL.
2021-09-18 16:35:23,444 ERROR   SenderThread:27550 [internal_api.py:execute():131] {"error":"rate limit exceeded"}

2021-09-18 16:35:24,641 ERROR   SenderThread:27550 [internal_api.py:execute():130] 429 response executing GraphQL.
2021-09-18 16:35:24,641 ERROR   SenderThread:27550 [internal_api.py:execute():131] {"error":"rate limit exceeded"}

2021-09-18 16:35:26,847 ERROR   SenderThread:27550 [internal_api.py:execute():130] 429 response executing GraphQL.
2021-09-18 16:35:26,860 ERROR   SenderThread:27550 [internal_api.py:execute():131] {"error":"rate limit exceeded"}

2021-09-18 16:35:26,860 ERROR   SenderThread:27550 [retry.py:__call__():126] Retry attempt failed:
Traceback (most recent call last):
  File "/usr/local/lib/python3.6/dist-packages/wandb/sdk/lib/retry.py", line 102, in __call__
    result = self._call_fn(*args, **kwargs)
  File "/usr/local/lib/python3.6/dist-packages/wandb/sdk/internal/internal_api.py", line 133, in execute
    six.reraise(*sys.exc_info())
  File "/usr/local/lib/python3.6/dist-packages/six.py", line 719, in reraise
    raise value
  File "/usr/local/lib/python3.6/dist-packages/wandb/sdk/internal/internal_api.py", line 127, in execute
    return self.client.execute(*args, **kwargs)
  File "/usr/local/lib/python3.6/dist-packages/wandb/vendor/gql-0.2.0/gql/client.py", line 52, in execute
    result = self._get_result(document, *args, **kwargs)
  File "/usr/local/lib/python3.6/dist-packages/wandb/vendor/gql-0.2.0/gql/client.py", line 60, in _get_result
    return self.transport.execute(document, *args, **kwargs)
  File "/usr/local/lib/python3.6/dist-packages/wandb/vendor/gql-0.2.0/gql/transport/requests.py", line 39, in execute
    request.raise_for_status()
  File "/usr/local/lib/python3.6/dist-packages/requests/models.py", line 943, in raise_for_status
    raise HTTPError(http_error_msg, response=self)
requests.exceptions.HTTPError: 429 Client Error: Too Many Requests for url: https://api.wandb.ai/graphql
2021-09-18 16:35:36,699 DEBUG   SenderThread:27550 [sender.py:send():179] send: stats
2021-09-18 16:35:41,327 DEBUG   HandlerThread:27550 [handler.py:handle_request():124] handle_request: poll_exit
2021-09-18 16:35:41,327 DEBUG   SenderThread:27550 [sender.py:send():179] send: telemetry
2021-09-18 16:35:41,327 DEBUG   SenderThread:27550 [sender.py:send():179] send: exit
2021-09-18 16:35:41,328 INFO    SenderThread:27550 [sender.py:send_exit():287] handling exit code: 1
2021-09-18 16:35:41,328 INFO    SenderThread:27550 [sender.py:send_exit():295] send defer
2021-09-18 16:35:41,328 DEBUG   SenderThread:27550 [sender.py:send_request():193] send_request: poll_exit
2021-09-18 16:35:41,328 DEBUG   HandlerThread:27550 [handler.py:handle_request():124] handle_request: defer
2021-09-18 16:35:41,328 INFO    HandlerThread:27550 [handler.py:handle_request_defer():141] handle defer: 0
2021-09-18 16:35:41,328 DEBUG   SenderThread:27550 [sender.py:send_request():193] send_request: defer
2021-09-18 16:35:41,328 INFO    SenderThread:27550 [sender.py:send_request_defer():304] handle sender defer: 0
2021-09-18 16:35:41,328 INFO    SenderThread:27550 [sender.py:transition_state():308] send defer: 1
2021-09-18 16:35:41,329 DEBUG   HandlerThread:27550 [handler.py:handle_request():124] handle_request: defer
2021-09-18 16:35:41,329 INFO    HandlerThread:27550 [handler.py:handle_request_defer():141] handle defer: 1
2021-09-18 16:35:41,375 DEBUG   SenderThread:27550 [sender.py:send_request():193] send_request: defer
2021-09-18 16:35:41,375 INFO    SenderThread:27550 [sender.py:send_request_defer():304] handle sender defer: 1
2021-09-18 16:35:41,376 INFO    SenderThread:27550 [sender.py:transition_state():308] send defer: 2
2021-09-18 16:35:41,376 DEBUG   SenderThread:27550 [sender.py:send():179] send: stats
2021-09-18 16:35:41,378 DEBUG   HandlerThread:27550 [handler.py:handle_request():124] handle_request: defer
2021-09-18 16:35:41,378 INFO    HandlerThread:27550 [handler.py:handle_request_defer():141] handle defer: 2
2021-09-18 16:35:41,378 DEBUG   SenderThread:27550 [sender.py:send_request():193] send_request: defer
2021-09-18 16:35:41,378 INFO    SenderThread:27550 [sender.py:send_request_defer():304] handle sender defer: 2
2021-09-18 16:35:41,378 INFO    SenderThread:27550 [sender.py:transition_state():308] send defer: 3
2021-09-18 16:35:41,379 DEBUG   HandlerThread:27550 [handler.py:handle_request():124] handle_request: defer
2021-09-18 16:35:41,379 INFO    HandlerThread:27550 [handler.py:handle_request_defer():141] handle defer: 3
2021-09-18 16:35:41,379 DEBUG   SenderThread:27550 [sender.py:send():179] send: summary
2021-09-18 16:35:41,379 INFO    SenderThread:27550 [sender.py:_save_file():841] saving file wandb-summary.json with policy end
2021-09-18 16:35:41,379 DEBUG   SenderThread:27550 [sender.py:send_request():193] send_request: defer
2021-09-18 16:35:41,380 INFO    SenderThread:27550 [sender.py:send_request_defer():304] handle sender defer: 3
2021-09-18 16:35:41,380 INFO    SenderThread:27550 [sender.py:transition_state():308] send defer: 4
2021-09-18 16:35:41,380 DEBUG   HandlerThread:27550 [handler.py:handle_request():124] handle_request: defer
2021-09-18 16:35:41,380 INFO    HandlerThread:27550 [handler.py:handle_request_defer():141] handle defer: 4
2021-09-18 16:35:41,380 DEBUG   SenderThread:27550 [sender.py:send_request():193] send_request: defer
2021-09-18 16:35:41,380 INFO    SenderThread:27550 [sender.py:send_request_defer():304] handle sender defer: 4
2021-09-18 16:35:41,429 DEBUG   HandlerThread:27550 [handler.py:handle_request():124] handle_request: poll_exit
2021-09-18 16:35:41,438 ERROR   SenderThread:27550 [internal_api.py:execute():130] 429 response executing GraphQL.
2021-09-18 16:35:41,439 ERROR   SenderThread:27550 [internal_api.py:execute():131] {"error":"rate limit exceeded"}

2021-09-18 16:35:42,125 INFO    Thread-8  :27550 [dir_watcher.py:_on_file_modified():229] file/dir modified: /grid/koo/home/toneyan/profile/QuantPred/wandb/run-20210918_163506-3zaeomt2/files/wandb-summary.json
2021-09-18 16:35:42,639 ERROR   SenderThread:27550 [internal_api.py:execute():130] 429 response executing GraphQL.
2021-09-18 16:35:42,640 ERROR   SenderThread:27550 [internal_api.py:execute():131] {"error":"rate limit exceeded"}

2021-09-18 16:35:44,902 ERROR   SenderThread:27550 [internal_api.py:execute():130] 429 response executing GraphQL.
2021-09-18 16:35:44,902 ERROR   SenderThread:27550 [internal_api.py:execute():131] {"error":"rate limit exceeded"}

2021-09-18 16:35:44,902 ERROR   SenderThread:27550 [retry.py:__call__():126] Retry attempt failed:
Traceback (most recent call last):
  File "/usr/local/lib/python3.6/dist-packages/wandb/sdk/lib/retry.py", line 102, in __call__
    result = self._call_fn(*args, **kwargs)
  File "/usr/local/lib/python3.6/dist-packages/wandb/sdk/internal/internal_api.py", line 133, in execute
    six.reraise(*sys.exc_info())
  File "/usr/local/lib/python3.6/dist-packages/six.py", line 719, in reraise
    raise value
  File "/usr/local/lib/python3.6/dist-packages/wandb/sdk/internal/internal_api.py", line 127, in execute
    return self.client.execute(*args, **kwargs)
  File "/usr/local/lib/python3.6/dist-packages/wandb/vendor/gql-0.2.0/gql/client.py", line 52, in execute
    result = self._get_result(document, *args, **kwargs)
  File "/usr/local/lib/python3.6/dist-packages/wandb/vendor/gql-0.2.0/gql/client.py", line 60, in _get_result
    return self.transport.execute(document, *args, **kwargs)
  File "/usr/local/lib/python3.6/dist-packages/wandb/vendor/gql-0.2.0/gql/transport/requests.py", line 39, in execute
    request.raise_for_status()
  File "/usr/local/lib/python3.6/dist-packages/requests/models.py", line 943, in raise_for_status
    raise HTTPError(http_error_msg, response=self)
requests.exceptions.HTTPError: 429 Client Error: Too Many Requests for url: https://api.wandb.ai/graphql
2021-09-18 16:35:46,530 DEBUG   HandlerThread:27550 [handler.py:handle_request():124] handle_request: poll_exit
2021-09-18 16:35:49,618 INFO    SenderThread:27550 [sender.py:transition_state():308] send defer: 5
2021-09-18 16:35:49,618 DEBUG   SenderThread:27550 [sender.py:send_request():193] send_request: poll_exit
2021-09-18 16:35:49,619 DEBUG   SenderThread:27550 [sender.py:send_request():193] send_request: poll_exit
2021-09-18 16:35:49,619 DEBUG   HandlerThread:27550 [handler.py:handle_request():124] handle_request: defer
2021-09-18 16:35:49,619 INFO    HandlerThread:27550 [handler.py:handle_request_defer():141] handle defer: 5
2021-09-18 16:35:49,619 DEBUG   SenderThread:27550 [sender.py:send_request():193] send_request: defer
2021-09-18 16:35:49,619 INFO    SenderThread:27550 [sender.py:send_request_defer():304] handle sender defer: 5
2021-09-18 16:35:49,619 INFO    SenderThread:27550 [dir_watcher.py:finish():282] shutting down directory watcher
2021-09-18 16:35:49,726 DEBUG   HandlerThread:27550 [handler.py:handle_request():124] handle_request: poll_exit
2021-09-18 16:35:50,127 INFO    SenderThread:27550 [dir_watcher.py:_on_file_modified():229] file/dir modified: /grid/koo/home/toneyan/profile/QuantPred/wandb/run-20210918_163506-3zaeomt2/files/config.yaml
2021-09-18 16:35:50,127 INFO    SenderThread:27550 [dir_watcher.py:finish():312] scan: /grid/koo/home/toneyan/profile/QuantPred/wandb/run-20210918_163506-3zaeomt2/files
2021-09-18 16:35:50,127 INFO    SenderThread:27550 [dir_watcher.py:finish():318] scan save: /grid/koo/home/toneyan/profile/QuantPred/wandb/run-20210918_163506-3zaeomt2/files/wandb-metadata.json wandb-metadata.json
2021-09-18 16:35:50,127 INFO    SenderThread:27550 [dir_watcher.py:finish():318] scan save: /grid/koo/home/toneyan/profile/QuantPred/wandb/run-20210918_163506-3zaeomt2/files/config.yaml config.yaml
2021-09-18 16:35:50,128 INFO    SenderThread:27550 [dir_watcher.py:finish():318] scan save: /grid/koo/home/toneyan/profile/QuantPred/wandb/run-20210918_163506-3zaeomt2/files/requirements.txt requirements.txt
2021-09-18 16:35:50,128 INFO    SenderThread:27550 [dir_watcher.py:finish():318] scan save: /grid/koo/home/toneyan/profile/QuantPred/wandb/run-20210918_163506-3zaeomt2/files/wandb-summary.json wandb-summary.json
2021-09-18 16:35:50,128 INFO    SenderThread:27550 [dir_watcher.py:finish():318] scan save: /grid/koo/home/toneyan/profile/QuantPred/wandb/run-20210918_163506-3zaeomt2/files/output.log output.log
2021-09-18 16:35:50,131 INFO    SenderThread:27550 [sender.py:transition_state():308] send defer: 6
2021-09-18 16:35:50,131 DEBUG   SenderThread:27550 [sender.py:send_request():193] send_request: poll_exit
2021-09-18 16:35:50,135 DEBUG   HandlerThread:27550 [handler.py:handle_request():124] handle_request: defer
2021-09-18 16:35:50,139 INFO    HandlerThread:27550 [handler.py:handle_request_defer():141] handle defer: 6
2021-09-18 16:35:50,139 DEBUG   SenderThread:27550 [sender.py:send_request():193] send_request: defer
2021-09-18 16:35:50,140 INFO    SenderThread:27550 [sender.py:send_request_defer():304] handle sender defer: 6
2021-09-18 16:35:50,140 INFO    SenderThread:27550 [file_pusher.py:finish():177] shutting down file pusher
2021-09-18 16:35:50,190 ERROR   Thread-14 :27550 [internal_api.py:execute():130] 429 response executing GraphQL.
2021-09-18 16:35:50,191 ERROR   Thread-14 :27550 [internal_api.py:execute():131] {"error":"rate limit exceeded"}

2021-09-18 16:35:50,192 ERROR   Thread-13 :27550 [internal_api.py:execute():130] 429 response executing GraphQL.
2021-09-18 16:35:50,193 ERROR   Thread-12 :27550 [internal_api.py:execute():130] 429 response executing GraphQL.
2021-09-18 16:35:50,193 ERROR   Thread-13 :27550 [internal_api.py:execute():131] {"error":"rate limit exceeded"}

2021-09-18 16:35:50,193 ERROR   Thread-12 :27550 [internal_api.py:execute():131] {"error":"rate limit exceeded"}

2021-09-18 16:35:50,236 DEBUG   HandlerThread:27550 [handler.py:handle_request():124] handle_request: poll_exit
2021-09-18 16:35:50,236 DEBUG   SenderThread:27550 [sender.py:send_request():193] send_request: poll_exit
2021-09-18 16:35:50,338 DEBUG   HandlerThread:27550 [handler.py:handle_request():124] handle_request: poll_exit
2021-09-18 16:35:50,338 DEBUG   SenderThread:27550 [sender.py:send_request():193] send_request: poll_exit
2021-09-18 16:35:50,439 DEBUG   HandlerThread:27550 [handler.py:handle_request():124] handle_request: poll_exit
2021-09-18 16:35:50,440 DEBUG   SenderThread:27550 [sender.py:send_request():193] send_request: poll_exit
2021-09-18 16:35:50,541 DEBUG   HandlerThread:27550 [handler.py:handle_request():124] handle_request: poll_exit
2021-09-18 16:35:50,541 DEBUG   SenderThread:27550 [sender.py:send_request():193] send_request: poll_exit
2021-09-18 16:35:50,643 DEBUG   HandlerThread:27550 [handler.py:handle_request():124] handle_request: poll_exit
2021-09-18 16:35:50,643 DEBUG   SenderThread:27550 [sender.py:send_request():193] send_request: poll_exit
2021-09-18 16:35:50,745 DEBUG   HandlerThread:27550 [handler.py:handle_request():124] handle_request: poll_exit
2021-09-18 16:35:50,745 DEBUG   SenderThread:27550 [sender.py:send_request():193] send_request: poll_exit
2021-09-18 16:35:50,847 DEBUG   HandlerThread:27550 [handler.py:handle_request():124] handle_request: poll_exit
2021-09-18 16:35:50,847 DEBUG   SenderThread:27550 [sender.py:send_request():193] send_request: poll_exit
2021-09-18 16:35:50,949 DEBUG   HandlerThread:27550 [handler.py:handle_request():124] handle_request: poll_exit
2021-09-18 16:35:50,949 DEBUG   SenderThread:27550 [sender.py:send_request():193] send_request: poll_exit
2021-09-18 16:35:51,051 DEBUG   HandlerThread:27550 [handler.py:handle_request():124] handle_request: poll_exit
2021-09-18 16:35:51,051 DEBUG   SenderThread:27550 [sender.py:send_request():193] send_request: poll_exit
2021-09-18 16:35:51,153 DEBUG   HandlerThread:27550 [handler.py:handle_request():124] handle_request: poll_exit
2021-09-18 16:35:51,153 DEBUG   SenderThread:27550 [sender.py:send_request():193] send_request: poll_exit
2021-09-18 16:35:51,255 DEBUG   HandlerThread:27550 [handler.py:handle_request():124] handle_request: poll_exit
2021-09-18 16:35:51,255 DEBUG   SenderThread:27550 [sender.py:send_request():193] send_request: poll_exit
2021-09-18 16:35:51,326 ERROR   Thread-12 :27550 [internal_api.py:execute():130] 429 response executing GraphQL.
2021-09-18 16:35:51,326 ERROR   Thread-12 :27550 [internal_api.py:execute():131] {"error":"rate limit exceeded"}

2021-09-18 16:35:51,326 ERROR   Thread-12 :27550 [retry.py:__call__():126] Retry attempt failed:
Traceback (most recent call last):
  File "/usr/local/lib/python3.6/dist-packages/wandb/sdk/lib/retry.py", line 102, in __call__
    result = self._call_fn(*args, **kwargs)
  File "/usr/local/lib/python3.6/dist-packages/wandb/sdk/internal/internal_api.py", line 133, in execute
    six.reraise(*sys.exc_info())
  File "/usr/local/lib/python3.6/dist-packages/six.py", line 719, in reraise
    raise value
  File "/usr/local/lib/python3.6/dist-packages/wandb/sdk/internal/internal_api.py", line 127, in execute
    return self.client.execute(*args, **kwargs)
  File "/usr/local/lib/python3.6/dist-packages/wandb/vendor/gql-0.2.0/gql/client.py", line 52, in execute
    result = self._get_result(document, *args, **kwargs)
  File "/usr/local/lib/python3.6/dist-packages/wandb/vendor/gql-0.2.0/gql/client.py", line 60, in _get_result
    return self.transport.execute(document, *args, **kwargs)
  File "/usr/local/lib/python3.6/dist-packages/wandb/vendor/gql-0.2.0/gql/transport/requests.py", line 39, in execute
    request.raise_for_status()
  File "/usr/local/lib/python3.6/dist-packages/requests/models.py", line 943, in raise_for_status
    raise HTTPError(http_error_msg, response=self)
requests.exceptions.HTTPError: 429 Client Error: Too Many Requests for url: https://api.wandb.ai/graphql
2021-09-18 16:35:51,357 DEBUG   HandlerThread:27550 [handler.py:handle_request():124] handle_request: poll_exit
2021-09-18 16:35:51,357 DEBUG   SenderThread:27550 [sender.py:send_request():193] send_request: poll_exit
2021-09-18 16:35:51,374 ERROR   Thread-13 :27550 [internal_api.py:execute():130] 429 response executing GraphQL.
2021-09-18 16:35:51,375 ERROR   Thread-13 :27550 [internal_api.py:execute():131] {"error":"rate limit exceeded"}

2021-09-18 16:35:51,383 ERROR   Thread-14 :27550 [internal_api.py:execute():130] 429 response executing GraphQL.
2021-09-18 16:35:51,383 ERROR   Thread-14 :27550 [internal_api.py:execute():131] {"error":"rate limit exceeded"}

2021-09-18 16:35:51,458 DEBUG   HandlerThread:27550 [handler.py:handle_request():124] handle_request: poll_exit
2021-09-18 16:35:51,459 DEBUG   SenderThread:27550 [sender.py:send_request():193] send_request: poll_exit
2021-09-18 16:35:51,560 DEBUG   HandlerThread:27550 [handler.py:handle_request():124] handle_request: poll_exit
2021-09-18 16:35:51,561 DEBUG   SenderThread:27550 [sender.py:send_request():193] send_request: poll_exit
2021-09-18 16:35:51,662 DEBUG   HandlerThread:27550 [handler.py:handle_request():124] handle_request: poll_exit
2021-09-18 16:35:51,663 DEBUG   SenderThread:27550 [sender.py:send_request():193] send_request: poll_exit
2021-09-18 16:35:51,764 DEBUG   HandlerThread:27550 [handler.py:handle_request():124] handle_request: poll_exit
2021-09-18 16:35:51,765 DEBUG   SenderThread:27550 [sender.py:send_request():193] send_request: poll_exit
2021-09-18 16:35:51,866 DEBUG   HandlerThread:27550 [handler.py:handle_request():124] handle_request: poll_exit
2021-09-18 16:35:51,866 DEBUG   SenderThread:27550 [sender.py:send_request():193] send_request: poll_exit
2021-09-18 16:35:51,968 DEBUG   HandlerThread:27550 [handler.py:handle_request():124] handle_request: poll_exit
2021-09-18 16:35:51,968 DEBUG   SenderThread:27550 [sender.py:send_request():193] send_request: poll_exit
2021-09-18 16:35:52,070 DEBUG   HandlerThread:27550 [handler.py:handle_request():124] handle_request: poll_exit
2021-09-18 16:35:52,070 DEBUG   SenderThread:27550 [sender.py:send_request():193] send_request: poll_exit
2021-09-18 16:35:52,172 DEBUG   HandlerThread:27550 [handler.py:handle_request():124] handle_request: poll_exit
2021-09-18 16:35:52,172 DEBUG   SenderThread:27550 [sender.py:send_request():193] send_request: poll_exit
2021-09-18 16:35:52,274 DEBUG   HandlerThread:27550 [handler.py:handle_request():124] handle_request: poll_exit
2021-09-18 16:35:52,275 DEBUG   SenderThread:27550 [sender.py:send_request():193] send_request: poll_exit
2021-09-18 16:35:52,376 DEBUG   HandlerThread:27550 [handler.py:handle_request():124] handle_request: poll_exit
2021-09-18 16:35:52,377 DEBUG   SenderThread:27550 [sender.py:send_request():193] send_request: poll_exit
2021-09-18 16:35:52,478 DEBUG   HandlerThread:27550 [handler.py:handle_request():124] handle_request: poll_exit
2021-09-18 16:35:52,479 DEBUG   SenderThread:27550 [sender.py:send_request():193] send_request: poll_exit
2021-09-18 16:35:52,580 DEBUG   HandlerThread:27550 [handler.py:handle_request():124] handle_request: poll_exit
2021-09-18 16:35:52,581 DEBUG   SenderThread:27550 [sender.py:send_request():193] send_request: poll_exit
2021-09-18 16:35:52,682 DEBUG   HandlerThread:27550 [handler.py:handle_request():124] handle_request: poll_exit
2021-09-18 16:35:52,683 DEBUG   SenderThread:27550 [sender.py:send_request():193] send_request: poll_exit
2021-09-18 16:35:52,784 DEBUG   HandlerThread:27550 [handler.py:handle_request():124] handle_request: poll_exit
2021-09-18 16:35:52,785 DEBUG   SenderThread:27550 [sender.py:send_request():193] send_request: poll_exit
2021-09-18 16:35:52,886 DEBUG   HandlerThread:27550 [handler.py:handle_request():124] handle_request: poll_exit
2021-09-18 16:35:52,886 DEBUG   SenderThread:27550 [sender.py:send_request():193] send_request: poll_exit
2021-09-18 16:35:52,988 DEBUG   HandlerThread:27550 [handler.py:handle_request():124] handle_request: poll_exit
2021-09-18 16:35:52,988 DEBUG   SenderThread:27550 [sender.py:send_request():193] send_request: poll_exit
2021-09-18 16:35:53,090 DEBUG   HandlerThread:27550 [handler.py:handle_request():124] handle_request: poll_exit
2021-09-18 16:35:53,090 DEBUG   SenderThread:27550 [sender.py:send_request():193] send_request: poll_exit
2021-09-18 16:35:53,192 DEBUG   HandlerThread:27550 [handler.py:handle_request():124] handle_request: poll_exit
2021-09-18 16:35:53,192 DEBUG   SenderThread:27550 [sender.py:send_request():193] send_request: poll_exit
2021-09-18 16:35:53,294 DEBUG   HandlerThread:27550 [handler.py:handle_request():124] handle_request: poll_exit
2021-09-18 16:35:53,294 DEBUG   SenderThread:27550 [sender.py:send_request():193] send_request: poll_exit
2021-09-18 16:35:53,399 DEBUG   HandlerThread:27550 [handler.py:handle_request():124] handle_request: poll_exit
2021-09-18 16:35:53,399 DEBUG   SenderThread:27550 [sender.py:send_request():193] send_request: poll_exit
2021-09-18 16:35:53,456 ERROR   Thread-13 :27550 [internal_api.py:execute():130] 429 response executing GraphQL.
2021-09-18 16:35:53,456 ERROR   Thread-13 :27550 [internal_api.py:execute():131] {"error":"rate limit exceeded"}

2021-09-18 16:35:53,504 DEBUG   HandlerThread:27550 [handler.py:handle_request():124] handle_request: poll_exit
2021-09-18 16:35:53,504 DEBUG   SenderThread:27550 [sender.py:send_request():193] send_request: poll_exit
2021-09-18 16:35:53,606 DEBUG   HandlerThread:27550 [handler.py:handle_request():124] handle_request: poll_exit
2021-09-18 16:35:53,607 DEBUG   SenderThread:27550 [sender.py:send_request():193] send_request: poll_exit
2021-09-18 16:35:53,712 DEBUG   HandlerThread:27550 [handler.py:handle_request():124] handle_request: poll_exit
2021-09-18 16:35:53,712 DEBUG   SenderThread:27550 [sender.py:send_request():193] send_request: poll_exit
2021-09-18 16:35:53,819 DEBUG   HandlerThread:27550 [handler.py:handle_request():124] handle_request: poll_exit
2021-09-18 16:35:53,819 DEBUG   SenderThread:27550 [sender.py:send_request():193] send_request: poll_exit
2021-09-18 16:35:53,851 ERROR   Thread-12 :27550 [internal_api.py:execute():130] 429 response executing GraphQL.
2021-09-18 16:35:53,852 ERROR   Thread-12 :27550 [internal_api.py:execute():131] {"error":"rate limit exceeded"}

2021-09-18 16:35:53,866 ERROR   Thread-14 :27550 [internal_api.py:execute():130] 429 response executing GraphQL.
2021-09-18 16:35:53,867 ERROR   Thread-14 :27550 [internal_api.py:execute():131] {"error":"rate limit exceeded"}

2021-09-18 16:35:53,921 DEBUG   HandlerThread:27550 [handler.py:handle_request():124] handle_request: poll_exit
2021-09-18 16:35:53,921 DEBUG   SenderThread:27550 [sender.py:send_request():193] send_request: poll_exit
2021-09-18 16:35:54,022 DEBUG   HandlerThread:27550 [handler.py:handle_request():124] handle_request: poll_exit
2021-09-18 16:35:54,023 DEBUG   SenderThread:27550 [sender.py:send_request():193] send_request: poll_exit
2021-09-18 16:35:54,124 DEBUG   HandlerThread:27550 [handler.py:handle_request():124] handle_request: poll_exit
2021-09-18 16:35:54,125 DEBUG   SenderThread:27550 [sender.py:send_request():193] send_request: poll_exit
2021-09-18 16:35:54,226 DEBUG   HandlerThread:27550 [handler.py:handle_request():124] handle_request: poll_exit
2021-09-18 16:35:54,227 DEBUG   SenderThread:27550 [sender.py:send_request():193] send_request: poll_exit
2021-09-18 16:35:54,328 DEBUG   HandlerThread:27550 [handler.py:handle_request():124] handle_request: poll_exit
2021-09-18 16:35:54,329 DEBUG   SenderThread:27550 [sender.py:send_request():193] send_request: poll_exit
2021-09-18 16:35:54,430 DEBUG   HandlerThread:27550 [handler.py:handle_request():124] handle_request: poll_exit
2021-09-18 16:35:54,430 DEBUG   SenderThread:27550 [sender.py:send_request():193] send_request: poll_exit
2021-09-18 16:35:54,532 DEBUG   HandlerThread:27550 [handler.py:handle_request():124] handle_request: poll_exit
2021-09-18 16:35:54,532 DEBUG   SenderThread:27550 [sender.py:send_request():193] send_request: poll_exit
2021-09-18 16:35:54,634 DEBUG   HandlerThread:27550 [handler.py:handle_request():124] handle_request: poll_exit
2021-09-18 16:35:54,634 DEBUG   SenderThread:27550 [sender.py:send_request():193] send_request: poll_exit
2021-09-18 16:35:54,736 DEBUG   HandlerThread:27550 [handler.py:handle_request():124] handle_request: poll_exit
2021-09-18 16:35:54,736 DEBUG   SenderThread:27550 [sender.py:send_request():193] send_request: poll_exit
2021-09-18 16:35:54,838 DEBUG   HandlerThread:27550 [handler.py:handle_request():124] handle_request: poll_exit
2021-09-18 16:35:54,838 DEBUG   SenderThread:27550 [sender.py:send_request():193] send_request: poll_exit
2021-09-18 16:35:54,940 DEBUG   HandlerThread:27550 [handler.py:handle_request():124] handle_request: poll_exit
2021-09-18 16:35:54,940 DEBUG   SenderThread:27550 [sender.py:send_request():193] send_request: poll_exit
2021-09-18 16:35:55,042 DEBUG   HandlerThread:27550 [handler.py:handle_request():124] handle_request: poll_exit
2021-09-18 16:35:55,042 DEBUG   SenderThread:27550 [sender.py:send_request():193] send_request: poll_exit
2021-09-18 16:35:55,144 DEBUG   HandlerThread:27550 [handler.py:handle_request():124] handle_request: poll_exit
2021-09-18 16:35:55,144 DEBUG   SenderThread:27550 [sender.py:send_request():193] send_request: poll_exit
2021-09-18 16:35:55,246 DEBUG   HandlerThread:27550 [handler.py:handle_request():124] handle_request: poll_exit
2021-09-18 16:35:55,246 DEBUG   SenderThread:27550 [sender.py:send_request():193] send_request: poll_exit
2021-09-18 16:35:55,348 DEBUG   HandlerThread:27550 [handler.py:handle_request():124] handle_request: poll_exit
2021-09-18 16:35:55,348 DEBUG   SenderThread:27550 [sender.py:send_request():193] send_request: poll_exit
2021-09-18 16:35:55,450 DEBUG   HandlerThread:27550 [handler.py:handle_request():124] handle_request: poll_exit
2021-09-18 16:35:55,450 DEBUG   SenderThread:27550 [sender.py:send_request():193] send_request: poll_exit
2021-09-18 16:35:55,552 DEBUG   HandlerThread:27550 [handler.py:handle_request():124] handle_request: poll_exit
2021-09-18 16:35:55,552 DEBUG   SenderThread:27550 [sender.py:send_request():193] send_request: poll_exit
2021-09-18 16:35:55,654 DEBUG   HandlerThread:27550 [handler.py:handle_request():124] handle_request: poll_exit
2021-09-18 16:35:55,654 DEBUG   SenderThread:27550 [sender.py:send_request():193] send_request: poll_exit
2021-09-18 16:35:55,756 DEBUG   HandlerThread:27550 [handler.py:handle_request():124] handle_request: poll_exit
2021-09-18 16:35:55,756 DEBUG   SenderThread:27550 [sender.py:send_request():193] send_request: poll_exit
2021-09-18 16:35:55,858 DEBUG   HandlerThread:27550 [handler.py:handle_request():124] handle_request: poll_exit
2021-09-18 16:35:55,858 DEBUG   SenderThread:27550 [sender.py:send_request():193] send_request: poll_exit
2021-09-18 16:35:55,960 DEBUG   HandlerThread:27550 [handler.py:handle_request():124] handle_request: poll_exit
2021-09-18 16:35:55,960 DEBUG   SenderThread:27550 [sender.py:send_request():193] send_request: poll_exit
2021-09-18 16:35:56,062 DEBUG   HandlerThread:27550 [handler.py:handle_request():124] handle_request: poll_exit
2021-09-18 16:35:56,062 DEBUG   SenderThread:27550 [sender.py:send_request():193] send_request: poll_exit
2021-09-18 16:35:56,164 DEBUG   HandlerThread:27550 [handler.py:handle_request():124] handle_request: poll_exit
2021-09-18 16:35:56,164 DEBUG   SenderThread:27550 [sender.py:send_request():193] send_request: poll_exit
2021-09-18 16:35:56,266 DEBUG   HandlerThread:27550 [handler.py:handle_request():124] handle_request: poll_exit
2021-09-18 16:35:56,267 DEBUG   SenderThread:27550 [sender.py:send_request():193] send_request: poll_exit
2021-09-18 16:35:56,369 DEBUG   HandlerThread:27550 [handler.py:handle_request():124] handle_request: poll_exit
2021-09-18 16:35:56,369 DEBUG   SenderThread:27550 [sender.py:send_request():193] send_request: poll_exit
2021-09-18 16:35:56,471 DEBUG   HandlerThread:27550 [handler.py:handle_request():124] handle_request: poll_exit
2021-09-18 16:35:56,471 DEBUG   SenderThread:27550 [sender.py:send_request():193] send_request: poll_exit
2021-09-18 16:35:56,573 DEBUG   HandlerThread:27550 [handler.py:handle_request():124] handle_request: poll_exit
2021-09-18 16:35:56,573 DEBUG   SenderThread:27550 [sender.py:send_request():193] send_request: poll_exit
2021-09-18 16:35:56,674 DEBUG   HandlerThread:27550 [handler.py:handle_request():124] handle_request: poll_exit
2021-09-18 16:35:56,675 DEBUG   SenderThread:27550 [sender.py:send_request():193] send_request: poll_exit
2021-09-18 16:35:56,776 DEBUG   HandlerThread:27550 [handler.py:handle_request():124] handle_request: poll_exit
2021-09-18 16:35:56,776 DEBUG   SenderThread:27550 [sender.py:send_request():193] send_request: poll_exit
2021-09-18 16:35:56,878 DEBUG   HandlerThread:27550 [handler.py:handle_request():124] handle_request: poll_exit
2021-09-18 16:35:56,878 DEBUG   SenderThread:27550 [sender.py:send_request():193] send_request: poll_exit
2021-09-18 16:35:56,980 DEBUG   HandlerThread:27550 [handler.py:handle_request():124] handle_request: poll_exit
2021-09-18 16:35:56,980 DEBUG   SenderThread:27550 [sender.py:send_request():193] send_request: poll_exit
2021-09-18 16:35:57,081 DEBUG   HandlerThread:27550 [handler.py:handle_request():124] handle_request: poll_exit
2021-09-18 16:35:57,082 DEBUG   SenderThread:27550 [sender.py:send_request():193] send_request: poll_exit
2021-09-18 16:35:57,183 DEBUG   HandlerThread:27550 [handler.py:handle_request():124] handle_request: poll_exit
2021-09-18 16:35:57,184 DEBUG   SenderThread:27550 [sender.py:send_request():193] send_request: poll_exit
2021-09-18 16:35:57,285 DEBUG   HandlerThread:27550 [handler.py:handle_request():124] handle_request: poll_exit
2021-09-18 16:35:57,286 DEBUG   SenderThread:27550 [sender.py:send_request():193] send_request: poll_exit
2021-09-18 16:35:57,387 DEBUG   HandlerThread:27550 [handler.py:handle_request():124] handle_request: poll_exit
2021-09-18 16:35:57,388 DEBUG   SenderThread:27550 [sender.py:send_request():193] send_request: poll_exit
2021-09-18 16:35:57,489 DEBUG   HandlerThread:27550 [handler.py:handle_request():124] handle_request: poll_exit
2021-09-18 16:35:57,490 DEBUG   SenderThread:27550 [sender.py:send_request():193] send_request: poll_exit
2021-09-18 16:35:57,592 DEBUG   HandlerThread:27550 [handler.py:handle_request():124] handle_request: poll_exit
2021-09-18 16:35:57,592 DEBUG   SenderThread:27550 [sender.py:send_request():193] send_request: poll_exit
2021-09-18 16:35:57,694 DEBUG   HandlerThread:27550 [handler.py:handle_request():124] handle_request: poll_exit
2021-09-18 16:35:57,694 DEBUG   SenderThread:27550 [sender.py:send_request():193] send_request: poll_exit
2021-09-18 16:35:57,796 DEBUG   HandlerThread:27550 [handler.py:handle_request():124] handle_request: poll_exit
2021-09-18 16:35:57,796 DEBUG   SenderThread:27550 [sender.py:send_request():193] send_request: poll_exit
2021-09-18 16:35:57,800 ERROR   Thread-13 :27550 [internal_api.py:execute():130] 429 response executing GraphQL.
2021-09-18 16:35:57,800 ERROR   Thread-13 :27550 [internal_api.py:execute():131] {"error":"rate limit exceeded"}

2021-09-18 16:35:57,898 DEBUG   HandlerThread:27550 [handler.py:handle_request():124] handle_request: poll_exit
2021-09-18 16:35:57,898 DEBUG   SenderThread:27550 [sender.py:send_request():193] send_request: poll_exit
2021-09-18 16:35:58,000 DEBUG   HandlerThread:27550 [handler.py:handle_request():124] handle_request: poll_exit
2021-09-18 16:35:58,000 DEBUG   SenderThread:27550 [sender.py:send_request():193] send_request: poll_exit
2021-09-18 16:35:58,102 DEBUG   HandlerThread:27550 [handler.py:handle_request():124] handle_request: poll_exit
2021-09-18 16:35:58,102 DEBUG   SenderThread:27550 [sender.py:send_request():193] send_request: poll_exit
2021-09-18 16:35:58,204 DEBUG   HandlerThread:27550 [handler.py:handle_request():124] handle_request: poll_exit
2021-09-18 16:35:58,204 DEBUG   SenderThread:27550 [sender.py:send_request():193] send_request: poll_exit
2021-09-18 16:35:58,306 DEBUG   HandlerThread:27550 [handler.py:handle_request():124] handle_request: poll_exit
2021-09-18 16:35:58,306 DEBUG   SenderThread:27550 [sender.py:send_request():193] send_request: poll_exit
2021-09-18 16:35:58,408 DEBUG   HandlerThread:27550 [handler.py:handle_request():124] handle_request: poll_exit
2021-09-18 16:35:58,408 DEBUG   SenderThread:27550 [sender.py:send_request():193] send_request: poll_exit
2021-09-18 16:35:58,446 ERROR   Thread-12 :27550 [internal_api.py:execute():130] 429 response executing GraphQL.
2021-09-18 16:35:58,446 ERROR   Thread-12 :27550 [internal_api.py:execute():131] {"error":"rate limit exceeded"}

2021-09-18 16:35:58,510 DEBUG   HandlerThread:27550 [handler.py:handle_request():124] handle_request: poll_exit
2021-09-18 16:35:58,510 DEBUG   SenderThread:27550 [sender.py:send_request():193] send_request: poll_exit
2021-09-18 16:35:58,612 DEBUG   HandlerThread:27550 [handler.py:handle_request():124] handle_request: poll_exit
2021-09-18 16:35:58,612 DEBUG   SenderThread:27550 [sender.py:send_request():193] send_request: poll_exit
2021-09-18 16:35:58,714 DEBUG   HandlerThread:27550 [handler.py:handle_request():124] handle_request: poll_exit
2021-09-18 16:35:58,714 DEBUG   SenderThread:27550 [sender.py:send_request():193] send_request: poll_exit
2021-09-18 16:35:58,731 ERROR   Thread-14 :27550 [internal_api.py:execute():130] 429 response executing GraphQL.
2021-09-18 16:35:58,732 ERROR   Thread-14 :27550 [internal_api.py:execute():131] {"error":"rate limit exceeded"}

2021-09-18 16:35:58,815 DEBUG   HandlerThread:27550 [handler.py:handle_request():124] handle_request: poll_exit
2021-09-18 16:35:58,816 DEBUG   SenderThread:27550 [sender.py:send_request():193] send_request: poll_exit
2021-09-18 16:35:58,917 DEBUG   HandlerThread:27550 [handler.py:handle_request():124] handle_request: poll_exit
2021-09-18 16:35:58,918 DEBUG   SenderThread:27550 [sender.py:send_request():193] send_request: poll_exit
2021-09-18 16:35:59,019 DEBUG   HandlerThread:27550 [handler.py:handle_request():124] handle_request: poll_exit
2021-09-18 16:35:59,020 DEBUG   SenderThread:27550 [sender.py:send_request():193] send_request: poll_exit
2021-09-18 16:35:59,121 DEBUG   HandlerThread:27550 [handler.py:handle_request():124] handle_request: poll_exit
2021-09-18 16:35:59,122 DEBUG   SenderThread:27550 [sender.py:send_request():193] send_request: poll_exit
2021-09-18 16:35:59,223 DEBUG   HandlerThread:27550 [handler.py:handle_request():124] handle_request: poll_exit
2021-09-18 16:35:59,224 DEBUG   SenderThread:27550 [sender.py:send_request():193] send_request: poll_exit
2021-09-18 16:35:59,325 DEBUG   HandlerThread:27550 [handler.py:handle_request():124] handle_request: poll_exit
2021-09-18 16:35:59,326 DEBUG   SenderThread:27550 [sender.py:send_request():193] send_request: poll_exit
2021-09-18 16:35:59,427 DEBUG   HandlerThread:27550 [handler.py:handle_request():124] handle_request: poll_exit
2021-09-18 16:35:59,428 DEBUG   SenderThread:27550 [sender.py:send_request():193] send_request: poll_exit
2021-09-18 16:35:59,529 DEBUG   HandlerThread:27550 [handler.py:handle_request():124] handle_request: poll_exit
2021-09-18 16:35:59,530 DEBUG   SenderThread:27550 [sender.py:send_request():193] send_request: poll_exit
2021-09-18 16:35:59,631 DEBUG   HandlerThread:27550 [handler.py:handle_request():124] handle_request: poll_exit
2021-09-18 16:35:59,632 DEBUG   SenderThread:27550 [sender.py:send_request():193] send_request: poll_exit
2021-09-18 16:35:59,733 DEBUG   HandlerThread:27550 [handler.py:handle_request():124] handle_request: poll_exit
2021-09-18 16:35:59,734 DEBUG   SenderThread:27550 [sender.py:send_request():193] send_request: poll_exit
2021-09-18 16:35:59,835 DEBUG   HandlerThread:27550 [handler.py:handle_request():124] handle_request: poll_exit
2021-09-18 16:35:59,836 DEBUG   SenderThread:27550 [sender.py:send_request():193] send_request: poll_exit
2021-09-18 16:35:59,937 DEBUG   HandlerThread:27550 [handler.py:handle_request():124] handle_request: poll_exit
2021-09-18 16:35:59,938 DEBUG   SenderThread:27550 [sender.py:send_request():193] send_request: poll_exit
2021-09-18 16:36:00,039 DEBUG   HandlerThread:27550 [handler.py:handle_request():124] handle_request: poll_exit
2021-09-18 16:36:00,040 DEBUG   SenderThread:27550 [sender.py:send_request():193] send_request: poll_exit
2021-09-18 16:36:00,141 DEBUG   HandlerThread:27550 [handler.py:handle_request():124] handle_request: poll_exit
2021-09-18 16:36:00,142 DEBUG   SenderThread:27550 [sender.py:send_request():193] send_request: poll_exit
2021-09-18 16:36:00,247 DEBUG   HandlerThread:27550 [handler.py:handle_request():124] handle_request: poll_exit
2021-09-18 16:36:00,247 DEBUG   SenderThread:27550 [sender.py:send_request():193] send_request: poll_exit
2021-09-18 16:36:00,349 DEBUG   HandlerThread:27550 [handler.py:handle_request():124] handle_request: poll_exit
2021-09-18 16:36:00,350 DEBUG   SenderThread:27550 [sender.py:send_request():193] send_request: poll_exit
2021-09-18 16:36:00,451 DEBUG   HandlerThread:27550 [handler.py:handle_request():124] handle_request: poll_exit
2021-09-18 16:36:00,451 DEBUG   SenderThread:27550 [sender.py:send_request():193] send_request: poll_exit
2021-09-18 16:36:00,553 DEBUG   HandlerThread:27550 [handler.py:handle_request():124] handle_request: poll_exit
2021-09-18 16:36:00,553 DEBUG   SenderThread:27550 [sender.py:send_request():193] send_request: poll_exit
2021-09-18 16:36:00,655 DEBUG   HandlerThread:27550 [handler.py:handle_request():124] handle_request: poll_exit
2021-09-18 16:36:00,655 DEBUG   SenderThread:27550 [sender.py:send_request():193] send_request: poll_exit
2021-09-18 16:36:00,757 DEBUG   HandlerThread:27550 [handler.py:handle_request():124] handle_request: poll_exit
2021-09-18 16:36:00,757 DEBUG   SenderThread:27550 [sender.py:send_request():193] send_request: poll_exit
2021-09-18 16:36:00,859 DEBUG   HandlerThread:27550 [handler.py:handle_request():124] handle_request: poll_exit
2021-09-18 16:36:00,860 DEBUG   SenderThread:27550 [sender.py:send_request():193] send_request: poll_exit
2021-09-18 16:36:00,961 DEBUG   HandlerThread:27550 [handler.py:handle_request():124] handle_request: poll_exit
2021-09-18 16:36:00,962 DEBUG   SenderThread:27550 [sender.py:send_request():193] send_request: poll_exit
2021-09-18 16:36:01,064 DEBUG   HandlerThread:27550 [handler.py:handle_request():124] handle_request: poll_exit
2021-09-18 16:36:01,064 DEBUG   SenderThread:27550 [sender.py:send_request():193] send_request: poll_exit
2021-09-18 16:36:01,166 DEBUG   HandlerThread:27550 [handler.py:handle_request():124] handle_request: poll_exit
2021-09-18 16:36:01,166 DEBUG   SenderThread:27550 [sender.py:send_request():193] send_request: poll_exit
2021-09-18 16:36:01,268 DEBUG   HandlerThread:27550 [handler.py:handle_request():124] handle_request: poll_exit
2021-09-18 16:36:01,268 DEBUG   SenderThread:27550 [sender.py:send_request():193] send_request: poll_exit
2021-09-18 16:36:01,370 DEBUG   HandlerThread:27550 [handler.py:handle_request():124] handle_request: poll_exit
2021-09-18 16:36:01,370 DEBUG   SenderThread:27550 [sender.py:send_request():193] send_request: poll_exit
2021-09-18 16:36:01,472 DEBUG   HandlerThread:27550 [handler.py:handle_request():124] handle_request: poll_exit
2021-09-18 16:36:01,472 DEBUG   SenderThread:27550 [sender.py:send_request():193] send_request: poll_exit
2021-09-18 16:36:01,574 DEBUG   HandlerThread:27550 [handler.py:handle_request():124] handle_request: poll_exit
2021-09-18 16:36:01,574 DEBUG   SenderThread:27550 [sender.py:send_request():193] send_request: poll_exit
2021-09-18 16:36:01,676 DEBUG   HandlerThread:27550 [handler.py:handle_request():124] handle_request: poll_exit
2021-09-18 16:36:01,676 DEBUG   SenderThread:27550 [sender.py:send_request():193] send_request: poll_exit
2021-09-18 16:36:01,778 DEBUG   HandlerThread:27550 [handler.py:handle_request():124] handle_request: poll_exit
2021-09-18 16:36:01,778 DEBUG   SenderThread:27550 [sender.py:send_request():193] send_request: poll_exit
2021-09-18 16:36:01,880 DEBUG   HandlerThread:27550 [handler.py:handle_request():124] handle_request: poll_exit
2021-09-18 16:36:01,881 DEBUG   SenderThread:27550 [sender.py:send_request():193] send_request: poll_exit
2021-09-18 16:36:01,983 DEBUG   HandlerThread:27550 [handler.py:handle_request():124] handle_request: poll_exit
2021-09-18 16:36:01,983 DEBUG   SenderThread:27550 [sender.py:send_request():193] send_request: poll_exit
2021-09-18 16:36:02,085 DEBUG   HandlerThread:27550 [handler.py:handle_request():124] handle_request: poll_exit
2021-09-18 16:36:02,085 DEBUG   SenderThread:27550 [sender.py:send_request():193] send_request: poll_exit
2021-09-18 16:36:02,187 DEBUG   HandlerThread:27550 [handler.py:handle_request():124] handle_request: poll_exit
2021-09-18 16:36:02,187 DEBUG   SenderThread:27550 [sender.py:send_request():193] send_request: poll_exit
2021-09-18 16:36:02,289 DEBUG   HandlerThread:27550 [handler.py:handle_request():124] handle_request: poll_exit
2021-09-18 16:36:02,289 DEBUG   SenderThread:27550 [sender.py:send_request():193] send_request: poll_exit
2021-09-18 16:36:02,390 DEBUG   HandlerThread:27550 [handler.py:handle_request():124] handle_request: poll_exit
2021-09-18 16:36:02,391 DEBUG   SenderThread:27550 [sender.py:send_request():193] send_request: poll_exit
2021-09-18 16:36:02,492 DEBUG   HandlerThread:27550 [handler.py:handle_request():124] handle_request: poll_exit
2021-09-18 16:36:02,493 DEBUG   SenderThread:27550 [sender.py:send_request():193] send_request: poll_exit
2021-09-18 16:36:02,595 DEBUG   HandlerThread:27550 [handler.py:handle_request():124] handle_request: poll_exit
2021-09-18 16:36:02,595 DEBUG   SenderThread:27550 [sender.py:send_request():193] send_request: poll_exit
2021-09-18 16:36:02,697 DEBUG   HandlerThread:27550 [handler.py:handle_request():124] handle_request: poll_exit
2021-09-18 16:36:02,697 DEBUG   SenderThread:27550 [sender.py:send_request():193] send_request: poll_exit
2021-09-18 16:36:02,799 DEBUG   HandlerThread:27550 [handler.py:handle_request():124] handle_request: poll_exit
2021-09-18 16:36:02,799 DEBUG   SenderThread:27550 [sender.py:send_request():193] send_request: poll_exit
2021-09-18 16:36:02,901 DEBUG   HandlerThread:27550 [handler.py:handle_request():124] handle_request: poll_exit
2021-09-18 16:36:02,901 DEBUG   SenderThread:27550 [sender.py:send_request():193] send_request: poll_exit
2021-09-18 16:36:03,003 DEBUG   HandlerThread:27550 [handler.py:handle_request():124] handle_request: poll_exit
2021-09-18 16:36:03,003 DEBUG   SenderThread:27550 [sender.py:send_request():193] send_request: poll_exit
2021-09-18 16:36:03,105 DEBUG   HandlerThread:27550 [handler.py:handle_request():124] handle_request: poll_exit
2021-09-18 16:36:03,105 DEBUG   SenderThread:27550 [sender.py:send_request():193] send_request: poll_exit
2021-09-18 16:36:03,207 DEBUG   HandlerThread:27550 [handler.py:handle_request():124] handle_request: poll_exit
2021-09-18 16:36:03,207 DEBUG   SenderThread:27550 [sender.py:send_request():193] send_request: poll_exit
2021-09-18 16:36:03,309 DEBUG   HandlerThread:27550 [handler.py:handle_request():124] handle_request: poll_exit
2021-09-18 16:36:03,309 DEBUG   SenderThread:27550 [sender.py:send_request():193] send_request: poll_exit
2021-09-18 16:36:03,411 DEBUG   HandlerThread:27550 [handler.py:handle_request():124] handle_request: poll_exit
2021-09-18 16:36:03,411 DEBUG   SenderThread:27550 [sender.py:send_request():193] send_request: poll_exit
2021-09-18 16:36:03,513 DEBUG   HandlerThread:27550 [handler.py:handle_request():124] handle_request: poll_exit
2021-09-18 16:36:03,513 DEBUG   SenderThread:27550 [sender.py:send_request():193] send_request: poll_exit
2021-09-18 16:36:03,615 DEBUG   HandlerThread:27550 [handler.py:handle_request():124] handle_request: poll_exit
2021-09-18 16:36:03,615 DEBUG   SenderThread:27550 [sender.py:send_request():193] send_request: poll_exit
2021-09-18 16:36:03,717 DEBUG   HandlerThread:27550 [handler.py:handle_request():124] handle_request: poll_exit
2021-09-18 16:36:03,717 DEBUG   SenderThread:27550 [sender.py:send_request():193] send_request: poll_exit
2021-09-18 16:36:03,819 DEBUG   HandlerThread:27550 [handler.py:handle_request():124] handle_request: poll_exit
2021-09-18 16:36:03,819 DEBUG   SenderThread:27550 [sender.py:send_request():193] send_request: poll_exit
2021-09-18 16:36:03,921 DEBUG   HandlerThread:27550 [handler.py:handle_request():124] handle_request: poll_exit
2021-09-18 16:36:03,921 DEBUG   SenderThread:27550 [sender.py:send_request():193] send_request: poll_exit
2021-09-18 16:36:04,023 DEBUG   HandlerThread:27550 [handler.py:handle_request():124] handle_request: poll_exit
2021-09-18 16:36:04,023 DEBUG   SenderThread:27550 [sender.py:send_request():193] send_request: poll_exit
2021-09-18 16:36:04,125 DEBUG   HandlerThread:27550 [handler.py:handle_request():124] handle_request: poll_exit
2021-09-18 16:36:04,125 DEBUG   SenderThread:27550 [sender.py:send_request():193] send_request: poll_exit
2021-09-18 16:36:04,227 DEBUG   HandlerThread:27550 [handler.py:handle_request():124] handle_request: poll_exit
2021-09-18 16:36:04,227 DEBUG   SenderThread:27550 [sender.py:send_request():193] send_request: poll_exit
2021-09-18 16:36:04,329 DEBUG   HandlerThread:27550 [handler.py:handle_request():124] handle_request: poll_exit
2021-09-18 16:36:04,329 DEBUG   SenderThread:27550 [sender.py:send_request():193] send_request: poll_exit
2021-09-18 16:36:04,431 DEBUG   HandlerThread:27550 [handler.py:handle_request():124] handle_request: poll_exit
2021-09-18 16:36:04,431 DEBUG   SenderThread:27550 [sender.py:send_request():193] send_request: poll_exit
2021-09-18 16:36:04,535 DEBUG   HandlerThread:27550 [handler.py:handle_request():124] handle_request: poll_exit
2021-09-18 16:36:04,536 DEBUG   SenderThread:27550 [sender.py:send_request():193] send_request: poll_exit
2021-09-18 16:36:04,641 DEBUG   HandlerThread:27550 [handler.py:handle_request():124] handle_request: poll_exit
2021-09-18 16:36:04,641 DEBUG   SenderThread:27550 [sender.py:send_request():193] send_request: poll_exit
2021-09-18 16:36:04,742 DEBUG   HandlerThread:27550 [handler.py:handle_request():124] handle_request: poll_exit
2021-09-18 16:36:04,743 DEBUG   SenderThread:27550 [sender.py:send_request():193] send_request: poll_exit
2021-09-18 16:36:04,844 DEBUG   HandlerThread:27550 [handler.py:handle_request():124] handle_request: poll_exit
2021-09-18 16:36:04,845 DEBUG   SenderThread:27550 [sender.py:send_request():193] send_request: poll_exit
2021-09-18 16:36:04,946 DEBUG   HandlerThread:27550 [handler.py:handle_request():124] handle_request: poll_exit
2021-09-18 16:36:04,947 DEBUG   SenderThread:27550 [sender.py:send_request():193] send_request: poll_exit
2021-09-18 16:36:05,048 DEBUG   HandlerThread:27550 [handler.py:handle_request():124] handle_request: poll_exit
2021-09-18 16:36:05,049 DEBUG   SenderThread:27550 [sender.py:send_request():193] send_request: poll_exit
2021-09-18 16:36:05,151 DEBUG   HandlerThread:27550 [handler.py:handle_request():124] handle_request: poll_exit
2021-09-18 16:36:05,151 DEBUG   SenderThread:27550 [sender.py:send_request():193] send_request: poll_exit
2021-09-18 16:36:05,253 DEBUG   HandlerThread:27550 [handler.py:handle_request():124] handle_request: poll_exit
2021-09-18 16:36:05,253 DEBUG   SenderThread:27550 [sender.py:send_request():193] send_request: poll_exit
2021-09-18 16:36:05,355 DEBUG   HandlerThread:27550 [handler.py:handle_request():124] handle_request: poll_exit
2021-09-18 16:36:05,355 DEBUG   SenderThread:27550 [sender.py:send_request():193] send_request: poll_exit
2021-09-18 16:36:05,460 DEBUG   HandlerThread:27550 [handler.py:handle_request():124] handle_request: poll_exit
2021-09-18 16:36:05,460 DEBUG   SenderThread:27550 [sender.py:send_request():193] send_request: poll_exit
2021-09-18 16:36:05,565 DEBUG   HandlerThread:27550 [handler.py:handle_request():124] handle_request: poll_exit
2021-09-18 16:36:05,565 DEBUG   SenderThread:27550 [sender.py:send_request():193] send_request: poll_exit
2021-09-18 16:36:05,671 DEBUG   HandlerThread:27550 [handler.py:handle_request():124] handle_request: poll_exit
2021-09-18 16:36:05,671 DEBUG   SenderThread:27550 [sender.py:send_request():193] send_request: poll_exit
2021-09-18 16:36:05,776 DEBUG   HandlerThread:27550 [handler.py:handle_request():124] handle_request: poll_exit
2021-09-18 16:36:05,777 DEBUG   SenderThread:27550 [sender.py:send_request():193] send_request: poll_exit
2021-09-18 16:36:05,881 DEBUG   HandlerThread:27550 [handler.py:handle_request():124] handle_request: poll_exit
2021-09-18 16:36:05,882 DEBUG   SenderThread:27550 [sender.py:send_request():193] send_request: poll_exit
2021-09-18 16:36:05,988 DEBUG   HandlerThread:27550 [handler.py:handle_request():124] handle_request: poll_exit
2021-09-18 16:36:05,988 DEBUG   SenderThread:27550 [sender.py:send_request():193] send_request: poll_exit
2021-09-18 16:36:06,093 DEBUG   HandlerThread:27550 [handler.py:handle_request():124] handle_request: poll_exit
2021-09-18 16:36:06,093 DEBUG   SenderThread:27550 [sender.py:send_request():193] send_request: poll_exit
2021-09-18 16:36:06,182 INFO    Thread-13 :27550 [upload_job.py:push():137] Uploaded file /grid/koo/home/toneyan/profile/QuantPred/wandb/run-20210918_163506-3zaeomt2/files/requirements.txt
2021-09-18 16:36:06,197 DEBUG   HandlerThread:27550 [handler.py:handle_request():124] handle_request: poll_exit
2021-09-18 16:36:06,198 DEBUG   SenderThread:27550 [sender.py:send_request():193] send_request: poll_exit
2021-09-18 16:36:06,299 DEBUG   HandlerThread:27550 [handler.py:handle_request():124] handle_request: poll_exit
2021-09-18 16:36:06,300 DEBUG   SenderThread:27550 [sender.py:send_request():193] send_request: poll_exit
2021-09-18 16:36:06,401 DEBUG   HandlerThread:27550 [handler.py:handle_request():124] handle_request: poll_exit
2021-09-18 16:36:06,402 DEBUG   SenderThread:27550 [sender.py:send_request():193] send_request: poll_exit
2021-09-18 16:36:06,503 DEBUG   HandlerThread:27550 [handler.py:handle_request():124] handle_request: poll_exit
2021-09-18 16:36:06,504 DEBUG   SenderThread:27550 [sender.py:send_request():193] send_request: poll_exit
2021-09-18 16:36:06,605 DEBUG   HandlerThread:27550 [handler.py:handle_request():124] handle_request: poll_exit
2021-09-18 16:36:06,606 DEBUG   SenderThread:27550 [sender.py:send_request():193] send_request: poll_exit
2021-09-18 16:36:06,707 DEBUG   HandlerThread:27550 [handler.py:handle_request():124] handle_request: poll_exit
2021-09-18 16:36:06,708 DEBUG   SenderThread:27550 [sender.py:send_request():193] send_request: poll_exit
2021-09-18 16:36:06,809 DEBUG   HandlerThread:27550 [handler.py:handle_request():124] handle_request: poll_exit
2021-09-18 16:36:06,810 DEBUG   SenderThread:27550 [sender.py:send_request():193] send_request: poll_exit
2021-09-18 16:36:06,911 DEBUG   HandlerThread:27550 [handler.py:handle_request():124] handle_request: poll_exit
2021-09-18 16:36:06,912 DEBUG   SenderThread:27550 [sender.py:send_request():193] send_request: poll_exit
2021-09-18 16:36:07,013 DEBUG   HandlerThread:27550 [handler.py:handle_request():124] handle_request: poll_exit
2021-09-18 16:36:07,014 DEBUG   SenderThread:27550 [sender.py:send_request():193] send_request: poll_exit
2021-09-18 16:36:07,115 DEBUG   HandlerThread:27550 [handler.py:handle_request():124] handle_request: poll_exit
2021-09-18 16:36:07,116 DEBUG   SenderThread:27550 [sender.py:send_request():193] send_request: poll_exit
2021-09-18 16:36:07,217 DEBUG   HandlerThread:27550 [handler.py:handle_request():124] handle_request: poll_exit
2021-09-18 16:36:07,218 DEBUG   SenderThread:27550 [sender.py:send_request():193] send_request: poll_exit
2021-09-18 16:36:07,319 DEBUG   HandlerThread:27550 [handler.py:handle_request():124] handle_request: poll_exit
2021-09-18 16:36:07,320 DEBUG   SenderThread:27550 [sender.py:send_request():193] send_request: poll_exit
2021-09-18 16:36:07,421 DEBUG   HandlerThread:27550 [handler.py:handle_request():124] handle_request: poll_exit
2021-09-18 16:36:07,422 DEBUG   SenderThread:27550 [sender.py:send_request():193] send_request: poll_exit
2021-09-18 16:36:07,427 INFO    Thread-12 :27550 [upload_job.py:push():137] Uploaded file /grid/koo/home/toneyan/profile/QuantPred/wandb/run-20210918_163506-3zaeomt2/files/config.yaml
2021-09-18 16:36:07,526 DEBUG   HandlerThread:27550 [handler.py:handle_request():124] handle_request: poll_exit
2021-09-18 16:36:07,527 DEBUG   SenderThread:27550 [sender.py:send_request():193] send_request: poll_exit
2021-09-18 16:36:07,628 DEBUG   HandlerThread:27550 [handler.py:handle_request():124] handle_request: poll_exit
2021-09-18 16:36:07,629 DEBUG   SenderThread:27550 [sender.py:send_request():193] send_request: poll_exit
2021-09-18 16:36:07,730 DEBUG   HandlerThread:27550 [handler.py:handle_request():124] handle_request: poll_exit
2021-09-18 16:36:07,731 DEBUG   SenderThread:27550 [sender.py:send_request():193] send_request: poll_exit
2021-09-18 16:36:07,835 DEBUG   HandlerThread:27550 [handler.py:handle_request():124] handle_request: poll_exit
2021-09-18 16:36:07,835 DEBUG   SenderThread:27550 [sender.py:send_request():193] send_request: poll_exit
2021-09-18 16:36:07,938 DEBUG   HandlerThread:27550 [handler.py:handle_request():124] handle_request: poll_exit
2021-09-18 16:36:07,938 DEBUG   SenderThread:27550 [sender.py:send_request():193] send_request: poll_exit
2021-09-18 16:36:08,041 DEBUG   HandlerThread:27550 [handler.py:handle_request():124] handle_request: poll_exit
2021-09-18 16:36:08,041 DEBUG   SenderThread:27550 [sender.py:send_request():193] send_request: poll_exit
2021-09-18 16:36:08,143 DEBUG   HandlerThread:27550 [handler.py:handle_request():124] handle_request: poll_exit
2021-09-18 16:36:08,143 DEBUG   SenderThread:27550 [sender.py:send_request():193] send_request: poll_exit
2021-09-18 16:36:08,244 DEBUG   HandlerThread:27550 [handler.py:handle_request():124] handle_request: poll_exit
2021-09-18 16:36:08,245 DEBUG   SenderThread:27550 [sender.py:send_request():193] send_request: poll_exit
2021-09-18 16:36:08,346 DEBUG   HandlerThread:27550 [handler.py:handle_request():124] handle_request: poll_exit
2021-09-18 16:36:08,347 DEBUG   SenderThread:27550 [sender.py:send_request():193] send_request: poll_exit
2021-09-18 16:36:08,451 DEBUG   HandlerThread:27550 [handler.py:handle_request():124] handle_request: poll_exit
2021-09-18 16:36:08,451 DEBUG   SenderThread:27550 [sender.py:send_request():193] send_request: poll_exit
2021-09-18 16:36:08,544 INFO    Thread-14 :27550 [upload_job.py:push():137] Uploaded file /grid/koo/home/toneyan/profile/QuantPred/wandb/run-20210918_163506-3zaeomt2/files/wandb-summary.json
2021-09-18 16:36:08,553 DEBUG   HandlerThread:27550 [handler.py:handle_request():124] handle_request: poll_exit
2021-09-18 16:36:08,553 DEBUG   SenderThread:27550 [sender.py:send_request():193] send_request: poll_exit
2021-09-18 16:36:08,655 DEBUG   HandlerThread:27550 [handler.py:handle_request():124] handle_request: poll_exit
2021-09-18 16:36:08,655 DEBUG   SenderThread:27550 [sender.py:send_request():193] send_request: poll_exit
2021-09-18 16:36:08,745 INFO    Thread-7  :27550 [sender.py:transition_state():308] send defer: 7
2021-09-18 16:36:08,745 DEBUG   HandlerThread:27550 [handler.py:handle_request():124] handle_request: defer
2021-09-18 16:36:08,745 INFO    HandlerThread:27550 [handler.py:handle_request_defer():141] handle defer: 7
2021-09-18 16:36:08,745 DEBUG   SenderThread:27550 [sender.py:send_request():193] send_request: defer
2021-09-18 16:36:08,746 INFO    SenderThread:27550 [sender.py:send_request_defer():304] handle sender defer: 7
2021-09-18 16:36:08,761 DEBUG   HandlerThread:27550 [handler.py:handle_request():124] handle_request: poll_exit
2021-09-18 16:36:08,798 INFO    SenderThread:27550 [sender.py:transition_state():308] send defer: 8
2021-09-18 16:36:08,798 DEBUG   SenderThread:27550 [sender.py:send_request():193] send_request: poll_exit
2021-09-18 16:36:08,798 DEBUG   HandlerThread:27550 [handler.py:handle_request():124] handle_request: defer
2021-09-18 16:36:08,799 INFO    HandlerThread:27550 [handler.py:handle_request_defer():141] handle defer: 8
2021-09-18 16:36:08,799 DEBUG   SenderThread:27550 [sender.py:send_request():193] send_request: defer
2021-09-18 16:36:08,799 INFO    SenderThread:27550 [sender.py:send_request_defer():304] handle sender defer: 8
2021-09-18 16:36:08,799 INFO    SenderThread:27550 [sender.py:transition_state():308] send defer: 9
2021-09-18 16:36:08,799 DEBUG   SenderThread:27550 [sender.py:send():179] send: final
2021-09-18 16:36:08,799 DEBUG   HandlerThread:27550 [handler.py:handle_request():124] handle_request: defer
2021-09-18 16:36:08,799 DEBUG   SenderThread:27550 [sender.py:send():179] send: footer
2021-09-18 16:36:08,799 INFO    HandlerThread:27550 [handler.py:handle_request_defer():141] handle defer: 9
2021-09-18 16:36:08,800 DEBUG   SenderThread:27550 [sender.py:send_request():193] send_request: defer
2021-09-18 16:36:08,800 INFO    SenderThread:27550 [sender.py:send_request_defer():304] handle sender defer: 9
2021-09-18 16:36:08,900 DEBUG   HandlerThread:27550 [handler.py:handle_request():124] handle_request: poll_exit
2021-09-18 16:36:08,900 DEBUG   SenderThread:27550 [sender.py:send_request():193] send_request: poll_exit
2021-09-18 16:36:08,900 INFO    SenderThread:27550 [file_pusher.py:join():182] waiting for file pusher
2021-09-18 16:36:08,901 DEBUG   HandlerThread:27550 [handler.py:handle_request():124] handle_request: get_summary
2021-09-18 16:36:08,902 DEBUG   HandlerThread:27550 [handler.py:handle_request():124] handle_request: sampled_history
2021-09-18 16:36:08,902 DEBUG   HandlerThread:27550 [handler.py:handle_request():124] handle_request: shutdown
2021-09-18 16:36:08,902 INFO    HandlerThread:27550 [handler.py:finish():638] shutting down handler
2021-09-18 16:36:09,800 INFO    WriterThread:27550 [datastore.py:close():288] close: /grid/koo/home/toneyan/profile/QuantPred/wandb/run-20210918_163506-3zaeomt2/run-3zaeomt2.wandb
2021-09-18 16:36:09,901 INFO    SenderThread:27550 [sender.py:finish():945] shutting down sender
2021-09-18 16:36:09,901 INFO    SenderThread:27550 [file_pusher.py:finish():177] shutting down file pusher
2021-09-18 16:36:09,901 INFO    SenderThread:27550 [file_pusher.py:join():182] waiting for file pusher
2021-09-18 16:36:09,904 INFO    MainThread:27550 [internal.py:handle_exit():78] Internal process exited
