2021-09-18 12:44:33,961 INFO    MainThread:1629513 [internal.py:wandb_internal():91] W&B internal server running at pid: 1629513, started at: 2021-09-18 12:44:33.960521
2021-09-18 12:44:33,964 INFO    WriterThread:1629513 [datastore.py:open_for_write():80] open: /grid/koo/home/toneyan/profile/QuantPred/wandb/run-20210918_124433-x98nxwnz/run-x98nxwnz.wandb
2021-09-18 12:44:33,964 DEBUG   HandlerThread:1629513 [handler.py:handle_request():124] handle_request: check_version
2021-09-18 12:44:33,967 DEBUG   SenderThread:1629513 [sender.py:send():179] send: header
2021-09-18 12:44:33,967 DEBUG   SenderThread:1629513 [sender.py:send_request():193] send_request: check_version
2021-09-18 12:44:34,006 DEBUG   SenderThread:1629513 [sender.py:send():179] send: run
2021-09-18 12:44:34,108 INFO    SenderThread:1629513 [dir_watcher.py:__init__():168] watching files in: /grid/koo/home/toneyan/profile/QuantPred/wandb/run-20210918_124433-x98nxwnz/files
2021-09-18 12:44:34,109 DEBUG   HandlerThread:1629513 [handler.py:handle_request():124] handle_request: run_start
2021-09-18 12:44:34,109 INFO    SenderThread:1629513 [sender.py:_start_run_threads():719] run started: x98nxwnz with start time 1631983473
2021-09-18 12:44:34,110 DEBUG   SenderThread:1629513 [sender.py:send():179] send: summary
2021-09-18 12:44:34,112 INFO    SenderThread:1629513 [sender.py:_save_file():841] saving file wandb-summary.json with policy end
2021-09-18 12:44:35,114 INFO    Thread-8  :1629513 [dir_watcher.py:_on_file_created():216] file/dir created: /grid/koo/home/toneyan/profile/QuantPred/wandb/run-20210918_124433-x98nxwnz/files/wandb-summary.json
2021-09-18 12:44:35,705 DEBUG   HandlerThread:1629513 [meta.py:__init__():39] meta init
2021-09-18 12:44:35,705 DEBUG   HandlerThread:1629513 [meta.py:__init__():53] meta init done
2021-09-18 12:44:35,706 DEBUG   HandlerThread:1629513 [meta.py:probe():210] probe
2021-09-18 12:44:35,712 DEBUG   HandlerThread:1629513 [meta.py:_save_pip():57] save pip
2021-09-18 12:44:35,713 DEBUG   HandlerThread:1629513 [meta.py:_save_pip():71] save pip done
2021-09-18 12:44:35,713 DEBUG   HandlerThread:1629513 [meta.py:probe():252] probe done
2021-09-18 12:44:35,716 DEBUG   SenderThread:1629513 [sender.py:send():179] send: files
2021-09-18 12:44:35,717 INFO    SenderThread:1629513 [sender.py:_save_file():841] saving file wandb-metadata.json with policy now
2021-09-18 12:44:35,728 DEBUG   HandlerThread:1629513 [handler.py:handle_request():124] handle_request: stop_status
2021-09-18 12:44:35,728 DEBUG   SenderThread:1629513 [sender.py:send_request():193] send_request: stop_status
2021-09-18 12:44:36,083 INFO    Thread-11 :1629513 [upload_job.py:push():137] Uploaded file /tmp/3288844.1.gpu.q/tmp2w0vdigowandb/m3zrae9g-wandb-metadata.json
2021-09-18 12:44:36,112 INFO    Thread-8  :1629513 [dir_watcher.py:_on_file_created():216] file/dir created: /grid/koo/home/toneyan/profile/QuantPred/wandb/run-20210918_124433-x98nxwnz/files/requirements.txt
2021-09-18 12:44:36,113 INFO    Thread-8  :1629513 [dir_watcher.py:_on_file_created():216] file/dir created: /grid/koo/home/toneyan/profile/QuantPred/wandb/run-20210918_124433-x98nxwnz/files/output.log
2021-09-18 12:44:36,113 INFO    Thread-8  :1629513 [dir_watcher.py:_on_file_created():216] file/dir created: /grid/koo/home/toneyan/profile/QuantPred/wandb/run-20210918_124433-x98nxwnz/files/wandb-metadata.json
2021-09-18 12:44:50,824 DEBUG   HandlerThread:1629513 [handler.py:handle_request():124] handle_request: stop_status
2021-09-18 12:44:50,825 DEBUG   SenderThread:1629513 [sender.py:send_request():193] send_request: stop_status
2021-09-18 12:45:04,549 DEBUG   SenderThread:1629513 [sender.py:send():179] send: stats
2021-09-18 12:45:05,913 DEBUG   HandlerThread:1629513 [handler.py:handle_request():124] handle_request: stop_status
2021-09-18 12:45:05,914 DEBUG   SenderThread:1629513 [sender.py:send_request():193] send_request: stop_status
2021-09-18 12:45:21,009 DEBUG   HandlerThread:1629513 [handler.py:handle_request():124] handle_request: stop_status
2021-09-18 12:45:21,010 DEBUG   SenderThread:1629513 [sender.py:send_request():193] send_request: stop_status
2021-09-18 12:45:35,214 DEBUG   SenderThread:1629513 [sender.py:send():179] send: telemetry
2021-09-18 12:45:35,217 DEBUG   HandlerThread:1629513 [handler.py:handle_request():124] handle_request: poll_exit
2021-09-18 12:45:35,219 DEBUG   SenderThread:1629513 [sender.py:send():179] send: exit
2021-09-18 12:45:35,221 INFO    SenderThread:1629513 [sender.py:send_exit():287] handling exit code: 1
2021-09-18 12:45:35,222 INFO    SenderThread:1629513 [sender.py:send_exit():295] send defer
2021-09-18 12:45:35,222 DEBUG   SenderThread:1629513 [sender.py:send_request():193] send_request: poll_exit
2021-09-18 12:45:35,224 DEBUG   HandlerThread:1629513 [handler.py:handle_request():124] handle_request: defer
2021-09-18 12:45:35,225 INFO    HandlerThread:1629513 [handler.py:handle_request_defer():141] handle defer: 0
2021-09-18 12:45:35,225 DEBUG   SenderThread:1629513 [sender.py:send_request():193] send_request: defer
2021-09-18 12:45:35,226 INFO    SenderThread:1629513 [sender.py:send_request_defer():304] handle sender defer: 0
2021-09-18 12:45:35,226 INFO    SenderThread:1629513 [sender.py:transition_state():308] send defer: 1
2021-09-18 12:45:35,226 DEBUG   HandlerThread:1629513 [handler.py:handle_request():124] handle_request: defer
2021-09-18 12:45:35,227 INFO    HandlerThread:1629513 [handler.py:handle_request_defer():141] handle defer: 1
2021-09-18 12:45:35,284 DEBUG   SenderThread:1629513 [sender.py:send_request():193] send_request: defer
2021-09-18 12:45:35,284 INFO    SenderThread:1629513 [sender.py:send_request_defer():304] handle sender defer: 1
2021-09-18 12:45:35,285 INFO    SenderThread:1629513 [sender.py:transition_state():308] send defer: 2
2021-09-18 12:45:35,286 DEBUG   SenderThread:1629513 [sender.py:send():179] send: stats
2021-09-18 12:45:35,287 DEBUG   HandlerThread:1629513 [handler.py:handle_request():124] handle_request: defer
2021-09-18 12:45:35,291 INFO    HandlerThread:1629513 [handler.py:handle_request_defer():141] handle defer: 2
2021-09-18 12:45:35,293 DEBUG   SenderThread:1629513 [sender.py:send_request():193] send_request: defer
2021-09-18 12:45:35,294 INFO    SenderThread:1629513 [sender.py:send_request_defer():304] handle sender defer: 2
2021-09-18 12:45:35,294 INFO    SenderThread:1629513 [sender.py:transition_state():308] send defer: 3
2021-09-18 12:45:35,295 DEBUG   HandlerThread:1629513 [handler.py:handle_request():124] handle_request: defer
2021-09-18 12:45:35,296 INFO    HandlerThread:1629513 [handler.py:handle_request_defer():141] handle defer: 3
2021-09-18 12:45:35,297 DEBUG   SenderThread:1629513 [sender.py:send():179] send: summary
2021-09-18 12:45:35,298 INFO    SenderThread:1629513 [sender.py:_save_file():841] saving file wandb-summary.json with policy end
2021-09-18 12:45:35,298 DEBUG   SenderThread:1629513 [sender.py:send_request():193] send_request: defer
2021-09-18 12:45:35,298 INFO    SenderThread:1629513 [sender.py:send_request_defer():304] handle sender defer: 3
2021-09-18 12:45:35,299 INFO    SenderThread:1629513 [sender.py:transition_state():308] send defer: 4
2021-09-18 12:45:35,299 DEBUG   HandlerThread:1629513 [handler.py:handle_request():124] handle_request: defer
2021-09-18 12:45:35,300 INFO    HandlerThread:1629513 [handler.py:handle_request_defer():141] handle defer: 4
2021-09-18 12:45:35,300 DEBUG   SenderThread:1629513 [sender.py:send_request():193] send_request: defer
2021-09-18 12:45:35,300 INFO    SenderThread:1629513 [sender.py:send_request_defer():304] handle sender defer: 4
2021-09-18 12:45:35,327 DEBUG   HandlerThread:1629513 [handler.py:handle_request():124] handle_request: poll_exit
2021-09-18 12:45:35,417 INFO    SenderThread:1629513 [sender.py:transition_state():308] send defer: 5
2021-09-18 12:45:35,417 DEBUG   SenderThread:1629513 [sender.py:send_request():193] send_request: poll_exit
2021-09-18 12:45:35,419 DEBUG   HandlerThread:1629513 [handler.py:handle_request():124] handle_request: defer
2021-09-18 12:45:35,419 INFO    HandlerThread:1629513 [handler.py:handle_request_defer():141] handle defer: 5
2021-09-18 12:45:35,419 DEBUG   SenderThread:1629513 [sender.py:send_request():193] send_request: defer
2021-09-18 12:45:35,420 INFO    SenderThread:1629513 [sender.py:send_request_defer():304] handle sender defer: 5
2021-09-18 12:45:35,420 INFO    SenderThread:1629513 [dir_watcher.py:finish():282] shutting down directory watcher
2021-09-18 12:45:35,520 DEBUG   HandlerThread:1629513 [handler.py:handle_request():124] handle_request: poll_exit
2021-09-18 12:45:36,125 INFO    SenderThread:1629513 [dir_watcher.py:_on_file_modified():229] file/dir modified: /grid/koo/home/toneyan/profile/QuantPred/wandb/run-20210918_124433-x98nxwnz/files/config.yaml
2021-09-18 12:45:36,126 INFO    SenderThread:1629513 [dir_watcher.py:_on_file_modified():229] file/dir modified: /grid/koo/home/toneyan/profile/QuantPred/wandb/run-20210918_124433-x98nxwnz/files/wandb-summary.json
2021-09-18 12:45:36,127 INFO    SenderThread:1629513 [dir_watcher.py:finish():312] scan: /grid/koo/home/toneyan/profile/QuantPred/wandb/run-20210918_124433-x98nxwnz/files
2021-09-18 12:45:36,127 INFO    SenderThread:1629513 [dir_watcher.py:finish():318] scan save: /grid/koo/home/toneyan/profile/QuantPred/wandb/run-20210918_124433-x98nxwnz/files/wandb-metadata.json wandb-metadata.json
2021-09-18 12:45:36,128 INFO    SenderThread:1629513 [dir_watcher.py:finish():318] scan save: /grid/koo/home/toneyan/profile/QuantPred/wandb/run-20210918_124433-x98nxwnz/files/config.yaml config.yaml
2021-09-18 12:45:36,128 INFO    SenderThread:1629513 [dir_watcher.py:finish():318] scan save: /grid/koo/home/toneyan/profile/QuantPred/wandb/run-20210918_124433-x98nxwnz/files/requirements.txt requirements.txt
2021-09-18 12:45:36,135 INFO    SenderThread:1629513 [dir_watcher.py:finish():318] scan save: /grid/koo/home/toneyan/profile/QuantPred/wandb/run-20210918_124433-x98nxwnz/files/wandb-summary.json wandb-summary.json
2021-09-18 12:45:36,137 INFO    SenderThread:1629513 [dir_watcher.py:finish():318] scan save: /grid/koo/home/toneyan/profile/QuantPred/wandb/run-20210918_124433-x98nxwnz/files/output.log output.log
2021-09-18 12:45:36,147 INFO    SenderThread:1629513 [sender.py:transition_state():308] send defer: 6
2021-09-18 12:45:36,164 DEBUG   SenderThread:1629513 [sender.py:send_request():193] send_request: poll_exit
2021-09-18 12:45:36,174 DEBUG   HandlerThread:1629513 [handler.py:handle_request():124] handle_request: defer
2021-09-18 12:45:36,175 INFO    HandlerThread:1629513 [handler.py:handle_request_defer():141] handle defer: 6
2021-09-18 12:45:36,176 DEBUG   SenderThread:1629513 [sender.py:send_request():193] send_request: defer
2021-09-18 12:45:36,176 INFO    SenderThread:1629513 [sender.py:send_request_defer():304] handle sender defer: 6
2021-09-18 12:45:36,177 INFO    SenderThread:1629513 [file_pusher.py:finish():177] shutting down file pusher
2021-09-18 12:45:36,277 DEBUG   HandlerThread:1629513 [handler.py:handle_request():124] handle_request: poll_exit
2021-09-18 12:45:36,278 DEBUG   SenderThread:1629513 [sender.py:send_request():193] send_request: poll_exit
2021-09-18 12:45:36,382 DEBUG   HandlerThread:1629513 [handler.py:handle_request():124] handle_request: poll_exit
2021-09-18 12:45:36,382 DEBUG   SenderThread:1629513 [sender.py:send_request():193] send_request: poll_exit
2021-09-18 12:45:36,486 DEBUG   HandlerThread:1629513 [handler.py:handle_request():124] handle_request: poll_exit
2021-09-18 12:45:36,487 DEBUG   SenderThread:1629513 [sender.py:send_request():193] send_request: poll_exit
2021-09-18 12:45:36,519 INFO    Thread-14 :1629513 [upload_job.py:push():137] Uploaded file /grid/koo/home/toneyan/profile/QuantPred/wandb/run-20210918_124433-x98nxwnz/files/wandb-summary.json
2021-09-18 12:45:36,523 INFO    Thread-13 :1629513 [upload_job.py:push():137] Uploaded file /grid/koo/home/toneyan/profile/QuantPred/wandb/run-20210918_124433-x98nxwnz/files/requirements.txt
2021-09-18 12:45:36,560 INFO    Thread-12 :1629513 [upload_job.py:push():137] Uploaded file /grid/koo/home/toneyan/profile/QuantPred/wandb/run-20210918_124433-x98nxwnz/files/config.yaml
2021-09-18 12:45:36,591 DEBUG   HandlerThread:1629513 [handler.py:handle_request():124] handle_request: poll_exit
2021-09-18 12:45:36,592 DEBUG   SenderThread:1629513 [sender.py:send_request():193] send_request: poll_exit
2021-09-18 12:45:36,696 DEBUG   HandlerThread:1629513 [handler.py:handle_request():124] handle_request: poll_exit
2021-09-18 12:45:36,697 DEBUG   SenderThread:1629513 [sender.py:send_request():193] send_request: poll_exit
2021-09-18 12:45:36,761 INFO    Thread-7  :1629513 [sender.py:transition_state():308] send defer: 7
2021-09-18 12:45:36,762 DEBUG   HandlerThread:1629513 [handler.py:handle_request():124] handle_request: defer
2021-09-18 12:45:36,763 INFO    HandlerThread:1629513 [handler.py:handle_request_defer():141] handle defer: 7
2021-09-18 12:45:36,763 DEBUG   SenderThread:1629513 [sender.py:send_request():193] send_request: defer
2021-09-18 12:45:36,763 INFO    SenderThread:1629513 [sender.py:send_request_defer():304] handle sender defer: 7
2021-09-18 12:45:36,801 DEBUG   HandlerThread:1629513 [handler.py:handle_request():124] handle_request: poll_exit
2021-09-18 12:45:36,897 INFO    SenderThread:1629513 [sender.py:transition_state():308] send defer: 8
2021-09-18 12:45:36,898 DEBUG   SenderThread:1629513 [sender.py:send_request():193] send_request: poll_exit
2021-09-18 12:45:36,899 DEBUG   HandlerThread:1629513 [handler.py:handle_request():124] handle_request: defer
2021-09-18 12:45:36,899 INFO    HandlerThread:1629513 [handler.py:handle_request_defer():141] handle defer: 8
2021-09-18 12:45:36,900 DEBUG   SenderThread:1629513 [sender.py:send_request():193] send_request: defer
2021-09-18 12:45:36,900 INFO    SenderThread:1629513 [sender.py:send_request_defer():304] handle sender defer: 8
2021-09-18 12:45:36,900 INFO    SenderThread:1629513 [sender.py:transition_state():308] send defer: 9
2021-09-18 12:45:36,901 DEBUG   SenderThread:1629513 [sender.py:send():179] send: final
2021-09-18 12:45:36,902 DEBUG   HandlerThread:1629513 [handler.py:handle_request():124] handle_request: defer
2021-09-18 12:45:36,902 DEBUG   SenderThread:1629513 [sender.py:send():179] send: footer
2021-09-18 12:45:36,903 INFO    HandlerThread:1629513 [handler.py:handle_request_defer():141] handle defer: 9
2021-09-18 12:45:36,903 DEBUG   SenderThread:1629513 [sender.py:send_request():193] send_request: defer
2021-09-18 12:45:36,903 INFO    SenderThread:1629513 [sender.py:send_request_defer():304] handle sender defer: 9
2021-09-18 12:45:37,002 DEBUG   HandlerThread:1629513 [handler.py:handle_request():124] handle_request: poll_exit
2021-09-18 12:45:37,002 DEBUG   SenderThread:1629513 [sender.py:send_request():193] send_request: poll_exit
2021-09-18 12:45:37,003 INFO    SenderThread:1629513 [file_pusher.py:join():182] waiting for file pusher
2021-09-18 12:45:37,006 DEBUG   HandlerThread:1629513 [handler.py:handle_request():124] handle_request: get_summary
2021-09-18 12:45:37,008 DEBUG   HandlerThread:1629513 [handler.py:handle_request():124] handle_request: sampled_history
2021-09-18 12:45:37,010 DEBUG   HandlerThread:1629513 [handler.py:handle_request():124] handle_request: shutdown
2021-09-18 12:45:37,011 INFO    HandlerThread:1629513 [handler.py:finish():638] shutting down handler
2021-09-18 12:45:37,903 INFO    WriterThread:1629513 [datastore.py:close():288] close: /grid/koo/home/toneyan/profile/QuantPred/wandb/run-20210918_124433-x98nxwnz/run-x98nxwnz.wandb
2021-09-18 12:45:38,004 INFO    SenderThread:1629513 [sender.py:finish():945] shutting down sender
2021-09-18 12:45:38,004 INFO    SenderThread:1629513 [file_pusher.py:finish():177] shutting down file pusher
2021-09-18 12:45:38,004 INFO    SenderThread:1629513 [file_pusher.py:join():182] waiting for file pusher
2021-09-18 12:45:38,009 INFO    MainThread:1629513 [internal.py:handle_exit():78] Internal process exited
