2021-09-19 12:42:01,037 INFO    MainThread:1689477 [internal.py:wandb_internal():91] W&B internal server running at pid: 1689477, started at: 2021-09-19 12:42:01.036431
2021-09-19 12:42:01,039 DEBUG   HandlerThread:1689477 [handler.py:handle_request():124] handle_request: check_version
2021-09-19 12:42:01,039 INFO    WriterThread:1689477 [datastore.py:open_for_write():80] open: /grid/koo/home/toneyan/profile/QuantPred/wandb/run-20210919_124200-q4hskku9/run-q4hskku9.wandb
2021-09-19 12:42:01,041 DEBUG   SenderThread:1689477 [sender.py:send():179] send: header
2021-09-19 12:42:01,041 DEBUG   SenderThread:1689477 [sender.py:send_request():193] send_request: check_version
2021-09-19 12:42:01,068 DEBUG   SenderThread:1689477 [sender.py:send():179] send: run
2021-09-19 12:42:01,170 INFO    SenderThread:1689477 [dir_watcher.py:__init__():168] watching files in: /grid/koo/home/toneyan/profile/QuantPred/wandb/run-20210919_124200-q4hskku9/files
2021-09-19 12:42:01,170 INFO    SenderThread:1689477 [sender.py:_start_run_threads():719] run started: q4hskku9 with start time 1632069720
2021-09-19 12:42:01,170 DEBUG   SenderThread:1689477 [sender.py:send():179] send: summary
2021-09-19 12:42:01,171 DEBUG   HandlerThread:1689477 [handler.py:handle_request():124] handle_request: run_start
2021-09-19 12:42:01,172 INFO    SenderThread:1689477 [sender.py:_save_file():841] saving file wandb-summary.json with policy end
2021-09-19 12:42:02,178 INFO    Thread-8  :1689477 [dir_watcher.py:_on_file_created():216] file/dir created: /grid/koo/home/toneyan/profile/QuantPred/wandb/run-20210919_124200-q4hskku9/files/wandb-summary.json
2021-09-19 12:42:02,349 DEBUG   HandlerThread:1689477 [meta.py:__init__():39] meta init
2021-09-19 12:42:02,349 DEBUG   HandlerThread:1689477 [meta.py:__init__():53] meta init done
2021-09-19 12:42:02,349 DEBUG   HandlerThread:1689477 [meta.py:probe():210] probe
2021-09-19 12:42:02,355 DEBUG   HandlerThread:1689477 [meta.py:_save_pip():57] save pip
2021-09-19 12:42:02,356 DEBUG   HandlerThread:1689477 [meta.py:_save_pip():71] save pip done
2021-09-19 12:42:02,356 DEBUG   HandlerThread:1689477 [meta.py:probe():252] probe done
2021-09-19 12:42:02,359 DEBUG   SenderThread:1689477 [sender.py:send():179] send: files
2021-09-19 12:42:02,359 INFO    SenderThread:1689477 [sender.py:_save_file():841] saving file wandb-metadata.json with policy now
2021-09-19 12:42:02,364 DEBUG   HandlerThread:1689477 [handler.py:handle_request():124] handle_request: stop_status
2021-09-19 12:42:02,364 DEBUG   SenderThread:1689477 [sender.py:send_request():193] send_request: stop_status
2021-09-19 12:42:02,761 INFO    Thread-11 :1689477 [upload_job.py:push():137] Uploaded file /tmp/3288855.1.gpu_ded.q/tmpvk8oknuwwandb/jl3pg5yv-wandb-metadata.json
2021-09-19 12:42:03,177 INFO    Thread-8  :1689477 [dir_watcher.py:_on_file_created():216] file/dir created: /grid/koo/home/toneyan/profile/QuantPred/wandb/run-20210919_124200-q4hskku9/files/output.log
2021-09-19 12:42:03,178 INFO    Thread-8  :1689477 [dir_watcher.py:_on_file_created():216] file/dir created: /grid/koo/home/toneyan/profile/QuantPred/wandb/run-20210919_124200-q4hskku9/files/wandb-metadata.json
2021-09-19 12:42:03,178 INFO    Thread-8  :1689477 [dir_watcher.py:_on_file_created():216] file/dir created: /grid/koo/home/toneyan/profile/QuantPred/wandb/run-20210919_124200-q4hskku9/files/requirements.txt
2021-09-19 12:42:17,424 DEBUG   HandlerThread:1689477 [handler.py:handle_request():124] handle_request: stop_status
2021-09-19 12:42:17,424 DEBUG   SenderThread:1689477 [sender.py:send_request():193] send_request: stop_status
2021-09-19 12:42:30,722 DEBUG   SenderThread:1689477 [sender.py:send():179] send: stats
2021-09-19 12:42:32,535 DEBUG   HandlerThread:1689477 [handler.py:handle_request():124] handle_request: stop_status
2021-09-19 12:42:32,535 DEBUG   SenderThread:1689477 [sender.py:send_request():193] send_request: stop_status
2021-09-19 12:42:34,404 DEBUG   HandlerThread:1689477 [handler.py:handle_request():124] handle_request: poll_exit
2021-09-19 12:42:34,404 DEBUG   SenderThread:1689477 [sender.py:send():179] send: telemetry
2021-09-19 12:42:34,405 DEBUG   SenderThread:1689477 [sender.py:send():179] send: exit
2021-09-19 12:42:34,405 INFO    SenderThread:1689477 [sender.py:send_exit():287] handling exit code: 1
2021-09-19 12:42:34,405 INFO    SenderThread:1689477 [sender.py:send_exit():295] send defer
2021-09-19 12:42:34,405 DEBUG   SenderThread:1689477 [sender.py:send_request():193] send_request: poll_exit
2021-09-19 12:42:34,405 DEBUG   HandlerThread:1689477 [handler.py:handle_request():124] handle_request: defer
2021-09-19 12:42:34,405 INFO    HandlerThread:1689477 [handler.py:handle_request_defer():141] handle defer: 0
2021-09-19 12:42:34,405 DEBUG   SenderThread:1689477 [sender.py:send_request():193] send_request: defer
2021-09-19 12:42:34,406 INFO    SenderThread:1689477 [sender.py:send_request_defer():304] handle sender defer: 0
2021-09-19 12:42:34,406 INFO    SenderThread:1689477 [sender.py:transition_state():308] send defer: 1
2021-09-19 12:42:34,406 DEBUG   HandlerThread:1689477 [handler.py:handle_request():124] handle_request: defer
2021-09-19 12:42:34,406 INFO    HandlerThread:1689477 [handler.py:handle_request_defer():141] handle defer: 1
2021-09-19 12:42:34,469 DEBUG   SenderThread:1689477 [sender.py:send_request():193] send_request: defer
2021-09-19 12:42:34,469 INFO    SenderThread:1689477 [sender.py:send_request_defer():304] handle sender defer: 1
2021-09-19 12:42:34,470 INFO    SenderThread:1689477 [sender.py:transition_state():308] send defer: 2
2021-09-19 12:42:34,470 DEBUG   SenderThread:1689477 [sender.py:send():179] send: stats
2021-09-19 12:42:34,470 DEBUG   HandlerThread:1689477 [handler.py:handle_request():124] handle_request: defer
2021-09-19 12:42:34,472 INFO    HandlerThread:1689477 [handler.py:handle_request_defer():141] handle defer: 2
2021-09-19 12:42:34,473 DEBUG   SenderThread:1689477 [sender.py:send_request():193] send_request: defer
2021-09-19 12:42:34,473 INFO    SenderThread:1689477 [sender.py:send_request_defer():304] handle sender defer: 2
2021-09-19 12:42:34,473 INFO    SenderThread:1689477 [sender.py:transition_state():308] send defer: 3
2021-09-19 12:42:34,473 DEBUG   HandlerThread:1689477 [handler.py:handle_request():124] handle_request: defer
2021-09-19 12:42:34,473 INFO    HandlerThread:1689477 [handler.py:handle_request_defer():141] handle defer: 3
2021-09-19 12:42:34,474 DEBUG   SenderThread:1689477 [sender.py:send():179] send: summary
2021-09-19 12:42:34,474 INFO    SenderThread:1689477 [sender.py:_save_file():841] saving file wandb-summary.json with policy end
2021-09-19 12:42:34,474 DEBUG   SenderThread:1689477 [sender.py:send_request():193] send_request: defer
2021-09-19 12:42:34,474 INFO    SenderThread:1689477 [sender.py:send_request_defer():304] handle sender defer: 3
2021-09-19 12:42:34,474 INFO    SenderThread:1689477 [sender.py:transition_state():308] send defer: 4
2021-09-19 12:42:34,474 DEBUG   HandlerThread:1689477 [handler.py:handle_request():124] handle_request: defer
2021-09-19 12:42:34,474 INFO    HandlerThread:1689477 [handler.py:handle_request_defer():141] handle defer: 4
2021-09-19 12:42:34,475 DEBUG   SenderThread:1689477 [sender.py:send_request():193] send_request: defer
2021-09-19 12:42:34,475 INFO    SenderThread:1689477 [sender.py:send_request_defer():304] handle sender defer: 4
2021-09-19 12:42:34,508 DEBUG   HandlerThread:1689477 [handler.py:handle_request():124] handle_request: poll_exit
2021-09-19 12:42:34,564 INFO    SenderThread:1689477 [sender.py:transition_state():308] send defer: 5
2021-09-19 12:42:34,564 DEBUG   SenderThread:1689477 [sender.py:send_request():193] send_request: poll_exit
2021-09-19 12:42:34,565 DEBUG   HandlerThread:1689477 [handler.py:handle_request():124] handle_request: defer
2021-09-19 12:42:34,565 INFO    HandlerThread:1689477 [handler.py:handle_request_defer():141] handle defer: 5
2021-09-19 12:42:34,565 DEBUG   SenderThread:1689477 [sender.py:send_request():193] send_request: defer
2021-09-19 12:42:34,565 INFO    SenderThread:1689477 [sender.py:send_request_defer():304] handle sender defer: 5
2021-09-19 12:42:34,565 INFO    SenderThread:1689477 [dir_watcher.py:finish():282] shutting down directory watcher
2021-09-19 12:42:34,666 DEBUG   HandlerThread:1689477 [handler.py:handle_request():124] handle_request: poll_exit
2021-09-19 12:42:35,183 INFO    SenderThread:1689477 [dir_watcher.py:_on_file_modified():229] file/dir modified: /grid/koo/home/toneyan/profile/QuantPred/wandb/run-20210919_124200-q4hskku9/files/config.yaml
2021-09-19 12:42:35,183 INFO    SenderThread:1689477 [dir_watcher.py:_on_file_modified():229] file/dir modified: /grid/koo/home/toneyan/profile/QuantPred/wandb/run-20210919_124200-q4hskku9/files/wandb-summary.json
2021-09-19 12:42:35,183 INFO    SenderThread:1689477 [dir_watcher.py:finish():312] scan: /grid/koo/home/toneyan/profile/QuantPred/wandb/run-20210919_124200-q4hskku9/files
2021-09-19 12:42:35,184 INFO    SenderThread:1689477 [dir_watcher.py:finish():318] scan save: /grid/koo/home/toneyan/profile/QuantPred/wandb/run-20210919_124200-q4hskku9/files/wandb-metadata.json wandb-metadata.json
2021-09-19 12:42:35,184 INFO    SenderThread:1689477 [dir_watcher.py:finish():318] scan save: /grid/koo/home/toneyan/profile/QuantPred/wandb/run-20210919_124200-q4hskku9/files/config.yaml config.yaml
2021-09-19 12:42:35,184 INFO    SenderThread:1689477 [dir_watcher.py:finish():318] scan save: /grid/koo/home/toneyan/profile/QuantPred/wandb/run-20210919_124200-q4hskku9/files/requirements.txt requirements.txt
2021-09-19 12:42:35,184 INFO    SenderThread:1689477 [dir_watcher.py:finish():318] scan save: /grid/koo/home/toneyan/profile/QuantPred/wandb/run-20210919_124200-q4hskku9/files/wandb-summary.json wandb-summary.json
2021-09-19 12:42:35,190 INFO    SenderThread:1689477 [dir_watcher.py:finish():318] scan save: /grid/koo/home/toneyan/profile/QuantPred/wandb/run-20210919_124200-q4hskku9/files/output.log output.log
2021-09-19 12:42:35,191 INFO    SenderThread:1689477 [sender.py:transition_state():308] send defer: 6
2021-09-19 12:42:35,191 DEBUG   SenderThread:1689477 [sender.py:send_request():193] send_request: poll_exit
2021-09-19 12:42:35,195 DEBUG   HandlerThread:1689477 [handler.py:handle_request():124] handle_request: defer
2021-09-19 12:42:35,196 INFO    HandlerThread:1689477 [handler.py:handle_request_defer():141] handle defer: 6
2021-09-19 12:42:35,196 DEBUG   SenderThread:1689477 [sender.py:send_request():193] send_request: defer
2021-09-19 12:42:35,196 INFO    SenderThread:1689477 [sender.py:send_request_defer():304] handle sender defer: 6
2021-09-19 12:42:35,196 INFO    SenderThread:1689477 [file_pusher.py:finish():177] shutting down file pusher
2021-09-19 12:42:35,297 DEBUG   HandlerThread:1689477 [handler.py:handle_request():124] handle_request: poll_exit
2021-09-19 12:42:35,297 DEBUG   SenderThread:1689477 [sender.py:send_request():193] send_request: poll_exit
2021-09-19 12:42:35,399 DEBUG   HandlerThread:1689477 [handler.py:handle_request():124] handle_request: poll_exit
2021-09-19 12:42:35,399 DEBUG   SenderThread:1689477 [sender.py:send_request():193] send_request: poll_exit
2021-09-19 12:42:35,473 INFO    Thread-14 :1689477 [upload_job.py:push():137] Uploaded file /grid/koo/home/toneyan/profile/QuantPred/wandb/run-20210919_124200-q4hskku9/files/wandb-summary.json
2021-09-19 12:42:35,483 INFO    Thread-12 :1689477 [upload_job.py:push():137] Uploaded file /grid/koo/home/toneyan/profile/QuantPred/wandb/run-20210919_124200-q4hskku9/files/config.yaml
2021-09-19 12:42:35,500 DEBUG   HandlerThread:1689477 [handler.py:handle_request():124] handle_request: poll_exit
2021-09-19 12:42:35,500 DEBUG   SenderThread:1689477 [sender.py:send_request():193] send_request: poll_exit
2021-09-19 12:42:35,550 INFO    Thread-13 :1689477 [upload_job.py:push():137] Uploaded file /grid/koo/home/toneyan/profile/QuantPred/wandb/run-20210919_124200-q4hskku9/files/requirements.txt
2021-09-19 12:42:35,602 DEBUG   HandlerThread:1689477 [handler.py:handle_request():124] handle_request: poll_exit
2021-09-19 12:42:35,602 DEBUG   SenderThread:1689477 [sender.py:send_request():193] send_request: poll_exit
2021-09-19 12:42:35,705 DEBUG   HandlerThread:1689477 [handler.py:handle_request():124] handle_request: poll_exit
2021-09-19 12:42:35,705 DEBUG   SenderThread:1689477 [sender.py:send_request():193] send_request: poll_exit
2021-09-19 12:42:35,750 INFO    Thread-7  :1689477 [sender.py:transition_state():308] send defer: 7
2021-09-19 12:42:35,751 DEBUG   HandlerThread:1689477 [handler.py:handle_request():124] handle_request: defer
2021-09-19 12:42:35,751 INFO    HandlerThread:1689477 [handler.py:handle_request_defer():141] handle defer: 7
2021-09-19 12:42:35,751 DEBUG   SenderThread:1689477 [sender.py:send_request():193] send_request: defer
2021-09-19 12:42:35,751 INFO    SenderThread:1689477 [sender.py:send_request_defer():304] handle sender defer: 7
2021-09-19 12:42:35,806 DEBUG   HandlerThread:1689477 [handler.py:handle_request():124] handle_request: poll_exit
2021-09-19 12:42:35,852 INFO    SenderThread:1689477 [sender.py:transition_state():308] send defer: 8
2021-09-19 12:42:35,852 DEBUG   SenderThread:1689477 [sender.py:send_request():193] send_request: poll_exit
2021-09-19 12:42:35,852 DEBUG   HandlerThread:1689477 [handler.py:handle_request():124] handle_request: defer
2021-09-19 12:42:35,853 INFO    HandlerThread:1689477 [handler.py:handle_request_defer():141] handle defer: 8
2021-09-19 12:42:35,853 DEBUG   SenderThread:1689477 [sender.py:send_request():193] send_request: defer
2021-09-19 12:42:35,853 INFO    SenderThread:1689477 [sender.py:send_request_defer():304] handle sender defer: 8
2021-09-19 12:42:35,853 INFO    SenderThread:1689477 [sender.py:transition_state():308] send defer: 9
2021-09-19 12:42:35,853 DEBUG   HandlerThread:1689477 [handler.py:handle_request():124] handle_request: defer
2021-09-19 12:42:35,853 DEBUG   SenderThread:1689477 [sender.py:send():179] send: final
2021-09-19 12:42:35,853 INFO    HandlerThread:1689477 [handler.py:handle_request_defer():141] handle defer: 9
2021-09-19 12:42:35,853 DEBUG   SenderThread:1689477 [sender.py:send():179] send: footer
2021-09-19 12:42:35,853 DEBUG   SenderThread:1689477 [sender.py:send_request():193] send_request: defer
2021-09-19 12:42:35,853 INFO    SenderThread:1689477 [sender.py:send_request_defer():304] handle sender defer: 9
2021-09-19 12:42:35,954 DEBUG   HandlerThread:1689477 [handler.py:handle_request():124] handle_request: poll_exit
2021-09-19 12:42:35,954 DEBUG   SenderThread:1689477 [sender.py:send_request():193] send_request: poll_exit
2021-09-19 12:42:35,954 INFO    SenderThread:1689477 [file_pusher.py:join():182] waiting for file pusher
2021-09-19 12:42:35,955 DEBUG   HandlerThread:1689477 [handler.py:handle_request():124] handle_request: get_summary
2021-09-19 12:42:35,955 DEBUG   HandlerThread:1689477 [handler.py:handle_request():124] handle_request: sampled_history
2021-09-19 12:42:35,956 DEBUG   HandlerThread:1689477 [handler.py:handle_request():124] handle_request: shutdown
2021-09-19 12:42:35,956 INFO    HandlerThread:1689477 [handler.py:finish():638] shutting down handler
2021-09-19 12:42:36,853 INFO    WriterThread:1689477 [datastore.py:close():288] close: /grid/koo/home/toneyan/profile/QuantPred/wandb/run-20210919_124200-q4hskku9/run-q4hskku9.wandb
2021-09-19 12:42:36,954 INFO    SenderThread:1689477 [sender.py:finish():945] shutting down sender
2021-09-19 12:42:36,955 INFO    SenderThread:1689477 [file_pusher.py:finish():177] shutting down file pusher
2021-09-19 12:42:36,955 INFO    SenderThread:1689477 [file_pusher.py:join():182] waiting for file pusher
2021-09-19 12:42:36,956 INFO    MainThread:1689477 [internal.py:handle_exit():78] Internal process exited
