2021-09-19 05:16:59,931 INFO    MainThread:341690 [internal.py:wandb_internal():91] W&B internal server running at pid: 341690, started at: 2021-09-19 05:16:59.930382
2021-09-19 05:16:59,933 DEBUG   HandlerThread:341690 [handler.py:handle_request():124] handle_request: check_version
2021-09-19 05:16:59,933 INFO    WriterThread:341690 [datastore.py:open_for_write():80] open: /grid/koo/home/toneyan/profile/QuantPred/wandb/run-20210919_051659-z4ygvk73/run-z4ygvk73.wandb
2021-09-19 05:16:59,935 DEBUG   SenderThread:341690 [sender.py:send():179] send: header
2021-09-19 05:16:59,935 DEBUG   SenderThread:341690 [sender.py:send_request():193] send_request: check_version
2021-09-19 05:16:59,964 DEBUG   SenderThread:341690 [sender.py:send():179] send: run
2021-09-19 05:17:00,042 INFO    SenderThread:341690 [dir_watcher.py:__init__():168] watching files in: /grid/koo/home/toneyan/profile/QuantPred/wandb/run-20210919_051659-z4ygvk73/files
2021-09-19 05:17:00,042 INFO    SenderThread:341690 [sender.py:_start_run_threads():719] run started: z4ygvk73 with start time 1632043019
2021-09-19 05:17:00,042 DEBUG   SenderThread:341690 [sender.py:send():179] send: summary
2021-09-19 05:17:00,043 DEBUG   HandlerThread:341690 [handler.py:handle_request():124] handle_request: run_start
2021-09-19 05:17:00,044 INFO    SenderThread:341690 [sender.py:_save_file():841] saving file wandb-summary.json with policy end
2021-09-19 05:17:01,045 INFO    Thread-8  :341690 [dir_watcher.py:_on_file_created():216] file/dir created: /grid/koo/home/toneyan/profile/QuantPred/wandb/run-20210919_051659-z4ygvk73/files/wandb-summary.json
2021-09-19 05:17:01,229 DEBUG   HandlerThread:341690 [meta.py:__init__():39] meta init
2021-09-19 05:17:01,229 DEBUG   HandlerThread:341690 [meta.py:__init__():53] meta init done
2021-09-19 05:17:01,229 DEBUG   HandlerThread:341690 [meta.py:probe():210] probe
2021-09-19 05:17:01,235 DEBUG   HandlerThread:341690 [meta.py:_save_pip():57] save pip
2021-09-19 05:17:01,236 DEBUG   HandlerThread:341690 [meta.py:_save_pip():71] save pip done
2021-09-19 05:17:01,236 DEBUG   HandlerThread:341690 [meta.py:probe():252] probe done
2021-09-19 05:17:01,239 DEBUG   SenderThread:341690 [sender.py:send():179] send: files
2021-09-19 05:17:01,239 INFO    SenderThread:341690 [sender.py:_save_file():841] saving file wandb-metadata.json with policy now
2021-09-19 05:17:01,246 DEBUG   HandlerThread:341690 [handler.py:handle_request():124] handle_request: stop_status
2021-09-19 05:17:01,246 DEBUG   SenderThread:341690 [sender.py:send_request():193] send_request: stop_status
2021-09-19 05:17:01,558 INFO    Thread-11 :341690 [upload_job.py:push():137] Uploaded file /tmp/3288845.1.gpu_ded.q/tmprsrgygpdwandb/i9rq48vt-wandb-metadata.json
2021-09-19 05:17:02,044 INFO    Thread-8  :341690 [dir_watcher.py:_on_file_created():216] file/dir created: /grid/koo/home/toneyan/profile/QuantPred/wandb/run-20210919_051659-z4ygvk73/files/wandb-metadata.json
2021-09-19 05:17:02,044 INFO    Thread-8  :341690 [dir_watcher.py:_on_file_created():216] file/dir created: /grid/koo/home/toneyan/profile/QuantPred/wandb/run-20210919_051659-z4ygvk73/files/output.log
2021-09-19 05:17:02,045 INFO    Thread-8  :341690 [dir_watcher.py:_on_file_created():216] file/dir created: /grid/koo/home/toneyan/profile/QuantPred/wandb/run-20210919_051659-z4ygvk73/files/requirements.txt
2021-09-19 05:17:16,312 DEBUG   HandlerThread:341690 [handler.py:handle_request():124] handle_request: stop_status
2021-09-19 05:17:16,312 DEBUG   SenderThread:341690 [sender.py:send_request():193] send_request: stop_status
2021-09-19 05:17:29,647 DEBUG   SenderThread:341690 [sender.py:send():179] send: stats
2021-09-19 05:17:31,383 DEBUG   HandlerThread:341690 [handler.py:handle_request():124] handle_request: stop_status
2021-09-19 05:17:31,383 DEBUG   SenderThread:341690 [sender.py:send_request():193] send_request: stop_status
2021-09-19 05:17:34,169 DEBUG   HandlerThread:341690 [handler.py:handle_request():124] handle_request: poll_exit
2021-09-19 05:17:34,169 DEBUG   SenderThread:341690 [sender.py:send():179] send: telemetry
2021-09-19 05:17:34,169 DEBUG   SenderThread:341690 [sender.py:send():179] send: exit
2021-09-19 05:17:34,169 INFO    SenderThread:341690 [sender.py:send_exit():287] handling exit code: 1
2021-09-19 05:17:34,170 INFO    SenderThread:341690 [sender.py:send_exit():295] send defer
2021-09-19 05:17:34,170 DEBUG   SenderThread:341690 [sender.py:send_request():193] send_request: poll_exit
2021-09-19 05:17:34,170 DEBUG   HandlerThread:341690 [handler.py:handle_request():124] handle_request: defer
2021-09-19 05:17:34,170 INFO    HandlerThread:341690 [handler.py:handle_request_defer():141] handle defer: 0
2021-09-19 05:17:34,170 DEBUG   SenderThread:341690 [sender.py:send_request():193] send_request: defer
2021-09-19 05:17:34,170 INFO    SenderThread:341690 [sender.py:send_request_defer():304] handle sender defer: 0
2021-09-19 05:17:34,171 INFO    SenderThread:341690 [sender.py:transition_state():308] send defer: 1
2021-09-19 05:17:34,171 DEBUG   HandlerThread:341690 [handler.py:handle_request():124] handle_request: defer
2021-09-19 05:17:34,171 INFO    HandlerThread:341690 [handler.py:handle_request_defer():141] handle defer: 1
2021-09-19 05:17:34,217 DEBUG   SenderThread:341690 [sender.py:send_request():193] send_request: defer
2021-09-19 05:17:34,217 INFO    SenderThread:341690 [sender.py:send_request_defer():304] handle sender defer: 1
2021-09-19 05:17:34,218 INFO    SenderThread:341690 [sender.py:transition_state():308] send defer: 2
2021-09-19 05:17:34,218 DEBUG   SenderThread:341690 [sender.py:send():179] send: stats
2021-09-19 05:17:34,221 DEBUG   HandlerThread:341690 [handler.py:handle_request():124] handle_request: defer
2021-09-19 05:17:34,221 INFO    HandlerThread:341690 [handler.py:handle_request_defer():141] handle defer: 2
2021-09-19 05:17:34,222 DEBUG   SenderThread:341690 [sender.py:send_request():193] send_request: defer
2021-09-19 05:17:34,222 INFO    SenderThread:341690 [sender.py:send_request_defer():304] handle sender defer: 2
2021-09-19 05:17:34,222 INFO    SenderThread:341690 [sender.py:transition_state():308] send defer: 3
2021-09-19 05:17:34,222 DEBUG   HandlerThread:341690 [handler.py:handle_request():124] handle_request: defer
2021-09-19 05:17:34,222 INFO    HandlerThread:341690 [handler.py:handle_request_defer():141] handle defer: 3
2021-09-19 05:17:34,223 DEBUG   SenderThread:341690 [sender.py:send():179] send: summary
2021-09-19 05:17:34,223 INFO    SenderThread:341690 [sender.py:_save_file():841] saving file wandb-summary.json with policy end
2021-09-19 05:17:34,223 DEBUG   SenderThread:341690 [sender.py:send_request():193] send_request: defer
2021-09-19 05:17:34,223 INFO    SenderThread:341690 [sender.py:send_request_defer():304] handle sender defer: 3
2021-09-19 05:17:34,223 INFO    SenderThread:341690 [sender.py:transition_state():308] send defer: 4
2021-09-19 05:17:34,223 DEBUG   HandlerThread:341690 [handler.py:handle_request():124] handle_request: defer
2021-09-19 05:17:34,223 INFO    HandlerThread:341690 [handler.py:handle_request_defer():141] handle defer: 4
2021-09-19 05:17:34,223 DEBUG   SenderThread:341690 [sender.py:send_request():193] send_request: defer
2021-09-19 05:17:34,224 INFO    SenderThread:341690 [sender.py:send_request_defer():304] handle sender defer: 4
2021-09-19 05:17:34,272 DEBUG   HandlerThread:341690 [handler.py:handle_request():124] handle_request: poll_exit
2021-09-19 05:17:34,313 INFO    SenderThread:341690 [sender.py:transition_state():308] send defer: 5
2021-09-19 05:17:34,319 DEBUG   SenderThread:341690 [sender.py:send_request():193] send_request: poll_exit
2021-09-19 05:17:34,319 DEBUG   HandlerThread:341690 [handler.py:handle_request():124] handle_request: defer
2021-09-19 05:17:34,319 INFO    HandlerThread:341690 [handler.py:handle_request_defer():141] handle defer: 5
2021-09-19 05:17:34,320 DEBUG   SenderThread:341690 [sender.py:send_request():193] send_request: defer
2021-09-19 05:17:34,320 INFO    SenderThread:341690 [sender.py:send_request_defer():304] handle sender defer: 5
2021-09-19 05:17:34,320 INFO    SenderThread:341690 [dir_watcher.py:finish():282] shutting down directory watcher
2021-09-19 05:17:34,421 DEBUG   HandlerThread:341690 [handler.py:handle_request():124] handle_request: poll_exit
2021-09-19 05:17:35,050 INFO    SenderThread:341690 [dir_watcher.py:_on_file_modified():229] file/dir modified: /grid/koo/home/toneyan/profile/QuantPred/wandb/run-20210919_051659-z4ygvk73/files/config.yaml
2021-09-19 05:17:35,050 INFO    SenderThread:341690 [dir_watcher.py:_on_file_modified():229] file/dir modified: /grid/koo/home/toneyan/profile/QuantPred/wandb/run-20210919_051659-z4ygvk73/files/wandb-summary.json
2021-09-19 05:17:35,050 INFO    SenderThread:341690 [dir_watcher.py:finish():312] scan: /grid/koo/home/toneyan/profile/QuantPred/wandb/run-20210919_051659-z4ygvk73/files
2021-09-19 05:17:35,050 INFO    SenderThread:341690 [dir_watcher.py:finish():318] scan save: /grid/koo/home/toneyan/profile/QuantPred/wandb/run-20210919_051659-z4ygvk73/files/wandb-metadata.json wandb-metadata.json
2021-09-19 05:17:35,050 INFO    SenderThread:341690 [dir_watcher.py:finish():318] scan save: /grid/koo/home/toneyan/profile/QuantPred/wandb/run-20210919_051659-z4ygvk73/files/config.yaml config.yaml
2021-09-19 05:17:35,051 INFO    SenderThread:341690 [dir_watcher.py:finish():318] scan save: /grid/koo/home/toneyan/profile/QuantPred/wandb/run-20210919_051659-z4ygvk73/files/requirements.txt requirements.txt
2021-09-19 05:17:35,051 INFO    SenderThread:341690 [dir_watcher.py:finish():318] scan save: /grid/koo/home/toneyan/profile/QuantPred/wandb/run-20210919_051659-z4ygvk73/files/wandb-summary.json wandb-summary.json
2021-09-19 05:17:35,055 INFO    SenderThread:341690 [dir_watcher.py:finish():318] scan save: /grid/koo/home/toneyan/profile/QuantPred/wandb/run-20210919_051659-z4ygvk73/files/output.log output.log
2021-09-19 05:17:35,058 INFO    SenderThread:341690 [sender.py:transition_state():308] send defer: 6
2021-09-19 05:17:35,058 DEBUG   SenderThread:341690 [sender.py:send_request():193] send_request: poll_exit
2021-09-19 05:17:35,064 DEBUG   HandlerThread:341690 [handler.py:handle_request():124] handle_request: defer
2021-09-19 05:17:35,064 INFO    HandlerThread:341690 [handler.py:handle_request_defer():141] handle defer: 6
2021-09-19 05:17:35,064 DEBUG   SenderThread:341690 [sender.py:send_request():193] send_request: defer
2021-09-19 05:17:35,064 INFO    SenderThread:341690 [sender.py:send_request_defer():304] handle sender defer: 6
2021-09-19 05:17:35,064 INFO    SenderThread:341690 [file_pusher.py:finish():177] shutting down file pusher
2021-09-19 05:17:35,115 ERROR   Thread-12 :341690 [internal_api.py:execute():130] 429 response executing GraphQL.
2021-09-19 05:17:35,115 ERROR   Thread-12 :341690 [internal_api.py:execute():131] {"error":"rate limit exceeded"}

2021-09-19 05:17:35,116 ERROR   Thread-13 :341690 [internal_api.py:execute():130] 429 response executing GraphQL.
2021-09-19 05:17:35,116 ERROR   Thread-13 :341690 [internal_api.py:execute():131] {"error":"rate limit exceeded"}

2021-09-19 05:17:35,118 ERROR   Thread-14 :341690 [internal_api.py:execute():130] 429 response executing GraphQL.
2021-09-19 05:17:35,118 ERROR   Thread-14 :341690 [internal_api.py:execute():131] {"error":"rate limit exceeded"}

2021-09-19 05:17:35,165 DEBUG   HandlerThread:341690 [handler.py:handle_request():124] handle_request: poll_exit
2021-09-19 05:17:35,165 DEBUG   SenderThread:341690 [sender.py:send_request():193] send_request: poll_exit
2021-09-19 05:17:35,267 DEBUG   HandlerThread:341690 [handler.py:handle_request():124] handle_request: poll_exit
2021-09-19 05:17:35,267 DEBUG   SenderThread:341690 [sender.py:send_request():193] send_request: poll_exit
2021-09-19 05:17:35,369 DEBUG   HandlerThread:341690 [handler.py:handle_request():124] handle_request: poll_exit
2021-09-19 05:17:35,369 DEBUG   SenderThread:341690 [sender.py:send_request():193] send_request: poll_exit
2021-09-19 05:17:35,471 DEBUG   HandlerThread:341690 [handler.py:handle_request():124] handle_request: poll_exit
2021-09-19 05:17:35,472 DEBUG   SenderThread:341690 [sender.py:send_request():193] send_request: poll_exit
2021-09-19 05:17:35,573 DEBUG   HandlerThread:341690 [handler.py:handle_request():124] handle_request: poll_exit
2021-09-19 05:17:35,573 DEBUG   SenderThread:341690 [sender.py:send_request():193] send_request: poll_exit
2021-09-19 05:17:35,675 DEBUG   HandlerThread:341690 [handler.py:handle_request():124] handle_request: poll_exit
2021-09-19 05:17:35,675 DEBUG   SenderThread:341690 [sender.py:send_request():193] send_request: poll_exit
2021-09-19 05:17:35,777 DEBUG   HandlerThread:341690 [handler.py:handle_request():124] handle_request: poll_exit
2021-09-19 05:17:35,777 DEBUG   SenderThread:341690 [sender.py:send_request():193] send_request: poll_exit
2021-09-19 05:17:35,879 DEBUG   HandlerThread:341690 [handler.py:handle_request():124] handle_request: poll_exit
2021-09-19 05:17:35,879 DEBUG   SenderThread:341690 [sender.py:send_request():193] send_request: poll_exit
2021-09-19 05:17:35,982 DEBUG   HandlerThread:341690 [handler.py:handle_request():124] handle_request: poll_exit
2021-09-19 05:17:35,982 DEBUG   SenderThread:341690 [sender.py:send_request():193] send_request: poll_exit
2021-09-19 05:17:36,084 DEBUG   HandlerThread:341690 [handler.py:handle_request():124] handle_request: poll_exit
2021-09-19 05:17:36,084 DEBUG   SenderThread:341690 [sender.py:send_request():193] send_request: poll_exit
2021-09-19 05:17:36,186 DEBUG   HandlerThread:341690 [handler.py:handle_request():124] handle_request: poll_exit
2021-09-19 05:17:36,186 DEBUG   SenderThread:341690 [sender.py:send_request():193] send_request: poll_exit
2021-09-19 05:17:36,215 ERROR   Thread-12 :341690 [internal_api.py:execute():130] 429 response executing GraphQL.
2021-09-19 05:17:36,215 ERROR   Thread-12 :341690 [internal_api.py:execute():131] {"error":"rate limit exceeded"}

2021-09-19 05:17:36,277 ERROR   Thread-14 :341690 [internal_api.py:execute():130] 429 response executing GraphQL.
2021-09-19 05:17:36,278 ERROR   Thread-14 :341690 [internal_api.py:execute():131] {"error":"rate limit exceeded"}

2021-09-19 05:17:36,278 ERROR   Thread-14 :341690 [retry.py:__call__():126] Retry attempt failed:
Traceback (most recent call last):
  File "/usr/local/lib/python3.6/dist-packages/wandb/sdk/lib/retry.py", line 102, in __call__
    result = self._call_fn(*args, **kwargs)
  File "/usr/local/lib/python3.6/dist-packages/wandb/sdk/internal/internal_api.py", line 133, in execute
    six.reraise(*sys.exc_info())
  File "/usr/local/lib/python3.6/dist-packages/six.py", line 719, in reraise
    raise value
  File "/usr/local/lib/python3.6/dist-packages/wandb/sdk/internal/internal_api.py", line 127, in execute
    return self.client.execute(*args, **kwargs)
  File "/usr/local/lib/python3.6/dist-packages/wandb/vendor/gql-0.2.0/gql/client.py", line 52, in execute
    result = self._get_result(document, *args, **kwargs)
  File "/usr/local/lib/python3.6/dist-packages/wandb/vendor/gql-0.2.0/gql/client.py", line 60, in _get_result
    return self.transport.execute(document, *args, **kwargs)
  File "/usr/local/lib/python3.6/dist-packages/wandb/vendor/gql-0.2.0/gql/transport/requests.py", line 39, in execute
    request.raise_for_status()
  File "/usr/local/lib/python3.6/dist-packages/requests/models.py", line 943, in raise_for_status
    raise HTTPError(http_error_msg, response=self)
requests.exceptions.HTTPError: 429 Client Error: Too Many Requests for url: https://api.wandb.ai/graphql
2021-09-19 05:17:36,288 DEBUG   HandlerThread:341690 [handler.py:handle_request():124] handle_request: poll_exit
2021-09-19 05:17:36,288 DEBUG   SenderThread:341690 [sender.py:send_request():193] send_request: poll_exit
2021-09-19 05:17:36,390 DEBUG   HandlerThread:341690 [handler.py:handle_request():124] handle_request: poll_exit
2021-09-19 05:17:36,390 DEBUG   SenderThread:341690 [sender.py:send_request():193] send_request: poll_exit
2021-09-19 05:17:36,419 ERROR   Thread-13 :341690 [internal_api.py:execute():130] 429 response executing GraphQL.
2021-09-19 05:17:36,420 ERROR   Thread-13 :341690 [internal_api.py:execute():131] {"error":"rate limit exceeded"}

2021-09-19 05:17:36,491 DEBUG   HandlerThread:341690 [handler.py:handle_request():124] handle_request: poll_exit
2021-09-19 05:17:36,492 DEBUG   SenderThread:341690 [sender.py:send_request():193] send_request: poll_exit
2021-09-19 05:17:36,593 DEBUG   HandlerThread:341690 [handler.py:handle_request():124] handle_request: poll_exit
2021-09-19 05:17:36,594 DEBUG   SenderThread:341690 [sender.py:send_request():193] send_request: poll_exit
2021-09-19 05:17:36,695 DEBUG   HandlerThread:341690 [handler.py:handle_request():124] handle_request: poll_exit
2021-09-19 05:17:36,695 DEBUG   SenderThread:341690 [sender.py:send_request():193] send_request: poll_exit
2021-09-19 05:17:36,797 DEBUG   HandlerThread:341690 [handler.py:handle_request():124] handle_request: poll_exit
2021-09-19 05:17:36,797 DEBUG   SenderThread:341690 [sender.py:send_request():193] send_request: poll_exit
2021-09-19 05:17:36,899 DEBUG   HandlerThread:341690 [handler.py:handle_request():124] handle_request: poll_exit
2021-09-19 05:17:36,899 DEBUG   SenderThread:341690 [sender.py:send_request():193] send_request: poll_exit
2021-09-19 05:17:37,001 DEBUG   HandlerThread:341690 [handler.py:handle_request():124] handle_request: poll_exit
2021-09-19 05:17:37,001 DEBUG   SenderThread:341690 [sender.py:send_request():193] send_request: poll_exit
2021-09-19 05:17:37,102 DEBUG   HandlerThread:341690 [handler.py:handle_request():124] handle_request: poll_exit
2021-09-19 05:17:37,103 DEBUG   SenderThread:341690 [sender.py:send_request():193] send_request: poll_exit
2021-09-19 05:17:37,204 DEBUG   HandlerThread:341690 [handler.py:handle_request():124] handle_request: poll_exit
2021-09-19 05:17:37,205 DEBUG   SenderThread:341690 [sender.py:send_request():193] send_request: poll_exit
2021-09-19 05:17:37,306 DEBUG   HandlerThread:341690 [handler.py:handle_request():124] handle_request: poll_exit
2021-09-19 05:17:37,307 DEBUG   SenderThread:341690 [sender.py:send_request():193] send_request: poll_exit
2021-09-19 05:17:37,408 DEBUG   HandlerThread:341690 [handler.py:handle_request():124] handle_request: poll_exit
2021-09-19 05:17:37,408 DEBUG   SenderThread:341690 [sender.py:send_request():193] send_request: poll_exit
2021-09-19 05:17:37,510 DEBUG   HandlerThread:341690 [handler.py:handle_request():124] handle_request: poll_exit
2021-09-19 05:17:37,510 DEBUG   SenderThread:341690 [sender.py:send_request():193] send_request: poll_exit
2021-09-19 05:17:37,612 DEBUG   HandlerThread:341690 [handler.py:handle_request():124] handle_request: poll_exit
2021-09-19 05:17:37,612 DEBUG   SenderThread:341690 [sender.py:send_request():193] send_request: poll_exit
2021-09-19 05:17:37,714 DEBUG   HandlerThread:341690 [handler.py:handle_request():124] handle_request: poll_exit
2021-09-19 05:17:37,714 DEBUG   SenderThread:341690 [sender.py:send_request():193] send_request: poll_exit
2021-09-19 05:17:37,816 DEBUG   HandlerThread:341690 [handler.py:handle_request():124] handle_request: poll_exit
2021-09-19 05:17:37,816 DEBUG   SenderThread:341690 [sender.py:send_request():193] send_request: poll_exit
2021-09-19 05:17:37,918 DEBUG   HandlerThread:341690 [handler.py:handle_request():124] handle_request: poll_exit
2021-09-19 05:17:37,918 DEBUG   SenderThread:341690 [sender.py:send_request():193] send_request: poll_exit
2021-09-19 05:17:38,020 DEBUG   HandlerThread:341690 [handler.py:handle_request():124] handle_request: poll_exit
2021-09-19 05:17:38,020 DEBUG   SenderThread:341690 [sender.py:send_request():193] send_request: poll_exit
2021-09-19 05:17:38,121 DEBUG   HandlerThread:341690 [handler.py:handle_request():124] handle_request: poll_exit
2021-09-19 05:17:38,122 DEBUG   SenderThread:341690 [sender.py:send_request():193] send_request: poll_exit
2021-09-19 05:17:38,234 DEBUG   HandlerThread:341690 [handler.py:handle_request():124] handle_request: poll_exit
2021-09-19 05:17:38,235 DEBUG   SenderThread:341690 [sender.py:send_request():193] send_request: poll_exit
2021-09-19 05:17:38,340 DEBUG   HandlerThread:341690 [handler.py:handle_request():124] handle_request: poll_exit
2021-09-19 05:17:38,341 DEBUG   SenderThread:341690 [sender.py:send_request():193] send_request: poll_exit
2021-09-19 05:17:38,351 ERROR   Thread-12 :341690 [internal_api.py:execute():130] 429 response executing GraphQL.
2021-09-19 05:17:38,351 ERROR   Thread-12 :341690 [internal_api.py:execute():131] {"error":"rate limit exceeded"}

2021-09-19 05:17:38,445 DEBUG   HandlerThread:341690 [handler.py:handle_request():124] handle_request: poll_exit
2021-09-19 05:17:38,446 DEBUG   SenderThread:341690 [sender.py:send_request():193] send_request: poll_exit
2021-09-19 05:17:38,552 DEBUG   HandlerThread:341690 [handler.py:handle_request():124] handle_request: poll_exit
2021-09-19 05:17:38,552 DEBUG   SenderThread:341690 [sender.py:send_request():193] send_request: poll_exit
2021-09-19 05:17:38,587 ERROR   Thread-14 :341690 [internal_api.py:execute():130] 429 response executing GraphQL.
2021-09-19 05:17:38,587 ERROR   Thread-14 :341690 [internal_api.py:execute():131] {"error":"rate limit exceeded"}

2021-09-19 05:17:38,657 DEBUG   HandlerThread:341690 [handler.py:handle_request():124] handle_request: poll_exit
2021-09-19 05:17:38,658 DEBUG   SenderThread:341690 [sender.py:send_request():193] send_request: poll_exit
2021-09-19 05:17:38,760 DEBUG   HandlerThread:341690 [handler.py:handle_request():124] handle_request: poll_exit
2021-09-19 05:17:38,760 DEBUG   SenderThread:341690 [sender.py:send_request():193] send_request: poll_exit
2021-09-19 05:17:38,857 ERROR   Thread-13 :341690 [internal_api.py:execute():130] 429 response executing GraphQL.
2021-09-19 05:17:38,857 ERROR   Thread-13 :341690 [internal_api.py:execute():131] {"error":"rate limit exceeded"}

2021-09-19 05:17:38,862 DEBUG   HandlerThread:341690 [handler.py:handle_request():124] handle_request: poll_exit
2021-09-19 05:17:38,863 DEBUG   SenderThread:341690 [sender.py:send_request():193] send_request: poll_exit
2021-09-19 05:17:38,965 DEBUG   HandlerThread:341690 [handler.py:handle_request():124] handle_request: poll_exit
2021-09-19 05:17:38,965 DEBUG   SenderThread:341690 [sender.py:send_request():193] send_request: poll_exit
2021-09-19 05:17:39,067 DEBUG   HandlerThread:341690 [handler.py:handle_request():124] handle_request: poll_exit
2021-09-19 05:17:39,067 DEBUG   SenderThread:341690 [sender.py:send_request():193] send_request: poll_exit
2021-09-19 05:17:39,170 DEBUG   HandlerThread:341690 [handler.py:handle_request():124] handle_request: poll_exit
2021-09-19 05:17:39,170 DEBUG   SenderThread:341690 [sender.py:send_request():193] send_request: poll_exit
2021-09-19 05:17:39,272 DEBUG   HandlerThread:341690 [handler.py:handle_request():124] handle_request: poll_exit
2021-09-19 05:17:39,273 DEBUG   SenderThread:341690 [sender.py:send_request():193] send_request: poll_exit
2021-09-19 05:17:39,375 DEBUG   HandlerThread:341690 [handler.py:handle_request():124] handle_request: poll_exit
2021-09-19 05:17:39,375 DEBUG   SenderThread:341690 [sender.py:send_request():193] send_request: poll_exit
2021-09-19 05:17:39,477 DEBUG   HandlerThread:341690 [handler.py:handle_request():124] handle_request: poll_exit
2021-09-19 05:17:39,477 DEBUG   SenderThread:341690 [sender.py:send_request():193] send_request: poll_exit
2021-09-19 05:17:39,579 DEBUG   HandlerThread:341690 [handler.py:handle_request():124] handle_request: poll_exit
2021-09-19 05:17:39,579 DEBUG   SenderThread:341690 [sender.py:send_request():193] send_request: poll_exit
2021-09-19 05:17:39,681 DEBUG   HandlerThread:341690 [handler.py:handle_request():124] handle_request: poll_exit
2021-09-19 05:17:39,681 DEBUG   SenderThread:341690 [sender.py:send_request():193] send_request: poll_exit
2021-09-19 05:17:39,783 DEBUG   HandlerThread:341690 [handler.py:handle_request():124] handle_request: poll_exit
2021-09-19 05:17:39,783 DEBUG   SenderThread:341690 [sender.py:send_request():193] send_request: poll_exit
2021-09-19 05:17:39,885 DEBUG   HandlerThread:341690 [handler.py:handle_request():124] handle_request: poll_exit
2021-09-19 05:17:39,885 DEBUG   SenderThread:341690 [sender.py:send_request():193] send_request: poll_exit
2021-09-19 05:17:39,987 DEBUG   HandlerThread:341690 [handler.py:handle_request():124] handle_request: poll_exit
2021-09-19 05:17:39,987 DEBUG   SenderThread:341690 [sender.py:send_request():193] send_request: poll_exit
2021-09-19 05:17:40,089 DEBUG   HandlerThread:341690 [handler.py:handle_request():124] handle_request: poll_exit
2021-09-19 05:17:40,089 DEBUG   SenderThread:341690 [sender.py:send_request():193] send_request: poll_exit
2021-09-19 05:17:40,191 DEBUG   HandlerThread:341690 [handler.py:handle_request():124] handle_request: poll_exit
2021-09-19 05:17:40,191 DEBUG   SenderThread:341690 [sender.py:send_request():193] send_request: poll_exit
2021-09-19 05:17:40,292 DEBUG   HandlerThread:341690 [handler.py:handle_request():124] handle_request: poll_exit
2021-09-19 05:17:40,293 DEBUG   SenderThread:341690 [sender.py:send_request():193] send_request: poll_exit
2021-09-19 05:17:40,394 DEBUG   HandlerThread:341690 [handler.py:handle_request():124] handle_request: poll_exit
2021-09-19 05:17:40,395 DEBUG   SenderThread:341690 [sender.py:send_request():193] send_request: poll_exit
2021-09-19 05:17:40,496 DEBUG   HandlerThread:341690 [handler.py:handle_request():124] handle_request: poll_exit
2021-09-19 05:17:40,496 DEBUG   SenderThread:341690 [sender.py:send_request():193] send_request: poll_exit
2021-09-19 05:17:40,598 DEBUG   HandlerThread:341690 [handler.py:handle_request():124] handle_request: poll_exit
2021-09-19 05:17:40,598 DEBUG   SenderThread:341690 [sender.py:send_request():193] send_request: poll_exit
2021-09-19 05:17:40,700 DEBUG   HandlerThread:341690 [handler.py:handle_request():124] handle_request: poll_exit
2021-09-19 05:17:40,700 DEBUG   SenderThread:341690 [sender.py:send_request():193] send_request: poll_exit
2021-09-19 05:17:40,802 DEBUG   HandlerThread:341690 [handler.py:handle_request():124] handle_request: poll_exit
2021-09-19 05:17:40,802 DEBUG   SenderThread:341690 [sender.py:send_request():193] send_request: poll_exit
2021-09-19 05:17:40,904 DEBUG   HandlerThread:341690 [handler.py:handle_request():124] handle_request: poll_exit
2021-09-19 05:17:40,904 DEBUG   SenderThread:341690 [sender.py:send_request():193] send_request: poll_exit
2021-09-19 05:17:41,006 DEBUG   HandlerThread:341690 [handler.py:handle_request():124] handle_request: poll_exit
2021-09-19 05:17:41,006 DEBUG   SenderThread:341690 [sender.py:send_request():193] send_request: poll_exit
2021-09-19 05:17:41,108 DEBUG   HandlerThread:341690 [handler.py:handle_request():124] handle_request: poll_exit
2021-09-19 05:17:41,108 DEBUG   SenderThread:341690 [sender.py:send_request():193] send_request: poll_exit
2021-09-19 05:17:41,210 DEBUG   HandlerThread:341690 [handler.py:handle_request():124] handle_request: poll_exit
2021-09-19 05:17:41,210 DEBUG   SenderThread:341690 [sender.py:send_request():193] send_request: poll_exit
2021-09-19 05:17:41,312 DEBUG   HandlerThread:341690 [handler.py:handle_request():124] handle_request: poll_exit
2021-09-19 05:17:41,312 DEBUG   SenderThread:341690 [sender.py:send_request():193] send_request: poll_exit
2021-09-19 05:17:41,414 DEBUG   HandlerThread:341690 [handler.py:handle_request():124] handle_request: poll_exit
2021-09-19 05:17:41,414 DEBUG   SenderThread:341690 [sender.py:send_request():193] send_request: poll_exit
2021-09-19 05:17:41,515 DEBUG   HandlerThread:341690 [handler.py:handle_request():124] handle_request: poll_exit
2021-09-19 05:17:41,516 DEBUG   SenderThread:341690 [sender.py:send_request():193] send_request: poll_exit
2021-09-19 05:17:41,618 DEBUG   HandlerThread:341690 [handler.py:handle_request():124] handle_request: poll_exit
2021-09-19 05:17:41,618 DEBUG   SenderThread:341690 [sender.py:send_request():193] send_request: poll_exit
2021-09-19 05:17:41,720 DEBUG   HandlerThread:341690 [handler.py:handle_request():124] handle_request: poll_exit
2021-09-19 05:17:41,720 DEBUG   SenderThread:341690 [sender.py:send_request():193] send_request: poll_exit
2021-09-19 05:17:41,822 DEBUG   HandlerThread:341690 [handler.py:handle_request():124] handle_request: poll_exit
2021-09-19 05:17:41,822 DEBUG   SenderThread:341690 [sender.py:send_request():193] send_request: poll_exit
2021-09-19 05:17:41,924 DEBUG   HandlerThread:341690 [handler.py:handle_request():124] handle_request: poll_exit
2021-09-19 05:17:41,924 DEBUG   SenderThread:341690 [sender.py:send_request():193] send_request: poll_exit
2021-09-19 05:17:42,026 DEBUG   HandlerThread:341690 [handler.py:handle_request():124] handle_request: poll_exit
2021-09-19 05:17:42,026 DEBUG   SenderThread:341690 [sender.py:send_request():193] send_request: poll_exit
2021-09-19 05:17:42,128 DEBUG   HandlerThread:341690 [handler.py:handle_request():124] handle_request: poll_exit
2021-09-19 05:17:42,128 DEBUG   SenderThread:341690 [sender.py:send_request():193] send_request: poll_exit
2021-09-19 05:17:42,230 DEBUG   HandlerThread:341690 [handler.py:handle_request():124] handle_request: poll_exit
2021-09-19 05:17:42,230 DEBUG   SenderThread:341690 [sender.py:send_request():193] send_request: poll_exit
2021-09-19 05:17:42,332 DEBUG   HandlerThread:341690 [handler.py:handle_request():124] handle_request: poll_exit
2021-09-19 05:17:42,332 DEBUG   SenderThread:341690 [sender.py:send_request():193] send_request: poll_exit
2021-09-19 05:17:42,434 DEBUG   HandlerThread:341690 [handler.py:handle_request():124] handle_request: poll_exit
2021-09-19 05:17:42,434 DEBUG   SenderThread:341690 [sender.py:send_request():193] send_request: poll_exit
2021-09-19 05:17:42,536 DEBUG   HandlerThread:341690 [handler.py:handle_request():124] handle_request: poll_exit
2021-09-19 05:17:42,536 DEBUG   SenderThread:341690 [sender.py:send_request():193] send_request: poll_exit
2021-09-19 05:17:42,638 DEBUG   HandlerThread:341690 [handler.py:handle_request():124] handle_request: poll_exit
2021-09-19 05:17:42,638 DEBUG   SenderThread:341690 [sender.py:send_request():193] send_request: poll_exit
2021-09-19 05:17:42,740 DEBUG   HandlerThread:341690 [handler.py:handle_request():124] handle_request: poll_exit
2021-09-19 05:17:42,740 DEBUG   SenderThread:341690 [sender.py:send_request():193] send_request: poll_exit
2021-09-19 05:17:42,841 DEBUG   HandlerThread:341690 [handler.py:handle_request():124] handle_request: poll_exit
2021-09-19 05:17:42,842 DEBUG   SenderThread:341690 [sender.py:send_request():193] send_request: poll_exit
2021-09-19 05:17:42,871 ERROR   Thread-12 :341690 [internal_api.py:execute():130] 429 response executing GraphQL.
2021-09-19 05:17:42,871 ERROR   Thread-12 :341690 [internal_api.py:execute():131] {"error":"rate limit exceeded"}

2021-09-19 05:17:42,943 DEBUG   HandlerThread:341690 [handler.py:handle_request():124] handle_request: poll_exit
2021-09-19 05:17:42,944 DEBUG   SenderThread:341690 [sender.py:send_request():193] send_request: poll_exit
2021-09-19 05:17:43,045 DEBUG   HandlerThread:341690 [handler.py:handle_request():124] handle_request: poll_exit
2021-09-19 05:17:43,046 DEBUG   SenderThread:341690 [sender.py:send_request():193] send_request: poll_exit
2021-09-19 05:17:43,120 ERROR   Thread-13 :341690 [internal_api.py:execute():130] 429 response executing GraphQL.
2021-09-19 05:17:43,121 ERROR   Thread-13 :341690 [internal_api.py:execute():131] {"error":"rate limit exceeded"}

2021-09-19 05:17:43,147 DEBUG   HandlerThread:341690 [handler.py:handle_request():124] handle_request: poll_exit
2021-09-19 05:17:43,148 DEBUG   SenderThread:341690 [sender.py:send_request():193] send_request: poll_exit
2021-09-19 05:17:43,249 DEBUG   HandlerThread:341690 [handler.py:handle_request():124] handle_request: poll_exit
2021-09-19 05:17:43,249 DEBUG   SenderThread:341690 [sender.py:send_request():193] send_request: poll_exit
2021-09-19 05:17:43,351 DEBUG   HandlerThread:341690 [handler.py:handle_request():124] handle_request: poll_exit
2021-09-19 05:17:43,351 DEBUG   SenderThread:341690 [sender.py:send_request():193] send_request: poll_exit
2021-09-19 05:17:43,403 ERROR   Thread-14 :341690 [internal_api.py:execute():130] 429 response executing GraphQL.
2021-09-19 05:17:43,403 ERROR   Thread-14 :341690 [internal_api.py:execute():131] {"error":"rate limit exceeded"}

2021-09-19 05:17:43,453 DEBUG   HandlerThread:341690 [handler.py:handle_request():124] handle_request: poll_exit
2021-09-19 05:17:43,453 DEBUG   SenderThread:341690 [sender.py:send_request():193] send_request: poll_exit
2021-09-19 05:17:43,555 DEBUG   HandlerThread:341690 [handler.py:handle_request():124] handle_request: poll_exit
2021-09-19 05:17:43,555 DEBUG   SenderThread:341690 [sender.py:send_request():193] send_request: poll_exit
2021-09-19 05:17:43,657 DEBUG   HandlerThread:341690 [handler.py:handle_request():124] handle_request: poll_exit
2021-09-19 05:17:43,657 DEBUG   SenderThread:341690 [sender.py:send_request():193] send_request: poll_exit
2021-09-19 05:17:43,759 DEBUG   HandlerThread:341690 [handler.py:handle_request():124] handle_request: poll_exit
2021-09-19 05:17:43,759 DEBUG   SenderThread:341690 [sender.py:send_request():193] send_request: poll_exit
2021-09-19 05:17:43,861 DEBUG   HandlerThread:341690 [handler.py:handle_request():124] handle_request: poll_exit
2021-09-19 05:17:43,861 DEBUG   SenderThread:341690 [sender.py:send_request():193] send_request: poll_exit
2021-09-19 05:17:43,963 DEBUG   HandlerThread:341690 [handler.py:handle_request():124] handle_request: poll_exit
2021-09-19 05:17:43,963 DEBUG   SenderThread:341690 [sender.py:send_request():193] send_request: poll_exit
2021-09-19 05:17:44,065 DEBUG   HandlerThread:341690 [handler.py:handle_request():124] handle_request: poll_exit
2021-09-19 05:17:44,065 DEBUG   SenderThread:341690 [sender.py:send_request():193] send_request: poll_exit
2021-09-19 05:17:44,167 DEBUG   HandlerThread:341690 [handler.py:handle_request():124] handle_request: poll_exit
2021-09-19 05:17:44,167 DEBUG   SenderThread:341690 [sender.py:send_request():193] send_request: poll_exit
2021-09-19 05:17:44,269 DEBUG   HandlerThread:341690 [handler.py:handle_request():124] handle_request: poll_exit
2021-09-19 05:17:44,269 DEBUG   SenderThread:341690 [sender.py:send_request():193] send_request: poll_exit
2021-09-19 05:17:44,371 DEBUG   HandlerThread:341690 [handler.py:handle_request():124] handle_request: poll_exit
2021-09-19 05:17:44,371 DEBUG   SenderThread:341690 [sender.py:send_request():193] send_request: poll_exit
2021-09-19 05:17:44,472 DEBUG   HandlerThread:341690 [handler.py:handle_request():124] handle_request: poll_exit
2021-09-19 05:17:44,473 DEBUG   SenderThread:341690 [sender.py:send_request():193] send_request: poll_exit
2021-09-19 05:17:44,574 DEBUG   HandlerThread:341690 [handler.py:handle_request():124] handle_request: poll_exit
2021-09-19 05:17:44,575 DEBUG   SenderThread:341690 [sender.py:send_request():193] send_request: poll_exit
2021-09-19 05:17:44,676 DEBUG   HandlerThread:341690 [handler.py:handle_request():124] handle_request: poll_exit
2021-09-19 05:17:44,676 DEBUG   SenderThread:341690 [sender.py:send_request():193] send_request: poll_exit
2021-09-19 05:17:44,778 DEBUG   HandlerThread:341690 [handler.py:handle_request():124] handle_request: poll_exit
2021-09-19 05:17:44,778 DEBUG   SenderThread:341690 [sender.py:send_request():193] send_request: poll_exit
2021-09-19 05:17:44,880 DEBUG   HandlerThread:341690 [handler.py:handle_request():124] handle_request: poll_exit
2021-09-19 05:17:44,880 DEBUG   SenderThread:341690 [sender.py:send_request():193] send_request: poll_exit
2021-09-19 05:17:44,982 DEBUG   HandlerThread:341690 [handler.py:handle_request():124] handle_request: poll_exit
2021-09-19 05:17:44,982 DEBUG   SenderThread:341690 [sender.py:send_request():193] send_request: poll_exit
2021-09-19 05:17:45,084 DEBUG   HandlerThread:341690 [handler.py:handle_request():124] handle_request: poll_exit
2021-09-19 05:17:45,084 DEBUG   SenderThread:341690 [sender.py:send_request():193] send_request: poll_exit
2021-09-19 05:17:45,186 DEBUG   HandlerThread:341690 [handler.py:handle_request():124] handle_request: poll_exit
2021-09-19 05:17:45,186 DEBUG   SenderThread:341690 [sender.py:send_request():193] send_request: poll_exit
2021-09-19 05:17:45,288 DEBUG   HandlerThread:341690 [handler.py:handle_request():124] handle_request: poll_exit
2021-09-19 05:17:45,288 DEBUG   SenderThread:341690 [sender.py:send_request():193] send_request: poll_exit
2021-09-19 05:17:45,390 DEBUG   HandlerThread:341690 [handler.py:handle_request():124] handle_request: poll_exit
2021-09-19 05:17:45,390 DEBUG   SenderThread:341690 [sender.py:send_request():193] send_request: poll_exit
2021-09-19 05:17:45,492 DEBUG   HandlerThread:341690 [handler.py:handle_request():124] handle_request: poll_exit
2021-09-19 05:17:45,492 DEBUG   SenderThread:341690 [sender.py:send_request():193] send_request: poll_exit
2021-09-19 05:17:45,594 DEBUG   HandlerThread:341690 [handler.py:handle_request():124] handle_request: poll_exit
2021-09-19 05:17:45,594 DEBUG   SenderThread:341690 [sender.py:send_request():193] send_request: poll_exit
2021-09-19 05:17:45,695 DEBUG   HandlerThread:341690 [handler.py:handle_request():124] handle_request: poll_exit
2021-09-19 05:17:45,696 DEBUG   SenderThread:341690 [sender.py:send_request():193] send_request: poll_exit
2021-09-19 05:17:45,797 DEBUG   HandlerThread:341690 [handler.py:handle_request():124] handle_request: poll_exit
2021-09-19 05:17:45,798 DEBUG   SenderThread:341690 [sender.py:send_request():193] send_request: poll_exit
2021-09-19 05:17:45,899 DEBUG   HandlerThread:341690 [handler.py:handle_request():124] handle_request: poll_exit
2021-09-19 05:17:45,900 DEBUG   SenderThread:341690 [sender.py:send_request():193] send_request: poll_exit
2021-09-19 05:17:46,001 DEBUG   HandlerThread:341690 [handler.py:handle_request():124] handle_request: poll_exit
2021-09-19 05:17:46,001 DEBUG   SenderThread:341690 [sender.py:send_request():193] send_request: poll_exit
2021-09-19 05:17:46,103 DEBUG   HandlerThread:341690 [handler.py:handle_request():124] handle_request: poll_exit
2021-09-19 05:17:46,103 DEBUG   SenderThread:341690 [sender.py:send_request():193] send_request: poll_exit
2021-09-19 05:17:46,205 DEBUG   HandlerThread:341690 [handler.py:handle_request():124] handle_request: poll_exit
2021-09-19 05:17:46,205 DEBUG   SenderThread:341690 [sender.py:send_request():193] send_request: poll_exit
2021-09-19 05:17:46,307 DEBUG   HandlerThread:341690 [handler.py:handle_request():124] handle_request: poll_exit
2021-09-19 05:17:46,307 DEBUG   SenderThread:341690 [sender.py:send_request():193] send_request: poll_exit
2021-09-19 05:17:46,409 DEBUG   HandlerThread:341690 [handler.py:handle_request():124] handle_request: poll_exit
2021-09-19 05:17:46,409 DEBUG   SenderThread:341690 [sender.py:send_request():193] send_request: poll_exit
2021-09-19 05:17:46,511 DEBUG   HandlerThread:341690 [handler.py:handle_request():124] handle_request: poll_exit
2021-09-19 05:17:46,511 DEBUG   SenderThread:341690 [sender.py:send_request():193] send_request: poll_exit
2021-09-19 05:17:46,612 DEBUG   HandlerThread:341690 [handler.py:handle_request():124] handle_request: poll_exit
2021-09-19 05:17:46,613 DEBUG   SenderThread:341690 [sender.py:send_request():193] send_request: poll_exit
2021-09-19 05:17:46,714 DEBUG   HandlerThread:341690 [handler.py:handle_request():124] handle_request: poll_exit
2021-09-19 05:17:46,715 DEBUG   SenderThread:341690 [sender.py:send_request():193] send_request: poll_exit
2021-09-19 05:17:46,819 DEBUG   HandlerThread:341690 [handler.py:handle_request():124] handle_request: poll_exit
2021-09-19 05:17:46,819 DEBUG   SenderThread:341690 [sender.py:send_request():193] send_request: poll_exit
2021-09-19 05:17:46,921 DEBUG   HandlerThread:341690 [handler.py:handle_request():124] handle_request: poll_exit
2021-09-19 05:17:46,921 DEBUG   SenderThread:341690 [sender.py:send_request():193] send_request: poll_exit
2021-09-19 05:17:47,023 DEBUG   HandlerThread:341690 [handler.py:handle_request():124] handle_request: poll_exit
2021-09-19 05:17:47,023 DEBUG   SenderThread:341690 [sender.py:send_request():193] send_request: poll_exit
2021-09-19 05:17:47,124 DEBUG   HandlerThread:341690 [handler.py:handle_request():124] handle_request: poll_exit
2021-09-19 05:17:47,125 DEBUG   SenderThread:341690 [sender.py:send_request():193] send_request: poll_exit
2021-09-19 05:17:47,226 DEBUG   HandlerThread:341690 [handler.py:handle_request():124] handle_request: poll_exit
2021-09-19 05:17:47,227 DEBUG   SenderThread:341690 [sender.py:send_request():193] send_request: poll_exit
2021-09-19 05:17:47,328 DEBUG   HandlerThread:341690 [handler.py:handle_request():124] handle_request: poll_exit
2021-09-19 05:17:47,328 DEBUG   SenderThread:341690 [sender.py:send_request():193] send_request: poll_exit
2021-09-19 05:17:47,430 DEBUG   HandlerThread:341690 [handler.py:handle_request():124] handle_request: poll_exit
2021-09-19 05:17:47,430 DEBUG   SenderThread:341690 [sender.py:send_request():193] send_request: poll_exit
2021-09-19 05:17:47,532 DEBUG   HandlerThread:341690 [handler.py:handle_request():124] handle_request: poll_exit
2021-09-19 05:17:47,532 DEBUG   SenderThread:341690 [sender.py:send_request():193] send_request: poll_exit
2021-09-19 05:17:47,634 DEBUG   HandlerThread:341690 [handler.py:handle_request():124] handle_request: poll_exit
2021-09-19 05:17:47,634 DEBUG   SenderThread:341690 [sender.py:send_request():193] send_request: poll_exit
2021-09-19 05:17:47,736 DEBUG   HandlerThread:341690 [handler.py:handle_request():124] handle_request: poll_exit
2021-09-19 05:17:47,736 DEBUG   SenderThread:341690 [sender.py:send_request():193] send_request: poll_exit
2021-09-19 05:17:47,838 DEBUG   HandlerThread:341690 [handler.py:handle_request():124] handle_request: poll_exit
2021-09-19 05:17:47,838 DEBUG   SenderThread:341690 [sender.py:send_request():193] send_request: poll_exit
2021-09-19 05:17:47,939 DEBUG   HandlerThread:341690 [handler.py:handle_request():124] handle_request: poll_exit
2021-09-19 05:17:47,940 DEBUG   SenderThread:341690 [sender.py:send_request():193] send_request: poll_exit
2021-09-19 05:17:48,041 DEBUG   HandlerThread:341690 [handler.py:handle_request():124] handle_request: poll_exit
2021-09-19 05:17:48,041 DEBUG   SenderThread:341690 [sender.py:send_request():193] send_request: poll_exit
2021-09-19 05:17:48,143 DEBUG   HandlerThread:341690 [handler.py:handle_request():124] handle_request: poll_exit
2021-09-19 05:17:48,143 DEBUG   SenderThread:341690 [sender.py:send_request():193] send_request: poll_exit
2021-09-19 05:17:48,245 DEBUG   HandlerThread:341690 [handler.py:handle_request():124] handle_request: poll_exit
2021-09-19 05:17:48,245 DEBUG   SenderThread:341690 [sender.py:send_request():193] send_request: poll_exit
2021-09-19 05:17:48,346 DEBUG   HandlerThread:341690 [handler.py:handle_request():124] handle_request: poll_exit
2021-09-19 05:17:48,346 DEBUG   SenderThread:341690 [sender.py:send_request():193] send_request: poll_exit
2021-09-19 05:17:48,448 DEBUG   HandlerThread:341690 [handler.py:handle_request():124] handle_request: poll_exit
2021-09-19 05:17:48,448 DEBUG   SenderThread:341690 [sender.py:send_request():193] send_request: poll_exit
2021-09-19 05:17:48,550 DEBUG   HandlerThread:341690 [handler.py:handle_request():124] handle_request: poll_exit
2021-09-19 05:17:48,550 DEBUG   SenderThread:341690 [sender.py:send_request():193] send_request: poll_exit
2021-09-19 05:17:48,652 DEBUG   HandlerThread:341690 [handler.py:handle_request():124] handle_request: poll_exit
2021-09-19 05:17:48,652 DEBUG   SenderThread:341690 [sender.py:send_request():193] send_request: poll_exit
2021-09-19 05:17:48,754 DEBUG   HandlerThread:341690 [handler.py:handle_request():124] handle_request: poll_exit
2021-09-19 05:17:48,754 DEBUG   SenderThread:341690 [sender.py:send_request():193] send_request: poll_exit
2021-09-19 05:17:48,855 DEBUG   HandlerThread:341690 [handler.py:handle_request():124] handle_request: poll_exit
2021-09-19 05:17:48,856 DEBUG   SenderThread:341690 [sender.py:send_request():193] send_request: poll_exit
2021-09-19 05:17:48,957 DEBUG   HandlerThread:341690 [handler.py:handle_request():124] handle_request: poll_exit
2021-09-19 05:17:48,957 DEBUG   SenderThread:341690 [sender.py:send_request():193] send_request: poll_exit
2021-09-19 05:17:49,059 DEBUG   HandlerThread:341690 [handler.py:handle_request():124] handle_request: poll_exit
2021-09-19 05:17:49,059 DEBUG   SenderThread:341690 [sender.py:send_request():193] send_request: poll_exit
2021-09-19 05:17:49,161 DEBUG   HandlerThread:341690 [handler.py:handle_request():124] handle_request: poll_exit
2021-09-19 05:17:49,161 DEBUG   SenderThread:341690 [sender.py:send_request():193] send_request: poll_exit
2021-09-19 05:17:49,263 DEBUG   HandlerThread:341690 [handler.py:handle_request():124] handle_request: poll_exit
2021-09-19 05:17:49,263 DEBUG   SenderThread:341690 [sender.py:send_request():193] send_request: poll_exit
2021-09-19 05:17:49,365 DEBUG   HandlerThread:341690 [handler.py:handle_request():124] handle_request: poll_exit
2021-09-19 05:17:49,365 DEBUG   SenderThread:341690 [sender.py:send_request():193] send_request: poll_exit
2021-09-19 05:17:49,467 DEBUG   HandlerThread:341690 [handler.py:handle_request():124] handle_request: poll_exit
2021-09-19 05:17:49,467 DEBUG   SenderThread:341690 [sender.py:send_request():193] send_request: poll_exit
2021-09-19 05:17:49,569 DEBUG   HandlerThread:341690 [handler.py:handle_request():124] handle_request: poll_exit
2021-09-19 05:17:49,569 DEBUG   SenderThread:341690 [sender.py:send_request():193] send_request: poll_exit
2021-09-19 05:17:49,671 DEBUG   HandlerThread:341690 [handler.py:handle_request():124] handle_request: poll_exit
2021-09-19 05:17:49,671 DEBUG   SenderThread:341690 [sender.py:send_request():193] send_request: poll_exit
2021-09-19 05:17:49,772 DEBUG   HandlerThread:341690 [handler.py:handle_request():124] handle_request: poll_exit
2021-09-19 05:17:49,773 DEBUG   SenderThread:341690 [sender.py:send_request():193] send_request: poll_exit
2021-09-19 05:17:49,874 DEBUG   HandlerThread:341690 [handler.py:handle_request():124] handle_request: poll_exit
2021-09-19 05:17:49,875 DEBUG   SenderThread:341690 [sender.py:send_request():193] send_request: poll_exit
2021-09-19 05:17:49,976 DEBUG   HandlerThread:341690 [handler.py:handle_request():124] handle_request: poll_exit
2021-09-19 05:17:49,977 DEBUG   SenderThread:341690 [sender.py:send_request():193] send_request: poll_exit
2021-09-19 05:17:50,078 DEBUG   HandlerThread:341690 [handler.py:handle_request():124] handle_request: poll_exit
2021-09-19 05:17:50,079 DEBUG   SenderThread:341690 [sender.py:send_request():193] send_request: poll_exit
2021-09-19 05:17:50,180 DEBUG   HandlerThread:341690 [handler.py:handle_request():124] handle_request: poll_exit
2021-09-19 05:17:50,180 DEBUG   SenderThread:341690 [sender.py:send_request():193] send_request: poll_exit
2021-09-19 05:17:50,282 DEBUG   HandlerThread:341690 [handler.py:handle_request():124] handle_request: poll_exit
2021-09-19 05:17:50,283 DEBUG   SenderThread:341690 [sender.py:send_request():193] send_request: poll_exit
2021-09-19 05:17:50,384 DEBUG   HandlerThread:341690 [handler.py:handle_request():124] handle_request: poll_exit
2021-09-19 05:17:50,385 DEBUG   SenderThread:341690 [sender.py:send_request():193] send_request: poll_exit
2021-09-19 05:17:50,486 DEBUG   HandlerThread:341690 [handler.py:handle_request():124] handle_request: poll_exit
2021-09-19 05:17:50,486 DEBUG   SenderThread:341690 [sender.py:send_request():193] send_request: poll_exit
2021-09-19 05:17:50,588 DEBUG   HandlerThread:341690 [handler.py:handle_request():124] handle_request: poll_exit
2021-09-19 05:17:50,588 DEBUG   SenderThread:341690 [sender.py:send_request():193] send_request: poll_exit
2021-09-19 05:17:50,690 DEBUG   HandlerThread:341690 [handler.py:handle_request():124] handle_request: poll_exit
2021-09-19 05:17:50,690 DEBUG   SenderThread:341690 [sender.py:send_request():193] send_request: poll_exit
2021-09-19 05:17:50,792 DEBUG   HandlerThread:341690 [handler.py:handle_request():124] handle_request: poll_exit
2021-09-19 05:17:50,792 DEBUG   SenderThread:341690 [sender.py:send_request():193] send_request: poll_exit
2021-09-19 05:17:50,894 DEBUG   HandlerThread:341690 [handler.py:handle_request():124] handle_request: poll_exit
2021-09-19 05:17:50,894 DEBUG   SenderThread:341690 [sender.py:send_request():193] send_request: poll_exit
2021-09-19 05:17:50,996 DEBUG   HandlerThread:341690 [handler.py:handle_request():124] handle_request: poll_exit
2021-09-19 05:17:50,996 DEBUG   SenderThread:341690 [sender.py:send_request():193] send_request: poll_exit
2021-09-19 05:17:51,098 DEBUG   HandlerThread:341690 [handler.py:handle_request():124] handle_request: poll_exit
2021-09-19 05:17:51,098 DEBUG   SenderThread:341690 [sender.py:send_request():193] send_request: poll_exit
2021-09-19 05:17:51,200 DEBUG   HandlerThread:341690 [handler.py:handle_request():124] handle_request: poll_exit
2021-09-19 05:17:51,200 DEBUG   SenderThread:341690 [sender.py:send_request():193] send_request: poll_exit
2021-09-19 05:17:51,302 DEBUG   HandlerThread:341690 [handler.py:handle_request():124] handle_request: poll_exit
2021-09-19 05:17:51,302 DEBUG   SenderThread:341690 [sender.py:send_request():193] send_request: poll_exit
2021-09-19 05:17:51,404 DEBUG   HandlerThread:341690 [handler.py:handle_request():124] handle_request: poll_exit
2021-09-19 05:17:51,404 DEBUG   SenderThread:341690 [sender.py:send_request():193] send_request: poll_exit
2021-09-19 05:17:51,506 DEBUG   HandlerThread:341690 [handler.py:handle_request():124] handle_request: poll_exit
2021-09-19 05:17:51,506 DEBUG   SenderThread:341690 [sender.py:send_request():193] send_request: poll_exit
2021-09-19 05:17:51,608 DEBUG   HandlerThread:341690 [handler.py:handle_request():124] handle_request: poll_exit
2021-09-19 05:17:51,608 DEBUG   SenderThread:341690 [sender.py:send_request():193] send_request: poll_exit
2021-09-19 05:17:51,676 INFO    Thread-13 :341690 [upload_job.py:push():137] Uploaded file /grid/koo/home/toneyan/profile/QuantPred/wandb/run-20210919_051659-z4ygvk73/files/requirements.txt
2021-09-19 05:17:51,710 DEBUG   HandlerThread:341690 [handler.py:handle_request():124] handle_request: poll_exit
2021-09-19 05:17:51,710 DEBUG   SenderThread:341690 [sender.py:send_request():193] send_request: poll_exit
2021-09-19 05:17:51,812 DEBUG   HandlerThread:341690 [handler.py:handle_request():124] handle_request: poll_exit
2021-09-19 05:17:51,812 DEBUG   SenderThread:341690 [sender.py:send_request():193] send_request: poll_exit
2021-09-19 05:17:51,914 DEBUG   HandlerThread:341690 [handler.py:handle_request():124] handle_request: poll_exit
2021-09-19 05:17:51,914 DEBUG   SenderThread:341690 [sender.py:send_request():193] send_request: poll_exit
2021-09-19 05:17:52,015 DEBUG   HandlerThread:341690 [handler.py:handle_request():124] handle_request: poll_exit
2021-09-19 05:17:52,016 DEBUG   SenderThread:341690 [sender.py:send_request():193] send_request: poll_exit
2021-09-19 05:17:52,117 DEBUG   HandlerThread:341690 [handler.py:handle_request():124] handle_request: poll_exit
2021-09-19 05:17:52,118 DEBUG   SenderThread:341690 [sender.py:send_request():193] send_request: poll_exit
2021-09-19 05:17:52,219 DEBUG   HandlerThread:341690 [handler.py:handle_request():124] handle_request: poll_exit
2021-09-19 05:17:52,219 DEBUG   SenderThread:341690 [sender.py:send_request():193] send_request: poll_exit
2021-09-19 05:17:52,223 INFO    Thread-12 :341690 [upload_job.py:push():137] Uploaded file /grid/koo/home/toneyan/profile/QuantPred/wandb/run-20210919_051659-z4ygvk73/files/config.yaml
2021-09-19 05:17:52,321 DEBUG   HandlerThread:341690 [handler.py:handle_request():124] handle_request: poll_exit
2021-09-19 05:17:52,321 DEBUG   SenderThread:341690 [sender.py:send_request():193] send_request: poll_exit
2021-09-19 05:17:52,423 DEBUG   HandlerThread:341690 [handler.py:handle_request():124] handle_request: poll_exit
2021-09-19 05:17:52,423 DEBUG   SenderThread:341690 [sender.py:send_request():193] send_request: poll_exit
2021-09-19 05:17:52,524 DEBUG   HandlerThread:341690 [handler.py:handle_request():124] handle_request: poll_exit
2021-09-19 05:17:52,525 DEBUG   SenderThread:341690 [sender.py:send_request():193] send_request: poll_exit
2021-09-19 05:17:52,626 DEBUG   HandlerThread:341690 [handler.py:handle_request():124] handle_request: poll_exit
2021-09-19 05:17:52,627 DEBUG   SenderThread:341690 [sender.py:send_request():193] send_request: poll_exit
2021-09-19 05:17:52,728 DEBUG   HandlerThread:341690 [handler.py:handle_request():124] handle_request: poll_exit
2021-09-19 05:17:52,728 DEBUG   SenderThread:341690 [sender.py:send_request():193] send_request: poll_exit
2021-09-19 05:17:52,830 DEBUG   HandlerThread:341690 [handler.py:handle_request():124] handle_request: poll_exit
2021-09-19 05:17:52,830 DEBUG   SenderThread:341690 [sender.py:send_request():193] send_request: poll_exit
2021-09-19 05:17:52,932 DEBUG   HandlerThread:341690 [handler.py:handle_request():124] handle_request: poll_exit
2021-09-19 05:17:52,932 DEBUG   SenderThread:341690 [sender.py:send_request():193] send_request: poll_exit
2021-09-19 05:17:53,040 DEBUG   HandlerThread:341690 [handler.py:handle_request():124] handle_request: poll_exit
2021-09-19 05:17:53,040 DEBUG   SenderThread:341690 [sender.py:send_request():193] send_request: poll_exit
2021-09-19 05:17:53,130 INFO    Thread-14 :341690 [upload_job.py:push():137] Uploaded file /grid/koo/home/toneyan/profile/QuantPred/wandb/run-20210919_051659-z4ygvk73/files/wandb-summary.json
2021-09-19 05:17:53,142 DEBUG   HandlerThread:341690 [handler.py:handle_request():124] handle_request: poll_exit
2021-09-19 05:17:53,142 DEBUG   SenderThread:341690 [sender.py:send_request():193] send_request: poll_exit
2021-09-19 05:17:53,244 DEBUG   HandlerThread:341690 [handler.py:handle_request():124] handle_request: poll_exit
2021-09-19 05:17:53,244 DEBUG   SenderThread:341690 [sender.py:send_request():193] send_request: poll_exit
2021-09-19 05:17:53,331 INFO    Thread-7  :341690 [sender.py:transition_state():308] send defer: 7
2021-09-19 05:17:53,332 DEBUG   HandlerThread:341690 [handler.py:handle_request():124] handle_request: defer
2021-09-19 05:17:53,332 INFO    HandlerThread:341690 [handler.py:handle_request_defer():141] handle defer: 7
2021-09-19 05:17:53,332 DEBUG   SenderThread:341690 [sender.py:send_request():193] send_request: defer
2021-09-19 05:17:53,332 INFO    SenderThread:341690 [sender.py:send_request_defer():304] handle sender defer: 7
2021-09-19 05:17:53,346 DEBUG   HandlerThread:341690 [handler.py:handle_request():124] handle_request: poll_exit
2021-09-19 05:17:53,386 INFO    SenderThread:341690 [sender.py:transition_state():308] send defer: 8
2021-09-19 05:17:53,386 DEBUG   SenderThread:341690 [sender.py:send_request():193] send_request: poll_exit
2021-09-19 05:17:53,387 DEBUG   HandlerThread:341690 [handler.py:handle_request():124] handle_request: defer
2021-09-19 05:17:53,387 INFO    HandlerThread:341690 [handler.py:handle_request_defer():141] handle defer: 8
2021-09-19 05:17:53,387 DEBUG   SenderThread:341690 [sender.py:send_request():193] send_request: defer
2021-09-19 05:17:53,387 INFO    SenderThread:341690 [sender.py:send_request_defer():304] handle sender defer: 8
2021-09-19 05:17:53,387 INFO    SenderThread:341690 [sender.py:transition_state():308] send defer: 9
2021-09-19 05:17:53,388 DEBUG   SenderThread:341690 [sender.py:send():179] send: final
2021-09-19 05:17:53,388 DEBUG   HandlerThread:341690 [handler.py:handle_request():124] handle_request: defer
2021-09-19 05:17:53,388 DEBUG   SenderThread:341690 [sender.py:send():179] send: footer
2021-09-19 05:17:53,388 INFO    HandlerThread:341690 [handler.py:handle_request_defer():141] handle defer: 9
2021-09-19 05:17:53,388 DEBUG   SenderThread:341690 [sender.py:send_request():193] send_request: defer
2021-09-19 05:17:53,388 INFO    SenderThread:341690 [sender.py:send_request_defer():304] handle sender defer: 9
2021-09-19 05:17:53,488 DEBUG   HandlerThread:341690 [handler.py:handle_request():124] handle_request: poll_exit
2021-09-19 05:17:53,488 DEBUG   SenderThread:341690 [sender.py:send_request():193] send_request: poll_exit
2021-09-19 05:17:53,489 INFO    SenderThread:341690 [file_pusher.py:join():182] waiting for file pusher
2021-09-19 05:17:53,490 DEBUG   HandlerThread:341690 [handler.py:handle_request():124] handle_request: get_summary
2021-09-19 05:17:53,490 DEBUG   HandlerThread:341690 [handler.py:handle_request():124] handle_request: sampled_history
2021-09-19 05:17:53,491 DEBUG   HandlerThread:341690 [handler.py:handle_request():124] handle_request: shutdown
2021-09-19 05:17:53,491 INFO    HandlerThread:341690 [handler.py:finish():638] shutting down handler
2021-09-19 05:17:54,388 INFO    WriterThread:341690 [datastore.py:close():288] close: /grid/koo/home/toneyan/profile/QuantPred/wandb/run-20210919_051659-z4ygvk73/run-z4ygvk73.wandb
2021-09-19 05:17:54,489 INFO    SenderThread:341690 [sender.py:finish():945] shutting down sender
2021-09-19 05:17:54,489 INFO    SenderThread:341690 [file_pusher.py:finish():177] shutting down file pusher
2021-09-19 05:17:54,489 INFO    SenderThread:341690 [file_pusher.py:join():182] waiting for file pusher
2021-09-19 05:17:54,491 INFO    MainThread:341690 [internal.py:handle_exit():78] Internal process exited
