2021-09-19 09:20:16,656 INFO    MainThread:1120868 [internal.py:wandb_internal():91] W&B internal server running at pid: 1120868, started at: 2021-09-19 09:20:16.655907
2021-09-19 09:20:16,658 DEBUG   HandlerThread:1120868 [handler.py:handle_request():124] handle_request: check_version
2021-09-19 09:20:16,658 INFO    WriterThread:1120868 [datastore.py:open_for_write():80] open: /grid/koo/home/toneyan/profile/QuantPred/wandb/run-20210919_092015-r730hl9l/run-r730hl9l.wandb
2021-09-19 09:20:16,660 DEBUG   SenderThread:1120868 [sender.py:send():179] send: header
2021-09-19 09:20:16,660 DEBUG   SenderThread:1120868 [sender.py:send_request():193] send_request: check_version
2021-09-19 09:20:16,698 DEBUG   SenderThread:1120868 [sender.py:send():179] send: run
2021-09-19 09:20:16,789 INFO    SenderThread:1120868 [dir_watcher.py:__init__():168] watching files in: /grid/koo/home/toneyan/profile/QuantPred/wandb/run-20210919_092015-r730hl9l/files
2021-09-19 09:20:16,789 INFO    SenderThread:1120868 [sender.py:_start_run_threads():719] run started: r730hl9l with start time 1632057616
2021-09-19 09:20:16,789 DEBUG   SenderThread:1120868 [sender.py:send():179] send: summary
2021-09-19 09:20:16,790 DEBUG   HandlerThread:1120868 [handler.py:handle_request():124] handle_request: run_start
2021-09-19 09:20:16,791 INFO    SenderThread:1120868 [sender.py:_save_file():841] saving file wandb-summary.json with policy end
2021-09-19 09:20:17,793 INFO    Thread-8  :1120868 [dir_watcher.py:_on_file_created():216] file/dir created: /grid/koo/home/toneyan/profile/QuantPred/wandb/run-20210919_092015-r730hl9l/files/wandb-summary.json
2021-09-19 09:20:18,048 DEBUG   HandlerThread:1120868 [meta.py:__init__():39] meta init
2021-09-19 09:20:18,049 DEBUG   HandlerThread:1120868 [meta.py:__init__():53] meta init done
2021-09-19 09:20:18,049 DEBUG   HandlerThread:1120868 [meta.py:probe():210] probe
2021-09-19 09:20:18,055 DEBUG   HandlerThread:1120868 [meta.py:_save_pip():57] save pip
2021-09-19 09:20:18,057 DEBUG   HandlerThread:1120868 [meta.py:_save_pip():71] save pip done
2021-09-19 09:20:18,057 DEBUG   HandlerThread:1120868 [meta.py:probe():252] probe done
2021-09-19 09:20:18,060 DEBUG   SenderThread:1120868 [sender.py:send():179] send: files
2021-09-19 09:20:18,060 INFO    SenderThread:1120868 [sender.py:_save_file():841] saving file wandb-metadata.json with policy now
2021-09-19 09:20:18,067 DEBUG   HandlerThread:1120868 [handler.py:handle_request():124] handle_request: stop_status
2021-09-19 09:20:18,067 DEBUG   SenderThread:1120868 [sender.py:send_request():193] send_request: stop_status
2021-09-19 09:20:18,440 INFO    Thread-11 :1120868 [upload_job.py:push():137] Uploaded file /tmp/3288846.1.gpu_ded.q/tmpjwlko1d1wandb/2h0gcufq-wandb-metadata.json
2021-09-19 09:20:18,792 INFO    Thread-8  :1120868 [dir_watcher.py:_on_file_created():216] file/dir created: /grid/koo/home/toneyan/profile/QuantPred/wandb/run-20210919_092015-r730hl9l/files/requirements.txt
2021-09-19 09:20:18,792 INFO    Thread-8  :1120868 [dir_watcher.py:_on_file_created():216] file/dir created: /grid/koo/home/toneyan/profile/QuantPred/wandb/run-20210919_092015-r730hl9l/files/wandb-metadata.json
2021-09-19 09:20:18,792 INFO    Thread-8  :1120868 [dir_watcher.py:_on_file_created():216] file/dir created: /grid/koo/home/toneyan/profile/QuantPred/wandb/run-20210919_092015-r730hl9l/files/output.log
2021-09-19 09:20:33,131 DEBUG   HandlerThread:1120868 [handler.py:handle_request():124] handle_request: stop_status
2021-09-19 09:20:33,131 DEBUG   SenderThread:1120868 [sender.py:send_request():193] send_request: stop_status
2021-09-19 09:20:46,452 DEBUG   SenderThread:1120868 [sender.py:send():179] send: stats
2021-09-19 09:20:48,196 DEBUG   HandlerThread:1120868 [handler.py:handle_request():124] handle_request: stop_status
2021-09-19 09:20:48,196 DEBUG   SenderThread:1120868 [sender.py:send_request():193] send_request: stop_status
2021-09-19 09:20:50,614 DEBUG   HandlerThread:1120868 [handler.py:handle_request():124] handle_request: poll_exit
2021-09-19 09:20:50,614 DEBUG   SenderThread:1120868 [sender.py:send():179] send: telemetry
2021-09-19 09:20:50,614 DEBUG   SenderThread:1120868 [sender.py:send():179] send: exit
2021-09-19 09:20:50,614 INFO    SenderThread:1120868 [sender.py:send_exit():287] handling exit code: 1
2021-09-19 09:20:50,614 INFO    SenderThread:1120868 [sender.py:send_exit():295] send defer
2021-09-19 09:20:50,614 DEBUG   SenderThread:1120868 [sender.py:send_request():193] send_request: poll_exit
2021-09-19 09:20:50,615 DEBUG   HandlerThread:1120868 [handler.py:handle_request():124] handle_request: defer
2021-09-19 09:20:50,615 INFO    HandlerThread:1120868 [handler.py:handle_request_defer():141] handle defer: 0
2021-09-19 09:20:50,615 DEBUG   SenderThread:1120868 [sender.py:send_request():193] send_request: defer
2021-09-19 09:20:50,615 INFO    SenderThread:1120868 [sender.py:send_request_defer():304] handle sender defer: 0
2021-09-19 09:20:50,615 INFO    SenderThread:1120868 [sender.py:transition_state():308] send defer: 1
2021-09-19 09:20:50,615 DEBUG   HandlerThread:1120868 [handler.py:handle_request():124] handle_request: defer
2021-09-19 09:20:50,615 INFO    HandlerThread:1120868 [handler.py:handle_request_defer():141] handle defer: 1
2021-09-19 09:20:50,719 DEBUG   SenderThread:1120868 [sender.py:send_request():193] send_request: defer
2021-09-19 09:20:50,719 INFO    SenderThread:1120868 [sender.py:send_request_defer():304] handle sender defer: 1
2021-09-19 09:20:50,719 DEBUG   HandlerThread:1120868 [handler.py:handle_request():124] handle_request: poll_exit
2021-09-19 09:20:50,719 INFO    SenderThread:1120868 [sender.py:transition_state():308] send defer: 2
2021-09-19 09:20:50,719 DEBUG   SenderThread:1120868 [sender.py:send_request():193] send_request: poll_exit
2021-09-19 09:20:50,720 DEBUG   SenderThread:1120868 [sender.py:send():179] send: stats
2021-09-19 09:20:50,720 DEBUG   HandlerThread:1120868 [handler.py:handle_request():124] handle_request: defer
2021-09-19 09:20:50,722 INFO    HandlerThread:1120868 [handler.py:handle_request_defer():141] handle defer: 2
2021-09-19 09:20:50,722 DEBUG   SenderThread:1120868 [sender.py:send_request():193] send_request: defer
2021-09-19 09:20:50,722 INFO    SenderThread:1120868 [sender.py:send_request_defer():304] handle sender defer: 2
2021-09-19 09:20:50,722 INFO    SenderThread:1120868 [sender.py:transition_state():308] send defer: 3
2021-09-19 09:20:50,723 DEBUG   HandlerThread:1120868 [handler.py:handle_request():124] handle_request: defer
2021-09-19 09:20:50,723 INFO    HandlerThread:1120868 [handler.py:handle_request_defer():141] handle defer: 3
2021-09-19 09:20:50,723 DEBUG   SenderThread:1120868 [sender.py:send():179] send: summary
2021-09-19 09:20:50,724 INFO    SenderThread:1120868 [sender.py:_save_file():841] saving file wandb-summary.json with policy end
2021-09-19 09:20:50,724 DEBUG   SenderThread:1120868 [sender.py:send_request():193] send_request: defer
2021-09-19 09:20:50,724 INFO    SenderThread:1120868 [sender.py:send_request_defer():304] handle sender defer: 3
2021-09-19 09:20:50,724 INFO    SenderThread:1120868 [sender.py:transition_state():308] send defer: 4
2021-09-19 09:20:50,724 DEBUG   HandlerThread:1120868 [handler.py:handle_request():124] handle_request: defer
2021-09-19 09:20:50,724 INFO    HandlerThread:1120868 [handler.py:handle_request_defer():141] handle defer: 4
2021-09-19 09:20:50,724 DEBUG   SenderThread:1120868 [sender.py:send_request():193] send_request: defer
2021-09-19 09:20:50,724 INFO    SenderThread:1120868 [sender.py:send_request_defer():304] handle sender defer: 4
2021-09-19 09:20:50,803 INFO    Thread-8  :1120868 [dir_watcher.py:_on_file_modified():229] file/dir modified: /grid/koo/home/toneyan/profile/QuantPred/wandb/run-20210919_092015-r730hl9l/files/wandb-summary.json
2021-09-19 09:20:50,814 INFO    SenderThread:1120868 [sender.py:transition_state():308] send defer: 5
2021-09-19 09:20:50,814 DEBUG   HandlerThread:1120868 [handler.py:handle_request():124] handle_request: defer
2021-09-19 09:20:50,814 INFO    HandlerThread:1120868 [handler.py:handle_request_defer():141] handle defer: 5
2021-09-19 09:20:50,815 DEBUG   SenderThread:1120868 [sender.py:send_request():193] send_request: defer
2021-09-19 09:20:50,815 INFO    SenderThread:1120868 [sender.py:send_request_defer():304] handle sender defer: 5
2021-09-19 09:20:50,815 INFO    SenderThread:1120868 [dir_watcher.py:finish():282] shutting down directory watcher
2021-09-19 09:20:50,821 DEBUG   HandlerThread:1120868 [handler.py:handle_request():124] handle_request: poll_exit
2021-09-19 09:20:51,803 INFO    Thread-8  :1120868 [dir_watcher.py:_on_file_modified():229] file/dir modified: /grid/koo/home/toneyan/profile/QuantPred/wandb/run-20210919_092015-r730hl9l/files/config.yaml
2021-09-19 09:20:51,804 INFO    SenderThread:1120868 [dir_watcher.py:finish():312] scan: /grid/koo/home/toneyan/profile/QuantPred/wandb/run-20210919_092015-r730hl9l/files
2021-09-19 09:20:51,804 INFO    SenderThread:1120868 [dir_watcher.py:finish():318] scan save: /grid/koo/home/toneyan/profile/QuantPred/wandb/run-20210919_092015-r730hl9l/files/wandb-metadata.json wandb-metadata.json
2021-09-19 09:20:51,804 INFO    SenderThread:1120868 [dir_watcher.py:finish():318] scan save: /grid/koo/home/toneyan/profile/QuantPred/wandb/run-20210919_092015-r730hl9l/files/config.yaml config.yaml
2021-09-19 09:20:51,804 INFO    SenderThread:1120868 [dir_watcher.py:finish():318] scan save: /grid/koo/home/toneyan/profile/QuantPred/wandb/run-20210919_092015-r730hl9l/files/requirements.txt requirements.txt
2021-09-19 09:20:51,805 INFO    SenderThread:1120868 [dir_watcher.py:finish():318] scan save: /grid/koo/home/toneyan/profile/QuantPred/wandb/run-20210919_092015-r730hl9l/files/wandb-summary.json wandb-summary.json
2021-09-19 09:20:51,808 INFO    SenderThread:1120868 [dir_watcher.py:finish():318] scan save: /grid/koo/home/toneyan/profile/QuantPred/wandb/run-20210919_092015-r730hl9l/files/output.log output.log
2021-09-19 09:20:51,812 INFO    SenderThread:1120868 [sender.py:transition_state():308] send defer: 6
2021-09-19 09:20:51,812 DEBUG   SenderThread:1120868 [sender.py:send_request():193] send_request: poll_exit
2021-09-19 09:20:51,818 DEBUG   HandlerThread:1120868 [handler.py:handle_request():124] handle_request: defer
2021-09-19 09:20:51,818 INFO    HandlerThread:1120868 [handler.py:handle_request_defer():141] handle defer: 6
2021-09-19 09:20:51,818 DEBUG   SenderThread:1120868 [sender.py:send_request():193] send_request: defer
2021-09-19 09:20:51,818 INFO    SenderThread:1120868 [sender.py:send_request_defer():304] handle sender defer: 6
2021-09-19 09:20:51,818 INFO    SenderThread:1120868 [file_pusher.py:finish():177] shutting down file pusher
2021-09-19 09:20:51,919 DEBUG   HandlerThread:1120868 [handler.py:handle_request():124] handle_request: poll_exit
2021-09-19 09:20:51,920 DEBUG   SenderThread:1120868 [sender.py:send_request():193] send_request: poll_exit
2021-09-19 09:20:52,021 DEBUG   HandlerThread:1120868 [handler.py:handle_request():124] handle_request: poll_exit
2021-09-19 09:20:52,022 DEBUG   SenderThread:1120868 [sender.py:send_request():193] send_request: poll_exit
2021-09-19 09:20:52,112 INFO    Thread-13 :1120868 [upload_job.py:push():137] Uploaded file /grid/koo/home/toneyan/profile/QuantPred/wandb/run-20210919_092015-r730hl9l/files/requirements.txt
2021-09-19 09:20:52,115 INFO    Thread-14 :1120868 [upload_job.py:push():137] Uploaded file /grid/koo/home/toneyan/profile/QuantPred/wandb/run-20210919_092015-r730hl9l/files/wandb-summary.json
2021-09-19 09:20:52,124 DEBUG   HandlerThread:1120868 [handler.py:handle_request():124] handle_request: poll_exit
2021-09-19 09:20:52,124 DEBUG   SenderThread:1120868 [sender.py:send_request():193] send_request: poll_exit
2021-09-19 09:20:52,218 INFO    Thread-12 :1120868 [upload_job.py:push():137] Uploaded file /grid/koo/home/toneyan/profile/QuantPred/wandb/run-20210919_092015-r730hl9l/files/config.yaml
2021-09-19 09:20:52,239 DEBUG   HandlerThread:1120868 [handler.py:handle_request():124] handle_request: poll_exit
2021-09-19 09:20:52,240 DEBUG   SenderThread:1120868 [sender.py:send_request():193] send_request: poll_exit
2021-09-19 09:20:52,342 DEBUG   HandlerThread:1120868 [handler.py:handle_request():124] handle_request: poll_exit
2021-09-19 09:20:52,342 DEBUG   SenderThread:1120868 [sender.py:send_request():193] send_request: poll_exit
2021-09-19 09:20:52,419 INFO    Thread-7  :1120868 [sender.py:transition_state():308] send defer: 7
2021-09-19 09:20:52,420 DEBUG   HandlerThread:1120868 [handler.py:handle_request():124] handle_request: defer
2021-09-19 09:20:52,420 INFO    HandlerThread:1120868 [handler.py:handle_request_defer():141] handle defer: 7
2021-09-19 09:20:52,420 DEBUG   SenderThread:1120868 [sender.py:send_request():193] send_request: defer
2021-09-19 09:20:52,420 INFO    SenderThread:1120868 [sender.py:send_request_defer():304] handle sender defer: 7
2021-09-19 09:20:52,444 DEBUG   HandlerThread:1120868 [handler.py:handle_request():124] handle_request: poll_exit
2021-09-19 09:20:52,521 INFO    SenderThread:1120868 [sender.py:transition_state():308] send defer: 8
2021-09-19 09:20:52,521 DEBUG   SenderThread:1120868 [sender.py:send_request():193] send_request: poll_exit
2021-09-19 09:20:52,522 DEBUG   HandlerThread:1120868 [handler.py:handle_request():124] handle_request: defer
2021-09-19 09:20:52,522 INFO    HandlerThread:1120868 [handler.py:handle_request_defer():141] handle defer: 8
2021-09-19 09:20:52,522 DEBUG   SenderThread:1120868 [sender.py:send_request():193] send_request: defer
2021-09-19 09:20:52,522 INFO    SenderThread:1120868 [sender.py:send_request_defer():304] handle sender defer: 8
2021-09-19 09:20:52,522 INFO    SenderThread:1120868 [sender.py:transition_state():308] send defer: 9
2021-09-19 09:20:52,522 DEBUG   SenderThread:1120868 [sender.py:send():179] send: final
2021-09-19 09:20:52,522 DEBUG   HandlerThread:1120868 [handler.py:handle_request():124] handle_request: defer
2021-09-19 09:20:52,523 DEBUG   SenderThread:1120868 [sender.py:send():179] send: footer
2021-09-19 09:20:52,523 INFO    HandlerThread:1120868 [handler.py:handle_request_defer():141] handle defer: 9
2021-09-19 09:20:52,523 DEBUG   SenderThread:1120868 [sender.py:send_request():193] send_request: defer
2021-09-19 09:20:52,523 INFO    SenderThread:1120868 [sender.py:send_request_defer():304] handle sender defer: 9
2021-09-19 09:20:52,623 DEBUG   HandlerThread:1120868 [handler.py:handle_request():124] handle_request: poll_exit
2021-09-19 09:20:52,623 DEBUG   SenderThread:1120868 [sender.py:send_request():193] send_request: poll_exit
2021-09-19 09:20:52,624 INFO    SenderThread:1120868 [file_pusher.py:join():182] waiting for file pusher
2021-09-19 09:20:52,625 DEBUG   HandlerThread:1120868 [handler.py:handle_request():124] handle_request: get_summary
2021-09-19 09:20:52,625 DEBUG   HandlerThread:1120868 [handler.py:handle_request():124] handle_request: sampled_history
2021-09-19 09:20:52,625 DEBUG   HandlerThread:1120868 [handler.py:handle_request():124] handle_request: shutdown
2021-09-19 09:20:52,626 INFO    HandlerThread:1120868 [handler.py:finish():638] shutting down handler
2021-09-19 09:20:53,523 INFO    WriterThread:1120868 [datastore.py:close():288] close: /grid/koo/home/toneyan/profile/QuantPred/wandb/run-20210919_092015-r730hl9l/run-r730hl9l.wandb
2021-09-19 09:20:53,624 INFO    SenderThread:1120868 [sender.py:finish():945] shutting down sender
2021-09-19 09:20:53,624 INFO    SenderThread:1120868 [file_pusher.py:finish():177] shutting down file pusher
2021-09-19 09:20:53,624 INFO    SenderThread:1120868 [file_pusher.py:join():182] waiting for file pusher
2021-09-19 09:20:53,626 INFO    MainThread:1120868 [internal.py:handle_exit():78] Internal process exited
