2021-09-18 20:06:43,987 INFO    MainThread:4089473 [internal.py:wandb_internal():91] W&B internal server running at pid: 4089473, started at: 2021-09-18 20:06:43.986209
2021-09-18 20:06:43,988 DEBUG   HandlerThread:4089473 [handler.py:handle_request():124] handle_request: check_version
2021-09-18 20:06:43,988 INFO    WriterThread:4089473 [datastore.py:open_for_write():80] open: /grid/koo/home/toneyan/profile/QuantPred/wandb/run-20210918_200643-1sq8zp9m/run-1sq8zp9m.wandb
2021-09-18 20:06:43,990 DEBUG   SenderThread:4089473 [sender.py:send():179] send: header
2021-09-18 20:06:43,990 DEBUG   SenderThread:4089473 [sender.py:send_request():193] send_request: check_version
2021-09-18 20:06:44,020 DEBUG   SenderThread:4089473 [sender.py:send():179] send: run
2021-09-18 20:06:44,082 ERROR   SenderThread:4089473 [internal_api.py:execute():130] 429 response executing GraphQL.
2021-09-18 20:06:44,083 ERROR   SenderThread:4089473 [internal_api.py:execute():131] {"error":"rate limit exceeded"}

2021-09-18 20:06:45,167 INFO    SenderThread:4089473 [dir_watcher.py:__init__():168] watching files in: /grid/koo/home/toneyan/profile/QuantPred/wandb/run-20210918_200643-1sq8zp9m/files
2021-09-18 20:06:45,167 INFO    SenderThread:4089473 [sender.py:_start_run_threads():719] run started: 1sq8zp9m with start time 1632010003
2021-09-18 20:06:45,167 DEBUG   SenderThread:4089473 [sender.py:send():179] send: summary
2021-09-18 20:06:45,168 DEBUG   HandlerThread:4089473 [handler.py:handle_request():124] handle_request: run_start
2021-09-18 20:06:45,168 INFO    SenderThread:4089473 [sender.py:_save_file():841] saving file wandb-summary.json with policy end
2021-09-18 20:06:46,169 INFO    Thread-8  :4089473 [dir_watcher.py:_on_file_created():216] file/dir created: /grid/koo/home/toneyan/profile/QuantPred/wandb/run-20210918_200643-1sq8zp9m/files/wandb-summary.json
2021-09-18 20:06:46,311 DEBUG   HandlerThread:4089473 [meta.py:__init__():39] meta init
2021-09-18 20:06:46,312 DEBUG   HandlerThread:4089473 [meta.py:__init__():53] meta init done
2021-09-18 20:06:46,312 DEBUG   HandlerThread:4089473 [meta.py:probe():210] probe
2021-09-18 20:06:46,317 DEBUG   HandlerThread:4089473 [meta.py:_save_pip():57] save pip
2021-09-18 20:06:46,319 DEBUG   HandlerThread:4089473 [meta.py:_save_pip():71] save pip done
2021-09-18 20:06:46,319 DEBUG   HandlerThread:4089473 [meta.py:probe():252] probe done
2021-09-18 20:06:46,321 DEBUG   SenderThread:4089473 [sender.py:send():179] send: files
2021-09-18 20:06:46,321 INFO    SenderThread:4089473 [sender.py:_save_file():841] saving file wandb-metadata.json with policy now
2021-09-18 20:06:46,327 DEBUG   HandlerThread:4089473 [handler.py:handle_request():124] handle_request: stop_status
2021-09-18 20:06:46,327 DEBUG   SenderThread:4089473 [sender.py:send_request():193] send_request: stop_status
2021-09-18 20:06:46,662 INFO    Thread-11 :4089473 [upload_job.py:push():137] Uploaded file /tmp/3288843.1.gpu_ded.q/tmpozffaa6swandb/1acwuv7t-wandb-metadata.json
2021-09-18 20:06:47,168 INFO    Thread-8  :4089473 [dir_watcher.py:_on_file_created():216] file/dir created: /grid/koo/home/toneyan/profile/QuantPred/wandb/run-20210918_200643-1sq8zp9m/files/wandb-metadata.json
2021-09-18 20:06:47,168 INFO    Thread-8  :4089473 [dir_watcher.py:_on_file_created():216] file/dir created: /grid/koo/home/toneyan/profile/QuantPred/wandb/run-20210918_200643-1sq8zp9m/files/requirements.txt
2021-09-18 20:06:47,169 INFO    Thread-8  :4089473 [dir_watcher.py:_on_file_created():216] file/dir created: /grid/koo/home/toneyan/profile/QuantPred/wandb/run-20210918_200643-1sq8zp9m/files/output.log
2021-09-18 20:07:01,388 DEBUG   HandlerThread:4089473 [handler.py:handle_request():124] handle_request: stop_status
2021-09-18 20:07:01,388 DEBUG   SenderThread:4089473 [sender.py:send_request():193] send_request: stop_status
2021-09-18 20:07:14,685 DEBUG   SenderThread:4089473 [sender.py:send():179] send: stats
2021-09-18 20:07:16,456 DEBUG   HandlerThread:4089473 [handler.py:handle_request():124] handle_request: stop_status
2021-09-18 20:07:16,457 DEBUG   SenderThread:4089473 [sender.py:send_request():193] send_request: stop_status
2021-09-18 20:07:29,619 DEBUG   HandlerThread:4089473 [handler.py:handle_request():124] handle_request: poll_exit
2021-09-18 20:07:29,619 DEBUG   SenderThread:4089473 [sender.py:send():179] send: telemetry
2021-09-18 20:07:29,619 DEBUG   SenderThread:4089473 [sender.py:send():179] send: exit
2021-09-18 20:07:29,619 INFO    SenderThread:4089473 [sender.py:send_exit():287] handling exit code: 1
2021-09-18 20:07:29,619 INFO    SenderThread:4089473 [sender.py:send_exit():295] send defer
2021-09-18 20:07:29,619 DEBUG   SenderThread:4089473 [sender.py:send_request():193] send_request: poll_exit
2021-09-18 20:07:29,620 DEBUG   HandlerThread:4089473 [handler.py:handle_request():124] handle_request: defer
2021-09-18 20:07:29,620 INFO    HandlerThread:4089473 [handler.py:handle_request_defer():141] handle defer: 0
2021-09-18 20:07:29,620 DEBUG   SenderThread:4089473 [sender.py:send_request():193] send_request: defer
2021-09-18 20:07:29,620 INFO    SenderThread:4089473 [sender.py:send_request_defer():304] handle sender defer: 0
2021-09-18 20:07:29,620 INFO    SenderThread:4089473 [sender.py:transition_state():308] send defer: 1
2021-09-18 20:07:29,620 DEBUG   HandlerThread:4089473 [handler.py:handle_request():124] handle_request: defer
2021-09-18 20:07:29,620 INFO    HandlerThread:4089473 [handler.py:handle_request_defer():141] handle defer: 1
2021-09-18 20:07:29,662 DEBUG   SenderThread:4089473 [sender.py:send_request():193] send_request: defer
2021-09-18 20:07:29,662 INFO    SenderThread:4089473 [sender.py:send_request_defer():304] handle sender defer: 1
2021-09-18 20:07:29,663 INFO    SenderThread:4089473 [sender.py:transition_state():308] send defer: 2
2021-09-18 20:07:29,663 DEBUG   SenderThread:4089473 [sender.py:send():179] send: stats
2021-09-18 20:07:29,665 DEBUG   HandlerThread:4089473 [handler.py:handle_request():124] handle_request: defer
2021-09-18 20:07:29,665 INFO    HandlerThread:4089473 [handler.py:handle_request_defer():141] handle defer: 2
2021-09-18 20:07:29,665 DEBUG   SenderThread:4089473 [sender.py:send_request():193] send_request: defer
2021-09-18 20:07:29,666 INFO    SenderThread:4089473 [sender.py:send_request_defer():304] handle sender defer: 2
2021-09-18 20:07:29,666 INFO    SenderThread:4089473 [sender.py:transition_state():308] send defer: 3
2021-09-18 20:07:29,666 DEBUG   HandlerThread:4089473 [handler.py:handle_request():124] handle_request: defer
2021-09-18 20:07:29,666 INFO    HandlerThread:4089473 [handler.py:handle_request_defer():141] handle defer: 3
2021-09-18 20:07:29,666 DEBUG   SenderThread:4089473 [sender.py:send():179] send: summary
2021-09-18 20:07:29,667 INFO    SenderThread:4089473 [sender.py:_save_file():841] saving file wandb-summary.json with policy end
2021-09-18 20:07:29,667 DEBUG   SenderThread:4089473 [sender.py:send_request():193] send_request: defer
2021-09-18 20:07:29,667 INFO    SenderThread:4089473 [sender.py:send_request_defer():304] handle sender defer: 3
2021-09-18 20:07:29,667 INFO    SenderThread:4089473 [sender.py:transition_state():308] send defer: 4
2021-09-18 20:07:29,667 DEBUG   HandlerThread:4089473 [handler.py:handle_request():124] handle_request: defer
2021-09-18 20:07:29,667 INFO    HandlerThread:4089473 [handler.py:handle_request_defer():141] handle defer: 4
2021-09-18 20:07:29,667 DEBUG   SenderThread:4089473 [sender.py:send_request():193] send_request: defer
2021-09-18 20:07:29,667 INFO    SenderThread:4089473 [sender.py:send_request_defer():304] handle sender defer: 4
2021-09-18 20:07:29,721 DEBUG   HandlerThread:4089473 [handler.py:handle_request():124] handle_request: poll_exit
2021-09-18 20:07:29,731 ERROR   SenderThread:4089473 [internal_api.py:execute():130] 429 response executing GraphQL.
2021-09-18 20:07:29,732 ERROR   SenderThread:4089473 [internal_api.py:execute():131] {"error":"rate limit exceeded"}

2021-09-18 20:07:29,746 INFO    Thread-8  :4089473 [dir_watcher.py:_on_file_modified():229] file/dir modified: /grid/koo/home/toneyan/profile/QuantPred/wandb/run-20210918_200643-1sq8zp9m/files/wandb-summary.json
2021-09-18 20:07:30,985 INFO    SenderThread:4089473 [sender.py:transition_state():308] send defer: 5
2021-09-18 20:07:30,986 DEBUG   SenderThread:4089473 [sender.py:send_request():193] send_request: poll_exit
2021-09-18 20:07:30,986 DEBUG   HandlerThread:4089473 [handler.py:handle_request():124] handle_request: defer
2021-09-18 20:07:30,986 INFO    HandlerThread:4089473 [handler.py:handle_request_defer():141] handle defer: 5
2021-09-18 20:07:30,987 DEBUG   SenderThread:4089473 [sender.py:send_request():193] send_request: defer
2021-09-18 20:07:30,987 INFO    SenderThread:4089473 [sender.py:send_request_defer():304] handle sender defer: 5
2021-09-18 20:07:30,987 INFO    SenderThread:4089473 [dir_watcher.py:finish():282] shutting down directory watcher
2021-09-18 20:07:31,091 DEBUG   HandlerThread:4089473 [handler.py:handle_request():124] handle_request: poll_exit
2021-09-18 20:07:31,747 INFO    SenderThread:4089473 [dir_watcher.py:_on_file_modified():229] file/dir modified: /grid/koo/home/toneyan/profile/QuantPred/wandb/run-20210918_200643-1sq8zp9m/files/config.yaml
2021-09-18 20:07:31,747 INFO    SenderThread:4089473 [dir_watcher.py:finish():312] scan: /grid/koo/home/toneyan/profile/QuantPred/wandb/run-20210918_200643-1sq8zp9m/files
2021-09-18 20:07:31,747 INFO    SenderThread:4089473 [dir_watcher.py:finish():318] scan save: /grid/koo/home/toneyan/profile/QuantPred/wandb/run-20210918_200643-1sq8zp9m/files/wandb-metadata.json wandb-metadata.json
2021-09-18 20:07:31,747 INFO    SenderThread:4089473 [dir_watcher.py:finish():318] scan save: /grid/koo/home/toneyan/profile/QuantPred/wandb/run-20210918_200643-1sq8zp9m/files/config.yaml config.yaml
2021-09-18 20:07:31,748 INFO    SenderThread:4089473 [dir_watcher.py:finish():318] scan save: /grid/koo/home/toneyan/profile/QuantPred/wandb/run-20210918_200643-1sq8zp9m/files/requirements.txt requirements.txt
2021-09-18 20:07:31,751 INFO    SenderThread:4089473 [dir_watcher.py:finish():318] scan save: /grid/koo/home/toneyan/profile/QuantPred/wandb/run-20210918_200643-1sq8zp9m/files/wandb-summary.json wandb-summary.json
2021-09-18 20:07:31,751 INFO    SenderThread:4089473 [dir_watcher.py:finish():318] scan save: /grid/koo/home/toneyan/profile/QuantPred/wandb/run-20210918_200643-1sq8zp9m/files/output.log output.log
2021-09-18 20:07:31,754 INFO    SenderThread:4089473 [sender.py:transition_state():308] send defer: 6
2021-09-18 20:07:31,755 DEBUG   SenderThread:4089473 [sender.py:send_request():193] send_request: poll_exit
2021-09-18 20:07:31,760 DEBUG   HandlerThread:4089473 [handler.py:handle_request():124] handle_request: defer
2021-09-18 20:07:31,760 INFO    HandlerThread:4089473 [handler.py:handle_request_defer():141] handle defer: 6
2021-09-18 20:07:31,760 DEBUG   SenderThread:4089473 [sender.py:send_request():193] send_request: defer
2021-09-18 20:07:31,760 INFO    SenderThread:4089473 [sender.py:send_request_defer():304] handle sender defer: 6
2021-09-18 20:07:31,760 INFO    SenderThread:4089473 [file_pusher.py:finish():177] shutting down file pusher
2021-09-18 20:07:31,864 DEBUG   HandlerThread:4089473 [handler.py:handle_request():124] handle_request: poll_exit
2021-09-18 20:07:31,864 DEBUG   SenderThread:4089473 [sender.py:send_request():193] send_request: poll_exit
2021-09-18 20:07:31,970 DEBUG   HandlerThread:4089473 [handler.py:handle_request():124] handle_request: poll_exit
2021-09-18 20:07:31,970 DEBUG   SenderThread:4089473 [sender.py:send_request():193] send_request: poll_exit
2021-09-18 20:07:32,085 DEBUG   HandlerThread:4089473 [handler.py:handle_request():124] handle_request: poll_exit
2021-09-18 20:07:32,085 DEBUG   SenderThread:4089473 [sender.py:send_request():193] send_request: poll_exit
2021-09-18 20:07:32,110 INFO    Thread-14 :4089473 [upload_job.py:push():137] Uploaded file /grid/koo/home/toneyan/profile/QuantPred/wandb/run-20210918_200643-1sq8zp9m/files/wandb-summary.json
2021-09-18 20:07:32,111 INFO    Thread-13 :4089473 [upload_job.py:push():137] Uploaded file /grid/koo/home/toneyan/profile/QuantPred/wandb/run-20210918_200643-1sq8zp9m/files/requirements.txt
2021-09-18 20:07:32,164 INFO    Thread-12 :4089473 [upload_job.py:push():137] Uploaded file /grid/koo/home/toneyan/profile/QuantPred/wandb/run-20210918_200643-1sq8zp9m/files/config.yaml
2021-09-18 20:07:32,187 DEBUG   HandlerThread:4089473 [handler.py:handle_request():124] handle_request: poll_exit
2021-09-18 20:07:32,187 DEBUG   SenderThread:4089473 [sender.py:send_request():193] send_request: poll_exit
2021-09-18 20:07:32,293 DEBUG   HandlerThread:4089473 [handler.py:handle_request():124] handle_request: poll_exit
2021-09-18 20:07:32,293 DEBUG   SenderThread:4089473 [sender.py:send_request():193] send_request: poll_exit
2021-09-18 20:07:32,364 INFO    Thread-7  :4089473 [sender.py:transition_state():308] send defer: 7
2021-09-18 20:07:32,365 DEBUG   HandlerThread:4089473 [handler.py:handle_request():124] handle_request: defer
2021-09-18 20:07:32,365 INFO    HandlerThread:4089473 [handler.py:handle_request_defer():141] handle defer: 7
2021-09-18 20:07:32,365 DEBUG   SenderThread:4089473 [sender.py:send_request():193] send_request: defer
2021-09-18 20:07:32,365 INFO    SenderThread:4089473 [sender.py:send_request_defer():304] handle sender defer: 7
2021-09-18 20:07:32,395 DEBUG   HandlerThread:4089473 [handler.py:handle_request():124] handle_request: poll_exit
2021-09-18 20:07:32,417 INFO    SenderThread:4089473 [sender.py:transition_state():308] send defer: 8
2021-09-18 20:07:32,417 DEBUG   SenderThread:4089473 [sender.py:send_request():193] send_request: poll_exit
2021-09-18 20:07:32,418 DEBUG   HandlerThread:4089473 [handler.py:handle_request():124] handle_request: defer
2021-09-18 20:07:32,418 INFO    HandlerThread:4089473 [handler.py:handle_request_defer():141] handle defer: 8
2021-09-18 20:07:32,418 DEBUG   SenderThread:4089473 [sender.py:send_request():193] send_request: defer
2021-09-18 20:07:32,418 INFO    SenderThread:4089473 [sender.py:send_request_defer():304] handle sender defer: 8
2021-09-18 20:07:32,418 INFO    SenderThread:4089473 [sender.py:transition_state():308] send defer: 9
2021-09-18 20:07:32,418 DEBUG   SenderThread:4089473 [sender.py:send():179] send: final
2021-09-18 20:07:32,418 DEBUG   HandlerThread:4089473 [handler.py:handle_request():124] handle_request: defer
2021-09-18 20:07:32,419 DEBUG   SenderThread:4089473 [sender.py:send():179] send: footer
2021-09-18 20:07:32,419 INFO    HandlerThread:4089473 [handler.py:handle_request_defer():141] handle defer: 9
2021-09-18 20:07:32,419 DEBUG   SenderThread:4089473 [sender.py:send_request():193] send_request: defer
2021-09-18 20:07:32,419 INFO    SenderThread:4089473 [sender.py:send_request_defer():304] handle sender defer: 9
2021-09-18 20:07:32,519 DEBUG   HandlerThread:4089473 [handler.py:handle_request():124] handle_request: poll_exit
2021-09-18 20:07:32,519 DEBUG   SenderThread:4089473 [sender.py:send_request():193] send_request: poll_exit
2021-09-18 20:07:32,520 INFO    SenderThread:4089473 [file_pusher.py:join():182] waiting for file pusher
2021-09-18 20:07:32,521 DEBUG   HandlerThread:4089473 [handler.py:handle_request():124] handle_request: get_summary
2021-09-18 20:07:32,521 DEBUG   HandlerThread:4089473 [handler.py:handle_request():124] handle_request: sampled_history
2021-09-18 20:07:32,521 DEBUG   HandlerThread:4089473 [handler.py:handle_request():124] handle_request: shutdown
2021-09-18 20:07:32,521 INFO    HandlerThread:4089473 [handler.py:finish():638] shutting down handler
2021-09-18 20:07:33,419 INFO    WriterThread:4089473 [datastore.py:close():288] close: /grid/koo/home/toneyan/profile/QuantPred/wandb/run-20210918_200643-1sq8zp9m/run-1sq8zp9m.wandb
2021-09-18 20:07:33,520 INFO    SenderThread:4089473 [sender.py:finish():945] shutting down sender
2021-09-18 20:07:33,520 INFO    SenderThread:4089473 [file_pusher.py:finish():177] shutting down file pusher
2021-09-18 20:07:33,520 INFO    SenderThread:4089473 [file_pusher.py:join():182] waiting for file pusher
2021-09-18 20:07:33,522 INFO    MainThread:4089473 [internal.py:handle_exit():78] Internal process exited
