2021-09-18 20:13:56,752 INFO    MainThread:4137564 [internal.py:wandb_internal():91] W&B internal server running at pid: 4137564, started at: 2021-09-18 20:13:56.751390
2021-09-18 20:13:56,753 DEBUG   HandlerThread:4137564 [handler.py:handle_request():124] handle_request: check_version
2021-09-18 20:13:56,754 INFO    WriterThread:4137564 [datastore.py:open_for_write():80] open: /grid/koo/home/toneyan/profile/QuantPred/wandb/run-20210918_201356-v0ro5i03/run-v0ro5i03.wandb
2021-09-18 20:13:56,755 DEBUG   SenderThread:4137564 [sender.py:send():179] send: header
2021-09-18 20:13:56,755 DEBUG   SenderThread:4137564 [sender.py:send_request():193] send_request: check_version
2021-09-18 20:13:56,786 DEBUG   SenderThread:4137564 [sender.py:send():179] send: run
2021-09-18 20:13:56,844 ERROR   SenderThread:4137564 [internal_api.py:execute():130] 429 response executing GraphQL.
2021-09-18 20:13:56,844 ERROR   SenderThread:4137564 [internal_api.py:execute():131] {"error":"rate limit exceeded"}

2021-09-18 20:13:57,920 ERROR   SenderThread:4137564 [internal_api.py:execute():130] 429 response executing GraphQL.
2021-09-18 20:13:57,920 ERROR   SenderThread:4137564 [internal_api.py:execute():131] {"error":"rate limit exceeded"}

2021-09-18 20:14:00,459 INFO    SenderThread:4137564 [dir_watcher.py:__init__():168] watching files in: /grid/koo/home/toneyan/profile/QuantPred/wandb/run-20210918_201356-v0ro5i03/files
2021-09-18 20:14:00,460 INFO    SenderThread:4137564 [sender.py:_start_run_threads():719] run started: v0ro5i03 with start time 1632010436
2021-09-18 20:14:00,460 DEBUG   SenderThread:4137564 [sender.py:send():179] send: summary
2021-09-18 20:14:00,460 INFO    SenderThread:4137564 [sender.py:_save_file():841] saving file wandb-summary.json with policy end
2021-09-18 20:14:00,461 DEBUG   HandlerThread:4137564 [handler.py:handle_request():124] handle_request: run_start
2021-09-18 20:14:01,461 INFO    Thread-8  :4137564 [dir_watcher.py:_on_file_created():216] file/dir created: /grid/koo/home/toneyan/profile/QuantPred/wandb/run-20210918_201356-v0ro5i03/files/wandb-summary.json
2021-09-18 20:14:01,480 DEBUG   HandlerThread:4137564 [meta.py:__init__():39] meta init
2021-09-18 20:14:01,480 DEBUG   HandlerThread:4137564 [meta.py:__init__():53] meta init done
2021-09-18 20:14:01,480 DEBUG   HandlerThread:4137564 [meta.py:probe():210] probe
2021-09-18 20:14:01,485 DEBUG   HandlerThread:4137564 [meta.py:_save_pip():57] save pip
2021-09-18 20:14:01,490 DEBUG   HandlerThread:4137564 [meta.py:_save_pip():71] save pip done
2021-09-18 20:14:01,490 DEBUG   HandlerThread:4137564 [meta.py:probe():252] probe done
2021-09-18 20:14:01,497 DEBUG   SenderThread:4137564 [sender.py:send():179] send: files
2021-09-18 20:14:01,497 INFO    SenderThread:4137564 [sender.py:_save_file():841] saving file wandb-metadata.json with policy now
2021-09-18 20:14:01,503 DEBUG   HandlerThread:4137564 [handler.py:handle_request():124] handle_request: stop_status
2021-09-18 20:14:01,504 DEBUG   SenderThread:4137564 [sender.py:send_request():193] send_request: stop_status
2021-09-18 20:14:01,801 INFO    Thread-11 :4137564 [upload_job.py:push():137] Uploaded file /tmp/3288851.1.gpu_ded.q/tmpkm565rukwandb/1ozvjrjo-wandb-metadata.json
2021-09-18 20:14:02,460 INFO    Thread-8  :4137564 [dir_watcher.py:_on_file_created():216] file/dir created: /grid/koo/home/toneyan/profile/QuantPred/wandb/run-20210918_201356-v0ro5i03/files/output.log
2021-09-18 20:14:02,461 INFO    Thread-8  :4137564 [dir_watcher.py:_on_file_created():216] file/dir created: /grid/koo/home/toneyan/profile/QuantPred/wandb/run-20210918_201356-v0ro5i03/files/requirements.txt
2021-09-18 20:14:02,461 INFO    Thread-8  :4137564 [dir_watcher.py:_on_file_created():216] file/dir created: /grid/koo/home/toneyan/profile/QuantPred/wandb/run-20210918_201356-v0ro5i03/files/wandb-metadata.json
2021-09-18 20:14:16,566 DEBUG   HandlerThread:4137564 [handler.py:handle_request():124] handle_request: stop_status
2021-09-18 20:14:16,568 DEBUG   SenderThread:4137564 [sender.py:send_request():193] send_request: stop_status
2021-09-18 20:14:29,844 DEBUG   SenderThread:4137564 [sender.py:send():179] send: stats
2021-09-18 20:14:31,627 DEBUG   HandlerThread:4137564 [handler.py:handle_request():124] handle_request: stop_status
2021-09-18 20:14:31,627 DEBUG   SenderThread:4137564 [sender.py:send_request():193] send_request: stop_status
2021-09-18 20:14:34,695 DEBUG   HandlerThread:4137564 [handler.py:handle_request():124] handle_request: poll_exit
2021-09-18 20:14:34,695 DEBUG   SenderThread:4137564 [sender.py:send():179] send: telemetry
2021-09-18 20:14:34,696 DEBUG   SenderThread:4137564 [sender.py:send():179] send: exit
2021-09-18 20:14:34,696 INFO    SenderThread:4137564 [sender.py:send_exit():287] handling exit code: 1
2021-09-18 20:14:34,696 INFO    SenderThread:4137564 [sender.py:send_exit():295] send defer
2021-09-18 20:14:34,696 DEBUG   SenderThread:4137564 [sender.py:send_request():193] send_request: poll_exit
2021-09-18 20:14:34,696 DEBUG   HandlerThread:4137564 [handler.py:handle_request():124] handle_request: defer
2021-09-18 20:14:34,696 INFO    HandlerThread:4137564 [handler.py:handle_request_defer():141] handle defer: 0
2021-09-18 20:14:34,697 DEBUG   SenderThread:4137564 [sender.py:send_request():193] send_request: defer
2021-09-18 20:14:34,697 INFO    SenderThread:4137564 [sender.py:send_request_defer():304] handle sender defer: 0
2021-09-18 20:14:34,697 INFO    SenderThread:4137564 [sender.py:transition_state():308] send defer: 1
2021-09-18 20:14:34,697 DEBUG   HandlerThread:4137564 [handler.py:handle_request():124] handle_request: defer
2021-09-18 20:14:34,697 INFO    HandlerThread:4137564 [handler.py:handle_request_defer():141] handle defer: 1
2021-09-18 20:14:34,805 DEBUG   HandlerThread:4137564 [handler.py:handle_request():124] handle_request: poll_exit
2021-09-18 20:14:34,806 DEBUG   SenderThread:4137564 [sender.py:send_request():193] send_request: defer
2021-09-18 20:14:34,806 INFO    SenderThread:4137564 [sender.py:send_request_defer():304] handle sender defer: 1
2021-09-18 20:14:34,806 INFO    SenderThread:4137564 [sender.py:transition_state():308] send defer: 2
2021-09-18 20:14:34,806 DEBUG   SenderThread:4137564 [sender.py:send_request():193] send_request: poll_exit
2021-09-18 20:14:34,806 DEBUG   SenderThread:4137564 [sender.py:send():179] send: stats
2021-09-18 20:14:34,806 DEBUG   HandlerThread:4137564 [handler.py:handle_request():124] handle_request: defer
2021-09-18 20:14:34,808 INFO    HandlerThread:4137564 [handler.py:handle_request_defer():141] handle defer: 2
2021-09-18 20:14:34,808 DEBUG   SenderThread:4137564 [sender.py:send_request():193] send_request: defer
2021-09-18 20:14:34,809 INFO    SenderThread:4137564 [sender.py:send_request_defer():304] handle sender defer: 2
2021-09-18 20:14:34,809 INFO    SenderThread:4137564 [sender.py:transition_state():308] send defer: 3
2021-09-18 20:14:34,809 DEBUG   HandlerThread:4137564 [handler.py:handle_request():124] handle_request: defer
2021-09-18 20:14:34,809 INFO    HandlerThread:4137564 [handler.py:handle_request_defer():141] handle defer: 3
2021-09-18 20:14:34,809 DEBUG   SenderThread:4137564 [sender.py:send():179] send: summary
2021-09-18 20:14:34,809 INFO    SenderThread:4137564 [sender.py:_save_file():841] saving file wandb-summary.json with policy end
2021-09-18 20:14:34,809 DEBUG   SenderThread:4137564 [sender.py:send_request():193] send_request: defer
2021-09-18 20:14:34,809 INFO    SenderThread:4137564 [sender.py:send_request_defer():304] handle sender defer: 3
2021-09-18 20:14:34,809 INFO    SenderThread:4137564 [sender.py:transition_state():308] send defer: 4
2021-09-18 20:14:34,810 DEBUG   HandlerThread:4137564 [handler.py:handle_request():124] handle_request: defer
2021-09-18 20:14:34,810 INFO    HandlerThread:4137564 [handler.py:handle_request_defer():141] handle defer: 4
2021-09-18 20:14:34,810 DEBUG   SenderThread:4137564 [sender.py:send_request():193] send_request: defer
2021-09-18 20:14:34,810 INFO    SenderThread:4137564 [sender.py:send_request_defer():304] handle sender defer: 4
2021-09-18 20:14:34,895 INFO    SenderThread:4137564 [sender.py:transition_state():308] send defer: 5
2021-09-18 20:14:34,895 DEBUG   HandlerThread:4137564 [handler.py:handle_request():124] handle_request: defer
2021-09-18 20:14:34,895 INFO    HandlerThread:4137564 [handler.py:handle_request_defer():141] handle defer: 5
2021-09-18 20:14:34,895 DEBUG   SenderThread:4137564 [sender.py:send_request():193] send_request: defer
2021-09-18 20:14:34,895 INFO    SenderThread:4137564 [sender.py:send_request_defer():304] handle sender defer: 5
2021-09-18 20:14:34,895 INFO    SenderThread:4137564 [dir_watcher.py:finish():282] shutting down directory watcher
2021-09-18 20:14:34,908 DEBUG   HandlerThread:4137564 [handler.py:handle_request():124] handle_request: poll_exit
2021-09-18 20:14:35,466 INFO    SenderThread:4137564 [dir_watcher.py:_on_file_modified():229] file/dir modified: /grid/koo/home/toneyan/profile/QuantPred/wandb/run-20210918_201356-v0ro5i03/files/wandb-summary.json
2021-09-18 20:14:35,466 INFO    SenderThread:4137564 [dir_watcher.py:_on_file_modified():229] file/dir modified: /grid/koo/home/toneyan/profile/QuantPred/wandb/run-20210918_201356-v0ro5i03/files/config.yaml
2021-09-18 20:14:35,467 INFO    SenderThread:4137564 [dir_watcher.py:finish():312] scan: /grid/koo/home/toneyan/profile/QuantPred/wandb/run-20210918_201356-v0ro5i03/files
2021-09-18 20:14:35,467 INFO    SenderThread:4137564 [dir_watcher.py:finish():318] scan save: /grid/koo/home/toneyan/profile/QuantPred/wandb/run-20210918_201356-v0ro5i03/files/wandb-metadata.json wandb-metadata.json
2021-09-18 20:14:35,467 INFO    SenderThread:4137564 [dir_watcher.py:finish():318] scan save: /grid/koo/home/toneyan/profile/QuantPred/wandb/run-20210918_201356-v0ro5i03/files/config.yaml config.yaml
2021-09-18 20:14:35,467 INFO    SenderThread:4137564 [dir_watcher.py:finish():318] scan save: /grid/koo/home/toneyan/profile/QuantPred/wandb/run-20210918_201356-v0ro5i03/files/requirements.txt requirements.txt
2021-09-18 20:14:35,467 INFO    SenderThread:4137564 [dir_watcher.py:finish():318] scan save: /grid/koo/home/toneyan/profile/QuantPred/wandb/run-20210918_201356-v0ro5i03/files/wandb-summary.json wandb-summary.json
2021-09-18 20:14:35,473 INFO    SenderThread:4137564 [dir_watcher.py:finish():318] scan save: /grid/koo/home/toneyan/profile/QuantPred/wandb/run-20210918_201356-v0ro5i03/files/output.log output.log
2021-09-18 20:14:35,473 INFO    SenderThread:4137564 [sender.py:transition_state():308] send defer: 6
2021-09-18 20:14:35,478 DEBUG   SenderThread:4137564 [sender.py:send_request():193] send_request: poll_exit
2021-09-18 20:14:35,479 DEBUG   HandlerThread:4137564 [handler.py:handle_request():124] handle_request: defer
2021-09-18 20:14:35,479 INFO    HandlerThread:4137564 [handler.py:handle_request_defer():141] handle defer: 6
2021-09-18 20:14:35,479 DEBUG   SenderThread:4137564 [sender.py:send_request():193] send_request: defer
2021-09-18 20:14:35,480 INFO    SenderThread:4137564 [sender.py:send_request_defer():304] handle sender defer: 6
2021-09-18 20:14:35,480 INFO    SenderThread:4137564 [file_pusher.py:finish():177] shutting down file pusher
2021-09-18 20:14:35,584 DEBUG   HandlerThread:4137564 [handler.py:handle_request():124] handle_request: poll_exit
2021-09-18 20:14:35,584 DEBUG   SenderThread:4137564 [sender.py:send_request():193] send_request: poll_exit
2021-09-18 20:14:35,686 DEBUG   HandlerThread:4137564 [handler.py:handle_request():124] handle_request: poll_exit
2021-09-18 20:14:35,686 DEBUG   SenderThread:4137564 [sender.py:send_request():193] send_request: poll_exit
2021-09-18 20:14:35,769 INFO    Thread-13 :4137564 [upload_job.py:push():137] Uploaded file /grid/koo/home/toneyan/profile/QuantPred/wandb/run-20210918_201356-v0ro5i03/files/requirements.txt
2021-09-18 20:14:35,788 DEBUG   HandlerThread:4137564 [handler.py:handle_request():124] handle_request: poll_exit
2021-09-18 20:14:35,788 DEBUG   SenderThread:4137564 [sender.py:send_request():193] send_request: poll_exit
2021-09-18 20:14:35,790 INFO    Thread-14 :4137564 [upload_job.py:push():137] Uploaded file /grid/koo/home/toneyan/profile/QuantPred/wandb/run-20210918_201356-v0ro5i03/files/wandb-summary.json
2021-09-18 20:14:35,890 DEBUG   HandlerThread:4137564 [handler.py:handle_request():124] handle_request: poll_exit
2021-09-18 20:14:35,891 DEBUG   SenderThread:4137564 [sender.py:send_request():193] send_request: poll_exit
2021-09-18 20:14:35,894 INFO    Thread-12 :4137564 [upload_job.py:push():137] Uploaded file /grid/koo/home/toneyan/profile/QuantPred/wandb/run-20210918_201356-v0ro5i03/files/config.yaml
2021-09-18 20:14:35,994 DEBUG   HandlerThread:4137564 [handler.py:handle_request():124] handle_request: poll_exit
2021-09-18 20:14:35,995 DEBUG   SenderThread:4137564 [sender.py:send_request():193] send_request: poll_exit
2021-09-18 20:14:36,094 INFO    Thread-7  :4137564 [sender.py:transition_state():308] send defer: 7
2021-09-18 20:14:36,095 DEBUG   HandlerThread:4137564 [handler.py:handle_request():124] handle_request: defer
2021-09-18 20:14:36,095 INFO    HandlerThread:4137564 [handler.py:handle_request_defer():141] handle defer: 7
2021-09-18 20:14:36,095 DEBUG   SenderThread:4137564 [sender.py:send_request():193] send_request: defer
2021-09-18 20:14:36,095 INFO    SenderThread:4137564 [sender.py:send_request_defer():304] handle sender defer: 7
2021-09-18 20:14:36,097 DEBUG   HandlerThread:4137564 [handler.py:handle_request():124] handle_request: poll_exit
2021-09-18 20:14:36,196 INFO    SenderThread:4137564 [sender.py:transition_state():308] send defer: 8
2021-09-18 20:14:36,197 DEBUG   SenderThread:4137564 [sender.py:send_request():193] send_request: poll_exit
2021-09-18 20:14:36,197 DEBUG   HandlerThread:4137564 [handler.py:handle_request():124] handle_request: defer
2021-09-18 20:14:36,198 INFO    HandlerThread:4137564 [handler.py:handle_request_defer():141] handle defer: 8
2021-09-18 20:14:36,198 DEBUG   SenderThread:4137564 [sender.py:send_request():193] send_request: defer
2021-09-18 20:14:36,198 INFO    SenderThread:4137564 [sender.py:send_request_defer():304] handle sender defer: 8
2021-09-18 20:14:36,198 INFO    SenderThread:4137564 [sender.py:transition_state():308] send defer: 9
2021-09-18 20:14:36,198 DEBUG   HandlerThread:4137564 [handler.py:handle_request():124] handle_request: defer
2021-09-18 20:14:36,199 DEBUG   SenderThread:4137564 [sender.py:send():179] send: final
2021-09-18 20:14:36,199 INFO    HandlerThread:4137564 [handler.py:handle_request_defer():141] handle defer: 9
2021-09-18 20:14:36,199 DEBUG   SenderThread:4137564 [sender.py:send():179] send: footer
2021-09-18 20:14:36,199 DEBUG   SenderThread:4137564 [sender.py:send_request():193] send_request: defer
2021-09-18 20:14:36,199 INFO    SenderThread:4137564 [sender.py:send_request_defer():304] handle sender defer: 9
2021-09-18 20:14:36,299 DEBUG   HandlerThread:4137564 [handler.py:handle_request():124] handle_request: poll_exit
2021-09-18 20:14:36,299 DEBUG   SenderThread:4137564 [sender.py:send_request():193] send_request: poll_exit
2021-09-18 20:14:36,299 INFO    SenderThread:4137564 [file_pusher.py:join():182] waiting for file pusher
2021-09-18 20:14:36,301 DEBUG   HandlerThread:4137564 [handler.py:handle_request():124] handle_request: get_summary
2021-09-18 20:14:36,301 DEBUG   HandlerThread:4137564 [handler.py:handle_request():124] handle_request: sampled_history
2021-09-18 20:14:36,301 DEBUG   HandlerThread:4137564 [handler.py:handle_request():124] handle_request: shutdown
2021-09-18 20:14:36,301 INFO    HandlerThread:4137564 [handler.py:finish():638] shutting down handler
2021-09-18 20:14:37,199 INFO    WriterThread:4137564 [datastore.py:close():288] close: /grid/koo/home/toneyan/profile/QuantPred/wandb/run-20210918_201356-v0ro5i03/run-v0ro5i03.wandb
2021-09-18 20:14:37,300 INFO    SenderThread:4137564 [sender.py:finish():945] shutting down sender
2021-09-18 20:14:37,300 INFO    SenderThread:4137564 [file_pusher.py:finish():177] shutting down file pusher
2021-09-18 20:14:37,300 INFO    SenderThread:4137564 [file_pusher.py:join():182] waiting for file pusher
2021-09-18 20:14:37,302 INFO    MainThread:4137564 [internal.py:handle_exit():78] Internal process exited
