2021-09-19 09:01:22,932 INFO    MainThread:654126 [internal.py:wandb_internal():91] W&B internal server running at pid: 654126, started at: 2021-09-19 09:01:22.931583
2021-09-19 09:01:22,934 DEBUG   HandlerThread:654126 [handler.py:handle_request():124] handle_request: check_version
2021-09-19 09:01:22,934 INFO    WriterThread:654126 [datastore.py:open_for_write():80] open: /grid/koo/home/toneyan/profile/QuantPred/wandb/run-20210919_090122-2h68dpka/run-2h68dpka.wandb
2021-09-19 09:01:22,935 DEBUG   SenderThread:654126 [sender.py:send():179] send: header
2021-09-19 09:01:22,935 DEBUG   SenderThread:654126 [sender.py:send_request():193] send_request: check_version
2021-09-19 09:01:22,973 DEBUG   SenderThread:654126 [sender.py:send():179] send: run
2021-09-19 09:01:23,056 INFO    SenderThread:654126 [dir_watcher.py:__init__():168] watching files in: /grid/koo/home/toneyan/profile/QuantPred/wandb/run-20210919_090122-2h68dpka/files
2021-09-19 09:01:23,057 INFO    SenderThread:654126 [sender.py:_start_run_threads():719] run started: 2h68dpka with start time 1632056482
2021-09-19 09:01:23,057 DEBUG   SenderThread:654126 [sender.py:send():179] send: summary
2021-09-19 09:01:23,058 INFO    SenderThread:654126 [sender.py:_save_file():841] saving file wandb-summary.json with policy end
2021-09-19 09:01:23,058 DEBUG   HandlerThread:654126 [handler.py:handle_request():124] handle_request: run_start
2021-09-19 09:01:24,066 INFO    Thread-8  :654126 [dir_watcher.py:_on_file_created():216] file/dir created: /grid/koo/home/toneyan/profile/QuantPred/wandb/run-20210919_090122-2h68dpka/files/wandb-summary.json
2021-09-19 09:01:24,272 DEBUG   HandlerThread:654126 [meta.py:__init__():39] meta init
2021-09-19 09:01:24,272 DEBUG   HandlerThread:654126 [meta.py:__init__():53] meta init done
2021-09-19 09:01:24,272 DEBUG   HandlerThread:654126 [meta.py:probe():210] probe
2021-09-19 09:01:24,277 DEBUG   HandlerThread:654126 [meta.py:_save_pip():57] save pip
2021-09-19 09:01:24,278 DEBUG   HandlerThread:654126 [meta.py:_save_pip():71] save pip done
2021-09-19 09:01:24,279 DEBUG   HandlerThread:654126 [meta.py:probe():252] probe done
2021-09-19 09:01:24,281 DEBUG   SenderThread:654126 [sender.py:send():179] send: files
2021-09-19 09:01:24,281 INFO    SenderThread:654126 [sender.py:_save_file():841] saving file wandb-metadata.json with policy now
2021-09-19 09:01:24,288 DEBUG   HandlerThread:654126 [handler.py:handle_request():124] handle_request: stop_status
2021-09-19 09:01:24,288 DEBUG   SenderThread:654126 [sender.py:send_request():193] send_request: stop_status
2021-09-19 09:01:24,346 ERROR   Thread-11 :654126 [internal_api.py:execute():130] 429 response executing GraphQL.
2021-09-19 09:01:24,347 ERROR   Thread-11 :654126 [internal_api.py:execute():131] {"error":"rate limit exceeded"}

2021-09-19 09:01:24,348 ERROR   SenderThread:654126 [internal_api.py:execute():130] 429 response executing GraphQL.
2021-09-19 09:01:24,349 ERROR   SenderThread:654126 [internal_api.py:execute():131] {"error":"rate limit exceeded"}

2021-09-19 09:01:25,066 INFO    Thread-8  :654126 [dir_watcher.py:_on_file_created():216] file/dir created: /grid/koo/home/toneyan/profile/QuantPred/wandb/run-20210919_090122-2h68dpka/files/requirements.txt
2021-09-19 09:01:25,066 INFO    Thread-8  :654126 [dir_watcher.py:_on_file_created():216] file/dir created: /grid/koo/home/toneyan/profile/QuantPred/wandb/run-20210919_090122-2h68dpka/files/wandb-metadata.json
2021-09-19 09:01:25,066 INFO    Thread-8  :654126 [dir_watcher.py:_on_file_created():216] file/dir created: /grid/koo/home/toneyan/profile/QuantPred/wandb/run-20210919_090122-2h68dpka/files/output.log
2021-09-19 09:01:25,429 ERROR   SenderThread:654126 [internal_api.py:execute():130] 429 response executing GraphQL.
2021-09-19 09:01:25,429 ERROR   SenderThread:654126 [internal_api.py:execute():131] {"error":"rate limit exceeded"}

2021-09-19 09:01:25,429 ERROR   SenderThread:654126 [retry.py:__call__():126] Retry attempt failed:
Traceback (most recent call last):
  File "/usr/local/lib/python3.6/dist-packages/wandb/sdk/lib/retry.py", line 102, in __call__
    result = self._call_fn(*args, **kwargs)
  File "/usr/local/lib/python3.6/dist-packages/wandb/sdk/internal/internal_api.py", line 133, in execute
    six.reraise(*sys.exc_info())
  File "/usr/local/lib/python3.6/dist-packages/six.py", line 719, in reraise
    raise value
  File "/usr/local/lib/python3.6/dist-packages/wandb/sdk/internal/internal_api.py", line 127, in execute
    return self.client.execute(*args, **kwargs)
  File "/usr/local/lib/python3.6/dist-packages/wandb/vendor/gql-0.2.0/gql/client.py", line 52, in execute
    result = self._get_result(document, *args, **kwargs)
  File "/usr/local/lib/python3.6/dist-packages/wandb/vendor/gql-0.2.0/gql/client.py", line 60, in _get_result
    return self.transport.execute(document, *args, **kwargs)
  File "/usr/local/lib/python3.6/dist-packages/wandb/vendor/gql-0.2.0/gql/transport/requests.py", line 39, in execute
    request.raise_for_status()
  File "/usr/local/lib/python3.6/dist-packages/requests/models.py", line 943, in raise_for_status
    raise HTTPError(http_error_msg, response=self)
requests.exceptions.HTTPError: 429 Client Error: Too Many Requests for url: https://api.wandb.ai/graphql
2021-09-19 09:01:25,450 ERROR   Thread-11 :654126 [internal_api.py:execute():130] 429 response executing GraphQL.
2021-09-19 09:01:25,450 ERROR   Thread-11 :654126 [internal_api.py:execute():131] {"error":"rate limit exceeded"}

2021-09-19 09:01:25,450 ERROR   Thread-11 :654126 [retry.py:__call__():126] Retry attempt failed:
Traceback (most recent call last):
  File "/usr/local/lib/python3.6/dist-packages/wandb/sdk/lib/retry.py", line 102, in __call__
    result = self._call_fn(*args, **kwargs)
  File "/usr/local/lib/python3.6/dist-packages/wandb/sdk/internal/internal_api.py", line 133, in execute
    six.reraise(*sys.exc_info())
  File "/usr/local/lib/python3.6/dist-packages/six.py", line 719, in reraise
    raise value
  File "/usr/local/lib/python3.6/dist-packages/wandb/sdk/internal/internal_api.py", line 127, in execute
    return self.client.execute(*args, **kwargs)
  File "/usr/local/lib/python3.6/dist-packages/wandb/vendor/gql-0.2.0/gql/client.py", line 52, in execute
    result = self._get_result(document, *args, **kwargs)
  File "/usr/local/lib/python3.6/dist-packages/wandb/vendor/gql-0.2.0/gql/client.py", line 60, in _get_result
    return self.transport.execute(document, *args, **kwargs)
  File "/usr/local/lib/python3.6/dist-packages/wandb/vendor/gql-0.2.0/gql/transport/requests.py", line 39, in execute
    request.raise_for_status()
  File "/usr/local/lib/python3.6/dist-packages/requests/models.py", line 943, in raise_for_status
    raise HTTPError(http_error_msg, response=self)
requests.exceptions.HTTPError: 429 Client Error: Too Many Requests for url: https://api.wandb.ai/graphql
2021-09-19 09:01:27,909 ERROR   SenderThread:654126 [internal_api.py:execute():130] 429 response executing GraphQL.
2021-09-19 09:01:27,909 ERROR   SenderThread:654126 [internal_api.py:execute():131] {"error":"rate limit exceeded"}

2021-09-19 09:01:27,939 ERROR   Thread-11 :654126 [internal_api.py:execute():130] 429 response executing GraphQL.
2021-09-19 09:01:27,940 ERROR   Thread-11 :654126 [internal_api.py:execute():131] {"error":"rate limit exceeded"}

2021-09-19 09:01:33,078 INFO    Thread-11 :654126 [upload_job.py:push():137] Uploaded file /tmp/3288846.1.gpu_ded.q/tmpgjrw78n6wandb/3p69kk2b-wandb-metadata.json
2021-09-19 09:01:47,668 DEBUG   HandlerThread:654126 [handler.py:handle_request():124] handle_request: stop_status
2021-09-19 09:01:47,668 DEBUG   SenderThread:654126 [sender.py:send_request():193] send_request: stop_status
2021-09-19 09:01:52,676 DEBUG   SenderThread:654126 [sender.py:send():179] send: stats
2021-09-19 09:01:57,314 DEBUG   HandlerThread:654126 [handler.py:handle_request():124] handle_request: poll_exit
2021-09-19 09:01:57,314 DEBUG   SenderThread:654126 [sender.py:send():179] send: telemetry
2021-09-19 09:01:57,314 DEBUG   SenderThread:654126 [sender.py:send():179] send: exit
2021-09-19 09:01:57,314 INFO    SenderThread:654126 [sender.py:send_exit():287] handling exit code: 1
2021-09-19 09:01:57,314 INFO    SenderThread:654126 [sender.py:send_exit():295] send defer
2021-09-19 09:01:57,315 DEBUG   SenderThread:654126 [sender.py:send_request():193] send_request: poll_exit
2021-09-19 09:01:57,315 DEBUG   HandlerThread:654126 [handler.py:handle_request():124] handle_request: defer
2021-09-19 09:01:57,315 INFO    HandlerThread:654126 [handler.py:handle_request_defer():141] handle defer: 0
2021-09-19 09:01:57,316 DEBUG   SenderThread:654126 [sender.py:send_request():193] send_request: defer
2021-09-19 09:01:57,316 INFO    SenderThread:654126 [sender.py:send_request_defer():304] handle sender defer: 0
2021-09-19 09:01:57,316 INFO    SenderThread:654126 [sender.py:transition_state():308] send defer: 1
2021-09-19 09:01:57,316 DEBUG   HandlerThread:654126 [handler.py:handle_request():124] handle_request: defer
2021-09-19 09:01:57,316 INFO    HandlerThread:654126 [handler.py:handle_request_defer():141] handle defer: 1
2021-09-19 09:01:57,350 DEBUG   SenderThread:654126 [sender.py:send_request():193] send_request: defer
2021-09-19 09:01:57,350 INFO    SenderThread:654126 [sender.py:send_request_defer():304] handle sender defer: 1
2021-09-19 09:01:57,350 INFO    SenderThread:654126 [sender.py:transition_state():308] send defer: 2
2021-09-19 09:01:57,351 DEBUG   SenderThread:654126 [sender.py:send():179] send: stats
2021-09-19 09:01:57,351 DEBUG   HandlerThread:654126 [handler.py:handle_request():124] handle_request: defer
2021-09-19 09:01:57,353 INFO    HandlerThread:654126 [handler.py:handle_request_defer():141] handle defer: 2
2021-09-19 09:01:57,354 DEBUG   SenderThread:654126 [sender.py:send_request():193] send_request: defer
2021-09-19 09:01:57,354 INFO    SenderThread:654126 [sender.py:send_request_defer():304] handle sender defer: 2
2021-09-19 09:01:57,354 INFO    SenderThread:654126 [sender.py:transition_state():308] send defer: 3
2021-09-19 09:01:57,354 DEBUG   HandlerThread:654126 [handler.py:handle_request():124] handle_request: defer
2021-09-19 09:01:57,354 INFO    HandlerThread:654126 [handler.py:handle_request_defer():141] handle defer: 3
2021-09-19 09:01:57,354 DEBUG   SenderThread:654126 [sender.py:send():179] send: summary
2021-09-19 09:01:57,355 INFO    SenderThread:654126 [sender.py:_save_file():841] saving file wandb-summary.json with policy end
2021-09-19 09:01:57,355 DEBUG   SenderThread:654126 [sender.py:send_request():193] send_request: defer
2021-09-19 09:01:57,355 INFO    SenderThread:654126 [sender.py:send_request_defer():304] handle sender defer: 3
2021-09-19 09:01:57,355 INFO    SenderThread:654126 [sender.py:transition_state():308] send defer: 4
2021-09-19 09:01:57,355 DEBUG   HandlerThread:654126 [handler.py:handle_request():124] handle_request: defer
2021-09-19 09:01:57,356 INFO    HandlerThread:654126 [handler.py:handle_request_defer():141] handle defer: 4
2021-09-19 09:01:57,356 DEBUG   SenderThread:654126 [sender.py:send_request():193] send_request: defer
2021-09-19 09:01:57,356 INFO    SenderThread:654126 [sender.py:send_request_defer():304] handle sender defer: 4
2021-09-19 09:01:57,416 ERROR   SenderThread:654126 [internal_api.py:execute():130] 429 response executing GraphQL.
2021-09-19 09:01:57,417 ERROR   SenderThread:654126 [internal_api.py:execute():131] {"error":"rate limit exceeded"}

2021-09-19 09:01:57,417 DEBUG   HandlerThread:654126 [handler.py:handle_request():124] handle_request: poll_exit
2021-09-19 09:01:58,079 INFO    Thread-8  :654126 [dir_watcher.py:_on_file_modified():229] file/dir modified: /grid/koo/home/toneyan/profile/QuantPred/wandb/run-20210919_090122-2h68dpka/files/wandb-summary.json
2021-09-19 09:01:58,588 ERROR   SenderThread:654126 [internal_api.py:execute():130] 429 response executing GraphQL.
2021-09-19 09:01:58,588 ERROR   SenderThread:654126 [internal_api.py:execute():131] {"error":"rate limit exceeded"}

2021-09-19 09:02:00,942 INFO    SenderThread:654126 [sender.py:transition_state():308] send defer: 5
2021-09-19 09:02:00,942 DEBUG   SenderThread:654126 [sender.py:send_request():193] send_request: poll_exit
2021-09-19 09:02:00,943 DEBUG   HandlerThread:654126 [handler.py:handle_request():124] handle_request: defer
2021-09-19 09:02:00,943 INFO    HandlerThread:654126 [handler.py:handle_request_defer():141] handle defer: 5
2021-09-19 09:02:00,943 DEBUG   SenderThread:654126 [sender.py:send_request():193] send_request: defer
2021-09-19 09:02:00,943 INFO    SenderThread:654126 [sender.py:send_request_defer():304] handle sender defer: 5
2021-09-19 09:02:00,943 INFO    SenderThread:654126 [dir_watcher.py:finish():282] shutting down directory watcher
2021-09-19 09:02:01,048 DEBUG   HandlerThread:654126 [handler.py:handle_request():124] handle_request: poll_exit
2021-09-19 09:02:01,081 INFO    SenderThread:654126 [dir_watcher.py:_on_file_modified():229] file/dir modified: /grid/koo/home/toneyan/profile/QuantPred/wandb/run-20210919_090122-2h68dpka/files/config.yaml
2021-09-19 09:02:01,081 INFO    SenderThread:654126 [dir_watcher.py:finish():312] scan: /grid/koo/home/toneyan/profile/QuantPred/wandb/run-20210919_090122-2h68dpka/files
2021-09-19 09:02:01,081 INFO    SenderThread:654126 [dir_watcher.py:finish():318] scan save: /grid/koo/home/toneyan/profile/QuantPred/wandb/run-20210919_090122-2h68dpka/files/wandb-metadata.json wandb-metadata.json
2021-09-19 09:02:01,081 INFO    SenderThread:654126 [dir_watcher.py:finish():318] scan save: /grid/koo/home/toneyan/profile/QuantPred/wandb/run-20210919_090122-2h68dpka/files/config.yaml config.yaml
2021-09-19 09:02:01,082 INFO    SenderThread:654126 [dir_watcher.py:finish():318] scan save: /grid/koo/home/toneyan/profile/QuantPred/wandb/run-20210919_090122-2h68dpka/files/requirements.txt requirements.txt
2021-09-19 09:02:01,082 INFO    SenderThread:654126 [dir_watcher.py:finish():318] scan save: /grid/koo/home/toneyan/profile/QuantPred/wandb/run-20210919_090122-2h68dpka/files/wandb-summary.json wandb-summary.json
2021-09-19 09:02:01,086 INFO    SenderThread:654126 [dir_watcher.py:finish():318] scan save: /grid/koo/home/toneyan/profile/QuantPred/wandb/run-20210919_090122-2h68dpka/files/output.log output.log
2021-09-19 09:02:01,095 INFO    SenderThread:654126 [sender.py:transition_state():308] send defer: 6
2021-09-19 09:02:01,095 DEBUG   SenderThread:654126 [sender.py:send_request():193] send_request: poll_exit
2021-09-19 09:02:01,096 DEBUG   HandlerThread:654126 [handler.py:handle_request():124] handle_request: defer
2021-09-19 09:02:01,097 INFO    HandlerThread:654126 [handler.py:handle_request_defer():141] handle defer: 6
2021-09-19 09:02:01,097 DEBUG   SenderThread:654126 [sender.py:send_request():193] send_request: defer
2021-09-19 09:02:01,097 INFO    SenderThread:654126 [sender.py:send_request_defer():304] handle sender defer: 6
2021-09-19 09:02:01,097 INFO    SenderThread:654126 [file_pusher.py:finish():177] shutting down file pusher
2021-09-19 09:02:01,198 DEBUG   HandlerThread:654126 [handler.py:handle_request():124] handle_request: poll_exit
2021-09-19 09:02:01,198 DEBUG   SenderThread:654126 [sender.py:send_request():193] send_request: poll_exit
2021-09-19 09:02:01,300 DEBUG   HandlerThread:654126 [handler.py:handle_request():124] handle_request: poll_exit
2021-09-19 09:02:01,301 DEBUG   SenderThread:654126 [sender.py:send_request():193] send_request: poll_exit
2021-09-19 09:02:01,379 INFO    Thread-12 :654126 [upload_job.py:push():137] Uploaded file /grid/koo/home/toneyan/profile/QuantPred/wandb/run-20210919_090122-2h68dpka/files/config.yaml
2021-09-19 09:02:01,402 DEBUG   HandlerThread:654126 [handler.py:handle_request():124] handle_request: poll_exit
2021-09-19 09:02:01,403 DEBUG   SenderThread:654126 [sender.py:send_request():193] send_request: poll_exit
2021-09-19 09:02:01,406 INFO    Thread-14 :654126 [upload_job.py:push():137] Uploaded file /grid/koo/home/toneyan/profile/QuantPred/wandb/run-20210919_090122-2h68dpka/files/wandb-summary.json
2021-09-19 09:02:01,505 DEBUG   HandlerThread:654126 [handler.py:handle_request():124] handle_request: poll_exit
2021-09-19 09:02:01,505 DEBUG   SenderThread:654126 [sender.py:send_request():193] send_request: poll_exit
2021-09-19 09:02:01,508 INFO    Thread-13 :654126 [upload_job.py:push():137] Uploaded file /grid/koo/home/toneyan/profile/QuantPred/wandb/run-20210919_090122-2h68dpka/files/requirements.txt
2021-09-19 09:02:01,607 DEBUG   HandlerThread:654126 [handler.py:handle_request():124] handle_request: poll_exit
2021-09-19 09:02:01,607 DEBUG   SenderThread:654126 [sender.py:send_request():193] send_request: poll_exit
2021-09-19 09:02:01,709 INFO    Thread-7  :654126 [sender.py:transition_state():308] send defer: 7
2021-09-19 09:02:01,709 DEBUG   HandlerThread:654126 [handler.py:handle_request():124] handle_request: poll_exit
2021-09-19 09:02:01,710 DEBUG   HandlerThread:654126 [handler.py:handle_request():124] handle_request: defer
2021-09-19 09:02:01,710 DEBUG   SenderThread:654126 [sender.py:send_request():193] send_request: poll_exit
2021-09-19 09:02:01,710 INFO    HandlerThread:654126 [handler.py:handle_request_defer():141] handle defer: 7
2021-09-19 09:02:01,710 DEBUG   SenderThread:654126 [sender.py:send_request():193] send_request: defer
2021-09-19 09:02:01,710 INFO    SenderThread:654126 [sender.py:send_request_defer():304] handle sender defer: 7
2021-09-19 09:02:01,767 INFO    SenderThread:654126 [sender.py:transition_state():308] send defer: 8
2021-09-19 09:02:01,768 DEBUG   HandlerThread:654126 [handler.py:handle_request():124] handle_request: defer
2021-09-19 09:02:01,768 INFO    HandlerThread:654126 [handler.py:handle_request_defer():141] handle defer: 8
2021-09-19 09:02:01,768 DEBUG   SenderThread:654126 [sender.py:send_request():193] send_request: defer
2021-09-19 09:02:01,768 INFO    SenderThread:654126 [sender.py:send_request_defer():304] handle sender defer: 8
2021-09-19 09:02:01,769 INFO    SenderThread:654126 [sender.py:transition_state():308] send defer: 9
2021-09-19 09:02:01,769 DEBUG   SenderThread:654126 [sender.py:send():179] send: final
2021-09-19 09:02:01,769 DEBUG   HandlerThread:654126 [handler.py:handle_request():124] handle_request: defer
2021-09-19 09:02:01,769 DEBUG   SenderThread:654126 [sender.py:send():179] send: footer
2021-09-19 09:02:01,769 INFO    HandlerThread:654126 [handler.py:handle_request_defer():141] handle defer: 9
2021-09-19 09:02:01,769 DEBUG   SenderThread:654126 [sender.py:send_request():193] send_request: defer
2021-09-19 09:02:01,770 INFO    SenderThread:654126 [sender.py:send_request_defer():304] handle sender defer: 9
2021-09-19 09:02:01,812 DEBUG   HandlerThread:654126 [handler.py:handle_request():124] handle_request: poll_exit
2021-09-19 09:02:01,812 DEBUG   SenderThread:654126 [sender.py:send_request():193] send_request: poll_exit
2021-09-19 09:02:01,812 INFO    SenderThread:654126 [file_pusher.py:join():182] waiting for file pusher
2021-09-19 09:02:01,814 DEBUG   HandlerThread:654126 [handler.py:handle_request():124] handle_request: get_summary
2021-09-19 09:02:01,814 DEBUG   HandlerThread:654126 [handler.py:handle_request():124] handle_request: sampled_history
2021-09-19 09:02:01,815 DEBUG   HandlerThread:654126 [handler.py:handle_request():124] handle_request: shutdown
2021-09-19 09:02:01,815 INFO    HandlerThread:654126 [handler.py:finish():638] shutting down handler
2021-09-19 09:02:02,769 INFO    WriterThread:654126 [datastore.py:close():288] close: /grid/koo/home/toneyan/profile/QuantPred/wandb/run-20210919_090122-2h68dpka/run-2h68dpka.wandb
2021-09-19 09:02:02,813 INFO    SenderThread:654126 [sender.py:finish():945] shutting down sender
2021-09-19 09:02:02,813 INFO    SenderThread:654126 [file_pusher.py:finish():177] shutting down file pusher
2021-09-19 09:02:02,813 INFO    SenderThread:654126 [file_pusher.py:join():182] waiting for file pusher
2021-09-19 09:02:02,815 INFO    MainThread:654126 [internal.py:handle_exit():78] Internal process exited
