2021-09-18 15:51:11,086 INFO    MainThread:3313187 [internal.py:wandb_internal():91] W&B internal server running at pid: 3313187, started at: 2021-09-18 15:51:11.085225
2021-09-18 15:51:11,088 DEBUG   HandlerThread:3313187 [handler.py:handle_request():124] handle_request: check_version
2021-09-18 15:51:11,088 INFO    WriterThread:3313187 [datastore.py:open_for_write():80] open: /grid/koo/home/toneyan/profile/QuantPred/wandb/run-20210918_155110-1p6bzc0y/run-1p6bzc0y.wandb
2021-09-18 15:51:11,090 DEBUG   SenderThread:3313187 [sender.py:send():179] send: header
2021-09-18 15:51:11,090 DEBUG   SenderThread:3313187 [sender.py:send_request():193] send_request: check_version
2021-09-18 15:51:11,120 DEBUG   SenderThread:3313187 [sender.py:send():179] send: run
2021-09-18 15:51:11,182 ERROR   SenderThread:3313187 [internal_api.py:execute():130] 429 response executing GraphQL.
2021-09-18 15:51:11,183 ERROR   SenderThread:3313187 [internal_api.py:execute():131] {"error":"rate limit exceeded"}

2021-09-18 15:51:12,283 ERROR   SenderThread:3313187 [internal_api.py:execute():130] 429 response executing GraphQL.
2021-09-18 15:51:12,283 ERROR   SenderThread:3313187 [internal_api.py:execute():131] {"error":"rate limit exceeded"}

2021-09-18 15:51:14,555 ERROR   SenderThread:3313187 [internal_api.py:execute():130] 429 response executing GraphQL.
2021-09-18 15:51:14,555 ERROR   SenderThread:3313187 [internal_api.py:execute():131] {"error":"rate limit exceeded"}

2021-09-18 15:51:14,555 ERROR   SenderThread:3313187 [retry.py:__call__():126] Retry attempt failed:
Traceback (most recent call last):
  File "/usr/local/lib/python3.6/dist-packages/wandb/sdk/lib/retry.py", line 102, in __call__
    result = self._call_fn(*args, **kwargs)
  File "/usr/local/lib/python3.6/dist-packages/wandb/sdk/internal/internal_api.py", line 133, in execute
    six.reraise(*sys.exc_info())
  File "/usr/local/lib/python3.6/dist-packages/six.py", line 719, in reraise
    raise value
  File "/usr/local/lib/python3.6/dist-packages/wandb/sdk/internal/internal_api.py", line 127, in execute
    return self.client.execute(*args, **kwargs)
  File "/usr/local/lib/python3.6/dist-packages/wandb/vendor/gql-0.2.0/gql/client.py", line 52, in execute
    result = self._get_result(document, *args, **kwargs)
  File "/usr/local/lib/python3.6/dist-packages/wandb/vendor/gql-0.2.0/gql/client.py", line 60, in _get_result
    return self.transport.execute(document, *args, **kwargs)
  File "/usr/local/lib/python3.6/dist-packages/wandb/vendor/gql-0.2.0/gql/transport/requests.py", line 39, in execute
    request.raise_for_status()
  File "/usr/local/lib/python3.6/dist-packages/requests/models.py", line 943, in raise_for_status
    raise HTTPError(http_error_msg, response=self)
requests.exceptions.HTTPError: 429 Client Error: Too Many Requests for url: https://api.wandb.ai/graphql
2021-09-18 15:51:18,842 INFO    SenderThread:3313187 [dir_watcher.py:__init__():168] watching files in: /grid/koo/home/toneyan/profile/QuantPred/wandb/run-20210918_155110-1p6bzc0y/files
2021-09-18 15:51:18,842 INFO    SenderThread:3313187 [sender.py:_start_run_threads():719] run started: 1p6bzc0y with start time 1631994670
2021-09-18 15:51:18,842 DEBUG   SenderThread:3313187 [sender.py:send():179] send: summary
2021-09-18 15:51:18,843 INFO    SenderThread:3313187 [sender.py:_save_file():841] saving file wandb-summary.json with policy end
2021-09-18 15:51:18,843 DEBUG   HandlerThread:3313187 [handler.py:handle_request():124] handle_request: run_start
2021-09-18 15:51:19,845 INFO    Thread-8  :3313187 [dir_watcher.py:_on_file_created():216] file/dir created: /grid/koo/home/toneyan/profile/QuantPred/wandb/run-20210918_155110-1p6bzc0y/files/wandb-summary.json
2021-09-18 15:51:20,090 DEBUG   HandlerThread:3313187 [meta.py:__init__():39] meta init
2021-09-18 15:51:20,090 DEBUG   HandlerThread:3313187 [meta.py:__init__():53] meta init done
2021-09-18 15:51:20,090 DEBUG   HandlerThread:3313187 [meta.py:probe():210] probe
2021-09-18 15:51:20,096 DEBUG   HandlerThread:3313187 [meta.py:_save_pip():57] save pip
2021-09-18 15:51:20,097 DEBUG   HandlerThread:3313187 [meta.py:_save_pip():71] save pip done
2021-09-18 15:51:20,097 DEBUG   HandlerThread:3313187 [meta.py:probe():252] probe done
2021-09-18 15:51:20,100 DEBUG   SenderThread:3313187 [sender.py:send():179] send: files
2021-09-18 15:51:20,100 INFO    SenderThread:3313187 [sender.py:_save_file():841] saving file wandb-metadata.json with policy now
2021-09-18 15:51:20,105 DEBUG   HandlerThread:3313187 [handler.py:handle_request():124] handle_request: stop_status
2021-09-18 15:51:20,106 DEBUG   SenderThread:3313187 [sender.py:send_request():193] send_request: stop_status
2021-09-18 15:51:20,406 INFO    Thread-11 :3313187 [upload_job.py:push():137] Uploaded file /tmp/3288841.1.gpu_ded.q/tmptdm1_l1mwandb/1l1gtj7s-wandb-metadata.json
2021-09-18 15:51:20,845 INFO    Thread-8  :3313187 [dir_watcher.py:_on_file_created():216] file/dir created: /grid/koo/home/toneyan/profile/QuantPred/wandb/run-20210918_155110-1p6bzc0y/files/wandb-metadata.json
2021-09-18 15:51:20,845 INFO    Thread-8  :3313187 [dir_watcher.py:_on_file_created():216] file/dir created: /grid/koo/home/toneyan/profile/QuantPred/wandb/run-20210918_155110-1p6bzc0y/files/output.log
2021-09-18 15:51:20,845 INFO    Thread-8  :3313187 [dir_watcher.py:_on_file_created():216] file/dir created: /grid/koo/home/toneyan/profile/QuantPred/wandb/run-20210918_155110-1p6bzc0y/files/requirements.txt
2021-09-18 15:51:35,172 DEBUG   HandlerThread:3313187 [handler.py:handle_request():124] handle_request: stop_status
2021-09-18 15:51:35,172 DEBUG   SenderThread:3313187 [sender.py:send_request():193] send_request: stop_status
2021-09-18 15:51:48,459 DEBUG   SenderThread:3313187 [sender.py:send():179] send: stats
2021-09-18 15:51:50,239 DEBUG   HandlerThread:3313187 [handler.py:handle_request():124] handle_request: stop_status
2021-09-18 15:51:50,240 DEBUG   SenderThread:3313187 [sender.py:send_request():193] send_request: stop_status
2021-09-18 15:51:54,129 DEBUG   HandlerThread:3313187 [handler.py:handle_request():124] handle_request: poll_exit
2021-09-18 15:51:54,129 DEBUG   SenderThread:3313187 [sender.py:send():179] send: telemetry
2021-09-18 15:51:54,129 DEBUG   SenderThread:3313187 [sender.py:send():179] send: exit
2021-09-18 15:51:54,129 INFO    SenderThread:3313187 [sender.py:send_exit():287] handling exit code: 1
2021-09-18 15:51:54,130 INFO    SenderThread:3313187 [sender.py:send_exit():295] send defer
2021-09-18 15:51:54,130 DEBUG   SenderThread:3313187 [sender.py:send_request():193] send_request: poll_exit
2021-09-18 15:51:54,130 DEBUG   HandlerThread:3313187 [handler.py:handle_request():124] handle_request: defer
2021-09-18 15:51:54,130 INFO    HandlerThread:3313187 [handler.py:handle_request_defer():141] handle defer: 0
2021-09-18 15:51:54,130 DEBUG   SenderThread:3313187 [sender.py:send_request():193] send_request: defer
2021-09-18 15:51:54,130 INFO    SenderThread:3313187 [sender.py:send_request_defer():304] handle sender defer: 0
2021-09-18 15:51:54,130 INFO    SenderThread:3313187 [sender.py:transition_state():308] send defer: 1
2021-09-18 15:51:54,131 DEBUG   HandlerThread:3313187 [handler.py:handle_request():124] handle_request: defer
2021-09-18 15:51:54,131 INFO    HandlerThread:3313187 [handler.py:handle_request_defer():141] handle defer: 1
2021-09-18 15:51:54,228 DEBUG   SenderThread:3313187 [sender.py:send_request():193] send_request: defer
2021-09-18 15:51:54,228 INFO    SenderThread:3313187 [sender.py:send_request_defer():304] handle sender defer: 1
2021-09-18 15:51:54,228 INFO    SenderThread:3313187 [sender.py:transition_state():308] send defer: 2
2021-09-18 15:51:54,228 DEBUG   SenderThread:3313187 [sender.py:send():179] send: stats
2021-09-18 15:51:54,229 DEBUG   HandlerThread:3313187 [handler.py:handle_request():124] handle_request: defer
2021-09-18 15:51:54,230 INFO    HandlerThread:3313187 [handler.py:handle_request_defer():141] handle defer: 2
2021-09-18 15:51:54,231 DEBUG   SenderThread:3313187 [sender.py:send_request():193] send_request: defer
2021-09-18 15:51:54,231 INFO    SenderThread:3313187 [sender.py:send_request_defer():304] handle sender defer: 2
2021-09-18 15:51:54,231 DEBUG   HandlerThread:3313187 [handler.py:handle_request():124] handle_request: poll_exit
2021-09-18 15:51:54,231 INFO    SenderThread:3313187 [sender.py:transition_state():308] send defer: 3
2021-09-18 15:51:54,232 DEBUG   SenderThread:3313187 [sender.py:send_request():193] send_request: poll_exit
2021-09-18 15:51:54,232 DEBUG   HandlerThread:3313187 [handler.py:handle_request():124] handle_request: defer
2021-09-18 15:51:54,232 INFO    HandlerThread:3313187 [handler.py:handle_request_defer():141] handle defer: 3
2021-09-18 15:51:54,232 DEBUG   SenderThread:3313187 [sender.py:send():179] send: summary
2021-09-18 15:51:54,233 INFO    SenderThread:3313187 [sender.py:_save_file():841] saving file wandb-summary.json with policy end
2021-09-18 15:51:54,233 DEBUG   SenderThread:3313187 [sender.py:send_request():193] send_request: defer
2021-09-18 15:51:54,233 INFO    SenderThread:3313187 [sender.py:send_request_defer():304] handle sender defer: 3
2021-09-18 15:51:54,233 INFO    SenderThread:3313187 [sender.py:transition_state():308] send defer: 4
2021-09-18 15:51:54,233 DEBUG   HandlerThread:3313187 [handler.py:handle_request():124] handle_request: defer
2021-09-18 15:51:54,233 INFO    HandlerThread:3313187 [handler.py:handle_request_defer():141] handle defer: 4
2021-09-18 15:51:54,233 DEBUG   SenderThread:3313187 [sender.py:send_request():193] send_request: defer
2021-09-18 15:51:54,233 INFO    SenderThread:3313187 [sender.py:send_request_defer():304] handle sender defer: 4
2021-09-18 15:51:54,327 INFO    SenderThread:3313187 [sender.py:transition_state():308] send defer: 5
2021-09-18 15:51:54,327 DEBUG   HandlerThread:3313187 [handler.py:handle_request():124] handle_request: defer
2021-09-18 15:51:54,327 INFO    HandlerThread:3313187 [handler.py:handle_request_defer():141] handle defer: 5
2021-09-18 15:51:54,327 DEBUG   SenderThread:3313187 [sender.py:send_request():193] send_request: defer
2021-09-18 15:51:54,328 INFO    SenderThread:3313187 [sender.py:send_request_defer():304] handle sender defer: 5
2021-09-18 15:51:54,328 INFO    SenderThread:3313187 [dir_watcher.py:finish():282] shutting down directory watcher
2021-09-18 15:51:54,333 DEBUG   HandlerThread:3313187 [handler.py:handle_request():124] handle_request: poll_exit
2021-09-18 15:51:54,850 INFO    SenderThread:3313187 [dir_watcher.py:_on_file_modified():229] file/dir modified: /grid/koo/home/toneyan/profile/QuantPred/wandb/run-20210918_155110-1p6bzc0y/files/wandb-summary.json
2021-09-18 15:51:54,851 INFO    SenderThread:3313187 [dir_watcher.py:_on_file_modified():229] file/dir modified: /grid/koo/home/toneyan/profile/QuantPred/wandb/run-20210918_155110-1p6bzc0y/files/config.yaml
2021-09-18 15:51:54,851 INFO    SenderThread:3313187 [dir_watcher.py:finish():312] scan: /grid/koo/home/toneyan/profile/QuantPred/wandb/run-20210918_155110-1p6bzc0y/files
2021-09-18 15:51:54,851 INFO    SenderThread:3313187 [dir_watcher.py:finish():318] scan save: /grid/koo/home/toneyan/profile/QuantPred/wandb/run-20210918_155110-1p6bzc0y/files/wandb-metadata.json wandb-metadata.json
2021-09-18 15:51:54,851 INFO    SenderThread:3313187 [dir_watcher.py:finish():318] scan save: /grid/koo/home/toneyan/profile/QuantPred/wandb/run-20210918_155110-1p6bzc0y/files/config.yaml config.yaml
2021-09-18 15:51:54,851 INFO    SenderThread:3313187 [dir_watcher.py:finish():318] scan save: /grid/koo/home/toneyan/profile/QuantPred/wandb/run-20210918_155110-1p6bzc0y/files/requirements.txt requirements.txt
2021-09-18 15:51:54,852 INFO    SenderThread:3313187 [dir_watcher.py:finish():318] scan save: /grid/koo/home/toneyan/profile/QuantPred/wandb/run-20210918_155110-1p6bzc0y/files/wandb-summary.json wandb-summary.json
2021-09-18 15:51:54,855 INFO    SenderThread:3313187 [dir_watcher.py:finish():318] scan save: /grid/koo/home/toneyan/profile/QuantPred/wandb/run-20210918_155110-1p6bzc0y/files/output.log output.log
2021-09-18 15:51:54,862 INFO    SenderThread:3313187 [sender.py:transition_state():308] send defer: 6
2021-09-18 15:51:54,863 DEBUG   SenderThread:3313187 [sender.py:send_request():193] send_request: poll_exit
2021-09-18 15:51:54,863 DEBUG   HandlerThread:3313187 [handler.py:handle_request():124] handle_request: defer
2021-09-18 15:51:54,864 INFO    HandlerThread:3313187 [handler.py:handle_request_defer():141] handle defer: 6
2021-09-18 15:51:54,864 DEBUG   SenderThread:3313187 [sender.py:send_request():193] send_request: defer
2021-09-18 15:51:54,864 INFO    SenderThread:3313187 [sender.py:send_request_defer():304] handle sender defer: 6
2021-09-18 15:51:54,864 INFO    SenderThread:3313187 [file_pusher.py:finish():177] shutting down file pusher
2021-09-18 15:51:54,965 DEBUG   HandlerThread:3313187 [handler.py:handle_request():124] handle_request: poll_exit
2021-09-18 15:51:54,965 DEBUG   SenderThread:3313187 [sender.py:send_request():193] send_request: poll_exit
2021-09-18 15:51:55,067 DEBUG   HandlerThread:3313187 [handler.py:handle_request():124] handle_request: poll_exit
2021-09-18 15:51:55,067 DEBUG   SenderThread:3313187 [sender.py:send_request():193] send_request: poll_exit
2021-09-18 15:51:55,167 INFO    Thread-12 :3313187 [upload_job.py:push():137] Uploaded file /grid/koo/home/toneyan/profile/QuantPred/wandb/run-20210918_155110-1p6bzc0y/files/config.yaml
2021-09-18 15:51:55,168 DEBUG   HandlerThread:3313187 [handler.py:handle_request():124] handle_request: poll_exit
2021-09-18 15:51:55,169 DEBUG   SenderThread:3313187 [sender.py:send_request():193] send_request: poll_exit
2021-09-18 15:51:55,199 INFO    Thread-13 :3313187 [upload_job.py:push():137] Uploaded file /grid/koo/home/toneyan/profile/QuantPred/wandb/run-20210918_155110-1p6bzc0y/files/requirements.txt
2021-09-18 15:51:55,270 DEBUG   HandlerThread:3313187 [handler.py:handle_request():124] handle_request: poll_exit
2021-09-18 15:51:55,270 DEBUG   SenderThread:3313187 [sender.py:send_request():193] send_request: poll_exit
2021-09-18 15:51:55,280 INFO    Thread-14 :3313187 [upload_job.py:push():137] Uploaded file /grid/koo/home/toneyan/profile/QuantPred/wandb/run-20210918_155110-1p6bzc0y/files/wandb-summary.json
2021-09-18 15:51:55,372 DEBUG   HandlerThread:3313187 [handler.py:handle_request():124] handle_request: poll_exit
2021-09-18 15:51:55,372 DEBUG   SenderThread:3313187 [sender.py:send_request():193] send_request: poll_exit
2021-09-18 15:51:55,473 DEBUG   HandlerThread:3313187 [handler.py:handle_request():124] handle_request: poll_exit
2021-09-18 15:51:55,474 DEBUG   SenderThread:3313187 [sender.py:send_request():193] send_request: poll_exit
2021-09-18 15:51:55,481 INFO    Thread-7  :3313187 [sender.py:transition_state():308] send defer: 7
2021-09-18 15:51:55,481 DEBUG   HandlerThread:3313187 [handler.py:handle_request():124] handle_request: defer
2021-09-18 15:51:55,481 INFO    HandlerThread:3313187 [handler.py:handle_request_defer():141] handle defer: 7
2021-09-18 15:51:55,482 DEBUG   SenderThread:3313187 [sender.py:send_request():193] send_request: defer
2021-09-18 15:51:55,482 INFO    SenderThread:3313187 [sender.py:send_request_defer():304] handle sender defer: 7
2021-09-18 15:51:55,575 DEBUG   HandlerThread:3313187 [handler.py:handle_request():124] handle_request: poll_exit
2021-09-18 15:51:55,585 INFO    SenderThread:3313187 [sender.py:transition_state():308] send defer: 8
2021-09-18 15:51:55,585 DEBUG   SenderThread:3313187 [sender.py:send_request():193] send_request: poll_exit
2021-09-18 15:51:55,586 DEBUG   HandlerThread:3313187 [handler.py:handle_request():124] handle_request: defer
2021-09-18 15:51:55,586 INFO    HandlerThread:3313187 [handler.py:handle_request_defer():141] handle defer: 8
2021-09-18 15:51:55,586 DEBUG   SenderThread:3313187 [sender.py:send_request():193] send_request: defer
2021-09-18 15:51:55,586 INFO    SenderThread:3313187 [sender.py:send_request_defer():304] handle sender defer: 8
2021-09-18 15:51:55,586 INFO    SenderThread:3313187 [sender.py:transition_state():308] send defer: 9
2021-09-18 15:51:55,586 DEBUG   SenderThread:3313187 [sender.py:send():179] send: final
2021-09-18 15:51:55,587 DEBUG   HandlerThread:3313187 [handler.py:handle_request():124] handle_request: defer
2021-09-18 15:51:55,587 DEBUG   SenderThread:3313187 [sender.py:send():179] send: footer
2021-09-18 15:51:55,587 INFO    HandlerThread:3313187 [handler.py:handle_request_defer():141] handle defer: 9
2021-09-18 15:51:55,587 DEBUG   SenderThread:3313187 [sender.py:send_request():193] send_request: defer
2021-09-18 15:51:55,587 INFO    SenderThread:3313187 [sender.py:send_request_defer():304] handle sender defer: 9
2021-09-18 15:51:55,687 DEBUG   HandlerThread:3313187 [handler.py:handle_request():124] handle_request: poll_exit
2021-09-18 15:51:55,687 DEBUG   SenderThread:3313187 [sender.py:send_request():193] send_request: poll_exit
2021-09-18 15:51:55,687 INFO    SenderThread:3313187 [file_pusher.py:join():182] waiting for file pusher
2021-09-18 15:51:55,688 DEBUG   HandlerThread:3313187 [handler.py:handle_request():124] handle_request: get_summary
2021-09-18 15:51:55,689 DEBUG   HandlerThread:3313187 [handler.py:handle_request():124] handle_request: sampled_history
2021-09-18 15:51:55,689 DEBUG   HandlerThread:3313187 [handler.py:handle_request():124] handle_request: shutdown
2021-09-18 15:51:55,689 INFO    HandlerThread:3313187 [handler.py:finish():638] shutting down handler
2021-09-18 15:51:56,587 INFO    WriterThread:3313187 [datastore.py:close():288] close: /grid/koo/home/toneyan/profile/QuantPred/wandb/run-20210918_155110-1p6bzc0y/run-1p6bzc0y.wandb
2021-09-18 15:51:56,688 INFO    SenderThread:3313187 [sender.py:finish():945] shutting down sender
2021-09-18 15:51:56,688 INFO    SenderThread:3313187 [file_pusher.py:finish():177] shutting down file pusher
2021-09-18 15:51:56,688 INFO    SenderThread:3313187 [file_pusher.py:join():182] waiting for file pusher
2021-09-18 15:51:56,691 INFO    MainThread:3313187 [internal.py:handle_exit():78] Internal process exited
