2021-09-19 05:19:45,586 INFO    MainThread:2545095 [internal.py:wandb_internal():91] W&B internal server running at pid: 2545095, started at: 2021-09-19 05:19:45.585665
2021-09-19 05:19:45,588 DEBUG   HandlerThread:2545095 [handler.py:handle_request():124] handle_request: check_version
2021-09-19 05:19:45,588 INFO    WriterThread:2545095 [datastore.py:open_for_write():80] open: /grid/koo/home/toneyan/profile/QuantPred/wandb/run-20210919_051945-i3ede5db/run-i3ede5db.wandb
2021-09-19 05:19:45,589 DEBUG   SenderThread:2545095 [sender.py:send():179] send: header
2021-09-19 05:19:45,589 DEBUG   SenderThread:2545095 [sender.py:send_request():193] send_request: check_version
2021-09-19 05:19:45,625 DEBUG   SenderThread:2545095 [sender.py:send():179] send: run
2021-09-19 05:19:45,728 INFO    SenderThread:2545095 [dir_watcher.py:__init__():168] watching files in: /grid/koo/home/toneyan/profile/QuantPred/wandb/run-20210919_051945-i3ede5db/files
2021-09-19 05:19:45,728 INFO    SenderThread:2545095 [sender.py:_start_run_threads():719] run started: i3ede5db with start time 1632043185
2021-09-19 05:19:45,728 DEBUG   SenderThread:2545095 [sender.py:send():179] send: summary
2021-09-19 05:19:45,729 INFO    SenderThread:2545095 [sender.py:_save_file():841] saving file wandb-summary.json with policy end
2021-09-19 05:19:45,729 DEBUG   HandlerThread:2545095 [handler.py:handle_request():124] handle_request: run_start
2021-09-19 05:19:46,729 INFO    Thread-8  :2545095 [dir_watcher.py:_on_file_created():216] file/dir created: /grid/koo/home/toneyan/profile/QuantPred/wandb/run-20210919_051945-i3ede5db/files/wandb-summary.json
2021-09-19 05:19:46,791 DEBUG   HandlerThread:2545095 [meta.py:__init__():39] meta init
2021-09-19 05:19:46,792 DEBUG   HandlerThread:2545095 [meta.py:__init__():53] meta init done
2021-09-19 05:19:46,792 DEBUG   HandlerThread:2545095 [meta.py:probe():210] probe
2021-09-19 05:19:46,801 DEBUG   HandlerThread:2545095 [meta.py:_save_pip():57] save pip
2021-09-19 05:19:46,802 DEBUG   HandlerThread:2545095 [meta.py:_save_pip():71] save pip done
2021-09-19 05:19:46,803 DEBUG   HandlerThread:2545095 [meta.py:probe():252] probe done
2021-09-19 05:19:46,805 DEBUG   SenderThread:2545095 [sender.py:send():179] send: files
2021-09-19 05:19:46,805 INFO    SenderThread:2545095 [sender.py:_save_file():841] saving file wandb-metadata.json with policy now
2021-09-19 05:19:46,811 DEBUG   HandlerThread:2545095 [handler.py:handle_request():124] handle_request: stop_status
2021-09-19 05:19:46,811 DEBUG   SenderThread:2545095 [sender.py:send_request():193] send_request: stop_status
2021-09-19 05:19:47,154 INFO    Thread-11 :2545095 [upload_job.py:push():137] Uploaded file /tmp/3288848.1.gpu_ded.q/tmp_wyufog_wandb/24vl81hf-wandb-metadata.json
2021-09-19 05:19:47,729 INFO    Thread-8  :2545095 [dir_watcher.py:_on_file_created():216] file/dir created: /grid/koo/home/toneyan/profile/QuantPred/wandb/run-20210919_051945-i3ede5db/files/output.log
2021-09-19 05:19:47,729 INFO    Thread-8  :2545095 [dir_watcher.py:_on_file_created():216] file/dir created: /grid/koo/home/toneyan/profile/QuantPred/wandb/run-20210919_051945-i3ede5db/files/wandb-metadata.json
2021-09-19 05:19:47,729 INFO    Thread-8  :2545095 [dir_watcher.py:_on_file_created():216] file/dir created: /grid/koo/home/toneyan/profile/QuantPred/wandb/run-20210919_051945-i3ede5db/files/requirements.txt
2021-09-19 05:20:01,871 DEBUG   HandlerThread:2545095 [handler.py:handle_request():124] handle_request: stop_status
2021-09-19 05:20:01,871 DEBUG   SenderThread:2545095 [sender.py:send_request():193] send_request: stop_status
2021-09-19 05:20:15,178 DEBUG   SenderThread:2545095 [sender.py:send():179] send: stats
2021-09-19 05:20:16,930 DEBUG   HandlerThread:2545095 [handler.py:handle_request():124] handle_request: stop_status
2021-09-19 05:20:16,930 DEBUG   SenderThread:2545095 [sender.py:send_request():193] send_request: stop_status
2021-09-19 05:20:18,096 DEBUG   HandlerThread:2545095 [handler.py:handle_request():124] handle_request: poll_exit
2021-09-19 05:20:18,096 DEBUG   SenderThread:2545095 [sender.py:send():179] send: telemetry
2021-09-19 05:20:18,097 DEBUG   SenderThread:2545095 [sender.py:send():179] send: exit
2021-09-19 05:20:18,097 INFO    SenderThread:2545095 [sender.py:send_exit():287] handling exit code: 1
2021-09-19 05:20:18,097 INFO    SenderThread:2545095 [sender.py:send_exit():295] send defer
2021-09-19 05:20:18,097 DEBUG   SenderThread:2545095 [sender.py:send_request():193] send_request: poll_exit
2021-09-19 05:20:18,097 DEBUG   HandlerThread:2545095 [handler.py:handle_request():124] handle_request: defer
2021-09-19 05:20:18,097 INFO    HandlerThread:2545095 [handler.py:handle_request_defer():141] handle defer: 0
2021-09-19 05:20:18,097 DEBUG   SenderThread:2545095 [sender.py:send_request():193] send_request: defer
2021-09-19 05:20:18,097 INFO    SenderThread:2545095 [sender.py:send_request_defer():304] handle sender defer: 0
2021-09-19 05:20:18,097 INFO    SenderThread:2545095 [sender.py:transition_state():308] send defer: 1
2021-09-19 05:20:18,098 DEBUG   HandlerThread:2545095 [handler.py:handle_request():124] handle_request: defer
2021-09-19 05:20:18,098 INFO    HandlerThread:2545095 [handler.py:handle_request_defer():141] handle defer: 1
2021-09-19 05:20:18,125 DEBUG   SenderThread:2545095 [sender.py:send_request():193] send_request: defer
2021-09-19 05:20:18,125 INFO    SenderThread:2545095 [sender.py:send_request_defer():304] handle sender defer: 1
2021-09-19 05:20:18,125 INFO    SenderThread:2545095 [sender.py:transition_state():308] send defer: 2
2021-09-19 05:20:18,125 DEBUG   SenderThread:2545095 [sender.py:send():179] send: stats
2021-09-19 05:20:18,126 DEBUG   HandlerThread:2545095 [handler.py:handle_request():124] handle_request: defer
2021-09-19 05:20:18,127 INFO    HandlerThread:2545095 [handler.py:handle_request_defer():141] handle defer: 2
2021-09-19 05:20:18,128 DEBUG   SenderThread:2545095 [sender.py:send_request():193] send_request: defer
2021-09-19 05:20:18,128 INFO    SenderThread:2545095 [sender.py:send_request_defer():304] handle sender defer: 2
2021-09-19 05:20:18,128 INFO    SenderThread:2545095 [sender.py:transition_state():308] send defer: 3
2021-09-19 05:20:18,128 DEBUG   HandlerThread:2545095 [handler.py:handle_request():124] handle_request: defer
2021-09-19 05:20:18,128 INFO    HandlerThread:2545095 [handler.py:handle_request_defer():141] handle defer: 3
2021-09-19 05:20:18,128 DEBUG   SenderThread:2545095 [sender.py:send():179] send: summary
2021-09-19 05:20:18,129 INFO    SenderThread:2545095 [sender.py:_save_file():841] saving file wandb-summary.json with policy end
2021-09-19 05:20:18,129 DEBUG   SenderThread:2545095 [sender.py:send_request():193] send_request: defer
2021-09-19 05:20:18,129 INFO    SenderThread:2545095 [sender.py:send_request_defer():304] handle sender defer: 3
2021-09-19 05:20:18,129 INFO    SenderThread:2545095 [sender.py:transition_state():308] send defer: 4
2021-09-19 05:20:18,129 DEBUG   HandlerThread:2545095 [handler.py:handle_request():124] handle_request: defer
2021-09-19 05:20:18,129 INFO    HandlerThread:2545095 [handler.py:handle_request_defer():141] handle defer: 4
2021-09-19 05:20:18,129 DEBUG   SenderThread:2545095 [sender.py:send_request():193] send_request: defer
2021-09-19 05:20:18,129 INFO    SenderThread:2545095 [sender.py:send_request_defer():304] handle sender defer: 4
2021-09-19 05:20:18,198 DEBUG   HandlerThread:2545095 [handler.py:handle_request():124] handle_request: poll_exit
2021-09-19 05:20:18,215 INFO    SenderThread:2545095 [sender.py:transition_state():308] send defer: 5
2021-09-19 05:20:18,216 DEBUG   SenderThread:2545095 [sender.py:send_request():193] send_request: poll_exit
2021-09-19 05:20:18,216 DEBUG   HandlerThread:2545095 [handler.py:handle_request():124] handle_request: defer
2021-09-19 05:20:18,216 INFO    HandlerThread:2545095 [handler.py:handle_request_defer():141] handle defer: 5
2021-09-19 05:20:18,216 DEBUG   SenderThread:2545095 [sender.py:send_request():193] send_request: defer
2021-09-19 05:20:18,216 INFO    SenderThread:2545095 [sender.py:send_request_defer():304] handle sender defer: 5
2021-09-19 05:20:18,216 INFO    SenderThread:2545095 [dir_watcher.py:finish():282] shutting down directory watcher
2021-09-19 05:20:18,317 DEBUG   HandlerThread:2545095 [handler.py:handle_request():124] handle_request: poll_exit
2021-09-19 05:20:18,734 INFO    SenderThread:2545095 [dir_watcher.py:_on_file_modified():229] file/dir modified: /grid/koo/home/toneyan/profile/QuantPred/wandb/run-20210919_051945-i3ede5db/files/wandb-summary.json
2021-09-19 05:20:18,734 INFO    SenderThread:2545095 [dir_watcher.py:_on_file_modified():229] file/dir modified: /grid/koo/home/toneyan/profile/QuantPred/wandb/run-20210919_051945-i3ede5db/files/config.yaml
2021-09-19 05:20:18,735 INFO    SenderThread:2545095 [dir_watcher.py:finish():312] scan: /grid/koo/home/toneyan/profile/QuantPred/wandb/run-20210919_051945-i3ede5db/files
2021-09-19 05:20:18,735 INFO    SenderThread:2545095 [dir_watcher.py:finish():318] scan save: /grid/koo/home/toneyan/profile/QuantPred/wandb/run-20210919_051945-i3ede5db/files/wandb-metadata.json wandb-metadata.json
2021-09-19 05:20:18,735 INFO    SenderThread:2545095 [dir_watcher.py:finish():318] scan save: /grid/koo/home/toneyan/profile/QuantPred/wandb/run-20210919_051945-i3ede5db/files/config.yaml config.yaml
2021-09-19 05:20:18,735 INFO    SenderThread:2545095 [dir_watcher.py:finish():318] scan save: /grid/koo/home/toneyan/profile/QuantPred/wandb/run-20210919_051945-i3ede5db/files/requirements.txt requirements.txt
2021-09-19 05:20:18,735 INFO    SenderThread:2545095 [dir_watcher.py:finish():318] scan save: /grid/koo/home/toneyan/profile/QuantPred/wandb/run-20210919_051945-i3ede5db/files/wandb-summary.json wandb-summary.json
2021-09-19 05:20:18,735 INFO    SenderThread:2545095 [dir_watcher.py:finish():318] scan save: /grid/koo/home/toneyan/profile/QuantPred/wandb/run-20210919_051945-i3ede5db/files/output.log output.log
2021-09-19 05:20:18,738 INFO    SenderThread:2545095 [sender.py:transition_state():308] send defer: 6
2021-09-19 05:20:18,741 DEBUG   SenderThread:2545095 [sender.py:send_request():193] send_request: poll_exit
2021-09-19 05:20:18,745 DEBUG   HandlerThread:2545095 [handler.py:handle_request():124] handle_request: defer
2021-09-19 05:20:18,746 INFO    HandlerThread:2545095 [handler.py:handle_request_defer():141] handle defer: 6
2021-09-19 05:20:18,746 DEBUG   SenderThread:2545095 [sender.py:send_request():193] send_request: defer
2021-09-19 05:20:18,746 INFO    SenderThread:2545095 [sender.py:send_request_defer():304] handle sender defer: 6
2021-09-19 05:20:18,746 INFO    SenderThread:2545095 [file_pusher.py:finish():177] shutting down file pusher
2021-09-19 05:20:18,847 DEBUG   HandlerThread:2545095 [handler.py:handle_request():124] handle_request: poll_exit
2021-09-19 05:20:18,847 DEBUG   SenderThread:2545095 [sender.py:send_request():193] send_request: poll_exit
2021-09-19 05:20:18,949 DEBUG   HandlerThread:2545095 [handler.py:handle_request():124] handle_request: poll_exit
2021-09-19 05:20:18,949 DEBUG   SenderThread:2545095 [sender.py:send_request():193] send_request: poll_exit
2021-09-19 05:20:19,042 INFO    Thread-12 :2545095 [upload_job.py:push():137] Uploaded file /grid/koo/home/toneyan/profile/QuantPred/wandb/run-20210919_051945-i3ede5db/files/config.yaml
2021-09-19 05:20:19,051 DEBUG   HandlerThread:2545095 [handler.py:handle_request():124] handle_request: poll_exit
2021-09-19 05:20:19,051 DEBUG   SenderThread:2545095 [sender.py:send_request():193] send_request: poll_exit
2021-09-19 05:20:19,152 DEBUG   HandlerThread:2545095 [handler.py:handle_request():124] handle_request: poll_exit
2021-09-19 05:20:19,153 DEBUG   SenderThread:2545095 [sender.py:send_request():193] send_request: poll_exit
2021-09-19 05:20:19,199 INFO    Thread-13 :2545095 [upload_job.py:push():137] Uploaded file /grid/koo/home/toneyan/profile/QuantPred/wandb/run-20210919_051945-i3ede5db/files/requirements.txt
2021-09-19 05:20:19,254 DEBUG   HandlerThread:2545095 [handler.py:handle_request():124] handle_request: poll_exit
2021-09-19 05:20:19,255 DEBUG   SenderThread:2545095 [sender.py:send_request():193] send_request: poll_exit
2021-09-19 05:20:19,268 INFO    Thread-14 :2545095 [upload_job.py:push():137] Uploaded file /grid/koo/home/toneyan/profile/QuantPred/wandb/run-20210919_051945-i3ede5db/files/wandb-summary.json
2021-09-19 05:20:19,356 DEBUG   HandlerThread:2545095 [handler.py:handle_request():124] handle_request: poll_exit
2021-09-19 05:20:19,356 DEBUG   SenderThread:2545095 [sender.py:send_request():193] send_request: poll_exit
2021-09-19 05:20:19,458 DEBUG   HandlerThread:2545095 [handler.py:handle_request():124] handle_request: poll_exit
2021-09-19 05:20:19,458 DEBUG   SenderThread:2545095 [sender.py:send_request():193] send_request: poll_exit
2021-09-19 05:20:19,469 INFO    Thread-7  :2545095 [sender.py:transition_state():308] send defer: 7
2021-09-19 05:20:19,469 DEBUG   HandlerThread:2545095 [handler.py:handle_request():124] handle_request: defer
2021-09-19 05:20:19,469 INFO    HandlerThread:2545095 [handler.py:handle_request_defer():141] handle defer: 7
2021-09-19 05:20:19,469 DEBUG   SenderThread:2545095 [sender.py:send_request():193] send_request: defer
2021-09-19 05:20:19,469 INFO    SenderThread:2545095 [sender.py:send_request_defer():304] handle sender defer: 7
2021-09-19 05:20:19,560 DEBUG   HandlerThread:2545095 [handler.py:handle_request():124] handle_request: poll_exit
2021-09-19 05:20:19,579 INFO    SenderThread:2545095 [sender.py:transition_state():308] send defer: 8
2021-09-19 05:20:19,579 DEBUG   SenderThread:2545095 [sender.py:send_request():193] send_request: poll_exit
2021-09-19 05:20:19,580 DEBUG   HandlerThread:2545095 [handler.py:handle_request():124] handle_request: defer
2021-09-19 05:20:19,580 INFO    HandlerThread:2545095 [handler.py:handle_request_defer():141] handle defer: 8
2021-09-19 05:20:19,580 DEBUG   SenderThread:2545095 [sender.py:send_request():193] send_request: defer
2021-09-19 05:20:19,580 INFO    SenderThread:2545095 [sender.py:send_request_defer():304] handle sender defer: 8
2021-09-19 05:20:19,580 INFO    SenderThread:2545095 [sender.py:transition_state():308] send defer: 9
2021-09-19 05:20:19,580 DEBUG   SenderThread:2545095 [sender.py:send():179] send: final
2021-09-19 05:20:19,580 DEBUG   HandlerThread:2545095 [handler.py:handle_request():124] handle_request: defer
2021-09-19 05:20:19,581 DEBUG   SenderThread:2545095 [sender.py:send():179] send: footer
2021-09-19 05:20:19,581 INFO    HandlerThread:2545095 [handler.py:handle_request_defer():141] handle defer: 9
2021-09-19 05:20:19,581 DEBUG   SenderThread:2545095 [sender.py:send_request():193] send_request: defer
2021-09-19 05:20:19,581 INFO    SenderThread:2545095 [sender.py:send_request_defer():304] handle sender defer: 9
2021-09-19 05:20:19,681 DEBUG   HandlerThread:2545095 [handler.py:handle_request():124] handle_request: poll_exit
2021-09-19 05:20:19,681 DEBUG   SenderThread:2545095 [sender.py:send_request():193] send_request: poll_exit
2021-09-19 05:20:19,681 INFO    SenderThread:2545095 [file_pusher.py:join():182] waiting for file pusher
2021-09-19 05:20:19,683 DEBUG   HandlerThread:2545095 [handler.py:handle_request():124] handle_request: get_summary
2021-09-19 05:20:19,683 DEBUG   HandlerThread:2545095 [handler.py:handle_request():124] handle_request: sampled_history
2021-09-19 05:20:19,683 DEBUG   HandlerThread:2545095 [handler.py:handle_request():124] handle_request: shutdown
2021-09-19 05:20:19,683 INFO    HandlerThread:2545095 [handler.py:finish():638] shutting down handler
2021-09-19 05:20:20,581 INFO    WriterThread:2545095 [datastore.py:close():288] close: /grid/koo/home/toneyan/profile/QuantPred/wandb/run-20210919_051945-i3ede5db/run-i3ede5db.wandb
2021-09-19 05:20:20,682 INFO    SenderThread:2545095 [sender.py:finish():945] shutting down sender
2021-09-19 05:20:20,682 INFO    SenderThread:2545095 [file_pusher.py:finish():177] shutting down file pusher
2021-09-19 05:20:20,682 INFO    SenderThread:2545095 [file_pusher.py:join():182] waiting for file pusher
2021-09-19 05:20:20,685 INFO    MainThread:2545095 [internal.py:handle_exit():78] Internal process exited
