2021-09-14 06:01:24,472 INFO    MainThread:1346474 [internal.py:wandb_internal():91] W&B internal server running at pid: 1346474, started at: 2021-09-14 06:01:24.471243
2021-09-14 06:01:24,474 DEBUG   HandlerThread:1346474 [handler.py:handle_request():124] handle_request: check_version
2021-09-14 06:01:24,474 INFO    WriterThread:1346474 [datastore.py:open_for_write():80] open: /grid/koo/home/toneyan/profile/QuantPred/wandb/run-20210914_060123-ge124ud9/run-ge124ud9.wandb
2021-09-14 06:01:24,476 DEBUG   SenderThread:1346474 [sender.py:send():179] send: header
2021-09-14 06:01:24,476 DEBUG   SenderThread:1346474 [sender.py:send_request():193] send_request: check_version
2021-09-14 06:01:24,505 DEBUG   SenderThread:1346474 [sender.py:send():179] send: run
2021-09-14 06:01:24,587 INFO    SenderThread:1346474 [dir_watcher.py:__init__():168] watching files in: /grid/koo/home/toneyan/profile/QuantPred/wandb/run-20210914_060123-ge124ud9/files
2021-09-14 06:01:24,588 INFO    SenderThread:1346474 [sender.py:_start_run_threads():719] run started: ge124ud9 with start time 1631613683
2021-09-14 06:01:24,588 DEBUG   SenderThread:1346474 [sender.py:send():179] send: summary
2021-09-14 06:01:24,589 DEBUG   HandlerThread:1346474 [handler.py:handle_request():124] handle_request: run_start
2021-09-14 06:01:24,589 INFO    SenderThread:1346474 [sender.py:_save_file():841] saving file wandb-summary.json with policy end
2021-09-14 06:01:25,591 INFO    Thread-8  :1346474 [dir_watcher.py:_on_file_created():216] file/dir created: /grid/koo/home/toneyan/profile/QuantPred/wandb/run-20210914_060123-ge124ud9/files/wandb-summary.json
2021-09-14 06:01:25,813 DEBUG   HandlerThread:1346474 [meta.py:__init__():39] meta init
2021-09-14 06:01:25,813 DEBUG   HandlerThread:1346474 [meta.py:__init__():53] meta init done
2021-09-14 06:01:25,813 DEBUG   HandlerThread:1346474 [meta.py:probe():210] probe
2021-09-14 06:01:25,819 DEBUG   HandlerThread:1346474 [meta.py:_save_pip():57] save pip
2021-09-14 06:01:25,820 DEBUG   HandlerThread:1346474 [meta.py:_save_pip():71] save pip done
2021-09-14 06:01:25,820 DEBUG   HandlerThread:1346474 [meta.py:probe():252] probe done
2021-09-14 06:01:25,823 DEBUG   SenderThread:1346474 [sender.py:send():179] send: files
2021-09-14 06:01:25,824 INFO    SenderThread:1346474 [sender.py:_save_file():841] saving file wandb-metadata.json with policy now
2021-09-14 06:01:25,832 DEBUG   HandlerThread:1346474 [handler.py:handle_request():124] handle_request: stop_status
2021-09-14 06:01:25,832 DEBUG   SenderThread:1346474 [sender.py:send_request():193] send_request: stop_status
2021-09-14 06:01:25,884 ERROR   Thread-11 :1346474 [internal_api.py:execute():130] 429 response executing GraphQL.
2021-09-14 06:01:25,885 ERROR   Thread-11 :1346474 [internal_api.py:execute():131] {"error":"rate limit exceeded"}

2021-09-14 06:01:25,887 ERROR   SenderThread:1346474 [internal_api.py:execute():130] 429 response executing GraphQL.
2021-09-14 06:01:25,888 ERROR   SenderThread:1346474 [internal_api.py:execute():131] {"error":"rate limit exceeded"}

2021-09-14 06:01:26,591 INFO    Thread-8  :1346474 [dir_watcher.py:_on_file_created():216] file/dir created: /grid/koo/home/toneyan/profile/QuantPred/wandb/run-20210914_060123-ge124ud9/files/wandb-metadata.json
2021-09-14 06:01:26,591 INFO    Thread-8  :1346474 [dir_watcher.py:_on_file_created():216] file/dir created: /grid/koo/home/toneyan/profile/QuantPred/wandb/run-20210914_060123-ge124ud9/files/requirements.txt
2021-09-14 06:01:26,591 INFO    Thread-8  :1346474 [dir_watcher.py:_on_file_created():216] file/dir created: /grid/koo/home/toneyan/profile/QuantPred/wandb/run-20210914_060123-ge124ud9/files/output.log
2021-09-14 06:01:27,045 ERROR   SenderThread:1346474 [internal_api.py:execute():130] 429 response executing GraphQL.
2021-09-14 06:01:27,045 ERROR   SenderThread:1346474 [internal_api.py:execute():131] {"error":"rate limit exceeded"}

2021-09-14 06:01:27,179 ERROR   Thread-11 :1346474 [internal_api.py:execute():130] 429 response executing GraphQL.
2021-09-14 06:01:27,180 ERROR   Thread-11 :1346474 [internal_api.py:execute():131] {"error":"rate limit exceeded"}

2021-09-14 06:01:27,180 ERROR   Thread-11 :1346474 [retry.py:__call__():126] Retry attempt failed:
Traceback (most recent call last):
  File "/usr/local/lib/python3.6/dist-packages/wandb/sdk/lib/retry.py", line 102, in __call__
    result = self._call_fn(*args, **kwargs)
  File "/usr/local/lib/python3.6/dist-packages/wandb/sdk/internal/internal_api.py", line 133, in execute
    six.reraise(*sys.exc_info())
  File "/usr/local/lib/python3.6/dist-packages/six.py", line 719, in reraise
    raise value
  File "/usr/local/lib/python3.6/dist-packages/wandb/sdk/internal/internal_api.py", line 127, in execute
    return self.client.execute(*args, **kwargs)
  File "/usr/local/lib/python3.6/dist-packages/wandb/vendor/gql-0.2.0/gql/client.py", line 52, in execute
    result = self._get_result(document, *args, **kwargs)
  File "/usr/local/lib/python3.6/dist-packages/wandb/vendor/gql-0.2.0/gql/client.py", line 60, in _get_result
    return self.transport.execute(document, *args, **kwargs)
  File "/usr/local/lib/python3.6/dist-packages/wandb/vendor/gql-0.2.0/gql/transport/requests.py", line 39, in execute
    request.raise_for_status()
  File "/usr/local/lib/python3.6/dist-packages/requests/models.py", line 943, in raise_for_status
    raise HTTPError(http_error_msg, response=self)
requests.exceptions.HTTPError: 429 Client Error: Too Many Requests for url: https://api.wandb.ai/graphql
2021-09-14 06:01:29,511 ERROR   SenderThread:1346474 [internal_api.py:execute():130] 429 response executing GraphQL.
2021-09-14 06:01:29,511 ERROR   SenderThread:1346474 [internal_api.py:execute():131] {"error":"rate limit exceeded"}

2021-09-14 06:01:29,679 ERROR   Thread-11 :1346474 [internal_api.py:execute():130] 429 response executing GraphQL.
2021-09-14 06:01:29,680 ERROR   Thread-11 :1346474 [internal_api.py:execute():131] {"error":"rate limit exceeded"}

2021-09-14 06:01:34,693 INFO    Thread-11 :1346474 [upload_job.py:push():137] Uploaded file /tmp/3287115.1.gpu_ded.q/tmpg0yao111wandb/3pr8ib0g-wandb-metadata.json
2021-09-14 06:01:49,051 DEBUG   HandlerThread:1346474 [handler.py:handle_request():124] handle_request: stop_status
2021-09-14 06:01:49,051 DEBUG   SenderThread:1346474 [sender.py:send_request():193] send_request: stop_status
2021-09-14 06:01:54,211 DEBUG   SenderThread:1346474 [sender.py:send():179] send: stats
2021-09-14 06:01:58,394 DEBUG   HandlerThread:1346474 [handler.py:handle_request():124] handle_request: poll_exit
2021-09-14 06:01:58,394 DEBUG   SenderThread:1346474 [sender.py:send():179] send: telemetry
2021-09-14 06:01:58,394 DEBUG   SenderThread:1346474 [sender.py:send():179] send: exit
2021-09-14 06:01:58,394 INFO    SenderThread:1346474 [sender.py:send_exit():287] handling exit code: 1
2021-09-14 06:01:58,394 INFO    SenderThread:1346474 [sender.py:send_exit():295] send defer
2021-09-14 06:01:58,394 DEBUG   SenderThread:1346474 [sender.py:send_request():193] send_request: poll_exit
2021-09-14 06:01:58,395 DEBUG   HandlerThread:1346474 [handler.py:handle_request():124] handle_request: defer
2021-09-14 06:01:58,395 INFO    HandlerThread:1346474 [handler.py:handle_request_defer():141] handle defer: 0
2021-09-14 06:01:58,395 DEBUG   SenderThread:1346474 [sender.py:send_request():193] send_request: defer
2021-09-14 06:01:58,395 INFO    SenderThread:1346474 [sender.py:send_request_defer():304] handle sender defer: 0
2021-09-14 06:01:58,395 INFO    SenderThread:1346474 [sender.py:transition_state():308] send defer: 1
2021-09-14 06:01:58,396 DEBUG   HandlerThread:1346474 [handler.py:handle_request():124] handle_request: defer
2021-09-14 06:01:58,396 INFO    HandlerThread:1346474 [handler.py:handle_request_defer():141] handle defer: 1
2021-09-14 06:01:58,481 DEBUG   SenderThread:1346474 [sender.py:send_request():193] send_request: defer
2021-09-14 06:01:58,481 INFO    SenderThread:1346474 [sender.py:send_request_defer():304] handle sender defer: 1
2021-09-14 06:01:58,482 INFO    SenderThread:1346474 [sender.py:transition_state():308] send defer: 2
2021-09-14 06:01:58,482 DEBUG   SenderThread:1346474 [sender.py:send():179] send: stats
2021-09-14 06:01:58,484 DEBUG   HandlerThread:1346474 [handler.py:handle_request():124] handle_request: defer
2021-09-14 06:01:58,484 INFO    HandlerThread:1346474 [handler.py:handle_request_defer():141] handle defer: 2
2021-09-14 06:01:58,485 DEBUG   SenderThread:1346474 [sender.py:send_request():193] send_request: defer
2021-09-14 06:01:58,485 INFO    SenderThread:1346474 [sender.py:send_request_defer():304] handle sender defer: 2
2021-09-14 06:01:58,485 INFO    SenderThread:1346474 [sender.py:transition_state():308] send defer: 3
2021-09-14 06:01:58,485 DEBUG   HandlerThread:1346474 [handler.py:handle_request():124] handle_request: defer
2021-09-14 06:01:58,485 INFO    HandlerThread:1346474 [handler.py:handle_request_defer():141] handle defer: 3
2021-09-14 06:01:58,485 DEBUG   SenderThread:1346474 [sender.py:send():179] send: summary
2021-09-14 06:01:58,486 INFO    SenderThread:1346474 [sender.py:_save_file():841] saving file wandb-summary.json with policy end
2021-09-14 06:01:58,486 DEBUG   SenderThread:1346474 [sender.py:send_request():193] send_request: defer
2021-09-14 06:01:58,486 INFO    SenderThread:1346474 [sender.py:send_request_defer():304] handle sender defer: 3
2021-09-14 06:01:58,486 INFO    SenderThread:1346474 [sender.py:transition_state():308] send defer: 4
2021-09-14 06:01:58,486 DEBUG   HandlerThread:1346474 [handler.py:handle_request():124] handle_request: defer
2021-09-14 06:01:58,487 INFO    HandlerThread:1346474 [handler.py:handle_request_defer():141] handle defer: 4
2021-09-14 06:01:58,487 DEBUG   SenderThread:1346474 [sender.py:send_request():193] send_request: defer
2021-09-14 06:01:58,487 INFO    SenderThread:1346474 [sender.py:send_request_defer():304] handle sender defer: 4
2021-09-14 06:01:58,496 DEBUG   HandlerThread:1346474 [handler.py:handle_request():124] handle_request: poll_exit
2021-09-14 06:01:58,543 ERROR   SenderThread:1346474 [internal_api.py:execute():130] 429 response executing GraphQL.
2021-09-14 06:01:58,543 ERROR   SenderThread:1346474 [internal_api.py:execute():131] {"error":"rate limit exceeded"}

2021-09-14 06:01:58,602 INFO    Thread-8  :1346474 [dir_watcher.py:_on_file_modified():229] file/dir modified: /grid/koo/home/toneyan/profile/QuantPred/wandb/run-20210914_060123-ge124ud9/files/wandb-summary.json
2021-09-14 06:01:59,792 ERROR   SenderThread:1346474 [internal_api.py:execute():130] 429 response executing GraphQL.
2021-09-14 06:01:59,793 ERROR   SenderThread:1346474 [internal_api.py:execute():131] {"error":"rate limit exceeded"}

2021-09-14 06:02:02,207 INFO    SenderThread:1346474 [sender.py:transition_state():308] send defer: 5
2021-09-14 06:02:02,207 DEBUG   SenderThread:1346474 [sender.py:send_request():193] send_request: poll_exit
2021-09-14 06:02:02,207 DEBUG   HandlerThread:1346474 [handler.py:handle_request():124] handle_request: defer
2021-09-14 06:02:02,207 INFO    HandlerThread:1346474 [handler.py:handle_request_defer():141] handle defer: 5
2021-09-14 06:02:02,208 DEBUG   SenderThread:1346474 [sender.py:send_request():193] send_request: defer
2021-09-14 06:02:02,208 INFO    SenderThread:1346474 [sender.py:send_request_defer():304] handle sender defer: 5
2021-09-14 06:02:02,208 INFO    SenderThread:1346474 [dir_watcher.py:finish():282] shutting down directory watcher
2021-09-14 06:02:02,310 DEBUG   HandlerThread:1346474 [handler.py:handle_request():124] handle_request: poll_exit
2021-09-14 06:02:02,603 INFO    SenderThread:1346474 [dir_watcher.py:_on_file_modified():229] file/dir modified: /grid/koo/home/toneyan/profile/QuantPred/wandb/run-20210914_060123-ge124ud9/files/config.yaml
2021-09-14 06:02:02,604 INFO    SenderThread:1346474 [dir_watcher.py:finish():312] scan: /grid/koo/home/toneyan/profile/QuantPred/wandb/run-20210914_060123-ge124ud9/files
2021-09-14 06:02:02,604 INFO    SenderThread:1346474 [dir_watcher.py:finish():318] scan save: /grid/koo/home/toneyan/profile/QuantPred/wandb/run-20210914_060123-ge124ud9/files/wandb-metadata.json wandb-metadata.json
2021-09-14 06:02:02,604 INFO    SenderThread:1346474 [dir_watcher.py:finish():318] scan save: /grid/koo/home/toneyan/profile/QuantPred/wandb/run-20210914_060123-ge124ud9/files/config.yaml config.yaml
2021-09-14 06:02:02,604 INFO    SenderThread:1346474 [dir_watcher.py:finish():318] scan save: /grid/koo/home/toneyan/profile/QuantPred/wandb/run-20210914_060123-ge124ud9/files/requirements.txt requirements.txt
2021-09-14 06:02:02,605 INFO    SenderThread:1346474 [dir_watcher.py:finish():318] scan save: /grid/koo/home/toneyan/profile/QuantPred/wandb/run-20210914_060123-ge124ud9/files/wandb-summary.json wandb-summary.json
2021-09-14 06:02:02,611 INFO    SenderThread:1346474 [dir_watcher.py:finish():318] scan save: /grid/koo/home/toneyan/profile/QuantPred/wandb/run-20210914_060123-ge124ud9/files/output.log output.log
2021-09-14 06:02:02,612 INFO    SenderThread:1346474 [sender.py:transition_state():308] send defer: 6
2021-09-14 06:02:02,612 DEBUG   SenderThread:1346474 [sender.py:send_request():193] send_request: poll_exit
2021-09-14 06:02:02,618 DEBUG   HandlerThread:1346474 [handler.py:handle_request():124] handle_request: defer
2021-09-14 06:02:02,618 INFO    HandlerThread:1346474 [handler.py:handle_request_defer():141] handle defer: 6
2021-09-14 06:02:02,619 DEBUG   SenderThread:1346474 [sender.py:send_request():193] send_request: defer
2021-09-14 06:02:02,619 INFO    SenderThread:1346474 [sender.py:send_request_defer():304] handle sender defer: 6
2021-09-14 06:02:02,619 INFO    SenderThread:1346474 [file_pusher.py:finish():177] shutting down file pusher
2021-09-14 06:02:02,719 DEBUG   HandlerThread:1346474 [handler.py:handle_request():124] handle_request: poll_exit
2021-09-14 06:02:02,719 DEBUG   SenderThread:1346474 [sender.py:send_request():193] send_request: poll_exit
2021-09-14 06:02:02,821 DEBUG   HandlerThread:1346474 [handler.py:handle_request():124] handle_request: poll_exit
2021-09-14 06:02:02,821 DEBUG   SenderThread:1346474 [sender.py:send_request():193] send_request: poll_exit
2021-09-14 06:02:02,923 DEBUG   HandlerThread:1346474 [handler.py:handle_request():124] handle_request: poll_exit
2021-09-14 06:02:02,923 DEBUG   SenderThread:1346474 [sender.py:send_request():193] send_request: poll_exit
2021-09-14 06:02:02,945 INFO    Thread-14 :1346474 [upload_job.py:push():137] Uploaded file /grid/koo/home/toneyan/profile/QuantPred/wandb/run-20210914_060123-ge124ud9/files/wandb-summary.json
2021-09-14 06:02:02,952 INFO    Thread-13 :1346474 [upload_job.py:push():137] Uploaded file /grid/koo/home/toneyan/profile/QuantPred/wandb/run-20210914_060123-ge124ud9/files/requirements.txt
2021-09-14 06:02:02,959 INFO    Thread-12 :1346474 [upload_job.py:push():137] Uploaded file /grid/koo/home/toneyan/profile/QuantPred/wandb/run-20210914_060123-ge124ud9/files/config.yaml
2021-09-14 06:02:03,025 DEBUG   HandlerThread:1346474 [handler.py:handle_request():124] handle_request: poll_exit
2021-09-14 06:02:03,025 DEBUG   SenderThread:1346474 [sender.py:send_request():193] send_request: poll_exit
2021-09-14 06:02:03,127 DEBUG   HandlerThread:1346474 [handler.py:handle_request():124] handle_request: poll_exit
2021-09-14 06:02:03,127 DEBUG   SenderThread:1346474 [sender.py:send_request():193] send_request: poll_exit
2021-09-14 06:02:03,159 INFO    Thread-7  :1346474 [sender.py:transition_state():308] send defer: 7
2021-09-14 06:02:03,160 DEBUG   HandlerThread:1346474 [handler.py:handle_request():124] handle_request: defer
2021-09-14 06:02:03,160 INFO    HandlerThread:1346474 [handler.py:handle_request_defer():141] handle defer: 7
2021-09-14 06:02:03,160 DEBUG   SenderThread:1346474 [sender.py:send_request():193] send_request: defer
2021-09-14 06:02:03,160 INFO    SenderThread:1346474 [sender.py:send_request_defer():304] handle sender defer: 7
2021-09-14 06:02:03,219 INFO    SenderThread:1346474 [sender.py:transition_state():308] send defer: 8
2021-09-14 06:02:03,219 DEBUG   HandlerThread:1346474 [handler.py:handle_request():124] handle_request: defer
2021-09-14 06:02:03,219 INFO    HandlerThread:1346474 [handler.py:handle_request_defer():141] handle defer: 8
2021-09-14 06:02:03,220 DEBUG   SenderThread:1346474 [sender.py:send_request():193] send_request: defer
2021-09-14 06:02:03,220 INFO    SenderThread:1346474 [sender.py:send_request_defer():304] handle sender defer: 8
2021-09-14 06:02:03,220 INFO    SenderThread:1346474 [sender.py:transition_state():308] send defer: 9
2021-09-14 06:02:03,220 DEBUG   HandlerThread:1346474 [handler.py:handle_request():124] handle_request: defer
2021-09-14 06:02:03,220 DEBUG   SenderThread:1346474 [sender.py:send():179] send: final
2021-09-14 06:02:03,220 INFO    HandlerThread:1346474 [handler.py:handle_request_defer():141] handle defer: 9
2021-09-14 06:02:03,220 DEBUG   SenderThread:1346474 [sender.py:send():179] send: footer
2021-09-14 06:02:03,220 DEBUG   SenderThread:1346474 [sender.py:send_request():193] send_request: defer
2021-09-14 06:02:03,221 INFO    SenderThread:1346474 [sender.py:send_request_defer():304] handle sender defer: 9
2021-09-14 06:02:03,228 DEBUG   HandlerThread:1346474 [handler.py:handle_request():124] handle_request: poll_exit
2021-09-14 06:02:03,228 DEBUG   SenderThread:1346474 [sender.py:send_request():193] send_request: poll_exit
2021-09-14 06:02:03,229 INFO    SenderThread:1346474 [file_pusher.py:join():182] waiting for file pusher
2021-09-14 06:02:03,229 DEBUG   HandlerThread:1346474 [handler.py:handle_request():124] handle_request: get_summary
2021-09-14 06:02:03,230 DEBUG   HandlerThread:1346474 [handler.py:handle_request():124] handle_request: sampled_history
2021-09-14 06:02:03,230 DEBUG   HandlerThread:1346474 [handler.py:handle_request():124] handle_request: shutdown
2021-09-14 06:02:03,230 INFO    HandlerThread:1346474 [handler.py:finish():638] shutting down handler
2021-09-14 06:02:04,221 INFO    WriterThread:1346474 [datastore.py:close():288] close: /grid/koo/home/toneyan/profile/QuantPred/wandb/run-20210914_060123-ge124ud9/run-ge124ud9.wandb
2021-09-14 06:02:04,229 INFO    SenderThread:1346474 [sender.py:finish():945] shutting down sender
2021-09-14 06:02:04,229 INFO    SenderThread:1346474 [file_pusher.py:finish():177] shutting down file pusher
2021-09-14 06:02:04,229 INFO    SenderThread:1346474 [file_pusher.py:join():182] waiting for file pusher
2021-09-14 06:02:04,231 INFO    MainThread:1346474 [internal.py:handle_exit():78] Internal process exited
