2021-09-19 08:10:05,289 INFO    MainThread:1219497 [internal.py:wandb_internal():91] W&B internal server running at pid: 1219497, started at: 2021-09-19 08:10:05.289052
2021-09-19 08:10:05,291 DEBUG   HandlerThread:1219497 [handler.py:handle_request():124] handle_request: check_version
2021-09-19 08:10:05,291 INFO    WriterThread:1219497 [datastore.py:open_for_write():80] open: /grid/koo/home/toneyan/profile/QuantPred/wandb/run-20210919_081004-khl6amnf/run-khl6amnf.wandb
2021-09-19 08:10:05,292 DEBUG   SenderThread:1219497 [sender.py:send():179] send: header
2021-09-19 08:10:05,292 DEBUG   SenderThread:1219497 [sender.py:send_request():193] send_request: check_version
2021-09-19 08:10:05,325 DEBUG   SenderThread:1219497 [sender.py:send():179] send: run
2021-09-19 08:10:05,387 ERROR   SenderThread:1219497 [internal_api.py:execute():130] 429 response executing GraphQL.
2021-09-19 08:10:05,387 ERROR   SenderThread:1219497 [internal_api.py:execute():131] {"error":"rate limit exceeded"}

2021-09-19 08:10:06,663 ERROR   SenderThread:1219497 [internal_api.py:execute():130] 429 response executing GraphQL.
2021-09-19 08:10:06,663 ERROR   SenderThread:1219497 [internal_api.py:execute():131] {"error":"rate limit exceeded"}

2021-09-19 08:10:08,821 ERROR   SenderThread:1219497 [internal_api.py:execute():130] 429 response executing GraphQL.
2021-09-19 08:10:08,821 ERROR   SenderThread:1219497 [internal_api.py:execute():131] {"error":"rate limit exceeded"}

2021-09-19 08:10:08,821 ERROR   SenderThread:1219497 [retry.py:__call__():126] Retry attempt failed:
Traceback (most recent call last):
  File "/usr/local/lib/python3.6/dist-packages/wandb/sdk/lib/retry.py", line 102, in __call__
    result = self._call_fn(*args, **kwargs)
  File "/usr/local/lib/python3.6/dist-packages/wandb/sdk/internal/internal_api.py", line 133, in execute
    six.reraise(*sys.exc_info())
  File "/usr/local/lib/python3.6/dist-packages/six.py", line 719, in reraise
    raise value
  File "/usr/local/lib/python3.6/dist-packages/wandb/sdk/internal/internal_api.py", line 127, in execute
    return self.client.execute(*args, **kwargs)
  File "/usr/local/lib/python3.6/dist-packages/wandb/vendor/gql-0.2.0/gql/client.py", line 52, in execute
    result = self._get_result(document, *args, **kwargs)
  File "/usr/local/lib/python3.6/dist-packages/wandb/vendor/gql-0.2.0/gql/client.py", line 60, in _get_result
    return self.transport.execute(document, *args, **kwargs)
  File "/usr/local/lib/python3.6/dist-packages/wandb/vendor/gql-0.2.0/gql/transport/requests.py", line 39, in execute
    request.raise_for_status()
  File "/usr/local/lib/python3.6/dist-packages/requests/models.py", line 943, in raise_for_status
    raise HTTPError(http_error_msg, response=self)
requests.exceptions.HTTPError: 429 Client Error: Too Many Requests for url: https://api.wandb.ai/graphql
2021-09-19 08:10:13,261 ERROR   SenderThread:1219497 [internal_api.py:execute():130] 429 response executing GraphQL.
2021-09-19 08:10:13,261 ERROR   SenderThread:1219497 [internal_api.py:execute():131] {"error":"rate limit exceeded"}

2021-09-19 08:10:22,318 INFO    SenderThread:1219497 [dir_watcher.py:__init__():168] watching files in: /grid/koo/home/toneyan/profile/QuantPred/wandb/run-20210919_081004-khl6amnf/files
2021-09-19 08:10:22,318 INFO    SenderThread:1219497 [sender.py:_start_run_threads():719] run started: khl6amnf with start time 1632053404
2021-09-19 08:10:22,318 DEBUG   SenderThread:1219497 [sender.py:send():179] send: summary
2021-09-19 08:10:22,319 INFO    SenderThread:1219497 [sender.py:_save_file():841] saving file wandb-summary.json with policy end
2021-09-19 08:10:22,322 DEBUG   HandlerThread:1219497 [handler.py:handle_request():124] handle_request: run_start
2021-09-19 08:10:23,321 INFO    Thread-8  :1219497 [dir_watcher.py:_on_file_created():216] file/dir created: /grid/koo/home/toneyan/profile/QuantPred/wandb/run-20210919_081004-khl6amnf/files/wandb-summary.json
2021-09-19 08:10:23,520 DEBUG   HandlerThread:1219497 [meta.py:__init__():39] meta init
2021-09-19 08:10:23,521 DEBUG   HandlerThread:1219497 [meta.py:__init__():53] meta init done
2021-09-19 08:10:23,521 DEBUG   HandlerThread:1219497 [meta.py:probe():210] probe
2021-09-19 08:10:23,527 DEBUG   HandlerThread:1219497 [meta.py:_save_pip():57] save pip
2021-09-19 08:10:23,529 DEBUG   HandlerThread:1219497 [meta.py:_save_pip():71] save pip done
2021-09-19 08:10:23,529 DEBUG   HandlerThread:1219497 [meta.py:probe():252] probe done
2021-09-19 08:10:23,532 DEBUG   SenderThread:1219497 [sender.py:send():179] send: files
2021-09-19 08:10:23,532 INFO    SenderThread:1219497 [sender.py:_save_file():841] saving file wandb-metadata.json with policy now
2021-09-19 08:10:23,540 DEBUG   HandlerThread:1219497 [handler.py:handle_request():124] handle_request: stop_status
2021-09-19 08:10:23,540 DEBUG   SenderThread:1219497 [sender.py:send_request():193] send_request: stop_status
2021-09-19 08:10:23,934 INFO    Thread-11 :1219497 [upload_job.py:push():137] Uploaded file /tmp/3288852.1.gpu_ded.q/tmp6x1p7tliwandb/34c620n0-wandb-metadata.json
2021-09-19 08:10:24,319 INFO    Thread-8  :1219497 [dir_watcher.py:_on_file_created():216] file/dir created: /grid/koo/home/toneyan/profile/QuantPred/wandb/run-20210919_081004-khl6amnf/files/wandb-metadata.json
2021-09-19 08:10:24,319 INFO    Thread-8  :1219497 [dir_watcher.py:_on_file_created():216] file/dir created: /grid/koo/home/toneyan/profile/QuantPred/wandb/run-20210919_081004-khl6amnf/files/requirements.txt
2021-09-19 08:10:24,319 INFO    Thread-8  :1219497 [dir_watcher.py:_on_file_created():216] file/dir created: /grid/koo/home/toneyan/profile/QuantPred/wandb/run-20210919_081004-khl6amnf/files/output.log
2021-09-19 08:10:38,603 DEBUG   HandlerThread:1219497 [handler.py:handle_request():124] handle_request: stop_status
2021-09-19 08:10:38,603 DEBUG   SenderThread:1219497 [sender.py:send_request():193] send_request: stop_status
2021-09-19 08:10:38,659 ERROR   SenderThread:1219497 [internal_api.py:execute():130] 429 response executing GraphQL.
2021-09-19 08:10:38,659 ERROR   SenderThread:1219497 [internal_api.py:execute():131] {"error":"rate limit exceeded"}

2021-09-19 08:10:39,919 ERROR   SenderThread:1219497 [internal_api.py:execute():130] 429 response executing GraphQL.
2021-09-19 08:10:39,919 ERROR   SenderThread:1219497 [internal_api.py:execute():131] {"error":"rate limit exceeded"}

2021-09-19 08:10:42,102 ERROR   SenderThread:1219497 [internal_api.py:execute():130] 429 response executing GraphQL.
2021-09-19 08:10:42,103 ERROR   SenderThread:1219497 [internal_api.py:execute():131] {"error":"rate limit exceeded"}

2021-09-19 08:10:42,103 ERROR   SenderThread:1219497 [retry.py:__call__():126] Retry attempt failed:
Traceback (most recent call last):
  File "/usr/local/lib/python3.6/dist-packages/wandb/sdk/lib/retry.py", line 102, in __call__
    result = self._call_fn(*args, **kwargs)
  File "/usr/local/lib/python3.6/dist-packages/wandb/sdk/internal/internal_api.py", line 133, in execute
    six.reraise(*sys.exc_info())
  File "/usr/local/lib/python3.6/dist-packages/six.py", line 719, in reraise
    raise value
  File "/usr/local/lib/python3.6/dist-packages/wandb/sdk/internal/internal_api.py", line 127, in execute
    return self.client.execute(*args, **kwargs)
  File "/usr/local/lib/python3.6/dist-packages/wandb/vendor/gql-0.2.0/gql/client.py", line 52, in execute
    result = self._get_result(document, *args, **kwargs)
  File "/usr/local/lib/python3.6/dist-packages/wandb/vendor/gql-0.2.0/gql/client.py", line 60, in _get_result
    return self.transport.execute(document, *args, **kwargs)
  File "/usr/local/lib/python3.6/dist-packages/wandb/vendor/gql-0.2.0/gql/transport/requests.py", line 39, in execute
    request.raise_for_status()
  File "/usr/local/lib/python3.6/dist-packages/requests/models.py", line 943, in raise_for_status
    raise HTTPError(http_error_msg, response=self)
requests.exceptions.HTTPError: 429 Client Error: Too Many Requests for url: https://api.wandb.ai/graphql
2021-09-19 08:10:51,900 DEBUG   SenderThread:1219497 [sender.py:send():179] send: stats
2021-09-19 08:10:55,166 DEBUG   SenderThread:1219497 [sender.py:send():179] send: telemetry
2021-09-19 08:10:55,167 DEBUG   HandlerThread:1219497 [handler.py:handle_request():124] handle_request: poll_exit
2021-09-19 08:10:55,167 DEBUG   SenderThread:1219497 [sender.py:send():179] send: exit
2021-09-19 08:10:55,167 INFO    SenderThread:1219497 [sender.py:send_exit():287] handling exit code: 1
2021-09-19 08:10:55,167 INFO    SenderThread:1219497 [sender.py:send_exit():295] send defer
2021-09-19 08:10:55,167 DEBUG   SenderThread:1219497 [sender.py:send_request():193] send_request: poll_exit
2021-09-19 08:10:55,167 DEBUG   HandlerThread:1219497 [handler.py:handle_request():124] handle_request: defer
2021-09-19 08:10:55,167 INFO    HandlerThread:1219497 [handler.py:handle_request_defer():141] handle defer: 0
2021-09-19 08:10:55,168 DEBUG   SenderThread:1219497 [sender.py:send_request():193] send_request: defer
2021-09-19 08:10:55,168 INFO    SenderThread:1219497 [sender.py:send_request_defer():304] handle sender defer: 0
2021-09-19 08:10:55,168 INFO    SenderThread:1219497 [sender.py:transition_state():308] send defer: 1
2021-09-19 08:10:55,168 DEBUG   HandlerThread:1219497 [handler.py:handle_request():124] handle_request: defer
2021-09-19 08:10:55,168 INFO    HandlerThread:1219497 [handler.py:handle_request_defer():141] handle defer: 1
2021-09-19 08:10:55,251 DEBUG   SenderThread:1219497 [sender.py:send_request():193] send_request: defer
2021-09-19 08:10:55,251 INFO    SenderThread:1219497 [sender.py:send_request_defer():304] handle sender defer: 1
2021-09-19 08:10:55,251 INFO    SenderThread:1219497 [sender.py:transition_state():308] send defer: 2
2021-09-19 08:10:55,251 DEBUG   SenderThread:1219497 [sender.py:send():179] send: stats
2021-09-19 08:10:55,254 DEBUG   HandlerThread:1219497 [handler.py:handle_request():124] handle_request: defer
2021-09-19 08:10:55,254 INFO    HandlerThread:1219497 [handler.py:handle_request_defer():141] handle defer: 2
2021-09-19 08:10:55,254 DEBUG   SenderThread:1219497 [sender.py:send_request():193] send_request: defer
2021-09-19 08:10:55,254 INFO    SenderThread:1219497 [sender.py:send_request_defer():304] handle sender defer: 2
2021-09-19 08:10:55,254 INFO    SenderThread:1219497 [sender.py:transition_state():308] send defer: 3
2021-09-19 08:10:55,255 DEBUG   HandlerThread:1219497 [handler.py:handle_request():124] handle_request: defer
2021-09-19 08:10:55,255 INFO    HandlerThread:1219497 [handler.py:handle_request_defer():141] handle defer: 3
2021-09-19 08:10:55,255 DEBUG   SenderThread:1219497 [sender.py:send():179] send: summary
2021-09-19 08:10:55,255 INFO    SenderThread:1219497 [sender.py:_save_file():841] saving file wandb-summary.json with policy end
2021-09-19 08:10:55,256 DEBUG   SenderThread:1219497 [sender.py:send_request():193] send_request: defer
2021-09-19 08:10:55,256 INFO    SenderThread:1219497 [sender.py:send_request_defer():304] handle sender defer: 3
2021-09-19 08:10:55,256 INFO    SenderThread:1219497 [sender.py:transition_state():308] send defer: 4
2021-09-19 08:10:55,256 DEBUG   HandlerThread:1219497 [handler.py:handle_request():124] handle_request: defer
2021-09-19 08:10:55,256 INFO    HandlerThread:1219497 [handler.py:handle_request_defer():141] handle defer: 4
2021-09-19 08:10:55,256 DEBUG   SenderThread:1219497 [sender.py:send_request():193] send_request: defer
2021-09-19 08:10:55,256 INFO    SenderThread:1219497 [sender.py:send_request_defer():304] handle sender defer: 4
2021-09-19 08:10:55,269 DEBUG   HandlerThread:1219497 [handler.py:handle_request():124] handle_request: poll_exit
2021-09-19 08:10:55,312 ERROR   SenderThread:1219497 [internal_api.py:execute():130] 429 response executing GraphQL.
2021-09-19 08:10:55,312 ERROR   SenderThread:1219497 [internal_api.py:execute():131] {"error":"rate limit exceeded"}

2021-09-19 08:10:55,330 INFO    Thread-8  :1219497 [dir_watcher.py:_on_file_modified():229] file/dir modified: /grid/koo/home/toneyan/profile/QuantPred/wandb/run-20210919_081004-khl6amnf/files/wandb-summary.json
2021-09-19 08:10:56,578 ERROR   SenderThread:1219497 [internal_api.py:execute():130] 429 response executing GraphQL.
2021-09-19 08:10:56,578 ERROR   SenderThread:1219497 [internal_api.py:execute():131] {"error":"rate limit exceeded"}

2021-09-19 08:10:58,889 ERROR   SenderThread:1219497 [internal_api.py:execute():130] 429 response executing GraphQL.
2021-09-19 08:10:58,890 ERROR   SenderThread:1219497 [internal_api.py:execute():131] {"error":"rate limit exceeded"}

2021-09-19 08:10:58,890 ERROR   SenderThread:1219497 [retry.py:__call__():126] Retry attempt failed:
Traceback (most recent call last):
  File "/usr/local/lib/python3.6/dist-packages/wandb/sdk/lib/retry.py", line 102, in __call__
    result = self._call_fn(*args, **kwargs)
  File "/usr/local/lib/python3.6/dist-packages/wandb/sdk/internal/internal_api.py", line 133, in execute
    six.reraise(*sys.exc_info())
  File "/usr/local/lib/python3.6/dist-packages/six.py", line 719, in reraise
    raise value
  File "/usr/local/lib/python3.6/dist-packages/wandb/sdk/internal/internal_api.py", line 127, in execute
    return self.client.execute(*args, **kwargs)
  File "/usr/local/lib/python3.6/dist-packages/wandb/vendor/gql-0.2.0/gql/client.py", line 52, in execute
    result = self._get_result(document, *args, **kwargs)
  File "/usr/local/lib/python3.6/dist-packages/wandb/vendor/gql-0.2.0/gql/client.py", line 60, in _get_result
    return self.transport.execute(document, *args, **kwargs)
  File "/usr/local/lib/python3.6/dist-packages/wandb/vendor/gql-0.2.0/gql/transport/requests.py", line 39, in execute
    request.raise_for_status()
  File "/usr/local/lib/python3.6/dist-packages/requests/models.py", line 943, in raise_for_status
    raise HTTPError(http_error_msg, response=self)
requests.exceptions.HTTPError: 429 Client Error: Too Many Requests for url: https://api.wandb.ai/graphql
2021-09-19 08:11:00,369 DEBUG   HandlerThread:1219497 [handler.py:handle_request():124] handle_request: poll_exit
2021-09-19 08:11:03,765 INFO    SenderThread:1219497 [sender.py:transition_state():308] send defer: 5
2021-09-19 08:11:03,766 DEBUG   SenderThread:1219497 [sender.py:send_request():193] send_request: poll_exit
2021-09-19 08:11:03,766 DEBUG   SenderThread:1219497 [sender.py:send_request():193] send_request: poll_exit
2021-09-19 08:11:03,766 DEBUG   HandlerThread:1219497 [handler.py:handle_request():124] handle_request: defer
2021-09-19 08:11:03,766 INFO    HandlerThread:1219497 [handler.py:handle_request_defer():141] handle defer: 5
2021-09-19 08:11:03,766 DEBUG   SenderThread:1219497 [sender.py:send_request():193] send_request: defer
2021-09-19 08:11:03,766 INFO    SenderThread:1219497 [sender.py:send_request_defer():304] handle sender defer: 5
2021-09-19 08:11:03,766 INFO    SenderThread:1219497 [dir_watcher.py:finish():282] shutting down directory watcher
2021-09-19 08:11:03,870 DEBUG   HandlerThread:1219497 [handler.py:handle_request():124] handle_request: poll_exit
2021-09-19 08:11:04,332 INFO    SenderThread:1219497 [dir_watcher.py:_on_file_modified():229] file/dir modified: /grid/koo/home/toneyan/profile/QuantPred/wandb/run-20210919_081004-khl6amnf/files/config.yaml
2021-09-19 08:11:04,333 INFO    SenderThread:1219497 [dir_watcher.py:finish():312] scan: /grid/koo/home/toneyan/profile/QuantPred/wandb/run-20210919_081004-khl6amnf/files
2021-09-19 08:11:04,333 INFO    SenderThread:1219497 [dir_watcher.py:finish():318] scan save: /grid/koo/home/toneyan/profile/QuantPred/wandb/run-20210919_081004-khl6amnf/files/wandb-metadata.json wandb-metadata.json
2021-09-19 08:11:04,333 INFO    SenderThread:1219497 [dir_watcher.py:finish():318] scan save: /grid/koo/home/toneyan/profile/QuantPred/wandb/run-20210919_081004-khl6amnf/files/config.yaml config.yaml
2021-09-19 08:11:04,333 INFO    SenderThread:1219497 [dir_watcher.py:finish():318] scan save: /grid/koo/home/toneyan/profile/QuantPred/wandb/run-20210919_081004-khl6amnf/files/requirements.txt requirements.txt
2021-09-19 08:11:04,333 INFO    SenderThread:1219497 [dir_watcher.py:finish():318] scan save: /grid/koo/home/toneyan/profile/QuantPred/wandb/run-20210919_081004-khl6amnf/files/wandb-summary.json wandb-summary.json
2021-09-19 08:11:04,333 INFO    SenderThread:1219497 [dir_watcher.py:finish():318] scan save: /grid/koo/home/toneyan/profile/QuantPred/wandb/run-20210919_081004-khl6amnf/files/output.log output.log
2021-09-19 08:11:04,337 INFO    SenderThread:1219497 [sender.py:transition_state():308] send defer: 6
2021-09-19 08:11:04,339 DEBUG   SenderThread:1219497 [sender.py:send_request():193] send_request: poll_exit
2021-09-19 08:11:04,340 DEBUG   HandlerThread:1219497 [handler.py:handle_request():124] handle_request: defer
2021-09-19 08:11:04,344 INFO    HandlerThread:1219497 [handler.py:handle_request_defer():141] handle defer: 6
2021-09-19 08:11:04,344 DEBUG   SenderThread:1219497 [sender.py:send_request():193] send_request: defer
2021-09-19 08:11:04,345 INFO    SenderThread:1219497 [sender.py:send_request_defer():304] handle sender defer: 6
2021-09-19 08:11:04,345 INFO    SenderThread:1219497 [file_pusher.py:finish():177] shutting down file pusher
2021-09-19 08:11:04,441 DEBUG   HandlerThread:1219497 [handler.py:handle_request():124] handle_request: poll_exit
2021-09-19 08:11:04,441 DEBUG   SenderThread:1219497 [sender.py:send_request():193] send_request: poll_exit
2021-09-19 08:11:04,543 DEBUG   HandlerThread:1219497 [handler.py:handle_request():124] handle_request: poll_exit
2021-09-19 08:11:04,543 DEBUG   SenderThread:1219497 [sender.py:send_request():193] send_request: poll_exit
2021-09-19 08:11:04,645 DEBUG   HandlerThread:1219497 [handler.py:handle_request():124] handle_request: poll_exit
2021-09-19 08:11:04,645 DEBUG   SenderThread:1219497 [sender.py:send_request():193] send_request: poll_exit
2021-09-19 08:11:04,733 INFO    Thread-12 :1219497 [upload_job.py:push():137] Uploaded file /grid/koo/home/toneyan/profile/QuantPred/wandb/run-20210919_081004-khl6amnf/files/config.yaml
2021-09-19 08:11:04,746 DEBUG   HandlerThread:1219497 [handler.py:handle_request():124] handle_request: poll_exit
2021-09-19 08:11:04,747 DEBUG   SenderThread:1219497 [sender.py:send_request():193] send_request: poll_exit
2021-09-19 08:11:04,765 INFO    Thread-13 :1219497 [upload_job.py:push():137] Uploaded file /grid/koo/home/toneyan/profile/QuantPred/wandb/run-20210919_081004-khl6amnf/files/requirements.txt
2021-09-19 08:11:04,848 DEBUG   HandlerThread:1219497 [handler.py:handle_request():124] handle_request: poll_exit
2021-09-19 08:11:04,848 DEBUG   SenderThread:1219497 [sender.py:send_request():193] send_request: poll_exit
2021-09-19 08:11:04,950 DEBUG   HandlerThread:1219497 [handler.py:handle_request():124] handle_request: poll_exit
2021-09-19 08:11:04,950 DEBUG   SenderThread:1219497 [sender.py:send_request():193] send_request: poll_exit
2021-09-19 08:11:05,051 DEBUG   HandlerThread:1219497 [handler.py:handle_request():124] handle_request: poll_exit
2021-09-19 08:11:05,052 DEBUG   SenderThread:1219497 [sender.py:send_request():193] send_request: poll_exit
2021-09-19 08:11:05,153 DEBUG   HandlerThread:1219497 [handler.py:handle_request():124] handle_request: poll_exit
2021-09-19 08:11:05,153 DEBUG   SenderThread:1219497 [sender.py:send_request():193] send_request: poll_exit
2021-09-19 08:11:05,169 INFO    Thread-14 :1219497 [upload_job.py:push():137] Uploaded file /grid/koo/home/toneyan/profile/QuantPred/wandb/run-20210919_081004-khl6amnf/files/wandb-summary.json
2021-09-19 08:11:05,273 DEBUG   HandlerThread:1219497 [handler.py:handle_request():124] handle_request: poll_exit
2021-09-19 08:11:05,273 DEBUG   SenderThread:1219497 [sender.py:send_request():193] send_request: poll_exit
2021-09-19 08:11:05,369 INFO    Thread-7  :1219497 [sender.py:transition_state():308] send defer: 7
2021-09-19 08:11:05,370 DEBUG   HandlerThread:1219497 [handler.py:handle_request():124] handle_request: defer
2021-09-19 08:11:05,370 INFO    HandlerThread:1219497 [handler.py:handle_request_defer():141] handle defer: 7
2021-09-19 08:11:05,370 DEBUG   SenderThread:1219497 [sender.py:send_request():193] send_request: defer
2021-09-19 08:11:05,370 INFO    SenderThread:1219497 [sender.py:send_request_defer():304] handle sender defer: 7
2021-09-19 08:11:05,374 DEBUG   HandlerThread:1219497 [handler.py:handle_request():124] handle_request: poll_exit
2021-09-19 08:11:05,427 INFO    SenderThread:1219497 [sender.py:transition_state():308] send defer: 8
2021-09-19 08:11:05,427 DEBUG   SenderThread:1219497 [sender.py:send_request():193] send_request: poll_exit
2021-09-19 08:11:05,427 DEBUG   HandlerThread:1219497 [handler.py:handle_request():124] handle_request: defer
2021-09-19 08:11:05,427 INFO    HandlerThread:1219497 [handler.py:handle_request_defer():141] handle defer: 8
2021-09-19 08:11:05,428 DEBUG   SenderThread:1219497 [sender.py:send_request():193] send_request: defer
2021-09-19 08:11:05,428 INFO    SenderThread:1219497 [sender.py:send_request_defer():304] handle sender defer: 8
2021-09-19 08:11:05,428 INFO    SenderThread:1219497 [sender.py:transition_state():308] send defer: 9
2021-09-19 08:11:05,428 DEBUG   SenderThread:1219497 [sender.py:send():179] send: final
2021-09-19 08:11:05,428 DEBUG   HandlerThread:1219497 [handler.py:handle_request():124] handle_request: defer
2021-09-19 08:11:05,428 DEBUG   SenderThread:1219497 [sender.py:send():179] send: footer
2021-09-19 08:11:05,428 INFO    HandlerThread:1219497 [handler.py:handle_request_defer():141] handle defer: 9
2021-09-19 08:11:05,428 DEBUG   SenderThread:1219497 [sender.py:send_request():193] send_request: defer
2021-09-19 08:11:05,428 INFO    SenderThread:1219497 [sender.py:send_request_defer():304] handle sender defer: 9
2021-09-19 08:11:05,529 DEBUG   HandlerThread:1219497 [handler.py:handle_request():124] handle_request: poll_exit
2021-09-19 08:11:05,529 DEBUG   SenderThread:1219497 [sender.py:send_request():193] send_request: poll_exit
2021-09-19 08:11:05,529 INFO    SenderThread:1219497 [file_pusher.py:join():182] waiting for file pusher
2021-09-19 08:11:05,530 DEBUG   HandlerThread:1219497 [handler.py:handle_request():124] handle_request: get_summary
2021-09-19 08:11:05,530 DEBUG   HandlerThread:1219497 [handler.py:handle_request():124] handle_request: sampled_history
2021-09-19 08:11:05,531 DEBUG   HandlerThread:1219497 [handler.py:handle_request():124] handle_request: shutdown
2021-09-19 08:11:05,531 INFO    HandlerThread:1219497 [handler.py:finish():638] shutting down handler
2021-09-19 08:11:06,428 INFO    WriterThread:1219497 [datastore.py:close():288] close: /grid/koo/home/toneyan/profile/QuantPred/wandb/run-20210919_081004-khl6amnf/run-khl6amnf.wandb
2021-09-19 08:11:06,529 INFO    SenderThread:1219497 [sender.py:finish():945] shutting down sender
2021-09-19 08:11:06,529 INFO    SenderThread:1219497 [file_pusher.py:finish():177] shutting down file pusher
2021-09-19 08:11:06,530 INFO    SenderThread:1219497 [file_pusher.py:join():182] waiting for file pusher
2021-09-19 08:11:06,531 INFO    MainThread:1219497 [internal.py:handle_exit():78] Internal process exited
