2021-09-18 20:11:04,742 INFO    MainThread:88356 [internal.py:wandb_internal():91] W&B internal server running at pid: 88356, started at: 2021-09-18 20:11:04.742015
2021-09-18 20:11:04,744 DEBUG   HandlerThread:88356 [handler.py:handle_request():124] handle_request: check_version
2021-09-18 20:11:04,744 INFO    WriterThread:88356 [datastore.py:open_for_write():80] open: /grid/koo/home/toneyan/profile/QuantPred/wandb/run-20210918_201104-9jhkyt37/run-9jhkyt37.wandb
2021-09-18 20:11:04,746 DEBUG   SenderThread:88356 [sender.py:send():179] send: header
2021-09-18 20:11:04,746 DEBUG   SenderThread:88356 [sender.py:send_request():193] send_request: check_version
2021-09-18 20:11:04,775 DEBUG   SenderThread:88356 [sender.py:send():179] send: run
2021-09-18 20:11:04,862 INFO    SenderThread:88356 [dir_watcher.py:__init__():168] watching files in: /grid/koo/home/toneyan/profile/QuantPred/wandb/run-20210918_201104-9jhkyt37/files
2021-09-18 20:11:04,862 INFO    SenderThread:88356 [sender.py:_start_run_threads():719] run started: 9jhkyt37 with start time 1632010264
2021-09-18 20:11:04,862 DEBUG   SenderThread:88356 [sender.py:send():179] send: summary
2021-09-18 20:11:04,863 INFO    SenderThread:88356 [sender.py:_save_file():841] saving file wandb-summary.json with policy end
2021-09-18 20:11:04,864 DEBUG   HandlerThread:88356 [handler.py:handle_request():124] handle_request: run_start
2021-09-18 20:11:05,867 INFO    Thread-8  :88356 [dir_watcher.py:_on_file_created():216] file/dir created: /grid/koo/home/toneyan/profile/QuantPred/wandb/run-20210918_201104-9jhkyt37/files/wandb-summary.json
2021-09-18 20:11:05,999 DEBUG   HandlerThread:88356 [meta.py:__init__():39] meta init
2021-09-18 20:11:05,999 DEBUG   HandlerThread:88356 [meta.py:__init__():53] meta init done
2021-09-18 20:11:05,999 DEBUG   HandlerThread:88356 [meta.py:probe():210] probe
2021-09-18 20:11:06,005 DEBUG   HandlerThread:88356 [meta.py:_save_pip():57] save pip
2021-09-18 20:11:06,006 DEBUG   HandlerThread:88356 [meta.py:_save_pip():71] save pip done
2021-09-18 20:11:06,006 DEBUG   HandlerThread:88356 [meta.py:probe():252] probe done
2021-09-18 20:11:06,008 DEBUG   SenderThread:88356 [sender.py:send():179] send: files
2021-09-18 20:11:06,009 INFO    SenderThread:88356 [sender.py:_save_file():841] saving file wandb-metadata.json with policy now
2021-09-18 20:11:06,014 DEBUG   HandlerThread:88356 [handler.py:handle_request():124] handle_request: stop_status
2021-09-18 20:11:06,015 DEBUG   SenderThread:88356 [sender.py:send_request():193] send_request: stop_status
2021-09-18 20:11:06,067 ERROR   Thread-11 :88356 [internal_api.py:execute():130] 429 response executing GraphQL.
2021-09-18 20:11:06,067 ERROR   Thread-11 :88356 [internal_api.py:execute():131] {"error":"rate limit exceeded"}

2021-09-18 20:11:06,070 ERROR   SenderThread:88356 [internal_api.py:execute():130] 429 response executing GraphQL.
2021-09-18 20:11:06,070 ERROR   SenderThread:88356 [internal_api.py:execute():131] {"error":"rate limit exceeded"}

2021-09-18 20:11:06,866 INFO    Thread-8  :88356 [dir_watcher.py:_on_file_created():216] file/dir created: /grid/koo/home/toneyan/profile/QuantPred/wandb/run-20210918_201104-9jhkyt37/files/requirements.txt
2021-09-18 20:11:06,866 INFO    Thread-8  :88356 [dir_watcher.py:_on_file_created():216] file/dir created: /grid/koo/home/toneyan/profile/QuantPred/wandb/run-20210918_201104-9jhkyt37/files/output.log
2021-09-18 20:11:06,866 INFO    Thread-8  :88356 [dir_watcher.py:_on_file_created():216] file/dir created: /grid/koo/home/toneyan/profile/QuantPred/wandb/run-20210918_201104-9jhkyt37/files/wandb-metadata.json
2021-09-18 20:11:07,137 ERROR   SenderThread:88356 [internal_api.py:execute():130] 429 response executing GraphQL.
2021-09-18 20:11:07,138 ERROR   SenderThread:88356 [internal_api.py:execute():131] {"error":"rate limit exceeded"}

2021-09-18 20:11:07,309 ERROR   Thread-11 :88356 [internal_api.py:execute():130] 429 response executing GraphQL.
2021-09-18 20:11:07,310 ERROR   Thread-11 :88356 [internal_api.py:execute():131] {"error":"rate limit exceeded"}

2021-09-18 20:11:07,310 ERROR   Thread-11 :88356 [retry.py:__call__():126] Retry attempt failed:
Traceback (most recent call last):
  File "/usr/local/lib/python3.6/dist-packages/wandb/sdk/lib/retry.py", line 102, in __call__
    result = self._call_fn(*args, **kwargs)
  File "/usr/local/lib/python3.6/dist-packages/wandb/sdk/internal/internal_api.py", line 133, in execute
    six.reraise(*sys.exc_info())
  File "/usr/local/lib/python3.6/dist-packages/six.py", line 719, in reraise
    raise value
  File "/usr/local/lib/python3.6/dist-packages/wandb/sdk/internal/internal_api.py", line 127, in execute
    return self.client.execute(*args, **kwargs)
  File "/usr/local/lib/python3.6/dist-packages/wandb/vendor/gql-0.2.0/gql/client.py", line 52, in execute
    result = self._get_result(document, *args, **kwargs)
  File "/usr/local/lib/python3.6/dist-packages/wandb/vendor/gql-0.2.0/gql/client.py", line 60, in _get_result
    return self.transport.execute(document, *args, **kwargs)
  File "/usr/local/lib/python3.6/dist-packages/wandb/vendor/gql-0.2.0/gql/transport/requests.py", line 39, in execute
    request.raise_for_status()
  File "/usr/local/lib/python3.6/dist-packages/requests/models.py", line 943, in raise_for_status
    raise HTTPError(http_error_msg, response=self)
requests.exceptions.HTTPError: 429 Client Error: Too Many Requests for url: https://api.wandb.ai/graphql
2021-09-18 20:11:09,311 ERROR   SenderThread:88356 [internal_api.py:execute():130] 429 response executing GraphQL.
2021-09-18 20:11:09,312 ERROR   SenderThread:88356 [internal_api.py:execute():131] {"error":"rate limit exceeded"}

2021-09-18 20:11:09,458 ERROR   Thread-11 :88356 [internal_api.py:execute():130] 429 response executing GraphQL.
2021-09-18 20:11:09,458 ERROR   Thread-11 :88356 [internal_api.py:execute():131] {"error":"rate limit exceeded"}

2021-09-18 20:11:13,494 ERROR   SenderThread:88356 [internal_api.py:execute():130] 429 response executing GraphQL.
2021-09-18 20:11:13,494 ERROR   SenderThread:88356 [internal_api.py:execute():131] {"error":"rate limit exceeded"}

2021-09-18 20:11:14,472 ERROR   Thread-11 :88356 [internal_api.py:execute():130] 429 response executing GraphQL.
2021-09-18 20:11:14,472 ERROR   Thread-11 :88356 [internal_api.py:execute():131] {"error":"rate limit exceeded"}

2021-09-18 20:11:23,284 INFO    Thread-11 :88356 [upload_job.py:push():137] Uploaded file /tmp/3288843.1.gpu_ded.q/tmp47_x85vbwandb/17ku4oic-wandb-metadata.json
2021-09-18 20:11:34,391 DEBUG   SenderThread:88356 [sender.py:send():179] send: stats
2021-09-18 20:11:37,740 DEBUG   HandlerThread:88356 [handler.py:handle_request():124] handle_request: stop_status
2021-09-18 20:11:37,740 DEBUG   SenderThread:88356 [sender.py:send_request():193] send_request: stop_status
2021-09-18 20:11:37,806 ERROR   SenderThread:88356 [internal_api.py:execute():130] 429 response executing GraphQL.
2021-09-18 20:11:37,806 ERROR   SenderThread:88356 [internal_api.py:execute():131] {"error":"rate limit exceeded"}

2021-09-18 20:11:39,089 ERROR   SenderThread:88356 [internal_api.py:execute():130] 429 response executing GraphQL.
2021-09-18 20:11:39,090 ERROR   SenderThread:88356 [internal_api.py:execute():131] {"error":"rate limit exceeded"}

2021-09-18 20:11:39,182 DEBUG   HandlerThread:88356 [handler.py:handle_request():124] handle_request: poll_exit
2021-09-18 20:11:41,151 ERROR   SenderThread:88356 [internal_api.py:execute():130] 429 response executing GraphQL.
2021-09-18 20:11:41,151 ERROR   SenderThread:88356 [internal_api.py:execute():131] {"error":"rate limit exceeded"}

2021-09-18 20:11:41,152 ERROR   SenderThread:88356 [retry.py:__call__():126] Retry attempt failed:
Traceback (most recent call last):
  File "/usr/local/lib/python3.6/dist-packages/wandb/sdk/lib/retry.py", line 102, in __call__
    result = self._call_fn(*args, **kwargs)
  File "/usr/local/lib/python3.6/dist-packages/wandb/sdk/internal/internal_api.py", line 133, in execute
    six.reraise(*sys.exc_info())
  File "/usr/local/lib/python3.6/dist-packages/six.py", line 719, in reraise
    raise value
  File "/usr/local/lib/python3.6/dist-packages/wandb/sdk/internal/internal_api.py", line 127, in execute
    return self.client.execute(*args, **kwargs)
  File "/usr/local/lib/python3.6/dist-packages/wandb/vendor/gql-0.2.0/gql/client.py", line 52, in execute
    result = self._get_result(document, *args, **kwargs)
  File "/usr/local/lib/python3.6/dist-packages/wandb/vendor/gql-0.2.0/gql/client.py", line 60, in _get_result
    return self.transport.execute(document, *args, **kwargs)
  File "/usr/local/lib/python3.6/dist-packages/wandb/vendor/gql-0.2.0/gql/transport/requests.py", line 39, in execute
    request.raise_for_status()
  File "/usr/local/lib/python3.6/dist-packages/requests/models.py", line 943, in raise_for_status
    raise HTTPError(http_error_msg, response=self)
requests.exceptions.HTTPError: 429 Client Error: Too Many Requests for url: https://api.wandb.ai/graphql
2021-09-18 20:11:44,283 DEBUG   HandlerThread:88356 [handler.py:handle_request():124] handle_request: poll_exit
2021-09-18 20:11:45,263 DEBUG   SenderThread:88356 [sender.py:send():179] send: telemetry
2021-09-18 20:11:45,264 DEBUG   SenderThread:88356 [sender.py:send():179] send: exit
2021-09-18 20:11:45,264 INFO    SenderThread:88356 [sender.py:send_exit():287] handling exit code: 1
2021-09-18 20:11:45,264 INFO    SenderThread:88356 [sender.py:send_exit():295] send defer
2021-09-18 20:11:45,264 DEBUG   SenderThread:88356 [sender.py:send_request():193] send_request: poll_exit
2021-09-18 20:11:45,264 DEBUG   SenderThread:88356 [sender.py:send_request():193] send_request: poll_exit
2021-09-18 20:11:45,264 DEBUG   HandlerThread:88356 [handler.py:handle_request():124] handle_request: defer
2021-09-18 20:11:45,264 INFO    HandlerThread:88356 [handler.py:handle_request_defer():141] handle defer: 0
2021-09-18 20:11:45,265 DEBUG   SenderThread:88356 [sender.py:send_request():193] send_request: defer
2021-09-18 20:11:45,265 INFO    SenderThread:88356 [sender.py:send_request_defer():304] handle sender defer: 0
2021-09-18 20:11:45,265 INFO    SenderThread:88356 [sender.py:transition_state():308] send defer: 1
2021-09-18 20:11:45,265 DEBUG   HandlerThread:88356 [handler.py:handle_request():124] handle_request: defer
2021-09-18 20:11:45,265 INFO    HandlerThread:88356 [handler.py:handle_request_defer():141] handle defer: 1
2021-09-18 20:11:45,320 DEBUG   SenderThread:88356 [sender.py:send_request():193] send_request: defer
2021-09-18 20:11:45,320 INFO    SenderThread:88356 [sender.py:send_request_defer():304] handle sender defer: 1
2021-09-18 20:11:45,320 INFO    SenderThread:88356 [sender.py:transition_state():308] send defer: 2
2021-09-18 20:11:45,321 DEBUG   SenderThread:88356 [sender.py:send():179] send: stats
2021-09-18 20:11:45,322 DEBUG   HandlerThread:88356 [handler.py:handle_request():124] handle_request: defer
2021-09-18 20:11:45,323 INFO    HandlerThread:88356 [handler.py:handle_request_defer():141] handle defer: 2
2021-09-18 20:11:45,323 DEBUG   SenderThread:88356 [sender.py:send_request():193] send_request: defer
2021-09-18 20:11:45,323 INFO    SenderThread:88356 [sender.py:send_request_defer():304] handle sender defer: 2
2021-09-18 20:11:45,323 INFO    SenderThread:88356 [sender.py:transition_state():308] send defer: 3
2021-09-18 20:11:45,323 DEBUG   HandlerThread:88356 [handler.py:handle_request():124] handle_request: defer
2021-09-18 20:11:45,323 INFO    HandlerThread:88356 [handler.py:handle_request_defer():141] handle defer: 3
2021-09-18 20:11:45,323 DEBUG   SenderThread:88356 [sender.py:send():179] send: summary
2021-09-18 20:11:45,324 INFO    SenderThread:88356 [sender.py:_save_file():841] saving file wandb-summary.json with policy end
2021-09-18 20:11:45,324 DEBUG   SenderThread:88356 [sender.py:send_request():193] send_request: defer
2021-09-18 20:11:45,324 INFO    SenderThread:88356 [sender.py:send_request_defer():304] handle sender defer: 3
2021-09-18 20:11:45,324 INFO    SenderThread:88356 [sender.py:transition_state():308] send defer: 4
2021-09-18 20:11:45,324 DEBUG   HandlerThread:88356 [handler.py:handle_request():124] handle_request: defer
2021-09-18 20:11:45,324 INFO    HandlerThread:88356 [handler.py:handle_request_defer():141] handle defer: 4
2021-09-18 20:11:45,324 DEBUG   SenderThread:88356 [sender.py:send_request():193] send_request: defer
2021-09-18 20:11:45,324 INFO    SenderThread:88356 [sender.py:send_request_defer():304] handle sender defer: 4
2021-09-18 20:11:45,366 DEBUG   HandlerThread:88356 [handler.py:handle_request():124] handle_request: poll_exit
2021-09-18 20:11:45,401 INFO    SenderThread:88356 [sender.py:transition_state():308] send defer: 5
2021-09-18 20:11:45,401 DEBUG   SenderThread:88356 [sender.py:send_request():193] send_request: poll_exit
2021-09-18 20:11:45,401 DEBUG   HandlerThread:88356 [handler.py:handle_request():124] handle_request: defer
2021-09-18 20:11:45,401 INFO    HandlerThread:88356 [handler.py:handle_request_defer():141] handle defer: 5
2021-09-18 20:11:45,401 DEBUG   SenderThread:88356 [sender.py:send_request():193] send_request: defer
2021-09-18 20:11:45,401 INFO    SenderThread:88356 [sender.py:send_request_defer():304] handle sender defer: 5
2021-09-18 20:11:45,402 INFO    SenderThread:88356 [dir_watcher.py:finish():282] shutting down directory watcher
2021-09-18 20:11:45,503 DEBUG   HandlerThread:88356 [handler.py:handle_request():124] handle_request: poll_exit
2021-09-18 20:11:45,872 INFO    SenderThread:88356 [dir_watcher.py:_on_file_modified():229] file/dir modified: /grid/koo/home/toneyan/profile/QuantPred/wandb/run-20210918_201104-9jhkyt37/files/wandb-summary.json
2021-09-18 20:11:45,872 INFO    SenderThread:88356 [dir_watcher.py:_on_file_modified():229] file/dir modified: /grid/koo/home/toneyan/profile/QuantPred/wandb/run-20210918_201104-9jhkyt37/files/config.yaml
2021-09-18 20:11:45,872 INFO    SenderThread:88356 [dir_watcher.py:finish():312] scan: /grid/koo/home/toneyan/profile/QuantPred/wandb/run-20210918_201104-9jhkyt37/files
2021-09-18 20:11:45,872 INFO    SenderThread:88356 [dir_watcher.py:finish():318] scan save: /grid/koo/home/toneyan/profile/QuantPred/wandb/run-20210918_201104-9jhkyt37/files/wandb-metadata.json wandb-metadata.json
2021-09-18 20:11:45,872 INFO    SenderThread:88356 [dir_watcher.py:finish():318] scan save: /grid/koo/home/toneyan/profile/QuantPred/wandb/run-20210918_201104-9jhkyt37/files/config.yaml config.yaml
2021-09-18 20:11:45,872 INFO    SenderThread:88356 [dir_watcher.py:finish():318] scan save: /grid/koo/home/toneyan/profile/QuantPred/wandb/run-20210918_201104-9jhkyt37/files/requirements.txt requirements.txt
2021-09-18 20:11:45,873 INFO    SenderThread:88356 [dir_watcher.py:finish():318] scan save: /grid/koo/home/toneyan/profile/QuantPred/wandb/run-20210918_201104-9jhkyt37/files/wandb-summary.json wandb-summary.json
2021-09-18 20:11:45,873 INFO    SenderThread:88356 [dir_watcher.py:finish():318] scan save: /grid/koo/home/toneyan/profile/QuantPred/wandb/run-20210918_201104-9jhkyt37/files/output.log output.log
2021-09-18 20:11:45,876 INFO    SenderThread:88356 [sender.py:transition_state():308] send defer: 6
2021-09-18 20:11:45,879 DEBUG   SenderThread:88356 [sender.py:send_request():193] send_request: poll_exit
2021-09-18 20:11:45,880 DEBUG   HandlerThread:88356 [handler.py:handle_request():124] handle_request: defer
2021-09-18 20:11:45,880 INFO    HandlerThread:88356 [handler.py:handle_request_defer():141] handle defer: 6
2021-09-18 20:11:45,880 DEBUG   SenderThread:88356 [sender.py:send_request():193] send_request: defer
2021-09-18 20:11:45,884 INFO    SenderThread:88356 [sender.py:send_request_defer():304] handle sender defer: 6
2021-09-18 20:11:45,885 INFO    SenderThread:88356 [file_pusher.py:finish():177] shutting down file pusher
2021-09-18 20:11:45,981 DEBUG   HandlerThread:88356 [handler.py:handle_request():124] handle_request: poll_exit
2021-09-18 20:11:45,981 DEBUG   SenderThread:88356 [sender.py:send_request():193] send_request: poll_exit
2021-09-18 20:11:46,083 DEBUG   HandlerThread:88356 [handler.py:handle_request():124] handle_request: poll_exit
2021-09-18 20:11:46,083 DEBUG   SenderThread:88356 [sender.py:send_request():193] send_request: poll_exit
2021-09-18 20:11:46,185 INFO    Thread-12 :88356 [upload_job.py:push():137] Uploaded file /grid/koo/home/toneyan/profile/QuantPred/wandb/run-20210918_201104-9jhkyt37/files/config.yaml
2021-09-18 20:11:46,185 DEBUG   HandlerThread:88356 [handler.py:handle_request():124] handle_request: poll_exit
2021-09-18 20:11:46,185 DEBUG   SenderThread:88356 [sender.py:send_request():193] send_request: poll_exit
2021-09-18 20:11:46,208 INFO    Thread-14 :88356 [upload_job.py:push():137] Uploaded file /grid/koo/home/toneyan/profile/QuantPred/wandb/run-20210918_201104-9jhkyt37/files/wandb-summary.json
2021-09-18 20:11:46,279 INFO    Thread-13 :88356 [upload_job.py:push():137] Uploaded file /grid/koo/home/toneyan/profile/QuantPred/wandb/run-20210918_201104-9jhkyt37/files/requirements.txt
2021-09-18 20:11:46,287 DEBUG   HandlerThread:88356 [handler.py:handle_request():124] handle_request: poll_exit
2021-09-18 20:11:46,287 DEBUG   SenderThread:88356 [sender.py:send_request():193] send_request: poll_exit
2021-09-18 20:11:46,389 DEBUG   HandlerThread:88356 [handler.py:handle_request():124] handle_request: poll_exit
2021-09-18 20:11:46,389 DEBUG   SenderThread:88356 [sender.py:send_request():193] send_request: poll_exit
2021-09-18 20:11:46,480 INFO    Thread-7  :88356 [sender.py:transition_state():308] send defer: 7
2021-09-18 20:11:46,480 DEBUG   HandlerThread:88356 [handler.py:handle_request():124] handle_request: defer
2021-09-18 20:11:46,480 INFO    HandlerThread:88356 [handler.py:handle_request_defer():141] handle defer: 7
2021-09-18 20:11:46,480 DEBUG   SenderThread:88356 [sender.py:send_request():193] send_request: defer
2021-09-18 20:11:46,481 INFO    SenderThread:88356 [sender.py:send_request_defer():304] handle sender defer: 7
2021-09-18 20:11:46,490 DEBUG   HandlerThread:88356 [handler.py:handle_request():124] handle_request: poll_exit
2021-09-18 20:11:46,579 INFO    SenderThread:88356 [sender.py:transition_state():308] send defer: 8
2021-09-18 20:11:46,580 DEBUG   SenderThread:88356 [sender.py:send_request():193] send_request: poll_exit
2021-09-18 20:11:46,580 DEBUG   HandlerThread:88356 [handler.py:handle_request():124] handle_request: defer
2021-09-18 20:11:46,580 INFO    HandlerThread:88356 [handler.py:handle_request_defer():141] handle defer: 8
2021-09-18 20:11:46,580 DEBUG   SenderThread:88356 [sender.py:send_request():193] send_request: defer
2021-09-18 20:11:46,580 INFO    SenderThread:88356 [sender.py:send_request_defer():304] handle sender defer: 8
2021-09-18 20:11:46,580 INFO    SenderThread:88356 [sender.py:transition_state():308] send defer: 9
2021-09-18 20:11:46,581 DEBUG   SenderThread:88356 [sender.py:send():179] send: final
2021-09-18 20:11:46,581 DEBUG   HandlerThread:88356 [handler.py:handle_request():124] handle_request: defer
2021-09-18 20:11:46,581 DEBUG   SenderThread:88356 [sender.py:send():179] send: footer
2021-09-18 20:11:46,581 INFO    HandlerThread:88356 [handler.py:handle_request_defer():141] handle defer: 9
2021-09-18 20:11:46,581 DEBUG   SenderThread:88356 [sender.py:send_request():193] send_request: defer
2021-09-18 20:11:46,581 INFO    SenderThread:88356 [sender.py:send_request_defer():304] handle sender defer: 9
2021-09-18 20:11:46,681 DEBUG   HandlerThread:88356 [handler.py:handle_request():124] handle_request: poll_exit
2021-09-18 20:11:46,682 DEBUG   SenderThread:88356 [sender.py:send_request():193] send_request: poll_exit
2021-09-18 20:11:46,682 INFO    SenderThread:88356 [file_pusher.py:join():182] waiting for file pusher
2021-09-18 20:11:46,683 DEBUG   HandlerThread:88356 [handler.py:handle_request():124] handle_request: get_summary
2021-09-18 20:11:46,683 DEBUG   HandlerThread:88356 [handler.py:handle_request():124] handle_request: sampled_history
2021-09-18 20:11:46,683 DEBUG   HandlerThread:88356 [handler.py:handle_request():124] handle_request: shutdown
2021-09-18 20:11:46,684 INFO    HandlerThread:88356 [handler.py:finish():638] shutting down handler
2021-09-18 20:11:47,581 INFO    WriterThread:88356 [datastore.py:close():288] close: /grid/koo/home/toneyan/profile/QuantPred/wandb/run-20210918_201104-9jhkyt37/run-9jhkyt37.wandb
2021-09-18 20:11:47,682 INFO    SenderThread:88356 [sender.py:finish():945] shutting down sender
2021-09-18 20:11:47,682 INFO    SenderThread:88356 [file_pusher.py:finish():177] shutting down file pusher
2021-09-18 20:11:47,682 INFO    SenderThread:88356 [file_pusher.py:join():182] waiting for file pusher
2021-09-18 20:11:47,684 INFO    MainThread:88356 [internal.py:handle_exit():78] Internal process exited
