2021-09-18 23:30:46,106 INFO    MainThread:392852 [internal.py:wandb_internal():91] W&B internal server running at pid: 392852, started at: 2021-09-18 23:30:46.106025
2021-09-18 23:30:46,108 DEBUG   HandlerThread:392852 [handler.py:handle_request():124] handle_request: check_version
2021-09-18 23:30:46,108 INFO    WriterThread:392852 [datastore.py:open_for_write():80] open: /grid/koo/home/toneyan/profile/QuantPred/wandb/run-20210918_233045-136uvuqq/run-136uvuqq.wandb
2021-09-18 23:30:46,109 DEBUG   SenderThread:392852 [sender.py:send():179] send: header
2021-09-18 23:30:46,110 DEBUG   SenderThread:392852 [sender.py:send_request():193] send_request: check_version
2021-09-18 23:30:46,138 DEBUG   SenderThread:392852 [sender.py:send():179] send: run
2021-09-18 23:30:46,218 INFO    SenderThread:392852 [dir_watcher.py:__init__():168] watching files in: /grid/koo/home/toneyan/profile/QuantPred/wandb/run-20210918_233045-136uvuqq/files
2021-09-18 23:30:46,218 INFO    SenderThread:392852 [sender.py:_start_run_threads():719] run started: 136uvuqq with start time 1632022245
2021-09-18 23:30:46,218 DEBUG   SenderThread:392852 [sender.py:send():179] send: summary
2021-09-18 23:30:46,219 INFO    SenderThread:392852 [sender.py:_save_file():841] saving file wandb-summary.json with policy end
2021-09-18 23:30:46,220 DEBUG   HandlerThread:392852 [handler.py:handle_request():124] handle_request: run_start
2021-09-18 23:30:47,220 INFO    Thread-8  :392852 [dir_watcher.py:_on_file_created():216] file/dir created: /grid/koo/home/toneyan/profile/QuantPred/wandb/run-20210918_233045-136uvuqq/files/wandb-summary.json
2021-09-18 23:30:47,240 DEBUG   HandlerThread:392852 [meta.py:__init__():39] meta init
2021-09-18 23:30:47,240 DEBUG   HandlerThread:392852 [meta.py:__init__():53] meta init done
2021-09-18 23:30:47,240 DEBUG   HandlerThread:392852 [meta.py:probe():210] probe
2021-09-18 23:30:47,246 DEBUG   HandlerThread:392852 [meta.py:_save_pip():57] save pip
2021-09-18 23:30:47,247 DEBUG   HandlerThread:392852 [meta.py:_save_pip():71] save pip done
2021-09-18 23:30:47,247 DEBUG   HandlerThread:392852 [meta.py:probe():252] probe done
2021-09-18 23:30:47,249 DEBUG   SenderThread:392852 [sender.py:send():179] send: files
2021-09-18 23:30:47,250 INFO    SenderThread:392852 [sender.py:_save_file():841] saving file wandb-metadata.json with policy now
2021-09-18 23:30:47,254 DEBUG   HandlerThread:392852 [handler.py:handle_request():124] handle_request: stop_status
2021-09-18 23:30:47,255 DEBUG   SenderThread:392852 [sender.py:send_request():193] send_request: stop_status
2021-09-18 23:30:47,585 INFO    Thread-11 :392852 [upload_job.py:push():137] Uploaded file /tmp/3288840.1.gpu_ded.q/tmpkzlsg3c5wandb/2sbthpau-wandb-metadata.json
2021-09-18 23:30:48,219 INFO    Thread-8  :392852 [dir_watcher.py:_on_file_created():216] file/dir created: /grid/koo/home/toneyan/profile/QuantPred/wandb/run-20210918_233045-136uvuqq/files/output.log
2021-09-18 23:30:48,220 INFO    Thread-8  :392852 [dir_watcher.py:_on_file_created():216] file/dir created: /grid/koo/home/toneyan/profile/QuantPred/wandb/run-20210918_233045-136uvuqq/files/wandb-metadata.json
2021-09-18 23:30:48,220 INFO    Thread-8  :392852 [dir_watcher.py:_on_file_created():216] file/dir created: /grid/koo/home/toneyan/profile/QuantPred/wandb/run-20210918_233045-136uvuqq/files/requirements.txt
2021-09-18 23:31:02,315 DEBUG   HandlerThread:392852 [handler.py:handle_request():124] handle_request: stop_status
2021-09-18 23:31:02,315 DEBUG   SenderThread:392852 [sender.py:send_request():193] send_request: stop_status
2021-09-18 23:31:15,603 DEBUG   SenderThread:392852 [sender.py:send():179] send: stats
2021-09-18 23:31:17,375 DEBUG   HandlerThread:392852 [handler.py:handle_request():124] handle_request: stop_status
2021-09-18 23:31:17,375 DEBUG   SenderThread:392852 [sender.py:send_request():193] send_request: stop_status
2021-09-18 23:31:19,038 DEBUG   HandlerThread:392852 [handler.py:handle_request():124] handle_request: poll_exit
2021-09-18 23:31:19,038 DEBUG   SenderThread:392852 [sender.py:send():179] send: telemetry
2021-09-18 23:31:19,039 DEBUG   SenderThread:392852 [sender.py:send():179] send: exit
2021-09-18 23:31:19,039 INFO    SenderThread:392852 [sender.py:send_exit():287] handling exit code: 1
2021-09-18 23:31:19,039 INFO    SenderThread:392852 [sender.py:send_exit():295] send defer
2021-09-18 23:31:19,039 DEBUG   SenderThread:392852 [sender.py:send_request():193] send_request: poll_exit
2021-09-18 23:31:19,039 DEBUG   HandlerThread:392852 [handler.py:handle_request():124] handle_request: defer
2021-09-18 23:31:19,039 INFO    HandlerThread:392852 [handler.py:handle_request_defer():141] handle defer: 0
2021-09-18 23:31:19,039 DEBUG   SenderThread:392852 [sender.py:send_request():193] send_request: defer
2021-09-18 23:31:19,039 INFO    SenderThread:392852 [sender.py:send_request_defer():304] handle sender defer: 0
2021-09-18 23:31:19,039 INFO    SenderThread:392852 [sender.py:transition_state():308] send defer: 1
2021-09-18 23:31:19,040 DEBUG   HandlerThread:392852 [handler.py:handle_request():124] handle_request: defer
2021-09-18 23:31:19,040 INFO    HandlerThread:392852 [handler.py:handle_request_defer():141] handle defer: 1
2021-09-18 23:31:19,142 DEBUG   HandlerThread:392852 [handler.py:handle_request():124] handle_request: poll_exit
2021-09-18 23:31:19,142 DEBUG   SenderThread:392852 [sender.py:send_request():193] send_request: defer
2021-09-18 23:31:19,142 INFO    SenderThread:392852 [sender.py:send_request_defer():304] handle sender defer: 1
2021-09-18 23:31:19,142 INFO    SenderThread:392852 [sender.py:transition_state():308] send defer: 2
2021-09-18 23:31:19,142 DEBUG   SenderThread:392852 [sender.py:send_request():193] send_request: poll_exit
2021-09-18 23:31:19,142 DEBUG   SenderThread:392852 [sender.py:send():179] send: stats
2021-09-18 23:31:19,142 DEBUG   HandlerThread:392852 [handler.py:handle_request():124] handle_request: defer
2021-09-18 23:31:19,144 INFO    HandlerThread:392852 [handler.py:handle_request_defer():141] handle defer: 2
2021-09-18 23:31:19,144 DEBUG   SenderThread:392852 [sender.py:send_request():193] send_request: defer
2021-09-18 23:31:19,145 INFO    SenderThread:392852 [sender.py:send_request_defer():304] handle sender defer: 2
2021-09-18 23:31:19,145 INFO    SenderThread:392852 [sender.py:transition_state():308] send defer: 3
2021-09-18 23:31:19,145 DEBUG   HandlerThread:392852 [handler.py:handle_request():124] handle_request: defer
2021-09-18 23:31:19,145 INFO    HandlerThread:392852 [handler.py:handle_request_defer():141] handle defer: 3
2021-09-18 23:31:19,145 DEBUG   SenderThread:392852 [sender.py:send():179] send: summary
2021-09-18 23:31:19,145 INFO    SenderThread:392852 [sender.py:_save_file():841] saving file wandb-summary.json with policy end
2021-09-18 23:31:19,145 DEBUG   SenderThread:392852 [sender.py:send_request():193] send_request: defer
2021-09-18 23:31:19,145 INFO    SenderThread:392852 [sender.py:send_request_defer():304] handle sender defer: 3
2021-09-18 23:31:19,145 INFO    SenderThread:392852 [sender.py:transition_state():308] send defer: 4
2021-09-18 23:31:19,146 DEBUG   HandlerThread:392852 [handler.py:handle_request():124] handle_request: defer
2021-09-18 23:31:19,146 INFO    HandlerThread:392852 [handler.py:handle_request_defer():141] handle defer: 4
2021-09-18 23:31:19,146 DEBUG   SenderThread:392852 [sender.py:send_request():193] send_request: defer
2021-09-18 23:31:19,146 INFO    SenderThread:392852 [sender.py:send_request_defer():304] handle sender defer: 4
2021-09-18 23:31:19,224 INFO    SenderThread:392852 [sender.py:transition_state():308] send defer: 5
2021-09-18 23:31:19,224 DEBUG   HandlerThread:392852 [handler.py:handle_request():124] handle_request: defer
2021-09-18 23:31:19,224 INFO    HandlerThread:392852 [handler.py:handle_request_defer():141] handle defer: 5
2021-09-18 23:31:19,225 DEBUG   SenderThread:392852 [sender.py:send_request():193] send_request: defer
2021-09-18 23:31:19,225 INFO    SenderThread:392852 [sender.py:send_request_defer():304] handle sender defer: 5
2021-09-18 23:31:19,225 INFO    SenderThread:392852 [dir_watcher.py:finish():282] shutting down directory watcher
2021-09-18 23:31:19,228 INFO    Thread-8  :392852 [dir_watcher.py:_on_file_modified():229] file/dir modified: /grid/koo/home/toneyan/profile/QuantPred/wandb/run-20210918_233045-136uvuqq/files/config.yaml
2021-09-18 23:31:19,229 INFO    SenderThread:392852 [dir_watcher.py:_on_file_modified():229] file/dir modified: /grid/koo/home/toneyan/profile/QuantPred/wandb/run-20210918_233045-136uvuqq/files/wandb-summary.json
2021-09-18 23:31:19,229 INFO    SenderThread:392852 [dir_watcher.py:finish():312] scan: /grid/koo/home/toneyan/profile/QuantPred/wandb/run-20210918_233045-136uvuqq/files
2021-09-18 23:31:19,229 INFO    SenderThread:392852 [dir_watcher.py:finish():318] scan save: /grid/koo/home/toneyan/profile/QuantPred/wandb/run-20210918_233045-136uvuqq/files/wandb-metadata.json wandb-metadata.json
2021-09-18 23:31:19,229 INFO    SenderThread:392852 [dir_watcher.py:finish():318] scan save: /grid/koo/home/toneyan/profile/QuantPred/wandb/run-20210918_233045-136uvuqq/files/config.yaml config.yaml
2021-09-18 23:31:19,229 INFO    SenderThread:392852 [dir_watcher.py:finish():318] scan save: /grid/koo/home/toneyan/profile/QuantPred/wandb/run-20210918_233045-136uvuqq/files/requirements.txt requirements.txt
2021-09-18 23:31:19,229 INFO    SenderThread:392852 [dir_watcher.py:finish():318] scan save: /grid/koo/home/toneyan/profile/QuantPred/wandb/run-20210918_233045-136uvuqq/files/wandb-summary.json wandb-summary.json
2021-09-18 23:31:19,232 INFO    SenderThread:392852 [dir_watcher.py:finish():318] scan save: /grid/koo/home/toneyan/profile/QuantPred/wandb/run-20210918_233045-136uvuqq/files/output.log output.log
2021-09-18 23:31:19,235 INFO    SenderThread:392852 [sender.py:transition_state():308] send defer: 6
2021-09-18 23:31:19,240 DEBUG   HandlerThread:392852 [handler.py:handle_request():124] handle_request: defer
2021-09-18 23:31:19,240 INFO    HandlerThread:392852 [handler.py:handle_request_defer():141] handle defer: 6
2021-09-18 23:31:19,240 DEBUG   SenderThread:392852 [sender.py:send_request():193] send_request: defer
2021-09-18 23:31:19,240 INFO    SenderThread:392852 [sender.py:send_request_defer():304] handle sender defer: 6
2021-09-18 23:31:19,240 INFO    SenderThread:392852 [file_pusher.py:finish():177] shutting down file pusher
2021-09-18 23:31:19,244 DEBUG   HandlerThread:392852 [handler.py:handle_request():124] handle_request: poll_exit
2021-09-18 23:31:19,244 DEBUG   SenderThread:392852 [sender.py:send_request():193] send_request: poll_exit
2021-09-18 23:31:19,345 DEBUG   HandlerThread:392852 [handler.py:handle_request():124] handle_request: poll_exit
2021-09-18 23:31:19,345 DEBUG   SenderThread:392852 [sender.py:send_request():193] send_request: poll_exit
2021-09-18 23:31:19,448 DEBUG   HandlerThread:392852 [handler.py:handle_request():124] handle_request: poll_exit
2021-09-18 23:31:19,448 DEBUG   SenderThread:392852 [sender.py:send_request():193] send_request: poll_exit
2021-09-18 23:31:19,536 INFO    Thread-14 :392852 [upload_job.py:push():137] Uploaded file /grid/koo/home/toneyan/profile/QuantPred/wandb/run-20210918_233045-136uvuqq/files/wandb-summary.json
2021-09-18 23:31:19,549 DEBUG   HandlerThread:392852 [handler.py:handle_request():124] handle_request: poll_exit
2021-09-18 23:31:19,550 DEBUG   SenderThread:392852 [sender.py:send_request():193] send_request: poll_exit
2021-09-18 23:31:19,622 INFO    Thread-13 :392852 [upload_job.py:push():137] Uploaded file /grid/koo/home/toneyan/profile/QuantPred/wandb/run-20210918_233045-136uvuqq/files/requirements.txt
2021-09-18 23:31:19,651 DEBUG   HandlerThread:392852 [handler.py:handle_request():124] handle_request: poll_exit
2021-09-18 23:31:19,651 DEBUG   SenderThread:392852 [sender.py:send_request():193] send_request: poll_exit
2021-09-18 23:31:19,690 INFO    Thread-12 :392852 [upload_job.py:push():137] Uploaded file /grid/koo/home/toneyan/profile/QuantPred/wandb/run-20210918_233045-136uvuqq/files/config.yaml
2021-09-18 23:31:19,752 DEBUG   HandlerThread:392852 [handler.py:handle_request():124] handle_request: poll_exit
2021-09-18 23:31:19,752 DEBUG   SenderThread:392852 [sender.py:send_request():193] send_request: poll_exit
2021-09-18 23:31:19,853 DEBUG   HandlerThread:392852 [handler.py:handle_request():124] handle_request: poll_exit
2021-09-18 23:31:19,853 DEBUG   SenderThread:392852 [sender.py:send_request():193] send_request: poll_exit
2021-09-18 23:31:19,891 INFO    Thread-7  :392852 [sender.py:transition_state():308] send defer: 7
2021-09-18 23:31:19,891 DEBUG   HandlerThread:392852 [handler.py:handle_request():124] handle_request: defer
2021-09-18 23:31:19,891 INFO    HandlerThread:392852 [handler.py:handle_request_defer():141] handle defer: 7
2021-09-18 23:31:19,891 DEBUG   SenderThread:392852 [sender.py:send_request():193] send_request: defer
2021-09-18 23:31:19,891 INFO    SenderThread:392852 [sender.py:send_request_defer():304] handle sender defer: 7
2021-09-18 23:31:19,955 DEBUG   HandlerThread:392852 [handler.py:handle_request():124] handle_request: poll_exit
2021-09-18 23:31:20,008 INFO    SenderThread:392852 [sender.py:transition_state():308] send defer: 8
2021-09-18 23:31:20,009 DEBUG   SenderThread:392852 [sender.py:send_request():193] send_request: poll_exit
2021-09-18 23:31:20,009 DEBUG   HandlerThread:392852 [handler.py:handle_request():124] handle_request: defer
2021-09-18 23:31:20,009 INFO    HandlerThread:392852 [handler.py:handle_request_defer():141] handle defer: 8
2021-09-18 23:31:20,009 DEBUG   SenderThread:392852 [sender.py:send_request():193] send_request: defer
2021-09-18 23:31:20,009 INFO    SenderThread:392852 [sender.py:send_request_defer():304] handle sender defer: 8
2021-09-18 23:31:20,009 INFO    SenderThread:392852 [sender.py:transition_state():308] send defer: 9
2021-09-18 23:31:20,009 DEBUG   SenderThread:392852 [sender.py:send():179] send: final
2021-09-18 23:31:20,010 DEBUG   HandlerThread:392852 [handler.py:handle_request():124] handle_request: defer
2021-09-18 23:31:20,010 DEBUG   SenderThread:392852 [sender.py:send():179] send: footer
2021-09-18 23:31:20,010 INFO    HandlerThread:392852 [handler.py:handle_request_defer():141] handle defer: 9
2021-09-18 23:31:20,010 DEBUG   SenderThread:392852 [sender.py:send_request():193] send_request: defer
2021-09-18 23:31:20,010 INFO    SenderThread:392852 [sender.py:send_request_defer():304] handle sender defer: 9
2021-09-18 23:31:20,110 DEBUG   HandlerThread:392852 [handler.py:handle_request():124] handle_request: poll_exit
2021-09-18 23:31:20,110 DEBUG   SenderThread:392852 [sender.py:send_request():193] send_request: poll_exit
2021-09-18 23:31:20,110 INFO    SenderThread:392852 [file_pusher.py:join():182] waiting for file pusher
2021-09-18 23:31:20,111 DEBUG   HandlerThread:392852 [handler.py:handle_request():124] handle_request: get_summary
2021-09-18 23:31:20,111 DEBUG   HandlerThread:392852 [handler.py:handle_request():124] handle_request: sampled_history
2021-09-18 23:31:20,111 DEBUG   HandlerThread:392852 [handler.py:handle_request():124] handle_request: shutdown
2021-09-18 23:31:20,111 INFO    HandlerThread:392852 [handler.py:finish():638] shutting down handler
2021-09-18 23:31:21,010 INFO    WriterThread:392852 [datastore.py:close():288] close: /grid/koo/home/toneyan/profile/QuantPred/wandb/run-20210918_233045-136uvuqq/run-136uvuqq.wandb
2021-09-18 23:31:21,110 INFO    SenderThread:392852 [sender.py:finish():945] shutting down sender
2021-09-18 23:31:21,110 INFO    SenderThread:392852 [file_pusher.py:finish():177] shutting down file pusher
2021-09-18 23:31:21,110 INFO    SenderThread:392852 [file_pusher.py:join():182] waiting for file pusher
2021-09-18 23:31:21,112 INFO    MainThread:392852 [internal.py:handle_exit():78] Internal process exited
