2021-09-19 12:52:31,530 INFO    MainThread:1991136 [internal.py:wandb_internal():91] W&B internal server running at pid: 1991136, started at: 2021-09-19 12:52:31.529795
2021-09-19 12:52:31,532 DEBUG   HandlerThread:1991136 [handler.py:handle_request():124] handle_request: check_version
2021-09-19 12:52:31,532 INFO    WriterThread:1991136 [datastore.py:open_for_write():80] open: /grid/koo/home/toneyan/profile/QuantPred/wandb/run-20210919_125230-6rt0shn9/run-6rt0shn9.wandb
2021-09-19 12:52:31,534 DEBUG   SenderThread:1991136 [sender.py:send():179] send: header
2021-09-19 12:52:31,534 DEBUG   SenderThread:1991136 [sender.py:send_request():193] send_request: check_version
2021-09-19 12:52:31,591 DEBUG   SenderThread:1991136 [sender.py:send():179] send: run
2021-09-19 12:52:31,676 INFO    SenderThread:1991136 [dir_watcher.py:__init__():168] watching files in: /grid/koo/home/toneyan/profile/QuantPred/wandb/run-20210919_125230-6rt0shn9/files
2021-09-19 12:52:31,676 INFO    SenderThread:1991136 [sender.py:_start_run_threads():719] run started: 6rt0shn9 with start time 1632070350
2021-09-19 12:52:31,679 DEBUG   SenderThread:1991136 [sender.py:send():179] send: summary
2021-09-19 12:52:31,680 DEBUG   HandlerThread:1991136 [handler.py:handle_request():124] handle_request: run_start
2021-09-19 12:52:31,681 INFO    SenderThread:1991136 [sender.py:_save_file():841] saving file wandb-summary.json with policy end
2021-09-19 12:52:32,678 INFO    Thread-8  :1991136 [dir_watcher.py:_on_file_created():216] file/dir created: /grid/koo/home/toneyan/profile/QuantPred/wandb/run-20210919_125230-6rt0shn9/files/wandb-summary.json
2021-09-19 12:52:32,792 DEBUG   HandlerThread:1991136 [meta.py:__init__():39] meta init
2021-09-19 12:52:32,792 DEBUG   HandlerThread:1991136 [meta.py:__init__():53] meta init done
2021-09-19 12:52:32,792 DEBUG   HandlerThread:1991136 [meta.py:probe():210] probe
2021-09-19 12:52:32,798 DEBUG   HandlerThread:1991136 [meta.py:_save_pip():57] save pip
2021-09-19 12:52:32,799 DEBUG   HandlerThread:1991136 [meta.py:_save_pip():71] save pip done
2021-09-19 12:52:32,799 DEBUG   HandlerThread:1991136 [meta.py:probe():252] probe done
2021-09-19 12:52:32,802 DEBUG   SenderThread:1991136 [sender.py:send():179] send: files
2021-09-19 12:52:32,802 INFO    SenderThread:1991136 [sender.py:_save_file():841] saving file wandb-metadata.json with policy now
2021-09-19 12:52:32,807 DEBUG   HandlerThread:1991136 [handler.py:handle_request():124] handle_request: stop_status
2021-09-19 12:52:32,808 DEBUG   SenderThread:1991136 [sender.py:send_request():193] send_request: stop_status
2021-09-19 12:52:33,158 INFO    Thread-11 :1991136 [upload_job.py:push():137] Uploaded file /tmp/3288855.1.gpu_ded.q/tmpsfqcey8xwandb/3etl5798-wandb-metadata.json
2021-09-19 12:52:33,678 INFO    Thread-8  :1991136 [dir_watcher.py:_on_file_created():216] file/dir created: /grid/koo/home/toneyan/profile/QuantPred/wandb/run-20210919_125230-6rt0shn9/files/wandb-metadata.json
2021-09-19 12:52:33,678 INFO    Thread-8  :1991136 [dir_watcher.py:_on_file_created():216] file/dir created: /grid/koo/home/toneyan/profile/QuantPred/wandb/run-20210919_125230-6rt0shn9/files/output.log
2021-09-19 12:52:33,678 INFO    Thread-8  :1991136 [dir_watcher.py:_on_file_created():216] file/dir created: /grid/koo/home/toneyan/profile/QuantPred/wandb/run-20210919_125230-6rt0shn9/files/requirements.txt
2021-09-19 12:52:47,873 DEBUG   HandlerThread:1991136 [handler.py:handle_request():124] handle_request: stop_status
2021-09-19 12:52:47,873 DEBUG   SenderThread:1991136 [sender.py:send_request():193] send_request: stop_status
2021-09-19 12:53:01,175 DEBUG   SenderThread:1991136 [sender.py:send():179] send: stats
2021-09-19 12:53:02,933 DEBUG   HandlerThread:1991136 [handler.py:handle_request():124] handle_request: stop_status
2021-09-19 12:53:02,933 DEBUG   SenderThread:1991136 [sender.py:send_request():193] send_request: stop_status
2021-09-19 12:53:05,451 DEBUG   HandlerThread:1991136 [handler.py:handle_request():124] handle_request: poll_exit
2021-09-19 12:53:05,451 DEBUG   SenderThread:1991136 [sender.py:send():179] send: telemetry
2021-09-19 12:53:05,452 DEBUG   SenderThread:1991136 [sender.py:send():179] send: exit
2021-09-19 12:53:05,452 INFO    SenderThread:1991136 [sender.py:send_exit():287] handling exit code: 1
2021-09-19 12:53:05,452 INFO    SenderThread:1991136 [sender.py:send_exit():295] send defer
2021-09-19 12:53:05,452 DEBUG   SenderThread:1991136 [sender.py:send_request():193] send_request: poll_exit
2021-09-19 12:53:05,452 DEBUG   HandlerThread:1991136 [handler.py:handle_request():124] handle_request: defer
2021-09-19 12:53:05,453 INFO    HandlerThread:1991136 [handler.py:handle_request_defer():141] handle defer: 0
2021-09-19 12:53:05,453 DEBUG   SenderThread:1991136 [sender.py:send_request():193] send_request: defer
2021-09-19 12:53:05,453 INFO    SenderThread:1991136 [sender.py:send_request_defer():304] handle sender defer: 0
2021-09-19 12:53:05,453 INFO    SenderThread:1991136 [sender.py:transition_state():308] send defer: 1
2021-09-19 12:53:05,453 DEBUG   HandlerThread:1991136 [handler.py:handle_request():124] handle_request: defer
2021-09-19 12:53:05,453 INFO    HandlerThread:1991136 [handler.py:handle_request_defer():141] handle defer: 1
2021-09-19 12:53:05,545 DEBUG   SenderThread:1991136 [sender.py:send_request():193] send_request: defer
2021-09-19 12:53:05,545 INFO    SenderThread:1991136 [sender.py:send_request_defer():304] handle sender defer: 1
2021-09-19 12:53:05,545 INFO    SenderThread:1991136 [sender.py:transition_state():308] send defer: 2
2021-09-19 12:53:05,546 DEBUG   SenderThread:1991136 [sender.py:send():179] send: stats
2021-09-19 12:53:05,546 DEBUG   HandlerThread:1991136 [handler.py:handle_request():124] handle_request: defer
2021-09-19 12:53:05,548 INFO    HandlerThread:1991136 [handler.py:handle_request_defer():141] handle defer: 2
2021-09-19 12:53:05,548 DEBUG   SenderThread:1991136 [sender.py:send_request():193] send_request: defer
2021-09-19 12:53:05,548 INFO    SenderThread:1991136 [sender.py:send_request_defer():304] handle sender defer: 2
2021-09-19 12:53:05,548 INFO    SenderThread:1991136 [sender.py:transition_state():308] send defer: 3
2021-09-19 12:53:05,548 DEBUG   HandlerThread:1991136 [handler.py:handle_request():124] handle_request: defer
2021-09-19 12:53:05,548 INFO    HandlerThread:1991136 [handler.py:handle_request_defer():141] handle defer: 3
2021-09-19 12:53:05,549 DEBUG   SenderThread:1991136 [sender.py:send():179] send: summary
2021-09-19 12:53:05,549 INFO    SenderThread:1991136 [sender.py:_save_file():841] saving file wandb-summary.json with policy end
2021-09-19 12:53:05,549 DEBUG   SenderThread:1991136 [sender.py:send_request():193] send_request: defer
2021-09-19 12:53:05,549 INFO    SenderThread:1991136 [sender.py:send_request_defer():304] handle sender defer: 3
2021-09-19 12:53:05,549 INFO    SenderThread:1991136 [sender.py:transition_state():308] send defer: 4
2021-09-19 12:53:05,550 DEBUG   HandlerThread:1991136 [handler.py:handle_request():124] handle_request: defer
2021-09-19 12:53:05,550 INFO    HandlerThread:1991136 [handler.py:handle_request_defer():141] handle defer: 4
2021-09-19 12:53:05,550 DEBUG   SenderThread:1991136 [sender.py:send_request():193] send_request: defer
2021-09-19 12:53:05,550 INFO    SenderThread:1991136 [sender.py:send_request_defer():304] handle sender defer: 4
2021-09-19 12:53:05,554 DEBUG   HandlerThread:1991136 [handler.py:handle_request():124] handle_request: poll_exit
2021-09-19 12:53:05,627 INFO    SenderThread:1991136 [sender.py:transition_state():308] send defer: 5
2021-09-19 12:53:05,627 DEBUG   SenderThread:1991136 [sender.py:send_request():193] send_request: poll_exit
2021-09-19 12:53:05,628 DEBUG   HandlerThread:1991136 [handler.py:handle_request():124] handle_request: defer
2021-09-19 12:53:05,628 INFO    HandlerThread:1991136 [handler.py:handle_request_defer():141] handle defer: 5
2021-09-19 12:53:05,628 DEBUG   SenderThread:1991136 [sender.py:send_request():193] send_request: defer
2021-09-19 12:53:05,628 INFO    SenderThread:1991136 [sender.py:send_request_defer():304] handle sender defer: 5
2021-09-19 12:53:05,628 INFO    SenderThread:1991136 [dir_watcher.py:finish():282] shutting down directory watcher
2021-09-19 12:53:05,683 INFO    SenderThread:1991136 [dir_watcher.py:_on_file_modified():229] file/dir modified: /grid/koo/home/toneyan/profile/QuantPred/wandb/run-20210919_125230-6rt0shn9/files/config.yaml
2021-09-19 12:53:05,684 INFO    SenderThread:1991136 [dir_watcher.py:_on_file_modified():229] file/dir modified: /grid/koo/home/toneyan/profile/QuantPred/wandb/run-20210919_125230-6rt0shn9/files/wandb-summary.json
2021-09-19 12:53:05,684 INFO    SenderThread:1991136 [dir_watcher.py:finish():312] scan: /grid/koo/home/toneyan/profile/QuantPred/wandb/run-20210919_125230-6rt0shn9/files
2021-09-19 12:53:05,684 INFO    SenderThread:1991136 [dir_watcher.py:finish():318] scan save: /grid/koo/home/toneyan/profile/QuantPred/wandb/run-20210919_125230-6rt0shn9/files/wandb-metadata.json wandb-metadata.json
2021-09-19 12:53:05,684 INFO    SenderThread:1991136 [dir_watcher.py:finish():318] scan save: /grid/koo/home/toneyan/profile/QuantPred/wandb/run-20210919_125230-6rt0shn9/files/config.yaml config.yaml
2021-09-19 12:53:05,684 INFO    SenderThread:1991136 [dir_watcher.py:finish():318] scan save: /grid/koo/home/toneyan/profile/QuantPred/wandb/run-20210919_125230-6rt0shn9/files/requirements.txt requirements.txt
2021-09-19 12:53:05,684 INFO    SenderThread:1991136 [dir_watcher.py:finish():318] scan save: /grid/koo/home/toneyan/profile/QuantPred/wandb/run-20210919_125230-6rt0shn9/files/wandb-summary.json wandb-summary.json
2021-09-19 12:53:05,690 INFO    SenderThread:1991136 [dir_watcher.py:finish():318] scan save: /grid/koo/home/toneyan/profile/QuantPred/wandb/run-20210919_125230-6rt0shn9/files/output.log output.log
2021-09-19 12:53:05,695 INFO    SenderThread:1991136 [sender.py:transition_state():308] send defer: 6
2021-09-19 12:53:05,695 DEBUG   HandlerThread:1991136 [handler.py:handle_request():124] handle_request: defer
2021-09-19 12:53:05,696 INFO    HandlerThread:1991136 [handler.py:handle_request_defer():141] handle defer: 6
2021-09-19 12:53:05,696 DEBUG   SenderThread:1991136 [sender.py:send_request():193] send_request: defer
2021-09-19 12:53:05,696 INFO    SenderThread:1991136 [sender.py:send_request_defer():304] handle sender defer: 6
2021-09-19 12:53:05,696 INFO    SenderThread:1991136 [file_pusher.py:finish():177] shutting down file pusher
2021-09-19 12:53:05,729 DEBUG   HandlerThread:1991136 [handler.py:handle_request():124] handle_request: poll_exit
2021-09-19 12:53:05,729 DEBUG   SenderThread:1991136 [sender.py:send_request():193] send_request: poll_exit
2021-09-19 12:53:05,746 ERROR   Thread-14 :1991136 [internal_api.py:execute():130] 429 response executing GraphQL.
2021-09-19 12:53:05,747 ERROR   Thread-14 :1991136 [internal_api.py:execute():131] {"error":"rate limit exceeded"}

2021-09-19 12:53:05,748 ERROR   Thread-13 :1991136 [internal_api.py:execute():130] 429 response executing GraphQL.
2021-09-19 12:53:05,748 ERROR   Thread-13 :1991136 [internal_api.py:execute():131] {"error":"rate limit exceeded"}

2021-09-19 12:53:05,761 ERROR   Thread-12 :1991136 [internal_api.py:execute():130] 429 response executing GraphQL.
2021-09-19 12:53:05,761 ERROR   Thread-12 :1991136 [internal_api.py:execute():131] {"error":"rate limit exceeded"}

2021-09-19 12:53:05,830 DEBUG   HandlerThread:1991136 [handler.py:handle_request():124] handle_request: poll_exit
2021-09-19 12:53:05,831 DEBUG   SenderThread:1991136 [sender.py:send_request():193] send_request: poll_exit
2021-09-19 12:53:05,932 DEBUG   HandlerThread:1991136 [handler.py:handle_request():124] handle_request: poll_exit
2021-09-19 12:53:05,932 DEBUG   SenderThread:1991136 [sender.py:send_request():193] send_request: poll_exit
2021-09-19 12:53:06,034 DEBUG   HandlerThread:1991136 [handler.py:handle_request():124] handle_request: poll_exit
2021-09-19 12:53:06,034 DEBUG   SenderThread:1991136 [sender.py:send_request():193] send_request: poll_exit
2021-09-19 12:53:06,136 DEBUG   HandlerThread:1991136 [handler.py:handle_request():124] handle_request: poll_exit
2021-09-19 12:53:06,136 DEBUG   SenderThread:1991136 [sender.py:send_request():193] send_request: poll_exit
2021-09-19 12:53:06,237 DEBUG   HandlerThread:1991136 [handler.py:handle_request():124] handle_request: poll_exit
2021-09-19 12:53:06,238 DEBUG   SenderThread:1991136 [sender.py:send_request():193] send_request: poll_exit
2021-09-19 12:53:06,339 DEBUG   HandlerThread:1991136 [handler.py:handle_request():124] handle_request: poll_exit
2021-09-19 12:53:06,340 DEBUG   SenderThread:1991136 [sender.py:send_request():193] send_request: poll_exit
2021-09-19 12:53:06,441 DEBUG   HandlerThread:1991136 [handler.py:handle_request():124] handle_request: poll_exit
2021-09-19 12:53:06,441 DEBUG   SenderThread:1991136 [sender.py:send_request():193] send_request: poll_exit
2021-09-19 12:53:06,543 DEBUG   HandlerThread:1991136 [handler.py:handle_request():124] handle_request: poll_exit
2021-09-19 12:53:06,543 DEBUG   SenderThread:1991136 [sender.py:send_request():193] send_request: poll_exit
2021-09-19 12:53:06,645 DEBUG   HandlerThread:1991136 [handler.py:handle_request():124] handle_request: poll_exit
2021-09-19 12:53:06,645 DEBUG   SenderThread:1991136 [sender.py:send_request():193] send_request: poll_exit
2021-09-19 12:53:06,755 DEBUG   HandlerThread:1991136 [handler.py:handle_request():124] handle_request: poll_exit
2021-09-19 12:53:06,756 DEBUG   SenderThread:1991136 [sender.py:send_request():193] send_request: poll_exit
2021-09-19 12:53:06,855 ERROR   Thread-12 :1991136 [internal_api.py:execute():130] 429 response executing GraphQL.
2021-09-19 12:53:06,855 ERROR   Thread-12 :1991136 [internal_api.py:execute():131] {"error":"rate limit exceeded"}

2021-09-19 12:53:06,858 DEBUG   HandlerThread:1991136 [handler.py:handle_request():124] handle_request: poll_exit
2021-09-19 12:53:06,858 DEBUG   SenderThread:1991136 [sender.py:send_request():193] send_request: poll_exit
2021-09-19 12:53:06,910 ERROR   Thread-13 :1991136 [internal_api.py:execute():130] 429 response executing GraphQL.
2021-09-19 12:53:06,911 ERROR   Thread-13 :1991136 [internal_api.py:execute():131] {"error":"rate limit exceeded"}

2021-09-19 12:53:06,949 ERROR   Thread-14 :1991136 [internal_api.py:execute():130] 429 response executing GraphQL.
2021-09-19 12:53:06,949 ERROR   Thread-14 :1991136 [internal_api.py:execute():131] {"error":"rate limit exceeded"}

2021-09-19 12:53:06,960 DEBUG   HandlerThread:1991136 [handler.py:handle_request():124] handle_request: poll_exit
2021-09-19 12:53:06,960 DEBUG   SenderThread:1991136 [sender.py:send_request():193] send_request: poll_exit
2021-09-19 12:53:07,062 DEBUG   HandlerThread:1991136 [handler.py:handle_request():124] handle_request: poll_exit
2021-09-19 12:53:07,062 DEBUG   SenderThread:1991136 [sender.py:send_request():193] send_request: poll_exit
2021-09-19 12:53:07,163 DEBUG   HandlerThread:1991136 [handler.py:handle_request():124] handle_request: poll_exit
2021-09-19 12:53:07,164 DEBUG   SenderThread:1991136 [sender.py:send_request():193] send_request: poll_exit
2021-09-19 12:53:07,265 DEBUG   HandlerThread:1991136 [handler.py:handle_request():124] handle_request: poll_exit
2021-09-19 12:53:07,266 DEBUG   SenderThread:1991136 [sender.py:send_request():193] send_request: poll_exit
2021-09-19 12:53:07,368 DEBUG   HandlerThread:1991136 [handler.py:handle_request():124] handle_request: poll_exit
2021-09-19 12:53:07,368 DEBUG   SenderThread:1991136 [sender.py:send_request():193] send_request: poll_exit
2021-09-19 12:53:07,469 DEBUG   HandlerThread:1991136 [handler.py:handle_request():124] handle_request: poll_exit
2021-09-19 12:53:07,470 DEBUG   SenderThread:1991136 [sender.py:send_request():193] send_request: poll_exit
2021-09-19 12:53:07,571 DEBUG   HandlerThread:1991136 [handler.py:handle_request():124] handle_request: poll_exit
2021-09-19 12:53:07,572 DEBUG   SenderThread:1991136 [sender.py:send_request():193] send_request: poll_exit
2021-09-19 12:53:07,673 DEBUG   HandlerThread:1991136 [handler.py:handle_request():124] handle_request: poll_exit
2021-09-19 12:53:07,673 DEBUG   SenderThread:1991136 [sender.py:send_request():193] send_request: poll_exit
2021-09-19 12:53:07,775 DEBUG   HandlerThread:1991136 [handler.py:handle_request():124] handle_request: poll_exit
2021-09-19 12:53:07,775 DEBUG   SenderThread:1991136 [sender.py:send_request():193] send_request: poll_exit
2021-09-19 12:53:07,877 DEBUG   HandlerThread:1991136 [handler.py:handle_request():124] handle_request: poll_exit
2021-09-19 12:53:07,877 DEBUG   SenderThread:1991136 [sender.py:send_request():193] send_request: poll_exit
2021-09-19 12:53:07,979 DEBUG   HandlerThread:1991136 [handler.py:handle_request():124] handle_request: poll_exit
2021-09-19 12:53:07,979 DEBUG   SenderThread:1991136 [sender.py:send_request():193] send_request: poll_exit
2021-09-19 12:53:08,081 DEBUG   HandlerThread:1991136 [handler.py:handle_request():124] handle_request: poll_exit
2021-09-19 12:53:08,081 DEBUG   SenderThread:1991136 [sender.py:send_request():193] send_request: poll_exit
2021-09-19 12:53:08,182 DEBUG   HandlerThread:1991136 [handler.py:handle_request():124] handle_request: poll_exit
2021-09-19 12:53:08,182 DEBUG   SenderThread:1991136 [sender.py:send_request():193] send_request: poll_exit
2021-09-19 12:53:08,284 DEBUG   HandlerThread:1991136 [handler.py:handle_request():124] handle_request: poll_exit
2021-09-19 12:53:08,284 DEBUG   SenderThread:1991136 [sender.py:send_request():193] send_request: poll_exit
2021-09-19 12:53:08,386 DEBUG   HandlerThread:1991136 [handler.py:handle_request():124] handle_request: poll_exit
2021-09-19 12:53:08,386 DEBUG   SenderThread:1991136 [sender.py:send_request():193] send_request: poll_exit
2021-09-19 12:53:08,488 DEBUG   HandlerThread:1991136 [handler.py:handle_request():124] handle_request: poll_exit
2021-09-19 12:53:08,488 DEBUG   SenderThread:1991136 [sender.py:send_request():193] send_request: poll_exit
2021-09-19 12:53:08,590 DEBUG   HandlerThread:1991136 [handler.py:handle_request():124] handle_request: poll_exit
2021-09-19 12:53:08,590 DEBUG   SenderThread:1991136 [sender.py:send_request():193] send_request: poll_exit
2021-09-19 12:53:08,691 DEBUG   HandlerThread:1991136 [handler.py:handle_request():124] handle_request: poll_exit
2021-09-19 12:53:08,692 DEBUG   SenderThread:1991136 [sender.py:send_request():193] send_request: poll_exit
2021-09-19 12:53:08,793 DEBUG   HandlerThread:1991136 [handler.py:handle_request():124] handle_request: poll_exit
2021-09-19 12:53:08,793 DEBUG   SenderThread:1991136 [sender.py:send_request():193] send_request: poll_exit
2021-09-19 12:53:08,895 DEBUG   HandlerThread:1991136 [handler.py:handle_request():124] handle_request: poll_exit
2021-09-19 12:53:08,895 DEBUG   SenderThread:1991136 [sender.py:send_request():193] send_request: poll_exit
2021-09-19 12:53:08,997 DEBUG   HandlerThread:1991136 [handler.py:handle_request():124] handle_request: poll_exit
2021-09-19 12:53:08,997 DEBUG   SenderThread:1991136 [sender.py:send_request():193] send_request: poll_exit
2021-09-19 12:53:09,098 DEBUG   HandlerThread:1991136 [handler.py:handle_request():124] handle_request: poll_exit
2021-09-19 12:53:09,099 DEBUG   SenderThread:1991136 [sender.py:send_request():193] send_request: poll_exit
2021-09-19 12:53:09,205 DEBUG   HandlerThread:1991136 [handler.py:handle_request():124] handle_request: poll_exit
2021-09-19 12:53:09,205 DEBUG   SenderThread:1991136 [sender.py:send_request():193] send_request: poll_exit
2021-09-19 12:53:09,289 ERROR   Thread-12 :1991136 [internal_api.py:execute():130] 429 response executing GraphQL.
2021-09-19 12:53:09,289 ERROR   Thread-12 :1991136 [internal_api.py:execute():131] {"error":"rate limit exceeded"}

2021-09-19 12:53:09,304 ERROR   Thread-13 :1991136 [internal_api.py:execute():130] 429 response executing GraphQL.
2021-09-19 12:53:09,304 ERROR   Thread-13 :1991136 [internal_api.py:execute():131] {"error":"rate limit exceeded"}

2021-09-19 12:53:09,310 DEBUG   HandlerThread:1991136 [handler.py:handle_request():124] handle_request: poll_exit
2021-09-19 12:53:09,310 DEBUG   SenderThread:1991136 [sender.py:send_request():193] send_request: poll_exit
2021-09-19 12:53:09,353 ERROR   Thread-14 :1991136 [internal_api.py:execute():130] 429 response executing GraphQL.
2021-09-19 12:53:09,353 ERROR   Thread-14 :1991136 [internal_api.py:execute():131] {"error":"rate limit exceeded"}

2021-09-19 12:53:09,414 DEBUG   HandlerThread:1991136 [handler.py:handle_request():124] handle_request: poll_exit
2021-09-19 12:53:09,415 DEBUG   SenderThread:1991136 [sender.py:send_request():193] send_request: poll_exit
2021-09-19 12:53:09,520 DEBUG   HandlerThread:1991136 [handler.py:handle_request():124] handle_request: poll_exit
2021-09-19 12:53:09,521 DEBUG   SenderThread:1991136 [sender.py:send_request():193] send_request: poll_exit
2021-09-19 12:53:09,626 DEBUG   HandlerThread:1991136 [handler.py:handle_request():124] handle_request: poll_exit
2021-09-19 12:53:09,626 DEBUG   SenderThread:1991136 [sender.py:send_request():193] send_request: poll_exit
2021-09-19 12:53:09,728 DEBUG   HandlerThread:1991136 [handler.py:handle_request():124] handle_request: poll_exit
2021-09-19 12:53:09,728 DEBUG   SenderThread:1991136 [sender.py:send_request():193] send_request: poll_exit
2021-09-19 12:53:09,831 DEBUG   HandlerThread:1991136 [handler.py:handle_request():124] handle_request: poll_exit
2021-09-19 12:53:09,831 DEBUG   SenderThread:1991136 [sender.py:send_request():193] send_request: poll_exit
2021-09-19 12:53:09,933 DEBUG   HandlerThread:1991136 [handler.py:handle_request():124] handle_request: poll_exit
2021-09-19 12:53:09,933 DEBUG   SenderThread:1991136 [sender.py:send_request():193] send_request: poll_exit
2021-09-19 12:53:10,035 DEBUG   HandlerThread:1991136 [handler.py:handle_request():124] handle_request: poll_exit
2021-09-19 12:53:10,035 DEBUG   SenderThread:1991136 [sender.py:send_request():193] send_request: poll_exit
2021-09-19 12:53:10,137 DEBUG   HandlerThread:1991136 [handler.py:handle_request():124] handle_request: poll_exit
2021-09-19 12:53:10,137 DEBUG   SenderThread:1991136 [sender.py:send_request():193] send_request: poll_exit
2021-09-19 12:53:10,239 DEBUG   HandlerThread:1991136 [handler.py:handle_request():124] handle_request: poll_exit
2021-09-19 12:53:10,239 DEBUG   SenderThread:1991136 [sender.py:send_request():193] send_request: poll_exit
2021-09-19 12:53:10,340 DEBUG   HandlerThread:1991136 [handler.py:handle_request():124] handle_request: poll_exit
2021-09-19 12:53:10,341 DEBUG   SenderThread:1991136 [sender.py:send_request():193] send_request: poll_exit
2021-09-19 12:53:10,442 DEBUG   HandlerThread:1991136 [handler.py:handle_request():124] handle_request: poll_exit
2021-09-19 12:53:10,443 DEBUG   SenderThread:1991136 [sender.py:send_request():193] send_request: poll_exit
2021-09-19 12:53:10,544 DEBUG   HandlerThread:1991136 [handler.py:handle_request():124] handle_request: poll_exit
2021-09-19 12:53:10,544 DEBUG   SenderThread:1991136 [sender.py:send_request():193] send_request: poll_exit
2021-09-19 12:53:10,646 DEBUG   HandlerThread:1991136 [handler.py:handle_request():124] handle_request: poll_exit
2021-09-19 12:53:10,646 DEBUG   SenderThread:1991136 [sender.py:send_request():193] send_request: poll_exit
2021-09-19 12:53:10,748 DEBUG   HandlerThread:1991136 [handler.py:handle_request():124] handle_request: poll_exit
2021-09-19 12:53:10,748 DEBUG   SenderThread:1991136 [sender.py:send_request():193] send_request: poll_exit
2021-09-19 12:53:10,850 DEBUG   HandlerThread:1991136 [handler.py:handle_request():124] handle_request: poll_exit
2021-09-19 12:53:10,850 DEBUG   SenderThread:1991136 [sender.py:send_request():193] send_request: poll_exit
2021-09-19 12:53:10,952 DEBUG   HandlerThread:1991136 [handler.py:handle_request():124] handle_request: poll_exit
2021-09-19 12:53:10,952 DEBUG   SenderThread:1991136 [sender.py:send_request():193] send_request: poll_exit
2021-09-19 12:53:11,054 DEBUG   HandlerThread:1991136 [handler.py:handle_request():124] handle_request: poll_exit
2021-09-19 12:53:11,054 DEBUG   SenderThread:1991136 [sender.py:send_request():193] send_request: poll_exit
2021-09-19 12:53:11,156 DEBUG   HandlerThread:1991136 [handler.py:handle_request():124] handle_request: poll_exit
2021-09-19 12:53:11,156 DEBUG   SenderThread:1991136 [sender.py:send_request():193] send_request: poll_exit
2021-09-19 12:53:11,257 DEBUG   HandlerThread:1991136 [handler.py:handle_request():124] handle_request: poll_exit
2021-09-19 12:53:11,258 DEBUG   SenderThread:1991136 [sender.py:send_request():193] send_request: poll_exit
2021-09-19 12:53:11,359 DEBUG   HandlerThread:1991136 [handler.py:handle_request():124] handle_request: poll_exit
2021-09-19 12:53:11,359 DEBUG   SenderThread:1991136 [sender.py:send_request():193] send_request: poll_exit
2021-09-19 12:53:11,461 DEBUG   HandlerThread:1991136 [handler.py:handle_request():124] handle_request: poll_exit
2021-09-19 12:53:11,461 DEBUG   SenderThread:1991136 [sender.py:send_request():193] send_request: poll_exit
2021-09-19 12:53:11,563 DEBUG   HandlerThread:1991136 [handler.py:handle_request():124] handle_request: poll_exit
2021-09-19 12:53:11,563 DEBUG   SenderThread:1991136 [sender.py:send_request():193] send_request: poll_exit
2021-09-19 12:53:11,665 DEBUG   HandlerThread:1991136 [handler.py:handle_request():124] handle_request: poll_exit
2021-09-19 12:53:11,665 DEBUG   SenderThread:1991136 [sender.py:send_request():193] send_request: poll_exit
2021-09-19 12:53:11,767 DEBUG   HandlerThread:1991136 [handler.py:handle_request():124] handle_request: poll_exit
2021-09-19 12:53:11,767 DEBUG   SenderThread:1991136 [sender.py:send_request():193] send_request: poll_exit
2021-09-19 12:53:11,868 DEBUG   HandlerThread:1991136 [handler.py:handle_request():124] handle_request: poll_exit
2021-09-19 12:53:11,869 DEBUG   SenderThread:1991136 [sender.py:send_request():193] send_request: poll_exit
2021-09-19 12:53:11,970 DEBUG   HandlerThread:1991136 [handler.py:handle_request():124] handle_request: poll_exit
2021-09-19 12:53:11,970 DEBUG   SenderThread:1991136 [sender.py:send_request():193] send_request: poll_exit
2021-09-19 12:53:12,072 DEBUG   HandlerThread:1991136 [handler.py:handle_request():124] handle_request: poll_exit
2021-09-19 12:53:12,072 DEBUG   SenderThread:1991136 [sender.py:send_request():193] send_request: poll_exit
2021-09-19 12:53:12,174 DEBUG   HandlerThread:1991136 [handler.py:handle_request():124] handle_request: poll_exit
2021-09-19 12:53:12,174 DEBUG   SenderThread:1991136 [sender.py:send_request():193] send_request: poll_exit
2021-09-19 12:53:12,275 DEBUG   HandlerThread:1991136 [handler.py:handle_request():124] handle_request: poll_exit
2021-09-19 12:53:12,276 DEBUG   SenderThread:1991136 [sender.py:send_request():193] send_request: poll_exit
2021-09-19 12:53:12,377 DEBUG   HandlerThread:1991136 [handler.py:handle_request():124] handle_request: poll_exit
2021-09-19 12:53:12,377 DEBUG   SenderThread:1991136 [sender.py:send_request():193] send_request: poll_exit
2021-09-19 12:53:12,479 DEBUG   HandlerThread:1991136 [handler.py:handle_request():124] handle_request: poll_exit
2021-09-19 12:53:12,479 DEBUG   SenderThread:1991136 [sender.py:send_request():193] send_request: poll_exit
2021-09-19 12:53:12,581 DEBUG   HandlerThread:1991136 [handler.py:handle_request():124] handle_request: poll_exit
2021-09-19 12:53:12,581 DEBUG   SenderThread:1991136 [sender.py:send_request():193] send_request: poll_exit
2021-09-19 12:53:12,682 DEBUG   HandlerThread:1991136 [handler.py:handle_request():124] handle_request: poll_exit
2021-09-19 12:53:12,683 DEBUG   SenderThread:1991136 [sender.py:send_request():193] send_request: poll_exit
2021-09-19 12:53:12,784 DEBUG   HandlerThread:1991136 [handler.py:handle_request():124] handle_request: poll_exit
2021-09-19 12:53:12,784 DEBUG   SenderThread:1991136 [sender.py:send_request():193] send_request: poll_exit
2021-09-19 12:53:12,886 DEBUG   HandlerThread:1991136 [handler.py:handle_request():124] handle_request: poll_exit
2021-09-19 12:53:12,886 DEBUG   SenderThread:1991136 [sender.py:send_request():193] send_request: poll_exit
2021-09-19 12:53:12,987 DEBUG   HandlerThread:1991136 [handler.py:handle_request():124] handle_request: poll_exit
2021-09-19 12:53:12,988 DEBUG   SenderThread:1991136 [sender.py:send_request():193] send_request: poll_exit
2021-09-19 12:53:13,089 DEBUG   HandlerThread:1991136 [handler.py:handle_request():124] handle_request: poll_exit
2021-09-19 12:53:13,089 DEBUG   SenderThread:1991136 [sender.py:send_request():193] send_request: poll_exit
2021-09-19 12:53:13,191 DEBUG   HandlerThread:1991136 [handler.py:handle_request():124] handle_request: poll_exit
2021-09-19 12:53:13,191 DEBUG   SenderThread:1991136 [sender.py:send_request():193] send_request: poll_exit
2021-09-19 12:53:13,293 DEBUG   HandlerThread:1991136 [handler.py:handle_request():124] handle_request: poll_exit
2021-09-19 12:53:13,293 DEBUG   SenderThread:1991136 [sender.py:send_request():193] send_request: poll_exit
2021-09-19 12:53:13,395 DEBUG   HandlerThread:1991136 [handler.py:handle_request():124] handle_request: poll_exit
2021-09-19 12:53:13,395 DEBUG   SenderThread:1991136 [sender.py:send_request():193] send_request: poll_exit
2021-09-19 12:53:13,496 DEBUG   HandlerThread:1991136 [handler.py:handle_request():124] handle_request: poll_exit
2021-09-19 12:53:13,497 DEBUG   SenderThread:1991136 [sender.py:send_request():193] send_request: poll_exit
2021-09-19 12:53:13,598 DEBUG   HandlerThread:1991136 [handler.py:handle_request():124] handle_request: poll_exit
2021-09-19 12:53:13,598 DEBUG   SenderThread:1991136 [sender.py:send_request():193] send_request: poll_exit
2021-09-19 12:53:13,700 DEBUG   HandlerThread:1991136 [handler.py:handle_request():124] handle_request: poll_exit
2021-09-19 12:53:13,700 DEBUG   SenderThread:1991136 [sender.py:send_request():193] send_request: poll_exit
2021-09-19 12:53:13,802 DEBUG   HandlerThread:1991136 [handler.py:handle_request():124] handle_request: poll_exit
2021-09-19 12:53:13,802 DEBUG   SenderThread:1991136 [sender.py:send_request():193] send_request: poll_exit
2021-09-19 12:53:13,903 DEBUG   HandlerThread:1991136 [handler.py:handle_request():124] handle_request: poll_exit
2021-09-19 12:53:13,904 DEBUG   SenderThread:1991136 [sender.py:send_request():193] send_request: poll_exit
2021-09-19 12:53:14,005 DEBUG   HandlerThread:1991136 [handler.py:handle_request():124] handle_request: poll_exit
2021-09-19 12:53:14,005 DEBUG   SenderThread:1991136 [sender.py:send_request():193] send_request: poll_exit
2021-09-19 12:53:14,107 DEBUG   HandlerThread:1991136 [handler.py:handle_request():124] handle_request: poll_exit
2021-09-19 12:53:14,107 DEBUG   SenderThread:1991136 [sender.py:send_request():193] send_request: poll_exit
2021-09-19 12:53:14,209 DEBUG   HandlerThread:1991136 [handler.py:handle_request():124] handle_request: poll_exit
2021-09-19 12:53:14,209 DEBUG   SenderThread:1991136 [sender.py:send_request():193] send_request: poll_exit
2021-09-19 12:53:14,227 ERROR   Thread-14 :1991136 [internal_api.py:execute():130] 429 response executing GraphQL.
2021-09-19 12:53:14,228 ERROR   Thread-14 :1991136 [internal_api.py:execute():131] {"error":"rate limit exceeded"}

2021-09-19 12:53:14,275 ERROR   Thread-13 :1991136 [internal_api.py:execute():130] 429 response executing GraphQL.
2021-09-19 12:53:14,276 ERROR   Thread-13 :1991136 [internal_api.py:execute():131] {"error":"rate limit exceeded"}

2021-09-19 12:53:14,296 ERROR   Thread-12 :1991136 [internal_api.py:execute():130] 429 response executing GraphQL.
2021-09-19 12:53:14,296 ERROR   Thread-12 :1991136 [internal_api.py:execute():131] {"error":"rate limit exceeded"}

2021-09-19 12:53:14,310 DEBUG   HandlerThread:1991136 [handler.py:handle_request():124] handle_request: poll_exit
2021-09-19 12:53:14,311 DEBUG   SenderThread:1991136 [sender.py:send_request():193] send_request: poll_exit
2021-09-19 12:53:14,412 DEBUG   HandlerThread:1991136 [handler.py:handle_request():124] handle_request: poll_exit
2021-09-19 12:53:14,412 DEBUG   SenderThread:1991136 [sender.py:send_request():193] send_request: poll_exit
2021-09-19 12:53:14,514 DEBUG   HandlerThread:1991136 [handler.py:handle_request():124] handle_request: poll_exit
2021-09-19 12:53:14,514 DEBUG   SenderThread:1991136 [sender.py:send_request():193] send_request: poll_exit
2021-09-19 12:53:14,616 DEBUG   HandlerThread:1991136 [handler.py:handle_request():124] handle_request: poll_exit
2021-09-19 12:53:14,616 DEBUG   SenderThread:1991136 [sender.py:send_request():193] send_request: poll_exit
2021-09-19 12:53:14,718 DEBUG   HandlerThread:1991136 [handler.py:handle_request():124] handle_request: poll_exit
2021-09-19 12:53:14,718 DEBUG   SenderThread:1991136 [sender.py:send_request():193] send_request: poll_exit
2021-09-19 12:53:14,819 DEBUG   HandlerThread:1991136 [handler.py:handle_request():124] handle_request: poll_exit
2021-09-19 12:53:14,820 DEBUG   SenderThread:1991136 [sender.py:send_request():193] send_request: poll_exit
2021-09-19 12:53:14,921 DEBUG   HandlerThread:1991136 [handler.py:handle_request():124] handle_request: poll_exit
2021-09-19 12:53:14,921 DEBUG   SenderThread:1991136 [sender.py:send_request():193] send_request: poll_exit
2021-09-19 12:53:15,023 DEBUG   HandlerThread:1991136 [handler.py:handle_request():124] handle_request: poll_exit
2021-09-19 12:53:15,023 DEBUG   SenderThread:1991136 [sender.py:send_request():193] send_request: poll_exit
2021-09-19 12:53:15,125 DEBUG   HandlerThread:1991136 [handler.py:handle_request():124] handle_request: poll_exit
2021-09-19 12:53:15,125 DEBUG   SenderThread:1991136 [sender.py:send_request():193] send_request: poll_exit
2021-09-19 12:53:15,227 DEBUG   HandlerThread:1991136 [handler.py:handle_request():124] handle_request: poll_exit
2021-09-19 12:53:15,227 DEBUG   SenderThread:1991136 [sender.py:send_request():193] send_request: poll_exit
2021-09-19 12:53:15,328 DEBUG   HandlerThread:1991136 [handler.py:handle_request():124] handle_request: poll_exit
2021-09-19 12:53:15,329 DEBUG   SenderThread:1991136 [sender.py:send_request():193] send_request: poll_exit
2021-09-19 12:53:15,430 DEBUG   HandlerThread:1991136 [handler.py:handle_request():124] handle_request: poll_exit
2021-09-19 12:53:15,431 DEBUG   SenderThread:1991136 [sender.py:send_request():193] send_request: poll_exit
2021-09-19 12:53:15,532 DEBUG   HandlerThread:1991136 [handler.py:handle_request():124] handle_request: poll_exit
2021-09-19 12:53:15,532 DEBUG   SenderThread:1991136 [sender.py:send_request():193] send_request: poll_exit
2021-09-19 12:53:15,634 DEBUG   HandlerThread:1991136 [handler.py:handle_request():124] handle_request: poll_exit
2021-09-19 12:53:15,634 DEBUG   SenderThread:1991136 [sender.py:send_request():193] send_request: poll_exit
2021-09-19 12:53:15,736 DEBUG   HandlerThread:1991136 [handler.py:handle_request():124] handle_request: poll_exit
2021-09-19 12:53:15,736 DEBUG   SenderThread:1991136 [sender.py:send_request():193] send_request: poll_exit
2021-09-19 12:53:15,838 DEBUG   HandlerThread:1991136 [handler.py:handle_request():124] handle_request: poll_exit
2021-09-19 12:53:15,838 DEBUG   SenderThread:1991136 [sender.py:send_request():193] send_request: poll_exit
2021-09-19 12:53:15,939 DEBUG   HandlerThread:1991136 [handler.py:handle_request():124] handle_request: poll_exit
2021-09-19 12:53:15,940 DEBUG   SenderThread:1991136 [sender.py:send_request():193] send_request: poll_exit
2021-09-19 12:53:16,041 DEBUG   HandlerThread:1991136 [handler.py:handle_request():124] handle_request: poll_exit
2021-09-19 12:53:16,041 DEBUG   SenderThread:1991136 [sender.py:send_request():193] send_request: poll_exit
2021-09-19 12:53:16,143 DEBUG   HandlerThread:1991136 [handler.py:handle_request():124] handle_request: poll_exit
2021-09-19 12:53:16,143 DEBUG   SenderThread:1991136 [sender.py:send_request():193] send_request: poll_exit
2021-09-19 12:53:16,245 DEBUG   HandlerThread:1991136 [handler.py:handle_request():124] handle_request: poll_exit
2021-09-19 12:53:16,245 DEBUG   SenderThread:1991136 [sender.py:send_request():193] send_request: poll_exit
2021-09-19 12:53:16,347 DEBUG   HandlerThread:1991136 [handler.py:handle_request():124] handle_request: poll_exit
2021-09-19 12:53:16,347 DEBUG   SenderThread:1991136 [sender.py:send_request():193] send_request: poll_exit
2021-09-19 12:53:16,448 DEBUG   HandlerThread:1991136 [handler.py:handle_request():124] handle_request: poll_exit
2021-09-19 12:53:16,449 DEBUG   SenderThread:1991136 [sender.py:send_request():193] send_request: poll_exit
2021-09-19 12:53:16,550 DEBUG   HandlerThread:1991136 [handler.py:handle_request():124] handle_request: poll_exit
2021-09-19 12:53:16,551 DEBUG   SenderThread:1991136 [sender.py:send_request():193] send_request: poll_exit
2021-09-19 12:53:16,652 DEBUG   HandlerThread:1991136 [handler.py:handle_request():124] handle_request: poll_exit
2021-09-19 12:53:16,652 DEBUG   SenderThread:1991136 [sender.py:send_request():193] send_request: poll_exit
2021-09-19 12:53:16,754 DEBUG   HandlerThread:1991136 [handler.py:handle_request():124] handle_request: poll_exit
2021-09-19 12:53:16,754 DEBUG   SenderThread:1991136 [sender.py:send_request():193] send_request: poll_exit
2021-09-19 12:53:16,856 DEBUG   HandlerThread:1991136 [handler.py:handle_request():124] handle_request: poll_exit
2021-09-19 12:53:16,856 DEBUG   SenderThread:1991136 [sender.py:send_request():193] send_request: poll_exit
2021-09-19 12:53:16,957 DEBUG   HandlerThread:1991136 [handler.py:handle_request():124] handle_request: poll_exit
2021-09-19 12:53:16,958 DEBUG   SenderThread:1991136 [sender.py:send_request():193] send_request: poll_exit
2021-09-19 12:53:17,059 DEBUG   HandlerThread:1991136 [handler.py:handle_request():124] handle_request: poll_exit
2021-09-19 12:53:17,060 DEBUG   SenderThread:1991136 [sender.py:send_request():193] send_request: poll_exit
2021-09-19 12:53:17,161 DEBUG   HandlerThread:1991136 [handler.py:handle_request():124] handle_request: poll_exit
2021-09-19 12:53:17,161 DEBUG   SenderThread:1991136 [sender.py:send_request():193] send_request: poll_exit
2021-09-19 12:53:17,263 DEBUG   HandlerThread:1991136 [handler.py:handle_request():124] handle_request: poll_exit
2021-09-19 12:53:17,263 DEBUG   SenderThread:1991136 [sender.py:send_request():193] send_request: poll_exit
2021-09-19 12:53:17,365 DEBUG   HandlerThread:1991136 [handler.py:handle_request():124] handle_request: poll_exit
2021-09-19 12:53:17,365 DEBUG   SenderThread:1991136 [sender.py:send_request():193] send_request: poll_exit
2021-09-19 12:53:17,466 DEBUG   HandlerThread:1991136 [handler.py:handle_request():124] handle_request: poll_exit
2021-09-19 12:53:17,467 DEBUG   SenderThread:1991136 [sender.py:send_request():193] send_request: poll_exit
2021-09-19 12:53:17,568 DEBUG   HandlerThread:1991136 [handler.py:handle_request():124] handle_request: poll_exit
2021-09-19 12:53:17,568 DEBUG   SenderThread:1991136 [sender.py:send_request():193] send_request: poll_exit
2021-09-19 12:53:17,671 DEBUG   HandlerThread:1991136 [handler.py:handle_request():124] handle_request: poll_exit
2021-09-19 12:53:17,671 DEBUG   SenderThread:1991136 [sender.py:send_request():193] send_request: poll_exit
2021-09-19 12:53:17,773 DEBUG   HandlerThread:1991136 [handler.py:handle_request():124] handle_request: poll_exit
2021-09-19 12:53:17,773 DEBUG   SenderThread:1991136 [sender.py:send_request():193] send_request: poll_exit
2021-09-19 12:53:17,874 DEBUG   HandlerThread:1991136 [handler.py:handle_request():124] handle_request: poll_exit
2021-09-19 12:53:17,875 DEBUG   SenderThread:1991136 [sender.py:send_request():193] send_request: poll_exit
2021-09-19 12:53:17,976 DEBUG   HandlerThread:1991136 [handler.py:handle_request():124] handle_request: poll_exit
2021-09-19 12:53:17,977 DEBUG   SenderThread:1991136 [sender.py:send_request():193] send_request: poll_exit
2021-09-19 12:53:18,078 DEBUG   HandlerThread:1991136 [handler.py:handle_request():124] handle_request: poll_exit
2021-09-19 12:53:18,078 DEBUG   SenderThread:1991136 [sender.py:send_request():193] send_request: poll_exit
2021-09-19 12:53:18,180 DEBUG   HandlerThread:1991136 [handler.py:handle_request():124] handle_request: poll_exit
2021-09-19 12:53:18,180 DEBUG   SenderThread:1991136 [sender.py:send_request():193] send_request: poll_exit
2021-09-19 12:53:18,281 DEBUG   HandlerThread:1991136 [handler.py:handle_request():124] handle_request: poll_exit
2021-09-19 12:53:18,282 DEBUG   SenderThread:1991136 [sender.py:send_request():193] send_request: poll_exit
2021-09-19 12:53:18,383 DEBUG   HandlerThread:1991136 [handler.py:handle_request():124] handle_request: poll_exit
2021-09-19 12:53:18,383 DEBUG   SenderThread:1991136 [sender.py:send_request():193] send_request: poll_exit
2021-09-19 12:53:18,485 DEBUG   HandlerThread:1991136 [handler.py:handle_request():124] handle_request: poll_exit
2021-09-19 12:53:18,485 DEBUG   SenderThread:1991136 [sender.py:send_request():193] send_request: poll_exit
2021-09-19 12:53:18,586 DEBUG   HandlerThread:1991136 [handler.py:handle_request():124] handle_request: poll_exit
2021-09-19 12:53:18,587 DEBUG   SenderThread:1991136 [sender.py:send_request():193] send_request: poll_exit
2021-09-19 12:53:18,688 DEBUG   HandlerThread:1991136 [handler.py:handle_request():124] handle_request: poll_exit
2021-09-19 12:53:18,688 DEBUG   SenderThread:1991136 [sender.py:send_request():193] send_request: poll_exit
2021-09-19 12:53:18,790 DEBUG   HandlerThread:1991136 [handler.py:handle_request():124] handle_request: poll_exit
2021-09-19 12:53:18,790 DEBUG   SenderThread:1991136 [sender.py:send_request():193] send_request: poll_exit
2021-09-19 12:53:18,892 DEBUG   HandlerThread:1991136 [handler.py:handle_request():124] handle_request: poll_exit
2021-09-19 12:53:18,892 DEBUG   SenderThread:1991136 [sender.py:send_request():193] send_request: poll_exit
2021-09-19 12:53:18,993 DEBUG   HandlerThread:1991136 [handler.py:handle_request():124] handle_request: poll_exit
2021-09-19 12:53:18,994 DEBUG   SenderThread:1991136 [sender.py:send_request():193] send_request: poll_exit
2021-09-19 12:53:19,095 DEBUG   HandlerThread:1991136 [handler.py:handle_request():124] handle_request: poll_exit
2021-09-19 12:53:19,095 DEBUG   SenderThread:1991136 [sender.py:send_request():193] send_request: poll_exit
2021-09-19 12:53:19,197 DEBUG   HandlerThread:1991136 [handler.py:handle_request():124] handle_request: poll_exit
2021-09-19 12:53:19,197 DEBUG   SenderThread:1991136 [sender.py:send_request():193] send_request: poll_exit
2021-09-19 12:53:19,299 DEBUG   HandlerThread:1991136 [handler.py:handle_request():124] handle_request: poll_exit
2021-09-19 12:53:19,299 DEBUG   SenderThread:1991136 [sender.py:send_request():193] send_request: poll_exit
2021-09-19 12:53:19,401 DEBUG   HandlerThread:1991136 [handler.py:handle_request():124] handle_request: poll_exit
2021-09-19 12:53:19,401 DEBUG   SenderThread:1991136 [sender.py:send_request():193] send_request: poll_exit
2021-09-19 12:53:19,502 DEBUG   HandlerThread:1991136 [handler.py:handle_request():124] handle_request: poll_exit
2021-09-19 12:53:19,503 DEBUG   SenderThread:1991136 [sender.py:send_request():193] send_request: poll_exit
2021-09-19 12:53:19,604 DEBUG   HandlerThread:1991136 [handler.py:handle_request():124] handle_request: poll_exit
2021-09-19 12:53:19,604 DEBUG   SenderThread:1991136 [sender.py:send_request():193] send_request: poll_exit
2021-09-19 12:53:19,706 DEBUG   HandlerThread:1991136 [handler.py:handle_request():124] handle_request: poll_exit
2021-09-19 12:53:19,706 DEBUG   SenderThread:1991136 [sender.py:send_request():193] send_request: poll_exit
2021-09-19 12:53:19,808 DEBUG   HandlerThread:1991136 [handler.py:handle_request():124] handle_request: poll_exit
2021-09-19 12:53:19,808 DEBUG   SenderThread:1991136 [sender.py:send_request():193] send_request: poll_exit
2021-09-19 12:53:19,910 DEBUG   HandlerThread:1991136 [handler.py:handle_request():124] handle_request: poll_exit
2021-09-19 12:53:19,910 DEBUG   SenderThread:1991136 [sender.py:send_request():193] send_request: poll_exit
2021-09-19 12:53:20,011 DEBUG   HandlerThread:1991136 [handler.py:handle_request():124] handle_request: poll_exit
2021-09-19 12:53:20,012 DEBUG   SenderThread:1991136 [sender.py:send_request():193] send_request: poll_exit
2021-09-19 12:53:20,113 DEBUG   HandlerThread:1991136 [handler.py:handle_request():124] handle_request: poll_exit
2021-09-19 12:53:20,113 DEBUG   SenderThread:1991136 [sender.py:send_request():193] send_request: poll_exit
2021-09-19 12:53:20,215 DEBUG   HandlerThread:1991136 [handler.py:handle_request():124] handle_request: poll_exit
2021-09-19 12:53:20,215 DEBUG   SenderThread:1991136 [sender.py:send_request():193] send_request: poll_exit
2021-09-19 12:53:20,317 DEBUG   HandlerThread:1991136 [handler.py:handle_request():124] handle_request: poll_exit
2021-09-19 12:53:20,317 DEBUG   SenderThread:1991136 [sender.py:send_request():193] send_request: poll_exit
2021-09-19 12:53:20,418 DEBUG   HandlerThread:1991136 [handler.py:handle_request():124] handle_request: poll_exit
2021-09-19 12:53:20,419 DEBUG   SenderThread:1991136 [sender.py:send_request():193] send_request: poll_exit
2021-09-19 12:53:20,520 DEBUG   HandlerThread:1991136 [handler.py:handle_request():124] handle_request: poll_exit
2021-09-19 12:53:20,521 DEBUG   SenderThread:1991136 [sender.py:send_request():193] send_request: poll_exit
2021-09-19 12:53:20,622 DEBUG   HandlerThread:1991136 [handler.py:handle_request():124] handle_request: poll_exit
2021-09-19 12:53:20,622 DEBUG   SenderThread:1991136 [sender.py:send_request():193] send_request: poll_exit
2021-09-19 12:53:20,724 DEBUG   HandlerThread:1991136 [handler.py:handle_request():124] handle_request: poll_exit
2021-09-19 12:53:20,724 DEBUG   SenderThread:1991136 [sender.py:send_request():193] send_request: poll_exit
2021-09-19 12:53:20,826 DEBUG   HandlerThread:1991136 [handler.py:handle_request():124] handle_request: poll_exit
2021-09-19 12:53:20,826 DEBUG   SenderThread:1991136 [sender.py:send_request():193] send_request: poll_exit
2021-09-19 12:53:20,928 DEBUG   HandlerThread:1991136 [handler.py:handle_request():124] handle_request: poll_exit
2021-09-19 12:53:20,928 DEBUG   SenderThread:1991136 [sender.py:send_request():193] send_request: poll_exit
2021-09-19 12:53:21,029 DEBUG   HandlerThread:1991136 [handler.py:handle_request():124] handle_request: poll_exit
2021-09-19 12:53:21,030 DEBUG   SenderThread:1991136 [sender.py:send_request():193] send_request: poll_exit
2021-09-19 12:53:21,131 DEBUG   HandlerThread:1991136 [handler.py:handle_request():124] handle_request: poll_exit
2021-09-19 12:53:21,131 DEBUG   SenderThread:1991136 [sender.py:send_request():193] send_request: poll_exit
2021-09-19 12:53:21,233 DEBUG   HandlerThread:1991136 [handler.py:handle_request():124] handle_request: poll_exit
2021-09-19 12:53:21,233 DEBUG   SenderThread:1991136 [sender.py:send_request():193] send_request: poll_exit
2021-09-19 12:53:21,335 DEBUG   HandlerThread:1991136 [handler.py:handle_request():124] handle_request: poll_exit
2021-09-19 12:53:21,335 DEBUG   SenderThread:1991136 [sender.py:send_request():193] send_request: poll_exit
2021-09-19 12:53:21,436 DEBUG   HandlerThread:1991136 [handler.py:handle_request():124] handle_request: poll_exit
2021-09-19 12:53:21,437 DEBUG   SenderThread:1991136 [sender.py:send_request():193] send_request: poll_exit
2021-09-19 12:53:21,538 DEBUG   HandlerThread:1991136 [handler.py:handle_request():124] handle_request: poll_exit
2021-09-19 12:53:21,539 DEBUG   SenderThread:1991136 [sender.py:send_request():193] send_request: poll_exit
2021-09-19 12:53:21,640 DEBUG   HandlerThread:1991136 [handler.py:handle_request():124] handle_request: poll_exit
2021-09-19 12:53:21,640 DEBUG   SenderThread:1991136 [sender.py:send_request():193] send_request: poll_exit
2021-09-19 12:53:21,742 DEBUG   HandlerThread:1991136 [handler.py:handle_request():124] handle_request: poll_exit
2021-09-19 12:53:21,742 DEBUG   SenderThread:1991136 [sender.py:send_request():193] send_request: poll_exit
2021-09-19 12:53:21,843 DEBUG   HandlerThread:1991136 [handler.py:handle_request():124] handle_request: poll_exit
2021-09-19 12:53:21,844 DEBUG   SenderThread:1991136 [sender.py:send_request():193] send_request: poll_exit
2021-09-19 12:53:21,945 DEBUG   HandlerThread:1991136 [handler.py:handle_request():124] handle_request: poll_exit
2021-09-19 12:53:21,945 DEBUG   SenderThread:1991136 [sender.py:send_request():193] send_request: poll_exit
2021-09-19 12:53:22,047 DEBUG   HandlerThread:1991136 [handler.py:handle_request():124] handle_request: poll_exit
2021-09-19 12:53:22,047 DEBUG   SenderThread:1991136 [sender.py:send_request():193] send_request: poll_exit
2021-09-19 12:53:22,148 DEBUG   HandlerThread:1991136 [handler.py:handle_request():124] handle_request: poll_exit
2021-09-19 12:53:22,149 DEBUG   SenderThread:1991136 [sender.py:send_request():193] send_request: poll_exit
2021-09-19 12:53:22,250 DEBUG   HandlerThread:1991136 [handler.py:handle_request():124] handle_request: poll_exit
2021-09-19 12:53:22,250 DEBUG   SenderThread:1991136 [sender.py:send_request():193] send_request: poll_exit
2021-09-19 12:53:22,355 DEBUG   HandlerThread:1991136 [handler.py:handle_request():124] handle_request: poll_exit
2021-09-19 12:53:22,355 DEBUG   SenderThread:1991136 [sender.py:send_request():193] send_request: poll_exit
2021-09-19 12:53:22,456 DEBUG   HandlerThread:1991136 [handler.py:handle_request():124] handle_request: poll_exit
2021-09-19 12:53:22,457 DEBUG   SenderThread:1991136 [sender.py:send_request():193] send_request: poll_exit
2021-09-19 12:53:22,558 DEBUG   HandlerThread:1991136 [handler.py:handle_request():124] handle_request: poll_exit
2021-09-19 12:53:22,558 DEBUG   SenderThread:1991136 [sender.py:send_request():193] send_request: poll_exit
2021-09-19 12:53:22,660 DEBUG   HandlerThread:1991136 [handler.py:handle_request():124] handle_request: poll_exit
2021-09-19 12:53:22,660 DEBUG   SenderThread:1991136 [sender.py:send_request():193] send_request: poll_exit
2021-09-19 12:53:22,761 DEBUG   HandlerThread:1991136 [handler.py:handle_request():124] handle_request: poll_exit
2021-09-19 12:53:22,762 DEBUG   SenderThread:1991136 [sender.py:send_request():193] send_request: poll_exit
2021-09-19 12:53:22,869 DEBUG   HandlerThread:1991136 [handler.py:handle_request():124] handle_request: poll_exit
2021-09-19 12:53:22,870 DEBUG   SenderThread:1991136 [sender.py:send_request():193] send_request: poll_exit
2021-09-19 12:53:22,971 DEBUG   HandlerThread:1991136 [handler.py:handle_request():124] handle_request: poll_exit
2021-09-19 12:53:22,971 DEBUG   SenderThread:1991136 [sender.py:send_request():193] send_request: poll_exit
2021-09-19 12:53:23,073 DEBUG   HandlerThread:1991136 [handler.py:handle_request():124] handle_request: poll_exit
2021-09-19 12:53:23,073 DEBUG   SenderThread:1991136 [sender.py:send_request():193] send_request: poll_exit
2021-09-19 12:53:23,175 DEBUG   HandlerThread:1991136 [handler.py:handle_request():124] handle_request: poll_exit
2021-09-19 12:53:23,175 DEBUG   SenderThread:1991136 [sender.py:send_request():193] send_request: poll_exit
2021-09-19 12:53:23,276 DEBUG   HandlerThread:1991136 [handler.py:handle_request():124] handle_request: poll_exit
2021-09-19 12:53:23,277 DEBUG   SenderThread:1991136 [sender.py:send_request():193] send_request: poll_exit
2021-09-19 12:53:23,378 DEBUG   HandlerThread:1991136 [handler.py:handle_request():124] handle_request: poll_exit
2021-09-19 12:53:23,378 DEBUG   SenderThread:1991136 [sender.py:send_request():193] send_request: poll_exit
2021-09-19 12:53:23,480 DEBUG   HandlerThread:1991136 [handler.py:handle_request():124] handle_request: poll_exit
2021-09-19 12:53:23,480 DEBUG   SenderThread:1991136 [sender.py:send_request():193] send_request: poll_exit
2021-09-19 12:53:23,582 DEBUG   HandlerThread:1991136 [handler.py:handle_request():124] handle_request: poll_exit
2021-09-19 12:53:23,582 DEBUG   SenderThread:1991136 [sender.py:send_request():193] send_request: poll_exit
2021-09-19 12:53:23,686 DEBUG   HandlerThread:1991136 [handler.py:handle_request():124] handle_request: poll_exit
2021-09-19 12:53:23,686 DEBUG   SenderThread:1991136 [sender.py:send_request():193] send_request: poll_exit
2021-09-19 12:53:23,768 INFO    Thread-13 :1991136 [upload_job.py:push():137] Uploaded file /grid/koo/home/toneyan/profile/QuantPred/wandb/run-20210919_125230-6rt0shn9/files/requirements.txt
2021-09-19 12:53:23,792 DEBUG   HandlerThread:1991136 [handler.py:handle_request():124] handle_request: poll_exit
2021-09-19 12:53:23,792 DEBUG   SenderThread:1991136 [sender.py:send_request():193] send_request: poll_exit
2021-09-19 12:53:23,894 DEBUG   HandlerThread:1991136 [handler.py:handle_request():124] handle_request: poll_exit
2021-09-19 12:53:23,894 DEBUG   SenderThread:1991136 [sender.py:send_request():193] send_request: poll_exit
2021-09-19 12:53:23,996 DEBUG   HandlerThread:1991136 [handler.py:handle_request():124] handle_request: poll_exit
2021-09-19 12:53:23,996 DEBUG   SenderThread:1991136 [sender.py:send_request():193] send_request: poll_exit
2021-09-19 12:53:24,098 DEBUG   HandlerThread:1991136 [handler.py:handle_request():124] handle_request: poll_exit
2021-09-19 12:53:24,099 DEBUG   SenderThread:1991136 [sender.py:send_request():193] send_request: poll_exit
2021-09-19 12:53:24,200 DEBUG   HandlerThread:1991136 [handler.py:handle_request():124] handle_request: poll_exit
2021-09-19 12:53:24,201 DEBUG   SenderThread:1991136 [sender.py:send_request():193] send_request: poll_exit
2021-09-19 12:53:24,222 INFO    Thread-14 :1991136 [upload_job.py:push():137] Uploaded file /grid/koo/home/toneyan/profile/QuantPred/wandb/run-20210919_125230-6rt0shn9/files/wandb-summary.json
2021-09-19 12:53:24,302 DEBUG   HandlerThread:1991136 [handler.py:handle_request():124] handle_request: poll_exit
2021-09-19 12:53:24,303 DEBUG   SenderThread:1991136 [sender.py:send_request():193] send_request: poll_exit
2021-09-19 12:53:24,404 DEBUG   HandlerThread:1991136 [handler.py:handle_request():124] handle_request: poll_exit
2021-09-19 12:53:24,404 DEBUG   SenderThread:1991136 [sender.py:send_request():193] send_request: poll_exit
2021-09-19 12:53:24,420 INFO    Thread-12 :1991136 [upload_job.py:push():137] Uploaded file /grid/koo/home/toneyan/profile/QuantPred/wandb/run-20210919_125230-6rt0shn9/files/config.yaml
2021-09-19 12:53:24,507 DEBUG   HandlerThread:1991136 [handler.py:handle_request():124] handle_request: poll_exit
2021-09-19 12:53:24,507 DEBUG   SenderThread:1991136 [sender.py:send_request():193] send_request: poll_exit
2021-09-19 12:53:24,608 DEBUG   HandlerThread:1991136 [handler.py:handle_request():124] handle_request: poll_exit
2021-09-19 12:53:24,609 DEBUG   SenderThread:1991136 [sender.py:send_request():193] send_request: poll_exit
2021-09-19 12:53:24,621 INFO    Thread-7  :1991136 [sender.py:transition_state():308] send defer: 7
2021-09-19 12:53:24,621 DEBUG   HandlerThread:1991136 [handler.py:handle_request():124] handle_request: defer
2021-09-19 12:53:24,621 INFO    HandlerThread:1991136 [handler.py:handle_request_defer():141] handle defer: 7
2021-09-19 12:53:24,621 DEBUG   SenderThread:1991136 [sender.py:send_request():193] send_request: defer
2021-09-19 12:53:24,621 INFO    SenderThread:1991136 [sender.py:send_request_defer():304] handle sender defer: 7
2021-09-19 12:53:24,673 INFO    SenderThread:1991136 [sender.py:transition_state():308] send defer: 8
2021-09-19 12:53:24,673 DEBUG   HandlerThread:1991136 [handler.py:handle_request():124] handle_request: defer
2021-09-19 12:53:24,673 INFO    HandlerThread:1991136 [handler.py:handle_request_defer():141] handle defer: 8
2021-09-19 12:53:24,674 DEBUG   SenderThread:1991136 [sender.py:send_request():193] send_request: defer
2021-09-19 12:53:24,674 INFO    SenderThread:1991136 [sender.py:send_request_defer():304] handle sender defer: 8
2021-09-19 12:53:24,674 INFO    SenderThread:1991136 [sender.py:transition_state():308] send defer: 9
2021-09-19 12:53:24,674 DEBUG   SenderThread:1991136 [sender.py:send():179] send: final
2021-09-19 12:53:24,674 DEBUG   HandlerThread:1991136 [handler.py:handle_request():124] handle_request: defer
2021-09-19 12:53:24,674 DEBUG   SenderThread:1991136 [sender.py:send():179] send: footer
2021-09-19 12:53:24,674 INFO    HandlerThread:1991136 [handler.py:handle_request_defer():141] handle defer: 9
2021-09-19 12:53:24,674 DEBUG   SenderThread:1991136 [sender.py:send_request():193] send_request: defer
2021-09-19 12:53:24,674 INFO    SenderThread:1991136 [sender.py:send_request_defer():304] handle sender defer: 9
2021-09-19 12:53:24,710 DEBUG   HandlerThread:1991136 [handler.py:handle_request():124] handle_request: poll_exit
2021-09-19 12:53:24,710 DEBUG   SenderThread:1991136 [sender.py:send_request():193] send_request: poll_exit
2021-09-19 12:53:24,710 INFO    SenderThread:1991136 [file_pusher.py:join():182] waiting for file pusher
2021-09-19 12:53:24,712 DEBUG   HandlerThread:1991136 [handler.py:handle_request():124] handle_request: get_summary
2021-09-19 12:53:24,712 DEBUG   HandlerThread:1991136 [handler.py:handle_request():124] handle_request: sampled_history
2021-09-19 12:53:24,713 DEBUG   HandlerThread:1991136 [handler.py:handle_request():124] handle_request: shutdown
2021-09-19 12:53:24,713 INFO    HandlerThread:1991136 [handler.py:finish():638] shutting down handler
2021-09-19 12:53:25,674 INFO    WriterThread:1991136 [datastore.py:close():288] close: /grid/koo/home/toneyan/profile/QuantPred/wandb/run-20210919_125230-6rt0shn9/run-6rt0shn9.wandb
2021-09-19 12:53:25,711 INFO    SenderThread:1991136 [sender.py:finish():945] shutting down sender
2021-09-19 12:53:25,711 INFO    SenderThread:1991136 [file_pusher.py:finish():177] shutting down file pusher
2021-09-19 12:53:25,711 INFO    SenderThread:1991136 [file_pusher.py:join():182] waiting for file pusher
2021-09-19 12:53:25,712 INFO    MainThread:1991136 [internal.py:handle_exit():78] Internal process exited
