2021-09-19 12:34:11,914 INFO    MainThread:1470031 [internal.py:wandb_internal():91] W&B internal server running at pid: 1470031, started at: 2021-09-19 12:34:11.913691
2021-09-19 12:34:11,915 DEBUG   HandlerThread:1470031 [handler.py:handle_request():124] handle_request: check_version
2021-09-19 12:34:11,915 INFO    WriterThread:1470031 [datastore.py:open_for_write():80] open: /grid/koo/home/toneyan/profile/QuantPred/wandb/run-20210919_123411-0sjk6u50/run-0sjk6u50.wandb
2021-09-19 12:34:11,917 DEBUG   SenderThread:1470031 [sender.py:send():179] send: header
2021-09-19 12:34:11,917 DEBUG   SenderThread:1470031 [sender.py:send_request():193] send_request: check_version
2021-09-19 12:34:11,947 DEBUG   SenderThread:1470031 [sender.py:send():179] send: run
2021-09-19 12:34:12,009 ERROR   SenderThread:1470031 [internal_api.py:execute():130] 429 response executing GraphQL.
2021-09-19 12:34:12,009 ERROR   SenderThread:1470031 [internal_api.py:execute():131] {"error":"rate limit exceeded"}

2021-09-19 12:34:13,218 ERROR   SenderThread:1470031 [internal_api.py:execute():130] 429 response executing GraphQL.
2021-09-19 12:34:13,218 ERROR   SenderThread:1470031 [internal_api.py:execute():131] {"error":"rate limit exceeded"}

2021-09-19 12:34:15,533 INFO    SenderThread:1470031 [dir_watcher.py:__init__():168] watching files in: /grid/koo/home/toneyan/profile/QuantPred/wandb/run-20210919_123411-0sjk6u50/files
2021-09-19 12:34:15,533 INFO    SenderThread:1470031 [sender.py:_start_run_threads():719] run started: 0sjk6u50 with start time 1632069251
2021-09-19 12:34:15,533 DEBUG   SenderThread:1470031 [sender.py:send():179] send: summary
2021-09-19 12:34:15,534 DEBUG   HandlerThread:1470031 [handler.py:handle_request():124] handle_request: run_start
2021-09-19 12:34:15,535 INFO    SenderThread:1470031 [sender.py:_save_file():841] saving file wandb-summary.json with policy end
2021-09-19 12:34:16,539 INFO    Thread-8  :1470031 [dir_watcher.py:_on_file_created():216] file/dir created: /grid/koo/home/toneyan/profile/QuantPred/wandb/run-20210919_123411-0sjk6u50/files/wandb-summary.json
2021-09-19 12:34:16,717 DEBUG   HandlerThread:1470031 [meta.py:__init__():39] meta init
2021-09-19 12:34:16,718 DEBUG   HandlerThread:1470031 [meta.py:__init__():53] meta init done
2021-09-19 12:34:16,718 DEBUG   HandlerThread:1470031 [meta.py:probe():210] probe
2021-09-19 12:34:16,723 DEBUG   HandlerThread:1470031 [meta.py:_save_pip():57] save pip
2021-09-19 12:34:16,724 DEBUG   HandlerThread:1470031 [meta.py:_save_pip():71] save pip done
2021-09-19 12:34:16,724 DEBUG   HandlerThread:1470031 [meta.py:probe():252] probe done
2021-09-19 12:34:16,727 DEBUG   SenderThread:1470031 [sender.py:send():179] send: files
2021-09-19 12:34:16,727 INFO    SenderThread:1470031 [sender.py:_save_file():841] saving file wandb-metadata.json with policy now
2021-09-19 12:34:16,735 DEBUG   HandlerThread:1470031 [handler.py:handle_request():124] handle_request: stop_status
2021-09-19 12:34:16,735 DEBUG   SenderThread:1470031 [sender.py:send_request():193] send_request: stop_status
2021-09-19 12:34:17,097 INFO    Thread-11 :1470031 [upload_job.py:push():137] Uploaded file /tmp/3288855.1.gpu_ded.q/tmp8dsjtey_wandb/1g4yu8eg-wandb-metadata.json
2021-09-19 12:34:17,539 INFO    Thread-8  :1470031 [dir_watcher.py:_on_file_created():216] file/dir created: /grid/koo/home/toneyan/profile/QuantPred/wandb/run-20210919_123411-0sjk6u50/files/output.log
2021-09-19 12:34:17,539 INFO    Thread-8  :1470031 [dir_watcher.py:_on_file_created():216] file/dir created: /grid/koo/home/toneyan/profile/QuantPred/wandb/run-20210919_123411-0sjk6u50/files/requirements.txt
2021-09-19 12:34:17,539 INFO    Thread-8  :1470031 [dir_watcher.py:_on_file_created():216] file/dir created: /grid/koo/home/toneyan/profile/QuantPred/wandb/run-20210919_123411-0sjk6u50/files/wandb-metadata.json
2021-09-19 12:34:31,799 DEBUG   HandlerThread:1470031 [handler.py:handle_request():124] handle_request: stop_status
2021-09-19 12:34:31,800 DEBUG   SenderThread:1470031 [sender.py:send_request():193] send_request: stop_status
2021-09-19 12:34:45,098 DEBUG   SenderThread:1470031 [sender.py:send():179] send: stats
2021-09-19 12:34:46,875 DEBUG   HandlerThread:1470031 [handler.py:handle_request():124] handle_request: stop_status
2021-09-19 12:34:46,875 DEBUG   SenderThread:1470031 [sender.py:send_request():193] send_request: stop_status
2021-09-19 12:34:49,242 DEBUG   HandlerThread:1470031 [handler.py:handle_request():124] handle_request: poll_exit
2021-09-19 12:34:49,243 DEBUG   SenderThread:1470031 [sender.py:send():179] send: telemetry
2021-09-19 12:34:49,243 DEBUG   SenderThread:1470031 [sender.py:send():179] send: exit
2021-09-19 12:34:49,243 INFO    SenderThread:1470031 [sender.py:send_exit():287] handling exit code: 1
2021-09-19 12:34:49,243 INFO    SenderThread:1470031 [sender.py:send_exit():295] send defer
2021-09-19 12:34:49,243 DEBUG   SenderThread:1470031 [sender.py:send_request():193] send_request: poll_exit
2021-09-19 12:34:49,244 DEBUG   HandlerThread:1470031 [handler.py:handle_request():124] handle_request: defer
2021-09-19 12:34:49,244 INFO    HandlerThread:1470031 [handler.py:handle_request_defer():141] handle defer: 0
2021-09-19 12:34:49,244 DEBUG   SenderThread:1470031 [sender.py:send_request():193] send_request: defer
2021-09-19 12:34:49,244 INFO    SenderThread:1470031 [sender.py:send_request_defer():304] handle sender defer: 0
2021-09-19 12:34:49,244 INFO    SenderThread:1470031 [sender.py:transition_state():308] send defer: 1
2021-09-19 12:34:49,244 DEBUG   HandlerThread:1470031 [handler.py:handle_request():124] handle_request: defer
2021-09-19 12:34:49,244 INFO    HandlerThread:1470031 [handler.py:handle_request_defer():141] handle defer: 1
2021-09-19 12:34:49,361 DEBUG   SenderThread:1470031 [sender.py:send_request():193] send_request: defer
2021-09-19 12:34:49,361 DEBUG   HandlerThread:1470031 [handler.py:handle_request():124] handle_request: poll_exit
2021-09-19 12:34:49,361 INFO    SenderThread:1470031 [sender.py:send_request_defer():304] handle sender defer: 1
2021-09-19 12:34:49,361 INFO    SenderThread:1470031 [sender.py:transition_state():308] send defer: 2
2021-09-19 12:34:49,362 DEBUG   SenderThread:1470031 [sender.py:send_request():193] send_request: poll_exit
2021-09-19 12:34:49,362 DEBUG   SenderThread:1470031 [sender.py:send():179] send: stats
2021-09-19 12:34:49,362 DEBUG   HandlerThread:1470031 [handler.py:handle_request():124] handle_request: defer
2021-09-19 12:34:49,364 INFO    HandlerThread:1470031 [handler.py:handle_request_defer():141] handle defer: 2
2021-09-19 12:34:49,364 DEBUG   SenderThread:1470031 [sender.py:send_request():193] send_request: defer
2021-09-19 12:34:49,364 INFO    SenderThread:1470031 [sender.py:send_request_defer():304] handle sender defer: 2
2021-09-19 12:34:49,364 INFO    SenderThread:1470031 [sender.py:transition_state():308] send defer: 3
2021-09-19 12:34:49,364 DEBUG   HandlerThread:1470031 [handler.py:handle_request():124] handle_request: defer
2021-09-19 12:34:49,364 INFO    HandlerThread:1470031 [handler.py:handle_request_defer():141] handle defer: 3
2021-09-19 12:34:49,365 DEBUG   SenderThread:1470031 [sender.py:send():179] send: summary
2021-09-19 12:34:49,365 INFO    SenderThread:1470031 [sender.py:_save_file():841] saving file wandb-summary.json with policy end
2021-09-19 12:34:49,365 DEBUG   SenderThread:1470031 [sender.py:send_request():193] send_request: defer
2021-09-19 12:34:49,365 INFO    SenderThread:1470031 [sender.py:send_request_defer():304] handle sender defer: 3
2021-09-19 12:34:49,365 INFO    SenderThread:1470031 [sender.py:transition_state():308] send defer: 4
2021-09-19 12:34:49,365 DEBUG   HandlerThread:1470031 [handler.py:handle_request():124] handle_request: defer
2021-09-19 12:34:49,365 INFO    HandlerThread:1470031 [handler.py:handle_request_defer():141] handle defer: 4
2021-09-19 12:34:49,365 DEBUG   SenderThread:1470031 [sender.py:send_request():193] send_request: defer
2021-09-19 12:34:49,366 INFO    SenderThread:1470031 [sender.py:send_request_defer():304] handle sender defer: 4
2021-09-19 12:34:49,444 INFO    SenderThread:1470031 [sender.py:transition_state():308] send defer: 5
2021-09-19 12:34:49,444 DEBUG   HandlerThread:1470031 [handler.py:handle_request():124] handle_request: defer
2021-09-19 12:34:49,444 INFO    HandlerThread:1470031 [handler.py:handle_request_defer():141] handle defer: 5
2021-09-19 12:34:49,444 DEBUG   SenderThread:1470031 [sender.py:send_request():193] send_request: defer
2021-09-19 12:34:49,444 INFO    SenderThread:1470031 [sender.py:send_request_defer():304] handle sender defer: 5
2021-09-19 12:34:49,444 INFO    SenderThread:1470031 [dir_watcher.py:finish():282] shutting down directory watcher
2021-09-19 12:34:49,463 DEBUG   HandlerThread:1470031 [handler.py:handle_request():124] handle_request: poll_exit
2021-09-19 12:34:49,544 INFO    SenderThread:1470031 [dir_watcher.py:_on_file_modified():229] file/dir modified: /grid/koo/home/toneyan/profile/QuantPred/wandb/run-20210919_123411-0sjk6u50/files/config.yaml
2021-09-19 12:34:49,545 INFO    SenderThread:1470031 [dir_watcher.py:_on_file_modified():229] file/dir modified: /grid/koo/home/toneyan/profile/QuantPred/wandb/run-20210919_123411-0sjk6u50/files/wandb-summary.json
2021-09-19 12:34:49,545 INFO    SenderThread:1470031 [dir_watcher.py:finish():312] scan: /grid/koo/home/toneyan/profile/QuantPred/wandb/run-20210919_123411-0sjk6u50/files
2021-09-19 12:34:49,545 INFO    SenderThread:1470031 [dir_watcher.py:finish():318] scan save: /grid/koo/home/toneyan/profile/QuantPred/wandb/run-20210919_123411-0sjk6u50/files/wandb-metadata.json wandb-metadata.json
2021-09-19 12:34:49,545 INFO    SenderThread:1470031 [dir_watcher.py:finish():318] scan save: /grid/koo/home/toneyan/profile/QuantPred/wandb/run-20210919_123411-0sjk6u50/files/config.yaml config.yaml
2021-09-19 12:34:49,545 INFO    SenderThread:1470031 [dir_watcher.py:finish():318] scan save: /grid/koo/home/toneyan/profile/QuantPred/wandb/run-20210919_123411-0sjk6u50/files/requirements.txt requirements.txt
2021-09-19 12:34:49,545 INFO    SenderThread:1470031 [dir_watcher.py:finish():318] scan save: /grid/koo/home/toneyan/profile/QuantPred/wandb/run-20210919_123411-0sjk6u50/files/wandb-summary.json wandb-summary.json
2021-09-19 12:34:49,548 INFO    SenderThread:1470031 [dir_watcher.py:finish():318] scan save: /grid/koo/home/toneyan/profile/QuantPred/wandb/run-20210919_123411-0sjk6u50/files/output.log output.log
2021-09-19 12:34:49,551 INFO    SenderThread:1470031 [sender.py:transition_state():308] send defer: 6
2021-09-19 12:34:49,551 DEBUG   SenderThread:1470031 [sender.py:send_request():193] send_request: poll_exit
2021-09-19 12:34:49,557 DEBUG   HandlerThread:1470031 [handler.py:handle_request():124] handle_request: defer
2021-09-19 12:34:49,557 INFO    HandlerThread:1470031 [handler.py:handle_request_defer():141] handle defer: 6
2021-09-19 12:34:49,557 DEBUG   SenderThread:1470031 [sender.py:send_request():193] send_request: defer
2021-09-19 12:34:49,557 INFO    SenderThread:1470031 [sender.py:send_request_defer():304] handle sender defer: 6
2021-09-19 12:34:49,557 INFO    SenderThread:1470031 [file_pusher.py:finish():177] shutting down file pusher
2021-09-19 12:34:49,653 DEBUG   HandlerThread:1470031 [handler.py:handle_request():124] handle_request: poll_exit
2021-09-19 12:34:49,653 DEBUG   SenderThread:1470031 [sender.py:send_request():193] send_request: poll_exit
2021-09-19 12:34:49,755 DEBUG   HandlerThread:1470031 [handler.py:handle_request():124] handle_request: poll_exit
2021-09-19 12:34:49,755 DEBUG   SenderThread:1470031 [sender.py:send_request():193] send_request: poll_exit
2021-09-19 12:34:49,857 DEBUG   HandlerThread:1470031 [handler.py:handle_request():124] handle_request: poll_exit
2021-09-19 12:34:49,857 DEBUG   SenderThread:1470031 [sender.py:send_request():193] send_request: poll_exit
2021-09-19 12:34:49,898 INFO    Thread-14 :1470031 [upload_job.py:push():137] Uploaded file /grid/koo/home/toneyan/profile/QuantPred/wandb/run-20210919_123411-0sjk6u50/files/wandb-summary.json
2021-09-19 12:34:49,912 INFO    Thread-13 :1470031 [upload_job.py:push():137] Uploaded file /grid/koo/home/toneyan/profile/QuantPred/wandb/run-20210919_123411-0sjk6u50/files/requirements.txt
2021-09-19 12:34:49,913 INFO    Thread-12 :1470031 [upload_job.py:push():137] Uploaded file /grid/koo/home/toneyan/profile/QuantPred/wandb/run-20210919_123411-0sjk6u50/files/config.yaml
2021-09-19 12:34:49,958 DEBUG   HandlerThread:1470031 [handler.py:handle_request():124] handle_request: poll_exit
2021-09-19 12:34:49,959 DEBUG   SenderThread:1470031 [sender.py:send_request():193] send_request: poll_exit
2021-09-19 12:34:50,060 DEBUG   HandlerThread:1470031 [handler.py:handle_request():124] handle_request: poll_exit
2021-09-19 12:34:50,061 DEBUG   SenderThread:1470031 [sender.py:send_request():193] send_request: poll_exit
2021-09-19 12:34:50,113 INFO    Thread-7  :1470031 [sender.py:transition_state():308] send defer: 7
2021-09-19 12:34:50,114 DEBUG   HandlerThread:1470031 [handler.py:handle_request():124] handle_request: defer
2021-09-19 12:34:50,114 INFO    HandlerThread:1470031 [handler.py:handle_request_defer():141] handle defer: 7
2021-09-19 12:34:50,114 DEBUG   SenderThread:1470031 [sender.py:send_request():193] send_request: defer
2021-09-19 12:34:50,114 INFO    SenderThread:1470031 [sender.py:send_request_defer():304] handle sender defer: 7
2021-09-19 12:34:50,162 DEBUG   HandlerThread:1470031 [handler.py:handle_request():124] handle_request: poll_exit
2021-09-19 12:34:50,224 INFO    SenderThread:1470031 [sender.py:transition_state():308] send defer: 8
2021-09-19 12:34:50,224 DEBUG   SenderThread:1470031 [sender.py:send_request():193] send_request: poll_exit
2021-09-19 12:34:50,224 DEBUG   HandlerThread:1470031 [handler.py:handle_request():124] handle_request: defer
2021-09-19 12:34:50,224 INFO    HandlerThread:1470031 [handler.py:handle_request_defer():141] handle defer: 8
2021-09-19 12:34:50,224 DEBUG   SenderThread:1470031 [sender.py:send_request():193] send_request: defer
2021-09-19 12:34:50,225 INFO    SenderThread:1470031 [sender.py:send_request_defer():304] handle sender defer: 8
2021-09-19 12:34:50,225 INFO    SenderThread:1470031 [sender.py:transition_state():308] send defer: 9
2021-09-19 12:34:50,225 DEBUG   SenderThread:1470031 [sender.py:send():179] send: final
2021-09-19 12:34:50,225 DEBUG   HandlerThread:1470031 [handler.py:handle_request():124] handle_request: defer
2021-09-19 12:34:50,225 DEBUG   SenderThread:1470031 [sender.py:send():179] send: footer
2021-09-19 12:34:50,225 INFO    HandlerThread:1470031 [handler.py:handle_request_defer():141] handle defer: 9
2021-09-19 12:34:50,225 DEBUG   SenderThread:1470031 [sender.py:send_request():193] send_request: defer
2021-09-19 12:34:50,225 INFO    SenderThread:1470031 [sender.py:send_request_defer():304] handle sender defer: 9
2021-09-19 12:34:50,326 DEBUG   HandlerThread:1470031 [handler.py:handle_request():124] handle_request: poll_exit
2021-09-19 12:34:50,326 DEBUG   SenderThread:1470031 [sender.py:send_request():193] send_request: poll_exit
2021-09-19 12:34:50,326 INFO    SenderThread:1470031 [file_pusher.py:join():182] waiting for file pusher
2021-09-19 12:34:50,327 DEBUG   HandlerThread:1470031 [handler.py:handle_request():124] handle_request: get_summary
2021-09-19 12:34:50,327 DEBUG   HandlerThread:1470031 [handler.py:handle_request():124] handle_request: sampled_history
2021-09-19 12:34:50,328 DEBUG   HandlerThread:1470031 [handler.py:handle_request():124] handle_request: shutdown
2021-09-19 12:34:50,328 INFO    HandlerThread:1470031 [handler.py:finish():638] shutting down handler
2021-09-19 12:34:51,225 INFO    WriterThread:1470031 [datastore.py:close():288] close: /grid/koo/home/toneyan/profile/QuantPred/wandb/run-20210919_123411-0sjk6u50/run-0sjk6u50.wandb
2021-09-19 12:34:51,326 INFO    SenderThread:1470031 [sender.py:finish():945] shutting down sender
2021-09-19 12:34:51,327 INFO    SenderThread:1470031 [file_pusher.py:finish():177] shutting down file pusher
2021-09-19 12:34:51,327 INFO    SenderThread:1470031 [file_pusher.py:join():182] waiting for file pusher
2021-09-19 12:34:51,329 INFO    MainThread:1470031 [internal.py:handle_exit():78] Internal process exited
