2021-09-18 20:12:34,996 INFO    MainThread:143125 [internal.py:wandb_internal():91] W&B internal server running at pid: 143125, started at: 2021-09-18 20:12:34.996210
2021-09-18 20:12:34,998 DEBUG   HandlerThread:143125 [handler.py:handle_request():124] handle_request: check_version
2021-09-18 20:12:34,998 INFO    WriterThread:143125 [datastore.py:open_for_write():80] open: /grid/koo/home/toneyan/profile/QuantPred/wandb/run-20210918_201234-3brun68c/run-3brun68c.wandb
2021-09-18 20:12:35,000 DEBUG   SenderThread:143125 [sender.py:send():179] send: header
2021-09-18 20:12:35,000 DEBUG   SenderThread:143125 [sender.py:send_request():193] send_request: check_version
2021-09-18 20:12:35,029 DEBUG   SenderThread:143125 [sender.py:send():179] send: run
2021-09-18 20:12:35,109 INFO    SenderThread:143125 [dir_watcher.py:__init__():168] watching files in: /grid/koo/home/toneyan/profile/QuantPred/wandb/run-20210918_201234-3brun68c/files
2021-09-18 20:12:35,109 INFO    SenderThread:143125 [sender.py:_start_run_threads():719] run started: 3brun68c with start time 1632010354
2021-09-18 20:12:35,109 DEBUG   SenderThread:143125 [sender.py:send():179] send: summary
2021-09-18 20:12:35,110 INFO    SenderThread:143125 [sender.py:_save_file():841] saving file wandb-summary.json with policy end
2021-09-18 20:12:35,111 DEBUG   HandlerThread:143125 [handler.py:handle_request():124] handle_request: run_start
2021-09-18 20:12:36,111 INFO    Thread-8  :143125 [dir_watcher.py:_on_file_created():216] file/dir created: /grid/koo/home/toneyan/profile/QuantPred/wandb/run-20210918_201234-3brun68c/files/wandb-summary.json
2021-09-18 20:12:36,248 DEBUG   HandlerThread:143125 [meta.py:__init__():39] meta init
2021-09-18 20:12:36,248 DEBUG   HandlerThread:143125 [meta.py:__init__():53] meta init done
2021-09-18 20:12:36,248 DEBUG   HandlerThread:143125 [meta.py:probe():210] probe
2021-09-18 20:12:36,254 DEBUG   HandlerThread:143125 [meta.py:_save_pip():57] save pip
2021-09-18 20:12:36,255 DEBUG   HandlerThread:143125 [meta.py:_save_pip():71] save pip done
2021-09-18 20:12:36,255 DEBUG   HandlerThread:143125 [meta.py:probe():252] probe done
2021-09-18 20:12:36,258 DEBUG   SenderThread:143125 [sender.py:send():179] send: files
2021-09-18 20:12:36,258 INFO    SenderThread:143125 [sender.py:_save_file():841] saving file wandb-metadata.json with policy now
2021-09-18 20:12:36,264 DEBUG   HandlerThread:143125 [handler.py:handle_request():124] handle_request: stop_status
2021-09-18 20:12:36,264 DEBUG   SenderThread:143125 [sender.py:send_request():193] send_request: stop_status
2021-09-18 20:12:36,318 ERROR   SenderThread:143125 [internal_api.py:execute():130] 429 response executing GraphQL.
2021-09-18 20:12:36,318 ERROR   SenderThread:143125 [internal_api.py:execute():131] {"error":"rate limit exceeded"}

2021-09-18 20:12:36,320 ERROR   Thread-11 :143125 [internal_api.py:execute():130] 429 response executing GraphQL.
2021-09-18 20:12:36,320 ERROR   Thread-11 :143125 [internal_api.py:execute():131] {"error":"rate limit exceeded"}

2021-09-18 20:12:37,112 INFO    Thread-8  :143125 [dir_watcher.py:_on_file_created():216] file/dir created: /grid/koo/home/toneyan/profile/QuantPred/wandb/run-20210918_201234-3brun68c/files/requirements.txt
2021-09-18 20:12:37,112 INFO    Thread-8  :143125 [dir_watcher.py:_on_file_created():216] file/dir created: /grid/koo/home/toneyan/profile/QuantPred/wandb/run-20210918_201234-3brun68c/files/wandb-metadata.json
2021-09-18 20:12:37,112 INFO    Thread-8  :143125 [dir_watcher.py:_on_file_created():216] file/dir created: /grid/koo/home/toneyan/profile/QuantPred/wandb/run-20210918_201234-3brun68c/files/output.log
2021-09-18 20:12:37,407 ERROR   SenderThread:143125 [internal_api.py:execute():130] 429 response executing GraphQL.
2021-09-18 20:12:37,407 ERROR   SenderThread:143125 [internal_api.py:execute():131] {"error":"rate limit exceeded"}

2021-09-18 20:12:37,581 ERROR   Thread-11 :143125 [internal_api.py:execute():130] 429 response executing GraphQL.
2021-09-18 20:12:37,581 ERROR   Thread-11 :143125 [internal_api.py:execute():131] {"error":"rate limit exceeded"}

2021-09-18 20:12:37,581 ERROR   Thread-11 :143125 [retry.py:__call__():126] Retry attempt failed:
Traceback (most recent call last):
  File "/usr/local/lib/python3.6/dist-packages/wandb/sdk/lib/retry.py", line 102, in __call__
    result = self._call_fn(*args, **kwargs)
  File "/usr/local/lib/python3.6/dist-packages/wandb/sdk/internal/internal_api.py", line 133, in execute
    six.reraise(*sys.exc_info())
  File "/usr/local/lib/python3.6/dist-packages/six.py", line 719, in reraise
    raise value
  File "/usr/local/lib/python3.6/dist-packages/wandb/sdk/internal/internal_api.py", line 127, in execute
    return self.client.execute(*args, **kwargs)
  File "/usr/local/lib/python3.6/dist-packages/wandb/vendor/gql-0.2.0/gql/client.py", line 52, in execute
    result = self._get_result(document, *args, **kwargs)
  File "/usr/local/lib/python3.6/dist-packages/wandb/vendor/gql-0.2.0/gql/client.py", line 60, in _get_result
    return self.transport.execute(document, *args, **kwargs)
  File "/usr/local/lib/python3.6/dist-packages/wandb/vendor/gql-0.2.0/gql/transport/requests.py", line 39, in execute
    request.raise_for_status()
  File "/usr/local/lib/python3.6/dist-packages/requests/models.py", line 943, in raise_for_status
    raise HTTPError(http_error_msg, response=self)
requests.exceptions.HTTPError: 429 Client Error: Too Many Requests for url: https://api.wandb.ai/graphql
2021-09-18 20:12:39,597 ERROR   SenderThread:143125 [internal_api.py:execute():130] 429 response executing GraphQL.
2021-09-18 20:12:39,598 ERROR   SenderThread:143125 [internal_api.py:execute():131] {"error":"rate limit exceeded"}

2021-09-18 20:12:40,053 ERROR   Thread-11 :143125 [internal_api.py:execute():130] 429 response executing GraphQL.
2021-09-18 20:12:40,054 ERROR   Thread-11 :143125 [internal_api.py:execute():131] {"error":"rate limit exceeded"}

2021-09-18 20:12:43,664 ERROR   SenderThread:143125 [internal_api.py:execute():130] 429 response executing GraphQL.
2021-09-18 20:12:43,664 ERROR   SenderThread:143125 [internal_api.py:execute():131] {"error":"rate limit exceeded"}

2021-09-18 20:12:44,216 ERROR   Thread-11 :143125 [internal_api.py:execute():130] 429 response executing GraphQL.
2021-09-18 20:12:44,216 ERROR   Thread-11 :143125 [internal_api.py:execute():131] {"error":"rate limit exceeded"}

2021-09-18 20:12:52,948 INFO    Thread-11 :143125 [upload_job.py:push():137] Uploaded file /tmp/3288843.1.gpu_ded.q/tmpfrdfvy8bwandb/x4y5xrje-wandb-metadata.json
2021-09-18 20:13:04,632 DEBUG   SenderThread:143125 [sender.py:send():179] send: stats
2021-09-18 20:13:08,052 DEBUG   HandlerThread:143125 [handler.py:handle_request():124] handle_request: stop_status
2021-09-18 20:13:08,052 DEBUG   SenderThread:143125 [sender.py:send_request():193] send_request: stop_status
2021-09-18 20:13:08,108 ERROR   SenderThread:143125 [internal_api.py:execute():130] 429 response executing GraphQL.
2021-09-18 20:13:08,108 ERROR   SenderThread:143125 [internal_api.py:execute():131] {"error":"rate limit exceeded"}

2021-09-18 20:13:09,302 ERROR   SenderThread:143125 [internal_api.py:execute():130] 429 response executing GraphQL.
2021-09-18 20:13:09,302 ERROR   SenderThread:143125 [internal_api.py:execute():131] {"error":"rate limit exceeded"}

2021-09-18 20:13:10,220 DEBUG   HandlerThread:143125 [handler.py:handle_request():124] handle_request: poll_exit
2021-09-18 20:13:11,792 ERROR   SenderThread:143125 [internal_api.py:execute():130] 429 response executing GraphQL.
2021-09-18 20:13:11,792 ERROR   SenderThread:143125 [internal_api.py:execute():131] {"error":"rate limit exceeded"}

2021-09-18 20:13:11,792 ERROR   SenderThread:143125 [retry.py:__call__():126] Retry attempt failed:
Traceback (most recent call last):
  File "/usr/local/lib/python3.6/dist-packages/wandb/sdk/lib/retry.py", line 102, in __call__
    result = self._call_fn(*args, **kwargs)
  File "/usr/local/lib/python3.6/dist-packages/wandb/sdk/internal/internal_api.py", line 133, in execute
    six.reraise(*sys.exc_info())
  File "/usr/local/lib/python3.6/dist-packages/six.py", line 719, in reraise
    raise value
  File "/usr/local/lib/python3.6/dist-packages/wandb/sdk/internal/internal_api.py", line 127, in execute
    return self.client.execute(*args, **kwargs)
  File "/usr/local/lib/python3.6/dist-packages/wandb/vendor/gql-0.2.0/gql/client.py", line 52, in execute
    result = self._get_result(document, *args, **kwargs)
  File "/usr/local/lib/python3.6/dist-packages/wandb/vendor/gql-0.2.0/gql/client.py", line 60, in _get_result
    return self.transport.execute(document, *args, **kwargs)
  File "/usr/local/lib/python3.6/dist-packages/wandb/vendor/gql-0.2.0/gql/transport/requests.py", line 39, in execute
    request.raise_for_status()
  File "/usr/local/lib/python3.6/dist-packages/requests/models.py", line 943, in raise_for_status
    raise HTTPError(http_error_msg, response=self)
requests.exceptions.HTTPError: 429 Client Error: Too Many Requests for url: https://api.wandb.ai/graphql
2021-09-18 20:13:15,321 DEBUG   HandlerThread:143125 [handler.py:handle_request():124] handle_request: poll_exit
2021-09-18 20:13:16,762 DEBUG   SenderThread:143125 [sender.py:send():179] send: telemetry
2021-09-18 20:13:16,762 DEBUG   SenderThread:143125 [sender.py:send():179] send: exit
2021-09-18 20:13:16,762 INFO    SenderThread:143125 [sender.py:send_exit():287] handling exit code: 1
2021-09-18 20:13:16,763 INFO    SenderThread:143125 [sender.py:send_exit():295] send defer
2021-09-18 20:13:16,763 DEBUG   SenderThread:143125 [sender.py:send_request():193] send_request: poll_exit
2021-09-18 20:13:16,763 DEBUG   HandlerThread:143125 [handler.py:handle_request():124] handle_request: defer
2021-09-18 20:13:16,763 DEBUG   SenderThread:143125 [sender.py:send_request():193] send_request: poll_exit
2021-09-18 20:13:16,763 INFO    HandlerThread:143125 [handler.py:handle_request_defer():141] handle defer: 0
2021-09-18 20:13:16,763 DEBUG   SenderThread:143125 [sender.py:send_request():193] send_request: defer
2021-09-18 20:13:16,763 INFO    SenderThread:143125 [sender.py:send_request_defer():304] handle sender defer: 0
2021-09-18 20:13:16,764 INFO    SenderThread:143125 [sender.py:transition_state():308] send defer: 1
2021-09-18 20:13:16,764 DEBUG   HandlerThread:143125 [handler.py:handle_request():124] handle_request: defer
2021-09-18 20:13:16,764 INFO    HandlerThread:143125 [handler.py:handle_request_defer():141] handle defer: 1
2021-09-18 20:13:16,800 DEBUG   SenderThread:143125 [sender.py:send_request():193] send_request: defer
2021-09-18 20:13:16,800 INFO    SenderThread:143125 [sender.py:send_request_defer():304] handle sender defer: 1
2021-09-18 20:13:16,800 INFO    SenderThread:143125 [sender.py:transition_state():308] send defer: 2
2021-09-18 20:13:16,800 DEBUG   SenderThread:143125 [sender.py:send():179] send: stats
2021-09-18 20:13:16,800 DEBUG   HandlerThread:143125 [handler.py:handle_request():124] handle_request: defer
2021-09-18 20:13:16,802 INFO    HandlerThread:143125 [handler.py:handle_request_defer():141] handle defer: 2
2021-09-18 20:13:16,803 DEBUG   SenderThread:143125 [sender.py:send_request():193] send_request: defer
2021-09-18 20:13:16,803 INFO    SenderThread:143125 [sender.py:send_request_defer():304] handle sender defer: 2
2021-09-18 20:13:16,803 INFO    SenderThread:143125 [sender.py:transition_state():308] send defer: 3
2021-09-18 20:13:16,803 DEBUG   HandlerThread:143125 [handler.py:handle_request():124] handle_request: defer
2021-09-18 20:13:16,803 INFO    HandlerThread:143125 [handler.py:handle_request_defer():141] handle defer: 3
2021-09-18 20:13:16,803 DEBUG   SenderThread:143125 [sender.py:send():179] send: summary
2021-09-18 20:13:16,804 INFO    SenderThread:143125 [sender.py:_save_file():841] saving file wandb-summary.json with policy end
2021-09-18 20:13:16,804 DEBUG   SenderThread:143125 [sender.py:send_request():193] send_request: defer
2021-09-18 20:13:16,804 INFO    SenderThread:143125 [sender.py:send_request_defer():304] handle sender defer: 3
2021-09-18 20:13:16,804 INFO    SenderThread:143125 [sender.py:transition_state():308] send defer: 4
2021-09-18 20:13:16,804 DEBUG   HandlerThread:143125 [handler.py:handle_request():124] handle_request: defer
2021-09-18 20:13:16,804 INFO    HandlerThread:143125 [handler.py:handle_request_defer():141] handle defer: 4
2021-09-18 20:13:16,804 DEBUG   SenderThread:143125 [sender.py:send_request():193] send_request: defer
2021-09-18 20:13:16,804 INFO    SenderThread:143125 [sender.py:send_request_defer():304] handle sender defer: 4
2021-09-18 20:13:16,864 DEBUG   HandlerThread:143125 [handler.py:handle_request():124] handle_request: poll_exit
2021-09-18 20:13:16,895 INFO    SenderThread:143125 [sender.py:transition_state():308] send defer: 5
2021-09-18 20:13:16,895 DEBUG   SenderThread:143125 [sender.py:send_request():193] send_request: poll_exit
2021-09-18 20:13:16,896 DEBUG   HandlerThread:143125 [handler.py:handle_request():124] handle_request: defer
2021-09-18 20:13:16,896 INFO    HandlerThread:143125 [handler.py:handle_request_defer():141] handle defer: 5
2021-09-18 20:13:16,896 DEBUG   SenderThread:143125 [sender.py:send_request():193] send_request: defer
2021-09-18 20:13:16,896 INFO    SenderThread:143125 [sender.py:send_request_defer():304] handle sender defer: 5
2021-09-18 20:13:16,896 INFO    SenderThread:143125 [dir_watcher.py:finish():282] shutting down directory watcher
2021-09-18 20:13:16,997 DEBUG   HandlerThread:143125 [handler.py:handle_request():124] handle_request: poll_exit
2021-09-18 20:13:17,120 INFO    SenderThread:143125 [dir_watcher.py:_on_file_modified():229] file/dir modified: /grid/koo/home/toneyan/profile/QuantPred/wandb/run-20210918_201234-3brun68c/files/wandb-summary.json
2021-09-18 20:13:17,120 INFO    SenderThread:143125 [dir_watcher.py:_on_file_modified():229] file/dir modified: /grid/koo/home/toneyan/profile/QuantPred/wandb/run-20210918_201234-3brun68c/files/config.yaml
2021-09-18 20:13:17,120 INFO    SenderThread:143125 [dir_watcher.py:finish():312] scan: /grid/koo/home/toneyan/profile/QuantPred/wandb/run-20210918_201234-3brun68c/files
2021-09-18 20:13:17,120 INFO    SenderThread:143125 [dir_watcher.py:finish():318] scan save: /grid/koo/home/toneyan/profile/QuantPred/wandb/run-20210918_201234-3brun68c/files/wandb-metadata.json wandb-metadata.json
2021-09-18 20:13:17,121 INFO    SenderThread:143125 [dir_watcher.py:finish():318] scan save: /grid/koo/home/toneyan/profile/QuantPred/wandb/run-20210918_201234-3brun68c/files/config.yaml config.yaml
2021-09-18 20:13:17,121 INFO    SenderThread:143125 [dir_watcher.py:finish():318] scan save: /grid/koo/home/toneyan/profile/QuantPred/wandb/run-20210918_201234-3brun68c/files/requirements.txt requirements.txt
2021-09-18 20:13:17,124 INFO    SenderThread:143125 [dir_watcher.py:finish():318] scan save: /grid/koo/home/toneyan/profile/QuantPred/wandb/run-20210918_201234-3brun68c/files/wandb-summary.json wandb-summary.json
2021-09-18 20:13:17,124 INFO    SenderThread:143125 [dir_watcher.py:finish():318] scan save: /grid/koo/home/toneyan/profile/QuantPred/wandb/run-20210918_201234-3brun68c/files/output.log output.log
2021-09-18 20:13:17,132 INFO    SenderThread:143125 [sender.py:transition_state():308] send defer: 6
2021-09-18 20:13:17,132 DEBUG   SenderThread:143125 [sender.py:send_request():193] send_request: poll_exit
2021-09-18 20:13:17,133 DEBUG   HandlerThread:143125 [handler.py:handle_request():124] handle_request: defer
2021-09-18 20:13:17,133 INFO    HandlerThread:143125 [handler.py:handle_request_defer():141] handle defer: 6
2021-09-18 20:13:17,133 DEBUG   SenderThread:143125 [sender.py:send_request():193] send_request: defer
2021-09-18 20:13:17,133 INFO    SenderThread:143125 [sender.py:send_request_defer():304] handle sender defer: 6
2021-09-18 20:13:17,133 INFO    SenderThread:143125 [file_pusher.py:finish():177] shutting down file pusher
2021-09-18 20:13:17,234 DEBUG   HandlerThread:143125 [handler.py:handle_request():124] handle_request: poll_exit
2021-09-18 20:13:17,234 DEBUG   SenderThread:143125 [sender.py:send_request():193] send_request: poll_exit
2021-09-18 20:13:17,336 DEBUG   HandlerThread:143125 [handler.py:handle_request():124] handle_request: poll_exit
2021-09-18 20:13:17,336 DEBUG   SenderThread:143125 [sender.py:send_request():193] send_request: poll_exit
2021-09-18 20:13:17,437 DEBUG   HandlerThread:143125 [handler.py:handle_request():124] handle_request: poll_exit
2021-09-18 20:13:17,437 DEBUG   SenderThread:143125 [sender.py:send_request():193] send_request: poll_exit
2021-09-18 20:13:17,470 INFO    Thread-14 :143125 [upload_job.py:push():137] Uploaded file /grid/koo/home/toneyan/profile/QuantPred/wandb/run-20210918_201234-3brun68c/files/wandb-summary.json
2021-09-18 20:13:17,476 INFO    Thread-12 :143125 [upload_job.py:push():137] Uploaded file /grid/koo/home/toneyan/profile/QuantPred/wandb/run-20210918_201234-3brun68c/files/config.yaml
2021-09-18 20:13:17,477 INFO    Thread-13 :143125 [upload_job.py:push():137] Uploaded file /grid/koo/home/toneyan/profile/QuantPred/wandb/run-20210918_201234-3brun68c/files/requirements.txt
2021-09-18 20:13:17,539 DEBUG   HandlerThread:143125 [handler.py:handle_request():124] handle_request: poll_exit
2021-09-18 20:13:17,539 DEBUG   SenderThread:143125 [sender.py:send_request():193] send_request: poll_exit
2021-09-18 20:13:17,677 INFO    Thread-7  :143125 [sender.py:transition_state():308] send defer: 7
2021-09-18 20:13:17,677 DEBUG   HandlerThread:143125 [handler.py:handle_request():124] handle_request: defer
2021-09-18 20:13:17,678 INFO    HandlerThread:143125 [handler.py:handle_request_defer():141] handle defer: 7
2021-09-18 20:13:17,678 DEBUG   SenderThread:143125 [sender.py:send_request():193] send_request: defer
2021-09-18 20:13:17,678 INFO    SenderThread:143125 [sender.py:send_request_defer():304] handle sender defer: 7
2021-09-18 20:13:17,772 DEBUG   HandlerThread:143125 [handler.py:handle_request():124] handle_request: poll_exit
2021-09-18 20:13:17,835 INFO    SenderThread:143125 [sender.py:transition_state():308] send defer: 8
2021-09-18 20:13:17,835 DEBUG   SenderThread:143125 [sender.py:send_request():193] send_request: poll_exit
2021-09-18 20:13:17,836 DEBUG   HandlerThread:143125 [handler.py:handle_request():124] handle_request: defer
2021-09-18 20:13:17,836 INFO    HandlerThread:143125 [handler.py:handle_request_defer():141] handle defer: 8
2021-09-18 20:13:17,836 DEBUG   SenderThread:143125 [sender.py:send_request():193] send_request: defer
2021-09-18 20:13:17,836 INFO    SenderThread:143125 [sender.py:send_request_defer():304] handle sender defer: 8
2021-09-18 20:13:17,836 INFO    SenderThread:143125 [sender.py:transition_state():308] send defer: 9
2021-09-18 20:13:17,836 DEBUG   SenderThread:143125 [sender.py:send():179] send: final
2021-09-18 20:13:17,836 DEBUG   HandlerThread:143125 [handler.py:handle_request():124] handle_request: defer
2021-09-18 20:13:17,836 DEBUG   SenderThread:143125 [sender.py:send():179] send: footer
2021-09-18 20:13:17,836 INFO    HandlerThread:143125 [handler.py:handle_request_defer():141] handle defer: 9
2021-09-18 20:13:17,837 DEBUG   SenderThread:143125 [sender.py:send_request():193] send_request: defer
2021-09-18 20:13:17,837 INFO    SenderThread:143125 [sender.py:send_request_defer():304] handle sender defer: 9
2021-09-18 20:13:17,936 DEBUG   HandlerThread:143125 [handler.py:handle_request():124] handle_request: poll_exit
2021-09-18 20:13:17,937 DEBUG   SenderThread:143125 [sender.py:send_request():193] send_request: poll_exit
2021-09-18 20:13:17,937 INFO    SenderThread:143125 [file_pusher.py:join():182] waiting for file pusher
2021-09-18 20:13:17,938 DEBUG   HandlerThread:143125 [handler.py:handle_request():124] handle_request: get_summary
2021-09-18 20:13:17,938 DEBUG   HandlerThread:143125 [handler.py:handle_request():124] handle_request: sampled_history
2021-09-18 20:13:17,938 DEBUG   HandlerThread:143125 [handler.py:handle_request():124] handle_request: shutdown
2021-09-18 20:13:17,938 INFO    HandlerThread:143125 [handler.py:finish():638] shutting down handler
2021-09-18 20:13:18,836 INFO    WriterThread:143125 [datastore.py:close():288] close: /grid/koo/home/toneyan/profile/QuantPred/wandb/run-20210918_201234-3brun68c/run-3brun68c.wandb
2021-09-18 20:13:18,937 INFO    SenderThread:143125 [sender.py:finish():945] shutting down sender
2021-09-18 20:13:18,937 INFO    SenderThread:143125 [file_pusher.py:finish():177] shutting down file pusher
2021-09-18 20:13:18,937 INFO    SenderThread:143125 [file_pusher.py:join():182] waiting for file pusher
2021-09-18 20:13:18,939 INFO    MainThread:143125 [internal.py:handle_exit():78] Internal process exited
