2021-09-19 09:53:10,069 INFO    MainThread:1862538 [internal.py:wandb_internal():91] W&B internal server running at pid: 1862538, started at: 2021-09-19 09:53:10.069045
2021-09-19 09:53:10,071 DEBUG   HandlerThread:1862538 [handler.py:handle_request():124] handle_request: check_version
2021-09-19 09:53:10,071 INFO    WriterThread:1862538 [datastore.py:open_for_write():80] open: /grid/koo/home/toneyan/profile/QuantPred/wandb/run-20210919_095309-quqryd2a/run-quqryd2a.wandb
2021-09-19 09:53:10,073 DEBUG   SenderThread:1862538 [sender.py:send():179] send: header
2021-09-19 09:53:10,073 DEBUG   SenderThread:1862538 [sender.py:send_request():193] send_request: check_version
2021-09-19 09:53:10,172 DEBUG   SenderThread:1862538 [sender.py:send():179] send: run
2021-09-19 09:53:10,231 ERROR   SenderThread:1862538 [internal_api.py:execute():130] 429 response executing GraphQL.
2021-09-19 09:53:10,232 ERROR   SenderThread:1862538 [internal_api.py:execute():131] {"error":"rate limit exceeded"}

2021-09-19 09:53:11,385 ERROR   SenderThread:1862538 [internal_api.py:execute():130] 429 response executing GraphQL.
2021-09-19 09:53:11,386 ERROR   SenderThread:1862538 [internal_api.py:execute():131] {"error":"rate limit exceeded"}

2021-09-19 09:53:13,751 ERROR   SenderThread:1862538 [internal_api.py:execute():130] 429 response executing GraphQL.
2021-09-19 09:53:13,751 ERROR   SenderThread:1862538 [internal_api.py:execute():131] {"error":"rate limit exceeded"}

2021-09-19 09:53:13,751 ERROR   SenderThread:1862538 [retry.py:__call__():126] Retry attempt failed:
Traceback (most recent call last):
  File "/usr/local/lib/python3.6/dist-packages/wandb/sdk/lib/retry.py", line 102, in __call__
    result = self._call_fn(*args, **kwargs)
  File "/usr/local/lib/python3.6/dist-packages/wandb/sdk/internal/internal_api.py", line 133, in execute
    six.reraise(*sys.exc_info())
  File "/usr/local/lib/python3.6/dist-packages/six.py", line 719, in reraise
    raise value
  File "/usr/local/lib/python3.6/dist-packages/wandb/sdk/internal/internal_api.py", line 127, in execute
    return self.client.execute(*args, **kwargs)
  File "/usr/local/lib/python3.6/dist-packages/wandb/vendor/gql-0.2.0/gql/client.py", line 52, in execute
    result = self._get_result(document, *args, **kwargs)
  File "/usr/local/lib/python3.6/dist-packages/wandb/vendor/gql-0.2.0/gql/client.py", line 60, in _get_result
    return self.transport.execute(document, *args, **kwargs)
  File "/usr/local/lib/python3.6/dist-packages/wandb/vendor/gql-0.2.0/gql/transport/requests.py", line 39, in execute
    request.raise_for_status()
  File "/usr/local/lib/python3.6/dist-packages/requests/models.py", line 943, in raise_for_status
    raise HTTPError(http_error_msg, response=self)
requests.exceptions.HTTPError: 429 Client Error: Too Many Requests for url: https://api.wandb.ai/graphql
2021-09-19 09:53:18,549 INFO    SenderThread:1862538 [dir_watcher.py:__init__():168] watching files in: /grid/koo/home/toneyan/profile/QuantPred/wandb/run-20210919_095309-quqryd2a/files
2021-09-19 09:53:18,549 INFO    SenderThread:1862538 [sender.py:_start_run_threads():719] run started: quqryd2a with start time 1632059589
2021-09-19 09:53:18,549 DEBUG   SenderThread:1862538 [sender.py:send():179] send: summary
2021-09-19 09:53:18,550 INFO    SenderThread:1862538 [sender.py:_save_file():841] saving file wandb-summary.json with policy end
2021-09-19 09:53:18,550 DEBUG   HandlerThread:1862538 [handler.py:handle_request():124] handle_request: run_start
2021-09-19 09:53:19,550 INFO    Thread-8  :1862538 [dir_watcher.py:_on_file_created():216] file/dir created: /grid/koo/home/toneyan/profile/QuantPred/wandb/run-20210919_095309-quqryd2a/files/wandb-summary.json
2021-09-19 09:53:19,700 DEBUG   HandlerThread:1862538 [meta.py:__init__():39] meta init
2021-09-19 09:53:19,700 DEBUG   HandlerThread:1862538 [meta.py:__init__():53] meta init done
2021-09-19 09:53:19,700 DEBUG   HandlerThread:1862538 [meta.py:probe():210] probe
2021-09-19 09:53:19,706 DEBUG   HandlerThread:1862538 [meta.py:_save_pip():57] save pip
2021-09-19 09:53:19,708 DEBUG   HandlerThread:1862538 [meta.py:_save_pip():71] save pip done
2021-09-19 09:53:19,708 DEBUG   HandlerThread:1862538 [meta.py:probe():252] probe done
2021-09-19 09:53:19,711 DEBUG   SenderThread:1862538 [sender.py:send():179] send: files
2021-09-19 09:53:19,711 INFO    SenderThread:1862538 [sender.py:_save_file():841] saving file wandb-metadata.json with policy now
2021-09-19 09:53:19,716 DEBUG   HandlerThread:1862538 [handler.py:handle_request():124] handle_request: stop_status
2021-09-19 09:53:19,717 DEBUG   SenderThread:1862538 [sender.py:send_request():193] send_request: stop_status
2021-09-19 09:53:20,150 INFO    Thread-11 :1862538 [upload_job.py:push():137] Uploaded file /tmp/3288845.1.gpu_ded.q/tmp2_92ces3wandb/hofm6qz7-wandb-metadata.json
2021-09-19 09:53:20,550 INFO    Thread-8  :1862538 [dir_watcher.py:_on_file_created():216] file/dir created: /grid/koo/home/toneyan/profile/QuantPred/wandb/run-20210919_095309-quqryd2a/files/wandb-metadata.json
2021-09-19 09:53:20,550 INFO    Thread-8  :1862538 [dir_watcher.py:_on_file_created():216] file/dir created: /grid/koo/home/toneyan/profile/QuantPred/wandb/run-20210919_095309-quqryd2a/files/requirements.txt
2021-09-19 09:53:20,550 INFO    Thread-8  :1862538 [dir_watcher.py:_on_file_created():216] file/dir created: /grid/koo/home/toneyan/profile/QuantPred/wandb/run-20210919_095309-quqryd2a/files/output.log
2021-09-19 09:53:34,776 DEBUG   HandlerThread:1862538 [handler.py:handle_request():124] handle_request: stop_status
2021-09-19 09:53:34,776 DEBUG   SenderThread:1862538 [sender.py:send_request():193] send_request: stop_status
2021-09-19 09:53:34,831 ERROR   SenderThread:1862538 [internal_api.py:execute():130] 429 response executing GraphQL.
2021-09-19 09:53:34,831 ERROR   SenderThread:1862538 [internal_api.py:execute():131] {"error":"rate limit exceeded"}

2021-09-19 09:53:36,070 ERROR   SenderThread:1862538 [internal_api.py:execute():130] 429 response executing GraphQL.
2021-09-19 09:53:36,070 ERROR   SenderThread:1862538 [internal_api.py:execute():131] {"error":"rate limit exceeded"}

2021-09-19 09:53:38,224 ERROR   SenderThread:1862538 [internal_api.py:execute():130] 429 response executing GraphQL.
2021-09-19 09:53:38,224 ERROR   SenderThread:1862538 [internal_api.py:execute():131] {"error":"rate limit exceeded"}

2021-09-19 09:53:38,224 ERROR   SenderThread:1862538 [retry.py:__call__():126] Retry attempt failed:
Traceback (most recent call last):
  File "/usr/local/lib/python3.6/dist-packages/wandb/sdk/lib/retry.py", line 102, in __call__
    result = self._call_fn(*args, **kwargs)
  File "/usr/local/lib/python3.6/dist-packages/wandb/sdk/internal/internal_api.py", line 133, in execute
    six.reraise(*sys.exc_info())
  File "/usr/local/lib/python3.6/dist-packages/six.py", line 719, in reraise
    raise value
  File "/usr/local/lib/python3.6/dist-packages/wandb/sdk/internal/internal_api.py", line 127, in execute
    return self.client.execute(*args, **kwargs)
  File "/usr/local/lib/python3.6/dist-packages/wandb/vendor/gql-0.2.0/gql/client.py", line 52, in execute
    result = self._get_result(document, *args, **kwargs)
  File "/usr/local/lib/python3.6/dist-packages/wandb/vendor/gql-0.2.0/gql/client.py", line 60, in _get_result
    return self.transport.execute(document, *args, **kwargs)
  File "/usr/local/lib/python3.6/dist-packages/wandb/vendor/gql-0.2.0/gql/transport/requests.py", line 39, in execute
    request.raise_for_status()
  File "/usr/local/lib/python3.6/dist-packages/requests/models.py", line 943, in raise_for_status
    raise HTTPError(http_error_msg, response=self)
requests.exceptions.HTTPError: 429 Client Error: Too Many Requests for url: https://api.wandb.ai/graphql
2021-09-19 09:53:42,398 ERROR   SenderThread:1862538 [internal_api.py:execute():130] 429 response executing GraphQL.
2021-09-19 09:53:42,398 ERROR   SenderThread:1862538 [internal_api.py:execute():131] {"error":"rate limit exceeded"}

2021-09-19 09:53:52,060 DEBUG   SenderThread:1862538 [sender.py:send():179] send: stats
2021-09-19 09:53:52,491 DEBUG   HandlerThread:1862538 [handler.py:handle_request():124] handle_request: poll_exit
2021-09-19 09:53:52,491 DEBUG   SenderThread:1862538 [sender.py:send():179] send: telemetry
2021-09-19 09:53:52,492 DEBUG   SenderThread:1862538 [sender.py:send():179] send: exit
2021-09-19 09:53:52,492 INFO    SenderThread:1862538 [sender.py:send_exit():287] handling exit code: 1
2021-09-19 09:53:52,492 INFO    SenderThread:1862538 [sender.py:send_exit():295] send defer
2021-09-19 09:53:52,492 DEBUG   SenderThread:1862538 [sender.py:send_request():193] send_request: poll_exit
2021-09-19 09:53:52,492 DEBUG   HandlerThread:1862538 [handler.py:handle_request():124] handle_request: defer
2021-09-19 09:53:52,492 INFO    HandlerThread:1862538 [handler.py:handle_request_defer():141] handle defer: 0
2021-09-19 09:53:52,492 DEBUG   SenderThread:1862538 [sender.py:send_request():193] send_request: defer
2021-09-19 09:53:52,492 INFO    SenderThread:1862538 [sender.py:send_request_defer():304] handle sender defer: 0
2021-09-19 09:53:52,493 INFO    SenderThread:1862538 [sender.py:transition_state():308] send defer: 1
2021-09-19 09:53:52,493 DEBUG   HandlerThread:1862538 [handler.py:handle_request():124] handle_request: defer
2021-09-19 09:53:52,493 INFO    HandlerThread:1862538 [handler.py:handle_request_defer():141] handle defer: 1
2021-09-19 09:53:52,593 DEBUG   SenderThread:1862538 [sender.py:send_request():193] send_request: defer
2021-09-19 09:53:52,593 INFO    SenderThread:1862538 [sender.py:send_request_defer():304] handle sender defer: 1
2021-09-19 09:53:52,593 INFO    SenderThread:1862538 [sender.py:transition_state():308] send defer: 2
2021-09-19 09:53:52,593 DEBUG   HandlerThread:1862538 [handler.py:handle_request():124] handle_request: poll_exit
2021-09-19 09:53:52,593 DEBUG   SenderThread:1862538 [sender.py:send():179] send: stats
2021-09-19 09:53:52,594 DEBUG   HandlerThread:1862538 [handler.py:handle_request():124] handle_request: defer
2021-09-19 09:53:52,594 DEBUG   SenderThread:1862538 [sender.py:send_request():193] send_request: poll_exit
2021-09-19 09:53:52,594 INFO    HandlerThread:1862538 [handler.py:handle_request_defer():141] handle defer: 2
2021-09-19 09:53:52,595 DEBUG   SenderThread:1862538 [sender.py:send_request():193] send_request: defer
2021-09-19 09:53:52,595 INFO    SenderThread:1862538 [sender.py:send_request_defer():304] handle sender defer: 2
2021-09-19 09:53:52,595 INFO    SenderThread:1862538 [sender.py:transition_state():308] send defer: 3
2021-09-19 09:53:52,595 DEBUG   HandlerThread:1862538 [handler.py:handle_request():124] handle_request: defer
2021-09-19 09:53:52,595 INFO    HandlerThread:1862538 [handler.py:handle_request_defer():141] handle defer: 3
2021-09-19 09:53:52,595 DEBUG   SenderThread:1862538 [sender.py:send():179] send: summary
2021-09-19 09:53:52,596 INFO    SenderThread:1862538 [sender.py:_save_file():841] saving file wandb-summary.json with policy end
2021-09-19 09:53:52,596 DEBUG   SenderThread:1862538 [sender.py:send_request():193] send_request: defer
2021-09-19 09:53:52,596 INFO    SenderThread:1862538 [sender.py:send_request_defer():304] handle sender defer: 3
2021-09-19 09:53:52,596 INFO    SenderThread:1862538 [sender.py:transition_state():308] send defer: 4
2021-09-19 09:53:52,596 DEBUG   HandlerThread:1862538 [handler.py:handle_request():124] handle_request: defer
2021-09-19 09:53:52,596 INFO    HandlerThread:1862538 [handler.py:handle_request_defer():141] handle defer: 4
2021-09-19 09:53:52,596 DEBUG   SenderThread:1862538 [sender.py:send_request():193] send_request: defer
2021-09-19 09:53:52,596 INFO    SenderThread:1862538 [sender.py:send_request_defer():304] handle sender defer: 4
2021-09-19 09:53:52,669 INFO    SenderThread:1862538 [sender.py:transition_state():308] send defer: 5
2021-09-19 09:53:52,669 DEBUG   HandlerThread:1862538 [handler.py:handle_request():124] handle_request: defer
2021-09-19 09:53:52,669 INFO    HandlerThread:1862538 [handler.py:handle_request_defer():141] handle defer: 5
2021-09-19 09:53:52,670 DEBUG   SenderThread:1862538 [sender.py:send_request():193] send_request: defer
2021-09-19 09:53:52,670 INFO    SenderThread:1862538 [sender.py:send_request_defer():304] handle sender defer: 5
2021-09-19 09:53:52,670 INFO    SenderThread:1862538 [dir_watcher.py:finish():282] shutting down directory watcher
2021-09-19 09:53:52,696 DEBUG   HandlerThread:1862538 [handler.py:handle_request():124] handle_request: poll_exit
2021-09-19 09:53:53,555 INFO    SenderThread:1862538 [dir_watcher.py:_on_file_modified():229] file/dir modified: /grid/koo/home/toneyan/profile/QuantPred/wandb/run-20210919_095309-quqryd2a/files/wandb-summary.json
2021-09-19 09:53:53,555 INFO    SenderThread:1862538 [dir_watcher.py:_on_file_modified():229] file/dir modified: /grid/koo/home/toneyan/profile/QuantPred/wandb/run-20210919_095309-quqryd2a/files/config.yaml
2021-09-19 09:53:53,555 INFO    SenderThread:1862538 [dir_watcher.py:finish():312] scan: /grid/koo/home/toneyan/profile/QuantPred/wandb/run-20210919_095309-quqryd2a/files
2021-09-19 09:53:53,555 INFO    SenderThread:1862538 [dir_watcher.py:finish():318] scan save: /grid/koo/home/toneyan/profile/QuantPred/wandb/run-20210919_095309-quqryd2a/files/wandb-metadata.json wandb-metadata.json
2021-09-19 09:53:53,555 INFO    SenderThread:1862538 [dir_watcher.py:finish():318] scan save: /grid/koo/home/toneyan/profile/QuantPred/wandb/run-20210919_095309-quqryd2a/files/config.yaml config.yaml
2021-09-19 09:53:53,555 INFO    SenderThread:1862538 [dir_watcher.py:finish():318] scan save: /grid/koo/home/toneyan/profile/QuantPred/wandb/run-20210919_095309-quqryd2a/files/requirements.txt requirements.txt
2021-09-19 09:53:53,556 INFO    SenderThread:1862538 [dir_watcher.py:finish():318] scan save: /grid/koo/home/toneyan/profile/QuantPred/wandb/run-20210919_095309-quqryd2a/files/wandb-summary.json wandb-summary.json
2021-09-19 09:53:53,559 INFO    SenderThread:1862538 [dir_watcher.py:finish():318] scan save: /grid/koo/home/toneyan/profile/QuantPred/wandb/run-20210919_095309-quqryd2a/files/output.log output.log
2021-09-19 09:53:53,562 INFO    SenderThread:1862538 [sender.py:transition_state():308] send defer: 6
2021-09-19 09:53:53,566 DEBUG   SenderThread:1862538 [sender.py:send_request():193] send_request: poll_exit
2021-09-19 09:53:53,567 DEBUG   HandlerThread:1862538 [handler.py:handle_request():124] handle_request: defer
2021-09-19 09:53:53,567 INFO    HandlerThread:1862538 [handler.py:handle_request_defer():141] handle defer: 6
2021-09-19 09:53:53,567 DEBUG   SenderThread:1862538 [sender.py:send_request():193] send_request: defer
2021-09-19 09:53:53,567 INFO    SenderThread:1862538 [sender.py:send_request_defer():304] handle sender defer: 6
2021-09-19 09:53:53,567 INFO    SenderThread:1862538 [file_pusher.py:finish():177] shutting down file pusher
2021-09-19 09:53:53,616 ERROR   Thread-12 :1862538 [internal_api.py:execute():130] 429 response executing GraphQL.
2021-09-19 09:53:53,617 ERROR   Thread-12 :1862538 [internal_api.py:execute():131] {"error":"rate limit exceeded"}

2021-09-19 09:53:53,618 ERROR   Thread-14 :1862538 [internal_api.py:execute():130] 429 response executing GraphQL.
2021-09-19 09:53:53,618 ERROR   Thread-14 :1862538 [internal_api.py:execute():131] {"error":"rate limit exceeded"}

2021-09-19 09:53:53,619 ERROR   Thread-13 :1862538 [internal_api.py:execute():130] 429 response executing GraphQL.
2021-09-19 09:53:53,619 ERROR   Thread-13 :1862538 [internal_api.py:execute():131] {"error":"rate limit exceeded"}

2021-09-19 09:53:53,668 DEBUG   HandlerThread:1862538 [handler.py:handle_request():124] handle_request: poll_exit
2021-09-19 09:53:53,668 DEBUG   SenderThread:1862538 [sender.py:send_request():193] send_request: poll_exit
2021-09-19 09:53:53,769 DEBUG   HandlerThread:1862538 [handler.py:handle_request():124] handle_request: poll_exit
2021-09-19 09:53:53,770 DEBUG   SenderThread:1862538 [sender.py:send_request():193] send_request: poll_exit
2021-09-19 09:53:53,871 DEBUG   HandlerThread:1862538 [handler.py:handle_request():124] handle_request: poll_exit
2021-09-19 09:53:53,871 DEBUG   SenderThread:1862538 [sender.py:send_request():193] send_request: poll_exit
2021-09-19 09:53:53,973 DEBUG   HandlerThread:1862538 [handler.py:handle_request():124] handle_request: poll_exit
2021-09-19 09:53:53,973 DEBUG   SenderThread:1862538 [sender.py:send_request():193] send_request: poll_exit
2021-09-19 09:53:54,075 DEBUG   HandlerThread:1862538 [handler.py:handle_request():124] handle_request: poll_exit
2021-09-19 09:53:54,075 DEBUG   SenderThread:1862538 [sender.py:send_request():193] send_request: poll_exit
2021-09-19 09:53:54,177 DEBUG   HandlerThread:1862538 [handler.py:handle_request():124] handle_request: poll_exit
2021-09-19 09:53:54,177 DEBUG   SenderThread:1862538 [sender.py:send_request():193] send_request: poll_exit
2021-09-19 09:53:54,279 DEBUG   HandlerThread:1862538 [handler.py:handle_request():124] handle_request: poll_exit
2021-09-19 09:53:54,279 DEBUG   SenderThread:1862538 [sender.py:send_request():193] send_request: poll_exit
2021-09-19 09:53:54,380 DEBUG   HandlerThread:1862538 [handler.py:handle_request():124] handle_request: poll_exit
2021-09-19 09:53:54,381 DEBUG   SenderThread:1862538 [sender.py:send_request():193] send_request: poll_exit
2021-09-19 09:53:54,482 DEBUG   HandlerThread:1862538 [handler.py:handle_request():124] handle_request: poll_exit
2021-09-19 09:53:54,483 DEBUG   SenderThread:1862538 [sender.py:send_request():193] send_request: poll_exit
2021-09-19 09:53:54,584 DEBUG   HandlerThread:1862538 [handler.py:handle_request():124] handle_request: poll_exit
2021-09-19 09:53:54,585 DEBUG   SenderThread:1862538 [sender.py:send_request():193] send_request: poll_exit
2021-09-19 09:53:54,686 DEBUG   HandlerThread:1862538 [handler.py:handle_request():124] handle_request: poll_exit
2021-09-19 09:53:54,686 DEBUG   SenderThread:1862538 [sender.py:send_request():193] send_request: poll_exit
2021-09-19 09:53:54,730 ERROR   Thread-14 :1862538 [internal_api.py:execute():130] 429 response executing GraphQL.
2021-09-19 09:53:54,730 ERROR   Thread-14 :1862538 [internal_api.py:execute():131] {"error":"rate limit exceeded"}

2021-09-19 09:53:54,731 ERROR   Thread-14 :1862538 [retry.py:__call__():126] Retry attempt failed:
Traceback (most recent call last):
  File "/usr/local/lib/python3.6/dist-packages/wandb/sdk/lib/retry.py", line 102, in __call__
    result = self._call_fn(*args, **kwargs)
  File "/usr/local/lib/python3.6/dist-packages/wandb/sdk/internal/internal_api.py", line 133, in execute
    six.reraise(*sys.exc_info())
  File "/usr/local/lib/python3.6/dist-packages/six.py", line 719, in reraise
    raise value
  File "/usr/local/lib/python3.6/dist-packages/wandb/sdk/internal/internal_api.py", line 127, in execute
    return self.client.execute(*args, **kwargs)
  File "/usr/local/lib/python3.6/dist-packages/wandb/vendor/gql-0.2.0/gql/client.py", line 52, in execute
    result = self._get_result(document, *args, **kwargs)
  File "/usr/local/lib/python3.6/dist-packages/wandb/vendor/gql-0.2.0/gql/client.py", line 60, in _get_result
    return self.transport.execute(document, *args, **kwargs)
  File "/usr/local/lib/python3.6/dist-packages/wandb/vendor/gql-0.2.0/gql/transport/requests.py", line 39, in execute
    request.raise_for_status()
  File "/usr/local/lib/python3.6/dist-packages/requests/models.py", line 943, in raise_for_status
    raise HTTPError(http_error_msg, response=self)
requests.exceptions.HTTPError: 429 Client Error: Too Many Requests for url: https://api.wandb.ai/graphql
2021-09-19 09:53:54,737 ERROR   Thread-13 :1862538 [internal_api.py:execute():130] 429 response executing GraphQL.
2021-09-19 09:53:54,737 ERROR   Thread-13 :1862538 [internal_api.py:execute():131] {"error":"rate limit exceeded"}

2021-09-19 09:53:54,738 ERROR   Thread-13 :1862538 [retry.py:__call__():126] Retry attempt failed:
Traceback (most recent call last):
  File "/usr/local/lib/python3.6/dist-packages/wandb/sdk/lib/retry.py", line 102, in __call__
    result = self._call_fn(*args, **kwargs)
  File "/usr/local/lib/python3.6/dist-packages/wandb/sdk/internal/internal_api.py", line 133, in execute
    six.reraise(*sys.exc_info())
  File "/usr/local/lib/python3.6/dist-packages/six.py", line 719, in reraise
    raise value
  File "/usr/local/lib/python3.6/dist-packages/wandb/sdk/internal/internal_api.py", line 127, in execute
    return self.client.execute(*args, **kwargs)
  File "/usr/local/lib/python3.6/dist-packages/wandb/vendor/gql-0.2.0/gql/client.py", line 52, in execute
    result = self._get_result(document, *args, **kwargs)
  File "/usr/local/lib/python3.6/dist-packages/wandb/vendor/gql-0.2.0/gql/client.py", line 60, in _get_result
    return self.transport.execute(document, *args, **kwargs)
  File "/usr/local/lib/python3.6/dist-packages/wandb/vendor/gql-0.2.0/gql/transport/requests.py", line 39, in execute
    request.raise_for_status()
  File "/usr/local/lib/python3.6/dist-packages/requests/models.py", line 943, in raise_for_status
    raise HTTPError(http_error_msg, response=self)
requests.exceptions.HTTPError: 429 Client Error: Too Many Requests for url: https://api.wandb.ai/graphql
2021-09-19 09:53:54,788 DEBUG   HandlerThread:1862538 [handler.py:handle_request():124] handle_request: poll_exit
2021-09-19 09:53:54,788 DEBUG   SenderThread:1862538 [sender.py:send_request():193] send_request: poll_exit
2021-09-19 09:53:54,846 ERROR   Thread-12 :1862538 [internal_api.py:execute():130] 429 response executing GraphQL.
2021-09-19 09:53:54,846 ERROR   Thread-12 :1862538 [internal_api.py:execute():131] {"error":"rate limit exceeded"}

2021-09-19 09:53:54,890 DEBUG   HandlerThread:1862538 [handler.py:handle_request():124] handle_request: poll_exit
2021-09-19 09:53:54,890 DEBUG   SenderThread:1862538 [sender.py:send_request():193] send_request: poll_exit
2021-09-19 09:53:54,992 DEBUG   HandlerThread:1862538 [handler.py:handle_request():124] handle_request: poll_exit
2021-09-19 09:53:54,992 DEBUG   SenderThread:1862538 [sender.py:send_request():193] send_request: poll_exit
2021-09-19 09:53:55,094 DEBUG   HandlerThread:1862538 [handler.py:handle_request():124] handle_request: poll_exit
2021-09-19 09:53:55,094 DEBUG   SenderThread:1862538 [sender.py:send_request():193] send_request: poll_exit
2021-09-19 09:53:55,196 DEBUG   HandlerThread:1862538 [handler.py:handle_request():124] handle_request: poll_exit
2021-09-19 09:53:55,196 DEBUG   SenderThread:1862538 [sender.py:send_request():193] send_request: poll_exit
2021-09-19 09:53:55,298 DEBUG   HandlerThread:1862538 [handler.py:handle_request():124] handle_request: poll_exit
2021-09-19 09:53:55,298 DEBUG   SenderThread:1862538 [sender.py:send_request():193] send_request: poll_exit
2021-09-19 09:53:55,400 DEBUG   HandlerThread:1862538 [handler.py:handle_request():124] handle_request: poll_exit
2021-09-19 09:53:55,400 DEBUG   SenderThread:1862538 [sender.py:send_request():193] send_request: poll_exit
2021-09-19 09:53:55,502 DEBUG   HandlerThread:1862538 [handler.py:handle_request():124] handle_request: poll_exit
2021-09-19 09:53:55,502 DEBUG   SenderThread:1862538 [sender.py:send_request():193] send_request: poll_exit
2021-09-19 09:53:55,603 DEBUG   HandlerThread:1862538 [handler.py:handle_request():124] handle_request: poll_exit
2021-09-19 09:53:55,604 DEBUG   SenderThread:1862538 [sender.py:send_request():193] send_request: poll_exit
2021-09-19 09:53:55,705 DEBUG   HandlerThread:1862538 [handler.py:handle_request():124] handle_request: poll_exit
2021-09-19 09:53:55,706 DEBUG   SenderThread:1862538 [sender.py:send_request():193] send_request: poll_exit
2021-09-19 09:53:55,807 DEBUG   HandlerThread:1862538 [handler.py:handle_request():124] handle_request: poll_exit
2021-09-19 09:53:55,808 DEBUG   SenderThread:1862538 [sender.py:send_request():193] send_request: poll_exit
2021-09-19 09:53:55,909 DEBUG   HandlerThread:1862538 [handler.py:handle_request():124] handle_request: poll_exit
2021-09-19 09:53:55,910 DEBUG   SenderThread:1862538 [sender.py:send_request():193] send_request: poll_exit
2021-09-19 09:53:56,011 DEBUG   HandlerThread:1862538 [handler.py:handle_request():124] handle_request: poll_exit
2021-09-19 09:53:56,011 DEBUG   SenderThread:1862538 [sender.py:send_request():193] send_request: poll_exit
2021-09-19 09:53:56,113 DEBUG   HandlerThread:1862538 [handler.py:handle_request():124] handle_request: poll_exit
2021-09-19 09:53:56,113 DEBUG   SenderThread:1862538 [sender.py:send_request():193] send_request: poll_exit
2021-09-19 09:53:56,219 DEBUG   HandlerThread:1862538 [handler.py:handle_request():124] handle_request: poll_exit
2021-09-19 09:53:56,219 DEBUG   SenderThread:1862538 [sender.py:send_request():193] send_request: poll_exit
2021-09-19 09:53:56,324 DEBUG   HandlerThread:1862538 [handler.py:handle_request():124] handle_request: poll_exit
2021-09-19 09:53:56,325 DEBUG   SenderThread:1862538 [sender.py:send_request():193] send_request: poll_exit
2021-09-19 09:53:56,429 DEBUG   HandlerThread:1862538 [handler.py:handle_request():124] handle_request: poll_exit
2021-09-19 09:53:56,430 DEBUG   SenderThread:1862538 [sender.py:send_request():193] send_request: poll_exit
2021-09-19 09:53:56,536 DEBUG   HandlerThread:1862538 [handler.py:handle_request():124] handle_request: poll_exit
2021-09-19 09:53:56,536 DEBUG   SenderThread:1862538 [sender.py:send_request():193] send_request: poll_exit
2021-09-19 09:53:56,641 DEBUG   HandlerThread:1862538 [handler.py:handle_request():124] handle_request: poll_exit
2021-09-19 09:53:56,641 DEBUG   SenderThread:1862538 [sender.py:send_request():193] send_request: poll_exit
2021-09-19 09:53:56,743 DEBUG   HandlerThread:1862538 [handler.py:handle_request():124] handle_request: poll_exit
2021-09-19 09:53:56,743 DEBUG   SenderThread:1862538 [sender.py:send_request():193] send_request: poll_exit
2021-09-19 09:53:56,844 DEBUG   HandlerThread:1862538 [handler.py:handle_request():124] handle_request: poll_exit
2021-09-19 09:53:56,845 DEBUG   SenderThread:1862538 [sender.py:send_request():193] send_request: poll_exit
2021-09-19 09:53:56,946 DEBUG   HandlerThread:1862538 [handler.py:handle_request():124] handle_request: poll_exit
2021-09-19 09:53:56,947 DEBUG   SenderThread:1862538 [sender.py:send_request():193] send_request: poll_exit
2021-09-19 09:53:57,048 DEBUG   HandlerThread:1862538 [handler.py:handle_request():124] handle_request: poll_exit
2021-09-19 09:53:57,049 DEBUG   SenderThread:1862538 [sender.py:send_request():193] send_request: poll_exit
2021-09-19 09:53:57,131 ERROR   Thread-14 :1862538 [internal_api.py:execute():130] 429 response executing GraphQL.
2021-09-19 09:53:57,131 ERROR   Thread-14 :1862538 [internal_api.py:execute():131] {"error":"rate limit exceeded"}

2021-09-19 09:53:57,150 DEBUG   HandlerThread:1862538 [handler.py:handle_request():124] handle_request: poll_exit
2021-09-19 09:53:57,150 DEBUG   SenderThread:1862538 [sender.py:send_request():193] send_request: poll_exit
2021-09-19 09:53:57,176 ERROR   Thread-12 :1862538 [internal_api.py:execute():130] 429 response executing GraphQL.
2021-09-19 09:53:57,176 ERROR   Thread-12 :1862538 [internal_api.py:execute():131] {"error":"rate limit exceeded"}

2021-09-19 09:53:57,252 DEBUG   HandlerThread:1862538 [handler.py:handle_request():124] handle_request: poll_exit
2021-09-19 09:53:57,252 DEBUG   SenderThread:1862538 [sender.py:send_request():193] send_request: poll_exit
2021-09-19 09:53:57,279 ERROR   Thread-13 :1862538 [internal_api.py:execute():130] 429 response executing GraphQL.
2021-09-19 09:53:57,279 ERROR   Thread-13 :1862538 [internal_api.py:execute():131] {"error":"rate limit exceeded"}

2021-09-19 09:53:57,354 DEBUG   HandlerThread:1862538 [handler.py:handle_request():124] handle_request: poll_exit
2021-09-19 09:53:57,354 DEBUG   SenderThread:1862538 [sender.py:send_request():193] send_request: poll_exit
2021-09-19 09:53:57,456 DEBUG   HandlerThread:1862538 [handler.py:handle_request():124] handle_request: poll_exit
2021-09-19 09:53:57,456 DEBUG   SenderThread:1862538 [sender.py:send_request():193] send_request: poll_exit
2021-09-19 09:53:57,558 DEBUG   HandlerThread:1862538 [handler.py:handle_request():124] handle_request: poll_exit
2021-09-19 09:53:57,558 DEBUG   SenderThread:1862538 [sender.py:send_request():193] send_request: poll_exit
2021-09-19 09:53:57,660 DEBUG   HandlerThread:1862538 [handler.py:handle_request():124] handle_request: poll_exit
2021-09-19 09:53:57,660 DEBUG   SenderThread:1862538 [sender.py:send_request():193] send_request: poll_exit
2021-09-19 09:53:57,762 DEBUG   HandlerThread:1862538 [handler.py:handle_request():124] handle_request: poll_exit
2021-09-19 09:53:57,762 DEBUG   SenderThread:1862538 [sender.py:send_request():193] send_request: poll_exit
2021-09-19 09:53:57,880 DEBUG   HandlerThread:1862538 [handler.py:handle_request():124] handle_request: poll_exit
2021-09-19 09:53:57,880 DEBUG   SenderThread:1862538 [sender.py:send_request():193] send_request: poll_exit
2021-09-19 09:53:57,982 DEBUG   HandlerThread:1862538 [handler.py:handle_request():124] handle_request: poll_exit
2021-09-19 09:53:57,982 DEBUG   SenderThread:1862538 [sender.py:send_request():193] send_request: poll_exit
2021-09-19 09:53:58,083 DEBUG   HandlerThread:1862538 [handler.py:handle_request():124] handle_request: poll_exit
2021-09-19 09:53:58,084 DEBUG   SenderThread:1862538 [sender.py:send_request():193] send_request: poll_exit
2021-09-19 09:53:58,185 DEBUG   HandlerThread:1862538 [handler.py:handle_request():124] handle_request: poll_exit
2021-09-19 09:53:58,186 DEBUG   SenderThread:1862538 [sender.py:send_request():193] send_request: poll_exit
2021-09-19 09:53:58,287 DEBUG   HandlerThread:1862538 [handler.py:handle_request():124] handle_request: poll_exit
2021-09-19 09:53:58,288 DEBUG   SenderThread:1862538 [sender.py:send_request():193] send_request: poll_exit
2021-09-19 09:53:58,389 DEBUG   HandlerThread:1862538 [handler.py:handle_request():124] handle_request: poll_exit
2021-09-19 09:53:58,390 DEBUG   SenderThread:1862538 [sender.py:send_request():193] send_request: poll_exit
2021-09-19 09:53:58,491 DEBUG   HandlerThread:1862538 [handler.py:handle_request():124] handle_request: poll_exit
2021-09-19 09:53:58,491 DEBUG   SenderThread:1862538 [sender.py:send_request():193] send_request: poll_exit
2021-09-19 09:53:58,593 DEBUG   HandlerThread:1862538 [handler.py:handle_request():124] handle_request: poll_exit
2021-09-19 09:53:58,593 DEBUG   SenderThread:1862538 [sender.py:send_request():193] send_request: poll_exit
2021-09-19 09:53:58,695 DEBUG   HandlerThread:1862538 [handler.py:handle_request():124] handle_request: poll_exit
2021-09-19 09:53:58,695 DEBUG   SenderThread:1862538 [sender.py:send_request():193] send_request: poll_exit
2021-09-19 09:53:58,797 DEBUG   HandlerThread:1862538 [handler.py:handle_request():124] handle_request: poll_exit
2021-09-19 09:53:58,797 DEBUG   SenderThread:1862538 [sender.py:send_request():193] send_request: poll_exit
2021-09-19 09:53:58,899 DEBUG   HandlerThread:1862538 [handler.py:handle_request():124] handle_request: poll_exit
2021-09-19 09:53:58,899 DEBUG   SenderThread:1862538 [sender.py:send_request():193] send_request: poll_exit
2021-09-19 09:53:59,001 DEBUG   HandlerThread:1862538 [handler.py:handle_request():124] handle_request: poll_exit
2021-09-19 09:53:59,001 DEBUG   SenderThread:1862538 [sender.py:send_request():193] send_request: poll_exit
2021-09-19 09:53:59,102 DEBUG   HandlerThread:1862538 [handler.py:handle_request():124] handle_request: poll_exit
2021-09-19 09:53:59,103 DEBUG   SenderThread:1862538 [sender.py:send_request():193] send_request: poll_exit
2021-09-19 09:53:59,204 DEBUG   HandlerThread:1862538 [handler.py:handle_request():124] handle_request: poll_exit
2021-09-19 09:53:59,205 DEBUG   SenderThread:1862538 [sender.py:send_request():193] send_request: poll_exit
2021-09-19 09:53:59,306 DEBUG   HandlerThread:1862538 [handler.py:handle_request():124] handle_request: poll_exit
2021-09-19 09:53:59,306 DEBUG   SenderThread:1862538 [sender.py:send_request():193] send_request: poll_exit
2021-09-19 09:53:59,408 DEBUG   HandlerThread:1862538 [handler.py:handle_request():124] handle_request: poll_exit
2021-09-19 09:53:59,408 DEBUG   SenderThread:1862538 [sender.py:send_request():193] send_request: poll_exit
2021-09-19 09:53:59,510 DEBUG   HandlerThread:1862538 [handler.py:handle_request():124] handle_request: poll_exit
2021-09-19 09:53:59,510 DEBUG   SenderThread:1862538 [sender.py:send_request():193] send_request: poll_exit
2021-09-19 09:53:59,612 DEBUG   HandlerThread:1862538 [handler.py:handle_request():124] handle_request: poll_exit
2021-09-19 09:53:59,612 DEBUG   SenderThread:1862538 [sender.py:send_request():193] send_request: poll_exit
2021-09-19 09:53:59,714 DEBUG   HandlerThread:1862538 [handler.py:handle_request():124] handle_request: poll_exit
2021-09-19 09:53:59,714 DEBUG   SenderThread:1862538 [sender.py:send_request():193] send_request: poll_exit
2021-09-19 09:53:59,816 DEBUG   HandlerThread:1862538 [handler.py:handle_request():124] handle_request: poll_exit
2021-09-19 09:53:59,816 DEBUG   SenderThread:1862538 [sender.py:send_request():193] send_request: poll_exit
2021-09-19 09:53:59,918 DEBUG   HandlerThread:1862538 [handler.py:handle_request():124] handle_request: poll_exit
2021-09-19 09:53:59,918 DEBUG   SenderThread:1862538 [sender.py:send_request():193] send_request: poll_exit
2021-09-19 09:54:00,019 DEBUG   HandlerThread:1862538 [handler.py:handle_request():124] handle_request: poll_exit
2021-09-19 09:54:00,020 DEBUG   SenderThread:1862538 [sender.py:send_request():193] send_request: poll_exit
2021-09-19 09:54:00,121 DEBUG   HandlerThread:1862538 [handler.py:handle_request():124] handle_request: poll_exit
2021-09-19 09:54:00,122 DEBUG   SenderThread:1862538 [sender.py:send_request():193] send_request: poll_exit
2021-09-19 09:54:00,223 DEBUG   HandlerThread:1862538 [handler.py:handle_request():124] handle_request: poll_exit
2021-09-19 09:54:00,223 DEBUG   SenderThread:1862538 [sender.py:send_request():193] send_request: poll_exit
2021-09-19 09:54:00,325 DEBUG   HandlerThread:1862538 [handler.py:handle_request():124] handle_request: poll_exit
2021-09-19 09:54:00,325 DEBUG   SenderThread:1862538 [sender.py:send_request():193] send_request: poll_exit
2021-09-19 09:54:00,427 DEBUG   HandlerThread:1862538 [handler.py:handle_request():124] handle_request: poll_exit
2021-09-19 09:54:00,427 DEBUG   SenderThread:1862538 [sender.py:send_request():193] send_request: poll_exit
2021-09-19 09:54:00,529 DEBUG   HandlerThread:1862538 [handler.py:handle_request():124] handle_request: poll_exit
2021-09-19 09:54:00,529 DEBUG   SenderThread:1862538 [sender.py:send_request():193] send_request: poll_exit
2021-09-19 09:54:00,631 DEBUG   HandlerThread:1862538 [handler.py:handle_request():124] handle_request: poll_exit
2021-09-19 09:54:00,631 DEBUG   SenderThread:1862538 [sender.py:send_request():193] send_request: poll_exit
2021-09-19 09:54:00,733 DEBUG   HandlerThread:1862538 [handler.py:handle_request():124] handle_request: poll_exit
2021-09-19 09:54:00,733 DEBUG   SenderThread:1862538 [sender.py:send_request():193] send_request: poll_exit
2021-09-19 09:54:00,835 DEBUG   HandlerThread:1862538 [handler.py:handle_request():124] handle_request: poll_exit
2021-09-19 09:54:00,835 DEBUG   SenderThread:1862538 [sender.py:send_request():193] send_request: poll_exit
2021-09-19 09:54:00,936 DEBUG   HandlerThread:1862538 [handler.py:handle_request():124] handle_request: poll_exit
2021-09-19 09:54:00,937 DEBUG   SenderThread:1862538 [sender.py:send_request():193] send_request: poll_exit
2021-09-19 09:54:01,038 DEBUG   HandlerThread:1862538 [handler.py:handle_request():124] handle_request: poll_exit
2021-09-19 09:54:01,039 DEBUG   SenderThread:1862538 [sender.py:send_request():193] send_request: poll_exit
2021-09-19 09:54:01,140 DEBUG   HandlerThread:1862538 [handler.py:handle_request():124] handle_request: poll_exit
2021-09-19 09:54:01,141 DEBUG   SenderThread:1862538 [sender.py:send_request():193] send_request: poll_exit
2021-09-19 09:54:01,242 DEBUG   HandlerThread:1862538 [handler.py:handle_request():124] handle_request: poll_exit
2021-09-19 09:54:01,243 DEBUG   SenderThread:1862538 [sender.py:send_request():193] send_request: poll_exit
2021-09-19 09:54:01,344 DEBUG   HandlerThread:1862538 [handler.py:handle_request():124] handle_request: poll_exit
2021-09-19 09:54:01,345 DEBUG   SenderThread:1862538 [sender.py:send_request():193] send_request: poll_exit
2021-09-19 09:54:01,446 DEBUG   HandlerThread:1862538 [handler.py:handle_request():124] handle_request: poll_exit
2021-09-19 09:54:01,446 DEBUG   SenderThread:1862538 [sender.py:send_request():193] send_request: poll_exit
2021-09-19 09:54:01,548 DEBUG   HandlerThread:1862538 [handler.py:handle_request():124] handle_request: poll_exit
2021-09-19 09:54:01,548 DEBUG   SenderThread:1862538 [sender.py:send_request():193] send_request: poll_exit
2021-09-19 09:54:01,650 DEBUG   HandlerThread:1862538 [handler.py:handle_request():124] handle_request: poll_exit
2021-09-19 09:54:01,650 DEBUG   SenderThread:1862538 [sender.py:send_request():193] send_request: poll_exit
2021-09-19 09:54:01,721 INFO    Thread-12 :1862538 [upload_job.py:push():137] Uploaded file /grid/koo/home/toneyan/profile/QuantPred/wandb/run-20210919_095309-quqryd2a/files/config.yaml
2021-09-19 09:54:01,752 DEBUG   HandlerThread:1862538 [handler.py:handle_request():124] handle_request: poll_exit
2021-09-19 09:54:01,752 DEBUG   SenderThread:1862538 [sender.py:send_request():193] send_request: poll_exit
2021-09-19 09:54:01,853 DEBUG   HandlerThread:1862538 [handler.py:handle_request():124] handle_request: poll_exit
2021-09-19 09:54:01,854 DEBUG   SenderThread:1862538 [sender.py:send_request():193] send_request: poll_exit
2021-09-19 09:54:01,955 DEBUG   HandlerThread:1862538 [handler.py:handle_request():124] handle_request: poll_exit
2021-09-19 09:54:01,956 DEBUG   SenderThread:1862538 [sender.py:send_request():193] send_request: poll_exit
2021-09-19 09:54:02,057 DEBUG   HandlerThread:1862538 [handler.py:handle_request():124] handle_request: poll_exit
2021-09-19 09:54:02,057 DEBUG   SenderThread:1862538 [sender.py:send_request():193] send_request: poll_exit
2021-09-19 09:54:02,159 DEBUG   HandlerThread:1862538 [handler.py:handle_request():124] handle_request: poll_exit
2021-09-19 09:54:02,159 DEBUG   SenderThread:1862538 [sender.py:send_request():193] send_request: poll_exit
2021-09-19 09:54:02,261 DEBUG   HandlerThread:1862538 [handler.py:handle_request():124] handle_request: poll_exit
2021-09-19 09:54:02,261 DEBUG   SenderThread:1862538 [sender.py:send_request():193] send_request: poll_exit
2021-09-19 09:54:02,317 INFO    Thread-14 :1862538 [upload_job.py:push():137] Uploaded file /grid/koo/home/toneyan/profile/QuantPred/wandb/run-20210919_095309-quqryd2a/files/wandb-summary.json
2021-09-19 09:54:02,351 INFO    Thread-13 :1862538 [upload_job.py:push():137] Uploaded file /grid/koo/home/toneyan/profile/QuantPred/wandb/run-20210919_095309-quqryd2a/files/requirements.txt
2021-09-19 09:54:02,363 DEBUG   HandlerThread:1862538 [handler.py:handle_request():124] handle_request: poll_exit
2021-09-19 09:54:02,363 DEBUG   SenderThread:1862538 [sender.py:send_request():193] send_request: poll_exit
2021-09-19 09:54:02,465 DEBUG   HandlerThread:1862538 [handler.py:handle_request():124] handle_request: poll_exit
2021-09-19 09:54:02,465 DEBUG   SenderThread:1862538 [sender.py:send_request():193] send_request: poll_exit
2021-09-19 09:54:02,551 INFO    Thread-7  :1862538 [sender.py:transition_state():308] send defer: 7
2021-09-19 09:54:02,552 DEBUG   HandlerThread:1862538 [handler.py:handle_request():124] handle_request: defer
2021-09-19 09:54:02,552 INFO    HandlerThread:1862538 [handler.py:handle_request_defer():141] handle defer: 7
2021-09-19 09:54:02,552 DEBUG   SenderThread:1862538 [sender.py:send_request():193] send_request: defer
2021-09-19 09:54:02,552 INFO    SenderThread:1862538 [sender.py:send_request_defer():304] handle sender defer: 7
2021-09-19 09:54:02,567 DEBUG   HandlerThread:1862538 [handler.py:handle_request():124] handle_request: poll_exit
2021-09-19 09:54:02,603 INFO    SenderThread:1862538 [sender.py:transition_state():308] send defer: 8
2021-09-19 09:54:02,604 DEBUG   SenderThread:1862538 [sender.py:send_request():193] send_request: poll_exit
2021-09-19 09:54:02,604 DEBUG   HandlerThread:1862538 [handler.py:handle_request():124] handle_request: defer
2021-09-19 09:54:02,604 INFO    HandlerThread:1862538 [handler.py:handle_request_defer():141] handle defer: 8
2021-09-19 09:54:02,604 DEBUG   SenderThread:1862538 [sender.py:send_request():193] send_request: defer
2021-09-19 09:54:02,604 INFO    SenderThread:1862538 [sender.py:send_request_defer():304] handle sender defer: 8
2021-09-19 09:54:02,605 INFO    SenderThread:1862538 [sender.py:transition_state():308] send defer: 9
2021-09-19 09:54:02,605 DEBUG   SenderThread:1862538 [sender.py:send():179] send: final
2021-09-19 09:54:02,605 DEBUG   HandlerThread:1862538 [handler.py:handle_request():124] handle_request: defer
2021-09-19 09:54:02,605 DEBUG   SenderThread:1862538 [sender.py:send():179] send: footer
2021-09-19 09:54:02,605 INFO    HandlerThread:1862538 [handler.py:handle_request_defer():141] handle defer: 9
2021-09-19 09:54:02,605 DEBUG   SenderThread:1862538 [sender.py:send_request():193] send_request: defer
2021-09-19 09:54:02,605 INFO    SenderThread:1862538 [sender.py:send_request_defer():304] handle sender defer: 9
2021-09-19 09:54:02,705 DEBUG   HandlerThread:1862538 [handler.py:handle_request():124] handle_request: poll_exit
2021-09-19 09:54:02,706 DEBUG   SenderThread:1862538 [sender.py:send_request():193] send_request: poll_exit
2021-09-19 09:54:02,706 INFO    SenderThread:1862538 [file_pusher.py:join():182] waiting for file pusher
2021-09-19 09:54:02,707 DEBUG   HandlerThread:1862538 [handler.py:handle_request():124] handle_request: get_summary
2021-09-19 09:54:02,707 DEBUG   HandlerThread:1862538 [handler.py:handle_request():124] handle_request: sampled_history
2021-09-19 09:54:02,708 DEBUG   HandlerThread:1862538 [handler.py:handle_request():124] handle_request: shutdown
2021-09-19 09:54:02,708 INFO    HandlerThread:1862538 [handler.py:finish():638] shutting down handler
2021-09-19 09:54:03,605 INFO    WriterThread:1862538 [datastore.py:close():288] close: /grid/koo/home/toneyan/profile/QuantPred/wandb/run-20210919_095309-quqryd2a/run-quqryd2a.wandb
2021-09-19 09:54:03,706 INFO    SenderThread:1862538 [sender.py:finish():945] shutting down sender
2021-09-19 09:54:03,706 INFO    SenderThread:1862538 [file_pusher.py:finish():177] shutting down file pusher
2021-09-19 09:54:03,706 INFO    SenderThread:1862538 [file_pusher.py:join():182] waiting for file pusher
2021-09-19 09:54:03,708 INFO    MainThread:1862538 [internal.py:handle_exit():78] Internal process exited
