2021-09-19 10:10:00,798 INFO    MainThread:2246993 [internal.py:wandb_internal():91] W&B internal server running at pid: 2246993, started at: 2021-09-19 10:10:00.797965
2021-09-19 10:10:00,800 DEBUG   HandlerThread:2246993 [handler.py:handle_request():124] handle_request: check_version
2021-09-19 10:10:00,800 INFO    WriterThread:2246993 [datastore.py:open_for_write():80] open: /grid/koo/home/toneyan/profile/QuantPred/wandb/run-20210919_101000-zo4blnpw/run-zo4blnpw.wandb
2021-09-19 10:10:00,802 DEBUG   SenderThread:2246993 [sender.py:send():179] send: header
2021-09-19 10:10:00,803 DEBUG   SenderThread:2246993 [sender.py:send_request():193] send_request: check_version
2021-09-19 10:10:00,848 DEBUG   SenderThread:2246993 [sender.py:send():179] send: run
2021-09-19 10:10:00,938 INFO    SenderThread:2246993 [dir_watcher.py:__init__():168] watching files in: /grid/koo/home/toneyan/profile/QuantPred/wandb/run-20210919_101000-zo4blnpw/files
2021-09-19 10:10:00,938 INFO    SenderThread:2246993 [sender.py:_start_run_threads():719] run started: zo4blnpw with start time 1632060600
2021-09-19 10:10:00,938 DEBUG   SenderThread:2246993 [sender.py:send():179] send: summary
2021-09-19 10:10:00,938 DEBUG   HandlerThread:2246993 [handler.py:handle_request():124] handle_request: run_start
2021-09-19 10:10:00,939 INFO    SenderThread:2246993 [sender.py:_save_file():841] saving file wandb-summary.json with policy end
2021-09-19 10:10:01,942 INFO    Thread-8  :2246993 [dir_watcher.py:_on_file_created():216] file/dir created: /grid/koo/home/toneyan/profile/QuantPred/wandb/run-20210919_101000-zo4blnpw/files/wandb-summary.json
2021-09-19 10:10:02,106 DEBUG   HandlerThread:2246993 [meta.py:__init__():39] meta init
2021-09-19 10:10:02,106 DEBUG   HandlerThread:2246993 [meta.py:__init__():53] meta init done
2021-09-19 10:10:02,106 DEBUG   HandlerThread:2246993 [meta.py:probe():210] probe
2021-09-19 10:10:02,113 DEBUG   HandlerThread:2246993 [meta.py:_save_pip():57] save pip
2021-09-19 10:10:02,114 DEBUG   HandlerThread:2246993 [meta.py:_save_pip():71] save pip done
2021-09-19 10:10:02,114 DEBUG   HandlerThread:2246993 [meta.py:probe():252] probe done
2021-09-19 10:10:02,117 DEBUG   SenderThread:2246993 [sender.py:send():179] send: files
2021-09-19 10:10:02,117 INFO    SenderThread:2246993 [sender.py:_save_file():841] saving file wandb-metadata.json with policy now
2021-09-19 10:10:02,123 DEBUG   HandlerThread:2246993 [handler.py:handle_request():124] handle_request: stop_status
2021-09-19 10:10:02,123 DEBUG   SenderThread:2246993 [sender.py:send_request():193] send_request: stop_status
2021-09-19 10:10:02,489 INFO    Thread-11 :2246993 [upload_job.py:push():137] Uploaded file /tmp/3288845.1.gpu_ded.q/tmpp96l9ehowandb/2ahqfskf-wandb-metadata.json
2021-09-19 10:10:02,942 INFO    Thread-8  :2246993 [dir_watcher.py:_on_file_created():216] file/dir created: /grid/koo/home/toneyan/profile/QuantPred/wandb/run-20210919_101000-zo4blnpw/files/requirements.txt
2021-09-19 10:10:02,942 INFO    Thread-8  :2246993 [dir_watcher.py:_on_file_created():216] file/dir created: /grid/koo/home/toneyan/profile/QuantPred/wandb/run-20210919_101000-zo4blnpw/files/output.log
2021-09-19 10:10:02,943 INFO    Thread-8  :2246993 [dir_watcher.py:_on_file_created():216] file/dir created: /grid/koo/home/toneyan/profile/QuantPred/wandb/run-20210919_101000-zo4blnpw/files/wandb-metadata.json
2021-09-19 10:10:17,193 DEBUG   HandlerThread:2246993 [handler.py:handle_request():124] handle_request: stop_status
2021-09-19 10:10:17,193 DEBUG   SenderThread:2246993 [sender.py:send_request():193] send_request: stop_status
2021-09-19 10:10:30,501 DEBUG   SenderThread:2246993 [sender.py:send():179] send: stats
2021-09-19 10:10:32,262 DEBUG   HandlerThread:2246993 [handler.py:handle_request():124] handle_request: stop_status
2021-09-19 10:10:32,262 DEBUG   SenderThread:2246993 [sender.py:send_request():193] send_request: stop_status
2021-09-19 10:10:36,231 DEBUG   HandlerThread:2246993 [handler.py:handle_request():124] handle_request: poll_exit
2021-09-19 10:10:36,231 DEBUG   SenderThread:2246993 [sender.py:send():179] send: telemetry
2021-09-19 10:10:36,231 DEBUG   SenderThread:2246993 [sender.py:send():179] send: exit
2021-09-19 10:10:36,231 INFO    SenderThread:2246993 [sender.py:send_exit():287] handling exit code: 1
2021-09-19 10:10:36,231 INFO    SenderThread:2246993 [sender.py:send_exit():295] send defer
2021-09-19 10:10:36,231 DEBUG   SenderThread:2246993 [sender.py:send_request():193] send_request: poll_exit
2021-09-19 10:10:36,232 DEBUG   HandlerThread:2246993 [handler.py:handle_request():124] handle_request: defer
2021-09-19 10:10:36,232 INFO    HandlerThread:2246993 [handler.py:handle_request_defer():141] handle defer: 0
2021-09-19 10:10:36,232 DEBUG   SenderThread:2246993 [sender.py:send_request():193] send_request: defer
2021-09-19 10:10:36,232 INFO    SenderThread:2246993 [sender.py:send_request_defer():304] handle sender defer: 0
2021-09-19 10:10:36,232 INFO    SenderThread:2246993 [sender.py:transition_state():308] send defer: 1
2021-09-19 10:10:36,232 DEBUG   HandlerThread:2246993 [handler.py:handle_request():124] handle_request: defer
2021-09-19 10:10:36,232 INFO    HandlerThread:2246993 [handler.py:handle_request_defer():141] handle defer: 1
2021-09-19 10:10:36,267 DEBUG   SenderThread:2246993 [sender.py:send_request():193] send_request: defer
2021-09-19 10:10:36,268 INFO    SenderThread:2246993 [sender.py:send_request_defer():304] handle sender defer: 1
2021-09-19 10:10:36,268 INFO    SenderThread:2246993 [sender.py:transition_state():308] send defer: 2
2021-09-19 10:10:36,268 DEBUG   SenderThread:2246993 [sender.py:send():179] send: stats
2021-09-19 10:10:36,269 DEBUG   HandlerThread:2246993 [handler.py:handle_request():124] handle_request: defer
2021-09-19 10:10:36,270 INFO    HandlerThread:2246993 [handler.py:handle_request_defer():141] handle defer: 2
2021-09-19 10:10:36,270 DEBUG   SenderThread:2246993 [sender.py:send_request():193] send_request: defer
2021-09-19 10:10:36,271 INFO    SenderThread:2246993 [sender.py:send_request_defer():304] handle sender defer: 2
2021-09-19 10:10:36,271 INFO    SenderThread:2246993 [sender.py:transition_state():308] send defer: 3
2021-09-19 10:10:36,271 DEBUG   HandlerThread:2246993 [handler.py:handle_request():124] handle_request: defer
2021-09-19 10:10:36,271 INFO    HandlerThread:2246993 [handler.py:handle_request_defer():141] handle defer: 3
2021-09-19 10:10:36,271 DEBUG   SenderThread:2246993 [sender.py:send():179] send: summary
2021-09-19 10:10:36,272 INFO    SenderThread:2246993 [sender.py:_save_file():841] saving file wandb-summary.json with policy end
2021-09-19 10:10:36,272 DEBUG   SenderThread:2246993 [sender.py:send_request():193] send_request: defer
2021-09-19 10:10:36,272 INFO    SenderThread:2246993 [sender.py:send_request_defer():304] handle sender defer: 3
2021-09-19 10:10:36,272 INFO    SenderThread:2246993 [sender.py:transition_state():308] send defer: 4
2021-09-19 10:10:36,273 DEBUG   HandlerThread:2246993 [handler.py:handle_request():124] handle_request: defer
2021-09-19 10:10:36,273 INFO    HandlerThread:2246993 [handler.py:handle_request_defer():141] handle defer: 4
2021-09-19 10:10:36,273 DEBUG   SenderThread:2246993 [sender.py:send_request():193] send_request: defer
2021-09-19 10:10:36,273 INFO    SenderThread:2246993 [sender.py:send_request_defer():304] handle sender defer: 4
2021-09-19 10:10:36,333 DEBUG   HandlerThread:2246993 [handler.py:handle_request():124] handle_request: poll_exit
2021-09-19 10:10:36,336 ERROR   SenderThread:2246993 [internal_api.py:execute():130] 429 response executing GraphQL.
2021-09-19 10:10:36,336 ERROR   SenderThread:2246993 [internal_api.py:execute():131] {"error":"rate limit exceeded"}

2021-09-19 10:10:36,953 INFO    Thread-8  :2246993 [dir_watcher.py:_on_file_modified():229] file/dir modified: /grid/koo/home/toneyan/profile/QuantPred/wandb/run-20210919_101000-zo4blnpw/files/wandb-summary.json
2021-09-19 10:10:37,576 ERROR   SenderThread:2246993 [internal_api.py:execute():130] 429 response executing GraphQL.
2021-09-19 10:10:37,576 ERROR   SenderThread:2246993 [internal_api.py:execute():131] {"error":"rate limit exceeded"}

2021-09-19 10:10:40,082 ERROR   SenderThread:2246993 [internal_api.py:execute():130] 429 response executing GraphQL.
2021-09-19 10:10:40,082 ERROR   SenderThread:2246993 [internal_api.py:execute():131] {"error":"rate limit exceeded"}

2021-09-19 10:10:40,082 ERROR   SenderThread:2246993 [retry.py:__call__():126] Retry attempt failed:
Traceback (most recent call last):
  File "/usr/local/lib/python3.6/dist-packages/wandb/sdk/lib/retry.py", line 102, in __call__
    result = self._call_fn(*args, **kwargs)
  File "/usr/local/lib/python3.6/dist-packages/wandb/sdk/internal/internal_api.py", line 133, in execute
    six.reraise(*sys.exc_info())
  File "/usr/local/lib/python3.6/dist-packages/six.py", line 719, in reraise
    raise value
  File "/usr/local/lib/python3.6/dist-packages/wandb/sdk/internal/internal_api.py", line 127, in execute
    return self.client.execute(*args, **kwargs)
  File "/usr/local/lib/python3.6/dist-packages/wandb/vendor/gql-0.2.0/gql/client.py", line 52, in execute
    result = self._get_result(document, *args, **kwargs)
  File "/usr/local/lib/python3.6/dist-packages/wandb/vendor/gql-0.2.0/gql/client.py", line 60, in _get_result
    return self.transport.execute(document, *args, **kwargs)
  File "/usr/local/lib/python3.6/dist-packages/wandb/vendor/gql-0.2.0/gql/transport/requests.py", line 39, in execute
    request.raise_for_status()
  File "/usr/local/lib/python3.6/dist-packages/requests/models.py", line 943, in raise_for_status
    raise HTTPError(http_error_msg, response=self)
requests.exceptions.HTTPError: 429 Client Error: Too Many Requests for url: https://api.wandb.ai/graphql
2021-09-19 10:10:41,434 DEBUG   HandlerThread:2246993 [handler.py:handle_request():124] handle_request: poll_exit
2021-09-19 10:10:44,925 ERROR   SenderThread:2246993 [internal_api.py:execute():130] 429 response executing GraphQL.
2021-09-19 10:10:44,926 ERROR   SenderThread:2246993 [internal_api.py:execute():131] {"error":"rate limit exceeded"}

2021-09-19 10:10:46,535 DEBUG   HandlerThread:2246993 [handler.py:handle_request():124] handle_request: poll_exit
2021-09-19 10:10:51,635 DEBUG   HandlerThread:2246993 [handler.py:handle_request():124] handle_request: poll_exit
2021-09-19 10:10:54,664 ERROR   SenderThread:2246993 [internal_api.py:execute():130] 429 response executing GraphQL.
2021-09-19 10:10:54,664 ERROR   SenderThread:2246993 [internal_api.py:execute():131] {"error":"rate limit exceeded"}

2021-09-19 10:10:56,736 DEBUG   HandlerThread:2246993 [handler.py:handle_request():124] handle_request: poll_exit
2021-09-19 10:11:01,836 DEBUG   HandlerThread:2246993 [handler.py:handle_request():124] handle_request: poll_exit
2021-09-19 10:11:06,937 DEBUG   HandlerThread:2246993 [handler.py:handle_request():124] handle_request: poll_exit
2021-09-19 10:11:11,245 ERROR   SenderThread:2246993 [internal_api.py:execute():130] 429 response executing GraphQL.
2021-09-19 10:11:11,245 ERROR   SenderThread:2246993 [internal_api.py:execute():131] {"error":"rate limit exceeded"}

2021-09-19 10:11:12,038 DEBUG   HandlerThread:2246993 [handler.py:handle_request():124] handle_request: poll_exit
2021-09-19 10:11:17,138 DEBUG   HandlerThread:2246993 [handler.py:handle_request():124] handle_request: poll_exit
2021-09-19 10:11:22,239 DEBUG   HandlerThread:2246993 [handler.py:handle_request():124] handle_request: poll_exit
2021-09-19 10:11:27,340 DEBUG   HandlerThread:2246993 [handler.py:handle_request():124] handle_request: poll_exit
2021-09-19 10:11:32,440 DEBUG   HandlerThread:2246993 [handler.py:handle_request():124] handle_request: poll_exit
2021-09-19 10:11:37,541 DEBUG   HandlerThread:2246993 [handler.py:handle_request():124] handle_request: poll_exit
2021-09-19 10:11:42,641 DEBUG   HandlerThread:2246993 [handler.py:handle_request():124] handle_request: poll_exit
2021-09-19 10:11:45,566 INFO    SenderThread:2246993 [sender.py:transition_state():308] send defer: 5
2021-09-19 10:11:45,567 DEBUG   SenderThread:2246993 [sender.py:send_request():193] send_request: poll_exit
2021-09-19 10:11:45,567 DEBUG   SenderThread:2246993 [sender.py:send_request():193] send_request: poll_exit
2021-09-19 10:11:45,568 DEBUG   HandlerThread:2246993 [handler.py:handle_request():124] handle_request: defer
2021-09-19 10:11:45,568 DEBUG   SenderThread:2246993 [sender.py:send_request():193] send_request: poll_exit
2021-09-19 10:11:45,568 INFO    HandlerThread:2246993 [handler.py:handle_request_defer():141] handle defer: 5
2021-09-19 10:11:45,568 DEBUG   SenderThread:2246993 [sender.py:send_request():193] send_request: poll_exit
2021-09-19 10:11:45,568 DEBUG   SenderThread:2246993 [sender.py:send_request():193] send_request: poll_exit
2021-09-19 10:11:45,569 DEBUG   SenderThread:2246993 [sender.py:send_request():193] send_request: poll_exit
2021-09-19 10:11:45,569 DEBUG   SenderThread:2246993 [sender.py:send_request():193] send_request: poll_exit
2021-09-19 10:11:45,569 DEBUG   SenderThread:2246993 [sender.py:send_request():193] send_request: poll_exit
2021-09-19 10:11:45,569 DEBUG   SenderThread:2246993 [sender.py:send_request():193] send_request: poll_exit
2021-09-19 10:11:45,569 DEBUG   SenderThread:2246993 [sender.py:send_request():193] send_request: poll_exit
2021-09-19 10:11:45,569 DEBUG   SenderThread:2246993 [sender.py:send_request():193] send_request: poll_exit
2021-09-19 10:11:45,569 DEBUG   SenderThread:2246993 [sender.py:send_request():193] send_request: poll_exit
2021-09-19 10:11:45,569 DEBUG   SenderThread:2246993 [sender.py:send_request():193] send_request: poll_exit
2021-09-19 10:11:45,569 DEBUG   SenderThread:2246993 [sender.py:send_request():193] send_request: poll_exit
2021-09-19 10:11:45,570 DEBUG   SenderThread:2246993 [sender.py:send_request():193] send_request: defer
2021-09-19 10:11:45,570 INFO    SenderThread:2246993 [sender.py:send_request_defer():304] handle sender defer: 5
2021-09-19 10:11:45,570 INFO    SenderThread:2246993 [dir_watcher.py:finish():282] shutting down directory watcher
2021-09-19 10:11:45,692 DEBUG   HandlerThread:2246993 [handler.py:handle_request():124] handle_request: poll_exit
2021-09-19 10:11:45,965 INFO    SenderThread:2246993 [dir_watcher.py:_on_file_modified():229] file/dir modified: /grid/koo/home/toneyan/profile/QuantPred/wandb/run-20210919_101000-zo4blnpw/files/config.yaml
2021-09-19 10:11:45,966 INFO    SenderThread:2246993 [dir_watcher.py:finish():312] scan: /grid/koo/home/toneyan/profile/QuantPred/wandb/run-20210919_101000-zo4blnpw/files
2021-09-19 10:11:45,966 INFO    SenderThread:2246993 [dir_watcher.py:finish():318] scan save: /grid/koo/home/toneyan/profile/QuantPred/wandb/run-20210919_101000-zo4blnpw/files/wandb-metadata.json wandb-metadata.json
2021-09-19 10:11:45,966 INFO    SenderThread:2246993 [dir_watcher.py:finish():318] scan save: /grid/koo/home/toneyan/profile/QuantPred/wandb/run-20210919_101000-zo4blnpw/files/config.yaml config.yaml
2021-09-19 10:11:45,966 INFO    SenderThread:2246993 [dir_watcher.py:finish():318] scan save: /grid/koo/home/toneyan/profile/QuantPred/wandb/run-20210919_101000-zo4blnpw/files/requirements.txt requirements.txt
2021-09-19 10:11:45,969 INFO    SenderThread:2246993 [dir_watcher.py:finish():318] scan save: /grid/koo/home/toneyan/profile/QuantPred/wandb/run-20210919_101000-zo4blnpw/files/wandb-summary.json wandb-summary.json
2021-09-19 10:11:45,970 INFO    SenderThread:2246993 [dir_watcher.py:finish():318] scan save: /grid/koo/home/toneyan/profile/QuantPred/wandb/run-20210919_101000-zo4blnpw/files/output.log output.log
2021-09-19 10:11:45,978 INFO    SenderThread:2246993 [sender.py:transition_state():308] send defer: 6
2021-09-19 10:11:45,978 DEBUG   SenderThread:2246993 [sender.py:send_request():193] send_request: poll_exit
2021-09-19 10:11:45,979 DEBUG   HandlerThread:2246993 [handler.py:handle_request():124] handle_request: defer
2021-09-19 10:11:45,979 INFO    HandlerThread:2246993 [handler.py:handle_request_defer():141] handle defer: 6
2021-09-19 10:11:45,979 DEBUG   SenderThread:2246993 [sender.py:send_request():193] send_request: defer
2021-09-19 10:11:45,979 INFO    SenderThread:2246993 [sender.py:send_request_defer():304] handle sender defer: 6
2021-09-19 10:11:45,979 INFO    SenderThread:2246993 [file_pusher.py:finish():177] shutting down file pusher
2021-09-19 10:11:46,080 DEBUG   HandlerThread:2246993 [handler.py:handle_request():124] handle_request: poll_exit
2021-09-19 10:11:46,080 DEBUG   SenderThread:2246993 [sender.py:send_request():193] send_request: poll_exit
2021-09-19 10:11:46,181 DEBUG   HandlerThread:2246993 [handler.py:handle_request():124] handle_request: poll_exit
2021-09-19 10:11:46,182 DEBUG   SenderThread:2246993 [sender.py:send_request():193] send_request: poll_exit
2021-09-19 10:11:46,283 DEBUG   HandlerThread:2246993 [handler.py:handle_request():124] handle_request: poll_exit
2021-09-19 10:11:46,283 DEBUG   SenderThread:2246993 [sender.py:send_request():193] send_request: poll_exit
2021-09-19 10:11:46,301 INFO    Thread-13 :2246993 [upload_job.py:push():137] Uploaded file /grid/koo/home/toneyan/profile/QuantPred/wandb/run-20210919_101000-zo4blnpw/files/requirements.txt
2021-09-19 10:11:46,306 INFO    Thread-12 :2246993 [upload_job.py:push():137] Uploaded file /grid/koo/home/toneyan/profile/QuantPred/wandb/run-20210919_101000-zo4blnpw/files/config.yaml
2021-09-19 10:11:46,366 INFO    Thread-14 :2246993 [upload_job.py:push():137] Uploaded file /grid/koo/home/toneyan/profile/QuantPred/wandb/run-20210919_101000-zo4blnpw/files/wandb-summary.json
2021-09-19 10:11:46,385 DEBUG   HandlerThread:2246993 [handler.py:handle_request():124] handle_request: poll_exit
2021-09-19 10:11:46,385 DEBUG   SenderThread:2246993 [sender.py:send_request():193] send_request: poll_exit
2021-09-19 10:11:46,487 DEBUG   HandlerThread:2246993 [handler.py:handle_request():124] handle_request: poll_exit
2021-09-19 10:11:46,487 DEBUG   SenderThread:2246993 [sender.py:send_request():193] send_request: poll_exit
2021-09-19 10:11:46,567 INFO    Thread-7  :2246993 [sender.py:transition_state():308] send defer: 7
2021-09-19 10:11:46,567 DEBUG   HandlerThread:2246993 [handler.py:handle_request():124] handle_request: defer
2021-09-19 10:11:46,568 INFO    HandlerThread:2246993 [handler.py:handle_request_defer():141] handle defer: 7
2021-09-19 10:11:46,568 DEBUG   SenderThread:2246993 [sender.py:send_request():193] send_request: defer
2021-09-19 10:11:46,568 INFO    SenderThread:2246993 [sender.py:send_request_defer():304] handle sender defer: 7
2021-09-19 10:11:46,589 DEBUG   HandlerThread:2246993 [handler.py:handle_request():124] handle_request: poll_exit
2021-09-19 10:11:46,619 INFO    SenderThread:2246993 [sender.py:transition_state():308] send defer: 8
2021-09-19 10:11:46,619 DEBUG   SenderThread:2246993 [sender.py:send_request():193] send_request: poll_exit
2021-09-19 10:11:46,620 DEBUG   HandlerThread:2246993 [handler.py:handle_request():124] handle_request: defer
2021-09-19 10:11:46,620 INFO    HandlerThread:2246993 [handler.py:handle_request_defer():141] handle defer: 8
2021-09-19 10:11:46,620 DEBUG   SenderThread:2246993 [sender.py:send_request():193] send_request: defer
2021-09-19 10:11:46,620 INFO    SenderThread:2246993 [sender.py:send_request_defer():304] handle sender defer: 8
2021-09-19 10:11:46,620 INFO    SenderThread:2246993 [sender.py:transition_state():308] send defer: 9
2021-09-19 10:11:46,621 DEBUG   SenderThread:2246993 [sender.py:send():179] send: final
2021-09-19 10:11:46,621 DEBUG   SenderThread:2246993 [sender.py:send():179] send: footer
2021-09-19 10:11:46,621 DEBUG   HandlerThread:2246993 [handler.py:handle_request():124] handle_request: defer
2021-09-19 10:11:46,621 INFO    HandlerThread:2246993 [handler.py:handle_request_defer():141] handle defer: 9
2021-09-19 10:11:46,621 DEBUG   SenderThread:2246993 [sender.py:send_request():193] send_request: defer
2021-09-19 10:11:46,621 INFO    SenderThread:2246993 [sender.py:send_request_defer():304] handle sender defer: 9
2021-09-19 10:11:46,721 DEBUG   HandlerThread:2246993 [handler.py:handle_request():124] handle_request: poll_exit
2021-09-19 10:11:46,721 DEBUG   SenderThread:2246993 [sender.py:send_request():193] send_request: poll_exit
2021-09-19 10:11:46,722 INFO    SenderThread:2246993 [file_pusher.py:join():182] waiting for file pusher
2021-09-19 10:11:46,745 DEBUG   HandlerThread:2246993 [handler.py:handle_request():124] handle_request: get_summary
2021-09-19 10:11:46,745 DEBUG   HandlerThread:2246993 [handler.py:handle_request():124] handle_request: sampled_history
2021-09-19 10:11:46,746 DEBUG   HandlerThread:2246993 [handler.py:handle_request():124] handle_request: shutdown
2021-09-19 10:11:46,746 INFO    HandlerThread:2246993 [handler.py:finish():638] shutting down handler
2021-09-19 10:11:47,621 INFO    WriterThread:2246993 [datastore.py:close():288] close: /grid/koo/home/toneyan/profile/QuantPred/wandb/run-20210919_101000-zo4blnpw/run-zo4blnpw.wandb
2021-09-19 10:11:47,722 INFO    SenderThread:2246993 [sender.py:finish():945] shutting down sender
2021-09-19 10:11:47,722 INFO    SenderThread:2246993 [file_pusher.py:finish():177] shutting down file pusher
2021-09-19 10:11:47,722 INFO    SenderThread:2246993 [file_pusher.py:join():182] waiting for file pusher
2021-09-19 10:11:47,724 INFO    MainThread:2246993 [internal.py:handle_exit():78] Internal process exited
