2021-09-19 12:46:35,032 INFO    MainThread:1826565 [internal.py:wandb_internal():91] W&B internal server running at pid: 1826565, started at: 2021-09-19 12:46:35.031195
2021-09-19 12:46:35,033 DEBUG   HandlerThread:1826565 [handler.py:handle_request():124] handle_request: check_version
2021-09-19 12:46:35,033 INFO    WriterThread:1826565 [datastore.py:open_for_write():80] open: /grid/koo/home/toneyan/profile/QuantPred/wandb/run-20210919_124634-x5l6t635/run-x5l6t635.wandb
2021-09-19 12:46:35,035 DEBUG   SenderThread:1826565 [sender.py:send():179] send: header
2021-09-19 12:46:35,035 DEBUG   SenderThread:1826565 [sender.py:send_request():193] send_request: check_version
2021-09-19 12:46:35,062 DEBUG   SenderThread:1826565 [sender.py:send():179] send: run
2021-09-19 12:46:35,140 INFO    SenderThread:1826565 [dir_watcher.py:__init__():168] watching files in: /grid/koo/home/toneyan/profile/QuantPred/wandb/run-20210919_124634-x5l6t635/files
2021-09-19 12:46:35,140 INFO    SenderThread:1826565 [sender.py:_start_run_threads():719] run started: x5l6t635 with start time 1632069994
2021-09-19 12:46:35,140 DEBUG   SenderThread:1826565 [sender.py:send():179] send: summary
2021-09-19 12:46:35,141 INFO    SenderThread:1826565 [sender.py:_save_file():841] saving file wandb-summary.json with policy end
2021-09-19 12:46:35,142 DEBUG   HandlerThread:1826565 [handler.py:handle_request():124] handle_request: run_start
2021-09-19 12:46:36,142 INFO    Thread-8  :1826565 [dir_watcher.py:_on_file_created():216] file/dir created: /grid/koo/home/toneyan/profile/QuantPred/wandb/run-20210919_124634-x5l6t635/files/wandb-summary.json
2021-09-19 12:46:36,210 DEBUG   HandlerThread:1826565 [meta.py:__init__():39] meta init
2021-09-19 12:46:36,210 DEBUG   HandlerThread:1826565 [meta.py:__init__():53] meta init done
2021-09-19 12:46:36,210 DEBUG   HandlerThread:1826565 [meta.py:probe():210] probe
2021-09-19 12:46:36,216 DEBUG   HandlerThread:1826565 [meta.py:_save_pip():57] save pip
2021-09-19 12:46:36,217 DEBUG   HandlerThread:1826565 [meta.py:_save_pip():71] save pip done
2021-09-19 12:46:36,217 DEBUG   HandlerThread:1826565 [meta.py:probe():252] probe done
2021-09-19 12:46:36,219 DEBUG   SenderThread:1826565 [sender.py:send():179] send: files
2021-09-19 12:46:36,219 INFO    SenderThread:1826565 [sender.py:_save_file():841] saving file wandb-metadata.json with policy now
2021-09-19 12:46:36,224 DEBUG   HandlerThread:1826565 [handler.py:handle_request():124] handle_request: stop_status
2021-09-19 12:46:36,225 DEBUG   SenderThread:1826565 [sender.py:send_request():193] send_request: stop_status
2021-09-19 12:46:36,276 ERROR   Thread-11 :1826565 [internal_api.py:execute():130] 429 response executing GraphQL.
2021-09-19 12:46:36,277 ERROR   Thread-11 :1826565 [internal_api.py:execute():131] {"error":"rate limit exceeded"}

2021-09-19 12:46:36,280 ERROR   SenderThread:1826565 [internal_api.py:execute():130] 429 response executing GraphQL.
2021-09-19 12:46:36,280 ERROR   SenderThread:1826565 [internal_api.py:execute():131] {"error":"rate limit exceeded"}

2021-09-19 12:46:37,143 INFO    Thread-8  :1826565 [dir_watcher.py:_on_file_created():216] file/dir created: /grid/koo/home/toneyan/profile/QuantPred/wandb/run-20210919_124634-x5l6t635/files/output.log
2021-09-19 12:46:37,143 INFO    Thread-8  :1826565 [dir_watcher.py:_on_file_created():216] file/dir created: /grid/koo/home/toneyan/profile/QuantPred/wandb/run-20210919_124634-x5l6t635/files/requirements.txt
2021-09-19 12:46:37,143 INFO    Thread-8  :1826565 [dir_watcher.py:_on_file_created():216] file/dir created: /grid/koo/home/toneyan/profile/QuantPred/wandb/run-20210919_124634-x5l6t635/files/wandb-metadata.json
2021-09-19 12:46:37,351 ERROR   SenderThread:1826565 [internal_api.py:execute():130] 429 response executing GraphQL.
2021-09-19 12:46:37,351 ERROR   SenderThread:1826565 [internal_api.py:execute():131] {"error":"rate limit exceeded"}

2021-09-19 12:46:37,516 ERROR   Thread-11 :1826565 [internal_api.py:execute():130] 429 response executing GraphQL.
2021-09-19 12:46:37,516 ERROR   Thread-11 :1826565 [internal_api.py:execute():131] {"error":"rate limit exceeded"}

2021-09-19 12:46:37,517 ERROR   Thread-11 :1826565 [retry.py:__call__():126] Retry attempt failed:
Traceback (most recent call last):
  File "/usr/local/lib/python3.6/dist-packages/wandb/sdk/lib/retry.py", line 102, in __call__
    result = self._call_fn(*args, **kwargs)
  File "/usr/local/lib/python3.6/dist-packages/wandb/sdk/internal/internal_api.py", line 133, in execute
    six.reraise(*sys.exc_info())
  File "/usr/local/lib/python3.6/dist-packages/six.py", line 719, in reraise
    raise value
  File "/usr/local/lib/python3.6/dist-packages/wandb/sdk/internal/internal_api.py", line 127, in execute
    return self.client.execute(*args, **kwargs)
  File "/usr/local/lib/python3.6/dist-packages/wandb/vendor/gql-0.2.0/gql/client.py", line 52, in execute
    result = self._get_result(document, *args, **kwargs)
  File "/usr/local/lib/python3.6/dist-packages/wandb/vendor/gql-0.2.0/gql/client.py", line 60, in _get_result
    return self.transport.execute(document, *args, **kwargs)
  File "/usr/local/lib/python3.6/dist-packages/wandb/vendor/gql-0.2.0/gql/transport/requests.py", line 39, in execute
    request.raise_for_status()
  File "/usr/local/lib/python3.6/dist-packages/requests/models.py", line 943, in raise_for_status
    raise HTTPError(http_error_msg, response=self)
requests.exceptions.HTTPError: 429 Client Error: Too Many Requests for url: https://api.wandb.ai/graphql
2021-09-19 12:46:39,418 ERROR   SenderThread:1826565 [internal_api.py:execute():130] 429 response executing GraphQL.
2021-09-19 12:46:39,419 ERROR   SenderThread:1826565 [internal_api.py:execute():131] {"error":"rate limit exceeded"}

2021-09-19 12:46:39,735 ERROR   Thread-11 :1826565 [internal_api.py:execute():130] 429 response executing GraphQL.
2021-09-19 12:46:39,735 ERROR   Thread-11 :1826565 [internal_api.py:execute():131] {"error":"rate limit exceeded"}

2021-09-19 12:46:44,377 ERROR   Thread-11 :1826565 [internal_api.py:execute():130] 429 response executing GraphQL.
2021-09-19 12:46:44,377 ERROR   Thread-11 :1826565 [internal_api.py:execute():131] {"error":"rate limit exceeded"}

2021-09-19 12:46:44,441 ERROR   SenderThread:1826565 [internal_api.py:execute():130] 429 response executing GraphQL.
2021-09-19 12:46:44,441 ERROR   SenderThread:1826565 [internal_api.py:execute():131] {"error":"rate limit exceeded"}

2021-09-19 12:46:54,318 INFO    Thread-11 :1826565 [upload_job.py:push():137] Uploaded file /tmp/3288855.1.gpu_ded.q/tmpo63d2yapwandb/121rzq16-wandb-metadata.json
2021-09-19 12:47:04,580 DEBUG   SenderThread:1826565 [sender.py:send():179] send: stats
2021-09-19 12:47:08,215 DEBUG   HandlerThread:1826565 [handler.py:handle_request():124] handle_request: stop_status
2021-09-19 12:47:08,216 DEBUG   SenderThread:1826565 [sender.py:send_request():193] send_request: stop_status
2021-09-19 12:47:08,273 ERROR   SenderThread:1826565 [internal_api.py:execute():130] 429 response executing GraphQL.
2021-09-19 12:47:08,273 ERROR   SenderThread:1826565 [internal_api.py:execute():131] {"error":"rate limit exceeded"}

2021-09-19 12:47:09,388 ERROR   SenderThread:1826565 [internal_api.py:execute():130] 429 response executing GraphQL.
2021-09-19 12:47:09,389 ERROR   SenderThread:1826565 [internal_api.py:execute():131] {"error":"rate limit exceeded"}

2021-09-19 12:47:09,509 DEBUG   HandlerThread:1826565 [handler.py:handle_request():124] handle_request: poll_exit
2021-09-19 12:47:11,588 ERROR   SenderThread:1826565 [internal_api.py:execute():130] 429 response executing GraphQL.
2021-09-19 12:47:11,589 ERROR   SenderThread:1826565 [internal_api.py:execute():131] {"error":"rate limit exceeded"}

2021-09-19 12:47:11,589 ERROR   SenderThread:1826565 [retry.py:__call__():126] Retry attempt failed:
Traceback (most recent call last):
  File "/usr/local/lib/python3.6/dist-packages/wandb/sdk/lib/retry.py", line 102, in __call__
    result = self._call_fn(*args, **kwargs)
  File "/usr/local/lib/python3.6/dist-packages/wandb/sdk/internal/internal_api.py", line 133, in execute
    six.reraise(*sys.exc_info())
  File "/usr/local/lib/python3.6/dist-packages/six.py", line 719, in reraise
    raise value
  File "/usr/local/lib/python3.6/dist-packages/wandb/sdk/internal/internal_api.py", line 127, in execute
    return self.client.execute(*args, **kwargs)
  File "/usr/local/lib/python3.6/dist-packages/wandb/vendor/gql-0.2.0/gql/client.py", line 52, in execute
    result = self._get_result(document, *args, **kwargs)
  File "/usr/local/lib/python3.6/dist-packages/wandb/vendor/gql-0.2.0/gql/client.py", line 60, in _get_result
    return self.transport.execute(document, *args, **kwargs)
  File "/usr/local/lib/python3.6/dist-packages/wandb/vendor/gql-0.2.0/gql/transport/requests.py", line 39, in execute
    request.raise_for_status()
  File "/usr/local/lib/python3.6/dist-packages/requests/models.py", line 943, in raise_for_status
    raise HTTPError(http_error_msg, response=self)
requests.exceptions.HTTPError: 429 Client Error: Too Many Requests for url: https://api.wandb.ai/graphql
2021-09-19 12:47:14,609 DEBUG   HandlerThread:1826565 [handler.py:handle_request():124] handle_request: poll_exit
2021-09-19 12:47:16,287 DEBUG   SenderThread:1826565 [sender.py:send():179] send: telemetry
2021-09-19 12:47:16,288 DEBUG   SenderThread:1826565 [sender.py:send():179] send: exit
2021-09-19 12:47:16,288 INFO    SenderThread:1826565 [sender.py:send_exit():287] handling exit code: 1
2021-09-19 12:47:16,288 INFO    SenderThread:1826565 [sender.py:send_exit():295] send defer
2021-09-19 12:47:16,288 DEBUG   SenderThread:1826565 [sender.py:send_request():193] send_request: poll_exit
2021-09-19 12:47:16,288 DEBUG   SenderThread:1826565 [sender.py:send_request():193] send_request: poll_exit
2021-09-19 12:47:16,288 DEBUG   HandlerThread:1826565 [handler.py:handle_request():124] handle_request: defer
2021-09-19 12:47:16,288 INFO    HandlerThread:1826565 [handler.py:handle_request_defer():141] handle defer: 0
2021-09-19 12:47:16,289 DEBUG   SenderThread:1826565 [sender.py:send_request():193] send_request: defer
2021-09-19 12:47:16,289 INFO    SenderThread:1826565 [sender.py:send_request_defer():304] handle sender defer: 0
2021-09-19 12:47:16,289 INFO    SenderThread:1826565 [sender.py:transition_state():308] send defer: 1
2021-09-19 12:47:16,289 DEBUG   HandlerThread:1826565 [handler.py:handle_request():124] handle_request: defer
2021-09-19 12:47:16,289 INFO    HandlerThread:1826565 [handler.py:handle_request_defer():141] handle defer: 1
2021-09-19 12:47:16,321 DEBUG   SenderThread:1826565 [sender.py:send_request():193] send_request: defer
2021-09-19 12:47:16,321 INFO    SenderThread:1826565 [sender.py:send_request_defer():304] handle sender defer: 1
2021-09-19 12:47:16,321 INFO    SenderThread:1826565 [sender.py:transition_state():308] send defer: 2
2021-09-19 12:47:16,321 DEBUG   SenderThread:1826565 [sender.py:send():179] send: stats
2021-09-19 12:47:16,322 DEBUG   HandlerThread:1826565 [handler.py:handle_request():124] handle_request: defer
2021-09-19 12:47:16,323 INFO    HandlerThread:1826565 [handler.py:handle_request_defer():141] handle defer: 2
2021-09-19 12:47:16,323 DEBUG   SenderThread:1826565 [sender.py:send_request():193] send_request: defer
2021-09-19 12:47:16,323 INFO    SenderThread:1826565 [sender.py:send_request_defer():304] handle sender defer: 2
2021-09-19 12:47:16,323 INFO    SenderThread:1826565 [sender.py:transition_state():308] send defer: 3
2021-09-19 12:47:16,324 DEBUG   HandlerThread:1826565 [handler.py:handle_request():124] handle_request: defer
2021-09-19 12:47:16,324 INFO    HandlerThread:1826565 [handler.py:handle_request_defer():141] handle defer: 3
2021-09-19 12:47:16,324 DEBUG   SenderThread:1826565 [sender.py:send():179] send: summary
2021-09-19 12:47:16,324 INFO    SenderThread:1826565 [sender.py:_save_file():841] saving file wandb-summary.json with policy end
2021-09-19 12:47:16,324 DEBUG   SenderThread:1826565 [sender.py:send_request():193] send_request: defer
2021-09-19 12:47:16,324 INFO    SenderThread:1826565 [sender.py:send_request_defer():304] handle sender defer: 3
2021-09-19 12:47:16,324 INFO    SenderThread:1826565 [sender.py:transition_state():308] send defer: 4
2021-09-19 12:47:16,325 DEBUG   HandlerThread:1826565 [handler.py:handle_request():124] handle_request: defer
2021-09-19 12:47:16,325 INFO    HandlerThread:1826565 [handler.py:handle_request_defer():141] handle defer: 4
2021-09-19 12:47:16,325 DEBUG   SenderThread:1826565 [sender.py:send_request():193] send_request: defer
2021-09-19 12:47:16,325 INFO    SenderThread:1826565 [sender.py:send_request_defer():304] handle sender defer: 4
2021-09-19 12:47:16,390 DEBUG   HandlerThread:1826565 [handler.py:handle_request():124] handle_request: poll_exit
2021-09-19 12:47:16,402 INFO    SenderThread:1826565 [sender.py:transition_state():308] send defer: 5
2021-09-19 12:47:16,402 DEBUG   SenderThread:1826565 [sender.py:send_request():193] send_request: poll_exit
2021-09-19 12:47:16,403 DEBUG   HandlerThread:1826565 [handler.py:handle_request():124] handle_request: defer
2021-09-19 12:47:16,403 INFO    HandlerThread:1826565 [handler.py:handle_request_defer():141] handle defer: 5
2021-09-19 12:47:16,403 DEBUG   SenderThread:1826565 [sender.py:send_request():193] send_request: defer
2021-09-19 12:47:16,403 INFO    SenderThread:1826565 [sender.py:send_request_defer():304] handle sender defer: 5
2021-09-19 12:47:16,403 INFO    SenderThread:1826565 [dir_watcher.py:finish():282] shutting down directory watcher
2021-09-19 12:47:16,504 DEBUG   HandlerThread:1826565 [handler.py:handle_request():124] handle_request: poll_exit
2021-09-19 12:47:17,149 INFO    SenderThread:1826565 [dir_watcher.py:_on_file_modified():229] file/dir modified: /grid/koo/home/toneyan/profile/QuantPred/wandb/run-20210919_124634-x5l6t635/files/config.yaml
2021-09-19 12:47:17,149 INFO    SenderThread:1826565 [dir_watcher.py:_on_file_modified():229] file/dir modified: /grid/koo/home/toneyan/profile/QuantPred/wandb/run-20210919_124634-x5l6t635/files/wandb-summary.json
2021-09-19 12:47:17,150 INFO    SenderThread:1826565 [dir_watcher.py:finish():312] scan: /grid/koo/home/toneyan/profile/QuantPred/wandb/run-20210919_124634-x5l6t635/files
2021-09-19 12:47:17,150 INFO    SenderThread:1826565 [dir_watcher.py:finish():318] scan save: /grid/koo/home/toneyan/profile/QuantPred/wandb/run-20210919_124634-x5l6t635/files/wandb-metadata.json wandb-metadata.json
2021-09-19 12:47:17,150 INFO    SenderThread:1826565 [dir_watcher.py:finish():318] scan save: /grid/koo/home/toneyan/profile/QuantPred/wandb/run-20210919_124634-x5l6t635/files/config.yaml config.yaml
2021-09-19 12:47:17,150 INFO    SenderThread:1826565 [dir_watcher.py:finish():318] scan save: /grid/koo/home/toneyan/profile/QuantPred/wandb/run-20210919_124634-x5l6t635/files/requirements.txt requirements.txt
2021-09-19 12:47:17,150 INFO    SenderThread:1826565 [dir_watcher.py:finish():318] scan save: /grid/koo/home/toneyan/profile/QuantPred/wandb/run-20210919_124634-x5l6t635/files/wandb-summary.json wandb-summary.json
2021-09-19 12:47:17,150 INFO    SenderThread:1826565 [dir_watcher.py:finish():318] scan save: /grid/koo/home/toneyan/profile/QuantPred/wandb/run-20210919_124634-x5l6t635/files/output.log output.log
2021-09-19 12:47:17,156 INFO    SenderThread:1826565 [sender.py:transition_state():308] send defer: 6
2021-09-19 12:47:17,156 DEBUG   SenderThread:1826565 [sender.py:send_request():193] send_request: poll_exit
2021-09-19 12:47:17,161 DEBUG   HandlerThread:1826565 [handler.py:handle_request():124] handle_request: defer
2021-09-19 12:47:17,161 INFO    HandlerThread:1826565 [handler.py:handle_request_defer():141] handle defer: 6
2021-09-19 12:47:17,162 DEBUG   SenderThread:1826565 [sender.py:send_request():193] send_request: defer
2021-09-19 12:47:17,162 INFO    SenderThread:1826565 [sender.py:send_request_defer():304] handle sender defer: 6
2021-09-19 12:47:17,162 INFO    SenderThread:1826565 [file_pusher.py:finish():177] shutting down file pusher
2021-09-19 12:47:17,262 DEBUG   HandlerThread:1826565 [handler.py:handle_request():124] handle_request: poll_exit
2021-09-19 12:47:17,262 DEBUG   SenderThread:1826565 [sender.py:send_request():193] send_request: poll_exit
2021-09-19 12:47:17,364 DEBUG   HandlerThread:1826565 [handler.py:handle_request():124] handle_request: poll_exit
2021-09-19 12:47:17,364 DEBUG   SenderThread:1826565 [sender.py:send_request():193] send_request: poll_exit
2021-09-19 12:47:17,462 INFO    Thread-14 :1826565 [upload_job.py:push():137] Uploaded file /grid/koo/home/toneyan/profile/QuantPred/wandb/run-20210919_124634-x5l6t635/files/wandb-summary.json
2021-09-19 12:47:17,466 DEBUG   HandlerThread:1826565 [handler.py:handle_request():124] handle_request: poll_exit
2021-09-19 12:47:17,466 DEBUG   SenderThread:1826565 [sender.py:send_request():193] send_request: poll_exit
2021-09-19 12:47:17,514 INFO    Thread-13 :1826565 [upload_job.py:push():137] Uploaded file /grid/koo/home/toneyan/profile/QuantPred/wandb/run-20210919_124634-x5l6t635/files/requirements.txt
2021-09-19 12:47:17,558 INFO    Thread-12 :1826565 [upload_job.py:push():137] Uploaded file /grid/koo/home/toneyan/profile/QuantPred/wandb/run-20210919_124634-x5l6t635/files/config.yaml
2021-09-19 12:47:17,567 DEBUG   HandlerThread:1826565 [handler.py:handle_request():124] handle_request: poll_exit
2021-09-19 12:47:17,568 DEBUG   SenderThread:1826565 [sender.py:send_request():193] send_request: poll_exit
2021-09-19 12:47:17,669 DEBUG   HandlerThread:1826565 [handler.py:handle_request():124] handle_request: poll_exit
2021-09-19 12:47:17,669 DEBUG   SenderThread:1826565 [sender.py:send_request():193] send_request: poll_exit
2021-09-19 12:47:17,759 INFO    Thread-7  :1826565 [sender.py:transition_state():308] send defer: 7
2021-09-19 12:47:17,759 DEBUG   HandlerThread:1826565 [handler.py:handle_request():124] handle_request: defer
2021-09-19 12:47:17,759 INFO    HandlerThread:1826565 [handler.py:handle_request_defer():141] handle defer: 7
2021-09-19 12:47:17,760 DEBUG   SenderThread:1826565 [sender.py:send_request():193] send_request: defer
2021-09-19 12:47:17,760 INFO    SenderThread:1826565 [sender.py:send_request_defer():304] handle sender defer: 7
2021-09-19 12:47:17,771 DEBUG   HandlerThread:1826565 [handler.py:handle_request():124] handle_request: poll_exit
2021-09-19 12:47:17,865 INFO    SenderThread:1826565 [sender.py:transition_state():308] send defer: 8
2021-09-19 12:47:17,865 DEBUG   SenderThread:1826565 [sender.py:send_request():193] send_request: poll_exit
2021-09-19 12:47:17,865 DEBUG   HandlerThread:1826565 [handler.py:handle_request():124] handle_request: defer
2021-09-19 12:47:17,866 INFO    HandlerThread:1826565 [handler.py:handle_request_defer():141] handle defer: 8
2021-09-19 12:47:17,866 DEBUG   SenderThread:1826565 [sender.py:send_request():193] send_request: defer
2021-09-19 12:47:17,866 INFO    SenderThread:1826565 [sender.py:send_request_defer():304] handle sender defer: 8
2021-09-19 12:47:17,866 INFO    SenderThread:1826565 [sender.py:transition_state():308] send defer: 9
2021-09-19 12:47:17,866 DEBUG   HandlerThread:1826565 [handler.py:handle_request():124] handle_request: defer
2021-09-19 12:47:17,866 DEBUG   SenderThread:1826565 [sender.py:send():179] send: final
2021-09-19 12:47:17,866 INFO    HandlerThread:1826565 [handler.py:handle_request_defer():141] handle defer: 9
2021-09-19 12:47:17,866 DEBUG   SenderThread:1826565 [sender.py:send():179] send: footer
2021-09-19 12:47:17,867 DEBUG   SenderThread:1826565 [sender.py:send_request():193] send_request: defer
2021-09-19 12:47:17,867 INFO    SenderThread:1826565 [sender.py:send_request_defer():304] handle sender defer: 9
2021-09-19 12:47:17,967 DEBUG   HandlerThread:1826565 [handler.py:handle_request():124] handle_request: poll_exit
2021-09-19 12:47:17,967 DEBUG   SenderThread:1826565 [sender.py:send_request():193] send_request: poll_exit
2021-09-19 12:47:17,967 INFO    SenderThread:1826565 [file_pusher.py:join():182] waiting for file pusher
2021-09-19 12:47:17,968 DEBUG   HandlerThread:1826565 [handler.py:handle_request():124] handle_request: get_summary
2021-09-19 12:47:17,969 DEBUG   HandlerThread:1826565 [handler.py:handle_request():124] handle_request: sampled_history
2021-09-19 12:47:17,969 DEBUG   HandlerThread:1826565 [handler.py:handle_request():124] handle_request: shutdown
2021-09-19 12:47:17,969 INFO    HandlerThread:1826565 [handler.py:finish():638] shutting down handler
2021-09-19 12:47:18,867 INFO    WriterThread:1826565 [datastore.py:close():288] close: /grid/koo/home/toneyan/profile/QuantPred/wandb/run-20210919_124634-x5l6t635/run-x5l6t635.wandb
2021-09-19 12:47:18,967 INFO    SenderThread:1826565 [sender.py:finish():945] shutting down sender
2021-09-19 12:47:18,967 INFO    SenderThread:1826565 [file_pusher.py:finish():177] shutting down file pusher
2021-09-19 12:47:18,968 INFO    SenderThread:1826565 [file_pusher.py:join():182] waiting for file pusher
2021-09-19 12:47:18,969 INFO    MainThread:1826565 [internal.py:handle_exit():78] Internal process exited
