2021-09-19 09:26:40,918 INFO    MainThread:1258196 [internal.py:wandb_internal():91] W&B internal server running at pid: 1258196, started at: 2021-09-19 09:26:40.917876
2021-09-19 09:26:40,920 DEBUG   HandlerThread:1258196 [handler.py:handle_request():124] handle_request: check_version
2021-09-19 09:26:40,920 INFO    WriterThread:1258196 [datastore.py:open_for_write():80] open: /grid/koo/home/toneyan/profile/QuantPred/wandb/run-20210919_092640-7mk3u0h4/run-7mk3u0h4.wandb
2021-09-19 09:26:40,922 DEBUG   SenderThread:1258196 [sender.py:send():179] send: header
2021-09-19 09:26:40,922 DEBUG   SenderThread:1258196 [sender.py:send_request():193] send_request: check_version
2021-09-19 09:26:40,953 DEBUG   SenderThread:1258196 [sender.py:send():179] send: run
2021-09-19 09:26:41,013 ERROR   SenderThread:1258196 [internal_api.py:execute():130] 429 response executing GraphQL.
2021-09-19 09:26:41,013 ERROR   SenderThread:1258196 [internal_api.py:execute():131] {"error":"rate limit exceeded"}

2021-09-19 09:26:42,309 ERROR   SenderThread:1258196 [internal_api.py:execute():130] 429 response executing GraphQL.
2021-09-19 09:26:42,309 ERROR   SenderThread:1258196 [internal_api.py:execute():131] {"error":"rate limit exceeded"}

2021-09-19 09:26:44,776 ERROR   SenderThread:1258196 [internal_api.py:execute():130] 429 response executing GraphQL.
2021-09-19 09:26:44,777 ERROR   SenderThread:1258196 [internal_api.py:execute():131] {"error":"rate limit exceeded"}

2021-09-19 09:26:44,777 ERROR   SenderThread:1258196 [retry.py:__call__():126] Retry attempt failed:
Traceback (most recent call last):
  File "/usr/local/lib/python3.6/dist-packages/wandb/sdk/lib/retry.py", line 102, in __call__
    result = self._call_fn(*args, **kwargs)
  File "/usr/local/lib/python3.6/dist-packages/wandb/sdk/internal/internal_api.py", line 133, in execute
    six.reraise(*sys.exc_info())
  File "/usr/local/lib/python3.6/dist-packages/six.py", line 719, in reraise
    raise value
  File "/usr/local/lib/python3.6/dist-packages/wandb/sdk/internal/internal_api.py", line 127, in execute
    return self.client.execute(*args, **kwargs)
  File "/usr/local/lib/python3.6/dist-packages/wandb/vendor/gql-0.2.0/gql/client.py", line 52, in execute
    result = self._get_result(document, *args, **kwargs)
  File "/usr/local/lib/python3.6/dist-packages/wandb/vendor/gql-0.2.0/gql/client.py", line 60, in _get_result
    return self.transport.execute(document, *args, **kwargs)
  File "/usr/local/lib/python3.6/dist-packages/wandb/vendor/gql-0.2.0/gql/transport/requests.py", line 39, in execute
    request.raise_for_status()
  File "/usr/local/lib/python3.6/dist-packages/requests/models.py", line 943, in raise_for_status
    raise HTTPError(http_error_msg, response=self)
requests.exceptions.HTTPError: 429 Client Error: Too Many Requests for url: https://api.wandb.ai/graphql
2021-09-19 09:26:49,782 INFO    SenderThread:1258196 [dir_watcher.py:__init__():168] watching files in: /grid/koo/home/toneyan/profile/QuantPred/wandb/run-20210919_092640-7mk3u0h4/files
2021-09-19 09:26:49,782 INFO    SenderThread:1258196 [sender.py:_start_run_threads():719] run started: 7mk3u0h4 with start time 1632058000
2021-09-19 09:26:49,783 DEBUG   SenderThread:1258196 [sender.py:send():179] send: summary
2021-09-19 09:26:49,784 INFO    SenderThread:1258196 [sender.py:_save_file():841] saving file wandb-summary.json with policy end
2021-09-19 09:26:49,785 DEBUG   HandlerThread:1258196 [handler.py:handle_request():124] handle_request: run_start
2021-09-19 09:26:50,791 INFO    Thread-8  :1258196 [dir_watcher.py:_on_file_created():216] file/dir created: /grid/koo/home/toneyan/profile/QuantPred/wandb/run-20210919_092640-7mk3u0h4/files/wandb-summary.json
2021-09-19 09:26:50,986 DEBUG   HandlerThread:1258196 [meta.py:__init__():39] meta init
2021-09-19 09:26:50,986 DEBUG   HandlerThread:1258196 [meta.py:__init__():53] meta init done
2021-09-19 09:26:50,986 DEBUG   HandlerThread:1258196 [meta.py:probe():210] probe
2021-09-19 09:26:50,992 DEBUG   HandlerThread:1258196 [meta.py:_save_pip():57] save pip
2021-09-19 09:26:50,993 DEBUG   HandlerThread:1258196 [meta.py:_save_pip():71] save pip done
2021-09-19 09:26:50,993 DEBUG   HandlerThread:1258196 [meta.py:probe():252] probe done
2021-09-19 09:26:50,996 DEBUG   SenderThread:1258196 [sender.py:send():179] send: files
2021-09-19 09:26:50,996 INFO    SenderThread:1258196 [sender.py:_save_file():841] saving file wandb-metadata.json with policy now
2021-09-19 09:26:51,012 DEBUG   HandlerThread:1258196 [handler.py:handle_request():124] handle_request: stop_status
2021-09-19 09:26:51,012 DEBUG   SenderThread:1258196 [sender.py:send_request():193] send_request: stop_status
2021-09-19 09:26:51,412 INFO    Thread-11 :1258196 [upload_job.py:push():137] Uploaded file /tmp/3288846.1.gpu_ded.q/tmp4j8587swwandb/1v8mteft-wandb-metadata.json
2021-09-19 09:26:51,791 INFO    Thread-8  :1258196 [dir_watcher.py:_on_file_created():216] file/dir created: /grid/koo/home/toneyan/profile/QuantPred/wandb/run-20210919_092640-7mk3u0h4/files/requirements.txt
2021-09-19 09:26:51,791 INFO    Thread-8  :1258196 [dir_watcher.py:_on_file_created():216] file/dir created: /grid/koo/home/toneyan/profile/QuantPred/wandb/run-20210919_092640-7mk3u0h4/files/output.log
2021-09-19 09:26:51,791 INFO    Thread-8  :1258196 [dir_watcher.py:_on_file_created():216] file/dir created: /grid/koo/home/toneyan/profile/QuantPred/wandb/run-20210919_092640-7mk3u0h4/files/wandb-metadata.json
2021-09-19 09:27:06,083 DEBUG   HandlerThread:1258196 [handler.py:handle_request():124] handle_request: stop_status
2021-09-19 09:27:06,083 DEBUG   SenderThread:1258196 [sender.py:send_request():193] send_request: stop_status
2021-09-19 09:27:06,142 ERROR   SenderThread:1258196 [internal_api.py:execute():130] 429 response executing GraphQL.
2021-09-19 09:27:06,142 ERROR   SenderThread:1258196 [internal_api.py:execute():131] {"error":"rate limit exceeded"}

2021-09-19 09:27:07,348 ERROR   SenderThread:1258196 [internal_api.py:execute():130] 429 response executing GraphQL.
2021-09-19 09:27:07,348 ERROR   SenderThread:1258196 [internal_api.py:execute():131] {"error":"rate limit exceeded"}

2021-09-19 09:27:09,673 ERROR   SenderThread:1258196 [internal_api.py:execute():130] 429 response executing GraphQL.
2021-09-19 09:27:09,673 ERROR   SenderThread:1258196 [internal_api.py:execute():131] {"error":"rate limit exceeded"}

2021-09-19 09:27:09,673 ERROR   SenderThread:1258196 [retry.py:__call__():126] Retry attempt failed:
Traceback (most recent call last):
  File "/usr/local/lib/python3.6/dist-packages/wandb/sdk/lib/retry.py", line 102, in __call__
    result = self._call_fn(*args, **kwargs)
  File "/usr/local/lib/python3.6/dist-packages/wandb/sdk/internal/internal_api.py", line 133, in execute
    six.reraise(*sys.exc_info())
  File "/usr/local/lib/python3.6/dist-packages/six.py", line 719, in reraise
    raise value
  File "/usr/local/lib/python3.6/dist-packages/wandb/sdk/internal/internal_api.py", line 127, in execute
    return self.client.execute(*args, **kwargs)
  File "/usr/local/lib/python3.6/dist-packages/wandb/vendor/gql-0.2.0/gql/client.py", line 52, in execute
    result = self._get_result(document, *args, **kwargs)
  File "/usr/local/lib/python3.6/dist-packages/wandb/vendor/gql-0.2.0/gql/client.py", line 60, in _get_result
    return self.transport.execute(document, *args, **kwargs)
  File "/usr/local/lib/python3.6/dist-packages/wandb/vendor/gql-0.2.0/gql/transport/requests.py", line 39, in execute
    request.raise_for_status()
  File "/usr/local/lib/python3.6/dist-packages/requests/models.py", line 943, in raise_for_status
    raise HTTPError(http_error_msg, response=self)
requests.exceptions.HTTPError: 429 Client Error: Too Many Requests for url: https://api.wandb.ai/graphql
2021-09-19 09:27:14,452 ERROR   SenderThread:1258196 [internal_api.py:execute():130] 429 response executing GraphQL.
2021-09-19 09:27:14,452 ERROR   SenderThread:1258196 [internal_api.py:execute():131] {"error":"rate limit exceeded"}

2021-09-19 09:27:24,230 ERROR   SenderThread:1258196 [internal_api.py:execute():130] 429 response executing GraphQL.
2021-09-19 09:27:24,231 ERROR   SenderThread:1258196 [internal_api.py:execute():131] {"error":"rate limit exceeded"}

2021-09-19 09:27:24,385 DEBUG   HandlerThread:1258196 [handler.py:handle_request():124] handle_request: poll_exit
2021-09-19 09:27:29,485 DEBUG   HandlerThread:1258196 [handler.py:handle_request():124] handle_request: poll_exit
2021-09-19 09:27:34,586 DEBUG   HandlerThread:1258196 [handler.py:handle_request():124] handle_request: poll_exit
2021-09-19 09:27:39,687 DEBUG   HandlerThread:1258196 [handler.py:handle_request():124] handle_request: poll_exit
2021-09-19 09:27:41,973 ERROR   SenderThread:1258196 [internal_api.py:execute():130] 429 response executing GraphQL.
2021-09-19 09:27:41,973 ERROR   SenderThread:1258196 [internal_api.py:execute():131] {"error":"rate limit exceeded"}

2021-09-19 09:27:44,787 DEBUG   HandlerThread:1258196 [handler.py:handle_request():124] handle_request: poll_exit
2021-09-19 09:27:49,888 DEBUG   HandlerThread:1258196 [handler.py:handle_request():124] handle_request: poll_exit
2021-09-19 09:27:54,988 DEBUG   HandlerThread:1258196 [handler.py:handle_request():124] handle_request: poll_exit
2021-09-19 09:28:00,089 DEBUG   HandlerThread:1258196 [handler.py:handle_request():124] handle_request: poll_exit
2021-09-19 09:28:05,190 DEBUG   HandlerThread:1258196 [handler.py:handle_request():124] handle_request: poll_exit
2021-09-19 09:28:10,290 DEBUG   HandlerThread:1258196 [handler.py:handle_request():124] handle_request: poll_exit
2021-09-19 09:28:15,391 DEBUG   HandlerThread:1258196 [handler.py:handle_request():124] handle_request: poll_exit
2021-09-19 09:28:17,513 DEBUG   SenderThread:1258196 [sender.py:send():179] send: stats
2021-09-19 09:28:17,514 DEBUG   SenderThread:1258196 [sender.py:send():179] send: telemetry
2021-09-19 09:28:17,514 DEBUG   SenderThread:1258196 [sender.py:send():179] send: exit
2021-09-19 09:28:17,516 INFO    SenderThread:1258196 [sender.py:send_exit():287] handling exit code: 1
2021-09-19 09:28:17,516 INFO    SenderThread:1258196 [sender.py:send_exit():295] send defer
2021-09-19 09:28:17,516 DEBUG   SenderThread:1258196 [sender.py:send_request():193] send_request: poll_exit
2021-09-19 09:28:17,517 DEBUG   SenderThread:1258196 [sender.py:send_request():193] send_request: poll_exit
2021-09-19 09:28:17,517 DEBUG   HandlerThread:1258196 [handler.py:handle_request():124] handle_request: defer
2021-09-19 09:28:17,517 DEBUG   SenderThread:1258196 [sender.py:send_request():193] send_request: poll_exit
2021-09-19 09:28:17,518 INFO    HandlerThread:1258196 [handler.py:handle_request_defer():141] handle defer: 0
2021-09-19 09:28:17,518 DEBUG   SenderThread:1258196 [sender.py:send_request():193] send_request: poll_exit
2021-09-19 09:28:17,518 DEBUG   SenderThread:1258196 [sender.py:send_request():193] send_request: poll_exit
2021-09-19 09:28:17,519 DEBUG   SenderThread:1258196 [sender.py:send():179] send: stats
2021-09-19 09:28:17,519 DEBUG   SenderThread:1258196 [sender.py:send_request():193] send_request: poll_exit
2021-09-19 09:28:17,519 DEBUG   SenderThread:1258196 [sender.py:send_request():193] send_request: poll_exit
2021-09-19 09:28:17,519 DEBUG   SenderThread:1258196 [sender.py:send_request():193] send_request: poll_exit
2021-09-19 09:28:17,519 DEBUG   SenderThread:1258196 [sender.py:send_request():193] send_request: poll_exit
2021-09-19 09:28:17,519 DEBUG   SenderThread:1258196 [sender.py:send_request():193] send_request: poll_exit
2021-09-19 09:28:17,520 DEBUG   SenderThread:1258196 [sender.py:send_request():193] send_request: poll_exit
2021-09-19 09:28:17,520 DEBUG   SenderThread:1258196 [sender.py:send_request():193] send_request: defer
2021-09-19 09:28:17,520 INFO    SenderThread:1258196 [sender.py:send_request_defer():304] handle sender defer: 0
2021-09-19 09:28:17,520 INFO    SenderThread:1258196 [sender.py:transition_state():308] send defer: 1
2021-09-19 09:28:17,520 DEBUG   HandlerThread:1258196 [handler.py:handle_request():124] handle_request: defer
2021-09-19 09:28:17,520 INFO    HandlerThread:1258196 [handler.py:handle_request_defer():141] handle defer: 1
2021-09-19 09:28:17,595 DEBUG   SenderThread:1258196 [sender.py:send_request():193] send_request: defer
2021-09-19 09:28:17,595 INFO    SenderThread:1258196 [sender.py:send_request_defer():304] handle sender defer: 1
2021-09-19 09:28:17,596 INFO    SenderThread:1258196 [sender.py:transition_state():308] send defer: 2
2021-09-19 09:28:17,596 DEBUG   SenderThread:1258196 [sender.py:send():179] send: stats
2021-09-19 09:28:17,597 DEBUG   HandlerThread:1258196 [handler.py:handle_request():124] handle_request: defer
2021-09-19 09:28:17,597 INFO    HandlerThread:1258196 [handler.py:handle_request_defer():141] handle defer: 2
2021-09-19 09:28:17,597 DEBUG   SenderThread:1258196 [sender.py:send_request():193] send_request: defer
2021-09-19 09:28:17,597 INFO    SenderThread:1258196 [sender.py:send_request_defer():304] handle sender defer: 2
2021-09-19 09:28:17,597 INFO    SenderThread:1258196 [sender.py:transition_state():308] send defer: 3
2021-09-19 09:28:17,597 DEBUG   HandlerThread:1258196 [handler.py:handle_request():124] handle_request: defer
2021-09-19 09:28:17,597 INFO    HandlerThread:1258196 [handler.py:handle_request_defer():141] handle defer: 3
2021-09-19 09:28:17,598 DEBUG   SenderThread:1258196 [sender.py:send():179] send: summary
2021-09-19 09:28:17,598 INFO    SenderThread:1258196 [sender.py:_save_file():841] saving file wandb-summary.json with policy end
2021-09-19 09:28:17,598 DEBUG   SenderThread:1258196 [sender.py:send_request():193] send_request: defer
2021-09-19 09:28:17,598 INFO    SenderThread:1258196 [sender.py:send_request_defer():304] handle sender defer: 3
2021-09-19 09:28:17,598 INFO    SenderThread:1258196 [sender.py:transition_state():308] send defer: 4
2021-09-19 09:28:17,598 DEBUG   HandlerThread:1258196 [handler.py:handle_request():124] handle_request: defer
2021-09-19 09:28:17,599 INFO    HandlerThread:1258196 [handler.py:handle_request_defer():141] handle defer: 4
2021-09-19 09:28:17,599 DEBUG   SenderThread:1258196 [sender.py:send_request():193] send_request: defer
2021-09-19 09:28:17,599 INFO    SenderThread:1258196 [sender.py:send_request_defer():304] handle sender defer: 4
2021-09-19 09:28:17,621 DEBUG   HandlerThread:1258196 [handler.py:handle_request():124] handle_request: poll_exit
2021-09-19 09:28:17,677 INFO    SenderThread:1258196 [sender.py:transition_state():308] send defer: 5
2021-09-19 09:28:17,677 DEBUG   SenderThread:1258196 [sender.py:send_request():193] send_request: poll_exit
2021-09-19 09:28:17,678 DEBUG   HandlerThread:1258196 [handler.py:handle_request():124] handle_request: defer
2021-09-19 09:28:17,678 INFO    HandlerThread:1258196 [handler.py:handle_request_defer():141] handle defer: 5
2021-09-19 09:28:17,678 DEBUG   SenderThread:1258196 [sender.py:send_request():193] send_request: defer
2021-09-19 09:28:17,679 INFO    SenderThread:1258196 [sender.py:send_request_defer():304] handle sender defer: 5
2021-09-19 09:28:17,679 INFO    SenderThread:1258196 [dir_watcher.py:finish():282] shutting down directory watcher
2021-09-19 09:28:17,780 DEBUG   HandlerThread:1258196 [handler.py:handle_request():124] handle_request: poll_exit
2021-09-19 09:28:17,805 INFO    SenderThread:1258196 [dir_watcher.py:_on_file_modified():229] file/dir modified: /grid/koo/home/toneyan/profile/QuantPred/wandb/run-20210919_092640-7mk3u0h4/files/wandb-summary.json
2021-09-19 09:28:17,806 INFO    SenderThread:1258196 [dir_watcher.py:_on_file_modified():229] file/dir modified: /grid/koo/home/toneyan/profile/QuantPred/wandb/run-20210919_092640-7mk3u0h4/files/config.yaml
2021-09-19 09:28:17,806 INFO    SenderThread:1258196 [dir_watcher.py:finish():312] scan: /grid/koo/home/toneyan/profile/QuantPred/wandb/run-20210919_092640-7mk3u0h4/files
2021-09-19 09:28:17,806 INFO    SenderThread:1258196 [dir_watcher.py:finish():318] scan save: /grid/koo/home/toneyan/profile/QuantPred/wandb/run-20210919_092640-7mk3u0h4/files/wandb-metadata.json wandb-metadata.json
2021-09-19 09:28:17,806 INFO    SenderThread:1258196 [dir_watcher.py:finish():318] scan save: /grid/koo/home/toneyan/profile/QuantPred/wandb/run-20210919_092640-7mk3u0h4/files/config.yaml config.yaml
2021-09-19 09:28:17,806 INFO    SenderThread:1258196 [dir_watcher.py:finish():318] scan save: /grid/koo/home/toneyan/profile/QuantPred/wandb/run-20210919_092640-7mk3u0h4/files/requirements.txt requirements.txt
2021-09-19 09:28:17,807 INFO    SenderThread:1258196 [dir_watcher.py:finish():318] scan save: /grid/koo/home/toneyan/profile/QuantPred/wandb/run-20210919_092640-7mk3u0h4/files/wandb-summary.json wandb-summary.json
2021-09-19 09:28:17,810 INFO    SenderThread:1258196 [dir_watcher.py:finish():318] scan save: /grid/koo/home/toneyan/profile/QuantPred/wandb/run-20210919_092640-7mk3u0h4/files/output.log output.log
2021-09-19 09:28:17,813 INFO    SenderThread:1258196 [sender.py:transition_state():308] send defer: 6
2021-09-19 09:28:17,819 DEBUG   SenderThread:1258196 [sender.py:send_request():193] send_request: poll_exit
2021-09-19 09:28:17,820 DEBUG   HandlerThread:1258196 [handler.py:handle_request():124] handle_request: defer
2021-09-19 09:28:17,820 INFO    HandlerThread:1258196 [handler.py:handle_request_defer():141] handle defer: 6
2021-09-19 09:28:17,821 DEBUG   SenderThread:1258196 [sender.py:send_request():193] send_request: defer
2021-09-19 09:28:17,821 INFO    SenderThread:1258196 [sender.py:send_request_defer():304] handle sender defer: 6
2021-09-19 09:28:17,821 INFO    SenderThread:1258196 [file_pusher.py:finish():177] shutting down file pusher
2021-09-19 09:28:17,921 DEBUG   HandlerThread:1258196 [handler.py:handle_request():124] handle_request: poll_exit
2021-09-19 09:28:17,921 DEBUG   SenderThread:1258196 [sender.py:send_request():193] send_request: poll_exit
2021-09-19 09:28:18,023 DEBUG   HandlerThread:1258196 [handler.py:handle_request():124] handle_request: poll_exit
2021-09-19 09:28:18,023 DEBUG   SenderThread:1258196 [sender.py:send_request():193] send_request: poll_exit
2021-09-19 09:28:18,125 DEBUG   HandlerThread:1258196 [handler.py:handle_request():124] handle_request: poll_exit
2021-09-19 09:28:18,125 DEBUG   SenderThread:1258196 [sender.py:send_request():193] send_request: poll_exit
2021-09-19 09:28:18,185 INFO    Thread-12 :1258196 [upload_job.py:push():137] Uploaded file /grid/koo/home/toneyan/profile/QuantPred/wandb/run-20210919_092640-7mk3u0h4/files/config.yaml
2021-09-19 09:28:18,224 INFO    Thread-13 :1258196 [upload_job.py:push():137] Uploaded file /grid/koo/home/toneyan/profile/QuantPred/wandb/run-20210919_092640-7mk3u0h4/files/requirements.txt
2021-09-19 09:28:18,227 DEBUG   HandlerThread:1258196 [handler.py:handle_request():124] handle_request: poll_exit
2021-09-19 09:28:18,227 DEBUG   SenderThread:1258196 [sender.py:send_request():193] send_request: poll_exit
2021-09-19 09:28:18,237 INFO    Thread-14 :1258196 [upload_job.py:push():137] Uploaded file /grid/koo/home/toneyan/profile/QuantPred/wandb/run-20210919_092640-7mk3u0h4/files/wandb-summary.json
2021-09-19 09:28:18,329 DEBUG   HandlerThread:1258196 [handler.py:handle_request():124] handle_request: poll_exit
2021-09-19 09:28:18,329 DEBUG   SenderThread:1258196 [sender.py:send_request():193] send_request: poll_exit
2021-09-19 09:28:18,431 DEBUG   HandlerThread:1258196 [handler.py:handle_request():124] handle_request: poll_exit
2021-09-19 09:28:18,431 DEBUG   SenderThread:1258196 [sender.py:send_request():193] send_request: poll_exit
2021-09-19 09:28:18,437 INFO    Thread-7  :1258196 [sender.py:transition_state():308] send defer: 7
2021-09-19 09:28:18,438 DEBUG   HandlerThread:1258196 [handler.py:handle_request():124] handle_request: defer
2021-09-19 09:28:18,438 INFO    HandlerThread:1258196 [handler.py:handle_request_defer():141] handle defer: 7
2021-09-19 09:28:18,438 DEBUG   SenderThread:1258196 [sender.py:send_request():193] send_request: defer
2021-09-19 09:28:18,438 INFO    SenderThread:1258196 [sender.py:send_request_defer():304] handle sender defer: 7
2021-09-19 09:28:18,533 DEBUG   HandlerThread:1258196 [handler.py:handle_request():124] handle_request: poll_exit
2021-09-19 09:28:18,560 INFO    SenderThread:1258196 [sender.py:transition_state():308] send defer: 8
2021-09-19 09:28:18,561 DEBUG   SenderThread:1258196 [sender.py:send_request():193] send_request: poll_exit
2021-09-19 09:28:18,561 DEBUG   HandlerThread:1258196 [handler.py:handle_request():124] handle_request: defer
2021-09-19 09:28:18,561 INFO    HandlerThread:1258196 [handler.py:handle_request_defer():141] handle defer: 8
2021-09-19 09:28:18,561 DEBUG   SenderThread:1258196 [sender.py:send_request():193] send_request: defer
2021-09-19 09:28:18,562 INFO    SenderThread:1258196 [sender.py:send_request_defer():304] handle sender defer: 8
2021-09-19 09:28:18,562 INFO    SenderThread:1258196 [sender.py:transition_state():308] send defer: 9
2021-09-19 09:28:18,562 DEBUG   SenderThread:1258196 [sender.py:send():179] send: final
2021-09-19 09:28:18,562 DEBUG   SenderThread:1258196 [sender.py:send():179] send: footer
2021-09-19 09:28:18,562 DEBUG   HandlerThread:1258196 [handler.py:handle_request():124] handle_request: defer
2021-09-19 09:28:18,563 INFO    HandlerThread:1258196 [handler.py:handle_request_defer():141] handle defer: 9
2021-09-19 09:28:18,563 DEBUG   SenderThread:1258196 [sender.py:send_request():193] send_request: defer
2021-09-19 09:28:18,563 INFO    SenderThread:1258196 [sender.py:send_request_defer():304] handle sender defer: 9
2021-09-19 09:28:18,663 DEBUG   HandlerThread:1258196 [handler.py:handle_request():124] handle_request: poll_exit
2021-09-19 09:28:18,663 DEBUG   SenderThread:1258196 [sender.py:send_request():193] send_request: poll_exit
2021-09-19 09:28:18,664 INFO    SenderThread:1258196 [file_pusher.py:join():182] waiting for file pusher
2021-09-19 09:28:18,665 DEBUG   HandlerThread:1258196 [handler.py:handle_request():124] handle_request: get_summary
2021-09-19 09:28:18,666 DEBUG   HandlerThread:1258196 [handler.py:handle_request():124] handle_request: sampled_history
2021-09-19 09:28:18,666 DEBUG   HandlerThread:1258196 [handler.py:handle_request():124] handle_request: shutdown
2021-09-19 09:28:18,666 INFO    HandlerThread:1258196 [handler.py:finish():638] shutting down handler
2021-09-19 09:28:19,563 INFO    WriterThread:1258196 [datastore.py:close():288] close: /grid/koo/home/toneyan/profile/QuantPred/wandb/run-20210919_092640-7mk3u0h4/run-7mk3u0h4.wandb
2021-09-19 09:28:19,664 INFO    SenderThread:1258196 [sender.py:finish():945] shutting down sender
2021-09-19 09:28:19,664 INFO    SenderThread:1258196 [file_pusher.py:finish():177] shutting down file pusher
2021-09-19 09:28:19,664 INFO    SenderThread:1258196 [file_pusher.py:join():182] waiting for file pusher
2021-09-19 09:28:19,666 INFO    MainThread:1258196 [internal.py:handle_exit():78] Internal process exited
