2021-09-14 08:05:56,678 INFO    MainThread:1349198 [internal.py:wandb_internal():91] W&B internal server running at pid: 1349198, started at: 2021-09-14 08:05:56.677073
2021-09-14 08:05:56,679 DEBUG   HandlerThread:1349198 [handler.py:handle_request():124] handle_request: check_version
2021-09-14 08:05:56,679 INFO    WriterThread:1349198 [datastore.py:open_for_write():80] open: /grid/koo/home/toneyan/profile/QuantPred/wandb/run-20210914_080556-af8ggwij/run-af8ggwij.wandb
2021-09-14 08:05:56,681 DEBUG   SenderThread:1349198 [sender.py:send():179] send: header
2021-09-14 08:05:56,681 DEBUG   SenderThread:1349198 [sender.py:send_request():193] send_request: check_version
2021-09-14 08:05:56,714 DEBUG   SenderThread:1349198 [sender.py:send():179] send: run
2021-09-14 08:05:56,780 ERROR   SenderThread:1349198 [internal_api.py:execute():130] 429 response executing GraphQL.
2021-09-14 08:05:56,780 ERROR   SenderThread:1349198 [internal_api.py:execute():131] {"error":"rate limit exceeded"}

2021-09-14 08:05:57,921 ERROR   SenderThread:1349198 [internal_api.py:execute():130] 429 response executing GraphQL.
2021-09-14 08:05:57,921 ERROR   SenderThread:1349198 [internal_api.py:execute():131] {"error":"rate limit exceeded"}

2021-09-14 08:06:00,496 INFO    SenderThread:1349198 [dir_watcher.py:__init__():168] watching files in: /grid/koo/home/toneyan/profile/QuantPred/wandb/run-20210914_080556-af8ggwij/files
2021-09-14 08:06:00,496 INFO    SenderThread:1349198 [sender.py:_start_run_threads():719] run started: af8ggwij with start time 1631621156
2021-09-14 08:06:00,496 DEBUG   SenderThread:1349198 [sender.py:send():179] send: summary
2021-09-14 08:06:00,496 DEBUG   HandlerThread:1349198 [handler.py:handle_request():124] handle_request: run_start
2021-09-14 08:06:00,497 INFO    SenderThread:1349198 [sender.py:_save_file():841] saving file wandb-summary.json with policy end
2021-09-14 08:06:01,499 INFO    Thread-8  :1349198 [dir_watcher.py:_on_file_created():216] file/dir created: /grid/koo/home/toneyan/profile/QuantPred/wandb/run-20210914_080556-af8ggwij/files/wandb-summary.json
2021-09-14 08:06:01,619 DEBUG   HandlerThread:1349198 [meta.py:__init__():39] meta init
2021-09-14 08:06:01,619 DEBUG   HandlerThread:1349198 [meta.py:__init__():53] meta init done
2021-09-14 08:06:01,620 DEBUG   HandlerThread:1349198 [meta.py:probe():210] probe
2021-09-14 08:06:01,625 DEBUG   HandlerThread:1349198 [meta.py:_save_pip():57] save pip
2021-09-14 08:06:01,626 DEBUG   HandlerThread:1349198 [meta.py:_save_pip():71] save pip done
2021-09-14 08:06:01,626 DEBUG   HandlerThread:1349198 [meta.py:probe():252] probe done
2021-09-14 08:06:01,628 DEBUG   SenderThread:1349198 [sender.py:send():179] send: files
2021-09-14 08:06:01,628 INFO    SenderThread:1349198 [sender.py:_save_file():841] saving file wandb-metadata.json with policy now
2021-09-14 08:06:01,636 DEBUG   HandlerThread:1349198 [handler.py:handle_request():124] handle_request: stop_status
2021-09-14 08:06:01,637 DEBUG   SenderThread:1349198 [sender.py:send_request():193] send_request: stop_status
2021-09-14 08:06:01,967 INFO    Thread-11 :1349198 [upload_job.py:push():137] Uploaded file /tmp/3287108.1.gpu_ded.q/tmpye9o_xp0wandb/2w82sx9j-wandb-metadata.json
2021-09-14 08:06:02,497 INFO    Thread-8  :1349198 [dir_watcher.py:_on_file_created():216] file/dir created: /grid/koo/home/toneyan/profile/QuantPred/wandb/run-20210914_080556-af8ggwij/files/wandb-metadata.json
2021-09-14 08:06:02,498 INFO    Thread-8  :1349198 [dir_watcher.py:_on_file_created():216] file/dir created: /grid/koo/home/toneyan/profile/QuantPred/wandb/run-20210914_080556-af8ggwij/files/requirements.txt
2021-09-14 08:06:02,498 INFO    Thread-8  :1349198 [dir_watcher.py:_on_file_created():216] file/dir created: /grid/koo/home/toneyan/profile/QuantPred/wandb/run-20210914_080556-af8ggwij/files/output.log
2021-09-14 08:06:16,702 DEBUG   HandlerThread:1349198 [handler.py:handle_request():124] handle_request: stop_status
2021-09-14 08:06:16,704 DEBUG   SenderThread:1349198 [sender.py:send_request():193] send_request: stop_status
2021-09-14 08:06:29,993 DEBUG   SenderThread:1349198 [sender.py:send():179] send: stats
2021-09-14 08:06:31,766 DEBUG   HandlerThread:1349198 [handler.py:handle_request():124] handle_request: stop_status
2021-09-14 08:06:31,767 DEBUG   SenderThread:1349198 [sender.py:send_request():193] send_request: stop_status
2021-09-14 08:06:34,142 DEBUG   HandlerThread:1349198 [handler.py:handle_request():124] handle_request: poll_exit
2021-09-14 08:06:34,143 DEBUG   SenderThread:1349198 [sender.py:send():179] send: telemetry
2021-09-14 08:06:34,143 DEBUG   SenderThread:1349198 [sender.py:send():179] send: exit
2021-09-14 08:06:34,143 INFO    SenderThread:1349198 [sender.py:send_exit():287] handling exit code: 1
2021-09-14 08:06:34,143 INFO    SenderThread:1349198 [sender.py:send_exit():295] send defer
2021-09-14 08:06:34,143 DEBUG   SenderThread:1349198 [sender.py:send_request():193] send_request: poll_exit
2021-09-14 08:06:34,143 DEBUG   HandlerThread:1349198 [handler.py:handle_request():124] handle_request: defer
2021-09-14 08:06:34,143 INFO    HandlerThread:1349198 [handler.py:handle_request_defer():141] handle defer: 0
2021-09-14 08:06:34,144 DEBUG   SenderThread:1349198 [sender.py:send_request():193] send_request: defer
2021-09-14 08:06:34,144 INFO    SenderThread:1349198 [sender.py:send_request_defer():304] handle sender defer: 0
2021-09-14 08:06:34,144 INFO    SenderThread:1349198 [sender.py:transition_state():308] send defer: 1
2021-09-14 08:06:34,144 DEBUG   HandlerThread:1349198 [handler.py:handle_request():124] handle_request: defer
2021-09-14 08:06:34,144 INFO    HandlerThread:1349198 [handler.py:handle_request_defer():141] handle defer: 1
2021-09-14 08:06:34,256 DEBUG   SenderThread:1349198 [sender.py:send_request():193] send_request: defer
2021-09-14 08:06:34,256 INFO    SenderThread:1349198 [sender.py:send_request_defer():304] handle sender defer: 1
2021-09-14 08:06:34,257 DEBUG   HandlerThread:1349198 [handler.py:handle_request():124] handle_request: poll_exit
2021-09-14 08:06:34,257 INFO    SenderThread:1349198 [sender.py:transition_state():308] send defer: 2
2021-09-14 08:06:34,257 DEBUG   SenderThread:1349198 [sender.py:send_request():193] send_request: poll_exit
2021-09-14 08:06:34,257 DEBUG   SenderThread:1349198 [sender.py:send():179] send: stats
2021-09-14 08:06:34,258 DEBUG   HandlerThread:1349198 [handler.py:handle_request():124] handle_request: defer
2021-09-14 08:06:34,260 INFO    HandlerThread:1349198 [handler.py:handle_request_defer():141] handle defer: 2
2021-09-14 08:06:34,260 DEBUG   SenderThread:1349198 [sender.py:send_request():193] send_request: defer
2021-09-14 08:06:34,261 INFO    SenderThread:1349198 [sender.py:send_request_defer():304] handle sender defer: 2
2021-09-14 08:06:34,261 INFO    SenderThread:1349198 [sender.py:transition_state():308] send defer: 3
2021-09-14 08:06:34,261 DEBUG   HandlerThread:1349198 [handler.py:handle_request():124] handle_request: defer
2021-09-14 08:06:34,261 INFO    HandlerThread:1349198 [handler.py:handle_request_defer():141] handle defer: 3
2021-09-14 08:06:34,261 DEBUG   SenderThread:1349198 [sender.py:send():179] send: summary
2021-09-14 08:06:34,262 INFO    SenderThread:1349198 [sender.py:_save_file():841] saving file wandb-summary.json with policy end
2021-09-14 08:06:34,262 DEBUG   SenderThread:1349198 [sender.py:send_request():193] send_request: defer
2021-09-14 08:06:34,262 INFO    SenderThread:1349198 [sender.py:send_request_defer():304] handle sender defer: 3
2021-09-14 08:06:34,262 INFO    SenderThread:1349198 [sender.py:transition_state():308] send defer: 4
2021-09-14 08:06:34,262 DEBUG   HandlerThread:1349198 [handler.py:handle_request():124] handle_request: defer
2021-09-14 08:06:34,262 INFO    HandlerThread:1349198 [handler.py:handle_request_defer():141] handle defer: 4
2021-09-14 08:06:34,262 DEBUG   SenderThread:1349198 [sender.py:send_request():193] send_request: defer
2021-09-14 08:06:34,262 INFO    SenderThread:1349198 [sender.py:send_request_defer():304] handle sender defer: 4
2021-09-14 08:06:34,349 INFO    SenderThread:1349198 [sender.py:transition_state():308] send defer: 5
2021-09-14 08:06:34,349 DEBUG   HandlerThread:1349198 [handler.py:handle_request():124] handle_request: defer
2021-09-14 08:06:34,350 INFO    HandlerThread:1349198 [handler.py:handle_request_defer():141] handle defer: 5
2021-09-14 08:06:34,350 DEBUG   SenderThread:1349198 [sender.py:send_request():193] send_request: defer
2021-09-14 08:06:34,350 INFO    SenderThread:1349198 [sender.py:send_request_defer():304] handle sender defer: 5
2021-09-14 08:06:34,350 INFO    SenderThread:1349198 [dir_watcher.py:finish():282] shutting down directory watcher
2021-09-14 08:06:34,360 DEBUG   HandlerThread:1349198 [handler.py:handle_request():124] handle_request: poll_exit
2021-09-14 08:06:34,503 INFO    SenderThread:1349198 [dir_watcher.py:_on_file_modified():229] file/dir modified: /grid/koo/home/toneyan/profile/QuantPred/wandb/run-20210914_080556-af8ggwij/files/wandb-summary.json
2021-09-14 08:06:34,503 INFO    SenderThread:1349198 [dir_watcher.py:_on_file_modified():229] file/dir modified: /grid/koo/home/toneyan/profile/QuantPred/wandb/run-20210914_080556-af8ggwij/files/config.yaml
2021-09-14 08:06:34,504 INFO    SenderThread:1349198 [dir_watcher.py:finish():312] scan: /grid/koo/home/toneyan/profile/QuantPred/wandb/run-20210914_080556-af8ggwij/files
2021-09-14 08:06:34,504 INFO    SenderThread:1349198 [dir_watcher.py:finish():318] scan save: /grid/koo/home/toneyan/profile/QuantPred/wandb/run-20210914_080556-af8ggwij/files/wandb-metadata.json wandb-metadata.json
2021-09-14 08:06:34,504 INFO    SenderThread:1349198 [dir_watcher.py:finish():318] scan save: /grid/koo/home/toneyan/profile/QuantPred/wandb/run-20210914_080556-af8ggwij/files/config.yaml config.yaml
2021-09-14 08:06:34,504 INFO    SenderThread:1349198 [dir_watcher.py:finish():318] scan save: /grid/koo/home/toneyan/profile/QuantPred/wandb/run-20210914_080556-af8ggwij/files/requirements.txt requirements.txt
2021-09-14 08:06:34,504 INFO    SenderThread:1349198 [dir_watcher.py:finish():318] scan save: /grid/koo/home/toneyan/profile/QuantPred/wandb/run-20210914_080556-af8ggwij/files/wandb-summary.json wandb-summary.json
2021-09-14 08:06:34,505 INFO    SenderThread:1349198 [dir_watcher.py:finish():318] scan save: /grid/koo/home/toneyan/profile/QuantPred/wandb/run-20210914_080556-af8ggwij/files/output.log output.log
2021-09-14 08:06:34,508 INFO    SenderThread:1349198 [sender.py:transition_state():308] send defer: 6
2021-09-14 08:06:34,508 DEBUG   SenderThread:1349198 [sender.py:send_request():193] send_request: poll_exit
2021-09-14 08:06:34,511 DEBUG   HandlerThread:1349198 [handler.py:handle_request():124] handle_request: defer
2021-09-14 08:06:34,511 INFO    HandlerThread:1349198 [handler.py:handle_request_defer():141] handle defer: 6
2021-09-14 08:06:34,516 DEBUG   SenderThread:1349198 [sender.py:send_request():193] send_request: defer
2021-09-14 08:06:34,516 INFO    SenderThread:1349198 [sender.py:send_request_defer():304] handle sender defer: 6
2021-09-14 08:06:34,516 INFO    SenderThread:1349198 [file_pusher.py:finish():177] shutting down file pusher
2021-09-14 08:06:34,613 DEBUG   HandlerThread:1349198 [handler.py:handle_request():124] handle_request: poll_exit
2021-09-14 08:06:34,614 DEBUG   SenderThread:1349198 [sender.py:send_request():193] send_request: poll_exit
2021-09-14 08:06:34,715 DEBUG   HandlerThread:1349198 [handler.py:handle_request():124] handle_request: poll_exit
2021-09-14 08:06:34,716 DEBUG   SenderThread:1349198 [sender.py:send_request():193] send_request: poll_exit
2021-09-14 08:06:34,818 DEBUG   HandlerThread:1349198 [handler.py:handle_request():124] handle_request: poll_exit
2021-09-14 08:06:34,818 DEBUG   SenderThread:1349198 [sender.py:send_request():193] send_request: poll_exit
2021-09-14 08:06:34,873 INFO    Thread-12 :1349198 [upload_job.py:push():137] Uploaded file /grid/koo/home/toneyan/profile/QuantPred/wandb/run-20210914_080556-af8ggwij/files/config.yaml
2021-09-14 08:06:34,881 INFO    Thread-13 :1349198 [upload_job.py:push():137] Uploaded file /grid/koo/home/toneyan/profile/QuantPred/wandb/run-20210914_080556-af8ggwij/files/requirements.txt
2021-09-14 08:06:34,892 INFO    Thread-14 :1349198 [upload_job.py:push():137] Uploaded file /grid/koo/home/toneyan/profile/QuantPred/wandb/run-20210914_080556-af8ggwij/files/wandb-summary.json
2021-09-14 08:06:34,924 DEBUG   HandlerThread:1349198 [handler.py:handle_request():124] handle_request: poll_exit
2021-09-14 08:06:34,924 DEBUG   SenderThread:1349198 [sender.py:send_request():193] send_request: poll_exit
2021-09-14 08:06:35,030 DEBUG   HandlerThread:1349198 [handler.py:handle_request():124] handle_request: poll_exit
2021-09-14 08:06:35,030 DEBUG   SenderThread:1349198 [sender.py:send_request():193] send_request: poll_exit
2021-09-14 08:06:35,092 INFO    Thread-7  :1349198 [sender.py:transition_state():308] send defer: 7
2021-09-14 08:06:35,093 DEBUG   HandlerThread:1349198 [handler.py:handle_request():124] handle_request: defer
2021-09-14 08:06:35,093 INFO    HandlerThread:1349198 [handler.py:handle_request_defer():141] handle defer: 7
2021-09-14 08:06:35,093 DEBUG   SenderThread:1349198 [sender.py:send_request():193] send_request: defer
2021-09-14 08:06:35,093 INFO    SenderThread:1349198 [sender.py:send_request_defer():304] handle sender defer: 7
2021-09-14 08:06:35,132 DEBUG   HandlerThread:1349198 [handler.py:handle_request():124] handle_request: poll_exit
2021-09-14 08:06:35,203 INFO    SenderThread:1349198 [sender.py:transition_state():308] send defer: 8
2021-09-14 08:06:35,203 DEBUG   SenderThread:1349198 [sender.py:send_request():193] send_request: poll_exit
2021-09-14 08:06:35,203 DEBUG   HandlerThread:1349198 [handler.py:handle_request():124] handle_request: defer
2021-09-14 08:06:35,204 INFO    HandlerThread:1349198 [handler.py:handle_request_defer():141] handle defer: 8
2021-09-14 08:06:35,204 DEBUG   SenderThread:1349198 [sender.py:send_request():193] send_request: defer
2021-09-14 08:06:35,204 INFO    SenderThread:1349198 [sender.py:send_request_defer():304] handle sender defer: 8
2021-09-14 08:06:35,204 INFO    SenderThread:1349198 [sender.py:transition_state():308] send defer: 9
2021-09-14 08:06:35,204 DEBUG   SenderThread:1349198 [sender.py:send():179] send: final
2021-09-14 08:06:35,204 DEBUG   SenderThread:1349198 [sender.py:send():179] send: footer
2021-09-14 08:06:35,205 DEBUG   HandlerThread:1349198 [handler.py:handle_request():124] handle_request: defer
2021-09-14 08:06:35,205 INFO    HandlerThread:1349198 [handler.py:handle_request_defer():141] handle defer: 9
2021-09-14 08:06:35,205 DEBUG   SenderThread:1349198 [sender.py:send_request():193] send_request: defer
2021-09-14 08:06:35,205 INFO    SenderThread:1349198 [sender.py:send_request_defer():304] handle sender defer: 9
2021-09-14 08:06:35,305 DEBUG   HandlerThread:1349198 [handler.py:handle_request():124] handle_request: poll_exit
2021-09-14 08:06:35,305 DEBUG   SenderThread:1349198 [sender.py:send_request():193] send_request: poll_exit
2021-09-14 08:06:35,306 INFO    SenderThread:1349198 [file_pusher.py:join():182] waiting for file pusher
2021-09-14 08:06:35,307 DEBUG   HandlerThread:1349198 [handler.py:handle_request():124] handle_request: get_summary
2021-09-14 08:06:35,308 DEBUG   HandlerThread:1349198 [handler.py:handle_request():124] handle_request: sampled_history
2021-09-14 08:06:35,308 DEBUG   HandlerThread:1349198 [handler.py:handle_request():124] handle_request: shutdown
2021-09-14 08:06:35,308 INFO    HandlerThread:1349198 [handler.py:finish():638] shutting down handler
2021-09-14 08:06:36,205 INFO    WriterThread:1349198 [datastore.py:close():288] close: /grid/koo/home/toneyan/profile/QuantPred/wandb/run-20210914_080556-af8ggwij/run-af8ggwij.wandb
2021-09-14 08:06:36,306 INFO    SenderThread:1349198 [sender.py:finish():945] shutting down sender
2021-09-14 08:06:36,306 INFO    SenderThread:1349198 [file_pusher.py:finish():177] shutting down file pusher
2021-09-14 08:06:36,306 INFO    SenderThread:1349198 [file_pusher.py:join():182] waiting for file pusher
2021-09-14 08:06:36,308 INFO    MainThread:1349198 [internal.py:handle_exit():78] Internal process exited
