2021-09-18 16:34:42,617 INFO    MainThread:3700318 [internal.py:wandb_internal():91] W&B internal server running at pid: 3700318, started at: 2021-09-18 16:34:42.616833
2021-09-18 16:34:42,619 DEBUG   HandlerThread:3700318 [handler.py:handle_request():124] handle_request: check_version
2021-09-18 16:34:42,619 INFO    WriterThread:3700318 [datastore.py:open_for_write():80] open: /grid/koo/home/toneyan/profile/QuantPred/wandb/run-20210918_163441-evwf1p1k/run-evwf1p1k.wandb
2021-09-18 16:34:42,621 DEBUG   SenderThread:3700318 [sender.py:send():179] send: header
2021-09-18 16:34:42,622 DEBUG   SenderThread:3700318 [sender.py:send_request():193] send_request: check_version
2021-09-18 16:34:42,653 DEBUG   SenderThread:3700318 [sender.py:send():179] send: run
2021-09-18 16:34:42,715 ERROR   SenderThread:3700318 [internal_api.py:execute():130] 429 response executing GraphQL.
2021-09-18 16:34:42,715 ERROR   SenderThread:3700318 [internal_api.py:execute():131] {"error":"rate limit exceeded"}

2021-09-18 16:34:43,908 ERROR   SenderThread:3700318 [internal_api.py:execute():130] 429 response executing GraphQL.
2021-09-18 16:34:43,908 ERROR   SenderThread:3700318 [internal_api.py:execute():131] {"error":"rate limit exceeded"}

2021-09-18 16:34:46,014 INFO    SenderThread:3700318 [dir_watcher.py:__init__():168] watching files in: /grid/koo/home/toneyan/profile/QuantPred/wandb/run-20210918_163441-evwf1p1k/files
2021-09-18 16:34:46,014 INFO    SenderThread:3700318 [sender.py:_start_run_threads():719] run started: evwf1p1k with start time 1631997281
2021-09-18 16:34:46,014 DEBUG   SenderThread:3700318 [sender.py:send():179] send: summary
2021-09-18 16:34:46,015 INFO    SenderThread:3700318 [sender.py:_save_file():841] saving file wandb-summary.json with policy end
2021-09-18 16:34:46,016 DEBUG   HandlerThread:3700318 [handler.py:handle_request():124] handle_request: run_start
2021-09-18 16:34:47,022 INFO    Thread-8  :3700318 [dir_watcher.py:_on_file_created():216] file/dir created: /grid/koo/home/toneyan/profile/QuantPred/wandb/run-20210918_163441-evwf1p1k/files/wandb-summary.json
2021-09-18 16:34:47,301 DEBUG   HandlerThread:3700318 [meta.py:__init__():39] meta init
2021-09-18 16:34:47,302 DEBUG   HandlerThread:3700318 [meta.py:__init__():53] meta init done
2021-09-18 16:34:47,302 DEBUG   HandlerThread:3700318 [meta.py:probe():210] probe
2021-09-18 16:34:47,308 DEBUG   HandlerThread:3700318 [meta.py:_save_pip():57] save pip
2021-09-18 16:34:47,309 DEBUG   HandlerThread:3700318 [meta.py:_save_pip():71] save pip done
2021-09-18 16:34:47,309 DEBUG   HandlerThread:3700318 [meta.py:probe():252] probe done
2021-09-18 16:34:47,313 DEBUG   SenderThread:3700318 [sender.py:send():179] send: files
2021-09-18 16:34:47,313 INFO    SenderThread:3700318 [sender.py:_save_file():841] saving file wandb-metadata.json with policy now
2021-09-18 16:34:47,319 DEBUG   HandlerThread:3700318 [handler.py:handle_request():124] handle_request: stop_status
2021-09-18 16:34:47,320 DEBUG   SenderThread:3700318 [sender.py:send_request():193] send_request: stop_status
2021-09-18 16:34:47,671 INFO    Thread-11 :3700318 [upload_job.py:push():137] Uploaded file /tmp/3288847.1.gpu_ded.q/tmp1d64hptfwandb/1lkgiq4u-wandb-metadata.json
2021-09-18 16:34:48,022 INFO    Thread-8  :3700318 [dir_watcher.py:_on_file_created():216] file/dir created: /grid/koo/home/toneyan/profile/QuantPred/wandb/run-20210918_163441-evwf1p1k/files/requirements.txt
2021-09-18 16:34:48,022 INFO    Thread-8  :3700318 [dir_watcher.py:_on_file_created():216] file/dir created: /grid/koo/home/toneyan/profile/QuantPred/wandb/run-20210918_163441-evwf1p1k/files/output.log
2021-09-18 16:34:48,022 INFO    Thread-8  :3700318 [dir_watcher.py:_on_file_created():216] file/dir created: /grid/koo/home/toneyan/profile/QuantPred/wandb/run-20210918_163441-evwf1p1k/files/wandb-metadata.json
2021-09-18 16:35:02,387 DEBUG   HandlerThread:3700318 [handler.py:handle_request():124] handle_request: stop_status
2021-09-18 16:35:02,388 DEBUG   SenderThread:3700318 [sender.py:send_request():193] send_request: stop_status
2021-09-18 16:35:15,714 DEBUG   SenderThread:3700318 [sender.py:send():179] send: stats
2021-09-18 16:35:17,452 DEBUG   HandlerThread:3700318 [handler.py:handle_request():124] handle_request: stop_status
2021-09-18 16:35:17,452 DEBUG   SenderThread:3700318 [sender.py:send_request():193] send_request: stop_status
2021-09-18 16:35:20,390 DEBUG   SenderThread:3700318 [sender.py:send():179] send: telemetry
2021-09-18 16:35:20,390 DEBUG   SenderThread:3700318 [sender.py:send():179] send: exit
2021-09-18 16:35:20,391 INFO    SenderThread:3700318 [sender.py:send_exit():287] handling exit code: 1
2021-09-18 16:35:20,391 DEBUG   HandlerThread:3700318 [handler.py:handle_request():124] handle_request: poll_exit
2021-09-18 16:35:20,391 INFO    SenderThread:3700318 [sender.py:send_exit():295] send defer
2021-09-18 16:35:20,391 DEBUG   SenderThread:3700318 [sender.py:send_request():193] send_request: poll_exit
2021-09-18 16:35:20,392 DEBUG   HandlerThread:3700318 [handler.py:handle_request():124] handle_request: defer
2021-09-18 16:35:20,392 INFO    HandlerThread:3700318 [handler.py:handle_request_defer():141] handle defer: 0
2021-09-18 16:35:20,392 DEBUG   SenderThread:3700318 [sender.py:send_request():193] send_request: defer
2021-09-18 16:35:20,392 INFO    SenderThread:3700318 [sender.py:send_request_defer():304] handle sender defer: 0
2021-09-18 16:35:20,393 INFO    SenderThread:3700318 [sender.py:transition_state():308] send defer: 1
2021-09-18 16:35:20,393 DEBUG   HandlerThread:3700318 [handler.py:handle_request():124] handle_request: defer
2021-09-18 16:35:20,393 INFO    HandlerThread:3700318 [handler.py:handle_request_defer():141] handle defer: 1
2021-09-18 16:35:20,502 DEBUG   SenderThread:3700318 [sender.py:send_request():193] send_request: defer
2021-09-18 16:35:20,502 INFO    SenderThread:3700318 [sender.py:send_request_defer():304] handle sender defer: 1
2021-09-18 16:35:20,502 DEBUG   HandlerThread:3700318 [handler.py:handle_request():124] handle_request: poll_exit
2021-09-18 16:35:20,502 INFO    SenderThread:3700318 [sender.py:transition_state():308] send defer: 2
2021-09-18 16:35:20,502 DEBUG   SenderThread:3700318 [sender.py:send_request():193] send_request: poll_exit
2021-09-18 16:35:20,503 DEBUG   SenderThread:3700318 [sender.py:send():179] send: stats
2021-09-18 16:35:20,503 DEBUG   HandlerThread:3700318 [handler.py:handle_request():124] handle_request: defer
2021-09-18 16:35:20,505 INFO    HandlerThread:3700318 [handler.py:handle_request_defer():141] handle defer: 2
2021-09-18 16:35:20,505 DEBUG   SenderThread:3700318 [sender.py:send_request():193] send_request: defer
2021-09-18 16:35:20,505 INFO    SenderThread:3700318 [sender.py:send_request_defer():304] handle sender defer: 2
2021-09-18 16:35:20,506 INFO    SenderThread:3700318 [sender.py:transition_state():308] send defer: 3
2021-09-18 16:35:20,506 DEBUG   HandlerThread:3700318 [handler.py:handle_request():124] handle_request: defer
2021-09-18 16:35:20,506 INFO    HandlerThread:3700318 [handler.py:handle_request_defer():141] handle defer: 3
2021-09-18 16:35:20,506 DEBUG   SenderThread:3700318 [sender.py:send():179] send: summary
2021-09-18 16:35:20,507 INFO    SenderThread:3700318 [sender.py:_save_file():841] saving file wandb-summary.json with policy end
2021-09-18 16:35:20,507 DEBUG   SenderThread:3700318 [sender.py:send_request():193] send_request: defer
2021-09-18 16:35:20,507 INFO    SenderThread:3700318 [sender.py:send_request_defer():304] handle sender defer: 3
2021-09-18 16:35:20,507 INFO    SenderThread:3700318 [sender.py:transition_state():308] send defer: 4
2021-09-18 16:35:20,508 DEBUG   HandlerThread:3700318 [handler.py:handle_request():124] handle_request: defer
2021-09-18 16:35:20,508 INFO    HandlerThread:3700318 [handler.py:handle_request_defer():141] handle defer: 4
2021-09-18 16:35:20,508 DEBUG   SenderThread:3700318 [sender.py:send_request():193] send_request: defer
2021-09-18 16:35:20,508 INFO    SenderThread:3700318 [sender.py:send_request_defer():304] handle sender defer: 4
2021-09-18 16:35:20,594 INFO    SenderThread:3700318 [sender.py:transition_state():308] send defer: 5
2021-09-18 16:35:20,594 DEBUG   HandlerThread:3700318 [handler.py:handle_request():124] handle_request: defer
2021-09-18 16:35:20,595 INFO    HandlerThread:3700318 [handler.py:handle_request_defer():141] handle defer: 5
2021-09-18 16:35:20,595 DEBUG   SenderThread:3700318 [sender.py:send_request():193] send_request: defer
2021-09-18 16:35:20,595 INFO    SenderThread:3700318 [sender.py:send_request_defer():304] handle sender defer: 5
2021-09-18 16:35:20,595 INFO    SenderThread:3700318 [dir_watcher.py:finish():282] shutting down directory watcher
2021-09-18 16:35:20,605 DEBUG   HandlerThread:3700318 [handler.py:handle_request():124] handle_request: poll_exit
2021-09-18 16:35:21,028 INFO    SenderThread:3700318 [dir_watcher.py:_on_file_modified():229] file/dir modified: /grid/koo/home/toneyan/profile/QuantPred/wandb/run-20210918_163441-evwf1p1k/files/config.yaml
2021-09-18 16:35:21,029 INFO    SenderThread:3700318 [dir_watcher.py:_on_file_modified():229] file/dir modified: /grid/koo/home/toneyan/profile/QuantPred/wandb/run-20210918_163441-evwf1p1k/files/wandb-summary.json
2021-09-18 16:35:21,029 INFO    SenderThread:3700318 [dir_watcher.py:finish():312] scan: /grid/koo/home/toneyan/profile/QuantPred/wandb/run-20210918_163441-evwf1p1k/files
2021-09-18 16:35:21,029 INFO    SenderThread:3700318 [dir_watcher.py:finish():318] scan save: /grid/koo/home/toneyan/profile/QuantPred/wandb/run-20210918_163441-evwf1p1k/files/wandb-metadata.json wandb-metadata.json
2021-09-18 16:35:21,029 INFO    SenderThread:3700318 [dir_watcher.py:finish():318] scan save: /grid/koo/home/toneyan/profile/QuantPred/wandb/run-20210918_163441-evwf1p1k/files/config.yaml config.yaml
2021-09-18 16:35:21,029 INFO    SenderThread:3700318 [dir_watcher.py:finish():318] scan save: /grid/koo/home/toneyan/profile/QuantPred/wandb/run-20210918_163441-evwf1p1k/files/requirements.txt requirements.txt
2021-09-18 16:35:21,033 INFO    SenderThread:3700318 [dir_watcher.py:finish():318] scan save: /grid/koo/home/toneyan/profile/QuantPred/wandb/run-20210918_163441-evwf1p1k/files/wandb-summary.json wandb-summary.json
2021-09-18 16:35:21,033 INFO    SenderThread:3700318 [dir_watcher.py:finish():318] scan save: /grid/koo/home/toneyan/profile/QuantPred/wandb/run-20210918_163441-evwf1p1k/files/output.log output.log
2021-09-18 16:35:21,041 INFO    SenderThread:3700318 [sender.py:transition_state():308] send defer: 6
2021-09-18 16:35:21,041 DEBUG   SenderThread:3700318 [sender.py:send_request():193] send_request: poll_exit
2021-09-18 16:35:21,042 DEBUG   HandlerThread:3700318 [handler.py:handle_request():124] handle_request: defer
2021-09-18 16:35:21,042 INFO    HandlerThread:3700318 [handler.py:handle_request_defer():141] handle defer: 6
2021-09-18 16:35:21,042 DEBUG   SenderThread:3700318 [sender.py:send_request():193] send_request: defer
2021-09-18 16:35:21,042 INFO    SenderThread:3700318 [sender.py:send_request_defer():304] handle sender defer: 6
2021-09-18 16:35:21,042 INFO    SenderThread:3700318 [file_pusher.py:finish():177] shutting down file pusher
2021-09-18 16:35:21,147 DEBUG   HandlerThread:3700318 [handler.py:handle_request():124] handle_request: poll_exit
2021-09-18 16:35:21,147 DEBUG   SenderThread:3700318 [sender.py:send_request():193] send_request: poll_exit
2021-09-18 16:35:21,249 DEBUG   HandlerThread:3700318 [handler.py:handle_request():124] handle_request: poll_exit
2021-09-18 16:35:21,250 DEBUG   SenderThread:3700318 [sender.py:send_request():193] send_request: poll_exit
2021-09-18 16:35:21,356 INFO    Thread-14 :3700318 [upload_job.py:push():137] Uploaded file /grid/koo/home/toneyan/profile/QuantPred/wandb/run-20210918_163441-evwf1p1k/files/wandb-summary.json
2021-09-18 16:35:21,359 DEBUG   HandlerThread:3700318 [handler.py:handle_request():124] handle_request: poll_exit
2021-09-18 16:35:21,359 DEBUG   SenderThread:3700318 [sender.py:send_request():193] send_request: poll_exit
2021-09-18 16:35:21,371 INFO    Thread-12 :3700318 [upload_job.py:push():137] Uploaded file /grid/koo/home/toneyan/profile/QuantPred/wandb/run-20210918_163441-evwf1p1k/files/config.yaml
2021-09-18 16:35:21,465 DEBUG   HandlerThread:3700318 [handler.py:handle_request():124] handle_request: poll_exit
2021-09-18 16:35:21,465 DEBUG   SenderThread:3700318 [sender.py:send_request():193] send_request: poll_exit
2021-09-18 16:35:21,533 INFO    Thread-13 :3700318 [upload_job.py:push():137] Uploaded file /grid/koo/home/toneyan/profile/QuantPred/wandb/run-20210918_163441-evwf1p1k/files/requirements.txt
2021-09-18 16:35:21,568 DEBUG   HandlerThread:3700318 [handler.py:handle_request():124] handle_request: poll_exit
2021-09-18 16:35:21,568 DEBUG   SenderThread:3700318 [sender.py:send_request():193] send_request: poll_exit
2021-09-18 16:35:21,670 DEBUG   HandlerThread:3700318 [handler.py:handle_request():124] handle_request: poll_exit
2021-09-18 16:35:21,670 DEBUG   SenderThread:3700318 [sender.py:send_request():193] send_request: poll_exit
2021-09-18 16:35:21,734 INFO    Thread-7  :3700318 [sender.py:transition_state():308] send defer: 7
2021-09-18 16:35:21,734 DEBUG   HandlerThread:3700318 [handler.py:handle_request():124] handle_request: defer
2021-09-18 16:35:21,734 INFO    HandlerThread:3700318 [handler.py:handle_request_defer():141] handle defer: 7
2021-09-18 16:35:21,735 DEBUG   SenderThread:3700318 [sender.py:send_request():193] send_request: defer
2021-09-18 16:35:21,735 INFO    SenderThread:3700318 [sender.py:send_request_defer():304] handle sender defer: 7
2021-09-18 16:35:21,772 DEBUG   HandlerThread:3700318 [handler.py:handle_request():124] handle_request: poll_exit
2021-09-18 16:35:21,843 INFO    SenderThread:3700318 [sender.py:transition_state():308] send defer: 8
2021-09-18 16:35:21,843 DEBUG   SenderThread:3700318 [sender.py:send_request():193] send_request: poll_exit
2021-09-18 16:35:21,844 DEBUG   HandlerThread:3700318 [handler.py:handle_request():124] handle_request: defer
2021-09-18 16:35:21,844 INFO    HandlerThread:3700318 [handler.py:handle_request_defer():141] handle defer: 8
2021-09-18 16:35:21,844 DEBUG   SenderThread:3700318 [sender.py:send_request():193] send_request: defer
2021-09-18 16:35:21,844 INFO    SenderThread:3700318 [sender.py:send_request_defer():304] handle sender defer: 8
2021-09-18 16:35:21,844 INFO    SenderThread:3700318 [sender.py:transition_state():308] send defer: 9
2021-09-18 16:35:21,844 DEBUG   SenderThread:3700318 [sender.py:send():179] send: final
2021-09-18 16:35:21,845 DEBUG   HandlerThread:3700318 [handler.py:handle_request():124] handle_request: defer
2021-09-18 16:35:21,845 DEBUG   SenderThread:3700318 [sender.py:send():179] send: footer
2021-09-18 16:35:21,845 INFO    HandlerThread:3700318 [handler.py:handle_request_defer():141] handle defer: 9
2021-09-18 16:35:21,845 DEBUG   SenderThread:3700318 [sender.py:send_request():193] send_request: defer
2021-09-18 16:35:21,845 INFO    SenderThread:3700318 [sender.py:send_request_defer():304] handle sender defer: 9
2021-09-18 16:35:21,949 DEBUG   HandlerThread:3700318 [handler.py:handle_request():124] handle_request: poll_exit
2021-09-18 16:35:21,949 DEBUG   SenderThread:3700318 [sender.py:send_request():193] send_request: poll_exit
2021-09-18 16:35:21,949 INFO    SenderThread:3700318 [file_pusher.py:join():182] waiting for file pusher
2021-09-18 16:35:21,952 DEBUG   HandlerThread:3700318 [handler.py:handle_request():124] handle_request: get_summary
2021-09-18 16:35:21,952 DEBUG   HandlerThread:3700318 [handler.py:handle_request():124] handle_request: sampled_history
2021-09-18 16:35:21,953 DEBUG   HandlerThread:3700318 [handler.py:handle_request():124] handle_request: shutdown
2021-09-18 16:35:21,953 INFO    HandlerThread:3700318 [handler.py:finish():638] shutting down handler
2021-09-18 16:35:22,845 INFO    WriterThread:3700318 [datastore.py:close():288] close: /grid/koo/home/toneyan/profile/QuantPred/wandb/run-20210918_163441-evwf1p1k/run-evwf1p1k.wandb
2021-09-18 16:35:22,949 INFO    SenderThread:3700318 [sender.py:finish():945] shutting down sender
2021-09-18 16:35:22,950 INFO    SenderThread:3700318 [file_pusher.py:finish():177] shutting down file pusher
2021-09-18 16:35:22,950 INFO    SenderThread:3700318 [file_pusher.py:join():182] waiting for file pusher
2021-09-18 16:35:22,951 INFO    MainThread:3700318 [internal.py:handle_exit():78] Internal process exited
