2021-09-14 06:00:42,458 INFO    MainThread:1319035 [internal.py:wandb_internal():91] W&B internal server running at pid: 1319035, started at: 2021-09-14 06:00:42.457489
2021-09-14 06:00:42,459 DEBUG   HandlerThread:1319035 [handler.py:handle_request():124] handle_request: check_version
2021-09-14 06:00:42,459 INFO    WriterThread:1319035 [datastore.py:open_for_write():80] open: /grid/koo/home/toneyan/profile/QuantPred/wandb/run-20210914_060041-i4n4trry/run-i4n4trry.wandb
2021-09-14 06:00:42,461 DEBUG   SenderThread:1319035 [sender.py:send():179] send: header
2021-09-14 06:00:42,461 DEBUG   SenderThread:1319035 [sender.py:send_request():193] send_request: check_version
2021-09-14 06:00:42,490 DEBUG   SenderThread:1319035 [sender.py:send():179] send: run
2021-09-14 06:00:42,548 ERROR   SenderThread:1319035 [internal_api.py:execute():130] 429 response executing GraphQL.
2021-09-14 06:00:42,548 ERROR   SenderThread:1319035 [internal_api.py:execute():131] {"error":"rate limit exceeded"}

2021-09-14 06:00:43,737 ERROR   SenderThread:1319035 [internal_api.py:execute():130] 429 response executing GraphQL.
2021-09-14 06:00:43,738 ERROR   SenderThread:1319035 [internal_api.py:execute():131] {"error":"rate limit exceeded"}

2021-09-14 06:00:46,294 INFO    SenderThread:1319035 [dir_watcher.py:__init__():168] watching files in: /grid/koo/home/toneyan/profile/QuantPred/wandb/run-20210914_060041-i4n4trry/files
2021-09-14 06:00:46,294 INFO    SenderThread:1319035 [sender.py:_start_run_threads():719] run started: i4n4trry with start time 1631613641
2021-09-14 06:00:46,294 DEBUG   SenderThread:1319035 [sender.py:send():179] send: summary
2021-09-14 06:00:46,295 INFO    SenderThread:1319035 [sender.py:_save_file():841] saving file wandb-summary.json with policy end
2021-09-14 06:00:46,295 DEBUG   HandlerThread:1319035 [handler.py:handle_request():124] handle_request: run_start
2021-09-14 06:00:47,297 INFO    Thread-8  :1319035 [dir_watcher.py:_on_file_created():216] file/dir created: /grid/koo/home/toneyan/profile/QuantPred/wandb/run-20210914_060041-i4n4trry/files/wandb-summary.json
2021-09-14 06:00:47,547 DEBUG   HandlerThread:1319035 [meta.py:__init__():39] meta init
2021-09-14 06:00:47,548 DEBUG   HandlerThread:1319035 [meta.py:__init__():53] meta init done
2021-09-14 06:00:47,548 DEBUG   HandlerThread:1319035 [meta.py:probe():210] probe
2021-09-14 06:00:47,554 DEBUG   HandlerThread:1319035 [meta.py:_save_pip():57] save pip
2021-09-14 06:00:47,555 DEBUG   HandlerThread:1319035 [meta.py:_save_pip():71] save pip done
2021-09-14 06:00:47,555 DEBUG   HandlerThread:1319035 [meta.py:probe():252] probe done
2021-09-14 06:00:47,557 DEBUG   SenderThread:1319035 [sender.py:send():179] send: files
2021-09-14 06:00:47,558 INFO    SenderThread:1319035 [sender.py:_save_file():841] saving file wandb-metadata.json with policy now
2021-09-14 06:00:47,563 DEBUG   HandlerThread:1319035 [handler.py:handle_request():124] handle_request: stop_status
2021-09-14 06:00:47,563 DEBUG   SenderThread:1319035 [sender.py:send_request():193] send_request: stop_status
2021-09-14 06:00:47,903 INFO    Thread-11 :1319035 [upload_job.py:push():137] Uploaded file /tmp/3287115.1.gpu_ded.q/tmp7sg_jr8hwandb/3kr74d1n-wandb-metadata.json
2021-09-14 06:00:48,296 INFO    Thread-8  :1319035 [dir_watcher.py:_on_file_created():216] file/dir created: /grid/koo/home/toneyan/profile/QuantPred/wandb/run-20210914_060041-i4n4trry/files/wandb-metadata.json
2021-09-14 06:00:48,296 INFO    Thread-8  :1319035 [dir_watcher.py:_on_file_created():216] file/dir created: /grid/koo/home/toneyan/profile/QuantPred/wandb/run-20210914_060041-i4n4trry/files/output.log
2021-09-14 06:00:48,296 INFO    Thread-8  :1319035 [dir_watcher.py:_on_file_created():216] file/dir created: /grid/koo/home/toneyan/profile/QuantPred/wandb/run-20210914_060041-i4n4trry/files/requirements.txt
2021-09-14 06:01:02,633 DEBUG   HandlerThread:1319035 [handler.py:handle_request():124] handle_request: stop_status
2021-09-14 06:01:02,634 DEBUG   SenderThread:1319035 [sender.py:send_request():193] send_request: stop_status
2021-09-14 06:01:15,950 DEBUG   SenderThread:1319035 [sender.py:send():179] send: stats
2021-09-14 06:01:17,693 DEBUG   HandlerThread:1319035 [handler.py:handle_request():124] handle_request: stop_status
2021-09-14 06:01:17,694 DEBUG   SenderThread:1319035 [sender.py:send_request():193] send_request: stop_status
2021-09-14 06:01:20,688 DEBUG   SenderThread:1319035 [sender.py:send():179] send: telemetry
2021-09-14 06:01:20,688 DEBUG   HandlerThread:1319035 [handler.py:handle_request():124] handle_request: poll_exit
2021-09-14 06:01:20,688 DEBUG   SenderThread:1319035 [sender.py:send():179] send: exit
2021-09-14 06:01:20,689 INFO    SenderThread:1319035 [sender.py:send_exit():287] handling exit code: 1
2021-09-14 06:01:20,689 INFO    SenderThread:1319035 [sender.py:send_exit():295] send defer
2021-09-14 06:01:20,689 DEBUG   SenderThread:1319035 [sender.py:send_request():193] send_request: poll_exit
2021-09-14 06:01:20,689 DEBUG   HandlerThread:1319035 [handler.py:handle_request():124] handle_request: defer
2021-09-14 06:01:20,689 INFO    HandlerThread:1319035 [handler.py:handle_request_defer():141] handle defer: 0
2021-09-14 06:01:20,689 DEBUG   SenderThread:1319035 [sender.py:send_request():193] send_request: defer
2021-09-14 06:01:20,689 INFO    SenderThread:1319035 [sender.py:send_request_defer():304] handle sender defer: 0
2021-09-14 06:01:20,689 INFO    SenderThread:1319035 [sender.py:transition_state():308] send defer: 1
2021-09-14 06:01:20,690 DEBUG   HandlerThread:1319035 [handler.py:handle_request():124] handle_request: defer
2021-09-14 06:01:20,690 INFO    HandlerThread:1319035 [handler.py:handle_request_defer():141] handle defer: 1
2021-09-14 06:01:20,724 DEBUG   SenderThread:1319035 [sender.py:send_request():193] send_request: defer
2021-09-14 06:01:20,724 INFO    SenderThread:1319035 [sender.py:send_request_defer():304] handle sender defer: 1
2021-09-14 06:01:20,724 INFO    SenderThread:1319035 [sender.py:transition_state():308] send defer: 2
2021-09-14 06:01:20,724 DEBUG   SenderThread:1319035 [sender.py:send():179] send: stats
2021-09-14 06:01:20,725 DEBUG   HandlerThread:1319035 [handler.py:handle_request():124] handle_request: defer
2021-09-14 06:01:20,727 INFO    HandlerThread:1319035 [handler.py:handle_request_defer():141] handle defer: 2
2021-09-14 06:01:20,727 DEBUG   SenderThread:1319035 [sender.py:send_request():193] send_request: defer
2021-09-14 06:01:20,727 INFO    SenderThread:1319035 [sender.py:send_request_defer():304] handle sender defer: 2
2021-09-14 06:01:20,727 INFO    SenderThread:1319035 [sender.py:transition_state():308] send defer: 3
2021-09-14 06:01:20,727 DEBUG   HandlerThread:1319035 [handler.py:handle_request():124] handle_request: defer
2021-09-14 06:01:20,728 INFO    HandlerThread:1319035 [handler.py:handle_request_defer():141] handle defer: 3
2021-09-14 06:01:20,728 DEBUG   SenderThread:1319035 [sender.py:send():179] send: summary
2021-09-14 06:01:20,728 INFO    SenderThread:1319035 [sender.py:_save_file():841] saving file wandb-summary.json with policy end
2021-09-14 06:01:20,728 DEBUG   SenderThread:1319035 [sender.py:send_request():193] send_request: defer
2021-09-14 06:01:20,728 INFO    SenderThread:1319035 [sender.py:send_request_defer():304] handle sender defer: 3
2021-09-14 06:01:20,728 INFO    SenderThread:1319035 [sender.py:transition_state():308] send defer: 4
2021-09-14 06:01:20,728 DEBUG   HandlerThread:1319035 [handler.py:handle_request():124] handle_request: defer
2021-09-14 06:01:20,728 INFO    HandlerThread:1319035 [handler.py:handle_request_defer():141] handle defer: 4
2021-09-14 06:01:20,729 DEBUG   SenderThread:1319035 [sender.py:send_request():193] send_request: defer
2021-09-14 06:01:20,729 INFO    SenderThread:1319035 [sender.py:send_request_defer():304] handle sender defer: 4
2021-09-14 06:01:20,791 DEBUG   HandlerThread:1319035 [handler.py:handle_request():124] handle_request: poll_exit
2021-09-14 06:01:20,811 INFO    SenderThread:1319035 [sender.py:transition_state():308] send defer: 5
2021-09-14 06:01:20,811 DEBUG   SenderThread:1319035 [sender.py:send_request():193] send_request: poll_exit
2021-09-14 06:01:20,812 DEBUG   HandlerThread:1319035 [handler.py:handle_request():124] handle_request: defer
2021-09-14 06:01:20,812 INFO    HandlerThread:1319035 [handler.py:handle_request_defer():141] handle defer: 5
2021-09-14 06:01:20,812 DEBUG   SenderThread:1319035 [sender.py:send_request():193] send_request: defer
2021-09-14 06:01:20,812 INFO    SenderThread:1319035 [sender.py:send_request_defer():304] handle sender defer: 5
2021-09-14 06:01:20,812 INFO    SenderThread:1319035 [dir_watcher.py:finish():282] shutting down directory watcher
2021-09-14 06:01:20,913 DEBUG   HandlerThread:1319035 [handler.py:handle_request():124] handle_request: poll_exit
2021-09-14 06:01:21,302 INFO    SenderThread:1319035 [dir_watcher.py:_on_file_modified():229] file/dir modified: /grid/koo/home/toneyan/profile/QuantPred/wandb/run-20210914_060041-i4n4trry/files/config.yaml
2021-09-14 06:01:21,302 INFO    SenderThread:1319035 [dir_watcher.py:_on_file_modified():229] file/dir modified: /grid/koo/home/toneyan/profile/QuantPred/wandb/run-20210914_060041-i4n4trry/files/wandb-summary.json
2021-09-14 06:01:21,303 INFO    SenderThread:1319035 [dir_watcher.py:finish():312] scan: /grid/koo/home/toneyan/profile/QuantPred/wandb/run-20210914_060041-i4n4trry/files
2021-09-14 06:01:21,303 INFO    SenderThread:1319035 [dir_watcher.py:finish():318] scan save: /grid/koo/home/toneyan/profile/QuantPred/wandb/run-20210914_060041-i4n4trry/files/wandb-metadata.json wandb-metadata.json
2021-09-14 06:01:21,303 INFO    SenderThread:1319035 [dir_watcher.py:finish():318] scan save: /grid/koo/home/toneyan/profile/QuantPred/wandb/run-20210914_060041-i4n4trry/files/config.yaml config.yaml
2021-09-14 06:01:21,304 INFO    SenderThread:1319035 [dir_watcher.py:finish():318] scan save: /grid/koo/home/toneyan/profile/QuantPred/wandb/run-20210914_060041-i4n4trry/files/requirements.txt requirements.txt
2021-09-14 06:01:21,307 INFO    SenderThread:1319035 [dir_watcher.py:finish():318] scan save: /grid/koo/home/toneyan/profile/QuantPred/wandb/run-20210914_060041-i4n4trry/files/wandb-summary.json wandb-summary.json
2021-09-14 06:01:21,311 INFO    SenderThread:1319035 [dir_watcher.py:finish():318] scan save: /grid/koo/home/toneyan/profile/QuantPred/wandb/run-20210914_060041-i4n4trry/files/output.log output.log
2021-09-14 06:01:21,316 INFO    SenderThread:1319035 [sender.py:transition_state():308] send defer: 6
2021-09-14 06:01:21,316 DEBUG   SenderThread:1319035 [sender.py:send_request():193] send_request: poll_exit
2021-09-14 06:01:21,317 DEBUG   HandlerThread:1319035 [handler.py:handle_request():124] handle_request: defer
2021-09-14 06:01:21,317 INFO    HandlerThread:1319035 [handler.py:handle_request_defer():141] handle defer: 6
2021-09-14 06:01:21,318 DEBUG   SenderThread:1319035 [sender.py:send_request():193] send_request: defer
2021-09-14 06:01:21,318 INFO    SenderThread:1319035 [sender.py:send_request_defer():304] handle sender defer: 6
2021-09-14 06:01:21,318 INFO    SenderThread:1319035 [file_pusher.py:finish():177] shutting down file pusher
2021-09-14 06:01:21,419 DEBUG   HandlerThread:1319035 [handler.py:handle_request():124] handle_request: poll_exit
2021-09-14 06:01:21,419 DEBUG   SenderThread:1319035 [sender.py:send_request():193] send_request: poll_exit
2021-09-14 06:01:21,521 DEBUG   HandlerThread:1319035 [handler.py:handle_request():124] handle_request: poll_exit
2021-09-14 06:01:21,522 DEBUG   SenderThread:1319035 [sender.py:send_request():193] send_request: poll_exit
2021-09-14 06:01:21,623 DEBUG   HandlerThread:1319035 [handler.py:handle_request():124] handle_request: poll_exit
2021-09-14 06:01:21,624 DEBUG   SenderThread:1319035 [sender.py:send_request():193] send_request: poll_exit
2021-09-14 06:01:21,691 INFO    Thread-14 :1319035 [upload_job.py:push():137] Uploaded file /grid/koo/home/toneyan/profile/QuantPred/wandb/run-20210914_060041-i4n4trry/files/wandb-summary.json
2021-09-14 06:01:21,700 INFO    Thread-12 :1319035 [upload_job.py:push():137] Uploaded file /grid/koo/home/toneyan/profile/QuantPred/wandb/run-20210914_060041-i4n4trry/files/config.yaml
2021-09-14 06:01:21,700 INFO    Thread-13 :1319035 [upload_job.py:push():137] Uploaded file /grid/koo/home/toneyan/profile/QuantPred/wandb/run-20210914_060041-i4n4trry/files/requirements.txt
2021-09-14 06:01:21,725 DEBUG   HandlerThread:1319035 [handler.py:handle_request():124] handle_request: poll_exit
2021-09-14 06:01:21,726 DEBUG   SenderThread:1319035 [sender.py:send_request():193] send_request: poll_exit
2021-09-14 06:01:21,827 DEBUG   HandlerThread:1319035 [handler.py:handle_request():124] handle_request: poll_exit
2021-09-14 06:01:21,828 DEBUG   SenderThread:1319035 [sender.py:send_request():193] send_request: poll_exit
2021-09-14 06:01:21,901 INFO    Thread-7  :1319035 [sender.py:transition_state():308] send defer: 7
2021-09-14 06:01:21,902 DEBUG   HandlerThread:1319035 [handler.py:handle_request():124] handle_request: defer
2021-09-14 06:01:21,902 INFO    HandlerThread:1319035 [handler.py:handle_request_defer():141] handle defer: 7
2021-09-14 06:01:21,902 DEBUG   SenderThread:1319035 [sender.py:send_request():193] send_request: defer
2021-09-14 06:01:21,902 INFO    SenderThread:1319035 [sender.py:send_request_defer():304] handle sender defer: 7
2021-09-14 06:01:21,930 DEBUG   HandlerThread:1319035 [handler.py:handle_request():124] handle_request: poll_exit
2021-09-14 06:01:22,011 INFO    SenderThread:1319035 [sender.py:transition_state():308] send defer: 8
2021-09-14 06:01:22,011 DEBUG   SenderThread:1319035 [sender.py:send_request():193] send_request: poll_exit
2021-09-14 06:01:22,012 DEBUG   HandlerThread:1319035 [handler.py:handle_request():124] handle_request: defer
2021-09-14 06:01:22,012 INFO    HandlerThread:1319035 [handler.py:handle_request_defer():141] handle defer: 8
2021-09-14 06:01:22,012 DEBUG   SenderThread:1319035 [sender.py:send_request():193] send_request: defer
2021-09-14 06:01:22,012 INFO    SenderThread:1319035 [sender.py:send_request_defer():304] handle sender defer: 8
2021-09-14 06:01:22,012 INFO    SenderThread:1319035 [sender.py:transition_state():308] send defer: 9
2021-09-14 06:01:22,013 DEBUG   SenderThread:1319035 [sender.py:send():179] send: final
2021-09-14 06:01:22,013 DEBUG   HandlerThread:1319035 [handler.py:handle_request():124] handle_request: defer
2021-09-14 06:01:22,013 DEBUG   SenderThread:1319035 [sender.py:send():179] send: footer
2021-09-14 06:01:22,013 INFO    HandlerThread:1319035 [handler.py:handle_request_defer():141] handle defer: 9
2021-09-14 06:01:22,013 DEBUG   SenderThread:1319035 [sender.py:send_request():193] send_request: defer
2021-09-14 06:01:22,013 INFO    SenderThread:1319035 [sender.py:send_request_defer():304] handle sender defer: 9
2021-09-14 06:01:22,113 DEBUG   HandlerThread:1319035 [handler.py:handle_request():124] handle_request: poll_exit
2021-09-14 06:01:22,114 DEBUG   SenderThread:1319035 [sender.py:send_request():193] send_request: poll_exit
2021-09-14 06:01:22,114 INFO    SenderThread:1319035 [file_pusher.py:join():182] waiting for file pusher
2021-09-14 06:01:22,115 DEBUG   HandlerThread:1319035 [handler.py:handle_request():124] handle_request: get_summary
2021-09-14 06:01:22,115 DEBUG   HandlerThread:1319035 [handler.py:handle_request():124] handle_request: sampled_history
2021-09-14 06:01:22,116 DEBUG   HandlerThread:1319035 [handler.py:handle_request():124] handle_request: shutdown
2021-09-14 06:01:22,116 INFO    HandlerThread:1319035 [handler.py:finish():638] shutting down handler
2021-09-14 06:01:23,013 INFO    WriterThread:1319035 [datastore.py:close():288] close: /grid/koo/home/toneyan/profile/QuantPred/wandb/run-20210914_060041-i4n4trry/run-i4n4trry.wandb
2021-09-14 06:01:23,114 INFO    SenderThread:1319035 [sender.py:finish():945] shutting down sender
2021-09-14 06:01:23,114 INFO    SenderThread:1319035 [file_pusher.py:finish():177] shutting down file pusher
2021-09-14 06:01:23,114 INFO    SenderThread:1319035 [file_pusher.py:join():182] waiting for file pusher
2021-09-14 06:01:23,116 INFO    MainThread:1319035 [internal.py:handle_exit():78] Internal process exited
