2021-09-18 17:18:05,515 INFO    MainThread:1765113 [internal.py:wandb_internal():91] W&B internal server running at pid: 1765113, started at: 2021-09-18 17:18:05.514705
2021-09-18 17:18:05,517 DEBUG   HandlerThread:1765113 [handler.py:handle_request():124] handle_request: check_version
2021-09-18 17:18:05,517 INFO    WriterThread:1765113 [datastore.py:open_for_write():80] open: /grid/koo/home/toneyan/profile/QuantPred/wandb/run-20210918_171804-dwty7245/run-dwty7245.wandb
2021-09-18 17:18:05,520 DEBUG   SenderThread:1765113 [sender.py:send():179] send: header
2021-09-18 17:18:05,520 DEBUG   SenderThread:1765113 [sender.py:send_request():193] send_request: check_version
2021-09-18 17:18:05,548 DEBUG   SenderThread:1765113 [sender.py:send():179] send: run
2021-09-18 17:18:05,633 INFO    SenderThread:1765113 [dir_watcher.py:__init__():168] watching files in: /grid/koo/home/toneyan/profile/QuantPred/wandb/run-20210918_171804-dwty7245/files
2021-09-18 17:18:05,633 INFO    SenderThread:1765113 [sender.py:_start_run_threads():719] run started: dwty7245 with start time 1631999884
2021-09-18 17:18:05,633 DEBUG   SenderThread:1765113 [sender.py:send():179] send: summary
2021-09-18 17:18:05,633 INFO    SenderThread:1765113 [sender.py:_save_file():841] saving file wandb-summary.json with policy end
2021-09-18 17:18:05,634 DEBUG   HandlerThread:1765113 [handler.py:handle_request():124] handle_request: run_start
2021-09-18 17:18:06,636 INFO    Thread-8  :1765113 [dir_watcher.py:_on_file_created():216] file/dir created: /grid/koo/home/toneyan/profile/QuantPred/wandb/run-20210918_171804-dwty7245/files/wandb-summary.json
2021-09-18 17:18:06,783 DEBUG   HandlerThread:1765113 [meta.py:__init__():39] meta init
2021-09-18 17:18:06,784 DEBUG   HandlerThread:1765113 [meta.py:__init__():53] meta init done
2021-09-18 17:18:06,784 DEBUG   HandlerThread:1765113 [meta.py:probe():210] probe
2021-09-18 17:18:06,789 DEBUG   HandlerThread:1765113 [meta.py:_save_pip():57] save pip
2021-09-18 17:18:06,790 DEBUG   HandlerThread:1765113 [meta.py:_save_pip():71] save pip done
2021-09-18 17:18:06,790 DEBUG   HandlerThread:1765113 [meta.py:probe():252] probe done
2021-09-18 17:18:06,793 DEBUG   SenderThread:1765113 [sender.py:send():179] send: files
2021-09-18 17:18:06,793 INFO    SenderThread:1765113 [sender.py:_save_file():841] saving file wandb-metadata.json with policy now
2021-09-18 17:18:06,799 DEBUG   HandlerThread:1765113 [handler.py:handle_request():124] handle_request: stop_status
2021-09-18 17:18:06,799 DEBUG   SenderThread:1765113 [sender.py:send_request():193] send_request: stop_status
2021-09-18 17:18:06,852 ERROR   Thread-11 :1765113 [internal_api.py:execute():130] 429 response executing GraphQL.
2021-09-18 17:18:06,852 ERROR   Thread-11 :1765113 [internal_api.py:execute():131] {"error":"rate limit exceeded"}

2021-09-18 17:18:06,860 ERROR   SenderThread:1765113 [internal_api.py:execute():130] 429 response executing GraphQL.
2021-09-18 17:18:06,861 ERROR   SenderThread:1765113 [internal_api.py:execute():131] {"error":"rate limit exceeded"}

2021-09-18 17:18:07,636 INFO    Thread-8  :1765113 [dir_watcher.py:_on_file_created():216] file/dir created: /grid/koo/home/toneyan/profile/QuantPred/wandb/run-20210918_171804-dwty7245/files/output.log
2021-09-18 17:18:07,636 INFO    Thread-8  :1765113 [dir_watcher.py:_on_file_created():216] file/dir created: /grid/koo/home/toneyan/profile/QuantPred/wandb/run-20210918_171804-dwty7245/files/requirements.txt
2021-09-18 17:18:07,636 INFO    Thread-8  :1765113 [dir_watcher.py:_on_file_created():216] file/dir created: /grid/koo/home/toneyan/profile/QuantPred/wandb/run-20210918_171804-dwty7245/files/wandb-metadata.json
2021-09-18 17:18:07,947 ERROR   Thread-11 :1765113 [internal_api.py:execute():130] 429 response executing GraphQL.
2021-09-18 17:18:07,947 ERROR   Thread-11 :1765113 [internal_api.py:execute():131] {"error":"rate limit exceeded"}

2021-09-18 17:18:08,024 ERROR   SenderThread:1765113 [internal_api.py:execute():130] 429 response executing GraphQL.
2021-09-18 17:18:08,025 ERROR   SenderThread:1765113 [internal_api.py:execute():131] {"error":"rate limit exceeded"}

2021-09-18 17:18:08,025 ERROR   SenderThread:1765113 [retry.py:__call__():126] Retry attempt failed:
Traceback (most recent call last):
  File "/usr/local/lib/python3.6/dist-packages/wandb/sdk/lib/retry.py", line 102, in __call__
    result = self._call_fn(*args, **kwargs)
  File "/usr/local/lib/python3.6/dist-packages/wandb/sdk/internal/internal_api.py", line 133, in execute
    six.reraise(*sys.exc_info())
  File "/usr/local/lib/python3.6/dist-packages/six.py", line 719, in reraise
    raise value
  File "/usr/local/lib/python3.6/dist-packages/wandb/sdk/internal/internal_api.py", line 127, in execute
    return self.client.execute(*args, **kwargs)
  File "/usr/local/lib/python3.6/dist-packages/wandb/vendor/gql-0.2.0/gql/client.py", line 52, in execute
    result = self._get_result(document, *args, **kwargs)
  File "/usr/local/lib/python3.6/dist-packages/wandb/vendor/gql-0.2.0/gql/client.py", line 60, in _get_result
    return self.transport.execute(document, *args, **kwargs)
  File "/usr/local/lib/python3.6/dist-packages/wandb/vendor/gql-0.2.0/gql/transport/requests.py", line 39, in execute
    request.raise_for_status()
  File "/usr/local/lib/python3.6/dist-packages/requests/models.py", line 943, in raise_for_status
    raise HTTPError(http_error_msg, response=self)
requests.exceptions.HTTPError: 429 Client Error: Too Many Requests for url: https://api.wandb.ai/graphql
2021-09-18 17:18:10,291 ERROR   SenderThread:1765113 [internal_api.py:execute():130] 429 response executing GraphQL.
2021-09-18 17:18:10,291 ERROR   SenderThread:1765113 [internal_api.py:execute():131] {"error":"rate limit exceeded"}

2021-09-18 17:18:10,412 ERROR   Thread-11 :1765113 [internal_api.py:execute():130] 429 response executing GraphQL.
2021-09-18 17:18:10,412 ERROR   Thread-11 :1765113 [internal_api.py:execute():131] {"error":"rate limit exceeded"}

2021-09-18 17:18:14,647 ERROR   SenderThread:1765113 [internal_api.py:execute():130] 429 response executing GraphQL.
2021-09-18 17:18:14,647 ERROR   SenderThread:1765113 [internal_api.py:execute():131] {"error":"rate limit exceeded"}

2021-09-18 17:18:15,738 INFO    Thread-11 :1765113 [upload_job.py:push():137] Uploaded file /tmp/3288848.1.gpu_ded.q/tmpmx3eg8dqwandb/3roe81op-wandb-metadata.json
2021-09-18 17:18:35,195 DEBUG   SenderThread:1765113 [sender.py:send():179] send: stats
2021-09-18 17:18:38,957 DEBUG   HandlerThread:1765113 [handler.py:handle_request():124] handle_request: stop_status
2021-09-18 17:18:38,957 DEBUG   SenderThread:1765113 [sender.py:send_request():193] send_request: stop_status
2021-09-18 17:18:39,010 ERROR   SenderThread:1765113 [internal_api.py:execute():130] 429 response executing GraphQL.
2021-09-18 17:18:39,010 ERROR   SenderThread:1765113 [internal_api.py:execute():131] {"error":"rate limit exceeded"}

2021-09-18 17:18:40,291 ERROR   SenderThread:1765113 [internal_api.py:execute():130] 429 response executing GraphQL.
2021-09-18 17:18:40,291 ERROR   SenderThread:1765113 [internal_api.py:execute():131] {"error":"rate limit exceeded"}

2021-09-18 17:18:41,458 DEBUG   HandlerThread:1765113 [handler.py:handle_request():124] handle_request: poll_exit
2021-09-18 17:18:42,502 ERROR   SenderThread:1765113 [internal_api.py:execute():130] 429 response executing GraphQL.
2021-09-18 17:18:42,503 ERROR   SenderThread:1765113 [internal_api.py:execute():131] {"error":"rate limit exceeded"}

2021-09-18 17:18:42,503 ERROR   SenderThread:1765113 [retry.py:__call__():126] Retry attempt failed:
Traceback (most recent call last):
  File "/usr/local/lib/python3.6/dist-packages/wandb/sdk/lib/retry.py", line 102, in __call__
    result = self._call_fn(*args, **kwargs)
  File "/usr/local/lib/python3.6/dist-packages/wandb/sdk/internal/internal_api.py", line 133, in execute
    six.reraise(*sys.exc_info())
  File "/usr/local/lib/python3.6/dist-packages/six.py", line 719, in reraise
    raise value
  File "/usr/local/lib/python3.6/dist-packages/wandb/sdk/internal/internal_api.py", line 127, in execute
    return self.client.execute(*args, **kwargs)
  File "/usr/local/lib/python3.6/dist-packages/wandb/vendor/gql-0.2.0/gql/client.py", line 52, in execute
    result = self._get_result(document, *args, **kwargs)
  File "/usr/local/lib/python3.6/dist-packages/wandb/vendor/gql-0.2.0/gql/client.py", line 60, in _get_result
    return self.transport.execute(document, *args, **kwargs)
  File "/usr/local/lib/python3.6/dist-packages/wandb/vendor/gql-0.2.0/gql/transport/requests.py", line 39, in execute
    request.raise_for_status()
  File "/usr/local/lib/python3.6/dist-packages/requests/models.py", line 943, in raise_for_status
    raise HTTPError(http_error_msg, response=self)
requests.exceptions.HTTPError: 429 Client Error: Too Many Requests for url: https://api.wandb.ai/graphql
2021-09-18 17:18:46,559 DEBUG   HandlerThread:1765113 [handler.py:handle_request():124] handle_request: poll_exit
2021-09-18 17:18:47,166 DEBUG   SenderThread:1765113 [sender.py:send():179] send: telemetry
2021-09-18 17:18:47,167 DEBUG   SenderThread:1765113 [sender.py:send():179] send: exit
2021-09-18 17:18:47,167 INFO    SenderThread:1765113 [sender.py:send_exit():287] handling exit code: 1
2021-09-18 17:18:47,167 INFO    SenderThread:1765113 [sender.py:send_exit():295] send defer
2021-09-18 17:18:47,167 DEBUG   SenderThread:1765113 [sender.py:send_request():193] send_request: poll_exit
2021-09-18 17:18:47,167 DEBUG   SenderThread:1765113 [sender.py:send_request():193] send_request: poll_exit
2021-09-18 17:18:47,167 DEBUG   HandlerThread:1765113 [handler.py:handle_request():124] handle_request: defer
2021-09-18 17:18:47,168 INFO    HandlerThread:1765113 [handler.py:handle_request_defer():141] handle defer: 0
2021-09-18 17:18:47,168 DEBUG   SenderThread:1765113 [sender.py:send_request():193] send_request: defer
2021-09-18 17:18:47,168 INFO    SenderThread:1765113 [sender.py:send_request_defer():304] handle sender defer: 0
2021-09-18 17:18:47,168 INFO    SenderThread:1765113 [sender.py:transition_state():308] send defer: 1
2021-09-18 17:18:47,168 DEBUG   HandlerThread:1765113 [handler.py:handle_request():124] handle_request: defer
2021-09-18 17:18:47,168 INFO    HandlerThread:1765113 [handler.py:handle_request_defer():141] handle defer: 1
2021-09-18 17:18:47,254 DEBUG   SenderThread:1765113 [sender.py:send_request():193] send_request: defer
2021-09-18 17:18:47,254 INFO    SenderThread:1765113 [sender.py:send_request_defer():304] handle sender defer: 1
2021-09-18 17:18:47,254 INFO    SenderThread:1765113 [sender.py:transition_state():308] send defer: 2
2021-09-18 17:18:47,254 DEBUG   SenderThread:1765113 [sender.py:send():179] send: stats
2021-09-18 17:18:47,255 DEBUG   HandlerThread:1765113 [handler.py:handle_request():124] handle_request: defer
2021-09-18 17:18:47,256 INFO    HandlerThread:1765113 [handler.py:handle_request_defer():141] handle defer: 2
2021-09-18 17:18:47,257 DEBUG   SenderThread:1765113 [sender.py:send_request():193] send_request: defer
2021-09-18 17:18:47,257 INFO    SenderThread:1765113 [sender.py:send_request_defer():304] handle sender defer: 2
2021-09-18 17:18:47,257 INFO    SenderThread:1765113 [sender.py:transition_state():308] send defer: 3
2021-09-18 17:18:47,257 DEBUG   HandlerThread:1765113 [handler.py:handle_request():124] handle_request: defer
2021-09-18 17:18:47,258 INFO    HandlerThread:1765113 [handler.py:handle_request_defer():141] handle defer: 3
2021-09-18 17:18:47,258 DEBUG   SenderThread:1765113 [sender.py:send():179] send: summary
2021-09-18 17:18:47,258 INFO    SenderThread:1765113 [sender.py:_save_file():841] saving file wandb-summary.json with policy end
2021-09-18 17:18:47,258 DEBUG   SenderThread:1765113 [sender.py:send_request():193] send_request: defer
2021-09-18 17:18:47,258 INFO    SenderThread:1765113 [sender.py:send_request_defer():304] handle sender defer: 3
2021-09-18 17:18:47,258 INFO    SenderThread:1765113 [sender.py:transition_state():308] send defer: 4
2021-09-18 17:18:47,259 DEBUG   HandlerThread:1765113 [handler.py:handle_request():124] handle_request: defer
2021-09-18 17:18:47,259 INFO    HandlerThread:1765113 [handler.py:handle_request_defer():141] handle defer: 4
2021-09-18 17:18:47,259 DEBUG   SenderThread:1765113 [sender.py:send_request():193] send_request: defer
2021-09-18 17:18:47,259 INFO    SenderThread:1765113 [sender.py:send_request_defer():304] handle sender defer: 4
2021-09-18 17:18:47,269 DEBUG   HandlerThread:1765113 [handler.py:handle_request():124] handle_request: poll_exit
2021-09-18 17:18:47,342 INFO    SenderThread:1765113 [sender.py:transition_state():308] send defer: 5
2021-09-18 17:18:47,343 DEBUG   SenderThread:1765113 [sender.py:send_request():193] send_request: poll_exit
2021-09-18 17:18:47,343 DEBUG   HandlerThread:1765113 [handler.py:handle_request():124] handle_request: defer
2021-09-18 17:18:47,343 INFO    HandlerThread:1765113 [handler.py:handle_request_defer():141] handle defer: 5
2021-09-18 17:18:47,343 DEBUG   SenderThread:1765113 [sender.py:send_request():193] send_request: defer
2021-09-18 17:18:47,343 INFO    SenderThread:1765113 [sender.py:send_request_defer():304] handle sender defer: 5
2021-09-18 17:18:47,343 INFO    SenderThread:1765113 [dir_watcher.py:finish():282] shutting down directory watcher
2021-09-18 17:18:47,444 DEBUG   HandlerThread:1765113 [handler.py:handle_request():124] handle_request: poll_exit
2021-09-18 17:18:47,643 INFO    SenderThread:1765113 [dir_watcher.py:_on_file_modified():229] file/dir modified: /grid/koo/home/toneyan/profile/QuantPred/wandb/run-20210918_171804-dwty7245/files/config.yaml
2021-09-18 17:18:47,643 INFO    SenderThread:1765113 [dir_watcher.py:_on_file_modified():229] file/dir modified: /grid/koo/home/toneyan/profile/QuantPred/wandb/run-20210918_171804-dwty7245/files/wandb-summary.json
2021-09-18 17:18:47,643 INFO    SenderThread:1765113 [dir_watcher.py:finish():312] scan: /grid/koo/home/toneyan/profile/QuantPred/wandb/run-20210918_171804-dwty7245/files
2021-09-18 17:18:47,643 INFO    SenderThread:1765113 [dir_watcher.py:finish():318] scan save: /grid/koo/home/toneyan/profile/QuantPred/wandb/run-20210918_171804-dwty7245/files/wandb-metadata.json wandb-metadata.json
2021-09-18 17:18:47,643 INFO    SenderThread:1765113 [dir_watcher.py:finish():318] scan save: /grid/koo/home/toneyan/profile/QuantPred/wandb/run-20210918_171804-dwty7245/files/config.yaml config.yaml
2021-09-18 17:18:47,643 INFO    SenderThread:1765113 [dir_watcher.py:finish():318] scan save: /grid/koo/home/toneyan/profile/QuantPred/wandb/run-20210918_171804-dwty7245/files/requirements.txt requirements.txt
2021-09-18 17:18:47,644 INFO    SenderThread:1765113 [dir_watcher.py:finish():318] scan save: /grid/koo/home/toneyan/profile/QuantPred/wandb/run-20210918_171804-dwty7245/files/wandb-summary.json wandb-summary.json
2021-09-18 17:18:47,647 INFO    SenderThread:1765113 [dir_watcher.py:finish():318] scan save: /grid/koo/home/toneyan/profile/QuantPred/wandb/run-20210918_171804-dwty7245/files/output.log output.log
2021-09-18 17:18:47,654 INFO    SenderThread:1765113 [sender.py:transition_state():308] send defer: 6
2021-09-18 17:18:47,654 DEBUG   SenderThread:1765113 [sender.py:send_request():193] send_request: poll_exit
2021-09-18 17:18:47,655 DEBUG   HandlerThread:1765113 [handler.py:handle_request():124] handle_request: defer
2021-09-18 17:18:47,655 INFO    HandlerThread:1765113 [handler.py:handle_request_defer():141] handle defer: 6
2021-09-18 17:18:47,655 DEBUG   SenderThread:1765113 [sender.py:send_request():193] send_request: defer
2021-09-18 17:18:47,655 INFO    SenderThread:1765113 [sender.py:send_request_defer():304] handle sender defer: 6
2021-09-18 17:18:47,655 INFO    SenderThread:1765113 [file_pusher.py:finish():177] shutting down file pusher
2021-09-18 17:18:47,756 DEBUG   HandlerThread:1765113 [handler.py:handle_request():124] handle_request: poll_exit
2021-09-18 17:18:47,757 DEBUG   SenderThread:1765113 [sender.py:send_request():193] send_request: poll_exit
2021-09-18 17:18:47,859 DEBUG   HandlerThread:1765113 [handler.py:handle_request():124] handle_request: poll_exit
2021-09-18 17:18:47,859 DEBUG   SenderThread:1765113 [sender.py:send_request():193] send_request: poll_exit
2021-09-18 17:18:47,961 DEBUG   HandlerThread:1765113 [handler.py:handle_request():124] handle_request: poll_exit
2021-09-18 17:18:47,961 DEBUG   SenderThread:1765113 [sender.py:send_request():193] send_request: poll_exit
2021-09-18 17:18:47,966 INFO    Thread-14 :1765113 [upload_job.py:push():137] Uploaded file /grid/koo/home/toneyan/profile/QuantPred/wandb/run-20210918_171804-dwty7245/files/wandb-summary.json
2021-09-18 17:18:48,021 INFO    Thread-12 :1765113 [upload_job.py:push():137] Uploaded file /grid/koo/home/toneyan/profile/QuantPred/wandb/run-20210918_171804-dwty7245/files/config.yaml
2021-09-18 17:18:48,035 INFO    Thread-13 :1765113 [upload_job.py:push():137] Uploaded file /grid/koo/home/toneyan/profile/QuantPred/wandb/run-20210918_171804-dwty7245/files/requirements.txt
2021-09-18 17:18:48,063 DEBUG   HandlerThread:1765113 [handler.py:handle_request():124] handle_request: poll_exit
2021-09-18 17:18:48,063 DEBUG   SenderThread:1765113 [sender.py:send_request():193] send_request: poll_exit
2021-09-18 17:18:48,164 DEBUG   HandlerThread:1765113 [handler.py:handle_request():124] handle_request: poll_exit
2021-09-18 17:18:48,165 DEBUG   SenderThread:1765113 [sender.py:send_request():193] send_request: poll_exit
2021-09-18 17:18:48,236 INFO    Thread-7  :1765113 [sender.py:transition_state():308] send defer: 7
2021-09-18 17:18:48,236 DEBUG   HandlerThread:1765113 [handler.py:handle_request():124] handle_request: defer
2021-09-18 17:18:48,236 INFO    HandlerThread:1765113 [handler.py:handle_request_defer():141] handle defer: 7
2021-09-18 17:18:48,236 DEBUG   SenderThread:1765113 [sender.py:send_request():193] send_request: defer
2021-09-18 17:18:48,236 INFO    SenderThread:1765113 [sender.py:send_request_defer():304] handle sender defer: 7
2021-09-18 17:18:48,266 DEBUG   HandlerThread:1765113 [handler.py:handle_request():124] handle_request: poll_exit
2021-09-18 17:18:48,434 INFO    SenderThread:1765113 [sender.py:transition_state():308] send defer: 8
2021-09-18 17:18:48,435 DEBUG   SenderThread:1765113 [sender.py:send_request():193] send_request: poll_exit
2021-09-18 17:18:48,435 DEBUG   HandlerThread:1765113 [handler.py:handle_request():124] handle_request: defer
2021-09-18 17:18:48,435 INFO    HandlerThread:1765113 [handler.py:handle_request_defer():141] handle defer: 8
2021-09-18 17:18:48,435 DEBUG   SenderThread:1765113 [sender.py:send_request():193] send_request: defer
2021-09-18 17:18:48,435 INFO    SenderThread:1765113 [sender.py:send_request_defer():304] handle sender defer: 8
2021-09-18 17:18:48,436 INFO    SenderThread:1765113 [sender.py:transition_state():308] send defer: 9
2021-09-18 17:18:48,436 DEBUG   SenderThread:1765113 [sender.py:send():179] send: final
2021-09-18 17:18:48,436 DEBUG   HandlerThread:1765113 [handler.py:handle_request():124] handle_request: defer
2021-09-18 17:18:48,436 DEBUG   SenderThread:1765113 [sender.py:send():179] send: footer
2021-09-18 17:18:48,436 INFO    HandlerThread:1765113 [handler.py:handle_request_defer():141] handle defer: 9
2021-09-18 17:18:48,436 DEBUG   SenderThread:1765113 [sender.py:send_request():193] send_request: defer
2021-09-18 17:18:48,436 INFO    SenderThread:1765113 [sender.py:send_request_defer():304] handle sender defer: 9
2021-09-18 17:18:48,536 DEBUG   HandlerThread:1765113 [handler.py:handle_request():124] handle_request: poll_exit
2021-09-18 17:18:48,537 DEBUG   SenderThread:1765113 [sender.py:send_request():193] send_request: poll_exit
2021-09-18 17:18:48,537 INFO    SenderThread:1765113 [file_pusher.py:join():182] waiting for file pusher
2021-09-18 17:18:48,538 DEBUG   HandlerThread:1765113 [handler.py:handle_request():124] handle_request: get_summary
2021-09-18 17:18:48,538 DEBUG   HandlerThread:1765113 [handler.py:handle_request():124] handle_request: sampled_history
2021-09-18 17:18:48,539 DEBUG   HandlerThread:1765113 [handler.py:handle_request():124] handle_request: shutdown
2021-09-18 17:18:48,539 INFO    HandlerThread:1765113 [handler.py:finish():638] shutting down handler
2021-09-18 17:18:49,436 INFO    WriterThread:1765113 [datastore.py:close():288] close: /grid/koo/home/toneyan/profile/QuantPred/wandb/run-20210918_171804-dwty7245/run-dwty7245.wandb
2021-09-18 17:18:49,537 INFO    SenderThread:1765113 [sender.py:finish():945] shutting down sender
2021-09-18 17:18:49,537 INFO    SenderThread:1765113 [file_pusher.py:finish():177] shutting down file pusher
2021-09-18 17:18:49,537 INFO    SenderThread:1765113 [file_pusher.py:join():182] waiting for file pusher
2021-09-18 17:18:49,540 INFO    MainThread:1765113 [internal.py:handle_exit():78] Internal process exited
