2021-09-14 05:52:31,532 INFO    MainThread:1132467 [internal.py:wandb_internal():91] W&B internal server running at pid: 1132467, started at: 2021-09-14 05:52:31.531356
2021-09-14 05:52:31,533 DEBUG   HandlerThread:1132467 [handler.py:handle_request():124] handle_request: check_version
2021-09-14 05:52:31,533 INFO    WriterThread:1132467 [datastore.py:open_for_write():80] open: /grid/koo/home/toneyan/profile/QuantPred/wandb/run-20210914_055231-kn19s6uw/run-kn19s6uw.wandb
2021-09-14 05:52:31,535 DEBUG   SenderThread:1132467 [sender.py:send():179] send: header
2021-09-14 05:52:31,535 DEBUG   SenderThread:1132467 [sender.py:send_request():193] send_request: check_version
2021-09-14 05:52:31,564 DEBUG   SenderThread:1132467 [sender.py:send():179] send: run
2021-09-14 05:52:31,644 INFO    SenderThread:1132467 [dir_watcher.py:__init__():168] watching files in: /grid/koo/home/toneyan/profile/QuantPred/wandb/run-20210914_055231-kn19s6uw/files
2021-09-14 05:52:31,644 INFO    SenderThread:1132467 [sender.py:_start_run_threads():719] run started: kn19s6uw with start time 1631613151
2021-09-14 05:52:31,644 DEBUG   SenderThread:1132467 [sender.py:send():179] send: summary
2021-09-14 05:52:31,645 INFO    SenderThread:1132467 [sender.py:_save_file():841] saving file wandb-summary.json with policy end
2021-09-14 05:52:31,645 DEBUG   HandlerThread:1132467 [handler.py:handle_request():124] handle_request: run_start
2021-09-14 05:52:32,648 INFO    Thread-8  :1132467 [dir_watcher.py:_on_file_created():216] file/dir created: /grid/koo/home/toneyan/profile/QuantPred/wandb/run-20210914_055231-kn19s6uw/files/wandb-summary.json
2021-09-14 05:52:32,755 DEBUG   HandlerThread:1132467 [meta.py:__init__():39] meta init
2021-09-14 05:52:32,755 DEBUG   HandlerThread:1132467 [meta.py:__init__():53] meta init done
2021-09-14 05:52:32,755 DEBUG   HandlerThread:1132467 [meta.py:probe():210] probe
2021-09-14 05:52:32,760 DEBUG   HandlerThread:1132467 [meta.py:_save_pip():57] save pip
2021-09-14 05:52:32,762 DEBUG   HandlerThread:1132467 [meta.py:_save_pip():71] save pip done
2021-09-14 05:52:32,762 DEBUG   HandlerThread:1132467 [meta.py:probe():252] probe done
2021-09-14 05:52:32,764 DEBUG   SenderThread:1132467 [sender.py:send():179] send: files
2021-09-14 05:52:32,764 INFO    SenderThread:1132467 [sender.py:_save_file():841] saving file wandb-metadata.json with policy now
2021-09-14 05:52:32,771 DEBUG   HandlerThread:1132467 [handler.py:handle_request():124] handle_request: stop_status
2021-09-14 05:52:32,771 DEBUG   SenderThread:1132467 [sender.py:send_request():193] send_request: stop_status
2021-09-14 05:52:33,178 INFO    Thread-11 :1132467 [upload_job.py:push():137] Uploaded file /tmp/3287109.1.gpu_ded.q/tmptiq3tyodwandb/2i72c20f-wandb-metadata.json
2021-09-14 05:52:33,647 INFO    Thread-8  :1132467 [dir_watcher.py:_on_file_created():216] file/dir created: /grid/koo/home/toneyan/profile/QuantPred/wandb/run-20210914_055231-kn19s6uw/files/wandb-metadata.json
2021-09-14 05:52:33,647 INFO    Thread-8  :1132467 [dir_watcher.py:_on_file_created():216] file/dir created: /grid/koo/home/toneyan/profile/QuantPred/wandb/run-20210914_055231-kn19s6uw/files/output.log
2021-09-14 05:52:33,647 INFO    Thread-8  :1132467 [dir_watcher.py:_on_file_created():216] file/dir created: /grid/koo/home/toneyan/profile/QuantPred/wandb/run-20210914_055231-kn19s6uw/files/requirements.txt
2021-09-14 05:52:48,183 DEBUG   HandlerThread:1132467 [handler.py:handle_request():124] handle_request: stop_status
2021-09-14 05:52:48,183 DEBUG   SenderThread:1132467 [sender.py:send_request():193] send_request: stop_status
2021-09-14 05:53:01,115 DEBUG   SenderThread:1132467 [sender.py:send():179] send: stats
2021-09-14 05:53:03,243 DEBUG   HandlerThread:1132467 [handler.py:handle_request():124] handle_request: stop_status
2021-09-14 05:53:03,243 DEBUG   SenderThread:1132467 [sender.py:send_request():193] send_request: stop_status
2021-09-14 05:53:08,170 DEBUG   SenderThread:1132467 [sender.py:send():179] send: telemetry
2021-09-14 05:53:08,170 DEBUG   HandlerThread:1132467 [handler.py:handle_request():124] handle_request: poll_exit
2021-09-14 05:53:08,171 DEBUG   SenderThread:1132467 [sender.py:send():179] send: exit
2021-09-14 05:53:08,171 INFO    SenderThread:1132467 [sender.py:send_exit():287] handling exit code: 1
2021-09-14 05:53:08,171 INFO    SenderThread:1132467 [sender.py:send_exit():295] send defer
2021-09-14 05:53:08,171 DEBUG   SenderThread:1132467 [sender.py:send_request():193] send_request: poll_exit
2021-09-14 05:53:08,171 DEBUG   HandlerThread:1132467 [handler.py:handle_request():124] handle_request: defer
2021-09-14 05:53:08,172 INFO    HandlerThread:1132467 [handler.py:handle_request_defer():141] handle defer: 0
2021-09-14 05:53:08,172 DEBUG   SenderThread:1132467 [sender.py:send_request():193] send_request: defer
2021-09-14 05:53:08,172 INFO    SenderThread:1132467 [sender.py:send_request_defer():304] handle sender defer: 0
2021-09-14 05:53:08,172 INFO    SenderThread:1132467 [sender.py:transition_state():308] send defer: 1
2021-09-14 05:53:08,172 DEBUG   HandlerThread:1132467 [handler.py:handle_request():124] handle_request: defer
2021-09-14 05:53:08,172 INFO    HandlerThread:1132467 [handler.py:handle_request_defer():141] handle defer: 1
2021-09-14 05:53:08,197 DEBUG   SenderThread:1132467 [sender.py:send_request():193] send_request: defer
2021-09-14 05:53:08,197 INFO    SenderThread:1132467 [sender.py:send_request_defer():304] handle sender defer: 1
2021-09-14 05:53:08,197 INFO    SenderThread:1132467 [sender.py:transition_state():308] send defer: 2
2021-09-14 05:53:08,197 DEBUG   SenderThread:1132467 [sender.py:send():179] send: stats
2021-09-14 05:53:08,198 DEBUG   HandlerThread:1132467 [handler.py:handle_request():124] handle_request: defer
2021-09-14 05:53:08,199 INFO    HandlerThread:1132467 [handler.py:handle_request_defer():141] handle defer: 2
2021-09-14 05:53:08,199 DEBUG   SenderThread:1132467 [sender.py:send_request():193] send_request: defer
2021-09-14 05:53:08,200 INFO    SenderThread:1132467 [sender.py:send_request_defer():304] handle sender defer: 2
2021-09-14 05:53:08,200 INFO    SenderThread:1132467 [sender.py:transition_state():308] send defer: 3
2021-09-14 05:53:08,200 DEBUG   HandlerThread:1132467 [handler.py:handle_request():124] handle_request: defer
2021-09-14 05:53:08,200 INFO    HandlerThread:1132467 [handler.py:handle_request_defer():141] handle defer: 3
2021-09-14 05:53:08,200 DEBUG   SenderThread:1132467 [sender.py:send():179] send: summary
2021-09-14 05:53:08,200 INFO    SenderThread:1132467 [sender.py:_save_file():841] saving file wandb-summary.json with policy end
2021-09-14 05:53:08,200 DEBUG   SenderThread:1132467 [sender.py:send_request():193] send_request: defer
2021-09-14 05:53:08,200 INFO    SenderThread:1132467 [sender.py:send_request_defer():304] handle sender defer: 3
2021-09-14 05:53:08,200 INFO    SenderThread:1132467 [sender.py:transition_state():308] send defer: 4
2021-09-14 05:53:08,201 DEBUG   HandlerThread:1132467 [handler.py:handle_request():124] handle_request: defer
2021-09-14 05:53:08,201 INFO    HandlerThread:1132467 [handler.py:handle_request_defer():141] handle defer: 4
2021-09-14 05:53:08,201 DEBUG   SenderThread:1132467 [sender.py:send_request():193] send_request: defer
2021-09-14 05:53:08,201 INFO    SenderThread:1132467 [sender.py:send_request_defer():304] handle sender defer: 4
2021-09-14 05:53:08,257 ERROR   SenderThread:1132467 [internal_api.py:execute():130] 429 response executing GraphQL.
2021-09-14 05:53:08,257 ERROR   SenderThread:1132467 [internal_api.py:execute():131] {"error":"rate limit exceeded"}

2021-09-14 05:53:08,273 DEBUG   HandlerThread:1132467 [handler.py:handle_request():124] handle_request: poll_exit
2021-09-14 05:53:08,660 INFO    Thread-8  :1132467 [dir_watcher.py:_on_file_modified():229] file/dir modified: /grid/koo/home/toneyan/profile/QuantPred/wandb/run-20210914_055231-kn19s6uw/files/wandb-summary.json
2021-09-14 05:53:09,459 ERROR   SenderThread:1132467 [internal_api.py:execute():130] 429 response executing GraphQL.
2021-09-14 05:53:09,459 ERROR   SenderThread:1132467 [internal_api.py:execute():131] {"error":"rate limit exceeded"}

2021-09-14 05:53:11,669 ERROR   SenderThread:1132467 [internal_api.py:execute():130] 429 response executing GraphQL.
2021-09-14 05:53:11,669 ERROR   SenderThread:1132467 [internal_api.py:execute():131] {"error":"rate limit exceeded"}

2021-09-14 05:53:11,669 ERROR   SenderThread:1132467 [retry.py:__call__():126] Retry attempt failed:
Traceback (most recent call last):
  File "/usr/local/lib/python3.6/dist-packages/wandb/sdk/lib/retry.py", line 102, in __call__
    result = self._call_fn(*args, **kwargs)
  File "/usr/local/lib/python3.6/dist-packages/wandb/sdk/internal/internal_api.py", line 133, in execute
    six.reraise(*sys.exc_info())
  File "/usr/local/lib/python3.6/dist-packages/six.py", line 719, in reraise
    raise value
  File "/usr/local/lib/python3.6/dist-packages/wandb/sdk/internal/internal_api.py", line 127, in execute
    return self.client.execute(*args, **kwargs)
  File "/usr/local/lib/python3.6/dist-packages/wandb/vendor/gql-0.2.0/gql/client.py", line 52, in execute
    result = self._get_result(document, *args, **kwargs)
  File "/usr/local/lib/python3.6/dist-packages/wandb/vendor/gql-0.2.0/gql/client.py", line 60, in _get_result
    return self.transport.execute(document, *args, **kwargs)
  File "/usr/local/lib/python3.6/dist-packages/wandb/vendor/gql-0.2.0/gql/transport/requests.py", line 39, in execute
    request.raise_for_status()
  File "/usr/local/lib/python3.6/dist-packages/requests/models.py", line 943, in raise_for_status
    raise HTTPError(http_error_msg, response=self)
requests.exceptions.HTTPError: 429 Client Error: Too Many Requests for url: https://api.wandb.ai/graphql
2021-09-14 05:53:13,374 DEBUG   HandlerThread:1132467 [handler.py:handle_request():124] handle_request: poll_exit
2021-09-14 05:53:16,399 INFO    SenderThread:1132467 [sender.py:transition_state():308] send defer: 5
2021-09-14 05:53:16,399 DEBUG   SenderThread:1132467 [sender.py:send_request():193] send_request: poll_exit
2021-09-14 05:53:16,400 DEBUG   SenderThread:1132467 [sender.py:send_request():193] send_request: poll_exit
2021-09-14 05:53:16,400 DEBUG   HandlerThread:1132467 [handler.py:handle_request():124] handle_request: defer
2021-09-14 05:53:16,400 INFO    HandlerThread:1132467 [handler.py:handle_request_defer():141] handle defer: 5
2021-09-14 05:53:16,400 DEBUG   SenderThread:1132467 [sender.py:send_request():193] send_request: defer
2021-09-14 05:53:16,400 INFO    SenderThread:1132467 [sender.py:send_request_defer():304] handle sender defer: 5
2021-09-14 05:53:16,400 INFO    SenderThread:1132467 [dir_watcher.py:finish():282] shutting down directory watcher
2021-09-14 05:53:16,505 DEBUG   HandlerThread:1132467 [handler.py:handle_request():124] handle_request: poll_exit
2021-09-14 05:53:16,661 INFO    SenderThread:1132467 [dir_watcher.py:_on_file_modified():229] file/dir modified: /grid/koo/home/toneyan/profile/QuantPred/wandb/run-20210914_055231-kn19s6uw/files/config.yaml
2021-09-14 05:53:16,662 INFO    SenderThread:1132467 [dir_watcher.py:finish():312] scan: /grid/koo/home/toneyan/profile/QuantPred/wandb/run-20210914_055231-kn19s6uw/files
2021-09-14 05:53:16,662 INFO    SenderThread:1132467 [dir_watcher.py:finish():318] scan save: /grid/koo/home/toneyan/profile/QuantPred/wandb/run-20210914_055231-kn19s6uw/files/wandb-metadata.json wandb-metadata.json
2021-09-14 05:53:16,662 INFO    SenderThread:1132467 [dir_watcher.py:finish():318] scan save: /grid/koo/home/toneyan/profile/QuantPred/wandb/run-20210914_055231-kn19s6uw/files/config.yaml config.yaml
2021-09-14 05:53:16,662 INFO    SenderThread:1132467 [dir_watcher.py:finish():318] scan save: /grid/koo/home/toneyan/profile/QuantPred/wandb/run-20210914_055231-kn19s6uw/files/requirements.txt requirements.txt
2021-09-14 05:53:16,663 INFO    SenderThread:1132467 [dir_watcher.py:finish():318] scan save: /grid/koo/home/toneyan/profile/QuantPred/wandb/run-20210914_055231-kn19s6uw/files/wandb-summary.json wandb-summary.json
2021-09-14 05:53:16,666 INFO    SenderThread:1132467 [dir_watcher.py:finish():318] scan save: /grid/koo/home/toneyan/profile/QuantPred/wandb/run-20210914_055231-kn19s6uw/files/output.log output.log
2021-09-14 05:53:16,674 INFO    SenderThread:1132467 [sender.py:transition_state():308] send defer: 6
2021-09-14 05:53:16,675 DEBUG   SenderThread:1132467 [sender.py:send_request():193] send_request: poll_exit
2021-09-14 05:53:16,675 DEBUG   HandlerThread:1132467 [handler.py:handle_request():124] handle_request: defer
2021-09-14 05:53:16,676 INFO    HandlerThread:1132467 [handler.py:handle_request_defer():141] handle defer: 6
2021-09-14 05:53:16,676 DEBUG   SenderThread:1132467 [sender.py:send_request():193] send_request: defer
2021-09-14 05:53:16,676 INFO    SenderThread:1132467 [sender.py:send_request_defer():304] handle sender defer: 6
2021-09-14 05:53:16,676 INFO    SenderThread:1132467 [file_pusher.py:finish():177] shutting down file pusher
2021-09-14 05:53:16,777 DEBUG   HandlerThread:1132467 [handler.py:handle_request():124] handle_request: poll_exit
2021-09-14 05:53:16,777 DEBUG   SenderThread:1132467 [sender.py:send_request():193] send_request: poll_exit
2021-09-14 05:53:16,879 DEBUG   HandlerThread:1132467 [handler.py:handle_request():124] handle_request: poll_exit
2021-09-14 05:53:16,879 DEBUG   SenderThread:1132467 [sender.py:send_request():193] send_request: poll_exit
2021-09-14 05:53:16,980 DEBUG   HandlerThread:1132467 [handler.py:handle_request():124] handle_request: poll_exit
2021-09-14 05:53:16,981 DEBUG   SenderThread:1132467 [sender.py:send_request():193] send_request: poll_exit
2021-09-14 05:53:17,011 INFO    Thread-12 :1132467 [upload_job.py:push():137] Uploaded file /grid/koo/home/toneyan/profile/QuantPred/wandb/run-20210914_055231-kn19s6uw/files/config.yaml
2021-09-14 05:53:17,013 INFO    Thread-14 :1132467 [upload_job.py:push():137] Uploaded file /grid/koo/home/toneyan/profile/QuantPred/wandb/run-20210914_055231-kn19s6uw/files/wandb-summary.json
2021-09-14 05:53:17,031 INFO    Thread-13 :1132467 [upload_job.py:push():137] Uploaded file /grid/koo/home/toneyan/profile/QuantPred/wandb/run-20210914_055231-kn19s6uw/files/requirements.txt
2021-09-14 05:53:17,082 DEBUG   HandlerThread:1132467 [handler.py:handle_request():124] handle_request: poll_exit
2021-09-14 05:53:17,082 DEBUG   SenderThread:1132467 [sender.py:send_request():193] send_request: poll_exit
2021-09-14 05:53:17,184 DEBUG   HandlerThread:1132467 [handler.py:handle_request():124] handle_request: poll_exit
2021-09-14 05:53:17,184 DEBUG   SenderThread:1132467 [sender.py:send_request():193] send_request: poll_exit
2021-09-14 05:53:17,232 INFO    Thread-7  :1132467 [sender.py:transition_state():308] send defer: 7
2021-09-14 05:53:17,232 DEBUG   HandlerThread:1132467 [handler.py:handle_request():124] handle_request: defer
2021-09-14 05:53:17,232 INFO    HandlerThread:1132467 [handler.py:handle_request_defer():141] handle defer: 7
2021-09-14 05:53:17,232 DEBUG   SenderThread:1132467 [sender.py:send_request():193] send_request: defer
2021-09-14 05:53:17,232 INFO    SenderThread:1132467 [sender.py:send_request_defer():304] handle sender defer: 7
2021-09-14 05:53:17,286 DEBUG   HandlerThread:1132467 [handler.py:handle_request():124] handle_request: poll_exit
2021-09-14 05:53:17,286 INFO    SenderThread:1132467 [sender.py:transition_state():308] send defer: 8
2021-09-14 05:53:17,286 DEBUG   SenderThread:1132467 [sender.py:send_request():193] send_request: poll_exit
2021-09-14 05:53:17,287 DEBUG   HandlerThread:1132467 [handler.py:handle_request():124] handle_request: defer
2021-09-14 05:53:17,287 INFO    HandlerThread:1132467 [handler.py:handle_request_defer():141] handle defer: 8
2021-09-14 05:53:17,287 DEBUG   SenderThread:1132467 [sender.py:send_request():193] send_request: defer
2021-09-14 05:53:17,287 INFO    SenderThread:1132467 [sender.py:send_request_defer():304] handle sender defer: 8
2021-09-14 05:53:17,287 INFO    SenderThread:1132467 [sender.py:transition_state():308] send defer: 9
2021-09-14 05:53:17,287 DEBUG   SenderThread:1132467 [sender.py:send():179] send: final
2021-09-14 05:53:17,287 DEBUG   HandlerThread:1132467 [handler.py:handle_request():124] handle_request: defer
2021-09-14 05:53:17,287 DEBUG   SenderThread:1132467 [sender.py:send():179] send: footer
2021-09-14 05:53:17,287 INFO    HandlerThread:1132467 [handler.py:handle_request_defer():141] handle defer: 9
2021-09-14 05:53:17,287 DEBUG   SenderThread:1132467 [sender.py:send_request():193] send_request: defer
2021-09-14 05:53:17,287 INFO    SenderThread:1132467 [sender.py:send_request_defer():304] handle sender defer: 9
2021-09-14 05:53:17,388 DEBUG   HandlerThread:1132467 [handler.py:handle_request():124] handle_request: poll_exit
2021-09-14 05:53:17,388 DEBUG   SenderThread:1132467 [sender.py:send_request():193] send_request: poll_exit
2021-09-14 05:53:17,388 INFO    SenderThread:1132467 [file_pusher.py:join():182] waiting for file pusher
2021-09-14 05:53:17,390 DEBUG   HandlerThread:1132467 [handler.py:handle_request():124] handle_request: get_summary
2021-09-14 05:53:17,390 DEBUG   HandlerThread:1132467 [handler.py:handle_request():124] handle_request: sampled_history
2021-09-14 05:53:17,390 DEBUG   HandlerThread:1132467 [handler.py:handle_request():124] handle_request: shutdown
2021-09-14 05:53:17,390 INFO    HandlerThread:1132467 [handler.py:finish():638] shutting down handler
2021-09-14 05:53:18,287 INFO    WriterThread:1132467 [datastore.py:close():288] close: /grid/koo/home/toneyan/profile/QuantPred/wandb/run-20210914_055231-kn19s6uw/run-kn19s6uw.wandb
2021-09-14 05:53:18,389 INFO    SenderThread:1132467 [sender.py:finish():945] shutting down sender
2021-09-14 05:53:18,389 INFO    SenderThread:1132467 [file_pusher.py:finish():177] shutting down file pusher
2021-09-14 05:53:18,389 INFO    SenderThread:1132467 [file_pusher.py:join():182] waiting for file pusher
2021-09-14 05:53:18,390 INFO    MainThread:1132467 [internal.py:handle_exit():78] Internal process exited
