2021-09-19 04:53:40,658 INFO    MainThread:1322899 [internal.py:wandb_internal():91] W&B internal server running at pid: 1322899, started at: 2021-09-19 04:53:40.656996
2021-09-19 04:53:40,660 DEBUG   HandlerThread:1322899 [handler.py:handle_request():124] handle_request: check_version
2021-09-19 04:53:40,660 INFO    WriterThread:1322899 [datastore.py:open_for_write():80] open: /grid/koo/home/toneyan/profile/QuantPred/wandb/run-20210919_045340-c5b2mpfx/run-c5b2mpfx.wandb
2021-09-19 04:53:40,661 DEBUG   SenderThread:1322899 [sender.py:send():179] send: header
2021-09-19 04:53:40,662 DEBUG   SenderThread:1322899 [sender.py:send_request():193] send_request: check_version
2021-09-19 04:53:40,701 DEBUG   SenderThread:1322899 [sender.py:send():179] send: run
2021-09-19 04:53:40,761 ERROR   SenderThread:1322899 [internal_api.py:execute():130] 429 response executing GraphQL.
2021-09-19 04:53:40,762 ERROR   SenderThread:1322899 [internal_api.py:execute():131] {"error":"rate limit exceeded"}

2021-09-19 04:53:42,028 ERROR   SenderThread:1322899 [internal_api.py:execute():130] 429 response executing GraphQL.
2021-09-19 04:53:42,029 ERROR   SenderThread:1322899 [internal_api.py:execute():131] {"error":"rate limit exceeded"}

2021-09-19 04:53:44,383 ERROR   SenderThread:1322899 [internal_api.py:execute():130] 429 response executing GraphQL.
2021-09-19 04:53:44,384 ERROR   SenderThread:1322899 [internal_api.py:execute():131] {"error":"rate limit exceeded"}

2021-09-19 04:53:44,384 ERROR   SenderThread:1322899 [retry.py:__call__():126] Retry attempt failed:
Traceback (most recent call last):
  File "/usr/local/lib/python3.6/dist-packages/wandb/sdk/lib/retry.py", line 102, in __call__
    result = self._call_fn(*args, **kwargs)
  File "/usr/local/lib/python3.6/dist-packages/wandb/sdk/internal/internal_api.py", line 133, in execute
    six.reraise(*sys.exc_info())
  File "/usr/local/lib/python3.6/dist-packages/six.py", line 719, in reraise
    raise value
  File "/usr/local/lib/python3.6/dist-packages/wandb/sdk/internal/internal_api.py", line 127, in execute
    return self.client.execute(*args, **kwargs)
  File "/usr/local/lib/python3.6/dist-packages/wandb/vendor/gql-0.2.0/gql/client.py", line 52, in execute
    result = self._get_result(document, *args, **kwargs)
  File "/usr/local/lib/python3.6/dist-packages/wandb/vendor/gql-0.2.0/gql/client.py", line 60, in _get_result
    return self.transport.execute(document, *args, **kwargs)
  File "/usr/local/lib/python3.6/dist-packages/wandb/vendor/gql-0.2.0/gql/transport/requests.py", line 39, in execute
    request.raise_for_status()
  File "/usr/local/lib/python3.6/dist-packages/requests/models.py", line 943, in raise_for_status
    raise HTTPError(http_error_msg, response=self)
requests.exceptions.HTTPError: 429 Client Error: Too Many Requests for url: https://api.wandb.ai/graphql
2021-09-19 04:53:49,407 INFO    SenderThread:1322899 [dir_watcher.py:__init__():168] watching files in: /grid/koo/home/toneyan/profile/QuantPred/wandb/run-20210919_045340-c5b2mpfx/files
2021-09-19 04:53:49,407 INFO    SenderThread:1322899 [sender.py:_start_run_threads():719] run started: c5b2mpfx with start time 1632041620
2021-09-19 04:53:49,407 DEBUG   SenderThread:1322899 [sender.py:send():179] send: summary
2021-09-19 04:53:49,408 INFO    SenderThread:1322899 [sender.py:_save_file():841] saving file wandb-summary.json with policy end
2021-09-19 04:53:49,408 DEBUG   HandlerThread:1322899 [handler.py:handle_request():124] handle_request: run_start
2021-09-19 04:53:50,408 INFO    Thread-8  :1322899 [dir_watcher.py:_on_file_created():216] file/dir created: /grid/koo/home/toneyan/profile/QuantPred/wandb/run-20210919_045340-c5b2mpfx/files/wandb-summary.json
2021-09-19 04:53:50,530 DEBUG   HandlerThread:1322899 [meta.py:__init__():39] meta init
2021-09-19 04:53:50,530 DEBUG   HandlerThread:1322899 [meta.py:__init__():53] meta init done
2021-09-19 04:53:50,530 DEBUG   HandlerThread:1322899 [meta.py:probe():210] probe
2021-09-19 04:53:50,561 DEBUG   HandlerThread:1322899 [meta.py:_save_pip():57] save pip
2021-09-19 04:53:50,562 DEBUG   HandlerThread:1322899 [meta.py:_save_pip():71] save pip done
2021-09-19 04:53:50,562 DEBUG   HandlerThread:1322899 [meta.py:probe():252] probe done
2021-09-19 04:53:50,565 DEBUG   SenderThread:1322899 [sender.py:send():179] send: files
2021-09-19 04:53:50,565 INFO    SenderThread:1322899 [sender.py:_save_file():841] saving file wandb-metadata.json with policy now
2021-09-19 04:53:50,572 DEBUG   HandlerThread:1322899 [handler.py:handle_request():124] handle_request: stop_status
2021-09-19 04:53:50,572 DEBUG   SenderThread:1322899 [sender.py:send_request():193] send_request: stop_status
2021-09-19 04:53:50,863 INFO    Thread-11 :1322899 [upload_job.py:push():137] Uploaded file /tmp/3288843.1.gpu_ded.q/tmpzrsmrf1lwandb/9610qvn9-wandb-metadata.json
2021-09-19 04:53:51,408 INFO    Thread-8  :1322899 [dir_watcher.py:_on_file_created():216] file/dir created: /grid/koo/home/toneyan/profile/QuantPred/wandb/run-20210919_045340-c5b2mpfx/files/wandb-metadata.json
2021-09-19 04:53:51,408 INFO    Thread-8  :1322899 [dir_watcher.py:_on_file_created():216] file/dir created: /grid/koo/home/toneyan/profile/QuantPred/wandb/run-20210919_045340-c5b2mpfx/files/requirements.txt
2021-09-19 04:53:51,408 INFO    Thread-8  :1322899 [dir_watcher.py:_on_file_created():216] file/dir created: /grid/koo/home/toneyan/profile/QuantPred/wandb/run-20210919_045340-c5b2mpfx/files/output.log
2021-09-19 04:54:05,701 DEBUG   HandlerThread:1322899 [handler.py:handle_request():124] handle_request: stop_status
2021-09-19 04:54:05,701 DEBUG   SenderThread:1322899 [sender.py:send_request():193] send_request: stop_status
2021-09-19 04:54:05,762 ERROR   SenderThread:1322899 [internal_api.py:execute():130] 429 response executing GraphQL.
2021-09-19 04:54:05,763 ERROR   SenderThread:1322899 [internal_api.py:execute():131] {"error":"rate limit exceeded"}

2021-09-19 04:54:06,945 ERROR   SenderThread:1322899 [internal_api.py:execute():130] 429 response executing GraphQL.
2021-09-19 04:54:06,945 ERROR   SenderThread:1322899 [internal_api.py:execute():131] {"error":"rate limit exceeded"}

2021-09-19 04:54:09,081 ERROR   SenderThread:1322899 [internal_api.py:execute():130] 429 response executing GraphQL.
2021-09-19 04:54:09,081 ERROR   SenderThread:1322899 [internal_api.py:execute():131] {"error":"rate limit exceeded"}

2021-09-19 04:54:09,081 ERROR   SenderThread:1322899 [retry.py:__call__():126] Retry attempt failed:
Traceback (most recent call last):
  File "/usr/local/lib/python3.6/dist-packages/wandb/sdk/lib/retry.py", line 102, in __call__
    result = self._call_fn(*args, **kwargs)
  File "/usr/local/lib/python3.6/dist-packages/wandb/sdk/internal/internal_api.py", line 133, in execute
    six.reraise(*sys.exc_info())
  File "/usr/local/lib/python3.6/dist-packages/six.py", line 719, in reraise
    raise value
  File "/usr/local/lib/python3.6/dist-packages/wandb/sdk/internal/internal_api.py", line 127, in execute
    return self.client.execute(*args, **kwargs)
  File "/usr/local/lib/python3.6/dist-packages/wandb/vendor/gql-0.2.0/gql/client.py", line 52, in execute
    result = self._get_result(document, *args, **kwargs)
  File "/usr/local/lib/python3.6/dist-packages/wandb/vendor/gql-0.2.0/gql/client.py", line 60, in _get_result
    return self.transport.execute(document, *args, **kwargs)
  File "/usr/local/lib/python3.6/dist-packages/wandb/vendor/gql-0.2.0/gql/transport/requests.py", line 39, in execute
    request.raise_for_status()
  File "/usr/local/lib/python3.6/dist-packages/requests/models.py", line 943, in raise_for_status
    raise HTTPError(http_error_msg, response=self)
requests.exceptions.HTTPError: 429 Client Error: Too Many Requests for url: https://api.wandb.ai/graphql
2021-09-19 04:54:13,602 ERROR   SenderThread:1322899 [internal_api.py:execute():130] 429 response executing GraphQL.
2021-09-19 04:54:13,602 ERROR   SenderThread:1322899 [internal_api.py:execute():131] {"error":"rate limit exceeded"}

2021-09-19 04:54:22,467 DEBUG   SenderThread:1322899 [sender.py:send():179] send: stats
2021-09-19 04:54:23,890 DEBUG   SenderThread:1322899 [sender.py:send():179] send: telemetry
2021-09-19 04:54:23,890 DEBUG   HandlerThread:1322899 [handler.py:handle_request():124] handle_request: poll_exit
2021-09-19 04:54:23,890 DEBUG   SenderThread:1322899 [sender.py:send():179] send: exit
2021-09-19 04:54:23,891 INFO    SenderThread:1322899 [sender.py:send_exit():287] handling exit code: 1
2021-09-19 04:54:23,891 INFO    SenderThread:1322899 [sender.py:send_exit():295] send defer
2021-09-19 04:54:23,891 DEBUG   SenderThread:1322899 [sender.py:send_request():193] send_request: poll_exit
2021-09-19 04:54:23,891 DEBUG   HandlerThread:1322899 [handler.py:handle_request():124] handle_request: defer
2021-09-19 04:54:23,891 INFO    HandlerThread:1322899 [handler.py:handle_request_defer():141] handle defer: 0
2021-09-19 04:54:23,891 DEBUG   SenderThread:1322899 [sender.py:send_request():193] send_request: defer
2021-09-19 04:54:23,891 INFO    SenderThread:1322899 [sender.py:send_request_defer():304] handle sender defer: 0
2021-09-19 04:54:23,891 INFO    SenderThread:1322899 [sender.py:transition_state():308] send defer: 1
2021-09-19 04:54:23,891 DEBUG   HandlerThread:1322899 [handler.py:handle_request():124] handle_request: defer
2021-09-19 04:54:23,892 INFO    HandlerThread:1322899 [handler.py:handle_request_defer():141] handle defer: 1
2021-09-19 04:54:24,000 DEBUG   SenderThread:1322899 [sender.py:send_request():193] send_request: defer
2021-09-19 04:54:24,000 DEBUG   HandlerThread:1322899 [handler.py:handle_request():124] handle_request: poll_exit
2021-09-19 04:54:24,000 INFO    SenderThread:1322899 [sender.py:send_request_defer():304] handle sender defer: 1
2021-09-19 04:54:24,000 INFO    SenderThread:1322899 [sender.py:transition_state():308] send defer: 2
2021-09-19 04:54:24,000 DEBUG   SenderThread:1322899 [sender.py:send_request():193] send_request: poll_exit
2021-09-19 04:54:24,000 DEBUG   SenderThread:1322899 [sender.py:send():179] send: stats
2021-09-19 04:54:24,000 DEBUG   HandlerThread:1322899 [handler.py:handle_request():124] handle_request: defer
2021-09-19 04:54:24,001 INFO    HandlerThread:1322899 [handler.py:handle_request_defer():141] handle defer: 2
2021-09-19 04:54:24,001 DEBUG   SenderThread:1322899 [sender.py:send_request():193] send_request: defer
2021-09-19 04:54:24,001 INFO    SenderThread:1322899 [sender.py:send_request_defer():304] handle sender defer: 2
2021-09-19 04:54:24,001 INFO    SenderThread:1322899 [sender.py:transition_state():308] send defer: 3
2021-09-19 04:54:24,001 DEBUG   HandlerThread:1322899 [handler.py:handle_request():124] handle_request: defer
2021-09-19 04:54:24,001 INFO    HandlerThread:1322899 [handler.py:handle_request_defer():141] handle defer: 3
2021-09-19 04:54:24,001 DEBUG   SenderThread:1322899 [sender.py:send():179] send: summary
2021-09-19 04:54:24,002 INFO    SenderThread:1322899 [sender.py:_save_file():841] saving file wandb-summary.json with policy end
2021-09-19 04:54:24,002 DEBUG   SenderThread:1322899 [sender.py:send_request():193] send_request: defer
2021-09-19 04:54:24,002 INFO    SenderThread:1322899 [sender.py:send_request_defer():304] handle sender defer: 3
2021-09-19 04:54:24,002 INFO    SenderThread:1322899 [sender.py:transition_state():308] send defer: 4
2021-09-19 04:54:24,002 DEBUG   HandlerThread:1322899 [handler.py:handle_request():124] handle_request: defer
2021-09-19 04:54:24,002 INFO    HandlerThread:1322899 [handler.py:handle_request_defer():141] handle defer: 4
2021-09-19 04:54:24,002 DEBUG   SenderThread:1322899 [sender.py:send_request():193] send_request: defer
2021-09-19 04:54:24,002 INFO    SenderThread:1322899 [sender.py:send_request_defer():304] handle sender defer: 4
2021-09-19 04:54:24,056 ERROR   SenderThread:1322899 [internal_api.py:execute():130] 429 response executing GraphQL.
2021-09-19 04:54:24,057 ERROR   SenderThread:1322899 [internal_api.py:execute():131] {"error":"rate limit exceeded"}

2021-09-19 04:54:24,102 DEBUG   HandlerThread:1322899 [handler.py:handle_request():124] handle_request: poll_exit
2021-09-19 04:54:24,419 INFO    Thread-8  :1322899 [dir_watcher.py:_on_file_modified():229] file/dir modified: /grid/koo/home/toneyan/profile/QuantPred/wandb/run-20210919_045340-c5b2mpfx/files/wandb-summary.json
2021-09-19 04:54:25,212 ERROR   SenderThread:1322899 [internal_api.py:execute():130] 429 response executing GraphQL.
2021-09-19 04:54:25,212 ERROR   SenderThread:1322899 [internal_api.py:execute():131] {"error":"rate limit exceeded"}

2021-09-19 04:54:27,273 ERROR   SenderThread:1322899 [internal_api.py:execute():130] 429 response executing GraphQL.
2021-09-19 04:54:27,274 ERROR   SenderThread:1322899 [internal_api.py:execute():131] {"error":"rate limit exceeded"}

2021-09-19 04:54:27,274 ERROR   SenderThread:1322899 [retry.py:__call__():126] Retry attempt failed:
Traceback (most recent call last):
  File "/usr/local/lib/python3.6/dist-packages/wandb/sdk/lib/retry.py", line 102, in __call__
    result = self._call_fn(*args, **kwargs)
  File "/usr/local/lib/python3.6/dist-packages/wandb/sdk/internal/internal_api.py", line 133, in execute
    six.reraise(*sys.exc_info())
  File "/usr/local/lib/python3.6/dist-packages/six.py", line 719, in reraise
    raise value
  File "/usr/local/lib/python3.6/dist-packages/wandb/sdk/internal/internal_api.py", line 127, in execute
    return self.client.execute(*args, **kwargs)
  File "/usr/local/lib/python3.6/dist-packages/wandb/vendor/gql-0.2.0/gql/client.py", line 52, in execute
    result = self._get_result(document, *args, **kwargs)
  File "/usr/local/lib/python3.6/dist-packages/wandb/vendor/gql-0.2.0/gql/client.py", line 60, in _get_result
    return self.transport.execute(document, *args, **kwargs)
  File "/usr/local/lib/python3.6/dist-packages/wandb/vendor/gql-0.2.0/gql/transport/requests.py", line 39, in execute
    request.raise_for_status()
  File "/usr/local/lib/python3.6/dist-packages/requests/models.py", line 943, in raise_for_status
    raise HTTPError(http_error_msg, response=self)
requests.exceptions.HTTPError: 429 Client Error: Too Many Requests for url: https://api.wandb.ai/graphql
2021-09-19 04:54:29,203 DEBUG   HandlerThread:1322899 [handler.py:handle_request():124] handle_request: poll_exit
2021-09-19 04:54:32,231 INFO    SenderThread:1322899 [sender.py:transition_state():308] send defer: 5
2021-09-19 04:54:32,231 DEBUG   SenderThread:1322899 [sender.py:send_request():193] send_request: poll_exit
2021-09-19 04:54:32,231 DEBUG   SenderThread:1322899 [sender.py:send_request():193] send_request: poll_exit
2021-09-19 04:54:32,231 DEBUG   HandlerThread:1322899 [handler.py:handle_request():124] handle_request: defer
2021-09-19 04:54:32,232 INFO    HandlerThread:1322899 [handler.py:handle_request_defer():141] handle defer: 5
2021-09-19 04:54:32,232 DEBUG   SenderThread:1322899 [sender.py:send_request():193] send_request: defer
2021-09-19 04:54:32,232 INFO    SenderThread:1322899 [sender.py:send_request_defer():304] handle sender defer: 5
2021-09-19 04:54:32,232 INFO    SenderThread:1322899 [dir_watcher.py:finish():282] shutting down directory watcher
2021-09-19 04:54:32,333 DEBUG   HandlerThread:1322899 [handler.py:handle_request():124] handle_request: poll_exit
2021-09-19 04:54:32,421 INFO    SenderThread:1322899 [dir_watcher.py:_on_file_modified():229] file/dir modified: /grid/koo/home/toneyan/profile/QuantPred/wandb/run-20210919_045340-c5b2mpfx/files/config.yaml
2021-09-19 04:54:32,421 INFO    SenderThread:1322899 [dir_watcher.py:finish():312] scan: /grid/koo/home/toneyan/profile/QuantPred/wandb/run-20210919_045340-c5b2mpfx/files
2021-09-19 04:54:32,421 INFO    SenderThread:1322899 [dir_watcher.py:finish():318] scan save: /grid/koo/home/toneyan/profile/QuantPred/wandb/run-20210919_045340-c5b2mpfx/files/wandb-metadata.json wandb-metadata.json
2021-09-19 04:54:32,421 INFO    SenderThread:1322899 [dir_watcher.py:finish():318] scan save: /grid/koo/home/toneyan/profile/QuantPred/wandb/run-20210919_045340-c5b2mpfx/files/config.yaml config.yaml
2021-09-19 04:54:32,421 INFO    SenderThread:1322899 [dir_watcher.py:finish():318] scan save: /grid/koo/home/toneyan/profile/QuantPred/wandb/run-20210919_045340-c5b2mpfx/files/requirements.txt requirements.txt
2021-09-19 04:54:32,422 INFO    SenderThread:1322899 [dir_watcher.py:finish():318] scan save: /grid/koo/home/toneyan/profile/QuantPred/wandb/run-20210919_045340-c5b2mpfx/files/wandb-summary.json wandb-summary.json
2021-09-19 04:54:32,425 INFO    SenderThread:1322899 [dir_watcher.py:finish():318] scan save: /grid/koo/home/toneyan/profile/QuantPred/wandb/run-20210919_045340-c5b2mpfx/files/output.log output.log
2021-09-19 04:54:32,432 INFO    SenderThread:1322899 [sender.py:transition_state():308] send defer: 6
2021-09-19 04:54:32,433 DEBUG   SenderThread:1322899 [sender.py:send_request():193] send_request: poll_exit
2021-09-19 04:54:32,433 DEBUG   HandlerThread:1322899 [handler.py:handle_request():124] handle_request: defer
2021-09-19 04:54:32,434 INFO    HandlerThread:1322899 [handler.py:handle_request_defer():141] handle defer: 6
2021-09-19 04:54:32,434 DEBUG   SenderThread:1322899 [sender.py:send_request():193] send_request: defer
2021-09-19 04:54:32,434 INFO    SenderThread:1322899 [sender.py:send_request_defer():304] handle sender defer: 6
2021-09-19 04:54:32,434 INFO    SenderThread:1322899 [file_pusher.py:finish():177] shutting down file pusher
2021-09-19 04:54:32,535 DEBUG   HandlerThread:1322899 [handler.py:handle_request():124] handle_request: poll_exit
2021-09-19 04:54:32,535 DEBUG   SenderThread:1322899 [sender.py:send_request():193] send_request: poll_exit
2021-09-19 04:54:32,636 DEBUG   HandlerThread:1322899 [handler.py:handle_request():124] handle_request: poll_exit
2021-09-19 04:54:32,637 DEBUG   SenderThread:1322899 [sender.py:send_request():193] send_request: poll_exit
2021-09-19 04:54:32,738 DEBUG   HandlerThread:1322899 [handler.py:handle_request():124] handle_request: poll_exit
2021-09-19 04:54:32,739 DEBUG   SenderThread:1322899 [sender.py:send_request():193] send_request: poll_exit
2021-09-19 04:54:32,745 INFO    Thread-14 :1322899 [upload_job.py:push():137] Uploaded file /grid/koo/home/toneyan/profile/QuantPred/wandb/run-20210919_045340-c5b2mpfx/files/wandb-summary.json
2021-09-19 04:54:32,818 INFO    Thread-12 :1322899 [upload_job.py:push():137] Uploaded file /grid/koo/home/toneyan/profile/QuantPred/wandb/run-20210919_045340-c5b2mpfx/files/config.yaml
2021-09-19 04:54:32,821 INFO    Thread-13 :1322899 [upload_job.py:push():137] Uploaded file /grid/koo/home/toneyan/profile/QuantPred/wandb/run-20210919_045340-c5b2mpfx/files/requirements.txt
2021-09-19 04:54:32,840 DEBUG   HandlerThread:1322899 [handler.py:handle_request():124] handle_request: poll_exit
2021-09-19 04:54:32,840 DEBUG   SenderThread:1322899 [sender.py:send_request():193] send_request: poll_exit
2021-09-19 04:54:32,942 DEBUG   HandlerThread:1322899 [handler.py:handle_request():124] handle_request: poll_exit
2021-09-19 04:54:32,942 DEBUG   SenderThread:1322899 [sender.py:send_request():193] send_request: poll_exit
2021-09-19 04:54:33,021 INFO    Thread-7  :1322899 [sender.py:transition_state():308] send defer: 7
2021-09-19 04:54:33,022 DEBUG   HandlerThread:1322899 [handler.py:handle_request():124] handle_request: defer
2021-09-19 04:54:33,022 INFO    HandlerThread:1322899 [handler.py:handle_request_defer():141] handle defer: 7
2021-09-19 04:54:33,022 DEBUG   SenderThread:1322899 [sender.py:send_request():193] send_request: defer
2021-09-19 04:54:33,022 INFO    SenderThread:1322899 [sender.py:send_request_defer():304] handle sender defer: 7
2021-09-19 04:54:33,044 DEBUG   HandlerThread:1322899 [handler.py:handle_request():124] handle_request: poll_exit
2021-09-19 04:54:33,088 INFO    SenderThread:1322899 [sender.py:transition_state():308] send defer: 8
2021-09-19 04:54:33,088 DEBUG   SenderThread:1322899 [sender.py:send_request():193] send_request: poll_exit
2021-09-19 04:54:33,088 DEBUG   HandlerThread:1322899 [handler.py:handle_request():124] handle_request: defer
2021-09-19 04:54:33,089 INFO    HandlerThread:1322899 [handler.py:handle_request_defer():141] handle defer: 8
2021-09-19 04:54:33,089 DEBUG   SenderThread:1322899 [sender.py:send_request():193] send_request: defer
2021-09-19 04:54:33,089 INFO    SenderThread:1322899 [sender.py:send_request_defer():304] handle sender defer: 8
2021-09-19 04:54:33,089 INFO    SenderThread:1322899 [sender.py:transition_state():308] send defer: 9
2021-09-19 04:54:33,089 DEBUG   SenderThread:1322899 [sender.py:send():179] send: final
2021-09-19 04:54:33,089 DEBUG   SenderThread:1322899 [sender.py:send():179] send: footer
2021-09-19 04:54:33,089 DEBUG   HandlerThread:1322899 [handler.py:handle_request():124] handle_request: defer
2021-09-19 04:54:33,090 INFO    HandlerThread:1322899 [handler.py:handle_request_defer():141] handle defer: 9
2021-09-19 04:54:33,090 DEBUG   SenderThread:1322899 [sender.py:send_request():193] send_request: defer
2021-09-19 04:54:33,090 INFO    SenderThread:1322899 [sender.py:send_request_defer():304] handle sender defer: 9
2021-09-19 04:54:33,190 DEBUG   HandlerThread:1322899 [handler.py:handle_request():124] handle_request: poll_exit
2021-09-19 04:54:33,190 DEBUG   SenderThread:1322899 [sender.py:send_request():193] send_request: poll_exit
2021-09-19 04:54:33,190 INFO    SenderThread:1322899 [file_pusher.py:join():182] waiting for file pusher
2021-09-19 04:54:33,191 DEBUG   HandlerThread:1322899 [handler.py:handle_request():124] handle_request: get_summary
2021-09-19 04:54:33,192 DEBUG   HandlerThread:1322899 [handler.py:handle_request():124] handle_request: sampled_history
2021-09-19 04:54:33,192 DEBUG   HandlerThread:1322899 [handler.py:handle_request():124] handle_request: shutdown
2021-09-19 04:54:33,192 INFO    HandlerThread:1322899 [handler.py:finish():638] shutting down handler
2021-09-19 04:54:34,089 INFO    WriterThread:1322899 [datastore.py:close():288] close: /grid/koo/home/toneyan/profile/QuantPred/wandb/run-20210919_045340-c5b2mpfx/run-c5b2mpfx.wandb
2021-09-19 04:54:34,190 INFO    SenderThread:1322899 [sender.py:finish():945] shutting down sender
2021-09-19 04:54:34,191 INFO    SenderThread:1322899 [file_pusher.py:finish():177] shutting down file pusher
2021-09-19 04:54:34,191 INFO    SenderThread:1322899 [file_pusher.py:join():182] waiting for file pusher
2021-09-19 04:54:34,192 INFO    MainThread:1322899 [internal.py:handle_exit():78] Internal process exited
