2021-09-14 08:02:46,684 INFO    MainThread:1266895 [internal.py:wandb_internal():91] W&B internal server running at pid: 1266895, started at: 2021-09-14 08:02:46.683462
2021-09-14 08:02:46,685 DEBUG   HandlerThread:1266895 [handler.py:handle_request():124] handle_request: check_version
2021-09-14 08:02:46,685 INFO    WriterThread:1266895 [datastore.py:open_for_write():80] open: /grid/koo/home/toneyan/profile/QuantPred/wandb/run-20210914_080246-1cvqa47l/run-1cvqa47l.wandb
2021-09-14 08:02:46,687 DEBUG   SenderThread:1266895 [sender.py:send():179] send: header
2021-09-14 08:02:46,687 DEBUG   SenderThread:1266895 [sender.py:send_request():193] send_request: check_version
2021-09-14 08:02:46,729 DEBUG   SenderThread:1266895 [sender.py:send():179] send: run
2021-09-14 08:02:46,821 INFO    SenderThread:1266895 [dir_watcher.py:__init__():168] watching files in: /grid/koo/home/toneyan/profile/QuantPred/wandb/run-20210914_080246-1cvqa47l/files
2021-09-14 08:02:46,821 INFO    SenderThread:1266895 [sender.py:_start_run_threads():719] run started: 1cvqa47l with start time 1631620966
2021-09-14 08:02:46,821 DEBUG   SenderThread:1266895 [sender.py:send():179] send: summary
2021-09-14 08:02:46,821 INFO    SenderThread:1266895 [sender.py:_save_file():841] saving file wandb-summary.json with policy end
2021-09-14 08:02:46,822 DEBUG   HandlerThread:1266895 [handler.py:handle_request():124] handle_request: run_start
2021-09-14 08:02:47,824 INFO    Thread-8  :1266895 [dir_watcher.py:_on_file_created():216] file/dir created: /grid/koo/home/toneyan/profile/QuantPred/wandb/run-20210914_080246-1cvqa47l/files/wandb-summary.json
2021-09-14 08:02:47,889 DEBUG   HandlerThread:1266895 [meta.py:__init__():39] meta init
2021-09-14 08:02:47,889 DEBUG   HandlerThread:1266895 [meta.py:__init__():53] meta init done
2021-09-14 08:02:47,889 DEBUG   HandlerThread:1266895 [meta.py:probe():210] probe
2021-09-14 08:02:47,895 DEBUG   HandlerThread:1266895 [meta.py:_save_pip():57] save pip
2021-09-14 08:02:47,896 DEBUG   HandlerThread:1266895 [meta.py:_save_pip():71] save pip done
2021-09-14 08:02:47,896 DEBUG   HandlerThread:1266895 [meta.py:probe():252] probe done
2021-09-14 08:02:47,898 DEBUG   SenderThread:1266895 [sender.py:send():179] send: files
2021-09-14 08:02:47,898 INFO    SenderThread:1266895 [sender.py:_save_file():841] saving file wandb-metadata.json with policy now
2021-09-14 08:02:47,904 DEBUG   HandlerThread:1266895 [handler.py:handle_request():124] handle_request: stop_status
2021-09-14 08:02:47,904 DEBUG   SenderThread:1266895 [sender.py:send_request():193] send_request: stop_status
2021-09-14 08:02:48,274 INFO    Thread-11 :1266895 [upload_job.py:push():137] Uploaded file /tmp/3287108.1.gpu_ded.q/tmp7ypd18anwandb/3s9wmylj-wandb-metadata.json
2021-09-14 08:02:48,822 INFO    Thread-8  :1266895 [dir_watcher.py:_on_file_created():216] file/dir created: /grid/koo/home/toneyan/profile/QuantPred/wandb/run-20210914_080246-1cvqa47l/files/wandb-metadata.json
2021-09-14 08:02:48,822 INFO    Thread-8  :1266895 [dir_watcher.py:_on_file_created():216] file/dir created: /grid/koo/home/toneyan/profile/QuantPred/wandb/run-20210914_080246-1cvqa47l/files/output.log
2021-09-14 08:02:48,822 INFO    Thread-8  :1266895 [dir_watcher.py:_on_file_created():216] file/dir created: /grid/koo/home/toneyan/profile/QuantPred/wandb/run-20210914_080246-1cvqa47l/files/requirements.txt
2021-09-14 08:03:02,966 DEBUG   HandlerThread:1266895 [handler.py:handle_request():124] handle_request: stop_status
2021-09-14 08:03:02,966 DEBUG   SenderThread:1266895 [sender.py:send_request():193] send_request: stop_status
2021-09-14 08:03:16,264 DEBUG   SenderThread:1266895 [sender.py:send():179] send: stats
2021-09-14 08:03:18,028 DEBUG   HandlerThread:1266895 [handler.py:handle_request():124] handle_request: stop_status
2021-09-14 08:03:18,028 DEBUG   SenderThread:1266895 [sender.py:send_request():193] send_request: stop_status
2021-09-14 08:03:22,369 DEBUG   SenderThread:1266895 [sender.py:send():179] send: telemetry
2021-09-14 08:03:22,369 DEBUG   HandlerThread:1266895 [handler.py:handle_request():124] handle_request: poll_exit
2021-09-14 08:03:22,370 DEBUG   SenderThread:1266895 [sender.py:send():179] send: exit
2021-09-14 08:03:22,370 INFO    SenderThread:1266895 [sender.py:send_exit():287] handling exit code: 1
2021-09-14 08:03:22,370 INFO    SenderThread:1266895 [sender.py:send_exit():295] send defer
2021-09-14 08:03:22,370 DEBUG   SenderThread:1266895 [sender.py:send_request():193] send_request: poll_exit
2021-09-14 08:03:22,370 DEBUG   HandlerThread:1266895 [handler.py:handle_request():124] handle_request: defer
2021-09-14 08:03:22,370 INFO    HandlerThread:1266895 [handler.py:handle_request_defer():141] handle defer: 0
2021-09-14 08:03:22,371 DEBUG   SenderThread:1266895 [sender.py:send_request():193] send_request: defer
2021-09-14 08:03:22,371 INFO    SenderThread:1266895 [sender.py:send_request_defer():304] handle sender defer: 0
2021-09-14 08:03:22,371 INFO    SenderThread:1266895 [sender.py:transition_state():308] send defer: 1
2021-09-14 08:03:22,371 DEBUG   HandlerThread:1266895 [handler.py:handle_request():124] handle_request: defer
2021-09-14 08:03:22,371 INFO    HandlerThread:1266895 [handler.py:handle_request_defer():141] handle defer: 1
2021-09-14 08:03:22,446 DEBUG   SenderThread:1266895 [sender.py:send_request():193] send_request: defer
2021-09-14 08:03:22,446 INFO    SenderThread:1266895 [sender.py:send_request_defer():304] handle sender defer: 1
2021-09-14 08:03:22,446 INFO    SenderThread:1266895 [sender.py:transition_state():308] send defer: 2
2021-09-14 08:03:22,446 DEBUG   SenderThread:1266895 [sender.py:send():179] send: stats
2021-09-14 08:03:22,447 DEBUG   HandlerThread:1266895 [handler.py:handle_request():124] handle_request: defer
2021-09-14 08:03:22,449 INFO    HandlerThread:1266895 [handler.py:handle_request_defer():141] handle defer: 2
2021-09-14 08:03:22,449 DEBUG   SenderThread:1266895 [sender.py:send_request():193] send_request: defer
2021-09-14 08:03:22,449 INFO    SenderThread:1266895 [sender.py:send_request_defer():304] handle sender defer: 2
2021-09-14 08:03:22,449 INFO    SenderThread:1266895 [sender.py:transition_state():308] send defer: 3
2021-09-14 08:03:22,450 DEBUG   HandlerThread:1266895 [handler.py:handle_request():124] handle_request: defer
2021-09-14 08:03:22,450 INFO    HandlerThread:1266895 [handler.py:handle_request_defer():141] handle defer: 3
2021-09-14 08:03:22,450 DEBUG   SenderThread:1266895 [sender.py:send():179] send: summary
2021-09-14 08:03:22,450 INFO    SenderThread:1266895 [sender.py:_save_file():841] saving file wandb-summary.json with policy end
2021-09-14 08:03:22,450 DEBUG   SenderThread:1266895 [sender.py:send_request():193] send_request: defer
2021-09-14 08:03:22,450 INFO    SenderThread:1266895 [sender.py:send_request_defer():304] handle sender defer: 3
2021-09-14 08:03:22,450 INFO    SenderThread:1266895 [sender.py:transition_state():308] send defer: 4
2021-09-14 08:03:22,450 DEBUG   HandlerThread:1266895 [handler.py:handle_request():124] handle_request: defer
2021-09-14 08:03:22,451 INFO    HandlerThread:1266895 [handler.py:handle_request_defer():141] handle defer: 4
2021-09-14 08:03:22,451 DEBUG   SenderThread:1266895 [sender.py:send_request():193] send_request: defer
2021-09-14 08:03:22,451 INFO    SenderThread:1266895 [sender.py:send_request_defer():304] handle sender defer: 4
2021-09-14 08:03:22,472 DEBUG   HandlerThread:1266895 [handler.py:handle_request():124] handle_request: poll_exit
2021-09-14 08:03:22,507 ERROR   SenderThread:1266895 [internal_api.py:execute():130] 429 response executing GraphQL.
2021-09-14 08:03:22,507 ERROR   SenderThread:1266895 [internal_api.py:execute():131] {"error":"rate limit exceeded"}

2021-09-14 08:03:22,836 INFO    Thread-8  :1266895 [dir_watcher.py:_on_file_modified():229] file/dir modified: /grid/koo/home/toneyan/profile/QuantPred/wandb/run-20210914_080246-1cvqa47l/files/wandb-summary.json
2021-09-14 08:03:23,618 ERROR   SenderThread:1266895 [internal_api.py:execute():130] 429 response executing GraphQL.
2021-09-14 08:03:23,618 ERROR   SenderThread:1266895 [internal_api.py:execute():131] {"error":"rate limit exceeded"}

2021-09-14 08:03:25,981 ERROR   SenderThread:1266895 [internal_api.py:execute():130] 429 response executing GraphQL.
2021-09-14 08:03:25,981 ERROR   SenderThread:1266895 [internal_api.py:execute():131] {"error":"rate limit exceeded"}

2021-09-14 08:03:25,981 ERROR   SenderThread:1266895 [retry.py:__call__():126] Retry attempt failed:
Traceback (most recent call last):
  File "/usr/local/lib/python3.6/dist-packages/wandb/sdk/lib/retry.py", line 102, in __call__
    result = self._call_fn(*args, **kwargs)
  File "/usr/local/lib/python3.6/dist-packages/wandb/sdk/internal/internal_api.py", line 133, in execute
    six.reraise(*sys.exc_info())
  File "/usr/local/lib/python3.6/dist-packages/six.py", line 719, in reraise
    raise value
  File "/usr/local/lib/python3.6/dist-packages/wandb/sdk/internal/internal_api.py", line 127, in execute
    return self.client.execute(*args, **kwargs)
  File "/usr/local/lib/python3.6/dist-packages/wandb/vendor/gql-0.2.0/gql/client.py", line 52, in execute
    result = self._get_result(document, *args, **kwargs)
  File "/usr/local/lib/python3.6/dist-packages/wandb/vendor/gql-0.2.0/gql/client.py", line 60, in _get_result
    return self.transport.execute(document, *args, **kwargs)
  File "/usr/local/lib/python3.6/dist-packages/wandb/vendor/gql-0.2.0/gql/transport/requests.py", line 39, in execute
    request.raise_for_status()
  File "/usr/local/lib/python3.6/dist-packages/requests/models.py", line 943, in raise_for_status
    raise HTTPError(http_error_msg, response=self)
requests.exceptions.HTTPError: 429 Client Error: Too Many Requests for url: https://api.wandb.ai/graphql
2021-09-14 08:03:27,572 DEBUG   HandlerThread:1266895 [handler.py:handle_request():124] handle_request: poll_exit
2021-09-14 08:03:30,809 INFO    SenderThread:1266895 [sender.py:transition_state():308] send defer: 5
2021-09-14 08:03:30,809 DEBUG   SenderThread:1266895 [sender.py:send_request():193] send_request: poll_exit
2021-09-14 08:03:30,810 DEBUG   SenderThread:1266895 [sender.py:send_request():193] send_request: poll_exit
2021-09-14 08:03:30,810 DEBUG   HandlerThread:1266895 [handler.py:handle_request():124] handle_request: defer
2021-09-14 08:03:30,810 INFO    HandlerThread:1266895 [handler.py:handle_request_defer():141] handle defer: 5
2021-09-14 08:03:30,810 DEBUG   SenderThread:1266895 [sender.py:send_request():193] send_request: defer
2021-09-14 08:03:30,811 INFO    SenderThread:1266895 [sender.py:send_request_defer():304] handle sender defer: 5
2021-09-14 08:03:30,811 INFO    SenderThread:1266895 [dir_watcher.py:finish():282] shutting down directory watcher
2021-09-14 08:03:30,838 INFO    SenderThread:1266895 [dir_watcher.py:_on_file_modified():229] file/dir modified: /grid/koo/home/toneyan/profile/QuantPred/wandb/run-20210914_080246-1cvqa47l/files/config.yaml
2021-09-14 08:03:30,839 INFO    SenderThread:1266895 [dir_watcher.py:finish():312] scan: /grid/koo/home/toneyan/profile/QuantPred/wandb/run-20210914_080246-1cvqa47l/files
2021-09-14 08:03:30,839 INFO    SenderThread:1266895 [dir_watcher.py:finish():318] scan save: /grid/koo/home/toneyan/profile/QuantPred/wandb/run-20210914_080246-1cvqa47l/files/wandb-metadata.json wandb-metadata.json
2021-09-14 08:03:30,839 INFO    SenderThread:1266895 [dir_watcher.py:finish():318] scan save: /grid/koo/home/toneyan/profile/QuantPred/wandb/run-20210914_080246-1cvqa47l/files/config.yaml config.yaml
2021-09-14 08:03:30,839 INFO    SenderThread:1266895 [dir_watcher.py:finish():318] scan save: /grid/koo/home/toneyan/profile/QuantPred/wandb/run-20210914_080246-1cvqa47l/files/requirements.txt requirements.txt
2021-09-14 08:03:30,842 INFO    SenderThread:1266895 [dir_watcher.py:finish():318] scan save: /grid/koo/home/toneyan/profile/QuantPred/wandb/run-20210914_080246-1cvqa47l/files/wandb-summary.json wandb-summary.json
2021-09-14 08:03:30,845 INFO    SenderThread:1266895 [dir_watcher.py:finish():318] scan save: /grid/koo/home/toneyan/profile/QuantPred/wandb/run-20210914_080246-1cvqa47l/files/output.log output.log
2021-09-14 08:03:30,845 INFO    SenderThread:1266895 [sender.py:transition_state():308] send defer: 6
2021-09-14 08:03:30,850 DEBUG   HandlerThread:1266895 [handler.py:handle_request():124] handle_request: defer
2021-09-14 08:03:30,851 INFO    HandlerThread:1266895 [handler.py:handle_request_defer():141] handle defer: 6
2021-09-14 08:03:30,851 DEBUG   SenderThread:1266895 [sender.py:send_request():193] send_request: defer
2021-09-14 08:03:30,851 INFO    SenderThread:1266895 [sender.py:send_request_defer():304] handle sender defer: 6
2021-09-14 08:03:30,851 INFO    SenderThread:1266895 [file_pusher.py:finish():177] shutting down file pusher
2021-09-14 08:03:30,912 DEBUG   HandlerThread:1266895 [handler.py:handle_request():124] handle_request: poll_exit
2021-09-14 08:03:30,912 DEBUG   SenderThread:1266895 [sender.py:send_request():193] send_request: poll_exit
2021-09-14 08:03:31,013 DEBUG   HandlerThread:1266895 [handler.py:handle_request():124] handle_request: poll_exit
2021-09-14 08:03:31,014 DEBUG   SenderThread:1266895 [sender.py:send_request():193] send_request: poll_exit
2021-09-14 08:03:31,115 DEBUG   HandlerThread:1266895 [handler.py:handle_request():124] handle_request: poll_exit
2021-09-14 08:03:31,116 DEBUG   SenderThread:1266895 [sender.py:send_request():193] send_request: poll_exit
2021-09-14 08:03:31,217 DEBUG   HandlerThread:1266895 [handler.py:handle_request():124] handle_request: poll_exit
2021-09-14 08:03:31,217 DEBUG   SenderThread:1266895 [sender.py:send_request():193] send_request: poll_exit
2021-09-14 08:03:31,238 INFO    Thread-13 :1266895 [upload_job.py:push():137] Uploaded file /grid/koo/home/toneyan/profile/QuantPred/wandb/run-20210914_080246-1cvqa47l/files/requirements.txt
2021-09-14 08:03:31,242 INFO    Thread-14 :1266895 [upload_job.py:push():137] Uploaded file /grid/koo/home/toneyan/profile/QuantPred/wandb/run-20210914_080246-1cvqa47l/files/wandb-summary.json
2021-09-14 08:03:31,256 INFO    Thread-12 :1266895 [upload_job.py:push():137] Uploaded file /grid/koo/home/toneyan/profile/QuantPred/wandb/run-20210914_080246-1cvqa47l/files/config.yaml
2021-09-14 08:03:31,319 DEBUG   HandlerThread:1266895 [handler.py:handle_request():124] handle_request: poll_exit
2021-09-14 08:03:31,319 DEBUG   SenderThread:1266895 [sender.py:send_request():193] send_request: poll_exit
2021-09-14 08:03:31,421 DEBUG   HandlerThread:1266895 [handler.py:handle_request():124] handle_request: poll_exit
2021-09-14 08:03:31,421 DEBUG   SenderThread:1266895 [sender.py:send_request():193] send_request: poll_exit
2021-09-14 08:03:31,457 INFO    Thread-7  :1266895 [sender.py:transition_state():308] send defer: 7
2021-09-14 08:03:31,457 DEBUG   HandlerThread:1266895 [handler.py:handle_request():124] handle_request: defer
2021-09-14 08:03:31,457 INFO    HandlerThread:1266895 [handler.py:handle_request_defer():141] handle defer: 7
2021-09-14 08:03:31,458 DEBUG   SenderThread:1266895 [sender.py:send_request():193] send_request: defer
2021-09-14 08:03:31,458 INFO    SenderThread:1266895 [sender.py:send_request_defer():304] handle sender defer: 7
2021-09-14 08:03:31,507 INFO    SenderThread:1266895 [sender.py:transition_state():308] send defer: 8
2021-09-14 08:03:31,508 DEBUG   HandlerThread:1266895 [handler.py:handle_request():124] handle_request: defer
2021-09-14 08:03:31,508 INFO    HandlerThread:1266895 [handler.py:handle_request_defer():141] handle defer: 8
2021-09-14 08:03:31,508 DEBUG   SenderThread:1266895 [sender.py:send_request():193] send_request: defer
2021-09-14 08:03:31,508 INFO    SenderThread:1266895 [sender.py:send_request_defer():304] handle sender defer: 8
2021-09-14 08:03:31,508 INFO    SenderThread:1266895 [sender.py:transition_state():308] send defer: 9
2021-09-14 08:03:31,509 DEBUG   SenderThread:1266895 [sender.py:send():179] send: final
2021-09-14 08:03:31,509 DEBUG   HandlerThread:1266895 [handler.py:handle_request():124] handle_request: defer
2021-09-14 08:03:31,509 DEBUG   SenderThread:1266895 [sender.py:send():179] send: footer
2021-09-14 08:03:31,509 INFO    HandlerThread:1266895 [handler.py:handle_request_defer():141] handle defer: 9
2021-09-14 08:03:31,509 DEBUG   SenderThread:1266895 [sender.py:send_request():193] send_request: defer
2021-09-14 08:03:31,509 INFO    SenderThread:1266895 [sender.py:send_request_defer():304] handle sender defer: 9
2021-09-14 08:03:31,523 DEBUG   HandlerThread:1266895 [handler.py:handle_request():124] handle_request: poll_exit
2021-09-14 08:03:31,523 DEBUG   SenderThread:1266895 [sender.py:send_request():193] send_request: poll_exit
2021-09-14 08:03:31,523 INFO    SenderThread:1266895 [file_pusher.py:join():182] waiting for file pusher
2021-09-14 08:03:31,525 DEBUG   HandlerThread:1266895 [handler.py:handle_request():124] handle_request: get_summary
2021-09-14 08:03:31,525 DEBUG   HandlerThread:1266895 [handler.py:handle_request():124] handle_request: sampled_history
2021-09-14 08:03:31,525 DEBUG   HandlerThread:1266895 [handler.py:handle_request():124] handle_request: shutdown
2021-09-14 08:03:31,525 INFO    HandlerThread:1266895 [handler.py:finish():638] shutting down handler
2021-09-14 08:03:32,509 INFO    WriterThread:1266895 [datastore.py:close():288] close: /grid/koo/home/toneyan/profile/QuantPred/wandb/run-20210914_080246-1cvqa47l/run-1cvqa47l.wandb
2021-09-14 08:03:32,524 INFO    SenderThread:1266895 [sender.py:finish():945] shutting down sender
2021-09-14 08:03:32,524 INFO    SenderThread:1266895 [file_pusher.py:finish():177] shutting down file pusher
2021-09-14 08:03:32,524 INFO    SenderThread:1266895 [file_pusher.py:join():182] waiting for file pusher
2021-09-14 08:03:32,526 INFO    MainThread:1266895 [internal.py:handle_exit():78] Internal process exited
