2021-09-14 06:05:08,541 INFO    MainThread:1456203 [internal.py:wandb_internal():91] W&B internal server running at pid: 1456203, started at: 2021-09-14 06:05:08.540402
2021-09-14 06:05:08,542 DEBUG   HandlerThread:1456203 [handler.py:handle_request():124] handle_request: check_version
2021-09-14 06:05:08,543 INFO    WriterThread:1456203 [datastore.py:open_for_write():80] open: /grid/koo/home/toneyan/profile/QuantPred/wandb/run-20210914_060507-v8rrkz20/run-v8rrkz20.wandb
2021-09-14 06:05:08,544 DEBUG   SenderThread:1456203 [sender.py:send():179] send: header
2021-09-14 06:05:08,545 DEBUG   SenderThread:1456203 [sender.py:send_request():193] send_request: check_version
2021-09-14 06:05:08,581 DEBUG   SenderThread:1456203 [sender.py:send():179] send: run
2021-09-14 06:05:08,665 INFO    SenderThread:1456203 [dir_watcher.py:__init__():168] watching files in: /grid/koo/home/toneyan/profile/QuantPred/wandb/run-20210914_060507-v8rrkz20/files
2021-09-14 06:05:08,665 INFO    SenderThread:1456203 [sender.py:_start_run_threads():719] run started: v8rrkz20 with start time 1631613907
2021-09-14 06:05:08,665 DEBUG   SenderThread:1456203 [sender.py:send():179] send: summary
2021-09-14 06:05:08,666 INFO    SenderThread:1456203 [sender.py:_save_file():841] saving file wandb-summary.json with policy end
2021-09-14 06:05:08,666 DEBUG   HandlerThread:1456203 [handler.py:handle_request():124] handle_request: run_start
2021-09-14 06:05:09,672 INFO    Thread-8  :1456203 [dir_watcher.py:_on_file_created():216] file/dir created: /grid/koo/home/toneyan/profile/QuantPred/wandb/run-20210914_060507-v8rrkz20/files/wandb-summary.json
2021-09-14 06:05:09,902 DEBUG   HandlerThread:1456203 [meta.py:__init__():39] meta init
2021-09-14 06:05:09,902 DEBUG   HandlerThread:1456203 [meta.py:__init__():53] meta init done
2021-09-14 06:05:09,902 DEBUG   HandlerThread:1456203 [meta.py:probe():210] probe
2021-09-14 06:05:09,908 DEBUG   HandlerThread:1456203 [meta.py:_save_pip():57] save pip
2021-09-14 06:05:09,909 DEBUG   HandlerThread:1456203 [meta.py:_save_pip():71] save pip done
2021-09-14 06:05:09,910 DEBUG   HandlerThread:1456203 [meta.py:probe():252] probe done
2021-09-14 06:05:09,913 DEBUG   SenderThread:1456203 [sender.py:send():179] send: files
2021-09-14 06:05:09,913 INFO    SenderThread:1456203 [sender.py:_save_file():841] saving file wandb-metadata.json with policy now
2021-09-14 06:05:09,919 DEBUG   HandlerThread:1456203 [handler.py:handle_request():124] handle_request: stop_status
2021-09-14 06:05:09,919 DEBUG   SenderThread:1456203 [sender.py:send_request():193] send_request: stop_status
2021-09-14 06:05:10,293 INFO    Thread-11 :1456203 [upload_job.py:push():137] Uploaded file /tmp/3287115.1.gpu_ded.q/tmphyxzt_x9wandb/k39ywoig-wandb-metadata.json
2021-09-14 06:05:10,671 INFO    Thread-8  :1456203 [dir_watcher.py:_on_file_created():216] file/dir created: /grid/koo/home/toneyan/profile/QuantPred/wandb/run-20210914_060507-v8rrkz20/files/output.log
2021-09-14 06:05:10,672 INFO    Thread-8  :1456203 [dir_watcher.py:_on_file_created():216] file/dir created: /grid/koo/home/toneyan/profile/QuantPred/wandb/run-20210914_060507-v8rrkz20/files/wandb-metadata.json
2021-09-14 06:05:10,672 INFO    Thread-8  :1456203 [dir_watcher.py:_on_file_created():216] file/dir created: /grid/koo/home/toneyan/profile/QuantPred/wandb/run-20210914_060507-v8rrkz20/files/requirements.txt
2021-09-14 06:05:24,984 DEBUG   HandlerThread:1456203 [handler.py:handle_request():124] handle_request: stop_status
2021-09-14 06:05:24,984 DEBUG   SenderThread:1456203 [sender.py:send_request():193] send_request: stop_status
2021-09-14 06:05:25,040 ERROR   SenderThread:1456203 [internal_api.py:execute():130] 429 response executing GraphQL.
2021-09-14 06:05:25,040 ERROR   SenderThread:1456203 [internal_api.py:execute():131] {"error":"rate limit exceeded"}

2021-09-14 06:05:26,119 ERROR   SenderThread:1456203 [internal_api.py:execute():130] 429 response executing GraphQL.
2021-09-14 06:05:26,119 ERROR   SenderThread:1456203 [internal_api.py:execute():131] {"error":"rate limit exceeded"}

2021-09-14 06:05:28,665 ERROR   SenderThread:1456203 [internal_api.py:execute():130] 429 response executing GraphQL.
2021-09-14 06:05:28,665 ERROR   SenderThread:1456203 [internal_api.py:execute():131] {"error":"rate limit exceeded"}

2021-09-14 06:05:28,666 ERROR   SenderThread:1456203 [retry.py:__call__():126] Retry attempt failed:
Traceback (most recent call last):
  File "/usr/local/lib/python3.6/dist-packages/wandb/sdk/lib/retry.py", line 102, in __call__
    result = self._call_fn(*args, **kwargs)
  File "/usr/local/lib/python3.6/dist-packages/wandb/sdk/internal/internal_api.py", line 133, in execute
    six.reraise(*sys.exc_info())
  File "/usr/local/lib/python3.6/dist-packages/six.py", line 719, in reraise
    raise value
  File "/usr/local/lib/python3.6/dist-packages/wandb/sdk/internal/internal_api.py", line 127, in execute
    return self.client.execute(*args, **kwargs)
  File "/usr/local/lib/python3.6/dist-packages/wandb/vendor/gql-0.2.0/gql/client.py", line 52, in execute
    result = self._get_result(document, *args, **kwargs)
  File "/usr/local/lib/python3.6/dist-packages/wandb/vendor/gql-0.2.0/gql/client.py", line 60, in _get_result
    return self.transport.execute(document, *args, **kwargs)
  File "/usr/local/lib/python3.6/dist-packages/wandb/vendor/gql-0.2.0/gql/transport/requests.py", line 39, in execute
    request.raise_for_status()
  File "/usr/local/lib/python3.6/dist-packages/requests/models.py", line 943, in raise_for_status
    raise HTTPError(http_error_msg, response=self)
requests.exceptions.HTTPError: 429 Client Error: Too Many Requests for url: https://api.wandb.ai/graphql
2021-09-14 06:05:38,290 DEBUG   SenderThread:1456203 [sender.py:send():179] send: stats
2021-09-14 06:05:42,254 DEBUG   HandlerThread:1456203 [handler.py:handle_request():124] handle_request: poll_exit
2021-09-14 06:05:42,254 DEBUG   SenderThread:1456203 [sender.py:send():179] send: telemetry
2021-09-14 06:05:42,255 DEBUG   SenderThread:1456203 [sender.py:send():179] send: exit
2021-09-14 06:05:42,255 INFO    SenderThread:1456203 [sender.py:send_exit():287] handling exit code: 1
2021-09-14 06:05:42,255 INFO    SenderThread:1456203 [sender.py:send_exit():295] send defer
2021-09-14 06:05:42,255 DEBUG   SenderThread:1456203 [sender.py:send_request():193] send_request: poll_exit
2021-09-14 06:05:42,255 DEBUG   HandlerThread:1456203 [handler.py:handle_request():124] handle_request: defer
2021-09-14 06:05:42,255 INFO    HandlerThread:1456203 [handler.py:handle_request_defer():141] handle defer: 0
2021-09-14 06:05:42,255 DEBUG   SenderThread:1456203 [sender.py:send_request():193] send_request: defer
2021-09-14 06:05:42,255 INFO    SenderThread:1456203 [sender.py:send_request_defer():304] handle sender defer: 0
2021-09-14 06:05:42,255 INFO    SenderThread:1456203 [sender.py:transition_state():308] send defer: 1
2021-09-14 06:05:42,256 DEBUG   HandlerThread:1456203 [handler.py:handle_request():124] handle_request: defer
2021-09-14 06:05:42,256 INFO    HandlerThread:1456203 [handler.py:handle_request_defer():141] handle defer: 1
2021-09-14 06:05:42,337 DEBUG   SenderThread:1456203 [sender.py:send_request():193] send_request: defer
2021-09-14 06:05:42,337 INFO    SenderThread:1456203 [sender.py:send_request_defer():304] handle sender defer: 1
2021-09-14 06:05:42,338 INFO    SenderThread:1456203 [sender.py:transition_state():308] send defer: 2
2021-09-14 06:05:42,338 DEBUG   SenderThread:1456203 [sender.py:send():179] send: stats
2021-09-14 06:05:42,338 DEBUG   HandlerThread:1456203 [handler.py:handle_request():124] handle_request: defer
2021-09-14 06:05:42,340 INFO    HandlerThread:1456203 [handler.py:handle_request_defer():141] handle defer: 2
2021-09-14 06:05:42,340 DEBUG   SenderThread:1456203 [sender.py:send_request():193] send_request: defer
2021-09-14 06:05:42,340 INFO    SenderThread:1456203 [sender.py:send_request_defer():304] handle sender defer: 2
2021-09-14 06:05:42,340 INFO    SenderThread:1456203 [sender.py:transition_state():308] send defer: 3
2021-09-14 06:05:42,340 DEBUG   HandlerThread:1456203 [handler.py:handle_request():124] handle_request: defer
2021-09-14 06:05:42,340 INFO    HandlerThread:1456203 [handler.py:handle_request_defer():141] handle defer: 3
2021-09-14 06:05:42,341 DEBUG   SenderThread:1456203 [sender.py:send():179] send: summary
2021-09-14 06:05:42,341 INFO    SenderThread:1456203 [sender.py:_save_file():841] saving file wandb-summary.json with policy end
2021-09-14 06:05:42,341 DEBUG   SenderThread:1456203 [sender.py:send_request():193] send_request: defer
2021-09-14 06:05:42,341 INFO    SenderThread:1456203 [sender.py:send_request_defer():304] handle sender defer: 3
2021-09-14 06:05:42,342 INFO    SenderThread:1456203 [sender.py:transition_state():308] send defer: 4
2021-09-14 06:05:42,342 DEBUG   HandlerThread:1456203 [handler.py:handle_request():124] handle_request: defer
2021-09-14 06:05:42,342 INFO    HandlerThread:1456203 [handler.py:handle_request_defer():141] handle defer: 4
2021-09-14 06:05:42,342 DEBUG   SenderThread:1456203 [sender.py:send_request():193] send_request: defer
2021-09-14 06:05:42,342 INFO    SenderThread:1456203 [sender.py:send_request_defer():304] handle sender defer: 4
2021-09-14 06:05:42,356 DEBUG   HandlerThread:1456203 [handler.py:handle_request():124] handle_request: poll_exit
2021-09-14 06:05:42,399 ERROR   SenderThread:1456203 [internal_api.py:execute():130] 429 response executing GraphQL.
2021-09-14 06:05:42,399 ERROR   SenderThread:1456203 [internal_api.py:execute():131] {"error":"rate limit exceeded"}

2021-09-14 06:05:42,682 INFO    Thread-8  :1456203 [dir_watcher.py:_on_file_modified():229] file/dir modified: /grid/koo/home/toneyan/profile/QuantPred/wandb/run-20210914_060507-v8rrkz20/files/wandb-summary.json
2021-09-14 06:05:43,676 ERROR   SenderThread:1456203 [internal_api.py:execute():130] 429 response executing GraphQL.
2021-09-14 06:05:43,676 ERROR   SenderThread:1456203 [internal_api.py:execute():131] {"error":"rate limit exceeded"}

2021-09-14 06:05:45,814 INFO    SenderThread:1456203 [sender.py:transition_state():308] send defer: 5
2021-09-14 06:05:45,815 DEBUG   SenderThread:1456203 [sender.py:send_request():193] send_request: poll_exit
2021-09-14 06:05:45,815 DEBUG   HandlerThread:1456203 [handler.py:handle_request():124] handle_request: defer
2021-09-14 06:05:45,815 INFO    HandlerThread:1456203 [handler.py:handle_request_defer():141] handle defer: 5
2021-09-14 06:05:45,815 DEBUG   SenderThread:1456203 [sender.py:send_request():193] send_request: defer
2021-09-14 06:05:45,815 INFO    SenderThread:1456203 [sender.py:send_request_defer():304] handle sender defer: 5
2021-09-14 06:05:45,815 INFO    SenderThread:1456203 [dir_watcher.py:finish():282] shutting down directory watcher
2021-09-14 06:05:45,920 DEBUG   HandlerThread:1456203 [handler.py:handle_request():124] handle_request: poll_exit
2021-09-14 06:05:46,683 INFO    SenderThread:1456203 [dir_watcher.py:_on_file_modified():229] file/dir modified: /grid/koo/home/toneyan/profile/QuantPred/wandb/run-20210914_060507-v8rrkz20/files/config.yaml
2021-09-14 06:05:46,684 INFO    SenderThread:1456203 [dir_watcher.py:finish():312] scan: /grid/koo/home/toneyan/profile/QuantPred/wandb/run-20210914_060507-v8rrkz20/files
2021-09-14 06:05:46,684 INFO    SenderThread:1456203 [dir_watcher.py:finish():318] scan save: /grid/koo/home/toneyan/profile/QuantPred/wandb/run-20210914_060507-v8rrkz20/files/wandb-metadata.json wandb-metadata.json
2021-09-14 06:05:46,684 INFO    SenderThread:1456203 [dir_watcher.py:finish():318] scan save: /grid/koo/home/toneyan/profile/QuantPred/wandb/run-20210914_060507-v8rrkz20/files/config.yaml config.yaml
2021-09-14 06:05:46,684 INFO    SenderThread:1456203 [dir_watcher.py:finish():318] scan save: /grid/koo/home/toneyan/profile/QuantPred/wandb/run-20210914_060507-v8rrkz20/files/requirements.txt requirements.txt
2021-09-14 06:05:46,684 INFO    SenderThread:1456203 [dir_watcher.py:finish():318] scan save: /grid/koo/home/toneyan/profile/QuantPred/wandb/run-20210914_060507-v8rrkz20/files/wandb-summary.json wandb-summary.json
2021-09-14 06:05:46,690 INFO    SenderThread:1456203 [dir_watcher.py:finish():318] scan save: /grid/koo/home/toneyan/profile/QuantPred/wandb/run-20210914_060507-v8rrkz20/files/output.log output.log
2021-09-14 06:05:46,691 INFO    SenderThread:1456203 [sender.py:transition_state():308] send defer: 6
2021-09-14 06:05:46,691 DEBUG   SenderThread:1456203 [sender.py:send_request():193] send_request: poll_exit
2021-09-14 06:05:46,696 DEBUG   HandlerThread:1456203 [handler.py:handle_request():124] handle_request: defer
2021-09-14 06:05:46,696 INFO    HandlerThread:1456203 [handler.py:handle_request_defer():141] handle defer: 6
2021-09-14 06:05:46,696 DEBUG   SenderThread:1456203 [sender.py:send_request():193] send_request: defer
2021-09-14 06:05:46,697 INFO    SenderThread:1456203 [sender.py:send_request_defer():304] handle sender defer: 6
2021-09-14 06:05:46,697 INFO    SenderThread:1456203 [file_pusher.py:finish():177] shutting down file pusher
2021-09-14 06:05:46,798 DEBUG   HandlerThread:1456203 [handler.py:handle_request():124] handle_request: poll_exit
2021-09-14 06:05:46,798 DEBUG   SenderThread:1456203 [sender.py:send_request():193] send_request: poll_exit
2021-09-14 06:05:46,900 DEBUG   HandlerThread:1456203 [handler.py:handle_request():124] handle_request: poll_exit
2021-09-14 06:05:46,900 DEBUG   SenderThread:1456203 [sender.py:send_request():193] send_request: poll_exit
2021-09-14 06:05:47,001 DEBUG   HandlerThread:1456203 [handler.py:handle_request():124] handle_request: poll_exit
2021-09-14 06:05:47,002 DEBUG   SenderThread:1456203 [sender.py:send_request():193] send_request: poll_exit
2021-09-14 06:05:47,041 INFO    Thread-14 :1456203 [upload_job.py:push():137] Uploaded file /grid/koo/home/toneyan/profile/QuantPred/wandb/run-20210914_060507-v8rrkz20/files/wandb-summary.json
2021-09-14 06:05:47,042 INFO    Thread-13 :1456203 [upload_job.py:push():137] Uploaded file /grid/koo/home/toneyan/profile/QuantPred/wandb/run-20210914_060507-v8rrkz20/files/requirements.txt
2021-09-14 06:05:47,082 INFO    Thread-12 :1456203 [upload_job.py:push():137] Uploaded file /grid/koo/home/toneyan/profile/QuantPred/wandb/run-20210914_060507-v8rrkz20/files/config.yaml
2021-09-14 06:05:47,103 DEBUG   HandlerThread:1456203 [handler.py:handle_request():124] handle_request: poll_exit
2021-09-14 06:05:47,104 DEBUG   SenderThread:1456203 [sender.py:send_request():193] send_request: poll_exit
2021-09-14 06:05:47,205 DEBUG   HandlerThread:1456203 [handler.py:handle_request():124] handle_request: poll_exit
2021-09-14 06:05:47,206 DEBUG   SenderThread:1456203 [sender.py:send_request():193] send_request: poll_exit
2021-09-14 06:05:47,282 INFO    Thread-7  :1456203 [sender.py:transition_state():308] send defer: 7
2021-09-14 06:05:47,283 DEBUG   HandlerThread:1456203 [handler.py:handle_request():124] handle_request: defer
2021-09-14 06:05:47,283 INFO    HandlerThread:1456203 [handler.py:handle_request_defer():141] handle defer: 7
2021-09-14 06:05:47,283 DEBUG   SenderThread:1456203 [sender.py:send_request():193] send_request: defer
2021-09-14 06:05:47,283 INFO    SenderThread:1456203 [sender.py:send_request_defer():304] handle sender defer: 7
2021-09-14 06:05:47,307 DEBUG   HandlerThread:1456203 [handler.py:handle_request():124] handle_request: poll_exit
2021-09-14 06:05:47,338 INFO    SenderThread:1456203 [sender.py:transition_state():308] send defer: 8
2021-09-14 06:05:47,338 DEBUG   SenderThread:1456203 [sender.py:send_request():193] send_request: poll_exit
2021-09-14 06:05:47,339 DEBUG   HandlerThread:1456203 [handler.py:handle_request():124] handle_request: defer
2021-09-14 06:05:47,339 INFO    HandlerThread:1456203 [handler.py:handle_request_defer():141] handle defer: 8
2021-09-14 06:05:47,339 DEBUG   SenderThread:1456203 [sender.py:send_request():193] send_request: defer
2021-09-14 06:05:47,339 INFO    SenderThread:1456203 [sender.py:send_request_defer():304] handle sender defer: 8
2021-09-14 06:05:47,339 INFO    SenderThread:1456203 [sender.py:transition_state():308] send defer: 9
2021-09-14 06:05:47,339 DEBUG   SenderThread:1456203 [sender.py:send():179] send: final
2021-09-14 06:05:47,340 DEBUG   HandlerThread:1456203 [handler.py:handle_request():124] handle_request: defer
2021-09-14 06:05:47,340 DEBUG   SenderThread:1456203 [sender.py:send():179] send: footer
2021-09-14 06:05:47,340 INFO    HandlerThread:1456203 [handler.py:handle_request_defer():141] handle defer: 9
2021-09-14 06:05:47,340 DEBUG   SenderThread:1456203 [sender.py:send_request():193] send_request: defer
2021-09-14 06:05:47,340 INFO    SenderThread:1456203 [sender.py:send_request_defer():304] handle sender defer: 9
2021-09-14 06:05:47,440 DEBUG   HandlerThread:1456203 [handler.py:handle_request():124] handle_request: poll_exit
2021-09-14 06:05:47,440 DEBUG   SenderThread:1456203 [sender.py:send_request():193] send_request: poll_exit
2021-09-14 06:05:47,441 INFO    SenderThread:1456203 [file_pusher.py:join():182] waiting for file pusher
2021-09-14 06:05:47,442 DEBUG   HandlerThread:1456203 [handler.py:handle_request():124] handle_request: get_summary
2021-09-14 06:05:47,442 DEBUG   HandlerThread:1456203 [handler.py:handle_request():124] handle_request: sampled_history
2021-09-14 06:05:47,442 DEBUG   HandlerThread:1456203 [handler.py:handle_request():124] handle_request: shutdown
2021-09-14 06:05:47,443 INFO    HandlerThread:1456203 [handler.py:finish():638] shutting down handler
2021-09-14 06:05:48,340 INFO    WriterThread:1456203 [datastore.py:close():288] close: /grid/koo/home/toneyan/profile/QuantPred/wandb/run-20210914_060507-v8rrkz20/run-v8rrkz20.wandb
2021-09-14 06:05:48,441 INFO    SenderThread:1456203 [sender.py:finish():945] shutting down sender
2021-09-14 06:05:48,441 INFO    SenderThread:1456203 [file_pusher.py:finish():177] shutting down file pusher
2021-09-14 06:05:48,441 INFO    SenderThread:1456203 [file_pusher.py:join():182] waiting for file pusher
2021-09-14 06:05:48,443 INFO    MainThread:1456203 [internal.py:handle_exit():78] Internal process exited
