2021-09-18 23:36:45,721 INFO    MainThread:557459 [internal.py:wandb_internal():91] W&B internal server running at pid: 557459, started at: 2021-09-18 23:36:45.720767
2021-09-18 23:36:45,723 DEBUG   HandlerThread:557459 [handler.py:handle_request():124] handle_request: check_version
2021-09-18 23:36:45,723 INFO    WriterThread:557459 [datastore.py:open_for_write():80] open: /grid/koo/home/toneyan/profile/QuantPred/wandb/run-20210918_233645-8purbthl/run-8purbthl.wandb
2021-09-18 23:36:45,725 DEBUG   SenderThread:557459 [sender.py:send():179] send: header
2021-09-18 23:36:45,725 DEBUG   SenderThread:557459 [sender.py:send_request():193] send_request: check_version
2021-09-18 23:36:45,753 DEBUG   SenderThread:557459 [sender.py:send():179] send: run
2021-09-18 23:36:45,834 INFO    SenderThread:557459 [dir_watcher.py:__init__():168] watching files in: /grid/koo/home/toneyan/profile/QuantPred/wandb/run-20210918_233645-8purbthl/files
2021-09-18 23:36:45,834 INFO    SenderThread:557459 [sender.py:_start_run_threads():719] run started: 8purbthl with start time 1632022605
2021-09-18 23:36:45,835 DEBUG   SenderThread:557459 [sender.py:send():179] send: summary
2021-09-18 23:36:45,835 DEBUG   HandlerThread:557459 [handler.py:handle_request():124] handle_request: run_start
2021-09-18 23:36:45,836 INFO    SenderThread:557459 [sender.py:_save_file():841] saving file wandb-summary.json with policy end
2021-09-18 23:36:46,836 INFO    Thread-8  :557459 [dir_watcher.py:_on_file_created():216] file/dir created: /grid/koo/home/toneyan/profile/QuantPred/wandb/run-20210918_233645-8purbthl/files/wandb-summary.json
2021-09-18 23:36:46,860 DEBUG   HandlerThread:557459 [meta.py:__init__():39] meta init
2021-09-18 23:36:46,860 DEBUG   HandlerThread:557459 [meta.py:__init__():53] meta init done
2021-09-18 23:36:46,860 DEBUG   HandlerThread:557459 [meta.py:probe():210] probe
2021-09-18 23:36:46,866 DEBUG   HandlerThread:557459 [meta.py:_save_pip():57] save pip
2021-09-18 23:36:46,867 DEBUG   HandlerThread:557459 [meta.py:_save_pip():71] save pip done
2021-09-18 23:36:46,867 DEBUG   HandlerThread:557459 [meta.py:probe():252] probe done
2021-09-18 23:36:46,870 DEBUG   SenderThread:557459 [sender.py:send():179] send: files
2021-09-18 23:36:46,870 INFO    SenderThread:557459 [sender.py:_save_file():841] saving file wandb-metadata.json with policy now
2021-09-18 23:36:46,876 DEBUG   HandlerThread:557459 [handler.py:handle_request():124] handle_request: stop_status
2021-09-18 23:36:46,876 DEBUG   SenderThread:557459 [sender.py:send_request():193] send_request: stop_status
2021-09-18 23:36:47,225 INFO    Thread-11 :557459 [upload_job.py:push():137] Uploaded file /tmp/3288840.1.gpu_ded.q/tmps1jfvsaowandb/3l7zh3if-wandb-metadata.json
2021-09-18 23:36:47,835 INFO    Thread-8  :557459 [dir_watcher.py:_on_file_created():216] file/dir created: /grid/koo/home/toneyan/profile/QuantPred/wandb/run-20210918_233645-8purbthl/files/wandb-metadata.json
2021-09-18 23:36:47,836 INFO    Thread-8  :557459 [dir_watcher.py:_on_file_created():216] file/dir created: /grid/koo/home/toneyan/profile/QuantPred/wandb/run-20210918_233645-8purbthl/files/requirements.txt
2021-09-18 23:36:47,836 INFO    Thread-8  :557459 [dir_watcher.py:_on_file_created():216] file/dir created: /grid/koo/home/toneyan/profile/QuantPred/wandb/run-20210918_233645-8purbthl/files/output.log
2021-09-18 23:37:01,938 DEBUG   HandlerThread:557459 [handler.py:handle_request():124] handle_request: stop_status
2021-09-18 23:37:01,938 DEBUG   SenderThread:557459 [sender.py:send_request():193] send_request: stop_status
2021-09-18 23:37:15,200 DEBUG   SenderThread:557459 [sender.py:send():179] send: stats
2021-09-18 23:37:16,997 DEBUG   HandlerThread:557459 [handler.py:handle_request():124] handle_request: stop_status
2021-09-18 23:37:16,997 DEBUG   SenderThread:557459 [sender.py:send_request():193] send_request: stop_status
2021-09-18 23:37:18,668 DEBUG   HandlerThread:557459 [handler.py:handle_request():124] handle_request: poll_exit
2021-09-18 23:37:18,668 DEBUG   SenderThread:557459 [sender.py:send():179] send: telemetry
2021-09-18 23:37:18,669 DEBUG   SenderThread:557459 [sender.py:send():179] send: exit
2021-09-18 23:37:18,669 INFO    SenderThread:557459 [sender.py:send_exit():287] handling exit code: 1
2021-09-18 23:37:18,669 INFO    SenderThread:557459 [sender.py:send_exit():295] send defer
2021-09-18 23:37:18,669 DEBUG   SenderThread:557459 [sender.py:send_request():193] send_request: poll_exit
2021-09-18 23:37:18,669 DEBUG   HandlerThread:557459 [handler.py:handle_request():124] handle_request: defer
2021-09-18 23:37:18,669 INFO    HandlerThread:557459 [handler.py:handle_request_defer():141] handle defer: 0
2021-09-18 23:37:18,669 DEBUG   SenderThread:557459 [sender.py:send_request():193] send_request: defer
2021-09-18 23:37:18,669 INFO    SenderThread:557459 [sender.py:send_request_defer():304] handle sender defer: 0
2021-09-18 23:37:18,669 INFO    SenderThread:557459 [sender.py:transition_state():308] send defer: 1
2021-09-18 23:37:18,670 DEBUG   HandlerThread:557459 [handler.py:handle_request():124] handle_request: defer
2021-09-18 23:37:18,670 INFO    HandlerThread:557459 [handler.py:handle_request_defer():141] handle defer: 1
2021-09-18 23:37:18,740 DEBUG   SenderThread:557459 [sender.py:send_request():193] send_request: defer
2021-09-18 23:37:18,740 INFO    SenderThread:557459 [sender.py:send_request_defer():304] handle sender defer: 1
2021-09-18 23:37:18,741 INFO    SenderThread:557459 [sender.py:transition_state():308] send defer: 2
2021-09-18 23:37:18,741 DEBUG   SenderThread:557459 [sender.py:send():179] send: stats
2021-09-18 23:37:18,741 DEBUG   HandlerThread:557459 [handler.py:handle_request():124] handle_request: defer
2021-09-18 23:37:18,743 INFO    HandlerThread:557459 [handler.py:handle_request_defer():141] handle defer: 2
2021-09-18 23:37:18,743 DEBUG   SenderThread:557459 [sender.py:send_request():193] send_request: defer
2021-09-18 23:37:18,743 INFO    SenderThread:557459 [sender.py:send_request_defer():304] handle sender defer: 2
2021-09-18 23:37:18,743 INFO    SenderThread:557459 [sender.py:transition_state():308] send defer: 3
2021-09-18 23:37:18,743 DEBUG   HandlerThread:557459 [handler.py:handle_request():124] handle_request: defer
2021-09-18 23:37:18,743 INFO    HandlerThread:557459 [handler.py:handle_request_defer():141] handle defer: 3
2021-09-18 23:37:18,743 DEBUG   SenderThread:557459 [sender.py:send():179] send: summary
2021-09-18 23:37:18,744 INFO    SenderThread:557459 [sender.py:_save_file():841] saving file wandb-summary.json with policy end
2021-09-18 23:37:18,744 DEBUG   SenderThread:557459 [sender.py:send_request():193] send_request: defer
2021-09-18 23:37:18,744 INFO    SenderThread:557459 [sender.py:send_request_defer():304] handle sender defer: 3
2021-09-18 23:37:18,744 INFO    SenderThread:557459 [sender.py:transition_state():308] send defer: 4
2021-09-18 23:37:18,744 DEBUG   HandlerThread:557459 [handler.py:handle_request():124] handle_request: defer
2021-09-18 23:37:18,744 INFO    HandlerThread:557459 [handler.py:handle_request_defer():141] handle defer: 4
2021-09-18 23:37:18,744 DEBUG   SenderThread:557459 [sender.py:send_request():193] send_request: defer
2021-09-18 23:37:18,744 INFO    SenderThread:557459 [sender.py:send_request_defer():304] handle sender defer: 4
2021-09-18 23:37:18,770 DEBUG   HandlerThread:557459 [handler.py:handle_request():124] handle_request: poll_exit
2021-09-18 23:37:18,821 INFO    SenderThread:557459 [sender.py:transition_state():308] send defer: 5
2021-09-18 23:37:18,821 DEBUG   SenderThread:557459 [sender.py:send_request():193] send_request: poll_exit
2021-09-18 23:37:18,821 DEBUG   HandlerThread:557459 [handler.py:handle_request():124] handle_request: defer
2021-09-18 23:37:18,821 INFO    HandlerThread:557459 [handler.py:handle_request_defer():141] handle defer: 5
2021-09-18 23:37:18,821 DEBUG   SenderThread:557459 [sender.py:send_request():193] send_request: defer
2021-09-18 23:37:18,821 INFO    SenderThread:557459 [sender.py:send_request_defer():304] handle sender defer: 5
2021-09-18 23:37:18,821 INFO    SenderThread:557459 [dir_watcher.py:finish():282] shutting down directory watcher
2021-09-18 23:37:18,841 INFO    SenderThread:557459 [dir_watcher.py:_on_file_modified():229] file/dir modified: /grid/koo/home/toneyan/profile/QuantPred/wandb/run-20210918_233645-8purbthl/files/config.yaml
2021-09-18 23:37:18,841 INFO    SenderThread:557459 [dir_watcher.py:_on_file_modified():229] file/dir modified: /grid/koo/home/toneyan/profile/QuantPred/wandb/run-20210918_233645-8purbthl/files/wandb-summary.json
2021-09-18 23:37:18,841 INFO    SenderThread:557459 [dir_watcher.py:finish():312] scan: /grid/koo/home/toneyan/profile/QuantPred/wandb/run-20210918_233645-8purbthl/files
2021-09-18 23:37:18,841 INFO    SenderThread:557459 [dir_watcher.py:finish():318] scan save: /grid/koo/home/toneyan/profile/QuantPred/wandb/run-20210918_233645-8purbthl/files/wandb-metadata.json wandb-metadata.json
2021-09-18 23:37:18,841 INFO    SenderThread:557459 [dir_watcher.py:finish():318] scan save: /grid/koo/home/toneyan/profile/QuantPred/wandb/run-20210918_233645-8purbthl/files/config.yaml config.yaml
2021-09-18 23:37:18,841 INFO    SenderThread:557459 [dir_watcher.py:finish():318] scan save: /grid/koo/home/toneyan/profile/QuantPred/wandb/run-20210918_233645-8purbthl/files/requirements.txt requirements.txt
2021-09-18 23:37:18,841 INFO    SenderThread:557459 [dir_watcher.py:finish():318] scan save: /grid/koo/home/toneyan/profile/QuantPred/wandb/run-20210918_233645-8purbthl/files/wandb-summary.json wandb-summary.json
2021-09-18 23:37:18,844 INFO    SenderThread:557459 [dir_watcher.py:finish():318] scan save: /grid/koo/home/toneyan/profile/QuantPred/wandb/run-20210918_233645-8purbthl/files/output.log output.log
2021-09-18 23:37:18,847 INFO    SenderThread:557459 [sender.py:transition_state():308] send defer: 6
2021-09-18 23:37:18,852 DEBUG   HandlerThread:557459 [handler.py:handle_request():124] handle_request: defer
2021-09-18 23:37:18,852 INFO    HandlerThread:557459 [handler.py:handle_request_defer():141] handle defer: 6
2021-09-18 23:37:18,852 DEBUG   SenderThread:557459 [sender.py:send_request():193] send_request: defer
2021-09-18 23:37:18,852 INFO    SenderThread:557459 [sender.py:send_request_defer():304] handle sender defer: 6
2021-09-18 23:37:18,852 INFO    SenderThread:557459 [file_pusher.py:finish():177] shutting down file pusher
2021-09-18 23:37:18,925 DEBUG   HandlerThread:557459 [handler.py:handle_request():124] handle_request: poll_exit
2021-09-18 23:37:18,925 DEBUG   SenderThread:557459 [sender.py:send_request():193] send_request: poll_exit
2021-09-18 23:37:19,027 DEBUG   HandlerThread:557459 [handler.py:handle_request():124] handle_request: poll_exit
2021-09-18 23:37:19,027 DEBUG   SenderThread:557459 [sender.py:send_request():193] send_request: poll_exit
2021-09-18 23:37:19,128 DEBUG   HandlerThread:557459 [handler.py:handle_request():124] handle_request: poll_exit
2021-09-18 23:37:19,128 DEBUG   SenderThread:557459 [sender.py:send_request():193] send_request: poll_exit
2021-09-18 23:37:19,171 INFO    Thread-14 :557459 [upload_job.py:push():137] Uploaded file /grid/koo/home/toneyan/profile/QuantPred/wandb/run-20210918_233645-8purbthl/files/wandb-summary.json
2021-09-18 23:37:19,178 INFO    Thread-13 :557459 [upload_job.py:push():137] Uploaded file /grid/koo/home/toneyan/profile/QuantPred/wandb/run-20210918_233645-8purbthl/files/requirements.txt
2021-09-18 23:37:19,204 INFO    Thread-12 :557459 [upload_job.py:push():137] Uploaded file /grid/koo/home/toneyan/profile/QuantPred/wandb/run-20210918_233645-8purbthl/files/config.yaml
2021-09-18 23:37:19,230 DEBUG   HandlerThread:557459 [handler.py:handle_request():124] handle_request: poll_exit
2021-09-18 23:37:19,230 DEBUG   SenderThread:557459 [sender.py:send_request():193] send_request: poll_exit
2021-09-18 23:37:19,331 DEBUG   HandlerThread:557459 [handler.py:handle_request():124] handle_request: poll_exit
2021-09-18 23:37:19,331 DEBUG   SenderThread:557459 [sender.py:send_request():193] send_request: poll_exit
2021-09-18 23:37:19,404 INFO    Thread-7  :557459 [sender.py:transition_state():308] send defer: 7
2021-09-18 23:37:19,405 DEBUG   HandlerThread:557459 [handler.py:handle_request():124] handle_request: defer
2021-09-18 23:37:19,405 INFO    HandlerThread:557459 [handler.py:handle_request_defer():141] handle defer: 7
2021-09-18 23:37:19,405 DEBUG   SenderThread:557459 [sender.py:send_request():193] send_request: defer
2021-09-18 23:37:19,405 INFO    SenderThread:557459 [sender.py:send_request_defer():304] handle sender defer: 7
2021-09-18 23:37:19,435 DEBUG   HandlerThread:557459 [handler.py:handle_request():124] handle_request: poll_exit
2021-09-18 23:37:19,507 INFO    SenderThread:557459 [sender.py:transition_state():308] send defer: 8
2021-09-18 23:37:19,507 DEBUG   SenderThread:557459 [sender.py:send_request():193] send_request: poll_exit
2021-09-18 23:37:19,508 DEBUG   HandlerThread:557459 [handler.py:handle_request():124] handle_request: defer
2021-09-18 23:37:19,508 INFO    HandlerThread:557459 [handler.py:handle_request_defer():141] handle defer: 8
2021-09-18 23:37:19,508 DEBUG   SenderThread:557459 [sender.py:send_request():193] send_request: defer
2021-09-18 23:37:19,508 INFO    SenderThread:557459 [sender.py:send_request_defer():304] handle sender defer: 8
2021-09-18 23:37:19,508 INFO    SenderThread:557459 [sender.py:transition_state():308] send defer: 9
2021-09-18 23:37:19,508 DEBUG   SenderThread:557459 [sender.py:send():179] send: final
2021-09-18 23:37:19,508 DEBUG   HandlerThread:557459 [handler.py:handle_request():124] handle_request: defer
2021-09-18 23:37:19,508 DEBUG   SenderThread:557459 [sender.py:send():179] send: footer
2021-09-18 23:37:19,508 INFO    HandlerThread:557459 [handler.py:handle_request_defer():141] handle defer: 9
2021-09-18 23:37:19,509 DEBUG   SenderThread:557459 [sender.py:send_request():193] send_request: defer
2021-09-18 23:37:19,509 INFO    SenderThread:557459 [sender.py:send_request_defer():304] handle sender defer: 9
2021-09-18 23:37:19,609 DEBUG   HandlerThread:557459 [handler.py:handle_request():124] handle_request: poll_exit
2021-09-18 23:37:19,609 DEBUG   SenderThread:557459 [sender.py:send_request():193] send_request: poll_exit
2021-09-18 23:37:19,609 INFO    SenderThread:557459 [file_pusher.py:join():182] waiting for file pusher
2021-09-18 23:37:19,612 DEBUG   HandlerThread:557459 [handler.py:handle_request():124] handle_request: get_summary
2021-09-18 23:37:19,613 DEBUG   HandlerThread:557459 [handler.py:handle_request():124] handle_request: sampled_history
2021-09-18 23:37:19,613 DEBUG   HandlerThread:557459 [handler.py:handle_request():124] handle_request: shutdown
2021-09-18 23:37:19,613 INFO    HandlerThread:557459 [handler.py:finish():638] shutting down handler
2021-09-18 23:37:20,509 INFO    WriterThread:557459 [datastore.py:close():288] close: /grid/koo/home/toneyan/profile/QuantPred/wandb/run-20210918_233645-8purbthl/run-8purbthl.wandb
2021-09-18 23:37:20,609 INFO    SenderThread:557459 [sender.py:finish():945] shutting down sender
2021-09-18 23:37:20,609 INFO    SenderThread:557459 [file_pusher.py:finish():177] shutting down file pusher
2021-09-18 23:37:20,609 INFO    SenderThread:557459 [file_pusher.py:join():182] waiting for file pusher
2021-09-18 23:37:20,611 INFO    MainThread:557459 [internal.py:handle_exit():78] Internal process exited
