2021-09-18 16:59:11,988 INFO    MainThread:1184781 [internal.py:wandb_internal():91] W&B internal server running at pid: 1184781, started at: 2021-09-18 16:59:11.986844
2021-09-18 16:59:11,989 DEBUG   HandlerThread:1184781 [handler.py:handle_request():124] handle_request: check_version
2021-09-18 16:59:11,990 INFO    WriterThread:1184781 [datastore.py:open_for_write():80] open: /grid/koo/home/toneyan/profile/QuantPred/wandb/run-20210918_165911-k14m7yaj/run-k14m7yaj.wandb
2021-09-18 16:59:11,991 DEBUG   SenderThread:1184781 [sender.py:send():179] send: header
2021-09-18 16:59:11,991 DEBUG   SenderThread:1184781 [sender.py:send_request():193] send_request: check_version
2021-09-18 16:59:12,021 DEBUG   SenderThread:1184781 [sender.py:send():179] send: run
2021-09-18 16:59:12,079 ERROR   SenderThread:1184781 [internal_api.py:execute():130] 429 response executing GraphQL.
2021-09-18 16:59:12,079 ERROR   SenderThread:1184781 [internal_api.py:execute():131] {"error":"rate limit exceeded"}

2021-09-18 16:59:13,271 ERROR   SenderThread:1184781 [internal_api.py:execute():130] 429 response executing GraphQL.
2021-09-18 16:59:13,271 ERROR   SenderThread:1184781 [internal_api.py:execute():131] {"error":"rate limit exceeded"}

2021-09-18 16:59:15,639 INFO    SenderThread:1184781 [dir_watcher.py:__init__():168] watching files in: /grid/koo/home/toneyan/profile/QuantPred/wandb/run-20210918_165911-k14m7yaj/files
2021-09-18 16:59:15,639 INFO    SenderThread:1184781 [sender.py:_start_run_threads():719] run started: k14m7yaj with start time 1631998751
2021-09-18 16:59:15,639 DEBUG   SenderThread:1184781 [sender.py:send():179] send: summary
2021-09-18 16:59:15,639 INFO    SenderThread:1184781 [sender.py:_save_file():841] saving file wandb-summary.json with policy end
2021-09-18 16:59:15,640 DEBUG   HandlerThread:1184781 [handler.py:handle_request():124] handle_request: run_start
2021-09-18 16:59:16,645 INFO    Thread-8  :1184781 [dir_watcher.py:_on_file_created():216] file/dir created: /grid/koo/home/toneyan/profile/QuantPred/wandb/run-20210918_165911-k14m7yaj/files/wandb-summary.json
2021-09-18 16:59:16,860 DEBUG   HandlerThread:1184781 [meta.py:__init__():39] meta init
2021-09-18 16:59:16,860 DEBUG   HandlerThread:1184781 [meta.py:__init__():53] meta init done
2021-09-18 16:59:16,860 DEBUG   HandlerThread:1184781 [meta.py:probe():210] probe
2021-09-18 16:59:16,866 DEBUG   HandlerThread:1184781 [meta.py:_save_pip():57] save pip
2021-09-18 16:59:16,867 DEBUG   HandlerThread:1184781 [meta.py:_save_pip():71] save pip done
2021-09-18 16:59:16,867 DEBUG   HandlerThread:1184781 [meta.py:probe():252] probe done
2021-09-18 16:59:16,870 DEBUG   SenderThread:1184781 [sender.py:send():179] send: files
2021-09-18 16:59:16,870 INFO    SenderThread:1184781 [sender.py:_save_file():841] saving file wandb-metadata.json with policy now
2021-09-18 16:59:16,879 DEBUG   HandlerThread:1184781 [handler.py:handle_request():124] handle_request: stop_status
2021-09-18 16:59:16,879 DEBUG   SenderThread:1184781 [sender.py:send_request():193] send_request: stop_status
2021-09-18 16:59:17,178 INFO    Thread-11 :1184781 [upload_job.py:push():137] Uploaded file /tmp/3288848.1.gpu_ded.q/tmpyn4ezg0owandb/hbymp74h-wandb-metadata.json
2021-09-18 16:59:17,644 INFO    Thread-8  :1184781 [dir_watcher.py:_on_file_created():216] file/dir created: /grid/koo/home/toneyan/profile/QuantPred/wandb/run-20210918_165911-k14m7yaj/files/output.log
2021-09-18 16:59:17,644 INFO    Thread-8  :1184781 [dir_watcher.py:_on_file_created():216] file/dir created: /grid/koo/home/toneyan/profile/QuantPred/wandb/run-20210918_165911-k14m7yaj/files/wandb-metadata.json
2021-09-18 16:59:17,644 INFO    Thread-8  :1184781 [dir_watcher.py:_on_file_created():216] file/dir created: /grid/koo/home/toneyan/profile/QuantPred/wandb/run-20210918_165911-k14m7yaj/files/requirements.txt
2021-09-18 16:59:31,946 DEBUG   HandlerThread:1184781 [handler.py:handle_request():124] handle_request: stop_status
2021-09-18 16:59:31,947 DEBUG   SenderThread:1184781 [sender.py:send_request():193] send_request: stop_status
2021-09-18 16:59:45,264 DEBUG   SenderThread:1184781 [sender.py:send():179] send: stats
2021-09-18 16:59:47,007 DEBUG   HandlerThread:1184781 [handler.py:handle_request():124] handle_request: stop_status
2021-09-18 16:59:47,008 DEBUG   SenderThread:1184781 [sender.py:send_request():193] send_request: stop_status
2021-09-18 16:59:49,854 DEBUG   HandlerThread:1184781 [handler.py:handle_request():124] handle_request: poll_exit
2021-09-18 16:59:49,854 DEBUG   SenderThread:1184781 [sender.py:send():179] send: telemetry
2021-09-18 16:59:49,854 DEBUG   SenderThread:1184781 [sender.py:send():179] send: exit
2021-09-18 16:59:49,854 INFO    SenderThread:1184781 [sender.py:send_exit():287] handling exit code: 1
2021-09-18 16:59:49,854 INFO    SenderThread:1184781 [sender.py:send_exit():295] send defer
2021-09-18 16:59:49,854 DEBUG   SenderThread:1184781 [sender.py:send_request():193] send_request: poll_exit
2021-09-18 16:59:49,855 DEBUG   HandlerThread:1184781 [handler.py:handle_request():124] handle_request: defer
2021-09-18 16:59:49,855 INFO    HandlerThread:1184781 [handler.py:handle_request_defer():141] handle defer: 0
2021-09-18 16:59:49,855 DEBUG   SenderThread:1184781 [sender.py:send_request():193] send_request: defer
2021-09-18 16:59:49,855 INFO    SenderThread:1184781 [sender.py:send_request_defer():304] handle sender defer: 0
2021-09-18 16:59:49,855 INFO    SenderThread:1184781 [sender.py:transition_state():308] send defer: 1
2021-09-18 16:59:49,856 DEBUG   HandlerThread:1184781 [handler.py:handle_request():124] handle_request: defer
2021-09-18 16:59:49,856 INFO    HandlerThread:1184781 [handler.py:handle_request_defer():141] handle defer: 1
2021-09-18 16:59:49,931 DEBUG   SenderThread:1184781 [sender.py:send_request():193] send_request: defer
2021-09-18 16:59:49,931 INFO    SenderThread:1184781 [sender.py:send_request_defer():304] handle sender defer: 1
2021-09-18 16:59:49,932 INFO    SenderThread:1184781 [sender.py:transition_state():308] send defer: 2
2021-09-18 16:59:49,932 DEBUG   SenderThread:1184781 [sender.py:send():179] send: stats
2021-09-18 16:59:49,932 DEBUG   HandlerThread:1184781 [handler.py:handle_request():124] handle_request: defer
2021-09-18 16:59:49,934 INFO    HandlerThread:1184781 [handler.py:handle_request_defer():141] handle defer: 2
2021-09-18 16:59:49,935 DEBUG   SenderThread:1184781 [sender.py:send_request():193] send_request: defer
2021-09-18 16:59:49,935 INFO    SenderThread:1184781 [sender.py:send_request_defer():304] handle sender defer: 2
2021-09-18 16:59:49,935 INFO    SenderThread:1184781 [sender.py:transition_state():308] send defer: 3
2021-09-18 16:59:49,935 DEBUG   HandlerThread:1184781 [handler.py:handle_request():124] handle_request: defer
2021-09-18 16:59:49,935 INFO    HandlerThread:1184781 [handler.py:handle_request_defer():141] handle defer: 3
2021-09-18 16:59:49,935 DEBUG   SenderThread:1184781 [sender.py:send():179] send: summary
2021-09-18 16:59:49,936 INFO    SenderThread:1184781 [sender.py:_save_file():841] saving file wandb-summary.json with policy end
2021-09-18 16:59:49,936 DEBUG   SenderThread:1184781 [sender.py:send_request():193] send_request: defer
2021-09-18 16:59:49,936 INFO    SenderThread:1184781 [sender.py:send_request_defer():304] handle sender defer: 3
2021-09-18 16:59:49,936 INFO    SenderThread:1184781 [sender.py:transition_state():308] send defer: 4
2021-09-18 16:59:49,936 DEBUG   HandlerThread:1184781 [handler.py:handle_request():124] handle_request: defer
2021-09-18 16:59:49,936 INFO    HandlerThread:1184781 [handler.py:handle_request_defer():141] handle defer: 4
2021-09-18 16:59:49,936 DEBUG   SenderThread:1184781 [sender.py:send_request():193] send_request: defer
2021-09-18 16:59:49,937 INFO    SenderThread:1184781 [sender.py:send_request_defer():304] handle sender defer: 4
2021-09-18 16:59:49,956 DEBUG   HandlerThread:1184781 [handler.py:handle_request():124] handle_request: poll_exit
2021-09-18 16:59:50,018 INFO    SenderThread:1184781 [sender.py:transition_state():308] send defer: 5
2021-09-18 16:59:50,018 DEBUG   SenderThread:1184781 [sender.py:send_request():193] send_request: poll_exit
2021-09-18 16:59:50,019 DEBUG   HandlerThread:1184781 [handler.py:handle_request():124] handle_request: defer
2021-09-18 16:59:50,019 INFO    HandlerThread:1184781 [handler.py:handle_request_defer():141] handle defer: 5
2021-09-18 16:59:50,019 DEBUG   SenderThread:1184781 [sender.py:send_request():193] send_request: defer
2021-09-18 16:59:50,019 INFO    SenderThread:1184781 [sender.py:send_request_defer():304] handle sender defer: 5
2021-09-18 16:59:50,019 INFO    SenderThread:1184781 [dir_watcher.py:finish():282] shutting down directory watcher
2021-09-18 16:59:50,120 DEBUG   HandlerThread:1184781 [handler.py:handle_request():124] handle_request: poll_exit
2021-09-18 16:59:50,649 INFO    SenderThread:1184781 [dir_watcher.py:_on_file_modified():229] file/dir modified: /grid/koo/home/toneyan/profile/QuantPred/wandb/run-20210918_165911-k14m7yaj/files/config.yaml
2021-09-18 16:59:50,649 INFO    SenderThread:1184781 [dir_watcher.py:_on_file_modified():229] file/dir modified: /grid/koo/home/toneyan/profile/QuantPred/wandb/run-20210918_165911-k14m7yaj/files/wandb-summary.json
2021-09-18 16:59:50,650 INFO    SenderThread:1184781 [dir_watcher.py:finish():312] scan: /grid/koo/home/toneyan/profile/QuantPred/wandb/run-20210918_165911-k14m7yaj/files
2021-09-18 16:59:50,650 INFO    SenderThread:1184781 [dir_watcher.py:finish():318] scan save: /grid/koo/home/toneyan/profile/QuantPred/wandb/run-20210918_165911-k14m7yaj/files/wandb-metadata.json wandb-metadata.json
2021-09-18 16:59:50,650 INFO    SenderThread:1184781 [dir_watcher.py:finish():318] scan save: /grid/koo/home/toneyan/profile/QuantPred/wandb/run-20210918_165911-k14m7yaj/files/config.yaml config.yaml
2021-09-18 16:59:50,650 INFO    SenderThread:1184781 [dir_watcher.py:finish():318] scan save: /grid/koo/home/toneyan/profile/QuantPred/wandb/run-20210918_165911-k14m7yaj/files/requirements.txt requirements.txt
2021-09-18 16:59:50,650 INFO    SenderThread:1184781 [dir_watcher.py:finish():318] scan save: /grid/koo/home/toneyan/profile/QuantPred/wandb/run-20210918_165911-k14m7yaj/files/wandb-summary.json wandb-summary.json
2021-09-18 16:59:50,656 INFO    SenderThread:1184781 [dir_watcher.py:finish():318] scan save: /grid/koo/home/toneyan/profile/QuantPred/wandb/run-20210918_165911-k14m7yaj/files/output.log output.log
2021-09-18 16:59:50,657 INFO    SenderThread:1184781 [sender.py:transition_state():308] send defer: 6
2021-09-18 16:59:50,657 DEBUG   SenderThread:1184781 [sender.py:send_request():193] send_request: poll_exit
2021-09-18 16:59:50,662 DEBUG   HandlerThread:1184781 [handler.py:handle_request():124] handle_request: defer
2021-09-18 16:59:50,662 INFO    HandlerThread:1184781 [handler.py:handle_request_defer():141] handle defer: 6
2021-09-18 16:59:50,662 DEBUG   SenderThread:1184781 [sender.py:send_request():193] send_request: defer
2021-09-18 16:59:50,663 INFO    SenderThread:1184781 [sender.py:send_request_defer():304] handle sender defer: 6
2021-09-18 16:59:50,663 INFO    SenderThread:1184781 [file_pusher.py:finish():177] shutting down file pusher
2021-09-18 16:59:50,763 DEBUG   HandlerThread:1184781 [handler.py:handle_request():124] handle_request: poll_exit
2021-09-18 16:59:50,763 DEBUG   SenderThread:1184781 [sender.py:send_request():193] send_request: poll_exit
2021-09-18 16:59:50,865 DEBUG   HandlerThread:1184781 [handler.py:handle_request():124] handle_request: poll_exit
2021-09-18 16:59:50,865 DEBUG   SenderThread:1184781 [sender.py:send_request():193] send_request: poll_exit
2021-09-18 16:59:50,959 INFO    Thread-14 :1184781 [upload_job.py:push():137] Uploaded file /grid/koo/home/toneyan/profile/QuantPred/wandb/run-20210918_165911-k14m7yaj/files/wandb-summary.json
2021-09-18 16:59:50,967 DEBUG   HandlerThread:1184781 [handler.py:handle_request():124] handle_request: poll_exit
2021-09-18 16:59:50,967 DEBUG   SenderThread:1184781 [sender.py:send_request():193] send_request: poll_exit
2021-09-18 16:59:51,013 INFO    Thread-12 :1184781 [upload_job.py:push():137] Uploaded file /grid/koo/home/toneyan/profile/QuantPred/wandb/run-20210918_165911-k14m7yaj/files/config.yaml
2021-09-18 16:59:51,068 DEBUG   HandlerThread:1184781 [handler.py:handle_request():124] handle_request: poll_exit
2021-09-18 16:59:51,069 DEBUG   SenderThread:1184781 [sender.py:send_request():193] send_request: poll_exit
2021-09-18 16:59:51,090 INFO    Thread-13 :1184781 [upload_job.py:push():137] Uploaded file /grid/koo/home/toneyan/profile/QuantPred/wandb/run-20210918_165911-k14m7yaj/files/requirements.txt
2021-09-18 16:59:51,170 DEBUG   HandlerThread:1184781 [handler.py:handle_request():124] handle_request: poll_exit
2021-09-18 16:59:51,170 DEBUG   SenderThread:1184781 [sender.py:send_request():193] send_request: poll_exit
2021-09-18 16:59:51,272 DEBUG   HandlerThread:1184781 [handler.py:handle_request():124] handle_request: poll_exit
2021-09-18 16:59:51,272 DEBUG   SenderThread:1184781 [sender.py:send_request():193] send_request: poll_exit
2021-09-18 16:59:51,291 INFO    Thread-7  :1184781 [sender.py:transition_state():308] send defer: 7
2021-09-18 16:59:51,291 DEBUG   HandlerThread:1184781 [handler.py:handle_request():124] handle_request: defer
2021-09-18 16:59:51,291 INFO    HandlerThread:1184781 [handler.py:handle_request_defer():141] handle defer: 7
2021-09-18 16:59:51,291 DEBUG   SenderThread:1184781 [sender.py:send_request():193] send_request: defer
2021-09-18 16:59:51,291 INFO    SenderThread:1184781 [sender.py:send_request_defer():304] handle sender defer: 7
2021-09-18 16:59:51,374 DEBUG   HandlerThread:1184781 [handler.py:handle_request():124] handle_request: poll_exit
2021-09-18 16:59:51,396 INFO    SenderThread:1184781 [sender.py:transition_state():308] send defer: 8
2021-09-18 16:59:51,396 DEBUG   SenderThread:1184781 [sender.py:send_request():193] send_request: poll_exit
2021-09-18 16:59:51,396 DEBUG   HandlerThread:1184781 [handler.py:handle_request():124] handle_request: defer
2021-09-18 16:59:51,396 INFO    HandlerThread:1184781 [handler.py:handle_request_defer():141] handle defer: 8
2021-09-18 16:59:51,397 DEBUG   SenderThread:1184781 [sender.py:send_request():193] send_request: defer
2021-09-18 16:59:51,397 INFO    SenderThread:1184781 [sender.py:send_request_defer():304] handle sender defer: 8
2021-09-18 16:59:51,397 INFO    SenderThread:1184781 [sender.py:transition_state():308] send defer: 9
2021-09-18 16:59:51,397 DEBUG   SenderThread:1184781 [sender.py:send():179] send: final
2021-09-18 16:59:51,397 DEBUG   HandlerThread:1184781 [handler.py:handle_request():124] handle_request: defer
2021-09-18 16:59:51,397 DEBUG   SenderThread:1184781 [sender.py:send():179] send: footer
2021-09-18 16:59:51,397 INFO    HandlerThread:1184781 [handler.py:handle_request_defer():141] handle defer: 9
2021-09-18 16:59:51,397 DEBUG   SenderThread:1184781 [sender.py:send_request():193] send_request: defer
2021-09-18 16:59:51,397 INFO    SenderThread:1184781 [sender.py:send_request_defer():304] handle sender defer: 9
2021-09-18 16:59:51,498 DEBUG   HandlerThread:1184781 [handler.py:handle_request():124] handle_request: poll_exit
2021-09-18 16:59:51,498 DEBUG   SenderThread:1184781 [sender.py:send_request():193] send_request: poll_exit
2021-09-18 16:59:51,498 INFO    SenderThread:1184781 [file_pusher.py:join():182] waiting for file pusher
2021-09-18 16:59:51,499 DEBUG   HandlerThread:1184781 [handler.py:handle_request():124] handle_request: get_summary
2021-09-18 16:59:51,500 DEBUG   HandlerThread:1184781 [handler.py:handle_request():124] handle_request: sampled_history
2021-09-18 16:59:51,500 DEBUG   HandlerThread:1184781 [handler.py:handle_request():124] handle_request: shutdown
2021-09-18 16:59:51,500 INFO    HandlerThread:1184781 [handler.py:finish():638] shutting down handler
2021-09-18 16:59:52,397 INFO    WriterThread:1184781 [datastore.py:close():288] close: /grid/koo/home/toneyan/profile/QuantPred/wandb/run-20210918_165911-k14m7yaj/run-k14m7yaj.wandb
2021-09-18 16:59:52,498 INFO    SenderThread:1184781 [sender.py:finish():945] shutting down sender
2021-09-18 16:59:52,499 INFO    SenderThread:1184781 [file_pusher.py:finish():177] shutting down file pusher
2021-09-18 16:59:52,499 INFO    SenderThread:1184781 [file_pusher.py:join():182] waiting for file pusher
2021-09-18 16:59:52,502 INFO    MainThread:1184781 [internal.py:handle_exit():78] Internal process exited
