2021-09-19 08:00:00,611 INFO    MainThread:945110 [internal.py:wandb_internal():91] W&B internal server running at pid: 945110, started at: 2021-09-19 08:00:00.610330
2021-09-19 08:00:00,612 DEBUG   HandlerThread:945110 [handler.py:handle_request():124] handle_request: check_version
2021-09-19 08:00:00,613 INFO    WriterThread:945110 [datastore.py:open_for_write():80] open: /grid/koo/home/toneyan/profile/QuantPred/wandb/run-20210919_080000-iitg0ced/run-iitg0ced.wandb
2021-09-19 08:00:00,614 DEBUG   SenderThread:945110 [sender.py:send():179] send: header
2021-09-19 08:00:00,614 DEBUG   SenderThread:945110 [sender.py:send_request():193] send_request: check_version
2021-09-19 08:00:00,644 DEBUG   SenderThread:945110 [sender.py:send():179] send: run
2021-09-19 08:00:00,745 INFO    SenderThread:945110 [dir_watcher.py:__init__():168] watching files in: /grid/koo/home/toneyan/profile/QuantPred/wandb/run-20210919_080000-iitg0ced/files
2021-09-19 08:00:00,745 INFO    SenderThread:945110 [sender.py:_start_run_threads():719] run started: iitg0ced with start time 1632052800
2021-09-19 08:00:00,747 DEBUG   SenderThread:945110 [sender.py:send():179] send: summary
2021-09-19 08:00:00,747 INFO    SenderThread:945110 [sender.py:_save_file():841] saving file wandb-summary.json with policy end
2021-09-19 08:00:00,748 DEBUG   HandlerThread:945110 [handler.py:handle_request():124] handle_request: run_start
2021-09-19 08:00:01,748 INFO    Thread-8  :945110 [dir_watcher.py:_on_file_created():216] file/dir created: /grid/koo/home/toneyan/profile/QuantPred/wandb/run-20210919_080000-iitg0ced/files/wandb-summary.json
2021-09-19 08:00:01,820 DEBUG   HandlerThread:945110 [meta.py:__init__():39] meta init
2021-09-19 08:00:01,821 DEBUG   HandlerThread:945110 [meta.py:__init__():53] meta init done
2021-09-19 08:00:01,821 DEBUG   HandlerThread:945110 [meta.py:probe():210] probe
2021-09-19 08:00:01,828 DEBUG   HandlerThread:945110 [meta.py:_save_pip():57] save pip
2021-09-19 08:00:01,829 DEBUG   HandlerThread:945110 [meta.py:_save_pip():71] save pip done
2021-09-19 08:00:01,829 DEBUG   HandlerThread:945110 [meta.py:probe():252] probe done
2021-09-19 08:00:01,832 DEBUG   SenderThread:945110 [sender.py:send():179] send: files
2021-09-19 08:00:01,832 INFO    SenderThread:945110 [sender.py:_save_file():841] saving file wandb-metadata.json with policy now
2021-09-19 08:00:01,838 DEBUG   HandlerThread:945110 [handler.py:handle_request():124] handle_request: stop_status
2021-09-19 08:00:01,839 DEBUG   SenderThread:945110 [sender.py:send_request():193] send_request: stop_status
2021-09-19 08:00:02,277 INFO    Thread-11 :945110 [upload_job.py:push():137] Uploaded file /tmp/3288852.1.gpu_ded.q/tmpwd88uct3wandb/3qzck6qk-wandb-metadata.json
2021-09-19 08:00:02,746 INFO    Thread-8  :945110 [dir_watcher.py:_on_file_created():216] file/dir created: /grid/koo/home/toneyan/profile/QuantPred/wandb/run-20210919_080000-iitg0ced/files/requirements.txt
2021-09-19 08:00:02,747 INFO    Thread-8  :945110 [dir_watcher.py:_on_file_created():216] file/dir created: /grid/koo/home/toneyan/profile/QuantPred/wandb/run-20210919_080000-iitg0ced/files/wandb-metadata.json
2021-09-19 08:00:02,747 INFO    Thread-8  :945110 [dir_watcher.py:_on_file_created():216] file/dir created: /grid/koo/home/toneyan/profile/QuantPred/wandb/run-20210919_080000-iitg0ced/files/output.log
2021-09-19 08:00:16,908 DEBUG   HandlerThread:945110 [handler.py:handle_request():124] handle_request: stop_status
2021-09-19 08:00:16,908 DEBUG   SenderThread:945110 [sender.py:send_request():193] send_request: stop_status
2021-09-19 08:00:30,207 DEBUG   SenderThread:945110 [sender.py:send():179] send: stats
2021-09-19 08:00:31,967 DEBUG   HandlerThread:945110 [handler.py:handle_request():124] handle_request: stop_status
2021-09-19 08:00:31,968 DEBUG   SenderThread:945110 [sender.py:send_request():193] send_request: stop_status
2021-09-19 08:00:33,756 DEBUG   HandlerThread:945110 [handler.py:handle_request():124] handle_request: poll_exit
2021-09-19 08:00:33,757 DEBUG   SenderThread:945110 [sender.py:send():179] send: telemetry
2021-09-19 08:00:33,757 DEBUG   SenderThread:945110 [sender.py:send():179] send: exit
2021-09-19 08:00:33,757 INFO    SenderThread:945110 [sender.py:send_exit():287] handling exit code: 1
2021-09-19 08:00:33,757 INFO    SenderThread:945110 [sender.py:send_exit():295] send defer
2021-09-19 08:00:33,757 DEBUG   SenderThread:945110 [sender.py:send_request():193] send_request: poll_exit
2021-09-19 08:00:33,758 DEBUG   HandlerThread:945110 [handler.py:handle_request():124] handle_request: defer
2021-09-19 08:00:33,758 INFO    HandlerThread:945110 [handler.py:handle_request_defer():141] handle defer: 0
2021-09-19 08:00:33,758 DEBUG   SenderThread:945110 [sender.py:send_request():193] send_request: defer
2021-09-19 08:00:33,758 INFO    SenderThread:945110 [sender.py:send_request_defer():304] handle sender defer: 0
2021-09-19 08:00:33,758 INFO    SenderThread:945110 [sender.py:transition_state():308] send defer: 1
2021-09-19 08:00:33,758 DEBUG   HandlerThread:945110 [handler.py:handle_request():124] handle_request: defer
2021-09-19 08:00:33,758 INFO    HandlerThread:945110 [handler.py:handle_request_defer():141] handle defer: 1
2021-09-19 08:00:33,852 DEBUG   SenderThread:945110 [sender.py:send_request():193] send_request: defer
2021-09-19 08:00:33,852 INFO    SenderThread:945110 [sender.py:send_request_defer():304] handle sender defer: 1
2021-09-19 08:00:33,852 INFO    SenderThread:945110 [sender.py:transition_state():308] send defer: 2
2021-09-19 08:00:33,852 DEBUG   SenderThread:945110 [sender.py:send():179] send: stats
2021-09-19 08:00:33,853 DEBUG   HandlerThread:945110 [handler.py:handle_request():124] handle_request: defer
2021-09-19 08:00:33,854 INFO    HandlerThread:945110 [handler.py:handle_request_defer():141] handle defer: 2
2021-09-19 08:00:33,854 DEBUG   SenderThread:945110 [sender.py:send_request():193] send_request: defer
2021-09-19 08:00:33,855 INFO    SenderThread:945110 [sender.py:send_request_defer():304] handle sender defer: 2
2021-09-19 08:00:33,855 INFO    SenderThread:945110 [sender.py:transition_state():308] send defer: 3
2021-09-19 08:00:33,855 DEBUG   HandlerThread:945110 [handler.py:handle_request():124] handle_request: defer
2021-09-19 08:00:33,855 INFO    HandlerThread:945110 [handler.py:handle_request_defer():141] handle defer: 3
2021-09-19 08:00:33,855 DEBUG   SenderThread:945110 [sender.py:send():179] send: summary
2021-09-19 08:00:33,856 INFO    SenderThread:945110 [sender.py:_save_file():841] saving file wandb-summary.json with policy end
2021-09-19 08:00:33,856 DEBUG   SenderThread:945110 [sender.py:send_request():193] send_request: defer
2021-09-19 08:00:33,856 INFO    SenderThread:945110 [sender.py:send_request_defer():304] handle sender defer: 3
2021-09-19 08:00:33,856 INFO    SenderThread:945110 [sender.py:transition_state():308] send defer: 4
2021-09-19 08:00:33,856 DEBUG   HandlerThread:945110 [handler.py:handle_request():124] handle_request: defer
2021-09-19 08:00:33,856 INFO    HandlerThread:945110 [handler.py:handle_request_defer():141] handle defer: 4
2021-09-19 08:00:33,856 DEBUG   SenderThread:945110 [sender.py:send_request():193] send_request: defer
2021-09-19 08:00:33,856 INFO    SenderThread:945110 [sender.py:send_request_defer():304] handle sender defer: 4
2021-09-19 08:00:33,860 DEBUG   HandlerThread:945110 [handler.py:handle_request():124] handle_request: poll_exit
2021-09-19 08:00:33,939 INFO    SenderThread:945110 [sender.py:transition_state():308] send defer: 5
2021-09-19 08:00:33,939 DEBUG   SenderThread:945110 [sender.py:send_request():193] send_request: poll_exit
2021-09-19 08:00:33,940 DEBUG   HandlerThread:945110 [handler.py:handle_request():124] handle_request: defer
2021-09-19 08:00:33,940 INFO    HandlerThread:945110 [handler.py:handle_request_defer():141] handle defer: 5
2021-09-19 08:00:33,940 DEBUG   SenderThread:945110 [sender.py:send_request():193] send_request: defer
2021-09-19 08:00:33,940 INFO    SenderThread:945110 [sender.py:send_request_defer():304] handle sender defer: 5
2021-09-19 08:00:33,941 INFO    SenderThread:945110 [dir_watcher.py:finish():282] shutting down directory watcher
2021-09-19 08:00:34,043 DEBUG   HandlerThread:945110 [handler.py:handle_request():124] handle_request: poll_exit
2021-09-19 08:00:34,753 INFO    SenderThread:945110 [dir_watcher.py:_on_file_modified():229] file/dir modified: /grid/koo/home/toneyan/profile/QuantPred/wandb/run-20210919_080000-iitg0ced/files/wandb-summary.json
2021-09-19 08:00:34,753 INFO    SenderThread:945110 [dir_watcher.py:_on_file_modified():229] file/dir modified: /grid/koo/home/toneyan/profile/QuantPred/wandb/run-20210919_080000-iitg0ced/files/config.yaml
2021-09-19 08:00:34,753 INFO    SenderThread:945110 [dir_watcher.py:finish():312] scan: /grid/koo/home/toneyan/profile/QuantPred/wandb/run-20210919_080000-iitg0ced/files
2021-09-19 08:00:34,753 INFO    SenderThread:945110 [dir_watcher.py:finish():318] scan save: /grid/koo/home/toneyan/profile/QuantPred/wandb/run-20210919_080000-iitg0ced/files/wandb-metadata.json wandb-metadata.json
2021-09-19 08:00:34,754 INFO    SenderThread:945110 [dir_watcher.py:finish():318] scan save: /grid/koo/home/toneyan/profile/QuantPred/wandb/run-20210919_080000-iitg0ced/files/config.yaml config.yaml
2021-09-19 08:00:34,754 INFO    SenderThread:945110 [dir_watcher.py:finish():318] scan save: /grid/koo/home/toneyan/profile/QuantPred/wandb/run-20210919_080000-iitg0ced/files/requirements.txt requirements.txt
2021-09-19 08:00:34,754 INFO    SenderThread:945110 [dir_watcher.py:finish():318] scan save: /grid/koo/home/toneyan/profile/QuantPred/wandb/run-20210919_080000-iitg0ced/files/wandb-summary.json wandb-summary.json
2021-09-19 08:00:34,760 INFO    SenderThread:945110 [dir_watcher.py:finish():318] scan save: /grid/koo/home/toneyan/profile/QuantPred/wandb/run-20210919_080000-iitg0ced/files/output.log output.log
2021-09-19 08:00:34,765 INFO    SenderThread:945110 [sender.py:transition_state():308] send defer: 6
2021-09-19 08:00:34,765 DEBUG   SenderThread:945110 [sender.py:send_request():193] send_request: poll_exit
2021-09-19 08:00:34,766 DEBUG   HandlerThread:945110 [handler.py:handle_request():124] handle_request: defer
2021-09-19 08:00:34,767 INFO    HandlerThread:945110 [handler.py:handle_request_defer():141] handle defer: 6
2021-09-19 08:00:34,767 DEBUG   SenderThread:945110 [sender.py:send_request():193] send_request: defer
2021-09-19 08:00:34,767 INFO    SenderThread:945110 [sender.py:send_request_defer():304] handle sender defer: 6
2021-09-19 08:00:34,767 INFO    SenderThread:945110 [file_pusher.py:finish():177] shutting down file pusher
2021-09-19 08:00:34,868 DEBUG   HandlerThread:945110 [handler.py:handle_request():124] handle_request: poll_exit
2021-09-19 08:00:34,868 DEBUG   SenderThread:945110 [sender.py:send_request():193] send_request: poll_exit
2021-09-19 08:00:34,970 DEBUG   HandlerThread:945110 [handler.py:handle_request():124] handle_request: poll_exit
2021-09-19 08:00:34,970 DEBUG   SenderThread:945110 [sender.py:send_request():193] send_request: poll_exit
2021-09-19 08:00:35,072 DEBUG   HandlerThread:945110 [handler.py:handle_request():124] handle_request: poll_exit
2021-09-19 08:00:35,072 DEBUG   SenderThread:945110 [sender.py:send_request():193] send_request: poll_exit
2021-09-19 08:00:35,149 INFO    Thread-13 :945110 [upload_job.py:push():137] Uploaded file /grid/koo/home/toneyan/profile/QuantPred/wandb/run-20210919_080000-iitg0ced/files/requirements.txt
2021-09-19 08:00:35,151 INFO    Thread-14 :945110 [upload_job.py:push():137] Uploaded file /grid/koo/home/toneyan/profile/QuantPred/wandb/run-20210919_080000-iitg0ced/files/wandb-summary.json
2021-09-19 08:00:35,174 DEBUG   HandlerThread:945110 [handler.py:handle_request():124] handle_request: poll_exit
2021-09-19 08:00:35,174 DEBUG   SenderThread:945110 [sender.py:send_request():193] send_request: poll_exit
2021-09-19 08:00:35,201 INFO    Thread-12 :945110 [upload_job.py:push():137] Uploaded file /grid/koo/home/toneyan/profile/QuantPred/wandb/run-20210919_080000-iitg0ced/files/config.yaml
2021-09-19 08:00:35,276 DEBUG   HandlerThread:945110 [handler.py:handle_request():124] handle_request: poll_exit
2021-09-19 08:00:35,276 DEBUG   SenderThread:945110 [sender.py:send_request():193] send_request: poll_exit
2021-09-19 08:00:35,378 DEBUG   HandlerThread:945110 [handler.py:handle_request():124] handle_request: poll_exit
2021-09-19 08:00:35,378 DEBUG   SenderThread:945110 [sender.py:send_request():193] send_request: poll_exit
2021-09-19 08:00:35,402 INFO    Thread-7  :945110 [sender.py:transition_state():308] send defer: 7
2021-09-19 08:00:35,402 DEBUG   HandlerThread:945110 [handler.py:handle_request():124] handle_request: defer
2021-09-19 08:00:35,403 INFO    HandlerThread:945110 [handler.py:handle_request_defer():141] handle defer: 7
2021-09-19 08:00:35,403 DEBUG   SenderThread:945110 [sender.py:send_request():193] send_request: defer
2021-09-19 08:00:35,403 INFO    SenderThread:945110 [sender.py:send_request_defer():304] handle sender defer: 7
2021-09-19 08:00:35,480 DEBUG   HandlerThread:945110 [handler.py:handle_request():124] handle_request: poll_exit
2021-09-19 08:00:35,505 INFO    SenderThread:945110 [sender.py:transition_state():308] send defer: 8
2021-09-19 08:00:35,505 DEBUG   SenderThread:945110 [sender.py:send_request():193] send_request: poll_exit
2021-09-19 08:00:35,505 DEBUG   HandlerThread:945110 [handler.py:handle_request():124] handle_request: defer
2021-09-19 08:00:35,505 INFO    HandlerThread:945110 [handler.py:handle_request_defer():141] handle defer: 8
2021-09-19 08:00:35,505 DEBUG   SenderThread:945110 [sender.py:send_request():193] send_request: defer
2021-09-19 08:00:35,506 INFO    SenderThread:945110 [sender.py:send_request_defer():304] handle sender defer: 8
2021-09-19 08:00:35,506 INFO    SenderThread:945110 [sender.py:transition_state():308] send defer: 9
2021-09-19 08:00:35,506 DEBUG   SenderThread:945110 [sender.py:send():179] send: final
2021-09-19 08:00:35,506 DEBUG   HandlerThread:945110 [handler.py:handle_request():124] handle_request: defer
2021-09-19 08:00:35,506 DEBUG   SenderThread:945110 [sender.py:send():179] send: footer
2021-09-19 08:00:35,506 INFO    HandlerThread:945110 [handler.py:handle_request_defer():141] handle defer: 9
2021-09-19 08:00:35,506 DEBUG   SenderThread:945110 [sender.py:send_request():193] send_request: defer
2021-09-19 08:00:35,506 INFO    SenderThread:945110 [sender.py:send_request_defer():304] handle sender defer: 9
2021-09-19 08:00:35,607 DEBUG   HandlerThread:945110 [handler.py:handle_request():124] handle_request: poll_exit
2021-09-19 08:00:35,607 DEBUG   SenderThread:945110 [sender.py:send_request():193] send_request: poll_exit
2021-09-19 08:00:35,607 INFO    SenderThread:945110 [file_pusher.py:join():182] waiting for file pusher
2021-09-19 08:00:35,608 DEBUG   HandlerThread:945110 [handler.py:handle_request():124] handle_request: get_summary
2021-09-19 08:00:35,609 DEBUG   HandlerThread:945110 [handler.py:handle_request():124] handle_request: sampled_history
2021-09-19 08:00:35,609 DEBUG   HandlerThread:945110 [handler.py:handle_request():124] handle_request: shutdown
2021-09-19 08:00:35,609 INFO    HandlerThread:945110 [handler.py:finish():638] shutting down handler
2021-09-19 08:00:36,506 INFO    WriterThread:945110 [datastore.py:close():288] close: /grid/koo/home/toneyan/profile/QuantPred/wandb/run-20210919_080000-iitg0ced/run-iitg0ced.wandb
2021-09-19 08:00:36,607 INFO    SenderThread:945110 [sender.py:finish():945] shutting down sender
2021-09-19 08:00:36,608 INFO    SenderThread:945110 [file_pusher.py:finish():177] shutting down file pusher
2021-09-19 08:00:36,608 INFO    SenderThread:945110 [file_pusher.py:join():182] waiting for file pusher
2021-09-19 08:00:36,609 INFO    MainThread:945110 [internal.py:handle_exit():78] Internal process exited
