2021-09-18 20:15:31,267 INFO    MainThread:361828 [internal.py:wandb_internal():91] W&B internal server running at pid: 361828, started at: 2021-09-18 20:15:31.267106
2021-09-18 20:15:31,269 DEBUG   HandlerThread:361828 [handler.py:handle_request():124] handle_request: check_version
2021-09-18 20:15:31,269 INFO    WriterThread:361828 [datastore.py:open_for_write():80] open: /grid/koo/home/toneyan/profile/QuantPred/wandb/run-20210918_201530-z7x372wh/run-z7x372wh.wandb
2021-09-18 20:15:31,271 DEBUG   SenderThread:361828 [sender.py:send():179] send: header
2021-09-18 20:15:31,271 DEBUG   SenderThread:361828 [sender.py:send_request():193] send_request: check_version
2021-09-18 20:15:31,300 DEBUG   SenderThread:361828 [sender.py:send():179] send: run
2021-09-18 20:15:31,379 INFO    SenderThread:361828 [dir_watcher.py:__init__():168] watching files in: /grid/koo/home/toneyan/profile/QuantPred/wandb/run-20210918_201530-z7x372wh/files
2021-09-18 20:15:31,379 INFO    SenderThread:361828 [sender.py:_start_run_threads():719] run started: z7x372wh with start time 1632010530
2021-09-18 20:15:31,379 DEBUG   SenderThread:361828 [sender.py:send():179] send: summary
2021-09-18 20:15:31,380 INFO    SenderThread:361828 [sender.py:_save_file():841] saving file wandb-summary.json with policy end
2021-09-18 20:15:31,381 DEBUG   HandlerThread:361828 [handler.py:handle_request():124] handle_request: run_start
2021-09-18 20:15:32,383 INFO    Thread-8  :361828 [dir_watcher.py:_on_file_created():216] file/dir created: /grid/koo/home/toneyan/profile/QuantPred/wandb/run-20210918_201530-z7x372wh/files/wandb-summary.json
2021-09-18 20:15:32,505 DEBUG   HandlerThread:361828 [meta.py:__init__():39] meta init
2021-09-18 20:15:32,505 DEBUG   HandlerThread:361828 [meta.py:__init__():53] meta init done
2021-09-18 20:15:32,505 DEBUG   HandlerThread:361828 [meta.py:probe():210] probe
2021-09-18 20:15:32,511 DEBUG   HandlerThread:361828 [meta.py:_save_pip():57] save pip
2021-09-18 20:15:32,512 DEBUG   HandlerThread:361828 [meta.py:_save_pip():71] save pip done
2021-09-18 20:15:32,512 DEBUG   HandlerThread:361828 [meta.py:probe():252] probe done
2021-09-18 20:15:32,514 DEBUG   SenderThread:361828 [sender.py:send():179] send: files
2021-09-18 20:15:32,514 INFO    SenderThread:361828 [sender.py:_save_file():841] saving file wandb-metadata.json with policy now
2021-09-18 20:15:32,519 DEBUG   HandlerThread:361828 [handler.py:handle_request():124] handle_request: stop_status
2021-09-18 20:15:32,519 DEBUG   SenderThread:361828 [sender.py:send_request():193] send_request: stop_status
2021-09-18 20:15:32,849 INFO    Thread-11 :361828 [upload_job.py:push():137] Uploaded file /tmp/3288841.1.gpu_ded.q/tmpfe64d7s_wandb/3i4mkdcs-wandb-metadata.json
2021-09-18 20:15:33,382 INFO    Thread-8  :361828 [dir_watcher.py:_on_file_created():216] file/dir created: /grid/koo/home/toneyan/profile/QuantPred/wandb/run-20210918_201530-z7x372wh/files/output.log
2021-09-18 20:15:33,383 INFO    Thread-8  :361828 [dir_watcher.py:_on_file_created():216] file/dir created: /grid/koo/home/toneyan/profile/QuantPred/wandb/run-20210918_201530-z7x372wh/files/requirements.txt
2021-09-18 20:15:33,383 INFO    Thread-8  :361828 [dir_watcher.py:_on_file_created():216] file/dir created: /grid/koo/home/toneyan/profile/QuantPred/wandb/run-20210918_201530-z7x372wh/files/wandb-metadata.json
2021-09-18 20:15:47,582 DEBUG   HandlerThread:361828 [handler.py:handle_request():124] handle_request: stop_status
2021-09-18 20:15:47,583 DEBUG   SenderThread:361828 [sender.py:send_request():193] send_request: stop_status
2021-09-18 20:16:00,886 DEBUG   SenderThread:361828 [sender.py:send():179] send: stats
2021-09-18 20:16:02,642 DEBUG   HandlerThread:361828 [handler.py:handle_request():124] handle_request: stop_status
2021-09-18 20:16:02,643 DEBUG   SenderThread:361828 [sender.py:send_request():193] send_request: stop_status
2021-09-18 20:16:17,702 DEBUG   HandlerThread:361828 [handler.py:handle_request():124] handle_request: stop_status
2021-09-18 20:16:17,702 DEBUG   SenderThread:361828 [sender.py:send_request():193] send_request: stop_status
2021-09-18 20:16:18,350 DEBUG   HandlerThread:361828 [handler.py:handle_request():124] handle_request: poll_exit
2021-09-18 20:16:18,350 DEBUG   SenderThread:361828 [sender.py:send():179] send: telemetry
2021-09-18 20:16:18,350 DEBUG   SenderThread:361828 [sender.py:send():179] send: exit
2021-09-18 20:16:18,350 INFO    SenderThread:361828 [sender.py:send_exit():287] handling exit code: 1
2021-09-18 20:16:18,350 INFO    SenderThread:361828 [sender.py:send_exit():295] send defer
2021-09-18 20:16:18,350 DEBUG   SenderThread:361828 [sender.py:send_request():193] send_request: poll_exit
2021-09-18 20:16:18,350 DEBUG   HandlerThread:361828 [handler.py:handle_request():124] handle_request: defer
2021-09-18 20:16:18,351 INFO    HandlerThread:361828 [handler.py:handle_request_defer():141] handle defer: 0
2021-09-18 20:16:18,351 DEBUG   SenderThread:361828 [sender.py:send_request():193] send_request: defer
2021-09-18 20:16:18,351 INFO    SenderThread:361828 [sender.py:send_request_defer():304] handle sender defer: 0
2021-09-18 20:16:18,351 INFO    SenderThread:361828 [sender.py:transition_state():308] send defer: 1
2021-09-18 20:16:18,351 DEBUG   HandlerThread:361828 [handler.py:handle_request():124] handle_request: defer
2021-09-18 20:16:18,351 INFO    HandlerThread:361828 [handler.py:handle_request_defer():141] handle defer: 1
2021-09-18 20:16:18,439 DEBUG   SenderThread:361828 [sender.py:send_request():193] send_request: defer
2021-09-18 20:16:18,439 INFO    SenderThread:361828 [sender.py:send_request_defer():304] handle sender defer: 1
2021-09-18 20:16:18,439 INFO    SenderThread:361828 [sender.py:transition_state():308] send defer: 2
2021-09-18 20:16:18,439 DEBUG   SenderThread:361828 [sender.py:send():179] send: stats
2021-09-18 20:16:18,440 DEBUG   HandlerThread:361828 [handler.py:handle_request():124] handle_request: defer
2021-09-18 20:16:18,441 INFO    HandlerThread:361828 [handler.py:handle_request_defer():141] handle defer: 2
2021-09-18 20:16:18,442 DEBUG   SenderThread:361828 [sender.py:send_request():193] send_request: defer
2021-09-18 20:16:18,442 INFO    SenderThread:361828 [sender.py:send_request_defer():304] handle sender defer: 2
2021-09-18 20:16:18,442 INFO    SenderThread:361828 [sender.py:transition_state():308] send defer: 3
2021-09-18 20:16:18,442 DEBUG   HandlerThread:361828 [handler.py:handle_request():124] handle_request: defer
2021-09-18 20:16:18,442 INFO    HandlerThread:361828 [handler.py:handle_request_defer():141] handle defer: 3
2021-09-18 20:16:18,442 DEBUG   SenderThread:361828 [sender.py:send():179] send: summary
2021-09-18 20:16:18,443 INFO    SenderThread:361828 [sender.py:_save_file():841] saving file wandb-summary.json with policy end
2021-09-18 20:16:18,443 DEBUG   SenderThread:361828 [sender.py:send_request():193] send_request: defer
2021-09-18 20:16:18,443 INFO    SenderThread:361828 [sender.py:send_request_defer():304] handle sender defer: 3
2021-09-18 20:16:18,443 INFO    SenderThread:361828 [sender.py:transition_state():308] send defer: 4
2021-09-18 20:16:18,443 DEBUG   HandlerThread:361828 [handler.py:handle_request():124] handle_request: defer
2021-09-18 20:16:18,443 INFO    HandlerThread:361828 [handler.py:handle_request_defer():141] handle defer: 4
2021-09-18 20:16:18,443 DEBUG   SenderThread:361828 [sender.py:send_request():193] send_request: defer
2021-09-18 20:16:18,443 INFO    SenderThread:361828 [sender.py:send_request_defer():304] handle sender defer: 4
2021-09-18 20:16:18,451 DEBUG   HandlerThread:361828 [handler.py:handle_request():124] handle_request: poll_exit
2021-09-18 20:16:18,524 INFO    SenderThread:361828 [sender.py:transition_state():308] send defer: 5
2021-09-18 20:16:18,524 DEBUG   SenderThread:361828 [sender.py:send_request():193] send_request: poll_exit
2021-09-18 20:16:18,525 DEBUG   HandlerThread:361828 [handler.py:handle_request():124] handle_request: defer
2021-09-18 20:16:18,525 INFO    HandlerThread:361828 [handler.py:handle_request_defer():141] handle defer: 5
2021-09-18 20:16:18,525 DEBUG   SenderThread:361828 [sender.py:send_request():193] send_request: defer
2021-09-18 20:16:18,525 INFO    SenderThread:361828 [sender.py:send_request_defer():304] handle sender defer: 5
2021-09-18 20:16:18,525 INFO    SenderThread:361828 [dir_watcher.py:finish():282] shutting down directory watcher
2021-09-18 20:16:18,581 INFO    Thread-8  :361828 [dir_watcher.py:_on_file_modified():229] file/dir modified: /grid/koo/home/toneyan/profile/QuantPred/wandb/run-20210918_201530-z7x372wh/files/config.yaml
2021-09-18 20:16:18,582 INFO    SenderThread:361828 [dir_watcher.py:_on_file_modified():229] file/dir modified: /grid/koo/home/toneyan/profile/QuantPred/wandb/run-20210918_201530-z7x372wh/files/wandb-summary.json
2021-09-18 20:16:18,582 INFO    SenderThread:361828 [dir_watcher.py:finish():312] scan: /grid/koo/home/toneyan/profile/QuantPred/wandb/run-20210918_201530-z7x372wh/files
2021-09-18 20:16:18,582 INFO    SenderThread:361828 [dir_watcher.py:finish():318] scan save: /grid/koo/home/toneyan/profile/QuantPred/wandb/run-20210918_201530-z7x372wh/files/wandb-metadata.json wandb-metadata.json
2021-09-18 20:16:18,582 INFO    SenderThread:361828 [dir_watcher.py:finish():318] scan save: /grid/koo/home/toneyan/profile/QuantPred/wandb/run-20210918_201530-z7x372wh/files/config.yaml config.yaml
2021-09-18 20:16:18,582 INFO    SenderThread:361828 [dir_watcher.py:finish():318] scan save: /grid/koo/home/toneyan/profile/QuantPred/wandb/run-20210918_201530-z7x372wh/files/requirements.txt requirements.txt
2021-09-18 20:16:18,585 INFO    SenderThread:361828 [dir_watcher.py:finish():318] scan save: /grid/koo/home/toneyan/profile/QuantPred/wandb/run-20210918_201530-z7x372wh/files/wandb-summary.json wandb-summary.json
2021-09-18 20:16:18,588 INFO    SenderThread:361828 [dir_watcher.py:finish():318] scan save: /grid/koo/home/toneyan/profile/QuantPred/wandb/run-20210918_201530-z7x372wh/files/output.log output.log
2021-09-18 20:16:18,592 INFO    SenderThread:361828 [sender.py:transition_state():308] send defer: 6
2021-09-18 20:16:18,593 DEBUG   HandlerThread:361828 [handler.py:handle_request():124] handle_request: defer
2021-09-18 20:16:18,593 INFO    HandlerThread:361828 [handler.py:handle_request_defer():141] handle defer: 6
2021-09-18 20:16:18,593 DEBUG   SenderThread:361828 [sender.py:send_request():193] send_request: defer
2021-09-18 20:16:18,593 INFO    SenderThread:361828 [sender.py:send_request_defer():304] handle sender defer: 6
2021-09-18 20:16:18,593 INFO    SenderThread:361828 [file_pusher.py:finish():177] shutting down file pusher
2021-09-18 20:16:18,626 DEBUG   HandlerThread:361828 [handler.py:handle_request():124] handle_request: poll_exit
2021-09-18 20:16:18,626 DEBUG   SenderThread:361828 [sender.py:send_request():193] send_request: poll_exit
2021-09-18 20:16:18,727 DEBUG   HandlerThread:361828 [handler.py:handle_request():124] handle_request: poll_exit
2021-09-18 20:16:18,728 DEBUG   SenderThread:361828 [sender.py:send_request():193] send_request: poll_exit
2021-09-18 20:16:18,829 DEBUG   HandlerThread:361828 [handler.py:handle_request():124] handle_request: poll_exit
2021-09-18 20:16:18,829 DEBUG   SenderThread:361828 [sender.py:send_request():193] send_request: poll_exit
2021-09-18 20:16:18,881 INFO    Thread-14 :361828 [upload_job.py:push():137] Uploaded file /grid/koo/home/toneyan/profile/QuantPred/wandb/run-20210918_201530-z7x372wh/files/wandb-summary.json
2021-09-18 20:16:18,925 INFO    Thread-12 :361828 [upload_job.py:push():137] Uploaded file /grid/koo/home/toneyan/profile/QuantPred/wandb/run-20210918_201530-z7x372wh/files/config.yaml
2021-09-18 20:16:18,931 DEBUG   HandlerThread:361828 [handler.py:handle_request():124] handle_request: poll_exit
2021-09-18 20:16:18,931 DEBUG   SenderThread:361828 [sender.py:send_request():193] send_request: poll_exit
2021-09-18 20:16:18,974 INFO    Thread-13 :361828 [upload_job.py:push():137] Uploaded file /grid/koo/home/toneyan/profile/QuantPred/wandb/run-20210918_201530-z7x372wh/files/requirements.txt
2021-09-18 20:16:19,032 DEBUG   HandlerThread:361828 [handler.py:handle_request():124] handle_request: poll_exit
2021-09-18 20:16:19,032 DEBUG   SenderThread:361828 [sender.py:send_request():193] send_request: poll_exit
2021-09-18 20:16:19,133 DEBUG   HandlerThread:361828 [handler.py:handle_request():124] handle_request: poll_exit
2021-09-18 20:16:19,134 DEBUG   SenderThread:361828 [sender.py:send_request():193] send_request: poll_exit
2021-09-18 20:16:19,174 INFO    Thread-7  :361828 [sender.py:transition_state():308] send defer: 7
2021-09-18 20:16:19,175 DEBUG   HandlerThread:361828 [handler.py:handle_request():124] handle_request: defer
2021-09-18 20:16:19,175 INFO    HandlerThread:361828 [handler.py:handle_request_defer():141] handle defer: 7
2021-09-18 20:16:19,175 DEBUG   SenderThread:361828 [sender.py:send_request():193] send_request: defer
2021-09-18 20:16:19,175 INFO    SenderThread:361828 [sender.py:send_request_defer():304] handle sender defer: 7
2021-09-18 20:16:19,235 DEBUG   HandlerThread:361828 [handler.py:handle_request():124] handle_request: poll_exit
2021-09-18 20:16:19,276 INFO    SenderThread:361828 [sender.py:transition_state():308] send defer: 8
2021-09-18 20:16:19,276 DEBUG   SenderThread:361828 [sender.py:send_request():193] send_request: poll_exit
2021-09-18 20:16:19,276 DEBUG   HandlerThread:361828 [handler.py:handle_request():124] handle_request: defer
2021-09-18 20:16:19,276 INFO    HandlerThread:361828 [handler.py:handle_request_defer():141] handle defer: 8
2021-09-18 20:16:19,276 DEBUG   SenderThread:361828 [sender.py:send_request():193] send_request: defer
2021-09-18 20:16:19,276 INFO    SenderThread:361828 [sender.py:send_request_defer():304] handle sender defer: 8
2021-09-18 20:16:19,276 INFO    SenderThread:361828 [sender.py:transition_state():308] send defer: 9
2021-09-18 20:16:19,277 DEBUG   SenderThread:361828 [sender.py:send():179] send: final
2021-09-18 20:16:19,277 DEBUG   HandlerThread:361828 [handler.py:handle_request():124] handle_request: defer
2021-09-18 20:16:19,277 DEBUG   SenderThread:361828 [sender.py:send():179] send: footer
2021-09-18 20:16:19,277 INFO    HandlerThread:361828 [handler.py:handle_request_defer():141] handle defer: 9
2021-09-18 20:16:19,277 DEBUG   SenderThread:361828 [sender.py:send_request():193] send_request: defer
2021-09-18 20:16:19,277 INFO    SenderThread:361828 [sender.py:send_request_defer():304] handle sender defer: 9
2021-09-18 20:16:19,377 DEBUG   HandlerThread:361828 [handler.py:handle_request():124] handle_request: poll_exit
2021-09-18 20:16:19,377 DEBUG   SenderThread:361828 [sender.py:send_request():193] send_request: poll_exit
2021-09-18 20:16:19,377 INFO    SenderThread:361828 [file_pusher.py:join():182] waiting for file pusher
2021-09-18 20:16:19,378 DEBUG   HandlerThread:361828 [handler.py:handle_request():124] handle_request: get_summary
2021-09-18 20:16:19,379 DEBUG   HandlerThread:361828 [handler.py:handle_request():124] handle_request: sampled_history
2021-09-18 20:16:19,379 DEBUG   HandlerThread:361828 [handler.py:handle_request():124] handle_request: shutdown
2021-09-18 20:16:19,379 INFO    HandlerThread:361828 [handler.py:finish():638] shutting down handler
2021-09-18 20:16:20,277 INFO    WriterThread:361828 [datastore.py:close():288] close: /grid/koo/home/toneyan/profile/QuantPred/wandb/run-20210918_201530-z7x372wh/run-z7x372wh.wandb
2021-09-18 20:16:20,378 INFO    SenderThread:361828 [sender.py:finish():945] shutting down sender
2021-09-18 20:16:20,378 INFO    SenderThread:361828 [file_pusher.py:finish():177] shutting down file pusher
2021-09-18 20:16:20,378 INFO    SenderThread:361828 [file_pusher.py:join():182] waiting for file pusher
2021-09-18 20:16:20,382 INFO    MainThread:361828 [internal.py:handle_exit():78] Internal process exited
