2021-09-19 12:29:54,020 INFO    MainThread:1360197 [internal.py:wandb_internal():91] W&B internal server running at pid: 1360197, started at: 2021-09-19 12:29:54.019721
2021-09-19 12:29:54,022 DEBUG   HandlerThread:1360197 [handler.py:handle_request():124] handle_request: check_version
2021-09-19 12:29:54,022 INFO    WriterThread:1360197 [datastore.py:open_for_write():80] open: /grid/koo/home/toneyan/profile/QuantPred/wandb/run-20210919_122953-6bi4n4ui/run-6bi4n4ui.wandb
2021-09-19 12:29:54,024 DEBUG   SenderThread:1360197 [sender.py:send():179] send: header
2021-09-19 12:29:54,024 DEBUG   SenderThread:1360197 [sender.py:send_request():193] send_request: check_version
2021-09-19 12:29:54,053 DEBUG   SenderThread:1360197 [sender.py:send():179] send: run
2021-09-19 12:29:54,162 INFO    SenderThread:1360197 [dir_watcher.py:__init__():168] watching files in: /grid/koo/home/toneyan/profile/QuantPred/wandb/run-20210919_122953-6bi4n4ui/files
2021-09-19 12:29:54,162 INFO    SenderThread:1360197 [sender.py:_start_run_threads():719] run started: 6bi4n4ui with start time 1632068993
2021-09-19 12:29:54,162 DEBUG   SenderThread:1360197 [sender.py:send():179] send: summary
2021-09-19 12:29:54,163 INFO    SenderThread:1360197 [sender.py:_save_file():841] saving file wandb-summary.json with policy end
2021-09-19 12:29:54,163 DEBUG   HandlerThread:1360197 [handler.py:handle_request():124] handle_request: run_start
2021-09-19 12:29:55,168 INFO    Thread-8  :1360197 [dir_watcher.py:_on_file_created():216] file/dir created: /grid/koo/home/toneyan/profile/QuantPred/wandb/run-20210919_122953-6bi4n4ui/files/wandb-summary.json
2021-09-19 12:29:55,330 DEBUG   HandlerThread:1360197 [meta.py:__init__():39] meta init
2021-09-19 12:29:55,330 DEBUG   HandlerThread:1360197 [meta.py:__init__():53] meta init done
2021-09-19 12:29:55,330 DEBUG   HandlerThread:1360197 [meta.py:probe():210] probe
2021-09-19 12:29:55,336 DEBUG   HandlerThread:1360197 [meta.py:_save_pip():57] save pip
2021-09-19 12:29:55,338 DEBUG   HandlerThread:1360197 [meta.py:_save_pip():71] save pip done
2021-09-19 12:29:55,338 DEBUG   HandlerThread:1360197 [meta.py:probe():252] probe done
2021-09-19 12:29:55,341 DEBUG   SenderThread:1360197 [sender.py:send():179] send: files
2021-09-19 12:29:55,341 INFO    SenderThread:1360197 [sender.py:_save_file():841] saving file wandb-metadata.json with policy now
2021-09-19 12:29:55,347 DEBUG   HandlerThread:1360197 [handler.py:handle_request():124] handle_request: stop_status
2021-09-19 12:29:55,348 DEBUG   SenderThread:1360197 [sender.py:send_request():193] send_request: stop_status
2021-09-19 12:29:55,402 ERROR   SenderThread:1360197 [internal_api.py:execute():130] 429 response executing GraphQL.
2021-09-19 12:29:55,402 ERROR   SenderThread:1360197 [internal_api.py:execute():131] {"error":"rate limit exceeded"}

2021-09-19 12:29:55,403 ERROR   Thread-11 :1360197 [internal_api.py:execute():130] 429 response executing GraphQL.
2021-09-19 12:29:55,403 ERROR   Thread-11 :1360197 [internal_api.py:execute():131] {"error":"rate limit exceeded"}

2021-09-19 12:29:56,167 INFO    Thread-8  :1360197 [dir_watcher.py:_on_file_created():216] file/dir created: /grid/koo/home/toneyan/profile/QuantPred/wandb/run-20210919_122953-6bi4n4ui/files/wandb-metadata.json
2021-09-19 12:29:56,167 INFO    Thread-8  :1360197 [dir_watcher.py:_on_file_created():216] file/dir created: /grid/koo/home/toneyan/profile/QuantPred/wandb/run-20210919_122953-6bi4n4ui/files/requirements.txt
2021-09-19 12:29:56,168 INFO    Thread-8  :1360197 [dir_watcher.py:_on_file_created():216] file/dir created: /grid/koo/home/toneyan/profile/QuantPred/wandb/run-20210919_122953-6bi4n4ui/files/output.log
2021-09-19 12:29:56,524 ERROR   Thread-11 :1360197 [internal_api.py:execute():130] 429 response executing GraphQL.
2021-09-19 12:29:56,525 ERROR   Thread-11 :1360197 [internal_api.py:execute():131] {"error":"rate limit exceeded"}

2021-09-19 12:29:56,645 ERROR   SenderThread:1360197 [internal_api.py:execute():130] 429 response executing GraphQL.
2021-09-19 12:29:56,646 ERROR   SenderThread:1360197 [internal_api.py:execute():131] {"error":"rate limit exceeded"}

2021-09-19 12:29:56,646 ERROR   SenderThread:1360197 [retry.py:__call__():126] Retry attempt failed:
Traceback (most recent call last):
  File "/usr/local/lib/python3.6/dist-packages/wandb/sdk/lib/retry.py", line 102, in __call__
    result = self._call_fn(*args, **kwargs)
  File "/usr/local/lib/python3.6/dist-packages/wandb/sdk/internal/internal_api.py", line 133, in execute
    six.reraise(*sys.exc_info())
  File "/usr/local/lib/python3.6/dist-packages/six.py", line 719, in reraise
    raise value
  File "/usr/local/lib/python3.6/dist-packages/wandb/sdk/internal/internal_api.py", line 127, in execute
    return self.client.execute(*args, **kwargs)
  File "/usr/local/lib/python3.6/dist-packages/wandb/vendor/gql-0.2.0/gql/client.py", line 52, in execute
    result = self._get_result(document, *args, **kwargs)
  File "/usr/local/lib/python3.6/dist-packages/wandb/vendor/gql-0.2.0/gql/client.py", line 60, in _get_result
    return self.transport.execute(document, *args, **kwargs)
  File "/usr/local/lib/python3.6/dist-packages/wandb/vendor/gql-0.2.0/gql/transport/requests.py", line 39, in execute
    request.raise_for_status()
  File "/usr/local/lib/python3.6/dist-packages/requests/models.py", line 943, in raise_for_status
    raise HTTPError(http_error_msg, response=self)
requests.exceptions.HTTPError: 429 Client Error: Too Many Requests for url: https://api.wandb.ai/graphql
2021-09-19 12:29:58,748 ERROR   Thread-11 :1360197 [internal_api.py:execute():130] 429 response executing GraphQL.
2021-09-19 12:29:58,748 ERROR   Thread-11 :1360197 [internal_api.py:execute():131] {"error":"rate limit exceeded"}

2021-09-19 12:29:58,886 ERROR   SenderThread:1360197 [internal_api.py:execute():130] 429 response executing GraphQL.
2021-09-19 12:29:58,887 ERROR   SenderThread:1360197 [internal_api.py:execute():131] {"error":"rate limit exceeded"}

2021-09-19 12:30:03,431 INFO    Thread-11 :1360197 [upload_job.py:push():137] Uploaded file /tmp/3288855.1.gpu_ded.q/tmpa231bii1wandb/28h6t1q7-wandb-metadata.json
2021-09-19 12:30:18,438 DEBUG   HandlerThread:1360197 [handler.py:handle_request():124] handle_request: stop_status
2021-09-19 12:30:18,438 DEBUG   SenderThread:1360197 [sender.py:send_request():193] send_request: stop_status
2021-09-19 12:30:23,729 DEBUG   SenderThread:1360197 [sender.py:send():179] send: stats
2021-09-19 12:30:29,067 DEBUG   HandlerThread:1360197 [handler.py:handle_request():124] handle_request: poll_exit
2021-09-19 12:30:29,068 DEBUG   SenderThread:1360197 [sender.py:send():179] send: telemetry
2021-09-19 12:30:29,068 DEBUG   SenderThread:1360197 [sender.py:send():179] send: exit
2021-09-19 12:30:29,068 INFO    SenderThread:1360197 [sender.py:send_exit():287] handling exit code: 1
2021-09-19 12:30:29,068 INFO    SenderThread:1360197 [sender.py:send_exit():295] send defer
2021-09-19 12:30:29,068 DEBUG   SenderThread:1360197 [sender.py:send_request():193] send_request: poll_exit
2021-09-19 12:30:29,069 DEBUG   HandlerThread:1360197 [handler.py:handle_request():124] handle_request: defer
2021-09-19 12:30:29,069 INFO    HandlerThread:1360197 [handler.py:handle_request_defer():141] handle defer: 0
2021-09-19 12:30:29,069 DEBUG   SenderThread:1360197 [sender.py:send_request():193] send_request: defer
2021-09-19 12:30:29,069 INFO    SenderThread:1360197 [sender.py:send_request_defer():304] handle sender defer: 0
2021-09-19 12:30:29,069 INFO    SenderThread:1360197 [sender.py:transition_state():308] send defer: 1
2021-09-19 12:30:29,069 DEBUG   HandlerThread:1360197 [handler.py:handle_request():124] handle_request: defer
2021-09-19 12:30:29,070 INFO    HandlerThread:1360197 [handler.py:handle_request_defer():141] handle defer: 1
2021-09-19 12:30:29,098 DEBUG   SenderThread:1360197 [sender.py:send_request():193] send_request: defer
2021-09-19 12:30:29,098 INFO    SenderThread:1360197 [sender.py:send_request_defer():304] handle sender defer: 1
2021-09-19 12:30:29,098 INFO    SenderThread:1360197 [sender.py:transition_state():308] send defer: 2
2021-09-19 12:30:29,099 DEBUG   SenderThread:1360197 [sender.py:send():179] send: stats
2021-09-19 12:30:29,099 DEBUG   HandlerThread:1360197 [handler.py:handle_request():124] handle_request: defer
2021-09-19 12:30:29,101 INFO    HandlerThread:1360197 [handler.py:handle_request_defer():141] handle defer: 2
2021-09-19 12:30:29,101 DEBUG   SenderThread:1360197 [sender.py:send_request():193] send_request: defer
2021-09-19 12:30:29,101 INFO    SenderThread:1360197 [sender.py:send_request_defer():304] handle sender defer: 2
2021-09-19 12:30:29,101 INFO    SenderThread:1360197 [sender.py:transition_state():308] send defer: 3
2021-09-19 12:30:29,102 DEBUG   HandlerThread:1360197 [handler.py:handle_request():124] handle_request: defer
2021-09-19 12:30:29,102 INFO    HandlerThread:1360197 [handler.py:handle_request_defer():141] handle defer: 3
2021-09-19 12:30:29,102 DEBUG   SenderThread:1360197 [sender.py:send():179] send: summary
2021-09-19 12:30:29,102 INFO    SenderThread:1360197 [sender.py:_save_file():841] saving file wandb-summary.json with policy end
2021-09-19 12:30:29,103 DEBUG   SenderThread:1360197 [sender.py:send_request():193] send_request: defer
2021-09-19 12:30:29,103 INFO    SenderThread:1360197 [sender.py:send_request_defer():304] handle sender defer: 3
2021-09-19 12:30:29,103 INFO    SenderThread:1360197 [sender.py:transition_state():308] send defer: 4
2021-09-19 12:30:29,103 DEBUG   HandlerThread:1360197 [handler.py:handle_request():124] handle_request: defer
2021-09-19 12:30:29,103 INFO    HandlerThread:1360197 [handler.py:handle_request_defer():141] handle defer: 4
2021-09-19 12:30:29,103 DEBUG   SenderThread:1360197 [sender.py:send_request():193] send_request: defer
2021-09-19 12:30:29,103 INFO    SenderThread:1360197 [sender.py:send_request_defer():304] handle sender defer: 4
2021-09-19 12:30:29,158 ERROR   SenderThread:1360197 [internal_api.py:execute():130] 429 response executing GraphQL.
2021-09-19 12:30:29,158 ERROR   SenderThread:1360197 [internal_api.py:execute():131] {"error":"rate limit exceeded"}

2021-09-19 12:30:29,174 DEBUG   HandlerThread:1360197 [handler.py:handle_request():124] handle_request: poll_exit
2021-09-19 12:30:29,177 INFO    Thread-8  :1360197 [dir_watcher.py:_on_file_modified():229] file/dir modified: /grid/koo/home/toneyan/profile/QuantPred/wandb/run-20210919_122953-6bi4n4ui/files/wandb-summary.json
2021-09-19 12:30:30,374 INFO    SenderThread:1360197 [sender.py:transition_state():308] send defer: 5
2021-09-19 12:30:30,375 DEBUG   SenderThread:1360197 [sender.py:send_request():193] send_request: poll_exit
2021-09-19 12:30:30,375 DEBUG   HandlerThread:1360197 [handler.py:handle_request():124] handle_request: defer
2021-09-19 12:30:30,375 INFO    HandlerThread:1360197 [handler.py:handle_request_defer():141] handle defer: 5
2021-09-19 12:30:30,375 DEBUG   SenderThread:1360197 [sender.py:send_request():193] send_request: defer
2021-09-19 12:30:30,375 INFO    SenderThread:1360197 [sender.py:send_request_defer():304] handle sender defer: 5
2021-09-19 12:30:30,375 INFO    SenderThread:1360197 [dir_watcher.py:finish():282] shutting down directory watcher
2021-09-19 12:30:30,480 DEBUG   HandlerThread:1360197 [handler.py:handle_request():124] handle_request: poll_exit
2021-09-19 12:30:31,178 INFO    SenderThread:1360197 [dir_watcher.py:_on_file_modified():229] file/dir modified: /grid/koo/home/toneyan/profile/QuantPred/wandb/run-20210919_122953-6bi4n4ui/files/config.yaml
2021-09-19 12:30:31,178 INFO    SenderThread:1360197 [dir_watcher.py:finish():312] scan: /grid/koo/home/toneyan/profile/QuantPred/wandb/run-20210919_122953-6bi4n4ui/files
2021-09-19 12:30:31,178 INFO    SenderThread:1360197 [dir_watcher.py:finish():318] scan save: /grid/koo/home/toneyan/profile/QuantPred/wandb/run-20210919_122953-6bi4n4ui/files/wandb-metadata.json wandb-metadata.json
2021-09-19 12:30:31,178 INFO    SenderThread:1360197 [dir_watcher.py:finish():318] scan save: /grid/koo/home/toneyan/profile/QuantPred/wandb/run-20210919_122953-6bi4n4ui/files/config.yaml config.yaml
2021-09-19 12:30:31,179 INFO    SenderThread:1360197 [dir_watcher.py:finish():318] scan save: /grid/koo/home/toneyan/profile/QuantPred/wandb/run-20210919_122953-6bi4n4ui/files/requirements.txt requirements.txt
2021-09-19 12:30:31,179 INFO    SenderThread:1360197 [dir_watcher.py:finish():318] scan save: /grid/koo/home/toneyan/profile/QuantPred/wandb/run-20210919_122953-6bi4n4ui/files/wandb-summary.json wandb-summary.json
2021-09-19 12:30:31,182 INFO    SenderThread:1360197 [dir_watcher.py:finish():318] scan save: /grid/koo/home/toneyan/profile/QuantPred/wandb/run-20210919_122953-6bi4n4ui/files/output.log output.log
2021-09-19 12:30:31,185 INFO    SenderThread:1360197 [sender.py:transition_state():308] send defer: 6
2021-09-19 12:30:31,185 DEBUG   SenderThread:1360197 [sender.py:send_request():193] send_request: poll_exit
2021-09-19 12:30:31,190 DEBUG   HandlerThread:1360197 [handler.py:handle_request():124] handle_request: defer
2021-09-19 12:30:31,190 INFO    HandlerThread:1360197 [handler.py:handle_request_defer():141] handle defer: 6
2021-09-19 12:30:31,190 DEBUG   SenderThread:1360197 [sender.py:send_request():193] send_request: defer
2021-09-19 12:30:31,190 INFO    SenderThread:1360197 [sender.py:send_request_defer():304] handle sender defer: 6
2021-09-19 12:30:31,190 INFO    SenderThread:1360197 [file_pusher.py:finish():177] shutting down file pusher
2021-09-19 12:30:31,291 DEBUG   HandlerThread:1360197 [handler.py:handle_request():124] handle_request: poll_exit
2021-09-19 12:30:31,291 DEBUG   SenderThread:1360197 [sender.py:send_request():193] send_request: poll_exit
2021-09-19 12:30:31,393 DEBUG   HandlerThread:1360197 [handler.py:handle_request():124] handle_request: poll_exit
2021-09-19 12:30:31,393 DEBUG   SenderThread:1360197 [sender.py:send_request():193] send_request: poll_exit
2021-09-19 12:30:31,480 INFO    Thread-13 :1360197 [upload_job.py:push():137] Uploaded file /grid/koo/home/toneyan/profile/QuantPred/wandb/run-20210919_122953-6bi4n4ui/files/requirements.txt
2021-09-19 12:30:31,488 INFO    Thread-14 :1360197 [upload_job.py:push():137] Uploaded file /grid/koo/home/toneyan/profile/QuantPred/wandb/run-20210919_122953-6bi4n4ui/files/wandb-summary.json
2021-09-19 12:30:31,495 DEBUG   HandlerThread:1360197 [handler.py:handle_request():124] handle_request: poll_exit
2021-09-19 12:30:31,495 DEBUG   SenderThread:1360197 [sender.py:send_request():193] send_request: poll_exit
2021-09-19 12:30:31,496 INFO    Thread-12 :1360197 [upload_job.py:push():137] Uploaded file /grid/koo/home/toneyan/profile/QuantPred/wandb/run-20210919_122953-6bi4n4ui/files/config.yaml
2021-09-19 12:30:31,596 DEBUG   HandlerThread:1360197 [handler.py:handle_request():124] handle_request: poll_exit
2021-09-19 12:30:31,597 DEBUG   SenderThread:1360197 [sender.py:send_request():193] send_request: poll_exit
2021-09-19 12:30:31,697 INFO    Thread-7  :1360197 [sender.py:transition_state():308] send defer: 7
2021-09-19 12:30:31,697 DEBUG   HandlerThread:1360197 [handler.py:handle_request():124] handle_request: defer
2021-09-19 12:30:31,698 INFO    HandlerThread:1360197 [handler.py:handle_request_defer():141] handle defer: 7
2021-09-19 12:30:31,698 DEBUG   SenderThread:1360197 [sender.py:send_request():193] send_request: defer
2021-09-19 12:30:31,698 INFO    SenderThread:1360197 [sender.py:send_request_defer():304] handle sender defer: 7
2021-09-19 12:30:31,720 DEBUG   HandlerThread:1360197 [handler.py:handle_request():124] handle_request: poll_exit
2021-09-19 12:30:31,751 INFO    SenderThread:1360197 [sender.py:transition_state():308] send defer: 8
2021-09-19 12:30:31,751 DEBUG   SenderThread:1360197 [sender.py:send_request():193] send_request: poll_exit
2021-09-19 12:30:31,751 DEBUG   HandlerThread:1360197 [handler.py:handle_request():124] handle_request: defer
2021-09-19 12:30:31,751 INFO    HandlerThread:1360197 [handler.py:handle_request_defer():141] handle defer: 8
2021-09-19 12:30:31,752 DEBUG   SenderThread:1360197 [sender.py:send_request():193] send_request: defer
2021-09-19 12:30:31,752 INFO    SenderThread:1360197 [sender.py:send_request_defer():304] handle sender defer: 8
2021-09-19 12:30:31,752 INFO    SenderThread:1360197 [sender.py:transition_state():308] send defer: 9
2021-09-19 12:30:31,752 DEBUG   SenderThread:1360197 [sender.py:send():179] send: final
2021-09-19 12:30:31,752 DEBUG   HandlerThread:1360197 [handler.py:handle_request():124] handle_request: defer
2021-09-19 12:30:31,752 DEBUG   SenderThread:1360197 [sender.py:send():179] send: footer
2021-09-19 12:30:31,752 INFO    HandlerThread:1360197 [handler.py:handle_request_defer():141] handle defer: 9
2021-09-19 12:30:31,752 DEBUG   SenderThread:1360197 [sender.py:send_request():193] send_request: defer
2021-09-19 12:30:31,753 INFO    SenderThread:1360197 [sender.py:send_request_defer():304] handle sender defer: 9
2021-09-19 12:30:31,853 DEBUG   HandlerThread:1360197 [handler.py:handle_request():124] handle_request: poll_exit
2021-09-19 12:30:31,853 DEBUG   SenderThread:1360197 [sender.py:send_request():193] send_request: poll_exit
2021-09-19 12:30:31,853 INFO    SenderThread:1360197 [file_pusher.py:join():182] waiting for file pusher
2021-09-19 12:30:31,854 DEBUG   HandlerThread:1360197 [handler.py:handle_request():124] handle_request: get_summary
2021-09-19 12:30:31,854 DEBUG   HandlerThread:1360197 [handler.py:handle_request():124] handle_request: sampled_history
2021-09-19 12:30:31,855 DEBUG   HandlerThread:1360197 [handler.py:handle_request():124] handle_request: shutdown
2021-09-19 12:30:31,855 INFO    HandlerThread:1360197 [handler.py:finish():638] shutting down handler
2021-09-19 12:30:32,753 INFO    WriterThread:1360197 [datastore.py:close():288] close: /grid/koo/home/toneyan/profile/QuantPred/wandb/run-20210919_122953-6bi4n4ui/run-6bi4n4ui.wandb
2021-09-19 12:30:32,853 INFO    SenderThread:1360197 [sender.py:finish():945] shutting down sender
2021-09-19 12:30:32,854 INFO    SenderThread:1360197 [file_pusher.py:finish():177] shutting down file pusher
2021-09-19 12:30:32,854 INFO    SenderThread:1360197 [file_pusher.py:join():182] waiting for file pusher
2021-09-19 12:30:32,855 INFO    MainThread:1360197 [internal.py:handle_exit():78] Internal process exited
