2021-09-19 09:05:44,555 INFO    MainThread:791188 [internal.py:wandb_internal():91] W&B internal server running at pid: 791188, started at: 2021-09-19 09:05:44.553485
2021-09-19 09:05:44,556 DEBUG   HandlerThread:791188 [handler.py:handle_request():124] handle_request: check_version
2021-09-19 09:05:44,556 INFO    WriterThread:791188 [datastore.py:open_for_write():80] open: /grid/koo/home/toneyan/profile/QuantPred/wandb/run-20210919_090543-e9g7sgkt/run-e9g7sgkt.wandb
2021-09-19 09:05:44,558 DEBUG   SenderThread:791188 [sender.py:send():179] send: header
2021-09-19 09:05:44,558 DEBUG   SenderThread:791188 [sender.py:send_request():193] send_request: check_version
2021-09-19 09:05:44,589 DEBUG   SenderThread:791188 [sender.py:send():179] send: run
2021-09-19 09:05:44,651 ERROR   SenderThread:791188 [internal_api.py:execute():130] 429 response executing GraphQL.
2021-09-19 09:05:44,651 ERROR   SenderThread:791188 [internal_api.py:execute():131] {"error":"rate limit exceeded"}

2021-09-19 09:05:45,921 INFO    SenderThread:791188 [dir_watcher.py:__init__():168] watching files in: /grid/koo/home/toneyan/profile/QuantPred/wandb/run-20210919_090543-e9g7sgkt/files
2021-09-19 09:05:45,921 INFO    SenderThread:791188 [sender.py:_start_run_threads():719] run started: e9g7sgkt with start time 1632056743
2021-09-19 09:05:45,921 DEBUG   SenderThread:791188 [sender.py:send():179] send: summary
2021-09-19 09:05:45,923 DEBUG   HandlerThread:791188 [handler.py:handle_request():124] handle_request: run_start
2021-09-19 09:05:45,923 INFO    SenderThread:791188 [sender.py:_save_file():841] saving file wandb-summary.json with policy end
2021-09-19 09:05:46,923 INFO    Thread-8  :791188 [dir_watcher.py:_on_file_created():216] file/dir created: /grid/koo/home/toneyan/profile/QuantPred/wandb/run-20210919_090543-e9g7sgkt/files/wandb-summary.json
2021-09-19 09:05:47,146 DEBUG   HandlerThread:791188 [meta.py:__init__():39] meta init
2021-09-19 09:05:47,147 DEBUG   HandlerThread:791188 [meta.py:__init__():53] meta init done
2021-09-19 09:05:47,147 DEBUG   HandlerThread:791188 [meta.py:probe():210] probe
2021-09-19 09:05:47,152 DEBUG   HandlerThread:791188 [meta.py:_save_pip():57] save pip
2021-09-19 09:05:47,154 DEBUG   HandlerThread:791188 [meta.py:_save_pip():71] save pip done
2021-09-19 09:05:47,154 DEBUG   HandlerThread:791188 [meta.py:probe():252] probe done
2021-09-19 09:05:47,156 DEBUG   SenderThread:791188 [sender.py:send():179] send: files
2021-09-19 09:05:47,156 INFO    SenderThread:791188 [sender.py:_save_file():841] saving file wandb-metadata.json with policy now
2021-09-19 09:05:47,164 DEBUG   HandlerThread:791188 [handler.py:handle_request():124] handle_request: stop_status
2021-09-19 09:05:47,164 DEBUG   SenderThread:791188 [sender.py:send_request():193] send_request: stop_status
2021-09-19 09:05:47,621 INFO    Thread-11 :791188 [upload_job.py:push():137] Uploaded file /tmp/3288846.1.gpu_ded.q/tmp2isewsorwandb/v1w4a23r-wandb-metadata.json
2021-09-19 09:05:47,923 INFO    Thread-8  :791188 [dir_watcher.py:_on_file_created():216] file/dir created: /grid/koo/home/toneyan/profile/QuantPred/wandb/run-20210919_090543-e9g7sgkt/files/requirements.txt
2021-09-19 09:05:47,923 INFO    Thread-8  :791188 [dir_watcher.py:_on_file_created():216] file/dir created: /grid/koo/home/toneyan/profile/QuantPred/wandb/run-20210919_090543-e9g7sgkt/files/output.log
2021-09-19 09:05:47,923 INFO    Thread-8  :791188 [dir_watcher.py:_on_file_created():216] file/dir created: /grid/koo/home/toneyan/profile/QuantPred/wandb/run-20210919_090543-e9g7sgkt/files/wandb-metadata.json
2021-09-19 09:06:02,227 DEBUG   HandlerThread:791188 [handler.py:handle_request():124] handle_request: stop_status
2021-09-19 09:06:02,227 DEBUG   SenderThread:791188 [sender.py:send_request():193] send_request: stop_status
2021-09-19 09:06:15,588 DEBUG   SenderThread:791188 [sender.py:send():179] send: stats
2021-09-19 09:06:17,290 DEBUG   HandlerThread:791188 [handler.py:handle_request():124] handle_request: stop_status
2021-09-19 09:06:17,290 DEBUG   SenderThread:791188 [sender.py:send_request():193] send_request: stop_status
2021-09-19 09:06:21,140 DEBUG   HandlerThread:791188 [handler.py:handle_request():124] handle_request: poll_exit
2021-09-19 09:06:21,140 DEBUG   SenderThread:791188 [sender.py:send():179] send: telemetry
2021-09-19 09:06:21,141 DEBUG   SenderThread:791188 [sender.py:send():179] send: exit
2021-09-19 09:06:21,141 INFO    SenderThread:791188 [sender.py:send_exit():287] handling exit code: 1
2021-09-19 09:06:21,141 INFO    SenderThread:791188 [sender.py:send_exit():295] send defer
2021-09-19 09:06:21,141 DEBUG   SenderThread:791188 [sender.py:send_request():193] send_request: poll_exit
2021-09-19 09:06:21,141 DEBUG   HandlerThread:791188 [handler.py:handle_request():124] handle_request: defer
2021-09-19 09:06:21,142 INFO    HandlerThread:791188 [handler.py:handle_request_defer():141] handle defer: 0
2021-09-19 09:06:21,142 DEBUG   SenderThread:791188 [sender.py:send_request():193] send_request: defer
2021-09-19 09:06:21,142 INFO    SenderThread:791188 [sender.py:send_request_defer():304] handle sender defer: 0
2021-09-19 09:06:21,142 INFO    SenderThread:791188 [sender.py:transition_state():308] send defer: 1
2021-09-19 09:06:21,142 DEBUG   HandlerThread:791188 [handler.py:handle_request():124] handle_request: defer
2021-09-19 09:06:21,142 INFO    HandlerThread:791188 [handler.py:handle_request_defer():141] handle defer: 1
2021-09-19 09:06:21,259 DEBUG   SenderThread:791188 [sender.py:send_request():193] send_request: defer
2021-09-19 09:06:21,260 DEBUG   HandlerThread:791188 [handler.py:handle_request():124] handle_request: poll_exit
2021-09-19 09:06:21,260 INFO    SenderThread:791188 [sender.py:send_request_defer():304] handle sender defer: 1
2021-09-19 09:06:21,260 INFO    SenderThread:791188 [sender.py:transition_state():308] send defer: 2
2021-09-19 09:06:21,260 DEBUG   SenderThread:791188 [sender.py:send_request():193] send_request: poll_exit
2021-09-19 09:06:21,260 DEBUG   SenderThread:791188 [sender.py:send():179] send: stats
2021-09-19 09:06:21,261 DEBUG   HandlerThread:791188 [handler.py:handle_request():124] handle_request: defer
2021-09-19 09:06:21,263 INFO    HandlerThread:791188 [handler.py:handle_request_defer():141] handle defer: 2
2021-09-19 09:06:21,263 DEBUG   SenderThread:791188 [sender.py:send_request():193] send_request: defer
2021-09-19 09:06:21,263 INFO    SenderThread:791188 [sender.py:send_request_defer():304] handle sender defer: 2
2021-09-19 09:06:21,264 INFO    SenderThread:791188 [sender.py:transition_state():308] send defer: 3
2021-09-19 09:06:21,264 DEBUG   HandlerThread:791188 [handler.py:handle_request():124] handle_request: defer
2021-09-19 09:06:21,264 INFO    HandlerThread:791188 [handler.py:handle_request_defer():141] handle defer: 3
2021-09-19 09:06:21,265 DEBUG   SenderThread:791188 [sender.py:send():179] send: summary
2021-09-19 09:06:21,265 INFO    SenderThread:791188 [sender.py:_save_file():841] saving file wandb-summary.json with policy end
2021-09-19 09:06:21,265 DEBUG   SenderThread:791188 [sender.py:send_request():193] send_request: defer
2021-09-19 09:06:21,265 INFO    SenderThread:791188 [sender.py:send_request_defer():304] handle sender defer: 3
2021-09-19 09:06:21,266 INFO    SenderThread:791188 [sender.py:transition_state():308] send defer: 4
2021-09-19 09:06:21,266 DEBUG   HandlerThread:791188 [handler.py:handle_request():124] handle_request: defer
2021-09-19 09:06:21,266 INFO    HandlerThread:791188 [handler.py:handle_request_defer():141] handle defer: 4
2021-09-19 09:06:21,266 DEBUG   SenderThread:791188 [sender.py:send_request():193] send_request: defer
2021-09-19 09:06:21,266 INFO    SenderThread:791188 [sender.py:send_request_defer():304] handle sender defer: 4
2021-09-19 09:06:21,353 INFO    SenderThread:791188 [sender.py:transition_state():308] send defer: 5
2021-09-19 09:06:21,354 DEBUG   HandlerThread:791188 [handler.py:handle_request():124] handle_request: defer
2021-09-19 09:06:21,354 INFO    HandlerThread:791188 [handler.py:handle_request_defer():141] handle defer: 5
2021-09-19 09:06:21,354 DEBUG   SenderThread:791188 [sender.py:send_request():193] send_request: defer
2021-09-19 09:06:21,354 INFO    SenderThread:791188 [sender.py:send_request_defer():304] handle sender defer: 5
2021-09-19 09:06:21,354 INFO    SenderThread:791188 [dir_watcher.py:finish():282] shutting down directory watcher
2021-09-19 09:06:21,362 DEBUG   HandlerThread:791188 [handler.py:handle_request():124] handle_request: poll_exit
2021-09-19 09:06:21,929 INFO    SenderThread:791188 [dir_watcher.py:_on_file_modified():229] file/dir modified: /grid/koo/home/toneyan/profile/QuantPred/wandb/run-20210919_090543-e9g7sgkt/files/wandb-summary.json
2021-09-19 09:06:21,929 INFO    SenderThread:791188 [dir_watcher.py:_on_file_modified():229] file/dir modified: /grid/koo/home/toneyan/profile/QuantPred/wandb/run-20210919_090543-e9g7sgkt/files/config.yaml
2021-09-19 09:06:21,929 INFO    SenderThread:791188 [dir_watcher.py:finish():312] scan: /grid/koo/home/toneyan/profile/QuantPred/wandb/run-20210919_090543-e9g7sgkt/files
2021-09-19 09:06:21,929 INFO    SenderThread:791188 [dir_watcher.py:finish():318] scan save: /grid/koo/home/toneyan/profile/QuantPred/wandb/run-20210919_090543-e9g7sgkt/files/wandb-metadata.json wandb-metadata.json
2021-09-19 09:06:21,929 INFO    SenderThread:791188 [dir_watcher.py:finish():318] scan save: /grid/koo/home/toneyan/profile/QuantPred/wandb/run-20210919_090543-e9g7sgkt/files/config.yaml config.yaml
2021-09-19 09:06:21,929 INFO    SenderThread:791188 [dir_watcher.py:finish():318] scan save: /grid/koo/home/toneyan/profile/QuantPred/wandb/run-20210919_090543-e9g7sgkt/files/requirements.txt requirements.txt
2021-09-19 09:06:21,930 INFO    SenderThread:791188 [dir_watcher.py:finish():318] scan save: /grid/koo/home/toneyan/profile/QuantPred/wandb/run-20210919_090543-e9g7sgkt/files/wandb-summary.json wandb-summary.json
2021-09-19 09:06:21,933 INFO    SenderThread:791188 [dir_watcher.py:finish():318] scan save: /grid/koo/home/toneyan/profile/QuantPred/wandb/run-20210919_090543-e9g7sgkt/files/output.log output.log
2021-09-19 09:06:21,936 INFO    SenderThread:791188 [sender.py:transition_state():308] send defer: 6
2021-09-19 09:06:21,936 DEBUG   SenderThread:791188 [sender.py:send_request():193] send_request: poll_exit
2021-09-19 09:06:21,941 DEBUG   HandlerThread:791188 [handler.py:handle_request():124] handle_request: defer
2021-09-19 09:06:21,941 INFO    HandlerThread:791188 [handler.py:handle_request_defer():141] handle defer: 6
2021-09-19 09:06:21,942 DEBUG   SenderThread:791188 [sender.py:send_request():193] send_request: defer
2021-09-19 09:06:21,942 INFO    SenderThread:791188 [sender.py:send_request_defer():304] handle sender defer: 6
2021-09-19 09:06:21,942 INFO    SenderThread:791188 [file_pusher.py:finish():177] shutting down file pusher
2021-09-19 09:06:22,043 DEBUG   HandlerThread:791188 [handler.py:handle_request():124] handle_request: poll_exit
2021-09-19 09:06:22,043 DEBUG   SenderThread:791188 [sender.py:send_request():193] send_request: poll_exit
2021-09-19 09:06:22,145 DEBUG   HandlerThread:791188 [handler.py:handle_request():124] handle_request: poll_exit
2021-09-19 09:06:22,145 DEBUG   SenderThread:791188 [sender.py:send_request():193] send_request: poll_exit
2021-09-19 09:06:22,247 DEBUG   HandlerThread:791188 [handler.py:handle_request():124] handle_request: poll_exit
2021-09-19 09:06:22,247 DEBUG   SenderThread:791188 [sender.py:send_request():193] send_request: poll_exit
2021-09-19 09:06:22,254 INFO    Thread-13 :791188 [upload_job.py:push():137] Uploaded file /grid/koo/home/toneyan/profile/QuantPred/wandb/run-20210919_090543-e9g7sgkt/files/requirements.txt
2021-09-19 09:06:22,316 INFO    Thread-14 :791188 [upload_job.py:push():137] Uploaded file /grid/koo/home/toneyan/profile/QuantPred/wandb/run-20210919_090543-e9g7sgkt/files/wandb-summary.json
2021-09-19 09:06:22,322 INFO    Thread-12 :791188 [upload_job.py:push():137] Uploaded file /grid/koo/home/toneyan/profile/QuantPred/wandb/run-20210919_090543-e9g7sgkt/files/config.yaml
2021-09-19 09:06:22,349 DEBUG   HandlerThread:791188 [handler.py:handle_request():124] handle_request: poll_exit
2021-09-19 09:06:22,350 DEBUG   SenderThread:791188 [sender.py:send_request():193] send_request: poll_exit
2021-09-19 09:06:22,451 DEBUG   HandlerThread:791188 [handler.py:handle_request():124] handle_request: poll_exit
2021-09-19 09:06:22,452 DEBUG   SenderThread:791188 [sender.py:send_request():193] send_request: poll_exit
2021-09-19 09:06:22,522 INFO    Thread-7  :791188 [sender.py:transition_state():308] send defer: 7
2021-09-19 09:06:22,522 DEBUG   HandlerThread:791188 [handler.py:handle_request():124] handle_request: defer
2021-09-19 09:06:22,523 INFO    HandlerThread:791188 [handler.py:handle_request_defer():141] handle defer: 7
2021-09-19 09:06:22,523 DEBUG   SenderThread:791188 [sender.py:send_request():193] send_request: defer
2021-09-19 09:06:22,523 INFO    SenderThread:791188 [sender.py:send_request_defer():304] handle sender defer: 7
2021-09-19 09:06:22,554 DEBUG   HandlerThread:791188 [handler.py:handle_request():124] handle_request: poll_exit
2021-09-19 09:06:22,622 INFO    SenderThread:791188 [sender.py:transition_state():308] send defer: 8
2021-09-19 09:06:22,622 DEBUG   SenderThread:791188 [sender.py:send_request():193] send_request: poll_exit
2021-09-19 09:06:22,623 DEBUG   HandlerThread:791188 [handler.py:handle_request():124] handle_request: defer
2021-09-19 09:06:22,623 INFO    HandlerThread:791188 [handler.py:handle_request_defer():141] handle defer: 8
2021-09-19 09:06:22,623 DEBUG   SenderThread:791188 [sender.py:send_request():193] send_request: defer
2021-09-19 09:06:22,623 INFO    SenderThread:791188 [sender.py:send_request_defer():304] handle sender defer: 8
2021-09-19 09:06:22,623 INFO    SenderThread:791188 [sender.py:transition_state():308] send defer: 9
2021-09-19 09:06:22,623 DEBUG   SenderThread:791188 [sender.py:send():179] send: final
2021-09-19 09:06:22,623 DEBUG   HandlerThread:791188 [handler.py:handle_request():124] handle_request: defer
2021-09-19 09:06:22,624 DEBUG   SenderThread:791188 [sender.py:send():179] send: footer
2021-09-19 09:06:22,624 INFO    HandlerThread:791188 [handler.py:handle_request_defer():141] handle defer: 9
2021-09-19 09:06:22,624 DEBUG   SenderThread:791188 [sender.py:send_request():193] send_request: defer
2021-09-19 09:06:22,624 INFO    SenderThread:791188 [sender.py:send_request_defer():304] handle sender defer: 9
2021-09-19 09:06:22,724 DEBUG   HandlerThread:791188 [handler.py:handle_request():124] handle_request: poll_exit
2021-09-19 09:06:22,724 DEBUG   SenderThread:791188 [sender.py:send_request():193] send_request: poll_exit
2021-09-19 09:06:22,725 INFO    SenderThread:791188 [file_pusher.py:join():182] waiting for file pusher
2021-09-19 09:06:22,726 DEBUG   HandlerThread:791188 [handler.py:handle_request():124] handle_request: get_summary
2021-09-19 09:06:22,726 DEBUG   HandlerThread:791188 [handler.py:handle_request():124] handle_request: sampled_history
2021-09-19 09:06:22,727 DEBUG   HandlerThread:791188 [handler.py:handle_request():124] handle_request: shutdown
2021-09-19 09:06:22,727 INFO    HandlerThread:791188 [handler.py:finish():638] shutting down handler
2021-09-19 09:06:23,624 INFO    WriterThread:791188 [datastore.py:close():288] close: /grid/koo/home/toneyan/profile/QuantPred/wandb/run-20210919_090543-e9g7sgkt/run-e9g7sgkt.wandb
2021-09-19 09:06:23,725 INFO    SenderThread:791188 [sender.py:finish():945] shutting down sender
2021-09-19 09:06:23,725 INFO    SenderThread:791188 [file_pusher.py:finish():177] shutting down file pusher
2021-09-19 09:06:23,725 INFO    SenderThread:791188 [file_pusher.py:join():182] waiting for file pusher
2021-09-19 09:06:23,726 INFO    MainThread:791188 [internal.py:handle_exit():78] Internal process exited
