2021-09-18 17:18:52,335 INFO    MainThread:1792594 [internal.py:wandb_internal():91] W&B internal server running at pid: 1792594, started at: 2021-09-18 17:18:52.334450
2021-09-18 17:18:52,336 DEBUG   HandlerThread:1792594 [handler.py:handle_request():124] handle_request: check_version
2021-09-18 17:18:52,336 INFO    WriterThread:1792594 [datastore.py:open_for_write():80] open: /grid/koo/home/toneyan/profile/QuantPred/wandb/run-20210918_171851-bfw6c0uu/run-bfw6c0uu.wandb
2021-09-18 17:18:52,338 DEBUG   SenderThread:1792594 [sender.py:send():179] send: header
2021-09-18 17:18:52,338 DEBUG   SenderThread:1792594 [sender.py:send_request():193] send_request: check_version
2021-09-18 17:18:52,365 DEBUG   SenderThread:1792594 [sender.py:send():179] send: run
2021-09-18 17:18:52,454 INFO    SenderThread:1792594 [dir_watcher.py:__init__():168] watching files in: /grid/koo/home/toneyan/profile/QuantPred/wandb/run-20210918_171851-bfw6c0uu/files
2021-09-18 17:18:52,454 INFO    SenderThread:1792594 [sender.py:_start_run_threads():719] run started: bfw6c0uu with start time 1631999931
2021-09-18 17:18:52,454 DEBUG   SenderThread:1792594 [sender.py:send():179] send: summary
2021-09-18 17:18:52,455 INFO    SenderThread:1792594 [sender.py:_save_file():841] saving file wandb-summary.json with policy end
2021-09-18 17:18:52,455 DEBUG   HandlerThread:1792594 [handler.py:handle_request():124] handle_request: run_start
2021-09-18 17:18:53,457 INFO    Thread-8  :1792594 [dir_watcher.py:_on_file_created():216] file/dir created: /grid/koo/home/toneyan/profile/QuantPred/wandb/run-20210918_171851-bfw6c0uu/files/wandb-summary.json
2021-09-18 17:18:53,563 DEBUG   HandlerThread:1792594 [meta.py:__init__():39] meta init
2021-09-18 17:18:53,563 DEBUG   HandlerThread:1792594 [meta.py:__init__():53] meta init done
2021-09-18 17:18:53,563 DEBUG   HandlerThread:1792594 [meta.py:probe():210] probe
2021-09-18 17:18:53,568 DEBUG   HandlerThread:1792594 [meta.py:_save_pip():57] save pip
2021-09-18 17:18:53,570 DEBUG   HandlerThread:1792594 [meta.py:_save_pip():71] save pip done
2021-09-18 17:18:53,570 DEBUG   HandlerThread:1792594 [meta.py:probe():252] probe done
2021-09-18 17:18:53,572 DEBUG   SenderThread:1792594 [sender.py:send():179] send: files
2021-09-18 17:18:53,572 INFO    SenderThread:1792594 [sender.py:_save_file():841] saving file wandb-metadata.json with policy now
2021-09-18 17:18:53,580 DEBUG   HandlerThread:1792594 [handler.py:handle_request():124] handle_request: stop_status
2021-09-18 17:18:53,580 DEBUG   SenderThread:1792594 [sender.py:send_request():193] send_request: stop_status
2021-09-18 17:18:53,913 INFO    Thread-11 :1792594 [upload_job.py:push():137] Uploaded file /tmp/3288848.1.gpu_ded.q/tmppmjfs7onwandb/18x44jge-wandb-metadata.json
2021-09-18 17:18:54,456 INFO    Thread-8  :1792594 [dir_watcher.py:_on_file_created():216] file/dir created: /grid/koo/home/toneyan/profile/QuantPred/wandb/run-20210918_171851-bfw6c0uu/files/requirements.txt
2021-09-18 17:18:54,456 INFO    Thread-8  :1792594 [dir_watcher.py:_on_file_created():216] file/dir created: /grid/koo/home/toneyan/profile/QuantPred/wandb/run-20210918_171851-bfw6c0uu/files/wandb-metadata.json
2021-09-18 17:18:54,456 INFO    Thread-8  :1792594 [dir_watcher.py:_on_file_created():216] file/dir created: /grid/koo/home/toneyan/profile/QuantPred/wandb/run-20210918_171851-bfw6c0uu/files/output.log
2021-09-18 17:19:08,640 DEBUG   HandlerThread:1792594 [handler.py:handle_request():124] handle_request: stop_status
2021-09-18 17:19:08,641 DEBUG   SenderThread:1792594 [sender.py:send_request():193] send_request: stop_status
2021-09-18 17:19:08,696 ERROR   SenderThread:1792594 [internal_api.py:execute():130] 429 response executing GraphQL.
2021-09-18 17:19:08,696 ERROR   SenderThread:1792594 [internal_api.py:execute():131] {"error":"rate limit exceeded"}

2021-09-18 17:19:09,773 ERROR   SenderThread:1792594 [internal_api.py:execute():130] 429 response executing GraphQL.
2021-09-18 17:19:09,774 ERROR   SenderThread:1792594 [internal_api.py:execute():131] {"error":"rate limit exceeded"}

2021-09-18 17:19:11,919 ERROR   SenderThread:1792594 [internal_api.py:execute():130] 429 response executing GraphQL.
2021-09-18 17:19:11,920 ERROR   SenderThread:1792594 [internal_api.py:execute():131] {"error":"rate limit exceeded"}

2021-09-18 17:19:11,920 ERROR   SenderThread:1792594 [retry.py:__call__():126] Retry attempt failed:
Traceback (most recent call last):
  File "/usr/local/lib/python3.6/dist-packages/wandb/sdk/lib/retry.py", line 102, in __call__
    result = self._call_fn(*args, **kwargs)
  File "/usr/local/lib/python3.6/dist-packages/wandb/sdk/internal/internal_api.py", line 133, in execute
    six.reraise(*sys.exc_info())
  File "/usr/local/lib/python3.6/dist-packages/six.py", line 719, in reraise
    raise value
  File "/usr/local/lib/python3.6/dist-packages/wandb/sdk/internal/internal_api.py", line 127, in execute
    return self.client.execute(*args, **kwargs)
  File "/usr/local/lib/python3.6/dist-packages/wandb/vendor/gql-0.2.0/gql/client.py", line 52, in execute
    result = self._get_result(document, *args, **kwargs)
  File "/usr/local/lib/python3.6/dist-packages/wandb/vendor/gql-0.2.0/gql/client.py", line 60, in _get_result
    return self.transport.execute(document, *args, **kwargs)
  File "/usr/local/lib/python3.6/dist-packages/wandb/vendor/gql-0.2.0/gql/transport/requests.py", line 39, in execute
    request.raise_for_status()
  File "/usr/local/lib/python3.6/dist-packages/requests/models.py", line 943, in raise_for_status
    raise HTTPError(http_error_msg, response=self)
requests.exceptions.HTTPError: 429 Client Error: Too Many Requests for url: https://api.wandb.ai/graphql
2021-09-18 17:19:21,944 DEBUG   SenderThread:1792594 [sender.py:send():179] send: stats
2021-09-18 17:19:26,439 DEBUG   HandlerThread:1792594 [handler.py:handle_request():124] handle_request: poll_exit
2021-09-18 17:19:26,439 DEBUG   SenderThread:1792594 [sender.py:send():179] send: telemetry
2021-09-18 17:19:26,440 DEBUG   SenderThread:1792594 [sender.py:send():179] send: exit
2021-09-18 17:19:26,440 INFO    SenderThread:1792594 [sender.py:send_exit():287] handling exit code: 1
2021-09-18 17:19:26,440 INFO    SenderThread:1792594 [sender.py:send_exit():295] send defer
2021-09-18 17:19:26,440 DEBUG   SenderThread:1792594 [sender.py:send_request():193] send_request: poll_exit
2021-09-18 17:19:26,440 DEBUG   HandlerThread:1792594 [handler.py:handle_request():124] handle_request: defer
2021-09-18 17:19:26,440 INFO    HandlerThread:1792594 [handler.py:handle_request_defer():141] handle defer: 0
2021-09-18 17:19:26,440 DEBUG   SenderThread:1792594 [sender.py:send_request():193] send_request: defer
2021-09-18 17:19:26,440 INFO    SenderThread:1792594 [sender.py:send_request_defer():304] handle sender defer: 0
2021-09-18 17:19:26,440 INFO    SenderThread:1792594 [sender.py:transition_state():308] send defer: 1
2021-09-18 17:19:26,441 DEBUG   HandlerThread:1792594 [handler.py:handle_request():124] handle_request: defer
2021-09-18 17:19:26,441 INFO    HandlerThread:1792594 [handler.py:handle_request_defer():141] handle defer: 1
2021-09-18 17:19:26,512 DEBUG   SenderThread:1792594 [sender.py:send_request():193] send_request: defer
2021-09-18 17:19:26,512 INFO    SenderThread:1792594 [sender.py:send_request_defer():304] handle sender defer: 1
2021-09-18 17:19:26,513 INFO    SenderThread:1792594 [sender.py:transition_state():308] send defer: 2
2021-09-18 17:19:26,513 DEBUG   SenderThread:1792594 [sender.py:send():179] send: stats
2021-09-18 17:19:26,515 DEBUG   HandlerThread:1792594 [handler.py:handle_request():124] handle_request: defer
2021-09-18 17:19:26,515 INFO    HandlerThread:1792594 [handler.py:handle_request_defer():141] handle defer: 2
2021-09-18 17:19:26,515 DEBUG   SenderThread:1792594 [sender.py:send_request():193] send_request: defer
2021-09-18 17:19:26,515 INFO    SenderThread:1792594 [sender.py:send_request_defer():304] handle sender defer: 2
2021-09-18 17:19:26,515 INFO    SenderThread:1792594 [sender.py:transition_state():308] send defer: 3
2021-09-18 17:19:26,516 DEBUG   HandlerThread:1792594 [handler.py:handle_request():124] handle_request: defer
2021-09-18 17:19:26,516 INFO    HandlerThread:1792594 [handler.py:handle_request_defer():141] handle defer: 3
2021-09-18 17:19:26,516 DEBUG   SenderThread:1792594 [sender.py:send():179] send: summary
2021-09-18 17:19:26,516 INFO    SenderThread:1792594 [sender.py:_save_file():841] saving file wandb-summary.json with policy end
2021-09-18 17:19:26,516 DEBUG   SenderThread:1792594 [sender.py:send_request():193] send_request: defer
2021-09-18 17:19:26,516 INFO    SenderThread:1792594 [sender.py:send_request_defer():304] handle sender defer: 3
2021-09-18 17:19:26,517 INFO    SenderThread:1792594 [sender.py:transition_state():308] send defer: 4
2021-09-18 17:19:26,517 DEBUG   HandlerThread:1792594 [handler.py:handle_request():124] handle_request: defer
2021-09-18 17:19:26,517 INFO    HandlerThread:1792594 [handler.py:handle_request_defer():141] handle defer: 4
2021-09-18 17:19:26,517 DEBUG   SenderThread:1792594 [sender.py:send_request():193] send_request: defer
2021-09-18 17:19:26,517 INFO    SenderThread:1792594 [sender.py:send_request_defer():304] handle sender defer: 4
2021-09-18 17:19:26,542 DEBUG   HandlerThread:1792594 [handler.py:handle_request():124] handle_request: poll_exit
2021-09-18 17:19:26,573 ERROR   SenderThread:1792594 [internal_api.py:execute():130] 429 response executing GraphQL.
2021-09-18 17:19:26,574 ERROR   SenderThread:1792594 [internal_api.py:execute():131] {"error":"rate limit exceeded"}

2021-09-18 17:19:27,466 INFO    Thread-8  :1792594 [dir_watcher.py:_on_file_modified():229] file/dir modified: /grid/koo/home/toneyan/profile/QuantPred/wandb/run-20210918_171851-bfw6c0uu/files/wandb-summary.json
2021-09-18 17:19:27,876 ERROR   SenderThread:1792594 [internal_api.py:execute():130] 429 response executing GraphQL.
2021-09-18 17:19:27,876 ERROR   SenderThread:1792594 [internal_api.py:execute():131] {"error":"rate limit exceeded"}

2021-09-18 17:19:30,175 INFO    SenderThread:1792594 [sender.py:transition_state():308] send defer: 5
2021-09-18 17:19:30,176 DEBUG   SenderThread:1792594 [sender.py:send_request():193] send_request: poll_exit
2021-09-18 17:19:30,176 DEBUG   HandlerThread:1792594 [handler.py:handle_request():124] handle_request: defer
2021-09-18 17:19:30,176 INFO    HandlerThread:1792594 [handler.py:handle_request_defer():141] handle defer: 5
2021-09-18 17:19:30,176 DEBUG   SenderThread:1792594 [sender.py:send_request():193] send_request: defer
2021-09-18 17:19:30,176 INFO    SenderThread:1792594 [sender.py:send_request_defer():304] handle sender defer: 5
2021-09-18 17:19:30,176 INFO    SenderThread:1792594 [dir_watcher.py:finish():282] shutting down directory watcher
2021-09-18 17:19:30,278 DEBUG   HandlerThread:1792594 [handler.py:handle_request():124] handle_request: poll_exit
2021-09-18 17:19:30,467 INFO    SenderThread:1792594 [dir_watcher.py:_on_file_modified():229] file/dir modified: /grid/koo/home/toneyan/profile/QuantPred/wandb/run-20210918_171851-bfw6c0uu/files/config.yaml
2021-09-18 17:19:30,468 INFO    SenderThread:1792594 [dir_watcher.py:finish():312] scan: /grid/koo/home/toneyan/profile/QuantPred/wandb/run-20210918_171851-bfw6c0uu/files
2021-09-18 17:19:30,468 INFO    SenderThread:1792594 [dir_watcher.py:finish():318] scan save: /grid/koo/home/toneyan/profile/QuantPred/wandb/run-20210918_171851-bfw6c0uu/files/wandb-metadata.json wandb-metadata.json
2021-09-18 17:19:30,468 INFO    SenderThread:1792594 [dir_watcher.py:finish():318] scan save: /grid/koo/home/toneyan/profile/QuantPred/wandb/run-20210918_171851-bfw6c0uu/files/config.yaml config.yaml
2021-09-18 17:19:30,468 INFO    SenderThread:1792594 [dir_watcher.py:finish():318] scan save: /grid/koo/home/toneyan/profile/QuantPred/wandb/run-20210918_171851-bfw6c0uu/files/requirements.txt requirements.txt
2021-09-18 17:19:30,471 INFO    SenderThread:1792594 [dir_watcher.py:finish():318] scan save: /grid/koo/home/toneyan/profile/QuantPred/wandb/run-20210918_171851-bfw6c0uu/files/wandb-summary.json wandb-summary.json
2021-09-18 17:19:30,472 INFO    SenderThread:1792594 [dir_watcher.py:finish():318] scan save: /grid/koo/home/toneyan/profile/QuantPred/wandb/run-20210918_171851-bfw6c0uu/files/output.log output.log
2021-09-18 17:19:30,475 INFO    SenderThread:1792594 [sender.py:transition_state():308] send defer: 6
2021-09-18 17:19:30,475 DEBUG   SenderThread:1792594 [sender.py:send_request():193] send_request: poll_exit
2021-09-18 17:19:30,480 DEBUG   HandlerThread:1792594 [handler.py:handle_request():124] handle_request: defer
2021-09-18 17:19:30,480 INFO    HandlerThread:1792594 [handler.py:handle_request_defer():141] handle defer: 6
2021-09-18 17:19:30,480 DEBUG   SenderThread:1792594 [sender.py:send_request():193] send_request: defer
2021-09-18 17:19:30,481 INFO    SenderThread:1792594 [sender.py:send_request_defer():304] handle sender defer: 6
2021-09-18 17:19:30,481 INFO    SenderThread:1792594 [file_pusher.py:finish():177] shutting down file pusher
2021-09-18 17:19:30,581 DEBUG   HandlerThread:1792594 [handler.py:handle_request():124] handle_request: poll_exit
2021-09-18 17:19:30,582 DEBUG   SenderThread:1792594 [sender.py:send_request():193] send_request: poll_exit
2021-09-18 17:19:30,684 DEBUG   HandlerThread:1792594 [handler.py:handle_request():124] handle_request: poll_exit
2021-09-18 17:19:30,684 DEBUG   SenderThread:1792594 [sender.py:send_request():193] send_request: poll_exit
2021-09-18 17:19:30,775 INFO    Thread-12 :1792594 [upload_job.py:push():137] Uploaded file /grid/koo/home/toneyan/profile/QuantPred/wandb/run-20210918_171851-bfw6c0uu/files/config.yaml
2021-09-18 17:19:30,786 DEBUG   HandlerThread:1792594 [handler.py:handle_request():124] handle_request: poll_exit
2021-09-18 17:19:30,786 DEBUG   SenderThread:1792594 [sender.py:send_request():193] send_request: poll_exit
2021-09-18 17:19:30,824 INFO    Thread-13 :1792594 [upload_job.py:push():137] Uploaded file /grid/koo/home/toneyan/profile/QuantPred/wandb/run-20210918_171851-bfw6c0uu/files/requirements.txt
2021-09-18 17:19:30,849 INFO    Thread-14 :1792594 [upload_job.py:push():137] Uploaded file /grid/koo/home/toneyan/profile/QuantPred/wandb/run-20210918_171851-bfw6c0uu/files/wandb-summary.json
2021-09-18 17:19:30,888 DEBUG   HandlerThread:1792594 [handler.py:handle_request():124] handle_request: poll_exit
2021-09-18 17:19:30,888 DEBUG   SenderThread:1792594 [sender.py:send_request():193] send_request: poll_exit
2021-09-18 17:19:30,990 DEBUG   HandlerThread:1792594 [handler.py:handle_request():124] handle_request: poll_exit
2021-09-18 17:19:30,991 DEBUG   SenderThread:1792594 [sender.py:send_request():193] send_request: poll_exit
2021-09-18 17:19:31,049 INFO    Thread-7  :1792594 [sender.py:transition_state():308] send defer: 7
2021-09-18 17:19:31,050 DEBUG   HandlerThread:1792594 [handler.py:handle_request():124] handle_request: defer
2021-09-18 17:19:31,050 INFO    HandlerThread:1792594 [handler.py:handle_request_defer():141] handle defer: 7
2021-09-18 17:19:31,050 DEBUG   SenderThread:1792594 [sender.py:send_request():193] send_request: defer
2021-09-18 17:19:31,050 INFO    SenderThread:1792594 [sender.py:send_request_defer():304] handle sender defer: 7
2021-09-18 17:19:31,093 DEBUG   HandlerThread:1792594 [handler.py:handle_request():124] handle_request: poll_exit
2021-09-18 17:19:31,101 INFO    SenderThread:1792594 [sender.py:transition_state():308] send defer: 8
2021-09-18 17:19:31,101 DEBUG   SenderThread:1792594 [sender.py:send_request():193] send_request: poll_exit
2021-09-18 17:19:31,102 DEBUG   HandlerThread:1792594 [handler.py:handle_request():124] handle_request: defer
2021-09-18 17:19:31,102 INFO    HandlerThread:1792594 [handler.py:handle_request_defer():141] handle defer: 8
2021-09-18 17:19:31,102 DEBUG   SenderThread:1792594 [sender.py:send_request():193] send_request: defer
2021-09-18 17:19:31,102 INFO    SenderThread:1792594 [sender.py:send_request_defer():304] handle sender defer: 8
2021-09-18 17:19:31,102 INFO    SenderThread:1792594 [sender.py:transition_state():308] send defer: 9
2021-09-18 17:19:31,102 DEBUG   SenderThread:1792594 [sender.py:send():179] send: final
2021-09-18 17:19:31,102 DEBUG   SenderThread:1792594 [sender.py:send():179] send: footer
2021-09-18 17:19:31,103 DEBUG   HandlerThread:1792594 [handler.py:handle_request():124] handle_request: defer
2021-09-18 17:19:31,103 INFO    HandlerThread:1792594 [handler.py:handle_request_defer():141] handle defer: 9
2021-09-18 17:19:31,103 DEBUG   SenderThread:1792594 [sender.py:send_request():193] send_request: defer
2021-09-18 17:19:31,103 INFO    SenderThread:1792594 [sender.py:send_request_defer():304] handle sender defer: 9
2021-09-18 17:19:31,203 DEBUG   HandlerThread:1792594 [handler.py:handle_request():124] handle_request: poll_exit
2021-09-18 17:19:31,204 DEBUG   SenderThread:1792594 [sender.py:send_request():193] send_request: poll_exit
2021-09-18 17:19:31,204 INFO    SenderThread:1792594 [file_pusher.py:join():182] waiting for file pusher
2021-09-18 17:19:31,205 DEBUG   HandlerThread:1792594 [handler.py:handle_request():124] handle_request: get_summary
2021-09-18 17:19:31,206 DEBUG   HandlerThread:1792594 [handler.py:handle_request():124] handle_request: sampled_history
2021-09-18 17:19:31,206 DEBUG   HandlerThread:1792594 [handler.py:handle_request():124] handle_request: shutdown
2021-09-18 17:19:31,206 INFO    HandlerThread:1792594 [handler.py:finish():638] shutting down handler
2021-09-18 17:19:32,103 INFO    WriterThread:1792594 [datastore.py:close():288] close: /grid/koo/home/toneyan/profile/QuantPred/wandb/run-20210918_171851-bfw6c0uu/run-bfw6c0uu.wandb
2021-09-18 17:19:32,204 INFO    SenderThread:1792594 [sender.py:finish():945] shutting down sender
2021-09-18 17:19:32,204 INFO    SenderThread:1792594 [file_pusher.py:finish():177] shutting down file pusher
2021-09-18 17:19:32,205 INFO    SenderThread:1792594 [file_pusher.py:join():182] waiting for file pusher
2021-09-18 17:19:32,208 INFO    MainThread:1792594 [internal.py:handle_exit():78] Internal process exited
