2021-09-19 05:20:22,323 INFO    MainThread:2572605 [internal.py:wandb_internal():91] W&B internal server running at pid: 2572605, started at: 2021-09-19 05:20:22.322371
2021-09-19 05:20:22,324 DEBUG   HandlerThread:2572605 [handler.py:handle_request():124] handle_request: check_version
2021-09-19 05:20:22,325 INFO    WriterThread:2572605 [datastore.py:open_for_write():80] open: /grid/koo/home/toneyan/profile/QuantPred/wandb/run-20210919_052021-6o2u0lhs/run-6o2u0lhs.wandb
2021-09-19 05:20:22,326 DEBUG   SenderThread:2572605 [sender.py:send():179] send: header
2021-09-19 05:20:22,326 DEBUG   SenderThread:2572605 [sender.py:send_request():193] send_request: check_version
2021-09-19 05:20:22,356 DEBUG   SenderThread:2572605 [sender.py:send():179] send: run
2021-09-19 05:20:22,440 INFO    SenderThread:2572605 [dir_watcher.py:__init__():168] watching files in: /grid/koo/home/toneyan/profile/QuantPred/wandb/run-20210919_052021-6o2u0lhs/files
2021-09-19 05:20:22,440 INFO    SenderThread:2572605 [sender.py:_start_run_threads():719] run started: 6o2u0lhs with start time 1632043221
2021-09-19 05:20:22,440 DEBUG   SenderThread:2572605 [sender.py:send():179] send: summary
2021-09-19 05:20:22,441 INFO    SenderThread:2572605 [sender.py:_save_file():841] saving file wandb-summary.json with policy end
2021-09-19 05:20:22,442 DEBUG   HandlerThread:2572605 [handler.py:handle_request():124] handle_request: run_start
2021-09-19 05:20:23,445 INFO    Thread-8  :2572605 [dir_watcher.py:_on_file_created():216] file/dir created: /grid/koo/home/toneyan/profile/QuantPred/wandb/run-20210919_052021-6o2u0lhs/files/wandb-summary.json
2021-09-19 05:20:23,603 DEBUG   HandlerThread:2572605 [meta.py:__init__():39] meta init
2021-09-19 05:20:23,603 DEBUG   HandlerThread:2572605 [meta.py:__init__():53] meta init done
2021-09-19 05:20:23,603 DEBUG   HandlerThread:2572605 [meta.py:probe():210] probe
2021-09-19 05:20:23,610 DEBUG   HandlerThread:2572605 [meta.py:_save_pip():57] save pip
2021-09-19 05:20:23,611 DEBUG   HandlerThread:2572605 [meta.py:_save_pip():71] save pip done
2021-09-19 05:20:23,611 DEBUG   HandlerThread:2572605 [meta.py:probe():252] probe done
2021-09-19 05:20:23,615 DEBUG   SenderThread:2572605 [sender.py:send():179] send: files
2021-09-19 05:20:23,615 INFO    SenderThread:2572605 [sender.py:_save_file():841] saving file wandb-metadata.json with policy now
2021-09-19 05:20:23,633 DEBUG   HandlerThread:2572605 [handler.py:handle_request():124] handle_request: stop_status
2021-09-19 05:20:23,633 DEBUG   SenderThread:2572605 [sender.py:send_request():193] send_request: stop_status
2021-09-19 05:20:23,677 ERROR   Thread-11 :2572605 [internal_api.py:execute():130] 429 response executing GraphQL.
2021-09-19 05:20:23,677 ERROR   Thread-11 :2572605 [internal_api.py:execute():131] {"error":"rate limit exceeded"}

2021-09-19 05:20:23,688 ERROR   SenderThread:2572605 [internal_api.py:execute():130] 429 response executing GraphQL.
2021-09-19 05:20:23,688 ERROR   SenderThread:2572605 [internal_api.py:execute():131] {"error":"rate limit exceeded"}

2021-09-19 05:20:24,443 INFO    Thread-8  :2572605 [dir_watcher.py:_on_file_created():216] file/dir created: /grid/koo/home/toneyan/profile/QuantPred/wandb/run-20210919_052021-6o2u0lhs/files/output.log
2021-09-19 05:20:24,444 INFO    Thread-8  :2572605 [dir_watcher.py:_on_file_created():216] file/dir created: /grid/koo/home/toneyan/profile/QuantPred/wandb/run-20210919_052021-6o2u0lhs/files/requirements.txt
2021-09-19 05:20:24,444 INFO    Thread-8  :2572605 [dir_watcher.py:_on_file_created():216] file/dir created: /grid/koo/home/toneyan/profile/QuantPred/wandb/run-20210919_052021-6o2u0lhs/files/wandb-metadata.json
2021-09-19 05:20:24,889 ERROR   Thread-11 :2572605 [internal_api.py:execute():130] 429 response executing GraphQL.
2021-09-19 05:20:24,889 ERROR   Thread-11 :2572605 [internal_api.py:execute():131] {"error":"rate limit exceeded"}

2021-09-19 05:20:24,890 ERROR   Thread-11 :2572605 [retry.py:__call__():126] Retry attempt failed:
Traceback (most recent call last):
  File "/usr/local/lib/python3.6/dist-packages/wandb/sdk/lib/retry.py", line 102, in __call__
    result = self._call_fn(*args, **kwargs)
  File "/usr/local/lib/python3.6/dist-packages/wandb/sdk/internal/internal_api.py", line 133, in execute
    six.reraise(*sys.exc_info())
  File "/usr/local/lib/python3.6/dist-packages/six.py", line 719, in reraise
    raise value
  File "/usr/local/lib/python3.6/dist-packages/wandb/sdk/internal/internal_api.py", line 127, in execute
    return self.client.execute(*args, **kwargs)
  File "/usr/local/lib/python3.6/dist-packages/wandb/vendor/gql-0.2.0/gql/client.py", line 52, in execute
    result = self._get_result(document, *args, **kwargs)
  File "/usr/local/lib/python3.6/dist-packages/wandb/vendor/gql-0.2.0/gql/client.py", line 60, in _get_result
    return self.transport.execute(document, *args, **kwargs)
  File "/usr/local/lib/python3.6/dist-packages/wandb/vendor/gql-0.2.0/gql/transport/requests.py", line 39, in execute
    request.raise_for_status()
  File "/usr/local/lib/python3.6/dist-packages/requests/models.py", line 943, in raise_for_status
    raise HTTPError(http_error_msg, response=self)
requests.exceptions.HTTPError: 429 Client Error: Too Many Requests for url: https://api.wandb.ai/graphql
2021-09-19 05:20:24,923 ERROR   SenderThread:2572605 [internal_api.py:execute():130] 429 response executing GraphQL.
2021-09-19 05:20:24,923 ERROR   SenderThread:2572605 [internal_api.py:execute():131] {"error":"rate limit exceeded"}

2021-09-19 05:20:24,923 ERROR   SenderThread:2572605 [retry.py:__call__():126] Retry attempt failed:
Traceback (most recent call last):
  File "/usr/local/lib/python3.6/dist-packages/wandb/sdk/lib/retry.py", line 102, in __call__
    result = self._call_fn(*args, **kwargs)
  File "/usr/local/lib/python3.6/dist-packages/wandb/sdk/internal/internal_api.py", line 133, in execute
    six.reraise(*sys.exc_info())
  File "/usr/local/lib/python3.6/dist-packages/six.py", line 719, in reraise
    raise value
  File "/usr/local/lib/python3.6/dist-packages/wandb/sdk/internal/internal_api.py", line 127, in execute
    return self.client.execute(*args, **kwargs)
  File "/usr/local/lib/python3.6/dist-packages/wandb/vendor/gql-0.2.0/gql/client.py", line 52, in execute
    result = self._get_result(document, *args, **kwargs)
  File "/usr/local/lib/python3.6/dist-packages/wandb/vendor/gql-0.2.0/gql/client.py", line 60, in _get_result
    return self.transport.execute(document, *args, **kwargs)
  File "/usr/local/lib/python3.6/dist-packages/wandb/vendor/gql-0.2.0/gql/transport/requests.py", line 39, in execute
    request.raise_for_status()
  File "/usr/local/lib/python3.6/dist-packages/requests/models.py", line 943, in raise_for_status
    raise HTTPError(http_error_msg, response=self)
requests.exceptions.HTTPError: 429 Client Error: Too Many Requests for url: https://api.wandb.ai/graphql
2021-09-19 05:20:27,190 ERROR   Thread-11 :2572605 [internal_api.py:execute():130] 429 response executing GraphQL.
2021-09-19 05:20:27,191 ERROR   Thread-11 :2572605 [internal_api.py:execute():131] {"error":"rate limit exceeded"}

2021-09-19 05:20:27,472 ERROR   SenderThread:2572605 [internal_api.py:execute():130] 429 response executing GraphQL.
2021-09-19 05:20:27,473 ERROR   SenderThread:2572605 [internal_api.py:execute():131] {"error":"rate limit exceeded"}

2021-09-19 05:20:32,025 INFO    Thread-11 :2572605 [upload_job.py:push():137] Uploaded file /tmp/3288848.1.gpu_ded.q/tmp_y0z5n1wwandb/64rgz7mq-wandb-metadata.json
2021-09-19 05:20:46,934 DEBUG   HandlerThread:2572605 [handler.py:handle_request():124] handle_request: stop_status
2021-09-19 05:20:46,934 DEBUG   SenderThread:2572605 [sender.py:send_request():193] send_request: stop_status
2021-09-19 05:20:51,989 DEBUG   SenderThread:2572605 [sender.py:send():179] send: stats
2021-09-19 05:20:54,532 DEBUG   SenderThread:2572605 [sender.py:send():179] send: telemetry
2021-09-19 05:20:54,533 DEBUG   HandlerThread:2572605 [handler.py:handle_request():124] handle_request: poll_exit
2021-09-19 05:20:54,533 DEBUG   SenderThread:2572605 [sender.py:send():179] send: exit
2021-09-19 05:20:54,533 INFO    SenderThread:2572605 [sender.py:send_exit():287] handling exit code: 1
2021-09-19 05:20:54,533 INFO    SenderThread:2572605 [sender.py:send_exit():295] send defer
2021-09-19 05:20:54,533 DEBUG   SenderThread:2572605 [sender.py:send_request():193] send_request: poll_exit
2021-09-19 05:20:54,533 DEBUG   HandlerThread:2572605 [handler.py:handle_request():124] handle_request: defer
2021-09-19 05:20:54,533 INFO    HandlerThread:2572605 [handler.py:handle_request_defer():141] handle defer: 0
2021-09-19 05:20:54,534 DEBUG   SenderThread:2572605 [sender.py:send_request():193] send_request: defer
2021-09-19 05:20:54,534 INFO    SenderThread:2572605 [sender.py:send_request_defer():304] handle sender defer: 0
2021-09-19 05:20:54,534 INFO    SenderThread:2572605 [sender.py:transition_state():308] send defer: 1
2021-09-19 05:20:54,534 DEBUG   HandlerThread:2572605 [handler.py:handle_request():124] handle_request: defer
2021-09-19 05:20:54,534 INFO    HandlerThread:2572605 [handler.py:handle_request_defer():141] handle defer: 1
2021-09-19 05:20:54,634 DEBUG   SenderThread:2572605 [sender.py:send_request():193] send_request: defer
2021-09-19 05:20:54,634 INFO    SenderThread:2572605 [sender.py:send_request_defer():304] handle sender defer: 1
2021-09-19 05:20:54,634 INFO    SenderThread:2572605 [sender.py:transition_state():308] send defer: 2
2021-09-19 05:20:54,634 DEBUG   SenderThread:2572605 [sender.py:send():179] send: stats
2021-09-19 05:20:54,634 DEBUG   HandlerThread:2572605 [handler.py:handle_request():124] handle_request: defer
2021-09-19 05:20:54,636 INFO    HandlerThread:2572605 [handler.py:handle_request_defer():141] handle defer: 2
2021-09-19 05:20:54,636 DEBUG   HandlerThread:2572605 [handler.py:handle_request():124] handle_request: poll_exit
2021-09-19 05:20:54,636 DEBUG   SenderThread:2572605 [sender.py:send_request():193] send_request: defer
2021-09-19 05:20:54,637 INFO    SenderThread:2572605 [sender.py:send_request_defer():304] handle sender defer: 2
2021-09-19 05:20:54,637 INFO    SenderThread:2572605 [sender.py:transition_state():308] send defer: 3
2021-09-19 05:20:54,637 DEBUG   SenderThread:2572605 [sender.py:send_request():193] send_request: poll_exit
2021-09-19 05:20:54,637 DEBUG   HandlerThread:2572605 [handler.py:handle_request():124] handle_request: defer
2021-09-19 05:20:54,637 INFO    HandlerThread:2572605 [handler.py:handle_request_defer():141] handle defer: 3
2021-09-19 05:20:54,637 DEBUG   SenderThread:2572605 [sender.py:send():179] send: summary
2021-09-19 05:20:54,638 INFO    SenderThread:2572605 [sender.py:_save_file():841] saving file wandb-summary.json with policy end
2021-09-19 05:20:54,638 DEBUG   SenderThread:2572605 [sender.py:send_request():193] send_request: defer
2021-09-19 05:20:54,638 INFO    SenderThread:2572605 [sender.py:send_request_defer():304] handle sender defer: 3
2021-09-19 05:20:54,638 INFO    SenderThread:2572605 [sender.py:transition_state():308] send defer: 4
2021-09-19 05:20:54,638 DEBUG   HandlerThread:2572605 [handler.py:handle_request():124] handle_request: defer
2021-09-19 05:20:54,638 INFO    HandlerThread:2572605 [handler.py:handle_request_defer():141] handle defer: 4
2021-09-19 05:20:54,638 DEBUG   SenderThread:2572605 [sender.py:send_request():193] send_request: defer
2021-09-19 05:20:54,638 INFO    SenderThread:2572605 [sender.py:send_request_defer():304] handle sender defer: 4
2021-09-19 05:20:54,693 ERROR   SenderThread:2572605 [internal_api.py:execute():130] 429 response executing GraphQL.
2021-09-19 05:20:54,694 ERROR   SenderThread:2572605 [internal_api.py:execute():131] {"error":"rate limit exceeded"}

2021-09-19 05:20:54,738 DEBUG   HandlerThread:2572605 [handler.py:handle_request():124] handle_request: poll_exit
2021-09-19 05:20:55,454 INFO    Thread-8  :2572605 [dir_watcher.py:_on_file_modified():229] file/dir modified: /grid/koo/home/toneyan/profile/QuantPred/wandb/run-20210919_052021-6o2u0lhs/files/wandb-summary.json
2021-09-19 05:20:55,802 ERROR   SenderThread:2572605 [internal_api.py:execute():130] 429 response executing GraphQL.
2021-09-19 05:20:55,803 ERROR   SenderThread:2572605 [internal_api.py:execute():131] {"error":"rate limit exceeded"}

2021-09-19 05:20:57,941 ERROR   SenderThread:2572605 [internal_api.py:execute():130] 429 response executing GraphQL.
2021-09-19 05:20:57,941 ERROR   SenderThread:2572605 [internal_api.py:execute():131] {"error":"rate limit exceeded"}

2021-09-19 05:20:57,941 ERROR   SenderThread:2572605 [retry.py:__call__():126] Retry attempt failed:
Traceback (most recent call last):
  File "/usr/local/lib/python3.6/dist-packages/wandb/sdk/lib/retry.py", line 102, in __call__
    result = self._call_fn(*args, **kwargs)
  File "/usr/local/lib/python3.6/dist-packages/wandb/sdk/internal/internal_api.py", line 133, in execute
    six.reraise(*sys.exc_info())
  File "/usr/local/lib/python3.6/dist-packages/six.py", line 719, in reraise
    raise value
  File "/usr/local/lib/python3.6/dist-packages/wandb/sdk/internal/internal_api.py", line 127, in execute
    return self.client.execute(*args, **kwargs)
  File "/usr/local/lib/python3.6/dist-packages/wandb/vendor/gql-0.2.0/gql/client.py", line 52, in execute
    result = self._get_result(document, *args, **kwargs)
  File "/usr/local/lib/python3.6/dist-packages/wandb/vendor/gql-0.2.0/gql/client.py", line 60, in _get_result
    return self.transport.execute(document, *args, **kwargs)
  File "/usr/local/lib/python3.6/dist-packages/wandb/vendor/gql-0.2.0/gql/transport/requests.py", line 39, in execute
    request.raise_for_status()
  File "/usr/local/lib/python3.6/dist-packages/requests/models.py", line 943, in raise_for_status
    raise HTTPError(http_error_msg, response=self)
requests.exceptions.HTTPError: 429 Client Error: Too Many Requests for url: https://api.wandb.ai/graphql
2021-09-19 05:20:59,839 DEBUG   HandlerThread:2572605 [handler.py:handle_request():124] handle_request: poll_exit
2021-09-19 05:21:02,567 INFO    SenderThread:2572605 [sender.py:transition_state():308] send defer: 5
2021-09-19 05:21:02,568 DEBUG   SenderThread:2572605 [sender.py:send_request():193] send_request: poll_exit
2021-09-19 05:21:02,568 DEBUG   SenderThread:2572605 [sender.py:send_request():193] send_request: poll_exit
2021-09-19 05:21:02,568 DEBUG   HandlerThread:2572605 [handler.py:handle_request():124] handle_request: defer
2021-09-19 05:21:02,568 INFO    HandlerThread:2572605 [handler.py:handle_request_defer():141] handle defer: 5
2021-09-19 05:21:02,568 DEBUG   SenderThread:2572605 [sender.py:send_request():193] send_request: defer
2021-09-19 05:21:02,568 INFO    SenderThread:2572605 [sender.py:send_request_defer():304] handle sender defer: 5
2021-09-19 05:21:02,568 INFO    SenderThread:2572605 [dir_watcher.py:finish():282] shutting down directory watcher
2021-09-19 05:21:02,672 DEBUG   HandlerThread:2572605 [handler.py:handle_request():124] handle_request: poll_exit
2021-09-19 05:21:03,456 INFO    SenderThread:2572605 [dir_watcher.py:_on_file_modified():229] file/dir modified: /grid/koo/home/toneyan/profile/QuantPred/wandb/run-20210919_052021-6o2u0lhs/files/config.yaml
2021-09-19 05:21:03,457 INFO    SenderThread:2572605 [dir_watcher.py:finish():312] scan: /grid/koo/home/toneyan/profile/QuantPred/wandb/run-20210919_052021-6o2u0lhs/files
2021-09-19 05:21:03,457 INFO    SenderThread:2572605 [dir_watcher.py:finish():318] scan save: /grid/koo/home/toneyan/profile/QuantPred/wandb/run-20210919_052021-6o2u0lhs/files/wandb-metadata.json wandb-metadata.json
2021-09-19 05:21:03,457 INFO    SenderThread:2572605 [dir_watcher.py:finish():318] scan save: /grid/koo/home/toneyan/profile/QuantPred/wandb/run-20210919_052021-6o2u0lhs/files/config.yaml config.yaml
2021-09-19 05:21:03,457 INFO    SenderThread:2572605 [dir_watcher.py:finish():318] scan save: /grid/koo/home/toneyan/profile/QuantPred/wandb/run-20210919_052021-6o2u0lhs/files/requirements.txt requirements.txt
2021-09-19 05:21:03,457 INFO    SenderThread:2572605 [dir_watcher.py:finish():318] scan save: /grid/koo/home/toneyan/profile/QuantPred/wandb/run-20210919_052021-6o2u0lhs/files/wandb-summary.json wandb-summary.json
2021-09-19 05:21:03,460 INFO    SenderThread:2572605 [dir_watcher.py:finish():318] scan save: /grid/koo/home/toneyan/profile/QuantPred/wandb/run-20210919_052021-6o2u0lhs/files/output.log output.log
2021-09-19 05:21:03,463 INFO    SenderThread:2572605 [sender.py:transition_state():308] send defer: 6
2021-09-19 05:21:03,463 DEBUG   SenderThread:2572605 [sender.py:send_request():193] send_request: poll_exit
2021-09-19 05:21:03,469 DEBUG   HandlerThread:2572605 [handler.py:handle_request():124] handle_request: defer
2021-09-19 05:21:03,469 INFO    HandlerThread:2572605 [handler.py:handle_request_defer():141] handle defer: 6
2021-09-19 05:21:03,469 DEBUG   SenderThread:2572605 [sender.py:send_request():193] send_request: defer
2021-09-19 05:21:03,469 INFO    SenderThread:2572605 [sender.py:send_request_defer():304] handle sender defer: 6
2021-09-19 05:21:03,469 INFO    SenderThread:2572605 [file_pusher.py:finish():177] shutting down file pusher
2021-09-19 05:21:03,570 DEBUG   HandlerThread:2572605 [handler.py:handle_request():124] handle_request: poll_exit
2021-09-19 05:21:03,570 DEBUG   SenderThread:2572605 [sender.py:send_request():193] send_request: poll_exit
2021-09-19 05:21:03,672 DEBUG   HandlerThread:2572605 [handler.py:handle_request():124] handle_request: poll_exit
2021-09-19 05:21:03,672 DEBUG   SenderThread:2572605 [sender.py:send_request():193] send_request: poll_exit
2021-09-19 05:21:03,760 INFO    Thread-12 :2572605 [upload_job.py:push():137] Uploaded file /grid/koo/home/toneyan/profile/QuantPred/wandb/run-20210919_052021-6o2u0lhs/files/config.yaml
2021-09-19 05:21:03,761 INFO    Thread-14 :2572605 [upload_job.py:push():137] Uploaded file /grid/koo/home/toneyan/profile/QuantPred/wandb/run-20210919_052021-6o2u0lhs/files/wandb-summary.json
2021-09-19 05:21:03,774 DEBUG   HandlerThread:2572605 [handler.py:handle_request():124] handle_request: poll_exit
2021-09-19 05:21:03,774 DEBUG   SenderThread:2572605 [sender.py:send_request():193] send_request: poll_exit
2021-09-19 05:21:03,878 DEBUG   HandlerThread:2572605 [handler.py:handle_request():124] handle_request: poll_exit
2021-09-19 05:21:03,878 DEBUG   SenderThread:2572605 [sender.py:send_request():193] send_request: poll_exit
2021-09-19 05:21:03,912 INFO    Thread-13 :2572605 [upload_job.py:push():137] Uploaded file /grid/koo/home/toneyan/profile/QuantPred/wandb/run-20210919_052021-6o2u0lhs/files/requirements.txt
2021-09-19 05:21:03,980 DEBUG   HandlerThread:2572605 [handler.py:handle_request():124] handle_request: poll_exit
2021-09-19 05:21:03,980 DEBUG   SenderThread:2572605 [sender.py:send_request():193] send_request: poll_exit
2021-09-19 05:21:04,082 DEBUG   HandlerThread:2572605 [handler.py:handle_request():124] handle_request: poll_exit
2021-09-19 05:21:04,082 DEBUG   SenderThread:2572605 [sender.py:send_request():193] send_request: poll_exit
2021-09-19 05:21:04,112 INFO    Thread-7  :2572605 [sender.py:transition_state():308] send defer: 7
2021-09-19 05:21:04,112 DEBUG   HandlerThread:2572605 [handler.py:handle_request():124] handle_request: defer
2021-09-19 05:21:04,113 INFO    HandlerThread:2572605 [handler.py:handle_request_defer():141] handle defer: 7
2021-09-19 05:21:04,113 DEBUG   SenderThread:2572605 [sender.py:send_request():193] send_request: defer
2021-09-19 05:21:04,113 INFO    SenderThread:2572605 [sender.py:send_request_defer():304] handle sender defer: 7
2021-09-19 05:21:04,169 INFO    SenderThread:2572605 [sender.py:transition_state():308] send defer: 8
2021-09-19 05:21:04,170 DEBUG   HandlerThread:2572605 [handler.py:handle_request():124] handle_request: defer
2021-09-19 05:21:04,170 INFO    HandlerThread:2572605 [handler.py:handle_request_defer():141] handle defer: 8
2021-09-19 05:21:04,170 DEBUG   SenderThread:2572605 [sender.py:send_request():193] send_request: defer
2021-09-19 05:21:04,170 INFO    SenderThread:2572605 [sender.py:send_request_defer():304] handle sender defer: 8
2021-09-19 05:21:04,170 INFO    SenderThread:2572605 [sender.py:transition_state():308] send defer: 9
2021-09-19 05:21:04,170 DEBUG   SenderThread:2572605 [sender.py:send():179] send: final
2021-09-19 05:21:04,171 DEBUG   HandlerThread:2572605 [handler.py:handle_request():124] handle_request: defer
2021-09-19 05:21:04,171 DEBUG   SenderThread:2572605 [sender.py:send():179] send: footer
2021-09-19 05:21:04,171 INFO    HandlerThread:2572605 [handler.py:handle_request_defer():141] handle defer: 9
2021-09-19 05:21:04,171 DEBUG   SenderThread:2572605 [sender.py:send_request():193] send_request: defer
2021-09-19 05:21:04,171 INFO    SenderThread:2572605 [sender.py:send_request_defer():304] handle sender defer: 9
2021-09-19 05:21:04,184 DEBUG   HandlerThread:2572605 [handler.py:handle_request():124] handle_request: poll_exit
2021-09-19 05:21:04,184 DEBUG   SenderThread:2572605 [sender.py:send_request():193] send_request: poll_exit
2021-09-19 05:21:04,184 INFO    SenderThread:2572605 [file_pusher.py:join():182] waiting for file pusher
2021-09-19 05:21:04,185 DEBUG   HandlerThread:2572605 [handler.py:handle_request():124] handle_request: get_summary
2021-09-19 05:21:04,185 DEBUG   HandlerThread:2572605 [handler.py:handle_request():124] handle_request: sampled_history
2021-09-19 05:21:04,186 DEBUG   HandlerThread:2572605 [handler.py:handle_request():124] handle_request: shutdown
2021-09-19 05:21:04,186 INFO    HandlerThread:2572605 [handler.py:finish():638] shutting down handler
2021-09-19 05:21:05,171 INFO    WriterThread:2572605 [datastore.py:close():288] close: /grid/koo/home/toneyan/profile/QuantPred/wandb/run-20210919_052021-6o2u0lhs/run-6o2u0lhs.wandb
2021-09-19 05:21:05,184 INFO    SenderThread:2572605 [sender.py:finish():945] shutting down sender
2021-09-19 05:21:05,184 INFO    SenderThread:2572605 [file_pusher.py:finish():177] shutting down file pusher
2021-09-19 05:21:05,184 INFO    SenderThread:2572605 [file_pusher.py:join():182] waiting for file pusher
2021-09-19 05:21:05,186 INFO    MainThread:2572605 [internal.py:handle_exit():78] Internal process exited
