2021-09-18 20:23:03,061 INFO    MainThread:905163 [internal.py:wandb_internal():91] W&B internal server running at pid: 905163, started at: 2021-09-18 20:23:03.061030
2021-09-18 20:23:03,063 DEBUG   HandlerThread:905163 [handler.py:handle_request():124] handle_request: check_version
2021-09-18 20:23:03,063 INFO    WriterThread:905163 [datastore.py:open_for_write():80] open: /grid/koo/home/toneyan/profile/QuantPred/wandb/run-20210918_202302-l4nuopxr/run-l4nuopxr.wandb
2021-09-18 20:23:03,065 DEBUG   SenderThread:905163 [sender.py:send():179] send: header
2021-09-18 20:23:03,065 DEBUG   SenderThread:905163 [sender.py:send_request():193] send_request: check_version
2021-09-18 20:23:03,106 DEBUG   SenderThread:905163 [sender.py:send():179] send: run
2021-09-18 20:23:03,188 INFO    SenderThread:905163 [dir_watcher.py:__init__():168] watching files in: /grid/koo/home/toneyan/profile/QuantPred/wandb/run-20210918_202302-l4nuopxr/files
2021-09-18 20:23:03,188 INFO    SenderThread:905163 [sender.py:_start_run_threads():719] run started: l4nuopxr with start time 1632010982
2021-09-18 20:23:03,188 DEBUG   SenderThread:905163 [sender.py:send():179] send: summary
2021-09-18 20:23:03,189 INFO    SenderThread:905163 [sender.py:_save_file():841] saving file wandb-summary.json with policy end
2021-09-18 20:23:03,190 DEBUG   HandlerThread:905163 [handler.py:handle_request():124] handle_request: run_start
2021-09-18 20:23:04,203 INFO    Thread-8  :905163 [dir_watcher.py:_on_file_created():216] file/dir created: /grid/koo/home/toneyan/profile/QuantPred/wandb/run-20210918_202302-l4nuopxr/files/wandb-summary.json
2021-09-18 20:23:04,446 DEBUG   HandlerThread:905163 [meta.py:__init__():39] meta init
2021-09-18 20:23:04,446 DEBUG   HandlerThread:905163 [meta.py:__init__():53] meta init done
2021-09-18 20:23:04,446 DEBUG   HandlerThread:905163 [meta.py:probe():210] probe
2021-09-18 20:23:04,452 DEBUG   HandlerThread:905163 [meta.py:_save_pip():57] save pip
2021-09-18 20:23:04,454 DEBUG   HandlerThread:905163 [meta.py:_save_pip():71] save pip done
2021-09-18 20:23:04,454 DEBUG   HandlerThread:905163 [meta.py:probe():252] probe done
2021-09-18 20:23:04,456 DEBUG   SenderThread:905163 [sender.py:send():179] send: files
2021-09-18 20:23:04,456 INFO    SenderThread:905163 [sender.py:_save_file():841] saving file wandb-metadata.json with policy now
2021-09-18 20:23:04,463 DEBUG   HandlerThread:905163 [handler.py:handle_request():124] handle_request: stop_status
2021-09-18 20:23:04,463 DEBUG   SenderThread:905163 [sender.py:send_request():193] send_request: stop_status
2021-09-18 20:23:04,517 ERROR   Thread-11 :905163 [internal_api.py:execute():130] 429 response executing GraphQL.
2021-09-18 20:23:04,517 ERROR   Thread-11 :905163 [internal_api.py:execute():131] {"error":"rate limit exceeded"}

2021-09-18 20:23:04,524 ERROR   SenderThread:905163 [internal_api.py:execute():130] 429 response executing GraphQL.
2021-09-18 20:23:04,524 ERROR   SenderThread:905163 [internal_api.py:execute():131] {"error":"rate limit exceeded"}

2021-09-18 20:23:05,202 INFO    Thread-8  :905163 [dir_watcher.py:_on_file_created():216] file/dir created: /grid/koo/home/toneyan/profile/QuantPred/wandb/run-20210918_202302-l4nuopxr/files/requirements.txt
2021-09-18 20:23:05,202 INFO    Thread-8  :905163 [dir_watcher.py:_on_file_created():216] file/dir created: /grid/koo/home/toneyan/profile/QuantPred/wandb/run-20210918_202302-l4nuopxr/files/wandb-metadata.json
2021-09-18 20:23:05,203 INFO    Thread-8  :905163 [dir_watcher.py:_on_file_created():216] file/dir created: /grid/koo/home/toneyan/profile/QuantPred/wandb/run-20210918_202302-l4nuopxr/files/output.log
2021-09-18 20:23:05,635 ERROR   SenderThread:905163 [internal_api.py:execute():130] 429 response executing GraphQL.
2021-09-18 20:23:05,635 ERROR   SenderThread:905163 [internal_api.py:execute():131] {"error":"rate limit exceeded"}

2021-09-18 20:23:05,721 ERROR   Thread-11 :905163 [internal_api.py:execute():130] 429 response executing GraphQL.
2021-09-18 20:23:05,722 ERROR   Thread-11 :905163 [internal_api.py:execute():131] {"error":"rate limit exceeded"}

2021-09-18 20:23:05,722 ERROR   Thread-11 :905163 [retry.py:__call__():126] Retry attempt failed:
Traceback (most recent call last):
  File "/usr/local/lib/python3.6/dist-packages/wandb/sdk/lib/retry.py", line 102, in __call__
    result = self._call_fn(*args, **kwargs)
  File "/usr/local/lib/python3.6/dist-packages/wandb/sdk/internal/internal_api.py", line 133, in execute
    six.reraise(*sys.exc_info())
  File "/usr/local/lib/python3.6/dist-packages/six.py", line 719, in reraise
    raise value
  File "/usr/local/lib/python3.6/dist-packages/wandb/sdk/internal/internal_api.py", line 127, in execute
    return self.client.execute(*args, **kwargs)
  File "/usr/local/lib/python3.6/dist-packages/wandb/vendor/gql-0.2.0/gql/client.py", line 52, in execute
    result = self._get_result(document, *args, **kwargs)
  File "/usr/local/lib/python3.6/dist-packages/wandb/vendor/gql-0.2.0/gql/client.py", line 60, in _get_result
    return self.transport.execute(document, *args, **kwargs)
  File "/usr/local/lib/python3.6/dist-packages/wandb/vendor/gql-0.2.0/gql/transport/requests.py", line 39, in execute
    request.raise_for_status()
  File "/usr/local/lib/python3.6/dist-packages/requests/models.py", line 943, in raise_for_status
    raise HTTPError(http_error_msg, response=self)
requests.exceptions.HTTPError: 429 Client Error: Too Many Requests for url: https://api.wandb.ai/graphql
2021-09-18 20:23:07,783 ERROR   SenderThread:905163 [internal_api.py:execute():130] 429 response executing GraphQL.
2021-09-18 20:23:07,784 ERROR   SenderThread:905163 [internal_api.py:execute():131] {"error":"rate limit exceeded"}

2021-09-18 20:23:08,134 ERROR   Thread-11 :905163 [internal_api.py:execute():130] 429 response executing GraphQL.
2021-09-18 20:23:08,134 ERROR   Thread-11 :905163 [internal_api.py:execute():131] {"error":"rate limit exceeded"}

2021-09-18 20:23:11,846 ERROR   SenderThread:905163 [internal_api.py:execute():130] 429 response executing GraphQL.
2021-09-18 20:23:11,847 ERROR   SenderThread:905163 [internal_api.py:execute():131] {"error":"rate limit exceeded"}

2021-09-18 20:23:12,614 ERROR   Thread-11 :905163 [internal_api.py:execute():130] 429 response executing GraphQL.
2021-09-18 20:23:12,614 ERROR   Thread-11 :905163 [internal_api.py:execute():131] {"error":"rate limit exceeded"}

2021-09-18 20:23:22,675 INFO    Thread-11 :905163 [upload_job.py:push():137] Uploaded file /tmp/3288842.1.gpu_ded.q/tmpsvtgrfmfwandb/2spenie8-wandb-metadata.json
2021-09-18 20:23:32,832 DEBUG   SenderThread:905163 [sender.py:send():179] send: stats
2021-09-18 20:23:36,485 DEBUG   HandlerThread:905163 [handler.py:handle_request():124] handle_request: stop_status
2021-09-18 20:23:36,486 DEBUG   SenderThread:905163 [sender.py:send_request():193] send_request: stop_status
2021-09-18 20:23:36,544 ERROR   SenderThread:905163 [internal_api.py:execute():130] 429 response executing GraphQL.
2021-09-18 20:23:36,545 ERROR   SenderThread:905163 [internal_api.py:execute():131] {"error":"rate limit exceeded"}

2021-09-18 20:23:37,008 DEBUG   HandlerThread:905163 [handler.py:handle_request():124] handle_request: poll_exit
2021-09-18 20:23:37,646 ERROR   SenderThread:905163 [internal_api.py:execute():130] 429 response executing GraphQL.
2021-09-18 20:23:37,646 ERROR   SenderThread:905163 [internal_api.py:execute():131] {"error":"rate limit exceeded"}

2021-09-18 20:23:39,803 ERROR   SenderThread:905163 [internal_api.py:execute():130] 429 response executing GraphQL.
2021-09-18 20:23:39,803 ERROR   SenderThread:905163 [internal_api.py:execute():131] {"error":"rate limit exceeded"}

2021-09-18 20:23:39,803 ERROR   SenderThread:905163 [retry.py:__call__():126] Retry attempt failed:
Traceback (most recent call last):
  File "/usr/local/lib/python3.6/dist-packages/wandb/sdk/lib/retry.py", line 102, in __call__
    result = self._call_fn(*args, **kwargs)
  File "/usr/local/lib/python3.6/dist-packages/wandb/sdk/internal/internal_api.py", line 133, in execute
    six.reraise(*sys.exc_info())
  File "/usr/local/lib/python3.6/dist-packages/six.py", line 719, in reraise
    raise value
  File "/usr/local/lib/python3.6/dist-packages/wandb/sdk/internal/internal_api.py", line 127, in execute
    return self.client.execute(*args, **kwargs)
  File "/usr/local/lib/python3.6/dist-packages/wandb/vendor/gql-0.2.0/gql/client.py", line 52, in execute
    result = self._get_result(document, *args, **kwargs)
  File "/usr/local/lib/python3.6/dist-packages/wandb/vendor/gql-0.2.0/gql/client.py", line 60, in _get_result
    return self.transport.execute(document, *args, **kwargs)
  File "/usr/local/lib/python3.6/dist-packages/wandb/vendor/gql-0.2.0/gql/transport/requests.py", line 39, in execute
    request.raise_for_status()
  File "/usr/local/lib/python3.6/dist-packages/requests/models.py", line 943, in raise_for_status
    raise HTTPError(http_error_msg, response=self)
requests.exceptions.HTTPError: 429 Client Error: Too Many Requests for url: https://api.wandb.ai/graphql
2021-09-18 20:23:42,109 DEBUG   HandlerThread:905163 [handler.py:handle_request():124] handle_request: poll_exit
2021-09-18 20:23:44,132 ERROR   SenderThread:905163 [internal_api.py:execute():130] 429 response executing GraphQL.
2021-09-18 20:23:44,133 ERROR   SenderThread:905163 [internal_api.py:execute():131] {"error":"rate limit exceeded"}

2021-09-18 20:23:47,210 DEBUG   HandlerThread:905163 [handler.py:handle_request():124] handle_request: poll_exit
2021-09-18 20:23:52,310 DEBUG   HandlerThread:905163 [handler.py:handle_request():124] handle_request: poll_exit
2021-09-18 20:23:53,724 DEBUG   SenderThread:905163 [sender.py:send():179] send: telemetry
2021-09-18 20:23:53,724 DEBUG   SenderThread:905163 [sender.py:send():179] send: exit
2021-09-18 20:23:53,724 INFO    SenderThread:905163 [sender.py:send_exit():287] handling exit code: 1
2021-09-18 20:23:53,724 INFO    SenderThread:905163 [sender.py:send_exit():295] send defer
2021-09-18 20:23:53,724 DEBUG   SenderThread:905163 [sender.py:send_request():193] send_request: poll_exit
2021-09-18 20:23:53,724 DEBUG   SenderThread:905163 [sender.py:send_request():193] send_request: poll_exit
2021-09-18 20:23:53,725 DEBUG   SenderThread:905163 [sender.py:send_request():193] send_request: poll_exit
2021-09-18 20:23:53,725 DEBUG   HandlerThread:905163 [handler.py:handle_request():124] handle_request: defer
2021-09-18 20:23:53,725 DEBUG   SenderThread:905163 [sender.py:send_request():193] send_request: poll_exit
2021-09-18 20:23:53,725 INFO    HandlerThread:905163 [handler.py:handle_request_defer():141] handle defer: 0
2021-09-18 20:23:53,725 DEBUG   SenderThread:905163 [sender.py:send_request():193] send_request: defer
2021-09-18 20:23:53,725 INFO    SenderThread:905163 [sender.py:send_request_defer():304] handle sender defer: 0
2021-09-18 20:23:53,725 INFO    SenderThread:905163 [sender.py:transition_state():308] send defer: 1
2021-09-18 20:23:53,726 DEBUG   HandlerThread:905163 [handler.py:handle_request():124] handle_request: defer
2021-09-18 20:23:53,726 INFO    HandlerThread:905163 [handler.py:handle_request_defer():141] handle defer: 1
2021-09-18 20:23:53,849 DEBUG   SenderThread:905163 [sender.py:send_request():193] send_request: defer
2021-09-18 20:23:53,849 DEBUG   HandlerThread:905163 [handler.py:handle_request():124] handle_request: poll_exit
2021-09-18 20:23:53,849 INFO    SenderThread:905163 [sender.py:send_request_defer():304] handle sender defer: 1
2021-09-18 20:23:53,849 INFO    SenderThread:905163 [sender.py:transition_state():308] send defer: 2
2021-09-18 20:23:53,849 DEBUG   SenderThread:905163 [sender.py:send_request():193] send_request: poll_exit
2021-09-18 20:23:53,850 DEBUG   SenderThread:905163 [sender.py:send():179] send: stats
2021-09-18 20:23:53,850 DEBUG   HandlerThread:905163 [handler.py:handle_request():124] handle_request: defer
2021-09-18 20:23:53,852 INFO    HandlerThread:905163 [handler.py:handle_request_defer():141] handle defer: 2
2021-09-18 20:23:53,852 DEBUG   SenderThread:905163 [sender.py:send_request():193] send_request: defer
2021-09-18 20:23:53,852 INFO    SenderThread:905163 [sender.py:send_request_defer():304] handle sender defer: 2
2021-09-18 20:23:53,852 INFO    SenderThread:905163 [sender.py:transition_state():308] send defer: 3
2021-09-18 20:23:53,852 DEBUG   HandlerThread:905163 [handler.py:handle_request():124] handle_request: defer
2021-09-18 20:23:53,852 INFO    HandlerThread:905163 [handler.py:handle_request_defer():141] handle defer: 3
2021-09-18 20:23:53,853 DEBUG   SenderThread:905163 [sender.py:send():179] send: summary
2021-09-18 20:23:53,853 INFO    SenderThread:905163 [sender.py:_save_file():841] saving file wandb-summary.json with policy end
2021-09-18 20:23:53,853 DEBUG   SenderThread:905163 [sender.py:send_request():193] send_request: defer
2021-09-18 20:23:53,853 INFO    SenderThread:905163 [sender.py:send_request_defer():304] handle sender defer: 3
2021-09-18 20:23:53,853 INFO    SenderThread:905163 [sender.py:transition_state():308] send defer: 4
2021-09-18 20:23:53,853 DEBUG   HandlerThread:905163 [handler.py:handle_request():124] handle_request: defer
2021-09-18 20:23:53,854 INFO    HandlerThread:905163 [handler.py:handle_request_defer():141] handle defer: 4
2021-09-18 20:23:53,854 DEBUG   SenderThread:905163 [sender.py:send_request():193] send_request: defer
2021-09-18 20:23:53,854 INFO    SenderThread:905163 [sender.py:send_request_defer():304] handle sender defer: 4
2021-09-18 20:23:53,934 INFO    SenderThread:905163 [sender.py:transition_state():308] send defer: 5
2021-09-18 20:23:53,934 DEBUG   HandlerThread:905163 [handler.py:handle_request():124] handle_request: defer
2021-09-18 20:23:53,934 INFO    HandlerThread:905163 [handler.py:handle_request_defer():141] handle defer: 5
2021-09-18 20:23:53,935 DEBUG   SenderThread:905163 [sender.py:send_request():193] send_request: defer
2021-09-18 20:23:53,935 INFO    SenderThread:905163 [sender.py:send_request_defer():304] handle sender defer: 5
2021-09-18 20:23:53,935 INFO    SenderThread:905163 [dir_watcher.py:finish():282] shutting down directory watcher
2021-09-18 20:23:53,951 DEBUG   HandlerThread:905163 [handler.py:handle_request():124] handle_request: poll_exit
2021-09-18 20:23:54,210 INFO    SenderThread:905163 [dir_watcher.py:_on_file_modified():229] file/dir modified: /grid/koo/home/toneyan/profile/QuantPred/wandb/run-20210918_202302-l4nuopxr/files/config.yaml
2021-09-18 20:23:54,210 INFO    SenderThread:905163 [dir_watcher.py:_on_file_modified():229] file/dir modified: /grid/koo/home/toneyan/profile/QuantPred/wandb/run-20210918_202302-l4nuopxr/files/wandb-summary.json
2021-09-18 20:23:54,210 INFO    SenderThread:905163 [dir_watcher.py:finish():312] scan: /grid/koo/home/toneyan/profile/QuantPred/wandb/run-20210918_202302-l4nuopxr/files
2021-09-18 20:23:54,211 INFO    SenderThread:905163 [dir_watcher.py:finish():318] scan save: /grid/koo/home/toneyan/profile/QuantPred/wandb/run-20210918_202302-l4nuopxr/files/wandb-metadata.json wandb-metadata.json
2021-09-18 20:23:54,211 INFO    SenderThread:905163 [dir_watcher.py:finish():318] scan save: /grid/koo/home/toneyan/profile/QuantPred/wandb/run-20210918_202302-l4nuopxr/files/config.yaml config.yaml
2021-09-18 20:23:54,211 INFO    SenderThread:905163 [dir_watcher.py:finish():318] scan save: /grid/koo/home/toneyan/profile/QuantPred/wandb/run-20210918_202302-l4nuopxr/files/requirements.txt requirements.txt
2021-09-18 20:23:54,211 INFO    SenderThread:905163 [dir_watcher.py:finish():318] scan save: /grid/koo/home/toneyan/profile/QuantPred/wandb/run-20210918_202302-l4nuopxr/files/wandb-summary.json wandb-summary.json
2021-09-18 20:23:54,211 INFO    SenderThread:905163 [dir_watcher.py:finish():318] scan save: /grid/koo/home/toneyan/profile/QuantPred/wandb/run-20210918_202302-l4nuopxr/files/output.log output.log
2021-09-18 20:23:54,214 INFO    SenderThread:905163 [sender.py:transition_state():308] send defer: 6
2021-09-18 20:23:54,217 DEBUG   SenderThread:905163 [sender.py:send_request():193] send_request: poll_exit
2021-09-18 20:23:54,222 DEBUG   HandlerThread:905163 [handler.py:handle_request():124] handle_request: defer
2021-09-18 20:23:54,223 INFO    HandlerThread:905163 [handler.py:handle_request_defer():141] handle defer: 6
2021-09-18 20:23:54,223 DEBUG   SenderThread:905163 [sender.py:send_request():193] send_request: defer
2021-09-18 20:23:54,223 INFO    SenderThread:905163 [sender.py:send_request_defer():304] handle sender defer: 6
2021-09-18 20:23:54,223 INFO    SenderThread:905163 [file_pusher.py:finish():177] shutting down file pusher
2021-09-18 20:23:54,324 DEBUG   HandlerThread:905163 [handler.py:handle_request():124] handle_request: poll_exit
2021-09-18 20:23:54,324 DEBUG   SenderThread:905163 [sender.py:send_request():193] send_request: poll_exit
2021-09-18 20:23:54,426 DEBUG   HandlerThread:905163 [handler.py:handle_request():124] handle_request: poll_exit
2021-09-18 20:23:54,426 DEBUG   SenderThread:905163 [sender.py:send_request():193] send_request: poll_exit
2021-09-18 20:23:54,528 DEBUG   HandlerThread:905163 [handler.py:handle_request():124] handle_request: poll_exit
2021-09-18 20:23:54,528 DEBUG   SenderThread:905163 [sender.py:send_request():193] send_request: poll_exit
2021-09-18 20:23:54,538 INFO    Thread-13 :905163 [upload_job.py:push():137] Uploaded file /grid/koo/home/toneyan/profile/QuantPred/wandb/run-20210918_202302-l4nuopxr/files/requirements.txt
2021-09-18 20:23:54,562 INFO    Thread-14 :905163 [upload_job.py:push():137] Uploaded file /grid/koo/home/toneyan/profile/QuantPred/wandb/run-20210918_202302-l4nuopxr/files/wandb-summary.json
2021-09-18 20:23:54,566 INFO    Thread-12 :905163 [upload_job.py:push():137] Uploaded file /grid/koo/home/toneyan/profile/QuantPred/wandb/run-20210918_202302-l4nuopxr/files/config.yaml
2021-09-18 20:23:54,630 DEBUG   HandlerThread:905163 [handler.py:handle_request():124] handle_request: poll_exit
2021-09-18 20:23:54,630 DEBUG   SenderThread:905163 [sender.py:send_request():193] send_request: poll_exit
2021-09-18 20:23:54,732 DEBUG   HandlerThread:905163 [handler.py:handle_request():124] handle_request: poll_exit
2021-09-18 20:23:54,732 DEBUG   SenderThread:905163 [sender.py:send_request():193] send_request: poll_exit
2021-09-18 20:23:54,766 INFO    Thread-7  :905163 [sender.py:transition_state():308] send defer: 7
2021-09-18 20:23:54,767 DEBUG   HandlerThread:905163 [handler.py:handle_request():124] handle_request: defer
2021-09-18 20:23:54,767 INFO    HandlerThread:905163 [handler.py:handle_request_defer():141] handle defer: 7
2021-09-18 20:23:54,767 DEBUG   SenderThread:905163 [sender.py:send_request():193] send_request: defer
2021-09-18 20:23:54,767 INFO    SenderThread:905163 [sender.py:send_request_defer():304] handle sender defer: 7
2021-09-18 20:23:54,834 DEBUG   HandlerThread:905163 [handler.py:handle_request():124] handle_request: poll_exit
2021-09-18 20:23:54,886 INFO    SenderThread:905163 [sender.py:transition_state():308] send defer: 8
2021-09-18 20:23:54,886 DEBUG   SenderThread:905163 [sender.py:send_request():193] send_request: poll_exit
2021-09-18 20:23:54,887 DEBUG   HandlerThread:905163 [handler.py:handle_request():124] handle_request: defer
2021-09-18 20:23:54,887 INFO    HandlerThread:905163 [handler.py:handle_request_defer():141] handle defer: 8
2021-09-18 20:23:54,887 DEBUG   SenderThread:905163 [sender.py:send_request():193] send_request: defer
2021-09-18 20:23:54,887 INFO    SenderThread:905163 [sender.py:send_request_defer():304] handle sender defer: 8
2021-09-18 20:23:54,887 INFO    SenderThread:905163 [sender.py:transition_state():308] send defer: 9
2021-09-18 20:23:54,888 DEBUG   SenderThread:905163 [sender.py:send():179] send: final
2021-09-18 20:23:54,888 DEBUG   HandlerThread:905163 [handler.py:handle_request():124] handle_request: defer
2021-09-18 20:23:54,888 DEBUG   SenderThread:905163 [sender.py:send():179] send: footer
2021-09-18 20:23:54,888 INFO    HandlerThread:905163 [handler.py:handle_request_defer():141] handle defer: 9
2021-09-18 20:23:54,888 DEBUG   SenderThread:905163 [sender.py:send_request():193] send_request: defer
2021-09-18 20:23:54,888 INFO    SenderThread:905163 [sender.py:send_request_defer():304] handle sender defer: 9
2021-09-18 20:23:54,988 DEBUG   HandlerThread:905163 [handler.py:handle_request():124] handle_request: poll_exit
2021-09-18 20:23:54,989 DEBUG   SenderThread:905163 [sender.py:send_request():193] send_request: poll_exit
2021-09-18 20:23:54,989 INFO    SenderThread:905163 [file_pusher.py:join():182] waiting for file pusher
2021-09-18 20:23:54,990 DEBUG   HandlerThread:905163 [handler.py:handle_request():124] handle_request: get_summary
2021-09-18 20:23:54,990 DEBUG   HandlerThread:905163 [handler.py:handle_request():124] handle_request: sampled_history
2021-09-18 20:23:54,991 DEBUG   HandlerThread:905163 [handler.py:handle_request():124] handle_request: shutdown
2021-09-18 20:23:54,991 INFO    HandlerThread:905163 [handler.py:finish():638] shutting down handler
2021-09-18 20:23:55,888 INFO    WriterThread:905163 [datastore.py:close():288] close: /grid/koo/home/toneyan/profile/QuantPred/wandb/run-20210918_202302-l4nuopxr/run-l4nuopxr.wandb
2021-09-18 20:23:55,989 INFO    SenderThread:905163 [sender.py:finish():945] shutting down sender
2021-09-18 20:23:55,989 INFO    SenderThread:905163 [file_pusher.py:finish():177] shutting down file pusher
2021-09-18 20:23:55,989 INFO    SenderThread:905163 [file_pusher.py:join():182] waiting for file pusher
2021-09-18 20:23:55,991 INFO    MainThread:905163 [internal.py:handle_exit():78] Internal process exited
