2021-09-18 20:20:41,283 INFO    MainThread:305464 [internal.py:wandb_internal():91] W&B internal server running at pid: 305464, started at: 2021-09-18 20:20:41.282284
2021-09-18 20:20:41,284 DEBUG   HandlerThread:305464 [handler.py:handle_request():124] handle_request: check_version
2021-09-18 20:20:41,284 INFO    WriterThread:305464 [datastore.py:open_for_write():80] open: /grid/koo/home/toneyan/profile/QuantPred/wandb/run-20210918_202040-u44zwxxi/run-u44zwxxi.wandb
2021-09-18 20:20:41,291 DEBUG   SenderThread:305464 [sender.py:send():179] send: header
2021-09-18 20:20:41,291 DEBUG   SenderThread:305464 [sender.py:send_request():193] send_request: check_version
2021-09-18 20:20:41,322 DEBUG   SenderThread:305464 [sender.py:send():179] send: run
2021-09-18 20:20:41,383 ERROR   SenderThread:305464 [internal_api.py:execute():130] 429 response executing GraphQL.
2021-09-18 20:20:41,383 ERROR   SenderThread:305464 [internal_api.py:execute():131] {"error":"rate limit exceeded"}

2021-09-18 20:20:42,599 ERROR   SenderThread:305464 [internal_api.py:execute():130] 429 response executing GraphQL.
2021-09-18 20:20:42,599 ERROR   SenderThread:305464 [internal_api.py:execute():131] {"error":"rate limit exceeded"}

2021-09-18 20:20:44,773 ERROR   SenderThread:305464 [internal_api.py:execute():130] 429 response executing GraphQL.
2021-09-18 20:20:44,773 ERROR   SenderThread:305464 [internal_api.py:execute():131] {"error":"rate limit exceeded"}

2021-09-18 20:20:44,773 ERROR   SenderThread:305464 [retry.py:__call__():126] Retry attempt failed:
Traceback (most recent call last):
  File "/usr/local/lib/python3.6/dist-packages/wandb/sdk/lib/retry.py", line 102, in __call__
    result = self._call_fn(*args, **kwargs)
  File "/usr/local/lib/python3.6/dist-packages/wandb/sdk/internal/internal_api.py", line 133, in execute
    six.reraise(*sys.exc_info())
  File "/usr/local/lib/python3.6/dist-packages/six.py", line 719, in reraise
    raise value
  File "/usr/local/lib/python3.6/dist-packages/wandb/sdk/internal/internal_api.py", line 127, in execute
    return self.client.execute(*args, **kwargs)
  File "/usr/local/lib/python3.6/dist-packages/wandb/vendor/gql-0.2.0/gql/client.py", line 52, in execute
    result = self._get_result(document, *args, **kwargs)
  File "/usr/local/lib/python3.6/dist-packages/wandb/vendor/gql-0.2.0/gql/client.py", line 60, in _get_result
    return self.transport.execute(document, *args, **kwargs)
  File "/usr/local/lib/python3.6/dist-packages/wandb/vendor/gql-0.2.0/gql/transport/requests.py", line 39, in execute
    request.raise_for_status()
  File "/usr/local/lib/python3.6/dist-packages/requests/models.py", line 943, in raise_for_status
    raise HTTPError(http_error_msg, response=self)
requests.exceptions.HTTPError: 429 Client Error: Too Many Requests for url: https://api.wandb.ai/graphql
2021-09-18 20:20:49,676 INFO    SenderThread:305464 [dir_watcher.py:__init__():168] watching files in: /grid/koo/home/toneyan/profile/QuantPred/wandb/run-20210918_202040-u44zwxxi/files
2021-09-18 20:20:49,676 INFO    SenderThread:305464 [sender.py:_start_run_threads():719] run started: u44zwxxi with start time 1632010840
2021-09-18 20:20:49,676 DEBUG   SenderThread:305464 [sender.py:send():179] send: summary
2021-09-18 20:20:49,677 DEBUG   HandlerThread:305464 [handler.py:handle_request():124] handle_request: run_start
2021-09-18 20:20:49,678 INFO    SenderThread:305464 [sender.py:_save_file():841] saving file wandb-summary.json with policy end
2021-09-18 20:20:50,679 INFO    Thread-8  :305464 [dir_watcher.py:_on_file_created():216] file/dir created: /grid/koo/home/toneyan/profile/QuantPred/wandb/run-20210918_202040-u44zwxxi/files/wandb-summary.json
2021-09-18 20:20:50,819 DEBUG   HandlerThread:305464 [meta.py:__init__():39] meta init
2021-09-18 20:20:50,819 DEBUG   HandlerThread:305464 [meta.py:__init__():53] meta init done
2021-09-18 20:20:50,819 DEBUG   HandlerThread:305464 [meta.py:probe():210] probe
2021-09-18 20:20:50,826 DEBUG   HandlerThread:305464 [meta.py:_save_pip():57] save pip
2021-09-18 20:20:50,828 DEBUG   HandlerThread:305464 [meta.py:_save_pip():71] save pip done
2021-09-18 20:20:50,828 DEBUG   HandlerThread:305464 [meta.py:probe():252] probe done
2021-09-18 20:20:50,831 DEBUG   SenderThread:305464 [sender.py:send():179] send: files
2021-09-18 20:20:50,831 INFO    SenderThread:305464 [sender.py:_save_file():841] saving file wandb-metadata.json with policy now
2021-09-18 20:20:50,849 DEBUG   HandlerThread:305464 [handler.py:handle_request():124] handle_request: stop_status
2021-09-18 20:20:50,850 DEBUG   SenderThread:305464 [sender.py:send_request():193] send_request: stop_status
2021-09-18 20:20:51,150 INFO    Thread-11 :305464 [upload_job.py:push():137] Uploaded file /tmp/3288851.1.gpu_ded.q/tmp1udam2f6wandb/1ags6877-wandb-metadata.json
2021-09-18 20:20:51,678 INFO    Thread-8  :305464 [dir_watcher.py:_on_file_created():216] file/dir created: /grid/koo/home/toneyan/profile/QuantPred/wandb/run-20210918_202040-u44zwxxi/files/requirements.txt
2021-09-18 20:20:51,679 INFO    Thread-8  :305464 [dir_watcher.py:_on_file_created():216] file/dir created: /grid/koo/home/toneyan/profile/QuantPred/wandb/run-20210918_202040-u44zwxxi/files/output.log
2021-09-18 20:20:51,679 INFO    Thread-8  :305464 [dir_watcher.py:_on_file_created():216] file/dir created: /grid/koo/home/toneyan/profile/QuantPred/wandb/run-20210918_202040-u44zwxxi/files/wandb-metadata.json
2021-09-18 20:21:05,915 DEBUG   HandlerThread:305464 [handler.py:handle_request():124] handle_request: stop_status
2021-09-18 20:21:05,915 DEBUG   SenderThread:305464 [sender.py:send_request():193] send_request: stop_status
2021-09-18 20:21:05,968 ERROR   SenderThread:305464 [internal_api.py:execute():130] 429 response executing GraphQL.
2021-09-18 20:21:05,968 ERROR   SenderThread:305464 [internal_api.py:execute():131] {"error":"rate limit exceeded"}

2021-09-18 20:21:07,085 ERROR   SenderThread:305464 [internal_api.py:execute():130] 429 response executing GraphQL.
2021-09-18 20:21:07,085 ERROR   SenderThread:305464 [internal_api.py:execute():131] {"error":"rate limit exceeded"}

2021-09-18 20:21:09,371 ERROR   SenderThread:305464 [internal_api.py:execute():130] 429 response executing GraphQL.
2021-09-18 20:21:09,371 ERROR   SenderThread:305464 [internal_api.py:execute():131] {"error":"rate limit exceeded"}

2021-09-18 20:21:09,371 ERROR   SenderThread:305464 [retry.py:__call__():126] Retry attempt failed:
Traceback (most recent call last):
  File "/usr/local/lib/python3.6/dist-packages/wandb/sdk/lib/retry.py", line 102, in __call__
    result = self._call_fn(*args, **kwargs)
  File "/usr/local/lib/python3.6/dist-packages/wandb/sdk/internal/internal_api.py", line 133, in execute
    six.reraise(*sys.exc_info())
  File "/usr/local/lib/python3.6/dist-packages/six.py", line 719, in reraise
    raise value
  File "/usr/local/lib/python3.6/dist-packages/wandb/sdk/internal/internal_api.py", line 127, in execute
    return self.client.execute(*args, **kwargs)
  File "/usr/local/lib/python3.6/dist-packages/wandb/vendor/gql-0.2.0/gql/client.py", line 52, in execute
    result = self._get_result(document, *args, **kwargs)
  File "/usr/local/lib/python3.6/dist-packages/wandb/vendor/gql-0.2.0/gql/client.py", line 60, in _get_result
    return self.transport.execute(document, *args, **kwargs)
  File "/usr/local/lib/python3.6/dist-packages/wandb/vendor/gql-0.2.0/gql/transport/requests.py", line 39, in execute
    request.raise_for_status()
  File "/usr/local/lib/python3.6/dist-packages/requests/models.py", line 943, in raise_for_status
    raise HTTPError(http_error_msg, response=self)
requests.exceptions.HTTPError: 429 Client Error: Too Many Requests for url: https://api.wandb.ai/graphql
2021-09-18 20:21:13,438 ERROR   SenderThread:305464 [internal_api.py:execute():130] 429 response executing GraphQL.
2021-09-18 20:21:13,439 ERROR   SenderThread:305464 [internal_api.py:execute():131] {"error":"rate limit exceeded"}

2021-09-18 20:21:23,033 DEBUG   HandlerThread:305464 [handler.py:handle_request():124] handle_request: poll_exit
2021-09-18 20:21:23,123 DEBUG   SenderThread:305464 [sender.py:send():179] send: stats
2021-09-18 20:21:23,124 DEBUG   SenderThread:305464 [sender.py:send():179] send: telemetry
2021-09-18 20:21:23,125 DEBUG   SenderThread:305464 [sender.py:send():179] send: exit
2021-09-18 20:21:23,125 INFO    SenderThread:305464 [sender.py:send_exit():287] handling exit code: 1
2021-09-18 20:21:23,125 INFO    SenderThread:305464 [sender.py:send_exit():295] send defer
2021-09-18 20:21:23,126 DEBUG   SenderThread:305464 [sender.py:send_request():193] send_request: poll_exit
2021-09-18 20:21:23,126 DEBUG   HandlerThread:305464 [handler.py:handle_request():124] handle_request: defer
2021-09-18 20:21:23,127 INFO    HandlerThread:305464 [handler.py:handle_request_defer():141] handle defer: 0
2021-09-18 20:21:23,127 DEBUG   SenderThread:305464 [sender.py:send_request():193] send_request: defer
2021-09-18 20:21:23,127 INFO    SenderThread:305464 [sender.py:send_request_defer():304] handle sender defer: 0
2021-09-18 20:21:23,127 INFO    SenderThread:305464 [sender.py:transition_state():308] send defer: 1
2021-09-18 20:21:23,127 DEBUG   HandlerThread:305464 [handler.py:handle_request():124] handle_request: defer
2021-09-18 20:21:23,127 INFO    HandlerThread:305464 [handler.py:handle_request_defer():141] handle defer: 1
2021-09-18 20:21:23,148 DEBUG   SenderThread:305464 [sender.py:send_request():193] send_request: defer
2021-09-18 20:21:23,148 INFO    SenderThread:305464 [sender.py:send_request_defer():304] handle sender defer: 1
2021-09-18 20:21:23,149 INFO    SenderThread:305464 [sender.py:transition_state():308] send defer: 2
2021-09-18 20:21:23,149 DEBUG   SenderThread:305464 [sender.py:send():179] send: stats
2021-09-18 20:21:23,149 DEBUG   HandlerThread:305464 [handler.py:handle_request():124] handle_request: defer
2021-09-18 20:21:23,149 INFO    HandlerThread:305464 [handler.py:handle_request_defer():141] handle defer: 2
2021-09-18 20:21:23,149 DEBUG   SenderThread:305464 [sender.py:send_request():193] send_request: defer
2021-09-18 20:21:23,149 INFO    SenderThread:305464 [sender.py:send_request_defer():304] handle sender defer: 2
2021-09-18 20:21:23,149 INFO    SenderThread:305464 [sender.py:transition_state():308] send defer: 3
2021-09-18 20:21:23,149 DEBUG   HandlerThread:305464 [handler.py:handle_request():124] handle_request: defer
2021-09-18 20:21:23,150 INFO    HandlerThread:305464 [handler.py:handle_request_defer():141] handle defer: 3
2021-09-18 20:21:23,150 DEBUG   SenderThread:305464 [sender.py:send():179] send: summary
2021-09-18 20:21:23,150 INFO    SenderThread:305464 [sender.py:_save_file():841] saving file wandb-summary.json with policy end
2021-09-18 20:21:23,150 DEBUG   SenderThread:305464 [sender.py:send_request():193] send_request: defer
2021-09-18 20:21:23,150 INFO    SenderThread:305464 [sender.py:send_request_defer():304] handle sender defer: 3
2021-09-18 20:21:23,150 INFO    SenderThread:305464 [sender.py:transition_state():308] send defer: 4
2021-09-18 20:21:23,150 DEBUG   HandlerThread:305464 [handler.py:handle_request():124] handle_request: defer
2021-09-18 20:21:23,151 INFO    HandlerThread:305464 [handler.py:handle_request_defer():141] handle defer: 4
2021-09-18 20:21:23,151 DEBUG   SenderThread:305464 [sender.py:send_request():193] send_request: defer
2021-09-18 20:21:23,151 INFO    SenderThread:305464 [sender.py:send_request_defer():304] handle sender defer: 4
2021-09-18 20:21:23,224 INFO    SenderThread:305464 [sender.py:transition_state():308] send defer: 5
2021-09-18 20:21:23,225 DEBUG   HandlerThread:305464 [handler.py:handle_request():124] handle_request: defer
2021-09-18 20:21:23,225 INFO    HandlerThread:305464 [handler.py:handle_request_defer():141] handle defer: 5
2021-09-18 20:21:23,225 DEBUG   SenderThread:305464 [sender.py:send_request():193] send_request: defer
2021-09-18 20:21:23,225 INFO    SenderThread:305464 [sender.py:send_request_defer():304] handle sender defer: 5
2021-09-18 20:21:23,225 INFO    SenderThread:305464 [dir_watcher.py:finish():282] shutting down directory watcher
2021-09-18 20:21:23,229 DEBUG   HandlerThread:305464 [handler.py:handle_request():124] handle_request: poll_exit
2021-09-18 20:21:23,686 INFO    SenderThread:305464 [dir_watcher.py:_on_file_modified():229] file/dir modified: /grid/koo/home/toneyan/profile/QuantPred/wandb/run-20210918_202040-u44zwxxi/files/config.yaml
2021-09-18 20:21:23,686 INFO    SenderThread:305464 [dir_watcher.py:_on_file_modified():229] file/dir modified: /grid/koo/home/toneyan/profile/QuantPred/wandb/run-20210918_202040-u44zwxxi/files/wandb-summary.json
2021-09-18 20:21:23,686 INFO    SenderThread:305464 [dir_watcher.py:finish():312] scan: /grid/koo/home/toneyan/profile/QuantPred/wandb/run-20210918_202040-u44zwxxi/files
2021-09-18 20:21:23,686 INFO    SenderThread:305464 [dir_watcher.py:finish():318] scan save: /grid/koo/home/toneyan/profile/QuantPred/wandb/run-20210918_202040-u44zwxxi/files/wandb-metadata.json wandb-metadata.json
2021-09-18 20:21:23,686 INFO    SenderThread:305464 [dir_watcher.py:finish():318] scan save: /grid/koo/home/toneyan/profile/QuantPred/wandb/run-20210918_202040-u44zwxxi/files/config.yaml config.yaml
2021-09-18 20:21:23,687 INFO    SenderThread:305464 [dir_watcher.py:finish():318] scan save: /grid/koo/home/toneyan/profile/QuantPred/wandb/run-20210918_202040-u44zwxxi/files/requirements.txt requirements.txt
2021-09-18 20:21:23,687 INFO    SenderThread:305464 [dir_watcher.py:finish():318] scan save: /grid/koo/home/toneyan/profile/QuantPred/wandb/run-20210918_202040-u44zwxxi/files/wandb-summary.json wandb-summary.json
2021-09-18 20:21:23,687 INFO    SenderThread:305464 [dir_watcher.py:finish():318] scan save: /grid/koo/home/toneyan/profile/QuantPred/wandb/run-20210918_202040-u44zwxxi/files/output.log output.log
2021-09-18 20:21:23,690 INFO    SenderThread:305464 [sender.py:transition_state():308] send defer: 6
2021-09-18 20:21:23,691 DEBUG   SenderThread:305464 [sender.py:send_request():193] send_request: poll_exit
2021-09-18 20:21:23,700 DEBUG   HandlerThread:305464 [handler.py:handle_request():124] handle_request: defer
2021-09-18 20:21:23,700 INFO    HandlerThread:305464 [handler.py:handle_request_defer():141] handle defer: 6
2021-09-18 20:21:23,700 DEBUG   SenderThread:305464 [sender.py:send_request():193] send_request: defer
2021-09-18 20:21:23,700 INFO    SenderThread:305464 [sender.py:send_request_defer():304] handle sender defer: 6
2021-09-18 20:21:23,700 INFO    SenderThread:305464 [file_pusher.py:finish():177] shutting down file pusher
2021-09-18 20:21:23,804 DEBUG   HandlerThread:305464 [handler.py:handle_request():124] handle_request: poll_exit
2021-09-18 20:21:23,804 DEBUG   SenderThread:305464 [sender.py:send_request():193] send_request: poll_exit
2021-09-18 20:21:23,912 DEBUG   HandlerThread:305464 [handler.py:handle_request():124] handle_request: poll_exit
2021-09-18 20:21:23,913 DEBUG   SenderThread:305464 [sender.py:send_request():193] send_request: poll_exit
2021-09-18 20:21:24,016 DEBUG   HandlerThread:305464 [handler.py:handle_request():124] handle_request: poll_exit
2021-09-18 20:21:24,016 DEBUG   SenderThread:305464 [sender.py:send_request():193] send_request: poll_exit
2021-09-18 20:21:24,029 INFO    Thread-13 :305464 [upload_job.py:push():137] Uploaded file /grid/koo/home/toneyan/profile/QuantPred/wandb/run-20210918_202040-u44zwxxi/files/requirements.txt
2021-09-18 20:21:24,036 INFO    Thread-14 :305464 [upload_job.py:push():137] Uploaded file /grid/koo/home/toneyan/profile/QuantPred/wandb/run-20210918_202040-u44zwxxi/files/wandb-summary.json
2021-09-18 20:21:24,044 INFO    Thread-12 :305464 [upload_job.py:push():137] Uploaded file /grid/koo/home/toneyan/profile/QuantPred/wandb/run-20210918_202040-u44zwxxi/files/config.yaml
2021-09-18 20:21:24,118 DEBUG   HandlerThread:305464 [handler.py:handle_request():124] handle_request: poll_exit
2021-09-18 20:21:24,118 DEBUG   SenderThread:305464 [sender.py:send_request():193] send_request: poll_exit
2021-09-18 20:21:24,219 DEBUG   HandlerThread:305464 [handler.py:handle_request():124] handle_request: poll_exit
2021-09-18 20:21:24,219 DEBUG   SenderThread:305464 [sender.py:send_request():193] send_request: poll_exit
2021-09-18 20:21:24,245 INFO    Thread-7  :305464 [sender.py:transition_state():308] send defer: 7
2021-09-18 20:21:24,245 DEBUG   HandlerThread:305464 [handler.py:handle_request():124] handle_request: defer
2021-09-18 20:21:24,245 INFO    HandlerThread:305464 [handler.py:handle_request_defer():141] handle defer: 7
2021-09-18 20:21:24,245 DEBUG   SenderThread:305464 [sender.py:send_request():193] send_request: defer
2021-09-18 20:21:24,245 INFO    SenderThread:305464 [sender.py:send_request_defer():304] handle sender defer: 7
2021-09-18 20:21:24,321 DEBUG   HandlerThread:305464 [handler.py:handle_request():124] handle_request: poll_exit
2021-09-18 20:21:24,367 INFO    SenderThread:305464 [sender.py:transition_state():308] send defer: 8
2021-09-18 20:21:24,367 DEBUG   SenderThread:305464 [sender.py:send_request():193] send_request: poll_exit
2021-09-18 20:21:24,367 DEBUG   HandlerThread:305464 [handler.py:handle_request():124] handle_request: defer
2021-09-18 20:21:24,367 INFO    HandlerThread:305464 [handler.py:handle_request_defer():141] handle defer: 8
2021-09-18 20:21:24,367 DEBUG   SenderThread:305464 [sender.py:send_request():193] send_request: defer
2021-09-18 20:21:24,368 INFO    SenderThread:305464 [sender.py:send_request_defer():304] handle sender defer: 8
2021-09-18 20:21:24,368 INFO    SenderThread:305464 [sender.py:transition_state():308] send defer: 9
2021-09-18 20:21:24,368 DEBUG   HandlerThread:305464 [handler.py:handle_request():124] handle_request: defer
2021-09-18 20:21:24,368 DEBUG   SenderThread:305464 [sender.py:send():179] send: final
2021-09-18 20:21:24,368 INFO    HandlerThread:305464 [handler.py:handle_request_defer():141] handle defer: 9
2021-09-18 20:21:24,368 DEBUG   SenderThread:305464 [sender.py:send():179] send: footer
2021-09-18 20:21:24,368 DEBUG   SenderThread:305464 [sender.py:send_request():193] send_request: defer
2021-09-18 20:21:24,368 INFO    SenderThread:305464 [sender.py:send_request_defer():304] handle sender defer: 9
2021-09-18 20:21:24,471 DEBUG   HandlerThread:305464 [handler.py:handle_request():124] handle_request: poll_exit
2021-09-18 20:21:24,471 DEBUG   SenderThread:305464 [sender.py:send_request():193] send_request: poll_exit
2021-09-18 20:21:24,471 INFO    SenderThread:305464 [file_pusher.py:join():182] waiting for file pusher
2021-09-18 20:21:24,472 DEBUG   HandlerThread:305464 [handler.py:handle_request():124] handle_request: get_summary
2021-09-18 20:21:24,472 DEBUG   HandlerThread:305464 [handler.py:handle_request():124] handle_request: sampled_history
2021-09-18 20:21:24,473 DEBUG   HandlerThread:305464 [handler.py:handle_request():124] handle_request: shutdown
2021-09-18 20:21:24,473 INFO    HandlerThread:305464 [handler.py:finish():638] shutting down handler
2021-09-18 20:21:25,368 INFO    WriterThread:305464 [datastore.py:close():288] close: /grid/koo/home/toneyan/profile/QuantPred/wandb/run-20210918_202040-u44zwxxi/run-u44zwxxi.wandb
2021-09-18 20:21:25,471 INFO    SenderThread:305464 [sender.py:finish():945] shutting down sender
2021-09-18 20:21:25,472 INFO    SenderThread:305464 [file_pusher.py:finish():177] shutting down file pusher
2021-09-18 20:21:25,472 INFO    SenderThread:305464 [file_pusher.py:join():182] waiting for file pusher
2021-09-18 20:21:25,473 INFO    MainThread:305464 [internal.py:handle_exit():78] Internal process exited
