2021-09-18 20:05:31,348 INFO    MainThread:4034851 [internal.py:wandb_internal():91] W&B internal server running at pid: 4034851, started at: 2021-09-18 20:05:31.347459
2021-09-18 20:05:31,350 DEBUG   HandlerThread:4034851 [handler.py:handle_request():124] handle_request: check_version
2021-09-18 20:05:31,350 INFO    WriterThread:4034851 [datastore.py:open_for_write():80] open: /grid/koo/home/toneyan/profile/QuantPred/wandb/run-20210918_200530-h2yltvc2/run-h2yltvc2.wandb
2021-09-18 20:05:31,351 DEBUG   SenderThread:4034851 [sender.py:send():179] send: header
2021-09-18 20:05:31,351 DEBUG   SenderThread:4034851 [sender.py:send_request():193] send_request: check_version
2021-09-18 20:05:31,381 DEBUG   SenderThread:4034851 [sender.py:send():179] send: run
2021-09-18 20:05:31,464 INFO    SenderThread:4034851 [dir_watcher.py:__init__():168] watching files in: /grid/koo/home/toneyan/profile/QuantPred/wandb/run-20210918_200530-h2yltvc2/files
2021-09-18 20:05:31,465 INFO    SenderThread:4034851 [sender.py:_start_run_threads():719] run started: h2yltvc2 with start time 1632009930
2021-09-18 20:05:31,465 DEBUG   SenderThread:4034851 [sender.py:send():179] send: summary
2021-09-18 20:05:31,466 INFO    SenderThread:4034851 [sender.py:_save_file():841] saving file wandb-summary.json with policy end
2021-09-18 20:05:31,466 DEBUG   HandlerThread:4034851 [handler.py:handle_request():124] handle_request: run_start
2021-09-18 20:05:32,467 INFO    Thread-8  :4034851 [dir_watcher.py:_on_file_created():216] file/dir created: /grid/koo/home/toneyan/profile/QuantPred/wandb/run-20210918_200530-h2yltvc2/files/wandb-summary.json
2021-09-18 20:05:32,711 DEBUG   HandlerThread:4034851 [meta.py:__init__():39] meta init
2021-09-18 20:05:32,711 DEBUG   HandlerThread:4034851 [meta.py:__init__():53] meta init done
2021-09-18 20:05:32,711 DEBUG   HandlerThread:4034851 [meta.py:probe():210] probe
2021-09-18 20:05:32,717 DEBUG   HandlerThread:4034851 [meta.py:_save_pip():57] save pip
2021-09-18 20:05:32,718 DEBUG   HandlerThread:4034851 [meta.py:_save_pip():71] save pip done
2021-09-18 20:05:32,718 DEBUG   HandlerThread:4034851 [meta.py:probe():252] probe done
2021-09-18 20:05:32,721 DEBUG   SenderThread:4034851 [sender.py:send():179] send: files
2021-09-18 20:05:32,721 INFO    SenderThread:4034851 [sender.py:_save_file():841] saving file wandb-metadata.json with policy now
2021-09-18 20:05:32,727 DEBUG   HandlerThread:4034851 [handler.py:handle_request():124] handle_request: stop_status
2021-09-18 20:05:32,728 DEBUG   SenderThread:4034851 [sender.py:send_request():193] send_request: stop_status
2021-09-18 20:05:33,073 INFO    Thread-11 :4034851 [upload_job.py:push():137] Uploaded file /tmp/3288841.1.gpu_ded.q/tmpzl7qlfmewandb/2hmvjhdb-wandb-metadata.json
2021-09-18 20:05:33,467 INFO    Thread-8  :4034851 [dir_watcher.py:_on_file_created():216] file/dir created: /grid/koo/home/toneyan/profile/QuantPred/wandb/run-20210918_200530-h2yltvc2/files/output.log
2021-09-18 20:05:33,467 INFO    Thread-8  :4034851 [dir_watcher.py:_on_file_created():216] file/dir created: /grid/koo/home/toneyan/profile/QuantPred/wandb/run-20210918_200530-h2yltvc2/files/requirements.txt
2021-09-18 20:05:33,467 INFO    Thread-8  :4034851 [dir_watcher.py:_on_file_created():216] file/dir created: /grid/koo/home/toneyan/profile/QuantPred/wandb/run-20210918_200530-h2yltvc2/files/wandb-metadata.json
2021-09-18 20:05:47,831 DEBUG   HandlerThread:4034851 [handler.py:handle_request():124] handle_request: stop_status
2021-09-18 20:05:47,831 DEBUG   SenderThread:4034851 [sender.py:send_request():193] send_request: stop_status
2021-09-18 20:06:01,061 DEBUG   SenderThread:4034851 [sender.py:send():179] send: stats
2021-09-18 20:06:02,892 DEBUG   HandlerThread:4034851 [handler.py:handle_request():124] handle_request: stop_status
2021-09-18 20:06:03,644 DEBUG   SenderThread:4034851 [sender.py:send_request():193] send_request: stop_status
2021-09-18 20:06:18,725 DEBUG   HandlerThread:4034851 [handler.py:handle_request():124] handle_request: stop_status
2021-09-18 20:06:18,726 DEBUG   SenderThread:4034851 [sender.py:send_request():193] send_request: stop_status
2021-09-18 20:06:18,804 DEBUG   HandlerThread:4034851 [handler.py:handle_request():124] handle_request: poll_exit
2021-09-18 20:06:19,144 ERROR   SenderThread:4034851 [internal_api.py:execute():130] 429 response executing GraphQL.
2021-09-18 20:06:19,145 ERROR   SenderThread:4034851 [internal_api.py:execute():131] {"error":"rate limit exceeded"}

2021-09-18 20:06:20,438 ERROR   SenderThread:4034851 [internal_api.py:execute():130] 429 response executing GraphQL.
2021-09-18 20:06:20,438 ERROR   SenderThread:4034851 [internal_api.py:execute():131] {"error":"rate limit exceeded"}

2021-09-18 20:06:22,890 ERROR   SenderThread:4034851 [internal_api.py:execute():130] 429 response executing GraphQL.
2021-09-18 20:06:22,890 ERROR   SenderThread:4034851 [internal_api.py:execute():131] {"error":"rate limit exceeded"}

2021-09-18 20:06:22,890 ERROR   SenderThread:4034851 [retry.py:__call__():126] Retry attempt failed:
Traceback (most recent call last):
  File "/usr/local/lib/python3.6/dist-packages/wandb/sdk/lib/retry.py", line 102, in __call__
    result = self._call_fn(*args, **kwargs)
  File "/usr/local/lib/python3.6/dist-packages/wandb/sdk/internal/internal_api.py", line 133, in execute
    six.reraise(*sys.exc_info())
  File "/usr/local/lib/python3.6/dist-packages/six.py", line 719, in reraise
    raise value
  File "/usr/local/lib/python3.6/dist-packages/wandb/sdk/internal/internal_api.py", line 127, in execute
    return self.client.execute(*args, **kwargs)
  File "/usr/local/lib/python3.6/dist-packages/wandb/vendor/gql-0.2.0/gql/client.py", line 52, in execute
    result = self._get_result(document, *args, **kwargs)
  File "/usr/local/lib/python3.6/dist-packages/wandb/vendor/gql-0.2.0/gql/client.py", line 60, in _get_result
    return self.transport.execute(document, *args, **kwargs)
  File "/usr/local/lib/python3.6/dist-packages/wandb/vendor/gql-0.2.0/gql/transport/requests.py", line 39, in execute
    request.raise_for_status()
  File "/usr/local/lib/python3.6/dist-packages/requests/models.py", line 943, in raise_for_status
    raise HTTPError(http_error_msg, response=self)
requests.exceptions.HTTPError: 429 Client Error: Too Many Requests for url: https://api.wandb.ai/graphql
2021-09-18 20:06:23,905 DEBUG   HandlerThread:4034851 [handler.py:handle_request():124] handle_request: poll_exit
2021-09-18 20:06:27,893 ERROR   SenderThread:4034851 [internal_api.py:execute():130] 429 response executing GraphQL.
2021-09-18 20:06:27,894 ERROR   SenderThread:4034851 [internal_api.py:execute():131] {"error":"rate limit exceeded"}

2021-09-18 20:06:29,006 DEBUG   HandlerThread:4034851 [handler.py:handle_request():124] handle_request: poll_exit
2021-09-18 20:06:34,106 DEBUG   HandlerThread:4034851 [handler.py:handle_request():124] handle_request: poll_exit
2021-09-18 20:06:37,077 DEBUG   SenderThread:4034851 [sender.py:send():179] send: telemetry
2021-09-18 20:06:37,077 DEBUG   SenderThread:4034851 [sender.py:send():179] send: exit
2021-09-18 20:06:37,077 INFO    SenderThread:4034851 [sender.py:send_exit():287] handling exit code: 1
2021-09-18 20:06:37,077 INFO    SenderThread:4034851 [sender.py:send_exit():295] send defer
2021-09-18 20:06:37,077 DEBUG   SenderThread:4034851 [sender.py:send_request():193] send_request: poll_exit
2021-09-18 20:06:37,078 DEBUG   SenderThread:4034851 [sender.py:send_request():193] send_request: poll_exit
2021-09-18 20:06:37,078 DEBUG   SenderThread:4034851 [sender.py:send_request():193] send_request: poll_exit
2021-09-18 20:06:37,078 DEBUG   SenderThread:4034851 [sender.py:send():179] send: stats
2021-09-18 20:06:37,079 DEBUG   SenderThread:4034851 [sender.py:send_request():193] send_request: poll_exit
2021-09-18 20:06:37,079 DEBUG   HandlerThread:4034851 [handler.py:handle_request():124] handle_request: defer
2021-09-18 20:06:37,081 INFO    HandlerThread:4034851 [handler.py:handle_request_defer():141] handle defer: 0
2021-09-18 20:06:37,081 DEBUG   SenderThread:4034851 [sender.py:send_request():193] send_request: defer
2021-09-18 20:06:37,081 INFO    SenderThread:4034851 [sender.py:send_request_defer():304] handle sender defer: 0
2021-09-18 20:06:37,081 INFO    SenderThread:4034851 [sender.py:transition_state():308] send defer: 1
2021-09-18 20:06:37,081 DEBUG   HandlerThread:4034851 [handler.py:handle_request():124] handle_request: defer
2021-09-18 20:06:37,081 INFO    HandlerThread:4034851 [handler.py:handle_request_defer():141] handle defer: 1
2021-09-18 20:06:37,178 DEBUG   SenderThread:4034851 [sender.py:send_request():193] send_request: defer
2021-09-18 20:06:37,179 INFO    SenderThread:4034851 [sender.py:send_request_defer():304] handle sender defer: 1
2021-09-18 20:06:37,179 INFO    SenderThread:4034851 [sender.py:transition_state():308] send defer: 2
2021-09-18 20:06:37,179 DEBUG   SenderThread:4034851 [sender.py:send():179] send: stats
2021-09-18 20:06:37,180 DEBUG   HandlerThread:4034851 [handler.py:handle_request():124] handle_request: defer
2021-09-18 20:06:37,180 INFO    HandlerThread:4034851 [handler.py:handle_request_defer():141] handle defer: 2
2021-09-18 20:06:37,180 DEBUG   SenderThread:4034851 [sender.py:send_request():193] send_request: defer
2021-09-18 20:06:37,180 INFO    SenderThread:4034851 [sender.py:send_request_defer():304] handle sender defer: 2
2021-09-18 20:06:37,180 INFO    SenderThread:4034851 [sender.py:transition_state():308] send defer: 3
2021-09-18 20:06:37,180 DEBUG   HandlerThread:4034851 [handler.py:handle_request():124] handle_request: defer
2021-09-18 20:06:37,180 INFO    HandlerThread:4034851 [handler.py:handle_request_defer():141] handle defer: 3
2021-09-18 20:06:37,180 DEBUG   SenderThread:4034851 [sender.py:send():179] send: summary
2021-09-18 20:06:37,182 INFO    SenderThread:4034851 [sender.py:_save_file():841] saving file wandb-summary.json with policy end
2021-09-18 20:06:37,182 DEBUG   SenderThread:4034851 [sender.py:send_request():193] send_request: defer
2021-09-18 20:06:37,182 INFO    SenderThread:4034851 [sender.py:send_request_defer():304] handle sender defer: 3
2021-09-18 20:06:37,182 INFO    SenderThread:4034851 [sender.py:transition_state():308] send defer: 4
2021-09-18 20:06:37,182 DEBUG   HandlerThread:4034851 [handler.py:handle_request():124] handle_request: defer
2021-09-18 20:06:37,182 INFO    HandlerThread:4034851 [handler.py:handle_request_defer():141] handle defer: 4
2021-09-18 20:06:37,183 DEBUG   SenderThread:4034851 [sender.py:send_request():193] send_request: defer
2021-09-18 20:06:37,183 INFO    SenderThread:4034851 [sender.py:send_request_defer():304] handle sender defer: 4
2021-09-18 20:06:37,189 DEBUG   HandlerThread:4034851 [handler.py:handle_request():124] handle_request: poll_exit
2021-09-18 20:06:37,277 INFO    SenderThread:4034851 [sender.py:transition_state():308] send defer: 5
2021-09-18 20:06:37,277 DEBUG   SenderThread:4034851 [sender.py:send_request():193] send_request: poll_exit
2021-09-18 20:06:37,277 DEBUG   HandlerThread:4034851 [handler.py:handle_request():124] handle_request: defer
2021-09-18 20:06:37,278 INFO    HandlerThread:4034851 [handler.py:handle_request_defer():141] handle defer: 5
2021-09-18 20:06:37,278 DEBUG   SenderThread:4034851 [sender.py:send_request():193] send_request: defer
2021-09-18 20:06:37,278 INFO    SenderThread:4034851 [sender.py:send_request_defer():304] handle sender defer: 5
2021-09-18 20:06:37,278 INFO    SenderThread:4034851 [dir_watcher.py:finish():282] shutting down directory watcher
2021-09-18 20:06:37,379 DEBUG   HandlerThread:4034851 [handler.py:handle_request():124] handle_request: poll_exit
2021-09-18 20:06:37,478 INFO    SenderThread:4034851 [dir_watcher.py:_on_file_modified():229] file/dir modified: /grid/koo/home/toneyan/profile/QuantPred/wandb/run-20210918_200530-h2yltvc2/files/wandb-summary.json
2021-09-18 20:06:37,478 INFO    SenderThread:4034851 [dir_watcher.py:_on_file_modified():229] file/dir modified: /grid/koo/home/toneyan/profile/QuantPred/wandb/run-20210918_200530-h2yltvc2/files/config.yaml
2021-09-18 20:06:37,479 INFO    SenderThread:4034851 [dir_watcher.py:finish():312] scan: /grid/koo/home/toneyan/profile/QuantPred/wandb/run-20210918_200530-h2yltvc2/files
2021-09-18 20:06:37,479 INFO    SenderThread:4034851 [dir_watcher.py:finish():318] scan save: /grid/koo/home/toneyan/profile/QuantPred/wandb/run-20210918_200530-h2yltvc2/files/wandb-metadata.json wandb-metadata.json
2021-09-18 20:06:37,479 INFO    SenderThread:4034851 [dir_watcher.py:finish():318] scan save: /grid/koo/home/toneyan/profile/QuantPred/wandb/run-20210918_200530-h2yltvc2/files/config.yaml config.yaml
2021-09-18 20:06:37,479 INFO    SenderThread:4034851 [dir_watcher.py:finish():318] scan save: /grid/koo/home/toneyan/profile/QuantPred/wandb/run-20210918_200530-h2yltvc2/files/requirements.txt requirements.txt
2021-09-18 20:06:37,479 INFO    SenderThread:4034851 [dir_watcher.py:finish():318] scan save: /grid/koo/home/toneyan/profile/QuantPred/wandb/run-20210918_200530-h2yltvc2/files/wandb-summary.json wandb-summary.json
2021-09-18 20:06:37,483 INFO    SenderThread:4034851 [dir_watcher.py:finish():318] scan save: /grid/koo/home/toneyan/profile/QuantPred/wandb/run-20210918_200530-h2yltvc2/files/output.log output.log
2021-09-18 20:06:37,486 INFO    SenderThread:4034851 [sender.py:transition_state():308] send defer: 6
2021-09-18 20:06:37,486 DEBUG   SenderThread:4034851 [sender.py:send_request():193] send_request: poll_exit
2021-09-18 20:06:37,492 DEBUG   HandlerThread:4034851 [handler.py:handle_request():124] handle_request: defer
2021-09-18 20:06:37,492 INFO    HandlerThread:4034851 [handler.py:handle_request_defer():141] handle defer: 6
2021-09-18 20:06:37,492 DEBUG   SenderThread:4034851 [sender.py:send_request():193] send_request: defer
2021-09-18 20:06:37,492 INFO    SenderThread:4034851 [sender.py:send_request_defer():304] handle sender defer: 6
2021-09-18 20:06:37,492 INFO    SenderThread:4034851 [file_pusher.py:finish():177] shutting down file pusher
2021-09-18 20:06:37,593 DEBUG   HandlerThread:4034851 [handler.py:handle_request():124] handle_request: poll_exit
2021-09-18 20:06:37,594 DEBUG   SenderThread:4034851 [sender.py:send_request():193] send_request: poll_exit
2021-09-18 20:06:37,699 DEBUG   HandlerThread:4034851 [handler.py:handle_request():124] handle_request: poll_exit
2021-09-18 20:06:37,699 DEBUG   SenderThread:4034851 [sender.py:send_request():193] send_request: poll_exit
2021-09-18 20:06:37,801 DEBUG   HandlerThread:4034851 [handler.py:handle_request():124] handle_request: poll_exit
2021-09-18 20:06:37,801 DEBUG   SenderThread:4034851 [sender.py:send_request():193] send_request: poll_exit
2021-09-18 20:06:37,806 INFO    Thread-12 :4034851 [upload_job.py:push():137] Uploaded file /grid/koo/home/toneyan/profile/QuantPred/wandb/run-20210918_200530-h2yltvc2/files/config.yaml
2021-09-18 20:06:37,822 INFO    Thread-13 :4034851 [upload_job.py:push():137] Uploaded file /grid/koo/home/toneyan/profile/QuantPred/wandb/run-20210918_200530-h2yltvc2/files/requirements.txt
2021-09-18 20:06:37,824 INFO    Thread-14 :4034851 [upload_job.py:push():137] Uploaded file /grid/koo/home/toneyan/profile/QuantPred/wandb/run-20210918_200530-h2yltvc2/files/wandb-summary.json
2021-09-18 20:06:37,903 DEBUG   HandlerThread:4034851 [handler.py:handle_request():124] handle_request: poll_exit
2021-09-18 20:06:37,904 DEBUG   SenderThread:4034851 [sender.py:send_request():193] send_request: poll_exit
2021-09-18 20:06:38,006 DEBUG   HandlerThread:4034851 [handler.py:handle_request():124] handle_request: poll_exit
2021-09-18 20:06:38,006 DEBUG   SenderThread:4034851 [sender.py:send_request():193] send_request: poll_exit
2021-09-18 20:06:38,024 INFO    Thread-7  :4034851 [sender.py:transition_state():308] send defer: 7
2021-09-18 20:06:38,025 DEBUG   HandlerThread:4034851 [handler.py:handle_request():124] handle_request: defer
2021-09-18 20:06:38,025 INFO    HandlerThread:4034851 [handler.py:handle_request_defer():141] handle defer: 7
2021-09-18 20:06:38,025 DEBUG   SenderThread:4034851 [sender.py:send_request():193] send_request: defer
2021-09-18 20:06:38,025 INFO    SenderThread:4034851 [sender.py:send_request_defer():304] handle sender defer: 7
2021-09-18 20:06:38,108 DEBUG   HandlerThread:4034851 [handler.py:handle_request():124] handle_request: poll_exit
2021-09-18 20:06:38,152 INFO    SenderThread:4034851 [sender.py:transition_state():308] send defer: 8
2021-09-18 20:06:38,152 DEBUG   SenderThread:4034851 [sender.py:send_request():193] send_request: poll_exit
2021-09-18 20:06:38,153 DEBUG   HandlerThread:4034851 [handler.py:handle_request():124] handle_request: defer
2021-09-18 20:06:38,153 INFO    HandlerThread:4034851 [handler.py:handle_request_defer():141] handle defer: 8
2021-09-18 20:06:38,153 DEBUG   SenderThread:4034851 [sender.py:send_request():193] send_request: defer
2021-09-18 20:06:38,153 INFO    SenderThread:4034851 [sender.py:send_request_defer():304] handle sender defer: 8
2021-09-18 20:06:38,153 INFO    SenderThread:4034851 [sender.py:transition_state():308] send defer: 9
2021-09-18 20:06:38,154 DEBUG   SenderThread:4034851 [sender.py:send():179] send: final
2021-09-18 20:06:38,154 DEBUG   HandlerThread:4034851 [handler.py:handle_request():124] handle_request: defer
2021-09-18 20:06:38,154 DEBUG   SenderThread:4034851 [sender.py:send():179] send: footer
2021-09-18 20:06:38,154 INFO    HandlerThread:4034851 [handler.py:handle_request_defer():141] handle defer: 9
2021-09-18 20:06:38,154 DEBUG   SenderThread:4034851 [sender.py:send_request():193] send_request: defer
2021-09-18 20:06:38,154 INFO    SenderThread:4034851 [sender.py:send_request_defer():304] handle sender defer: 9
2021-09-18 20:06:38,255 DEBUG   HandlerThread:4034851 [handler.py:handle_request():124] handle_request: poll_exit
2021-09-18 20:06:38,255 DEBUG   SenderThread:4034851 [sender.py:send_request():193] send_request: poll_exit
2021-09-18 20:06:38,255 INFO    SenderThread:4034851 [file_pusher.py:join():182] waiting for file pusher
2021-09-18 20:06:38,256 DEBUG   HandlerThread:4034851 [handler.py:handle_request():124] handle_request: get_summary
2021-09-18 20:06:38,257 DEBUG   HandlerThread:4034851 [handler.py:handle_request():124] handle_request: sampled_history
2021-09-18 20:06:38,257 DEBUG   HandlerThread:4034851 [handler.py:handle_request():124] handle_request: shutdown
2021-09-18 20:06:38,257 INFO    HandlerThread:4034851 [handler.py:finish():638] shutting down handler
2021-09-18 20:06:39,154 INFO    WriterThread:4034851 [datastore.py:close():288] close: /grid/koo/home/toneyan/profile/QuantPred/wandb/run-20210918_200530-h2yltvc2/run-h2yltvc2.wandb
2021-09-18 20:06:39,255 INFO    SenderThread:4034851 [sender.py:finish():945] shutting down sender
2021-09-18 20:06:39,256 INFO    SenderThread:4034851 [file_pusher.py:finish():177] shutting down file pusher
2021-09-18 20:06:39,256 INFO    SenderThread:4034851 [file_pusher.py:join():182] waiting for file pusher
2021-09-18 20:06:39,258 INFO    MainThread:4034851 [internal.py:handle_exit():78] Internal process exited
