2021-09-18 23:53:16,861 INFO    MainThread:1023929 [internal.py:wandb_internal():91] W&B internal server running at pid: 1023929, started at: 2021-09-18 23:53:16.861472
2021-09-18 23:53:16,863 DEBUG   HandlerThread:1023929 [handler.py:handle_request():124] handle_request: check_version
2021-09-18 23:53:16,863 INFO    WriterThread:1023929 [datastore.py:open_for_write():80] open: /grid/koo/home/toneyan/profile/QuantPred/wandb/run-20210918_235316-07r3tklv/run-07r3tklv.wandb
2021-09-18 23:53:16,864 DEBUG   SenderThread:1023929 [sender.py:send():179] send: header
2021-09-18 23:53:16,864 DEBUG   SenderThread:1023929 [sender.py:send_request():193] send_request: check_version
2021-09-18 23:53:16,891 DEBUG   SenderThread:1023929 [sender.py:send():179] send: run
2021-09-18 23:53:16,965 INFO    SenderThread:1023929 [dir_watcher.py:__init__():168] watching files in: /grid/koo/home/toneyan/profile/QuantPred/wandb/run-20210918_235316-07r3tklv/files
2021-09-18 23:53:16,965 INFO    SenderThread:1023929 [sender.py:_start_run_threads():719] run started: 07r3tklv with start time 1632023596
2021-09-18 23:53:16,966 DEBUG   SenderThread:1023929 [sender.py:send():179] send: summary
2021-09-18 23:53:16,966 DEBUG   HandlerThread:1023929 [handler.py:handle_request():124] handle_request: run_start
2021-09-18 23:53:16,966 INFO    SenderThread:1023929 [sender.py:_save_file():841] saving file wandb-summary.json with policy end
2021-09-18 23:53:17,965 DEBUG   HandlerThread:1023929 [meta.py:__init__():39] meta init
2021-09-18 23:53:17,965 DEBUG   HandlerThread:1023929 [meta.py:__init__():53] meta init done
2021-09-18 23:53:17,965 DEBUG   HandlerThread:1023929 [meta.py:probe():210] probe
2021-09-18 23:53:17,967 INFO    Thread-8  :1023929 [dir_watcher.py:_on_file_created():216] file/dir created: /grid/koo/home/toneyan/profile/QuantPred/wandb/run-20210918_235316-07r3tklv/files/wandb-summary.json
2021-09-18 23:53:17,971 DEBUG   HandlerThread:1023929 [meta.py:_save_pip():57] save pip
2021-09-18 23:53:17,972 DEBUG   HandlerThread:1023929 [meta.py:_save_pip():71] save pip done
2021-09-18 23:53:17,973 DEBUG   HandlerThread:1023929 [meta.py:probe():252] probe done
2021-09-18 23:53:17,974 DEBUG   SenderThread:1023929 [sender.py:send():179] send: files
2021-09-18 23:53:17,975 INFO    SenderThread:1023929 [sender.py:_save_file():841] saving file wandb-metadata.json with policy now
2021-09-18 23:53:17,979 DEBUG   HandlerThread:1023929 [handler.py:handle_request():124] handle_request: stop_status
2021-09-18 23:53:17,979 DEBUG   SenderThread:1023929 [sender.py:send_request():193] send_request: stop_status
2021-09-18 23:53:18,328 INFO    Thread-11 :1023929 [upload_job.py:push():137] Uploaded file /tmp/3288840.1.gpu_ded.q/tmprzu7z44mwandb/ktwp2v92-wandb-metadata.json
2021-09-18 23:53:18,966 INFO    Thread-8  :1023929 [dir_watcher.py:_on_file_created():216] file/dir created: /grid/koo/home/toneyan/profile/QuantPred/wandb/run-20210918_235316-07r3tklv/files/output.log
2021-09-18 23:53:18,966 INFO    Thread-8  :1023929 [dir_watcher.py:_on_file_created():216] file/dir created: /grid/koo/home/toneyan/profile/QuantPred/wandb/run-20210918_235316-07r3tklv/files/wandb-metadata.json
2021-09-18 23:53:18,967 INFO    Thread-8  :1023929 [dir_watcher.py:_on_file_created():216] file/dir created: /grid/koo/home/toneyan/profile/QuantPred/wandb/run-20210918_235316-07r3tklv/files/requirements.txt
2021-09-18 23:53:33,038 DEBUG   HandlerThread:1023929 [handler.py:handle_request():124] handle_request: stop_status
2021-09-18 23:53:33,038 DEBUG   SenderThread:1023929 [sender.py:send_request():193] send_request: stop_status
2021-09-18 23:53:46,306 DEBUG   SenderThread:1023929 [sender.py:send():179] send: stats
2021-09-18 23:53:48,099 DEBUG   HandlerThread:1023929 [handler.py:handle_request():124] handle_request: stop_status
2021-09-18 23:53:48,099 DEBUG   SenderThread:1023929 [sender.py:send_request():193] send_request: stop_status
2021-09-18 23:53:48,535 DEBUG   SenderThread:1023929 [sender.py:send():179] send: telemetry
2021-09-18 23:53:48,535 DEBUG   HandlerThread:1023929 [handler.py:handle_request():124] handle_request: poll_exit
2021-09-18 23:53:48,535 DEBUG   SenderThread:1023929 [sender.py:send():179] send: exit
2021-09-18 23:53:48,535 INFO    SenderThread:1023929 [sender.py:send_exit():287] handling exit code: 1
2021-09-18 23:53:48,535 INFO    SenderThread:1023929 [sender.py:send_exit():295] send defer
2021-09-18 23:53:48,535 DEBUG   SenderThread:1023929 [sender.py:send_request():193] send_request: poll_exit
2021-09-18 23:53:48,536 DEBUG   HandlerThread:1023929 [handler.py:handle_request():124] handle_request: defer
2021-09-18 23:53:48,536 INFO    HandlerThread:1023929 [handler.py:handle_request_defer():141] handle defer: 0
2021-09-18 23:53:48,536 DEBUG   SenderThread:1023929 [sender.py:send_request():193] send_request: defer
2021-09-18 23:53:48,536 INFO    SenderThread:1023929 [sender.py:send_request_defer():304] handle sender defer: 0
2021-09-18 23:53:48,536 INFO    SenderThread:1023929 [sender.py:transition_state():308] send defer: 1
2021-09-18 23:53:48,536 DEBUG   HandlerThread:1023929 [handler.py:handle_request():124] handle_request: defer
2021-09-18 23:53:48,536 INFO    HandlerThread:1023929 [handler.py:handle_request_defer():141] handle defer: 1
2021-09-18 23:53:48,644 DEBUG   SenderThread:1023929 [sender.py:send_request():193] send_request: defer
2021-09-18 23:53:48,644 DEBUG   HandlerThread:1023929 [handler.py:handle_request():124] handle_request: poll_exit
2021-09-18 23:53:48,644 INFO    SenderThread:1023929 [sender.py:send_request_defer():304] handle sender defer: 1
2021-09-18 23:53:48,645 INFO    SenderThread:1023929 [sender.py:transition_state():308] send defer: 2
2021-09-18 23:53:48,645 DEBUG   SenderThread:1023929 [sender.py:send_request():193] send_request: poll_exit
2021-09-18 23:53:48,645 DEBUG   SenderThread:1023929 [sender.py:send():179] send: stats
2021-09-18 23:53:48,645 DEBUG   HandlerThread:1023929 [handler.py:handle_request():124] handle_request: defer
2021-09-18 23:53:48,647 INFO    HandlerThread:1023929 [handler.py:handle_request_defer():141] handle defer: 2
2021-09-18 23:53:48,647 DEBUG   SenderThread:1023929 [sender.py:send_request():193] send_request: defer
2021-09-18 23:53:48,647 INFO    SenderThread:1023929 [sender.py:send_request_defer():304] handle sender defer: 2
2021-09-18 23:53:48,647 INFO    SenderThread:1023929 [sender.py:transition_state():308] send defer: 3
2021-09-18 23:53:48,647 DEBUG   HandlerThread:1023929 [handler.py:handle_request():124] handle_request: defer
2021-09-18 23:53:48,647 INFO    HandlerThread:1023929 [handler.py:handle_request_defer():141] handle defer: 3
2021-09-18 23:53:48,647 DEBUG   SenderThread:1023929 [sender.py:send():179] send: summary
2021-09-18 23:53:48,648 INFO    SenderThread:1023929 [sender.py:_save_file():841] saving file wandb-summary.json with policy end
2021-09-18 23:53:48,648 DEBUG   SenderThread:1023929 [sender.py:send_request():193] send_request: defer
2021-09-18 23:53:48,648 INFO    SenderThread:1023929 [sender.py:send_request_defer():304] handle sender defer: 3
2021-09-18 23:53:48,648 INFO    SenderThread:1023929 [sender.py:transition_state():308] send defer: 4
2021-09-18 23:53:48,648 DEBUG   HandlerThread:1023929 [handler.py:handle_request():124] handle_request: defer
2021-09-18 23:53:48,648 INFO    HandlerThread:1023929 [handler.py:handle_request_defer():141] handle defer: 4
2021-09-18 23:53:48,648 DEBUG   SenderThread:1023929 [sender.py:send_request():193] send_request: defer
2021-09-18 23:53:48,648 INFO    SenderThread:1023929 [sender.py:send_request_defer():304] handle sender defer: 4
2021-09-18 23:53:48,727 INFO    SenderThread:1023929 [sender.py:transition_state():308] send defer: 5
2021-09-18 23:53:48,727 DEBUG   HandlerThread:1023929 [handler.py:handle_request():124] handle_request: defer
2021-09-18 23:53:48,727 INFO    HandlerThread:1023929 [handler.py:handle_request_defer():141] handle defer: 5
2021-09-18 23:53:48,727 DEBUG   SenderThread:1023929 [sender.py:send_request():193] send_request: defer
2021-09-18 23:53:48,727 INFO    SenderThread:1023929 [sender.py:send_request_defer():304] handle sender defer: 5
2021-09-18 23:53:48,727 INFO    SenderThread:1023929 [dir_watcher.py:finish():282] shutting down directory watcher
2021-09-18 23:53:48,746 DEBUG   HandlerThread:1023929 [handler.py:handle_request():124] handle_request: poll_exit
2021-09-18 23:53:48,971 INFO    SenderThread:1023929 [dir_watcher.py:_on_file_modified():229] file/dir modified: /grid/koo/home/toneyan/profile/QuantPred/wandb/run-20210918_235316-07r3tklv/files/wandb-summary.json
2021-09-18 23:53:48,971 INFO    SenderThread:1023929 [dir_watcher.py:_on_file_modified():229] file/dir modified: /grid/koo/home/toneyan/profile/QuantPred/wandb/run-20210918_235316-07r3tklv/files/config.yaml
2021-09-18 23:53:48,972 INFO    SenderThread:1023929 [dir_watcher.py:finish():312] scan: /grid/koo/home/toneyan/profile/QuantPred/wandb/run-20210918_235316-07r3tklv/files
2021-09-18 23:53:48,972 INFO    SenderThread:1023929 [dir_watcher.py:finish():318] scan save: /grid/koo/home/toneyan/profile/QuantPred/wandb/run-20210918_235316-07r3tklv/files/wandb-metadata.json wandb-metadata.json
2021-09-18 23:53:48,972 INFO    SenderThread:1023929 [dir_watcher.py:finish():318] scan save: /grid/koo/home/toneyan/profile/QuantPred/wandb/run-20210918_235316-07r3tklv/files/config.yaml config.yaml
2021-09-18 23:53:48,972 INFO    SenderThread:1023929 [dir_watcher.py:finish():318] scan save: /grid/koo/home/toneyan/profile/QuantPred/wandb/run-20210918_235316-07r3tklv/files/requirements.txt requirements.txt
2021-09-18 23:53:48,972 INFO    SenderThread:1023929 [dir_watcher.py:finish():318] scan save: /grid/koo/home/toneyan/profile/QuantPred/wandb/run-20210918_235316-07r3tklv/files/wandb-summary.json wandb-summary.json
2021-09-18 23:53:48,975 INFO    SenderThread:1023929 [dir_watcher.py:finish():318] scan save: /grid/koo/home/toneyan/profile/QuantPred/wandb/run-20210918_235316-07r3tklv/files/output.log output.log
2021-09-18 23:53:48,981 INFO    SenderThread:1023929 [sender.py:transition_state():308] send defer: 6
2021-09-18 23:53:48,982 DEBUG   SenderThread:1023929 [sender.py:send_request():193] send_request: poll_exit
2021-09-18 23:53:48,982 DEBUG   HandlerThread:1023929 [handler.py:handle_request():124] handle_request: defer
2021-09-18 23:53:48,982 INFO    HandlerThread:1023929 [handler.py:handle_request_defer():141] handle defer: 6
2021-09-18 23:53:48,983 DEBUG   SenderThread:1023929 [sender.py:send_request():193] send_request: defer
2021-09-18 23:53:48,983 INFO    SenderThread:1023929 [sender.py:send_request_defer():304] handle sender defer: 6
2021-09-18 23:53:48,983 INFO    SenderThread:1023929 [file_pusher.py:finish():177] shutting down file pusher
2021-09-18 23:53:49,083 DEBUG   HandlerThread:1023929 [handler.py:handle_request():124] handle_request: poll_exit
2021-09-18 23:53:49,084 DEBUG   SenderThread:1023929 [sender.py:send_request():193] send_request: poll_exit
2021-09-18 23:53:49,185 DEBUG   HandlerThread:1023929 [handler.py:handle_request():124] handle_request: poll_exit
2021-09-18 23:53:49,185 DEBUG   SenderThread:1023929 [sender.py:send_request():193] send_request: poll_exit
2021-09-18 23:53:49,283 INFO    Thread-12 :1023929 [upload_job.py:push():137] Uploaded file /grid/koo/home/toneyan/profile/QuantPred/wandb/run-20210918_235316-07r3tklv/files/config.yaml
2021-09-18 23:53:49,286 DEBUG   HandlerThread:1023929 [handler.py:handle_request():124] handle_request: poll_exit
2021-09-18 23:53:49,286 DEBUG   SenderThread:1023929 [sender.py:send_request():193] send_request: poll_exit
2021-09-18 23:53:49,313 INFO    Thread-13 :1023929 [upload_job.py:push():137] Uploaded file /grid/koo/home/toneyan/profile/QuantPred/wandb/run-20210918_235316-07r3tklv/files/requirements.txt
2021-09-18 23:53:49,388 DEBUG   HandlerThread:1023929 [handler.py:handle_request():124] handle_request: poll_exit
2021-09-18 23:53:49,388 DEBUG   SenderThread:1023929 [sender.py:send_request():193] send_request: poll_exit
2021-09-18 23:53:49,480 INFO    Thread-14 :1023929 [upload_job.py:push():137] Uploaded file /grid/koo/home/toneyan/profile/QuantPred/wandb/run-20210918_235316-07r3tklv/files/wandb-summary.json
2021-09-18 23:53:49,489 DEBUG   HandlerThread:1023929 [handler.py:handle_request():124] handle_request: poll_exit
2021-09-18 23:53:49,489 DEBUG   SenderThread:1023929 [sender.py:send_request():193] send_request: poll_exit
2021-09-18 23:53:49,590 DEBUG   HandlerThread:1023929 [handler.py:handle_request():124] handle_request: poll_exit
2021-09-18 23:53:49,590 DEBUG   SenderThread:1023929 [sender.py:send_request():193] send_request: poll_exit
2021-09-18 23:53:49,680 INFO    Thread-7  :1023929 [sender.py:transition_state():308] send defer: 7
2021-09-18 23:53:49,681 DEBUG   HandlerThread:1023929 [handler.py:handle_request():124] handle_request: defer
2021-09-18 23:53:49,681 INFO    HandlerThread:1023929 [handler.py:handle_request_defer():141] handle defer: 7
2021-09-18 23:53:49,681 DEBUG   SenderThread:1023929 [sender.py:send_request():193] send_request: defer
2021-09-18 23:53:49,681 INFO    SenderThread:1023929 [sender.py:send_request_defer():304] handle sender defer: 7
2021-09-18 23:53:49,692 DEBUG   HandlerThread:1023929 [handler.py:handle_request():124] handle_request: poll_exit
2021-09-18 23:53:49,783 INFO    SenderThread:1023929 [sender.py:transition_state():308] send defer: 8
2021-09-18 23:53:49,783 DEBUG   SenderThread:1023929 [sender.py:send_request():193] send_request: poll_exit
2021-09-18 23:53:49,784 DEBUG   HandlerThread:1023929 [handler.py:handle_request():124] handle_request: defer
2021-09-18 23:53:49,784 INFO    HandlerThread:1023929 [handler.py:handle_request_defer():141] handle defer: 8
2021-09-18 23:53:49,784 DEBUG   SenderThread:1023929 [sender.py:send_request():193] send_request: defer
2021-09-18 23:53:49,784 INFO    SenderThread:1023929 [sender.py:send_request_defer():304] handle sender defer: 8
2021-09-18 23:53:49,784 INFO    SenderThread:1023929 [sender.py:transition_state():308] send defer: 9
2021-09-18 23:53:49,784 DEBUG   SenderThread:1023929 [sender.py:send():179] send: final
2021-09-18 23:53:49,784 DEBUG   HandlerThread:1023929 [handler.py:handle_request():124] handle_request: defer
2021-09-18 23:53:49,784 DEBUG   SenderThread:1023929 [sender.py:send():179] send: footer
2021-09-18 23:53:49,784 INFO    HandlerThread:1023929 [handler.py:handle_request_defer():141] handle defer: 9
2021-09-18 23:53:49,785 DEBUG   SenderThread:1023929 [sender.py:send_request():193] send_request: defer
2021-09-18 23:53:49,785 INFO    SenderThread:1023929 [sender.py:send_request_defer():304] handle sender defer: 9
2021-09-18 23:53:49,885 DEBUG   HandlerThread:1023929 [handler.py:handle_request():124] handle_request: poll_exit
2021-09-18 23:53:49,885 DEBUG   SenderThread:1023929 [sender.py:send_request():193] send_request: poll_exit
2021-09-18 23:53:49,885 INFO    SenderThread:1023929 [file_pusher.py:join():182] waiting for file pusher
2021-09-18 23:53:49,886 DEBUG   HandlerThread:1023929 [handler.py:handle_request():124] handle_request: get_summary
2021-09-18 23:53:49,886 DEBUG   HandlerThread:1023929 [handler.py:handle_request():124] handle_request: sampled_history
2021-09-18 23:53:49,886 DEBUG   HandlerThread:1023929 [handler.py:handle_request():124] handle_request: shutdown
2021-09-18 23:53:49,886 INFO    HandlerThread:1023929 [handler.py:finish():638] shutting down handler
2021-09-18 23:53:50,784 INFO    WriterThread:1023929 [datastore.py:close():288] close: /grid/koo/home/toneyan/profile/QuantPred/wandb/run-20210918_235316-07r3tklv/run-07r3tklv.wandb
2021-09-18 23:53:50,885 INFO    SenderThread:1023929 [sender.py:finish():945] shutting down sender
2021-09-18 23:53:50,885 INFO    SenderThread:1023929 [file_pusher.py:finish():177] shutting down file pusher
2021-09-18 23:53:50,885 INFO    SenderThread:1023929 [file_pusher.py:join():182] waiting for file pusher
2021-09-18 23:53:50,886 INFO    MainThread:1023929 [internal.py:handle_exit():78] Internal process exited
