2021-09-19 03:17:34,844 INFO    MainThread:621640 [internal.py:wandb_internal():91] W&B internal server running at pid: 621640, started at: 2021-09-19 03:17:34.843997
2021-09-19 03:17:34,845 DEBUG   HandlerThread:621640 [handler.py:handle_request():124] handle_request: check_version
2021-09-19 03:17:34,845 INFO    WriterThread:621640 [datastore.py:open_for_write():80] open: /grid/koo/home/toneyan/profile/QuantPred/wandb/run-20210919_031734-0826rqdn/run-0826rqdn.wandb
2021-09-19 03:17:34,847 DEBUG   SenderThread:621640 [sender.py:send():179] send: header
2021-09-19 03:17:34,847 DEBUG   SenderThread:621640 [sender.py:send_request():193] send_request: check_version
2021-09-19 03:17:34,876 DEBUG   SenderThread:621640 [sender.py:send():179] send: run
2021-09-19 03:17:34,936 ERROR   SenderThread:621640 [internal_api.py:execute():130] 429 response executing GraphQL.
2021-09-19 03:17:34,936 ERROR   SenderThread:621640 [internal_api.py:execute():131] {"error":"rate limit exceeded"}

2021-09-19 03:17:36,072 ERROR   SenderThread:621640 [internal_api.py:execute():130] 429 response executing GraphQL.
2021-09-19 03:17:36,073 ERROR   SenderThread:621640 [internal_api.py:execute():131] {"error":"rate limit exceeded"}

2021-09-19 03:17:38,232 ERROR   SenderThread:621640 [internal_api.py:execute():130] 429 response executing GraphQL.
2021-09-19 03:17:38,232 ERROR   SenderThread:621640 [internal_api.py:execute():131] {"error":"rate limit exceeded"}

2021-09-19 03:17:38,233 ERROR   SenderThread:621640 [retry.py:__call__():126] Retry attempt failed:
Traceback (most recent call last):
  File "/usr/local/lib/python3.6/dist-packages/wandb/sdk/lib/retry.py", line 102, in __call__
    result = self._call_fn(*args, **kwargs)
  File "/usr/local/lib/python3.6/dist-packages/wandb/sdk/internal/internal_api.py", line 133, in execute
    six.reraise(*sys.exc_info())
  File "/usr/local/lib/python3.6/dist-packages/six.py", line 719, in reraise
    raise value
  File "/usr/local/lib/python3.6/dist-packages/wandb/sdk/internal/internal_api.py", line 127, in execute
    return self.client.execute(*args, **kwargs)
  File "/usr/local/lib/python3.6/dist-packages/wandb/vendor/gql-0.2.0/gql/client.py", line 52, in execute
    result = self._get_result(document, *args, **kwargs)
  File "/usr/local/lib/python3.6/dist-packages/wandb/vendor/gql-0.2.0/gql/client.py", line 60, in _get_result
    return self.transport.execute(document, *args, **kwargs)
  File "/usr/local/lib/python3.6/dist-packages/wandb/vendor/gql-0.2.0/gql/transport/requests.py", line 39, in execute
    request.raise_for_status()
  File "/usr/local/lib/python3.6/dist-packages/requests/models.py", line 943, in raise_for_status
    raise HTTPError(http_error_msg, response=self)
requests.exceptions.HTTPError: 429 Client Error: Too Many Requests for url: https://api.wandb.ai/graphql
2021-09-19 03:17:42,709 ERROR   SenderThread:621640 [internal_api.py:execute():130] 429 response executing GraphQL.
2021-09-19 03:17:42,709 ERROR   SenderThread:621640 [internal_api.py:execute():131] {"error":"rate limit exceeded"}

2021-09-19 03:17:52,192 INFO    SenderThread:621640 [dir_watcher.py:__init__():168] watching files in: /grid/koo/home/toneyan/profile/QuantPred/wandb/run-20210919_031734-0826rqdn/files
2021-09-19 03:17:52,192 INFO    SenderThread:621640 [sender.py:_start_run_threads():719] run started: 0826rqdn with start time 1632035854
2021-09-19 03:17:52,192 DEBUG   SenderThread:621640 [sender.py:send():179] send: summary
2021-09-19 03:17:52,193 INFO    SenderThread:621640 [sender.py:_save_file():841] saving file wandb-summary.json with policy end
2021-09-19 03:17:52,194 DEBUG   HandlerThread:621640 [handler.py:handle_request():124] handle_request: run_start
2021-09-19 03:17:53,193 INFO    Thread-8  :621640 [dir_watcher.py:_on_file_created():216] file/dir created: /grid/koo/home/toneyan/profile/QuantPred/wandb/run-20210919_031734-0826rqdn/files/wandb-summary.json
2021-09-19 03:17:53,286 DEBUG   HandlerThread:621640 [meta.py:__init__():39] meta init
2021-09-19 03:17:53,287 DEBUG   HandlerThread:621640 [meta.py:__init__():53] meta init done
2021-09-19 03:17:53,288 DEBUG   HandlerThread:621640 [meta.py:probe():210] probe
2021-09-19 03:17:53,293 DEBUG   HandlerThread:621640 [meta.py:_save_pip():57] save pip
2021-09-19 03:17:53,294 DEBUG   HandlerThread:621640 [meta.py:_save_pip():71] save pip done
2021-09-19 03:17:53,295 DEBUG   HandlerThread:621640 [meta.py:probe():252] probe done
2021-09-19 03:17:53,298 DEBUG   SenderThread:621640 [sender.py:send():179] send: files
2021-09-19 03:17:53,298 INFO    SenderThread:621640 [sender.py:_save_file():841] saving file wandb-metadata.json with policy now
2021-09-19 03:17:53,322 DEBUG   HandlerThread:621640 [handler.py:handle_request():124] handle_request: stop_status
2021-09-19 03:17:53,322 DEBUG   SenderThread:621640 [sender.py:send_request():193] send_request: stop_status
2021-09-19 03:17:53,639 INFO    Thread-11 :621640 [upload_job.py:push():137] Uploaded file /tmp/3288854.1.gpu_ded.q/tmpvpo3j6g0wandb/25xh67tz-wandb-metadata.json
2021-09-19 03:17:54,193 INFO    Thread-8  :621640 [dir_watcher.py:_on_file_created():216] file/dir created: /grid/koo/home/toneyan/profile/QuantPred/wandb/run-20210919_031734-0826rqdn/files/output.log
2021-09-19 03:17:54,193 INFO    Thread-8  :621640 [dir_watcher.py:_on_file_created():216] file/dir created: /grid/koo/home/toneyan/profile/QuantPred/wandb/run-20210919_031734-0826rqdn/files/wandb-metadata.json
2021-09-19 03:17:54,193 INFO    Thread-8  :621640 [dir_watcher.py:_on_file_created():216] file/dir created: /grid/koo/home/toneyan/profile/QuantPred/wandb/run-20210919_031734-0826rqdn/files/requirements.txt
2021-09-19 03:18:08,383 DEBUG   HandlerThread:621640 [handler.py:handle_request():124] handle_request: stop_status
2021-09-19 03:18:08,383 DEBUG   SenderThread:621640 [sender.py:send_request():193] send_request: stop_status
2021-09-19 03:18:08,439 ERROR   SenderThread:621640 [internal_api.py:execute():130] 429 response executing GraphQL.
2021-09-19 03:18:08,439 ERROR   SenderThread:621640 [internal_api.py:execute():131] {"error":"rate limit exceeded"}

2021-09-19 03:18:09,716 ERROR   SenderThread:621640 [internal_api.py:execute():130] 429 response executing GraphQL.
2021-09-19 03:18:09,716 ERROR   SenderThread:621640 [internal_api.py:execute():131] {"error":"rate limit exceeded"}

2021-09-19 03:18:12,187 ERROR   SenderThread:621640 [internal_api.py:execute():130] 429 response executing GraphQL.
2021-09-19 03:18:12,188 ERROR   SenderThread:621640 [internal_api.py:execute():131] {"error":"rate limit exceeded"}

2021-09-19 03:18:12,188 ERROR   SenderThread:621640 [retry.py:__call__():126] Retry attempt failed:
Traceback (most recent call last):
  File "/usr/local/lib/python3.6/dist-packages/wandb/sdk/lib/retry.py", line 102, in __call__
    result = self._call_fn(*args, **kwargs)
  File "/usr/local/lib/python3.6/dist-packages/wandb/sdk/internal/internal_api.py", line 133, in execute
    six.reraise(*sys.exc_info())
  File "/usr/local/lib/python3.6/dist-packages/six.py", line 719, in reraise
    raise value
  File "/usr/local/lib/python3.6/dist-packages/wandb/sdk/internal/internal_api.py", line 127, in execute
    return self.client.execute(*args, **kwargs)
  File "/usr/local/lib/python3.6/dist-packages/wandb/vendor/gql-0.2.0/gql/client.py", line 52, in execute
    result = self._get_result(document, *args, **kwargs)
  File "/usr/local/lib/python3.6/dist-packages/wandb/vendor/gql-0.2.0/gql/client.py", line 60, in _get_result
    return self.transport.execute(document, *args, **kwargs)
  File "/usr/local/lib/python3.6/dist-packages/wandb/vendor/gql-0.2.0/gql/transport/requests.py", line 39, in execute
    request.raise_for_status()
  File "/usr/local/lib/python3.6/dist-packages/requests/models.py", line 943, in raise_for_status
    raise HTTPError(http_error_msg, response=self)
requests.exceptions.HTTPError: 429 Client Error: Too Many Requests for url: https://api.wandb.ai/graphql
2021-09-19 03:18:21,702 DEBUG   SenderThread:621640 [sender.py:send():179] send: stats
2021-09-19 03:18:25,421 DEBUG   HandlerThread:621640 [handler.py:handle_request():124] handle_request: poll_exit
2021-09-19 03:18:25,421 DEBUG   SenderThread:621640 [sender.py:send():179] send: telemetry
2021-09-19 03:18:25,421 DEBUG   SenderThread:621640 [sender.py:send():179] send: exit
2021-09-19 03:18:25,421 INFO    SenderThread:621640 [sender.py:send_exit():287] handling exit code: 1
2021-09-19 03:18:25,421 INFO    SenderThread:621640 [sender.py:send_exit():295] send defer
2021-09-19 03:18:25,421 DEBUG   SenderThread:621640 [sender.py:send_request():193] send_request: poll_exit
2021-09-19 03:18:25,422 DEBUG   HandlerThread:621640 [handler.py:handle_request():124] handle_request: defer
2021-09-19 03:18:25,422 INFO    HandlerThread:621640 [handler.py:handle_request_defer():141] handle defer: 0
2021-09-19 03:18:25,422 DEBUG   SenderThread:621640 [sender.py:send_request():193] send_request: defer
2021-09-19 03:18:25,422 INFO    SenderThread:621640 [sender.py:send_request_defer():304] handle sender defer: 0
2021-09-19 03:18:25,422 INFO    SenderThread:621640 [sender.py:transition_state():308] send defer: 1
2021-09-19 03:18:25,423 DEBUG   HandlerThread:621640 [handler.py:handle_request():124] handle_request: defer
2021-09-19 03:18:25,423 INFO    HandlerThread:621640 [handler.py:handle_request_defer():141] handle defer: 1
2021-09-19 03:18:25,451 DEBUG   SenderThread:621640 [sender.py:send_request():193] send_request: defer
2021-09-19 03:18:25,451 INFO    SenderThread:621640 [sender.py:send_request_defer():304] handle sender defer: 1
2021-09-19 03:18:25,451 INFO    SenderThread:621640 [sender.py:transition_state():308] send defer: 2
2021-09-19 03:18:25,451 DEBUG   SenderThread:621640 [sender.py:send():179] send: stats
2021-09-19 03:18:25,452 DEBUG   HandlerThread:621640 [handler.py:handle_request():124] handle_request: defer
2021-09-19 03:18:25,454 INFO    HandlerThread:621640 [handler.py:handle_request_defer():141] handle defer: 2
2021-09-19 03:18:25,454 DEBUG   SenderThread:621640 [sender.py:send_request():193] send_request: defer
2021-09-19 03:18:25,454 INFO    SenderThread:621640 [sender.py:send_request_defer():304] handle sender defer: 2
2021-09-19 03:18:25,454 INFO    SenderThread:621640 [sender.py:transition_state():308] send defer: 3
2021-09-19 03:18:25,455 DEBUG   HandlerThread:621640 [handler.py:handle_request():124] handle_request: defer
2021-09-19 03:18:25,455 INFO    HandlerThread:621640 [handler.py:handle_request_defer():141] handle defer: 3
2021-09-19 03:18:25,455 DEBUG   SenderThread:621640 [sender.py:send():179] send: summary
2021-09-19 03:18:25,455 INFO    SenderThread:621640 [sender.py:_save_file():841] saving file wandb-summary.json with policy end
2021-09-19 03:18:25,456 DEBUG   SenderThread:621640 [sender.py:send_request():193] send_request: defer
2021-09-19 03:18:25,456 INFO    SenderThread:621640 [sender.py:send_request_defer():304] handle sender defer: 3
2021-09-19 03:18:25,456 INFO    SenderThread:621640 [sender.py:transition_state():308] send defer: 4
2021-09-19 03:18:25,456 DEBUG   HandlerThread:621640 [handler.py:handle_request():124] handle_request: defer
2021-09-19 03:18:25,456 INFO    HandlerThread:621640 [handler.py:handle_request_defer():141] handle defer: 4
2021-09-19 03:18:25,456 DEBUG   SenderThread:621640 [sender.py:send_request():193] send_request: defer
2021-09-19 03:18:25,457 INFO    SenderThread:621640 [sender.py:send_request_defer():304] handle sender defer: 4
2021-09-19 03:18:25,514 ERROR   SenderThread:621640 [internal_api.py:execute():130] 429 response executing GraphQL.
2021-09-19 03:18:25,514 ERROR   SenderThread:621640 [internal_api.py:execute():131] {"error":"rate limit exceeded"}

2021-09-19 03:18:25,523 DEBUG   HandlerThread:621640 [handler.py:handle_request():124] handle_request: poll_exit
2021-09-19 03:18:26,204 INFO    Thread-8  :621640 [dir_watcher.py:_on_file_modified():229] file/dir modified: /grid/koo/home/toneyan/profile/QuantPred/wandb/run-20210919_031734-0826rqdn/files/wandb-summary.json
2021-09-19 03:18:26,712 ERROR   SenderThread:621640 [internal_api.py:execute():130] 429 response executing GraphQL.
2021-09-19 03:18:26,712 ERROR   SenderThread:621640 [internal_api.py:execute():131] {"error":"rate limit exceeded"}

2021-09-19 03:18:28,962 ERROR   SenderThread:621640 [internal_api.py:execute():130] 429 response executing GraphQL.
2021-09-19 03:18:28,962 ERROR   SenderThread:621640 [internal_api.py:execute():131] {"error":"rate limit exceeded"}

2021-09-19 03:18:28,962 ERROR   SenderThread:621640 [retry.py:__call__():126] Retry attempt failed:
Traceback (most recent call last):
  File "/usr/local/lib/python3.6/dist-packages/wandb/sdk/lib/retry.py", line 102, in __call__
    result = self._call_fn(*args, **kwargs)
  File "/usr/local/lib/python3.6/dist-packages/wandb/sdk/internal/internal_api.py", line 133, in execute
    six.reraise(*sys.exc_info())
  File "/usr/local/lib/python3.6/dist-packages/six.py", line 719, in reraise
    raise value
  File "/usr/local/lib/python3.6/dist-packages/wandb/sdk/internal/internal_api.py", line 127, in execute
    return self.client.execute(*args, **kwargs)
  File "/usr/local/lib/python3.6/dist-packages/wandb/vendor/gql-0.2.0/gql/client.py", line 52, in execute
    result = self._get_result(document, *args, **kwargs)
  File "/usr/local/lib/python3.6/dist-packages/wandb/vendor/gql-0.2.0/gql/client.py", line 60, in _get_result
    return self.transport.execute(document, *args, **kwargs)
  File "/usr/local/lib/python3.6/dist-packages/wandb/vendor/gql-0.2.0/gql/transport/requests.py", line 39, in execute
    request.raise_for_status()
  File "/usr/local/lib/python3.6/dist-packages/requests/models.py", line 943, in raise_for_status
    raise HTTPError(http_error_msg, response=self)
requests.exceptions.HTTPError: 429 Client Error: Too Many Requests for url: https://api.wandb.ai/graphql
2021-09-19 03:18:30,624 DEBUG   HandlerThread:621640 [handler.py:handle_request():124] handle_request: poll_exit
2021-09-19 03:18:33,760 INFO    SenderThread:621640 [sender.py:transition_state():308] send defer: 5
2021-09-19 03:18:33,760 DEBUG   SenderThread:621640 [sender.py:send_request():193] send_request: poll_exit
2021-09-19 03:18:33,760 DEBUG   SenderThread:621640 [sender.py:send_request():193] send_request: poll_exit
2021-09-19 03:18:33,761 DEBUG   HandlerThread:621640 [handler.py:handle_request():124] handle_request: defer
2021-09-19 03:18:33,761 INFO    HandlerThread:621640 [handler.py:handle_request_defer():141] handle defer: 5
2021-09-19 03:18:33,761 DEBUG   SenderThread:621640 [sender.py:send_request():193] send_request: defer
2021-09-19 03:18:33,761 INFO    SenderThread:621640 [sender.py:send_request_defer():304] handle sender defer: 5
2021-09-19 03:18:33,761 INFO    SenderThread:621640 [dir_watcher.py:finish():282] shutting down directory watcher
2021-09-19 03:18:33,864 DEBUG   HandlerThread:621640 [handler.py:handle_request():124] handle_request: poll_exit
2021-09-19 03:18:34,206 INFO    SenderThread:621640 [dir_watcher.py:_on_file_modified():229] file/dir modified: /grid/koo/home/toneyan/profile/QuantPred/wandb/run-20210919_031734-0826rqdn/files/config.yaml
2021-09-19 03:18:34,206 INFO    SenderThread:621640 [dir_watcher.py:finish():312] scan: /grid/koo/home/toneyan/profile/QuantPred/wandb/run-20210919_031734-0826rqdn/files
2021-09-19 03:18:34,206 INFO    SenderThread:621640 [dir_watcher.py:finish():318] scan save: /grid/koo/home/toneyan/profile/QuantPred/wandb/run-20210919_031734-0826rqdn/files/wandb-metadata.json wandb-metadata.json
2021-09-19 03:18:34,207 INFO    SenderThread:621640 [dir_watcher.py:finish():318] scan save: /grid/koo/home/toneyan/profile/QuantPred/wandb/run-20210919_031734-0826rqdn/files/config.yaml config.yaml
2021-09-19 03:18:34,207 INFO    SenderThread:621640 [dir_watcher.py:finish():318] scan save: /grid/koo/home/toneyan/profile/QuantPred/wandb/run-20210919_031734-0826rqdn/files/requirements.txt requirements.txt
2021-09-19 03:18:34,207 INFO    SenderThread:621640 [dir_watcher.py:finish():318] scan save: /grid/koo/home/toneyan/profile/QuantPred/wandb/run-20210919_031734-0826rqdn/files/wandb-summary.json wandb-summary.json
2021-09-19 03:18:34,210 INFO    SenderThread:621640 [dir_watcher.py:finish():318] scan save: /grid/koo/home/toneyan/profile/QuantPred/wandb/run-20210919_031734-0826rqdn/files/output.log output.log
2021-09-19 03:18:34,214 INFO    SenderThread:621640 [sender.py:transition_state():308] send defer: 6
2021-09-19 03:18:34,218 DEBUG   SenderThread:621640 [sender.py:send_request():193] send_request: poll_exit
2021-09-19 03:18:34,219 DEBUG   HandlerThread:621640 [handler.py:handle_request():124] handle_request: defer
2021-09-19 03:18:34,219 INFO    HandlerThread:621640 [handler.py:handle_request_defer():141] handle defer: 6
2021-09-19 03:18:34,219 DEBUG   SenderThread:621640 [sender.py:send_request():193] send_request: defer
2021-09-19 03:18:34,220 INFO    SenderThread:621640 [sender.py:send_request_defer():304] handle sender defer: 6
2021-09-19 03:18:34,220 INFO    SenderThread:621640 [file_pusher.py:finish():177] shutting down file pusher
2021-09-19 03:18:34,266 ERROR   Thread-12 :621640 [internal_api.py:execute():130] 429 response executing GraphQL.
2021-09-19 03:18:34,266 ERROR   Thread-12 :621640 [internal_api.py:execute():131] {"error":"rate limit exceeded"}

2021-09-19 03:18:34,270 ERROR   Thread-13 :621640 [internal_api.py:execute():130] 429 response executing GraphQL.
2021-09-19 03:18:34,270 ERROR   Thread-13 :621640 [internal_api.py:execute():131] {"error":"rate limit exceeded"}

2021-09-19 03:18:34,271 ERROR   Thread-14 :621640 [internal_api.py:execute():130] 429 response executing GraphQL.
2021-09-19 03:18:34,272 ERROR   Thread-14 :621640 [internal_api.py:execute():131] {"error":"rate limit exceeded"}

2021-09-19 03:18:34,321 DEBUG   HandlerThread:621640 [handler.py:handle_request():124] handle_request: poll_exit
2021-09-19 03:18:34,321 DEBUG   SenderThread:621640 [sender.py:send_request():193] send_request: poll_exit
2021-09-19 03:18:34,423 DEBUG   HandlerThread:621640 [handler.py:handle_request():124] handle_request: poll_exit
2021-09-19 03:18:34,423 DEBUG   SenderThread:621640 [sender.py:send_request():193] send_request: poll_exit
2021-09-19 03:18:34,525 DEBUG   HandlerThread:621640 [handler.py:handle_request():124] handle_request: poll_exit
2021-09-19 03:18:34,525 DEBUG   SenderThread:621640 [sender.py:send_request():193] send_request: poll_exit
2021-09-19 03:18:34,627 DEBUG   HandlerThread:621640 [handler.py:handle_request():124] handle_request: poll_exit
2021-09-19 03:18:34,627 DEBUG   SenderThread:621640 [sender.py:send_request():193] send_request: poll_exit
2021-09-19 03:18:34,729 DEBUG   HandlerThread:621640 [handler.py:handle_request():124] handle_request: poll_exit
2021-09-19 03:18:34,730 DEBUG   SenderThread:621640 [sender.py:send_request():193] send_request: poll_exit
2021-09-19 03:18:34,831 DEBUG   HandlerThread:621640 [handler.py:handle_request():124] handle_request: poll_exit
2021-09-19 03:18:34,832 DEBUG   SenderThread:621640 [sender.py:send_request():193] send_request: poll_exit
2021-09-19 03:18:34,934 DEBUG   HandlerThread:621640 [handler.py:handle_request():124] handle_request: poll_exit
2021-09-19 03:18:34,934 DEBUG   SenderThread:621640 [sender.py:send_request():193] send_request: poll_exit
2021-09-19 03:18:35,036 DEBUG   HandlerThread:621640 [handler.py:handle_request():124] handle_request: poll_exit
2021-09-19 03:18:35,036 DEBUG   SenderThread:621640 [sender.py:send_request():193] send_request: poll_exit
2021-09-19 03:18:35,140 DEBUG   HandlerThread:621640 [handler.py:handle_request():124] handle_request: poll_exit
2021-09-19 03:18:35,140 DEBUG   SenderThread:621640 [sender.py:send_request():193] send_request: poll_exit
2021-09-19 03:18:35,242 DEBUG   HandlerThread:621640 [handler.py:handle_request():124] handle_request: poll_exit
2021-09-19 03:18:35,242 DEBUG   SenderThread:621640 [sender.py:send_request():193] send_request: poll_exit
2021-09-19 03:18:35,344 DEBUG   HandlerThread:621640 [handler.py:handle_request():124] handle_request: poll_exit
2021-09-19 03:18:35,347 DEBUG   SenderThread:621640 [sender.py:send_request():193] send_request: poll_exit
2021-09-19 03:18:35,398 ERROR   Thread-12 :621640 [internal_api.py:execute():130] 429 response executing GraphQL.
2021-09-19 03:18:35,398 ERROR   Thread-12 :621640 [internal_api.py:execute():131] {"error":"rate limit exceeded"}

2021-09-19 03:18:35,398 ERROR   Thread-12 :621640 [retry.py:__call__():126] Retry attempt failed:
Traceback (most recent call last):
  File "/usr/local/lib/python3.6/dist-packages/wandb/sdk/lib/retry.py", line 102, in __call__
    result = self._call_fn(*args, **kwargs)
  File "/usr/local/lib/python3.6/dist-packages/wandb/sdk/internal/internal_api.py", line 133, in execute
    six.reraise(*sys.exc_info())
  File "/usr/local/lib/python3.6/dist-packages/six.py", line 719, in reraise
    raise value
  File "/usr/local/lib/python3.6/dist-packages/wandb/sdk/internal/internal_api.py", line 127, in execute
    return self.client.execute(*args, **kwargs)
  File "/usr/local/lib/python3.6/dist-packages/wandb/vendor/gql-0.2.0/gql/client.py", line 52, in execute
    result = self._get_result(document, *args, **kwargs)
  File "/usr/local/lib/python3.6/dist-packages/wandb/vendor/gql-0.2.0/gql/client.py", line 60, in _get_result
    return self.transport.execute(document, *args, **kwargs)
  File "/usr/local/lib/python3.6/dist-packages/wandb/vendor/gql-0.2.0/gql/transport/requests.py", line 39, in execute
    request.raise_for_status()
  File "/usr/local/lib/python3.6/dist-packages/requests/models.py", line 943, in raise_for_status
    raise HTTPError(http_error_msg, response=self)
requests.exceptions.HTTPError: 429 Client Error: Too Many Requests for url: https://api.wandb.ai/graphql
2021-09-19 03:18:35,424 ERROR   Thread-14 :621640 [internal_api.py:execute():130] 429 response executing GraphQL.
2021-09-19 03:18:35,424 ERROR   Thread-14 :621640 [internal_api.py:execute():131] {"error":"rate limit exceeded"}

2021-09-19 03:18:35,424 ERROR   Thread-14 :621640 [retry.py:__call__():126] Retry attempt failed:
Traceback (most recent call last):
  File "/usr/local/lib/python3.6/dist-packages/wandb/sdk/lib/retry.py", line 102, in __call__
    result = self._call_fn(*args, **kwargs)
  File "/usr/local/lib/python3.6/dist-packages/wandb/sdk/internal/internal_api.py", line 133, in execute
    six.reraise(*sys.exc_info())
  File "/usr/local/lib/python3.6/dist-packages/six.py", line 719, in reraise
    raise value
  File "/usr/local/lib/python3.6/dist-packages/wandb/sdk/internal/internal_api.py", line 127, in execute
    return self.client.execute(*args, **kwargs)
  File "/usr/local/lib/python3.6/dist-packages/wandb/vendor/gql-0.2.0/gql/client.py", line 52, in execute
    result = self._get_result(document, *args, **kwargs)
  File "/usr/local/lib/python3.6/dist-packages/wandb/vendor/gql-0.2.0/gql/client.py", line 60, in _get_result
    return self.transport.execute(document, *args, **kwargs)
  File "/usr/local/lib/python3.6/dist-packages/wandb/vendor/gql-0.2.0/gql/transport/requests.py", line 39, in execute
    request.raise_for_status()
  File "/usr/local/lib/python3.6/dist-packages/requests/models.py", line 943, in raise_for_status
    raise HTTPError(http_error_msg, response=self)
requests.exceptions.HTTPError: 429 Client Error: Too Many Requests for url: https://api.wandb.ai/graphql
2021-09-19 03:18:35,449 DEBUG   HandlerThread:621640 [handler.py:handle_request():124] handle_request: poll_exit
2021-09-19 03:18:35,449 DEBUG   SenderThread:621640 [sender.py:send_request():193] send_request: poll_exit
2021-09-19 03:18:35,489 ERROR   Thread-13 :621640 [internal_api.py:execute():130] 429 response executing GraphQL.
2021-09-19 03:18:35,489 ERROR   Thread-13 :621640 [internal_api.py:execute():131] {"error":"rate limit exceeded"}

2021-09-19 03:18:35,551 DEBUG   HandlerThread:621640 [handler.py:handle_request():124] handle_request: poll_exit
2021-09-19 03:18:35,552 DEBUG   SenderThread:621640 [sender.py:send_request():193] send_request: poll_exit
2021-09-19 03:18:35,654 DEBUG   HandlerThread:621640 [handler.py:handle_request():124] handle_request: poll_exit
2021-09-19 03:18:35,654 DEBUG   SenderThread:621640 [sender.py:send_request():193] send_request: poll_exit
2021-09-19 03:18:35,756 DEBUG   HandlerThread:621640 [handler.py:handle_request():124] handle_request: poll_exit
2021-09-19 03:18:35,756 DEBUG   SenderThread:621640 [sender.py:send_request():193] send_request: poll_exit
2021-09-19 03:18:35,858 DEBUG   HandlerThread:621640 [handler.py:handle_request():124] handle_request: poll_exit
2021-09-19 03:18:35,858 DEBUG   SenderThread:621640 [sender.py:send_request():193] send_request: poll_exit
2021-09-19 03:18:35,960 DEBUG   HandlerThread:621640 [handler.py:handle_request():124] handle_request: poll_exit
2021-09-19 03:18:35,960 DEBUG   SenderThread:621640 [sender.py:send_request():193] send_request: poll_exit
2021-09-19 03:18:36,083 DEBUG   HandlerThread:621640 [handler.py:handle_request():124] handle_request: poll_exit
2021-09-19 03:18:36,083 DEBUG   SenderThread:621640 [sender.py:send_request():193] send_request: poll_exit
2021-09-19 03:18:36,185 DEBUG   HandlerThread:621640 [handler.py:handle_request():124] handle_request: poll_exit
2021-09-19 03:18:36,185 DEBUG   SenderThread:621640 [sender.py:send_request():193] send_request: poll_exit
2021-09-19 03:18:36,287 DEBUG   HandlerThread:621640 [handler.py:handle_request():124] handle_request: poll_exit
2021-09-19 03:18:36,287 DEBUG   SenderThread:621640 [sender.py:send_request():193] send_request: poll_exit
2021-09-19 03:18:36,389 DEBUG   HandlerThread:621640 [handler.py:handle_request():124] handle_request: poll_exit
2021-09-19 03:18:36,389 DEBUG   SenderThread:621640 [sender.py:send_request():193] send_request: poll_exit
2021-09-19 03:18:36,491 DEBUG   HandlerThread:621640 [handler.py:handle_request():124] handle_request: poll_exit
2021-09-19 03:18:36,491 DEBUG   SenderThread:621640 [sender.py:send_request():193] send_request: poll_exit
2021-09-19 03:18:36,593 DEBUG   HandlerThread:621640 [handler.py:handle_request():124] handle_request: poll_exit
2021-09-19 03:18:36,593 DEBUG   SenderThread:621640 [sender.py:send_request():193] send_request: poll_exit
2021-09-19 03:18:36,695 DEBUG   HandlerThread:621640 [handler.py:handle_request():124] handle_request: poll_exit
2021-09-19 03:18:36,695 DEBUG   SenderThread:621640 [sender.py:send_request():193] send_request: poll_exit
2021-09-19 03:18:36,797 DEBUG   HandlerThread:621640 [handler.py:handle_request():124] handle_request: poll_exit
2021-09-19 03:18:36,797 DEBUG   SenderThread:621640 [sender.py:send_request():193] send_request: poll_exit
2021-09-19 03:18:36,899 DEBUG   HandlerThread:621640 [handler.py:handle_request():124] handle_request: poll_exit
2021-09-19 03:18:36,899 DEBUG   SenderThread:621640 [sender.py:send_request():193] send_request: poll_exit
2021-09-19 03:18:37,000 DEBUG   HandlerThread:621640 [handler.py:handle_request():124] handle_request: poll_exit
2021-09-19 03:18:37,001 DEBUG   SenderThread:621640 [sender.py:send_request():193] send_request: poll_exit
2021-09-19 03:18:37,102 DEBUG   HandlerThread:621640 [handler.py:handle_request():124] handle_request: poll_exit
2021-09-19 03:18:37,103 DEBUG   SenderThread:621640 [sender.py:send_request():193] send_request: poll_exit
2021-09-19 03:18:37,204 DEBUG   HandlerThread:621640 [handler.py:handle_request():124] handle_request: poll_exit
2021-09-19 03:18:37,205 DEBUG   SenderThread:621640 [sender.py:send_request():193] send_request: poll_exit
2021-09-19 03:18:37,306 DEBUG   HandlerThread:621640 [handler.py:handle_request():124] handle_request: poll_exit
2021-09-19 03:18:37,307 DEBUG   SenderThread:621640 [sender.py:send_request():193] send_request: poll_exit
2021-09-19 03:18:37,411 DEBUG   HandlerThread:621640 [handler.py:handle_request():124] handle_request: poll_exit
2021-09-19 03:18:37,412 DEBUG   SenderThread:621640 [sender.py:send_request():193] send_request: poll_exit
2021-09-19 03:18:37,513 DEBUG   HandlerThread:621640 [handler.py:handle_request():124] handle_request: poll_exit
2021-09-19 03:18:37,513 DEBUG   SenderThread:621640 [sender.py:send_request():193] send_request: poll_exit
2021-09-19 03:18:37,582 ERROR   Thread-14 :621640 [internal_api.py:execute():130] 429 response executing GraphQL.
2021-09-19 03:18:37,582 ERROR   Thread-14 :621640 [internal_api.py:execute():131] {"error":"rate limit exceeded"}

2021-09-19 03:18:37,617 DEBUG   HandlerThread:621640 [handler.py:handle_request():124] handle_request: poll_exit
2021-09-19 03:18:37,618 DEBUG   SenderThread:621640 [sender.py:send_request():193] send_request: poll_exit
2021-09-19 03:18:37,621 ERROR   Thread-13 :621640 [internal_api.py:execute():130] 429 response executing GraphQL.
2021-09-19 03:18:37,621 ERROR   Thread-13 :621640 [internal_api.py:execute():131] {"error":"rate limit exceeded"}

2021-09-19 03:18:37,725 DEBUG   HandlerThread:621640 [handler.py:handle_request():124] handle_request: poll_exit
2021-09-19 03:18:37,725 DEBUG   SenderThread:621640 [sender.py:send_request():193] send_request: poll_exit
2021-09-19 03:18:37,827 DEBUG   HandlerThread:621640 [handler.py:handle_request():124] handle_request: poll_exit
2021-09-19 03:18:37,827 DEBUG   SenderThread:621640 [sender.py:send_request():193] send_request: poll_exit
2021-09-19 03:18:37,867 ERROR   Thread-12 :621640 [internal_api.py:execute():130] 429 response executing GraphQL.
2021-09-19 03:18:37,867 ERROR   Thread-12 :621640 [internal_api.py:execute():131] {"error":"rate limit exceeded"}

2021-09-19 03:18:37,932 DEBUG   HandlerThread:621640 [handler.py:handle_request():124] handle_request: poll_exit
2021-09-19 03:18:37,932 DEBUG   SenderThread:621640 [sender.py:send_request():193] send_request: poll_exit
2021-09-19 03:18:38,034 DEBUG   HandlerThread:621640 [handler.py:handle_request():124] handle_request: poll_exit
2021-09-19 03:18:38,034 DEBUG   SenderThread:621640 [sender.py:send_request():193] send_request: poll_exit
2021-09-19 03:18:38,136 DEBUG   HandlerThread:621640 [handler.py:handle_request():124] handle_request: poll_exit
2021-09-19 03:18:38,136 DEBUG   SenderThread:621640 [sender.py:send_request():193] send_request: poll_exit
2021-09-19 03:18:38,238 DEBUG   HandlerThread:621640 [handler.py:handle_request():124] handle_request: poll_exit
2021-09-19 03:18:38,238 DEBUG   SenderThread:621640 [sender.py:send_request():193] send_request: poll_exit
2021-09-19 03:18:38,339 DEBUG   HandlerThread:621640 [handler.py:handle_request():124] handle_request: poll_exit
2021-09-19 03:18:38,340 DEBUG   SenderThread:621640 [sender.py:send_request():193] send_request: poll_exit
2021-09-19 03:18:38,441 DEBUG   HandlerThread:621640 [handler.py:handle_request():124] handle_request: poll_exit
2021-09-19 03:18:38,442 DEBUG   SenderThread:621640 [sender.py:send_request():193] send_request: poll_exit
2021-09-19 03:18:38,543 DEBUG   HandlerThread:621640 [handler.py:handle_request():124] handle_request: poll_exit
2021-09-19 03:18:38,543 DEBUG   SenderThread:621640 [sender.py:send_request():193] send_request: poll_exit
2021-09-19 03:18:38,645 DEBUG   HandlerThread:621640 [handler.py:handle_request():124] handle_request: poll_exit
2021-09-19 03:18:38,645 DEBUG   SenderThread:621640 [sender.py:send_request():193] send_request: poll_exit
2021-09-19 03:18:38,747 DEBUG   HandlerThread:621640 [handler.py:handle_request():124] handle_request: poll_exit
2021-09-19 03:18:38,747 DEBUG   SenderThread:621640 [sender.py:send_request():193] send_request: poll_exit
2021-09-19 03:18:38,849 DEBUG   HandlerThread:621640 [handler.py:handle_request():124] handle_request: poll_exit
2021-09-19 03:18:38,849 DEBUG   SenderThread:621640 [sender.py:send_request():193] send_request: poll_exit
2021-09-19 03:18:38,951 DEBUG   HandlerThread:621640 [handler.py:handle_request():124] handle_request: poll_exit
2021-09-19 03:18:38,951 DEBUG   SenderThread:621640 [sender.py:send_request():193] send_request: poll_exit
2021-09-19 03:18:39,053 DEBUG   HandlerThread:621640 [handler.py:handle_request():124] handle_request: poll_exit
2021-09-19 03:18:39,053 DEBUG   SenderThread:621640 [sender.py:send_request():193] send_request: poll_exit
2021-09-19 03:18:39,155 DEBUG   HandlerThread:621640 [handler.py:handle_request():124] handle_request: poll_exit
2021-09-19 03:18:39,155 DEBUG   SenderThread:621640 [sender.py:send_request():193] send_request: poll_exit
2021-09-19 03:18:39,267 DEBUG   HandlerThread:621640 [handler.py:handle_request():124] handle_request: poll_exit
2021-09-19 03:18:39,268 DEBUG   SenderThread:621640 [sender.py:send_request():193] send_request: poll_exit
2021-09-19 03:18:39,369 DEBUG   HandlerThread:621640 [handler.py:handle_request():124] handle_request: poll_exit
2021-09-19 03:18:39,369 DEBUG   SenderThread:621640 [sender.py:send_request():193] send_request: poll_exit
2021-09-19 03:18:39,471 DEBUG   HandlerThread:621640 [handler.py:handle_request():124] handle_request: poll_exit
2021-09-19 03:18:39,471 DEBUG   SenderThread:621640 [sender.py:send_request():193] send_request: poll_exit
2021-09-19 03:18:39,573 DEBUG   HandlerThread:621640 [handler.py:handle_request():124] handle_request: poll_exit
2021-09-19 03:18:39,573 DEBUG   SenderThread:621640 [sender.py:send_request():193] send_request: poll_exit
2021-09-19 03:18:39,675 DEBUG   HandlerThread:621640 [handler.py:handle_request():124] handle_request: poll_exit
2021-09-19 03:18:39,675 DEBUG   SenderThread:621640 [sender.py:send_request():193] send_request: poll_exit
2021-09-19 03:18:39,777 DEBUG   HandlerThread:621640 [handler.py:handle_request():124] handle_request: poll_exit
2021-09-19 03:18:39,777 DEBUG   SenderThread:621640 [sender.py:send_request():193] send_request: poll_exit
2021-09-19 03:18:39,879 DEBUG   HandlerThread:621640 [handler.py:handle_request():124] handle_request: poll_exit
2021-09-19 03:18:39,879 DEBUG   SenderThread:621640 [sender.py:send_request():193] send_request: poll_exit
2021-09-19 03:18:39,981 DEBUG   HandlerThread:621640 [handler.py:handle_request():124] handle_request: poll_exit
2021-09-19 03:18:39,981 DEBUG   SenderThread:621640 [sender.py:send_request():193] send_request: poll_exit
2021-09-19 03:18:40,082 DEBUG   HandlerThread:621640 [handler.py:handle_request():124] handle_request: poll_exit
2021-09-19 03:18:40,083 DEBUG   SenderThread:621640 [sender.py:send_request():193] send_request: poll_exit
2021-09-19 03:18:40,184 DEBUG   HandlerThread:621640 [handler.py:handle_request():124] handle_request: poll_exit
2021-09-19 03:18:40,185 DEBUG   SenderThread:621640 [sender.py:send_request():193] send_request: poll_exit
2021-09-19 03:18:40,286 DEBUG   HandlerThread:621640 [handler.py:handle_request():124] handle_request: poll_exit
2021-09-19 03:18:40,286 DEBUG   SenderThread:621640 [sender.py:send_request():193] send_request: poll_exit
2021-09-19 03:18:40,388 DEBUG   HandlerThread:621640 [handler.py:handle_request():124] handle_request: poll_exit
2021-09-19 03:18:40,388 DEBUG   SenderThread:621640 [sender.py:send_request():193] send_request: poll_exit
2021-09-19 03:18:40,490 DEBUG   HandlerThread:621640 [handler.py:handle_request():124] handle_request: poll_exit
2021-09-19 03:18:40,490 DEBUG   SenderThread:621640 [sender.py:send_request():193] send_request: poll_exit
2021-09-19 03:18:40,591 DEBUG   HandlerThread:621640 [handler.py:handle_request():124] handle_request: poll_exit
2021-09-19 03:18:40,592 DEBUG   SenderThread:621640 [sender.py:send_request():193] send_request: poll_exit
2021-09-19 03:18:40,693 DEBUG   HandlerThread:621640 [handler.py:handle_request():124] handle_request: poll_exit
2021-09-19 03:18:40,694 DEBUG   SenderThread:621640 [sender.py:send_request():193] send_request: poll_exit
2021-09-19 03:18:40,795 DEBUG   HandlerThread:621640 [handler.py:handle_request():124] handle_request: poll_exit
2021-09-19 03:18:40,796 DEBUG   SenderThread:621640 [sender.py:send_request():193] send_request: poll_exit
2021-09-19 03:18:40,897 DEBUG   HandlerThread:621640 [handler.py:handle_request():124] handle_request: poll_exit
2021-09-19 03:18:40,898 DEBUG   SenderThread:621640 [sender.py:send_request():193] send_request: poll_exit
2021-09-19 03:18:40,999 DEBUG   HandlerThread:621640 [handler.py:handle_request():124] handle_request: poll_exit
2021-09-19 03:18:40,999 DEBUG   SenderThread:621640 [sender.py:send_request():193] send_request: poll_exit
2021-09-19 03:18:41,101 DEBUG   HandlerThread:621640 [handler.py:handle_request():124] handle_request: poll_exit
2021-09-19 03:18:41,101 DEBUG   SenderThread:621640 [sender.py:send_request():193] send_request: poll_exit
2021-09-19 03:18:41,203 DEBUG   HandlerThread:621640 [handler.py:handle_request():124] handle_request: poll_exit
2021-09-19 03:18:41,203 DEBUG   SenderThread:621640 [sender.py:send_request():193] send_request: poll_exit
2021-09-19 03:18:41,304 DEBUG   HandlerThread:621640 [handler.py:handle_request():124] handle_request: poll_exit
2021-09-19 03:18:41,305 DEBUG   SenderThread:621640 [sender.py:send_request():193] send_request: poll_exit
2021-09-19 03:18:41,406 DEBUG   HandlerThread:621640 [handler.py:handle_request():124] handle_request: poll_exit
2021-09-19 03:18:41,407 DEBUG   SenderThread:621640 [sender.py:send_request():193] send_request: poll_exit
2021-09-19 03:18:41,508 DEBUG   HandlerThread:621640 [handler.py:handle_request():124] handle_request: poll_exit
2021-09-19 03:18:41,509 DEBUG   SenderThread:621640 [sender.py:send_request():193] send_request: poll_exit
2021-09-19 03:18:41,610 DEBUG   HandlerThread:621640 [handler.py:handle_request():124] handle_request: poll_exit
2021-09-19 03:18:41,611 DEBUG   SenderThread:621640 [sender.py:send_request():193] send_request: poll_exit
2021-09-19 03:18:41,712 DEBUG   HandlerThread:621640 [handler.py:handle_request():124] handle_request: poll_exit
2021-09-19 03:18:41,712 DEBUG   SenderThread:621640 [sender.py:send_request():193] send_request: poll_exit
2021-09-19 03:18:41,714 ERROR   Thread-13 :621640 [internal_api.py:execute():130] 429 response executing GraphQL.
2021-09-19 03:18:41,714 ERROR   Thread-13 :621640 [internal_api.py:execute():131] {"error":"rate limit exceeded"}

2021-09-19 03:18:41,814 DEBUG   HandlerThread:621640 [handler.py:handle_request():124] handle_request: poll_exit
2021-09-19 03:18:41,815 DEBUG   SenderThread:621640 [sender.py:send_request():193] send_request: poll_exit
2021-09-19 03:18:41,916 DEBUG   HandlerThread:621640 [handler.py:handle_request():124] handle_request: poll_exit
2021-09-19 03:18:41,916 DEBUG   SenderThread:621640 [sender.py:send_request():193] send_request: poll_exit
2021-09-19 03:18:42,018 DEBUG   HandlerThread:621640 [handler.py:handle_request():124] handle_request: poll_exit
2021-09-19 03:18:42,018 DEBUG   SenderThread:621640 [sender.py:send_request():193] send_request: poll_exit
2021-09-19 03:18:42,120 DEBUG   HandlerThread:621640 [handler.py:handle_request():124] handle_request: poll_exit
2021-09-19 03:18:42,120 DEBUG   SenderThread:621640 [sender.py:send_request():193] send_request: poll_exit
2021-09-19 03:18:42,222 DEBUG   HandlerThread:621640 [handler.py:handle_request():124] handle_request: poll_exit
2021-09-19 03:18:42,222 DEBUG   SenderThread:621640 [sender.py:send_request():193] send_request: poll_exit
2021-09-19 03:18:42,324 DEBUG   HandlerThread:621640 [handler.py:handle_request():124] handle_request: poll_exit
2021-09-19 03:18:42,324 DEBUG   SenderThread:621640 [sender.py:send_request():193] send_request: poll_exit
2021-09-19 03:18:42,406 ERROR   Thread-14 :621640 [internal_api.py:execute():130] 429 response executing GraphQL.
2021-09-19 03:18:42,406 ERROR   Thread-14 :621640 [internal_api.py:execute():131] {"error":"rate limit exceeded"}

2021-09-19 03:18:42,426 DEBUG   HandlerThread:621640 [handler.py:handle_request():124] handle_request: poll_exit
2021-09-19 03:18:42,426 DEBUG   SenderThread:621640 [sender.py:send_request():193] send_request: poll_exit
2021-09-19 03:18:42,515 ERROR   Thread-12 :621640 [internal_api.py:execute():130] 429 response executing GraphQL.
2021-09-19 03:18:42,516 ERROR   Thread-12 :621640 [internal_api.py:execute():131] {"error":"rate limit exceeded"}

2021-09-19 03:18:42,528 DEBUG   HandlerThread:621640 [handler.py:handle_request():124] handle_request: poll_exit
2021-09-19 03:18:42,528 DEBUG   SenderThread:621640 [sender.py:send_request():193] send_request: poll_exit
2021-09-19 03:18:42,629 DEBUG   HandlerThread:621640 [handler.py:handle_request():124] handle_request: poll_exit
2021-09-19 03:18:42,630 DEBUG   SenderThread:621640 [sender.py:send_request():193] send_request: poll_exit
2021-09-19 03:18:42,731 DEBUG   HandlerThread:621640 [handler.py:handle_request():124] handle_request: poll_exit
2021-09-19 03:18:42,732 DEBUG   SenderThread:621640 [sender.py:send_request():193] send_request: poll_exit
2021-09-19 03:18:42,833 DEBUG   HandlerThread:621640 [handler.py:handle_request():124] handle_request: poll_exit
2021-09-19 03:18:42,834 DEBUG   SenderThread:621640 [sender.py:send_request():193] send_request: poll_exit
2021-09-19 03:18:42,935 DEBUG   HandlerThread:621640 [handler.py:handle_request():124] handle_request: poll_exit
2021-09-19 03:18:42,935 DEBUG   SenderThread:621640 [sender.py:send_request():193] send_request: poll_exit
2021-09-19 03:18:43,037 DEBUG   HandlerThread:621640 [handler.py:handle_request():124] handle_request: poll_exit
2021-09-19 03:18:43,037 DEBUG   SenderThread:621640 [sender.py:send_request():193] send_request: poll_exit
2021-09-19 03:18:43,139 DEBUG   HandlerThread:621640 [handler.py:handle_request():124] handle_request: poll_exit
2021-09-19 03:18:43,139 DEBUG   SenderThread:621640 [sender.py:send_request():193] send_request: poll_exit
2021-09-19 03:18:43,241 DEBUG   HandlerThread:621640 [handler.py:handle_request():124] handle_request: poll_exit
2021-09-19 03:18:43,241 DEBUG   SenderThread:621640 [sender.py:send_request():193] send_request: poll_exit
2021-09-19 03:18:43,343 DEBUG   HandlerThread:621640 [handler.py:handle_request():124] handle_request: poll_exit
2021-09-19 03:18:43,343 DEBUG   SenderThread:621640 [sender.py:send_request():193] send_request: poll_exit
2021-09-19 03:18:43,445 DEBUG   HandlerThread:621640 [handler.py:handle_request():124] handle_request: poll_exit
2021-09-19 03:18:43,445 DEBUG   SenderThread:621640 [sender.py:send_request():193] send_request: poll_exit
2021-09-19 03:18:43,547 DEBUG   HandlerThread:621640 [handler.py:handle_request():124] handle_request: poll_exit
2021-09-19 03:18:43,547 DEBUG   SenderThread:621640 [sender.py:send_request():193] send_request: poll_exit
2021-09-19 03:18:43,649 DEBUG   HandlerThread:621640 [handler.py:handle_request():124] handle_request: poll_exit
2021-09-19 03:18:43,649 DEBUG   SenderThread:621640 [sender.py:send_request():193] send_request: poll_exit
2021-09-19 03:18:43,750 DEBUG   HandlerThread:621640 [handler.py:handle_request():124] handle_request: poll_exit
2021-09-19 03:18:43,751 DEBUG   SenderThread:621640 [sender.py:send_request():193] send_request: poll_exit
2021-09-19 03:18:43,852 DEBUG   HandlerThread:621640 [handler.py:handle_request():124] handle_request: poll_exit
2021-09-19 03:18:43,853 DEBUG   SenderThread:621640 [sender.py:send_request():193] send_request: poll_exit
2021-09-19 03:18:43,954 DEBUG   HandlerThread:621640 [handler.py:handle_request():124] handle_request: poll_exit
2021-09-19 03:18:43,955 DEBUG   SenderThread:621640 [sender.py:send_request():193] send_request: poll_exit
2021-09-19 03:18:44,056 DEBUG   HandlerThread:621640 [handler.py:handle_request():124] handle_request: poll_exit
2021-09-19 03:18:44,057 DEBUG   SenderThread:621640 [sender.py:send_request():193] send_request: poll_exit
2021-09-19 03:18:44,158 DEBUG   HandlerThread:621640 [handler.py:handle_request():124] handle_request: poll_exit
2021-09-19 03:18:44,158 DEBUG   SenderThread:621640 [sender.py:send_request():193] send_request: poll_exit
2021-09-19 03:18:44,260 DEBUG   HandlerThread:621640 [handler.py:handle_request():124] handle_request: poll_exit
2021-09-19 03:18:44,260 DEBUG   SenderThread:621640 [sender.py:send_request():193] send_request: poll_exit
2021-09-19 03:18:44,362 DEBUG   HandlerThread:621640 [handler.py:handle_request():124] handle_request: poll_exit
2021-09-19 03:18:44,362 DEBUG   SenderThread:621640 [sender.py:send_request():193] send_request: poll_exit
2021-09-19 03:18:44,464 DEBUG   HandlerThread:621640 [handler.py:handle_request():124] handle_request: poll_exit
2021-09-19 03:18:44,464 DEBUG   SenderThread:621640 [sender.py:send_request():193] send_request: poll_exit
2021-09-19 03:18:44,566 DEBUG   HandlerThread:621640 [handler.py:handle_request():124] handle_request: poll_exit
2021-09-19 03:18:44,566 DEBUG   SenderThread:621640 [sender.py:send_request():193] send_request: poll_exit
2021-09-19 03:18:44,667 DEBUG   HandlerThread:621640 [handler.py:handle_request():124] handle_request: poll_exit
2021-09-19 03:18:44,668 DEBUG   SenderThread:621640 [sender.py:send_request():193] send_request: poll_exit
2021-09-19 03:18:44,769 DEBUG   HandlerThread:621640 [handler.py:handle_request():124] handle_request: poll_exit
2021-09-19 03:18:44,769 DEBUG   SenderThread:621640 [sender.py:send_request():193] send_request: poll_exit
2021-09-19 03:18:44,871 DEBUG   HandlerThread:621640 [handler.py:handle_request():124] handle_request: poll_exit
2021-09-19 03:18:44,871 DEBUG   SenderThread:621640 [sender.py:send_request():193] send_request: poll_exit
2021-09-19 03:18:44,973 DEBUG   HandlerThread:621640 [handler.py:handle_request():124] handle_request: poll_exit
2021-09-19 03:18:44,973 DEBUG   SenderThread:621640 [sender.py:send_request():193] send_request: poll_exit
2021-09-19 03:18:45,075 DEBUG   HandlerThread:621640 [handler.py:handle_request():124] handle_request: poll_exit
2021-09-19 03:18:45,075 DEBUG   SenderThread:621640 [sender.py:send_request():193] send_request: poll_exit
2021-09-19 03:18:45,176 DEBUG   HandlerThread:621640 [handler.py:handle_request():124] handle_request: poll_exit
2021-09-19 03:18:45,177 DEBUG   SenderThread:621640 [sender.py:send_request():193] send_request: poll_exit
2021-09-19 03:18:45,278 DEBUG   HandlerThread:621640 [handler.py:handle_request():124] handle_request: poll_exit
2021-09-19 03:18:45,279 DEBUG   SenderThread:621640 [sender.py:send_request():193] send_request: poll_exit
2021-09-19 03:18:45,380 DEBUG   HandlerThread:621640 [handler.py:handle_request():124] handle_request: poll_exit
2021-09-19 03:18:45,380 DEBUG   SenderThread:621640 [sender.py:send_request():193] send_request: poll_exit
2021-09-19 03:18:45,485 DEBUG   HandlerThread:621640 [handler.py:handle_request():124] handle_request: poll_exit
2021-09-19 03:18:45,485 DEBUG   SenderThread:621640 [sender.py:send_request():193] send_request: poll_exit
2021-09-19 03:18:45,586 DEBUG   HandlerThread:621640 [handler.py:handle_request():124] handle_request: poll_exit
2021-09-19 03:18:45,587 DEBUG   SenderThread:621640 [sender.py:send_request():193] send_request: poll_exit
2021-09-19 03:18:45,688 DEBUG   HandlerThread:621640 [handler.py:handle_request():124] handle_request: poll_exit
2021-09-19 03:18:45,689 DEBUG   SenderThread:621640 [sender.py:send_request():193] send_request: poll_exit
2021-09-19 03:18:45,790 DEBUG   HandlerThread:621640 [handler.py:handle_request():124] handle_request: poll_exit
2021-09-19 03:18:45,790 DEBUG   SenderThread:621640 [sender.py:send_request():193] send_request: poll_exit
2021-09-19 03:18:45,892 DEBUG   HandlerThread:621640 [handler.py:handle_request():124] handle_request: poll_exit
2021-09-19 03:18:45,892 DEBUG   SenderThread:621640 [sender.py:send_request():193] send_request: poll_exit
2021-09-19 03:18:45,994 DEBUG   HandlerThread:621640 [handler.py:handle_request():124] handle_request: poll_exit
2021-09-19 03:18:45,994 DEBUG   SenderThread:621640 [sender.py:send_request():193] send_request: poll_exit
2021-09-19 03:18:46,096 DEBUG   HandlerThread:621640 [handler.py:handle_request():124] handle_request: poll_exit
2021-09-19 03:18:46,096 DEBUG   SenderThread:621640 [sender.py:send_request():193] send_request: poll_exit
2021-09-19 03:18:46,198 DEBUG   HandlerThread:621640 [handler.py:handle_request():124] handle_request: poll_exit
2021-09-19 03:18:46,198 DEBUG   SenderThread:621640 [sender.py:send_request():193] send_request: poll_exit
2021-09-19 03:18:46,300 DEBUG   HandlerThread:621640 [handler.py:handle_request():124] handle_request: poll_exit
2021-09-19 03:18:46,300 DEBUG   SenderThread:621640 [sender.py:send_request():193] send_request: poll_exit
2021-09-19 03:18:46,402 DEBUG   HandlerThread:621640 [handler.py:handle_request():124] handle_request: poll_exit
2021-09-19 03:18:46,402 DEBUG   SenderThread:621640 [sender.py:send_request():193] send_request: poll_exit
2021-09-19 03:18:46,503 DEBUG   HandlerThread:621640 [handler.py:handle_request():124] handle_request: poll_exit
2021-09-19 03:18:46,504 DEBUG   SenderThread:621640 [sender.py:send_request():193] send_request: poll_exit
2021-09-19 03:18:46,605 DEBUG   HandlerThread:621640 [handler.py:handle_request():124] handle_request: poll_exit
2021-09-19 03:18:46,606 DEBUG   SenderThread:621640 [sender.py:send_request():193] send_request: poll_exit
2021-09-19 03:18:46,707 DEBUG   HandlerThread:621640 [handler.py:handle_request():124] handle_request: poll_exit
2021-09-19 03:18:46,707 DEBUG   SenderThread:621640 [sender.py:send_request():193] send_request: poll_exit
2021-09-19 03:18:46,809 DEBUG   HandlerThread:621640 [handler.py:handle_request():124] handle_request: poll_exit
2021-09-19 03:18:46,809 DEBUG   SenderThread:621640 [sender.py:send_request():193] send_request: poll_exit
2021-09-19 03:18:46,911 DEBUG   HandlerThread:621640 [handler.py:handle_request():124] handle_request: poll_exit
2021-09-19 03:18:46,911 DEBUG   SenderThread:621640 [sender.py:send_request():193] send_request: poll_exit
2021-09-19 03:18:47,014 DEBUG   HandlerThread:621640 [handler.py:handle_request():124] handle_request: poll_exit
2021-09-19 03:18:47,014 DEBUG   SenderThread:621640 [sender.py:send_request():193] send_request: poll_exit
2021-09-19 03:18:47,116 DEBUG   HandlerThread:621640 [handler.py:handle_request():124] handle_request: poll_exit
2021-09-19 03:18:47,116 DEBUG   SenderThread:621640 [sender.py:send_request():193] send_request: poll_exit
2021-09-19 03:18:47,218 DEBUG   HandlerThread:621640 [handler.py:handle_request():124] handle_request: poll_exit
2021-09-19 03:18:47,218 DEBUG   SenderThread:621640 [sender.py:send_request():193] send_request: poll_exit
2021-09-19 03:18:47,320 DEBUG   HandlerThread:621640 [handler.py:handle_request():124] handle_request: poll_exit
2021-09-19 03:18:47,320 DEBUG   SenderThread:621640 [sender.py:send_request():193] send_request: poll_exit
2021-09-19 03:18:47,421 DEBUG   HandlerThread:621640 [handler.py:handle_request():124] handle_request: poll_exit
2021-09-19 03:18:47,422 DEBUG   SenderThread:621640 [sender.py:send_request():193] send_request: poll_exit
2021-09-19 03:18:47,523 DEBUG   HandlerThread:621640 [handler.py:handle_request():124] handle_request: poll_exit
2021-09-19 03:18:47,523 DEBUG   SenderThread:621640 [sender.py:send_request():193] send_request: poll_exit
2021-09-19 03:18:47,625 DEBUG   HandlerThread:621640 [handler.py:handle_request():124] handle_request: poll_exit
2021-09-19 03:18:47,625 DEBUG   SenderThread:621640 [sender.py:send_request():193] send_request: poll_exit
2021-09-19 03:18:47,727 DEBUG   HandlerThread:621640 [handler.py:handle_request():124] handle_request: poll_exit
2021-09-19 03:18:47,727 DEBUG   SenderThread:621640 [sender.py:send_request():193] send_request: poll_exit
2021-09-19 03:18:47,829 DEBUG   HandlerThread:621640 [handler.py:handle_request():124] handle_request: poll_exit
2021-09-19 03:18:47,829 DEBUG   SenderThread:621640 [sender.py:send_request():193] send_request: poll_exit
2021-09-19 03:18:47,931 DEBUG   HandlerThread:621640 [handler.py:handle_request():124] handle_request: poll_exit
2021-09-19 03:18:47,931 DEBUG   SenderThread:621640 [sender.py:send_request():193] send_request: poll_exit
2021-09-19 03:18:48,033 DEBUG   HandlerThread:621640 [handler.py:handle_request():124] handle_request: poll_exit
2021-09-19 03:18:48,033 DEBUG   SenderThread:621640 [sender.py:send_request():193] send_request: poll_exit
2021-09-19 03:18:48,135 DEBUG   HandlerThread:621640 [handler.py:handle_request():124] handle_request: poll_exit
2021-09-19 03:18:48,135 DEBUG   SenderThread:621640 [sender.py:send_request():193] send_request: poll_exit
2021-09-19 03:18:48,236 DEBUG   HandlerThread:621640 [handler.py:handle_request():124] handle_request: poll_exit
2021-09-19 03:18:48,237 DEBUG   SenderThread:621640 [sender.py:send_request():193] send_request: poll_exit
2021-09-19 03:18:48,338 DEBUG   HandlerThread:621640 [handler.py:handle_request():124] handle_request: poll_exit
2021-09-19 03:18:48,338 DEBUG   SenderThread:621640 [sender.py:send_request():193] send_request: poll_exit
2021-09-19 03:18:48,440 DEBUG   HandlerThread:621640 [handler.py:handle_request():124] handle_request: poll_exit
2021-09-19 03:18:48,440 DEBUG   SenderThread:621640 [sender.py:send_request():193] send_request: poll_exit
2021-09-19 03:18:48,542 DEBUG   HandlerThread:621640 [handler.py:handle_request():124] handle_request: poll_exit
2021-09-19 03:18:48,542 DEBUG   SenderThread:621640 [sender.py:send_request():193] send_request: poll_exit
2021-09-19 03:18:48,644 DEBUG   HandlerThread:621640 [handler.py:handle_request():124] handle_request: poll_exit
2021-09-19 03:18:48,644 DEBUG   SenderThread:621640 [sender.py:send_request():193] send_request: poll_exit
2021-09-19 03:18:48,746 DEBUG   HandlerThread:621640 [handler.py:handle_request():124] handle_request: poll_exit
2021-09-19 03:18:48,746 DEBUG   SenderThread:621640 [sender.py:send_request():193] send_request: poll_exit
2021-09-19 03:18:48,847 DEBUG   HandlerThread:621640 [handler.py:handle_request():124] handle_request: poll_exit
2021-09-19 03:18:48,848 DEBUG   SenderThread:621640 [sender.py:send_request():193] send_request: poll_exit
2021-09-19 03:18:48,949 DEBUG   HandlerThread:621640 [handler.py:handle_request():124] handle_request: poll_exit
2021-09-19 03:18:48,950 DEBUG   SenderThread:621640 [sender.py:send_request():193] send_request: poll_exit
2021-09-19 03:18:49,051 DEBUG   HandlerThread:621640 [handler.py:handle_request():124] handle_request: poll_exit
2021-09-19 03:18:49,052 DEBUG   SenderThread:621640 [sender.py:send_request():193] send_request: poll_exit
2021-09-19 03:18:49,153 DEBUG   HandlerThread:621640 [handler.py:handle_request():124] handle_request: poll_exit
2021-09-19 03:18:49,153 DEBUG   SenderThread:621640 [sender.py:send_request():193] send_request: poll_exit
2021-09-19 03:18:49,255 DEBUG   HandlerThread:621640 [handler.py:handle_request():124] handle_request: poll_exit
2021-09-19 03:18:49,255 DEBUG   SenderThread:621640 [sender.py:send_request():193] send_request: poll_exit
2021-09-19 03:18:49,357 DEBUG   HandlerThread:621640 [handler.py:handle_request():124] handle_request: poll_exit
2021-09-19 03:18:49,357 DEBUG   SenderThread:621640 [sender.py:send_request():193] send_request: poll_exit
2021-09-19 03:18:49,459 DEBUG   HandlerThread:621640 [handler.py:handle_request():124] handle_request: poll_exit
2021-09-19 03:18:49,459 DEBUG   SenderThread:621640 [sender.py:send_request():193] send_request: poll_exit
2021-09-19 03:18:49,561 DEBUG   HandlerThread:621640 [handler.py:handle_request():124] handle_request: poll_exit
2021-09-19 03:18:49,561 DEBUG   SenderThread:621640 [sender.py:send_request():193] send_request: poll_exit
2021-09-19 03:18:49,662 DEBUG   HandlerThread:621640 [handler.py:handle_request():124] handle_request: poll_exit
2021-09-19 03:18:49,663 DEBUG   SenderThread:621640 [sender.py:send_request():193] send_request: poll_exit
2021-09-19 03:18:49,764 DEBUG   HandlerThread:621640 [handler.py:handle_request():124] handle_request: poll_exit
2021-09-19 03:18:49,764 DEBUG   SenderThread:621640 [sender.py:send_request():193] send_request: poll_exit
2021-09-19 03:18:49,869 DEBUG   HandlerThread:621640 [handler.py:handle_request():124] handle_request: poll_exit
2021-09-19 03:18:49,869 DEBUG   SenderThread:621640 [sender.py:send_request():193] send_request: poll_exit
2021-09-19 03:18:49,971 DEBUG   HandlerThread:621640 [handler.py:handle_request():124] handle_request: poll_exit
2021-09-19 03:18:49,971 DEBUG   SenderThread:621640 [sender.py:send_request():193] send_request: poll_exit
2021-09-19 03:18:50,073 DEBUG   HandlerThread:621640 [handler.py:handle_request():124] handle_request: poll_exit
2021-09-19 03:18:50,073 DEBUG   SenderThread:621640 [sender.py:send_request():193] send_request: poll_exit
2021-09-19 03:18:50,175 DEBUG   HandlerThread:621640 [handler.py:handle_request():124] handle_request: poll_exit
2021-09-19 03:18:50,175 DEBUG   SenderThread:621640 [sender.py:send_request():193] send_request: poll_exit
2021-09-19 03:18:50,313 DEBUG   HandlerThread:621640 [handler.py:handle_request():124] handle_request: poll_exit
2021-09-19 03:18:50,314 DEBUG   SenderThread:621640 [sender.py:send_request():193] send_request: poll_exit
2021-09-19 03:18:50,415 DEBUG   HandlerThread:621640 [handler.py:handle_request():124] handle_request: poll_exit
2021-09-19 03:18:50,415 DEBUG   SenderThread:621640 [sender.py:send_request():193] send_request: poll_exit
2021-09-19 03:18:50,517 DEBUG   HandlerThread:621640 [handler.py:handle_request():124] handle_request: poll_exit
2021-09-19 03:18:50,517 DEBUG   SenderThread:621640 [sender.py:send_request():193] send_request: poll_exit
2021-09-19 03:18:50,619 DEBUG   HandlerThread:621640 [handler.py:handle_request():124] handle_request: poll_exit
2021-09-19 03:18:50,619 DEBUG   SenderThread:621640 [sender.py:send_request():193] send_request: poll_exit
2021-09-19 03:18:50,721 DEBUG   HandlerThread:621640 [handler.py:handle_request():124] handle_request: poll_exit
2021-09-19 03:18:50,721 DEBUG   SenderThread:621640 [sender.py:send_request():193] send_request: poll_exit
2021-09-19 03:18:50,822 DEBUG   HandlerThread:621640 [handler.py:handle_request():124] handle_request: poll_exit
2021-09-19 03:18:50,823 DEBUG   SenderThread:621640 [sender.py:send_request():193] send_request: poll_exit
2021-09-19 03:18:50,872 INFO    Thread-13 :621640 [upload_job.py:push():137] Uploaded file /grid/koo/home/toneyan/profile/QuantPred/wandb/run-20210919_031734-0826rqdn/files/requirements.txt
2021-09-19 03:18:50,924 DEBUG   HandlerThread:621640 [handler.py:handle_request():124] handle_request: poll_exit
2021-09-19 03:18:50,924 DEBUG   SenderThread:621640 [sender.py:send_request():193] send_request: poll_exit
2021-09-19 03:18:51,030 DEBUG   HandlerThread:621640 [handler.py:handle_request():124] handle_request: poll_exit
2021-09-19 03:18:51,030 DEBUG   SenderThread:621640 [sender.py:send_request():193] send_request: poll_exit
2021-09-19 03:18:51,132 DEBUG   HandlerThread:621640 [handler.py:handle_request():124] handle_request: poll_exit
2021-09-19 03:18:51,132 DEBUG   SenderThread:621640 [sender.py:send_request():193] send_request: poll_exit
2021-09-19 03:18:51,233 DEBUG   HandlerThread:621640 [handler.py:handle_request():124] handle_request: poll_exit
2021-09-19 03:18:51,234 DEBUG   SenderThread:621640 [sender.py:send_request():193] send_request: poll_exit
2021-09-19 03:18:51,335 DEBUG   HandlerThread:621640 [handler.py:handle_request():124] handle_request: poll_exit
2021-09-19 03:18:51,336 DEBUG   SenderThread:621640 [sender.py:send_request():193] send_request: poll_exit
2021-09-19 03:18:51,373 INFO    Thread-14 :621640 [upload_job.py:push():137] Uploaded file /grid/koo/home/toneyan/profile/QuantPred/wandb/run-20210919_031734-0826rqdn/files/wandb-summary.json
2021-09-19 03:18:51,437 DEBUG   HandlerThread:621640 [handler.py:handle_request():124] handle_request: poll_exit
2021-09-19 03:18:51,437 DEBUG   SenderThread:621640 [sender.py:send_request():193] send_request: poll_exit
2021-09-19 03:18:51,542 DEBUG   HandlerThread:621640 [handler.py:handle_request():124] handle_request: poll_exit
2021-09-19 03:18:51,542 DEBUG   SenderThread:621640 [sender.py:send_request():193] send_request: poll_exit
2021-09-19 03:18:51,643 DEBUG   HandlerThread:621640 [handler.py:handle_request():124] handle_request: poll_exit
2021-09-19 03:18:51,643 DEBUG   SenderThread:621640 [sender.py:send_request():193] send_request: poll_exit
2021-09-19 03:18:51,745 DEBUG   HandlerThread:621640 [handler.py:handle_request():124] handle_request: poll_exit
2021-09-19 03:18:51,745 DEBUG   SenderThread:621640 [sender.py:send_request():193] send_request: poll_exit
2021-09-19 03:18:51,846 DEBUG   HandlerThread:621640 [handler.py:handle_request():124] handle_request: poll_exit
2021-09-19 03:18:51,847 DEBUG   SenderThread:621640 [sender.py:send_request():193] send_request: poll_exit
2021-09-19 03:18:51,948 DEBUG   HandlerThread:621640 [handler.py:handle_request():124] handle_request: poll_exit
2021-09-19 03:18:51,948 DEBUG   SenderThread:621640 [sender.py:send_request():193] send_request: poll_exit
2021-09-19 03:18:52,050 DEBUG   HandlerThread:621640 [handler.py:handle_request():124] handle_request: poll_exit
2021-09-19 03:18:52,050 DEBUG   SenderThread:621640 [sender.py:send_request():193] send_request: poll_exit
2021-09-19 03:18:52,151 DEBUG   HandlerThread:621640 [handler.py:handle_request():124] handle_request: poll_exit
2021-09-19 03:18:52,152 DEBUG   SenderThread:621640 [sender.py:send_request():193] send_request: poll_exit
2021-09-19 03:18:52,253 DEBUG   HandlerThread:621640 [handler.py:handle_request():124] handle_request: poll_exit
2021-09-19 03:18:52,253 DEBUG   SenderThread:621640 [sender.py:send_request():193] send_request: poll_exit
2021-09-19 03:18:52,355 DEBUG   HandlerThread:621640 [handler.py:handle_request():124] handle_request: poll_exit
2021-09-19 03:18:52,355 DEBUG   SenderThread:621640 [sender.py:send_request():193] send_request: poll_exit
2021-09-19 03:18:52,379 INFO    Thread-12 :621640 [upload_job.py:push():137] Uploaded file /grid/koo/home/toneyan/profile/QuantPred/wandb/run-20210919_031734-0826rqdn/files/config.yaml
2021-09-19 03:18:52,456 DEBUG   HandlerThread:621640 [handler.py:handle_request():124] handle_request: poll_exit
2021-09-19 03:18:52,457 DEBUG   SenderThread:621640 [sender.py:send_request():193] send_request: poll_exit
2021-09-19 03:18:52,558 DEBUG   HandlerThread:621640 [handler.py:handle_request():124] handle_request: poll_exit
2021-09-19 03:18:52,558 DEBUG   SenderThread:621640 [sender.py:send_request():193] send_request: poll_exit
2021-09-19 03:18:52,580 INFO    Thread-7  :621640 [sender.py:transition_state():308] send defer: 7
2021-09-19 03:18:52,580 DEBUG   HandlerThread:621640 [handler.py:handle_request():124] handle_request: defer
2021-09-19 03:18:52,580 INFO    HandlerThread:621640 [handler.py:handle_request_defer():141] handle defer: 7
2021-09-19 03:18:52,580 DEBUG   SenderThread:621640 [sender.py:send_request():193] send_request: defer
2021-09-19 03:18:52,580 INFO    SenderThread:621640 [sender.py:send_request_defer():304] handle sender defer: 7
2021-09-19 03:18:52,631 INFO    SenderThread:621640 [sender.py:transition_state():308] send defer: 8
2021-09-19 03:18:52,632 DEBUG   HandlerThread:621640 [handler.py:handle_request():124] handle_request: defer
2021-09-19 03:18:52,632 INFO    HandlerThread:621640 [handler.py:handle_request_defer():141] handle defer: 8
2021-09-19 03:18:52,632 DEBUG   SenderThread:621640 [sender.py:send_request():193] send_request: defer
2021-09-19 03:18:52,632 INFO    SenderThread:621640 [sender.py:send_request_defer():304] handle sender defer: 8
2021-09-19 03:18:52,632 INFO    SenderThread:621640 [sender.py:transition_state():308] send defer: 9
2021-09-19 03:18:52,632 DEBUG   SenderThread:621640 [sender.py:send():179] send: final
2021-09-19 03:18:52,632 DEBUG   HandlerThread:621640 [handler.py:handle_request():124] handle_request: defer
2021-09-19 03:18:52,633 DEBUG   SenderThread:621640 [sender.py:send():179] send: footer
2021-09-19 03:18:52,633 INFO    HandlerThread:621640 [handler.py:handle_request_defer():141] handle defer: 9
2021-09-19 03:18:52,633 DEBUG   SenderThread:621640 [sender.py:send_request():193] send_request: defer
2021-09-19 03:18:52,633 INFO    SenderThread:621640 [sender.py:send_request_defer():304] handle sender defer: 9
2021-09-19 03:18:52,660 DEBUG   HandlerThread:621640 [handler.py:handle_request():124] handle_request: poll_exit
2021-09-19 03:18:52,660 DEBUG   SenderThread:621640 [sender.py:send_request():193] send_request: poll_exit
2021-09-19 03:18:52,660 INFO    SenderThread:621640 [file_pusher.py:join():182] waiting for file pusher
2021-09-19 03:18:52,661 DEBUG   HandlerThread:621640 [handler.py:handle_request():124] handle_request: get_summary
2021-09-19 03:18:52,662 DEBUG   HandlerThread:621640 [handler.py:handle_request():124] handle_request: sampled_history
2021-09-19 03:18:52,662 DEBUG   HandlerThread:621640 [handler.py:handle_request():124] handle_request: shutdown
2021-09-19 03:18:52,662 INFO    HandlerThread:621640 [handler.py:finish():638] shutting down handler
2021-09-19 03:18:53,633 INFO    WriterThread:621640 [datastore.py:close():288] close: /grid/koo/home/toneyan/profile/QuantPred/wandb/run-20210919_031734-0826rqdn/run-0826rqdn.wandb
2021-09-19 03:18:53,660 INFO    SenderThread:621640 [sender.py:finish():945] shutting down sender
2021-09-19 03:18:53,661 INFO    SenderThread:621640 [file_pusher.py:finish():177] shutting down file pusher
2021-09-19 03:18:53,661 INFO    SenderThread:621640 [file_pusher.py:join():182] waiting for file pusher
2021-09-19 03:18:53,662 INFO    MainThread:621640 [internal.py:handle_exit():78] Internal process exited
