2021-09-19 04:50:30,192 INFO    MainThread:1158816 [internal.py:wandb_internal():91] W&B internal server running at pid: 1158816, started at: 2021-09-19 04:50:30.191088
2021-09-19 04:50:30,193 DEBUG   HandlerThread:1158816 [handler.py:handle_request():124] handle_request: check_version
2021-09-19 04:50:30,194 INFO    WriterThread:1158816 [datastore.py:open_for_write():80] open: /grid/koo/home/toneyan/profile/QuantPred/wandb/run-20210919_045029-i0fe96a6/run-i0fe96a6.wandb
2021-09-19 04:50:30,195 DEBUG   SenderThread:1158816 [sender.py:send():179] send: header
2021-09-19 04:50:30,195 DEBUG   SenderThread:1158816 [sender.py:send_request():193] send_request: check_version
2021-09-19 04:50:30,225 DEBUG   SenderThread:1158816 [sender.py:send():179] send: run
2021-09-19 04:50:30,324 INFO    SenderThread:1158816 [dir_watcher.py:__init__():168] watching files in: /grid/koo/home/toneyan/profile/QuantPred/wandb/run-20210919_045029-i0fe96a6/files
2021-09-19 04:50:30,324 INFO    SenderThread:1158816 [sender.py:_start_run_threads():719] run started: i0fe96a6 with start time 1632041429
2021-09-19 04:50:30,325 DEBUG   SenderThread:1158816 [sender.py:send():179] send: summary
2021-09-19 04:50:30,325 INFO    SenderThread:1158816 [sender.py:_save_file():841] saving file wandb-summary.json with policy end
2021-09-19 04:50:30,327 DEBUG   HandlerThread:1158816 [handler.py:handle_request():124] handle_request: run_start
2021-09-19 04:50:31,332 INFO    Thread-8  :1158816 [dir_watcher.py:_on_file_created():216] file/dir created: /grid/koo/home/toneyan/profile/QuantPred/wandb/run-20210919_045029-i0fe96a6/files/wandb-summary.json
2021-09-19 04:50:31,526 DEBUG   HandlerThread:1158816 [meta.py:__init__():39] meta init
2021-09-19 04:50:31,526 DEBUG   HandlerThread:1158816 [meta.py:__init__():53] meta init done
2021-09-19 04:50:31,526 DEBUG   HandlerThread:1158816 [meta.py:probe():210] probe
2021-09-19 04:50:31,533 DEBUG   HandlerThread:1158816 [meta.py:_save_pip():57] save pip
2021-09-19 04:50:31,535 DEBUG   HandlerThread:1158816 [meta.py:_save_pip():71] save pip done
2021-09-19 04:50:31,535 DEBUG   HandlerThread:1158816 [meta.py:probe():252] probe done
2021-09-19 04:50:31,537 DEBUG   SenderThread:1158816 [sender.py:send():179] send: files
2021-09-19 04:50:31,537 INFO    SenderThread:1158816 [sender.py:_save_file():841] saving file wandb-metadata.json with policy now
2021-09-19 04:50:31,544 DEBUG   HandlerThread:1158816 [handler.py:handle_request():124] handle_request: stop_status
2021-09-19 04:50:31,544 DEBUG   SenderThread:1158816 [sender.py:send_request():193] send_request: stop_status
2021-09-19 04:50:31,926 INFO    Thread-11 :1158816 [upload_job.py:push():137] Uploaded file /tmp/3288843.1.gpu_ded.q/tmpqrw15e94wandb/3ebtnak6-wandb-metadata.json
2021-09-19 04:50:32,332 INFO    Thread-8  :1158816 [dir_watcher.py:_on_file_created():216] file/dir created: /grid/koo/home/toneyan/profile/QuantPred/wandb/run-20210919_045029-i0fe96a6/files/output.log
2021-09-19 04:50:32,332 INFO    Thread-8  :1158816 [dir_watcher.py:_on_file_created():216] file/dir created: /grid/koo/home/toneyan/profile/QuantPred/wandb/run-20210919_045029-i0fe96a6/files/requirements.txt
2021-09-19 04:50:32,332 INFO    Thread-8  :1158816 [dir_watcher.py:_on_file_created():216] file/dir created: /grid/koo/home/toneyan/profile/QuantPred/wandb/run-20210919_045029-i0fe96a6/files/wandb-metadata.json
2021-09-19 04:50:46,609 DEBUG   HandlerThread:1158816 [handler.py:handle_request():124] handle_request: stop_status
2021-09-19 04:50:46,609 DEBUG   SenderThread:1158816 [sender.py:send_request():193] send_request: stop_status
2021-09-19 04:50:59,914 DEBUG   SenderThread:1158816 [sender.py:send():179] send: stats
2021-09-19 04:51:01,672 DEBUG   HandlerThread:1158816 [handler.py:handle_request():124] handle_request: stop_status
2021-09-19 04:51:01,672 DEBUG   SenderThread:1158816 [sender.py:send_request():193] send_request: stop_status
2021-09-19 04:51:06,929 DEBUG   HandlerThread:1158816 [handler.py:handle_request():124] handle_request: poll_exit
2021-09-19 04:51:06,929 DEBUG   SenderThread:1158816 [sender.py:send():179] send: telemetry
2021-09-19 04:51:06,930 DEBUG   SenderThread:1158816 [sender.py:send():179] send: exit
2021-09-19 04:51:06,930 INFO    SenderThread:1158816 [sender.py:send_exit():287] handling exit code: 1
2021-09-19 04:51:06,930 INFO    SenderThread:1158816 [sender.py:send_exit():295] send defer
2021-09-19 04:51:06,930 DEBUG   SenderThread:1158816 [sender.py:send_request():193] send_request: poll_exit
2021-09-19 04:51:06,931 DEBUG   HandlerThread:1158816 [handler.py:handle_request():124] handle_request: defer
2021-09-19 04:51:06,931 INFO    HandlerThread:1158816 [handler.py:handle_request_defer():141] handle defer: 0
2021-09-19 04:51:06,931 DEBUG   SenderThread:1158816 [sender.py:send_request():193] send_request: defer
2021-09-19 04:51:06,931 INFO    SenderThread:1158816 [sender.py:send_request_defer():304] handle sender defer: 0
2021-09-19 04:51:06,931 INFO    SenderThread:1158816 [sender.py:transition_state():308] send defer: 1
2021-09-19 04:51:06,931 DEBUG   HandlerThread:1158816 [handler.py:handle_request():124] handle_request: defer
2021-09-19 04:51:06,931 INFO    HandlerThread:1158816 [handler.py:handle_request_defer():141] handle defer: 1
2021-09-19 04:51:07,005 DEBUG   SenderThread:1158816 [sender.py:send_request():193] send_request: defer
2021-09-19 04:51:07,005 INFO    SenderThread:1158816 [sender.py:send_request_defer():304] handle sender defer: 1
2021-09-19 04:51:07,005 INFO    SenderThread:1158816 [sender.py:transition_state():308] send defer: 2
2021-09-19 04:51:07,005 DEBUG   SenderThread:1158816 [sender.py:send():179] send: stats
2021-09-19 04:51:07,009 DEBUG   HandlerThread:1158816 [handler.py:handle_request():124] handle_request: defer
2021-09-19 04:51:07,009 INFO    HandlerThread:1158816 [handler.py:handle_request_defer():141] handle defer: 2
2021-09-19 04:51:07,009 DEBUG   SenderThread:1158816 [sender.py:send_request():193] send_request: defer
2021-09-19 04:51:07,009 INFO    SenderThread:1158816 [sender.py:send_request_defer():304] handle sender defer: 2
2021-09-19 04:51:07,009 INFO    SenderThread:1158816 [sender.py:transition_state():308] send defer: 3
2021-09-19 04:51:07,010 DEBUG   HandlerThread:1158816 [handler.py:handle_request():124] handle_request: defer
2021-09-19 04:51:07,010 INFO    HandlerThread:1158816 [handler.py:handle_request_defer():141] handle defer: 3
2021-09-19 04:51:07,010 DEBUG   SenderThread:1158816 [sender.py:send():179] send: summary
2021-09-19 04:51:07,010 INFO    SenderThread:1158816 [sender.py:_save_file():841] saving file wandb-summary.json with policy end
2021-09-19 04:51:07,011 DEBUG   SenderThread:1158816 [sender.py:send_request():193] send_request: defer
2021-09-19 04:51:07,011 INFO    SenderThread:1158816 [sender.py:send_request_defer():304] handle sender defer: 3
2021-09-19 04:51:07,011 INFO    SenderThread:1158816 [sender.py:transition_state():308] send defer: 4
2021-09-19 04:51:07,011 DEBUG   HandlerThread:1158816 [handler.py:handle_request():124] handle_request: defer
2021-09-19 04:51:07,011 INFO    HandlerThread:1158816 [handler.py:handle_request_defer():141] handle defer: 4
2021-09-19 04:51:07,011 DEBUG   SenderThread:1158816 [sender.py:send_request():193] send_request: defer
2021-09-19 04:51:07,011 INFO    SenderThread:1158816 [sender.py:send_request_defer():304] handle sender defer: 4
2021-09-19 04:51:07,032 DEBUG   HandlerThread:1158816 [handler.py:handle_request():124] handle_request: poll_exit
2021-09-19 04:51:07,069 ERROR   SenderThread:1158816 [internal_api.py:execute():130] 429 response executing GraphQL.
2021-09-19 04:51:07,069 ERROR   SenderThread:1158816 [internal_api.py:execute():131] {"error":"rate limit exceeded"}

2021-09-19 04:51:07,344 INFO    Thread-8  :1158816 [dir_watcher.py:_on_file_modified():229] file/dir modified: /grid/koo/home/toneyan/profile/QuantPred/wandb/run-20210919_045029-i0fe96a6/files/wandb-summary.json
2021-09-19 04:51:08,142 ERROR   SenderThread:1158816 [internal_api.py:execute():130] 429 response executing GraphQL.
2021-09-19 04:51:08,142 ERROR   SenderThread:1158816 [internal_api.py:execute():131] {"error":"rate limit exceeded"}

2021-09-19 04:51:10,381 ERROR   SenderThread:1158816 [internal_api.py:execute():130] 429 response executing GraphQL.
2021-09-19 04:51:10,381 ERROR   SenderThread:1158816 [internal_api.py:execute():131] {"error":"rate limit exceeded"}

2021-09-19 04:51:10,381 ERROR   SenderThread:1158816 [retry.py:__call__():126] Retry attempt failed:
Traceback (most recent call last):
  File "/usr/local/lib/python3.6/dist-packages/wandb/sdk/lib/retry.py", line 102, in __call__
    result = self._call_fn(*args, **kwargs)
  File "/usr/local/lib/python3.6/dist-packages/wandb/sdk/internal/internal_api.py", line 133, in execute
    six.reraise(*sys.exc_info())
  File "/usr/local/lib/python3.6/dist-packages/six.py", line 719, in reraise
    raise value
  File "/usr/local/lib/python3.6/dist-packages/wandb/sdk/internal/internal_api.py", line 127, in execute
    return self.client.execute(*args, **kwargs)
  File "/usr/local/lib/python3.6/dist-packages/wandb/vendor/gql-0.2.0/gql/client.py", line 52, in execute
    result = self._get_result(document, *args, **kwargs)
  File "/usr/local/lib/python3.6/dist-packages/wandb/vendor/gql-0.2.0/gql/client.py", line 60, in _get_result
    return self.transport.execute(document, *args, **kwargs)
  File "/usr/local/lib/python3.6/dist-packages/wandb/vendor/gql-0.2.0/gql/transport/requests.py", line 39, in execute
    request.raise_for_status()
  File "/usr/local/lib/python3.6/dist-packages/requests/models.py", line 943, in raise_for_status
    raise HTTPError(http_error_msg, response=self)
requests.exceptions.HTTPError: 429 Client Error: Too Many Requests for url: https://api.wandb.ai/graphql
2021-09-19 04:51:12,132 DEBUG   HandlerThread:1158816 [handler.py:handle_request():124] handle_request: poll_exit
2021-09-19 04:51:15,258 INFO    SenderThread:1158816 [sender.py:transition_state():308] send defer: 5
2021-09-19 04:51:15,259 DEBUG   SenderThread:1158816 [sender.py:send_request():193] send_request: poll_exit
2021-09-19 04:51:15,259 DEBUG   SenderThread:1158816 [sender.py:send_request():193] send_request: poll_exit
2021-09-19 04:51:15,259 DEBUG   HandlerThread:1158816 [handler.py:handle_request():124] handle_request: defer
2021-09-19 04:51:15,260 INFO    HandlerThread:1158816 [handler.py:handle_request_defer():141] handle defer: 5
2021-09-19 04:51:15,260 DEBUG   SenderThread:1158816 [sender.py:send_request():193] send_request: defer
2021-09-19 04:51:15,260 INFO    SenderThread:1158816 [sender.py:send_request_defer():304] handle sender defer: 5
2021-09-19 04:51:15,260 INFO    SenderThread:1158816 [dir_watcher.py:finish():282] shutting down directory watcher
2021-09-19 04:51:15,346 INFO    SenderThread:1158816 [dir_watcher.py:_on_file_modified():229] file/dir modified: /grid/koo/home/toneyan/profile/QuantPred/wandb/run-20210919_045029-i0fe96a6/files/config.yaml
2021-09-19 04:51:15,346 INFO    SenderThread:1158816 [dir_watcher.py:finish():312] scan: /grid/koo/home/toneyan/profile/QuantPred/wandb/run-20210919_045029-i0fe96a6/files
2021-09-19 04:51:15,346 INFO    SenderThread:1158816 [dir_watcher.py:finish():318] scan save: /grid/koo/home/toneyan/profile/QuantPred/wandb/run-20210919_045029-i0fe96a6/files/wandb-metadata.json wandb-metadata.json
2021-09-19 04:51:15,346 INFO    SenderThread:1158816 [dir_watcher.py:finish():318] scan save: /grid/koo/home/toneyan/profile/QuantPred/wandb/run-20210919_045029-i0fe96a6/files/config.yaml config.yaml
2021-09-19 04:51:15,347 INFO    SenderThread:1158816 [dir_watcher.py:finish():318] scan save: /grid/koo/home/toneyan/profile/QuantPred/wandb/run-20210919_045029-i0fe96a6/files/requirements.txt requirements.txt
2021-09-19 04:51:15,347 INFO    SenderThread:1158816 [dir_watcher.py:finish():318] scan save: /grid/koo/home/toneyan/profile/QuantPred/wandb/run-20210919_045029-i0fe96a6/files/wandb-summary.json wandb-summary.json
2021-09-19 04:51:15,354 INFO    SenderThread:1158816 [dir_watcher.py:finish():318] scan save: /grid/koo/home/toneyan/profile/QuantPred/wandb/run-20210919_045029-i0fe96a6/files/output.log output.log
2021-09-19 04:51:15,354 INFO    SenderThread:1158816 [sender.py:transition_state():308] send defer: 6
2021-09-19 04:51:15,361 DEBUG   HandlerThread:1158816 [handler.py:handle_request():124] handle_request: defer
2021-09-19 04:51:15,361 INFO    HandlerThread:1158816 [handler.py:handle_request_defer():141] handle defer: 6
2021-09-19 04:51:15,361 DEBUG   SenderThread:1158816 [sender.py:send_request():193] send_request: defer
2021-09-19 04:51:15,361 DEBUG   HandlerThread:1158816 [handler.py:handle_request():124] handle_request: poll_exit
2021-09-19 04:51:15,361 INFO    SenderThread:1158816 [sender.py:send_request_defer():304] handle sender defer: 6
2021-09-19 04:51:15,361 INFO    SenderThread:1158816 [file_pusher.py:finish():177] shutting down file pusher
2021-09-19 04:51:15,361 DEBUG   SenderThread:1158816 [sender.py:send_request():193] send_request: poll_exit
2021-09-19 04:51:15,466 DEBUG   HandlerThread:1158816 [handler.py:handle_request():124] handle_request: poll_exit
2021-09-19 04:51:15,466 DEBUG   SenderThread:1158816 [sender.py:send_request():193] send_request: poll_exit
2021-09-19 04:51:15,568 DEBUG   HandlerThread:1158816 [handler.py:handle_request():124] handle_request: poll_exit
2021-09-19 04:51:15,568 DEBUG   SenderThread:1158816 [sender.py:send_request():193] send_request: poll_exit
2021-09-19 04:51:15,670 DEBUG   HandlerThread:1158816 [handler.py:handle_request():124] handle_request: poll_exit
2021-09-19 04:51:15,670 DEBUG   SenderThread:1158816 [sender.py:send_request():193] send_request: poll_exit
2021-09-19 04:51:15,694 INFO    Thread-13 :1158816 [upload_job.py:push():137] Uploaded file /grid/koo/home/toneyan/profile/QuantPred/wandb/run-20210919_045029-i0fe96a6/files/requirements.txt
2021-09-19 04:51:15,732 INFO    Thread-12 :1158816 [upload_job.py:push():137] Uploaded file /grid/koo/home/toneyan/profile/QuantPred/wandb/run-20210919_045029-i0fe96a6/files/config.yaml
2021-09-19 04:51:15,743 INFO    Thread-14 :1158816 [upload_job.py:push():137] Uploaded file /grid/koo/home/toneyan/profile/QuantPred/wandb/run-20210919_045029-i0fe96a6/files/wandb-summary.json
2021-09-19 04:51:15,772 DEBUG   HandlerThread:1158816 [handler.py:handle_request():124] handle_request: poll_exit
2021-09-19 04:51:15,772 DEBUG   SenderThread:1158816 [sender.py:send_request():193] send_request: poll_exit
2021-09-19 04:51:15,874 DEBUG   HandlerThread:1158816 [handler.py:handle_request():124] handle_request: poll_exit
2021-09-19 04:51:15,874 DEBUG   SenderThread:1158816 [sender.py:send_request():193] send_request: poll_exit
2021-09-19 04:51:15,944 INFO    Thread-7  :1158816 [sender.py:transition_state():308] send defer: 7
2021-09-19 04:51:15,944 DEBUG   HandlerThread:1158816 [handler.py:handle_request():124] handle_request: defer
2021-09-19 04:51:15,945 INFO    HandlerThread:1158816 [handler.py:handle_request_defer():141] handle defer: 7
2021-09-19 04:51:15,945 DEBUG   SenderThread:1158816 [sender.py:send_request():193] send_request: defer
2021-09-19 04:51:15,945 INFO    SenderThread:1158816 [sender.py:send_request_defer():304] handle sender defer: 7
2021-09-19 04:51:15,976 DEBUG   HandlerThread:1158816 [handler.py:handle_request():124] handle_request: poll_exit
2021-09-19 04:51:15,996 INFO    SenderThread:1158816 [sender.py:transition_state():308] send defer: 8
2021-09-19 04:51:15,996 DEBUG   SenderThread:1158816 [sender.py:send_request():193] send_request: poll_exit
2021-09-19 04:51:15,997 DEBUG   HandlerThread:1158816 [handler.py:handle_request():124] handle_request: defer
2021-09-19 04:51:15,997 INFO    HandlerThread:1158816 [handler.py:handle_request_defer():141] handle defer: 8
2021-09-19 04:51:15,997 DEBUG   SenderThread:1158816 [sender.py:send_request():193] send_request: defer
2021-09-19 04:51:15,997 INFO    SenderThread:1158816 [sender.py:send_request_defer():304] handle sender defer: 8
2021-09-19 04:51:15,997 INFO    SenderThread:1158816 [sender.py:transition_state():308] send defer: 9
2021-09-19 04:51:15,997 DEBUG   SenderThread:1158816 [sender.py:send():179] send: final
2021-09-19 04:51:15,998 DEBUG   HandlerThread:1158816 [handler.py:handle_request():124] handle_request: defer
2021-09-19 04:51:15,998 DEBUG   SenderThread:1158816 [sender.py:send():179] send: footer
2021-09-19 04:51:15,998 INFO    HandlerThread:1158816 [handler.py:handle_request_defer():141] handle defer: 9
2021-09-19 04:51:15,998 DEBUG   SenderThread:1158816 [sender.py:send_request():193] send_request: defer
2021-09-19 04:51:15,998 INFO    SenderThread:1158816 [sender.py:send_request_defer():304] handle sender defer: 9
2021-09-19 04:51:16,098 DEBUG   HandlerThread:1158816 [handler.py:handle_request():124] handle_request: poll_exit
2021-09-19 04:51:16,098 DEBUG   SenderThread:1158816 [sender.py:send_request():193] send_request: poll_exit
2021-09-19 04:51:16,099 INFO    SenderThread:1158816 [file_pusher.py:join():182] waiting for file pusher
2021-09-19 04:51:16,100 DEBUG   HandlerThread:1158816 [handler.py:handle_request():124] handle_request: get_summary
2021-09-19 04:51:16,101 DEBUG   HandlerThread:1158816 [handler.py:handle_request():124] handle_request: sampled_history
2021-09-19 04:51:16,101 DEBUG   HandlerThread:1158816 [handler.py:handle_request():124] handle_request: shutdown
2021-09-19 04:51:16,101 INFO    HandlerThread:1158816 [handler.py:finish():638] shutting down handler
2021-09-19 04:51:16,998 INFO    WriterThread:1158816 [datastore.py:close():288] close: /grid/koo/home/toneyan/profile/QuantPred/wandb/run-20210919_045029-i0fe96a6/run-i0fe96a6.wandb
2021-09-19 04:51:17,099 INFO    SenderThread:1158816 [sender.py:finish():945] shutting down sender
2021-09-19 04:51:17,099 INFO    SenderThread:1158816 [file_pusher.py:finish():177] shutting down file pusher
2021-09-19 04:51:17,099 INFO    SenderThread:1158816 [file_pusher.py:join():182] waiting for file pusher
2021-09-19 04:51:17,101 INFO    MainThread:1158816 [internal.py:handle_exit():78] Internal process exited
