2021-09-18 20:19:31,530 INFO    MainThread:218500 [internal.py:wandb_internal():91] W&B internal server running at pid: 218500, started at: 2021-09-18 20:19:31.529839
2021-09-18 20:19:31,531 DEBUG   HandlerThread:218500 [handler.py:handle_request():124] handle_request: check_version
2021-09-18 20:19:31,531 INFO    WriterThread:218500 [datastore.py:open_for_write():80] open: /grid/koo/home/toneyan/profile/QuantPred/wandb/run-20210918_201930-yvhqz1ih/run-yvhqz1ih.wandb
2021-09-18 20:19:31,533 DEBUG   SenderThread:218500 [sender.py:send():179] send: header
2021-09-18 20:19:31,533 DEBUG   SenderThread:218500 [sender.py:send_request():193] send_request: check_version
2021-09-18 20:19:31,564 DEBUG   SenderThread:218500 [sender.py:send():179] send: run
2021-09-18 20:19:31,644 INFO    SenderThread:218500 [dir_watcher.py:__init__():168] watching files in: /grid/koo/home/toneyan/profile/QuantPred/wandb/run-20210918_201930-yvhqz1ih/files
2021-09-18 20:19:31,644 INFO    SenderThread:218500 [sender.py:_start_run_threads():719] run started: yvhqz1ih with start time 1632010770
2021-09-18 20:19:31,644 DEBUG   SenderThread:218500 [sender.py:send():179] send: summary
2021-09-18 20:19:31,645 INFO    SenderThread:218500 [sender.py:_save_file():841] saving file wandb-summary.json with policy end
2021-09-18 20:19:31,646 DEBUG   HandlerThread:218500 [handler.py:handle_request():124] handle_request: run_start
2021-09-18 20:19:32,646 INFO    Thread-8  :218500 [dir_watcher.py:_on_file_created():216] file/dir created: /grid/koo/home/toneyan/profile/QuantPred/wandb/run-20210918_201930-yvhqz1ih/files/wandb-summary.json
2021-09-18 20:19:32,791 DEBUG   HandlerThread:218500 [meta.py:__init__():39] meta init
2021-09-18 20:19:32,791 DEBUG   HandlerThread:218500 [meta.py:__init__():53] meta init done
2021-09-18 20:19:32,791 DEBUG   HandlerThread:218500 [meta.py:probe():210] probe
2021-09-18 20:19:32,797 DEBUG   HandlerThread:218500 [meta.py:_save_pip():57] save pip
2021-09-18 20:19:32,798 DEBUG   HandlerThread:218500 [meta.py:_save_pip():71] save pip done
2021-09-18 20:19:32,799 DEBUG   HandlerThread:218500 [meta.py:probe():252] probe done
2021-09-18 20:19:32,801 DEBUG   SenderThread:218500 [sender.py:send():179] send: files
2021-09-18 20:19:32,801 INFO    SenderThread:218500 [sender.py:_save_file():841] saving file wandb-metadata.json with policy now
2021-09-18 20:19:32,809 DEBUG   HandlerThread:218500 [handler.py:handle_request():124] handle_request: stop_status
2021-09-18 20:19:32,809 DEBUG   SenderThread:218500 [sender.py:send_request():193] send_request: stop_status
2021-09-18 20:19:33,126 INFO    Thread-11 :218500 [upload_job.py:push():137] Uploaded file /tmp/3288851.1.gpu_ded.q/tmpkn2io70wwandb/1jr2udml-wandb-metadata.json
2021-09-18 20:19:33,646 INFO    Thread-8  :218500 [dir_watcher.py:_on_file_created():216] file/dir created: /grid/koo/home/toneyan/profile/QuantPred/wandb/run-20210918_201930-yvhqz1ih/files/wandb-metadata.json
2021-09-18 20:19:33,646 INFO    Thread-8  :218500 [dir_watcher.py:_on_file_created():216] file/dir created: /grid/koo/home/toneyan/profile/QuantPred/wandb/run-20210918_201930-yvhqz1ih/files/output.log
2021-09-18 20:19:33,646 INFO    Thread-8  :218500 [dir_watcher.py:_on_file_created():216] file/dir created: /grid/koo/home/toneyan/profile/QuantPred/wandb/run-20210918_201930-yvhqz1ih/files/requirements.txt
2021-09-18 20:19:47,872 DEBUG   HandlerThread:218500 [handler.py:handle_request():124] handle_request: stop_status
2021-09-18 20:19:47,872 DEBUG   SenderThread:218500 [sender.py:send_request():193] send_request: stop_status
2021-09-18 20:20:01,160 DEBUG   SenderThread:218500 [sender.py:send():179] send: stats
2021-09-18 20:20:02,935 DEBUG   HandlerThread:218500 [handler.py:handle_request():124] handle_request: stop_status
2021-09-18 20:20:02,935 DEBUG   SenderThread:218500 [sender.py:send_request():193] send_request: stop_status
2021-09-18 20:20:06,157 DEBUG   HandlerThread:218500 [handler.py:handle_request():124] handle_request: poll_exit
2021-09-18 20:20:06,157 DEBUG   SenderThread:218500 [sender.py:send():179] send: telemetry
2021-09-18 20:20:06,157 DEBUG   SenderThread:218500 [sender.py:send():179] send: exit
2021-09-18 20:20:06,157 INFO    SenderThread:218500 [sender.py:send_exit():287] handling exit code: 1
2021-09-18 20:20:06,157 INFO    SenderThread:218500 [sender.py:send_exit():295] send defer
2021-09-18 20:20:06,158 DEBUG   SenderThread:218500 [sender.py:send_request():193] send_request: poll_exit
2021-09-18 20:20:06,158 DEBUG   HandlerThread:218500 [handler.py:handle_request():124] handle_request: defer
2021-09-18 20:20:06,158 INFO    HandlerThread:218500 [handler.py:handle_request_defer():141] handle defer: 0
2021-09-18 20:20:06,158 DEBUG   SenderThread:218500 [sender.py:send_request():193] send_request: defer
2021-09-18 20:20:06,158 INFO    SenderThread:218500 [sender.py:send_request_defer():304] handle sender defer: 0
2021-09-18 20:20:06,158 INFO    SenderThread:218500 [sender.py:transition_state():308] send defer: 1
2021-09-18 20:20:06,158 DEBUG   HandlerThread:218500 [handler.py:handle_request():124] handle_request: defer
2021-09-18 20:20:06,159 INFO    HandlerThread:218500 [handler.py:handle_request_defer():141] handle defer: 1
2021-09-18 20:20:06,229 DEBUG   SenderThread:218500 [sender.py:send_request():193] send_request: defer
2021-09-18 20:20:06,229 INFO    SenderThread:218500 [sender.py:send_request_defer():304] handle sender defer: 1
2021-09-18 20:20:06,229 INFO    SenderThread:218500 [sender.py:transition_state():308] send defer: 2
2021-09-18 20:20:06,229 DEBUG   SenderThread:218500 [sender.py:send():179] send: stats
2021-09-18 20:20:06,230 DEBUG   HandlerThread:218500 [handler.py:handle_request():124] handle_request: defer
2021-09-18 20:20:06,231 INFO    HandlerThread:218500 [handler.py:handle_request_defer():141] handle defer: 2
2021-09-18 20:20:06,232 DEBUG   SenderThread:218500 [sender.py:send_request():193] send_request: defer
2021-09-18 20:20:06,232 INFO    SenderThread:218500 [sender.py:send_request_defer():304] handle sender defer: 2
2021-09-18 20:20:06,232 INFO    SenderThread:218500 [sender.py:transition_state():308] send defer: 3
2021-09-18 20:20:06,232 DEBUG   HandlerThread:218500 [handler.py:handle_request():124] handle_request: defer
2021-09-18 20:20:06,232 INFO    HandlerThread:218500 [handler.py:handle_request_defer():141] handle defer: 3
2021-09-18 20:20:06,232 DEBUG   SenderThread:218500 [sender.py:send():179] send: summary
2021-09-18 20:20:06,233 INFO    SenderThread:218500 [sender.py:_save_file():841] saving file wandb-summary.json with policy end
2021-09-18 20:20:06,233 DEBUG   SenderThread:218500 [sender.py:send_request():193] send_request: defer
2021-09-18 20:20:06,233 INFO    SenderThread:218500 [sender.py:send_request_defer():304] handle sender defer: 3
2021-09-18 20:20:06,233 INFO    SenderThread:218500 [sender.py:transition_state():308] send defer: 4
2021-09-18 20:20:06,233 DEBUG   HandlerThread:218500 [handler.py:handle_request():124] handle_request: defer
2021-09-18 20:20:06,233 INFO    HandlerThread:218500 [handler.py:handle_request_defer():141] handle defer: 4
2021-09-18 20:20:06,233 DEBUG   SenderThread:218500 [sender.py:send_request():193] send_request: defer
2021-09-18 20:20:06,233 INFO    SenderThread:218500 [sender.py:send_request_defer():304] handle sender defer: 4
2021-09-18 20:20:06,259 DEBUG   HandlerThread:218500 [handler.py:handle_request():124] handle_request: poll_exit
2021-09-18 20:20:06,289 ERROR   SenderThread:218500 [internal_api.py:execute():130] 429 response executing GraphQL.
2021-09-18 20:20:06,289 ERROR   SenderThread:218500 [internal_api.py:execute():131] {"error":"rate limit exceeded"}

2021-09-18 20:20:06,657 INFO    Thread-8  :218500 [dir_watcher.py:_on_file_modified():229] file/dir modified: /grid/koo/home/toneyan/profile/QuantPred/wandb/run-20210918_201930-yvhqz1ih/files/wandb-summary.json
2021-09-18 20:20:07,487 ERROR   SenderThread:218500 [internal_api.py:execute():130] 429 response executing GraphQL.
2021-09-18 20:20:07,488 ERROR   SenderThread:218500 [internal_api.py:execute():131] {"error":"rate limit exceeded"}

2021-09-18 20:20:09,998 ERROR   SenderThread:218500 [internal_api.py:execute():130] 429 response executing GraphQL.
2021-09-18 20:20:09,998 ERROR   SenderThread:218500 [internal_api.py:execute():131] {"error":"rate limit exceeded"}

2021-09-18 20:20:09,998 ERROR   SenderThread:218500 [retry.py:__call__():126] Retry attempt failed:
Traceback (most recent call last):
  File "/usr/local/lib/python3.6/dist-packages/wandb/sdk/lib/retry.py", line 102, in __call__
    result = self._call_fn(*args, **kwargs)
  File "/usr/local/lib/python3.6/dist-packages/wandb/sdk/internal/internal_api.py", line 133, in execute
    six.reraise(*sys.exc_info())
  File "/usr/local/lib/python3.6/dist-packages/six.py", line 719, in reraise
    raise value
  File "/usr/local/lib/python3.6/dist-packages/wandb/sdk/internal/internal_api.py", line 127, in execute
    return self.client.execute(*args, **kwargs)
  File "/usr/local/lib/python3.6/dist-packages/wandb/vendor/gql-0.2.0/gql/client.py", line 52, in execute
    result = self._get_result(document, *args, **kwargs)
  File "/usr/local/lib/python3.6/dist-packages/wandb/vendor/gql-0.2.0/gql/client.py", line 60, in _get_result
    return self.transport.execute(document, *args, **kwargs)
  File "/usr/local/lib/python3.6/dist-packages/wandb/vendor/gql-0.2.0/gql/transport/requests.py", line 39, in execute
    request.raise_for_status()
  File "/usr/local/lib/python3.6/dist-packages/requests/models.py", line 943, in raise_for_status
    raise HTTPError(http_error_msg, response=self)
requests.exceptions.HTTPError: 429 Client Error: Too Many Requests for url: https://api.wandb.ai/graphql
2021-09-18 20:20:11,360 DEBUG   HandlerThread:218500 [handler.py:handle_request():124] handle_request: poll_exit
2021-09-18 20:20:14,059 ERROR   SenderThread:218500 [internal_api.py:execute():130] 429 response executing GraphQL.
2021-09-18 20:20:14,060 ERROR   SenderThread:218500 [internal_api.py:execute():131] {"error":"rate limit exceeded"}

2021-09-18 20:20:16,461 DEBUG   HandlerThread:218500 [handler.py:handle_request():124] handle_request: poll_exit
2021-09-18 20:20:21,562 DEBUG   HandlerThread:218500 [handler.py:handle_request():124] handle_request: poll_exit
2021-09-18 20:20:23,177 INFO    SenderThread:218500 [sender.py:transition_state():308] send defer: 5
2021-09-18 20:20:23,177 DEBUG   SenderThread:218500 [sender.py:send_request():193] send_request: poll_exit
2021-09-18 20:20:23,177 DEBUG   SenderThread:218500 [sender.py:send_request():193] send_request: poll_exit
2021-09-18 20:20:23,177 DEBUG   HandlerThread:218500 [handler.py:handle_request():124] handle_request: defer
2021-09-18 20:20:23,178 DEBUG   SenderThread:218500 [sender.py:send_request():193] send_request: poll_exit
2021-09-18 20:20:23,178 INFO    HandlerThread:218500 [handler.py:handle_request_defer():141] handle defer: 5
2021-09-18 20:20:23,178 DEBUG   SenderThread:218500 [sender.py:send_request():193] send_request: poll_exit
2021-09-18 20:20:23,178 DEBUG   SenderThread:218500 [sender.py:send_request():193] send_request: defer
2021-09-18 20:20:23,178 INFO    SenderThread:218500 [sender.py:send_request_defer():304] handle sender defer: 5
2021-09-18 20:20:23,178 INFO    SenderThread:218500 [dir_watcher.py:finish():282] shutting down directory watcher
2021-09-18 20:20:23,282 DEBUG   HandlerThread:218500 [handler.py:handle_request():124] handle_request: poll_exit
2021-09-18 20:20:23,660 INFO    SenderThread:218500 [dir_watcher.py:_on_file_modified():229] file/dir modified: /grid/koo/home/toneyan/profile/QuantPred/wandb/run-20210918_201930-yvhqz1ih/files/config.yaml
2021-09-18 20:20:23,661 INFO    SenderThread:218500 [dir_watcher.py:finish():312] scan: /grid/koo/home/toneyan/profile/QuantPred/wandb/run-20210918_201930-yvhqz1ih/files
2021-09-18 20:20:23,661 INFO    SenderThread:218500 [dir_watcher.py:finish():318] scan save: /grid/koo/home/toneyan/profile/QuantPred/wandb/run-20210918_201930-yvhqz1ih/files/wandb-metadata.json wandb-metadata.json
2021-09-18 20:20:23,661 INFO    SenderThread:218500 [dir_watcher.py:finish():318] scan save: /grid/koo/home/toneyan/profile/QuantPred/wandb/run-20210918_201930-yvhqz1ih/files/config.yaml config.yaml
2021-09-18 20:20:23,661 INFO    SenderThread:218500 [dir_watcher.py:finish():318] scan save: /grid/koo/home/toneyan/profile/QuantPred/wandb/run-20210918_201930-yvhqz1ih/files/requirements.txt requirements.txt
2021-09-18 20:20:23,661 INFO    SenderThread:218500 [dir_watcher.py:finish():318] scan save: /grid/koo/home/toneyan/profile/QuantPred/wandb/run-20210918_201930-yvhqz1ih/files/wandb-summary.json wandb-summary.json
2021-09-18 20:20:23,661 INFO    SenderThread:218500 [dir_watcher.py:finish():318] scan save: /grid/koo/home/toneyan/profile/QuantPred/wandb/run-20210918_201930-yvhqz1ih/files/output.log output.log
2021-09-18 20:20:23,664 INFO    SenderThread:218500 [sender.py:transition_state():308] send defer: 6
2021-09-18 20:20:23,664 DEBUG   SenderThread:218500 [sender.py:send_request():193] send_request: poll_exit
2021-09-18 20:20:23,671 DEBUG   HandlerThread:218500 [handler.py:handle_request():124] handle_request: defer
2021-09-18 20:20:23,672 INFO    HandlerThread:218500 [handler.py:handle_request_defer():141] handle defer: 6
2021-09-18 20:20:23,672 DEBUG   SenderThread:218500 [sender.py:send_request():193] send_request: defer
2021-09-18 20:20:23,672 INFO    SenderThread:218500 [sender.py:send_request_defer():304] handle sender defer: 6
2021-09-18 20:20:23,672 INFO    SenderThread:218500 [file_pusher.py:finish():177] shutting down file pusher
2021-09-18 20:20:23,774 DEBUG   HandlerThread:218500 [handler.py:handle_request():124] handle_request: poll_exit
2021-09-18 20:20:23,775 DEBUG   SenderThread:218500 [sender.py:send_request():193] send_request: poll_exit
2021-09-18 20:20:23,880 DEBUG   HandlerThread:218500 [handler.py:handle_request():124] handle_request: poll_exit
2021-09-18 20:20:23,880 DEBUG   SenderThread:218500 [sender.py:send_request():193] send_request: poll_exit
2021-09-18 20:20:23,967 INFO    Thread-12 :218500 [upload_job.py:push():137] Uploaded file /grid/koo/home/toneyan/profile/QuantPred/wandb/run-20210918_201930-yvhqz1ih/files/config.yaml
2021-09-18 20:20:23,984 DEBUG   HandlerThread:218500 [handler.py:handle_request():124] handle_request: poll_exit
2021-09-18 20:20:23,984 DEBUG   SenderThread:218500 [sender.py:send_request():193] send_request: poll_exit
2021-09-18 20:20:24,017 INFO    Thread-14 :218500 [upload_job.py:push():137] Uploaded file /grid/koo/home/toneyan/profile/QuantPred/wandb/run-20210918_201930-yvhqz1ih/files/wandb-summary.json
2021-09-18 20:20:24,054 INFO    Thread-13 :218500 [upload_job.py:push():137] Uploaded file /grid/koo/home/toneyan/profile/QuantPred/wandb/run-20210918_201930-yvhqz1ih/files/requirements.txt
2021-09-18 20:20:24,089 DEBUG   HandlerThread:218500 [handler.py:handle_request():124] handle_request: poll_exit
2021-09-18 20:20:24,089 DEBUG   SenderThread:218500 [sender.py:send_request():193] send_request: poll_exit
2021-09-18 20:20:24,193 DEBUG   HandlerThread:218500 [handler.py:handle_request():124] handle_request: poll_exit
2021-09-18 20:20:24,194 DEBUG   SenderThread:218500 [sender.py:send_request():193] send_request: poll_exit
2021-09-18 20:20:24,255 INFO    Thread-7  :218500 [sender.py:transition_state():308] send defer: 7
2021-09-18 20:20:24,255 DEBUG   HandlerThread:218500 [handler.py:handle_request():124] handle_request: defer
2021-09-18 20:20:24,255 INFO    HandlerThread:218500 [handler.py:handle_request_defer():141] handle defer: 7
2021-09-18 20:20:24,255 DEBUG   SenderThread:218500 [sender.py:send_request():193] send_request: defer
2021-09-18 20:20:24,255 INFO    SenderThread:218500 [sender.py:send_request_defer():304] handle sender defer: 7
2021-09-18 20:20:24,298 DEBUG   HandlerThread:218500 [handler.py:handle_request():124] handle_request: poll_exit
2021-09-18 20:20:24,306 INFO    SenderThread:218500 [sender.py:transition_state():308] send defer: 8
2021-09-18 20:20:24,306 DEBUG   SenderThread:218500 [sender.py:send_request():193] send_request: poll_exit
2021-09-18 20:20:24,307 DEBUG   HandlerThread:218500 [handler.py:handle_request():124] handle_request: defer
2021-09-18 20:20:24,307 INFO    HandlerThread:218500 [handler.py:handle_request_defer():141] handle defer: 8
2021-09-18 20:20:24,307 DEBUG   SenderThread:218500 [sender.py:send_request():193] send_request: defer
2021-09-18 20:20:24,307 INFO    SenderThread:218500 [sender.py:send_request_defer():304] handle sender defer: 8
2021-09-18 20:20:24,307 INFO    SenderThread:218500 [sender.py:transition_state():308] send defer: 9
2021-09-18 20:20:24,307 DEBUG   SenderThread:218500 [sender.py:send():179] send: final
2021-09-18 20:20:24,307 DEBUG   SenderThread:218500 [sender.py:send():179] send: footer
2021-09-18 20:20:24,307 DEBUG   HandlerThread:218500 [handler.py:handle_request():124] handle_request: defer
2021-09-18 20:20:24,307 INFO    HandlerThread:218500 [handler.py:handle_request_defer():141] handle defer: 9
2021-09-18 20:20:24,308 DEBUG   SenderThread:218500 [sender.py:send_request():193] send_request: defer
2021-09-18 20:20:24,308 INFO    SenderThread:218500 [sender.py:send_request_defer():304] handle sender defer: 9
2021-09-18 20:20:24,411 DEBUG   HandlerThread:218500 [handler.py:handle_request():124] handle_request: poll_exit
2021-09-18 20:20:24,411 DEBUG   SenderThread:218500 [sender.py:send_request():193] send_request: poll_exit
2021-09-18 20:20:24,412 INFO    SenderThread:218500 [file_pusher.py:join():182] waiting for file pusher
2021-09-18 20:20:24,415 DEBUG   HandlerThread:218500 [handler.py:handle_request():124] handle_request: get_summary
2021-09-18 20:20:24,415 DEBUG   HandlerThread:218500 [handler.py:handle_request():124] handle_request: sampled_history
2021-09-18 20:20:24,416 DEBUG   HandlerThread:218500 [handler.py:handle_request():124] handle_request: shutdown
2021-09-18 20:20:24,416 INFO    HandlerThread:218500 [handler.py:finish():638] shutting down handler
2021-09-18 20:20:25,307 INFO    WriterThread:218500 [datastore.py:close():288] close: /grid/koo/home/toneyan/profile/QuantPred/wandb/run-20210918_201930-yvhqz1ih/run-yvhqz1ih.wandb
2021-09-18 20:20:25,412 INFO    SenderThread:218500 [sender.py:finish():945] shutting down sender
2021-09-18 20:20:25,412 INFO    SenderThread:218500 [file_pusher.py:finish():177] shutting down file pusher
2021-09-18 20:20:25,412 INFO    SenderThread:218500 [file_pusher.py:join():182] waiting for file pusher
2021-09-18 20:20:25,413 INFO    MainThread:218500 [internal.py:handle_exit():78] Internal process exited
