2021-09-14 08:07:46,977 INFO    MainThread:3385285 [internal.py:wandb_internal():91] W&B internal server running at pid: 3385285, started at: 2021-09-14 08:07:46.977198
2021-09-14 08:07:46,979 DEBUG   HandlerThread:3385285 [handler.py:handle_request():124] handle_request: check_version
2021-09-14 08:07:46,979 INFO    WriterThread:3385285 [datastore.py:open_for_write():80] open: /grid/koo/home/toneyan/profile/QuantPred/wandb/run-20210914_080746-55m8szk8/run-55m8szk8.wandb
2021-09-14 08:07:46,981 DEBUG   SenderThread:3385285 [sender.py:send():179] send: header
2021-09-14 08:07:46,981 DEBUG   SenderThread:3385285 [sender.py:send_request():193] send_request: check_version
2021-09-14 08:07:47,028 DEBUG   SenderThread:3385285 [sender.py:send():179] send: run
2021-09-14 08:07:47,111 INFO    SenderThread:3385285 [dir_watcher.py:__init__():168] watching files in: /grid/koo/home/toneyan/profile/QuantPred/wandb/run-20210914_080746-55m8szk8/files
2021-09-14 08:07:47,112 INFO    SenderThread:3385285 [sender.py:_start_run_threads():719] run started: 55m8szk8 with start time 1631621266
2021-09-14 08:07:47,112 DEBUG   SenderThread:3385285 [sender.py:send():179] send: summary
2021-09-14 08:07:47,112 DEBUG   HandlerThread:3385285 [handler.py:handle_request():124] handle_request: run_start
2021-09-14 08:07:47,113 INFO    SenderThread:3385285 [sender.py:_save_file():841] saving file wandb-summary.json with policy end
2021-09-14 08:07:48,113 INFO    Thread-8  :3385285 [dir_watcher.py:_on_file_created():216] file/dir created: /grid/koo/home/toneyan/profile/QuantPred/wandb/run-20210914_080746-55m8szk8/files/wandb-summary.json
2021-09-14 08:07:48,204 DEBUG   HandlerThread:3385285 [meta.py:__init__():39] meta init
2021-09-14 08:07:48,205 DEBUG   HandlerThread:3385285 [meta.py:__init__():53] meta init done
2021-09-14 08:07:48,205 DEBUG   HandlerThread:3385285 [meta.py:probe():210] probe
2021-09-14 08:07:48,210 DEBUG   HandlerThread:3385285 [meta.py:_save_pip():57] save pip
2021-09-14 08:07:48,211 DEBUG   HandlerThread:3385285 [meta.py:_save_pip():71] save pip done
2021-09-14 08:07:48,211 DEBUG   HandlerThread:3385285 [meta.py:probe():252] probe done
2021-09-14 08:07:48,214 DEBUG   SenderThread:3385285 [sender.py:send():179] send: files
2021-09-14 08:07:48,214 INFO    SenderThread:3385285 [sender.py:_save_file():841] saving file wandb-metadata.json with policy now
2021-09-14 08:07:48,226 DEBUG   HandlerThread:3385285 [handler.py:handle_request():124] handle_request: stop_status
2021-09-14 08:07:48,226 DEBUG   SenderThread:3385285 [sender.py:send_request():193] send_request: stop_status
2021-09-14 08:07:48,604 INFO    Thread-11 :3385285 [upload_job.py:push():137] Uploaded file /tmp/3287104.1.gpu.q/tmp89swowq_wandb/3hw1rxn8-wandb-metadata.json
2021-09-14 08:07:49,112 INFO    Thread-8  :3385285 [dir_watcher.py:_on_file_created():216] file/dir created: /grid/koo/home/toneyan/profile/QuantPred/wandb/run-20210914_080746-55m8szk8/files/output.log
2021-09-14 08:07:49,113 INFO    Thread-8  :3385285 [dir_watcher.py:_on_file_created():216] file/dir created: /grid/koo/home/toneyan/profile/QuantPred/wandb/run-20210914_080746-55m8szk8/files/wandb-metadata.json
2021-09-14 08:07:49,113 INFO    Thread-8  :3385285 [dir_watcher.py:_on_file_created():216] file/dir created: /grid/koo/home/toneyan/profile/QuantPred/wandb/run-20210914_080746-55m8szk8/files/requirements.txt
2021-09-14 08:08:03,290 DEBUG   HandlerThread:3385285 [handler.py:handle_request():124] handle_request: stop_status
2021-09-14 08:08:03,290 DEBUG   SenderThread:3385285 [sender.py:send_request():193] send_request: stop_status
2021-09-14 08:08:16,607 DEBUG   SenderThread:3385285 [sender.py:send():179] send: stats
2021-09-14 08:08:18,352 DEBUG   HandlerThread:3385285 [handler.py:handle_request():124] handle_request: stop_status
2021-09-14 08:08:18,352 DEBUG   SenderThread:3385285 [sender.py:send_request():193] send_request: stop_status
2021-09-14 08:08:20,813 DEBUG   HandlerThread:3385285 [handler.py:handle_request():124] handle_request: poll_exit
2021-09-14 08:08:20,813 DEBUG   SenderThread:3385285 [sender.py:send():179] send: telemetry
2021-09-14 08:08:20,813 DEBUG   SenderThread:3385285 [sender.py:send():179] send: exit
2021-09-14 08:08:20,813 INFO    SenderThread:3385285 [sender.py:send_exit():287] handling exit code: 1
2021-09-14 08:08:20,813 INFO    SenderThread:3385285 [sender.py:send_exit():295] send defer
2021-09-14 08:08:20,814 DEBUG   SenderThread:3385285 [sender.py:send_request():193] send_request: poll_exit
2021-09-14 08:08:20,814 DEBUG   HandlerThread:3385285 [handler.py:handle_request():124] handle_request: defer
2021-09-14 08:08:20,814 INFO    HandlerThread:3385285 [handler.py:handle_request_defer():141] handle defer: 0
2021-09-14 08:08:20,814 DEBUG   SenderThread:3385285 [sender.py:send_request():193] send_request: defer
2021-09-14 08:08:20,814 INFO    SenderThread:3385285 [sender.py:send_request_defer():304] handle sender defer: 0
2021-09-14 08:08:20,814 INFO    SenderThread:3385285 [sender.py:transition_state():308] send defer: 1
2021-09-14 08:08:20,815 DEBUG   HandlerThread:3385285 [handler.py:handle_request():124] handle_request: defer
2021-09-14 08:08:20,815 INFO    HandlerThread:3385285 [handler.py:handle_request_defer():141] handle defer: 1
2021-09-14 08:08:20,873 DEBUG   SenderThread:3385285 [sender.py:send_request():193] send_request: defer
2021-09-14 08:08:20,873 INFO    SenderThread:3385285 [sender.py:send_request_defer():304] handle sender defer: 1
2021-09-14 08:08:20,873 INFO    SenderThread:3385285 [sender.py:transition_state():308] send defer: 2
2021-09-14 08:08:20,873 DEBUG   SenderThread:3385285 [sender.py:send():179] send: stats
2021-09-14 08:08:20,874 DEBUG   HandlerThread:3385285 [handler.py:handle_request():124] handle_request: defer
2021-09-14 08:08:20,875 INFO    HandlerThread:3385285 [handler.py:handle_request_defer():141] handle defer: 2
2021-09-14 08:08:20,876 DEBUG   SenderThread:3385285 [sender.py:send_request():193] send_request: defer
2021-09-14 08:08:20,876 INFO    SenderThread:3385285 [sender.py:send_request_defer():304] handle sender defer: 2
2021-09-14 08:08:20,876 INFO    SenderThread:3385285 [sender.py:transition_state():308] send defer: 3
2021-09-14 08:08:20,876 DEBUG   HandlerThread:3385285 [handler.py:handle_request():124] handle_request: defer
2021-09-14 08:08:20,876 INFO    HandlerThread:3385285 [handler.py:handle_request_defer():141] handle defer: 3
2021-09-14 08:08:20,877 DEBUG   SenderThread:3385285 [sender.py:send():179] send: summary
2021-09-14 08:08:20,877 INFO    SenderThread:3385285 [sender.py:_save_file():841] saving file wandb-summary.json with policy end
2021-09-14 08:08:20,877 DEBUG   SenderThread:3385285 [sender.py:send_request():193] send_request: defer
2021-09-14 08:08:20,877 INFO    SenderThread:3385285 [sender.py:send_request_defer():304] handle sender defer: 3
2021-09-14 08:08:20,877 INFO    SenderThread:3385285 [sender.py:transition_state():308] send defer: 4
2021-09-14 08:08:20,877 DEBUG   HandlerThread:3385285 [handler.py:handle_request():124] handle_request: defer
2021-09-14 08:08:20,877 INFO    HandlerThread:3385285 [handler.py:handle_request_defer():141] handle defer: 4
2021-09-14 08:08:20,877 DEBUG   SenderThread:3385285 [sender.py:send_request():193] send_request: defer
2021-09-14 08:08:20,877 INFO    SenderThread:3385285 [sender.py:send_request_defer():304] handle sender defer: 4
2021-09-14 08:08:20,915 DEBUG   HandlerThread:3385285 [handler.py:handle_request():124] handle_request: poll_exit
2021-09-14 08:08:20,934 ERROR   SenderThread:3385285 [internal_api.py:execute():130] 429 response executing GraphQL.
2021-09-14 08:08:20,934 ERROR   SenderThread:3385285 [internal_api.py:execute():131] {"error":"rate limit exceeded"}

2021-09-14 08:08:21,123 INFO    Thread-8  :3385285 [dir_watcher.py:_on_file_modified():229] file/dir modified: /grid/koo/home/toneyan/profile/QuantPred/wandb/run-20210914_080746-55m8szk8/files/wandb-summary.json
2021-09-14 08:08:22,165 ERROR   SenderThread:3385285 [internal_api.py:execute():130] 429 response executing GraphQL.
2021-09-14 08:08:22,165 ERROR   SenderThread:3385285 [internal_api.py:execute():131] {"error":"rate limit exceeded"}

2021-09-14 08:08:24,398 ERROR   SenderThread:3385285 [internal_api.py:execute():130] 429 response executing GraphQL.
2021-09-14 08:08:24,398 ERROR   SenderThread:3385285 [internal_api.py:execute():131] {"error":"rate limit exceeded"}

2021-09-14 08:08:24,398 ERROR   SenderThread:3385285 [retry.py:__call__():126] Retry attempt failed:
Traceback (most recent call last):
  File "/usr/local/lib/python3.6/dist-packages/wandb/sdk/lib/retry.py", line 102, in __call__
    result = self._call_fn(*args, **kwargs)
  File "/usr/local/lib/python3.6/dist-packages/wandb/sdk/internal/internal_api.py", line 133, in execute
    six.reraise(*sys.exc_info())
  File "/usr/local/lib/python3.6/dist-packages/six.py", line 719, in reraise
    raise value
  File "/usr/local/lib/python3.6/dist-packages/wandb/sdk/internal/internal_api.py", line 127, in execute
    return self.client.execute(*args, **kwargs)
  File "/usr/local/lib/python3.6/dist-packages/wandb/vendor/gql-0.2.0/gql/client.py", line 52, in execute
    result = self._get_result(document, *args, **kwargs)
  File "/usr/local/lib/python3.6/dist-packages/wandb/vendor/gql-0.2.0/gql/client.py", line 60, in _get_result
    return self.transport.execute(document, *args, **kwargs)
  File "/usr/local/lib/python3.6/dist-packages/wandb/vendor/gql-0.2.0/gql/transport/requests.py", line 39, in execute
    request.raise_for_status()
  File "/usr/local/lib/python3.6/dist-packages/requests/models.py", line 943, in raise_for_status
    raise HTTPError(http_error_msg, response=self)
requests.exceptions.HTTPError: 429 Client Error: Too Many Requests for url: https://api.wandb.ai/graphql
2021-09-14 08:08:26,016 DEBUG   HandlerThread:3385285 [handler.py:handle_request():124] handle_request: poll_exit
2021-09-14 08:08:28,517 ERROR   SenderThread:3385285 [internal_api.py:execute():130] 429 response executing GraphQL.
2021-09-14 08:08:28,518 ERROR   SenderThread:3385285 [internal_api.py:execute():131] {"error":"rate limit exceeded"}

2021-09-14 08:08:31,116 DEBUG   HandlerThread:3385285 [handler.py:handle_request():124] handle_request: poll_exit
2021-09-14 08:08:36,217 DEBUG   HandlerThread:3385285 [handler.py:handle_request():124] handle_request: poll_exit
2021-09-14 08:08:38,352 INFO    SenderThread:3385285 [sender.py:transition_state():308] send defer: 5
2021-09-14 08:08:38,352 DEBUG   SenderThread:3385285 [sender.py:send_request():193] send_request: poll_exit
2021-09-14 08:08:38,352 DEBUG   SenderThread:3385285 [sender.py:send_request():193] send_request: poll_exit
2021-09-14 08:08:38,353 DEBUG   SenderThread:3385285 [sender.py:send_request():193] send_request: poll_exit
2021-09-14 08:08:38,353 DEBUG   HandlerThread:3385285 [handler.py:handle_request():124] handle_request: defer
2021-09-14 08:08:38,353 DEBUG   SenderThread:3385285 [sender.py:send_request():193] send_request: poll_exit
2021-09-14 08:08:38,353 INFO    HandlerThread:3385285 [handler.py:handle_request_defer():141] handle defer: 5
2021-09-14 08:08:38,354 DEBUG   SenderThread:3385285 [sender.py:send_request():193] send_request: defer
2021-09-14 08:08:38,354 INFO    SenderThread:3385285 [sender.py:send_request_defer():304] handle sender defer: 5
2021-09-14 08:08:38,354 INFO    SenderThread:3385285 [dir_watcher.py:finish():282] shutting down directory watcher
2021-09-14 08:08:38,455 DEBUG   HandlerThread:3385285 [handler.py:handle_request():124] handle_request: poll_exit
2021-09-14 08:08:39,128 INFO    SenderThread:3385285 [dir_watcher.py:_on_file_modified():229] file/dir modified: /grid/koo/home/toneyan/profile/QuantPred/wandb/run-20210914_080746-55m8szk8/files/config.yaml
2021-09-14 08:08:39,128 INFO    SenderThread:3385285 [dir_watcher.py:finish():312] scan: /grid/koo/home/toneyan/profile/QuantPred/wandb/run-20210914_080746-55m8szk8/files
2021-09-14 08:08:39,128 INFO    SenderThread:3385285 [dir_watcher.py:finish():318] scan save: /grid/koo/home/toneyan/profile/QuantPred/wandb/run-20210914_080746-55m8szk8/files/wandb-metadata.json wandb-metadata.json
2021-09-14 08:08:39,128 INFO    SenderThread:3385285 [dir_watcher.py:finish():318] scan save: /grid/koo/home/toneyan/profile/QuantPred/wandb/run-20210914_080746-55m8szk8/files/config.yaml config.yaml
2021-09-14 08:08:39,128 INFO    SenderThread:3385285 [dir_watcher.py:finish():318] scan save: /grid/koo/home/toneyan/profile/QuantPred/wandb/run-20210914_080746-55m8szk8/files/requirements.txt requirements.txt
2021-09-14 08:08:39,129 INFO    SenderThread:3385285 [dir_watcher.py:finish():318] scan save: /grid/koo/home/toneyan/profile/QuantPred/wandb/run-20210914_080746-55m8szk8/files/wandb-summary.json wandb-summary.json
2021-09-14 08:08:39,135 INFO    SenderThread:3385285 [dir_watcher.py:finish():318] scan save: /grid/koo/home/toneyan/profile/QuantPred/wandb/run-20210914_080746-55m8szk8/files/output.log output.log
2021-09-14 08:08:39,140 INFO    SenderThread:3385285 [sender.py:transition_state():308] send defer: 6
2021-09-14 08:08:39,140 DEBUG   SenderThread:3385285 [sender.py:send_request():193] send_request: poll_exit
2021-09-14 08:08:39,141 DEBUG   HandlerThread:3385285 [handler.py:handle_request():124] handle_request: defer
2021-09-14 08:08:39,141 INFO    HandlerThread:3385285 [handler.py:handle_request_defer():141] handle defer: 6
2021-09-14 08:08:39,141 DEBUG   SenderThread:3385285 [sender.py:send_request():193] send_request: defer
2021-09-14 08:08:39,141 INFO    SenderThread:3385285 [sender.py:send_request_defer():304] handle sender defer: 6
2021-09-14 08:08:39,141 INFO    SenderThread:3385285 [file_pusher.py:finish():177] shutting down file pusher
2021-09-14 08:08:39,246 DEBUG   HandlerThread:3385285 [handler.py:handle_request():124] handle_request: poll_exit
2021-09-14 08:08:39,246 DEBUG   SenderThread:3385285 [sender.py:send_request():193] send_request: poll_exit
2021-09-14 08:08:39,348 DEBUG   HandlerThread:3385285 [handler.py:handle_request():124] handle_request: poll_exit
2021-09-14 08:08:39,348 DEBUG   SenderThread:3385285 [sender.py:send_request():193] send_request: poll_exit
2021-09-14 08:08:39,450 DEBUG   HandlerThread:3385285 [handler.py:handle_request():124] handle_request: poll_exit
2021-09-14 08:08:39,451 DEBUG   SenderThread:3385285 [sender.py:send_request():193] send_request: poll_exit
2021-09-14 08:08:39,471 INFO    Thread-12 :3385285 [upload_job.py:push():137] Uploaded file /grid/koo/home/toneyan/profile/QuantPred/wandb/run-20210914_080746-55m8szk8/files/config.yaml
2021-09-14 08:08:39,480 INFO    Thread-13 :3385285 [upload_job.py:push():137] Uploaded file /grid/koo/home/toneyan/profile/QuantPred/wandb/run-20210914_080746-55m8szk8/files/requirements.txt
2021-09-14 08:08:39,511 INFO    Thread-14 :3385285 [upload_job.py:push():137] Uploaded file /grid/koo/home/toneyan/profile/QuantPred/wandb/run-20210914_080746-55m8szk8/files/wandb-summary.json
2021-09-14 08:08:39,553 DEBUG   HandlerThread:3385285 [handler.py:handle_request():124] handle_request: poll_exit
2021-09-14 08:08:39,553 DEBUG   SenderThread:3385285 [sender.py:send_request():193] send_request: poll_exit
2021-09-14 08:08:39,659 DEBUG   HandlerThread:3385285 [handler.py:handle_request():124] handle_request: poll_exit
2021-09-14 08:08:39,659 DEBUG   SenderThread:3385285 [sender.py:send_request():193] send_request: poll_exit
2021-09-14 08:08:39,711 INFO    Thread-7  :3385285 [sender.py:transition_state():308] send defer: 7
2021-09-14 08:08:39,712 DEBUG   HandlerThread:3385285 [handler.py:handle_request():124] handle_request: defer
2021-09-14 08:08:39,712 INFO    HandlerThread:3385285 [handler.py:handle_request_defer():141] handle defer: 7
2021-09-14 08:08:39,712 DEBUG   SenderThread:3385285 [sender.py:send_request():193] send_request: defer
2021-09-14 08:08:39,712 INFO    SenderThread:3385285 [sender.py:send_request_defer():304] handle sender defer: 7
2021-09-14 08:08:39,761 DEBUG   HandlerThread:3385285 [handler.py:handle_request():124] handle_request: poll_exit
2021-09-14 08:08:39,764 INFO    SenderThread:3385285 [sender.py:transition_state():308] send defer: 8
2021-09-14 08:08:39,765 DEBUG   SenderThread:3385285 [sender.py:send_request():193] send_request: poll_exit
2021-09-14 08:08:39,765 DEBUG   HandlerThread:3385285 [handler.py:handle_request():124] handle_request: defer
2021-09-14 08:08:39,765 INFO    HandlerThread:3385285 [handler.py:handle_request_defer():141] handle defer: 8
2021-09-14 08:08:39,765 DEBUG   SenderThread:3385285 [sender.py:send_request():193] send_request: defer
2021-09-14 08:08:39,765 INFO    SenderThread:3385285 [sender.py:send_request_defer():304] handle sender defer: 8
2021-09-14 08:08:39,766 INFO    SenderThread:3385285 [sender.py:transition_state():308] send defer: 9
2021-09-14 08:08:39,766 DEBUG   SenderThread:3385285 [sender.py:send():179] send: final
2021-09-14 08:08:39,766 DEBUG   HandlerThread:3385285 [handler.py:handle_request():124] handle_request: defer
2021-09-14 08:08:39,766 DEBUG   SenderThread:3385285 [sender.py:send():179] send: footer
2021-09-14 08:08:39,766 INFO    HandlerThread:3385285 [handler.py:handle_request_defer():141] handle defer: 9
2021-09-14 08:08:39,767 DEBUG   SenderThread:3385285 [sender.py:send_request():193] send_request: defer
2021-09-14 08:08:39,767 INFO    SenderThread:3385285 [sender.py:send_request_defer():304] handle sender defer: 9
2021-09-14 08:08:39,867 DEBUG   HandlerThread:3385285 [handler.py:handle_request():124] handle_request: poll_exit
2021-09-14 08:08:39,867 DEBUG   SenderThread:3385285 [sender.py:send_request():193] send_request: poll_exit
2021-09-14 08:08:39,867 INFO    SenderThread:3385285 [file_pusher.py:join():182] waiting for file pusher
2021-09-14 08:08:39,868 DEBUG   HandlerThread:3385285 [handler.py:handle_request():124] handle_request: get_summary
2021-09-14 08:08:39,869 DEBUG   HandlerThread:3385285 [handler.py:handle_request():124] handle_request: sampled_history
2021-09-14 08:08:39,869 DEBUG   HandlerThread:3385285 [handler.py:handle_request():124] handle_request: shutdown
2021-09-14 08:08:39,869 INFO    HandlerThread:3385285 [handler.py:finish():638] shutting down handler
2021-09-14 08:08:40,766 INFO    WriterThread:3385285 [datastore.py:close():288] close: /grid/koo/home/toneyan/profile/QuantPred/wandb/run-20210914_080746-55m8szk8/run-55m8szk8.wandb
2021-09-14 08:08:40,867 INFO    SenderThread:3385285 [sender.py:finish():945] shutting down sender
2021-09-14 08:08:40,868 INFO    SenderThread:3385285 [file_pusher.py:finish():177] shutting down file pusher
2021-09-14 08:08:40,868 INFO    SenderThread:3385285 [file_pusher.py:join():182] waiting for file pusher
2021-09-14 08:08:40,869 INFO    MainThread:3385285 [internal.py:handle_exit():78] Internal process exited
