2021-09-19 12:02:42,302 INFO    MainThread:1751201 [internal.py:wandb_internal():91] W&B internal server running at pid: 1751201, started at: 2021-09-19 12:02:42.301440
2021-09-19 12:02:42,304 DEBUG   HandlerThread:1751201 [handler.py:handle_request():124] handle_request: check_version
2021-09-19 12:02:42,304 INFO    WriterThread:1751201 [datastore.py:open_for_write():80] open: /grid/koo/home/toneyan/profile/QuantPred/wandb/run-20210919_120241-8dm6mwwv/run-8dm6mwwv.wandb
2021-09-19 12:02:42,305 DEBUG   SenderThread:1751201 [sender.py:send():179] send: header
2021-09-19 12:02:42,305 DEBUG   SenderThread:1751201 [sender.py:send_request():193] send_request: check_version
2021-09-19 12:02:42,332 DEBUG   SenderThread:1751201 [sender.py:send():179] send: run
2021-09-19 12:02:42,389 ERROR   SenderThread:1751201 [internal_api.py:execute():130] 429 response executing GraphQL.
2021-09-19 12:02:42,390 ERROR   SenderThread:1751201 [internal_api.py:execute():131] {"error":"rate limit exceeded"}

2021-09-19 12:02:43,625 ERROR   SenderThread:1751201 [internal_api.py:execute():130] 429 response executing GraphQL.
2021-09-19 12:02:43,625 ERROR   SenderThread:1751201 [internal_api.py:execute():131] {"error":"rate limit exceeded"}

2021-09-19 12:02:46,138 INFO    SenderThread:1751201 [dir_watcher.py:__init__():168] watching files in: /grid/koo/home/toneyan/profile/QuantPred/wandb/run-20210919_120241-8dm6mwwv/files
2021-09-19 12:02:46,138 INFO    SenderThread:1751201 [sender.py:_start_run_threads():719] run started: 8dm6mwwv with start time 1632067361
2021-09-19 12:02:46,140 DEBUG   SenderThread:1751201 [sender.py:send():179] send: summary
2021-09-19 12:02:46,142 DEBUG   HandlerThread:1751201 [handler.py:handle_request():124] handle_request: run_start
2021-09-19 12:02:46,142 INFO    SenderThread:1751201 [sender.py:_save_file():841] saving file wandb-summary.json with policy end
2021-09-19 12:02:47,143 INFO    Thread-8  :1751201 [dir_watcher.py:_on_file_created():216] file/dir created: /grid/koo/home/toneyan/profile/QuantPred/wandb/run-20210919_120241-8dm6mwwv/files/wandb-summary.json
2021-09-19 12:02:47,349 DEBUG   HandlerThread:1751201 [meta.py:__init__():39] meta init
2021-09-19 12:02:47,349 DEBUG   HandlerThread:1751201 [meta.py:__init__():53] meta init done
2021-09-19 12:02:47,349 DEBUG   HandlerThread:1751201 [meta.py:probe():210] probe
2021-09-19 12:02:47,355 DEBUG   HandlerThread:1751201 [meta.py:_save_pip():57] save pip
2021-09-19 12:02:47,356 DEBUG   HandlerThread:1751201 [meta.py:_save_pip():71] save pip done
2021-09-19 12:02:47,356 DEBUG   HandlerThread:1751201 [meta.py:probe():252] probe done
2021-09-19 12:02:47,359 DEBUG   SenderThread:1751201 [sender.py:send():179] send: files
2021-09-19 12:02:47,359 INFO    SenderThread:1751201 [sender.py:_save_file():841] saving file wandb-metadata.json with policy now
2021-09-19 12:02:47,365 DEBUG   HandlerThread:1751201 [handler.py:handle_request():124] handle_request: stop_status
2021-09-19 12:02:47,365 DEBUG   SenderThread:1751201 [sender.py:send_request():193] send_request: stop_status
2021-09-19 12:02:47,744 INFO    Thread-11 :1751201 [upload_job.py:push():137] Uploaded file /tmp/3288853.1.gpu_ded.q/tmpzy2lm06nwandb/qiw03d3y-wandb-metadata.json
2021-09-19 12:02:48,142 INFO    Thread-8  :1751201 [dir_watcher.py:_on_file_created():216] file/dir created: /grid/koo/home/toneyan/profile/QuantPred/wandb/run-20210919_120241-8dm6mwwv/files/requirements.txt
2021-09-19 12:02:48,142 INFO    Thread-8  :1751201 [dir_watcher.py:_on_file_created():216] file/dir created: /grid/koo/home/toneyan/profile/QuantPred/wandb/run-20210919_120241-8dm6mwwv/files/wandb-metadata.json
2021-09-19 12:02:48,142 INFO    Thread-8  :1751201 [dir_watcher.py:_on_file_created():216] file/dir created: /grid/koo/home/toneyan/profile/QuantPred/wandb/run-20210919_120241-8dm6mwwv/files/output.log
2021-09-19 12:03:02,435 DEBUG   HandlerThread:1751201 [handler.py:handle_request():124] handle_request: stop_status
2021-09-19 12:03:02,436 DEBUG   SenderThread:1751201 [sender.py:send_request():193] send_request: stop_status
2021-09-19 12:03:15,767 DEBUG   SenderThread:1751201 [sender.py:send():179] send: stats
2021-09-19 12:03:17,495 DEBUG   HandlerThread:1751201 [handler.py:handle_request():124] handle_request: stop_status
2021-09-19 12:03:17,495 DEBUG   SenderThread:1751201 [sender.py:send_request():193] send_request: stop_status
2021-09-19 12:03:19,754 DEBUG   HandlerThread:1751201 [handler.py:handle_request():124] handle_request: poll_exit
2021-09-19 12:03:19,754 DEBUG   SenderThread:1751201 [sender.py:send():179] send: telemetry
2021-09-19 12:03:19,754 DEBUG   SenderThread:1751201 [sender.py:send():179] send: exit
2021-09-19 12:03:19,754 INFO    SenderThread:1751201 [sender.py:send_exit():287] handling exit code: 1
2021-09-19 12:03:19,754 INFO    SenderThread:1751201 [sender.py:send_exit():295] send defer
2021-09-19 12:03:19,755 DEBUG   SenderThread:1751201 [sender.py:send_request():193] send_request: poll_exit
2021-09-19 12:03:19,755 DEBUG   HandlerThread:1751201 [handler.py:handle_request():124] handle_request: defer
2021-09-19 12:03:19,755 INFO    HandlerThread:1751201 [handler.py:handle_request_defer():141] handle defer: 0
2021-09-19 12:03:19,755 DEBUG   SenderThread:1751201 [sender.py:send_request():193] send_request: defer
2021-09-19 12:03:19,755 INFO    SenderThread:1751201 [sender.py:send_request_defer():304] handle sender defer: 0
2021-09-19 12:03:19,755 INFO    SenderThread:1751201 [sender.py:transition_state():308] send defer: 1
2021-09-19 12:03:19,756 DEBUG   HandlerThread:1751201 [handler.py:handle_request():124] handle_request: defer
2021-09-19 12:03:19,756 INFO    HandlerThread:1751201 [handler.py:handle_request_defer():141] handle defer: 1
2021-09-19 12:03:19,813 DEBUG   SenderThread:1751201 [sender.py:send_request():193] send_request: defer
2021-09-19 12:03:19,813 INFO    SenderThread:1751201 [sender.py:send_request_defer():304] handle sender defer: 1
2021-09-19 12:03:19,813 INFO    SenderThread:1751201 [sender.py:transition_state():308] send defer: 2
2021-09-19 12:03:19,813 DEBUG   SenderThread:1751201 [sender.py:send():179] send: stats
2021-09-19 12:03:19,814 DEBUG   HandlerThread:1751201 [handler.py:handle_request():124] handle_request: defer
2021-09-19 12:03:19,815 INFO    HandlerThread:1751201 [handler.py:handle_request_defer():141] handle defer: 2
2021-09-19 12:03:19,816 DEBUG   SenderThread:1751201 [sender.py:send_request():193] send_request: defer
2021-09-19 12:03:19,816 INFO    SenderThread:1751201 [sender.py:send_request_defer():304] handle sender defer: 2
2021-09-19 12:03:19,816 INFO    SenderThread:1751201 [sender.py:transition_state():308] send defer: 3
2021-09-19 12:03:19,816 DEBUG   HandlerThread:1751201 [handler.py:handle_request():124] handle_request: defer
2021-09-19 12:03:19,816 INFO    HandlerThread:1751201 [handler.py:handle_request_defer():141] handle defer: 3
2021-09-19 12:03:19,816 DEBUG   SenderThread:1751201 [sender.py:send():179] send: summary
2021-09-19 12:03:19,817 INFO    SenderThread:1751201 [sender.py:_save_file():841] saving file wandb-summary.json with policy end
2021-09-19 12:03:19,817 DEBUG   SenderThread:1751201 [sender.py:send_request():193] send_request: defer
2021-09-19 12:03:19,817 INFO    SenderThread:1751201 [sender.py:send_request_defer():304] handle sender defer: 3
2021-09-19 12:03:19,817 INFO    SenderThread:1751201 [sender.py:transition_state():308] send defer: 4
2021-09-19 12:03:19,817 DEBUG   HandlerThread:1751201 [handler.py:handle_request():124] handle_request: defer
2021-09-19 12:03:19,817 INFO    HandlerThread:1751201 [handler.py:handle_request_defer():141] handle defer: 4
2021-09-19 12:03:19,817 DEBUG   SenderThread:1751201 [sender.py:send_request():193] send_request: defer
2021-09-19 12:03:19,817 INFO    SenderThread:1751201 [sender.py:send_request_defer():304] handle sender defer: 4
2021-09-19 12:03:19,856 DEBUG   HandlerThread:1751201 [handler.py:handle_request():124] handle_request: poll_exit
2021-09-19 12:03:19,910 INFO    SenderThread:1751201 [sender.py:transition_state():308] send defer: 5
2021-09-19 12:03:19,911 DEBUG   SenderThread:1751201 [sender.py:send_request():193] send_request: poll_exit
2021-09-19 12:03:19,911 DEBUG   HandlerThread:1751201 [handler.py:handle_request():124] handle_request: defer
2021-09-19 12:03:19,911 INFO    HandlerThread:1751201 [handler.py:handle_request_defer():141] handle defer: 5
2021-09-19 12:03:19,912 DEBUG   SenderThread:1751201 [sender.py:send_request():193] send_request: defer
2021-09-19 12:03:19,912 INFO    SenderThread:1751201 [sender.py:send_request_defer():304] handle sender defer: 5
2021-09-19 12:03:19,912 INFO    SenderThread:1751201 [dir_watcher.py:finish():282] shutting down directory watcher
2021-09-19 12:03:20,012 DEBUG   HandlerThread:1751201 [handler.py:handle_request():124] handle_request: poll_exit
2021-09-19 12:03:20,147 INFO    SenderThread:1751201 [dir_watcher.py:_on_file_modified():229] file/dir modified: /grid/koo/home/toneyan/profile/QuantPred/wandb/run-20210919_120241-8dm6mwwv/files/config.yaml
2021-09-19 12:03:20,148 INFO    SenderThread:1751201 [dir_watcher.py:_on_file_modified():229] file/dir modified: /grid/koo/home/toneyan/profile/QuantPred/wandb/run-20210919_120241-8dm6mwwv/files/wandb-summary.json
2021-09-19 12:03:20,148 INFO    SenderThread:1751201 [dir_watcher.py:finish():312] scan: /grid/koo/home/toneyan/profile/QuantPred/wandb/run-20210919_120241-8dm6mwwv/files
2021-09-19 12:03:20,148 INFO    SenderThread:1751201 [dir_watcher.py:finish():318] scan save: /grid/koo/home/toneyan/profile/QuantPred/wandb/run-20210919_120241-8dm6mwwv/files/wandb-metadata.json wandb-metadata.json
2021-09-19 12:03:20,148 INFO    SenderThread:1751201 [dir_watcher.py:finish():318] scan save: /grid/koo/home/toneyan/profile/QuantPred/wandb/run-20210919_120241-8dm6mwwv/files/config.yaml config.yaml
2021-09-19 12:03:20,148 INFO    SenderThread:1751201 [dir_watcher.py:finish():318] scan save: /grid/koo/home/toneyan/profile/QuantPred/wandb/run-20210919_120241-8dm6mwwv/files/requirements.txt requirements.txt
2021-09-19 12:03:20,148 INFO    SenderThread:1751201 [dir_watcher.py:finish():318] scan save: /grid/koo/home/toneyan/profile/QuantPred/wandb/run-20210919_120241-8dm6mwwv/files/wandb-summary.json wandb-summary.json
2021-09-19 12:03:20,152 INFO    SenderThread:1751201 [dir_watcher.py:finish():318] scan save: /grid/koo/home/toneyan/profile/QuantPred/wandb/run-20210919_120241-8dm6mwwv/files/output.log output.log
2021-09-19 12:03:20,155 INFO    SenderThread:1751201 [sender.py:transition_state():308] send defer: 6
2021-09-19 12:03:20,155 DEBUG   SenderThread:1751201 [sender.py:send_request():193] send_request: poll_exit
2021-09-19 12:03:20,161 DEBUG   HandlerThread:1751201 [handler.py:handle_request():124] handle_request: defer
2021-09-19 12:03:20,161 INFO    HandlerThread:1751201 [handler.py:handle_request_defer():141] handle defer: 6
2021-09-19 12:03:20,161 DEBUG   SenderThread:1751201 [sender.py:send_request():193] send_request: defer
2021-09-19 12:03:20,161 INFO    SenderThread:1751201 [sender.py:send_request_defer():304] handle sender defer: 6
2021-09-19 12:03:20,161 INFO    SenderThread:1751201 [file_pusher.py:finish():177] shutting down file pusher
2021-09-19 12:03:20,262 DEBUG   HandlerThread:1751201 [handler.py:handle_request():124] handle_request: poll_exit
2021-09-19 12:03:20,262 DEBUG   SenderThread:1751201 [sender.py:send_request():193] send_request: poll_exit
2021-09-19 12:03:20,364 DEBUG   HandlerThread:1751201 [handler.py:handle_request():124] handle_request: poll_exit
2021-09-19 12:03:20,364 DEBUG   SenderThread:1751201 [sender.py:send_request():193] send_request: poll_exit
2021-09-19 12:03:20,466 DEBUG   HandlerThread:1751201 [handler.py:handle_request():124] handle_request: poll_exit
2021-09-19 12:03:20,467 DEBUG   SenderThread:1751201 [sender.py:send_request():193] send_request: poll_exit
2021-09-19 12:03:20,540 INFO    Thread-13 :1751201 [upload_job.py:push():137] Uploaded file /grid/koo/home/toneyan/profile/QuantPred/wandb/run-20210919_120241-8dm6mwwv/files/requirements.txt
2021-09-19 12:03:20,541 INFO    Thread-14 :1751201 [upload_job.py:push():137] Uploaded file /grid/koo/home/toneyan/profile/QuantPred/wandb/run-20210919_120241-8dm6mwwv/files/wandb-summary.json
2021-09-19 12:03:20,569 DEBUG   HandlerThread:1751201 [handler.py:handle_request():124] handle_request: poll_exit
2021-09-19 12:03:20,569 DEBUG   SenderThread:1751201 [sender.py:send_request():193] send_request: poll_exit
2021-09-19 12:03:20,578 INFO    Thread-12 :1751201 [upload_job.py:push():137] Uploaded file /grid/koo/home/toneyan/profile/QuantPred/wandb/run-20210919_120241-8dm6mwwv/files/config.yaml
2021-09-19 12:03:20,671 DEBUG   HandlerThread:1751201 [handler.py:handle_request():124] handle_request: poll_exit
2021-09-19 12:03:20,671 DEBUG   SenderThread:1751201 [sender.py:send_request():193] send_request: poll_exit
2021-09-19 12:03:20,773 DEBUG   HandlerThread:1751201 [handler.py:handle_request():124] handle_request: poll_exit
2021-09-19 12:03:20,774 DEBUG   SenderThread:1751201 [sender.py:send_request():193] send_request: poll_exit
2021-09-19 12:03:20,779 INFO    Thread-7  :1751201 [sender.py:transition_state():308] send defer: 7
2021-09-19 12:03:20,779 DEBUG   HandlerThread:1751201 [handler.py:handle_request():124] handle_request: defer
2021-09-19 12:03:20,779 INFO    HandlerThread:1751201 [handler.py:handle_request_defer():141] handle defer: 7
2021-09-19 12:03:20,779 DEBUG   SenderThread:1751201 [sender.py:send_request():193] send_request: defer
2021-09-19 12:03:20,779 INFO    SenderThread:1751201 [sender.py:send_request_defer():304] handle sender defer: 7
2021-09-19 12:03:20,875 DEBUG   HandlerThread:1751201 [handler.py:handle_request():124] handle_request: poll_exit
2021-09-19 12:03:20,910 INFO    SenderThread:1751201 [sender.py:transition_state():308] send defer: 8
2021-09-19 12:03:20,911 DEBUG   SenderThread:1751201 [sender.py:send_request():193] send_request: poll_exit
2021-09-19 12:03:20,911 DEBUG   HandlerThread:1751201 [handler.py:handle_request():124] handle_request: defer
2021-09-19 12:03:20,911 INFO    HandlerThread:1751201 [handler.py:handle_request_defer():141] handle defer: 8
2021-09-19 12:03:20,911 DEBUG   SenderThread:1751201 [sender.py:send_request():193] send_request: defer
2021-09-19 12:03:20,911 INFO    SenderThread:1751201 [sender.py:send_request_defer():304] handle sender defer: 8
2021-09-19 12:03:20,912 INFO    SenderThread:1751201 [sender.py:transition_state():308] send defer: 9
2021-09-19 12:03:20,912 DEBUG   HandlerThread:1751201 [handler.py:handle_request():124] handle_request: defer
2021-09-19 12:03:20,912 DEBUG   SenderThread:1751201 [sender.py:send():179] send: final
2021-09-19 12:03:20,912 INFO    HandlerThread:1751201 [handler.py:handle_request_defer():141] handle defer: 9
2021-09-19 12:03:20,912 DEBUG   SenderThread:1751201 [sender.py:send():179] send: footer
2021-09-19 12:03:20,912 DEBUG   SenderThread:1751201 [sender.py:send_request():193] send_request: defer
2021-09-19 12:03:20,912 INFO    SenderThread:1751201 [sender.py:send_request_defer():304] handle sender defer: 9
2021-09-19 12:03:21,013 DEBUG   HandlerThread:1751201 [handler.py:handle_request():124] handle_request: poll_exit
2021-09-19 12:03:21,013 DEBUG   SenderThread:1751201 [sender.py:send_request():193] send_request: poll_exit
2021-09-19 12:03:21,013 INFO    SenderThread:1751201 [file_pusher.py:join():182] waiting for file pusher
2021-09-19 12:03:21,015 DEBUG   HandlerThread:1751201 [handler.py:handle_request():124] handle_request: get_summary
2021-09-19 12:03:21,016 DEBUG   HandlerThread:1751201 [handler.py:handle_request():124] handle_request: sampled_history
2021-09-19 12:03:21,016 DEBUG   HandlerThread:1751201 [handler.py:handle_request():124] handle_request: shutdown
2021-09-19 12:03:21,016 INFO    HandlerThread:1751201 [handler.py:finish():638] shutting down handler
2021-09-19 12:03:21,912 INFO    WriterThread:1751201 [datastore.py:close():288] close: /grid/koo/home/toneyan/profile/QuantPred/wandb/run-20210919_120241-8dm6mwwv/run-8dm6mwwv.wandb
2021-09-19 12:03:22,014 INFO    SenderThread:1751201 [sender.py:finish():945] shutting down sender
2021-09-19 12:03:22,014 INFO    SenderThread:1751201 [file_pusher.py:finish():177] shutting down file pusher
2021-09-19 12:03:22,014 INFO    SenderThread:1751201 [file_pusher.py:join():182] waiting for file pusher
2021-09-19 12:03:22,015 INFO    MainThread:1751201 [internal.py:handle_exit():78] Internal process exited
