2021-09-14 08:04:20,267 INFO    MainThread:1144164 [internal.py:wandb_internal():91] W&B internal server running at pid: 1144164, started at: 2021-09-14 08:04:20.267146
2021-09-14 08:04:20,269 DEBUG   HandlerThread:1144164 [handler.py:handle_request():124] handle_request: check_version
2021-09-14 08:04:20,269 INFO    WriterThread:1144164 [datastore.py:open_for_write():80] open: /grid/koo/home/toneyan/profile/QuantPred/wandb/run-20210914_080419-puzyracq/run-puzyracq.wandb
2021-09-14 08:04:20,270 DEBUG   SenderThread:1144164 [sender.py:send():179] send: header
2021-09-14 08:04:20,270 DEBUG   SenderThread:1144164 [sender.py:send_request():193] send_request: check_version
2021-09-14 08:04:20,296 DEBUG   SenderThread:1144164 [sender.py:send():179] send: run
2021-09-14 08:04:20,382 INFO    SenderThread:1144164 [dir_watcher.py:__init__():168] watching files in: /grid/koo/home/toneyan/profile/QuantPred/wandb/run-20210914_080419-puzyracq/files
2021-09-14 08:04:20,383 INFO    SenderThread:1144164 [sender.py:_start_run_threads():719] run started: puzyracq with start time 1631621059
2021-09-14 08:04:20,383 DEBUG   SenderThread:1144164 [sender.py:send():179] send: summary
2021-09-14 08:04:20,383 INFO    SenderThread:1144164 [sender.py:_save_file():841] saving file wandb-summary.json with policy end
2021-09-14 08:04:20,383 DEBUG   HandlerThread:1144164 [handler.py:handle_request():124] handle_request: run_start
2021-09-14 08:04:21,384 INFO    Thread-8  :1144164 [dir_watcher.py:_on_file_created():216] file/dir created: /grid/koo/home/toneyan/profile/QuantPred/wandb/run-20210914_080419-puzyracq/files/wandb-summary.json
2021-09-14 08:04:21,441 DEBUG   HandlerThread:1144164 [meta.py:__init__():39] meta init
2021-09-14 08:04:21,441 DEBUG   HandlerThread:1144164 [meta.py:__init__():53] meta init done
2021-09-14 08:04:21,441 DEBUG   HandlerThread:1144164 [meta.py:probe():210] probe
2021-09-14 08:04:21,447 DEBUG   HandlerThread:1144164 [meta.py:_save_pip():57] save pip
2021-09-14 08:04:21,448 DEBUG   HandlerThread:1144164 [meta.py:_save_pip():71] save pip done
2021-09-14 08:04:21,448 DEBUG   HandlerThread:1144164 [meta.py:probe():252] probe done
2021-09-14 08:04:21,450 DEBUG   SenderThread:1144164 [sender.py:send():179] send: files
2021-09-14 08:04:21,450 INFO    SenderThread:1144164 [sender.py:_save_file():841] saving file wandb-metadata.json with policy now
2021-09-14 08:04:21,458 DEBUG   HandlerThread:1144164 [handler.py:handle_request():124] handle_request: stop_status
2021-09-14 08:04:21,458 DEBUG   SenderThread:1144164 [sender.py:send_request():193] send_request: stop_status
2021-09-14 08:04:21,505 ERROR   Thread-11 :1144164 [internal_api.py:execute():130] 429 response executing GraphQL.
2021-09-14 08:04:21,505 ERROR   Thread-11 :1144164 [internal_api.py:execute():131] {"error":"rate limit exceeded"}

2021-09-14 08:04:21,514 ERROR   SenderThread:1144164 [internal_api.py:execute():130] 429 response executing GraphQL.
2021-09-14 08:04:21,514 ERROR   SenderThread:1144164 [internal_api.py:execute():131] {"error":"rate limit exceeded"}

2021-09-14 08:04:22,386 INFO    Thread-8  :1144164 [dir_watcher.py:_on_file_created():216] file/dir created: /grid/koo/home/toneyan/profile/QuantPred/wandb/run-20210914_080419-puzyracq/files/requirements.txt
2021-09-14 08:04:22,386 INFO    Thread-8  :1144164 [dir_watcher.py:_on_file_created():216] file/dir created: /grid/koo/home/toneyan/profile/QuantPred/wandb/run-20210914_080419-puzyracq/files/output.log
2021-09-14 08:04:22,386 INFO    Thread-8  :1144164 [dir_watcher.py:_on_file_created():216] file/dir created: /grid/koo/home/toneyan/profile/QuantPred/wandb/run-20210914_080419-puzyracq/files/wandb-metadata.json
2021-09-14 08:04:22,608 ERROR   SenderThread:1144164 [internal_api.py:execute():130] 429 response executing GraphQL.
2021-09-14 08:04:22,608 ERROR   SenderThread:1144164 [internal_api.py:execute():131] {"error":"rate limit exceeded"}

2021-09-14 08:04:22,609 ERROR   SenderThread:1144164 [retry.py:__call__():126] Retry attempt failed:
Traceback (most recent call last):
  File "/usr/local/lib/python3.6/dist-packages/wandb/sdk/lib/retry.py", line 102, in __call__
    result = self._call_fn(*args, **kwargs)
  File "/usr/local/lib/python3.6/dist-packages/wandb/sdk/internal/internal_api.py", line 133, in execute
    six.reraise(*sys.exc_info())
  File "/usr/local/lib/python3.6/dist-packages/six.py", line 719, in reraise
    raise value
  File "/usr/local/lib/python3.6/dist-packages/wandb/sdk/internal/internal_api.py", line 127, in execute
    return self.client.execute(*args, **kwargs)
  File "/usr/local/lib/python3.6/dist-packages/wandb/vendor/gql-0.2.0/gql/client.py", line 52, in execute
    result = self._get_result(document, *args, **kwargs)
  File "/usr/local/lib/python3.6/dist-packages/wandb/vendor/gql-0.2.0/gql/client.py", line 60, in _get_result
    return self.transport.execute(document, *args, **kwargs)
  File "/usr/local/lib/python3.6/dist-packages/wandb/vendor/gql-0.2.0/gql/transport/requests.py", line 39, in execute
    request.raise_for_status()
  File "/usr/local/lib/python3.6/dist-packages/requests/models.py", line 943, in raise_for_status
    raise HTTPError(http_error_msg, response=self)
requests.exceptions.HTTPError: 429 Client Error: Too Many Requests for url: https://api.wandb.ai/graphql
2021-09-14 08:04:22,610 ERROR   Thread-11 :1144164 [internal_api.py:execute():130] 429 response executing GraphQL.
2021-09-14 08:04:22,612 ERROR   Thread-11 :1144164 [internal_api.py:execute():131] {"error":"rate limit exceeded"}

2021-09-14 08:04:22,612 ERROR   Thread-11 :1144164 [retry.py:__call__():126] Retry attempt failed:
Traceback (most recent call last):
  File "/usr/local/lib/python3.6/dist-packages/wandb/sdk/lib/retry.py", line 102, in __call__
    result = self._call_fn(*args, **kwargs)
  File "/usr/local/lib/python3.6/dist-packages/wandb/sdk/internal/internal_api.py", line 133, in execute
    six.reraise(*sys.exc_info())
  File "/usr/local/lib/python3.6/dist-packages/six.py", line 719, in reraise
    raise value
  File "/usr/local/lib/python3.6/dist-packages/wandb/sdk/internal/internal_api.py", line 127, in execute
    return self.client.execute(*args, **kwargs)
  File "/usr/local/lib/python3.6/dist-packages/wandb/vendor/gql-0.2.0/gql/client.py", line 52, in execute
    result = self._get_result(document, *args, **kwargs)
  File "/usr/local/lib/python3.6/dist-packages/wandb/vendor/gql-0.2.0/gql/client.py", line 60, in _get_result
    return self.transport.execute(document, *args, **kwargs)
  File "/usr/local/lib/python3.6/dist-packages/wandb/vendor/gql-0.2.0/gql/transport/requests.py", line 39, in execute
    request.raise_for_status()
  File "/usr/local/lib/python3.6/dist-packages/requests/models.py", line 943, in raise_for_status
    raise HTTPError(http_error_msg, response=self)
requests.exceptions.HTTPError: 429 Client Error: Too Many Requests for url: https://api.wandb.ai/graphql
2021-09-14 08:04:24,815 ERROR   Thread-11 :1144164 [internal_api.py:execute():130] 429 response executing GraphQL.
2021-09-14 08:04:24,816 ERROR   Thread-11 :1144164 [internal_api.py:execute():131] {"error":"rate limit exceeded"}

2021-09-14 08:04:24,985 ERROR   SenderThread:1144164 [internal_api.py:execute():130] 429 response executing GraphQL.
2021-09-14 08:04:24,986 ERROR   SenderThread:1144164 [internal_api.py:execute():131] {"error":"rate limit exceeded"}

2021-09-14 08:04:29,775 ERROR   Thread-11 :1144164 [internal_api.py:execute():130] 429 response executing GraphQL.
2021-09-14 08:04:29,775 ERROR   Thread-11 :1144164 [internal_api.py:execute():131] {"error":"rate limit exceeded"}

2021-09-14 08:04:29,805 ERROR   SenderThread:1144164 [internal_api.py:execute():130] 429 response executing GraphQL.
2021-09-14 08:04:29,805 ERROR   SenderThread:1144164 [internal_api.py:execute():131] {"error":"rate limit exceeded"}

2021-09-14 08:04:39,607 ERROR   Thread-11 :1144164 [internal_api.py:execute():130] 429 response executing GraphQL.
2021-09-14 08:04:39,607 ERROR   Thread-11 :1144164 [internal_api.py:execute():131] {"error":"rate limit exceeded"}

2021-09-14 08:04:49,817 DEBUG   SenderThread:1144164 [sender.py:send():179] send: stats
2021-09-14 08:04:53,381 DEBUG   HandlerThread:1144164 [handler.py:handle_request():124] handle_request: stop_status
2021-09-14 08:04:53,382 DEBUG   SenderThread:1144164 [sender.py:send_request():193] send_request: stop_status
2021-09-14 08:04:53,436 ERROR   SenderThread:1144164 [internal_api.py:execute():130] 429 response executing GraphQL.
2021-09-14 08:04:53,436 ERROR   SenderThread:1144164 [internal_api.py:execute():131] {"error":"rate limit exceeded"}

2021-09-14 08:04:53,717 DEBUG   HandlerThread:1144164 [handler.py:handle_request():124] handle_request: poll_exit
2021-09-14 08:04:54,505 ERROR   SenderThread:1144164 [internal_api.py:execute():130] 429 response executing GraphQL.
2021-09-14 08:04:54,505 ERROR   SenderThread:1144164 [internal_api.py:execute():131] {"error":"rate limit exceeded"}

2021-09-14 08:04:56,684 ERROR   SenderThread:1144164 [internal_api.py:execute():130] 429 response executing GraphQL.
2021-09-14 08:04:56,684 ERROR   SenderThread:1144164 [internal_api.py:execute():131] {"error":"rate limit exceeded"}

2021-09-14 08:04:56,684 ERROR   SenderThread:1144164 [retry.py:__call__():126] Retry attempt failed:
Traceback (most recent call last):
  File "/usr/local/lib/python3.6/dist-packages/wandb/sdk/lib/retry.py", line 102, in __call__
    result = self._call_fn(*args, **kwargs)
  File "/usr/local/lib/python3.6/dist-packages/wandb/sdk/internal/internal_api.py", line 133, in execute
    six.reraise(*sys.exc_info())
  File "/usr/local/lib/python3.6/dist-packages/six.py", line 719, in reraise
    raise value
  File "/usr/local/lib/python3.6/dist-packages/wandb/sdk/internal/internal_api.py", line 127, in execute
    return self.client.execute(*args, **kwargs)
  File "/usr/local/lib/python3.6/dist-packages/wandb/vendor/gql-0.2.0/gql/client.py", line 52, in execute
    result = self._get_result(document, *args, **kwargs)
  File "/usr/local/lib/python3.6/dist-packages/wandb/vendor/gql-0.2.0/gql/client.py", line 60, in _get_result
    return self.transport.execute(document, *args, **kwargs)
  File "/usr/local/lib/python3.6/dist-packages/wandb/vendor/gql-0.2.0/gql/transport/requests.py", line 39, in execute
    request.raise_for_status()
  File "/usr/local/lib/python3.6/dist-packages/requests/models.py", line 943, in raise_for_status
    raise HTTPError(http_error_msg, response=self)
requests.exceptions.HTTPError: 429 Client Error: Too Many Requests for url: https://api.wandb.ai/graphql
2021-09-14 08:04:58,606 ERROR   Thread-11 :1144164 [internal_api.py:execute():130] 429 response executing GraphQL.
2021-09-14 08:04:58,606 ERROR   Thread-11 :1144164 [internal_api.py:execute():131] {"error":"rate limit exceeded"}

2021-09-14 08:04:58,818 DEBUG   HandlerThread:1144164 [handler.py:handle_request():124] handle_request: poll_exit
2021-09-14 08:05:01,206 DEBUG   SenderThread:1144164 [sender.py:send():179] send: telemetry
2021-09-14 08:05:01,206 DEBUG   SenderThread:1144164 [sender.py:send():179] send: exit
2021-09-14 08:05:01,206 INFO    SenderThread:1144164 [sender.py:send_exit():287] handling exit code: 1
2021-09-14 08:05:01,206 INFO    SenderThread:1144164 [sender.py:send_exit():295] send defer
2021-09-14 08:05:01,206 DEBUG   SenderThread:1144164 [sender.py:send_request():193] send_request: poll_exit
2021-09-14 08:05:01,207 DEBUG   SenderThread:1144164 [sender.py:send_request():193] send_request: poll_exit
2021-09-14 08:05:01,207 DEBUG   HandlerThread:1144164 [handler.py:handle_request():124] handle_request: defer
2021-09-14 08:05:01,207 INFO    HandlerThread:1144164 [handler.py:handle_request_defer():141] handle defer: 0
2021-09-14 08:05:01,207 DEBUG   SenderThread:1144164 [sender.py:send_request():193] send_request: defer
2021-09-14 08:05:01,207 INFO    SenderThread:1144164 [sender.py:send_request_defer():304] handle sender defer: 0
2021-09-14 08:05:01,207 INFO    SenderThread:1144164 [sender.py:transition_state():308] send defer: 1
2021-09-14 08:05:01,207 DEBUG   HandlerThread:1144164 [handler.py:handle_request():124] handle_request: defer
2021-09-14 08:05:01,207 INFO    HandlerThread:1144164 [handler.py:handle_request_defer():141] handle defer: 1
2021-09-14 08:05:01,272 DEBUG   SenderThread:1144164 [sender.py:send_request():193] send_request: defer
2021-09-14 08:05:01,272 INFO    SenderThread:1144164 [sender.py:send_request_defer():304] handle sender defer: 1
2021-09-14 08:05:01,272 INFO    SenderThread:1144164 [sender.py:transition_state():308] send defer: 2
2021-09-14 08:05:01,272 DEBUG   SenderThread:1144164 [sender.py:send():179] send: stats
2021-09-14 08:05:01,273 DEBUG   HandlerThread:1144164 [handler.py:handle_request():124] handle_request: defer
2021-09-14 08:05:01,274 INFO    HandlerThread:1144164 [handler.py:handle_request_defer():141] handle defer: 2
2021-09-14 08:05:01,275 DEBUG   SenderThread:1144164 [sender.py:send_request():193] send_request: defer
2021-09-14 08:05:01,275 INFO    SenderThread:1144164 [sender.py:send_request_defer():304] handle sender defer: 2
2021-09-14 08:05:01,275 INFO    SenderThread:1144164 [sender.py:transition_state():308] send defer: 3
2021-09-14 08:05:01,275 DEBUG   HandlerThread:1144164 [handler.py:handle_request():124] handle_request: defer
2021-09-14 08:05:01,275 INFO    HandlerThread:1144164 [handler.py:handle_request_defer():141] handle defer: 3
2021-09-14 08:05:01,276 DEBUG   SenderThread:1144164 [sender.py:send():179] send: summary
2021-09-14 08:05:01,276 INFO    SenderThread:1144164 [sender.py:_save_file():841] saving file wandb-summary.json with policy end
2021-09-14 08:05:01,276 DEBUG   SenderThread:1144164 [sender.py:send_request():193] send_request: defer
2021-09-14 08:05:01,276 INFO    SenderThread:1144164 [sender.py:send_request_defer():304] handle sender defer: 3
2021-09-14 08:05:01,276 INFO    SenderThread:1144164 [sender.py:transition_state():308] send defer: 4
2021-09-14 08:05:01,277 DEBUG   HandlerThread:1144164 [handler.py:handle_request():124] handle_request: defer
2021-09-14 08:05:01,277 INFO    HandlerThread:1144164 [handler.py:handle_request_defer():141] handle defer: 4
2021-09-14 08:05:01,277 DEBUG   SenderThread:1144164 [sender.py:send_request():193] send_request: defer
2021-09-14 08:05:01,277 INFO    SenderThread:1144164 [sender.py:send_request_defer():304] handle sender defer: 4
2021-09-14 08:05:01,308 DEBUG   HandlerThread:1144164 [handler.py:handle_request():124] handle_request: poll_exit
2021-09-14 08:05:01,370 INFO    SenderThread:1144164 [sender.py:transition_state():308] send defer: 5
2021-09-14 08:05:01,370 DEBUG   SenderThread:1144164 [sender.py:send_request():193] send_request: poll_exit
2021-09-14 08:05:01,371 DEBUG   HandlerThread:1144164 [handler.py:handle_request():124] handle_request: defer
2021-09-14 08:05:01,371 INFO    HandlerThread:1144164 [handler.py:handle_request_defer():141] handle defer: 5
2021-09-14 08:05:01,372 DEBUG   SenderThread:1144164 [sender.py:send_request():193] send_request: defer
2021-09-14 08:05:01,372 INFO    SenderThread:1144164 [sender.py:send_request_defer():304] handle sender defer: 5
2021-09-14 08:05:01,372 INFO    SenderThread:1144164 [dir_watcher.py:finish():282] shutting down directory watcher
2021-09-14 08:05:01,392 INFO    SenderThread:1144164 [dir_watcher.py:_on_file_modified():229] file/dir modified: /grid/koo/home/toneyan/profile/QuantPred/wandb/run-20210914_080419-puzyracq/files/config.yaml
2021-09-14 08:05:01,393 INFO    SenderThread:1144164 [dir_watcher.py:_on_file_modified():229] file/dir modified: /grid/koo/home/toneyan/profile/QuantPred/wandb/run-20210914_080419-puzyracq/files/wandb-summary.json
2021-09-14 08:05:01,393 INFO    SenderThread:1144164 [dir_watcher.py:finish():312] scan: /grid/koo/home/toneyan/profile/QuantPred/wandb/run-20210914_080419-puzyracq/files
2021-09-14 08:05:01,393 INFO    SenderThread:1144164 [dir_watcher.py:finish():318] scan save: /grid/koo/home/toneyan/profile/QuantPred/wandb/run-20210914_080419-puzyracq/files/wandb-metadata.json wandb-metadata.json
2021-09-14 08:05:01,393 INFO    SenderThread:1144164 [dir_watcher.py:finish():318] scan save: /grid/koo/home/toneyan/profile/QuantPred/wandb/run-20210914_080419-puzyracq/files/config.yaml config.yaml
2021-09-14 08:05:01,393 INFO    SenderThread:1144164 [dir_watcher.py:finish():318] scan save: /grid/koo/home/toneyan/profile/QuantPred/wandb/run-20210914_080419-puzyracq/files/requirements.txt requirements.txt
2021-09-14 08:05:01,397 INFO    SenderThread:1144164 [dir_watcher.py:finish():318] scan save: /grid/koo/home/toneyan/profile/QuantPred/wandb/run-20210914_080419-puzyracq/files/wandb-summary.json wandb-summary.json
2021-09-14 08:05:01,398 INFO    SenderThread:1144164 [dir_watcher.py:finish():318] scan save: /grid/koo/home/toneyan/profile/QuantPred/wandb/run-20210914_080419-puzyracq/files/output.log output.log
2021-09-14 08:05:01,401 INFO    SenderThread:1144164 [sender.py:transition_state():308] send defer: 6
2021-09-14 08:05:01,405 DEBUG   HandlerThread:1144164 [handler.py:handle_request():124] handle_request: defer
2021-09-14 08:05:01,405 INFO    HandlerThread:1144164 [handler.py:handle_request_defer():141] handle defer: 6
2021-09-14 08:05:01,405 DEBUG   SenderThread:1144164 [sender.py:send_request():193] send_request: defer
2021-09-14 08:05:01,405 INFO    SenderThread:1144164 [sender.py:send_request_defer():304] handle sender defer: 6
2021-09-14 08:05:01,406 INFO    SenderThread:1144164 [file_pusher.py:finish():177] shutting down file pusher
2021-09-14 08:05:01,476 DEBUG   HandlerThread:1144164 [handler.py:handle_request():124] handle_request: poll_exit
2021-09-14 08:05:01,481 DEBUG   SenderThread:1144164 [sender.py:send_request():193] send_request: poll_exit
2021-09-14 08:05:01,584 DEBUG   HandlerThread:1144164 [handler.py:handle_request():124] handle_request: poll_exit
2021-09-14 08:05:01,584 DEBUG   SenderThread:1144164 [sender.py:send_request():193] send_request: poll_exit
2021-09-14 08:05:01,686 DEBUG   HandlerThread:1144164 [handler.py:handle_request():124] handle_request: poll_exit
2021-09-14 08:05:01,686 DEBUG   SenderThread:1144164 [sender.py:send_request():193] send_request: poll_exit
2021-09-14 08:05:01,765 INFO    Thread-13 :1144164 [upload_job.py:push():137] Uploaded file /grid/koo/home/toneyan/profile/QuantPred/wandb/run-20210914_080419-puzyracq/files/requirements.txt
2021-09-14 08:05:01,784 INFO    Thread-14 :1144164 [upload_job.py:push():137] Uploaded file /grid/koo/home/toneyan/profile/QuantPred/wandb/run-20210914_080419-puzyracq/files/wandb-summary.json
2021-09-14 08:05:01,785 INFO    Thread-12 :1144164 [upload_job.py:push():137] Uploaded file /grid/koo/home/toneyan/profile/QuantPred/wandb/run-20210914_080419-puzyracq/files/config.yaml
2021-09-14 08:05:01,788 DEBUG   HandlerThread:1144164 [handler.py:handle_request():124] handle_request: poll_exit
2021-09-14 08:05:01,788 DEBUG   SenderThread:1144164 [sender.py:send_request():193] send_request: poll_exit
2021-09-14 08:05:01,890 DEBUG   HandlerThread:1144164 [handler.py:handle_request():124] handle_request: poll_exit
2021-09-14 08:05:01,890 DEBUG   SenderThread:1144164 [sender.py:send_request():193] send_request: poll_exit
2021-09-14 08:05:01,992 DEBUG   HandlerThread:1144164 [handler.py:handle_request():124] handle_request: poll_exit
2021-09-14 08:05:01,993 DEBUG   SenderThread:1144164 [sender.py:send_request():193] send_request: poll_exit
2021-09-14 08:05:02,095 DEBUG   HandlerThread:1144164 [handler.py:handle_request():124] handle_request: poll_exit
2021-09-14 08:05:02,096 DEBUG   SenderThread:1144164 [sender.py:send_request():193] send_request: poll_exit
2021-09-14 08:05:02,198 DEBUG   HandlerThread:1144164 [handler.py:handle_request():124] handle_request: poll_exit
2021-09-14 08:05:02,198 DEBUG   SenderThread:1144164 [sender.py:send_request():193] send_request: poll_exit
2021-09-14 08:05:02,300 DEBUG   HandlerThread:1144164 [handler.py:handle_request():124] handle_request: poll_exit
2021-09-14 08:05:02,300 DEBUG   SenderThread:1144164 [sender.py:send_request():193] send_request: poll_exit
2021-09-14 08:05:02,402 DEBUG   HandlerThread:1144164 [handler.py:handle_request():124] handle_request: poll_exit
2021-09-14 08:05:02,402 DEBUG   SenderThread:1144164 [sender.py:send_request():193] send_request: poll_exit
2021-09-14 08:05:02,504 DEBUG   HandlerThread:1144164 [handler.py:handle_request():124] handle_request: poll_exit
2021-09-14 08:05:02,505 DEBUG   SenderThread:1144164 [sender.py:send_request():193] send_request: poll_exit
2021-09-14 08:05:02,606 DEBUG   HandlerThread:1144164 [handler.py:handle_request():124] handle_request: poll_exit
2021-09-14 08:05:02,607 DEBUG   SenderThread:1144164 [sender.py:send_request():193] send_request: poll_exit
2021-09-14 08:05:02,709 DEBUG   HandlerThread:1144164 [handler.py:handle_request():124] handle_request: poll_exit
2021-09-14 08:05:02,709 DEBUG   SenderThread:1144164 [sender.py:send_request():193] send_request: poll_exit
2021-09-14 08:05:02,811 DEBUG   HandlerThread:1144164 [handler.py:handle_request():124] handle_request: poll_exit
2021-09-14 08:05:02,811 DEBUG   SenderThread:1144164 [sender.py:send_request():193] send_request: poll_exit
2021-09-14 08:05:02,913 DEBUG   HandlerThread:1144164 [handler.py:handle_request():124] handle_request: poll_exit
2021-09-14 08:05:02,914 DEBUG   SenderThread:1144164 [sender.py:send_request():193] send_request: poll_exit
2021-09-14 08:05:03,016 DEBUG   HandlerThread:1144164 [handler.py:handle_request():124] handle_request: poll_exit
2021-09-14 08:05:03,016 DEBUG   SenderThread:1144164 [sender.py:send_request():193] send_request: poll_exit
2021-09-14 08:05:03,118 DEBUG   HandlerThread:1144164 [handler.py:handle_request():124] handle_request: poll_exit
2021-09-14 08:05:03,118 DEBUG   SenderThread:1144164 [sender.py:send_request():193] send_request: poll_exit
2021-09-14 08:05:03,220 DEBUG   HandlerThread:1144164 [handler.py:handle_request():124] handle_request: poll_exit
2021-09-14 08:05:03,220 DEBUG   SenderThread:1144164 [sender.py:send_request():193] send_request: poll_exit
2021-09-14 08:05:03,322 DEBUG   HandlerThread:1144164 [handler.py:handle_request():124] handle_request: poll_exit
2021-09-14 08:05:03,323 DEBUG   SenderThread:1144164 [sender.py:send_request():193] send_request: poll_exit
2021-09-14 08:05:03,428 DEBUG   HandlerThread:1144164 [handler.py:handle_request():124] handle_request: poll_exit
2021-09-14 08:05:03,429 DEBUG   SenderThread:1144164 [sender.py:send_request():193] send_request: poll_exit
2021-09-14 08:05:03,534 DEBUG   HandlerThread:1144164 [handler.py:handle_request():124] handle_request: poll_exit
2021-09-14 08:05:03,534 DEBUG   SenderThread:1144164 [sender.py:send_request():193] send_request: poll_exit
2021-09-14 08:05:03,636 DEBUG   HandlerThread:1144164 [handler.py:handle_request():124] handle_request: poll_exit
2021-09-14 08:05:03,636 DEBUG   SenderThread:1144164 [sender.py:send_request():193] send_request: poll_exit
2021-09-14 08:05:03,738 DEBUG   HandlerThread:1144164 [handler.py:handle_request():124] handle_request: poll_exit
2021-09-14 08:05:03,739 DEBUG   SenderThread:1144164 [sender.py:send_request():193] send_request: poll_exit
2021-09-14 08:05:03,841 DEBUG   HandlerThread:1144164 [handler.py:handle_request():124] handle_request: poll_exit
2021-09-14 08:05:03,841 DEBUG   SenderThread:1144164 [sender.py:send_request():193] send_request: poll_exit
2021-09-14 08:05:03,943 DEBUG   HandlerThread:1144164 [handler.py:handle_request():124] handle_request: poll_exit
2021-09-14 08:05:03,943 DEBUG   SenderThread:1144164 [sender.py:send_request():193] send_request: poll_exit
2021-09-14 08:05:04,045 DEBUG   HandlerThread:1144164 [handler.py:handle_request():124] handle_request: poll_exit
2021-09-14 08:05:04,046 DEBUG   SenderThread:1144164 [sender.py:send_request():193] send_request: poll_exit
2021-09-14 08:05:04,148 DEBUG   HandlerThread:1144164 [handler.py:handle_request():124] handle_request: poll_exit
2021-09-14 08:05:04,148 DEBUG   SenderThread:1144164 [sender.py:send_request():193] send_request: poll_exit
2021-09-14 08:05:04,250 DEBUG   HandlerThread:1144164 [handler.py:handle_request():124] handle_request: poll_exit
2021-09-14 08:05:04,250 DEBUG   SenderThread:1144164 [sender.py:send_request():193] send_request: poll_exit
2021-09-14 08:05:04,356 DEBUG   HandlerThread:1144164 [handler.py:handle_request():124] handle_request: poll_exit
2021-09-14 08:05:04,357 DEBUG   SenderThread:1144164 [sender.py:send_request():193] send_request: poll_exit
2021-09-14 08:05:04,471 DEBUG   HandlerThread:1144164 [handler.py:handle_request():124] handle_request: poll_exit
2021-09-14 08:05:04,472 DEBUG   SenderThread:1144164 [sender.py:send_request():193] send_request: poll_exit
2021-09-14 08:05:04,577 DEBUG   HandlerThread:1144164 [handler.py:handle_request():124] handle_request: poll_exit
2021-09-14 08:05:04,577 DEBUG   SenderThread:1144164 [sender.py:send_request():193] send_request: poll_exit
2021-09-14 08:05:04,682 DEBUG   HandlerThread:1144164 [handler.py:handle_request():124] handle_request: poll_exit
2021-09-14 08:05:04,682 DEBUG   SenderThread:1144164 [sender.py:send_request():193] send_request: poll_exit
2021-09-14 08:05:04,787 DEBUG   HandlerThread:1144164 [handler.py:handle_request():124] handle_request: poll_exit
2021-09-14 08:05:04,788 DEBUG   SenderThread:1144164 [sender.py:send_request():193] send_request: poll_exit
2021-09-14 08:05:04,893 DEBUG   HandlerThread:1144164 [handler.py:handle_request():124] handle_request: poll_exit
2021-09-14 08:05:04,893 DEBUG   SenderThread:1144164 [sender.py:send_request():193] send_request: poll_exit
2021-09-14 08:05:04,995 DEBUG   HandlerThread:1144164 [handler.py:handle_request():124] handle_request: poll_exit
2021-09-14 08:05:04,995 DEBUG   SenderThread:1144164 [sender.py:send_request():193] send_request: poll_exit
2021-09-14 08:05:05,100 DEBUG   HandlerThread:1144164 [handler.py:handle_request():124] handle_request: poll_exit
2021-09-14 08:05:05,100 DEBUG   SenderThread:1144164 [sender.py:send_request():193] send_request: poll_exit
2021-09-14 08:05:05,211 DEBUG   HandlerThread:1144164 [handler.py:handle_request():124] handle_request: poll_exit
2021-09-14 08:05:05,211 DEBUG   SenderThread:1144164 [sender.py:send_request():193] send_request: poll_exit
2021-09-14 08:05:05,312 DEBUG   HandlerThread:1144164 [handler.py:handle_request():124] handle_request: poll_exit
2021-09-14 08:05:05,313 DEBUG   SenderThread:1144164 [sender.py:send_request():193] send_request: poll_exit
2021-09-14 08:05:05,414 DEBUG   HandlerThread:1144164 [handler.py:handle_request():124] handle_request: poll_exit
2021-09-14 08:05:05,415 DEBUG   SenderThread:1144164 [sender.py:send_request():193] send_request: poll_exit
2021-09-14 08:05:05,516 DEBUG   HandlerThread:1144164 [handler.py:handle_request():124] handle_request: poll_exit
2021-09-14 08:05:05,517 DEBUG   SenderThread:1144164 [sender.py:send_request():193] send_request: poll_exit
2021-09-14 08:05:05,618 DEBUG   HandlerThread:1144164 [handler.py:handle_request():124] handle_request: poll_exit
2021-09-14 08:05:05,618 DEBUG   SenderThread:1144164 [sender.py:send_request():193] send_request: poll_exit
2021-09-14 08:05:05,720 DEBUG   HandlerThread:1144164 [handler.py:handle_request():124] handle_request: poll_exit
2021-09-14 08:05:05,720 DEBUG   SenderThread:1144164 [sender.py:send_request():193] send_request: poll_exit
2021-09-14 08:05:05,821 DEBUG   HandlerThread:1144164 [handler.py:handle_request():124] handle_request: poll_exit
2021-09-14 08:05:05,822 DEBUG   SenderThread:1144164 [sender.py:send_request():193] send_request: poll_exit
2021-09-14 08:05:05,923 DEBUG   HandlerThread:1144164 [handler.py:handle_request():124] handle_request: poll_exit
2021-09-14 08:05:05,923 DEBUG   SenderThread:1144164 [sender.py:send_request():193] send_request: poll_exit
2021-09-14 08:05:06,025 DEBUG   HandlerThread:1144164 [handler.py:handle_request():124] handle_request: poll_exit
2021-09-14 08:05:06,025 DEBUG   SenderThread:1144164 [sender.py:send_request():193] send_request: poll_exit
2021-09-14 08:05:06,127 DEBUG   HandlerThread:1144164 [handler.py:handle_request():124] handle_request: poll_exit
2021-09-14 08:05:06,127 DEBUG   SenderThread:1144164 [sender.py:send_request():193] send_request: poll_exit
2021-09-14 08:05:06,229 DEBUG   HandlerThread:1144164 [handler.py:handle_request():124] handle_request: poll_exit
2021-09-14 08:05:06,229 DEBUG   SenderThread:1144164 [sender.py:send_request():193] send_request: poll_exit
2021-09-14 08:05:06,330 DEBUG   HandlerThread:1144164 [handler.py:handle_request():124] handle_request: poll_exit
2021-09-14 08:05:06,331 DEBUG   SenderThread:1144164 [sender.py:send_request():193] send_request: poll_exit
2021-09-14 08:05:06,432 DEBUG   HandlerThread:1144164 [handler.py:handle_request():124] handle_request: poll_exit
2021-09-14 08:05:06,432 DEBUG   SenderThread:1144164 [sender.py:send_request():193] send_request: poll_exit
2021-09-14 08:05:06,537 DEBUG   HandlerThread:1144164 [handler.py:handle_request():124] handle_request: poll_exit
2021-09-14 08:05:06,537 DEBUG   SenderThread:1144164 [sender.py:send_request():193] send_request: poll_exit
2021-09-14 08:05:06,639 DEBUG   HandlerThread:1144164 [handler.py:handle_request():124] handle_request: poll_exit
2021-09-14 08:05:06,639 DEBUG   SenderThread:1144164 [sender.py:send_request():193] send_request: poll_exit
2021-09-14 08:05:06,740 DEBUG   HandlerThread:1144164 [handler.py:handle_request():124] handle_request: poll_exit
2021-09-14 08:05:06,741 DEBUG   SenderThread:1144164 [sender.py:send_request():193] send_request: poll_exit
2021-09-14 08:05:06,842 DEBUG   HandlerThread:1144164 [handler.py:handle_request():124] handle_request: poll_exit
2021-09-14 08:05:06,842 DEBUG   SenderThread:1144164 [sender.py:send_request():193] send_request: poll_exit
2021-09-14 08:05:06,944 DEBUG   HandlerThread:1144164 [handler.py:handle_request():124] handle_request: poll_exit
2021-09-14 08:05:06,944 DEBUG   SenderThread:1144164 [sender.py:send_request():193] send_request: poll_exit
2021-09-14 08:05:07,047 DEBUG   HandlerThread:1144164 [handler.py:handle_request():124] handle_request: poll_exit
2021-09-14 08:05:07,047 DEBUG   SenderThread:1144164 [sender.py:send_request():193] send_request: poll_exit
2021-09-14 08:05:07,149 DEBUG   HandlerThread:1144164 [handler.py:handle_request():124] handle_request: poll_exit
2021-09-14 08:05:07,149 DEBUG   SenderThread:1144164 [sender.py:send_request():193] send_request: poll_exit
2021-09-14 08:05:07,250 DEBUG   HandlerThread:1144164 [handler.py:handle_request():124] handle_request: poll_exit
2021-09-14 08:05:07,250 DEBUG   SenderThread:1144164 [sender.py:send_request():193] send_request: poll_exit
2021-09-14 08:05:07,352 DEBUG   HandlerThread:1144164 [handler.py:handle_request():124] handle_request: poll_exit
2021-09-14 08:05:07,352 DEBUG   SenderThread:1144164 [sender.py:send_request():193] send_request: poll_exit
2021-09-14 08:05:07,457 DEBUG   HandlerThread:1144164 [handler.py:handle_request():124] handle_request: poll_exit
2021-09-14 08:05:07,457 DEBUG   SenderThread:1144164 [sender.py:send_request():193] send_request: poll_exit
2021-09-14 08:05:07,559 DEBUG   HandlerThread:1144164 [handler.py:handle_request():124] handle_request: poll_exit
2021-09-14 08:05:07,559 DEBUG   SenderThread:1144164 [sender.py:send_request():193] send_request: poll_exit
2021-09-14 08:05:07,660 DEBUG   HandlerThread:1144164 [handler.py:handle_request():124] handle_request: poll_exit
2021-09-14 08:05:07,661 DEBUG   SenderThread:1144164 [sender.py:send_request():193] send_request: poll_exit
2021-09-14 08:05:07,762 DEBUG   HandlerThread:1144164 [handler.py:handle_request():124] handle_request: poll_exit
2021-09-14 08:05:07,762 DEBUG   SenderThread:1144164 [sender.py:send_request():193] send_request: poll_exit
2021-09-14 08:05:07,864 DEBUG   HandlerThread:1144164 [handler.py:handle_request():124] handle_request: poll_exit
2021-09-14 08:05:07,864 DEBUG   SenderThread:1144164 [sender.py:send_request():193] send_request: poll_exit
2021-09-14 08:05:07,966 DEBUG   HandlerThread:1144164 [handler.py:handle_request():124] handle_request: poll_exit
2021-09-14 08:05:07,966 DEBUG   SenderThread:1144164 [sender.py:send_request():193] send_request: poll_exit
2021-09-14 08:05:08,070 DEBUG   HandlerThread:1144164 [handler.py:handle_request():124] handle_request: poll_exit
2021-09-14 08:05:08,070 DEBUG   SenderThread:1144164 [sender.py:send_request():193] send_request: poll_exit
2021-09-14 08:05:08,172 DEBUG   HandlerThread:1144164 [handler.py:handle_request():124] handle_request: poll_exit
2021-09-14 08:05:08,172 DEBUG   SenderThread:1144164 [sender.py:send_request():193] send_request: poll_exit
2021-09-14 08:05:08,274 DEBUG   HandlerThread:1144164 [handler.py:handle_request():124] handle_request: poll_exit
2021-09-14 08:05:08,274 DEBUG   SenderThread:1144164 [sender.py:send_request():193] send_request: poll_exit
2021-09-14 08:05:08,380 DEBUG   HandlerThread:1144164 [handler.py:handle_request():124] handle_request: poll_exit
2021-09-14 08:05:08,380 DEBUG   SenderThread:1144164 [sender.py:send_request():193] send_request: poll_exit
2021-09-14 08:05:08,485 DEBUG   HandlerThread:1144164 [handler.py:handle_request():124] handle_request: poll_exit
2021-09-14 08:05:08,485 DEBUG   SenderThread:1144164 [sender.py:send_request():193] send_request: poll_exit
2021-09-14 08:05:08,586 DEBUG   HandlerThread:1144164 [handler.py:handle_request():124] handle_request: poll_exit
2021-09-14 08:05:08,586 DEBUG   SenderThread:1144164 [sender.py:send_request():193] send_request: poll_exit
2021-09-14 08:05:08,688 DEBUG   HandlerThread:1144164 [handler.py:handle_request():124] handle_request: poll_exit
2021-09-14 08:05:08,689 DEBUG   SenderThread:1144164 [sender.py:send_request():193] send_request: poll_exit
2021-09-14 08:05:08,790 DEBUG   HandlerThread:1144164 [handler.py:handle_request():124] handle_request: poll_exit
2021-09-14 08:05:08,790 DEBUG   SenderThread:1144164 [sender.py:send_request():193] send_request: poll_exit
2021-09-14 08:05:08,892 DEBUG   HandlerThread:1144164 [handler.py:handle_request():124] handle_request: poll_exit
2021-09-14 08:05:08,892 DEBUG   SenderThread:1144164 [sender.py:send_request():193] send_request: poll_exit
2021-09-14 08:05:08,997 DEBUG   HandlerThread:1144164 [handler.py:handle_request():124] handle_request: poll_exit
2021-09-14 08:05:08,997 DEBUG   SenderThread:1144164 [sender.py:send_request():193] send_request: poll_exit
2021-09-14 08:05:09,102 DEBUG   HandlerThread:1144164 [handler.py:handle_request():124] handle_request: poll_exit
2021-09-14 08:05:09,102 DEBUG   SenderThread:1144164 [sender.py:send_request():193] send_request: poll_exit
2021-09-14 08:05:09,204 DEBUG   HandlerThread:1144164 [handler.py:handle_request():124] handle_request: poll_exit
2021-09-14 08:05:09,204 DEBUG   SenderThread:1144164 [sender.py:send_request():193] send_request: poll_exit
2021-09-14 08:05:09,306 DEBUG   HandlerThread:1144164 [handler.py:handle_request():124] handle_request: poll_exit
2021-09-14 08:05:09,306 DEBUG   SenderThread:1144164 [sender.py:send_request():193] send_request: poll_exit
2021-09-14 08:05:09,407 DEBUG   HandlerThread:1144164 [handler.py:handle_request():124] handle_request: poll_exit
2021-09-14 08:05:09,408 DEBUG   SenderThread:1144164 [sender.py:send_request():193] send_request: poll_exit
2021-09-14 08:05:09,509 DEBUG   HandlerThread:1144164 [handler.py:handle_request():124] handle_request: poll_exit
2021-09-14 08:05:09,509 DEBUG   SenderThread:1144164 [sender.py:send_request():193] send_request: poll_exit
2021-09-14 08:05:09,611 DEBUG   HandlerThread:1144164 [handler.py:handle_request():124] handle_request: poll_exit
2021-09-14 08:05:09,611 DEBUG   SenderThread:1144164 [sender.py:send_request():193] send_request: poll_exit
2021-09-14 08:05:09,713 DEBUG   HandlerThread:1144164 [handler.py:handle_request():124] handle_request: poll_exit
2021-09-14 08:05:09,713 DEBUG   SenderThread:1144164 [sender.py:send_request():193] send_request: poll_exit
2021-09-14 08:05:09,815 DEBUG   HandlerThread:1144164 [handler.py:handle_request():124] handle_request: poll_exit
2021-09-14 08:05:09,815 DEBUG   SenderThread:1144164 [sender.py:send_request():193] send_request: poll_exit
2021-09-14 08:05:09,917 DEBUG   HandlerThread:1144164 [handler.py:handle_request():124] handle_request: poll_exit
2021-09-14 08:05:09,917 DEBUG   SenderThread:1144164 [sender.py:send_request():193] send_request: poll_exit
2021-09-14 08:05:10,018 DEBUG   HandlerThread:1144164 [handler.py:handle_request():124] handle_request: poll_exit
2021-09-14 08:05:10,019 DEBUG   SenderThread:1144164 [sender.py:send_request():193] send_request: poll_exit
2021-09-14 08:05:10,120 DEBUG   HandlerThread:1144164 [handler.py:handle_request():124] handle_request: poll_exit
2021-09-14 08:05:10,121 DEBUG   SenderThread:1144164 [sender.py:send_request():193] send_request: poll_exit
2021-09-14 08:05:10,225 DEBUG   HandlerThread:1144164 [handler.py:handle_request():124] handle_request: poll_exit
2021-09-14 08:05:10,225 DEBUG   SenderThread:1144164 [sender.py:send_request():193] send_request: poll_exit
2021-09-14 08:05:10,327 DEBUG   HandlerThread:1144164 [handler.py:handle_request():124] handle_request: poll_exit
2021-09-14 08:05:10,327 DEBUG   SenderThread:1144164 [sender.py:send_request():193] send_request: poll_exit
2021-09-14 08:05:10,429 DEBUG   HandlerThread:1144164 [handler.py:handle_request():124] handle_request: poll_exit
2021-09-14 08:05:10,429 DEBUG   SenderThread:1144164 [sender.py:send_request():193] send_request: poll_exit
2021-09-14 08:05:10,530 DEBUG   HandlerThread:1144164 [handler.py:handle_request():124] handle_request: poll_exit
2021-09-14 08:05:10,531 DEBUG   SenderThread:1144164 [sender.py:send_request():193] send_request: poll_exit
2021-09-14 08:05:10,632 DEBUG   HandlerThread:1144164 [handler.py:handle_request():124] handle_request: poll_exit
2021-09-14 08:05:10,632 DEBUG   SenderThread:1144164 [sender.py:send_request():193] send_request: poll_exit
2021-09-14 08:05:10,734 DEBUG   HandlerThread:1144164 [handler.py:handle_request():124] handle_request: poll_exit
2021-09-14 08:05:10,734 DEBUG   SenderThread:1144164 [sender.py:send_request():193] send_request: poll_exit
2021-09-14 08:05:10,836 DEBUG   HandlerThread:1144164 [handler.py:handle_request():124] handle_request: poll_exit
2021-09-14 08:05:10,836 DEBUG   SenderThread:1144164 [sender.py:send_request():193] send_request: poll_exit
2021-09-14 08:05:10,937 DEBUG   HandlerThread:1144164 [handler.py:handle_request():124] handle_request: poll_exit
2021-09-14 08:05:10,937 DEBUG   SenderThread:1144164 [sender.py:send_request():193] send_request: poll_exit
2021-09-14 08:05:11,039 DEBUG   HandlerThread:1144164 [handler.py:handle_request():124] handle_request: poll_exit
2021-09-14 08:05:11,039 DEBUG   SenderThread:1144164 [sender.py:send_request():193] send_request: poll_exit
2021-09-14 08:05:11,141 DEBUG   HandlerThread:1144164 [handler.py:handle_request():124] handle_request: poll_exit
2021-09-14 08:05:11,141 DEBUG   SenderThread:1144164 [sender.py:send_request():193] send_request: poll_exit
2021-09-14 08:05:11,242 DEBUG   HandlerThread:1144164 [handler.py:handle_request():124] handle_request: poll_exit
2021-09-14 08:05:11,242 DEBUG   SenderThread:1144164 [sender.py:send_request():193] send_request: poll_exit
2021-09-14 08:05:11,344 DEBUG   HandlerThread:1144164 [handler.py:handle_request():124] handle_request: poll_exit
2021-09-14 08:05:11,344 DEBUG   SenderThread:1144164 [sender.py:send_request():193] send_request: poll_exit
2021-09-14 08:05:11,446 DEBUG   HandlerThread:1144164 [handler.py:handle_request():124] handle_request: poll_exit
2021-09-14 08:05:11,446 DEBUG   SenderThread:1144164 [sender.py:send_request():193] send_request: poll_exit
2021-09-14 08:05:11,547 DEBUG   HandlerThread:1144164 [handler.py:handle_request():124] handle_request: poll_exit
2021-09-14 08:05:11,548 DEBUG   SenderThread:1144164 [sender.py:send_request():193] send_request: poll_exit
2021-09-14 08:05:11,649 DEBUG   HandlerThread:1144164 [handler.py:handle_request():124] handle_request: poll_exit
2021-09-14 08:05:11,649 DEBUG   SenderThread:1144164 [sender.py:send_request():193] send_request: poll_exit
2021-09-14 08:05:11,751 DEBUG   HandlerThread:1144164 [handler.py:handle_request():124] handle_request: poll_exit
2021-09-14 08:05:11,751 DEBUG   SenderThread:1144164 [sender.py:send_request():193] send_request: poll_exit
2021-09-14 08:05:11,855 DEBUG   HandlerThread:1144164 [handler.py:handle_request():124] handle_request: poll_exit
2021-09-14 08:05:11,856 DEBUG   SenderThread:1144164 [sender.py:send_request():193] send_request: poll_exit
2021-09-14 08:05:11,957 DEBUG   HandlerThread:1144164 [handler.py:handle_request():124] handle_request: poll_exit
2021-09-14 08:05:11,957 DEBUG   SenderThread:1144164 [sender.py:send_request():193] send_request: poll_exit
2021-09-14 08:05:12,058 DEBUG   HandlerThread:1144164 [handler.py:handle_request():124] handle_request: poll_exit
2021-09-14 08:05:12,059 DEBUG   SenderThread:1144164 [sender.py:send_request():193] send_request: poll_exit
2021-09-14 08:05:12,160 DEBUG   HandlerThread:1144164 [handler.py:handle_request():124] handle_request: poll_exit
2021-09-14 08:05:12,160 DEBUG   SenderThread:1144164 [sender.py:send_request():193] send_request: poll_exit
2021-09-14 08:05:12,262 DEBUG   HandlerThread:1144164 [handler.py:handle_request():124] handle_request: poll_exit
2021-09-14 08:05:12,262 DEBUG   SenderThread:1144164 [sender.py:send_request():193] send_request: poll_exit
2021-09-14 08:05:12,363 DEBUG   HandlerThread:1144164 [handler.py:handle_request():124] handle_request: poll_exit
2021-09-14 08:05:12,364 DEBUG   SenderThread:1144164 [sender.py:send_request():193] send_request: poll_exit
2021-09-14 08:05:12,465 DEBUG   HandlerThread:1144164 [handler.py:handle_request():124] handle_request: poll_exit
2021-09-14 08:05:12,465 DEBUG   SenderThread:1144164 [sender.py:send_request():193] send_request: poll_exit
2021-09-14 08:05:12,567 DEBUG   HandlerThread:1144164 [handler.py:handle_request():124] handle_request: poll_exit
2021-09-14 08:05:12,567 DEBUG   SenderThread:1144164 [sender.py:send_request():193] send_request: poll_exit
2021-09-14 08:05:12,672 DEBUG   HandlerThread:1144164 [handler.py:handle_request():124] handle_request: poll_exit
2021-09-14 08:05:12,672 DEBUG   SenderThread:1144164 [sender.py:send_request():193] send_request: poll_exit
2021-09-14 08:05:12,776 DEBUG   HandlerThread:1144164 [handler.py:handle_request():124] handle_request: poll_exit
2021-09-14 08:05:12,776 DEBUG   SenderThread:1144164 [sender.py:send_request():193] send_request: poll_exit
2021-09-14 08:05:12,880 DEBUG   HandlerThread:1144164 [handler.py:handle_request():124] handle_request: poll_exit
2021-09-14 08:05:12,880 DEBUG   SenderThread:1144164 [sender.py:send_request():193] send_request: poll_exit
2021-09-14 08:05:12,985 DEBUG   HandlerThread:1144164 [handler.py:handle_request():124] handle_request: poll_exit
2021-09-14 08:05:12,985 DEBUG   SenderThread:1144164 [sender.py:send_request():193] send_request: poll_exit
2021-09-14 08:05:13,089 DEBUG   HandlerThread:1144164 [handler.py:handle_request():124] handle_request: poll_exit
2021-09-14 08:05:13,090 DEBUG   SenderThread:1144164 [sender.py:send_request():193] send_request: poll_exit
2021-09-14 08:05:13,256 DEBUG   HandlerThread:1144164 [handler.py:handle_request():124] handle_request: poll_exit
2021-09-14 08:05:13,256 DEBUG   SenderThread:1144164 [sender.py:send_request():193] send_request: poll_exit
2021-09-14 08:05:13,361 DEBUG   HandlerThread:1144164 [handler.py:handle_request():124] handle_request: poll_exit
2021-09-14 08:05:13,361 DEBUG   SenderThread:1144164 [sender.py:send_request():193] send_request: poll_exit
2021-09-14 08:05:13,462 DEBUG   HandlerThread:1144164 [handler.py:handle_request():124] handle_request: poll_exit
2021-09-14 08:05:13,463 DEBUG   SenderThread:1144164 [sender.py:send_request():193] send_request: poll_exit
2021-09-14 08:05:13,564 DEBUG   HandlerThread:1144164 [handler.py:handle_request():124] handle_request: poll_exit
2021-09-14 08:05:13,564 DEBUG   SenderThread:1144164 [sender.py:send_request():193] send_request: poll_exit
2021-09-14 08:05:13,666 DEBUG   HandlerThread:1144164 [handler.py:handle_request():124] handle_request: poll_exit
2021-09-14 08:05:13,666 DEBUG   SenderThread:1144164 [sender.py:send_request():193] send_request: poll_exit
2021-09-14 08:05:13,768 DEBUG   HandlerThread:1144164 [handler.py:handle_request():124] handle_request: poll_exit
2021-09-14 08:05:13,768 DEBUG   SenderThread:1144164 [sender.py:send_request():193] send_request: poll_exit
2021-09-14 08:05:13,869 DEBUG   HandlerThread:1144164 [handler.py:handle_request():124] handle_request: poll_exit
2021-09-14 08:05:13,870 DEBUG   SenderThread:1144164 [sender.py:send_request():193] send_request: poll_exit
2021-09-14 08:05:13,971 DEBUG   HandlerThread:1144164 [handler.py:handle_request():124] handle_request: poll_exit
2021-09-14 08:05:13,971 DEBUG   SenderThread:1144164 [sender.py:send_request():193] send_request: poll_exit
2021-09-14 08:05:14,073 DEBUG   HandlerThread:1144164 [handler.py:handle_request():124] handle_request: poll_exit
2021-09-14 08:05:14,073 DEBUG   SenderThread:1144164 [sender.py:send_request():193] send_request: poll_exit
2021-09-14 08:05:14,175 DEBUG   HandlerThread:1144164 [handler.py:handle_request():124] handle_request: poll_exit
2021-09-14 08:05:14,175 DEBUG   SenderThread:1144164 [sender.py:send_request():193] send_request: poll_exit
2021-09-14 08:05:14,276 DEBUG   HandlerThread:1144164 [handler.py:handle_request():124] handle_request: poll_exit
2021-09-14 08:05:14,277 DEBUG   SenderThread:1144164 [sender.py:send_request():193] send_request: poll_exit
2021-09-14 08:05:14,378 DEBUG   HandlerThread:1144164 [handler.py:handle_request():124] handle_request: poll_exit
2021-09-14 08:05:14,379 DEBUG   SenderThread:1144164 [sender.py:send_request():193] send_request: poll_exit
2021-09-14 08:05:14,480 DEBUG   HandlerThread:1144164 [handler.py:handle_request():124] handle_request: poll_exit
2021-09-14 08:05:14,480 DEBUG   SenderThread:1144164 [sender.py:send_request():193] send_request: poll_exit
2021-09-14 08:05:14,582 DEBUG   HandlerThread:1144164 [handler.py:handle_request():124] handle_request: poll_exit
2021-09-14 08:05:14,582 DEBUG   SenderThread:1144164 [sender.py:send_request():193] send_request: poll_exit
2021-09-14 08:05:14,684 DEBUG   HandlerThread:1144164 [handler.py:handle_request():124] handle_request: poll_exit
2021-09-14 08:05:14,684 DEBUG   SenderThread:1144164 [sender.py:send_request():193] send_request: poll_exit
2021-09-14 08:05:14,785 DEBUG   HandlerThread:1144164 [handler.py:handle_request():124] handle_request: poll_exit
2021-09-14 08:05:14,786 DEBUG   SenderThread:1144164 [sender.py:send_request():193] send_request: poll_exit
2021-09-14 08:05:14,887 DEBUG   HandlerThread:1144164 [handler.py:handle_request():124] handle_request: poll_exit
2021-09-14 08:05:14,887 DEBUG   SenderThread:1144164 [sender.py:send_request():193] send_request: poll_exit
2021-09-14 08:05:14,989 DEBUG   HandlerThread:1144164 [handler.py:handle_request():124] handle_request: poll_exit
2021-09-14 08:05:14,989 DEBUG   SenderThread:1144164 [sender.py:send_request():193] send_request: poll_exit
2021-09-14 08:05:15,090 DEBUG   HandlerThread:1144164 [handler.py:handle_request():124] handle_request: poll_exit
2021-09-14 08:05:15,091 DEBUG   SenderThread:1144164 [sender.py:send_request():193] send_request: poll_exit
2021-09-14 08:05:15,192 DEBUG   HandlerThread:1144164 [handler.py:handle_request():124] handle_request: poll_exit
2021-09-14 08:05:15,192 DEBUG   SenderThread:1144164 [sender.py:send_request():193] send_request: poll_exit
2021-09-14 08:05:15,294 DEBUG   HandlerThread:1144164 [handler.py:handle_request():124] handle_request: poll_exit
2021-09-14 08:05:15,294 DEBUG   SenderThread:1144164 [sender.py:send_request():193] send_request: poll_exit
2021-09-14 08:05:15,395 DEBUG   HandlerThread:1144164 [handler.py:handle_request():124] handle_request: poll_exit
2021-09-14 08:05:15,396 DEBUG   SenderThread:1144164 [sender.py:send_request():193] send_request: poll_exit
2021-09-14 08:05:15,497 DEBUG   HandlerThread:1144164 [handler.py:handle_request():124] handle_request: poll_exit
2021-09-14 08:05:15,497 DEBUG   SenderThread:1144164 [sender.py:send_request():193] send_request: poll_exit
2021-09-14 08:05:15,599 DEBUG   HandlerThread:1144164 [handler.py:handle_request():124] handle_request: poll_exit
2021-09-14 08:05:15,599 DEBUG   SenderThread:1144164 [sender.py:send_request():193] send_request: poll_exit
2021-09-14 08:05:15,703 DEBUG   HandlerThread:1144164 [handler.py:handle_request():124] handle_request: poll_exit
2021-09-14 08:05:15,703 DEBUG   SenderThread:1144164 [sender.py:send_request():193] send_request: poll_exit
2021-09-14 08:05:15,805 DEBUG   HandlerThread:1144164 [handler.py:handle_request():124] handle_request: poll_exit
2021-09-14 08:05:15,805 DEBUG   SenderThread:1144164 [sender.py:send_request():193] send_request: poll_exit
2021-09-14 08:05:15,906 DEBUG   HandlerThread:1144164 [handler.py:handle_request():124] handle_request: poll_exit
2021-09-14 08:05:15,907 DEBUG   SenderThread:1144164 [sender.py:send_request():193] send_request: poll_exit
2021-09-14 08:05:16,011 DEBUG   HandlerThread:1144164 [handler.py:handle_request():124] handle_request: poll_exit
2021-09-14 08:05:16,011 DEBUG   SenderThread:1144164 [sender.py:send_request():193] send_request: poll_exit
2021-09-14 08:05:16,115 DEBUG   HandlerThread:1144164 [handler.py:handle_request():124] handle_request: poll_exit
2021-09-14 08:05:16,116 DEBUG   SenderThread:1144164 [sender.py:send_request():193] send_request: poll_exit
2021-09-14 08:05:16,220 DEBUG   HandlerThread:1144164 [handler.py:handle_request():124] handle_request: poll_exit
2021-09-14 08:05:16,220 DEBUG   SenderThread:1144164 [sender.py:send_request():193] send_request: poll_exit
2021-09-14 08:05:16,325 DEBUG   HandlerThread:1144164 [handler.py:handle_request():124] handle_request: poll_exit
2021-09-14 08:05:16,325 DEBUG   SenderThread:1144164 [sender.py:send_request():193] send_request: poll_exit
2021-09-14 08:05:16,429 DEBUG   HandlerThread:1144164 [handler.py:handle_request():124] handle_request: poll_exit
2021-09-14 08:05:16,430 DEBUG   SenderThread:1144164 [sender.py:send_request():193] send_request: poll_exit
2021-09-14 08:05:16,534 DEBUG   HandlerThread:1144164 [handler.py:handle_request():124] handle_request: poll_exit
2021-09-14 08:05:16,534 DEBUG   SenderThread:1144164 [sender.py:send_request():193] send_request: poll_exit
2021-09-14 08:05:16,638 DEBUG   HandlerThread:1144164 [handler.py:handle_request():124] handle_request: poll_exit
2021-09-14 08:05:16,638 DEBUG   SenderThread:1144164 [sender.py:send_request():193] send_request: poll_exit
2021-09-14 08:05:16,743 DEBUG   HandlerThread:1144164 [handler.py:handle_request():124] handle_request: poll_exit
2021-09-14 08:05:16,743 DEBUG   SenderThread:1144164 [sender.py:send_request():193] send_request: poll_exit
2021-09-14 08:05:16,844 DEBUG   HandlerThread:1144164 [handler.py:handle_request():124] handle_request: poll_exit
2021-09-14 08:05:16,844 DEBUG   SenderThread:1144164 [sender.py:send_request():193] send_request: poll_exit
2021-09-14 08:05:16,945 DEBUG   HandlerThread:1144164 [handler.py:handle_request():124] handle_request: poll_exit
2021-09-14 08:05:16,945 DEBUG   SenderThread:1144164 [sender.py:send_request():193] send_request: poll_exit
2021-09-14 08:05:17,046 DEBUG   HandlerThread:1144164 [handler.py:handle_request():124] handle_request: poll_exit
2021-09-14 08:05:17,047 DEBUG   SenderThread:1144164 [sender.py:send_request():193] send_request: poll_exit
2021-09-14 08:05:17,148 DEBUG   HandlerThread:1144164 [handler.py:handle_request():124] handle_request: poll_exit
2021-09-14 08:05:17,148 DEBUG   SenderThread:1144164 [sender.py:send_request():193] send_request: poll_exit
2021-09-14 08:05:17,249 DEBUG   HandlerThread:1144164 [handler.py:handle_request():124] handle_request: poll_exit
2021-09-14 08:05:17,249 DEBUG   SenderThread:1144164 [sender.py:send_request():193] send_request: poll_exit
2021-09-14 08:05:17,351 DEBUG   HandlerThread:1144164 [handler.py:handle_request():124] handle_request: poll_exit
2021-09-14 08:05:17,351 DEBUG   SenderThread:1144164 [sender.py:send_request():193] send_request: poll_exit
2021-09-14 08:05:17,452 DEBUG   HandlerThread:1144164 [handler.py:handle_request():124] handle_request: poll_exit
2021-09-14 08:05:17,452 DEBUG   SenderThread:1144164 [sender.py:send_request():193] send_request: poll_exit
2021-09-14 08:05:17,554 DEBUG   HandlerThread:1144164 [handler.py:handle_request():124] handle_request: poll_exit
2021-09-14 08:05:17,555 DEBUG   SenderThread:1144164 [sender.py:send_request():193] send_request: poll_exit
2021-09-14 08:05:17,656 DEBUG   HandlerThread:1144164 [handler.py:handle_request():124] handle_request: poll_exit
2021-09-14 08:05:17,656 DEBUG   SenderThread:1144164 [sender.py:send_request():193] send_request: poll_exit
2021-09-14 08:05:17,758 DEBUG   HandlerThread:1144164 [handler.py:handle_request():124] handle_request: poll_exit
2021-09-14 08:05:17,758 DEBUG   SenderThread:1144164 [sender.py:send_request():193] send_request: poll_exit
2021-09-14 08:05:17,859 DEBUG   HandlerThread:1144164 [handler.py:handle_request():124] handle_request: poll_exit
2021-09-14 08:05:17,859 DEBUG   SenderThread:1144164 [sender.py:send_request():193] send_request: poll_exit
2021-09-14 08:05:17,964 DEBUG   HandlerThread:1144164 [handler.py:handle_request():124] handle_request: poll_exit
2021-09-14 08:05:17,965 DEBUG   SenderThread:1144164 [sender.py:send_request():193] send_request: poll_exit
2021-09-14 08:05:18,069 DEBUG   HandlerThread:1144164 [handler.py:handle_request():124] handle_request: poll_exit
2021-09-14 08:05:18,069 DEBUG   SenderThread:1144164 [sender.py:send_request():193] send_request: poll_exit
2021-09-14 08:05:18,173 DEBUG   HandlerThread:1144164 [handler.py:handle_request():124] handle_request: poll_exit
2021-09-14 08:05:18,173 DEBUG   SenderThread:1144164 [sender.py:send_request():193] send_request: poll_exit
2021-09-14 08:05:18,281 DEBUG   HandlerThread:1144164 [handler.py:handle_request():124] handle_request: poll_exit
2021-09-14 08:05:18,281 DEBUG   SenderThread:1144164 [sender.py:send_request():193] send_request: poll_exit
2021-09-14 08:05:18,383 DEBUG   HandlerThread:1144164 [handler.py:handle_request():124] handle_request: poll_exit
2021-09-14 08:05:18,384 DEBUG   SenderThread:1144164 [sender.py:send_request():193] send_request: poll_exit
2021-09-14 08:05:18,486 DEBUG   HandlerThread:1144164 [handler.py:handle_request():124] handle_request: poll_exit
2021-09-14 08:05:18,486 DEBUG   SenderThread:1144164 [sender.py:send_request():193] send_request: poll_exit
2021-09-14 08:05:18,587 DEBUG   HandlerThread:1144164 [handler.py:handle_request():124] handle_request: poll_exit
2021-09-14 08:05:18,587 DEBUG   SenderThread:1144164 [sender.py:send_request():193] send_request: poll_exit
2021-09-14 08:05:18,689 DEBUG   HandlerThread:1144164 [handler.py:handle_request():124] handle_request: poll_exit
2021-09-14 08:05:18,689 DEBUG   SenderThread:1144164 [sender.py:send_request():193] send_request: poll_exit
2021-09-14 08:05:18,790 DEBUG   HandlerThread:1144164 [handler.py:handle_request():124] handle_request: poll_exit
2021-09-14 08:05:18,791 DEBUG   SenderThread:1144164 [sender.py:send_request():193] send_request: poll_exit
2021-09-14 08:05:18,895 DEBUG   HandlerThread:1144164 [handler.py:handle_request():124] handle_request: poll_exit
2021-09-14 08:05:18,895 DEBUG   SenderThread:1144164 [sender.py:send_request():193] send_request: poll_exit
2021-09-14 08:05:18,997 DEBUG   HandlerThread:1144164 [handler.py:handle_request():124] handle_request: poll_exit
2021-09-14 08:05:18,997 DEBUG   SenderThread:1144164 [sender.py:send_request():193] send_request: poll_exit
2021-09-14 08:05:19,098 DEBUG   HandlerThread:1144164 [handler.py:handle_request():124] handle_request: poll_exit
2021-09-14 08:05:19,098 DEBUG   SenderThread:1144164 [sender.py:send_request():193] send_request: poll_exit
2021-09-14 08:05:19,200 DEBUG   HandlerThread:1144164 [handler.py:handle_request():124] handle_request: poll_exit
2021-09-14 08:05:19,200 DEBUG   SenderThread:1144164 [sender.py:send_request():193] send_request: poll_exit
2021-09-14 08:05:19,301 DEBUG   HandlerThread:1144164 [handler.py:handle_request():124] handle_request: poll_exit
2021-09-14 08:05:19,302 DEBUG   SenderThread:1144164 [sender.py:send_request():193] send_request: poll_exit
2021-09-14 08:05:19,403 DEBUG   HandlerThread:1144164 [handler.py:handle_request():124] handle_request: poll_exit
2021-09-14 08:05:19,403 DEBUG   SenderThread:1144164 [sender.py:send_request():193] send_request: poll_exit
2021-09-14 08:05:19,505 DEBUG   HandlerThread:1144164 [handler.py:handle_request():124] handle_request: poll_exit
2021-09-14 08:05:19,506 DEBUG   SenderThread:1144164 [sender.py:send_request():193] send_request: poll_exit
2021-09-14 08:05:19,607 DEBUG   HandlerThread:1144164 [handler.py:handle_request():124] handle_request: poll_exit
2021-09-14 08:05:19,607 DEBUG   SenderThread:1144164 [sender.py:send_request():193] send_request: poll_exit
2021-09-14 08:05:19,709 DEBUG   HandlerThread:1144164 [handler.py:handle_request():124] handle_request: poll_exit
2021-09-14 08:05:19,709 DEBUG   SenderThread:1144164 [sender.py:send_request():193] send_request: poll_exit
2021-09-14 08:05:19,810 DEBUG   HandlerThread:1144164 [handler.py:handle_request():124] handle_request: poll_exit
2021-09-14 08:05:19,811 DEBUG   SenderThread:1144164 [sender.py:send_request():193] send_request: poll_exit
2021-09-14 08:05:19,912 DEBUG   HandlerThread:1144164 [handler.py:handle_request():124] handle_request: poll_exit
2021-09-14 08:05:19,912 DEBUG   SenderThread:1144164 [sender.py:send_request():193] send_request: poll_exit
2021-09-14 08:05:20,016 DEBUG   HandlerThread:1144164 [handler.py:handle_request():124] handle_request: poll_exit
2021-09-14 08:05:20,017 DEBUG   SenderThread:1144164 [sender.py:send_request():193] send_request: poll_exit
2021-09-14 08:05:20,118 DEBUG   HandlerThread:1144164 [handler.py:handle_request():124] handle_request: poll_exit
2021-09-14 08:05:20,118 DEBUG   SenderThread:1144164 [sender.py:send_request():193] send_request: poll_exit
2021-09-14 08:05:20,220 DEBUG   HandlerThread:1144164 [handler.py:handle_request():124] handle_request: poll_exit
2021-09-14 08:05:20,220 DEBUG   SenderThread:1144164 [sender.py:send_request():193] send_request: poll_exit
2021-09-14 08:05:20,322 DEBUG   HandlerThread:1144164 [handler.py:handle_request():124] handle_request: poll_exit
2021-09-14 08:05:20,322 DEBUG   SenderThread:1144164 [sender.py:send_request():193] send_request: poll_exit
2021-09-14 08:05:20,423 DEBUG   HandlerThread:1144164 [handler.py:handle_request():124] handle_request: poll_exit
2021-09-14 08:05:20,423 DEBUG   SenderThread:1144164 [sender.py:send_request():193] send_request: poll_exit
2021-09-14 08:05:20,525 DEBUG   HandlerThread:1144164 [handler.py:handle_request():124] handle_request: poll_exit
2021-09-14 08:05:20,525 DEBUG   SenderThread:1144164 [sender.py:send_request():193] send_request: poll_exit
2021-09-14 08:05:20,627 DEBUG   HandlerThread:1144164 [handler.py:handle_request():124] handle_request: poll_exit
2021-09-14 08:05:20,627 DEBUG   SenderThread:1144164 [sender.py:send_request():193] send_request: poll_exit
2021-09-14 08:05:20,729 DEBUG   HandlerThread:1144164 [handler.py:handle_request():124] handle_request: poll_exit
2021-09-14 08:05:20,729 DEBUG   SenderThread:1144164 [sender.py:send_request():193] send_request: poll_exit
2021-09-14 08:05:20,831 DEBUG   HandlerThread:1144164 [handler.py:handle_request():124] handle_request: poll_exit
2021-09-14 08:05:20,831 DEBUG   SenderThread:1144164 [sender.py:send_request():193] send_request: poll_exit
2021-09-14 08:05:20,933 DEBUG   HandlerThread:1144164 [handler.py:handle_request():124] handle_request: poll_exit
2021-09-14 08:05:20,933 DEBUG   SenderThread:1144164 [sender.py:send_request():193] send_request: poll_exit
2021-09-14 08:05:21,035 DEBUG   HandlerThread:1144164 [handler.py:handle_request():124] handle_request: poll_exit
2021-09-14 08:05:21,035 DEBUG   SenderThread:1144164 [sender.py:send_request():193] send_request: poll_exit
2021-09-14 08:05:21,136 DEBUG   HandlerThread:1144164 [handler.py:handle_request():124] handle_request: poll_exit
2021-09-14 08:05:21,136 DEBUG   SenderThread:1144164 [sender.py:send_request():193] send_request: poll_exit
2021-09-14 08:05:21,238 DEBUG   HandlerThread:1144164 [handler.py:handle_request():124] handle_request: poll_exit
2021-09-14 08:05:21,238 DEBUG   SenderThread:1144164 [sender.py:send_request():193] send_request: poll_exit
2021-09-14 08:05:21,340 DEBUG   HandlerThread:1144164 [handler.py:handle_request():124] handle_request: poll_exit
2021-09-14 08:05:21,340 DEBUG   SenderThread:1144164 [sender.py:send_request():193] send_request: poll_exit
2021-09-14 08:05:21,441 DEBUG   HandlerThread:1144164 [handler.py:handle_request():124] handle_request: poll_exit
2021-09-14 08:05:21,442 DEBUG   SenderThread:1144164 [sender.py:send_request():193] send_request: poll_exit
2021-09-14 08:05:21,543 DEBUG   HandlerThread:1144164 [handler.py:handle_request():124] handle_request: poll_exit
2021-09-14 08:05:21,543 DEBUG   SenderThread:1144164 [sender.py:send_request():193] send_request: poll_exit
2021-09-14 08:05:21,645 DEBUG   HandlerThread:1144164 [handler.py:handle_request():124] handle_request: poll_exit
2021-09-14 08:05:21,645 DEBUG   SenderThread:1144164 [sender.py:send_request():193] send_request: poll_exit
2021-09-14 08:05:21,747 DEBUG   HandlerThread:1144164 [handler.py:handle_request():124] handle_request: poll_exit
2021-09-14 08:05:21,747 DEBUG   SenderThread:1144164 [sender.py:send_request():193] send_request: poll_exit
2021-09-14 08:05:21,848 DEBUG   HandlerThread:1144164 [handler.py:handle_request():124] handle_request: poll_exit
2021-09-14 08:05:21,849 DEBUG   SenderThread:1144164 [sender.py:send_request():193] send_request: poll_exit
2021-09-14 08:05:21,950 DEBUG   HandlerThread:1144164 [handler.py:handle_request():124] handle_request: poll_exit
2021-09-14 08:05:21,950 DEBUG   SenderThread:1144164 [sender.py:send_request():193] send_request: poll_exit
2021-09-14 08:05:22,052 DEBUG   HandlerThread:1144164 [handler.py:handle_request():124] handle_request: poll_exit
2021-09-14 08:05:22,052 DEBUG   SenderThread:1144164 [sender.py:send_request():193] send_request: poll_exit
2021-09-14 08:05:22,154 DEBUG   HandlerThread:1144164 [handler.py:handle_request():124] handle_request: poll_exit
2021-09-14 08:05:22,154 DEBUG   SenderThread:1144164 [sender.py:send_request():193] send_request: poll_exit
2021-09-14 08:05:22,256 DEBUG   HandlerThread:1144164 [handler.py:handle_request():124] handle_request: poll_exit
2021-09-14 08:05:22,256 DEBUG   SenderThread:1144164 [sender.py:send_request():193] send_request: poll_exit
2021-09-14 08:05:22,357 DEBUG   HandlerThread:1144164 [handler.py:handle_request():124] handle_request: poll_exit
2021-09-14 08:05:22,358 DEBUG   SenderThread:1144164 [sender.py:send_request():193] send_request: poll_exit
2021-09-14 08:05:22,459 DEBUG   HandlerThread:1144164 [handler.py:handle_request():124] handle_request: poll_exit
2021-09-14 08:05:22,460 DEBUG   SenderThread:1144164 [sender.py:send_request():193] send_request: poll_exit
2021-09-14 08:05:22,561 DEBUG   HandlerThread:1144164 [handler.py:handle_request():124] handle_request: poll_exit
2021-09-14 08:05:22,561 DEBUG   SenderThread:1144164 [sender.py:send_request():193] send_request: poll_exit
2021-09-14 08:05:22,663 DEBUG   HandlerThread:1144164 [handler.py:handle_request():124] handle_request: poll_exit
2021-09-14 08:05:22,663 DEBUG   SenderThread:1144164 [sender.py:send_request():193] send_request: poll_exit
2021-09-14 08:05:22,765 DEBUG   HandlerThread:1144164 [handler.py:handle_request():124] handle_request: poll_exit
2021-09-14 08:05:22,765 DEBUG   SenderThread:1144164 [sender.py:send_request():193] send_request: poll_exit
2021-09-14 08:05:22,866 DEBUG   HandlerThread:1144164 [handler.py:handle_request():124] handle_request: poll_exit
2021-09-14 08:05:22,867 DEBUG   SenderThread:1144164 [sender.py:send_request():193] send_request: poll_exit
2021-09-14 08:05:22,968 DEBUG   HandlerThread:1144164 [handler.py:handle_request():124] handle_request: poll_exit
2021-09-14 08:05:22,968 DEBUG   SenderThread:1144164 [sender.py:send_request():193] send_request: poll_exit
2021-09-14 08:05:23,070 DEBUG   HandlerThread:1144164 [handler.py:handle_request():124] handle_request: poll_exit
2021-09-14 08:05:23,070 DEBUG   SenderThread:1144164 [sender.py:send_request():193] send_request: poll_exit
2021-09-14 08:05:23,171 DEBUG   HandlerThread:1144164 [handler.py:handle_request():124] handle_request: poll_exit
2021-09-14 08:05:23,172 DEBUG   SenderThread:1144164 [sender.py:send_request():193] send_request: poll_exit
2021-09-14 08:05:23,276 DEBUG   HandlerThread:1144164 [handler.py:handle_request():124] handle_request: poll_exit
2021-09-14 08:05:23,276 DEBUG   SenderThread:1144164 [sender.py:send_request():193] send_request: poll_exit
2021-09-14 08:05:23,381 DEBUG   HandlerThread:1144164 [handler.py:handle_request():124] handle_request: poll_exit
2021-09-14 08:05:23,381 DEBUG   SenderThread:1144164 [sender.py:send_request():193] send_request: poll_exit
2021-09-14 08:05:23,483 DEBUG   HandlerThread:1144164 [handler.py:handle_request():124] handle_request: poll_exit
2021-09-14 08:05:23,483 DEBUG   SenderThread:1144164 [sender.py:send_request():193] send_request: poll_exit
2021-09-14 08:05:23,587 DEBUG   HandlerThread:1144164 [handler.py:handle_request():124] handle_request: poll_exit
2021-09-14 08:05:23,588 DEBUG   SenderThread:1144164 [sender.py:send_request():193] send_request: poll_exit
2021-09-14 08:05:23,692 DEBUG   HandlerThread:1144164 [handler.py:handle_request():124] handle_request: poll_exit
2021-09-14 08:05:23,692 DEBUG   SenderThread:1144164 [sender.py:send_request():193] send_request: poll_exit
2021-09-14 08:05:23,796 DEBUG   HandlerThread:1144164 [handler.py:handle_request():124] handle_request: poll_exit
2021-09-14 08:05:23,797 DEBUG   SenderThread:1144164 [sender.py:send_request():193] send_request: poll_exit
2021-09-14 08:05:23,902 DEBUG   HandlerThread:1144164 [handler.py:handle_request():124] handle_request: poll_exit
2021-09-14 08:05:23,902 DEBUG   SenderThread:1144164 [sender.py:send_request():193] send_request: poll_exit
2021-09-14 08:05:24,004 DEBUG   HandlerThread:1144164 [handler.py:handle_request():124] handle_request: poll_exit
2021-09-14 08:05:24,004 DEBUG   SenderThread:1144164 [sender.py:send_request():193] send_request: poll_exit
2021-09-14 08:05:24,105 DEBUG   HandlerThread:1144164 [handler.py:handle_request():124] handle_request: poll_exit
2021-09-14 08:05:24,106 DEBUG   SenderThread:1144164 [sender.py:send_request():193] send_request: poll_exit
2021-09-14 08:05:24,207 DEBUG   HandlerThread:1144164 [handler.py:handle_request():124] handle_request: poll_exit
2021-09-14 08:05:24,207 DEBUG   SenderThread:1144164 [sender.py:send_request():193] send_request: poll_exit
2021-09-14 08:05:24,309 DEBUG   HandlerThread:1144164 [handler.py:handle_request():124] handle_request: poll_exit
2021-09-14 08:05:24,309 DEBUG   SenderThread:1144164 [sender.py:send_request():193] send_request: poll_exit
2021-09-14 08:05:24,410 DEBUG   HandlerThread:1144164 [handler.py:handle_request():124] handle_request: poll_exit
2021-09-14 08:05:24,411 DEBUG   SenderThread:1144164 [sender.py:send_request():193] send_request: poll_exit
2021-09-14 08:05:24,512 DEBUG   HandlerThread:1144164 [handler.py:handle_request():124] handle_request: poll_exit
2021-09-14 08:05:24,512 DEBUG   SenderThread:1144164 [sender.py:send_request():193] send_request: poll_exit
2021-09-14 08:05:24,614 DEBUG   HandlerThread:1144164 [handler.py:handle_request():124] handle_request: poll_exit
2021-09-14 08:05:24,614 DEBUG   SenderThread:1144164 [sender.py:send_request():193] send_request: poll_exit
2021-09-14 08:05:24,716 DEBUG   HandlerThread:1144164 [handler.py:handle_request():124] handle_request: poll_exit
2021-09-14 08:05:24,716 DEBUG   SenderThread:1144164 [sender.py:send_request():193] send_request: poll_exit
2021-09-14 08:05:24,817 DEBUG   HandlerThread:1144164 [handler.py:handle_request():124] handle_request: poll_exit
2021-09-14 08:05:24,818 DEBUG   SenderThread:1144164 [sender.py:send_request():193] send_request: poll_exit
2021-09-14 08:05:24,919 DEBUG   HandlerThread:1144164 [handler.py:handle_request():124] handle_request: poll_exit
2021-09-14 08:05:24,919 DEBUG   SenderThread:1144164 [sender.py:send_request():193] send_request: poll_exit
2021-09-14 08:05:25,021 DEBUG   HandlerThread:1144164 [handler.py:handle_request():124] handle_request: poll_exit
2021-09-14 08:05:25,021 DEBUG   SenderThread:1144164 [sender.py:send_request():193] send_request: poll_exit
2021-09-14 08:05:25,123 DEBUG   HandlerThread:1144164 [handler.py:handle_request():124] handle_request: poll_exit
2021-09-14 08:05:25,123 DEBUG   SenderThread:1144164 [sender.py:send_request():193] send_request: poll_exit
2021-09-14 08:05:25,224 DEBUG   HandlerThread:1144164 [handler.py:handle_request():124] handle_request: poll_exit
2021-09-14 08:05:25,224 DEBUG   SenderThread:1144164 [sender.py:send_request():193] send_request: poll_exit
2021-09-14 08:05:25,326 DEBUG   HandlerThread:1144164 [handler.py:handle_request():124] handle_request: poll_exit
2021-09-14 08:05:25,326 DEBUG   SenderThread:1144164 [sender.py:send_request():193] send_request: poll_exit
2021-09-14 08:05:25,428 DEBUG   HandlerThread:1144164 [handler.py:handle_request():124] handle_request: poll_exit
2021-09-14 08:05:25,428 DEBUG   SenderThread:1144164 [sender.py:send_request():193] send_request: poll_exit
2021-09-14 08:05:25,529 DEBUG   HandlerThread:1144164 [handler.py:handle_request():124] handle_request: poll_exit
2021-09-14 08:05:25,530 DEBUG   SenderThread:1144164 [sender.py:send_request():193] send_request: poll_exit
2021-09-14 08:05:25,631 DEBUG   HandlerThread:1144164 [handler.py:handle_request():124] handle_request: poll_exit
2021-09-14 08:05:25,631 DEBUG   SenderThread:1144164 [sender.py:send_request():193] send_request: poll_exit
2021-09-14 08:05:25,733 DEBUG   HandlerThread:1144164 [handler.py:handle_request():124] handle_request: poll_exit
2021-09-14 08:05:25,733 DEBUG   SenderThread:1144164 [sender.py:send_request():193] send_request: poll_exit
2021-09-14 08:05:25,835 DEBUG   HandlerThread:1144164 [handler.py:handle_request():124] handle_request: poll_exit
2021-09-14 08:05:25,835 DEBUG   SenderThread:1144164 [sender.py:send_request():193] send_request: poll_exit
2021-09-14 08:05:25,937 DEBUG   HandlerThread:1144164 [handler.py:handle_request():124] handle_request: poll_exit
2021-09-14 08:05:25,937 DEBUG   SenderThread:1144164 [sender.py:send_request():193] send_request: poll_exit
2021-09-14 08:05:26,038 DEBUG   HandlerThread:1144164 [handler.py:handle_request():124] handle_request: poll_exit
2021-09-14 08:05:26,039 DEBUG   SenderThread:1144164 [sender.py:send_request():193] send_request: poll_exit
2021-09-14 08:05:26,140 DEBUG   HandlerThread:1144164 [handler.py:handle_request():124] handle_request: poll_exit
2021-09-14 08:05:26,140 DEBUG   SenderThread:1144164 [sender.py:send_request():193] send_request: poll_exit
2021-09-14 08:05:26,242 DEBUG   HandlerThread:1144164 [handler.py:handle_request():124] handle_request: poll_exit
2021-09-14 08:05:26,242 DEBUG   SenderThread:1144164 [sender.py:send_request():193] send_request: poll_exit
2021-09-14 08:05:26,344 DEBUG   HandlerThread:1144164 [handler.py:handle_request():124] handle_request: poll_exit
2021-09-14 08:05:26,344 DEBUG   SenderThread:1144164 [sender.py:send_request():193] send_request: poll_exit
2021-09-14 08:05:26,445 DEBUG   HandlerThread:1144164 [handler.py:handle_request():124] handle_request: poll_exit
2021-09-14 08:05:26,446 DEBUG   SenderThread:1144164 [sender.py:send_request():193] send_request: poll_exit
2021-09-14 08:05:26,547 DEBUG   HandlerThread:1144164 [handler.py:handle_request():124] handle_request: poll_exit
2021-09-14 08:05:26,547 DEBUG   SenderThread:1144164 [sender.py:send_request():193] send_request: poll_exit
2021-09-14 08:05:26,652 DEBUG   HandlerThread:1144164 [handler.py:handle_request():124] handle_request: poll_exit
2021-09-14 08:05:26,652 DEBUG   SenderThread:1144164 [sender.py:send_request():193] send_request: poll_exit
2021-09-14 08:05:26,753 DEBUG   HandlerThread:1144164 [handler.py:handle_request():124] handle_request: poll_exit
2021-09-14 08:05:26,754 DEBUG   SenderThread:1144164 [sender.py:send_request():193] send_request: poll_exit
2021-09-14 08:05:26,855 DEBUG   HandlerThread:1144164 [handler.py:handle_request():124] handle_request: poll_exit
2021-09-14 08:05:26,855 DEBUG   SenderThread:1144164 [sender.py:send_request():193] send_request: poll_exit
2021-09-14 08:05:26,957 DEBUG   HandlerThread:1144164 [handler.py:handle_request():124] handle_request: poll_exit
2021-09-14 08:05:26,957 DEBUG   SenderThread:1144164 [sender.py:send_request():193] send_request: poll_exit
2021-09-14 08:05:27,059 DEBUG   HandlerThread:1144164 [handler.py:handle_request():124] handle_request: poll_exit
2021-09-14 08:05:27,059 DEBUG   SenderThread:1144164 [sender.py:send_request():193] send_request: poll_exit
2021-09-14 08:05:27,160 DEBUG   HandlerThread:1144164 [handler.py:handle_request():124] handle_request: poll_exit
2021-09-14 08:05:27,161 DEBUG   SenderThread:1144164 [sender.py:send_request():193] send_request: poll_exit
2021-09-14 08:05:27,262 DEBUG   HandlerThread:1144164 [handler.py:handle_request():124] handle_request: poll_exit
2021-09-14 08:05:27,262 DEBUG   SenderThread:1144164 [sender.py:send_request():193] send_request: poll_exit
2021-09-14 08:05:27,364 DEBUG   HandlerThread:1144164 [handler.py:handle_request():124] handle_request: poll_exit
2021-09-14 08:05:27,364 DEBUG   SenderThread:1144164 [sender.py:send_request():193] send_request: poll_exit
2021-09-14 08:05:27,466 DEBUG   HandlerThread:1144164 [handler.py:handle_request():124] handle_request: poll_exit
2021-09-14 08:05:27,466 DEBUG   SenderThread:1144164 [sender.py:send_request():193] send_request: poll_exit
2021-09-14 08:05:27,567 DEBUG   HandlerThread:1144164 [handler.py:handle_request():124] handle_request: poll_exit
2021-09-14 08:05:27,567 DEBUG   SenderThread:1144164 [sender.py:send_request():193] send_request: poll_exit
2021-09-14 08:05:27,669 DEBUG   HandlerThread:1144164 [handler.py:handle_request():124] handle_request: poll_exit
2021-09-14 08:05:27,669 DEBUG   SenderThread:1144164 [sender.py:send_request():193] send_request: poll_exit
2021-09-14 08:05:27,770 DEBUG   HandlerThread:1144164 [handler.py:handle_request():124] handle_request: poll_exit
2021-09-14 08:05:27,771 DEBUG   SenderThread:1144164 [sender.py:send_request():193] send_request: poll_exit
2021-09-14 08:05:27,872 DEBUG   HandlerThread:1144164 [handler.py:handle_request():124] handle_request: poll_exit
2021-09-14 08:05:27,872 DEBUG   SenderThread:1144164 [sender.py:send_request():193] send_request: poll_exit
2021-09-14 08:05:27,974 DEBUG   HandlerThread:1144164 [handler.py:handle_request():124] handle_request: poll_exit
2021-09-14 08:05:27,974 DEBUG   SenderThread:1144164 [sender.py:send_request():193] send_request: poll_exit
2021-09-14 08:05:28,076 DEBUG   HandlerThread:1144164 [handler.py:handle_request():124] handle_request: poll_exit
2021-09-14 08:05:28,076 DEBUG   SenderThread:1144164 [sender.py:send_request():193] send_request: poll_exit
2021-09-14 08:05:28,177 DEBUG   HandlerThread:1144164 [handler.py:handle_request():124] handle_request: poll_exit
2021-09-14 08:05:28,177 DEBUG   SenderThread:1144164 [sender.py:send_request():193] send_request: poll_exit
2021-09-14 08:05:28,279 DEBUG   HandlerThread:1144164 [handler.py:handle_request():124] handle_request: poll_exit
2021-09-14 08:05:28,279 DEBUG   SenderThread:1144164 [sender.py:send_request():193] send_request: poll_exit
2021-09-14 08:05:28,381 DEBUG   HandlerThread:1144164 [handler.py:handle_request():124] handle_request: poll_exit
2021-09-14 08:05:28,381 DEBUG   SenderThread:1144164 [sender.py:send_request():193] send_request: poll_exit
2021-09-14 08:05:28,482 DEBUG   HandlerThread:1144164 [handler.py:handle_request():124] handle_request: poll_exit
2021-09-14 08:05:28,482 DEBUG   SenderThread:1144164 [sender.py:send_request():193] send_request: poll_exit
2021-09-14 08:05:28,584 DEBUG   HandlerThread:1144164 [handler.py:handle_request():124] handle_request: poll_exit
2021-09-14 08:05:28,584 DEBUG   SenderThread:1144164 [sender.py:send_request():193] send_request: poll_exit
2021-09-14 08:05:28,689 DEBUG   HandlerThread:1144164 [handler.py:handle_request():124] handle_request: poll_exit
2021-09-14 08:05:28,689 DEBUG   SenderThread:1144164 [sender.py:send_request():193] send_request: poll_exit
2021-09-14 08:05:28,791 DEBUG   HandlerThread:1144164 [handler.py:handle_request():124] handle_request: poll_exit
2021-09-14 08:05:28,791 DEBUG   SenderThread:1144164 [sender.py:send_request():193] send_request: poll_exit
2021-09-14 08:05:28,892 DEBUG   HandlerThread:1144164 [handler.py:handle_request():124] handle_request: poll_exit
2021-09-14 08:05:28,893 DEBUG   SenderThread:1144164 [sender.py:send_request():193] send_request: poll_exit
2021-09-14 08:05:29,004 DEBUG   HandlerThread:1144164 [handler.py:handle_request():124] handle_request: poll_exit
2021-09-14 08:05:29,004 DEBUG   SenderThread:1144164 [sender.py:send_request():193] send_request: poll_exit
2021-09-14 08:05:29,105 DEBUG   HandlerThread:1144164 [handler.py:handle_request():124] handle_request: poll_exit
2021-09-14 08:05:29,106 DEBUG   SenderThread:1144164 [sender.py:send_request():193] send_request: poll_exit
2021-09-14 08:05:29,207 DEBUG   HandlerThread:1144164 [handler.py:handle_request():124] handle_request: poll_exit
2021-09-14 08:05:29,207 DEBUG   SenderThread:1144164 [sender.py:send_request():193] send_request: poll_exit
2021-09-14 08:05:29,309 DEBUG   HandlerThread:1144164 [handler.py:handle_request():124] handle_request: poll_exit
2021-09-14 08:05:29,309 DEBUG   SenderThread:1144164 [sender.py:send_request():193] send_request: poll_exit
2021-09-14 08:05:29,410 DEBUG   HandlerThread:1144164 [handler.py:handle_request():124] handle_request: poll_exit
2021-09-14 08:05:29,411 DEBUG   SenderThread:1144164 [sender.py:send_request():193] send_request: poll_exit
2021-09-14 08:05:29,512 DEBUG   HandlerThread:1144164 [handler.py:handle_request():124] handle_request: poll_exit
2021-09-14 08:05:29,512 DEBUG   SenderThread:1144164 [sender.py:send_request():193] send_request: poll_exit
2021-09-14 08:05:29,614 DEBUG   HandlerThread:1144164 [handler.py:handle_request():124] handle_request: poll_exit
2021-09-14 08:05:29,614 DEBUG   SenderThread:1144164 [sender.py:send_request():193] send_request: poll_exit
2021-09-14 08:05:29,716 DEBUG   HandlerThread:1144164 [handler.py:handle_request():124] handle_request: poll_exit
2021-09-14 08:05:29,716 DEBUG   SenderThread:1144164 [sender.py:send_request():193] send_request: poll_exit
2021-09-14 08:05:29,817 DEBUG   HandlerThread:1144164 [handler.py:handle_request():124] handle_request: poll_exit
2021-09-14 08:05:29,817 DEBUG   SenderThread:1144164 [sender.py:send_request():193] send_request: poll_exit
2021-09-14 08:05:29,919 DEBUG   HandlerThread:1144164 [handler.py:handle_request():124] handle_request: poll_exit
2021-09-14 08:05:29,919 DEBUG   SenderThread:1144164 [sender.py:send_request():193] send_request: poll_exit
2021-09-14 08:05:30,021 DEBUG   HandlerThread:1144164 [handler.py:handle_request():124] handle_request: poll_exit
2021-09-14 08:05:30,021 DEBUG   SenderThread:1144164 [sender.py:send_request():193] send_request: poll_exit
2021-09-14 08:05:30,122 DEBUG   HandlerThread:1144164 [handler.py:handle_request():124] handle_request: poll_exit
2021-09-14 08:05:30,123 DEBUG   SenderThread:1144164 [sender.py:send_request():193] send_request: poll_exit
2021-09-14 08:05:30,224 DEBUG   HandlerThread:1144164 [handler.py:handle_request():124] handle_request: poll_exit
2021-09-14 08:05:30,224 DEBUG   SenderThread:1144164 [sender.py:send_request():193] send_request: poll_exit
2021-09-14 08:05:30,326 DEBUG   HandlerThread:1144164 [handler.py:handle_request():124] handle_request: poll_exit
2021-09-14 08:05:30,326 DEBUG   SenderThread:1144164 [sender.py:send_request():193] send_request: poll_exit
2021-09-14 08:05:30,428 DEBUG   HandlerThread:1144164 [handler.py:handle_request():124] handle_request: poll_exit
2021-09-14 08:05:30,428 DEBUG   SenderThread:1144164 [sender.py:send_request():193] send_request: poll_exit
2021-09-14 08:05:30,530 DEBUG   HandlerThread:1144164 [handler.py:handle_request():124] handle_request: poll_exit
2021-09-14 08:05:30,530 DEBUG   SenderThread:1144164 [sender.py:send_request():193] send_request: poll_exit
2021-09-14 08:05:30,634 DEBUG   HandlerThread:1144164 [handler.py:handle_request():124] handle_request: poll_exit
2021-09-14 08:05:30,634 DEBUG   SenderThread:1144164 [sender.py:send_request():193] send_request: poll_exit
2021-09-14 08:05:30,736 DEBUG   HandlerThread:1144164 [handler.py:handle_request():124] handle_request: poll_exit
2021-09-14 08:05:30,736 DEBUG   SenderThread:1144164 [sender.py:send_request():193] send_request: poll_exit
2021-09-14 08:05:30,838 DEBUG   HandlerThread:1144164 [handler.py:handle_request():124] handle_request: poll_exit
2021-09-14 08:05:30,838 DEBUG   SenderThread:1144164 [sender.py:send_request():193] send_request: poll_exit
2021-09-14 08:05:30,939 DEBUG   HandlerThread:1144164 [handler.py:handle_request():124] handle_request: poll_exit
2021-09-14 08:05:30,940 DEBUG   SenderThread:1144164 [sender.py:send_request():193] send_request: poll_exit
2021-09-14 08:05:31,041 DEBUG   HandlerThread:1144164 [handler.py:handle_request():124] handle_request: poll_exit
2021-09-14 08:05:31,041 DEBUG   SenderThread:1144164 [sender.py:send_request():193] send_request: poll_exit
2021-09-14 08:05:31,143 DEBUG   HandlerThread:1144164 [handler.py:handle_request():124] handle_request: poll_exit
2021-09-14 08:05:31,143 DEBUG   SenderThread:1144164 [sender.py:send_request():193] send_request: poll_exit
2021-09-14 08:05:31,245 DEBUG   HandlerThread:1144164 [handler.py:handle_request():124] handle_request: poll_exit
2021-09-14 08:05:31,245 DEBUG   SenderThread:1144164 [sender.py:send_request():193] send_request: poll_exit
2021-09-14 08:05:31,347 DEBUG   HandlerThread:1144164 [handler.py:handle_request():124] handle_request: poll_exit
2021-09-14 08:05:31,347 DEBUG   SenderThread:1144164 [sender.py:send_request():193] send_request: poll_exit
2021-09-14 08:05:31,448 DEBUG   HandlerThread:1144164 [handler.py:handle_request():124] handle_request: poll_exit
2021-09-14 08:05:31,449 DEBUG   SenderThread:1144164 [sender.py:send_request():193] send_request: poll_exit
2021-09-14 08:05:31,550 DEBUG   HandlerThread:1144164 [handler.py:handle_request():124] handle_request: poll_exit
2021-09-14 08:05:31,550 DEBUG   SenderThread:1144164 [sender.py:send_request():193] send_request: poll_exit
2021-09-14 08:05:31,655 DEBUG   HandlerThread:1144164 [handler.py:handle_request():124] handle_request: poll_exit
2021-09-14 08:05:31,655 DEBUG   SenderThread:1144164 [sender.py:send_request():193] send_request: poll_exit
2021-09-14 08:05:31,756 DEBUG   HandlerThread:1144164 [handler.py:handle_request():124] handle_request: poll_exit
2021-09-14 08:05:31,756 DEBUG   SenderThread:1144164 [sender.py:send_request():193] send_request: poll_exit
2021-09-14 08:05:31,858 DEBUG   HandlerThread:1144164 [handler.py:handle_request():124] handle_request: poll_exit
2021-09-14 08:05:31,858 DEBUG   SenderThread:1144164 [sender.py:send_request():193] send_request: poll_exit
2021-09-14 08:05:31,960 DEBUG   HandlerThread:1144164 [handler.py:handle_request():124] handle_request: poll_exit
2021-09-14 08:05:31,960 DEBUG   SenderThread:1144164 [sender.py:send_request():193] send_request: poll_exit
2021-09-14 08:05:32,062 DEBUG   HandlerThread:1144164 [handler.py:handle_request():124] handle_request: poll_exit
2021-09-14 08:05:32,062 DEBUG   SenderThread:1144164 [sender.py:send_request():193] send_request: poll_exit
2021-09-14 08:05:32,163 DEBUG   HandlerThread:1144164 [handler.py:handle_request():124] handle_request: poll_exit
2021-09-14 08:05:32,164 DEBUG   SenderThread:1144164 [sender.py:send_request():193] send_request: poll_exit
2021-09-14 08:05:32,265 DEBUG   HandlerThread:1144164 [handler.py:handle_request():124] handle_request: poll_exit
2021-09-14 08:05:32,265 DEBUG   SenderThread:1144164 [sender.py:send_request():193] send_request: poll_exit
2021-09-14 08:05:32,370 DEBUG   HandlerThread:1144164 [handler.py:handle_request():124] handle_request: poll_exit
2021-09-14 08:05:32,370 DEBUG   SenderThread:1144164 [sender.py:send_request():193] send_request: poll_exit
2021-09-14 08:05:32,475 DEBUG   HandlerThread:1144164 [handler.py:handle_request():124] handle_request: poll_exit
2021-09-14 08:05:32,475 DEBUG   SenderThread:1144164 [sender.py:send_request():193] send_request: poll_exit
2021-09-14 08:05:32,580 DEBUG   HandlerThread:1144164 [handler.py:handle_request():124] handle_request: poll_exit
2021-09-14 08:05:32,580 DEBUG   SenderThread:1144164 [sender.py:send_request():193] send_request: poll_exit
2021-09-14 08:05:32,685 DEBUG   HandlerThread:1144164 [handler.py:handle_request():124] handle_request: poll_exit
2021-09-14 08:05:32,685 DEBUG   SenderThread:1144164 [sender.py:send_request():193] send_request: poll_exit
2021-09-14 08:05:32,789 DEBUG   HandlerThread:1144164 [handler.py:handle_request():124] handle_request: poll_exit
2021-09-14 08:05:32,790 DEBUG   SenderThread:1144164 [sender.py:send_request():193] send_request: poll_exit
2021-09-14 08:05:32,894 DEBUG   HandlerThread:1144164 [handler.py:handle_request():124] handle_request: poll_exit
2021-09-14 08:05:32,894 DEBUG   SenderThread:1144164 [sender.py:send_request():193] send_request: poll_exit
2021-09-14 08:05:32,999 DEBUG   HandlerThread:1144164 [handler.py:handle_request():124] handle_request: poll_exit
2021-09-14 08:05:32,999 DEBUG   SenderThread:1144164 [sender.py:send_request():193] send_request: poll_exit
2021-09-14 08:05:33,104 DEBUG   HandlerThread:1144164 [handler.py:handle_request():124] handle_request: poll_exit
2021-09-14 08:05:33,104 DEBUG   SenderThread:1144164 [sender.py:send_request():193] send_request: poll_exit
2021-09-14 08:05:33,209 DEBUG   HandlerThread:1144164 [handler.py:handle_request():124] handle_request: poll_exit
2021-09-14 08:05:33,209 DEBUG   SenderThread:1144164 [sender.py:send_request():193] send_request: poll_exit
2021-09-14 08:05:33,310 DEBUG   HandlerThread:1144164 [handler.py:handle_request():124] handle_request: poll_exit
2021-09-14 08:05:33,311 DEBUG   SenderThread:1144164 [sender.py:send_request():193] send_request: poll_exit
2021-09-14 08:05:33,412 DEBUG   HandlerThread:1144164 [handler.py:handle_request():124] handle_request: poll_exit
2021-09-14 08:05:33,413 DEBUG   SenderThread:1144164 [sender.py:send_request():193] send_request: poll_exit
2021-09-14 08:05:33,514 DEBUG   HandlerThread:1144164 [handler.py:handle_request():124] handle_request: poll_exit
2021-09-14 08:05:33,514 DEBUG   SenderThread:1144164 [sender.py:send_request():193] send_request: poll_exit
2021-09-14 08:05:33,616 DEBUG   HandlerThread:1144164 [handler.py:handle_request():124] handle_request: poll_exit
2021-09-14 08:05:33,616 DEBUG   SenderThread:1144164 [sender.py:send_request():193] send_request: poll_exit
2021-09-14 08:05:33,718 DEBUG   HandlerThread:1144164 [handler.py:handle_request():124] handle_request: poll_exit
2021-09-14 08:05:33,718 DEBUG   SenderThread:1144164 [sender.py:send_request():193] send_request: poll_exit
2021-09-14 08:05:33,819 DEBUG   HandlerThread:1144164 [handler.py:handle_request():124] handle_request: poll_exit
2021-09-14 08:05:33,820 DEBUG   SenderThread:1144164 [sender.py:send_request():193] send_request: poll_exit
2021-09-14 08:05:33,921 DEBUG   HandlerThread:1144164 [handler.py:handle_request():124] handle_request: poll_exit
2021-09-14 08:05:33,921 DEBUG   SenderThread:1144164 [sender.py:send_request():193] send_request: poll_exit
2021-09-14 08:05:34,023 DEBUG   HandlerThread:1144164 [handler.py:handle_request():124] handle_request: poll_exit
2021-09-14 08:05:34,023 DEBUG   SenderThread:1144164 [sender.py:send_request():193] send_request: poll_exit
2021-09-14 08:05:34,125 DEBUG   HandlerThread:1144164 [handler.py:handle_request():124] handle_request: poll_exit
2021-09-14 08:05:34,125 DEBUG   SenderThread:1144164 [sender.py:send_request():193] send_request: poll_exit
2021-09-14 08:05:34,227 DEBUG   HandlerThread:1144164 [handler.py:handle_request():124] handle_request: poll_exit
2021-09-14 08:05:34,227 DEBUG   SenderThread:1144164 [sender.py:send_request():193] send_request: poll_exit
2021-09-14 08:05:34,329 DEBUG   HandlerThread:1144164 [handler.py:handle_request():124] handle_request: poll_exit
2021-09-14 08:05:34,329 DEBUG   SenderThread:1144164 [sender.py:send_request():193] send_request: poll_exit
2021-09-14 08:05:34,430 DEBUG   HandlerThread:1144164 [handler.py:handle_request():124] handle_request: poll_exit
2021-09-14 08:05:34,431 DEBUG   SenderThread:1144164 [sender.py:send_request():193] send_request: poll_exit
2021-09-14 08:05:34,535 DEBUG   HandlerThread:1144164 [handler.py:handle_request():124] handle_request: poll_exit
2021-09-14 08:05:34,535 DEBUG   SenderThread:1144164 [sender.py:send_request():193] send_request: poll_exit
2021-09-14 08:05:34,637 DEBUG   HandlerThread:1144164 [handler.py:handle_request():124] handle_request: poll_exit
2021-09-14 08:05:34,637 DEBUG   SenderThread:1144164 [sender.py:send_request():193] send_request: poll_exit
2021-09-14 08:05:34,739 DEBUG   HandlerThread:1144164 [handler.py:handle_request():124] handle_request: poll_exit
2021-09-14 08:05:34,739 DEBUG   SenderThread:1144164 [sender.py:send_request():193] send_request: poll_exit
2021-09-14 08:05:34,840 DEBUG   HandlerThread:1144164 [handler.py:handle_request():124] handle_request: poll_exit
2021-09-14 08:05:34,841 DEBUG   SenderThread:1144164 [sender.py:send_request():193] send_request: poll_exit
2021-09-14 08:05:34,942 DEBUG   HandlerThread:1144164 [handler.py:handle_request():124] handle_request: poll_exit
2021-09-14 08:05:34,942 DEBUG   SenderThread:1144164 [sender.py:send_request():193] send_request: poll_exit
2021-09-14 08:05:35,044 DEBUG   HandlerThread:1144164 [handler.py:handle_request():124] handle_request: poll_exit
2021-09-14 08:05:35,044 DEBUG   SenderThread:1144164 [sender.py:send_request():193] send_request: poll_exit
2021-09-14 08:05:35,099 INFO    Thread-11 :1144164 [upload_job.py:push():137] Uploaded file /tmp/3287101.1.gpu.q/tmppm6trsb5wandb/19k5om4b-wandb-metadata.json
2021-09-14 08:05:35,146 DEBUG   HandlerThread:1144164 [handler.py:handle_request():124] handle_request: poll_exit
2021-09-14 08:05:35,146 DEBUG   SenderThread:1144164 [sender.py:send_request():193] send_request: poll_exit
2021-09-14 08:05:35,248 DEBUG   HandlerThread:1144164 [handler.py:handle_request():124] handle_request: poll_exit
2021-09-14 08:05:35,248 DEBUG   SenderThread:1144164 [sender.py:send_request():193] send_request: poll_exit
2021-09-14 08:05:35,299 INFO    Thread-7  :1144164 [sender.py:transition_state():308] send defer: 7
2021-09-14 08:05:35,300 DEBUG   HandlerThread:1144164 [handler.py:handle_request():124] handle_request: defer
2021-09-14 08:05:35,300 INFO    HandlerThread:1144164 [handler.py:handle_request_defer():141] handle defer: 7
2021-09-14 08:05:35,300 DEBUG   SenderThread:1144164 [sender.py:send_request():193] send_request: defer
2021-09-14 08:05:35,300 INFO    SenderThread:1144164 [sender.py:send_request_defer():304] handle sender defer: 7
2021-09-14 08:05:35,349 DEBUG   HandlerThread:1144164 [handler.py:handle_request():124] handle_request: poll_exit
2021-09-14 08:05:35,351 INFO    SenderThread:1144164 [sender.py:transition_state():308] send defer: 8
2021-09-14 08:05:35,351 DEBUG   SenderThread:1144164 [sender.py:send_request():193] send_request: poll_exit
2021-09-14 08:05:35,352 DEBUG   HandlerThread:1144164 [handler.py:handle_request():124] handle_request: defer
2021-09-14 08:05:35,352 INFO    HandlerThread:1144164 [handler.py:handle_request_defer():141] handle defer: 8
2021-09-14 08:05:35,352 DEBUG   SenderThread:1144164 [sender.py:send_request():193] send_request: defer
2021-09-14 08:05:35,352 INFO    SenderThread:1144164 [sender.py:send_request_defer():304] handle sender defer: 8
2021-09-14 08:05:35,353 INFO    SenderThread:1144164 [sender.py:transition_state():308] send defer: 9
2021-09-14 08:05:35,353 DEBUG   SenderThread:1144164 [sender.py:send():179] send: final
2021-09-14 08:05:35,353 DEBUG   HandlerThread:1144164 [handler.py:handle_request():124] handle_request: defer
2021-09-14 08:05:35,353 DEBUG   SenderThread:1144164 [sender.py:send():179] send: footer
2021-09-14 08:05:35,353 INFO    HandlerThread:1144164 [handler.py:handle_request_defer():141] handle defer: 9
2021-09-14 08:05:35,353 DEBUG   SenderThread:1144164 [sender.py:send_request():193] send_request: defer
2021-09-14 08:05:35,353 INFO    SenderThread:1144164 [sender.py:send_request_defer():304] handle sender defer: 9
2021-09-14 08:05:35,454 DEBUG   HandlerThread:1144164 [handler.py:handle_request():124] handle_request: poll_exit
2021-09-14 08:05:35,454 DEBUG   SenderThread:1144164 [sender.py:send_request():193] send_request: poll_exit
2021-09-14 08:05:35,454 INFO    SenderThread:1144164 [file_pusher.py:join():182] waiting for file pusher
2021-09-14 08:05:35,456 DEBUG   HandlerThread:1144164 [handler.py:handle_request():124] handle_request: get_summary
2021-09-14 08:05:35,457 DEBUG   HandlerThread:1144164 [handler.py:handle_request():124] handle_request: sampled_history
2021-09-14 08:05:35,457 DEBUG   HandlerThread:1144164 [handler.py:handle_request():124] handle_request: shutdown
2021-09-14 08:05:35,457 INFO    HandlerThread:1144164 [handler.py:finish():638] shutting down handler
2021-09-14 08:05:36,353 INFO    WriterThread:1144164 [datastore.py:close():288] close: /grid/koo/home/toneyan/profile/QuantPred/wandb/run-20210914_080419-puzyracq/run-puzyracq.wandb
2021-09-14 08:05:36,454 INFO    SenderThread:1144164 [sender.py:finish():945] shutting down sender
2021-09-14 08:05:36,455 INFO    SenderThread:1144164 [file_pusher.py:finish():177] shutting down file pusher
2021-09-14 08:05:36,455 INFO    SenderThread:1144164 [file_pusher.py:join():182] waiting for file pusher
2021-09-14 08:05:36,457 INFO    MainThread:1144164 [internal.py:handle_exit():78] Internal process exited
