2021-09-18 20:11:52,896 INFO    MainThread:115718 [internal.py:wandb_internal():91] W&B internal server running at pid: 115718, started at: 2021-09-18 20:11:52.895356
2021-09-18 20:11:52,897 DEBUG   HandlerThread:115718 [handler.py:handle_request():124] handle_request: check_version
2021-09-18 20:11:52,897 INFO    WriterThread:115718 [datastore.py:open_for_write():80] open: /grid/koo/home/toneyan/profile/QuantPred/wandb/run-20210918_201152-j86iigvi/run-j86iigvi.wandb
2021-09-18 20:11:52,899 DEBUG   SenderThread:115718 [sender.py:send():179] send: header
2021-09-18 20:11:52,899 DEBUG   SenderThread:115718 [sender.py:send_request():193] send_request: check_version
2021-09-18 20:11:52,930 DEBUG   SenderThread:115718 [sender.py:send():179] send: run
2021-09-18 20:11:53,004 INFO    SenderThread:115718 [dir_watcher.py:__init__():168] watching files in: /grid/koo/home/toneyan/profile/QuantPred/wandb/run-20210918_201152-j86iigvi/files
2021-09-18 20:11:53,004 INFO    SenderThread:115718 [sender.py:_start_run_threads():719] run started: j86iigvi with start time 1632010312
2021-09-18 20:11:53,004 DEBUG   SenderThread:115718 [sender.py:send():179] send: summary
2021-09-18 20:11:53,005 INFO    SenderThread:115718 [sender.py:_save_file():841] saving file wandb-summary.json with policy end
2021-09-18 20:11:53,006 DEBUG   HandlerThread:115718 [handler.py:handle_request():124] handle_request: run_start
2021-09-18 20:11:54,012 INFO    Thread-8  :115718 [dir_watcher.py:_on_file_created():216] file/dir created: /grid/koo/home/toneyan/profile/QuantPred/wandb/run-20210918_201152-j86iigvi/files/wandb-summary.json
2021-09-18 20:11:54,219 DEBUG   HandlerThread:115718 [meta.py:__init__():39] meta init
2021-09-18 20:11:54,220 DEBUG   HandlerThread:115718 [meta.py:__init__():53] meta init done
2021-09-18 20:11:54,220 DEBUG   HandlerThread:115718 [meta.py:probe():210] probe
2021-09-18 20:11:54,225 DEBUG   HandlerThread:115718 [meta.py:_save_pip():57] save pip
2021-09-18 20:11:54,226 DEBUG   HandlerThread:115718 [meta.py:_save_pip():71] save pip done
2021-09-18 20:11:54,226 DEBUG   HandlerThread:115718 [meta.py:probe():252] probe done
2021-09-18 20:11:54,228 DEBUG   SenderThread:115718 [sender.py:send():179] send: files
2021-09-18 20:11:54,229 INFO    SenderThread:115718 [sender.py:_save_file():841] saving file wandb-metadata.json with policy now
2021-09-18 20:11:54,236 DEBUG   HandlerThread:115718 [handler.py:handle_request():124] handle_request: stop_status
2021-09-18 20:11:54,236 DEBUG   SenderThread:115718 [sender.py:send_request():193] send_request: stop_status
2021-09-18 20:11:54,531 INFO    Thread-11 :115718 [upload_job.py:push():137] Uploaded file /tmp/3288843.1.gpu_ded.q/tmpjrt5s_3bwandb/38n4dy0d-wandb-metadata.json
2021-09-18 20:11:55,011 INFO    Thread-8  :115718 [dir_watcher.py:_on_file_created():216] file/dir created: /grid/koo/home/toneyan/profile/QuantPred/wandb/run-20210918_201152-j86iigvi/files/requirements.txt
2021-09-18 20:11:55,011 INFO    Thread-8  :115718 [dir_watcher.py:_on_file_created():216] file/dir created: /grid/koo/home/toneyan/profile/QuantPred/wandb/run-20210918_201152-j86iigvi/files/output.log
2021-09-18 20:11:55,011 INFO    Thread-8  :115718 [dir_watcher.py:_on_file_created():216] file/dir created: /grid/koo/home/toneyan/profile/QuantPred/wandb/run-20210918_201152-j86iigvi/files/wandb-metadata.json
2021-09-18 20:12:09,298 DEBUG   HandlerThread:115718 [handler.py:handle_request():124] handle_request: stop_status
2021-09-18 20:12:09,299 DEBUG   SenderThread:115718 [sender.py:send_request():193] send_request: stop_status
2021-09-18 20:12:09,355 ERROR   SenderThread:115718 [internal_api.py:execute():130] 429 response executing GraphQL.
2021-09-18 20:12:09,356 ERROR   SenderThread:115718 [internal_api.py:execute():131] {"error":"rate limit exceeded"}

2021-09-18 20:12:10,463 ERROR   SenderThread:115718 [internal_api.py:execute():130] 429 response executing GraphQL.
2021-09-18 20:12:10,463 ERROR   SenderThread:115718 [internal_api.py:execute():131] {"error":"rate limit exceeded"}

2021-09-18 20:12:12,973 ERROR   SenderThread:115718 [internal_api.py:execute():130] 429 response executing GraphQL.
2021-09-18 20:12:12,974 ERROR   SenderThread:115718 [internal_api.py:execute():131] {"error":"rate limit exceeded"}

2021-09-18 20:12:12,974 ERROR   SenderThread:115718 [retry.py:__call__():126] Retry attempt failed:
Traceback (most recent call last):
  File "/usr/local/lib/python3.6/dist-packages/wandb/sdk/lib/retry.py", line 102, in __call__
    result = self._call_fn(*args, **kwargs)
  File "/usr/local/lib/python3.6/dist-packages/wandb/sdk/internal/internal_api.py", line 133, in execute
    six.reraise(*sys.exc_info())
  File "/usr/local/lib/python3.6/dist-packages/six.py", line 719, in reraise
    raise value
  File "/usr/local/lib/python3.6/dist-packages/wandb/sdk/internal/internal_api.py", line 127, in execute
    return self.client.execute(*args, **kwargs)
  File "/usr/local/lib/python3.6/dist-packages/wandb/vendor/gql-0.2.0/gql/client.py", line 52, in execute
    result = self._get_result(document, *args, **kwargs)
  File "/usr/local/lib/python3.6/dist-packages/wandb/vendor/gql-0.2.0/gql/client.py", line 60, in _get_result
    return self.transport.execute(document, *args, **kwargs)
  File "/usr/local/lib/python3.6/dist-packages/wandb/vendor/gql-0.2.0/gql/transport/requests.py", line 39, in execute
    request.raise_for_status()
  File "/usr/local/lib/python3.6/dist-packages/requests/models.py", line 943, in raise_for_status
    raise HTTPError(http_error_msg, response=self)
requests.exceptions.HTTPError: 429 Client Error: Too Many Requests for url: https://api.wandb.ai/graphql
2021-09-18 20:12:22,605 DEBUG   SenderThread:115718 [sender.py:send():179] send: stats
2021-09-18 20:12:28,043 DEBUG   HandlerThread:115718 [handler.py:handle_request():124] handle_request: poll_exit
2021-09-18 20:12:28,043 DEBUG   SenderThread:115718 [sender.py:send():179] send: telemetry
2021-09-18 20:12:28,044 DEBUG   SenderThread:115718 [sender.py:send():179] send: exit
2021-09-18 20:12:28,044 INFO    SenderThread:115718 [sender.py:send_exit():287] handling exit code: 1
2021-09-18 20:12:28,044 INFO    SenderThread:115718 [sender.py:send_exit():295] send defer
2021-09-18 20:12:28,044 DEBUG   SenderThread:115718 [sender.py:send_request():193] send_request: poll_exit
2021-09-18 20:12:28,044 DEBUG   HandlerThread:115718 [handler.py:handle_request():124] handle_request: defer
2021-09-18 20:12:28,044 INFO    HandlerThread:115718 [handler.py:handle_request_defer():141] handle defer: 0
2021-09-18 20:12:28,044 DEBUG   SenderThread:115718 [sender.py:send_request():193] send_request: defer
2021-09-18 20:12:28,044 INFO    SenderThread:115718 [sender.py:send_request_defer():304] handle sender defer: 0
2021-09-18 20:12:28,044 INFO    SenderThread:115718 [sender.py:transition_state():308] send defer: 1
2021-09-18 20:12:28,045 DEBUG   HandlerThread:115718 [handler.py:handle_request():124] handle_request: defer
2021-09-18 20:12:28,045 INFO    HandlerThread:115718 [handler.py:handle_request_defer():141] handle defer: 1
2021-09-18 20:12:28,075 DEBUG   SenderThread:115718 [sender.py:send_request():193] send_request: defer
2021-09-18 20:12:28,075 INFO    SenderThread:115718 [sender.py:send_request_defer():304] handle sender defer: 1
2021-09-18 20:12:28,075 INFO    SenderThread:115718 [sender.py:transition_state():308] send defer: 2
2021-09-18 20:12:28,076 DEBUG   SenderThread:115718 [sender.py:send():179] send: stats
2021-09-18 20:12:28,077 DEBUG   HandlerThread:115718 [handler.py:handle_request():124] handle_request: defer
2021-09-18 20:12:28,078 INFO    HandlerThread:115718 [handler.py:handle_request_defer():141] handle defer: 2
2021-09-18 20:12:28,078 DEBUG   SenderThread:115718 [sender.py:send_request():193] send_request: defer
2021-09-18 20:12:28,078 INFO    SenderThread:115718 [sender.py:send_request_defer():304] handle sender defer: 2
2021-09-18 20:12:28,078 INFO    SenderThread:115718 [sender.py:transition_state():308] send defer: 3
2021-09-18 20:12:28,078 DEBUG   HandlerThread:115718 [handler.py:handle_request():124] handle_request: defer
2021-09-18 20:12:28,078 INFO    HandlerThread:115718 [handler.py:handle_request_defer():141] handle defer: 3
2021-09-18 20:12:28,078 DEBUG   SenderThread:115718 [sender.py:send():179] send: summary
2021-09-18 20:12:28,079 INFO    SenderThread:115718 [sender.py:_save_file():841] saving file wandb-summary.json with policy end
2021-09-18 20:12:28,079 DEBUG   SenderThread:115718 [sender.py:send_request():193] send_request: defer
2021-09-18 20:12:28,079 INFO    SenderThread:115718 [sender.py:send_request_defer():304] handle sender defer: 3
2021-09-18 20:12:28,079 INFO    SenderThread:115718 [sender.py:transition_state():308] send defer: 4
2021-09-18 20:12:28,079 DEBUG   HandlerThread:115718 [handler.py:handle_request():124] handle_request: defer
2021-09-18 20:12:28,079 INFO    HandlerThread:115718 [handler.py:handle_request_defer():141] handle defer: 4
2021-09-18 20:12:28,079 DEBUG   SenderThread:115718 [sender.py:send_request():193] send_request: defer
2021-09-18 20:12:28,079 INFO    SenderThread:115718 [sender.py:send_request_defer():304] handle sender defer: 4
2021-09-18 20:12:28,135 ERROR   SenderThread:115718 [internal_api.py:execute():130] 429 response executing GraphQL.
2021-09-18 20:12:28,135 ERROR   SenderThread:115718 [internal_api.py:execute():131] {"error":"rate limit exceeded"}

2021-09-18 20:12:28,145 DEBUG   HandlerThread:115718 [handler.py:handle_request():124] handle_request: poll_exit
2021-09-18 20:12:29,022 INFO    Thread-8  :115718 [dir_watcher.py:_on_file_modified():229] file/dir modified: /grid/koo/home/toneyan/profile/QuantPred/wandb/run-20210918_201152-j86iigvi/files/wandb-summary.json
2021-09-18 20:12:29,330 ERROR   SenderThread:115718 [internal_api.py:execute():130] 429 response executing GraphQL.
2021-09-18 20:12:29,330 ERROR   SenderThread:115718 [internal_api.py:execute():131] {"error":"rate limit exceeded"}

2021-09-18 20:12:31,536 INFO    SenderThread:115718 [sender.py:transition_state():308] send defer: 5
2021-09-18 20:12:31,536 DEBUG   SenderThread:115718 [sender.py:send_request():193] send_request: poll_exit
2021-09-18 20:12:31,536 DEBUG   HandlerThread:115718 [handler.py:handle_request():124] handle_request: defer
2021-09-18 20:12:31,536 INFO    HandlerThread:115718 [handler.py:handle_request_defer():141] handle defer: 5
2021-09-18 20:12:31,537 DEBUG   SenderThread:115718 [sender.py:send_request():193] send_request: defer
2021-09-18 20:12:31,537 INFO    SenderThread:115718 [sender.py:send_request_defer():304] handle sender defer: 5
2021-09-18 20:12:31,537 INFO    SenderThread:115718 [dir_watcher.py:finish():282] shutting down directory watcher
2021-09-18 20:12:31,641 DEBUG   HandlerThread:115718 [handler.py:handle_request():124] handle_request: poll_exit
2021-09-18 20:12:32,023 INFO    SenderThread:115718 [dir_watcher.py:_on_file_modified():229] file/dir modified: /grid/koo/home/toneyan/profile/QuantPred/wandb/run-20210918_201152-j86iigvi/files/config.yaml
2021-09-18 20:12:32,024 INFO    SenderThread:115718 [dir_watcher.py:finish():312] scan: /grid/koo/home/toneyan/profile/QuantPred/wandb/run-20210918_201152-j86iigvi/files
2021-09-18 20:12:32,024 INFO    SenderThread:115718 [dir_watcher.py:finish():318] scan save: /grid/koo/home/toneyan/profile/QuantPred/wandb/run-20210918_201152-j86iigvi/files/wandb-metadata.json wandb-metadata.json
2021-09-18 20:12:32,024 INFO    SenderThread:115718 [dir_watcher.py:finish():318] scan save: /grid/koo/home/toneyan/profile/QuantPred/wandb/run-20210918_201152-j86iigvi/files/config.yaml config.yaml
2021-09-18 20:12:32,024 INFO    SenderThread:115718 [dir_watcher.py:finish():318] scan save: /grid/koo/home/toneyan/profile/QuantPred/wandb/run-20210918_201152-j86iigvi/files/requirements.txt requirements.txt
2021-09-18 20:12:32,024 INFO    SenderThread:115718 [dir_watcher.py:finish():318] scan save: /grid/koo/home/toneyan/profile/QuantPred/wandb/run-20210918_201152-j86iigvi/files/wandb-summary.json wandb-summary.json
2021-09-18 20:12:32,030 INFO    SenderThread:115718 [dir_watcher.py:finish():318] scan save: /grid/koo/home/toneyan/profile/QuantPred/wandb/run-20210918_201152-j86iigvi/files/output.log output.log
2021-09-18 20:12:32,034 INFO    SenderThread:115718 [sender.py:transition_state():308] send defer: 6
2021-09-18 20:12:32,034 DEBUG   SenderThread:115718 [sender.py:send_request():193] send_request: poll_exit
2021-09-18 20:12:32,035 DEBUG   HandlerThread:115718 [handler.py:handle_request():124] handle_request: defer
2021-09-18 20:12:32,035 INFO    HandlerThread:115718 [handler.py:handle_request_defer():141] handle defer: 6
2021-09-18 20:12:32,036 DEBUG   SenderThread:115718 [sender.py:send_request():193] send_request: defer
2021-09-18 20:12:32,036 INFO    SenderThread:115718 [sender.py:send_request_defer():304] handle sender defer: 6
2021-09-18 20:12:32,036 INFO    SenderThread:115718 [file_pusher.py:finish():177] shutting down file pusher
2021-09-18 20:12:32,136 DEBUG   HandlerThread:115718 [handler.py:handle_request():124] handle_request: poll_exit
2021-09-18 20:12:32,137 DEBUG   SenderThread:115718 [sender.py:send_request():193] send_request: poll_exit
2021-09-18 20:12:32,238 DEBUG   HandlerThread:115718 [handler.py:handle_request():124] handle_request: poll_exit
2021-09-18 20:12:32,239 DEBUG   SenderThread:115718 [sender.py:send_request():193] send_request: poll_exit
2021-09-18 20:12:32,340 INFO    Thread-12 :115718 [upload_job.py:push():137] Uploaded file /grid/koo/home/toneyan/profile/QuantPred/wandb/run-20210918_201152-j86iigvi/files/config.yaml
2021-09-18 20:12:32,340 DEBUG   HandlerThread:115718 [handler.py:handle_request():124] handle_request: poll_exit
2021-09-18 20:12:32,341 DEBUG   SenderThread:115718 [sender.py:send_request():193] send_request: poll_exit
2021-09-18 20:12:32,375 INFO    Thread-14 :115718 [upload_job.py:push():137] Uploaded file /grid/koo/home/toneyan/profile/QuantPred/wandb/run-20210918_201152-j86iigvi/files/wandb-summary.json
2021-09-18 20:12:32,386 INFO    Thread-13 :115718 [upload_job.py:push():137] Uploaded file /grid/koo/home/toneyan/profile/QuantPred/wandb/run-20210918_201152-j86iigvi/files/requirements.txt
2021-09-18 20:12:32,442 DEBUG   HandlerThread:115718 [handler.py:handle_request():124] handle_request: poll_exit
2021-09-18 20:12:32,442 DEBUG   SenderThread:115718 [sender.py:send_request():193] send_request: poll_exit
2021-09-18 20:12:32,544 DEBUG   HandlerThread:115718 [handler.py:handle_request():124] handle_request: poll_exit
2021-09-18 20:12:32,544 DEBUG   SenderThread:115718 [sender.py:send_request():193] send_request: poll_exit
2021-09-18 20:12:32,587 INFO    Thread-7  :115718 [sender.py:transition_state():308] send defer: 7
2021-09-18 20:12:32,587 DEBUG   HandlerThread:115718 [handler.py:handle_request():124] handle_request: defer
2021-09-18 20:12:32,587 INFO    HandlerThread:115718 [handler.py:handle_request_defer():141] handle defer: 7
2021-09-18 20:12:32,588 DEBUG   SenderThread:115718 [sender.py:send_request():193] send_request: defer
2021-09-18 20:12:32,588 INFO    SenderThread:115718 [sender.py:send_request_defer():304] handle sender defer: 7
2021-09-18 20:12:32,645 INFO    SenderThread:115718 [sender.py:transition_state():308] send defer: 8
2021-09-18 20:12:32,646 DEBUG   HandlerThread:115718 [handler.py:handle_request():124] handle_request: poll_exit
2021-09-18 20:12:32,646 DEBUG   HandlerThread:115718 [handler.py:handle_request():124] handle_request: defer
2021-09-18 20:12:32,646 DEBUG   SenderThread:115718 [sender.py:send_request():193] send_request: poll_exit
2021-09-18 20:12:32,646 INFO    HandlerThread:115718 [handler.py:handle_request_defer():141] handle defer: 8
2021-09-18 20:12:32,646 DEBUG   SenderThread:115718 [sender.py:send_request():193] send_request: defer
2021-09-18 20:12:32,646 INFO    SenderThread:115718 [sender.py:send_request_defer():304] handle sender defer: 8
2021-09-18 20:12:32,646 INFO    SenderThread:115718 [sender.py:transition_state():308] send defer: 9
2021-09-18 20:12:32,647 DEBUG   SenderThread:115718 [sender.py:send():179] send: final
2021-09-18 20:12:32,647 DEBUG   HandlerThread:115718 [handler.py:handle_request():124] handle_request: defer
2021-09-18 20:12:32,647 DEBUG   SenderThread:115718 [sender.py:send():179] send: footer
2021-09-18 20:12:32,647 INFO    HandlerThread:115718 [handler.py:handle_request_defer():141] handle defer: 9
2021-09-18 20:12:32,647 DEBUG   SenderThread:115718 [sender.py:send_request():193] send_request: defer
2021-09-18 20:12:32,647 INFO    SenderThread:115718 [sender.py:send_request_defer():304] handle sender defer: 9
2021-09-18 20:12:32,748 DEBUG   HandlerThread:115718 [handler.py:handle_request():124] handle_request: poll_exit
2021-09-18 20:12:32,748 DEBUG   SenderThread:115718 [sender.py:send_request():193] send_request: poll_exit
2021-09-18 20:12:32,748 INFO    SenderThread:115718 [file_pusher.py:join():182] waiting for file pusher
2021-09-18 20:12:32,749 DEBUG   HandlerThread:115718 [handler.py:handle_request():124] handle_request: get_summary
2021-09-18 20:12:32,749 DEBUG   HandlerThread:115718 [handler.py:handle_request():124] handle_request: sampled_history
2021-09-18 20:12:32,750 DEBUG   HandlerThread:115718 [handler.py:handle_request():124] handle_request: shutdown
2021-09-18 20:12:32,750 INFO    HandlerThread:115718 [handler.py:finish():638] shutting down handler
2021-09-18 20:12:33,647 INFO    WriterThread:115718 [datastore.py:close():288] close: /grid/koo/home/toneyan/profile/QuantPred/wandb/run-20210918_201152-j86iigvi/run-j86iigvi.wandb
2021-09-18 20:12:33,748 INFO    SenderThread:115718 [sender.py:finish():945] shutting down sender
2021-09-18 20:12:33,748 INFO    SenderThread:115718 [file_pusher.py:finish():177] shutting down file pusher
2021-09-18 20:12:33,748 INFO    SenderThread:115718 [file_pusher.py:join():182] waiting for file pusher
2021-09-18 20:12:33,750 INFO    MainThread:115718 [internal.py:handle_exit():78] Internal process exited
