2021-09-14 14:52:03,573 INFO    MainThread:1954423 [internal.py:wandb_internal():91] W&B internal server running at pid: 1954423, started at: 2021-09-14 14:52:03.572063
2021-09-14 14:52:03,575 DEBUG   HandlerThread:1954423 [handler.py:handle_request():124] handle_request: check_version
2021-09-14 14:52:03,575 INFO    WriterThread:1954423 [datastore.py:open_for_write():80] open: /grid/koo/home/toneyan/profile/QuantPred/wandb/run-20210914_145203-lxhjoza3/run-lxhjoza3.wandb
2021-09-14 14:52:03,576 DEBUG   SenderThread:1954423 [sender.py:send():179] send: header
2021-09-14 14:52:03,576 DEBUG   SenderThread:1954423 [sender.py:send_request():193] send_request: check_version
2021-09-14 14:52:03,602 DEBUG   SenderThread:1954423 [sender.py:send():179] send: run
2021-09-14 14:52:03,682 INFO    SenderThread:1954423 [dir_watcher.py:__init__():168] watching files in: /grid/koo/home/toneyan/profile/QuantPred/wandb/run-20210914_145203-lxhjoza3/files
2021-09-14 14:52:03,682 INFO    SenderThread:1954423 [sender.py:_start_run_threads():719] run started: lxhjoza3 with start time 1631645523
2021-09-14 14:52:03,682 DEBUG   SenderThread:1954423 [sender.py:send():179] send: summary
2021-09-14 14:52:03,683 INFO    SenderThread:1954423 [sender.py:_save_file():841] saving file wandb-summary.json with policy end
2021-09-14 14:52:03,683 DEBUG   HandlerThread:1954423 [handler.py:handle_request():124] handle_request: run_start
2021-09-14 14:52:04,683 INFO    Thread-8  :1954423 [dir_watcher.py:_on_file_created():216] file/dir created: /grid/koo/home/toneyan/profile/QuantPred/wandb/run-20210914_145203-lxhjoza3/files/wandb-summary.json
2021-09-14 14:52:04,770 DEBUG   HandlerThread:1954423 [meta.py:__init__():39] meta init
2021-09-14 14:52:04,770 DEBUG   HandlerThread:1954423 [meta.py:__init__():53] meta init done
2021-09-14 14:52:04,770 DEBUG   HandlerThread:1954423 [meta.py:probe():210] probe
2021-09-14 14:52:04,776 DEBUG   HandlerThread:1954423 [meta.py:_save_pip():57] save pip
2021-09-14 14:52:04,777 DEBUG   HandlerThread:1954423 [meta.py:_save_pip():71] save pip done
2021-09-14 14:52:04,777 DEBUG   HandlerThread:1954423 [meta.py:probe():252] probe done
2021-09-14 14:52:04,780 DEBUG   SenderThread:1954423 [sender.py:send():179] send: files
2021-09-14 14:52:04,780 INFO    SenderThread:1954423 [sender.py:_save_file():841] saving file wandb-metadata.json with policy now
2021-09-14 14:52:04,787 DEBUG   HandlerThread:1954423 [handler.py:handle_request():124] handle_request: stop_status
2021-09-14 14:52:04,787 DEBUG   SenderThread:1954423 [sender.py:send_request():193] send_request: stop_status
2021-09-14 14:52:05,160 INFO    Thread-11 :1954423 [upload_job.py:push():137] Uploaded file /tmp/3287110.1.gpu_ded.q/tmpku0zhmm3wandb/prage40x-wandb-metadata.json
2021-09-14 14:52:05,683 INFO    Thread-8  :1954423 [dir_watcher.py:_on_file_created():216] file/dir created: /grid/koo/home/toneyan/profile/QuantPred/wandb/run-20210914_145203-lxhjoza3/files/output.log
2021-09-14 14:52:05,683 INFO    Thread-8  :1954423 [dir_watcher.py:_on_file_created():216] file/dir created: /grid/koo/home/toneyan/profile/QuantPred/wandb/run-20210914_145203-lxhjoza3/files/wandb-metadata.json
2021-09-14 14:52:05,683 INFO    Thread-8  :1954423 [dir_watcher.py:_on_file_created():216] file/dir created: /grid/koo/home/toneyan/profile/QuantPred/wandb/run-20210914_145203-lxhjoza3/files/requirements.txt
2021-09-14 14:52:19,847 DEBUG   HandlerThread:1954423 [handler.py:handle_request():124] handle_request: stop_status
2021-09-14 14:52:19,847 DEBUG   SenderThread:1954423 [sender.py:send_request():193] send_request: stop_status
2021-09-14 14:52:33,147 DEBUG   SenderThread:1954423 [sender.py:send():179] send: stats
2021-09-14 14:52:34,923 DEBUG   HandlerThread:1954423 [handler.py:handle_request():124] handle_request: stop_status
2021-09-14 14:52:34,923 DEBUG   SenderThread:1954423 [sender.py:send_request():193] send_request: stop_status
2021-09-14 14:52:36,004 DEBUG   SenderThread:1954423 [sender.py:send():179] send: telemetry
2021-09-14 14:52:36,004 DEBUG   HandlerThread:1954423 [handler.py:handle_request():124] handle_request: poll_exit
2021-09-14 14:52:36,005 DEBUG   SenderThread:1954423 [sender.py:send():179] send: exit
2021-09-14 14:52:36,005 INFO    SenderThread:1954423 [sender.py:send_exit():287] handling exit code: 1
2021-09-14 14:52:36,005 INFO    SenderThread:1954423 [sender.py:send_exit():295] send defer
2021-09-14 14:52:36,005 DEBUG   SenderThread:1954423 [sender.py:send_request():193] send_request: poll_exit
2021-09-14 14:52:36,005 DEBUG   HandlerThread:1954423 [handler.py:handle_request():124] handle_request: defer
2021-09-14 14:52:36,005 INFO    HandlerThread:1954423 [handler.py:handle_request_defer():141] handle defer: 0
2021-09-14 14:52:36,006 DEBUG   SenderThread:1954423 [sender.py:send_request():193] send_request: defer
2021-09-14 14:52:36,006 INFO    SenderThread:1954423 [sender.py:send_request_defer():304] handle sender defer: 0
2021-09-14 14:52:36,006 INFO    SenderThread:1954423 [sender.py:transition_state():308] send defer: 1
2021-09-14 14:52:36,006 DEBUG   HandlerThread:1954423 [handler.py:handle_request():124] handle_request: defer
2021-09-14 14:52:36,006 INFO    HandlerThread:1954423 [handler.py:handle_request_defer():141] handle defer: 1
2021-09-14 14:52:36,086 DEBUG   SenderThread:1954423 [sender.py:send_request():193] send_request: defer
2021-09-14 14:52:36,086 INFO    SenderThread:1954423 [sender.py:send_request_defer():304] handle sender defer: 1
2021-09-14 14:52:36,086 INFO    SenderThread:1954423 [sender.py:transition_state():308] send defer: 2
2021-09-14 14:52:36,086 DEBUG   SenderThread:1954423 [sender.py:send():179] send: stats
2021-09-14 14:52:36,087 DEBUG   HandlerThread:1954423 [handler.py:handle_request():124] handle_request: defer
2021-09-14 14:52:36,088 INFO    HandlerThread:1954423 [handler.py:handle_request_defer():141] handle defer: 2
2021-09-14 14:52:36,089 DEBUG   SenderThread:1954423 [sender.py:send_request():193] send_request: defer
2021-09-14 14:52:36,089 INFO    SenderThread:1954423 [sender.py:send_request_defer():304] handle sender defer: 2
2021-09-14 14:52:36,089 INFO    SenderThread:1954423 [sender.py:transition_state():308] send defer: 3
2021-09-14 14:52:36,089 DEBUG   HandlerThread:1954423 [handler.py:handle_request():124] handle_request: defer
2021-09-14 14:52:36,089 INFO    HandlerThread:1954423 [handler.py:handle_request_defer():141] handle defer: 3
2021-09-14 14:52:36,090 DEBUG   SenderThread:1954423 [sender.py:send():179] send: summary
2021-09-14 14:52:36,090 INFO    SenderThread:1954423 [sender.py:_save_file():841] saving file wandb-summary.json with policy end
2021-09-14 14:52:36,090 DEBUG   SenderThread:1954423 [sender.py:send_request():193] send_request: defer
2021-09-14 14:52:36,090 INFO    SenderThread:1954423 [sender.py:send_request_defer():304] handle sender defer: 3
2021-09-14 14:52:36,090 INFO    SenderThread:1954423 [sender.py:transition_state():308] send defer: 4
2021-09-14 14:52:36,090 DEBUG   HandlerThread:1954423 [handler.py:handle_request():124] handle_request: defer
2021-09-14 14:52:36,091 INFO    HandlerThread:1954423 [handler.py:handle_request_defer():141] handle defer: 4
2021-09-14 14:52:36,091 DEBUG   SenderThread:1954423 [sender.py:send_request():193] send_request: defer
2021-09-14 14:52:36,091 INFO    SenderThread:1954423 [sender.py:send_request_defer():304] handle sender defer: 4
2021-09-14 14:52:36,106 DEBUG   HandlerThread:1954423 [handler.py:handle_request():124] handle_request: poll_exit
2021-09-14 14:52:36,146 ERROR   SenderThread:1954423 [internal_api.py:execute():130] 429 response executing GraphQL.
2021-09-14 14:52:36,147 ERROR   SenderThread:1954423 [internal_api.py:execute():131] {"error":"rate limit exceeded"}

2021-09-14 14:52:36,696 INFO    Thread-8  :1954423 [dir_watcher.py:_on_file_modified():229] file/dir modified: /grid/koo/home/toneyan/profile/QuantPred/wandb/run-20210914_145203-lxhjoza3/files/wandb-summary.json
2021-09-14 14:52:37,306 ERROR   SenderThread:1954423 [internal_api.py:execute():130] 429 response executing GraphQL.
2021-09-14 14:52:37,307 ERROR   SenderThread:1954423 [internal_api.py:execute():131] {"error":"rate limit exceeded"}

2021-09-14 14:52:39,849 ERROR   SenderThread:1954423 [internal_api.py:execute():130] 429 response executing GraphQL.
2021-09-14 14:52:39,849 ERROR   SenderThread:1954423 [internal_api.py:execute():131] {"error":"rate limit exceeded"}

2021-09-14 14:52:39,849 ERROR   SenderThread:1954423 [retry.py:__call__():126] Retry attempt failed:
Traceback (most recent call last):
  File "/usr/local/lib/python3.6/dist-packages/wandb/sdk/lib/retry.py", line 102, in __call__
    result = self._call_fn(*args, **kwargs)
  File "/usr/local/lib/python3.6/dist-packages/wandb/sdk/internal/internal_api.py", line 133, in execute
    six.reraise(*sys.exc_info())
  File "/usr/local/lib/python3.6/dist-packages/six.py", line 719, in reraise
    raise value
  File "/usr/local/lib/python3.6/dist-packages/wandb/sdk/internal/internal_api.py", line 127, in execute
    return self.client.execute(*args, **kwargs)
  File "/usr/local/lib/python3.6/dist-packages/wandb/vendor/gql-0.2.0/gql/client.py", line 52, in execute
    result = self._get_result(document, *args, **kwargs)
  File "/usr/local/lib/python3.6/dist-packages/wandb/vendor/gql-0.2.0/gql/client.py", line 60, in _get_result
    return self.transport.execute(document, *args, **kwargs)
  File "/usr/local/lib/python3.6/dist-packages/wandb/vendor/gql-0.2.0/gql/transport/requests.py", line 39, in execute
    request.raise_for_status()
  File "/usr/local/lib/python3.6/dist-packages/requests/models.py", line 943, in raise_for_status
    raise HTTPError(http_error_msg, response=self)
requests.exceptions.HTTPError: 429 Client Error: Too Many Requests for url: https://api.wandb.ai/graphql
2021-09-14 14:52:41,207 DEBUG   HandlerThread:1954423 [handler.py:handle_request():124] handle_request: poll_exit
2021-09-14 14:52:44,209 ERROR   SenderThread:1954423 [internal_api.py:execute():130] 429 response executing GraphQL.
2021-09-14 14:52:44,209 ERROR   SenderThread:1954423 [internal_api.py:execute():131] {"error":"rate limit exceeded"}

2021-09-14 14:52:46,308 DEBUG   HandlerThread:1954423 [handler.py:handle_request():124] handle_request: poll_exit
2021-09-14 14:52:51,408 DEBUG   HandlerThread:1954423 [handler.py:handle_request():124] handle_request: poll_exit
2021-09-14 14:52:54,037 INFO    SenderThread:1954423 [sender.py:transition_state():308] send defer: 5
2021-09-14 14:52:54,038 DEBUG   SenderThread:1954423 [sender.py:send_request():193] send_request: poll_exit
2021-09-14 14:52:54,038 DEBUG   SenderThread:1954423 [sender.py:send_request():193] send_request: poll_exit
2021-09-14 14:52:54,038 DEBUG   HandlerThread:1954423 [handler.py:handle_request():124] handle_request: defer
2021-09-14 14:52:54,039 DEBUG   SenderThread:1954423 [sender.py:send_request():193] send_request: poll_exit
2021-09-14 14:52:54,039 INFO    HandlerThread:1954423 [handler.py:handle_request_defer():141] handle defer: 5
2021-09-14 14:52:54,039 DEBUG   SenderThread:1954423 [sender.py:send_request():193] send_request: poll_exit
2021-09-14 14:52:54,039 DEBUG   SenderThread:1954423 [sender.py:send_request():193] send_request: defer
2021-09-14 14:52:54,039 INFO    SenderThread:1954423 [sender.py:send_request_defer():304] handle sender defer: 5
2021-09-14 14:52:54,039 INFO    SenderThread:1954423 [dir_watcher.py:finish():282] shutting down directory watcher
2021-09-14 14:52:54,140 DEBUG   HandlerThread:1954423 [handler.py:handle_request():124] handle_request: poll_exit
2021-09-14 14:52:54,700 INFO    SenderThread:1954423 [dir_watcher.py:_on_file_modified():229] file/dir modified: /grid/koo/home/toneyan/profile/QuantPred/wandb/run-20210914_145203-lxhjoza3/files/config.yaml
2021-09-14 14:52:54,700 INFO    SenderThread:1954423 [dir_watcher.py:finish():312] scan: /grid/koo/home/toneyan/profile/QuantPred/wandb/run-20210914_145203-lxhjoza3/files
2021-09-14 14:52:54,700 INFO    SenderThread:1954423 [dir_watcher.py:finish():318] scan save: /grid/koo/home/toneyan/profile/QuantPred/wandb/run-20210914_145203-lxhjoza3/files/wandb-metadata.json wandb-metadata.json
2021-09-14 14:52:54,700 INFO    SenderThread:1954423 [dir_watcher.py:finish():318] scan save: /grid/koo/home/toneyan/profile/QuantPred/wandb/run-20210914_145203-lxhjoza3/files/config.yaml config.yaml
2021-09-14 14:52:54,701 INFO    SenderThread:1954423 [dir_watcher.py:finish():318] scan save: /grid/koo/home/toneyan/profile/QuantPred/wandb/run-20210914_145203-lxhjoza3/files/requirements.txt requirements.txt
2021-09-14 14:52:54,701 INFO    SenderThread:1954423 [dir_watcher.py:finish():318] scan save: /grid/koo/home/toneyan/profile/QuantPred/wandb/run-20210914_145203-lxhjoza3/files/wandb-summary.json wandb-summary.json
2021-09-14 14:52:54,705 INFO    SenderThread:1954423 [dir_watcher.py:finish():318] scan save: /grid/koo/home/toneyan/profile/QuantPred/wandb/run-20210914_145203-lxhjoza3/files/output.log output.log
2021-09-14 14:52:54,705 INFO    SenderThread:1954423 [sender.py:transition_state():308] send defer: 6
2021-09-14 14:52:54,705 DEBUG   SenderThread:1954423 [sender.py:send_request():193] send_request: poll_exit
2021-09-14 14:52:54,708 DEBUG   HandlerThread:1954423 [handler.py:handle_request():124] handle_request: defer
2021-09-14 14:52:54,708 INFO    HandlerThread:1954423 [handler.py:handle_request_defer():141] handle defer: 6
2021-09-14 14:52:54,709 DEBUG   SenderThread:1954423 [sender.py:send_request():193] send_request: defer
2021-09-14 14:52:54,714 INFO    SenderThread:1954423 [sender.py:send_request_defer():304] handle sender defer: 6
2021-09-14 14:52:54,714 INFO    SenderThread:1954423 [file_pusher.py:finish():177] shutting down file pusher
2021-09-14 14:52:54,810 DEBUG   HandlerThread:1954423 [handler.py:handle_request():124] handle_request: poll_exit
2021-09-14 14:52:54,810 DEBUG   SenderThread:1954423 [sender.py:send_request():193] send_request: poll_exit
2021-09-14 14:52:54,912 DEBUG   HandlerThread:1954423 [handler.py:handle_request():124] handle_request: poll_exit
2021-09-14 14:52:54,912 DEBUG   SenderThread:1954423 [sender.py:send_request():193] send_request: poll_exit
2021-09-14 14:52:55,014 DEBUG   HandlerThread:1954423 [handler.py:handle_request():124] handle_request: poll_exit
2021-09-14 14:52:55,014 DEBUG   SenderThread:1954423 [sender.py:send_request():193] send_request: poll_exit
2021-09-14 14:52:55,068 INFO    Thread-12 :1954423 [upload_job.py:push():137] Uploaded file /grid/koo/home/toneyan/profile/QuantPred/wandb/run-20210914_145203-lxhjoza3/files/config.yaml
2021-09-14 14:52:55,068 INFO    Thread-14 :1954423 [upload_job.py:push():137] Uploaded file /grid/koo/home/toneyan/profile/QuantPred/wandb/run-20210914_145203-lxhjoza3/files/wandb-summary.json
2021-09-14 14:52:55,093 INFO    Thread-13 :1954423 [upload_job.py:push():137] Uploaded file /grid/koo/home/toneyan/profile/QuantPred/wandb/run-20210914_145203-lxhjoza3/files/requirements.txt
2021-09-14 14:52:55,116 DEBUG   HandlerThread:1954423 [handler.py:handle_request():124] handle_request: poll_exit
2021-09-14 14:52:55,116 DEBUG   SenderThread:1954423 [sender.py:send_request():193] send_request: poll_exit
2021-09-14 14:52:55,218 DEBUG   HandlerThread:1954423 [handler.py:handle_request():124] handle_request: poll_exit
2021-09-14 14:52:55,218 DEBUG   SenderThread:1954423 [sender.py:send_request():193] send_request: poll_exit
2021-09-14 14:52:55,293 INFO    Thread-7  :1954423 [sender.py:transition_state():308] send defer: 7
2021-09-14 14:52:55,294 DEBUG   HandlerThread:1954423 [handler.py:handle_request():124] handle_request: defer
2021-09-14 14:52:55,294 INFO    HandlerThread:1954423 [handler.py:handle_request_defer():141] handle defer: 7
2021-09-14 14:52:55,294 DEBUG   SenderThread:1954423 [sender.py:send_request():193] send_request: defer
2021-09-14 14:52:55,294 INFO    SenderThread:1954423 [sender.py:send_request_defer():304] handle sender defer: 7
2021-09-14 14:52:55,320 DEBUG   HandlerThread:1954423 [handler.py:handle_request():124] handle_request: poll_exit
2021-09-14 14:52:55,350 INFO    SenderThread:1954423 [sender.py:transition_state():308] send defer: 8
2021-09-14 14:52:55,350 DEBUG   SenderThread:1954423 [sender.py:send_request():193] send_request: poll_exit
2021-09-14 14:52:55,351 DEBUG   HandlerThread:1954423 [handler.py:handle_request():124] handle_request: defer
2021-09-14 14:52:55,351 INFO    HandlerThread:1954423 [handler.py:handle_request_defer():141] handle defer: 8
2021-09-14 14:52:55,351 DEBUG   SenderThread:1954423 [sender.py:send_request():193] send_request: defer
2021-09-14 14:52:55,351 INFO    SenderThread:1954423 [sender.py:send_request_defer():304] handle sender defer: 8
2021-09-14 14:52:55,351 INFO    SenderThread:1954423 [sender.py:transition_state():308] send defer: 9
2021-09-14 14:52:55,351 DEBUG   SenderThread:1954423 [sender.py:send():179] send: final
2021-09-14 14:52:55,352 DEBUG   HandlerThread:1954423 [handler.py:handle_request():124] handle_request: defer
2021-09-14 14:52:55,352 DEBUG   SenderThread:1954423 [sender.py:send():179] send: footer
2021-09-14 14:52:55,352 INFO    HandlerThread:1954423 [handler.py:handle_request_defer():141] handle defer: 9
2021-09-14 14:52:55,352 DEBUG   SenderThread:1954423 [sender.py:send_request():193] send_request: defer
2021-09-14 14:52:55,352 INFO    SenderThread:1954423 [sender.py:send_request_defer():304] handle sender defer: 9
2021-09-14 14:52:55,452 DEBUG   HandlerThread:1954423 [handler.py:handle_request():124] handle_request: poll_exit
2021-09-14 14:52:55,452 DEBUG   SenderThread:1954423 [sender.py:send_request():193] send_request: poll_exit
2021-09-14 14:52:55,453 INFO    SenderThread:1954423 [file_pusher.py:join():182] waiting for file pusher
2021-09-14 14:52:55,454 DEBUG   HandlerThread:1954423 [handler.py:handle_request():124] handle_request: get_summary
2021-09-14 14:52:55,454 DEBUG   HandlerThread:1954423 [handler.py:handle_request():124] handle_request: sampled_history
2021-09-14 14:52:55,454 DEBUG   HandlerThread:1954423 [handler.py:handle_request():124] handle_request: shutdown
2021-09-14 14:52:55,454 INFO    HandlerThread:1954423 [handler.py:finish():638] shutting down handler
2021-09-14 14:52:56,352 INFO    WriterThread:1954423 [datastore.py:close():288] close: /grid/koo/home/toneyan/profile/QuantPred/wandb/run-20210914_145203-lxhjoza3/run-lxhjoza3.wandb
2021-09-14 14:52:56,453 INFO    SenderThread:1954423 [sender.py:finish():945] shutting down sender
2021-09-14 14:52:56,453 INFO    SenderThread:1954423 [file_pusher.py:finish():177] shutting down file pusher
2021-09-14 14:52:56,453 INFO    SenderThread:1954423 [file_pusher.py:join():182] waiting for file pusher
2021-09-14 14:52:56,455 INFO    MainThread:1954423 [internal.py:handle_exit():78] Internal process exited
