2021-09-14 10:24:26,947 INFO    MainThread:1486666 [internal.py:wandb_internal():91] W&B internal server running at pid: 1486666, started at: 2021-09-14 10:24:26.947067
2021-09-14 10:24:26,949 DEBUG   HandlerThread:1486666 [handler.py:handle_request():124] handle_request: check_version
2021-09-14 10:24:26,949 INFO    WriterThread:1486666 [datastore.py:open_for_write():80] open: /grid/koo/home/toneyan/profile/QuantPred/wandb/run-20210914_102426-mgudg1vm/run-mgudg1vm.wandb
2021-09-14 10:24:26,951 DEBUG   SenderThread:1486666 [sender.py:send():179] send: header
2021-09-14 10:24:26,951 DEBUG   SenderThread:1486666 [sender.py:send_request():193] send_request: check_version
2021-09-14 10:24:26,979 DEBUG   SenderThread:1486666 [sender.py:send():179] send: run
2021-09-14 10:24:27,038 ERROR   SenderThread:1486666 [internal_api.py:execute():130] 429 response executing GraphQL.
2021-09-14 10:24:27,039 ERROR   SenderThread:1486666 [internal_api.py:execute():131] {"error":"rate limit exceeded"}

2021-09-14 10:24:28,279 ERROR   SenderThread:1486666 [internal_api.py:execute():130] 429 response executing GraphQL.
2021-09-14 10:24:28,279 ERROR   SenderThread:1486666 [internal_api.py:execute():131] {"error":"rate limit exceeded"}

2021-09-14 10:24:30,550 INFO    SenderThread:1486666 [dir_watcher.py:__init__():168] watching files in: /grid/koo/home/toneyan/profile/QuantPred/wandb/run-20210914_102426-mgudg1vm/files
2021-09-14 10:24:30,550 INFO    SenderThread:1486666 [sender.py:_start_run_threads():719] run started: mgudg1vm with start time 1631629466
2021-09-14 10:24:30,550 DEBUG   SenderThread:1486666 [sender.py:send():179] send: summary
2021-09-14 10:24:30,551 INFO    SenderThread:1486666 [sender.py:_save_file():841] saving file wandb-summary.json with policy end
2021-09-14 10:24:30,551 DEBUG   HandlerThread:1486666 [handler.py:handle_request():124] handle_request: run_start
2021-09-14 10:24:31,552 INFO    Thread-8  :1486666 [dir_watcher.py:_on_file_created():216] file/dir created: /grid/koo/home/toneyan/profile/QuantPred/wandb/run-20210914_102426-mgudg1vm/files/wandb-summary.json
2021-09-14 10:24:31,562 DEBUG   HandlerThread:1486666 [meta.py:__init__():39] meta init
2021-09-14 10:24:31,562 DEBUG   HandlerThread:1486666 [meta.py:__init__():53] meta init done
2021-09-14 10:24:31,562 DEBUG   HandlerThread:1486666 [meta.py:probe():210] probe
2021-09-14 10:24:31,568 DEBUG   HandlerThread:1486666 [meta.py:_save_pip():57] save pip
2021-09-14 10:24:31,569 DEBUG   HandlerThread:1486666 [meta.py:_save_pip():71] save pip done
2021-09-14 10:24:31,569 DEBUG   HandlerThread:1486666 [meta.py:probe():252] probe done
2021-09-14 10:24:31,571 DEBUG   SenderThread:1486666 [sender.py:send():179] send: files
2021-09-14 10:24:31,571 INFO    SenderThread:1486666 [sender.py:_save_file():841] saving file wandb-metadata.json with policy now
2021-09-14 10:24:31,576 DEBUG   HandlerThread:1486666 [handler.py:handle_request():124] handle_request: stop_status
2021-09-14 10:24:31,576 DEBUG   SenderThread:1486666 [sender.py:send_request():193] send_request: stop_status
2021-09-14 10:24:31,936 INFO    Thread-11 :1486666 [upload_job.py:push():137] Uploaded file /tmp/3287108.1.gpu_ded.q/tmpy41kbvgbwandb/j6bf3mb3-wandb-metadata.json
2021-09-14 10:24:32,551 INFO    Thread-8  :1486666 [dir_watcher.py:_on_file_created():216] file/dir created: /grid/koo/home/toneyan/profile/QuantPred/wandb/run-20210914_102426-mgudg1vm/files/wandb-metadata.json
2021-09-14 10:24:32,551 INFO    Thread-8  :1486666 [dir_watcher.py:_on_file_created():216] file/dir created: /grid/koo/home/toneyan/profile/QuantPred/wandb/run-20210914_102426-mgudg1vm/files/output.log
2021-09-14 10:24:32,551 INFO    Thread-8  :1486666 [dir_watcher.py:_on_file_created():216] file/dir created: /grid/koo/home/toneyan/profile/QuantPred/wandb/run-20210914_102426-mgudg1vm/files/requirements.txt
2021-09-14 10:24:46,636 DEBUG   HandlerThread:1486666 [handler.py:handle_request():124] handle_request: stop_status
2021-09-14 10:24:46,637 DEBUG   SenderThread:1486666 [sender.py:send_request():193] send_request: stop_status
2021-09-14 10:24:59,956 DEBUG   SenderThread:1486666 [sender.py:send():179] send: stats
2021-09-14 10:25:01,698 DEBUG   HandlerThread:1486666 [handler.py:handle_request():124] handle_request: stop_status
2021-09-14 10:25:01,698 DEBUG   SenderThread:1486666 [sender.py:send_request():193] send_request: stop_status
2021-09-14 10:25:04,233 DEBUG   HandlerThread:1486666 [handler.py:handle_request():124] handle_request: poll_exit
2021-09-14 10:25:04,234 DEBUG   SenderThread:1486666 [sender.py:send():179] send: telemetry
2021-09-14 10:25:04,234 DEBUG   SenderThread:1486666 [sender.py:send():179] send: exit
2021-09-14 10:25:04,234 INFO    SenderThread:1486666 [sender.py:send_exit():287] handling exit code: 1
2021-09-14 10:25:04,234 INFO    SenderThread:1486666 [sender.py:send_exit():295] send defer
2021-09-14 10:25:04,234 DEBUG   SenderThread:1486666 [sender.py:send_request():193] send_request: poll_exit
2021-09-14 10:25:04,235 DEBUG   HandlerThread:1486666 [handler.py:handle_request():124] handle_request: defer
2021-09-14 10:25:04,235 INFO    HandlerThread:1486666 [handler.py:handle_request_defer():141] handle defer: 0
2021-09-14 10:25:04,235 DEBUG   SenderThread:1486666 [sender.py:send_request():193] send_request: defer
2021-09-14 10:25:04,235 INFO    SenderThread:1486666 [sender.py:send_request_defer():304] handle sender defer: 0
2021-09-14 10:25:04,235 INFO    SenderThread:1486666 [sender.py:transition_state():308] send defer: 1
2021-09-14 10:25:04,235 DEBUG   HandlerThread:1486666 [handler.py:handle_request():124] handle_request: defer
2021-09-14 10:25:04,235 INFO    HandlerThread:1486666 [handler.py:handle_request_defer():141] handle defer: 1
2021-09-14 10:25:04,319 DEBUG   SenderThread:1486666 [sender.py:send_request():193] send_request: defer
2021-09-14 10:25:04,319 INFO    SenderThread:1486666 [sender.py:send_request_defer():304] handle sender defer: 1
2021-09-14 10:25:04,319 INFO    SenderThread:1486666 [sender.py:transition_state():308] send defer: 2
2021-09-14 10:25:04,319 DEBUG   SenderThread:1486666 [sender.py:send():179] send: stats
2021-09-14 10:25:04,320 DEBUG   HandlerThread:1486666 [handler.py:handle_request():124] handle_request: defer
2021-09-14 10:25:04,321 INFO    HandlerThread:1486666 [handler.py:handle_request_defer():141] handle defer: 2
2021-09-14 10:25:04,321 DEBUG   SenderThread:1486666 [sender.py:send_request():193] send_request: defer
2021-09-14 10:25:04,322 INFO    SenderThread:1486666 [sender.py:send_request_defer():304] handle sender defer: 2
2021-09-14 10:25:04,322 INFO    SenderThread:1486666 [sender.py:transition_state():308] send defer: 3
2021-09-14 10:25:04,322 DEBUG   HandlerThread:1486666 [handler.py:handle_request():124] handle_request: defer
2021-09-14 10:25:04,322 INFO    HandlerThread:1486666 [handler.py:handle_request_defer():141] handle defer: 3
2021-09-14 10:25:04,322 DEBUG   SenderThread:1486666 [sender.py:send():179] send: summary
2021-09-14 10:25:04,322 INFO    SenderThread:1486666 [sender.py:_save_file():841] saving file wandb-summary.json with policy end
2021-09-14 10:25:04,323 DEBUG   SenderThread:1486666 [sender.py:send_request():193] send_request: defer
2021-09-14 10:25:04,323 INFO    SenderThread:1486666 [sender.py:send_request_defer():304] handle sender defer: 3
2021-09-14 10:25:04,323 INFO    SenderThread:1486666 [sender.py:transition_state():308] send defer: 4
2021-09-14 10:25:04,323 DEBUG   HandlerThread:1486666 [handler.py:handle_request():124] handle_request: defer
2021-09-14 10:25:04,323 INFO    HandlerThread:1486666 [handler.py:handle_request_defer():141] handle defer: 4
2021-09-14 10:25:04,323 DEBUG   SenderThread:1486666 [sender.py:send_request():193] send_request: defer
2021-09-14 10:25:04,323 INFO    SenderThread:1486666 [sender.py:send_request_defer():304] handle sender defer: 4
2021-09-14 10:25:04,336 DEBUG   HandlerThread:1486666 [handler.py:handle_request():124] handle_request: poll_exit
2021-09-14 10:25:04,399 INFO    SenderThread:1486666 [sender.py:transition_state():308] send defer: 5
2021-09-14 10:25:04,399 DEBUG   SenderThread:1486666 [sender.py:send_request():193] send_request: poll_exit
2021-09-14 10:25:04,399 DEBUG   HandlerThread:1486666 [handler.py:handle_request():124] handle_request: defer
2021-09-14 10:25:04,400 INFO    HandlerThread:1486666 [handler.py:handle_request_defer():141] handle defer: 5
2021-09-14 10:25:04,400 DEBUG   SenderThread:1486666 [sender.py:send_request():193] send_request: defer
2021-09-14 10:25:04,400 INFO    SenderThread:1486666 [sender.py:send_request_defer():304] handle sender defer: 5
2021-09-14 10:25:04,400 INFO    SenderThread:1486666 [dir_watcher.py:finish():282] shutting down directory watcher
2021-09-14 10:25:04,500 DEBUG   HandlerThread:1486666 [handler.py:handle_request():124] handle_request: poll_exit
2021-09-14 10:25:04,558 INFO    SenderThread:1486666 [dir_watcher.py:_on_file_modified():229] file/dir modified: /grid/koo/home/toneyan/profile/QuantPred/wandb/run-20210914_102426-mgudg1vm/files/config.yaml
2021-09-14 10:25:04,558 INFO    SenderThread:1486666 [dir_watcher.py:_on_file_modified():229] file/dir modified: /grid/koo/home/toneyan/profile/QuantPred/wandb/run-20210914_102426-mgudg1vm/files/wandb-summary.json
2021-09-14 10:25:04,558 INFO    SenderThread:1486666 [dir_watcher.py:finish():312] scan: /grid/koo/home/toneyan/profile/QuantPred/wandb/run-20210914_102426-mgudg1vm/files
2021-09-14 10:25:04,558 INFO    SenderThread:1486666 [dir_watcher.py:finish():318] scan save: /grid/koo/home/toneyan/profile/QuantPred/wandb/run-20210914_102426-mgudg1vm/files/wandb-metadata.json wandb-metadata.json
2021-09-14 10:25:04,558 INFO    SenderThread:1486666 [dir_watcher.py:finish():318] scan save: /grid/koo/home/toneyan/profile/QuantPred/wandb/run-20210914_102426-mgudg1vm/files/config.yaml config.yaml
2021-09-14 10:25:04,558 INFO    SenderThread:1486666 [dir_watcher.py:finish():318] scan save: /grid/koo/home/toneyan/profile/QuantPred/wandb/run-20210914_102426-mgudg1vm/files/requirements.txt requirements.txt
2021-09-14 10:25:04,558 INFO    SenderThread:1486666 [dir_watcher.py:finish():318] scan save: /grid/koo/home/toneyan/profile/QuantPred/wandb/run-20210914_102426-mgudg1vm/files/wandb-summary.json wandb-summary.json
2021-09-14 10:25:04,562 INFO    SenderThread:1486666 [dir_watcher.py:finish():318] scan save: /grid/koo/home/toneyan/profile/QuantPred/wandb/run-20210914_102426-mgudg1vm/files/output.log output.log
2021-09-14 10:25:04,564 INFO    SenderThread:1486666 [sender.py:transition_state():308] send defer: 6
2021-09-14 10:25:04,564 DEBUG   SenderThread:1486666 [sender.py:send_request():193] send_request: poll_exit
2021-09-14 10:25:04,570 DEBUG   HandlerThread:1486666 [handler.py:handle_request():124] handle_request: defer
2021-09-14 10:25:04,573 INFO    HandlerThread:1486666 [handler.py:handle_request_defer():141] handle defer: 6
2021-09-14 10:25:04,573 DEBUG   SenderThread:1486666 [sender.py:send_request():193] send_request: defer
2021-09-14 10:25:04,573 INFO    SenderThread:1486666 [sender.py:send_request_defer():304] handle sender defer: 6
2021-09-14 10:25:04,573 INFO    SenderThread:1486666 [file_pusher.py:finish():177] shutting down file pusher
2021-09-14 10:25:04,674 DEBUG   HandlerThread:1486666 [handler.py:handle_request():124] handle_request: poll_exit
2021-09-14 10:25:04,674 DEBUG   SenderThread:1486666 [sender.py:send_request():193] send_request: poll_exit
2021-09-14 10:25:04,775 DEBUG   HandlerThread:1486666 [handler.py:handle_request():124] handle_request: poll_exit
2021-09-14 10:25:04,776 DEBUG   SenderThread:1486666 [sender.py:send_request():193] send_request: poll_exit
2021-09-14 10:25:04,878 DEBUG   HandlerThread:1486666 [handler.py:handle_request():124] handle_request: poll_exit
2021-09-14 10:25:04,878 DEBUG   SenderThread:1486666 [sender.py:send_request():193] send_request: poll_exit
2021-09-14 10:25:04,921 INFO    Thread-14 :1486666 [upload_job.py:push():137] Uploaded file /grid/koo/home/toneyan/profile/QuantPred/wandb/run-20210914_102426-mgudg1vm/files/wandb-summary.json
2021-09-14 10:25:04,924 INFO    Thread-12 :1486666 [upload_job.py:push():137] Uploaded file /grid/koo/home/toneyan/profile/QuantPred/wandb/run-20210914_102426-mgudg1vm/files/config.yaml
2021-09-14 10:25:04,977 INFO    Thread-13 :1486666 [upload_job.py:push():137] Uploaded file /grid/koo/home/toneyan/profile/QuantPred/wandb/run-20210914_102426-mgudg1vm/files/requirements.txt
2021-09-14 10:25:04,980 DEBUG   HandlerThread:1486666 [handler.py:handle_request():124] handle_request: poll_exit
2021-09-14 10:25:04,980 DEBUG   SenderThread:1486666 [sender.py:send_request():193] send_request: poll_exit
2021-09-14 10:25:05,082 DEBUG   HandlerThread:1486666 [handler.py:handle_request():124] handle_request: poll_exit
2021-09-14 10:25:05,082 DEBUG   SenderThread:1486666 [sender.py:send_request():193] send_request: poll_exit
2021-09-14 10:25:05,177 INFO    Thread-7  :1486666 [sender.py:transition_state():308] send defer: 7
2021-09-14 10:25:05,178 DEBUG   HandlerThread:1486666 [handler.py:handle_request():124] handle_request: defer
2021-09-14 10:25:05,178 INFO    HandlerThread:1486666 [handler.py:handle_request_defer():141] handle defer: 7
2021-09-14 10:25:05,178 DEBUG   SenderThread:1486666 [sender.py:send_request():193] send_request: defer
2021-09-14 10:25:05,178 INFO    SenderThread:1486666 [sender.py:send_request_defer():304] handle sender defer: 7
2021-09-14 10:25:05,183 DEBUG   HandlerThread:1486666 [handler.py:handle_request():124] handle_request: poll_exit
2021-09-14 10:25:05,281 INFO    SenderThread:1486666 [sender.py:transition_state():308] send defer: 8
2021-09-14 10:25:05,281 DEBUG   SenderThread:1486666 [sender.py:send_request():193] send_request: poll_exit
2021-09-14 10:25:05,281 DEBUG   HandlerThread:1486666 [handler.py:handle_request():124] handle_request: defer
2021-09-14 10:25:05,281 INFO    HandlerThread:1486666 [handler.py:handle_request_defer():141] handle defer: 8
2021-09-14 10:25:05,281 DEBUG   SenderThread:1486666 [sender.py:send_request():193] send_request: defer
2021-09-14 10:25:05,282 INFO    SenderThread:1486666 [sender.py:send_request_defer():304] handle sender defer: 8
2021-09-14 10:25:05,282 INFO    SenderThread:1486666 [sender.py:transition_state():308] send defer: 9
2021-09-14 10:25:05,282 DEBUG   SenderThread:1486666 [sender.py:send():179] send: final
2021-09-14 10:25:05,282 DEBUG   SenderThread:1486666 [sender.py:send():179] send: footer
2021-09-14 10:25:05,282 DEBUG   HandlerThread:1486666 [handler.py:handle_request():124] handle_request: defer
2021-09-14 10:25:05,282 INFO    HandlerThread:1486666 [handler.py:handle_request_defer():141] handle defer: 9
2021-09-14 10:25:05,283 DEBUG   SenderThread:1486666 [sender.py:send_request():193] send_request: defer
2021-09-14 10:25:05,283 INFO    SenderThread:1486666 [sender.py:send_request_defer():304] handle sender defer: 9
2021-09-14 10:25:05,382 DEBUG   HandlerThread:1486666 [handler.py:handle_request():124] handle_request: poll_exit
2021-09-14 10:25:05,383 DEBUG   SenderThread:1486666 [sender.py:send_request():193] send_request: poll_exit
2021-09-14 10:25:05,383 INFO    SenderThread:1486666 [file_pusher.py:join():182] waiting for file pusher
2021-09-14 10:25:05,384 DEBUG   HandlerThread:1486666 [handler.py:handle_request():124] handle_request: get_summary
2021-09-14 10:25:05,385 DEBUG   HandlerThread:1486666 [handler.py:handle_request():124] handle_request: sampled_history
2021-09-14 10:25:05,386 DEBUG   HandlerThread:1486666 [handler.py:handle_request():124] handle_request: shutdown
2021-09-14 10:25:05,386 INFO    HandlerThread:1486666 [handler.py:finish():638] shutting down handler
2021-09-14 10:25:06,282 INFO    WriterThread:1486666 [datastore.py:close():288] close: /grid/koo/home/toneyan/profile/QuantPred/wandb/run-20210914_102426-mgudg1vm/run-mgudg1vm.wandb
2021-09-14 10:25:06,383 INFO    SenderThread:1486666 [sender.py:finish():945] shutting down sender
2021-09-14 10:25:06,383 INFO    SenderThread:1486666 [file_pusher.py:finish():177] shutting down file pusher
2021-09-14 10:25:06,383 INFO    SenderThread:1486666 [file_pusher.py:join():182] waiting for file pusher
2021-09-14 10:25:06,385 INFO    MainThread:1486666 [internal.py:handle_exit():78] Internal process exited
