2021-09-14 08:10:37,384 INFO    MainThread:1260284 [internal.py:wandb_internal():91] W&B internal server running at pid: 1260284, started at: 2021-09-14 08:10:37.383928
2021-09-14 08:10:37,385 DEBUG   HandlerThread:1260284 [handler.py:handle_request():124] handle_request: check_version
2021-09-14 08:10:37,385 INFO    WriterThread:1260284 [datastore.py:open_for_write():80] open: /grid/koo/home/toneyan/profile/QuantPred/wandb/run-20210914_081036-17mkxh1t/run-17mkxh1t.wandb
2021-09-14 08:10:37,387 DEBUG   SenderThread:1260284 [sender.py:send():179] send: header
2021-09-14 08:10:37,387 DEBUG   SenderThread:1260284 [sender.py:send_request():193] send_request: check_version
2021-09-14 08:10:37,415 DEBUG   SenderThread:1260284 [sender.py:send():179] send: run
2021-09-14 08:10:37,491 INFO    SenderThread:1260284 [dir_watcher.py:__init__():168] watching files in: /grid/koo/home/toneyan/profile/QuantPred/wandb/run-20210914_081036-17mkxh1t/files
2021-09-14 08:10:37,491 INFO    SenderThread:1260284 [sender.py:_start_run_threads():719] run started: 17mkxh1t with start time 1631621436
2021-09-14 08:10:37,491 DEBUG   SenderThread:1260284 [sender.py:send():179] send: summary
2021-09-14 08:10:37,493 INFO    SenderThread:1260284 [sender.py:_save_file():841] saving file wandb-summary.json with policy end
2021-09-14 08:10:37,495 DEBUG   HandlerThread:1260284 [handler.py:handle_request():124] handle_request: run_start
2021-09-14 08:10:38,493 INFO    Thread-8  :1260284 [dir_watcher.py:_on_file_created():216] file/dir created: /grid/koo/home/toneyan/profile/QuantPred/wandb/run-20210914_081036-17mkxh1t/files/wandb-summary.json
2021-09-14 08:10:38,497 DEBUG   HandlerThread:1260284 [meta.py:__init__():39] meta init
2021-09-14 08:10:38,497 DEBUG   HandlerThread:1260284 [meta.py:__init__():53] meta init done
2021-09-14 08:10:38,497 DEBUG   HandlerThread:1260284 [meta.py:probe():210] probe
2021-09-14 08:10:38,502 DEBUG   HandlerThread:1260284 [meta.py:_save_pip():57] save pip
2021-09-14 08:10:38,506 DEBUG   HandlerThread:1260284 [meta.py:_save_pip():71] save pip done
2021-09-14 08:10:38,506 DEBUG   HandlerThread:1260284 [meta.py:probe():252] probe done
2021-09-14 08:10:38,510 DEBUG   SenderThread:1260284 [sender.py:send():179] send: files
2021-09-14 08:10:38,510 INFO    SenderThread:1260284 [sender.py:_save_file():841] saving file wandb-metadata.json with policy now
2021-09-14 08:10:38,518 DEBUG   HandlerThread:1260284 [handler.py:handle_request():124] handle_request: stop_status
2021-09-14 08:10:38,518 DEBUG   SenderThread:1260284 [sender.py:send_request():193] send_request: stop_status
2021-09-14 08:10:38,856 INFO    Thread-11 :1260284 [upload_job.py:push():137] Uploaded file /tmp/3287106.1.gpu_ded.q/tmpn42_xlzfwandb/1vwjx0ft-wandb-metadata.json
2021-09-14 08:10:39,492 INFO    Thread-8  :1260284 [dir_watcher.py:_on_file_created():216] file/dir created: /grid/koo/home/toneyan/profile/QuantPred/wandb/run-20210914_081036-17mkxh1t/files/wandb-metadata.json
2021-09-14 08:10:39,492 INFO    Thread-8  :1260284 [dir_watcher.py:_on_file_created():216] file/dir created: /grid/koo/home/toneyan/profile/QuantPred/wandb/run-20210914_081036-17mkxh1t/files/output.log
2021-09-14 08:10:39,493 INFO    Thread-8  :1260284 [dir_watcher.py:_on_file_created():216] file/dir created: /grid/koo/home/toneyan/profile/QuantPred/wandb/run-20210914_081036-17mkxh1t/files/requirements.txt
2021-09-14 08:10:53,578 DEBUG   HandlerThread:1260284 [handler.py:handle_request():124] handle_request: stop_status
2021-09-14 08:10:53,578 DEBUG   SenderThread:1260284 [sender.py:send_request():193] send_request: stop_status
2021-09-14 08:10:53,633 ERROR   SenderThread:1260284 [internal_api.py:execute():130] 429 response executing GraphQL.
2021-09-14 08:10:53,633 ERROR   SenderThread:1260284 [internal_api.py:execute():131] {"error":"rate limit exceeded"}

2021-09-14 08:10:54,862 ERROR   SenderThread:1260284 [internal_api.py:execute():130] 429 response executing GraphQL.
2021-09-14 08:10:54,862 ERROR   SenderThread:1260284 [internal_api.py:execute():131] {"error":"rate limit exceeded"}

2021-09-14 08:10:57,322 ERROR   SenderThread:1260284 [internal_api.py:execute():130] 429 response executing GraphQL.
2021-09-14 08:10:57,323 ERROR   SenderThread:1260284 [internal_api.py:execute():131] {"error":"rate limit exceeded"}

2021-09-14 08:10:57,323 ERROR   SenderThread:1260284 [retry.py:__call__():126] Retry attempt failed:
Traceback (most recent call last):
  File "/usr/local/lib/python3.6/dist-packages/wandb/sdk/lib/retry.py", line 102, in __call__
    result = self._call_fn(*args, **kwargs)
  File "/usr/local/lib/python3.6/dist-packages/wandb/sdk/internal/internal_api.py", line 133, in execute
    six.reraise(*sys.exc_info())
  File "/usr/local/lib/python3.6/dist-packages/six.py", line 719, in reraise
    raise value
  File "/usr/local/lib/python3.6/dist-packages/wandb/sdk/internal/internal_api.py", line 127, in execute
    return self.client.execute(*args, **kwargs)
  File "/usr/local/lib/python3.6/dist-packages/wandb/vendor/gql-0.2.0/gql/client.py", line 52, in execute
    result = self._get_result(document, *args, **kwargs)
  File "/usr/local/lib/python3.6/dist-packages/wandb/vendor/gql-0.2.0/gql/client.py", line 60, in _get_result
    return self.transport.execute(document, *args, **kwargs)
  File "/usr/local/lib/python3.6/dist-packages/wandb/vendor/gql-0.2.0/gql/transport/requests.py", line 39, in execute
    request.raise_for_status()
  File "/usr/local/lib/python3.6/dist-packages/requests/models.py", line 943, in raise_for_status
    raise HTTPError(http_error_msg, response=self)
requests.exceptions.HTTPError: 429 Client Error: Too Many Requests for url: https://api.wandb.ai/graphql
2021-09-14 08:11:06,841 DEBUG   SenderThread:1260284 [sender.py:send():179] send: stats
2021-09-14 08:11:10,751 DEBUG   SenderThread:1260284 [sender.py:send():179] send: telemetry
2021-09-14 08:11:10,751 DEBUG   HandlerThread:1260284 [handler.py:handle_request():124] handle_request: poll_exit
2021-09-14 08:11:10,751 DEBUG   SenderThread:1260284 [sender.py:send():179] send: exit
2021-09-14 08:11:10,751 INFO    SenderThread:1260284 [sender.py:send_exit():287] handling exit code: 1
2021-09-14 08:11:10,751 INFO    SenderThread:1260284 [sender.py:send_exit():295] send defer
2021-09-14 08:11:10,752 DEBUG   SenderThread:1260284 [sender.py:send_request():193] send_request: poll_exit
2021-09-14 08:11:10,752 DEBUG   HandlerThread:1260284 [handler.py:handle_request():124] handle_request: defer
2021-09-14 08:11:10,752 INFO    HandlerThread:1260284 [handler.py:handle_request_defer():141] handle defer: 0
2021-09-14 08:11:10,752 DEBUG   SenderThread:1260284 [sender.py:send_request():193] send_request: defer
2021-09-14 08:11:10,752 INFO    SenderThread:1260284 [sender.py:send_request_defer():304] handle sender defer: 0
2021-09-14 08:11:10,752 INFO    SenderThread:1260284 [sender.py:transition_state():308] send defer: 1
2021-09-14 08:11:10,752 DEBUG   HandlerThread:1260284 [handler.py:handle_request():124] handle_request: defer
2021-09-14 08:11:10,752 INFO    HandlerThread:1260284 [handler.py:handle_request_defer():141] handle defer: 1
2021-09-14 08:11:10,782 DEBUG   SenderThread:1260284 [sender.py:send_request():193] send_request: defer
2021-09-14 08:11:10,782 INFO    SenderThread:1260284 [sender.py:send_request_defer():304] handle sender defer: 1
2021-09-14 08:11:10,783 INFO    SenderThread:1260284 [sender.py:transition_state():308] send defer: 2
2021-09-14 08:11:10,783 DEBUG   SenderThread:1260284 [sender.py:send():179] send: stats
2021-09-14 08:11:10,783 DEBUG   HandlerThread:1260284 [handler.py:handle_request():124] handle_request: defer
2021-09-14 08:11:10,784 INFO    HandlerThread:1260284 [handler.py:handle_request_defer():141] handle defer: 2
2021-09-14 08:11:10,785 DEBUG   SenderThread:1260284 [sender.py:send_request():193] send_request: defer
2021-09-14 08:11:10,785 INFO    SenderThread:1260284 [sender.py:send_request_defer():304] handle sender defer: 2
2021-09-14 08:11:10,785 INFO    SenderThread:1260284 [sender.py:transition_state():308] send defer: 3
2021-09-14 08:11:10,785 DEBUG   HandlerThread:1260284 [handler.py:handle_request():124] handle_request: defer
2021-09-14 08:11:10,785 INFO    HandlerThread:1260284 [handler.py:handle_request_defer():141] handle defer: 3
2021-09-14 08:11:10,785 DEBUG   SenderThread:1260284 [sender.py:send():179] send: summary
2021-09-14 08:11:10,786 INFO    SenderThread:1260284 [sender.py:_save_file():841] saving file wandb-summary.json with policy end
2021-09-14 08:11:10,786 DEBUG   SenderThread:1260284 [sender.py:send_request():193] send_request: defer
2021-09-14 08:11:10,786 INFO    SenderThread:1260284 [sender.py:send_request_defer():304] handle sender defer: 3
2021-09-14 08:11:10,786 INFO    SenderThread:1260284 [sender.py:transition_state():308] send defer: 4
2021-09-14 08:11:10,786 DEBUG   HandlerThread:1260284 [handler.py:handle_request():124] handle_request: defer
2021-09-14 08:11:10,786 INFO    HandlerThread:1260284 [handler.py:handle_request_defer():141] handle defer: 4
2021-09-14 08:11:10,786 DEBUG   SenderThread:1260284 [sender.py:send_request():193] send_request: defer
2021-09-14 08:11:10,786 INFO    SenderThread:1260284 [sender.py:send_request_defer():304] handle sender defer: 4
2021-09-14 08:11:10,853 DEBUG   HandlerThread:1260284 [handler.py:handle_request():124] handle_request: poll_exit
2021-09-14 08:11:10,858 ERROR   SenderThread:1260284 [internal_api.py:execute():130] 429 response executing GraphQL.
2021-09-14 08:11:10,858 ERROR   SenderThread:1260284 [internal_api.py:execute():131] {"error":"rate limit exceeded"}

2021-09-14 08:11:11,501 INFO    Thread-8  :1260284 [dir_watcher.py:_on_file_modified():229] file/dir modified: /grid/koo/home/toneyan/profile/QuantPred/wandb/run-20210914_081036-17mkxh1t/files/wandb-summary.json
2021-09-14 08:11:12,151 ERROR   SenderThread:1260284 [internal_api.py:execute():130] 429 response executing GraphQL.
2021-09-14 08:11:12,151 ERROR   SenderThread:1260284 [internal_api.py:execute():131] {"error":"rate limit exceeded"}

2021-09-14 08:11:14,412 ERROR   SenderThread:1260284 [internal_api.py:execute():130] 429 response executing GraphQL.
2021-09-14 08:11:14,412 ERROR   SenderThread:1260284 [internal_api.py:execute():131] {"error":"rate limit exceeded"}

2021-09-14 08:11:14,412 ERROR   SenderThread:1260284 [retry.py:__call__():126] Retry attempt failed:
Traceback (most recent call last):
  File "/usr/local/lib/python3.6/dist-packages/wandb/sdk/lib/retry.py", line 102, in __call__
    result = self._call_fn(*args, **kwargs)
  File "/usr/local/lib/python3.6/dist-packages/wandb/sdk/internal/internal_api.py", line 133, in execute
    six.reraise(*sys.exc_info())
  File "/usr/local/lib/python3.6/dist-packages/six.py", line 719, in reraise
    raise value
  File "/usr/local/lib/python3.6/dist-packages/wandb/sdk/internal/internal_api.py", line 127, in execute
    return self.client.execute(*args, **kwargs)
  File "/usr/local/lib/python3.6/dist-packages/wandb/vendor/gql-0.2.0/gql/client.py", line 52, in execute
    result = self._get_result(document, *args, **kwargs)
  File "/usr/local/lib/python3.6/dist-packages/wandb/vendor/gql-0.2.0/gql/client.py", line 60, in _get_result
    return self.transport.execute(document, *args, **kwargs)
  File "/usr/local/lib/python3.6/dist-packages/wandb/vendor/gql-0.2.0/gql/transport/requests.py", line 39, in execute
    request.raise_for_status()
  File "/usr/local/lib/python3.6/dist-packages/requests/models.py", line 943, in raise_for_status
    raise HTTPError(http_error_msg, response=self)
requests.exceptions.HTTPError: 429 Client Error: Too Many Requests for url: https://api.wandb.ai/graphql
2021-09-14 08:11:15,954 DEBUG   HandlerThread:1260284 [handler.py:handle_request():124] handle_request: poll_exit
2021-09-14 08:11:19,263 INFO    SenderThread:1260284 [sender.py:transition_state():308] send defer: 5
2021-09-14 08:11:19,263 DEBUG   SenderThread:1260284 [sender.py:send_request():193] send_request: poll_exit
2021-09-14 08:11:19,263 DEBUG   SenderThread:1260284 [sender.py:send_request():193] send_request: poll_exit
2021-09-14 08:11:19,264 DEBUG   HandlerThread:1260284 [handler.py:handle_request():124] handle_request: defer
2021-09-14 08:11:19,264 INFO    HandlerThread:1260284 [handler.py:handle_request_defer():141] handle defer: 5
2021-09-14 08:11:19,264 DEBUG   SenderThread:1260284 [sender.py:send_request():193] send_request: defer
2021-09-14 08:11:19,264 INFO    SenderThread:1260284 [sender.py:send_request_defer():304] handle sender defer: 5
2021-09-14 08:11:19,264 INFO    SenderThread:1260284 [dir_watcher.py:finish():282] shutting down directory watcher
2021-09-14 08:11:19,368 DEBUG   HandlerThread:1260284 [handler.py:handle_request():124] handle_request: poll_exit
2021-09-14 08:11:19,503 INFO    SenderThread:1260284 [dir_watcher.py:_on_file_modified():229] file/dir modified: /grid/koo/home/toneyan/profile/QuantPred/wandb/run-20210914_081036-17mkxh1t/files/config.yaml
2021-09-14 08:11:19,503 INFO    SenderThread:1260284 [dir_watcher.py:finish():312] scan: /grid/koo/home/toneyan/profile/QuantPred/wandb/run-20210914_081036-17mkxh1t/files
2021-09-14 08:11:19,504 INFO    SenderThread:1260284 [dir_watcher.py:finish():318] scan save: /grid/koo/home/toneyan/profile/QuantPred/wandb/run-20210914_081036-17mkxh1t/files/wandb-metadata.json wandb-metadata.json
2021-09-14 08:11:19,504 INFO    SenderThread:1260284 [dir_watcher.py:finish():318] scan save: /grid/koo/home/toneyan/profile/QuantPred/wandb/run-20210914_081036-17mkxh1t/files/config.yaml config.yaml
2021-09-14 08:11:19,504 INFO    SenderThread:1260284 [dir_watcher.py:finish():318] scan save: /grid/koo/home/toneyan/profile/QuantPred/wandb/run-20210914_081036-17mkxh1t/files/requirements.txt requirements.txt
2021-09-14 08:11:19,504 INFO    SenderThread:1260284 [dir_watcher.py:finish():318] scan save: /grid/koo/home/toneyan/profile/QuantPred/wandb/run-20210914_081036-17mkxh1t/files/wandb-summary.json wandb-summary.json
2021-09-14 08:11:19,507 INFO    SenderThread:1260284 [dir_watcher.py:finish():318] scan save: /grid/koo/home/toneyan/profile/QuantPred/wandb/run-20210914_081036-17mkxh1t/files/output.log output.log
2021-09-14 08:11:19,514 INFO    SenderThread:1260284 [sender.py:transition_state():308] send defer: 6
2021-09-14 08:11:19,514 DEBUG   SenderThread:1260284 [sender.py:send_request():193] send_request: poll_exit
2021-09-14 08:11:19,515 DEBUG   HandlerThread:1260284 [handler.py:handle_request():124] handle_request: defer
2021-09-14 08:11:19,515 INFO    HandlerThread:1260284 [handler.py:handle_request_defer():141] handle defer: 6
2021-09-14 08:11:19,515 DEBUG   SenderThread:1260284 [sender.py:send_request():193] send_request: defer
2021-09-14 08:11:19,515 INFO    SenderThread:1260284 [sender.py:send_request_defer():304] handle sender defer: 6
2021-09-14 08:11:19,516 INFO    SenderThread:1260284 [file_pusher.py:finish():177] shutting down file pusher
2021-09-14 08:11:19,619 DEBUG   HandlerThread:1260284 [handler.py:handle_request():124] handle_request: poll_exit
2021-09-14 08:11:19,619 DEBUG   SenderThread:1260284 [sender.py:send_request():193] send_request: poll_exit
2021-09-14 08:11:19,721 DEBUG   HandlerThread:1260284 [handler.py:handle_request():124] handle_request: poll_exit
2021-09-14 08:11:19,721 DEBUG   SenderThread:1260284 [sender.py:send_request():193] send_request: poll_exit
2021-09-14 08:11:19,822 DEBUG   HandlerThread:1260284 [handler.py:handle_request():124] handle_request: poll_exit
2021-09-14 08:11:19,822 DEBUG   SenderThread:1260284 [sender.py:send_request():193] send_request: poll_exit
2021-09-14 08:11:19,844 INFO    Thread-14 :1260284 [upload_job.py:push():137] Uploaded file /grid/koo/home/toneyan/profile/QuantPred/wandb/run-20210914_081036-17mkxh1t/files/wandb-summary.json
2021-09-14 08:11:19,847 INFO    Thread-13 :1260284 [upload_job.py:push():137] Uploaded file /grid/koo/home/toneyan/profile/QuantPred/wandb/run-20210914_081036-17mkxh1t/files/requirements.txt
2021-09-14 08:11:19,902 INFO    Thread-12 :1260284 [upload_job.py:push():137] Uploaded file /grid/koo/home/toneyan/profile/QuantPred/wandb/run-20210914_081036-17mkxh1t/files/config.yaml
2021-09-14 08:11:19,924 DEBUG   HandlerThread:1260284 [handler.py:handle_request():124] handle_request: poll_exit
2021-09-14 08:11:19,924 DEBUG   SenderThread:1260284 [sender.py:send_request():193] send_request: poll_exit
2021-09-14 08:11:20,025 DEBUG   HandlerThread:1260284 [handler.py:handle_request():124] handle_request: poll_exit
2021-09-14 08:11:20,026 DEBUG   SenderThread:1260284 [sender.py:send_request():193] send_request: poll_exit
2021-09-14 08:11:20,102 INFO    Thread-7  :1260284 [sender.py:transition_state():308] send defer: 7
2021-09-14 08:11:20,103 DEBUG   HandlerThread:1260284 [handler.py:handle_request():124] handle_request: defer
2021-09-14 08:11:20,103 INFO    HandlerThread:1260284 [handler.py:handle_request_defer():141] handle defer: 7
2021-09-14 08:11:20,103 DEBUG   SenderThread:1260284 [sender.py:send_request():193] send_request: defer
2021-09-14 08:11:20,103 INFO    SenderThread:1260284 [sender.py:send_request_defer():304] handle sender defer: 7
2021-09-14 08:11:20,128 DEBUG   HandlerThread:1260284 [handler.py:handle_request():124] handle_request: poll_exit
2021-09-14 08:11:20,155 INFO    SenderThread:1260284 [sender.py:transition_state():308] send defer: 8
2021-09-14 08:11:20,155 DEBUG   SenderThread:1260284 [sender.py:send_request():193] send_request: poll_exit
2021-09-14 08:11:20,155 DEBUG   HandlerThread:1260284 [handler.py:handle_request():124] handle_request: defer
2021-09-14 08:11:20,155 INFO    HandlerThread:1260284 [handler.py:handle_request_defer():141] handle defer: 8
2021-09-14 08:11:20,155 DEBUG   SenderThread:1260284 [sender.py:send_request():193] send_request: defer
2021-09-14 08:11:20,155 INFO    SenderThread:1260284 [sender.py:send_request_defer():304] handle sender defer: 8
2021-09-14 08:11:20,155 INFO    SenderThread:1260284 [sender.py:transition_state():308] send defer: 9
2021-09-14 08:11:20,156 DEBUG   SenderThread:1260284 [sender.py:send():179] send: final
2021-09-14 08:11:20,156 DEBUG   SenderThread:1260284 [sender.py:send():179] send: footer
2021-09-14 08:11:20,156 DEBUG   HandlerThread:1260284 [handler.py:handle_request():124] handle_request: defer
2021-09-14 08:11:20,156 INFO    HandlerThread:1260284 [handler.py:handle_request_defer():141] handle defer: 9
2021-09-14 08:11:20,156 DEBUG   SenderThread:1260284 [sender.py:send_request():193] send_request: defer
2021-09-14 08:11:20,156 INFO    SenderThread:1260284 [sender.py:send_request_defer():304] handle sender defer: 9
2021-09-14 08:11:20,256 DEBUG   HandlerThread:1260284 [handler.py:handle_request():124] handle_request: poll_exit
2021-09-14 08:11:20,256 DEBUG   SenderThread:1260284 [sender.py:send_request():193] send_request: poll_exit
2021-09-14 08:11:20,256 INFO    SenderThread:1260284 [file_pusher.py:join():182] waiting for file pusher
2021-09-14 08:11:20,258 DEBUG   HandlerThread:1260284 [handler.py:handle_request():124] handle_request: get_summary
2021-09-14 08:11:20,258 DEBUG   HandlerThread:1260284 [handler.py:handle_request():124] handle_request: sampled_history
2021-09-14 08:11:20,262 DEBUG   HandlerThread:1260284 [handler.py:handle_request():124] handle_request: shutdown
2021-09-14 08:11:20,262 INFO    HandlerThread:1260284 [handler.py:finish():638] shutting down handler
2021-09-14 08:11:21,156 INFO    WriterThread:1260284 [datastore.py:close():288] close: /grid/koo/home/toneyan/profile/QuantPred/wandb/run-20210914_081036-17mkxh1t/run-17mkxh1t.wandb
2021-09-14 08:11:21,257 INFO    SenderThread:1260284 [sender.py:finish():945] shutting down sender
2021-09-14 08:11:21,257 INFO    SenderThread:1260284 [file_pusher.py:finish():177] shutting down file pusher
2021-09-14 08:11:21,257 INFO    SenderThread:1260284 [file_pusher.py:join():182] waiting for file pusher
2021-09-14 08:11:21,258 INFO    MainThread:1260284 [internal.py:handle_exit():78] Internal process exited
