2021-09-18 17:06:30,680 INFO    MainThread:1405853 [internal.py:wandb_internal():91] W&B internal server running at pid: 1405853, started at: 2021-09-18 17:06:30.679939
2021-09-18 17:06:30,682 DEBUG   HandlerThread:1405853 [handler.py:handle_request():124] handle_request: check_version
2021-09-18 17:06:30,682 INFO    WriterThread:1405853 [datastore.py:open_for_write():80] open: /grid/koo/home/toneyan/profile/QuantPred/wandb/run-20210918_170630-ltgehhbi/run-ltgehhbi.wandb
2021-09-18 17:06:30,684 DEBUG   SenderThread:1405853 [sender.py:send():179] send: header
2021-09-18 17:06:30,684 DEBUG   SenderThread:1405853 [sender.py:send_request():193] send_request: check_version
2021-09-18 17:06:30,712 DEBUG   SenderThread:1405853 [sender.py:send():179] send: run
2021-09-18 17:06:30,790 INFO    SenderThread:1405853 [dir_watcher.py:__init__():168] watching files in: /grid/koo/home/toneyan/profile/QuantPred/wandb/run-20210918_170630-ltgehhbi/files
2021-09-18 17:06:30,790 INFO    SenderThread:1405853 [sender.py:_start_run_threads():719] run started: ltgehhbi with start time 1631999190
2021-09-18 17:06:30,790 DEBUG   SenderThread:1405853 [sender.py:send():179] send: summary
2021-09-18 17:06:30,791 INFO    SenderThread:1405853 [sender.py:_save_file():841] saving file wandb-summary.json with policy end
2021-09-18 17:06:30,791 DEBUG   HandlerThread:1405853 [handler.py:handle_request():124] handle_request: run_start
2021-09-18 17:06:31,792 INFO    Thread-8  :1405853 [dir_watcher.py:_on_file_created():216] file/dir created: /grid/koo/home/toneyan/profile/QuantPred/wandb/run-20210918_170630-ltgehhbi/files/wandb-summary.json
2021-09-18 17:06:31,904 DEBUG   HandlerThread:1405853 [meta.py:__init__():39] meta init
2021-09-18 17:06:31,904 DEBUG   HandlerThread:1405853 [meta.py:__init__():53] meta init done
2021-09-18 17:06:31,904 DEBUG   HandlerThread:1405853 [meta.py:probe():210] probe
2021-09-18 17:06:31,909 DEBUG   HandlerThread:1405853 [meta.py:_save_pip():57] save pip
2021-09-18 17:06:31,910 DEBUG   HandlerThread:1405853 [meta.py:_save_pip():71] save pip done
2021-09-18 17:06:31,910 DEBUG   HandlerThread:1405853 [meta.py:probe():252] probe done
2021-09-18 17:06:31,913 DEBUG   SenderThread:1405853 [sender.py:send():179] send: files
2021-09-18 17:06:31,913 INFO    SenderThread:1405853 [sender.py:_save_file():841] saving file wandb-metadata.json with policy now
2021-09-18 17:06:31,918 DEBUG   HandlerThread:1405853 [handler.py:handle_request():124] handle_request: stop_status
2021-09-18 17:06:31,918 DEBUG   SenderThread:1405853 [sender.py:send_request():193] send_request: stop_status
2021-09-18 17:06:32,230 INFO    Thread-11 :1405853 [upload_job.py:push():137] Uploaded file /tmp/3288848.1.gpu_ded.q/tmp7sv_7dcmwandb/2zrbpehi-wandb-metadata.json
2021-09-18 17:06:32,791 INFO    Thread-8  :1405853 [dir_watcher.py:_on_file_created():216] file/dir created: /grid/koo/home/toneyan/profile/QuantPred/wandb/run-20210918_170630-ltgehhbi/files/output.log
2021-09-18 17:06:32,791 INFO    Thread-8  :1405853 [dir_watcher.py:_on_file_created():216] file/dir created: /grid/koo/home/toneyan/profile/QuantPred/wandb/run-20210918_170630-ltgehhbi/files/wandb-metadata.json
2021-09-18 17:06:32,791 INFO    Thread-8  :1405853 [dir_watcher.py:_on_file_created():216] file/dir created: /grid/koo/home/toneyan/profile/QuantPred/wandb/run-20210918_170630-ltgehhbi/files/requirements.txt
2021-09-18 17:06:46,992 DEBUG   HandlerThread:1405853 [handler.py:handle_request():124] handle_request: stop_status
2021-09-18 17:06:46,992 DEBUG   SenderThread:1405853 [sender.py:send_request():193] send_request: stop_status
2021-09-18 17:07:00,303 DEBUG   SenderThread:1405853 [sender.py:send():179] send: stats
2021-09-18 17:07:02,051 DEBUG   HandlerThread:1405853 [handler.py:handle_request():124] handle_request: stop_status
2021-09-18 17:07:02,052 DEBUG   SenderThread:1405853 [sender.py:send_request():193] send_request: stop_status
2021-09-18 17:07:03,712 DEBUG   HandlerThread:1405853 [handler.py:handle_request():124] handle_request: poll_exit
2021-09-18 17:07:03,712 DEBUG   SenderThread:1405853 [sender.py:send():179] send: telemetry
2021-09-18 17:07:03,712 DEBUG   SenderThread:1405853 [sender.py:send():179] send: exit
2021-09-18 17:07:03,712 INFO    SenderThread:1405853 [sender.py:send_exit():287] handling exit code: 1
2021-09-18 17:07:03,712 INFO    SenderThread:1405853 [sender.py:send_exit():295] send defer
2021-09-18 17:07:03,713 DEBUG   SenderThread:1405853 [sender.py:send_request():193] send_request: poll_exit
2021-09-18 17:07:03,713 DEBUG   HandlerThread:1405853 [handler.py:handle_request():124] handle_request: defer
2021-09-18 17:07:03,713 INFO    HandlerThread:1405853 [handler.py:handle_request_defer():141] handle defer: 0
2021-09-18 17:07:03,713 DEBUG   SenderThread:1405853 [sender.py:send_request():193] send_request: defer
2021-09-18 17:07:03,713 INFO    SenderThread:1405853 [sender.py:send_request_defer():304] handle sender defer: 0
2021-09-18 17:07:03,713 INFO    SenderThread:1405853 [sender.py:transition_state():308] send defer: 1
2021-09-18 17:07:03,713 DEBUG   HandlerThread:1405853 [handler.py:handle_request():124] handle_request: defer
2021-09-18 17:07:03,713 INFO    HandlerThread:1405853 [handler.py:handle_request_defer():141] handle defer: 1
2021-09-18 17:07:03,751 DEBUG   SenderThread:1405853 [sender.py:send_request():193] send_request: defer
2021-09-18 17:07:03,752 INFO    SenderThread:1405853 [sender.py:send_request_defer():304] handle sender defer: 1
2021-09-18 17:07:03,752 INFO    SenderThread:1405853 [sender.py:transition_state():308] send defer: 2
2021-09-18 17:07:03,752 DEBUG   SenderThread:1405853 [sender.py:send():179] send: stats
2021-09-18 17:07:03,754 DEBUG   HandlerThread:1405853 [handler.py:handle_request():124] handle_request: defer
2021-09-18 17:07:03,754 INFO    HandlerThread:1405853 [handler.py:handle_request_defer():141] handle defer: 2
2021-09-18 17:07:03,755 DEBUG   SenderThread:1405853 [sender.py:send_request():193] send_request: defer
2021-09-18 17:07:03,755 INFO    SenderThread:1405853 [sender.py:send_request_defer():304] handle sender defer: 2
2021-09-18 17:07:03,755 INFO    SenderThread:1405853 [sender.py:transition_state():308] send defer: 3
2021-09-18 17:07:03,755 DEBUG   HandlerThread:1405853 [handler.py:handle_request():124] handle_request: defer
2021-09-18 17:07:03,755 INFO    HandlerThread:1405853 [handler.py:handle_request_defer():141] handle defer: 3
2021-09-18 17:07:03,755 DEBUG   SenderThread:1405853 [sender.py:send():179] send: summary
2021-09-18 17:07:03,756 INFO    SenderThread:1405853 [sender.py:_save_file():841] saving file wandb-summary.json with policy end
2021-09-18 17:07:03,756 DEBUG   SenderThread:1405853 [sender.py:send_request():193] send_request: defer
2021-09-18 17:07:03,756 INFO    SenderThread:1405853 [sender.py:send_request_defer():304] handle sender defer: 3
2021-09-18 17:07:03,756 INFO    SenderThread:1405853 [sender.py:transition_state():308] send defer: 4
2021-09-18 17:07:03,756 DEBUG   HandlerThread:1405853 [handler.py:handle_request():124] handle_request: defer
2021-09-18 17:07:03,757 INFO    HandlerThread:1405853 [handler.py:handle_request_defer():141] handle defer: 4
2021-09-18 17:07:03,757 DEBUG   SenderThread:1405853 [sender.py:send_request():193] send_request: defer
2021-09-18 17:07:03,757 INFO    SenderThread:1405853 [sender.py:send_request_defer():304] handle sender defer: 4
2021-09-18 17:07:03,800 INFO    Thread-8  :1405853 [dir_watcher.py:_on_file_modified():229] file/dir modified: /grid/koo/home/toneyan/profile/QuantPred/wandb/run-20210918_170630-ltgehhbi/files/wandb-summary.json
2021-09-18 17:07:03,814 DEBUG   HandlerThread:1405853 [handler.py:handle_request():124] handle_request: poll_exit
2021-09-18 17:07:03,834 INFO    SenderThread:1405853 [sender.py:transition_state():308] send defer: 5
2021-09-18 17:07:03,834 DEBUG   SenderThread:1405853 [sender.py:send_request():193] send_request: poll_exit
2021-09-18 17:07:03,835 DEBUG   HandlerThread:1405853 [handler.py:handle_request():124] handle_request: defer
2021-09-18 17:07:03,835 INFO    HandlerThread:1405853 [handler.py:handle_request_defer():141] handle defer: 5
2021-09-18 17:07:03,835 DEBUG   SenderThread:1405853 [sender.py:send_request():193] send_request: defer
2021-09-18 17:07:03,835 INFO    SenderThread:1405853 [sender.py:send_request_defer():304] handle sender defer: 5
2021-09-18 17:07:03,835 INFO    SenderThread:1405853 [dir_watcher.py:finish():282] shutting down directory watcher
2021-09-18 17:07:03,939 DEBUG   HandlerThread:1405853 [handler.py:handle_request():124] handle_request: poll_exit
2021-09-18 17:07:04,801 INFO    Thread-8  :1405853 [dir_watcher.py:_on_file_modified():229] file/dir modified: /grid/koo/home/toneyan/profile/QuantPred/wandb/run-20210918_170630-ltgehhbi/files/config.yaml
2021-09-18 17:07:04,801 INFO    SenderThread:1405853 [dir_watcher.py:finish():312] scan: /grid/koo/home/toneyan/profile/QuantPred/wandb/run-20210918_170630-ltgehhbi/files
2021-09-18 17:07:04,801 INFO    SenderThread:1405853 [dir_watcher.py:finish():318] scan save: /grid/koo/home/toneyan/profile/QuantPred/wandb/run-20210918_170630-ltgehhbi/files/wandb-metadata.json wandb-metadata.json
2021-09-18 17:07:04,802 INFO    SenderThread:1405853 [dir_watcher.py:finish():318] scan save: /grid/koo/home/toneyan/profile/QuantPred/wandb/run-20210918_170630-ltgehhbi/files/config.yaml config.yaml
2021-09-18 17:07:04,802 INFO    SenderThread:1405853 [dir_watcher.py:finish():318] scan save: /grid/koo/home/toneyan/profile/QuantPred/wandb/run-20210918_170630-ltgehhbi/files/requirements.txt requirements.txt
2021-09-18 17:07:04,805 INFO    SenderThread:1405853 [dir_watcher.py:finish():318] scan save: /grid/koo/home/toneyan/profile/QuantPred/wandb/run-20210918_170630-ltgehhbi/files/wandb-summary.json wandb-summary.json
2021-09-18 17:07:04,805 INFO    SenderThread:1405853 [dir_watcher.py:finish():318] scan save: /grid/koo/home/toneyan/profile/QuantPred/wandb/run-20210918_170630-ltgehhbi/files/output.log output.log
2021-09-18 17:07:04,808 INFO    SenderThread:1405853 [sender.py:transition_state():308] send defer: 6
2021-09-18 17:07:04,808 DEBUG   SenderThread:1405853 [sender.py:send_request():193] send_request: poll_exit
2021-09-18 17:07:04,809 DEBUG   HandlerThread:1405853 [handler.py:handle_request():124] handle_request: defer
2021-09-18 17:07:04,813 INFO    HandlerThread:1405853 [handler.py:handle_request_defer():141] handle defer: 6
2021-09-18 17:07:04,813 DEBUG   SenderThread:1405853 [sender.py:send_request():193] send_request: defer
2021-09-18 17:07:04,813 INFO    SenderThread:1405853 [sender.py:send_request_defer():304] handle sender defer: 6
2021-09-18 17:07:04,814 INFO    SenderThread:1405853 [file_pusher.py:finish():177] shutting down file pusher
2021-09-18 17:07:04,915 DEBUG   HandlerThread:1405853 [handler.py:handle_request():124] handle_request: poll_exit
2021-09-18 17:07:04,915 DEBUG   SenderThread:1405853 [sender.py:send_request():193] send_request: poll_exit
2021-09-18 17:07:05,019 DEBUG   HandlerThread:1405853 [handler.py:handle_request():124] handle_request: poll_exit
2021-09-18 17:07:05,019 DEBUG   SenderThread:1405853 [sender.py:send_request():193] send_request: poll_exit
2021-09-18 17:07:05,117 INFO    Thread-13 :1405853 [upload_job.py:push():137] Uploaded file /grid/koo/home/toneyan/profile/QuantPred/wandb/run-20210918_170630-ltgehhbi/files/requirements.txt
2021-09-18 17:07:05,121 DEBUG   HandlerThread:1405853 [handler.py:handle_request():124] handle_request: poll_exit
2021-09-18 17:07:05,121 DEBUG   SenderThread:1405853 [sender.py:send_request():193] send_request: poll_exit
2021-09-18 17:07:05,190 INFO    Thread-14 :1405853 [upload_job.py:push():137] Uploaded file /grid/koo/home/toneyan/profile/QuantPred/wandb/run-20210918_170630-ltgehhbi/files/wandb-summary.json
2021-09-18 17:07:05,222 DEBUG   HandlerThread:1405853 [handler.py:handle_request():124] handle_request: poll_exit
2021-09-18 17:07:05,223 DEBUG   SenderThread:1405853 [sender.py:send_request():193] send_request: poll_exit
2021-09-18 17:07:05,228 INFO    Thread-12 :1405853 [upload_job.py:push():137] Uploaded file /grid/koo/home/toneyan/profile/QuantPred/wandb/run-20210918_170630-ltgehhbi/files/config.yaml
2021-09-18 17:07:05,325 DEBUG   HandlerThread:1405853 [handler.py:handle_request():124] handle_request: poll_exit
2021-09-18 17:07:05,325 DEBUG   SenderThread:1405853 [sender.py:send_request():193] send_request: poll_exit
2021-09-18 17:07:05,429 INFO    Thread-7  :1405853 [sender.py:transition_state():308] send defer: 7
2021-09-18 17:07:05,429 DEBUG   HandlerThread:1405853 [handler.py:handle_request():124] handle_request: poll_exit
2021-09-18 17:07:05,429 DEBUG   HandlerThread:1405853 [handler.py:handle_request():124] handle_request: defer
2021-09-18 17:07:05,429 DEBUG   SenderThread:1405853 [sender.py:send_request():193] send_request: poll_exit
2021-09-18 17:07:05,429 INFO    HandlerThread:1405853 [handler.py:handle_request_defer():141] handle defer: 7
2021-09-18 17:07:05,430 DEBUG   SenderThread:1405853 [sender.py:send_request():193] send_request: defer
2021-09-18 17:07:05,430 INFO    SenderThread:1405853 [sender.py:send_request_defer():304] handle sender defer: 7
2021-09-18 17:07:05,531 DEBUG   HandlerThread:1405853 [handler.py:handle_request():124] handle_request: poll_exit
2021-09-18 17:07:05,534 INFO    SenderThread:1405853 [sender.py:transition_state():308] send defer: 8
2021-09-18 17:07:05,534 DEBUG   SenderThread:1405853 [sender.py:send_request():193] send_request: poll_exit
2021-09-18 17:07:05,534 DEBUG   HandlerThread:1405853 [handler.py:handle_request():124] handle_request: defer
2021-09-18 17:07:05,534 INFO    HandlerThread:1405853 [handler.py:handle_request_defer():141] handle defer: 8
2021-09-18 17:07:05,535 DEBUG   SenderThread:1405853 [sender.py:send_request():193] send_request: defer
2021-09-18 17:07:05,535 INFO    SenderThread:1405853 [sender.py:send_request_defer():304] handle sender defer: 8
2021-09-18 17:07:05,535 INFO    SenderThread:1405853 [sender.py:transition_state():308] send defer: 9
2021-09-18 17:07:05,535 DEBUG   SenderThread:1405853 [sender.py:send():179] send: final
2021-09-18 17:07:05,535 DEBUG   SenderThread:1405853 [sender.py:send():179] send: footer
2021-09-18 17:07:05,535 DEBUG   HandlerThread:1405853 [handler.py:handle_request():124] handle_request: defer
2021-09-18 17:07:05,535 INFO    HandlerThread:1405853 [handler.py:handle_request_defer():141] handle defer: 9
2021-09-18 17:07:05,536 DEBUG   SenderThread:1405853 [sender.py:send_request():193] send_request: defer
2021-09-18 17:07:05,536 INFO    SenderThread:1405853 [sender.py:send_request_defer():304] handle sender defer: 9
2021-09-18 17:07:05,635 DEBUG   HandlerThread:1405853 [handler.py:handle_request():124] handle_request: poll_exit
2021-09-18 17:07:05,636 DEBUG   SenderThread:1405853 [sender.py:send_request():193] send_request: poll_exit
2021-09-18 17:07:05,636 INFO    SenderThread:1405853 [file_pusher.py:join():182] waiting for file pusher
2021-09-18 17:07:05,637 DEBUG   HandlerThread:1405853 [handler.py:handle_request():124] handle_request: get_summary
2021-09-18 17:07:05,637 DEBUG   HandlerThread:1405853 [handler.py:handle_request():124] handle_request: sampled_history
2021-09-18 17:07:05,637 DEBUG   HandlerThread:1405853 [handler.py:handle_request():124] handle_request: shutdown
2021-09-18 17:07:05,638 INFO    HandlerThread:1405853 [handler.py:finish():638] shutting down handler
2021-09-18 17:07:06,536 INFO    WriterThread:1405853 [datastore.py:close():288] close: /grid/koo/home/toneyan/profile/QuantPred/wandb/run-20210918_170630-ltgehhbi/run-ltgehhbi.wandb
2021-09-18 17:07:06,636 INFO    SenderThread:1405853 [sender.py:finish():945] shutting down sender
2021-09-18 17:07:06,636 INFO    SenderThread:1405853 [file_pusher.py:finish():177] shutting down file pusher
2021-09-18 17:07:06,636 INFO    SenderThread:1405853 [file_pusher.py:join():182] waiting for file pusher
2021-09-18 17:07:06,640 INFO    MainThread:1405853 [internal.py:handle_exit():78] Internal process exited
