2021-09-18 20:37:20,780 INFO    MainThread:454698 [internal.py:wandb_internal():91] W&B internal server running at pid: 454698, started at: 2021-09-18 20:37:20.779009
2021-09-18 20:37:20,781 DEBUG   HandlerThread:454698 [handler.py:handle_request():124] handle_request: check_version
2021-09-18 20:37:20,782 INFO    WriterThread:454698 [datastore.py:open_for_write():80] open: /grid/koo/home/toneyan/profile/QuantPred/wandb/run-20210918_203720-b60tfo4o/run-b60tfo4o.wandb
2021-09-18 20:37:20,783 DEBUG   SenderThread:454698 [sender.py:send():179] send: header
2021-09-18 20:37:20,783 DEBUG   SenderThread:454698 [sender.py:send_request():193] send_request: check_version
2021-09-18 20:37:20,815 DEBUG   SenderThread:454698 [sender.py:send():179] send: run
2021-09-18 20:37:20,914 INFO    SenderThread:454698 [dir_watcher.py:__init__():168] watching files in: /grid/koo/home/toneyan/profile/QuantPred/wandb/run-20210918_203720-b60tfo4o/files
2021-09-18 20:37:20,914 INFO    SenderThread:454698 [sender.py:_start_run_threads():719] run started: b60tfo4o with start time 1632011840
2021-09-18 20:37:20,915 DEBUG   SenderThread:454698 [sender.py:send():179] send: summary
2021-09-18 20:37:20,915 INFO    SenderThread:454698 [sender.py:_save_file():841] saving file wandb-summary.json with policy end
2021-09-18 20:37:20,916 DEBUG   HandlerThread:454698 [handler.py:handle_request():124] handle_request: run_start
2021-09-18 20:37:21,918 INFO    Thread-8  :454698 [dir_watcher.py:_on_file_created():216] file/dir created: /grid/koo/home/toneyan/profile/QuantPred/wandb/run-20210918_203720-b60tfo4o/files/wandb-summary.json
2021-09-18 20:37:22,081 DEBUG   HandlerThread:454698 [meta.py:__init__():39] meta init
2021-09-18 20:37:22,081 DEBUG   HandlerThread:454698 [meta.py:__init__():53] meta init done
2021-09-18 20:37:22,081 DEBUG   HandlerThread:454698 [meta.py:probe():210] probe
2021-09-18 20:37:22,087 DEBUG   HandlerThread:454698 [meta.py:_save_pip():57] save pip
2021-09-18 20:37:22,088 DEBUG   HandlerThread:454698 [meta.py:_save_pip():71] save pip done
2021-09-18 20:37:22,088 DEBUG   HandlerThread:454698 [meta.py:probe():252] probe done
2021-09-18 20:37:22,090 DEBUG   SenderThread:454698 [sender.py:send():179] send: files
2021-09-18 20:37:22,090 INFO    SenderThread:454698 [sender.py:_save_file():841] saving file wandb-metadata.json with policy now
2021-09-18 20:37:22,096 DEBUG   HandlerThread:454698 [handler.py:handle_request():124] handle_request: stop_status
2021-09-18 20:37:22,096 DEBUG   SenderThread:454698 [sender.py:send_request():193] send_request: stop_status
2021-09-18 20:37:22,150 ERROR   Thread-11 :454698 [internal_api.py:execute():130] 429 response executing GraphQL.
2021-09-18 20:37:22,150 ERROR   Thread-11 :454698 [internal_api.py:execute():131] {"error":"rate limit exceeded"}

2021-09-18 20:37:22,153 ERROR   SenderThread:454698 [internal_api.py:execute():130] 429 response executing GraphQL.
2021-09-18 20:37:22,153 ERROR   SenderThread:454698 [internal_api.py:execute():131] {"error":"rate limit exceeded"}

2021-09-18 20:37:22,917 INFO    Thread-8  :454698 [dir_watcher.py:_on_file_created():216] file/dir created: /grid/koo/home/toneyan/profile/QuantPred/wandb/run-20210918_203720-b60tfo4o/files/wandb-metadata.json
2021-09-18 20:37:22,917 INFO    Thread-8  :454698 [dir_watcher.py:_on_file_created():216] file/dir created: /grid/koo/home/toneyan/profile/QuantPred/wandb/run-20210918_203720-b60tfo4o/files/requirements.txt
2021-09-18 20:37:22,918 INFO    Thread-8  :454698 [dir_watcher.py:_on_file_created():216] file/dir created: /grid/koo/home/toneyan/profile/QuantPred/wandb/run-20210918_203720-b60tfo4o/files/output.log
2021-09-18 20:37:23,244 ERROR   Thread-11 :454698 [internal_api.py:execute():130] 429 response executing GraphQL.
2021-09-18 20:37:23,244 ERROR   Thread-11 :454698 [internal_api.py:execute():131] {"error":"rate limit exceeded"}

2021-09-18 20:37:23,456 ERROR   SenderThread:454698 [internal_api.py:execute():130] 429 response executing GraphQL.
2021-09-18 20:37:23,457 ERROR   SenderThread:454698 [internal_api.py:execute():131] {"error":"rate limit exceeded"}

2021-09-18 20:37:23,457 ERROR   SenderThread:454698 [retry.py:__call__():126] Retry attempt failed:
Traceback (most recent call last):
  File "/usr/local/lib/python3.6/dist-packages/wandb/sdk/lib/retry.py", line 102, in __call__
    result = self._call_fn(*args, **kwargs)
  File "/usr/local/lib/python3.6/dist-packages/wandb/sdk/internal/internal_api.py", line 133, in execute
    six.reraise(*sys.exc_info())
  File "/usr/local/lib/python3.6/dist-packages/six.py", line 719, in reraise
    raise value
  File "/usr/local/lib/python3.6/dist-packages/wandb/sdk/internal/internal_api.py", line 127, in execute
    return self.client.execute(*args, **kwargs)
  File "/usr/local/lib/python3.6/dist-packages/wandb/vendor/gql-0.2.0/gql/client.py", line 52, in execute
    result = self._get_result(document, *args, **kwargs)
  File "/usr/local/lib/python3.6/dist-packages/wandb/vendor/gql-0.2.0/gql/client.py", line 60, in _get_result
    return self.transport.execute(document, *args, **kwargs)
  File "/usr/local/lib/python3.6/dist-packages/wandb/vendor/gql-0.2.0/gql/transport/requests.py", line 39, in execute
    request.raise_for_status()
  File "/usr/local/lib/python3.6/dist-packages/requests/models.py", line 943, in raise_for_status
    raise HTTPError(http_error_msg, response=self)
requests.exceptions.HTTPError: 429 Client Error: Too Many Requests for url: https://api.wandb.ai/graphql
2021-09-18 20:37:25,382 ERROR   Thread-11 :454698 [internal_api.py:execute():130] 429 response executing GraphQL.
2021-09-18 20:37:25,382 ERROR   Thread-11 :454698 [internal_api.py:execute():131] {"error":"rate limit exceeded"}

2021-09-18 20:37:25,637 ERROR   SenderThread:454698 [internal_api.py:execute():130] 429 response executing GraphQL.
2021-09-18 20:37:25,637 ERROR   SenderThread:454698 [internal_api.py:execute():131] {"error":"rate limit exceeded"}

2021-09-18 20:37:29,927 ERROR   Thread-11 :454698 [internal_api.py:execute():130] 429 response executing GraphQL.
2021-09-18 20:37:29,927 ERROR   Thread-11 :454698 [internal_api.py:execute():131] {"error":"rate limit exceeded"}

2021-09-18 20:37:29,977 ERROR   SenderThread:454698 [internal_api.py:execute():130] 429 response executing GraphQL.
2021-09-18 20:37:29,977 ERROR   SenderThread:454698 [internal_api.py:execute():131] {"error":"rate limit exceeded"}

2021-09-18 20:37:38,705 INFO    Thread-11 :454698 [upload_job.py:push():137] Uploaded file /tmp/3288855.1.gpu_ded.q/tmpy7usfno0wandb/2bpkv4ys-wandb-metadata.json
2021-09-18 20:37:50,502 DEBUG   SenderThread:454698 [sender.py:send():179] send: stats
2021-09-18 20:37:53,388 DEBUG   HandlerThread:454698 [handler.py:handle_request():124] handle_request: stop_status
2021-09-18 20:37:53,388 DEBUG   SenderThread:454698 [sender.py:send_request():193] send_request: stop_status
2021-09-18 20:37:53,444 ERROR   SenderThread:454698 [internal_api.py:execute():130] 429 response executing GraphQL.
2021-09-18 20:37:53,444 ERROR   SenderThread:454698 [internal_api.py:execute():131] {"error":"rate limit exceeded"}

2021-09-18 20:37:54,726 ERROR   SenderThread:454698 [internal_api.py:execute():130] 429 response executing GraphQL.
2021-09-18 20:37:54,727 ERROR   SenderThread:454698 [internal_api.py:execute():131] {"error":"rate limit exceeded"}

2021-09-18 20:37:56,236 DEBUG   HandlerThread:454698 [handler.py:handle_request():124] handle_request: poll_exit
2021-09-18 20:37:56,925 ERROR   SenderThread:454698 [internal_api.py:execute():130] 429 response executing GraphQL.
2021-09-18 20:37:56,925 ERROR   SenderThread:454698 [internal_api.py:execute():131] {"error":"rate limit exceeded"}

2021-09-18 20:37:56,925 ERROR   SenderThread:454698 [retry.py:__call__():126] Retry attempt failed:
Traceback (most recent call last):
  File "/usr/local/lib/python3.6/dist-packages/wandb/sdk/lib/retry.py", line 102, in __call__
    result = self._call_fn(*args, **kwargs)
  File "/usr/local/lib/python3.6/dist-packages/wandb/sdk/internal/internal_api.py", line 133, in execute
    six.reraise(*sys.exc_info())
  File "/usr/local/lib/python3.6/dist-packages/six.py", line 719, in reraise
    raise value
  File "/usr/local/lib/python3.6/dist-packages/wandb/sdk/internal/internal_api.py", line 127, in execute
    return self.client.execute(*args, **kwargs)
  File "/usr/local/lib/python3.6/dist-packages/wandb/vendor/gql-0.2.0/gql/client.py", line 52, in execute
    result = self._get_result(document, *args, **kwargs)
  File "/usr/local/lib/python3.6/dist-packages/wandb/vendor/gql-0.2.0/gql/client.py", line 60, in _get_result
    return self.transport.execute(document, *args, **kwargs)
  File "/usr/local/lib/python3.6/dist-packages/wandb/vendor/gql-0.2.0/gql/transport/requests.py", line 39, in execute
    request.raise_for_status()
  File "/usr/local/lib/python3.6/dist-packages/requests/models.py", line 943, in raise_for_status
    raise HTTPError(http_error_msg, response=self)
requests.exceptions.HTTPError: 429 Client Error: Too Many Requests for url: https://api.wandb.ai/graphql
2021-09-18 20:38:01,337 DEBUG   HandlerThread:454698 [handler.py:handle_request():124] handle_request: poll_exit
2021-09-18 20:38:01,553 DEBUG   SenderThread:454698 [sender.py:send():179] send: telemetry
2021-09-18 20:38:01,553 DEBUG   SenderThread:454698 [sender.py:send():179] send: exit
2021-09-18 20:38:01,554 INFO    SenderThread:454698 [sender.py:send_exit():287] handling exit code: 1
2021-09-18 20:38:01,554 INFO    SenderThread:454698 [sender.py:send_exit():295] send defer
2021-09-18 20:38:01,554 DEBUG   SenderThread:454698 [sender.py:send_request():193] send_request: poll_exit
2021-09-18 20:38:01,554 DEBUG   SenderThread:454698 [sender.py:send_request():193] send_request: poll_exit
2021-09-18 20:38:01,554 DEBUG   HandlerThread:454698 [handler.py:handle_request():124] handle_request: defer
2021-09-18 20:38:01,554 INFO    HandlerThread:454698 [handler.py:handle_request_defer():141] handle defer: 0
2021-09-18 20:38:01,554 DEBUG   SenderThread:454698 [sender.py:send_request():193] send_request: defer
2021-09-18 20:38:01,554 INFO    SenderThread:454698 [sender.py:send_request_defer():304] handle sender defer: 0
2021-09-18 20:38:01,554 INFO    SenderThread:454698 [sender.py:transition_state():308] send defer: 1
2021-09-18 20:38:01,555 DEBUG   HandlerThread:454698 [handler.py:handle_request():124] handle_request: defer
2021-09-18 20:38:01,555 INFO    HandlerThread:454698 [handler.py:handle_request_defer():141] handle defer: 1
2021-09-18 20:38:01,655 DEBUG   SenderThread:454698 [sender.py:send_request():193] send_request: defer
2021-09-18 20:38:01,655 INFO    SenderThread:454698 [sender.py:send_request_defer():304] handle sender defer: 1
2021-09-18 20:38:01,655 INFO    SenderThread:454698 [sender.py:transition_state():308] send defer: 2
2021-09-18 20:38:01,656 DEBUG   HandlerThread:454698 [handler.py:handle_request():124] handle_request: poll_exit
2021-09-18 20:38:01,656 DEBUG   SenderThread:454698 [sender.py:send():179] send: stats
2021-09-18 20:38:01,656 DEBUG   HandlerThread:454698 [handler.py:handle_request():124] handle_request: defer
2021-09-18 20:38:01,656 DEBUG   SenderThread:454698 [sender.py:send_request():193] send_request: poll_exit
2021-09-18 20:38:01,658 INFO    HandlerThread:454698 [handler.py:handle_request_defer():141] handle defer: 2
2021-09-18 20:38:01,658 DEBUG   SenderThread:454698 [sender.py:send_request():193] send_request: defer
2021-09-18 20:38:01,658 INFO    SenderThread:454698 [sender.py:send_request_defer():304] handle sender defer: 2
2021-09-18 20:38:01,658 INFO    SenderThread:454698 [sender.py:transition_state():308] send defer: 3
2021-09-18 20:38:01,659 DEBUG   HandlerThread:454698 [handler.py:handle_request():124] handle_request: defer
2021-09-18 20:38:01,659 INFO    HandlerThread:454698 [handler.py:handle_request_defer():141] handle defer: 3
2021-09-18 20:38:01,659 DEBUG   SenderThread:454698 [sender.py:send():179] send: summary
2021-09-18 20:38:01,659 INFO    SenderThread:454698 [sender.py:_save_file():841] saving file wandb-summary.json with policy end
2021-09-18 20:38:01,659 DEBUG   SenderThread:454698 [sender.py:send_request():193] send_request: defer
2021-09-18 20:38:01,659 INFO    SenderThread:454698 [sender.py:send_request_defer():304] handle sender defer: 3
2021-09-18 20:38:01,659 INFO    SenderThread:454698 [sender.py:transition_state():308] send defer: 4
2021-09-18 20:38:01,660 DEBUG   HandlerThread:454698 [handler.py:handle_request():124] handle_request: defer
2021-09-18 20:38:01,660 INFO    HandlerThread:454698 [handler.py:handle_request_defer():141] handle defer: 4
2021-09-18 20:38:01,660 DEBUG   SenderThread:454698 [sender.py:send_request():193] send_request: defer
2021-09-18 20:38:01,660 INFO    SenderThread:454698 [sender.py:send_request_defer():304] handle sender defer: 4
2021-09-18 20:38:01,739 INFO    SenderThread:454698 [sender.py:transition_state():308] send defer: 5
2021-09-18 20:38:01,739 DEBUG   HandlerThread:454698 [handler.py:handle_request():124] handle_request: defer
2021-09-18 20:38:01,739 INFO    HandlerThread:454698 [handler.py:handle_request_defer():141] handle defer: 5
2021-09-18 20:38:01,739 DEBUG   SenderThread:454698 [sender.py:send_request():193] send_request: defer
2021-09-18 20:38:01,739 INFO    SenderThread:454698 [sender.py:send_request_defer():304] handle sender defer: 5
2021-09-18 20:38:01,739 INFO    SenderThread:454698 [dir_watcher.py:finish():282] shutting down directory watcher
2021-09-18 20:38:01,760 DEBUG   HandlerThread:454698 [handler.py:handle_request():124] handle_request: poll_exit
2021-09-18 20:38:01,924 INFO    SenderThread:454698 [dir_watcher.py:_on_file_modified():229] file/dir modified: /grid/koo/home/toneyan/profile/QuantPred/wandb/run-20210918_203720-b60tfo4o/files/config.yaml
2021-09-18 20:38:01,924 INFO    SenderThread:454698 [dir_watcher.py:_on_file_modified():229] file/dir modified: /grid/koo/home/toneyan/profile/QuantPred/wandb/run-20210918_203720-b60tfo4o/files/wandb-summary.json
2021-09-18 20:38:01,924 INFO    SenderThread:454698 [dir_watcher.py:finish():312] scan: /grid/koo/home/toneyan/profile/QuantPred/wandb/run-20210918_203720-b60tfo4o/files
2021-09-18 20:38:01,924 INFO    SenderThread:454698 [dir_watcher.py:finish():318] scan save: /grid/koo/home/toneyan/profile/QuantPred/wandb/run-20210918_203720-b60tfo4o/files/wandb-metadata.json wandb-metadata.json
2021-09-18 20:38:01,924 INFO    SenderThread:454698 [dir_watcher.py:finish():318] scan save: /grid/koo/home/toneyan/profile/QuantPred/wandb/run-20210918_203720-b60tfo4o/files/config.yaml config.yaml
2021-09-18 20:38:01,924 INFO    SenderThread:454698 [dir_watcher.py:finish():318] scan save: /grid/koo/home/toneyan/profile/QuantPred/wandb/run-20210918_203720-b60tfo4o/files/requirements.txt requirements.txt
2021-09-18 20:38:01,925 INFO    SenderThread:454698 [dir_watcher.py:finish():318] scan save: /grid/koo/home/toneyan/profile/QuantPred/wandb/run-20210918_203720-b60tfo4o/files/wandb-summary.json wandb-summary.json
2021-09-18 20:38:01,928 INFO    SenderThread:454698 [dir_watcher.py:finish():318] scan save: /grid/koo/home/toneyan/profile/QuantPred/wandb/run-20210918_203720-b60tfo4o/files/output.log output.log
2021-09-18 20:38:01,931 INFO    SenderThread:454698 [sender.py:transition_state():308] send defer: 6
2021-09-18 20:38:01,936 DEBUG   SenderThread:454698 [sender.py:send_request():193] send_request: poll_exit
2021-09-18 20:38:01,937 DEBUG   HandlerThread:454698 [handler.py:handle_request():124] handle_request: defer
2021-09-18 20:38:01,937 INFO    HandlerThread:454698 [handler.py:handle_request_defer():141] handle defer: 6
2021-09-18 20:38:01,937 DEBUG   SenderThread:454698 [sender.py:send_request():193] send_request: defer
2021-09-18 20:38:01,937 INFO    SenderThread:454698 [sender.py:send_request_defer():304] handle sender defer: 6
2021-09-18 20:38:01,937 INFO    SenderThread:454698 [file_pusher.py:finish():177] shutting down file pusher
2021-09-18 20:38:02,038 DEBUG   HandlerThread:454698 [handler.py:handle_request():124] handle_request: poll_exit
2021-09-18 20:38:02,039 DEBUG   SenderThread:454698 [sender.py:send_request():193] send_request: poll_exit
2021-09-18 20:38:02,140 DEBUG   HandlerThread:454698 [handler.py:handle_request():124] handle_request: poll_exit
2021-09-18 20:38:02,140 DEBUG   SenderThread:454698 [sender.py:send_request():193] send_request: poll_exit
2021-09-18 20:38:02,242 DEBUG   HandlerThread:454698 [handler.py:handle_request():124] handle_request: poll_exit
2021-09-18 20:38:02,243 INFO    Thread-12 :454698 [upload_job.py:push():137] Uploaded file /grid/koo/home/toneyan/profile/QuantPred/wandb/run-20210918_203720-b60tfo4o/files/config.yaml
2021-09-18 20:38:02,243 DEBUG   SenderThread:454698 [sender.py:send_request():193] send_request: poll_exit
2021-09-18 20:38:02,262 INFO    Thread-13 :454698 [upload_job.py:push():137] Uploaded file /grid/koo/home/toneyan/profile/QuantPred/wandb/run-20210918_203720-b60tfo4o/files/requirements.txt
2021-09-18 20:38:02,283 INFO    Thread-14 :454698 [upload_job.py:push():137] Uploaded file /grid/koo/home/toneyan/profile/QuantPred/wandb/run-20210918_203720-b60tfo4o/files/wandb-summary.json
2021-09-18 20:38:02,345 DEBUG   HandlerThread:454698 [handler.py:handle_request():124] handle_request: poll_exit
2021-09-18 20:38:02,345 DEBUG   SenderThread:454698 [sender.py:send_request():193] send_request: poll_exit
2021-09-18 20:38:02,447 DEBUG   HandlerThread:454698 [handler.py:handle_request():124] handle_request: poll_exit
2021-09-18 20:38:02,447 DEBUG   SenderThread:454698 [sender.py:send_request():193] send_request: poll_exit
2021-09-18 20:38:02,484 INFO    Thread-7  :454698 [sender.py:transition_state():308] send defer: 7
2021-09-18 20:38:02,484 DEBUG   HandlerThread:454698 [handler.py:handle_request():124] handle_request: defer
2021-09-18 20:38:02,484 INFO    HandlerThread:454698 [handler.py:handle_request_defer():141] handle defer: 7
2021-09-18 20:38:02,484 DEBUG   SenderThread:454698 [sender.py:send_request():193] send_request: defer
2021-09-18 20:38:02,484 INFO    SenderThread:454698 [sender.py:send_request_defer():304] handle sender defer: 7
2021-09-18 20:38:02,548 DEBUG   HandlerThread:454698 [handler.py:handle_request():124] handle_request: poll_exit
2021-09-18 20:38:02,589 INFO    SenderThread:454698 [sender.py:transition_state():308] send defer: 8
2021-09-18 20:38:02,589 DEBUG   SenderThread:454698 [sender.py:send_request():193] send_request: poll_exit
2021-09-18 20:38:02,589 DEBUG   HandlerThread:454698 [handler.py:handle_request():124] handle_request: defer
2021-09-18 20:38:02,590 INFO    HandlerThread:454698 [handler.py:handle_request_defer():141] handle defer: 8
2021-09-18 20:38:02,590 DEBUG   SenderThread:454698 [sender.py:send_request():193] send_request: defer
2021-09-18 20:38:02,590 INFO    SenderThread:454698 [sender.py:send_request_defer():304] handle sender defer: 8
2021-09-18 20:38:02,590 INFO    SenderThread:454698 [sender.py:transition_state():308] send defer: 9
2021-09-18 20:38:02,590 DEBUG   SenderThread:454698 [sender.py:send():179] send: final
2021-09-18 20:38:02,590 DEBUG   HandlerThread:454698 [handler.py:handle_request():124] handle_request: defer
2021-09-18 20:38:02,590 DEBUG   SenderThread:454698 [sender.py:send():179] send: footer
2021-09-18 20:38:02,590 INFO    HandlerThread:454698 [handler.py:handle_request_defer():141] handle defer: 9
2021-09-18 20:38:02,590 DEBUG   SenderThread:454698 [sender.py:send_request():193] send_request: defer
2021-09-18 20:38:02,590 INFO    SenderThread:454698 [sender.py:send_request_defer():304] handle sender defer: 9
2021-09-18 20:38:02,691 DEBUG   HandlerThread:454698 [handler.py:handle_request():124] handle_request: poll_exit
2021-09-18 20:38:02,691 DEBUG   SenderThread:454698 [sender.py:send_request():193] send_request: poll_exit
2021-09-18 20:38:02,691 INFO    SenderThread:454698 [file_pusher.py:join():182] waiting for file pusher
2021-09-18 20:38:02,692 DEBUG   HandlerThread:454698 [handler.py:handle_request():124] handle_request: get_summary
2021-09-18 20:38:02,692 DEBUG   HandlerThread:454698 [handler.py:handle_request():124] handle_request: sampled_history
2021-09-18 20:38:02,693 DEBUG   HandlerThread:454698 [handler.py:handle_request():124] handle_request: shutdown
2021-09-18 20:38:02,693 INFO    HandlerThread:454698 [handler.py:finish():638] shutting down handler
2021-09-18 20:38:03,590 INFO    WriterThread:454698 [datastore.py:close():288] close: /grid/koo/home/toneyan/profile/QuantPred/wandb/run-20210918_203720-b60tfo4o/run-b60tfo4o.wandb
2021-09-18 20:38:03,691 INFO    SenderThread:454698 [sender.py:finish():945] shutting down sender
2021-09-18 20:38:03,692 INFO    SenderThread:454698 [file_pusher.py:finish():177] shutting down file pusher
2021-09-18 20:38:03,692 INFO    SenderThread:454698 [file_pusher.py:join():182] waiting for file pusher
2021-09-18 20:38:03,693 INFO    MainThread:454698 [internal.py:handle_exit():78] Internal process exited
