2021-09-19 12:35:35,743 INFO    MainThread:1524779 [internal.py:wandb_internal():91] W&B internal server running at pid: 1524779, started at: 2021-09-19 12:35:35.743110
2021-09-19 12:35:35,744 DEBUG   HandlerThread:1524779 [handler.py:handle_request():124] handle_request: check_version
2021-09-19 12:35:35,745 INFO    WriterThread:1524779 [datastore.py:open_for_write():80] open: /grid/koo/home/toneyan/profile/QuantPred/wandb/run-20210919_123535-ywo0tx1d/run-ywo0tx1d.wandb
2021-09-19 12:35:35,746 DEBUG   SenderThread:1524779 [sender.py:send():179] send: header
2021-09-19 12:35:35,746 DEBUG   SenderThread:1524779 [sender.py:send_request():193] send_request: check_version
2021-09-19 12:35:35,773 DEBUG   SenderThread:1524779 [sender.py:send():179] send: run
2021-09-19 12:35:35,912 ERROR   SenderThread:1524779 [internal_api.py:execute():130] 429 response executing GraphQL.
2021-09-19 12:35:35,912 ERROR   SenderThread:1524779 [internal_api.py:execute():131] {"error":"rate limit exceeded"}

2021-09-19 12:35:37,021 ERROR   SenderThread:1524779 [internal_api.py:execute():130] 429 response executing GraphQL.
2021-09-19 12:35:37,021 ERROR   SenderThread:1524779 [internal_api.py:execute():131] {"error":"rate limit exceeded"}

2021-09-19 12:35:39,389 ERROR   SenderThread:1524779 [internal_api.py:execute():130] 429 response executing GraphQL.
2021-09-19 12:35:39,389 ERROR   SenderThread:1524779 [internal_api.py:execute():131] {"error":"rate limit exceeded"}

2021-09-19 12:35:39,389 ERROR   SenderThread:1524779 [retry.py:__call__():126] Retry attempt failed:
Traceback (most recent call last):
  File "/usr/local/lib/python3.6/dist-packages/wandb/sdk/lib/retry.py", line 102, in __call__
    result = self._call_fn(*args, **kwargs)
  File "/usr/local/lib/python3.6/dist-packages/wandb/sdk/internal/internal_api.py", line 133, in execute
    six.reraise(*sys.exc_info())
  File "/usr/local/lib/python3.6/dist-packages/six.py", line 719, in reraise
    raise value
  File "/usr/local/lib/python3.6/dist-packages/wandb/sdk/internal/internal_api.py", line 127, in execute
    return self.client.execute(*args, **kwargs)
  File "/usr/local/lib/python3.6/dist-packages/wandb/vendor/gql-0.2.0/gql/client.py", line 52, in execute
    result = self._get_result(document, *args, **kwargs)
  File "/usr/local/lib/python3.6/dist-packages/wandb/vendor/gql-0.2.0/gql/client.py", line 60, in _get_result
    return self.transport.execute(document, *args, **kwargs)
  File "/usr/local/lib/python3.6/dist-packages/wandb/vendor/gql-0.2.0/gql/transport/requests.py", line 39, in execute
    request.raise_for_status()
  File "/usr/local/lib/python3.6/dist-packages/requests/models.py", line 943, in raise_for_status
    raise HTTPError(http_error_msg, response=self)
requests.exceptions.HTTPError: 429 Client Error: Too Many Requests for url: https://api.wandb.ai/graphql
2021-09-19 12:35:44,355 ERROR   SenderThread:1524779 [internal_api.py:execute():130] 429 response executing GraphQL.
2021-09-19 12:35:44,356 ERROR   SenderThread:1524779 [internal_api.py:execute():131] {"error":"rate limit exceeded"}

2021-09-19 12:35:53,625 INFO    SenderThread:1524779 [dir_watcher.py:__init__():168] watching files in: /grid/koo/home/toneyan/profile/QuantPred/wandb/run-20210919_123535-ywo0tx1d/files
2021-09-19 12:35:53,625 INFO    SenderThread:1524779 [sender.py:_start_run_threads():719] run started: ywo0tx1d with start time 1632069335
2021-09-19 12:35:53,625 DEBUG   SenderThread:1524779 [sender.py:send():179] send: summary
2021-09-19 12:35:53,626 INFO    SenderThread:1524779 [sender.py:_save_file():841] saving file wandb-summary.json with policy end
2021-09-19 12:35:53,627 DEBUG   HandlerThread:1524779 [handler.py:handle_request():124] handle_request: run_start
2021-09-19 12:35:54,627 INFO    Thread-8  :1524779 [dir_watcher.py:_on_file_created():216] file/dir created: /grid/koo/home/toneyan/profile/QuantPred/wandb/run-20210919_123535-ywo0tx1d/files/wandb-summary.json
2021-09-19 12:35:54,737 DEBUG   HandlerThread:1524779 [meta.py:__init__():39] meta init
2021-09-19 12:35:54,738 DEBUG   HandlerThread:1524779 [meta.py:__init__():53] meta init done
2021-09-19 12:35:54,738 DEBUG   HandlerThread:1524779 [meta.py:probe():210] probe
2021-09-19 12:35:54,744 DEBUG   HandlerThread:1524779 [meta.py:_save_pip():57] save pip
2021-09-19 12:35:54,745 DEBUG   HandlerThread:1524779 [meta.py:_save_pip():71] save pip done
2021-09-19 12:35:54,745 DEBUG   HandlerThread:1524779 [meta.py:probe():252] probe done
2021-09-19 12:35:54,748 DEBUG   SenderThread:1524779 [sender.py:send():179] send: files
2021-09-19 12:35:54,748 INFO    SenderThread:1524779 [sender.py:_save_file():841] saving file wandb-metadata.json with policy now
2021-09-19 12:35:54,758 DEBUG   HandlerThread:1524779 [handler.py:handle_request():124] handle_request: stop_status
2021-09-19 12:35:54,758 DEBUG   SenderThread:1524779 [sender.py:send_request():193] send_request: stop_status
2021-09-19 12:35:55,068 INFO    Thread-11 :1524779 [upload_job.py:push():137] Uploaded file /tmp/3288855.1.gpu_ded.q/tmpbvbi8o8qwandb/3l03tan8-wandb-metadata.json
2021-09-19 12:35:55,626 INFO    Thread-8  :1524779 [dir_watcher.py:_on_file_created():216] file/dir created: /grid/koo/home/toneyan/profile/QuantPred/wandb/run-20210919_123535-ywo0tx1d/files/wandb-metadata.json
2021-09-19 12:35:55,627 INFO    Thread-8  :1524779 [dir_watcher.py:_on_file_created():216] file/dir created: /grid/koo/home/toneyan/profile/QuantPred/wandb/run-20210919_123535-ywo0tx1d/files/requirements.txt
2021-09-19 12:35:55,627 INFO    Thread-8  :1524779 [dir_watcher.py:_on_file_created():216] file/dir created: /grid/koo/home/toneyan/profile/QuantPred/wandb/run-20210919_123535-ywo0tx1d/files/output.log
2021-09-19 12:36:09,821 DEBUG   HandlerThread:1524779 [handler.py:handle_request():124] handle_request: stop_status
2021-09-19 12:36:09,821 DEBUG   SenderThread:1524779 [sender.py:send_request():193] send_request: stop_status
2021-09-19 12:36:09,880 ERROR   SenderThread:1524779 [internal_api.py:execute():130] 429 response executing GraphQL.
2021-09-19 12:36:09,880 ERROR   SenderThread:1524779 [internal_api.py:execute():131] {"error":"rate limit exceeded"}

2021-09-19 12:36:10,948 ERROR   SenderThread:1524779 [internal_api.py:execute():130] 429 response executing GraphQL.
2021-09-19 12:36:10,949 ERROR   SenderThread:1524779 [internal_api.py:execute():131] {"error":"rate limit exceeded"}

2021-09-19 12:36:13,058 ERROR   SenderThread:1524779 [internal_api.py:execute():130] 429 response executing GraphQL.
2021-09-19 12:36:13,058 ERROR   SenderThread:1524779 [internal_api.py:execute():131] {"error":"rate limit exceeded"}

2021-09-19 12:36:13,058 ERROR   SenderThread:1524779 [retry.py:__call__():126] Retry attempt failed:
Traceback (most recent call last):
  File "/usr/local/lib/python3.6/dist-packages/wandb/sdk/lib/retry.py", line 102, in __call__
    result = self._call_fn(*args, **kwargs)
  File "/usr/local/lib/python3.6/dist-packages/wandb/sdk/internal/internal_api.py", line 133, in execute
    six.reraise(*sys.exc_info())
  File "/usr/local/lib/python3.6/dist-packages/six.py", line 719, in reraise
    raise value
  File "/usr/local/lib/python3.6/dist-packages/wandb/sdk/internal/internal_api.py", line 127, in execute
    return self.client.execute(*args, **kwargs)
  File "/usr/local/lib/python3.6/dist-packages/wandb/vendor/gql-0.2.0/gql/client.py", line 52, in execute
    result = self._get_result(document, *args, **kwargs)
  File "/usr/local/lib/python3.6/dist-packages/wandb/vendor/gql-0.2.0/gql/client.py", line 60, in _get_result
    return self.transport.execute(document, *args, **kwargs)
  File "/usr/local/lib/python3.6/dist-packages/wandb/vendor/gql-0.2.0/gql/transport/requests.py", line 39, in execute
    request.raise_for_status()
  File "/usr/local/lib/python3.6/dist-packages/requests/models.py", line 943, in raise_for_status
    raise HTTPError(http_error_msg, response=self)
requests.exceptions.HTTPError: 429 Client Error: Too Many Requests for url: https://api.wandb.ai/graphql
2021-09-19 12:36:23,116 DEBUG   SenderThread:1524779 [sender.py:send():179] send: stats
2021-09-19 12:36:26,004 DEBUG   SenderThread:1524779 [sender.py:send():179] send: telemetry
2021-09-19 12:36:26,004 DEBUG   HandlerThread:1524779 [handler.py:handle_request():124] handle_request: poll_exit
2021-09-19 12:36:26,004 DEBUG   SenderThread:1524779 [sender.py:send():179] send: exit
2021-09-19 12:36:26,004 INFO    SenderThread:1524779 [sender.py:send_exit():287] handling exit code: 1
2021-09-19 12:36:26,004 INFO    SenderThread:1524779 [sender.py:send_exit():295] send defer
2021-09-19 12:36:26,004 DEBUG   SenderThread:1524779 [sender.py:send_request():193] send_request: poll_exit
2021-09-19 12:36:26,005 DEBUG   HandlerThread:1524779 [handler.py:handle_request():124] handle_request: defer
2021-09-19 12:36:26,005 INFO    HandlerThread:1524779 [handler.py:handle_request_defer():141] handle defer: 0
2021-09-19 12:36:26,005 DEBUG   SenderThread:1524779 [sender.py:send_request():193] send_request: defer
2021-09-19 12:36:26,005 INFO    SenderThread:1524779 [sender.py:send_request_defer():304] handle sender defer: 0
2021-09-19 12:36:26,005 INFO    SenderThread:1524779 [sender.py:transition_state():308] send defer: 1
2021-09-19 12:36:26,005 DEBUG   HandlerThread:1524779 [handler.py:handle_request():124] handle_request: defer
2021-09-19 12:36:26,005 INFO    HandlerThread:1524779 [handler.py:handle_request_defer():141] handle defer: 1
2021-09-19 12:36:26,058 DEBUG   SenderThread:1524779 [sender.py:send_request():193] send_request: defer
2021-09-19 12:36:26,058 INFO    SenderThread:1524779 [sender.py:send_request_defer():304] handle sender defer: 1
2021-09-19 12:36:26,058 INFO    SenderThread:1524779 [sender.py:transition_state():308] send defer: 2
2021-09-19 12:36:26,058 DEBUG   SenderThread:1524779 [sender.py:send():179] send: stats
2021-09-19 12:36:26,060 DEBUG   HandlerThread:1524779 [handler.py:handle_request():124] handle_request: defer
2021-09-19 12:36:26,061 INFO    HandlerThread:1524779 [handler.py:handle_request_defer():141] handle defer: 2
2021-09-19 12:36:26,061 DEBUG   SenderThread:1524779 [sender.py:send_request():193] send_request: defer
2021-09-19 12:36:26,061 INFO    SenderThread:1524779 [sender.py:send_request_defer():304] handle sender defer: 2
2021-09-19 12:36:26,061 INFO    SenderThread:1524779 [sender.py:transition_state():308] send defer: 3
2021-09-19 12:36:26,061 DEBUG   HandlerThread:1524779 [handler.py:handle_request():124] handle_request: defer
2021-09-19 12:36:26,061 INFO    HandlerThread:1524779 [handler.py:handle_request_defer():141] handle defer: 3
2021-09-19 12:36:26,061 DEBUG   SenderThread:1524779 [sender.py:send():179] send: summary
2021-09-19 12:36:26,062 INFO    SenderThread:1524779 [sender.py:_save_file():841] saving file wandb-summary.json with policy end
2021-09-19 12:36:26,062 DEBUG   SenderThread:1524779 [sender.py:send_request():193] send_request: defer
2021-09-19 12:36:26,062 INFO    SenderThread:1524779 [sender.py:send_request_defer():304] handle sender defer: 3
2021-09-19 12:36:26,062 INFO    SenderThread:1524779 [sender.py:transition_state():308] send defer: 4
2021-09-19 12:36:26,062 DEBUG   HandlerThread:1524779 [handler.py:handle_request():124] handle_request: defer
2021-09-19 12:36:26,062 INFO    HandlerThread:1524779 [handler.py:handle_request_defer():141] handle defer: 4
2021-09-19 12:36:26,062 DEBUG   SenderThread:1524779 [sender.py:send_request():193] send_request: defer
2021-09-19 12:36:26,062 INFO    SenderThread:1524779 [sender.py:send_request_defer():304] handle sender defer: 4
2021-09-19 12:36:26,106 DEBUG   HandlerThread:1524779 [handler.py:handle_request():124] handle_request: poll_exit
2021-09-19 12:36:26,118 ERROR   SenderThread:1524779 [internal_api.py:execute():130] 429 response executing GraphQL.
2021-09-19 12:36:26,119 ERROR   SenderThread:1524779 [internal_api.py:execute():131] {"error":"rate limit exceeded"}

2021-09-19 12:36:26,636 INFO    Thread-8  :1524779 [dir_watcher.py:_on_file_modified():229] file/dir modified: /grid/koo/home/toneyan/profile/QuantPred/wandb/run-20210919_123535-ywo0tx1d/files/wandb-summary.json
2021-09-19 12:36:27,180 ERROR   SenderThread:1524779 [internal_api.py:execute():130] 429 response executing GraphQL.
2021-09-19 12:36:27,181 ERROR   SenderThread:1524779 [internal_api.py:execute():131] {"error":"rate limit exceeded"}

2021-09-19 12:36:29,740 ERROR   SenderThread:1524779 [internal_api.py:execute():130] 429 response executing GraphQL.
2021-09-19 12:36:29,741 ERROR   SenderThread:1524779 [internal_api.py:execute():131] {"error":"rate limit exceeded"}

2021-09-19 12:36:29,741 ERROR   SenderThread:1524779 [retry.py:__call__():126] Retry attempt failed:
Traceback (most recent call last):
  File "/usr/local/lib/python3.6/dist-packages/wandb/sdk/lib/retry.py", line 102, in __call__
    result = self._call_fn(*args, **kwargs)
  File "/usr/local/lib/python3.6/dist-packages/wandb/sdk/internal/internal_api.py", line 133, in execute
    six.reraise(*sys.exc_info())
  File "/usr/local/lib/python3.6/dist-packages/six.py", line 719, in reraise
    raise value
  File "/usr/local/lib/python3.6/dist-packages/wandb/sdk/internal/internal_api.py", line 127, in execute
    return self.client.execute(*args, **kwargs)
  File "/usr/local/lib/python3.6/dist-packages/wandb/vendor/gql-0.2.0/gql/client.py", line 52, in execute
    result = self._get_result(document, *args, **kwargs)
  File "/usr/local/lib/python3.6/dist-packages/wandb/vendor/gql-0.2.0/gql/client.py", line 60, in _get_result
    return self.transport.execute(document, *args, **kwargs)
  File "/usr/local/lib/python3.6/dist-packages/wandb/vendor/gql-0.2.0/gql/transport/requests.py", line 39, in execute
    request.raise_for_status()
  File "/usr/local/lib/python3.6/dist-packages/requests/models.py", line 943, in raise_for_status
    raise HTTPError(http_error_msg, response=self)
requests.exceptions.HTTPError: 429 Client Error: Too Many Requests for url: https://api.wandb.ai/graphql
2021-09-19 12:36:31,207 DEBUG   HandlerThread:1524779 [handler.py:handle_request():124] handle_request: poll_exit
2021-09-19 12:36:34,718 INFO    SenderThread:1524779 [sender.py:transition_state():308] send defer: 5
2021-09-19 12:36:34,718 DEBUG   SenderThread:1524779 [sender.py:send_request():193] send_request: poll_exit
2021-09-19 12:36:34,719 DEBUG   SenderThread:1524779 [sender.py:send_request():193] send_request: poll_exit
2021-09-19 12:36:34,719 DEBUG   HandlerThread:1524779 [handler.py:handle_request():124] handle_request: defer
2021-09-19 12:36:34,719 INFO    HandlerThread:1524779 [handler.py:handle_request_defer():141] handle defer: 5
2021-09-19 12:36:34,719 DEBUG   SenderThread:1524779 [sender.py:send_request():193] send_request: defer
2021-09-19 12:36:34,719 INFO    SenderThread:1524779 [sender.py:send_request_defer():304] handle sender defer: 5
2021-09-19 12:36:34,719 INFO    SenderThread:1524779 [dir_watcher.py:finish():282] shutting down directory watcher
2021-09-19 12:36:34,823 DEBUG   HandlerThread:1524779 [handler.py:handle_request():124] handle_request: poll_exit
2021-09-19 12:36:35,638 INFO    SenderThread:1524779 [dir_watcher.py:_on_file_modified():229] file/dir modified: /grid/koo/home/toneyan/profile/QuantPred/wandb/run-20210919_123535-ywo0tx1d/files/config.yaml
2021-09-19 12:36:35,638 INFO    SenderThread:1524779 [dir_watcher.py:finish():312] scan: /grid/koo/home/toneyan/profile/QuantPred/wandb/run-20210919_123535-ywo0tx1d/files
2021-09-19 12:36:35,638 INFO    SenderThread:1524779 [dir_watcher.py:finish():318] scan save: /grid/koo/home/toneyan/profile/QuantPred/wandb/run-20210919_123535-ywo0tx1d/files/wandb-metadata.json wandb-metadata.json
2021-09-19 12:36:35,638 INFO    SenderThread:1524779 [dir_watcher.py:finish():318] scan save: /grid/koo/home/toneyan/profile/QuantPred/wandb/run-20210919_123535-ywo0tx1d/files/config.yaml config.yaml
2021-09-19 12:36:35,638 INFO    SenderThread:1524779 [dir_watcher.py:finish():318] scan save: /grid/koo/home/toneyan/profile/QuantPred/wandb/run-20210919_123535-ywo0tx1d/files/requirements.txt requirements.txt
2021-09-19 12:36:35,639 INFO    SenderThread:1524779 [dir_watcher.py:finish():318] scan save: /grid/koo/home/toneyan/profile/QuantPred/wandb/run-20210919_123535-ywo0tx1d/files/wandb-summary.json wandb-summary.json
2021-09-19 12:36:35,639 INFO    SenderThread:1524779 [dir_watcher.py:finish():318] scan save: /grid/koo/home/toneyan/profile/QuantPred/wandb/run-20210919_123535-ywo0tx1d/files/output.log output.log
2021-09-19 12:36:35,645 INFO    SenderThread:1524779 [sender.py:transition_state():308] send defer: 6
2021-09-19 12:36:35,645 DEBUG   SenderThread:1524779 [sender.py:send_request():193] send_request: poll_exit
2021-09-19 12:36:35,649 DEBUG   HandlerThread:1524779 [handler.py:handle_request():124] handle_request: defer
2021-09-19 12:36:35,650 INFO    HandlerThread:1524779 [handler.py:handle_request_defer():141] handle defer: 6
2021-09-19 12:36:35,650 DEBUG   SenderThread:1524779 [sender.py:send_request():193] send_request: defer
2021-09-19 12:36:35,650 INFO    SenderThread:1524779 [sender.py:send_request_defer():304] handle sender defer: 6
2021-09-19 12:36:35,650 INFO    SenderThread:1524779 [file_pusher.py:finish():177] shutting down file pusher
2021-09-19 12:36:35,701 ERROR   Thread-13 :1524779 [internal_api.py:execute():130] 429 response executing GraphQL.
2021-09-19 12:36:35,702 ERROR   Thread-12 :1524779 [internal_api.py:execute():130] 429 response executing GraphQL.
2021-09-19 12:36:35,702 ERROR   Thread-13 :1524779 [internal_api.py:execute():131] {"error":"rate limit exceeded"}

2021-09-19 12:36:35,703 ERROR   Thread-12 :1524779 [internal_api.py:execute():131] {"error":"rate limit exceeded"}

2021-09-19 12:36:35,703 ERROR   Thread-14 :1524779 [internal_api.py:execute():130] 429 response executing GraphQL.
2021-09-19 12:36:35,704 ERROR   Thread-14 :1524779 [internal_api.py:execute():131] {"error":"rate limit exceeded"}

2021-09-19 12:36:35,751 DEBUG   HandlerThread:1524779 [handler.py:handle_request():124] handle_request: poll_exit
2021-09-19 12:36:35,751 DEBUG   SenderThread:1524779 [sender.py:send_request():193] send_request: poll_exit
2021-09-19 12:36:35,853 DEBUG   HandlerThread:1524779 [handler.py:handle_request():124] handle_request: poll_exit
2021-09-19 12:36:35,853 DEBUG   SenderThread:1524779 [sender.py:send_request():193] send_request: poll_exit
2021-09-19 12:36:35,955 DEBUG   HandlerThread:1524779 [handler.py:handle_request():124] handle_request: poll_exit
2021-09-19 12:36:35,955 DEBUG   SenderThread:1524779 [sender.py:send_request():193] send_request: poll_exit
2021-09-19 12:36:36,056 DEBUG   HandlerThread:1524779 [handler.py:handle_request():124] handle_request: poll_exit
2021-09-19 12:36:36,057 DEBUG   SenderThread:1524779 [sender.py:send_request():193] send_request: poll_exit
2021-09-19 12:36:36,158 DEBUG   HandlerThread:1524779 [handler.py:handle_request():124] handle_request: poll_exit
2021-09-19 12:36:36,159 DEBUG   SenderThread:1524779 [sender.py:send_request():193] send_request: poll_exit
2021-09-19 12:36:36,260 DEBUG   HandlerThread:1524779 [handler.py:handle_request():124] handle_request: poll_exit
2021-09-19 12:36:36,260 DEBUG   SenderThread:1524779 [sender.py:send_request():193] send_request: poll_exit
2021-09-19 12:36:36,362 DEBUG   HandlerThread:1524779 [handler.py:handle_request():124] handle_request: poll_exit
2021-09-19 12:36:36,362 DEBUG   SenderThread:1524779 [sender.py:send_request():193] send_request: poll_exit
2021-09-19 12:36:36,464 DEBUG   HandlerThread:1524779 [handler.py:handle_request():124] handle_request: poll_exit
2021-09-19 12:36:36,464 DEBUG   SenderThread:1524779 [sender.py:send_request():193] send_request: poll_exit
2021-09-19 12:36:36,565 DEBUG   HandlerThread:1524779 [handler.py:handle_request():124] handle_request: poll_exit
2021-09-19 12:36:36,566 DEBUG   SenderThread:1524779 [sender.py:send_request():193] send_request: poll_exit
2021-09-19 12:36:36,667 DEBUG   HandlerThread:1524779 [handler.py:handle_request():124] handle_request: poll_exit
2021-09-19 12:36:36,667 DEBUG   SenderThread:1524779 [sender.py:send_request():193] send_request: poll_exit
2021-09-19 12:36:36,769 DEBUG   HandlerThread:1524779 [handler.py:handle_request():124] handle_request: poll_exit
2021-09-19 12:36:36,769 DEBUG   SenderThread:1524779 [sender.py:send_request():193] send_request: poll_exit
2021-09-19 12:36:36,824 ERROR   Thread-13 :1524779 [internal_api.py:execute():130] 429 response executing GraphQL.
2021-09-19 12:36:36,825 ERROR   Thread-13 :1524779 [internal_api.py:execute():131] {"error":"rate limit exceeded"}

2021-09-19 12:36:36,864 ERROR   Thread-14 :1524779 [internal_api.py:execute():130] 429 response executing GraphQL.
2021-09-19 12:36:36,865 ERROR   Thread-14 :1524779 [internal_api.py:execute():131] {"error":"rate limit exceeded"}

2021-09-19 12:36:36,871 DEBUG   HandlerThread:1524779 [handler.py:handle_request():124] handle_request: poll_exit
2021-09-19 12:36:36,871 DEBUG   SenderThread:1524779 [sender.py:send_request():193] send_request: poll_exit
2021-09-19 12:36:36,878 ERROR   Thread-12 :1524779 [internal_api.py:execute():130] 429 response executing GraphQL.
2021-09-19 12:36:36,878 ERROR   Thread-12 :1524779 [internal_api.py:execute():131] {"error":"rate limit exceeded"}

2021-09-19 12:36:36,973 DEBUG   HandlerThread:1524779 [handler.py:handle_request():124] handle_request: poll_exit
2021-09-19 12:36:36,973 DEBUG   SenderThread:1524779 [sender.py:send_request():193] send_request: poll_exit
2021-09-19 12:36:37,074 DEBUG   HandlerThread:1524779 [handler.py:handle_request():124] handle_request: poll_exit
2021-09-19 12:36:37,075 DEBUG   SenderThread:1524779 [sender.py:send_request():193] send_request: poll_exit
2021-09-19 12:36:37,190 DEBUG   HandlerThread:1524779 [handler.py:handle_request():124] handle_request: poll_exit
2021-09-19 12:36:37,190 DEBUG   SenderThread:1524779 [sender.py:send_request():193] send_request: poll_exit
2021-09-19 12:36:37,292 DEBUG   HandlerThread:1524779 [handler.py:handle_request():124] handle_request: poll_exit
2021-09-19 12:36:37,292 DEBUG   SenderThread:1524779 [sender.py:send_request():193] send_request: poll_exit
2021-09-19 12:36:37,393 DEBUG   HandlerThread:1524779 [handler.py:handle_request():124] handle_request: poll_exit
2021-09-19 12:36:37,394 DEBUG   SenderThread:1524779 [sender.py:send_request():193] send_request: poll_exit
2021-09-19 12:36:37,495 DEBUG   HandlerThread:1524779 [handler.py:handle_request():124] handle_request: poll_exit
2021-09-19 12:36:37,496 DEBUG   SenderThread:1524779 [sender.py:send_request():193] send_request: poll_exit
2021-09-19 12:36:37,597 DEBUG   HandlerThread:1524779 [handler.py:handle_request():124] handle_request: poll_exit
2021-09-19 12:36:37,597 DEBUG   SenderThread:1524779 [sender.py:send_request():193] send_request: poll_exit
2021-09-19 12:36:37,699 DEBUG   HandlerThread:1524779 [handler.py:handle_request():124] handle_request: poll_exit
2021-09-19 12:36:37,699 DEBUG   SenderThread:1524779 [sender.py:send_request():193] send_request: poll_exit
2021-09-19 12:36:37,801 DEBUG   HandlerThread:1524779 [handler.py:handle_request():124] handle_request: poll_exit
2021-09-19 12:36:37,801 DEBUG   SenderThread:1524779 [sender.py:send_request():193] send_request: poll_exit
2021-09-19 12:36:37,903 DEBUG   HandlerThread:1524779 [handler.py:handle_request():124] handle_request: poll_exit
2021-09-19 12:36:37,903 DEBUG   SenderThread:1524779 [sender.py:send_request():193] send_request: poll_exit
2021-09-19 12:36:38,004 DEBUG   HandlerThread:1524779 [handler.py:handle_request():124] handle_request: poll_exit
2021-09-19 12:36:38,005 DEBUG   SenderThread:1524779 [sender.py:send_request():193] send_request: poll_exit
2021-09-19 12:36:38,106 DEBUG   HandlerThread:1524779 [handler.py:handle_request():124] handle_request: poll_exit
2021-09-19 12:36:38,106 DEBUG   SenderThread:1524779 [sender.py:send_request():193] send_request: poll_exit
2021-09-19 12:36:38,208 DEBUG   HandlerThread:1524779 [handler.py:handle_request():124] handle_request: poll_exit
2021-09-19 12:36:38,208 DEBUG   SenderThread:1524779 [sender.py:send_request():193] send_request: poll_exit
2021-09-19 12:36:38,310 DEBUG   HandlerThread:1524779 [handler.py:handle_request():124] handle_request: poll_exit
2021-09-19 12:36:38,310 DEBUG   SenderThread:1524779 [sender.py:send_request():193] send_request: poll_exit
2021-09-19 12:36:38,412 DEBUG   HandlerThread:1524779 [handler.py:handle_request():124] handle_request: poll_exit
2021-09-19 12:36:38,412 DEBUG   SenderThread:1524779 [sender.py:send_request():193] send_request: poll_exit
2021-09-19 12:36:38,513 DEBUG   HandlerThread:1524779 [handler.py:handle_request():124] handle_request: poll_exit
2021-09-19 12:36:38,514 DEBUG   SenderThread:1524779 [sender.py:send_request():193] send_request: poll_exit
2021-09-19 12:36:38,615 DEBUG   HandlerThread:1524779 [handler.py:handle_request():124] handle_request: poll_exit
2021-09-19 12:36:38,615 DEBUG   SenderThread:1524779 [sender.py:send_request():193] send_request: poll_exit
2021-09-19 12:36:38,717 DEBUG   HandlerThread:1524779 [handler.py:handle_request():124] handle_request: poll_exit
2021-09-19 12:36:38,717 DEBUG   SenderThread:1524779 [sender.py:send_request():193] send_request: poll_exit
2021-09-19 12:36:38,819 DEBUG   HandlerThread:1524779 [handler.py:handle_request():124] handle_request: poll_exit
2021-09-19 12:36:38,819 DEBUG   SenderThread:1524779 [sender.py:send_request():193] send_request: poll_exit
2021-09-19 12:36:38,920 DEBUG   HandlerThread:1524779 [handler.py:handle_request():124] handle_request: poll_exit
2021-09-19 12:36:38,920 DEBUG   SenderThread:1524779 [sender.py:send_request():193] send_request: poll_exit
2021-09-19 12:36:39,025 DEBUG   HandlerThread:1524779 [handler.py:handle_request():124] handle_request: poll_exit
2021-09-19 12:36:39,025 DEBUG   SenderThread:1524779 [sender.py:send_request():193] send_request: poll_exit
2021-09-19 12:36:39,047 ERROR   Thread-12 :1524779 [internal_api.py:execute():130] 429 response executing GraphQL.
2021-09-19 12:36:39,047 ERROR   Thread-12 :1524779 [internal_api.py:execute():131] {"error":"rate limit exceeded"}

2021-09-19 12:36:39,127 DEBUG   HandlerThread:1524779 [handler.py:handle_request():124] handle_request: poll_exit
2021-09-19 12:36:39,127 DEBUG   SenderThread:1524779 [sender.py:send_request():193] send_request: poll_exit
2021-09-19 12:36:39,152 ERROR   Thread-13 :1524779 [internal_api.py:execute():130] 429 response executing GraphQL.
2021-09-19 12:36:39,153 ERROR   Thread-13 :1524779 [internal_api.py:execute():131] {"error":"rate limit exceeded"}

2021-09-19 12:36:39,232 DEBUG   HandlerThread:1524779 [handler.py:handle_request():124] handle_request: poll_exit
2021-09-19 12:36:39,232 DEBUG   SenderThread:1524779 [sender.py:send_request():193] send_request: poll_exit
2021-09-19 12:36:39,270 ERROR   Thread-14 :1524779 [internal_api.py:execute():130] 429 response executing GraphQL.
2021-09-19 12:36:39,270 ERROR   Thread-14 :1524779 [internal_api.py:execute():131] {"error":"rate limit exceeded"}

2021-09-19 12:36:39,337 DEBUG   HandlerThread:1524779 [handler.py:handle_request():124] handle_request: poll_exit
2021-09-19 12:36:39,337 DEBUG   SenderThread:1524779 [sender.py:send_request():193] send_request: poll_exit
2021-09-19 12:36:39,439 DEBUG   HandlerThread:1524779 [handler.py:handle_request():124] handle_request: poll_exit
2021-09-19 12:36:39,439 DEBUG   SenderThread:1524779 [sender.py:send_request():193] send_request: poll_exit
2021-09-19 12:36:39,541 DEBUG   HandlerThread:1524779 [handler.py:handle_request():124] handle_request: poll_exit
2021-09-19 12:36:39,541 DEBUG   SenderThread:1524779 [sender.py:send_request():193] send_request: poll_exit
2021-09-19 12:36:39,642 DEBUG   HandlerThread:1524779 [handler.py:handle_request():124] handle_request: poll_exit
2021-09-19 12:36:39,643 DEBUG   SenderThread:1524779 [sender.py:send_request():193] send_request: poll_exit
2021-09-19 12:36:39,744 DEBUG   HandlerThread:1524779 [handler.py:handle_request():124] handle_request: poll_exit
2021-09-19 12:36:39,744 DEBUG   SenderThread:1524779 [sender.py:send_request():193] send_request: poll_exit
2021-09-19 12:36:39,846 DEBUG   HandlerThread:1524779 [handler.py:handle_request():124] handle_request: poll_exit
2021-09-19 12:36:39,846 DEBUG   SenderThread:1524779 [sender.py:send_request():193] send_request: poll_exit
2021-09-19 12:36:39,947 DEBUG   HandlerThread:1524779 [handler.py:handle_request():124] handle_request: poll_exit
2021-09-19 12:36:39,948 DEBUG   SenderThread:1524779 [sender.py:send_request():193] send_request: poll_exit
2021-09-19 12:36:40,049 DEBUG   HandlerThread:1524779 [handler.py:handle_request():124] handle_request: poll_exit
2021-09-19 12:36:40,049 DEBUG   SenderThread:1524779 [sender.py:send_request():193] send_request: poll_exit
2021-09-19 12:36:40,151 DEBUG   HandlerThread:1524779 [handler.py:handle_request():124] handle_request: poll_exit
2021-09-19 12:36:40,151 DEBUG   SenderThread:1524779 [sender.py:send_request():193] send_request: poll_exit
2021-09-19 12:36:40,253 DEBUG   HandlerThread:1524779 [handler.py:handle_request():124] handle_request: poll_exit
2021-09-19 12:36:40,253 DEBUG   SenderThread:1524779 [sender.py:send_request():193] send_request: poll_exit
2021-09-19 12:36:40,355 DEBUG   HandlerThread:1524779 [handler.py:handle_request():124] handle_request: poll_exit
2021-09-19 12:36:40,356 DEBUG   SenderThread:1524779 [sender.py:send_request():193] send_request: poll_exit
2021-09-19 12:36:40,457 DEBUG   HandlerThread:1524779 [handler.py:handle_request():124] handle_request: poll_exit
2021-09-19 12:36:40,457 DEBUG   SenderThread:1524779 [sender.py:send_request():193] send_request: poll_exit
2021-09-19 12:36:40,559 DEBUG   HandlerThread:1524779 [handler.py:handle_request():124] handle_request: poll_exit
2021-09-19 12:36:40,559 DEBUG   SenderThread:1524779 [sender.py:send_request():193] send_request: poll_exit
2021-09-19 12:36:40,661 DEBUG   HandlerThread:1524779 [handler.py:handle_request():124] handle_request: poll_exit
2021-09-19 12:36:40,661 DEBUG   SenderThread:1524779 [sender.py:send_request():193] send_request: poll_exit
2021-09-19 12:36:40,763 DEBUG   HandlerThread:1524779 [handler.py:handle_request():124] handle_request: poll_exit
2021-09-19 12:36:40,763 DEBUG   SenderThread:1524779 [sender.py:send_request():193] send_request: poll_exit
2021-09-19 12:36:40,864 DEBUG   HandlerThread:1524779 [handler.py:handle_request():124] handle_request: poll_exit
2021-09-19 12:36:40,865 DEBUG   SenderThread:1524779 [sender.py:send_request():193] send_request: poll_exit
2021-09-19 12:36:40,966 DEBUG   HandlerThread:1524779 [handler.py:handle_request():124] handle_request: poll_exit
2021-09-19 12:36:40,967 DEBUG   SenderThread:1524779 [sender.py:send_request():193] send_request: poll_exit
2021-09-19 12:36:41,068 DEBUG   HandlerThread:1524779 [handler.py:handle_request():124] handle_request: poll_exit
2021-09-19 12:36:41,068 DEBUG   SenderThread:1524779 [sender.py:send_request():193] send_request: poll_exit
2021-09-19 12:36:41,170 DEBUG   HandlerThread:1524779 [handler.py:handle_request():124] handle_request: poll_exit
2021-09-19 12:36:41,170 DEBUG   SenderThread:1524779 [sender.py:send_request():193] send_request: poll_exit
2021-09-19 12:36:41,272 DEBUG   HandlerThread:1524779 [handler.py:handle_request():124] handle_request: poll_exit
2021-09-19 12:36:41,272 DEBUG   SenderThread:1524779 [sender.py:send_request():193] send_request: poll_exit
2021-09-19 12:36:41,373 DEBUG   HandlerThread:1524779 [handler.py:handle_request():124] handle_request: poll_exit
2021-09-19 12:36:41,374 DEBUG   SenderThread:1524779 [sender.py:send_request():193] send_request: poll_exit
2021-09-19 12:36:41,475 DEBUG   HandlerThread:1524779 [handler.py:handle_request():124] handle_request: poll_exit
2021-09-19 12:36:41,475 DEBUG   SenderThread:1524779 [sender.py:send_request():193] send_request: poll_exit
2021-09-19 12:36:41,577 DEBUG   HandlerThread:1524779 [handler.py:handle_request():124] handle_request: poll_exit
2021-09-19 12:36:41,577 DEBUG   SenderThread:1524779 [sender.py:send_request():193] send_request: poll_exit
2021-09-19 12:36:41,679 DEBUG   HandlerThread:1524779 [handler.py:handle_request():124] handle_request: poll_exit
2021-09-19 12:36:41,679 DEBUG   SenderThread:1524779 [sender.py:send_request():193] send_request: poll_exit
2021-09-19 12:36:41,781 DEBUG   HandlerThread:1524779 [handler.py:handle_request():124] handle_request: poll_exit
2021-09-19 12:36:41,781 DEBUG   SenderThread:1524779 [sender.py:send_request():193] send_request: poll_exit
2021-09-19 12:36:41,883 DEBUG   HandlerThread:1524779 [handler.py:handle_request():124] handle_request: poll_exit
2021-09-19 12:36:41,883 DEBUG   SenderThread:1524779 [sender.py:send_request():193] send_request: poll_exit
2021-09-19 12:36:41,984 DEBUG   HandlerThread:1524779 [handler.py:handle_request():124] handle_request: poll_exit
2021-09-19 12:36:41,985 DEBUG   SenderThread:1524779 [sender.py:send_request():193] send_request: poll_exit
2021-09-19 12:36:42,086 DEBUG   HandlerThread:1524779 [handler.py:handle_request():124] handle_request: poll_exit
2021-09-19 12:36:42,086 DEBUG   SenderThread:1524779 [sender.py:send_request():193] send_request: poll_exit
2021-09-19 12:36:42,188 DEBUG   HandlerThread:1524779 [handler.py:handle_request():124] handle_request: poll_exit
2021-09-19 12:36:42,188 DEBUG   SenderThread:1524779 [sender.py:send_request():193] send_request: poll_exit
2021-09-19 12:36:42,290 DEBUG   HandlerThread:1524779 [handler.py:handle_request():124] handle_request: poll_exit
2021-09-19 12:36:42,290 DEBUG   SenderThread:1524779 [sender.py:send_request():193] send_request: poll_exit
2021-09-19 12:36:42,392 DEBUG   HandlerThread:1524779 [handler.py:handle_request():124] handle_request: poll_exit
2021-09-19 12:36:42,392 DEBUG   SenderThread:1524779 [sender.py:send_request():193] send_request: poll_exit
2021-09-19 12:36:42,493 DEBUG   HandlerThread:1524779 [handler.py:handle_request():124] handle_request: poll_exit
2021-09-19 12:36:42,494 DEBUG   SenderThread:1524779 [sender.py:send_request():193] send_request: poll_exit
2021-09-19 12:36:42,595 DEBUG   HandlerThread:1524779 [handler.py:handle_request():124] handle_request: poll_exit
2021-09-19 12:36:42,595 DEBUG   SenderThread:1524779 [sender.py:send_request():193] send_request: poll_exit
2021-09-19 12:36:42,697 DEBUG   HandlerThread:1524779 [handler.py:handle_request():124] handle_request: poll_exit
2021-09-19 12:36:42,697 DEBUG   SenderThread:1524779 [sender.py:send_request():193] send_request: poll_exit
2021-09-19 12:36:42,799 DEBUG   HandlerThread:1524779 [handler.py:handle_request():124] handle_request: poll_exit
2021-09-19 12:36:42,799 DEBUG   SenderThread:1524779 [sender.py:send_request():193] send_request: poll_exit
2021-09-19 12:36:42,901 DEBUG   HandlerThread:1524779 [handler.py:handle_request():124] handle_request: poll_exit
2021-09-19 12:36:42,901 DEBUG   SenderThread:1524779 [sender.py:send_request():193] send_request: poll_exit
2021-09-19 12:36:43,003 DEBUG   HandlerThread:1524779 [handler.py:handle_request():124] handle_request: poll_exit
2021-09-19 12:36:43,003 DEBUG   SenderThread:1524779 [sender.py:send_request():193] send_request: poll_exit
2021-09-19 12:36:43,104 DEBUG   HandlerThread:1524779 [handler.py:handle_request():124] handle_request: poll_exit
2021-09-19 12:36:43,105 DEBUG   SenderThread:1524779 [sender.py:send_request():193] send_request: poll_exit
2021-09-19 12:36:43,206 DEBUG   HandlerThread:1524779 [handler.py:handle_request():124] handle_request: poll_exit
2021-09-19 12:36:43,207 DEBUG   SenderThread:1524779 [sender.py:send_request():193] send_request: poll_exit
2021-09-19 12:36:43,308 DEBUG   HandlerThread:1524779 [handler.py:handle_request():124] handle_request: poll_exit
2021-09-19 12:36:43,308 DEBUG   SenderThread:1524779 [sender.py:send_request():193] send_request: poll_exit
2021-09-19 12:36:43,410 DEBUG   HandlerThread:1524779 [handler.py:handle_request():124] handle_request: poll_exit
2021-09-19 12:36:43,410 DEBUG   SenderThread:1524779 [sender.py:send_request():193] send_request: poll_exit
2021-09-19 12:36:43,512 DEBUG   HandlerThread:1524779 [handler.py:handle_request():124] handle_request: poll_exit
2021-09-19 12:36:43,512 DEBUG   SenderThread:1524779 [sender.py:send_request():193] send_request: poll_exit
2021-09-19 12:36:43,614 DEBUG   HandlerThread:1524779 [handler.py:handle_request():124] handle_request: poll_exit
2021-09-19 12:36:43,614 DEBUG   SenderThread:1524779 [sender.py:send_request():193] send_request: poll_exit
2021-09-19 12:36:43,715 DEBUG   HandlerThread:1524779 [handler.py:handle_request():124] handle_request: poll_exit
2021-09-19 12:36:43,716 DEBUG   SenderThread:1524779 [sender.py:send_request():193] send_request: poll_exit
2021-09-19 12:36:43,772 ERROR   Thread-14 :1524779 [internal_api.py:execute():130] 429 response executing GraphQL.
2021-09-19 12:36:43,772 ERROR   Thread-14 :1524779 [internal_api.py:execute():131] {"error":"rate limit exceeded"}

2021-09-19 12:36:43,817 DEBUG   HandlerThread:1524779 [handler.py:handle_request():124] handle_request: poll_exit
2021-09-19 12:36:43,817 DEBUG   SenderThread:1524779 [sender.py:send_request():193] send_request: poll_exit
2021-09-19 12:36:43,919 DEBUG   HandlerThread:1524779 [handler.py:handle_request():124] handle_request: poll_exit
2021-09-19 12:36:43,919 DEBUG   SenderThread:1524779 [sender.py:send_request():193] send_request: poll_exit
2021-09-19 12:36:43,950 ERROR   Thread-12 :1524779 [internal_api.py:execute():130] 429 response executing GraphQL.
2021-09-19 12:36:43,950 ERROR   Thread-12 :1524779 [internal_api.py:execute():131] {"error":"rate limit exceeded"}

2021-09-19 12:36:44,021 DEBUG   HandlerThread:1524779 [handler.py:handle_request():124] handle_request: poll_exit
2021-09-19 12:36:44,021 DEBUG   SenderThread:1524779 [sender.py:send_request():193] send_request: poll_exit
2021-09-19 12:36:44,041 ERROR   Thread-13 :1524779 [internal_api.py:execute():130] 429 response executing GraphQL.
2021-09-19 12:36:44,041 ERROR   Thread-13 :1524779 [internal_api.py:execute():131] {"error":"rate limit exceeded"}

2021-09-19 12:36:44,123 DEBUG   HandlerThread:1524779 [handler.py:handle_request():124] handle_request: poll_exit
2021-09-19 12:36:44,123 DEBUG   SenderThread:1524779 [sender.py:send_request():193] send_request: poll_exit
2021-09-19 12:36:44,224 DEBUG   HandlerThread:1524779 [handler.py:handle_request():124] handle_request: poll_exit
2021-09-19 12:36:44,225 DEBUG   SenderThread:1524779 [sender.py:send_request():193] send_request: poll_exit
2021-09-19 12:36:44,326 DEBUG   HandlerThread:1524779 [handler.py:handle_request():124] handle_request: poll_exit
2021-09-19 12:36:44,326 DEBUG   SenderThread:1524779 [sender.py:send_request():193] send_request: poll_exit
2021-09-19 12:36:44,428 DEBUG   HandlerThread:1524779 [handler.py:handle_request():124] handle_request: poll_exit
2021-09-19 12:36:44,428 DEBUG   SenderThread:1524779 [sender.py:send_request():193] send_request: poll_exit
2021-09-19 12:36:44,530 DEBUG   HandlerThread:1524779 [handler.py:handle_request():124] handle_request: poll_exit
2021-09-19 12:36:44,530 DEBUG   SenderThread:1524779 [sender.py:send_request():193] send_request: poll_exit
2021-09-19 12:36:44,632 DEBUG   HandlerThread:1524779 [handler.py:handle_request():124] handle_request: poll_exit
2021-09-19 12:36:44,632 DEBUG   SenderThread:1524779 [sender.py:send_request():193] send_request: poll_exit
2021-09-19 12:36:44,733 DEBUG   HandlerThread:1524779 [handler.py:handle_request():124] handle_request: poll_exit
2021-09-19 12:36:44,734 DEBUG   SenderThread:1524779 [sender.py:send_request():193] send_request: poll_exit
2021-09-19 12:36:44,835 DEBUG   HandlerThread:1524779 [handler.py:handle_request():124] handle_request: poll_exit
2021-09-19 12:36:44,836 DEBUG   SenderThread:1524779 [sender.py:send_request():193] send_request: poll_exit
2021-09-19 12:36:44,937 DEBUG   HandlerThread:1524779 [handler.py:handle_request():124] handle_request: poll_exit
2021-09-19 12:36:44,937 DEBUG   SenderThread:1524779 [sender.py:send_request():193] send_request: poll_exit
2021-09-19 12:36:45,039 DEBUG   HandlerThread:1524779 [handler.py:handle_request():124] handle_request: poll_exit
2021-09-19 12:36:45,039 DEBUG   SenderThread:1524779 [sender.py:send_request():193] send_request: poll_exit
2021-09-19 12:36:45,141 DEBUG   HandlerThread:1524779 [handler.py:handle_request():124] handle_request: poll_exit
2021-09-19 12:36:45,141 DEBUG   SenderThread:1524779 [sender.py:send_request():193] send_request: poll_exit
2021-09-19 12:36:45,243 DEBUG   HandlerThread:1524779 [handler.py:handle_request():124] handle_request: poll_exit
2021-09-19 12:36:45,243 DEBUG   SenderThread:1524779 [sender.py:send_request():193] send_request: poll_exit
2021-09-19 12:36:45,344 DEBUG   HandlerThread:1524779 [handler.py:handle_request():124] handle_request: poll_exit
2021-09-19 12:36:45,345 DEBUG   SenderThread:1524779 [sender.py:send_request():193] send_request: poll_exit
2021-09-19 12:36:45,446 DEBUG   HandlerThread:1524779 [handler.py:handle_request():124] handle_request: poll_exit
2021-09-19 12:36:45,447 DEBUG   SenderThread:1524779 [sender.py:send_request():193] send_request: poll_exit
2021-09-19 12:36:45,548 DEBUG   HandlerThread:1524779 [handler.py:handle_request():124] handle_request: poll_exit
2021-09-19 12:36:45,549 DEBUG   SenderThread:1524779 [sender.py:send_request():193] send_request: poll_exit
2021-09-19 12:36:45,650 DEBUG   HandlerThread:1524779 [handler.py:handle_request():124] handle_request: poll_exit
2021-09-19 12:36:45,651 DEBUG   SenderThread:1524779 [sender.py:send_request():193] send_request: poll_exit
2021-09-19 12:36:45,752 DEBUG   HandlerThread:1524779 [handler.py:handle_request():124] handle_request: poll_exit
2021-09-19 12:36:45,752 DEBUG   SenderThread:1524779 [sender.py:send_request():193] send_request: poll_exit
2021-09-19 12:36:45,854 DEBUG   HandlerThread:1524779 [handler.py:handle_request():124] handle_request: poll_exit
2021-09-19 12:36:45,854 DEBUG   SenderThread:1524779 [sender.py:send_request():193] send_request: poll_exit
2021-09-19 12:36:45,956 DEBUG   HandlerThread:1524779 [handler.py:handle_request():124] handle_request: poll_exit
2021-09-19 12:36:45,956 DEBUG   SenderThread:1524779 [sender.py:send_request():193] send_request: poll_exit
2021-09-19 12:36:46,058 DEBUG   HandlerThread:1524779 [handler.py:handle_request():124] handle_request: poll_exit
2021-09-19 12:36:46,058 DEBUG   SenderThread:1524779 [sender.py:send_request():193] send_request: poll_exit
2021-09-19 12:36:46,160 DEBUG   HandlerThread:1524779 [handler.py:handle_request():124] handle_request: poll_exit
2021-09-19 12:36:46,160 DEBUG   SenderThread:1524779 [sender.py:send_request():193] send_request: poll_exit
2021-09-19 12:36:46,261 DEBUG   HandlerThread:1524779 [handler.py:handle_request():124] handle_request: poll_exit
2021-09-19 12:36:46,262 DEBUG   SenderThread:1524779 [sender.py:send_request():193] send_request: poll_exit
2021-09-19 12:36:46,363 DEBUG   HandlerThread:1524779 [handler.py:handle_request():124] handle_request: poll_exit
2021-09-19 12:36:46,363 DEBUG   SenderThread:1524779 [sender.py:send_request():193] send_request: poll_exit
2021-09-19 12:36:46,465 DEBUG   HandlerThread:1524779 [handler.py:handle_request():124] handle_request: poll_exit
2021-09-19 12:36:46,465 DEBUG   SenderThread:1524779 [sender.py:send_request():193] send_request: poll_exit
2021-09-19 12:36:46,567 DEBUG   HandlerThread:1524779 [handler.py:handle_request():124] handle_request: poll_exit
2021-09-19 12:36:46,567 DEBUG   SenderThread:1524779 [sender.py:send_request():193] send_request: poll_exit
2021-09-19 12:36:46,669 DEBUG   HandlerThread:1524779 [handler.py:handle_request():124] handle_request: poll_exit
2021-09-19 12:36:46,669 DEBUG   SenderThread:1524779 [sender.py:send_request():193] send_request: poll_exit
2021-09-19 12:36:46,770 DEBUG   HandlerThread:1524779 [handler.py:handle_request():124] handle_request: poll_exit
2021-09-19 12:36:46,771 DEBUG   SenderThread:1524779 [sender.py:send_request():193] send_request: poll_exit
2021-09-19 12:36:46,872 DEBUG   HandlerThread:1524779 [handler.py:handle_request():124] handle_request: poll_exit
2021-09-19 12:36:46,872 DEBUG   SenderThread:1524779 [sender.py:send_request():193] send_request: poll_exit
2021-09-19 12:36:46,974 DEBUG   HandlerThread:1524779 [handler.py:handle_request():124] handle_request: poll_exit
2021-09-19 12:36:46,974 DEBUG   SenderThread:1524779 [sender.py:send_request():193] send_request: poll_exit
2021-09-19 12:36:47,076 DEBUG   HandlerThread:1524779 [handler.py:handle_request():124] handle_request: poll_exit
2021-09-19 12:36:47,076 DEBUG   SenderThread:1524779 [sender.py:send_request():193] send_request: poll_exit
2021-09-19 12:36:47,178 DEBUG   HandlerThread:1524779 [handler.py:handle_request():124] handle_request: poll_exit
2021-09-19 12:36:47,178 DEBUG   SenderThread:1524779 [sender.py:send_request():193] send_request: poll_exit
2021-09-19 12:36:47,279 DEBUG   HandlerThread:1524779 [handler.py:handle_request():124] handle_request: poll_exit
2021-09-19 12:36:47,280 DEBUG   SenderThread:1524779 [sender.py:send_request():193] send_request: poll_exit
2021-09-19 12:36:47,381 DEBUG   HandlerThread:1524779 [handler.py:handle_request():124] handle_request: poll_exit
2021-09-19 12:36:47,382 DEBUG   SenderThread:1524779 [sender.py:send_request():193] send_request: poll_exit
2021-09-19 12:36:47,483 DEBUG   HandlerThread:1524779 [handler.py:handle_request():124] handle_request: poll_exit
2021-09-19 12:36:47,483 DEBUG   SenderThread:1524779 [sender.py:send_request():193] send_request: poll_exit
2021-09-19 12:36:47,585 DEBUG   HandlerThread:1524779 [handler.py:handle_request():124] handle_request: poll_exit
2021-09-19 12:36:47,585 DEBUG   SenderThread:1524779 [sender.py:send_request():193] send_request: poll_exit
2021-09-19 12:36:47,714 DEBUG   HandlerThread:1524779 [handler.py:handle_request():124] handle_request: poll_exit
2021-09-19 12:36:47,715 DEBUG   SenderThread:1524779 [sender.py:send_request():193] send_request: poll_exit
2021-09-19 12:36:47,816 DEBUG   HandlerThread:1524779 [handler.py:handle_request():124] handle_request: poll_exit
2021-09-19 12:36:47,817 DEBUG   SenderThread:1524779 [sender.py:send_request():193] send_request: poll_exit
2021-09-19 12:36:47,918 DEBUG   HandlerThread:1524779 [handler.py:handle_request():124] handle_request: poll_exit
2021-09-19 12:36:47,918 DEBUG   SenderThread:1524779 [sender.py:send_request():193] send_request: poll_exit
2021-09-19 12:36:48,020 DEBUG   HandlerThread:1524779 [handler.py:handle_request():124] handle_request: poll_exit
2021-09-19 12:36:48,020 DEBUG   SenderThread:1524779 [sender.py:send_request():193] send_request: poll_exit
2021-09-19 12:36:48,122 DEBUG   HandlerThread:1524779 [handler.py:handle_request():124] handle_request: poll_exit
2021-09-19 12:36:48,122 DEBUG   SenderThread:1524779 [sender.py:send_request():193] send_request: poll_exit
2021-09-19 12:36:48,223 DEBUG   HandlerThread:1524779 [handler.py:handle_request():124] handle_request: poll_exit
2021-09-19 12:36:48,224 DEBUG   SenderThread:1524779 [sender.py:send_request():193] send_request: poll_exit
2021-09-19 12:36:48,326 DEBUG   HandlerThread:1524779 [handler.py:handle_request():124] handle_request: poll_exit
2021-09-19 12:36:48,326 DEBUG   SenderThread:1524779 [sender.py:send_request():193] send_request: poll_exit
2021-09-19 12:36:48,428 DEBUG   HandlerThread:1524779 [handler.py:handle_request():124] handle_request: poll_exit
2021-09-19 12:36:48,428 DEBUG   SenderThread:1524779 [sender.py:send_request():193] send_request: poll_exit
2021-09-19 12:36:48,529 DEBUG   HandlerThread:1524779 [handler.py:handle_request():124] handle_request: poll_exit
2021-09-19 12:36:48,530 DEBUG   SenderThread:1524779 [sender.py:send_request():193] send_request: poll_exit
2021-09-19 12:36:48,631 DEBUG   HandlerThread:1524779 [handler.py:handle_request():124] handle_request: poll_exit
2021-09-19 12:36:48,631 DEBUG   SenderThread:1524779 [sender.py:send_request():193] send_request: poll_exit
2021-09-19 12:36:48,733 DEBUG   HandlerThread:1524779 [handler.py:handle_request():124] handle_request: poll_exit
2021-09-19 12:36:48,733 DEBUG   SenderThread:1524779 [sender.py:send_request():193] send_request: poll_exit
2021-09-19 12:36:48,835 DEBUG   HandlerThread:1524779 [handler.py:handle_request():124] handle_request: poll_exit
2021-09-19 12:36:48,835 DEBUG   SenderThread:1524779 [sender.py:send_request():193] send_request: poll_exit
2021-09-19 12:36:48,937 DEBUG   HandlerThread:1524779 [handler.py:handle_request():124] handle_request: poll_exit
2021-09-19 12:36:48,937 DEBUG   SenderThread:1524779 [sender.py:send_request():193] send_request: poll_exit
2021-09-19 12:36:49,038 DEBUG   HandlerThread:1524779 [handler.py:handle_request():124] handle_request: poll_exit
2021-09-19 12:36:49,039 DEBUG   SenderThread:1524779 [sender.py:send_request():193] send_request: poll_exit
2021-09-19 12:36:49,140 DEBUG   HandlerThread:1524779 [handler.py:handle_request():124] handle_request: poll_exit
2021-09-19 12:36:49,140 DEBUG   SenderThread:1524779 [sender.py:send_request():193] send_request: poll_exit
2021-09-19 12:36:49,242 DEBUG   HandlerThread:1524779 [handler.py:handle_request():124] handle_request: poll_exit
2021-09-19 12:36:49,242 DEBUG   SenderThread:1524779 [sender.py:send_request():193] send_request: poll_exit
2021-09-19 12:36:49,344 DEBUG   HandlerThread:1524779 [handler.py:handle_request():124] handle_request: poll_exit
2021-09-19 12:36:49,344 DEBUG   SenderThread:1524779 [sender.py:send_request():193] send_request: poll_exit
2021-09-19 12:36:49,446 DEBUG   HandlerThread:1524779 [handler.py:handle_request():124] handle_request: poll_exit
2021-09-19 12:36:49,446 DEBUG   SenderThread:1524779 [sender.py:send_request():193] send_request: poll_exit
2021-09-19 12:36:49,548 DEBUG   HandlerThread:1524779 [handler.py:handle_request():124] handle_request: poll_exit
2021-09-19 12:36:49,548 DEBUG   SenderThread:1524779 [sender.py:send_request():193] send_request: poll_exit
2021-09-19 12:36:49,649 DEBUG   HandlerThread:1524779 [handler.py:handle_request():124] handle_request: poll_exit
2021-09-19 12:36:49,650 DEBUG   SenderThread:1524779 [sender.py:send_request():193] send_request: poll_exit
2021-09-19 12:36:49,751 DEBUG   HandlerThread:1524779 [handler.py:handle_request():124] handle_request: poll_exit
2021-09-19 12:36:49,751 DEBUG   SenderThread:1524779 [sender.py:send_request():193] send_request: poll_exit
2021-09-19 12:36:49,853 DEBUG   HandlerThread:1524779 [handler.py:handle_request():124] handle_request: poll_exit
2021-09-19 12:36:49,853 DEBUG   SenderThread:1524779 [sender.py:send_request():193] send_request: poll_exit
2021-09-19 12:36:49,955 DEBUG   HandlerThread:1524779 [handler.py:handle_request():124] handle_request: poll_exit
2021-09-19 12:36:49,955 DEBUG   SenderThread:1524779 [sender.py:send_request():193] send_request: poll_exit
2021-09-19 12:36:50,057 DEBUG   HandlerThread:1524779 [handler.py:handle_request():124] handle_request: poll_exit
2021-09-19 12:36:50,057 DEBUG   SenderThread:1524779 [sender.py:send_request():193] send_request: poll_exit
2021-09-19 12:36:50,159 DEBUG   HandlerThread:1524779 [handler.py:handle_request():124] handle_request: poll_exit
2021-09-19 12:36:50,159 DEBUG   SenderThread:1524779 [sender.py:send_request():193] send_request: poll_exit
2021-09-19 12:36:50,260 DEBUG   HandlerThread:1524779 [handler.py:handle_request():124] handle_request: poll_exit
2021-09-19 12:36:50,261 DEBUG   SenderThread:1524779 [sender.py:send_request():193] send_request: poll_exit
2021-09-19 12:36:50,362 DEBUG   HandlerThread:1524779 [handler.py:handle_request():124] handle_request: poll_exit
2021-09-19 12:36:50,362 DEBUG   SenderThread:1524779 [sender.py:send_request():193] send_request: poll_exit
2021-09-19 12:36:50,464 DEBUG   HandlerThread:1524779 [handler.py:handle_request():124] handle_request: poll_exit
2021-09-19 12:36:50,464 DEBUG   SenderThread:1524779 [sender.py:send_request():193] send_request: poll_exit
2021-09-19 12:36:50,565 DEBUG   HandlerThread:1524779 [handler.py:handle_request():124] handle_request: poll_exit
2021-09-19 12:36:50,565 DEBUG   SenderThread:1524779 [sender.py:send_request():193] send_request: poll_exit
2021-09-19 12:36:50,667 DEBUG   HandlerThread:1524779 [handler.py:handle_request():124] handle_request: poll_exit
2021-09-19 12:36:50,667 DEBUG   SenderThread:1524779 [sender.py:send_request():193] send_request: poll_exit
2021-09-19 12:36:50,768 DEBUG   HandlerThread:1524779 [handler.py:handle_request():124] handle_request: poll_exit
2021-09-19 12:36:50,769 DEBUG   SenderThread:1524779 [sender.py:send_request():193] send_request: poll_exit
2021-09-19 12:36:50,870 DEBUG   HandlerThread:1524779 [handler.py:handle_request():124] handle_request: poll_exit
2021-09-19 12:36:50,870 DEBUG   SenderThread:1524779 [sender.py:send_request():193] send_request: poll_exit
2021-09-19 12:36:50,972 DEBUG   HandlerThread:1524779 [handler.py:handle_request():124] handle_request: poll_exit
2021-09-19 12:36:50,972 DEBUG   SenderThread:1524779 [sender.py:send_request():193] send_request: poll_exit
2021-09-19 12:36:51,073 DEBUG   HandlerThread:1524779 [handler.py:handle_request():124] handle_request: poll_exit
2021-09-19 12:36:51,074 DEBUG   SenderThread:1524779 [sender.py:send_request():193] send_request: poll_exit
2021-09-19 12:36:51,175 DEBUG   HandlerThread:1524779 [handler.py:handle_request():124] handle_request: poll_exit
2021-09-19 12:36:51,176 DEBUG   SenderThread:1524779 [sender.py:send_request():193] send_request: poll_exit
2021-09-19 12:36:51,277 DEBUG   HandlerThread:1524779 [handler.py:handle_request():124] handle_request: poll_exit
2021-09-19 12:36:51,277 DEBUG   SenderThread:1524779 [sender.py:send_request():193] send_request: poll_exit
2021-09-19 12:36:51,379 DEBUG   HandlerThread:1524779 [handler.py:handle_request():124] handle_request: poll_exit
2021-09-19 12:36:51,379 DEBUG   SenderThread:1524779 [sender.py:send_request():193] send_request: poll_exit
2021-09-19 12:36:51,481 DEBUG   HandlerThread:1524779 [handler.py:handle_request():124] handle_request: poll_exit
2021-09-19 12:36:51,481 DEBUG   SenderThread:1524779 [sender.py:send_request():193] send_request: poll_exit
2021-09-19 12:36:51,583 DEBUG   HandlerThread:1524779 [handler.py:handle_request():124] handle_request: poll_exit
2021-09-19 12:36:51,583 DEBUG   SenderThread:1524779 [sender.py:send_request():193] send_request: poll_exit
2021-09-19 12:36:51,685 DEBUG   HandlerThread:1524779 [handler.py:handle_request():124] handle_request: poll_exit
2021-09-19 12:36:51,685 DEBUG   SenderThread:1524779 [sender.py:send_request():193] send_request: poll_exit
2021-09-19 12:36:51,786 DEBUG   HandlerThread:1524779 [handler.py:handle_request():124] handle_request: poll_exit
2021-09-19 12:36:51,787 DEBUG   SenderThread:1524779 [sender.py:send_request():193] send_request: poll_exit
2021-09-19 12:36:51,888 DEBUG   HandlerThread:1524779 [handler.py:handle_request():124] handle_request: poll_exit
2021-09-19 12:36:51,888 DEBUG   SenderThread:1524779 [sender.py:send_request():193] send_request: poll_exit
2021-09-19 12:36:51,990 DEBUG   HandlerThread:1524779 [handler.py:handle_request():124] handle_request: poll_exit
2021-09-19 12:36:51,990 DEBUG   SenderThread:1524779 [sender.py:send_request():193] send_request: poll_exit
2021-09-19 12:36:52,092 DEBUG   HandlerThread:1524779 [handler.py:handle_request():124] handle_request: poll_exit
2021-09-19 12:36:52,092 DEBUG   SenderThread:1524779 [sender.py:send_request():193] send_request: poll_exit
2021-09-19 12:36:52,194 DEBUG   HandlerThread:1524779 [handler.py:handle_request():124] handle_request: poll_exit
2021-09-19 12:36:52,194 DEBUG   SenderThread:1524779 [sender.py:send_request():193] send_request: poll_exit
2021-09-19 12:36:52,296 DEBUG   HandlerThread:1524779 [handler.py:handle_request():124] handle_request: poll_exit
2021-09-19 12:36:52,296 DEBUG   SenderThread:1524779 [sender.py:send_request():193] send_request: poll_exit
2021-09-19 12:36:52,398 DEBUG   HandlerThread:1524779 [handler.py:handle_request():124] handle_request: poll_exit
2021-09-19 12:36:52,398 DEBUG   SenderThread:1524779 [sender.py:send_request():193] send_request: poll_exit
2021-09-19 12:36:52,499 DEBUG   HandlerThread:1524779 [handler.py:handle_request():124] handle_request: poll_exit
2021-09-19 12:36:52,500 DEBUG   SenderThread:1524779 [sender.py:send_request():193] send_request: poll_exit
2021-09-19 12:36:52,601 DEBUG   HandlerThread:1524779 [handler.py:handle_request():124] handle_request: poll_exit
2021-09-19 12:36:52,601 DEBUG   SenderThread:1524779 [sender.py:send_request():193] send_request: poll_exit
2021-09-19 12:36:52,703 DEBUG   HandlerThread:1524779 [handler.py:handle_request():124] handle_request: poll_exit
2021-09-19 12:36:52,703 DEBUG   SenderThread:1524779 [sender.py:send_request():193] send_request: poll_exit
2021-09-19 12:36:52,804 DEBUG   HandlerThread:1524779 [handler.py:handle_request():124] handle_request: poll_exit
2021-09-19 12:36:52,805 DEBUG   SenderThread:1524779 [sender.py:send_request():193] send_request: poll_exit
2021-09-19 12:36:52,906 DEBUG   HandlerThread:1524779 [handler.py:handle_request():124] handle_request: poll_exit
2021-09-19 12:36:52,906 DEBUG   SenderThread:1524779 [sender.py:send_request():193] send_request: poll_exit
2021-09-19 12:36:53,008 DEBUG   HandlerThread:1524779 [handler.py:handle_request():124] handle_request: poll_exit
2021-09-19 12:36:53,008 DEBUG   SenderThread:1524779 [sender.py:send_request():193] send_request: poll_exit
2021-09-19 12:36:53,112 DEBUG   HandlerThread:1524779 [handler.py:handle_request():124] handle_request: poll_exit
2021-09-19 12:36:53,113 DEBUG   SenderThread:1524779 [sender.py:send_request():193] send_request: poll_exit
2021-09-19 12:36:53,214 DEBUG   HandlerThread:1524779 [handler.py:handle_request():124] handle_request: poll_exit
2021-09-19 12:36:53,215 DEBUG   SenderThread:1524779 [sender.py:send_request():193] send_request: poll_exit
2021-09-19 12:36:53,316 DEBUG   HandlerThread:1524779 [handler.py:handle_request():124] handle_request: poll_exit
2021-09-19 12:36:53,316 DEBUG   SenderThread:1524779 [sender.py:send_request():193] send_request: poll_exit
2021-09-19 12:36:53,413 INFO    Thread-12 :1524779 [upload_job.py:push():137] Uploaded file /grid/koo/home/toneyan/profile/QuantPred/wandb/run-20210919_123535-ywo0tx1d/files/config.yaml
2021-09-19 12:36:53,421 DEBUG   HandlerThread:1524779 [handler.py:handle_request():124] handle_request: poll_exit
2021-09-19 12:36:53,421 DEBUG   SenderThread:1524779 [sender.py:send_request():193] send_request: poll_exit
2021-09-19 12:36:53,437 INFO    Thread-14 :1524779 [upload_job.py:push():137] Uploaded file /grid/koo/home/toneyan/profile/QuantPred/wandb/run-20210919_123535-ywo0tx1d/files/wandb-summary.json
2021-09-19 12:36:53,522 DEBUG   HandlerThread:1524779 [handler.py:handle_request():124] handle_request: poll_exit
2021-09-19 12:36:53,523 DEBUG   SenderThread:1524779 [sender.py:send_request():193] send_request: poll_exit
2021-09-19 12:36:53,624 DEBUG   HandlerThread:1524779 [handler.py:handle_request():124] handle_request: poll_exit
2021-09-19 12:36:53,624 DEBUG   SenderThread:1524779 [sender.py:send_request():193] send_request: poll_exit
2021-09-19 12:36:53,726 DEBUG   HandlerThread:1524779 [handler.py:handle_request():124] handle_request: poll_exit
2021-09-19 12:36:53,726 DEBUG   SenderThread:1524779 [sender.py:send_request():193] send_request: poll_exit
2021-09-19 12:36:53,827 DEBUG   HandlerThread:1524779 [handler.py:handle_request():124] handle_request: poll_exit
2021-09-19 12:36:53,828 DEBUG   SenderThread:1524779 [sender.py:send_request():193] send_request: poll_exit
2021-09-19 12:36:53,929 DEBUG   HandlerThread:1524779 [handler.py:handle_request():124] handle_request: poll_exit
2021-09-19 12:36:53,930 DEBUG   SenderThread:1524779 [sender.py:send_request():193] send_request: poll_exit
2021-09-19 12:36:54,031 DEBUG   HandlerThread:1524779 [handler.py:handle_request():124] handle_request: poll_exit
2021-09-19 12:36:54,031 DEBUG   SenderThread:1524779 [sender.py:send_request():193] send_request: poll_exit
2021-09-19 12:36:54,133 DEBUG   HandlerThread:1524779 [handler.py:handle_request():124] handle_request: poll_exit
2021-09-19 12:36:54,133 DEBUG   SenderThread:1524779 [sender.py:send_request():193] send_request: poll_exit
2021-09-19 12:36:54,234 DEBUG   HandlerThread:1524779 [handler.py:handle_request():124] handle_request: poll_exit
2021-09-19 12:36:54,234 DEBUG   SenderThread:1524779 [sender.py:send_request():193] send_request: poll_exit
2021-09-19 12:36:54,336 DEBUG   HandlerThread:1524779 [handler.py:handle_request():124] handle_request: poll_exit
2021-09-19 12:36:54,336 DEBUG   SenderThread:1524779 [sender.py:send_request():193] send_request: poll_exit
2021-09-19 12:36:54,408 INFO    Thread-13 :1524779 [upload_job.py:push():137] Uploaded file /grid/koo/home/toneyan/profile/QuantPred/wandb/run-20210919_123535-ywo0tx1d/files/requirements.txt
2021-09-19 12:36:54,437 DEBUG   HandlerThread:1524779 [handler.py:handle_request():124] handle_request: poll_exit
2021-09-19 12:36:54,438 DEBUG   SenderThread:1524779 [sender.py:send_request():193] send_request: poll_exit
2021-09-19 12:36:54,539 DEBUG   HandlerThread:1524779 [handler.py:handle_request():124] handle_request: poll_exit
2021-09-19 12:36:54,540 DEBUG   SenderThread:1524779 [sender.py:send_request():193] send_request: poll_exit
2021-09-19 12:36:54,609 INFO    Thread-7  :1524779 [sender.py:transition_state():308] send defer: 7
2021-09-19 12:36:54,609 DEBUG   HandlerThread:1524779 [handler.py:handle_request():124] handle_request: defer
2021-09-19 12:36:54,609 INFO    HandlerThread:1524779 [handler.py:handle_request_defer():141] handle defer: 7
2021-09-19 12:36:54,610 DEBUG   SenderThread:1524779 [sender.py:send_request():193] send_request: defer
2021-09-19 12:36:54,610 INFO    SenderThread:1524779 [sender.py:send_request_defer():304] handle sender defer: 7
2021-09-19 12:36:54,641 DEBUG   HandlerThread:1524779 [handler.py:handle_request():124] handle_request: poll_exit
2021-09-19 12:36:54,663 INFO    SenderThread:1524779 [sender.py:transition_state():308] send defer: 8
2021-09-19 12:36:54,664 DEBUG   SenderThread:1524779 [sender.py:send_request():193] send_request: poll_exit
2021-09-19 12:36:54,664 DEBUG   HandlerThread:1524779 [handler.py:handle_request():124] handle_request: defer
2021-09-19 12:36:54,664 INFO    HandlerThread:1524779 [handler.py:handle_request_defer():141] handle defer: 8
2021-09-19 12:36:54,664 DEBUG   SenderThread:1524779 [sender.py:send_request():193] send_request: defer
2021-09-19 12:36:54,664 INFO    SenderThread:1524779 [sender.py:send_request_defer():304] handle sender defer: 8
2021-09-19 12:36:54,664 INFO    SenderThread:1524779 [sender.py:transition_state():308] send defer: 9
2021-09-19 12:36:54,665 DEBUG   SenderThread:1524779 [sender.py:send():179] send: final
2021-09-19 12:36:54,665 DEBUG   HandlerThread:1524779 [handler.py:handle_request():124] handle_request: defer
2021-09-19 12:36:54,665 DEBUG   SenderThread:1524779 [sender.py:send():179] send: footer
2021-09-19 12:36:54,665 INFO    HandlerThread:1524779 [handler.py:handle_request_defer():141] handle defer: 9
2021-09-19 12:36:54,665 DEBUG   SenderThread:1524779 [sender.py:send_request():193] send_request: defer
2021-09-19 12:36:54,665 INFO    SenderThread:1524779 [sender.py:send_request_defer():304] handle sender defer: 9
2021-09-19 12:36:54,765 DEBUG   HandlerThread:1524779 [handler.py:handle_request():124] handle_request: poll_exit
2021-09-19 12:36:54,765 DEBUG   SenderThread:1524779 [sender.py:send_request():193] send_request: poll_exit
2021-09-19 12:36:54,766 INFO    SenderThread:1524779 [file_pusher.py:join():182] waiting for file pusher
2021-09-19 12:36:54,767 DEBUG   HandlerThread:1524779 [handler.py:handle_request():124] handle_request: get_summary
2021-09-19 12:36:54,768 DEBUG   HandlerThread:1524779 [handler.py:handle_request():124] handle_request: sampled_history
2021-09-19 12:36:54,768 DEBUG   HandlerThread:1524779 [handler.py:handle_request():124] handle_request: shutdown
2021-09-19 12:36:54,768 INFO    HandlerThread:1524779 [handler.py:finish():638] shutting down handler
2021-09-19 12:36:55,665 INFO    WriterThread:1524779 [datastore.py:close():288] close: /grid/koo/home/toneyan/profile/QuantPred/wandb/run-20210919_123535-ywo0tx1d/run-ywo0tx1d.wandb
2021-09-19 12:36:55,766 INFO    SenderThread:1524779 [sender.py:finish():945] shutting down sender
2021-09-19 12:36:55,766 INFO    SenderThread:1524779 [file_pusher.py:finish():177] shutting down file pusher
2021-09-19 12:36:55,766 INFO    SenderThread:1524779 [file_pusher.py:join():182] waiting for file pusher
2021-09-19 12:36:55,767 INFO    MainThread:1524779 [internal.py:handle_exit():78] Internal process exited
