2021-09-18 23:31:45,652 INFO    MainThread:420339 [internal.py:wandb_internal():91] W&B internal server running at pid: 420339, started at: 2021-09-18 23:31:45.651995
2021-09-18 23:31:45,654 DEBUG   HandlerThread:420339 [handler.py:handle_request():124] handle_request: check_version
2021-09-18 23:31:45,654 INFO    WriterThread:420339 [datastore.py:open_for_write():80] open: /grid/koo/home/toneyan/profile/QuantPred/wandb/run-20210918_233145-dzr8x14u/run-dzr8x14u.wandb
2021-09-18 23:31:45,655 DEBUG   SenderThread:420339 [sender.py:send():179] send: header
2021-09-18 23:31:45,655 DEBUG   SenderThread:420339 [sender.py:send_request():193] send_request: check_version
2021-09-18 23:31:45,685 DEBUG   SenderThread:420339 [sender.py:send():179] send: run
2021-09-18 23:31:45,767 INFO    SenderThread:420339 [dir_watcher.py:__init__():168] watching files in: /grid/koo/home/toneyan/profile/QuantPred/wandb/run-20210918_233145-dzr8x14u/files
2021-09-18 23:31:45,767 INFO    SenderThread:420339 [sender.py:_start_run_threads():719] run started: dzr8x14u with start time 1632022305
2021-09-18 23:31:45,767 DEBUG   SenderThread:420339 [sender.py:send():179] send: summary
2021-09-18 23:31:45,768 INFO    SenderThread:420339 [sender.py:_save_file():841] saving file wandb-summary.json with policy end
2021-09-18 23:31:45,769 DEBUG   HandlerThread:420339 [handler.py:handle_request():124] handle_request: run_start
2021-09-18 23:31:46,769 INFO    Thread-8  :420339 [dir_watcher.py:_on_file_created():216] file/dir created: /grid/koo/home/toneyan/profile/QuantPred/wandb/run-20210918_233145-dzr8x14u/files/wandb-summary.json
2021-09-18 23:31:46,778 DEBUG   HandlerThread:420339 [meta.py:__init__():39] meta init
2021-09-18 23:31:46,778 DEBUG   HandlerThread:420339 [meta.py:__init__():53] meta init done
2021-09-18 23:31:46,778 DEBUG   HandlerThread:420339 [meta.py:probe():210] probe
2021-09-18 23:31:46,783 DEBUG   HandlerThread:420339 [meta.py:_save_pip():57] save pip
2021-09-18 23:31:46,785 DEBUG   HandlerThread:420339 [meta.py:_save_pip():71] save pip done
2021-09-18 23:31:46,785 DEBUG   HandlerThread:420339 [meta.py:probe():252] probe done
2021-09-18 23:31:46,787 DEBUG   SenderThread:420339 [sender.py:send():179] send: files
2021-09-18 23:31:46,787 INFO    SenderThread:420339 [sender.py:_save_file():841] saving file wandb-metadata.json with policy now
2021-09-18 23:31:46,792 DEBUG   HandlerThread:420339 [handler.py:handle_request():124] handle_request: stop_status
2021-09-18 23:31:46,792 DEBUG   SenderThread:420339 [sender.py:send_request():193] send_request: stop_status
2021-09-18 23:31:47,108 INFO    Thread-11 :420339 [upload_job.py:push():137] Uploaded file /tmp/3288840.1.gpu_ded.q/tmp0zwlmul1wandb/23wcvot7-wandb-metadata.json
2021-09-18 23:31:47,768 INFO    Thread-8  :420339 [dir_watcher.py:_on_file_created():216] file/dir created: /grid/koo/home/toneyan/profile/QuantPred/wandb/run-20210918_233145-dzr8x14u/files/wandb-metadata.json
2021-09-18 23:31:47,768 INFO    Thread-8  :420339 [dir_watcher.py:_on_file_created():216] file/dir created: /grid/koo/home/toneyan/profile/QuantPred/wandb/run-20210918_233145-dzr8x14u/files/output.log
2021-09-18 23:31:47,768 INFO    Thread-8  :420339 [dir_watcher.py:_on_file_created():216] file/dir created: /grid/koo/home/toneyan/profile/QuantPred/wandb/run-20210918_233145-dzr8x14u/files/requirements.txt
2021-09-18 23:32:01,877 DEBUG   HandlerThread:420339 [handler.py:handle_request():124] handle_request: stop_status
2021-09-18 23:32:01,877 DEBUG   SenderThread:420339 [sender.py:send_request():193] send_request: stop_status
2021-09-18 23:32:15,100 DEBUG   SenderThread:420339 [sender.py:send():179] send: stats
2021-09-18 23:32:16,944 DEBUG   HandlerThread:420339 [handler.py:handle_request():124] handle_request: stop_status
2021-09-18 23:32:16,947 DEBUG   SenderThread:420339 [sender.py:send_request():193] send_request: stop_status
2021-09-18 23:32:19,722 DEBUG   HandlerThread:420339 [handler.py:handle_request():124] handle_request: poll_exit
2021-09-18 23:32:19,722 DEBUG   SenderThread:420339 [sender.py:send():179] send: telemetry
2021-09-18 23:32:19,723 DEBUG   SenderThread:420339 [sender.py:send():179] send: exit
2021-09-18 23:32:19,723 INFO    SenderThread:420339 [sender.py:send_exit():287] handling exit code: 1
2021-09-18 23:32:19,723 INFO    SenderThread:420339 [sender.py:send_exit():295] send defer
2021-09-18 23:32:19,724 DEBUG   SenderThread:420339 [sender.py:send_request():193] send_request: poll_exit
2021-09-18 23:32:19,724 DEBUG   HandlerThread:420339 [handler.py:handle_request():124] handle_request: defer
2021-09-18 23:32:19,724 INFO    HandlerThread:420339 [handler.py:handle_request_defer():141] handle defer: 0
2021-09-18 23:32:19,724 DEBUG   SenderThread:420339 [sender.py:send_request():193] send_request: defer
2021-09-18 23:32:19,724 INFO    SenderThread:420339 [sender.py:send_request_defer():304] handle sender defer: 0
2021-09-18 23:32:19,724 INFO    SenderThread:420339 [sender.py:transition_state():308] send defer: 1
2021-09-18 23:32:19,725 DEBUG   HandlerThread:420339 [handler.py:handle_request():124] handle_request: defer
2021-09-18 23:32:19,725 INFO    HandlerThread:420339 [handler.py:handle_request_defer():141] handle defer: 1
2021-09-18 23:32:19,761 DEBUG   SenderThread:420339 [sender.py:send_request():193] send_request: defer
2021-09-18 23:32:19,761 INFO    SenderThread:420339 [sender.py:send_request_defer():304] handle sender defer: 1
2021-09-18 23:32:19,762 INFO    SenderThread:420339 [sender.py:transition_state():308] send defer: 2
2021-09-18 23:32:19,762 DEBUG   SenderThread:420339 [sender.py:send():179] send: stats
2021-09-18 23:32:19,762 DEBUG   HandlerThread:420339 [handler.py:handle_request():124] handle_request: defer
2021-09-18 23:32:19,764 INFO    HandlerThread:420339 [handler.py:handle_request_defer():141] handle defer: 2
2021-09-18 23:32:19,764 DEBUG   SenderThread:420339 [sender.py:send_request():193] send_request: defer
2021-09-18 23:32:19,764 INFO    SenderThread:420339 [sender.py:send_request_defer():304] handle sender defer: 2
2021-09-18 23:32:19,764 INFO    SenderThread:420339 [sender.py:transition_state():308] send defer: 3
2021-09-18 23:32:19,764 DEBUG   HandlerThread:420339 [handler.py:handle_request():124] handle_request: defer
2021-09-18 23:32:19,764 INFO    HandlerThread:420339 [handler.py:handle_request_defer():141] handle defer: 3
2021-09-18 23:32:19,765 DEBUG   SenderThread:420339 [sender.py:send():179] send: summary
2021-09-18 23:32:19,765 INFO    SenderThread:420339 [sender.py:_save_file():841] saving file wandb-summary.json with policy end
2021-09-18 23:32:19,766 DEBUG   SenderThread:420339 [sender.py:send_request():193] send_request: defer
2021-09-18 23:32:19,766 INFO    SenderThread:420339 [sender.py:send_request_defer():304] handle sender defer: 3
2021-09-18 23:32:19,766 INFO    SenderThread:420339 [sender.py:transition_state():308] send defer: 4
2021-09-18 23:32:19,766 DEBUG   HandlerThread:420339 [handler.py:handle_request():124] handle_request: defer
2021-09-18 23:32:19,766 INFO    HandlerThread:420339 [handler.py:handle_request_defer():141] handle defer: 4
2021-09-18 23:32:19,766 DEBUG   SenderThread:420339 [sender.py:send_request():193] send_request: defer
2021-09-18 23:32:19,766 INFO    SenderThread:420339 [sender.py:send_request_defer():304] handle sender defer: 4
2021-09-18 23:32:19,778 INFO    Thread-8  :420339 [dir_watcher.py:_on_file_modified():229] file/dir modified: /grid/koo/home/toneyan/profile/QuantPred/wandb/run-20210918_233145-dzr8x14u/files/wandb-summary.json
2021-09-18 23:32:19,827 DEBUG   HandlerThread:420339 [handler.py:handle_request():124] handle_request: poll_exit
2021-09-18 23:32:19,842 INFO    SenderThread:420339 [sender.py:transition_state():308] send defer: 5
2021-09-18 23:32:19,842 DEBUG   SenderThread:420339 [sender.py:send_request():193] send_request: poll_exit
2021-09-18 23:32:19,842 DEBUG   HandlerThread:420339 [handler.py:handle_request():124] handle_request: defer
2021-09-18 23:32:19,842 INFO    HandlerThread:420339 [handler.py:handle_request_defer():141] handle defer: 5
2021-09-18 23:32:19,842 DEBUG   SenderThread:420339 [sender.py:send_request():193] send_request: defer
2021-09-18 23:32:19,842 INFO    SenderThread:420339 [sender.py:send_request_defer():304] handle sender defer: 5
2021-09-18 23:32:19,842 INFO    SenderThread:420339 [dir_watcher.py:finish():282] shutting down directory watcher
2021-09-18 23:32:19,943 DEBUG   HandlerThread:420339 [handler.py:handle_request():124] handle_request: poll_exit
2021-09-18 23:32:20,778 INFO    Thread-8  :420339 [dir_watcher.py:_on_file_modified():229] file/dir modified: /grid/koo/home/toneyan/profile/QuantPred/wandb/run-20210918_233145-dzr8x14u/files/config.yaml
2021-09-18 23:32:20,779 INFO    SenderThread:420339 [dir_watcher.py:finish():312] scan: /grid/koo/home/toneyan/profile/QuantPred/wandb/run-20210918_233145-dzr8x14u/files
2021-09-18 23:32:20,779 INFO    SenderThread:420339 [dir_watcher.py:finish():318] scan save: /grid/koo/home/toneyan/profile/QuantPred/wandb/run-20210918_233145-dzr8x14u/files/wandb-metadata.json wandb-metadata.json
2021-09-18 23:32:20,779 INFO    SenderThread:420339 [dir_watcher.py:finish():318] scan save: /grid/koo/home/toneyan/profile/QuantPred/wandb/run-20210918_233145-dzr8x14u/files/config.yaml config.yaml
2021-09-18 23:32:20,779 INFO    SenderThread:420339 [dir_watcher.py:finish():318] scan save: /grid/koo/home/toneyan/profile/QuantPred/wandb/run-20210918_233145-dzr8x14u/files/requirements.txt requirements.txt
2021-09-18 23:32:20,779 INFO    SenderThread:420339 [dir_watcher.py:finish():318] scan save: /grid/koo/home/toneyan/profile/QuantPred/wandb/run-20210918_233145-dzr8x14u/files/wandb-summary.json wandb-summary.json
2021-09-18 23:32:20,785 INFO    SenderThread:420339 [dir_watcher.py:finish():318] scan save: /grid/koo/home/toneyan/profile/QuantPred/wandb/run-20210918_233145-dzr8x14u/files/output.log output.log
2021-09-18 23:32:20,785 INFO    SenderThread:420339 [sender.py:transition_state():308] send defer: 6
2021-09-18 23:32:20,786 DEBUG   SenderThread:420339 [sender.py:send_request():193] send_request: poll_exit
2021-09-18 23:32:20,791 DEBUG   HandlerThread:420339 [handler.py:handle_request():124] handle_request: defer
2021-09-18 23:32:20,791 INFO    HandlerThread:420339 [handler.py:handle_request_defer():141] handle defer: 6
2021-09-18 23:32:20,791 DEBUG   SenderThread:420339 [sender.py:send_request():193] send_request: defer
2021-09-18 23:32:20,791 INFO    SenderThread:420339 [sender.py:send_request_defer():304] handle sender defer: 6
2021-09-18 23:32:20,791 INFO    SenderThread:420339 [file_pusher.py:finish():177] shutting down file pusher
2021-09-18 23:32:20,840 ERROR   Thread-13 :420339 [internal_api.py:execute():130] 429 response executing GraphQL.
2021-09-18 23:32:20,841 ERROR   Thread-13 :420339 [internal_api.py:execute():131] {"error":"rate limit exceeded"}

2021-09-18 23:32:20,842 ERROR   Thread-14 :420339 [internal_api.py:execute():130] 429 response executing GraphQL.
2021-09-18 23:32:20,842 ERROR   Thread-14 :420339 [internal_api.py:execute():131] {"error":"rate limit exceeded"}

2021-09-18 23:32:20,849 ERROR   Thread-12 :420339 [internal_api.py:execute():130] 429 response executing GraphQL.
2021-09-18 23:32:20,849 ERROR   Thread-12 :420339 [internal_api.py:execute():131] {"error":"rate limit exceeded"}

2021-09-18 23:32:20,892 DEBUG   HandlerThread:420339 [handler.py:handle_request():124] handle_request: poll_exit
2021-09-18 23:32:20,892 DEBUG   SenderThread:420339 [sender.py:send_request():193] send_request: poll_exit
2021-09-18 23:32:20,994 DEBUG   HandlerThread:420339 [handler.py:handle_request():124] handle_request: poll_exit
2021-09-18 23:32:20,994 DEBUG   SenderThread:420339 [sender.py:send_request():193] send_request: poll_exit
2021-09-18 23:32:21,095 DEBUG   HandlerThread:420339 [handler.py:handle_request():124] handle_request: poll_exit
2021-09-18 23:32:21,095 DEBUG   SenderThread:420339 [sender.py:send_request():193] send_request: poll_exit
2021-09-18 23:32:21,196 DEBUG   HandlerThread:420339 [handler.py:handle_request():124] handle_request: poll_exit
2021-09-18 23:32:21,196 DEBUG   SenderThread:420339 [sender.py:send_request():193] send_request: poll_exit
2021-09-18 23:32:21,297 DEBUG   HandlerThread:420339 [handler.py:handle_request():124] handle_request: poll_exit
2021-09-18 23:32:21,297 DEBUG   SenderThread:420339 [sender.py:send_request():193] send_request: poll_exit
2021-09-18 23:32:21,398 DEBUG   HandlerThread:420339 [handler.py:handle_request():124] handle_request: poll_exit
2021-09-18 23:32:21,399 DEBUG   SenderThread:420339 [sender.py:send_request():193] send_request: poll_exit
2021-09-18 23:32:21,500 DEBUG   HandlerThread:420339 [handler.py:handle_request():124] handle_request: poll_exit
2021-09-18 23:32:21,500 DEBUG   SenderThread:420339 [sender.py:send_request():193] send_request: poll_exit
2021-09-18 23:32:21,601 DEBUG   HandlerThread:420339 [handler.py:handle_request():124] handle_request: poll_exit
2021-09-18 23:32:21,601 DEBUG   SenderThread:420339 [sender.py:send_request():193] send_request: poll_exit
2021-09-18 23:32:21,702 DEBUG   HandlerThread:420339 [handler.py:handle_request():124] handle_request: poll_exit
2021-09-18 23:32:21,702 DEBUG   SenderThread:420339 [sender.py:send_request():193] send_request: poll_exit
2021-09-18 23:32:21,803 DEBUG   HandlerThread:420339 [handler.py:handle_request():124] handle_request: poll_exit
2021-09-18 23:32:21,803 DEBUG   SenderThread:420339 [sender.py:send_request():193] send_request: poll_exit
2021-09-18 23:32:21,904 DEBUG   HandlerThread:420339 [handler.py:handle_request():124] handle_request: poll_exit
2021-09-18 23:32:21,904 DEBUG   SenderThread:420339 [sender.py:send_request():193] send_request: poll_exit
2021-09-18 23:32:22,005 DEBUG   HandlerThread:420339 [handler.py:handle_request():124] handle_request: poll_exit
2021-09-18 23:32:22,006 DEBUG   SenderThread:420339 [sender.py:send_request():193] send_request: poll_exit
2021-09-18 23:32:22,017 ERROR   Thread-12 :420339 [internal_api.py:execute():130] 429 response executing GraphQL.
2021-09-18 23:32:22,017 ERROR   Thread-12 :420339 [internal_api.py:execute():131] {"error":"rate limit exceeded"}

2021-09-18 23:32:22,107 DEBUG   HandlerThread:420339 [handler.py:handle_request():124] handle_request: poll_exit
2021-09-18 23:32:22,107 DEBUG   SenderThread:420339 [sender.py:send_request():193] send_request: poll_exit
2021-09-18 23:32:22,124 ERROR   Thread-13 :420339 [internal_api.py:execute():130] 429 response executing GraphQL.
2021-09-18 23:32:22,124 ERROR   Thread-13 :420339 [internal_api.py:execute():131] {"error":"rate limit exceeded"}

2021-09-18 23:32:22,132 ERROR   Thread-14 :420339 [internal_api.py:execute():130] 429 response executing GraphQL.
2021-09-18 23:32:22,132 ERROR   Thread-14 :420339 [internal_api.py:execute():131] {"error":"rate limit exceeded"}

2021-09-18 23:32:22,208 DEBUG   HandlerThread:420339 [handler.py:handle_request():124] handle_request: poll_exit
2021-09-18 23:32:22,208 DEBUG   SenderThread:420339 [sender.py:send_request():193] send_request: poll_exit
2021-09-18 23:32:22,309 DEBUG   HandlerThread:420339 [handler.py:handle_request():124] handle_request: poll_exit
2021-09-18 23:32:22,309 DEBUG   SenderThread:420339 [sender.py:send_request():193] send_request: poll_exit
2021-09-18 23:32:22,410 DEBUG   HandlerThread:420339 [handler.py:handle_request():124] handle_request: poll_exit
2021-09-18 23:32:22,410 DEBUG   SenderThread:420339 [sender.py:send_request():193] send_request: poll_exit
2021-09-18 23:32:22,511 DEBUG   HandlerThread:420339 [handler.py:handle_request():124] handle_request: poll_exit
2021-09-18 23:32:22,512 DEBUG   SenderThread:420339 [sender.py:send_request():193] send_request: poll_exit
2021-09-18 23:32:22,613 DEBUG   HandlerThread:420339 [handler.py:handle_request():124] handle_request: poll_exit
2021-09-18 23:32:22,613 DEBUG   SenderThread:420339 [sender.py:send_request():193] send_request: poll_exit
2021-09-18 23:32:22,714 DEBUG   HandlerThread:420339 [handler.py:handle_request():124] handle_request: poll_exit
2021-09-18 23:32:22,714 DEBUG   SenderThread:420339 [sender.py:send_request():193] send_request: poll_exit
2021-09-18 23:32:22,815 DEBUG   HandlerThread:420339 [handler.py:handle_request():124] handle_request: poll_exit
2021-09-18 23:32:22,815 DEBUG   SenderThread:420339 [sender.py:send_request():193] send_request: poll_exit
2021-09-18 23:32:22,916 DEBUG   HandlerThread:420339 [handler.py:handle_request():124] handle_request: poll_exit
2021-09-18 23:32:22,916 DEBUG   SenderThread:420339 [sender.py:send_request():193] send_request: poll_exit
2021-09-18 23:32:23,017 DEBUG   HandlerThread:420339 [handler.py:handle_request():124] handle_request: poll_exit
2021-09-18 23:32:23,017 DEBUG   SenderThread:420339 [sender.py:send_request():193] send_request: poll_exit
2021-09-18 23:32:23,118 DEBUG   HandlerThread:420339 [handler.py:handle_request():124] handle_request: poll_exit
2021-09-18 23:32:23,119 DEBUG   SenderThread:420339 [sender.py:send_request():193] send_request: poll_exit
2021-09-18 23:32:23,220 DEBUG   HandlerThread:420339 [handler.py:handle_request():124] handle_request: poll_exit
2021-09-18 23:32:23,220 DEBUG   SenderThread:420339 [sender.py:send_request():193] send_request: poll_exit
2021-09-18 23:32:23,321 DEBUG   HandlerThread:420339 [handler.py:handle_request():124] handle_request: poll_exit
2021-09-18 23:32:23,321 DEBUG   SenderThread:420339 [sender.py:send_request():193] send_request: poll_exit
2021-09-18 23:32:23,422 DEBUG   HandlerThread:420339 [handler.py:handle_request():124] handle_request: poll_exit
2021-09-18 23:32:23,422 DEBUG   SenderThread:420339 [sender.py:send_request():193] send_request: poll_exit
2021-09-18 23:32:23,523 DEBUG   HandlerThread:420339 [handler.py:handle_request():124] handle_request: poll_exit
2021-09-18 23:32:23,523 DEBUG   SenderThread:420339 [sender.py:send_request():193] send_request: poll_exit
2021-09-18 23:32:23,627 DEBUG   HandlerThread:420339 [handler.py:handle_request():124] handle_request: poll_exit
2021-09-18 23:32:23,627 DEBUG   SenderThread:420339 [sender.py:send_request():193] send_request: poll_exit
2021-09-18 23:32:23,732 DEBUG   HandlerThread:420339 [handler.py:handle_request():124] handle_request: poll_exit
2021-09-18 23:32:23,733 DEBUG   SenderThread:420339 [sender.py:send_request():193] send_request: poll_exit
2021-09-18 23:32:23,834 DEBUG   HandlerThread:420339 [handler.py:handle_request():124] handle_request: poll_exit
2021-09-18 23:32:23,834 DEBUG   SenderThread:420339 [sender.py:send_request():193] send_request: poll_exit
2021-09-18 23:32:23,935 DEBUG   HandlerThread:420339 [handler.py:handle_request():124] handle_request: poll_exit
2021-09-18 23:32:23,935 DEBUG   SenderThread:420339 [sender.py:send_request():193] send_request: poll_exit
2021-09-18 23:32:24,040 DEBUG   HandlerThread:420339 [handler.py:handle_request():124] handle_request: poll_exit
2021-09-18 23:32:24,041 DEBUG   SenderThread:420339 [sender.py:send_request():193] send_request: poll_exit
2021-09-18 23:32:24,146 DEBUG   HandlerThread:420339 [handler.py:handle_request():124] handle_request: poll_exit
2021-09-18 23:32:24,146 DEBUG   SenderThread:420339 [sender.py:send_request():193] send_request: poll_exit
2021-09-18 23:32:24,252 DEBUG   HandlerThread:420339 [handler.py:handle_request():124] handle_request: poll_exit
2021-09-18 23:32:24,252 DEBUG   SenderThread:420339 [sender.py:send_request():193] send_request: poll_exit
2021-09-18 23:32:24,356 DEBUG   HandlerThread:420339 [handler.py:handle_request():124] handle_request: poll_exit
2021-09-18 23:32:24,356 DEBUG   SenderThread:420339 [sender.py:send_request():193] send_request: poll_exit
2021-09-18 23:32:24,430 ERROR   Thread-12 :420339 [internal_api.py:execute():130] 429 response executing GraphQL.
2021-09-18 23:32:24,439 ERROR   Thread-12 :420339 [internal_api.py:execute():131] {"error":"rate limit exceeded"}

2021-09-18 23:32:24,462 DEBUG   HandlerThread:420339 [handler.py:handle_request():124] handle_request: poll_exit
2021-09-18 23:32:24,462 DEBUG   SenderThread:420339 [sender.py:send_request():193] send_request: poll_exit
2021-09-18 23:32:24,488 ERROR   Thread-13 :420339 [internal_api.py:execute():130] 429 response executing GraphQL.
2021-09-18 23:32:24,488 ERROR   Thread-13 :420339 [internal_api.py:execute():131] {"error":"rate limit exceeded"}

2021-09-18 23:32:24,563 DEBUG   HandlerThread:420339 [handler.py:handle_request():124] handle_request: poll_exit
2021-09-18 23:32:24,563 DEBUG   SenderThread:420339 [sender.py:send_request():193] send_request: poll_exit
2021-09-18 23:32:24,610 ERROR   Thread-14 :420339 [internal_api.py:execute():130] 429 response executing GraphQL.
2021-09-18 23:32:24,610 ERROR   Thread-14 :420339 [internal_api.py:execute():131] {"error":"rate limit exceeded"}

2021-09-18 23:32:24,664 DEBUG   HandlerThread:420339 [handler.py:handle_request():124] handle_request: poll_exit
2021-09-18 23:32:24,665 DEBUG   SenderThread:420339 [sender.py:send_request():193] send_request: poll_exit
2021-09-18 23:32:24,766 DEBUG   HandlerThread:420339 [handler.py:handle_request():124] handle_request: poll_exit
2021-09-18 23:32:24,766 DEBUG   SenderThread:420339 [sender.py:send_request():193] send_request: poll_exit
2021-09-18 23:32:24,867 DEBUG   HandlerThread:420339 [handler.py:handle_request():124] handle_request: poll_exit
2021-09-18 23:32:24,867 DEBUG   SenderThread:420339 [sender.py:send_request():193] send_request: poll_exit
2021-09-18 23:32:24,968 DEBUG   HandlerThread:420339 [handler.py:handle_request():124] handle_request: poll_exit
2021-09-18 23:32:24,968 DEBUG   SenderThread:420339 [sender.py:send_request():193] send_request: poll_exit
2021-09-18 23:32:25,069 DEBUG   HandlerThread:420339 [handler.py:handle_request():124] handle_request: poll_exit
2021-09-18 23:32:25,069 DEBUG   SenderThread:420339 [sender.py:send_request():193] send_request: poll_exit
2021-09-18 23:32:25,171 DEBUG   HandlerThread:420339 [handler.py:handle_request():124] handle_request: poll_exit
2021-09-18 23:32:25,171 DEBUG   SenderThread:420339 [sender.py:send_request():193] send_request: poll_exit
2021-09-18 23:32:25,275 DEBUG   HandlerThread:420339 [handler.py:handle_request():124] handle_request: poll_exit
2021-09-18 23:32:25,276 DEBUG   SenderThread:420339 [sender.py:send_request():193] send_request: poll_exit
2021-09-18 23:32:25,377 DEBUG   HandlerThread:420339 [handler.py:handle_request():124] handle_request: poll_exit
2021-09-18 23:32:25,377 DEBUG   SenderThread:420339 [sender.py:send_request():193] send_request: poll_exit
2021-09-18 23:32:25,478 DEBUG   HandlerThread:420339 [handler.py:handle_request():124] handle_request: poll_exit
2021-09-18 23:32:25,478 DEBUG   SenderThread:420339 [sender.py:send_request():193] send_request: poll_exit
2021-09-18 23:32:25,579 DEBUG   HandlerThread:420339 [handler.py:handle_request():124] handle_request: poll_exit
2021-09-18 23:32:25,579 DEBUG   SenderThread:420339 [sender.py:send_request():193] send_request: poll_exit
2021-09-18 23:32:25,680 DEBUG   HandlerThread:420339 [handler.py:handle_request():124] handle_request: poll_exit
2021-09-18 23:32:25,680 DEBUG   SenderThread:420339 [sender.py:send_request():193] send_request: poll_exit
2021-09-18 23:32:25,781 DEBUG   HandlerThread:420339 [handler.py:handle_request():124] handle_request: poll_exit
2021-09-18 23:32:25,782 DEBUG   SenderThread:420339 [sender.py:send_request():193] send_request: poll_exit
2021-09-18 23:32:25,883 DEBUG   HandlerThread:420339 [handler.py:handle_request():124] handle_request: poll_exit
2021-09-18 23:32:25,883 DEBUG   SenderThread:420339 [sender.py:send_request():193] send_request: poll_exit
2021-09-18 23:32:25,984 DEBUG   HandlerThread:420339 [handler.py:handle_request():124] handle_request: poll_exit
2021-09-18 23:32:25,984 DEBUG   SenderThread:420339 [sender.py:send_request():193] send_request: poll_exit
2021-09-18 23:32:26,085 DEBUG   HandlerThread:420339 [handler.py:handle_request():124] handle_request: poll_exit
2021-09-18 23:32:26,085 DEBUG   SenderThread:420339 [sender.py:send_request():193] send_request: poll_exit
2021-09-18 23:32:26,186 DEBUG   HandlerThread:420339 [handler.py:handle_request():124] handle_request: poll_exit
2021-09-18 23:32:26,186 DEBUG   SenderThread:420339 [sender.py:send_request():193] send_request: poll_exit
2021-09-18 23:32:26,287 DEBUG   HandlerThread:420339 [handler.py:handle_request():124] handle_request: poll_exit
2021-09-18 23:32:26,287 DEBUG   SenderThread:420339 [sender.py:send_request():193] send_request: poll_exit
2021-09-18 23:32:26,388 DEBUG   HandlerThread:420339 [handler.py:handle_request():124] handle_request: poll_exit
2021-09-18 23:32:26,389 DEBUG   SenderThread:420339 [sender.py:send_request():193] send_request: poll_exit
2021-09-18 23:32:26,490 DEBUG   HandlerThread:420339 [handler.py:handle_request():124] handle_request: poll_exit
2021-09-18 23:32:26,490 DEBUG   SenderThread:420339 [sender.py:send_request():193] send_request: poll_exit
2021-09-18 23:32:26,591 DEBUG   HandlerThread:420339 [handler.py:handle_request():124] handle_request: poll_exit
2021-09-18 23:32:26,591 DEBUG   SenderThread:420339 [sender.py:send_request():193] send_request: poll_exit
2021-09-18 23:32:26,692 DEBUG   HandlerThread:420339 [handler.py:handle_request():124] handle_request: poll_exit
2021-09-18 23:32:26,692 DEBUG   SenderThread:420339 [sender.py:send_request():193] send_request: poll_exit
2021-09-18 23:32:26,793 DEBUG   HandlerThread:420339 [handler.py:handle_request():124] handle_request: poll_exit
2021-09-18 23:32:26,793 DEBUG   SenderThread:420339 [sender.py:send_request():193] send_request: poll_exit
2021-09-18 23:32:26,894 DEBUG   HandlerThread:420339 [handler.py:handle_request():124] handle_request: poll_exit
2021-09-18 23:32:26,894 DEBUG   SenderThread:420339 [sender.py:send_request():193] send_request: poll_exit
2021-09-18 23:32:27,018 DEBUG   HandlerThread:420339 [handler.py:handle_request():124] handle_request: poll_exit
2021-09-18 23:32:27,019 DEBUG   SenderThread:420339 [sender.py:send_request():193] send_request: poll_exit
2021-09-18 23:32:27,120 DEBUG   HandlerThread:420339 [handler.py:handle_request():124] handle_request: poll_exit
2021-09-18 23:32:27,120 DEBUG   SenderThread:420339 [sender.py:send_request():193] send_request: poll_exit
2021-09-18 23:32:27,221 DEBUG   HandlerThread:420339 [handler.py:handle_request():124] handle_request: poll_exit
2021-09-18 23:32:27,221 DEBUG   SenderThread:420339 [sender.py:send_request():193] send_request: poll_exit
2021-09-18 23:32:27,322 DEBUG   HandlerThread:420339 [handler.py:handle_request():124] handle_request: poll_exit
2021-09-18 23:32:27,322 DEBUG   SenderThread:420339 [sender.py:send_request():193] send_request: poll_exit
2021-09-18 23:32:27,423 DEBUG   HandlerThread:420339 [handler.py:handle_request():124] handle_request: poll_exit
2021-09-18 23:32:27,424 DEBUG   SenderThread:420339 [sender.py:send_request():193] send_request: poll_exit
2021-09-18 23:32:27,525 DEBUG   HandlerThread:420339 [handler.py:handle_request():124] handle_request: poll_exit
2021-09-18 23:32:27,525 DEBUG   SenderThread:420339 [sender.py:send_request():193] send_request: poll_exit
2021-09-18 23:32:27,627 DEBUG   HandlerThread:420339 [handler.py:handle_request():124] handle_request: poll_exit
2021-09-18 23:32:27,627 DEBUG   SenderThread:420339 [sender.py:send_request():193] send_request: poll_exit
2021-09-18 23:32:27,728 DEBUG   HandlerThread:420339 [handler.py:handle_request():124] handle_request: poll_exit
2021-09-18 23:32:27,728 DEBUG   SenderThread:420339 [sender.py:send_request():193] send_request: poll_exit
2021-09-18 23:32:27,829 DEBUG   HandlerThread:420339 [handler.py:handle_request():124] handle_request: poll_exit
2021-09-18 23:32:27,829 DEBUG   SenderThread:420339 [sender.py:send_request():193] send_request: poll_exit
2021-09-18 23:32:27,930 DEBUG   HandlerThread:420339 [handler.py:handle_request():124] handle_request: poll_exit
2021-09-18 23:32:27,930 DEBUG   SenderThread:420339 [sender.py:send_request():193] send_request: poll_exit
2021-09-18 23:32:28,031 DEBUG   HandlerThread:420339 [handler.py:handle_request():124] handle_request: poll_exit
2021-09-18 23:32:28,032 DEBUG   SenderThread:420339 [sender.py:send_request():193] send_request: poll_exit
2021-09-18 23:32:28,133 DEBUG   HandlerThread:420339 [handler.py:handle_request():124] handle_request: poll_exit
2021-09-18 23:32:28,133 DEBUG   SenderThread:420339 [sender.py:send_request():193] send_request: poll_exit
2021-09-18 23:32:28,234 DEBUG   HandlerThread:420339 [handler.py:handle_request():124] handle_request: poll_exit
2021-09-18 23:32:28,234 DEBUG   SenderThread:420339 [sender.py:send_request():193] send_request: poll_exit
2021-09-18 23:32:28,335 DEBUG   HandlerThread:420339 [handler.py:handle_request():124] handle_request: poll_exit
2021-09-18 23:32:28,335 DEBUG   SenderThread:420339 [sender.py:send_request():193] send_request: poll_exit
2021-09-18 23:32:28,436 DEBUG   HandlerThread:420339 [handler.py:handle_request():124] handle_request: poll_exit
2021-09-18 23:32:28,436 DEBUG   SenderThread:420339 [sender.py:send_request():193] send_request: poll_exit
2021-09-18 23:32:28,537 DEBUG   HandlerThread:420339 [handler.py:handle_request():124] handle_request: poll_exit
2021-09-18 23:32:28,538 DEBUG   SenderThread:420339 [sender.py:send_request():193] send_request: poll_exit
2021-09-18 23:32:28,639 DEBUG   HandlerThread:420339 [handler.py:handle_request():124] handle_request: poll_exit
2021-09-18 23:32:28,639 DEBUG   SenderThread:420339 [sender.py:send_request():193] send_request: poll_exit
2021-09-18 23:32:28,678 ERROR   Thread-14 :420339 [internal_api.py:execute():130] 429 response executing GraphQL.
2021-09-18 23:32:28,678 ERROR   Thread-14 :420339 [internal_api.py:execute():131] {"error":"rate limit exceeded"}

2021-09-18 23:32:28,740 DEBUG   HandlerThread:420339 [handler.py:handle_request():124] handle_request: poll_exit
2021-09-18 23:32:28,740 DEBUG   SenderThread:420339 [sender.py:send_request():193] send_request: poll_exit
2021-09-18 23:32:28,759 ERROR   Thread-13 :420339 [internal_api.py:execute():130] 429 response executing GraphQL.
2021-09-18 23:32:28,759 ERROR   Thread-13 :420339 [internal_api.py:execute():131] {"error":"rate limit exceeded"}

2021-09-18 23:32:28,784 ERROR   Thread-12 :420339 [internal_api.py:execute():130] 429 response executing GraphQL.
2021-09-18 23:32:28,784 ERROR   Thread-12 :420339 [internal_api.py:execute():131] {"error":"rate limit exceeded"}

2021-09-18 23:32:28,841 DEBUG   HandlerThread:420339 [handler.py:handle_request():124] handle_request: poll_exit
2021-09-18 23:32:28,842 DEBUG   SenderThread:420339 [sender.py:send_request():193] send_request: poll_exit
2021-09-18 23:32:28,943 DEBUG   HandlerThread:420339 [handler.py:handle_request():124] handle_request: poll_exit
2021-09-18 23:32:28,943 DEBUG   SenderThread:420339 [sender.py:send_request():193] send_request: poll_exit
2021-09-18 23:32:29,044 DEBUG   HandlerThread:420339 [handler.py:handle_request():124] handle_request: poll_exit
2021-09-18 23:32:29,044 DEBUG   SenderThread:420339 [sender.py:send_request():193] send_request: poll_exit
2021-09-18 23:32:29,145 DEBUG   HandlerThread:420339 [handler.py:handle_request():124] handle_request: poll_exit
2021-09-18 23:32:29,145 DEBUG   SenderThread:420339 [sender.py:send_request():193] send_request: poll_exit
2021-09-18 23:32:29,247 DEBUG   HandlerThread:420339 [handler.py:handle_request():124] handle_request: poll_exit
2021-09-18 23:32:29,247 DEBUG   SenderThread:420339 [sender.py:send_request():193] send_request: poll_exit
2021-09-18 23:32:29,348 DEBUG   HandlerThread:420339 [handler.py:handle_request():124] handle_request: poll_exit
2021-09-18 23:32:29,348 DEBUG   SenderThread:420339 [sender.py:send_request():193] send_request: poll_exit
2021-09-18 23:32:29,449 DEBUG   HandlerThread:420339 [handler.py:handle_request():124] handle_request: poll_exit
2021-09-18 23:32:29,449 DEBUG   SenderThread:420339 [sender.py:send_request():193] send_request: poll_exit
2021-09-18 23:32:29,550 DEBUG   HandlerThread:420339 [handler.py:handle_request():124] handle_request: poll_exit
2021-09-18 23:32:29,550 DEBUG   SenderThread:420339 [sender.py:send_request():193] send_request: poll_exit
2021-09-18 23:32:29,652 DEBUG   HandlerThread:420339 [handler.py:handle_request():124] handle_request: poll_exit
2021-09-18 23:32:29,652 DEBUG   SenderThread:420339 [sender.py:send_request():193] send_request: poll_exit
2021-09-18 23:32:29,753 DEBUG   HandlerThread:420339 [handler.py:handle_request():124] handle_request: poll_exit
2021-09-18 23:32:29,753 DEBUG   SenderThread:420339 [sender.py:send_request():193] send_request: poll_exit
2021-09-18 23:32:29,854 DEBUG   HandlerThread:420339 [handler.py:handle_request():124] handle_request: poll_exit
2021-09-18 23:32:29,854 DEBUG   SenderThread:420339 [sender.py:send_request():193] send_request: poll_exit
2021-09-18 23:32:29,955 DEBUG   HandlerThread:420339 [handler.py:handle_request():124] handle_request: poll_exit
2021-09-18 23:32:29,956 DEBUG   SenderThread:420339 [sender.py:send_request():193] send_request: poll_exit
2021-09-18 23:32:30,057 DEBUG   HandlerThread:420339 [handler.py:handle_request():124] handle_request: poll_exit
2021-09-18 23:32:30,057 DEBUG   SenderThread:420339 [sender.py:send_request():193] send_request: poll_exit
2021-09-18 23:32:30,158 DEBUG   HandlerThread:420339 [handler.py:handle_request():124] handle_request: poll_exit
2021-09-18 23:32:30,158 DEBUG   SenderThread:420339 [sender.py:send_request():193] send_request: poll_exit
2021-09-18 23:32:30,259 DEBUG   HandlerThread:420339 [handler.py:handle_request():124] handle_request: poll_exit
2021-09-18 23:32:30,259 DEBUG   SenderThread:420339 [sender.py:send_request():193] send_request: poll_exit
2021-09-18 23:32:30,360 DEBUG   HandlerThread:420339 [handler.py:handle_request():124] handle_request: poll_exit
2021-09-18 23:32:30,361 DEBUG   SenderThread:420339 [sender.py:send_request():193] send_request: poll_exit
2021-09-18 23:32:30,462 DEBUG   HandlerThread:420339 [handler.py:handle_request():124] handle_request: poll_exit
2021-09-18 23:32:30,462 DEBUG   SenderThread:420339 [sender.py:send_request():193] send_request: poll_exit
2021-09-18 23:32:30,563 DEBUG   HandlerThread:420339 [handler.py:handle_request():124] handle_request: poll_exit
2021-09-18 23:32:30,563 DEBUG   SenderThread:420339 [sender.py:send_request():193] send_request: poll_exit
2021-09-18 23:32:30,664 DEBUG   HandlerThread:420339 [handler.py:handle_request():124] handle_request: poll_exit
2021-09-18 23:32:30,664 DEBUG   SenderThread:420339 [sender.py:send_request():193] send_request: poll_exit
2021-09-18 23:32:30,766 DEBUG   HandlerThread:420339 [handler.py:handle_request():124] handle_request: poll_exit
2021-09-18 23:32:30,766 DEBUG   SenderThread:420339 [sender.py:send_request():193] send_request: poll_exit
2021-09-18 23:32:30,867 DEBUG   HandlerThread:420339 [handler.py:handle_request():124] handle_request: poll_exit
2021-09-18 23:32:30,867 DEBUG   SenderThread:420339 [sender.py:send_request():193] send_request: poll_exit
2021-09-18 23:32:30,968 DEBUG   HandlerThread:420339 [handler.py:handle_request():124] handle_request: poll_exit
2021-09-18 23:32:30,968 DEBUG   SenderThread:420339 [sender.py:send_request():193] send_request: poll_exit
2021-09-18 23:32:31,069 DEBUG   HandlerThread:420339 [handler.py:handle_request():124] handle_request: poll_exit
2021-09-18 23:32:31,069 DEBUG   SenderThread:420339 [sender.py:send_request():193] send_request: poll_exit
2021-09-18 23:32:31,171 DEBUG   HandlerThread:420339 [handler.py:handle_request():124] handle_request: poll_exit
2021-09-18 23:32:31,171 DEBUG   SenderThread:420339 [sender.py:send_request():193] send_request: poll_exit
2021-09-18 23:32:31,272 DEBUG   HandlerThread:420339 [handler.py:handle_request():124] handle_request: poll_exit
2021-09-18 23:32:31,272 DEBUG   SenderThread:420339 [sender.py:send_request():193] send_request: poll_exit
2021-09-18 23:32:31,373 DEBUG   HandlerThread:420339 [handler.py:handle_request():124] handle_request: poll_exit
2021-09-18 23:32:31,374 DEBUG   SenderThread:420339 [sender.py:send_request():193] send_request: poll_exit
2021-09-18 23:32:31,475 DEBUG   HandlerThread:420339 [handler.py:handle_request():124] handle_request: poll_exit
2021-09-18 23:32:31,475 DEBUG   SenderThread:420339 [sender.py:send_request():193] send_request: poll_exit
2021-09-18 23:32:31,576 DEBUG   HandlerThread:420339 [handler.py:handle_request():124] handle_request: poll_exit
2021-09-18 23:32:31,576 DEBUG   SenderThread:420339 [sender.py:send_request():193] send_request: poll_exit
2021-09-18 23:32:31,677 DEBUG   HandlerThread:420339 [handler.py:handle_request():124] handle_request: poll_exit
2021-09-18 23:32:31,678 DEBUG   SenderThread:420339 [sender.py:send_request():193] send_request: poll_exit
2021-09-18 23:32:31,779 DEBUG   HandlerThread:420339 [handler.py:handle_request():124] handle_request: poll_exit
2021-09-18 23:32:31,779 DEBUG   SenderThread:420339 [sender.py:send_request():193] send_request: poll_exit
2021-09-18 23:32:31,880 DEBUG   HandlerThread:420339 [handler.py:handle_request():124] handle_request: poll_exit
2021-09-18 23:32:31,880 DEBUG   SenderThread:420339 [sender.py:send_request():193] send_request: poll_exit
2021-09-18 23:32:31,981 DEBUG   HandlerThread:420339 [handler.py:handle_request():124] handle_request: poll_exit
2021-09-18 23:32:31,981 DEBUG   SenderThread:420339 [sender.py:send_request():193] send_request: poll_exit
2021-09-18 23:32:32,082 DEBUG   HandlerThread:420339 [handler.py:handle_request():124] handle_request: poll_exit
2021-09-18 23:32:32,083 DEBUG   SenderThread:420339 [sender.py:send_request():193] send_request: poll_exit
2021-09-18 23:32:32,184 DEBUG   HandlerThread:420339 [handler.py:handle_request():124] handle_request: poll_exit
2021-09-18 23:32:32,184 DEBUG   SenderThread:420339 [sender.py:send_request():193] send_request: poll_exit
2021-09-18 23:32:32,285 DEBUG   HandlerThread:420339 [handler.py:handle_request():124] handle_request: poll_exit
2021-09-18 23:32:32,285 DEBUG   SenderThread:420339 [sender.py:send_request():193] send_request: poll_exit
2021-09-18 23:32:32,386 DEBUG   HandlerThread:420339 [handler.py:handle_request():124] handle_request: poll_exit
2021-09-18 23:32:32,386 DEBUG   SenderThread:420339 [sender.py:send_request():193] send_request: poll_exit
2021-09-18 23:32:32,487 DEBUG   HandlerThread:420339 [handler.py:handle_request():124] handle_request: poll_exit
2021-09-18 23:32:32,487 DEBUG   SenderThread:420339 [sender.py:send_request():193] send_request: poll_exit
2021-09-18 23:32:32,589 DEBUG   HandlerThread:420339 [handler.py:handle_request():124] handle_request: poll_exit
2021-09-18 23:32:32,589 DEBUG   SenderThread:420339 [sender.py:send_request():193] send_request: poll_exit
2021-09-18 23:32:32,690 DEBUG   HandlerThread:420339 [handler.py:handle_request():124] handle_request: poll_exit
2021-09-18 23:32:32,690 DEBUG   SenderThread:420339 [sender.py:send_request():193] send_request: poll_exit
2021-09-18 23:32:32,791 DEBUG   HandlerThread:420339 [handler.py:handle_request():124] handle_request: poll_exit
2021-09-18 23:32:32,791 DEBUG   SenderThread:420339 [sender.py:send_request():193] send_request: poll_exit
2021-09-18 23:32:32,892 DEBUG   HandlerThread:420339 [handler.py:handle_request():124] handle_request: poll_exit
2021-09-18 23:32:32,892 DEBUG   SenderThread:420339 [sender.py:send_request():193] send_request: poll_exit
2021-09-18 23:32:32,993 DEBUG   HandlerThread:420339 [handler.py:handle_request():124] handle_request: poll_exit
2021-09-18 23:32:32,994 DEBUG   SenderThread:420339 [sender.py:send_request():193] send_request: poll_exit
2021-09-18 23:32:33,095 DEBUG   HandlerThread:420339 [handler.py:handle_request():124] handle_request: poll_exit
2021-09-18 23:32:33,095 DEBUG   SenderThread:420339 [sender.py:send_request():193] send_request: poll_exit
2021-09-18 23:32:33,196 DEBUG   HandlerThread:420339 [handler.py:handle_request():124] handle_request: poll_exit
2021-09-18 23:32:33,196 DEBUG   SenderThread:420339 [sender.py:send_request():193] send_request: poll_exit
2021-09-18 23:32:33,297 DEBUG   HandlerThread:420339 [handler.py:handle_request():124] handle_request: poll_exit
2021-09-18 23:32:33,297 DEBUG   SenderThread:420339 [sender.py:send_request():193] send_request: poll_exit
2021-09-18 23:32:33,398 DEBUG   HandlerThread:420339 [handler.py:handle_request():124] handle_request: poll_exit
2021-09-18 23:32:33,398 DEBUG   SenderThread:420339 [sender.py:send_request():193] send_request: poll_exit
2021-09-18 23:32:33,499 DEBUG   HandlerThread:420339 [handler.py:handle_request():124] handle_request: poll_exit
2021-09-18 23:32:33,500 DEBUG   SenderThread:420339 [sender.py:send_request():193] send_request: poll_exit
2021-09-18 23:32:33,601 DEBUG   HandlerThread:420339 [handler.py:handle_request():124] handle_request: poll_exit
2021-09-18 23:32:33,601 DEBUG   SenderThread:420339 [sender.py:send_request():193] send_request: poll_exit
2021-09-18 23:32:33,702 DEBUG   HandlerThread:420339 [handler.py:handle_request():124] handle_request: poll_exit
2021-09-18 23:32:33,702 DEBUG   SenderThread:420339 [sender.py:send_request():193] send_request: poll_exit
2021-09-18 23:32:33,803 DEBUG   HandlerThread:420339 [handler.py:handle_request():124] handle_request: poll_exit
2021-09-18 23:32:33,803 DEBUG   SenderThread:420339 [sender.py:send_request():193] send_request: poll_exit
2021-09-18 23:32:33,905 DEBUG   HandlerThread:420339 [handler.py:handle_request():124] handle_request: poll_exit
2021-09-18 23:32:33,905 DEBUG   SenderThread:420339 [sender.py:send_request():193] send_request: poll_exit
2021-09-18 23:32:34,006 DEBUG   HandlerThread:420339 [handler.py:handle_request():124] handle_request: poll_exit
2021-09-18 23:32:34,006 DEBUG   SenderThread:420339 [sender.py:send_request():193] send_request: poll_exit
2021-09-18 23:32:34,107 DEBUG   HandlerThread:420339 [handler.py:handle_request():124] handle_request: poll_exit
2021-09-18 23:32:34,107 DEBUG   SenderThread:420339 [sender.py:send_request():193] send_request: poll_exit
2021-09-18 23:32:34,208 DEBUG   HandlerThread:420339 [handler.py:handle_request():124] handle_request: poll_exit
2021-09-18 23:32:34,209 DEBUG   SenderThread:420339 [sender.py:send_request():193] send_request: poll_exit
2021-09-18 23:32:34,310 DEBUG   HandlerThread:420339 [handler.py:handle_request():124] handle_request: poll_exit
2021-09-18 23:32:34,310 DEBUG   SenderThread:420339 [sender.py:send_request():193] send_request: poll_exit
2021-09-18 23:32:34,411 DEBUG   HandlerThread:420339 [handler.py:handle_request():124] handle_request: poll_exit
2021-09-18 23:32:34,411 DEBUG   SenderThread:420339 [sender.py:send_request():193] send_request: poll_exit
2021-09-18 23:32:34,512 DEBUG   HandlerThread:420339 [handler.py:handle_request():124] handle_request: poll_exit
2021-09-18 23:32:34,513 DEBUG   SenderThread:420339 [sender.py:send_request():193] send_request: poll_exit
2021-09-18 23:32:34,614 DEBUG   HandlerThread:420339 [handler.py:handle_request():124] handle_request: poll_exit
2021-09-18 23:32:34,614 DEBUG   SenderThread:420339 [sender.py:send_request():193] send_request: poll_exit
2021-09-18 23:32:34,715 DEBUG   HandlerThread:420339 [handler.py:handle_request():124] handle_request: poll_exit
2021-09-18 23:32:34,716 DEBUG   SenderThread:420339 [sender.py:send_request():193] send_request: poll_exit
2021-09-18 23:32:34,817 DEBUG   HandlerThread:420339 [handler.py:handle_request():124] handle_request: poll_exit
2021-09-18 23:32:34,817 DEBUG   SenderThread:420339 [sender.py:send_request():193] send_request: poll_exit
2021-09-18 23:32:34,918 DEBUG   HandlerThread:420339 [handler.py:handle_request():124] handle_request: poll_exit
2021-09-18 23:32:34,919 DEBUG   SenderThread:420339 [sender.py:send_request():193] send_request: poll_exit
2021-09-18 23:32:35,020 DEBUG   HandlerThread:420339 [handler.py:handle_request():124] handle_request: poll_exit
2021-09-18 23:32:35,020 DEBUG   SenderThread:420339 [sender.py:send_request():193] send_request: poll_exit
2021-09-18 23:32:35,121 DEBUG   HandlerThread:420339 [handler.py:handle_request():124] handle_request: poll_exit
2021-09-18 23:32:35,121 DEBUG   SenderThread:420339 [sender.py:send_request():193] send_request: poll_exit
2021-09-18 23:32:35,222 DEBUG   HandlerThread:420339 [handler.py:handle_request():124] handle_request: poll_exit
2021-09-18 23:32:35,222 DEBUG   SenderThread:420339 [sender.py:send_request():193] send_request: poll_exit
2021-09-18 23:32:35,324 DEBUG   HandlerThread:420339 [handler.py:handle_request():124] handle_request: poll_exit
2021-09-18 23:32:35,324 DEBUG   SenderThread:420339 [sender.py:send_request():193] send_request: poll_exit
2021-09-18 23:32:35,426 DEBUG   HandlerThread:420339 [handler.py:handle_request():124] handle_request: poll_exit
2021-09-18 23:32:35,426 DEBUG   SenderThread:420339 [sender.py:send_request():193] send_request: poll_exit
2021-09-18 23:32:35,527 DEBUG   HandlerThread:420339 [handler.py:handle_request():124] handle_request: poll_exit
2021-09-18 23:32:35,528 DEBUG   SenderThread:420339 [sender.py:send_request():193] send_request: poll_exit
2021-09-18 23:32:35,629 DEBUG   HandlerThread:420339 [handler.py:handle_request():124] handle_request: poll_exit
2021-09-18 23:32:35,629 DEBUG   SenderThread:420339 [sender.py:send_request():193] send_request: poll_exit
2021-09-18 23:32:35,730 DEBUG   HandlerThread:420339 [handler.py:handle_request():124] handle_request: poll_exit
2021-09-18 23:32:35,730 DEBUG   SenderThread:420339 [sender.py:send_request():193] send_request: poll_exit
2021-09-18 23:32:35,831 DEBUG   HandlerThread:420339 [handler.py:handle_request():124] handle_request: poll_exit
2021-09-18 23:32:35,831 DEBUG   SenderThread:420339 [sender.py:send_request():193] send_request: poll_exit
2021-09-18 23:32:35,932 DEBUG   HandlerThread:420339 [handler.py:handle_request():124] handle_request: poll_exit
2021-09-18 23:32:35,933 DEBUG   SenderThread:420339 [sender.py:send_request():193] send_request: poll_exit
2021-09-18 23:32:36,034 DEBUG   HandlerThread:420339 [handler.py:handle_request():124] handle_request: poll_exit
2021-09-18 23:32:36,034 DEBUG   SenderThread:420339 [sender.py:send_request():193] send_request: poll_exit
2021-09-18 23:32:36,135 DEBUG   HandlerThread:420339 [handler.py:handle_request():124] handle_request: poll_exit
2021-09-18 23:32:36,135 DEBUG   SenderThread:420339 [sender.py:send_request():193] send_request: poll_exit
2021-09-18 23:32:36,236 DEBUG   HandlerThread:420339 [handler.py:handle_request():124] handle_request: poll_exit
2021-09-18 23:32:36,236 DEBUG   SenderThread:420339 [sender.py:send_request():193] send_request: poll_exit
2021-09-18 23:32:36,337 DEBUG   HandlerThread:420339 [handler.py:handle_request():124] handle_request: poll_exit
2021-09-18 23:32:36,338 DEBUG   SenderThread:420339 [sender.py:send_request():193] send_request: poll_exit
2021-09-18 23:32:36,439 DEBUG   HandlerThread:420339 [handler.py:handle_request():124] handle_request: poll_exit
2021-09-18 23:32:36,439 DEBUG   SenderThread:420339 [sender.py:send_request():193] send_request: poll_exit
2021-09-18 23:32:36,540 DEBUG   HandlerThread:420339 [handler.py:handle_request():124] handle_request: poll_exit
2021-09-18 23:32:36,540 DEBUG   SenderThread:420339 [sender.py:send_request():193] send_request: poll_exit
2021-09-18 23:32:36,641 DEBUG   HandlerThread:420339 [handler.py:handle_request():124] handle_request: poll_exit
2021-09-18 23:32:36,641 DEBUG   SenderThread:420339 [sender.py:send_request():193] send_request: poll_exit
2021-09-18 23:32:36,742 DEBUG   HandlerThread:420339 [handler.py:handle_request():124] handle_request: poll_exit
2021-09-18 23:32:36,743 DEBUG   SenderThread:420339 [sender.py:send_request():193] send_request: poll_exit
2021-09-18 23:32:36,844 DEBUG   HandlerThread:420339 [handler.py:handle_request():124] handle_request: poll_exit
2021-09-18 23:32:36,844 DEBUG   SenderThread:420339 [sender.py:send_request():193] send_request: poll_exit
2021-09-18 23:32:36,945 DEBUG   HandlerThread:420339 [handler.py:handle_request():124] handle_request: poll_exit
2021-09-18 23:32:36,945 DEBUG   SenderThread:420339 [sender.py:send_request():193] send_request: poll_exit
2021-09-18 23:32:37,046 DEBUG   HandlerThread:420339 [handler.py:handle_request():124] handle_request: poll_exit
2021-09-18 23:32:37,046 DEBUG   SenderThread:420339 [sender.py:send_request():193] send_request: poll_exit
2021-09-18 23:32:37,147 DEBUG   HandlerThread:420339 [handler.py:handle_request():124] handle_request: poll_exit
2021-09-18 23:32:37,147 DEBUG   SenderThread:420339 [sender.py:send_request():193] send_request: poll_exit
2021-09-18 23:32:37,249 DEBUG   HandlerThread:420339 [handler.py:handle_request():124] handle_request: poll_exit
2021-09-18 23:32:37,249 DEBUG   SenderThread:420339 [sender.py:send_request():193] send_request: poll_exit
2021-09-18 23:32:37,350 DEBUG   HandlerThread:420339 [handler.py:handle_request():124] handle_request: poll_exit
2021-09-18 23:32:37,350 DEBUG   SenderThread:420339 [sender.py:send_request():193] send_request: poll_exit
2021-09-18 23:32:37,451 DEBUG   HandlerThread:420339 [handler.py:handle_request():124] handle_request: poll_exit
2021-09-18 23:32:37,451 DEBUG   SenderThread:420339 [sender.py:send_request():193] send_request: poll_exit
2021-09-18 23:32:37,552 DEBUG   HandlerThread:420339 [handler.py:handle_request():124] handle_request: poll_exit
2021-09-18 23:32:37,553 DEBUG   SenderThread:420339 [sender.py:send_request():193] send_request: poll_exit
2021-09-18 23:32:37,654 DEBUG   HandlerThread:420339 [handler.py:handle_request():124] handle_request: poll_exit
2021-09-18 23:32:37,654 DEBUG   SenderThread:420339 [sender.py:send_request():193] send_request: poll_exit
2021-09-18 23:32:37,755 DEBUG   HandlerThread:420339 [handler.py:handle_request():124] handle_request: poll_exit
2021-09-18 23:32:37,755 DEBUG   SenderThread:420339 [sender.py:send_request():193] send_request: poll_exit
2021-09-18 23:32:37,857 DEBUG   HandlerThread:420339 [handler.py:handle_request():124] handle_request: poll_exit
2021-09-18 23:32:37,857 DEBUG   SenderThread:420339 [sender.py:send_request():193] send_request: poll_exit
2021-09-18 23:32:37,875 INFO    Thread-14 :420339 [upload_job.py:push():137] Uploaded file /grid/koo/home/toneyan/profile/QuantPred/wandb/run-20210918_233145-dzr8x14u/files/wandb-summary.json
2021-09-18 23:32:37,958 DEBUG   HandlerThread:420339 [handler.py:handle_request():124] handle_request: poll_exit
2021-09-18 23:32:37,958 DEBUG   SenderThread:420339 [sender.py:send_request():193] send_request: poll_exit
2021-09-18 23:32:38,020 INFO    Thread-12 :420339 [upload_job.py:push():137] Uploaded file /grid/koo/home/toneyan/profile/QuantPred/wandb/run-20210918_233145-dzr8x14u/files/config.yaml
2021-09-18 23:32:38,059 DEBUG   HandlerThread:420339 [handler.py:handle_request():124] handle_request: poll_exit
2021-09-18 23:32:38,059 DEBUG   SenderThread:420339 [sender.py:send_request():193] send_request: poll_exit
2021-09-18 23:32:38,160 DEBUG   HandlerThread:420339 [handler.py:handle_request():124] handle_request: poll_exit
2021-09-18 23:32:38,161 DEBUG   SenderThread:420339 [sender.py:send_request():193] send_request: poll_exit
2021-09-18 23:32:38,262 DEBUG   HandlerThread:420339 [handler.py:handle_request():124] handle_request: poll_exit
2021-09-18 23:32:38,262 DEBUG   SenderThread:420339 [sender.py:send_request():193] send_request: poll_exit
2021-09-18 23:32:38,363 DEBUG   HandlerThread:420339 [handler.py:handle_request():124] handle_request: poll_exit
2021-09-18 23:32:38,363 DEBUG   SenderThread:420339 [sender.py:send_request():193] send_request: poll_exit
2021-09-18 23:32:38,464 DEBUG   HandlerThread:420339 [handler.py:handle_request():124] handle_request: poll_exit
2021-09-18 23:32:38,464 DEBUG   SenderThread:420339 [sender.py:send_request():193] send_request: poll_exit
2021-09-18 23:32:38,552 INFO    Thread-13 :420339 [upload_job.py:push():137] Uploaded file /grid/koo/home/toneyan/profile/QuantPred/wandb/run-20210918_233145-dzr8x14u/files/requirements.txt
2021-09-18 23:32:38,566 DEBUG   HandlerThread:420339 [handler.py:handle_request():124] handle_request: poll_exit
2021-09-18 23:32:38,566 DEBUG   SenderThread:420339 [sender.py:send_request():193] send_request: poll_exit
2021-09-18 23:32:38,667 DEBUG   HandlerThread:420339 [handler.py:handle_request():124] handle_request: poll_exit
2021-09-18 23:32:38,667 DEBUG   SenderThread:420339 [sender.py:send_request():193] send_request: poll_exit
2021-09-18 23:32:38,752 INFO    Thread-7  :420339 [sender.py:transition_state():308] send defer: 7
2021-09-18 23:32:38,752 DEBUG   HandlerThread:420339 [handler.py:handle_request():124] handle_request: defer
2021-09-18 23:32:38,753 INFO    HandlerThread:420339 [handler.py:handle_request_defer():141] handle defer: 7
2021-09-18 23:32:38,753 DEBUG   SenderThread:420339 [sender.py:send_request():193] send_request: defer
2021-09-18 23:32:38,753 INFO    SenderThread:420339 [sender.py:send_request_defer():304] handle sender defer: 7
2021-09-18 23:32:38,768 DEBUG   HandlerThread:420339 [handler.py:handle_request():124] handle_request: poll_exit
2021-09-18 23:32:38,805 INFO    SenderThread:420339 [sender.py:transition_state():308] send defer: 8
2021-09-18 23:32:38,806 DEBUG   SenderThread:420339 [sender.py:send_request():193] send_request: poll_exit
2021-09-18 23:32:38,806 DEBUG   HandlerThread:420339 [handler.py:handle_request():124] handle_request: defer
2021-09-18 23:32:38,806 INFO    HandlerThread:420339 [handler.py:handle_request_defer():141] handle defer: 8
2021-09-18 23:32:38,806 DEBUG   SenderThread:420339 [sender.py:send_request():193] send_request: defer
2021-09-18 23:32:38,806 INFO    SenderThread:420339 [sender.py:send_request_defer():304] handle sender defer: 8
2021-09-18 23:32:38,806 INFO    SenderThread:420339 [sender.py:transition_state():308] send defer: 9
2021-09-18 23:32:38,806 DEBUG   SenderThread:420339 [sender.py:send():179] send: final
2021-09-18 23:32:38,807 DEBUG   HandlerThread:420339 [handler.py:handle_request():124] handle_request: defer
2021-09-18 23:32:38,807 DEBUG   SenderThread:420339 [sender.py:send():179] send: footer
2021-09-18 23:32:38,807 INFO    HandlerThread:420339 [handler.py:handle_request_defer():141] handle defer: 9
2021-09-18 23:32:38,807 DEBUG   SenderThread:420339 [sender.py:send_request():193] send_request: defer
2021-09-18 23:32:38,807 INFO    SenderThread:420339 [sender.py:send_request_defer():304] handle sender defer: 9
2021-09-18 23:32:38,907 DEBUG   HandlerThread:420339 [handler.py:handle_request():124] handle_request: poll_exit
2021-09-18 23:32:38,907 DEBUG   SenderThread:420339 [sender.py:send_request():193] send_request: poll_exit
2021-09-18 23:32:38,907 INFO    SenderThread:420339 [file_pusher.py:join():182] waiting for file pusher
2021-09-18 23:32:38,908 DEBUG   HandlerThread:420339 [handler.py:handle_request():124] handle_request: get_summary
2021-09-18 23:32:38,908 DEBUG   HandlerThread:420339 [handler.py:handle_request():124] handle_request: sampled_history
2021-09-18 23:32:38,909 DEBUG   HandlerThread:420339 [handler.py:handle_request():124] handle_request: shutdown
2021-09-18 23:32:38,909 INFO    HandlerThread:420339 [handler.py:finish():638] shutting down handler
2021-09-18 23:32:39,807 INFO    WriterThread:420339 [datastore.py:close():288] close: /grid/koo/home/toneyan/profile/QuantPred/wandb/run-20210918_233145-dzr8x14u/run-dzr8x14u.wandb
2021-09-18 23:32:39,907 INFO    SenderThread:420339 [sender.py:finish():945] shutting down sender
2021-09-18 23:32:39,908 INFO    SenderThread:420339 [file_pusher.py:finish():177] shutting down file pusher
2021-09-18 23:32:39,908 INFO    SenderThread:420339 [file_pusher.py:join():182] waiting for file pusher
2021-09-18 23:32:39,909 INFO    MainThread:420339 [internal.py:handle_exit():78] Internal process exited
