2021-09-14 11:03:51,334 INFO    MainThread:2576603 [internal.py:wandb_internal():91] W&B internal server running at pid: 2576603, started at: 2021-09-14 11:03:51.332874
2021-09-14 11:03:51,335 DEBUG   HandlerThread:2576603 [handler.py:handle_request():124] handle_request: check_version
2021-09-14 11:03:51,335 INFO    WriterThread:2576603 [datastore.py:open_for_write():80] open: /grid/koo/home/toneyan/profile/QuantPred/wandb/run-20210914_110350-hzzbb1ja/run-hzzbb1ja.wandb
2021-09-14 11:03:51,337 DEBUG   SenderThread:2576603 [sender.py:send():179] send: header
2021-09-14 11:03:51,337 DEBUG   SenderThread:2576603 [sender.py:send_request():193] send_request: check_version
2021-09-14 11:03:51,390 DEBUG   SenderThread:2576603 [sender.py:send():179] send: run
2021-09-14 11:03:51,487 INFO    SenderThread:2576603 [dir_watcher.py:__init__():168] watching files in: /grid/koo/home/toneyan/profile/QuantPred/wandb/run-20210914_110350-hzzbb1ja/files
2021-09-14 11:03:51,487 INFO    SenderThread:2576603 [sender.py:_start_run_threads():719] run started: hzzbb1ja with start time 1631631830
2021-09-14 11:03:51,487 DEBUG   SenderThread:2576603 [sender.py:send():179] send: summary
2021-09-14 11:03:51,488 INFO    SenderThread:2576603 [sender.py:_save_file():841] saving file wandb-summary.json with policy end
2021-09-14 11:03:51,488 DEBUG   HandlerThread:2576603 [handler.py:handle_request():124] handle_request: run_start
2021-09-14 11:03:52,488 INFO    Thread-8  :2576603 [dir_watcher.py:_on_file_created():216] file/dir created: /grid/koo/home/toneyan/profile/QuantPred/wandb/run-20210914_110350-hzzbb1ja/files/wandb-summary.json
2021-09-14 11:03:52,574 DEBUG   HandlerThread:2576603 [meta.py:__init__():39] meta init
2021-09-14 11:03:52,574 DEBUG   HandlerThread:2576603 [meta.py:__init__():53] meta init done
2021-09-14 11:03:52,574 DEBUG   HandlerThread:2576603 [meta.py:probe():210] probe
2021-09-14 11:03:52,580 DEBUG   HandlerThread:2576603 [meta.py:_save_pip():57] save pip
2021-09-14 11:03:52,581 DEBUG   HandlerThread:2576603 [meta.py:_save_pip():71] save pip done
2021-09-14 11:03:52,581 DEBUG   HandlerThread:2576603 [meta.py:probe():252] probe done
2021-09-14 11:03:52,583 DEBUG   SenderThread:2576603 [sender.py:send():179] send: files
2021-09-14 11:03:52,583 INFO    SenderThread:2576603 [sender.py:_save_file():841] saving file wandb-metadata.json with policy now
2021-09-14 11:03:52,588 DEBUG   HandlerThread:2576603 [handler.py:handle_request():124] handle_request: stop_status
2021-09-14 11:03:52,588 DEBUG   SenderThread:2576603 [sender.py:send_request():193] send_request: stop_status
2021-09-14 11:03:52,656 ERROR   SenderThread:2576603 [internal_api.py:execute():130] 429 response executing GraphQL.
2021-09-14 11:03:52,657 ERROR   SenderThread:2576603 [internal_api.py:execute():131] {"error":"rate limit exceeded"}

2021-09-14 11:03:52,658 ERROR   Thread-11 :2576603 [internal_api.py:execute():130] 429 response executing GraphQL.
2021-09-14 11:03:52,659 ERROR   Thread-11 :2576603 [internal_api.py:execute():131] {"error":"rate limit exceeded"}

2021-09-14 11:03:53,489 INFO    Thread-8  :2576603 [dir_watcher.py:_on_file_created():216] file/dir created: /grid/koo/home/toneyan/profile/QuantPred/wandb/run-20210914_110350-hzzbb1ja/files/wandb-metadata.json
2021-09-14 11:03:53,490 INFO    Thread-8  :2576603 [dir_watcher.py:_on_file_created():216] file/dir created: /grid/koo/home/toneyan/profile/QuantPred/wandb/run-20210914_110350-hzzbb1ja/files/requirements.txt
2021-09-14 11:03:53,490 INFO    Thread-8  :2576603 [dir_watcher.py:_on_file_created():216] file/dir created: /grid/koo/home/toneyan/profile/QuantPred/wandb/run-20210914_110350-hzzbb1ja/files/output.log
2021-09-14 11:03:53,729 ERROR   SenderThread:2576603 [internal_api.py:execute():130] 429 response executing GraphQL.
2021-09-14 11:03:53,729 ERROR   SenderThread:2576603 [internal_api.py:execute():131] {"error":"rate limit exceeded"}

2021-09-14 11:03:53,917 ERROR   Thread-11 :2576603 [internal_api.py:execute():130] 429 response executing GraphQL.
2021-09-14 11:03:53,918 ERROR   Thread-11 :2576603 [internal_api.py:execute():131] {"error":"rate limit exceeded"}

2021-09-14 11:03:53,918 ERROR   Thread-11 :2576603 [retry.py:__call__():126] Retry attempt failed:
Traceback (most recent call last):
  File "/usr/local/lib/python3.6/dist-packages/wandb/sdk/lib/retry.py", line 102, in __call__
    result = self._call_fn(*args, **kwargs)
  File "/usr/local/lib/python3.6/dist-packages/wandb/sdk/internal/internal_api.py", line 133, in execute
    six.reraise(*sys.exc_info())
  File "/usr/local/lib/python3.6/dist-packages/six.py", line 719, in reraise
    raise value
  File "/usr/local/lib/python3.6/dist-packages/wandb/sdk/internal/internal_api.py", line 127, in execute
    return self.client.execute(*args, **kwargs)
  File "/usr/local/lib/python3.6/dist-packages/wandb/vendor/gql-0.2.0/gql/client.py", line 52, in execute
    result = self._get_result(document, *args, **kwargs)
  File "/usr/local/lib/python3.6/dist-packages/wandb/vendor/gql-0.2.0/gql/client.py", line 60, in _get_result
    return self.transport.execute(document, *args, **kwargs)
  File "/usr/local/lib/python3.6/dist-packages/wandb/vendor/gql-0.2.0/gql/transport/requests.py", line 39, in execute
    request.raise_for_status()
  File "/usr/local/lib/python3.6/dist-packages/requests/models.py", line 943, in raise_for_status
    raise HTTPError(http_error_msg, response=self)
requests.exceptions.HTTPError: 429 Client Error: Too Many Requests for url: https://api.wandb.ai/graphql
2021-09-14 11:03:56,484 ERROR   Thread-11 :2576603 [internal_api.py:execute():130] 429 response executing GraphQL.
2021-09-14 11:03:56,484 ERROR   Thread-11 :2576603 [internal_api.py:execute():131] {"error":"rate limit exceeded"}

2021-09-14 11:03:56,943 ERROR   SenderThread:2576603 [internal_api.py:execute():130] 429 response executing GraphQL.
2021-09-14 11:03:56,943 ERROR   SenderThread:2576603 [internal_api.py:execute():131] {"error":"rate limit exceeded"}

2021-09-14 11:04:01,193 INFO    Thread-11 :2576603 [upload_job.py:push():137] Uploaded file /tmp/3287115.1.gpu_ded.q/tmppi2be9xfwandb/2xi881vn-wandb-metadata.json
2021-09-14 11:04:16,993 DEBUG   HandlerThread:2576603 [handler.py:handle_request():124] handle_request: stop_status
2021-09-14 11:04:16,993 DEBUG   SenderThread:2576603 [sender.py:send_request():193] send_request: stop_status
2021-09-14 11:04:20,937 DEBUG   SenderThread:2576603 [sender.py:send():179] send: stats
2021-09-14 11:04:24,648 DEBUG   HandlerThread:2576603 [handler.py:handle_request():124] handle_request: poll_exit
2021-09-14 11:04:24,648 DEBUG   SenderThread:2576603 [sender.py:send():179] send: telemetry
2021-09-14 11:04:24,648 DEBUG   SenderThread:2576603 [sender.py:send():179] send: exit
2021-09-14 11:04:24,648 INFO    SenderThread:2576603 [sender.py:send_exit():287] handling exit code: 1
2021-09-14 11:04:24,648 INFO    SenderThread:2576603 [sender.py:send_exit():295] send defer
2021-09-14 11:04:24,648 DEBUG   SenderThread:2576603 [sender.py:send_request():193] send_request: poll_exit
2021-09-14 11:04:24,649 DEBUG   HandlerThread:2576603 [handler.py:handle_request():124] handle_request: defer
2021-09-14 11:04:24,649 INFO    HandlerThread:2576603 [handler.py:handle_request_defer():141] handle defer: 0
2021-09-14 11:04:24,649 DEBUG   SenderThread:2576603 [sender.py:send_request():193] send_request: defer
2021-09-14 11:04:24,649 INFO    SenderThread:2576603 [sender.py:send_request_defer():304] handle sender defer: 0
2021-09-14 11:04:24,649 INFO    SenderThread:2576603 [sender.py:transition_state():308] send defer: 1
2021-09-14 11:04:24,649 DEBUG   HandlerThread:2576603 [handler.py:handle_request():124] handle_request: defer
2021-09-14 11:04:24,649 INFO    HandlerThread:2576603 [handler.py:handle_request_defer():141] handle defer: 1
2021-09-14 11:04:24,677 DEBUG   SenderThread:2576603 [sender.py:send_request():193] send_request: defer
2021-09-14 11:04:24,677 INFO    SenderThread:2576603 [sender.py:send_request_defer():304] handle sender defer: 1
2021-09-14 11:04:24,677 INFO    SenderThread:2576603 [sender.py:transition_state():308] send defer: 2
2021-09-14 11:04:24,677 DEBUG   SenderThread:2576603 [sender.py:send():179] send: stats
2021-09-14 11:04:24,678 DEBUG   HandlerThread:2576603 [handler.py:handle_request():124] handle_request: defer
2021-09-14 11:04:24,679 INFO    HandlerThread:2576603 [handler.py:handle_request_defer():141] handle defer: 2
2021-09-14 11:04:24,679 DEBUG   SenderThread:2576603 [sender.py:send_request():193] send_request: defer
2021-09-14 11:04:24,679 INFO    SenderThread:2576603 [sender.py:send_request_defer():304] handle sender defer: 2
2021-09-14 11:04:24,679 INFO    SenderThread:2576603 [sender.py:transition_state():308] send defer: 3
2021-09-14 11:04:24,680 DEBUG   HandlerThread:2576603 [handler.py:handle_request():124] handle_request: defer
2021-09-14 11:04:24,680 INFO    HandlerThread:2576603 [handler.py:handle_request_defer():141] handle defer: 3
2021-09-14 11:04:24,680 DEBUG   SenderThread:2576603 [sender.py:send():179] send: summary
2021-09-14 11:04:24,680 INFO    SenderThread:2576603 [sender.py:_save_file():841] saving file wandb-summary.json with policy end
2021-09-14 11:04:24,680 DEBUG   SenderThread:2576603 [sender.py:send_request():193] send_request: defer
2021-09-14 11:04:24,680 INFO    SenderThread:2576603 [sender.py:send_request_defer():304] handle sender defer: 3
2021-09-14 11:04:24,680 INFO    SenderThread:2576603 [sender.py:transition_state():308] send defer: 4
2021-09-14 11:04:24,681 DEBUG   HandlerThread:2576603 [handler.py:handle_request():124] handle_request: defer
2021-09-14 11:04:24,681 INFO    HandlerThread:2576603 [handler.py:handle_request_defer():141] handle defer: 4
2021-09-14 11:04:24,681 DEBUG   SenderThread:2576603 [sender.py:send_request():193] send_request: defer
2021-09-14 11:04:24,681 INFO    SenderThread:2576603 [sender.py:send_request_defer():304] handle sender defer: 4
2021-09-14 11:04:24,750 DEBUG   HandlerThread:2576603 [handler.py:handle_request():124] handle_request: poll_exit
2021-09-14 11:04:24,790 INFO    SenderThread:2576603 [sender.py:transition_state():308] send defer: 5
2021-09-14 11:04:24,790 DEBUG   SenderThread:2576603 [sender.py:send_request():193] send_request: poll_exit
2021-09-14 11:04:24,791 DEBUG   HandlerThread:2576603 [handler.py:handle_request():124] handle_request: defer
2021-09-14 11:04:24,791 INFO    HandlerThread:2576603 [handler.py:handle_request_defer():141] handle defer: 5
2021-09-14 11:04:24,791 DEBUG   SenderThread:2576603 [sender.py:send_request():193] send_request: defer
2021-09-14 11:04:24,791 INFO    SenderThread:2576603 [sender.py:send_request_defer():304] handle sender defer: 5
2021-09-14 11:04:24,791 INFO    SenderThread:2576603 [dir_watcher.py:finish():282] shutting down directory watcher
2021-09-14 11:04:24,892 DEBUG   HandlerThread:2576603 [handler.py:handle_request():124] handle_request: poll_exit
2021-09-14 11:04:25,495 INFO    SenderThread:2576603 [dir_watcher.py:_on_file_modified():229] file/dir modified: /grid/koo/home/toneyan/profile/QuantPred/wandb/run-20210914_110350-hzzbb1ja/files/wandb-summary.json
2021-09-14 11:04:25,495 INFO    SenderThread:2576603 [dir_watcher.py:_on_file_modified():229] file/dir modified: /grid/koo/home/toneyan/profile/QuantPred/wandb/run-20210914_110350-hzzbb1ja/files/config.yaml
2021-09-14 11:04:25,495 INFO    SenderThread:2576603 [dir_watcher.py:finish():312] scan: /grid/koo/home/toneyan/profile/QuantPred/wandb/run-20210914_110350-hzzbb1ja/files
2021-09-14 11:04:25,495 INFO    SenderThread:2576603 [dir_watcher.py:finish():318] scan save: /grid/koo/home/toneyan/profile/QuantPred/wandb/run-20210914_110350-hzzbb1ja/files/wandb-metadata.json wandb-metadata.json
2021-09-14 11:04:25,495 INFO    SenderThread:2576603 [dir_watcher.py:finish():318] scan save: /grid/koo/home/toneyan/profile/QuantPred/wandb/run-20210914_110350-hzzbb1ja/files/config.yaml config.yaml
2021-09-14 11:04:25,495 INFO    SenderThread:2576603 [dir_watcher.py:finish():318] scan save: /grid/koo/home/toneyan/profile/QuantPred/wandb/run-20210914_110350-hzzbb1ja/files/requirements.txt requirements.txt
2021-09-14 11:04:25,496 INFO    SenderThread:2576603 [dir_watcher.py:finish():318] scan save: /grid/koo/home/toneyan/profile/QuantPred/wandb/run-20210914_110350-hzzbb1ja/files/wandb-summary.json wandb-summary.json
2021-09-14 11:04:25,502 INFO    SenderThread:2576603 [dir_watcher.py:finish():318] scan save: /grid/koo/home/toneyan/profile/QuantPred/wandb/run-20210914_110350-hzzbb1ja/files/output.log output.log
2021-09-14 11:04:25,502 INFO    SenderThread:2576603 [sender.py:transition_state():308] send defer: 6
2021-09-14 11:04:25,506 DEBUG   SenderThread:2576603 [sender.py:send_request():193] send_request: poll_exit
2021-09-14 11:04:25,507 DEBUG   HandlerThread:2576603 [handler.py:handle_request():124] handle_request: defer
2021-09-14 11:04:25,507 INFO    HandlerThread:2576603 [handler.py:handle_request_defer():141] handle defer: 6
2021-09-14 11:04:25,507 DEBUG   SenderThread:2576603 [sender.py:send_request():193] send_request: defer
2021-09-14 11:04:25,507 INFO    SenderThread:2576603 [sender.py:send_request_defer():304] handle sender defer: 6
2021-09-14 11:04:25,507 INFO    SenderThread:2576603 [file_pusher.py:finish():177] shutting down file pusher
2021-09-14 11:04:25,608 DEBUG   HandlerThread:2576603 [handler.py:handle_request():124] handle_request: poll_exit
2021-09-14 11:04:25,609 DEBUG   SenderThread:2576603 [sender.py:send_request():193] send_request: poll_exit
2021-09-14 11:04:25,710 DEBUG   HandlerThread:2576603 [handler.py:handle_request():124] handle_request: poll_exit
2021-09-14 11:04:25,710 DEBUG   SenderThread:2576603 [sender.py:send_request():193] send_request: poll_exit
2021-09-14 11:04:25,812 DEBUG   HandlerThread:2576603 [handler.py:handle_request():124] handle_request: poll_exit
2021-09-14 11:04:25,812 DEBUG   SenderThread:2576603 [sender.py:send_request():193] send_request: poll_exit
2021-09-14 11:04:25,891 INFO    Thread-13 :2576603 [upload_job.py:push():137] Uploaded file /grid/koo/home/toneyan/profile/QuantPred/wandb/run-20210914_110350-hzzbb1ja/files/requirements.txt
2021-09-14 11:04:25,906 INFO    Thread-14 :2576603 [upload_job.py:push():137] Uploaded file /grid/koo/home/toneyan/profile/QuantPred/wandb/run-20210914_110350-hzzbb1ja/files/wandb-summary.json
2021-09-14 11:04:25,915 DEBUG   HandlerThread:2576603 [handler.py:handle_request():124] handle_request: poll_exit
2021-09-14 11:04:25,915 INFO    Thread-12 :2576603 [upload_job.py:push():137] Uploaded file /grid/koo/home/toneyan/profile/QuantPred/wandb/run-20210914_110350-hzzbb1ja/files/config.yaml
2021-09-14 11:04:25,915 DEBUG   SenderThread:2576603 [sender.py:send_request():193] send_request: poll_exit
2021-09-14 11:04:26,017 DEBUG   HandlerThread:2576603 [handler.py:handle_request():124] handle_request: poll_exit
2021-09-14 11:04:26,017 DEBUG   SenderThread:2576603 [sender.py:send_request():193] send_request: poll_exit
2021-09-14 11:04:26,116 INFO    Thread-7  :2576603 [sender.py:transition_state():308] send defer: 7
2021-09-14 11:04:26,116 DEBUG   HandlerThread:2576603 [handler.py:handle_request():124] handle_request: defer
2021-09-14 11:04:26,116 INFO    HandlerThread:2576603 [handler.py:handle_request_defer():141] handle defer: 7
2021-09-14 11:04:26,116 DEBUG   SenderThread:2576603 [sender.py:send_request():193] send_request: defer
2021-09-14 11:04:26,116 INFO    SenderThread:2576603 [sender.py:send_request_defer():304] handle sender defer: 7
2021-09-14 11:04:26,119 DEBUG   HandlerThread:2576603 [handler.py:handle_request():124] handle_request: poll_exit
2021-09-14 11:04:26,229 INFO    SenderThread:2576603 [sender.py:transition_state():308] send defer: 8
2021-09-14 11:04:26,229 DEBUG   SenderThread:2576603 [sender.py:send_request():193] send_request: poll_exit
2021-09-14 11:04:26,230 DEBUG   HandlerThread:2576603 [handler.py:handle_request():124] handle_request: defer
2021-09-14 11:04:26,230 INFO    HandlerThread:2576603 [handler.py:handle_request_defer():141] handle defer: 8
2021-09-14 11:04:26,230 DEBUG   SenderThread:2576603 [sender.py:send_request():193] send_request: defer
2021-09-14 11:04:26,230 INFO    SenderThread:2576603 [sender.py:send_request_defer():304] handle sender defer: 8
2021-09-14 11:04:26,230 INFO    SenderThread:2576603 [sender.py:transition_state():308] send defer: 9
2021-09-14 11:04:26,230 DEBUG   SenderThread:2576603 [sender.py:send():179] send: final
2021-09-14 11:04:26,230 DEBUG   SenderThread:2576603 [sender.py:send():179] send: footer
2021-09-14 11:04:26,230 DEBUG   HandlerThread:2576603 [handler.py:handle_request():124] handle_request: defer
2021-09-14 11:04:26,231 INFO    HandlerThread:2576603 [handler.py:handle_request_defer():141] handle defer: 9
2021-09-14 11:04:26,231 DEBUG   SenderThread:2576603 [sender.py:send_request():193] send_request: defer
2021-09-14 11:04:26,231 INFO    SenderThread:2576603 [sender.py:send_request_defer():304] handle sender defer: 9
2021-09-14 11:04:26,331 DEBUG   HandlerThread:2576603 [handler.py:handle_request():124] handle_request: poll_exit
2021-09-14 11:04:26,331 DEBUG   SenderThread:2576603 [sender.py:send_request():193] send_request: poll_exit
2021-09-14 11:04:26,331 INFO    SenderThread:2576603 [file_pusher.py:join():182] waiting for file pusher
2021-09-14 11:04:26,332 DEBUG   HandlerThread:2576603 [handler.py:handle_request():124] handle_request: get_summary
2021-09-14 11:04:26,332 DEBUG   HandlerThread:2576603 [handler.py:handle_request():124] handle_request: sampled_history
2021-09-14 11:04:26,333 DEBUG   HandlerThread:2576603 [handler.py:handle_request():124] handle_request: shutdown
2021-09-14 11:04:26,333 INFO    HandlerThread:2576603 [handler.py:finish():638] shutting down handler
2021-09-14 11:04:27,231 INFO    WriterThread:2576603 [datastore.py:close():288] close: /grid/koo/home/toneyan/profile/QuantPred/wandb/run-20210914_110350-hzzbb1ja/run-hzzbb1ja.wandb
2021-09-14 11:04:27,331 INFO    SenderThread:2576603 [sender.py:finish():945] shutting down sender
2021-09-14 11:04:27,332 INFO    SenderThread:2576603 [file_pusher.py:finish():177] shutting down file pusher
2021-09-14 11:04:27,332 INFO    SenderThread:2576603 [file_pusher.py:join():182] waiting for file pusher
2021-09-14 11:04:27,333 INFO    MainThread:2576603 [internal.py:handle_exit():78] Internal process exited
