2021-09-18 20:36:22,518 INFO    MainThread:427262 [internal.py:wandb_internal():91] W&B internal server running at pid: 427262, started at: 2021-09-18 20:36:22.517772
2021-09-18 20:36:22,520 DEBUG   HandlerThread:427262 [handler.py:handle_request():124] handle_request: check_version
2021-09-18 20:36:22,520 INFO    WriterThread:427262 [datastore.py:open_for_write():80] open: /grid/koo/home/toneyan/profile/QuantPred/wandb/run-20210918_203621-cv9ikhme/run-cv9ikhme.wandb
2021-09-18 20:36:22,522 DEBUG   SenderThread:427262 [sender.py:send():179] send: header
2021-09-18 20:36:22,522 DEBUG   SenderThread:427262 [sender.py:send_request():193] send_request: check_version
2021-09-18 20:36:22,550 DEBUG   SenderThread:427262 [sender.py:send():179] send: run
2021-09-18 20:36:22,633 INFO    SenderThread:427262 [dir_watcher.py:__init__():168] watching files in: /grid/koo/home/toneyan/profile/QuantPred/wandb/run-20210918_203621-cv9ikhme/files
2021-09-18 20:36:22,633 INFO    SenderThread:427262 [sender.py:_start_run_threads():719] run started: cv9ikhme with start time 1632011781
2021-09-18 20:36:22,633 DEBUG   SenderThread:427262 [sender.py:send():179] send: summary
2021-09-18 20:36:22,634 INFO    SenderThread:427262 [sender.py:_save_file():841] saving file wandb-summary.json with policy end
2021-09-18 20:36:22,634 DEBUG   HandlerThread:427262 [handler.py:handle_request():124] handle_request: run_start
2021-09-18 20:36:23,640 INFO    Thread-8  :427262 [dir_watcher.py:_on_file_created():216] file/dir created: /grid/koo/home/toneyan/profile/QuantPred/wandb/run-20210918_203621-cv9ikhme/files/wandb-summary.json
2021-09-18 20:36:23,809 DEBUG   HandlerThread:427262 [meta.py:__init__():39] meta init
2021-09-18 20:36:23,810 DEBUG   HandlerThread:427262 [meta.py:__init__():53] meta init done
2021-09-18 20:36:23,810 DEBUG   HandlerThread:427262 [meta.py:probe():210] probe
2021-09-18 20:36:23,816 DEBUG   HandlerThread:427262 [meta.py:_save_pip():57] save pip
2021-09-18 20:36:23,817 DEBUG   HandlerThread:427262 [meta.py:_save_pip():71] save pip done
2021-09-18 20:36:23,817 DEBUG   HandlerThread:427262 [meta.py:probe():252] probe done
2021-09-18 20:36:23,820 DEBUG   SenderThread:427262 [sender.py:send():179] send: files
2021-09-18 20:36:23,820 INFO    SenderThread:427262 [sender.py:_save_file():841] saving file wandb-metadata.json with policy now
2021-09-18 20:36:23,826 DEBUG   HandlerThread:427262 [handler.py:handle_request():124] handle_request: stop_status
2021-09-18 20:36:23,826 DEBUG   SenderThread:427262 [sender.py:send_request():193] send_request: stop_status
2021-09-18 20:36:24,175 INFO    Thread-11 :427262 [upload_job.py:push():137] Uploaded file /tmp/3288855.1.gpu_ded.q/tmpdz49yp16wandb/2tmatfs0-wandb-metadata.json
2021-09-18 20:36:24,639 INFO    Thread-8  :427262 [dir_watcher.py:_on_file_created():216] file/dir created: /grid/koo/home/toneyan/profile/QuantPred/wandb/run-20210918_203621-cv9ikhme/files/output.log
2021-09-18 20:36:24,640 INFO    Thread-8  :427262 [dir_watcher.py:_on_file_created():216] file/dir created: /grid/koo/home/toneyan/profile/QuantPred/wandb/run-20210918_203621-cv9ikhme/files/requirements.txt
2021-09-18 20:36:24,640 INFO    Thread-8  :427262 [dir_watcher.py:_on_file_created():216] file/dir created: /grid/koo/home/toneyan/profile/QuantPred/wandb/run-20210918_203621-cv9ikhme/files/wandb-metadata.json
2021-09-18 20:36:38,896 DEBUG   HandlerThread:427262 [handler.py:handle_request():124] handle_request: stop_status
2021-09-18 20:36:38,896 DEBUG   SenderThread:427262 [sender.py:send_request():193] send_request: stop_status
2021-09-18 20:36:38,950 ERROR   SenderThread:427262 [internal_api.py:execute():130] 429 response executing GraphQL.
2021-09-18 20:36:38,950 ERROR   SenderThread:427262 [internal_api.py:execute():131] {"error":"rate limit exceeded"}

2021-09-18 20:36:40,130 ERROR   SenderThread:427262 [internal_api.py:execute():130] 429 response executing GraphQL.
2021-09-18 20:36:40,130 ERROR   SenderThread:427262 [internal_api.py:execute():131] {"error":"rate limit exceeded"}

2021-09-18 20:36:42,590 ERROR   SenderThread:427262 [internal_api.py:execute():130] 429 response executing GraphQL.
2021-09-18 20:36:42,591 ERROR   SenderThread:427262 [internal_api.py:execute():131] {"error":"rate limit exceeded"}

2021-09-18 20:36:42,591 ERROR   SenderThread:427262 [retry.py:__call__():126] Retry attempt failed:
Traceback (most recent call last):
  File "/usr/local/lib/python3.6/dist-packages/wandb/sdk/lib/retry.py", line 102, in __call__
    result = self._call_fn(*args, **kwargs)
  File "/usr/local/lib/python3.6/dist-packages/wandb/sdk/internal/internal_api.py", line 133, in execute
    six.reraise(*sys.exc_info())
  File "/usr/local/lib/python3.6/dist-packages/six.py", line 719, in reraise
    raise value
  File "/usr/local/lib/python3.6/dist-packages/wandb/sdk/internal/internal_api.py", line 127, in execute
    return self.client.execute(*args, **kwargs)
  File "/usr/local/lib/python3.6/dist-packages/wandb/vendor/gql-0.2.0/gql/client.py", line 52, in execute
    result = self._get_result(document, *args, **kwargs)
  File "/usr/local/lib/python3.6/dist-packages/wandb/vendor/gql-0.2.0/gql/client.py", line 60, in _get_result
    return self.transport.execute(document, *args, **kwargs)
  File "/usr/local/lib/python3.6/dist-packages/wandb/vendor/gql-0.2.0/gql/transport/requests.py", line 39, in execute
    request.raise_for_status()
  File "/usr/local/lib/python3.6/dist-packages/requests/models.py", line 943, in raise_for_status
    raise HTTPError(http_error_msg, response=self)
requests.exceptions.HTTPError: 429 Client Error: Too Many Requests for url: https://api.wandb.ai/graphql
2021-09-18 20:36:52,229 DEBUG   SenderThread:427262 [sender.py:send():179] send: stats
2021-09-18 20:37:02,421 DEBUG   HandlerThread:427262 [handler.py:handle_request():124] handle_request: stop_status
2021-09-18 20:37:09,007 DEBUG   SenderThread:427262 [sender.py:send_request():193] send_request: stop_status
2021-09-18 20:37:09,068 ERROR   SenderThread:427262 [internal_api.py:execute():130] 429 response executing GraphQL.
2021-09-18 20:37:09,068 ERROR   SenderThread:427262 [internal_api.py:execute():131] {"error":"rate limit exceeded"}

2021-09-18 20:37:10,189 ERROR   SenderThread:427262 [internal_api.py:execute():130] 429 response executing GraphQL.
2021-09-18 20:37:10,189 ERROR   SenderThread:427262 [internal_api.py:execute():131] {"error":"rate limit exceeded"}

2021-09-18 20:37:11,052 DEBUG   HandlerThread:427262 [handler.py:handle_request():124] handle_request: poll_exit
2021-09-18 20:37:12,702 ERROR   SenderThread:427262 [internal_api.py:execute():130] 429 response executing GraphQL.
2021-09-18 20:37:12,702 ERROR   SenderThread:427262 [internal_api.py:execute():131] {"error":"rate limit exceeded"}

2021-09-18 20:37:12,702 ERROR   SenderThread:427262 [retry.py:__call__():126] Retry attempt failed:
Traceback (most recent call last):
  File "/usr/local/lib/python3.6/dist-packages/wandb/sdk/lib/retry.py", line 102, in __call__
    result = self._call_fn(*args, **kwargs)
  File "/usr/local/lib/python3.6/dist-packages/wandb/sdk/internal/internal_api.py", line 133, in execute
    six.reraise(*sys.exc_info())
  File "/usr/local/lib/python3.6/dist-packages/six.py", line 719, in reraise
    raise value
  File "/usr/local/lib/python3.6/dist-packages/wandb/sdk/internal/internal_api.py", line 127, in execute
    return self.client.execute(*args, **kwargs)
  File "/usr/local/lib/python3.6/dist-packages/wandb/vendor/gql-0.2.0/gql/client.py", line 52, in execute
    result = self._get_result(document, *args, **kwargs)
  File "/usr/local/lib/python3.6/dist-packages/wandb/vendor/gql-0.2.0/gql/client.py", line 60, in _get_result
    return self.transport.execute(document, *args, **kwargs)
  File "/usr/local/lib/python3.6/dist-packages/wandb/vendor/gql-0.2.0/gql/transport/requests.py", line 39, in execute
    request.raise_for_status()
  File "/usr/local/lib/python3.6/dist-packages/requests/models.py", line 943, in raise_for_status
    raise HTTPError(http_error_msg, response=self)
requests.exceptions.HTTPError: 429 Client Error: Too Many Requests for url: https://api.wandb.ai/graphql
2021-09-18 20:37:16,153 DEBUG   HandlerThread:427262 [handler.py:handle_request():124] handle_request: poll_exit
2021-09-18 20:37:17,254 DEBUG   SenderThread:427262 [sender.py:send():179] send: telemetry
2021-09-18 20:37:17,254 DEBUG   SenderThread:427262 [sender.py:send():179] send: exit
2021-09-18 20:37:17,254 INFO    SenderThread:427262 [sender.py:send_exit():287] handling exit code: 1
2021-09-18 20:37:17,255 INFO    SenderThread:427262 [sender.py:send_exit():295] send defer
2021-09-18 20:37:17,255 DEBUG   SenderThread:427262 [sender.py:send_request():193] send_request: poll_exit
2021-09-18 20:37:17,255 DEBUG   SenderThread:427262 [sender.py:send_request():193] send_request: poll_exit
2021-09-18 20:37:17,255 DEBUG   HandlerThread:427262 [handler.py:handle_request():124] handle_request: defer
2021-09-18 20:37:17,255 INFO    HandlerThread:427262 [handler.py:handle_request_defer():141] handle defer: 0
2021-09-18 20:37:17,256 DEBUG   SenderThread:427262 [sender.py:send_request():193] send_request: defer
2021-09-18 20:37:17,256 INFO    SenderThread:427262 [sender.py:send_request_defer():304] handle sender defer: 0
2021-09-18 20:37:17,256 INFO    SenderThread:427262 [sender.py:transition_state():308] send defer: 1
2021-09-18 20:37:17,256 DEBUG   HandlerThread:427262 [handler.py:handle_request():124] handle_request: defer
2021-09-18 20:37:17,256 INFO    HandlerThread:427262 [handler.py:handle_request_defer():141] handle defer: 1
2021-09-18 20:37:17,306 DEBUG   SenderThread:427262 [sender.py:send_request():193] send_request: defer
2021-09-18 20:37:17,307 INFO    SenderThread:427262 [sender.py:send_request_defer():304] handle sender defer: 1
2021-09-18 20:37:17,307 INFO    SenderThread:427262 [sender.py:transition_state():308] send defer: 2
2021-09-18 20:37:17,307 DEBUG   SenderThread:427262 [sender.py:send():179] send: stats
2021-09-18 20:37:17,309 DEBUG   HandlerThread:427262 [handler.py:handle_request():124] handle_request: defer
2021-09-18 20:37:17,309 INFO    HandlerThread:427262 [handler.py:handle_request_defer():141] handle defer: 2
2021-09-18 20:37:17,310 DEBUG   SenderThread:427262 [sender.py:send_request():193] send_request: defer
2021-09-18 20:37:17,310 INFO    SenderThread:427262 [sender.py:send_request_defer():304] handle sender defer: 2
2021-09-18 20:37:17,310 INFO    SenderThread:427262 [sender.py:transition_state():308] send defer: 3
2021-09-18 20:37:17,310 DEBUG   HandlerThread:427262 [handler.py:handle_request():124] handle_request: defer
2021-09-18 20:37:17,310 INFO    HandlerThread:427262 [handler.py:handle_request_defer():141] handle defer: 3
2021-09-18 20:37:17,311 DEBUG   SenderThread:427262 [sender.py:send():179] send: summary
2021-09-18 20:37:17,311 INFO    SenderThread:427262 [sender.py:_save_file():841] saving file wandb-summary.json with policy end
2021-09-18 20:37:17,311 DEBUG   SenderThread:427262 [sender.py:send_request():193] send_request: defer
2021-09-18 20:37:17,311 INFO    SenderThread:427262 [sender.py:send_request_defer():304] handle sender defer: 3
2021-09-18 20:37:17,311 INFO    SenderThread:427262 [sender.py:transition_state():308] send defer: 4
2021-09-18 20:37:17,312 DEBUG   HandlerThread:427262 [handler.py:handle_request():124] handle_request: defer
2021-09-18 20:37:17,312 INFO    HandlerThread:427262 [handler.py:handle_request_defer():141] handle defer: 4
2021-09-18 20:37:17,312 DEBUG   SenderThread:427262 [sender.py:send_request():193] send_request: defer
2021-09-18 20:37:17,312 INFO    SenderThread:427262 [sender.py:send_request_defer():304] handle sender defer: 4
2021-09-18 20:37:17,361 DEBUG   HandlerThread:427262 [handler.py:handle_request():124] handle_request: poll_exit
2021-09-18 20:37:17,402 INFO    SenderThread:427262 [sender.py:transition_state():308] send defer: 5
2021-09-18 20:37:17,402 DEBUG   SenderThread:427262 [sender.py:send_request():193] send_request: poll_exit
2021-09-18 20:37:17,403 DEBUG   HandlerThread:427262 [handler.py:handle_request():124] handle_request: defer
2021-09-18 20:37:17,403 INFO    HandlerThread:427262 [handler.py:handle_request_defer():141] handle defer: 5
2021-09-18 20:37:17,403 DEBUG   SenderThread:427262 [sender.py:send_request():193] send_request: defer
2021-09-18 20:37:17,403 INFO    SenderThread:427262 [sender.py:send_request_defer():304] handle sender defer: 5
2021-09-18 20:37:17,403 INFO    SenderThread:427262 [dir_watcher.py:finish():282] shutting down directory watcher
2021-09-18 20:37:17,507 DEBUG   HandlerThread:427262 [handler.py:handle_request():124] handle_request: poll_exit
2021-09-18 20:37:17,650 INFO    SenderThread:427262 [dir_watcher.py:_on_file_modified():229] file/dir modified: /grid/koo/home/toneyan/profile/QuantPred/wandb/run-20210918_203621-cv9ikhme/files/config.yaml
2021-09-18 20:37:17,650 INFO    SenderThread:427262 [dir_watcher.py:_on_file_modified():229] file/dir modified: /grid/koo/home/toneyan/profile/QuantPred/wandb/run-20210918_203621-cv9ikhme/files/wandb-summary.json
2021-09-18 20:37:17,650 INFO    SenderThread:427262 [dir_watcher.py:finish():312] scan: /grid/koo/home/toneyan/profile/QuantPred/wandb/run-20210918_203621-cv9ikhme/files
2021-09-18 20:37:17,650 INFO    SenderThread:427262 [dir_watcher.py:finish():318] scan save: /grid/koo/home/toneyan/profile/QuantPred/wandb/run-20210918_203621-cv9ikhme/files/wandb-metadata.json wandb-metadata.json
2021-09-18 20:37:17,650 INFO    SenderThread:427262 [dir_watcher.py:finish():318] scan save: /grid/koo/home/toneyan/profile/QuantPred/wandb/run-20210918_203621-cv9ikhme/files/config.yaml config.yaml
2021-09-18 20:37:17,650 INFO    SenderThread:427262 [dir_watcher.py:finish():318] scan save: /grid/koo/home/toneyan/profile/QuantPred/wandb/run-20210918_203621-cv9ikhme/files/requirements.txt requirements.txt
2021-09-18 20:37:17,654 INFO    SenderThread:427262 [dir_watcher.py:finish():318] scan save: /grid/koo/home/toneyan/profile/QuantPred/wandb/run-20210918_203621-cv9ikhme/files/wandb-summary.json wandb-summary.json
2021-09-18 20:37:17,654 INFO    SenderThread:427262 [dir_watcher.py:finish():318] scan save: /grid/koo/home/toneyan/profile/QuantPred/wandb/run-20210918_203621-cv9ikhme/files/output.log output.log
2021-09-18 20:37:17,663 INFO    SenderThread:427262 [sender.py:transition_state():308] send defer: 6
2021-09-18 20:37:17,663 DEBUG   SenderThread:427262 [sender.py:send_request():193] send_request: poll_exit
2021-09-18 20:37:17,664 DEBUG   HandlerThread:427262 [handler.py:handle_request():124] handle_request: defer
2021-09-18 20:37:17,664 INFO    HandlerThread:427262 [handler.py:handle_request_defer():141] handle defer: 6
2021-09-18 20:37:17,664 DEBUG   SenderThread:427262 [sender.py:send_request():193] send_request: defer
2021-09-18 20:37:17,664 INFO    SenderThread:427262 [sender.py:send_request_defer():304] handle sender defer: 6
2021-09-18 20:37:17,664 INFO    SenderThread:427262 [file_pusher.py:finish():177] shutting down file pusher
2021-09-18 20:37:17,765 DEBUG   HandlerThread:427262 [handler.py:handle_request():124] handle_request: poll_exit
2021-09-18 20:37:17,765 DEBUG   SenderThread:427262 [sender.py:send_request():193] send_request: poll_exit
2021-09-18 20:37:17,869 DEBUG   HandlerThread:427262 [handler.py:handle_request():124] handle_request: poll_exit
2021-09-18 20:37:17,869 DEBUG   SenderThread:427262 [sender.py:send_request():193] send_request: poll_exit
2021-09-18 20:37:17,953 INFO    Thread-12 :427262 [upload_job.py:push():137] Uploaded file /grid/koo/home/toneyan/profile/QuantPred/wandb/run-20210918_203621-cv9ikhme/files/config.yaml
2021-09-18 20:37:17,971 DEBUG   HandlerThread:427262 [handler.py:handle_request():124] handle_request: poll_exit
2021-09-18 20:37:17,971 DEBUG   SenderThread:427262 [sender.py:send_request():193] send_request: poll_exit
2021-09-18 20:37:17,974 INFO    Thread-14 :427262 [upload_job.py:push():137] Uploaded file /grid/koo/home/toneyan/profile/QuantPred/wandb/run-20210918_203621-cv9ikhme/files/wandb-summary.json
2021-09-18 20:37:18,020 INFO    Thread-13 :427262 [upload_job.py:push():137] Uploaded file /grid/koo/home/toneyan/profile/QuantPred/wandb/run-20210918_203621-cv9ikhme/files/requirements.txt
2021-09-18 20:37:18,072 DEBUG   HandlerThread:427262 [handler.py:handle_request():124] handle_request: poll_exit
2021-09-18 20:37:18,073 DEBUG   SenderThread:427262 [sender.py:send_request():193] send_request: poll_exit
2021-09-18 20:37:18,174 DEBUG   HandlerThread:427262 [handler.py:handle_request():124] handle_request: poll_exit
2021-09-18 20:37:18,174 DEBUG   SenderThread:427262 [sender.py:send_request():193] send_request: poll_exit
2021-09-18 20:37:18,221 INFO    Thread-7  :427262 [sender.py:transition_state():308] send defer: 7
2021-09-18 20:37:18,221 DEBUG   HandlerThread:427262 [handler.py:handle_request():124] handle_request: defer
2021-09-18 20:37:18,222 INFO    HandlerThread:427262 [handler.py:handle_request_defer():141] handle defer: 7
2021-09-18 20:37:18,222 DEBUG   SenderThread:427262 [sender.py:send_request():193] send_request: defer
2021-09-18 20:37:18,222 INFO    SenderThread:427262 [sender.py:send_request_defer():304] handle sender defer: 7
2021-09-18 20:37:18,276 DEBUG   HandlerThread:427262 [handler.py:handle_request():124] handle_request: poll_exit
2021-09-18 20:37:18,319 INFO    SenderThread:427262 [sender.py:transition_state():308] send defer: 8
2021-09-18 20:37:18,320 DEBUG   SenderThread:427262 [sender.py:send_request():193] send_request: poll_exit
2021-09-18 20:37:18,320 DEBUG   HandlerThread:427262 [handler.py:handle_request():124] handle_request: defer
2021-09-18 20:37:18,320 INFO    HandlerThread:427262 [handler.py:handle_request_defer():141] handle defer: 8
2021-09-18 20:37:18,320 DEBUG   SenderThread:427262 [sender.py:send_request():193] send_request: defer
2021-09-18 20:37:18,320 INFO    SenderThread:427262 [sender.py:send_request_defer():304] handle sender defer: 8
2021-09-18 20:37:18,320 INFO    SenderThread:427262 [sender.py:transition_state():308] send defer: 9
2021-09-18 20:37:18,321 DEBUG   SenderThread:427262 [sender.py:send():179] send: final
2021-09-18 20:37:18,321 DEBUG   HandlerThread:427262 [handler.py:handle_request():124] handle_request: defer
2021-09-18 20:37:18,321 DEBUG   SenderThread:427262 [sender.py:send():179] send: footer
2021-09-18 20:37:18,321 INFO    HandlerThread:427262 [handler.py:handle_request_defer():141] handle defer: 9
2021-09-18 20:37:18,321 DEBUG   SenderThread:427262 [sender.py:send_request():193] send_request: defer
2021-09-18 20:37:18,322 INFO    SenderThread:427262 [sender.py:send_request_defer():304] handle sender defer: 9
2021-09-18 20:37:18,424 DEBUG   HandlerThread:427262 [handler.py:handle_request():124] handle_request: poll_exit
2021-09-18 20:37:18,424 DEBUG   SenderThread:427262 [sender.py:send_request():193] send_request: poll_exit
2021-09-18 20:37:18,425 INFO    SenderThread:427262 [file_pusher.py:join():182] waiting for file pusher
2021-09-18 20:37:18,425 DEBUG   HandlerThread:427262 [handler.py:handle_request():124] handle_request: get_summary
2021-09-18 20:37:18,426 DEBUG   HandlerThread:427262 [handler.py:handle_request():124] handle_request: sampled_history
2021-09-18 20:37:18,426 DEBUG   HandlerThread:427262 [handler.py:handle_request():124] handle_request: shutdown
2021-09-18 20:37:18,426 INFO    HandlerThread:427262 [handler.py:finish():638] shutting down handler
2021-09-18 20:37:19,321 INFO    WriterThread:427262 [datastore.py:close():288] close: /grid/koo/home/toneyan/profile/QuantPred/wandb/run-20210918_203621-cv9ikhme/run-cv9ikhme.wandb
2021-09-18 20:37:19,425 INFO    SenderThread:427262 [sender.py:finish():945] shutting down sender
2021-09-18 20:37:19,425 INFO    SenderThread:427262 [file_pusher.py:finish():177] shutting down file pusher
2021-09-18 20:37:19,425 INFO    SenderThread:427262 [file_pusher.py:join():182] waiting for file pusher
2021-09-18 20:37:19,429 INFO    MainThread:427262 [internal.py:handle_exit():78] Internal process exited
