2021-09-14 14:48:39,091 INFO    MainThread:1817454 [internal.py:wandb_internal():91] W&B internal server running at pid: 1817454, started at: 2021-09-14 14:48:39.090663
2021-09-14 14:48:39,092 DEBUG   HandlerThread:1817454 [handler.py:handle_request():124] handle_request: check_version
2021-09-14 14:48:39,093 INFO    WriterThread:1817454 [datastore.py:open_for_write():80] open: /grid/koo/home/toneyan/profile/QuantPred/wandb/run-20210914_144838-z8pa5jn5/run-z8pa5jn5.wandb
2021-09-14 14:48:39,094 DEBUG   SenderThread:1817454 [sender.py:send():179] send: header
2021-09-14 14:48:39,094 DEBUG   SenderThread:1817454 [sender.py:send_request():193] send_request: check_version
2021-09-14 14:48:39,129 DEBUG   SenderThread:1817454 [sender.py:send():179] send: run
2021-09-14 14:48:39,214 INFO    SenderThread:1817454 [dir_watcher.py:__init__():168] watching files in: /grid/koo/home/toneyan/profile/QuantPred/wandb/run-20210914_144838-z8pa5jn5/files
2021-09-14 14:48:39,214 INFO    SenderThread:1817454 [sender.py:_start_run_threads():719] run started: z8pa5jn5 with start time 1631645318
2021-09-14 14:48:39,214 DEBUG   SenderThread:1817454 [sender.py:send():179] send: summary
2021-09-14 14:48:39,215 INFO    SenderThread:1817454 [sender.py:_save_file():841] saving file wandb-summary.json with policy end
2021-09-14 14:48:39,216 DEBUG   HandlerThread:1817454 [handler.py:handle_request():124] handle_request: run_start
2021-09-14 14:48:40,223 INFO    Thread-8  :1817454 [dir_watcher.py:_on_file_created():216] file/dir created: /grid/koo/home/toneyan/profile/QuantPred/wandb/run-20210914_144838-z8pa5jn5/files/wandb-summary.json
2021-09-14 14:48:40,437 DEBUG   HandlerThread:1817454 [meta.py:__init__():39] meta init
2021-09-14 14:48:40,437 DEBUG   HandlerThread:1817454 [meta.py:__init__():53] meta init done
2021-09-14 14:48:40,437 DEBUG   HandlerThread:1817454 [meta.py:probe():210] probe
2021-09-14 14:48:40,443 DEBUG   HandlerThread:1817454 [meta.py:_save_pip():57] save pip
2021-09-14 14:48:40,444 DEBUG   HandlerThread:1817454 [meta.py:_save_pip():71] save pip done
2021-09-14 14:48:40,445 DEBUG   HandlerThread:1817454 [meta.py:probe():252] probe done
2021-09-14 14:48:40,447 DEBUG   SenderThread:1817454 [sender.py:send():179] send: files
2021-09-14 14:48:40,447 INFO    SenderThread:1817454 [sender.py:_save_file():841] saving file wandb-metadata.json with policy now
2021-09-14 14:48:40,453 DEBUG   HandlerThread:1817454 [handler.py:handle_request():124] handle_request: stop_status
2021-09-14 14:48:40,453 DEBUG   SenderThread:1817454 [sender.py:send_request():193] send_request: stop_status
2021-09-14 14:48:40,845 INFO    Thread-11 :1817454 [upload_job.py:push():137] Uploaded file /tmp/3287110.1.gpu_ded.q/tmpahkdyr65wandb/1sbzej99-wandb-metadata.json
2021-09-14 14:48:41,221 INFO    Thread-8  :1817454 [dir_watcher.py:_on_file_created():216] file/dir created: /grid/koo/home/toneyan/profile/QuantPred/wandb/run-20210914_144838-z8pa5jn5/files/wandb-metadata.json
2021-09-14 14:48:41,222 INFO    Thread-8  :1817454 [dir_watcher.py:_on_file_created():216] file/dir created: /grid/koo/home/toneyan/profile/QuantPred/wandb/run-20210914_144838-z8pa5jn5/files/requirements.txt
2021-09-14 14:48:41,222 INFO    Thread-8  :1817454 [dir_watcher.py:_on_file_created():216] file/dir created: /grid/koo/home/toneyan/profile/QuantPred/wandb/run-20210914_144838-z8pa5jn5/files/output.log
2021-09-14 14:48:55,517 DEBUG   HandlerThread:1817454 [handler.py:handle_request():124] handle_request: stop_status
2021-09-14 14:48:55,518 DEBUG   SenderThread:1817454 [sender.py:send_request():193] send_request: stop_status
2021-09-14 14:48:55,573 ERROR   SenderThread:1817454 [internal_api.py:execute():130] 429 response executing GraphQL.
2021-09-14 14:48:55,574 ERROR   SenderThread:1817454 [internal_api.py:execute():131] {"error":"rate limit exceeded"}

2021-09-14 14:48:56,770 ERROR   SenderThread:1817454 [internal_api.py:execute():130] 429 response executing GraphQL.
2021-09-14 14:48:56,771 ERROR   SenderThread:1817454 [internal_api.py:execute():131] {"error":"rate limit exceeded"}

2021-09-14 14:48:58,959 ERROR   SenderThread:1817454 [internal_api.py:execute():130] 429 response executing GraphQL.
2021-09-14 14:48:58,959 ERROR   SenderThread:1817454 [internal_api.py:execute():131] {"error":"rate limit exceeded"}

2021-09-14 14:48:58,959 ERROR   SenderThread:1817454 [retry.py:__call__():126] Retry attempt failed:
Traceback (most recent call last):
  File "/usr/local/lib/python3.6/dist-packages/wandb/sdk/lib/retry.py", line 102, in __call__
    result = self._call_fn(*args, **kwargs)
  File "/usr/local/lib/python3.6/dist-packages/wandb/sdk/internal/internal_api.py", line 133, in execute
    six.reraise(*sys.exc_info())
  File "/usr/local/lib/python3.6/dist-packages/six.py", line 719, in reraise
    raise value
  File "/usr/local/lib/python3.6/dist-packages/wandb/sdk/internal/internal_api.py", line 127, in execute
    return self.client.execute(*args, **kwargs)
  File "/usr/local/lib/python3.6/dist-packages/wandb/vendor/gql-0.2.0/gql/client.py", line 52, in execute
    result = self._get_result(document, *args, **kwargs)
  File "/usr/local/lib/python3.6/dist-packages/wandb/vendor/gql-0.2.0/gql/client.py", line 60, in _get_result
    return self.transport.execute(document, *args, **kwargs)
  File "/usr/local/lib/python3.6/dist-packages/wandb/vendor/gql-0.2.0/gql/transport/requests.py", line 39, in execute
    request.raise_for_status()
  File "/usr/local/lib/python3.6/dist-packages/requests/models.py", line 943, in raise_for_status
    raise HTTPError(http_error_msg, response=self)
requests.exceptions.HTTPError: 429 Client Error: Too Many Requests for url: https://api.wandb.ai/graphql
2021-09-14 14:49:08,809 DEBUG   SenderThread:1817454 [sender.py:send():179] send: stats
2021-09-14 14:49:12,797 DEBUG   HandlerThread:1817454 [handler.py:handle_request():124] handle_request: poll_exit
2021-09-14 14:49:12,797 DEBUG   SenderThread:1817454 [sender.py:send():179] send: telemetry
2021-09-14 14:49:12,797 DEBUG   SenderThread:1817454 [sender.py:send():179] send: exit
2021-09-14 14:49:12,797 INFO    SenderThread:1817454 [sender.py:send_exit():287] handling exit code: 1
2021-09-14 14:49:12,797 INFO    SenderThread:1817454 [sender.py:send_exit():295] send defer
2021-09-14 14:49:12,797 DEBUG   SenderThread:1817454 [sender.py:send_request():193] send_request: poll_exit
2021-09-14 14:49:12,798 DEBUG   HandlerThread:1817454 [handler.py:handle_request():124] handle_request: defer
2021-09-14 14:49:12,798 INFO    HandlerThread:1817454 [handler.py:handle_request_defer():141] handle defer: 0
2021-09-14 14:49:12,798 DEBUG   SenderThread:1817454 [sender.py:send_request():193] send_request: defer
2021-09-14 14:49:12,798 INFO    SenderThread:1817454 [sender.py:send_request_defer():304] handle sender defer: 0
2021-09-14 14:49:12,798 INFO    SenderThread:1817454 [sender.py:transition_state():308] send defer: 1
2021-09-14 14:49:12,798 DEBUG   HandlerThread:1817454 [handler.py:handle_request():124] handle_request: defer
2021-09-14 14:49:12,798 INFO    HandlerThread:1817454 [handler.py:handle_request_defer():141] handle defer: 1
2021-09-14 14:49:12,855 DEBUG   SenderThread:1817454 [sender.py:send_request():193] send_request: defer
2021-09-14 14:49:12,856 INFO    SenderThread:1817454 [sender.py:send_request_defer():304] handle sender defer: 1
2021-09-14 14:49:12,856 INFO    SenderThread:1817454 [sender.py:transition_state():308] send defer: 2
2021-09-14 14:49:12,856 DEBUG   SenderThread:1817454 [sender.py:send():179] send: stats
2021-09-14 14:49:12,856 DEBUG   HandlerThread:1817454 [handler.py:handle_request():124] handle_request: defer
2021-09-14 14:49:12,858 INFO    HandlerThread:1817454 [handler.py:handle_request_defer():141] handle defer: 2
2021-09-14 14:49:12,858 DEBUG   SenderThread:1817454 [sender.py:send_request():193] send_request: defer
2021-09-14 14:49:12,859 INFO    SenderThread:1817454 [sender.py:send_request_defer():304] handle sender defer: 2
2021-09-14 14:49:12,859 INFO    SenderThread:1817454 [sender.py:transition_state():308] send defer: 3
2021-09-14 14:49:12,859 DEBUG   HandlerThread:1817454 [handler.py:handle_request():124] handle_request: defer
2021-09-14 14:49:12,859 INFO    HandlerThread:1817454 [handler.py:handle_request_defer():141] handle defer: 3
2021-09-14 14:49:12,859 DEBUG   SenderThread:1817454 [sender.py:send():179] send: summary
2021-09-14 14:49:12,859 INFO    SenderThread:1817454 [sender.py:_save_file():841] saving file wandb-summary.json with policy end
2021-09-14 14:49:12,860 DEBUG   SenderThread:1817454 [sender.py:send_request():193] send_request: defer
2021-09-14 14:49:12,860 INFO    SenderThread:1817454 [sender.py:send_request_defer():304] handle sender defer: 3
2021-09-14 14:49:12,860 INFO    SenderThread:1817454 [sender.py:transition_state():308] send defer: 4
2021-09-14 14:49:12,860 DEBUG   HandlerThread:1817454 [handler.py:handle_request():124] handle_request: defer
2021-09-14 14:49:12,860 INFO    HandlerThread:1817454 [handler.py:handle_request_defer():141] handle defer: 4
2021-09-14 14:49:12,860 DEBUG   SenderThread:1817454 [sender.py:send_request():193] send_request: defer
2021-09-14 14:49:12,860 INFO    SenderThread:1817454 [sender.py:send_request_defer():304] handle sender defer: 4
2021-09-14 14:49:12,899 DEBUG   HandlerThread:1817454 [handler.py:handle_request():124] handle_request: poll_exit
2021-09-14 14:49:12,917 ERROR   SenderThread:1817454 [internal_api.py:execute():130] 429 response executing GraphQL.
2021-09-14 14:49:12,918 ERROR   SenderThread:1817454 [internal_api.py:execute():131] {"error":"rate limit exceeded"}

2021-09-14 14:49:13,233 INFO    Thread-8  :1817454 [dir_watcher.py:_on_file_modified():229] file/dir modified: /grid/koo/home/toneyan/profile/QuantPred/wandb/run-20210914_144838-z8pa5jn5/files/wandb-summary.json
2021-09-14 14:49:14,179 ERROR   SenderThread:1817454 [internal_api.py:execute():130] 429 response executing GraphQL.
2021-09-14 14:49:14,179 ERROR   SenderThread:1817454 [internal_api.py:execute():131] {"error":"rate limit exceeded"}

2021-09-14 14:49:16,303 INFO    SenderThread:1817454 [sender.py:transition_state():308] send defer: 5
2021-09-14 14:49:16,303 DEBUG   SenderThread:1817454 [sender.py:send_request():193] send_request: poll_exit
2021-09-14 14:49:16,304 DEBUG   HandlerThread:1817454 [handler.py:handle_request():124] handle_request: defer
2021-09-14 14:49:16,304 INFO    HandlerThread:1817454 [handler.py:handle_request_defer():141] handle defer: 5
2021-09-14 14:49:16,305 DEBUG   SenderThread:1817454 [sender.py:send_request():193] send_request: defer
2021-09-14 14:49:16,305 INFO    SenderThread:1817454 [sender.py:send_request_defer():304] handle sender defer: 5
2021-09-14 14:49:16,305 INFO    SenderThread:1817454 [dir_watcher.py:finish():282] shutting down directory watcher
2021-09-14 14:49:16,409 DEBUG   HandlerThread:1817454 [handler.py:handle_request():124] handle_request: poll_exit
2021-09-14 14:49:17,234 INFO    SenderThread:1817454 [dir_watcher.py:_on_file_modified():229] file/dir modified: /grid/koo/home/toneyan/profile/QuantPred/wandb/run-20210914_144838-z8pa5jn5/files/config.yaml
2021-09-14 14:49:17,235 INFO    SenderThread:1817454 [dir_watcher.py:finish():312] scan: /grid/koo/home/toneyan/profile/QuantPred/wandb/run-20210914_144838-z8pa5jn5/files
2021-09-14 14:49:17,235 INFO    SenderThread:1817454 [dir_watcher.py:finish():318] scan save: /grid/koo/home/toneyan/profile/QuantPred/wandb/run-20210914_144838-z8pa5jn5/files/wandb-metadata.json wandb-metadata.json
2021-09-14 14:49:17,235 INFO    SenderThread:1817454 [dir_watcher.py:finish():318] scan save: /grid/koo/home/toneyan/profile/QuantPred/wandb/run-20210914_144838-z8pa5jn5/files/config.yaml config.yaml
2021-09-14 14:49:17,235 INFO    SenderThread:1817454 [dir_watcher.py:finish():318] scan save: /grid/koo/home/toneyan/profile/QuantPred/wandb/run-20210914_144838-z8pa5jn5/files/requirements.txt requirements.txt
2021-09-14 14:49:17,235 INFO    SenderThread:1817454 [dir_watcher.py:finish():318] scan save: /grid/koo/home/toneyan/profile/QuantPred/wandb/run-20210914_144838-z8pa5jn5/files/wandb-summary.json wandb-summary.json
2021-09-14 14:49:17,239 INFO    SenderThread:1817454 [dir_watcher.py:finish():318] scan save: /grid/koo/home/toneyan/profile/QuantPred/wandb/run-20210914_144838-z8pa5jn5/files/output.log output.log
2021-09-14 14:49:17,246 INFO    SenderThread:1817454 [sender.py:transition_state():308] send defer: 6
2021-09-14 14:49:17,246 DEBUG   SenderThread:1817454 [sender.py:send_request():193] send_request: poll_exit
2021-09-14 14:49:17,247 DEBUG   HandlerThread:1817454 [handler.py:handle_request():124] handle_request: defer
2021-09-14 14:49:17,247 INFO    HandlerThread:1817454 [handler.py:handle_request_defer():141] handle defer: 6
2021-09-14 14:49:17,247 DEBUG   SenderThread:1817454 [sender.py:send_request():193] send_request: defer
2021-09-14 14:49:17,247 INFO    SenderThread:1817454 [sender.py:send_request_defer():304] handle sender defer: 6
2021-09-14 14:49:17,247 INFO    SenderThread:1817454 [file_pusher.py:finish():177] shutting down file pusher
2021-09-14 14:49:17,348 DEBUG   HandlerThread:1817454 [handler.py:handle_request():124] handle_request: poll_exit
2021-09-14 14:49:17,349 DEBUG   SenderThread:1817454 [sender.py:send_request():193] send_request: poll_exit
2021-09-14 14:49:17,450 DEBUG   HandlerThread:1817454 [handler.py:handle_request():124] handle_request: poll_exit
2021-09-14 14:49:17,451 DEBUG   SenderThread:1817454 [sender.py:send_request():193] send_request: poll_exit
2021-09-14 14:49:17,552 DEBUG   HandlerThread:1817454 [handler.py:handle_request():124] handle_request: poll_exit
2021-09-14 14:49:17,553 DEBUG   SenderThread:1817454 [sender.py:send_request():193] send_request: poll_exit
2021-09-14 14:49:17,580 INFO    Thread-13 :1817454 [upload_job.py:push():137] Uploaded file /grid/koo/home/toneyan/profile/QuantPred/wandb/run-20210914_144838-z8pa5jn5/files/requirements.txt
2021-09-14 14:49:17,590 INFO    Thread-12 :1817454 [upload_job.py:push():137] Uploaded file /grid/koo/home/toneyan/profile/QuantPred/wandb/run-20210914_144838-z8pa5jn5/files/config.yaml
2021-09-14 14:49:17,618 INFO    Thread-14 :1817454 [upload_job.py:push():137] Uploaded file /grid/koo/home/toneyan/profile/QuantPred/wandb/run-20210914_144838-z8pa5jn5/files/wandb-summary.json
2021-09-14 14:49:17,654 DEBUG   HandlerThread:1817454 [handler.py:handle_request():124] handle_request: poll_exit
2021-09-14 14:49:17,654 DEBUG   SenderThread:1817454 [sender.py:send_request():193] send_request: poll_exit
2021-09-14 14:49:17,756 DEBUG   HandlerThread:1817454 [handler.py:handle_request():124] handle_request: poll_exit
2021-09-14 14:49:17,756 DEBUG   SenderThread:1817454 [sender.py:send_request():193] send_request: poll_exit
2021-09-14 14:49:17,819 INFO    Thread-7  :1817454 [sender.py:transition_state():308] send defer: 7
2021-09-14 14:49:17,819 DEBUG   HandlerThread:1817454 [handler.py:handle_request():124] handle_request: defer
2021-09-14 14:49:17,819 INFO    HandlerThread:1817454 [handler.py:handle_request_defer():141] handle defer: 7
2021-09-14 14:49:17,820 DEBUG   SenderThread:1817454 [sender.py:send_request():193] send_request: defer
2021-09-14 14:49:17,820 INFO    SenderThread:1817454 [sender.py:send_request_defer():304] handle sender defer: 7
2021-09-14 14:49:17,858 DEBUG   HandlerThread:1817454 [handler.py:handle_request():124] handle_request: poll_exit
2021-09-14 14:49:17,871 INFO    SenderThread:1817454 [sender.py:transition_state():308] send defer: 8
2021-09-14 14:49:17,871 DEBUG   SenderThread:1817454 [sender.py:send_request():193] send_request: poll_exit
2021-09-14 14:49:17,871 DEBUG   HandlerThread:1817454 [handler.py:handle_request():124] handle_request: defer
2021-09-14 14:49:17,872 INFO    HandlerThread:1817454 [handler.py:handle_request_defer():141] handle defer: 8
2021-09-14 14:49:17,872 DEBUG   SenderThread:1817454 [sender.py:send_request():193] send_request: defer
2021-09-14 14:49:17,872 INFO    SenderThread:1817454 [sender.py:send_request_defer():304] handle sender defer: 8
2021-09-14 14:49:17,872 INFO    SenderThread:1817454 [sender.py:transition_state():308] send defer: 9
2021-09-14 14:49:17,872 DEBUG   SenderThread:1817454 [sender.py:send():179] send: final
2021-09-14 14:49:17,872 DEBUG   HandlerThread:1817454 [handler.py:handle_request():124] handle_request: defer
2021-09-14 14:49:17,872 DEBUG   SenderThread:1817454 [sender.py:send():179] send: footer
2021-09-14 14:49:17,872 INFO    HandlerThread:1817454 [handler.py:handle_request_defer():141] handle defer: 9
2021-09-14 14:49:17,873 DEBUG   SenderThread:1817454 [sender.py:send_request():193] send_request: defer
2021-09-14 14:49:17,873 INFO    SenderThread:1817454 [sender.py:send_request_defer():304] handle sender defer: 9
2021-09-14 14:49:17,973 DEBUG   HandlerThread:1817454 [handler.py:handle_request():124] handle_request: poll_exit
2021-09-14 14:49:17,973 DEBUG   SenderThread:1817454 [sender.py:send_request():193] send_request: poll_exit
2021-09-14 14:49:17,974 INFO    SenderThread:1817454 [file_pusher.py:join():182] waiting for file pusher
2021-09-14 14:49:17,975 DEBUG   HandlerThread:1817454 [handler.py:handle_request():124] handle_request: get_summary
2021-09-14 14:49:17,975 DEBUG   HandlerThread:1817454 [handler.py:handle_request():124] handle_request: sampled_history
2021-09-14 14:49:17,976 DEBUG   HandlerThread:1817454 [handler.py:handle_request():124] handle_request: shutdown
2021-09-14 14:49:17,976 INFO    HandlerThread:1817454 [handler.py:finish():638] shutting down handler
2021-09-14 14:49:18,873 INFO    WriterThread:1817454 [datastore.py:close():288] close: /grid/koo/home/toneyan/profile/QuantPred/wandb/run-20210914_144838-z8pa5jn5/run-z8pa5jn5.wandb
2021-09-14 14:49:18,974 INFO    SenderThread:1817454 [sender.py:finish():945] shutting down sender
2021-09-14 14:49:18,974 INFO    SenderThread:1817454 [file_pusher.py:finish():177] shutting down file pusher
2021-09-14 14:49:18,974 INFO    SenderThread:1817454 [file_pusher.py:join():182] waiting for file pusher
2021-09-14 14:49:18,976 INFO    MainThread:1817454 [internal.py:handle_exit():78] Internal process exited
