2021-09-19 09:21:03,764 INFO    MainThread:2063843 [internal.py:wandb_internal():91] W&B internal server running at pid: 2063843, started at: 2021-09-19 09:21:03.762546
2021-09-19 09:21:03,765 DEBUG   HandlerThread:2063843 [handler.py:handle_request():124] handle_request: check_version
2021-09-19 09:21:03,765 INFO    WriterThread:2063843 [datastore.py:open_for_write():80] open: /grid/koo/home/toneyan/profile/QuantPred/wandb/run-20210919_092103-adkopz76/run-adkopz76.wandb
2021-09-19 09:21:03,767 DEBUG   SenderThread:2063843 [sender.py:send():179] send: header
2021-09-19 09:21:03,767 DEBUG   SenderThread:2063843 [sender.py:send_request():193] send_request: check_version
2021-09-19 09:21:03,798 DEBUG   SenderThread:2063843 [sender.py:send():179] send: run
2021-09-19 09:21:03,890 INFO    SenderThread:2063843 [dir_watcher.py:__init__():168] watching files in: /grid/koo/home/toneyan/profile/QuantPred/wandb/run-20210919_092103-adkopz76/files
2021-09-19 09:21:03,890 INFO    SenderThread:2063843 [sender.py:_start_run_threads():719] run started: adkopz76 with start time 1632057663
2021-09-19 09:21:03,890 DEBUG   SenderThread:2063843 [sender.py:send():179] send: summary
2021-09-19 09:21:03,891 INFO    SenderThread:2063843 [sender.py:_save_file():841] saving file wandb-summary.json with policy end
2021-09-19 09:21:03,891 DEBUG   HandlerThread:2063843 [handler.py:handle_request():124] handle_request: run_start
2021-09-19 09:21:04,867 DEBUG   HandlerThread:2063843 [meta.py:__init__():39] meta init
2021-09-19 09:21:04,867 DEBUG   HandlerThread:2063843 [meta.py:__init__():53] meta init done
2021-09-19 09:21:04,867 DEBUG   HandlerThread:2063843 [meta.py:probe():210] probe
2021-09-19 09:21:04,873 DEBUG   HandlerThread:2063843 [meta.py:_save_pip():57] save pip
2021-09-19 09:21:04,877 DEBUG   HandlerThread:2063843 [meta.py:_save_pip():71] save pip done
2021-09-19 09:21:04,877 DEBUG   HandlerThread:2063843 [meta.py:probe():252] probe done
2021-09-19 09:21:04,881 DEBUG   SenderThread:2063843 [sender.py:send():179] send: files
2021-09-19 09:21:04,881 INFO    SenderThread:2063843 [sender.py:_save_file():841] saving file wandb-metadata.json with policy now
2021-09-19 09:21:04,892 INFO    Thread-8  :2063843 [dir_watcher.py:_on_file_created():216] file/dir created: /grid/koo/home/toneyan/profile/QuantPred/wandb/run-20210919_092103-adkopz76/files/wandb-summary.json
2021-09-19 09:21:04,892 DEBUG   HandlerThread:2063843 [handler.py:handle_request():124] handle_request: stop_status
2021-09-19 09:21:04,892 INFO    Thread-8  :2063843 [dir_watcher.py:_on_file_created():216] file/dir created: /grid/koo/home/toneyan/profile/QuantPred/wandb/run-20210919_092103-adkopz76/files/requirements.txt
2021-09-19 09:21:04,892 DEBUG   SenderThread:2063843 [sender.py:send_request():193] send_request: stop_status
2021-09-19 09:21:04,894 INFO    Thread-8  :2063843 [dir_watcher.py:_on_file_created():216] file/dir created: /grid/koo/home/toneyan/profile/QuantPred/wandb/run-20210919_092103-adkopz76/files/wandb-metadata.json
2021-09-19 09:21:04,939 ERROR   Thread-11 :2063843 [internal_api.py:execute():130] 429 response executing GraphQL.
2021-09-19 09:21:04,940 ERROR   Thread-11 :2063843 [internal_api.py:execute():131] {"error":"rate limit exceeded"}

2021-09-19 09:21:04,947 ERROR   SenderThread:2063843 [internal_api.py:execute():130] 429 response executing GraphQL.
2021-09-19 09:21:04,947 ERROR   SenderThread:2063843 [internal_api.py:execute():131] {"error":"rate limit exceeded"}

2021-09-19 09:21:05,892 INFO    Thread-8  :2063843 [dir_watcher.py:_on_file_created():216] file/dir created: /grid/koo/home/toneyan/profile/QuantPred/wandb/run-20210919_092103-adkopz76/files/output.log
2021-09-19 09:21:06,014 ERROR   Thread-11 :2063843 [internal_api.py:execute():130] 429 response executing GraphQL.
2021-09-19 09:21:06,014 ERROR   Thread-11 :2063843 [internal_api.py:execute():131] {"error":"rate limit exceeded"}

2021-09-19 09:21:06,082 ERROR   SenderThread:2063843 [internal_api.py:execute():130] 429 response executing GraphQL.
2021-09-19 09:21:06,084 ERROR   SenderThread:2063843 [internal_api.py:execute():131] {"error":"rate limit exceeded"}

2021-09-19 09:21:06,084 ERROR   SenderThread:2063843 [retry.py:__call__():126] Retry attempt failed:
Traceback (most recent call last):
  File "/usr/local/lib/python3.6/dist-packages/wandb/sdk/lib/retry.py", line 102, in __call__
    result = self._call_fn(*args, **kwargs)
  File "/usr/local/lib/python3.6/dist-packages/wandb/sdk/internal/internal_api.py", line 133, in execute
    six.reraise(*sys.exc_info())
  File "/usr/local/lib/python3.6/dist-packages/six.py", line 719, in reraise
    raise value
  File "/usr/local/lib/python3.6/dist-packages/wandb/sdk/internal/internal_api.py", line 127, in execute
    return self.client.execute(*args, **kwargs)
  File "/usr/local/lib/python3.6/dist-packages/wandb/vendor/gql-0.2.0/gql/client.py", line 52, in execute
    result = self._get_result(document, *args, **kwargs)
  File "/usr/local/lib/python3.6/dist-packages/wandb/vendor/gql-0.2.0/gql/client.py", line 60, in _get_result
    return self.transport.execute(document, *args, **kwargs)
  File "/usr/local/lib/python3.6/dist-packages/wandb/vendor/gql-0.2.0/gql/transport/requests.py", line 39, in execute
    request.raise_for_status()
  File "/usr/local/lib/python3.6/dist-packages/requests/models.py", line 943, in raise_for_status
    raise HTTPError(http_error_msg, response=self)
requests.exceptions.HTTPError: 429 Client Error: Too Many Requests for url: https://api.wandb.ai/graphql
2021-09-19 09:21:08,437 ERROR   SenderThread:2063843 [internal_api.py:execute():130] 429 response executing GraphQL.
2021-09-19 09:21:08,437 ERROR   SenderThread:2063843 [internal_api.py:execute():131] {"error":"rate limit exceeded"}

2021-09-19 09:21:08,462 ERROR   Thread-11 :2063843 [internal_api.py:execute():130] 429 response executing GraphQL.
2021-09-19 09:21:08,462 ERROR   Thread-11 :2063843 [internal_api.py:execute():131] {"error":"rate limit exceeded"}

2021-09-19 09:21:12,590 ERROR   Thread-11 :2063843 [internal_api.py:execute():130] 429 response executing GraphQL.
2021-09-19 09:21:12,590 ERROR   Thread-11 :2063843 [internal_api.py:execute():131] {"error":"rate limit exceeded"}

2021-09-19 09:21:13,167 ERROR   SenderThread:2063843 [internal_api.py:execute():130] 429 response executing GraphQL.
2021-09-19 09:21:13,167 ERROR   SenderThread:2063843 [internal_api.py:execute():131] {"error":"rate limit exceeded"}

2021-09-19 09:21:22,554 INFO    Thread-11 :2063843 [upload_job.py:push():137] Uploaded file /tmp/3288844.1.gpu.q/tmp7jyspkwiwandb/1w935ot8-wandb-metadata.json
2021-09-19 09:21:33,186 DEBUG   SenderThread:2063843 [sender.py:send():179] send: stats
2021-09-19 09:21:37,071 DEBUG   HandlerThread:2063843 [handler.py:handle_request():124] handle_request: poll_exit
2021-09-19 09:21:37,071 DEBUG   SenderThread:2063843 [sender.py:send():179] send: telemetry
2021-09-19 09:21:37,072 DEBUG   SenderThread:2063843 [sender.py:send():179] send: exit
2021-09-19 09:21:37,072 INFO    SenderThread:2063843 [sender.py:send_exit():287] handling exit code: 1
2021-09-19 09:21:37,072 INFO    SenderThread:2063843 [sender.py:send_exit():295] send defer
2021-09-19 09:21:37,072 DEBUG   SenderThread:2063843 [sender.py:send_request():193] send_request: poll_exit
2021-09-19 09:21:37,073 DEBUG   HandlerThread:2063843 [handler.py:handle_request():124] handle_request: defer
2021-09-19 09:21:37,073 INFO    HandlerThread:2063843 [handler.py:handle_request_defer():141] handle defer: 0
2021-09-19 09:21:37,073 DEBUG   SenderThread:2063843 [sender.py:send_request():193] send_request: defer
2021-09-19 09:21:37,073 INFO    SenderThread:2063843 [sender.py:send_request_defer():304] handle sender defer: 0
2021-09-19 09:21:37,073 INFO    SenderThread:2063843 [sender.py:transition_state():308] send defer: 1
2021-09-19 09:21:37,073 DEBUG   HandlerThread:2063843 [handler.py:handle_request():124] handle_request: defer
2021-09-19 09:21:37,073 INFO    HandlerThread:2063843 [handler.py:handle_request_defer():141] handle defer: 1
2021-09-19 09:21:37,128 DEBUG   SenderThread:2063843 [sender.py:send_request():193] send_request: defer
2021-09-19 09:21:37,128 INFO    SenderThread:2063843 [sender.py:send_request_defer():304] handle sender defer: 1
2021-09-19 09:21:37,129 INFO    SenderThread:2063843 [sender.py:transition_state():308] send defer: 2
2021-09-19 09:21:37,129 DEBUG   SenderThread:2063843 [sender.py:send():179] send: stats
2021-09-19 09:21:37,131 DEBUG   HandlerThread:2063843 [handler.py:handle_request():124] handle_request: defer
2021-09-19 09:21:37,131 INFO    HandlerThread:2063843 [handler.py:handle_request_defer():141] handle defer: 2
2021-09-19 09:21:37,131 DEBUG   SenderThread:2063843 [sender.py:send_request():193] send_request: defer
2021-09-19 09:21:37,132 INFO    SenderThread:2063843 [sender.py:send_request_defer():304] handle sender defer: 2
2021-09-19 09:21:37,132 INFO    SenderThread:2063843 [sender.py:transition_state():308] send defer: 3
2021-09-19 09:21:37,132 DEBUG   HandlerThread:2063843 [handler.py:handle_request():124] handle_request: defer
2021-09-19 09:21:37,132 INFO    HandlerThread:2063843 [handler.py:handle_request_defer():141] handle defer: 3
2021-09-19 09:21:37,132 DEBUG   SenderThread:2063843 [sender.py:send():179] send: summary
2021-09-19 09:21:37,132 INFO    SenderThread:2063843 [sender.py:_save_file():841] saving file wandb-summary.json with policy end
2021-09-19 09:21:37,132 DEBUG   SenderThread:2063843 [sender.py:send_request():193] send_request: defer
2021-09-19 09:21:37,132 INFO    SenderThread:2063843 [sender.py:send_request_defer():304] handle sender defer: 3
2021-09-19 09:21:37,132 INFO    SenderThread:2063843 [sender.py:transition_state():308] send defer: 4
2021-09-19 09:21:37,133 DEBUG   HandlerThread:2063843 [handler.py:handle_request():124] handle_request: defer
2021-09-19 09:21:37,133 INFO    HandlerThread:2063843 [handler.py:handle_request_defer():141] handle defer: 4
2021-09-19 09:21:37,133 DEBUG   SenderThread:2063843 [sender.py:send_request():193] send_request: defer
2021-09-19 09:21:37,133 INFO    SenderThread:2063843 [sender.py:send_request_defer():304] handle sender defer: 4
2021-09-19 09:21:37,174 DEBUG   HandlerThread:2063843 [handler.py:handle_request():124] handle_request: poll_exit
2021-09-19 09:21:37,210 ERROR   SenderThread:2063843 [internal_api.py:execute():130] 429 response executing GraphQL.
2021-09-19 09:21:37,210 ERROR   SenderThread:2063843 [internal_api.py:execute():131] {"error":"rate limit exceeded"}

2021-09-19 09:21:37,905 INFO    Thread-8  :2063843 [dir_watcher.py:_on_file_modified():229] file/dir modified: /grid/koo/home/toneyan/profile/QuantPred/wandb/run-20210919_092103-adkopz76/files/wandb-summary.json
2021-09-19 09:21:38,453 ERROR   SenderThread:2063843 [internal_api.py:execute():130] 429 response executing GraphQL.
2021-09-19 09:21:38,454 ERROR   SenderThread:2063843 [internal_api.py:execute():131] {"error":"rate limit exceeded"}

2021-09-19 09:21:40,836 ERROR   SenderThread:2063843 [internal_api.py:execute():130] 429 response executing GraphQL.
2021-09-19 09:21:40,837 ERROR   SenderThread:2063843 [internal_api.py:execute():131] {"error":"rate limit exceeded"}

2021-09-19 09:21:40,837 ERROR   SenderThread:2063843 [retry.py:__call__():126] Retry attempt failed:
Traceback (most recent call last):
  File "/usr/local/lib/python3.6/dist-packages/wandb/sdk/lib/retry.py", line 102, in __call__
    result = self._call_fn(*args, **kwargs)
  File "/usr/local/lib/python3.6/dist-packages/wandb/sdk/internal/internal_api.py", line 133, in execute
    six.reraise(*sys.exc_info())
  File "/usr/local/lib/python3.6/dist-packages/six.py", line 719, in reraise
    raise value
  File "/usr/local/lib/python3.6/dist-packages/wandb/sdk/internal/internal_api.py", line 127, in execute
    return self.client.execute(*args, **kwargs)
  File "/usr/local/lib/python3.6/dist-packages/wandb/vendor/gql-0.2.0/gql/client.py", line 52, in execute
    result = self._get_result(document, *args, **kwargs)
  File "/usr/local/lib/python3.6/dist-packages/wandb/vendor/gql-0.2.0/gql/client.py", line 60, in _get_result
    return self.transport.execute(document, *args, **kwargs)
  File "/usr/local/lib/python3.6/dist-packages/wandb/vendor/gql-0.2.0/gql/transport/requests.py", line 39, in execute
    request.raise_for_status()
  File "/usr/local/lib/python3.6/dist-packages/requests/models.py", line 943, in raise_for_status
    raise HTTPError(http_error_msg, response=self)
requests.exceptions.HTTPError: 429 Client Error: Too Many Requests for url: https://api.wandb.ai/graphql
2021-09-19 09:21:42,274 DEBUG   HandlerThread:2063843 [handler.py:handle_request():124] handle_request: poll_exit
2021-09-19 09:21:45,879 INFO    SenderThread:2063843 [sender.py:transition_state():308] send defer: 5
2021-09-19 09:21:45,879 DEBUG   SenderThread:2063843 [sender.py:send_request():193] send_request: poll_exit
2021-09-19 09:21:45,879 DEBUG   SenderThread:2063843 [sender.py:send_request():193] send_request: poll_exit
2021-09-19 09:21:45,880 DEBUG   HandlerThread:2063843 [handler.py:handle_request():124] handle_request: defer
2021-09-19 09:21:45,880 INFO    HandlerThread:2063843 [handler.py:handle_request_defer():141] handle defer: 5
2021-09-19 09:21:45,880 DEBUG   SenderThread:2063843 [sender.py:send_request():193] send_request: defer
2021-09-19 09:21:45,880 INFO    SenderThread:2063843 [sender.py:send_request_defer():304] handle sender defer: 5
2021-09-19 09:21:45,880 INFO    SenderThread:2063843 [dir_watcher.py:finish():282] shutting down directory watcher
2021-09-19 09:21:45,907 INFO    SenderThread:2063843 [dir_watcher.py:_on_file_modified():229] file/dir modified: /grid/koo/home/toneyan/profile/QuantPred/wandb/run-20210919_092103-adkopz76/files/config.yaml
2021-09-19 09:21:45,907 INFO    SenderThread:2063843 [dir_watcher.py:finish():312] scan: /grid/koo/home/toneyan/profile/QuantPred/wandb/run-20210919_092103-adkopz76/files
2021-09-19 09:21:45,907 INFO    SenderThread:2063843 [dir_watcher.py:finish():318] scan save: /grid/koo/home/toneyan/profile/QuantPred/wandb/run-20210919_092103-adkopz76/files/wandb-metadata.json wandb-metadata.json
2021-09-19 09:21:45,907 INFO    SenderThread:2063843 [dir_watcher.py:finish():318] scan save: /grid/koo/home/toneyan/profile/QuantPred/wandb/run-20210919_092103-adkopz76/files/config.yaml config.yaml
2021-09-19 09:21:45,907 INFO    SenderThread:2063843 [dir_watcher.py:finish():318] scan save: /grid/koo/home/toneyan/profile/QuantPred/wandb/run-20210919_092103-adkopz76/files/requirements.txt requirements.txt
2021-09-19 09:21:45,908 INFO    SenderThread:2063843 [dir_watcher.py:finish():318] scan save: /grid/koo/home/toneyan/profile/QuantPred/wandb/run-20210919_092103-adkopz76/files/wandb-summary.json wandb-summary.json
2021-09-19 09:21:45,908 INFO    SenderThread:2063843 [dir_watcher.py:finish():318] scan save: /grid/koo/home/toneyan/profile/QuantPred/wandb/run-20210919_092103-adkopz76/files/output.log output.log
2021-09-19 09:21:45,918 INFO    SenderThread:2063843 [sender.py:transition_state():308] send defer: 6
2021-09-19 09:21:45,919 DEBUG   HandlerThread:2063843 [handler.py:handle_request():124] handle_request: defer
2021-09-19 09:21:45,919 INFO    HandlerThread:2063843 [handler.py:handle_request_defer():141] handle defer: 6
2021-09-19 09:21:45,919 DEBUG   SenderThread:2063843 [sender.py:send_request():193] send_request: defer
2021-09-19 09:21:45,919 INFO    SenderThread:2063843 [sender.py:send_request_defer():304] handle sender defer: 6
2021-09-19 09:21:45,919 INFO    SenderThread:2063843 [file_pusher.py:finish():177] shutting down file pusher
2021-09-19 09:21:45,982 DEBUG   HandlerThread:2063843 [handler.py:handle_request():124] handle_request: poll_exit
2021-09-19 09:21:45,983 DEBUG   SenderThread:2063843 [sender.py:send_request():193] send_request: poll_exit
2021-09-19 09:21:46,084 DEBUG   HandlerThread:2063843 [handler.py:handle_request():124] handle_request: poll_exit
2021-09-19 09:21:46,084 DEBUG   SenderThread:2063843 [sender.py:send_request():193] send_request: poll_exit
2021-09-19 09:21:46,189 DEBUG   HandlerThread:2063843 [handler.py:handle_request():124] handle_request: poll_exit
2021-09-19 09:21:46,189 DEBUG   SenderThread:2063843 [sender.py:send_request():193] send_request: poll_exit
2021-09-19 09:21:46,226 INFO    Thread-13 :2063843 [upload_job.py:push():137] Uploaded file /grid/koo/home/toneyan/profile/QuantPred/wandb/run-20210919_092103-adkopz76/files/requirements.txt
2021-09-19 09:21:46,290 DEBUG   HandlerThread:2063843 [handler.py:handle_request():124] handle_request: poll_exit
2021-09-19 09:21:46,290 DEBUG   SenderThread:2063843 [sender.py:send_request():193] send_request: poll_exit
2021-09-19 09:21:46,328 INFO    Thread-12 :2063843 [upload_job.py:push():137] Uploaded file /grid/koo/home/toneyan/profile/QuantPred/wandb/run-20210919_092103-adkopz76/files/config.yaml
2021-09-19 09:21:46,337 INFO    Thread-14 :2063843 [upload_job.py:push():137] Uploaded file /grid/koo/home/toneyan/profile/QuantPred/wandb/run-20210919_092103-adkopz76/files/wandb-summary.json
2021-09-19 09:21:46,392 DEBUG   HandlerThread:2063843 [handler.py:handle_request():124] handle_request: poll_exit
2021-09-19 09:21:46,392 DEBUG   SenderThread:2063843 [sender.py:send_request():193] send_request: poll_exit
2021-09-19 09:21:46,493 DEBUG   HandlerThread:2063843 [handler.py:handle_request():124] handle_request: poll_exit
2021-09-19 09:21:46,493 DEBUG   SenderThread:2063843 [sender.py:send_request():193] send_request: poll_exit
2021-09-19 09:21:46,538 INFO    Thread-7  :2063843 [sender.py:transition_state():308] send defer: 7
2021-09-19 09:21:46,538 DEBUG   HandlerThread:2063843 [handler.py:handle_request():124] handle_request: defer
2021-09-19 09:21:46,538 INFO    HandlerThread:2063843 [handler.py:handle_request_defer():141] handle defer: 7
2021-09-19 09:21:46,539 DEBUG   SenderThread:2063843 [sender.py:send_request():193] send_request: defer
2021-09-19 09:21:46,539 INFO    SenderThread:2063843 [sender.py:send_request_defer():304] handle sender defer: 7
2021-09-19 09:21:46,589 INFO    SenderThread:2063843 [sender.py:transition_state():308] send defer: 8
2021-09-19 09:21:46,590 DEBUG   HandlerThread:2063843 [handler.py:handle_request():124] handle_request: defer
2021-09-19 09:21:46,590 INFO    HandlerThread:2063843 [handler.py:handle_request_defer():141] handle defer: 8
2021-09-19 09:21:46,590 DEBUG   SenderThread:2063843 [sender.py:send_request():193] send_request: defer
2021-09-19 09:21:46,590 INFO    SenderThread:2063843 [sender.py:send_request_defer():304] handle sender defer: 8
2021-09-19 09:21:46,590 INFO    SenderThread:2063843 [sender.py:transition_state():308] send defer: 9
2021-09-19 09:21:46,590 DEBUG   SenderThread:2063843 [sender.py:send():179] send: final
2021-09-19 09:21:46,590 DEBUG   HandlerThread:2063843 [handler.py:handle_request():124] handle_request: defer
2021-09-19 09:21:46,590 DEBUG   SenderThread:2063843 [sender.py:send():179] send: footer
2021-09-19 09:21:46,591 INFO    HandlerThread:2063843 [handler.py:handle_request_defer():141] handle defer: 9
2021-09-19 09:21:46,591 DEBUG   SenderThread:2063843 [sender.py:send_request():193] send_request: defer
2021-09-19 09:21:46,591 INFO    SenderThread:2063843 [sender.py:send_request_defer():304] handle sender defer: 9
2021-09-19 09:21:46,594 DEBUG   HandlerThread:2063843 [handler.py:handle_request():124] handle_request: poll_exit
2021-09-19 09:21:46,594 DEBUG   SenderThread:2063843 [sender.py:send_request():193] send_request: poll_exit
2021-09-19 09:21:46,594 INFO    SenderThread:2063843 [file_pusher.py:join():182] waiting for file pusher
2021-09-19 09:21:46,595 DEBUG   HandlerThread:2063843 [handler.py:handle_request():124] handle_request: get_summary
2021-09-19 09:21:46,595 DEBUG   HandlerThread:2063843 [handler.py:handle_request():124] handle_request: sampled_history
2021-09-19 09:21:46,595 DEBUG   HandlerThread:2063843 [handler.py:handle_request():124] handle_request: shutdown
2021-09-19 09:21:46,595 INFO    HandlerThread:2063843 [handler.py:finish():638] shutting down handler
2021-09-19 09:21:47,591 INFO    WriterThread:2063843 [datastore.py:close():288] close: /grid/koo/home/toneyan/profile/QuantPred/wandb/run-20210919_092103-adkopz76/run-adkopz76.wandb
2021-09-19 09:21:47,595 INFO    SenderThread:2063843 [sender.py:finish():945] shutting down sender
2021-09-19 09:21:47,595 INFO    SenderThread:2063843 [file_pusher.py:finish():177] shutting down file pusher
2021-09-19 09:21:47,595 INFO    SenderThread:2063843 [file_pusher.py:join():182] waiting for file pusher
2021-09-19 09:21:47,596 INFO    MainThread:2063843 [internal.py:handle_exit():78] Internal process exited
