2021-09-19 10:01:11,196 INFO    MainThread:2054691 [internal.py:wandb_internal():91] W&B internal server running at pid: 2054691, started at: 2021-09-19 10:01:11.195023
2021-09-19 10:01:11,197 DEBUG   HandlerThread:2054691 [handler.py:handle_request():124] handle_request: check_version
2021-09-19 10:01:11,197 INFO    WriterThread:2054691 [datastore.py:open_for_write():80] open: /grid/koo/home/toneyan/profile/QuantPred/wandb/run-20210919_100110-3sxuu9n8/run-3sxuu9n8.wandb
2021-09-19 10:01:11,199 DEBUG   SenderThread:2054691 [sender.py:send():179] send: header
2021-09-19 10:01:11,199 DEBUG   SenderThread:2054691 [sender.py:send_request():193] send_request: check_version
2021-09-19 10:01:11,228 DEBUG   SenderThread:2054691 [sender.py:send():179] send: run
2021-09-19 10:01:11,289 ERROR   SenderThread:2054691 [internal_api.py:execute():130] 429 response executing GraphQL.
2021-09-19 10:01:11,289 ERROR   SenderThread:2054691 [internal_api.py:execute():131] {"error":"rate limit exceeded"}

2021-09-19 10:01:12,481 ERROR   SenderThread:2054691 [internal_api.py:execute():130] 429 response executing GraphQL.
2021-09-19 10:01:12,481 ERROR   SenderThread:2054691 [internal_api.py:execute():131] {"error":"rate limit exceeded"}

2021-09-19 10:01:14,776 ERROR   SenderThread:2054691 [internal_api.py:execute():130] 429 response executing GraphQL.
2021-09-19 10:01:14,776 ERROR   SenderThread:2054691 [internal_api.py:execute():131] {"error":"rate limit exceeded"}

2021-09-19 10:01:14,777 ERROR   SenderThread:2054691 [retry.py:__call__():126] Retry attempt failed:
Traceback (most recent call last):
  File "/usr/local/lib/python3.6/dist-packages/wandb/sdk/lib/retry.py", line 102, in __call__
    result = self._call_fn(*args, **kwargs)
  File "/usr/local/lib/python3.6/dist-packages/wandb/sdk/internal/internal_api.py", line 133, in execute
    six.reraise(*sys.exc_info())
  File "/usr/local/lib/python3.6/dist-packages/six.py", line 719, in reraise
    raise value
  File "/usr/local/lib/python3.6/dist-packages/wandb/sdk/internal/internal_api.py", line 127, in execute
    return self.client.execute(*args, **kwargs)
  File "/usr/local/lib/python3.6/dist-packages/wandb/vendor/gql-0.2.0/gql/client.py", line 52, in execute
    result = self._get_result(document, *args, **kwargs)
  File "/usr/local/lib/python3.6/dist-packages/wandb/vendor/gql-0.2.0/gql/client.py", line 60, in _get_result
    return self.transport.execute(document, *args, **kwargs)
  File "/usr/local/lib/python3.6/dist-packages/wandb/vendor/gql-0.2.0/gql/transport/requests.py", line 39, in execute
    request.raise_for_status()
  File "/usr/local/lib/python3.6/dist-packages/requests/models.py", line 943, in raise_for_status
    raise HTTPError(http_error_msg, response=self)
requests.exceptions.HTTPError: 429 Client Error: Too Many Requests for url: https://api.wandb.ai/graphql
2021-09-19 10:01:19,454 INFO    SenderThread:2054691 [dir_watcher.py:__init__():168] watching files in: /grid/koo/home/toneyan/profile/QuantPred/wandb/run-20210919_100110-3sxuu9n8/files
2021-09-19 10:01:19,455 INFO    SenderThread:2054691 [sender.py:_start_run_threads():719] run started: 3sxuu9n8 with start time 1632060070
2021-09-19 10:01:19,455 DEBUG   SenderThread:2054691 [sender.py:send():179] send: summary
2021-09-19 10:01:19,455 DEBUG   HandlerThread:2054691 [handler.py:handle_request():124] handle_request: run_start
2021-09-19 10:01:19,456 INFO    SenderThread:2054691 [sender.py:_save_file():841] saving file wandb-summary.json with policy end
2021-09-19 10:01:20,456 INFO    Thread-8  :2054691 [dir_watcher.py:_on_file_created():216] file/dir created: /grid/koo/home/toneyan/profile/QuantPred/wandb/run-20210919_100110-3sxuu9n8/files/wandb-summary.json
2021-09-19 10:01:20,599 DEBUG   HandlerThread:2054691 [meta.py:__init__():39] meta init
2021-09-19 10:01:20,599 DEBUG   HandlerThread:2054691 [meta.py:__init__():53] meta init done
2021-09-19 10:01:20,599 DEBUG   HandlerThread:2054691 [meta.py:probe():210] probe
2021-09-19 10:01:20,605 DEBUG   HandlerThread:2054691 [meta.py:_save_pip():57] save pip
2021-09-19 10:01:20,606 DEBUG   HandlerThread:2054691 [meta.py:_save_pip():71] save pip done
2021-09-19 10:01:20,607 DEBUG   HandlerThread:2054691 [meta.py:probe():252] probe done
2021-09-19 10:01:20,610 DEBUG   SenderThread:2054691 [sender.py:send():179] send: files
2021-09-19 10:01:20,610 INFO    SenderThread:2054691 [sender.py:_save_file():841] saving file wandb-metadata.json with policy now
2021-09-19 10:01:20,616 DEBUG   HandlerThread:2054691 [handler.py:handle_request():124] handle_request: stop_status
2021-09-19 10:01:20,616 DEBUG   SenderThread:2054691 [sender.py:send_request():193] send_request: stop_status
2021-09-19 10:01:20,986 INFO    Thread-11 :2054691 [upload_job.py:push():137] Uploaded file /tmp/3288845.1.gpu_ded.q/tmp31wqzykewandb/106nrv3z-wandb-metadata.json
2021-09-19 10:01:21,456 INFO    Thread-8  :2054691 [dir_watcher.py:_on_file_created():216] file/dir created: /grid/koo/home/toneyan/profile/QuantPred/wandb/run-20210919_100110-3sxuu9n8/files/output.log
2021-09-19 10:01:21,456 INFO    Thread-8  :2054691 [dir_watcher.py:_on_file_created():216] file/dir created: /grid/koo/home/toneyan/profile/QuantPred/wandb/run-20210919_100110-3sxuu9n8/files/requirements.txt
2021-09-19 10:01:21,456 INFO    Thread-8  :2054691 [dir_watcher.py:_on_file_created():216] file/dir created: /grid/koo/home/toneyan/profile/QuantPred/wandb/run-20210919_100110-3sxuu9n8/files/wandb-metadata.json
2021-09-19 10:01:35,690 DEBUG   HandlerThread:2054691 [handler.py:handle_request():124] handle_request: stop_status
2021-09-19 10:01:35,690 DEBUG   SenderThread:2054691 [sender.py:send_request():193] send_request: stop_status
2021-09-19 10:01:35,746 ERROR   SenderThread:2054691 [internal_api.py:execute():130] 429 response executing GraphQL.
2021-09-19 10:01:35,746 ERROR   SenderThread:2054691 [internal_api.py:execute():131] {"error":"rate limit exceeded"}

2021-09-19 10:01:36,820 ERROR   SenderThread:2054691 [internal_api.py:execute():130] 429 response executing GraphQL.
2021-09-19 10:01:36,820 ERROR   SenderThread:2054691 [internal_api.py:execute():131] {"error":"rate limit exceeded"}

2021-09-19 10:01:38,913 ERROR   SenderThread:2054691 [internal_api.py:execute():130] 429 response executing GraphQL.
2021-09-19 10:01:38,914 ERROR   SenderThread:2054691 [internal_api.py:execute():131] {"error":"rate limit exceeded"}

2021-09-19 10:01:38,914 ERROR   SenderThread:2054691 [retry.py:__call__():126] Retry attempt failed:
Traceback (most recent call last):
  File "/usr/local/lib/python3.6/dist-packages/wandb/sdk/lib/retry.py", line 102, in __call__
    result = self._call_fn(*args, **kwargs)
  File "/usr/local/lib/python3.6/dist-packages/wandb/sdk/internal/internal_api.py", line 133, in execute
    six.reraise(*sys.exc_info())
  File "/usr/local/lib/python3.6/dist-packages/six.py", line 719, in reraise
    raise value
  File "/usr/local/lib/python3.6/dist-packages/wandb/sdk/internal/internal_api.py", line 127, in execute
    return self.client.execute(*args, **kwargs)
  File "/usr/local/lib/python3.6/dist-packages/wandb/vendor/gql-0.2.0/gql/client.py", line 52, in execute
    result = self._get_result(document, *args, **kwargs)
  File "/usr/local/lib/python3.6/dist-packages/wandb/vendor/gql-0.2.0/gql/client.py", line 60, in _get_result
    return self.transport.execute(document, *args, **kwargs)
  File "/usr/local/lib/python3.6/dist-packages/wandb/vendor/gql-0.2.0/gql/transport/requests.py", line 39, in execute
    request.raise_for_status()
  File "/usr/local/lib/python3.6/dist-packages/requests/models.py", line 943, in raise_for_status
    raise HTTPError(http_error_msg, response=self)
requests.exceptions.HTTPError: 429 Client Error: Too Many Requests for url: https://api.wandb.ai/graphql
2021-09-19 10:01:43,369 ERROR   SenderThread:2054691 [internal_api.py:execute():130] 429 response executing GraphQL.
2021-09-19 10:01:43,369 ERROR   SenderThread:2054691 [internal_api.py:execute():131] {"error":"rate limit exceeded"}

2021-09-19 10:01:52,435 DEBUG   SenderThread:2054691 [sender.py:send():179] send: stats
2021-09-19 10:02:00,461 DEBUG   HandlerThread:2054691 [handler.py:handle_request():124] handle_request: poll_exit
2021-09-19 10:02:00,461 DEBUG   SenderThread:2054691 [sender.py:send():179] send: telemetry
2021-09-19 10:02:00,462 DEBUG   SenderThread:2054691 [sender.py:send():179] send: exit
2021-09-19 10:02:00,462 INFO    SenderThread:2054691 [sender.py:send_exit():287] handling exit code: 1
2021-09-19 10:02:00,462 INFO    SenderThread:2054691 [sender.py:send_exit():295] send defer
2021-09-19 10:02:00,462 DEBUG   SenderThread:2054691 [sender.py:send_request():193] send_request: poll_exit
2021-09-19 10:02:00,462 DEBUG   HandlerThread:2054691 [handler.py:handle_request():124] handle_request: defer
2021-09-19 10:02:00,462 INFO    HandlerThread:2054691 [handler.py:handle_request_defer():141] handle defer: 0
2021-09-19 10:02:00,462 DEBUG   SenderThread:2054691 [sender.py:send_request():193] send_request: defer
2021-09-19 10:02:00,462 INFO    SenderThread:2054691 [sender.py:send_request_defer():304] handle sender defer: 0
2021-09-19 10:02:00,462 INFO    SenderThread:2054691 [sender.py:transition_state():308] send defer: 1
2021-09-19 10:02:00,463 DEBUG   HandlerThread:2054691 [handler.py:handle_request():124] handle_request: defer
2021-09-19 10:02:00,463 INFO    HandlerThread:2054691 [handler.py:handle_request_defer():141] handle defer: 1
2021-09-19 10:02:00,537 DEBUG   SenderThread:2054691 [sender.py:send_request():193] send_request: defer
2021-09-19 10:02:00,537 INFO    SenderThread:2054691 [sender.py:send_request_defer():304] handle sender defer: 1
2021-09-19 10:02:00,537 INFO    SenderThread:2054691 [sender.py:transition_state():308] send defer: 2
2021-09-19 10:02:00,537 DEBUG   SenderThread:2054691 [sender.py:send():179] send: stats
2021-09-19 10:02:00,540 DEBUG   HandlerThread:2054691 [handler.py:handle_request():124] handle_request: defer
2021-09-19 10:02:00,540 INFO    HandlerThread:2054691 [handler.py:handle_request_defer():141] handle defer: 2
2021-09-19 10:02:00,540 DEBUG   SenderThread:2054691 [sender.py:send_request():193] send_request: defer
2021-09-19 10:02:00,540 INFO    SenderThread:2054691 [sender.py:send_request_defer():304] handle sender defer: 2
2021-09-19 10:02:00,540 INFO    SenderThread:2054691 [sender.py:transition_state():308] send defer: 3
2021-09-19 10:02:00,541 DEBUG   HandlerThread:2054691 [handler.py:handle_request():124] handle_request: defer
2021-09-19 10:02:00,541 INFO    HandlerThread:2054691 [handler.py:handle_request_defer():141] handle defer: 3
2021-09-19 10:02:00,541 DEBUG   SenderThread:2054691 [sender.py:send():179] send: summary
2021-09-19 10:02:00,541 INFO    SenderThread:2054691 [sender.py:_save_file():841] saving file wandb-summary.json with policy end
2021-09-19 10:02:00,541 DEBUG   SenderThread:2054691 [sender.py:send_request():193] send_request: defer
2021-09-19 10:02:00,541 INFO    SenderThread:2054691 [sender.py:send_request_defer():304] handle sender defer: 3
2021-09-19 10:02:00,541 INFO    SenderThread:2054691 [sender.py:transition_state():308] send defer: 4
2021-09-19 10:02:00,542 DEBUG   HandlerThread:2054691 [handler.py:handle_request():124] handle_request: defer
2021-09-19 10:02:00,542 INFO    HandlerThread:2054691 [handler.py:handle_request_defer():141] handle defer: 4
2021-09-19 10:02:00,542 DEBUG   SenderThread:2054691 [sender.py:send_request():193] send_request: defer
2021-09-19 10:02:00,542 INFO    SenderThread:2054691 [sender.py:send_request_defer():304] handle sender defer: 4
2021-09-19 10:02:00,564 DEBUG   HandlerThread:2054691 [handler.py:handle_request():124] handle_request: poll_exit
2021-09-19 10:02:00,625 INFO    SenderThread:2054691 [sender.py:transition_state():308] send defer: 5
2021-09-19 10:02:00,625 DEBUG   SenderThread:2054691 [sender.py:send_request():193] send_request: poll_exit
2021-09-19 10:02:00,625 DEBUG   HandlerThread:2054691 [handler.py:handle_request():124] handle_request: defer
2021-09-19 10:02:00,625 INFO    HandlerThread:2054691 [handler.py:handle_request_defer():141] handle defer: 5
2021-09-19 10:02:00,626 DEBUG   SenderThread:2054691 [sender.py:send_request():193] send_request: defer
2021-09-19 10:02:00,626 INFO    SenderThread:2054691 [sender.py:send_request_defer():304] handle sender defer: 5
2021-09-19 10:02:00,626 INFO    SenderThread:2054691 [dir_watcher.py:finish():282] shutting down directory watcher
2021-09-19 10:02:00,727 DEBUG   HandlerThread:2054691 [handler.py:handle_request():124] handle_request: poll_exit
2021-09-19 10:02:01,462 INFO    SenderThread:2054691 [dir_watcher.py:_on_file_modified():229] file/dir modified: /grid/koo/home/toneyan/profile/QuantPred/wandb/run-20210919_100110-3sxuu9n8/files/wandb-summary.json
2021-09-19 10:02:01,462 INFO    SenderThread:2054691 [dir_watcher.py:_on_file_modified():229] file/dir modified: /grid/koo/home/toneyan/profile/QuantPred/wandb/run-20210919_100110-3sxuu9n8/files/config.yaml
2021-09-19 10:02:01,463 INFO    SenderThread:2054691 [dir_watcher.py:finish():312] scan: /grid/koo/home/toneyan/profile/QuantPred/wandb/run-20210919_100110-3sxuu9n8/files
2021-09-19 10:02:01,463 INFO    SenderThread:2054691 [dir_watcher.py:finish():318] scan save: /grid/koo/home/toneyan/profile/QuantPred/wandb/run-20210919_100110-3sxuu9n8/files/wandb-metadata.json wandb-metadata.json
2021-09-19 10:02:01,463 INFO    SenderThread:2054691 [dir_watcher.py:finish():318] scan save: /grid/koo/home/toneyan/profile/QuantPred/wandb/run-20210919_100110-3sxuu9n8/files/config.yaml config.yaml
2021-09-19 10:02:01,463 INFO    SenderThread:2054691 [dir_watcher.py:finish():318] scan save: /grid/koo/home/toneyan/profile/QuantPred/wandb/run-20210919_100110-3sxuu9n8/files/requirements.txt requirements.txt
2021-09-19 10:02:01,466 INFO    SenderThread:2054691 [dir_watcher.py:finish():318] scan save: /grid/koo/home/toneyan/profile/QuantPred/wandb/run-20210919_100110-3sxuu9n8/files/wandb-summary.json wandb-summary.json
2021-09-19 10:02:01,469 INFO    SenderThread:2054691 [dir_watcher.py:finish():318] scan save: /grid/koo/home/toneyan/profile/QuantPred/wandb/run-20210919_100110-3sxuu9n8/files/output.log output.log
2021-09-19 10:02:01,469 INFO    SenderThread:2054691 [sender.py:transition_state():308] send defer: 6
2021-09-19 10:02:01,470 DEBUG   SenderThread:2054691 [sender.py:send_request():193] send_request: poll_exit
2021-09-19 10:02:01,474 DEBUG   HandlerThread:2054691 [handler.py:handle_request():124] handle_request: defer
2021-09-19 10:02:01,474 INFO    HandlerThread:2054691 [handler.py:handle_request_defer():141] handle defer: 6
2021-09-19 10:02:01,475 DEBUG   SenderThread:2054691 [sender.py:send_request():193] send_request: defer
2021-09-19 10:02:01,475 INFO    SenderThread:2054691 [sender.py:send_request_defer():304] handle sender defer: 6
2021-09-19 10:02:01,475 INFO    SenderThread:2054691 [file_pusher.py:finish():177] shutting down file pusher
2021-09-19 10:02:01,575 DEBUG   HandlerThread:2054691 [handler.py:handle_request():124] handle_request: poll_exit
2021-09-19 10:02:01,575 DEBUG   SenderThread:2054691 [sender.py:send_request():193] send_request: poll_exit
2021-09-19 10:02:01,677 DEBUG   HandlerThread:2054691 [handler.py:handle_request():124] handle_request: poll_exit
2021-09-19 10:02:01,677 DEBUG   SenderThread:2054691 [sender.py:send_request():193] send_request: poll_exit
2021-09-19 10:02:01,769 INFO    Thread-13 :2054691 [upload_job.py:push():137] Uploaded file /grid/koo/home/toneyan/profile/QuantPred/wandb/run-20210919_100110-3sxuu9n8/files/requirements.txt
2021-09-19 10:02:01,779 DEBUG   HandlerThread:2054691 [handler.py:handle_request():124] handle_request: poll_exit
2021-09-19 10:02:01,779 DEBUG   SenderThread:2054691 [sender.py:send_request():193] send_request: poll_exit
2021-09-19 10:02:01,788 INFO    Thread-12 :2054691 [upload_job.py:push():137] Uploaded file /grid/koo/home/toneyan/profile/QuantPred/wandb/run-20210919_100110-3sxuu9n8/files/config.yaml
2021-09-19 10:02:01,882 DEBUG   HandlerThread:2054691 [handler.py:handle_request():124] handle_request: poll_exit
2021-09-19 10:02:01,882 INFO    Thread-14 :2054691 [upload_job.py:push():137] Uploaded file /grid/koo/home/toneyan/profile/QuantPred/wandb/run-20210919_100110-3sxuu9n8/files/wandb-summary.json
2021-09-19 10:02:01,882 DEBUG   SenderThread:2054691 [sender.py:send_request():193] send_request: poll_exit
2021-09-19 10:02:01,984 DEBUG   HandlerThread:2054691 [handler.py:handle_request():124] handle_request: poll_exit
2021-09-19 10:02:01,984 DEBUG   SenderThread:2054691 [sender.py:send_request():193] send_request: poll_exit
2021-09-19 10:02:02,083 INFO    Thread-7  :2054691 [sender.py:transition_state():308] send defer: 7
2021-09-19 10:02:02,083 DEBUG   HandlerThread:2054691 [handler.py:handle_request():124] handle_request: defer
2021-09-19 10:02:02,083 INFO    HandlerThread:2054691 [handler.py:handle_request_defer():141] handle defer: 7
2021-09-19 10:02:02,083 DEBUG   SenderThread:2054691 [sender.py:send_request():193] send_request: defer
2021-09-19 10:02:02,084 INFO    SenderThread:2054691 [sender.py:send_request_defer():304] handle sender defer: 7
2021-09-19 10:02:02,086 DEBUG   HandlerThread:2054691 [handler.py:handle_request():124] handle_request: poll_exit
2021-09-19 10:02:02,190 INFO    SenderThread:2054691 [sender.py:transition_state():308] send defer: 8
2021-09-19 10:02:02,190 DEBUG   SenderThread:2054691 [sender.py:send_request():193] send_request: poll_exit
2021-09-19 10:02:02,190 DEBUG   HandlerThread:2054691 [handler.py:handle_request():124] handle_request: defer
2021-09-19 10:02:02,190 INFO    HandlerThread:2054691 [handler.py:handle_request_defer():141] handle defer: 8
2021-09-19 10:02:02,191 DEBUG   SenderThread:2054691 [sender.py:send_request():193] send_request: defer
2021-09-19 10:02:02,191 INFO    SenderThread:2054691 [sender.py:send_request_defer():304] handle sender defer: 8
2021-09-19 10:02:02,191 INFO    SenderThread:2054691 [sender.py:transition_state():308] send defer: 9
2021-09-19 10:02:02,191 DEBUG   SenderThread:2054691 [sender.py:send():179] send: final
2021-09-19 10:02:02,191 DEBUG   HandlerThread:2054691 [handler.py:handle_request():124] handle_request: defer
2021-09-19 10:02:02,191 DEBUG   SenderThread:2054691 [sender.py:send():179] send: footer
2021-09-19 10:02:02,191 INFO    HandlerThread:2054691 [handler.py:handle_request_defer():141] handle defer: 9
2021-09-19 10:02:02,191 DEBUG   SenderThread:2054691 [sender.py:send_request():193] send_request: defer
2021-09-19 10:02:02,192 INFO    SenderThread:2054691 [sender.py:send_request_defer():304] handle sender defer: 9
2021-09-19 10:02:02,292 DEBUG   HandlerThread:2054691 [handler.py:handle_request():124] handle_request: poll_exit
2021-09-19 10:02:02,292 DEBUG   SenderThread:2054691 [sender.py:send_request():193] send_request: poll_exit
2021-09-19 10:02:02,293 INFO    SenderThread:2054691 [file_pusher.py:join():182] waiting for file pusher
2021-09-19 10:02:02,294 DEBUG   HandlerThread:2054691 [handler.py:handle_request():124] handle_request: get_summary
2021-09-19 10:02:02,294 DEBUG   HandlerThread:2054691 [handler.py:handle_request():124] handle_request: sampled_history
2021-09-19 10:02:02,294 DEBUG   HandlerThread:2054691 [handler.py:handle_request():124] handle_request: shutdown
2021-09-19 10:02:02,294 INFO    HandlerThread:2054691 [handler.py:finish():638] shutting down handler
2021-09-19 10:02:03,191 INFO    WriterThread:2054691 [datastore.py:close():288] close: /grid/koo/home/toneyan/profile/QuantPred/wandb/run-20210919_100110-3sxuu9n8/run-3sxuu9n8.wandb
2021-09-19 10:02:03,293 INFO    SenderThread:2054691 [sender.py:finish():945] shutting down sender
2021-09-19 10:02:03,293 INFO    SenderThread:2054691 [file_pusher.py:finish():177] shutting down file pusher
2021-09-19 10:02:03,293 INFO    SenderThread:2054691 [file_pusher.py:join():182] waiting for file pusher
2021-09-19 10:02:03,294 INFO    MainThread:2054691 [internal.py:handle_exit():78] Internal process exited
