2021-09-19 09:41:30,253 INFO    MainThread:1642403 [internal.py:wandb_internal():91] W&B internal server running at pid: 1642403, started at: 2021-09-19 09:41:30.252967
2021-09-19 09:41:30,255 DEBUG   HandlerThread:1642403 [handler.py:handle_request():124] handle_request: check_version
2021-09-19 09:41:30,255 INFO    WriterThread:1642403 [datastore.py:open_for_write():80] open: /grid/koo/home/toneyan/profile/QuantPred/wandb/run-20210919_094129-b0aeoti4/run-b0aeoti4.wandb
2021-09-19 09:41:30,257 DEBUG   SenderThread:1642403 [sender.py:send():179] send: header
2021-09-19 09:41:30,257 DEBUG   SenderThread:1642403 [sender.py:send_request():193] send_request: check_version
2021-09-19 09:41:30,286 DEBUG   SenderThread:1642403 [sender.py:send():179] send: run
2021-09-19 09:41:30,390 INFO    SenderThread:1642403 [dir_watcher.py:__init__():168] watching files in: /grid/koo/home/toneyan/profile/QuantPred/wandb/run-20210919_094129-b0aeoti4/files
2021-09-19 09:41:30,390 INFO    SenderThread:1642403 [sender.py:_start_run_threads():719] run started: b0aeoti4 with start time 1632058889
2021-09-19 09:41:30,390 DEBUG   SenderThread:1642403 [sender.py:send():179] send: summary
2021-09-19 09:41:30,391 DEBUG   HandlerThread:1642403 [handler.py:handle_request():124] handle_request: run_start
2021-09-19 09:41:30,391 INFO    SenderThread:1642403 [sender.py:_save_file():841] saving file wandb-summary.json with policy end
2021-09-19 09:41:31,393 INFO    Thread-8  :1642403 [dir_watcher.py:_on_file_created():216] file/dir created: /grid/koo/home/toneyan/profile/QuantPred/wandb/run-20210919_094129-b0aeoti4/files/wandb-summary.json
2021-09-19 09:41:31,535 DEBUG   HandlerThread:1642403 [meta.py:__init__():39] meta init
2021-09-19 09:41:31,535 DEBUG   HandlerThread:1642403 [meta.py:__init__():53] meta init done
2021-09-19 09:41:31,535 DEBUG   HandlerThread:1642403 [meta.py:probe():210] probe
2021-09-19 09:41:31,542 DEBUG   HandlerThread:1642403 [meta.py:_save_pip():57] save pip
2021-09-19 09:41:31,544 DEBUG   HandlerThread:1642403 [meta.py:_save_pip():71] save pip done
2021-09-19 09:41:31,544 DEBUG   HandlerThread:1642403 [meta.py:probe():252] probe done
2021-09-19 09:41:31,546 DEBUG   SenderThread:1642403 [sender.py:send():179] send: files
2021-09-19 09:41:31,546 INFO    SenderThread:1642403 [sender.py:_save_file():841] saving file wandb-metadata.json with policy now
2021-09-19 09:41:31,551 DEBUG   HandlerThread:1642403 [handler.py:handle_request():124] handle_request: stop_status
2021-09-19 09:41:31,551 DEBUG   SenderThread:1642403 [sender.py:send_request():193] send_request: stop_status
2021-09-19 09:41:32,006 INFO    Thread-11 :1642403 [upload_job.py:push():137] Uploaded file /tmp/3288845.1.gpu_ded.q/tmpj_2jxb_1wandb/eky7vxsf-wandb-metadata.json
2021-09-19 09:41:32,392 INFO    Thread-8  :1642403 [dir_watcher.py:_on_file_created():216] file/dir created: /grid/koo/home/toneyan/profile/QuantPred/wandb/run-20210919_094129-b0aeoti4/files/output.log
2021-09-19 09:41:32,392 INFO    Thread-8  :1642403 [dir_watcher.py:_on_file_created():216] file/dir created: /grid/koo/home/toneyan/profile/QuantPred/wandb/run-20210919_094129-b0aeoti4/files/wandb-metadata.json
2021-09-19 09:41:32,393 INFO    Thread-8  :1642403 [dir_watcher.py:_on_file_created():216] file/dir created: /grid/koo/home/toneyan/profile/QuantPred/wandb/run-20210919_094129-b0aeoti4/files/requirements.txt
2021-09-19 09:41:46,611 DEBUG   HandlerThread:1642403 [handler.py:handle_request():124] handle_request: stop_status
2021-09-19 09:41:46,611 DEBUG   SenderThread:1642403 [sender.py:send_request():193] send_request: stop_status
2021-09-19 09:41:59,933 DEBUG   SenderThread:1642403 [sender.py:send():179] send: stats
2021-09-19 09:42:01,673 DEBUG   HandlerThread:1642403 [handler.py:handle_request():124] handle_request: stop_status
2021-09-19 09:42:01,674 DEBUG   SenderThread:1642403 [sender.py:send_request():193] send_request: stop_status
2021-09-19 09:42:05,339 DEBUG   HandlerThread:1642403 [handler.py:handle_request():124] handle_request: poll_exit
2021-09-19 09:42:05,339 DEBUG   SenderThread:1642403 [sender.py:send():179] send: telemetry
2021-09-19 09:42:05,340 DEBUG   SenderThread:1642403 [sender.py:send():179] send: exit
2021-09-19 09:42:05,340 INFO    SenderThread:1642403 [sender.py:send_exit():287] handling exit code: 1
2021-09-19 09:42:05,340 INFO    SenderThread:1642403 [sender.py:send_exit():295] send defer
2021-09-19 09:42:05,340 DEBUG   SenderThread:1642403 [sender.py:send_request():193] send_request: poll_exit
2021-09-19 09:42:05,340 DEBUG   HandlerThread:1642403 [handler.py:handle_request():124] handle_request: defer
2021-09-19 09:42:05,340 INFO    HandlerThread:1642403 [handler.py:handle_request_defer():141] handle defer: 0
2021-09-19 09:42:05,340 DEBUG   SenderThread:1642403 [sender.py:send_request():193] send_request: defer
2021-09-19 09:42:05,340 INFO    SenderThread:1642403 [sender.py:send_request_defer():304] handle sender defer: 0
2021-09-19 09:42:05,341 INFO    SenderThread:1642403 [sender.py:transition_state():308] send defer: 1
2021-09-19 09:42:05,341 DEBUG   HandlerThread:1642403 [handler.py:handle_request():124] handle_request: defer
2021-09-19 09:42:05,341 INFO    HandlerThread:1642403 [handler.py:handle_request_defer():141] handle defer: 1
2021-09-19 09:42:05,404 DEBUG   SenderThread:1642403 [sender.py:send_request():193] send_request: defer
2021-09-19 09:42:05,404 INFO    SenderThread:1642403 [sender.py:send_request_defer():304] handle sender defer: 1
2021-09-19 09:42:05,405 INFO    SenderThread:1642403 [sender.py:transition_state():308] send defer: 2
2021-09-19 09:42:05,405 DEBUG   SenderThread:1642403 [sender.py:send():179] send: stats
2021-09-19 09:42:05,405 DEBUG   HandlerThread:1642403 [handler.py:handle_request():124] handle_request: defer
2021-09-19 09:42:05,407 INFO    HandlerThread:1642403 [handler.py:handle_request_defer():141] handle defer: 2
2021-09-19 09:42:05,407 DEBUG   SenderThread:1642403 [sender.py:send_request():193] send_request: defer
2021-09-19 09:42:05,407 INFO    SenderThread:1642403 [sender.py:send_request_defer():304] handle sender defer: 2
2021-09-19 09:42:05,407 INFO    SenderThread:1642403 [sender.py:transition_state():308] send defer: 3
2021-09-19 09:42:05,408 DEBUG   HandlerThread:1642403 [handler.py:handle_request():124] handle_request: defer
2021-09-19 09:42:05,408 INFO    HandlerThread:1642403 [handler.py:handle_request_defer():141] handle defer: 3
2021-09-19 09:42:05,408 DEBUG   SenderThread:1642403 [sender.py:send():179] send: summary
2021-09-19 09:42:05,408 INFO    SenderThread:1642403 [sender.py:_save_file():841] saving file wandb-summary.json with policy end
2021-09-19 09:42:05,408 DEBUG   SenderThread:1642403 [sender.py:send_request():193] send_request: defer
2021-09-19 09:42:05,408 INFO    SenderThread:1642403 [sender.py:send_request_defer():304] handle sender defer: 3
2021-09-19 09:42:05,408 INFO    SenderThread:1642403 [sender.py:transition_state():308] send defer: 4
2021-09-19 09:42:05,409 DEBUG   HandlerThread:1642403 [handler.py:handle_request():124] handle_request: defer
2021-09-19 09:42:05,409 INFO    HandlerThread:1642403 [handler.py:handle_request_defer():141] handle defer: 4
2021-09-19 09:42:05,409 DEBUG   SenderThread:1642403 [sender.py:send_request():193] send_request: defer
2021-09-19 09:42:05,409 INFO    SenderThread:1642403 [sender.py:send_request_defer():304] handle sender defer: 4
2021-09-19 09:42:05,441 DEBUG   HandlerThread:1642403 [handler.py:handle_request():124] handle_request: poll_exit
2021-09-19 09:42:05,466 ERROR   SenderThread:1642403 [internal_api.py:execute():130] 429 response executing GraphQL.
2021-09-19 09:42:05,467 ERROR   SenderThread:1642403 [internal_api.py:execute():131] {"error":"rate limit exceeded"}

2021-09-19 09:42:06,403 INFO    Thread-8  :1642403 [dir_watcher.py:_on_file_modified():229] file/dir modified: /grid/koo/home/toneyan/profile/QuantPred/wandb/run-20210919_094129-b0aeoti4/files/wandb-summary.json
2021-09-19 09:42:06,722 ERROR   SenderThread:1642403 [internal_api.py:execute():130] 429 response executing GraphQL.
2021-09-19 09:42:06,722 ERROR   SenderThread:1642403 [internal_api.py:execute():131] {"error":"rate limit exceeded"}

2021-09-19 09:42:09,186 ERROR   SenderThread:1642403 [internal_api.py:execute():130] 429 response executing GraphQL.
2021-09-19 09:42:09,186 ERROR   SenderThread:1642403 [internal_api.py:execute():131] {"error":"rate limit exceeded"}

2021-09-19 09:42:09,186 ERROR   SenderThread:1642403 [retry.py:__call__():126] Retry attempt failed:
Traceback (most recent call last):
  File "/usr/local/lib/python3.6/dist-packages/wandb/sdk/lib/retry.py", line 102, in __call__
    result = self._call_fn(*args, **kwargs)
  File "/usr/local/lib/python3.6/dist-packages/wandb/sdk/internal/internal_api.py", line 133, in execute
    six.reraise(*sys.exc_info())
  File "/usr/local/lib/python3.6/dist-packages/six.py", line 719, in reraise
    raise value
  File "/usr/local/lib/python3.6/dist-packages/wandb/sdk/internal/internal_api.py", line 127, in execute
    return self.client.execute(*args, **kwargs)
  File "/usr/local/lib/python3.6/dist-packages/wandb/vendor/gql-0.2.0/gql/client.py", line 52, in execute
    result = self._get_result(document, *args, **kwargs)
  File "/usr/local/lib/python3.6/dist-packages/wandb/vendor/gql-0.2.0/gql/client.py", line 60, in _get_result
    return self.transport.execute(document, *args, **kwargs)
  File "/usr/local/lib/python3.6/dist-packages/wandb/vendor/gql-0.2.0/gql/transport/requests.py", line 39, in execute
    request.raise_for_status()
  File "/usr/local/lib/python3.6/dist-packages/requests/models.py", line 943, in raise_for_status
    raise HTTPError(http_error_msg, response=self)
requests.exceptions.HTTPError: 429 Client Error: Too Many Requests for url: https://api.wandb.ai/graphql
2021-09-19 09:42:10,542 DEBUG   HandlerThread:1642403 [handler.py:handle_request():124] handle_request: poll_exit
2021-09-19 09:42:13,555 ERROR   SenderThread:1642403 [internal_api.py:execute():130] 429 response executing GraphQL.
2021-09-19 09:42:13,556 ERROR   SenderThread:1642403 [internal_api.py:execute():131] {"error":"rate limit exceeded"}

2021-09-19 09:42:15,643 DEBUG   HandlerThread:1642403 [handler.py:handle_request():124] handle_request: poll_exit
2021-09-19 09:42:20,743 DEBUG   HandlerThread:1642403 [handler.py:handle_request():124] handle_request: poll_exit
2021-09-19 09:42:21,686 INFO    SenderThread:1642403 [sender.py:transition_state():308] send defer: 5
2021-09-19 09:42:21,687 DEBUG   SenderThread:1642403 [sender.py:send_request():193] send_request: poll_exit
2021-09-19 09:42:21,687 DEBUG   SenderThread:1642403 [sender.py:send_request():193] send_request: poll_exit
2021-09-19 09:42:21,687 DEBUG   HandlerThread:1642403 [handler.py:handle_request():124] handle_request: defer
2021-09-19 09:42:21,687 DEBUG   SenderThread:1642403 [sender.py:send_request():193] send_request: poll_exit
2021-09-19 09:42:21,687 INFO    HandlerThread:1642403 [handler.py:handle_request_defer():141] handle defer: 5
2021-09-19 09:42:21,687 DEBUG   SenderThread:1642403 [sender.py:send_request():193] send_request: poll_exit
2021-09-19 09:42:21,688 DEBUG   SenderThread:1642403 [sender.py:send_request():193] send_request: defer
2021-09-19 09:42:21,688 INFO    SenderThread:1642403 [sender.py:send_request_defer():304] handle sender defer: 5
2021-09-19 09:42:21,688 INFO    SenderThread:1642403 [dir_watcher.py:finish():282] shutting down directory watcher
2021-09-19 09:42:21,797 DEBUG   HandlerThread:1642403 [handler.py:handle_request():124] handle_request: poll_exit
2021-09-19 09:42:22,406 INFO    SenderThread:1642403 [dir_watcher.py:_on_file_modified():229] file/dir modified: /grid/koo/home/toneyan/profile/QuantPred/wandb/run-20210919_094129-b0aeoti4/files/config.yaml
2021-09-19 09:42:22,406 INFO    SenderThread:1642403 [dir_watcher.py:finish():312] scan: /grid/koo/home/toneyan/profile/QuantPred/wandb/run-20210919_094129-b0aeoti4/files
2021-09-19 09:42:22,406 INFO    SenderThread:1642403 [dir_watcher.py:finish():318] scan save: /grid/koo/home/toneyan/profile/QuantPred/wandb/run-20210919_094129-b0aeoti4/files/wandb-metadata.json wandb-metadata.json
2021-09-19 09:42:22,406 INFO    SenderThread:1642403 [dir_watcher.py:finish():318] scan save: /grid/koo/home/toneyan/profile/QuantPred/wandb/run-20210919_094129-b0aeoti4/files/config.yaml config.yaml
2021-09-19 09:42:22,406 INFO    SenderThread:1642403 [dir_watcher.py:finish():318] scan save: /grid/koo/home/toneyan/profile/QuantPred/wandb/run-20210919_094129-b0aeoti4/files/requirements.txt requirements.txt
2021-09-19 09:42:22,407 INFO    SenderThread:1642403 [dir_watcher.py:finish():318] scan save: /grid/koo/home/toneyan/profile/QuantPred/wandb/run-20210919_094129-b0aeoti4/files/wandb-summary.json wandb-summary.json
2021-09-19 09:42:22,412 INFO    SenderThread:1642403 [dir_watcher.py:finish():318] scan save: /grid/koo/home/toneyan/profile/QuantPred/wandb/run-20210919_094129-b0aeoti4/files/output.log output.log
2021-09-19 09:42:22,413 INFO    SenderThread:1642403 [sender.py:transition_state():308] send defer: 6
2021-09-19 09:42:22,413 DEBUG   SenderThread:1642403 [sender.py:send_request():193] send_request: poll_exit
2021-09-19 09:42:22,418 DEBUG   HandlerThread:1642403 [handler.py:handle_request():124] handle_request: defer
2021-09-19 09:42:22,418 INFO    HandlerThread:1642403 [handler.py:handle_request_defer():141] handle defer: 6
2021-09-19 09:42:22,418 DEBUG   SenderThread:1642403 [sender.py:send_request():193] send_request: defer
2021-09-19 09:42:22,418 INFO    SenderThread:1642403 [sender.py:send_request_defer():304] handle sender defer: 6
2021-09-19 09:42:22,418 INFO    SenderThread:1642403 [file_pusher.py:finish():177] shutting down file pusher
2021-09-19 09:42:22,524 DEBUG   HandlerThread:1642403 [handler.py:handle_request():124] handle_request: poll_exit
2021-09-19 09:42:22,524 DEBUG   SenderThread:1642403 [sender.py:send_request():193] send_request: poll_exit
2021-09-19 09:42:22,625 DEBUG   HandlerThread:1642403 [handler.py:handle_request():124] handle_request: poll_exit
2021-09-19 09:42:22,626 DEBUG   SenderThread:1642403 [sender.py:send_request():193] send_request: poll_exit
2021-09-19 09:42:22,727 DEBUG   HandlerThread:1642403 [handler.py:handle_request():124] handle_request: poll_exit
2021-09-19 09:42:22,727 DEBUG   SenderThread:1642403 [sender.py:send_request():193] send_request: poll_exit
2021-09-19 09:42:22,770 INFO    Thread-13 :1642403 [upload_job.py:push():137] Uploaded file /grid/koo/home/toneyan/profile/QuantPred/wandb/run-20210919_094129-b0aeoti4/files/requirements.txt
2021-09-19 09:42:22,819 INFO    Thread-12 :1642403 [upload_job.py:push():137] Uploaded file /grid/koo/home/toneyan/profile/QuantPred/wandb/run-20210919_094129-b0aeoti4/files/config.yaml
2021-09-19 09:42:22,829 DEBUG   HandlerThread:1642403 [handler.py:handle_request():124] handle_request: poll_exit
2021-09-19 09:42:22,829 DEBUG   SenderThread:1642403 [sender.py:send_request():193] send_request: poll_exit
2021-09-19 09:42:22,841 INFO    Thread-14 :1642403 [upload_job.py:push():137] Uploaded file /grid/koo/home/toneyan/profile/QuantPred/wandb/run-20210919_094129-b0aeoti4/files/wandb-summary.json
2021-09-19 09:42:22,931 DEBUG   HandlerThread:1642403 [handler.py:handle_request():124] handle_request: poll_exit
2021-09-19 09:42:22,931 DEBUG   SenderThread:1642403 [sender.py:send_request():193] send_request: poll_exit
2021-09-19 09:42:23,033 DEBUG   HandlerThread:1642403 [handler.py:handle_request():124] handle_request: poll_exit
2021-09-19 09:42:23,033 DEBUG   SenderThread:1642403 [sender.py:send_request():193] send_request: poll_exit
2021-09-19 09:42:23,041 INFO    Thread-7  :1642403 [sender.py:transition_state():308] send defer: 7
2021-09-19 09:42:23,042 DEBUG   HandlerThread:1642403 [handler.py:handle_request():124] handle_request: defer
2021-09-19 09:42:23,042 INFO    HandlerThread:1642403 [handler.py:handle_request_defer():141] handle defer: 7
2021-09-19 09:42:23,042 DEBUG   SenderThread:1642403 [sender.py:send_request():193] send_request: defer
2021-09-19 09:42:23,042 INFO    SenderThread:1642403 [sender.py:send_request_defer():304] handle sender defer: 7
2021-09-19 09:42:23,097 INFO    SenderThread:1642403 [sender.py:transition_state():308] send defer: 8
2021-09-19 09:42:23,098 DEBUG   HandlerThread:1642403 [handler.py:handle_request():124] handle_request: defer
2021-09-19 09:42:23,098 INFO    HandlerThread:1642403 [handler.py:handle_request_defer():141] handle defer: 8
2021-09-19 09:42:23,098 DEBUG   SenderThread:1642403 [sender.py:send_request():193] send_request: defer
2021-09-19 09:42:23,098 INFO    SenderThread:1642403 [sender.py:send_request_defer():304] handle sender defer: 8
2021-09-19 09:42:23,098 INFO    SenderThread:1642403 [sender.py:transition_state():308] send defer: 9
2021-09-19 09:42:23,098 DEBUG   SenderThread:1642403 [sender.py:send():179] send: final
2021-09-19 09:42:23,098 DEBUG   HandlerThread:1642403 [handler.py:handle_request():124] handle_request: defer
2021-09-19 09:42:23,098 DEBUG   SenderThread:1642403 [sender.py:send():179] send: footer
2021-09-19 09:42:23,098 INFO    HandlerThread:1642403 [handler.py:handle_request_defer():141] handle defer: 9
2021-09-19 09:42:23,099 DEBUG   SenderThread:1642403 [sender.py:send_request():193] send_request: defer
2021-09-19 09:42:23,099 INFO    SenderThread:1642403 [sender.py:send_request_defer():304] handle sender defer: 9
2021-09-19 09:42:23,135 DEBUG   HandlerThread:1642403 [handler.py:handle_request():124] handle_request: poll_exit
2021-09-19 09:42:23,135 DEBUG   SenderThread:1642403 [sender.py:send_request():193] send_request: poll_exit
2021-09-19 09:42:23,135 INFO    SenderThread:1642403 [file_pusher.py:join():182] waiting for file pusher
2021-09-19 09:42:23,136 DEBUG   HandlerThread:1642403 [handler.py:handle_request():124] handle_request: get_summary
2021-09-19 09:42:23,136 DEBUG   HandlerThread:1642403 [handler.py:handle_request():124] handle_request: sampled_history
2021-09-19 09:42:23,137 DEBUG   HandlerThread:1642403 [handler.py:handle_request():124] handle_request: shutdown
2021-09-19 09:42:23,137 INFO    HandlerThread:1642403 [handler.py:finish():638] shutting down handler
2021-09-19 09:42:24,099 INFO    WriterThread:1642403 [datastore.py:close():288] close: /grid/koo/home/toneyan/profile/QuantPred/wandb/run-20210919_094129-b0aeoti4/run-b0aeoti4.wandb
2021-09-19 09:42:24,135 INFO    SenderThread:1642403 [sender.py:finish():945] shutting down sender
2021-09-19 09:42:24,135 INFO    SenderThread:1642403 [file_pusher.py:finish():177] shutting down file pusher
2021-09-19 09:42:24,135 INFO    SenderThread:1642403 [file_pusher.py:join():182] waiting for file pusher
2021-09-19 09:42:24,137 INFO    MainThread:1642403 [internal.py:handle_exit():78] Internal process exited
