2021-09-18 16:59:53,844 INFO    MainThread:1212275 [internal.py:wandb_internal():91] W&B internal server running at pid: 1212275, started at: 2021-09-18 16:59:53.843550
2021-09-18 16:59:53,846 DEBUG   HandlerThread:1212275 [handler.py:handle_request():124] handle_request: check_version
2021-09-18 16:59:53,846 INFO    WriterThread:1212275 [datastore.py:open_for_write():80] open: /grid/koo/home/toneyan/profile/QuantPred/wandb/run-20210918_165953-odht9q8e/run-odht9q8e.wandb
2021-09-18 16:59:53,848 DEBUG   SenderThread:1212275 [sender.py:send():179] send: header
2021-09-18 16:59:53,848 DEBUG   SenderThread:1212275 [sender.py:send_request():193] send_request: check_version
2021-09-18 16:59:53,876 DEBUG   SenderThread:1212275 [sender.py:send():179] send: run
2021-09-18 16:59:53,955 INFO    SenderThread:1212275 [dir_watcher.py:__init__():168] watching files in: /grid/koo/home/toneyan/profile/QuantPred/wandb/run-20210918_165953-odht9q8e/files
2021-09-18 16:59:53,956 INFO    SenderThread:1212275 [sender.py:_start_run_threads():719] run started: odht9q8e with start time 1631998793
2021-09-18 16:59:53,956 DEBUG   SenderThread:1212275 [sender.py:send():179] send: summary
2021-09-18 16:59:53,956 INFO    SenderThread:1212275 [sender.py:_save_file():841] saving file wandb-summary.json with policy end
2021-09-18 16:59:53,958 DEBUG   HandlerThread:1212275 [handler.py:handle_request():124] handle_request: run_start
2021-09-18 16:59:54,959 INFO    Thread-8  :1212275 [dir_watcher.py:_on_file_created():216] file/dir created: /grid/koo/home/toneyan/profile/QuantPred/wandb/run-20210918_165953-odht9q8e/files/wandb-summary.json
2021-09-18 16:59:55,080 DEBUG   HandlerThread:1212275 [meta.py:__init__():39] meta init
2021-09-18 16:59:55,080 DEBUG   HandlerThread:1212275 [meta.py:__init__():53] meta init done
2021-09-18 16:59:55,080 DEBUG   HandlerThread:1212275 [meta.py:probe():210] probe
2021-09-18 16:59:55,086 DEBUG   HandlerThread:1212275 [meta.py:_save_pip():57] save pip
2021-09-18 16:59:55,087 DEBUG   HandlerThread:1212275 [meta.py:_save_pip():71] save pip done
2021-09-18 16:59:55,087 DEBUG   HandlerThread:1212275 [meta.py:probe():252] probe done
2021-09-18 16:59:55,089 DEBUG   SenderThread:1212275 [sender.py:send():179] send: files
2021-09-18 16:59:55,089 INFO    SenderThread:1212275 [sender.py:_save_file():841] saving file wandb-metadata.json with policy now
2021-09-18 16:59:55,096 DEBUG   HandlerThread:1212275 [handler.py:handle_request():124] handle_request: stop_status
2021-09-18 16:59:55,096 DEBUG   SenderThread:1212275 [sender.py:send_request():193] send_request: stop_status
2021-09-18 16:59:55,149 ERROR   SenderThread:1212275 [internal_api.py:execute():130] 429 response executing GraphQL.
2021-09-18 16:59:55,150 ERROR   SenderThread:1212275 [internal_api.py:execute():131] {"error":"rate limit exceeded"}

2021-09-18 16:59:55,151 ERROR   Thread-11 :1212275 [internal_api.py:execute():130] 429 response executing GraphQL.
2021-09-18 16:59:55,151 ERROR   Thread-11 :1212275 [internal_api.py:execute():131] {"error":"rate limit exceeded"}

2021-09-18 16:59:55,958 INFO    Thread-8  :1212275 [dir_watcher.py:_on_file_created():216] file/dir created: /grid/koo/home/toneyan/profile/QuantPred/wandb/run-20210918_165953-odht9q8e/files/wandb-metadata.json
2021-09-18 16:59:55,959 INFO    Thread-8  :1212275 [dir_watcher.py:_on_file_created():216] file/dir created: /grid/koo/home/toneyan/profile/QuantPred/wandb/run-20210918_165953-odht9q8e/files/output.log
2021-09-18 16:59:55,959 INFO    Thread-8  :1212275 [dir_watcher.py:_on_file_created():216] file/dir created: /grid/koo/home/toneyan/profile/QuantPred/wandb/run-20210918_165953-odht9q8e/files/requirements.txt
2021-09-18 16:59:56,212 ERROR   Thread-11 :1212275 [internal_api.py:execute():130] 429 response executing GraphQL.
2021-09-18 16:59:56,213 ERROR   Thread-11 :1212275 [internal_api.py:execute():131] {"error":"rate limit exceeded"}

2021-09-18 16:59:56,439 ERROR   SenderThread:1212275 [internal_api.py:execute():130] 429 response executing GraphQL.
2021-09-18 16:59:56,440 ERROR   SenderThread:1212275 [internal_api.py:execute():131] {"error":"rate limit exceeded"}

2021-09-18 16:59:56,440 ERROR   SenderThread:1212275 [retry.py:__call__():126] Retry attempt failed:
Traceback (most recent call last):
  File "/usr/local/lib/python3.6/dist-packages/wandb/sdk/lib/retry.py", line 102, in __call__
    result = self._call_fn(*args, **kwargs)
  File "/usr/local/lib/python3.6/dist-packages/wandb/sdk/internal/internal_api.py", line 133, in execute
    six.reraise(*sys.exc_info())
  File "/usr/local/lib/python3.6/dist-packages/six.py", line 719, in reraise
    raise value
  File "/usr/local/lib/python3.6/dist-packages/wandb/sdk/internal/internal_api.py", line 127, in execute
    return self.client.execute(*args, **kwargs)
  File "/usr/local/lib/python3.6/dist-packages/wandb/vendor/gql-0.2.0/gql/client.py", line 52, in execute
    result = self._get_result(document, *args, **kwargs)
  File "/usr/local/lib/python3.6/dist-packages/wandb/vendor/gql-0.2.0/gql/client.py", line 60, in _get_result
    return self.transport.execute(document, *args, **kwargs)
  File "/usr/local/lib/python3.6/dist-packages/wandb/vendor/gql-0.2.0/gql/transport/requests.py", line 39, in execute
    request.raise_for_status()
  File "/usr/local/lib/python3.6/dist-packages/requests/models.py", line 943, in raise_for_status
    raise HTTPError(http_error_msg, response=self)
requests.exceptions.HTTPError: 429 Client Error: Too Many Requests for url: https://api.wandb.ai/graphql
2021-09-18 16:59:58,378 ERROR   Thread-11 :1212275 [internal_api.py:execute():130] 429 response executing GraphQL.
2021-09-18 16:59:58,378 ERROR   Thread-11 :1212275 [internal_api.py:execute():131] {"error":"rate limit exceeded"}

2021-09-18 16:59:58,525 ERROR   SenderThread:1212275 [internal_api.py:execute():130] 429 response executing GraphQL.
2021-09-18 16:59:58,525 ERROR   SenderThread:1212275 [internal_api.py:execute():131] {"error":"rate limit exceeded"}

2021-09-18 17:00:03,494 INFO    Thread-11 :1212275 [upload_job.py:push():137] Uploaded file /tmp/3288848.1.gpu_ded.q/tmpt_5zr_63wandb/3kkeme76-wandb-metadata.json
2021-09-18 17:00:18,176 DEBUG   HandlerThread:1212275 [handler.py:handle_request():124] handle_request: stop_status
2021-09-18 17:00:18,176 DEBUG   SenderThread:1212275 [sender.py:send_request():193] send_request: stop_status
2021-09-18 17:00:23,454 DEBUG   SenderThread:1212275 [sender.py:send():179] send: stats
2021-09-18 17:00:28,178 DEBUG   HandlerThread:1212275 [handler.py:handle_request():124] handle_request: poll_exit
2021-09-18 17:00:28,178 DEBUG   SenderThread:1212275 [sender.py:send():179] send: telemetry
2021-09-18 17:00:28,178 DEBUG   SenderThread:1212275 [sender.py:send():179] send: exit
2021-09-18 17:00:28,179 INFO    SenderThread:1212275 [sender.py:send_exit():287] handling exit code: 1
2021-09-18 17:00:28,179 INFO    SenderThread:1212275 [sender.py:send_exit():295] send defer
2021-09-18 17:00:28,179 DEBUG   SenderThread:1212275 [sender.py:send_request():193] send_request: poll_exit
2021-09-18 17:00:28,179 DEBUG   HandlerThread:1212275 [handler.py:handle_request():124] handle_request: defer
2021-09-18 17:00:28,179 INFO    HandlerThread:1212275 [handler.py:handle_request_defer():141] handle defer: 0
2021-09-18 17:00:28,179 DEBUG   SenderThread:1212275 [sender.py:send_request():193] send_request: defer
2021-09-18 17:00:28,179 INFO    SenderThread:1212275 [sender.py:send_request_defer():304] handle sender defer: 0
2021-09-18 17:00:28,179 INFO    SenderThread:1212275 [sender.py:transition_state():308] send defer: 1
2021-09-18 17:00:28,180 DEBUG   HandlerThread:1212275 [handler.py:handle_request():124] handle_request: defer
2021-09-18 17:00:28,180 INFO    HandlerThread:1212275 [handler.py:handle_request_defer():141] handle defer: 1
2021-09-18 17:00:28,226 DEBUG   SenderThread:1212275 [sender.py:send_request():193] send_request: defer
2021-09-18 17:00:28,226 INFO    SenderThread:1212275 [sender.py:send_request_defer():304] handle sender defer: 1
2021-09-18 17:00:28,227 INFO    SenderThread:1212275 [sender.py:transition_state():308] send defer: 2
2021-09-18 17:00:28,227 DEBUG   SenderThread:1212275 [sender.py:send():179] send: stats
2021-09-18 17:00:28,227 DEBUG   HandlerThread:1212275 [handler.py:handle_request():124] handle_request: defer
2021-09-18 17:00:28,229 INFO    HandlerThread:1212275 [handler.py:handle_request_defer():141] handle defer: 2
2021-09-18 17:00:28,229 DEBUG   SenderThread:1212275 [sender.py:send_request():193] send_request: defer
2021-09-18 17:00:28,229 INFO    SenderThread:1212275 [sender.py:send_request_defer():304] handle sender defer: 2
2021-09-18 17:00:28,229 INFO    SenderThread:1212275 [sender.py:transition_state():308] send defer: 3
2021-09-18 17:00:28,229 DEBUG   HandlerThread:1212275 [handler.py:handle_request():124] handle_request: defer
2021-09-18 17:00:28,230 INFO    HandlerThread:1212275 [handler.py:handle_request_defer():141] handle defer: 3
2021-09-18 17:00:28,230 DEBUG   SenderThread:1212275 [sender.py:send():179] send: summary
2021-09-18 17:00:28,230 INFO    SenderThread:1212275 [sender.py:_save_file():841] saving file wandb-summary.json with policy end
2021-09-18 17:00:28,230 DEBUG   SenderThread:1212275 [sender.py:send_request():193] send_request: defer
2021-09-18 17:00:28,230 INFO    SenderThread:1212275 [sender.py:send_request_defer():304] handle sender defer: 3
2021-09-18 17:00:28,230 INFO    SenderThread:1212275 [sender.py:transition_state():308] send defer: 4
2021-09-18 17:00:28,230 DEBUG   HandlerThread:1212275 [handler.py:handle_request():124] handle_request: defer
2021-09-18 17:00:28,230 INFO    HandlerThread:1212275 [handler.py:handle_request_defer():141] handle defer: 4
2021-09-18 17:00:28,231 DEBUG   SenderThread:1212275 [sender.py:send_request():193] send_request: defer
2021-09-18 17:00:28,231 INFO    SenderThread:1212275 [sender.py:send_request_defer():304] handle sender defer: 4
2021-09-18 17:00:28,280 DEBUG   HandlerThread:1212275 [handler.py:handle_request():124] handle_request: poll_exit
2021-09-18 17:00:28,289 ERROR   SenderThread:1212275 [internal_api.py:execute():130] 429 response executing GraphQL.
2021-09-18 17:00:28,289 ERROR   SenderThread:1212275 [internal_api.py:execute():131] {"error":"rate limit exceeded"}

2021-09-18 17:00:28,970 INFO    Thread-8  :1212275 [dir_watcher.py:_on_file_modified():229] file/dir modified: /grid/koo/home/toneyan/profile/QuantPred/wandb/run-20210918_165953-odht9q8e/files/wandb-summary.json
2021-09-18 17:00:29,445 ERROR   SenderThread:1212275 [internal_api.py:execute():130] 429 response executing GraphQL.
2021-09-18 17:00:29,446 ERROR   SenderThread:1212275 [internal_api.py:execute():131] {"error":"rate limit exceeded"}

2021-09-18 17:00:32,024 INFO    SenderThread:1212275 [sender.py:transition_state():308] send defer: 5
2021-09-18 17:00:32,024 DEBUG   SenderThread:1212275 [sender.py:send_request():193] send_request: poll_exit
2021-09-18 17:00:32,024 DEBUG   HandlerThread:1212275 [handler.py:handle_request():124] handle_request: defer
2021-09-18 17:00:32,025 INFO    HandlerThread:1212275 [handler.py:handle_request_defer():141] handle defer: 5
2021-09-18 17:00:32,025 DEBUG   SenderThread:1212275 [sender.py:send_request():193] send_request: defer
2021-09-18 17:00:32,025 INFO    SenderThread:1212275 [sender.py:send_request_defer():304] handle sender defer: 5
2021-09-18 17:00:32,025 INFO    SenderThread:1212275 [dir_watcher.py:finish():282] shutting down directory watcher
2021-09-18 17:00:32,128 DEBUG   HandlerThread:1212275 [handler.py:handle_request():124] handle_request: poll_exit
2021-09-18 17:00:32,971 INFO    SenderThread:1212275 [dir_watcher.py:_on_file_modified():229] file/dir modified: /grid/koo/home/toneyan/profile/QuantPred/wandb/run-20210918_165953-odht9q8e/files/config.yaml
2021-09-18 17:00:32,971 INFO    SenderThread:1212275 [dir_watcher.py:finish():312] scan: /grid/koo/home/toneyan/profile/QuantPred/wandb/run-20210918_165953-odht9q8e/files
2021-09-18 17:00:32,972 INFO    SenderThread:1212275 [dir_watcher.py:finish():318] scan save: /grid/koo/home/toneyan/profile/QuantPred/wandb/run-20210918_165953-odht9q8e/files/wandb-metadata.json wandb-metadata.json
2021-09-18 17:00:32,972 INFO    SenderThread:1212275 [dir_watcher.py:finish():318] scan save: /grid/koo/home/toneyan/profile/QuantPred/wandb/run-20210918_165953-odht9q8e/files/config.yaml config.yaml
2021-09-18 17:00:32,972 INFO    SenderThread:1212275 [dir_watcher.py:finish():318] scan save: /grid/koo/home/toneyan/profile/QuantPred/wandb/run-20210918_165953-odht9q8e/files/requirements.txt requirements.txt
2021-09-18 17:00:32,975 INFO    SenderThread:1212275 [dir_watcher.py:finish():318] scan save: /grid/koo/home/toneyan/profile/QuantPred/wandb/run-20210918_165953-odht9q8e/files/wandb-summary.json wandb-summary.json
2021-09-18 17:00:32,975 INFO    SenderThread:1212275 [dir_watcher.py:finish():318] scan save: /grid/koo/home/toneyan/profile/QuantPred/wandb/run-20210918_165953-odht9q8e/files/output.log output.log
2021-09-18 17:00:32,978 INFO    SenderThread:1212275 [sender.py:transition_state():308] send defer: 6
2021-09-18 17:00:32,983 DEBUG   SenderThread:1212275 [sender.py:send_request():193] send_request: poll_exit
2021-09-18 17:00:32,984 DEBUG   HandlerThread:1212275 [handler.py:handle_request():124] handle_request: defer
2021-09-18 17:00:32,984 INFO    HandlerThread:1212275 [handler.py:handle_request_defer():141] handle defer: 6
2021-09-18 17:00:32,984 DEBUG   SenderThread:1212275 [sender.py:send_request():193] send_request: defer
2021-09-18 17:00:32,984 INFO    SenderThread:1212275 [sender.py:send_request_defer():304] handle sender defer: 6
2021-09-18 17:00:32,984 INFO    SenderThread:1212275 [file_pusher.py:finish():177] shutting down file pusher
2021-09-18 17:00:33,085 DEBUG   HandlerThread:1212275 [handler.py:handle_request():124] handle_request: poll_exit
2021-09-18 17:00:33,085 DEBUG   SenderThread:1212275 [sender.py:send_request():193] send_request: poll_exit
2021-09-18 17:00:33,187 DEBUG   HandlerThread:1212275 [handler.py:handle_request():124] handle_request: poll_exit
2021-09-18 17:00:33,187 DEBUG   SenderThread:1212275 [sender.py:send_request():193] send_request: poll_exit
2021-09-18 17:00:33,282 INFO    Thread-12 :1212275 [upload_job.py:push():137] Uploaded file /grid/koo/home/toneyan/profile/QuantPred/wandb/run-20210918_165953-odht9q8e/files/config.yaml
2021-09-18 17:00:33,289 DEBUG   HandlerThread:1212275 [handler.py:handle_request():124] handle_request: poll_exit
2021-09-18 17:00:33,289 DEBUG   SenderThread:1212275 [sender.py:send_request():193] send_request: poll_exit
2021-09-18 17:00:33,329 INFO    Thread-14 :1212275 [upload_job.py:push():137] Uploaded file /grid/koo/home/toneyan/profile/QuantPred/wandb/run-20210918_165953-odht9q8e/files/wandb-summary.json
2021-09-18 17:00:33,391 DEBUG   HandlerThread:1212275 [handler.py:handle_request():124] handle_request: poll_exit
2021-09-18 17:00:33,391 DEBUG   SenderThread:1212275 [sender.py:send_request():193] send_request: poll_exit
2021-09-18 17:00:33,495 DEBUG   HandlerThread:1212275 [handler.py:handle_request():124] handle_request: poll_exit
2021-09-18 17:00:33,495 DEBUG   SenderThread:1212275 [sender.py:send_request():193] send_request: poll_exit
2021-09-18 17:00:33,596 DEBUG   HandlerThread:1212275 [handler.py:handle_request():124] handle_request: poll_exit
2021-09-18 17:00:33,597 DEBUG   SenderThread:1212275 [sender.py:send_request():193] send_request: poll_exit
2021-09-18 17:00:33,678 INFO    Thread-13 :1212275 [upload_job.py:push():137] Uploaded file /grid/koo/home/toneyan/profile/QuantPred/wandb/run-20210918_165953-odht9q8e/files/requirements.txt
2021-09-18 17:00:33,698 DEBUG   HandlerThread:1212275 [handler.py:handle_request():124] handle_request: poll_exit
2021-09-18 17:00:33,698 DEBUG   SenderThread:1212275 [sender.py:send_request():193] send_request: poll_exit
2021-09-18 17:00:33,800 DEBUG   HandlerThread:1212275 [handler.py:handle_request():124] handle_request: poll_exit
2021-09-18 17:00:33,800 DEBUG   SenderThread:1212275 [sender.py:send_request():193] send_request: poll_exit
2021-09-18 17:00:33,879 INFO    Thread-7  :1212275 [sender.py:transition_state():308] send defer: 7
2021-09-18 17:00:33,879 DEBUG   HandlerThread:1212275 [handler.py:handle_request():124] handle_request: defer
2021-09-18 17:00:33,879 INFO    HandlerThread:1212275 [handler.py:handle_request_defer():141] handle defer: 7
2021-09-18 17:00:33,879 DEBUG   SenderThread:1212275 [sender.py:send_request():193] send_request: defer
2021-09-18 17:00:33,879 INFO    SenderThread:1212275 [sender.py:send_request_defer():304] handle sender defer: 7
2021-09-18 17:00:33,901 DEBUG   HandlerThread:1212275 [handler.py:handle_request():124] handle_request: poll_exit
2021-09-18 17:00:33,931 INFO    SenderThread:1212275 [sender.py:transition_state():308] send defer: 8
2021-09-18 17:00:33,931 DEBUG   SenderThread:1212275 [sender.py:send_request():193] send_request: poll_exit
2021-09-18 17:00:33,931 DEBUG   HandlerThread:1212275 [handler.py:handle_request():124] handle_request: defer
2021-09-18 17:00:33,931 INFO    HandlerThread:1212275 [handler.py:handle_request_defer():141] handle defer: 8
2021-09-18 17:00:33,932 DEBUG   SenderThread:1212275 [sender.py:send_request():193] send_request: defer
2021-09-18 17:00:33,932 INFO    SenderThread:1212275 [sender.py:send_request_defer():304] handle sender defer: 8
2021-09-18 17:00:33,932 INFO    SenderThread:1212275 [sender.py:transition_state():308] send defer: 9
2021-09-18 17:00:33,932 DEBUG   SenderThread:1212275 [sender.py:send():179] send: final
2021-09-18 17:00:33,932 DEBUG   HandlerThread:1212275 [handler.py:handle_request():124] handle_request: defer
2021-09-18 17:00:33,932 DEBUG   SenderThread:1212275 [sender.py:send():179] send: footer
2021-09-18 17:00:33,932 INFO    HandlerThread:1212275 [handler.py:handle_request_defer():141] handle defer: 9
2021-09-18 17:00:33,932 DEBUG   SenderThread:1212275 [sender.py:send_request():193] send_request: defer
2021-09-18 17:00:33,932 INFO    SenderThread:1212275 [sender.py:send_request_defer():304] handle sender defer: 9
2021-09-18 17:00:34,033 DEBUG   HandlerThread:1212275 [handler.py:handle_request():124] handle_request: poll_exit
2021-09-18 17:00:34,033 DEBUG   SenderThread:1212275 [sender.py:send_request():193] send_request: poll_exit
2021-09-18 17:00:34,033 INFO    SenderThread:1212275 [file_pusher.py:join():182] waiting for file pusher
2021-09-18 17:00:34,034 DEBUG   HandlerThread:1212275 [handler.py:handle_request():124] handle_request: get_summary
2021-09-18 17:00:34,034 DEBUG   HandlerThread:1212275 [handler.py:handle_request():124] handle_request: sampled_history
2021-09-18 17:00:34,035 DEBUG   HandlerThread:1212275 [handler.py:handle_request():124] handle_request: shutdown
2021-09-18 17:00:34,035 INFO    HandlerThread:1212275 [handler.py:finish():638] shutting down handler
2021-09-18 17:00:34,932 INFO    WriterThread:1212275 [datastore.py:close():288] close: /grid/koo/home/toneyan/profile/QuantPred/wandb/run-20210918_165953-odht9q8e/run-odht9q8e.wandb
2021-09-18 17:00:35,033 INFO    SenderThread:1212275 [sender.py:finish():945] shutting down sender
2021-09-18 17:00:35,034 INFO    SenderThread:1212275 [file_pusher.py:finish():177] shutting down file pusher
2021-09-18 17:00:35,034 INFO    SenderThread:1212275 [file_pusher.py:join():182] waiting for file pusher
2021-09-18 17:00:35,035 INFO    MainThread:1212275 [internal.py:handle_exit():78] Internal process exited
