2021-09-18 20:05:30,068 INFO    MainThread:4034770 [internal.py:wandb_internal():91] W&B internal server running at pid: 4034770, started at: 2021-09-18 20:05:30.067398
2021-09-18 20:05:30,070 DEBUG   HandlerThread:4034770 [handler.py:handle_request():124] handle_request: check_version
2021-09-18 20:05:30,070 INFO    WriterThread:4034770 [datastore.py:open_for_write():80] open: /grid/koo/home/toneyan/profile/QuantPred/wandb/run-20210918_200529-djhzrr7x/run-djhzrr7x.wandb
2021-09-18 20:05:30,072 DEBUG   SenderThread:4034770 [sender.py:send():179] send: header
2021-09-18 20:05:30,072 DEBUG   SenderThread:4034770 [sender.py:send_request():193] send_request: check_version
2021-09-18 20:05:30,102 DEBUG   SenderThread:4034770 [sender.py:send():179] send: run
2021-09-18 20:05:30,186 INFO    SenderThread:4034770 [dir_watcher.py:__init__():168] watching files in: /grid/koo/home/toneyan/profile/QuantPred/wandb/run-20210918_200529-djhzrr7x/files
2021-09-18 20:05:30,186 INFO    SenderThread:4034770 [sender.py:_start_run_threads():719] run started: djhzrr7x with start time 1632009929
2021-09-18 20:05:30,186 DEBUG   SenderThread:4034770 [sender.py:send():179] send: summary
2021-09-18 20:05:30,187 INFO    SenderThread:4034770 [sender.py:_save_file():841] saving file wandb-summary.json with policy end
2021-09-18 20:05:30,188 DEBUG   HandlerThread:4034770 [handler.py:handle_request():124] handle_request: run_start
2021-09-18 20:05:31,189 INFO    Thread-8  :4034770 [dir_watcher.py:_on_file_created():216] file/dir created: /grid/koo/home/toneyan/profile/QuantPred/wandb/run-20210918_200529-djhzrr7x/files/wandb-summary.json
2021-09-18 20:05:31,413 DEBUG   HandlerThread:4034770 [meta.py:__init__():39] meta init
2021-09-18 20:05:31,413 DEBUG   HandlerThread:4034770 [meta.py:__init__():53] meta init done
2021-09-18 20:05:31,413 DEBUG   HandlerThread:4034770 [meta.py:probe():210] probe
2021-09-18 20:05:31,419 DEBUG   HandlerThread:4034770 [meta.py:_save_pip():57] save pip
2021-09-18 20:05:31,419 DEBUG   HandlerThread:4034770 [meta.py:_save_pip():71] save pip done
2021-09-18 20:05:31,420 DEBUG   HandlerThread:4034770 [meta.py:probe():252] probe done
2021-09-18 20:05:31,422 DEBUG   SenderThread:4034770 [sender.py:send():179] send: files
2021-09-18 20:05:31,422 INFO    SenderThread:4034770 [sender.py:_save_file():841] saving file wandb-metadata.json with policy now
2021-09-18 20:05:31,427 DEBUG   HandlerThread:4034770 [handler.py:handle_request():124] handle_request: stop_status
2021-09-18 20:05:31,427 DEBUG   SenderThread:4034770 [sender.py:send_request():193] send_request: stop_status
2021-09-18 20:05:31,736 INFO    Thread-11 :4034770 [upload_job.py:push():137] Uploaded file /tmp/3288843.1.gpu_ded.q/tmp_0b34eaqwandb/1vbxlc3x-wandb-metadata.json
2021-09-18 20:05:32,188 INFO    Thread-8  :4034770 [dir_watcher.py:_on_file_created():216] file/dir created: /grid/koo/home/toneyan/profile/QuantPred/wandb/run-20210918_200529-djhzrr7x/files/wandb-metadata.json
2021-09-18 20:05:32,189 INFO    Thread-8  :4034770 [dir_watcher.py:_on_file_created():216] file/dir created: /grid/koo/home/toneyan/profile/QuantPred/wandb/run-20210918_200529-djhzrr7x/files/requirements.txt
2021-09-18 20:05:32,189 INFO    Thread-8  :4034770 [dir_watcher.py:_on_file_created():216] file/dir created: /grid/koo/home/toneyan/profile/QuantPred/wandb/run-20210918_200529-djhzrr7x/files/output.log
2021-09-18 20:05:46,494 DEBUG   HandlerThread:4034770 [handler.py:handle_request():124] handle_request: stop_status
2021-09-18 20:05:46,495 DEBUG   SenderThread:4034770 [sender.py:send_request():193] send_request: stop_status
2021-09-18 20:05:59,762 DEBUG   SenderThread:4034770 [sender.py:send():179] send: stats
2021-09-18 20:06:01,552 DEBUG   HandlerThread:4034770 [handler.py:handle_request():124] handle_request: stop_status
2021-09-18 20:06:03,644 DEBUG   SenderThread:4034770 [sender.py:send_request():193] send_request: stop_status
2021-09-18 20:06:16,026 DEBUG   HandlerThread:4034770 [handler.py:handle_request():124] handle_request: poll_exit
2021-09-18 20:06:16,027 DEBUG   SenderThread:4034770 [sender.py:send():179] send: telemetry
2021-09-18 20:06:16,027 DEBUG   SenderThread:4034770 [sender.py:send():179] send: exit
2021-09-18 20:06:16,027 INFO    SenderThread:4034770 [sender.py:send_exit():287] handling exit code: 1
2021-09-18 20:06:16,027 INFO    SenderThread:4034770 [sender.py:send_exit():295] send defer
2021-09-18 20:06:16,027 DEBUG   SenderThread:4034770 [sender.py:send_request():193] send_request: poll_exit
2021-09-18 20:06:16,027 DEBUG   HandlerThread:4034770 [handler.py:handle_request():124] handle_request: defer
2021-09-18 20:06:16,028 INFO    HandlerThread:4034770 [handler.py:handle_request_defer():141] handle defer: 0
2021-09-18 20:06:16,028 DEBUG   SenderThread:4034770 [sender.py:send_request():193] send_request: defer
2021-09-18 20:06:16,028 INFO    SenderThread:4034770 [sender.py:send_request_defer():304] handle sender defer: 0
2021-09-18 20:06:16,028 INFO    SenderThread:4034770 [sender.py:transition_state():308] send defer: 1
2021-09-18 20:06:16,028 DEBUG   HandlerThread:4034770 [handler.py:handle_request():124] handle_request: defer
2021-09-18 20:06:16,028 INFO    HandlerThread:4034770 [handler.py:handle_request_defer():141] handle defer: 1
2021-09-18 20:06:16,080 DEBUG   SenderThread:4034770 [sender.py:send_request():193] send_request: defer
2021-09-18 20:06:16,080 INFO    SenderThread:4034770 [sender.py:send_request_defer():304] handle sender defer: 1
2021-09-18 20:06:16,080 INFO    SenderThread:4034770 [sender.py:transition_state():308] send defer: 2
2021-09-18 20:06:16,080 DEBUG   SenderThread:4034770 [sender.py:send():179] send: stats
2021-09-18 20:06:16,081 DEBUG   HandlerThread:4034770 [handler.py:handle_request():124] handle_request: defer
2021-09-18 20:06:16,082 INFO    HandlerThread:4034770 [handler.py:handle_request_defer():141] handle defer: 2
2021-09-18 20:06:16,083 DEBUG   SenderThread:4034770 [sender.py:send_request():193] send_request: defer
2021-09-18 20:06:16,083 INFO    SenderThread:4034770 [sender.py:send_request_defer():304] handle sender defer: 2
2021-09-18 20:06:16,083 INFO    SenderThread:4034770 [sender.py:transition_state():308] send defer: 3
2021-09-18 20:06:16,083 DEBUG   HandlerThread:4034770 [handler.py:handle_request():124] handle_request: defer
2021-09-18 20:06:16,083 INFO    HandlerThread:4034770 [handler.py:handle_request_defer():141] handle defer: 3
2021-09-18 20:06:16,083 DEBUG   SenderThread:4034770 [sender.py:send():179] send: summary
2021-09-18 20:06:16,084 INFO    SenderThread:4034770 [sender.py:_save_file():841] saving file wandb-summary.json with policy end
2021-09-18 20:06:16,084 DEBUG   SenderThread:4034770 [sender.py:send_request():193] send_request: defer
2021-09-18 20:06:16,084 INFO    SenderThread:4034770 [sender.py:send_request_defer():304] handle sender defer: 3
2021-09-18 20:06:16,084 INFO    SenderThread:4034770 [sender.py:transition_state():308] send defer: 4
2021-09-18 20:06:16,084 DEBUG   HandlerThread:4034770 [handler.py:handle_request():124] handle_request: defer
2021-09-18 20:06:16,084 INFO    HandlerThread:4034770 [handler.py:handle_request_defer():141] handle defer: 4
2021-09-18 20:06:16,084 DEBUG   SenderThread:4034770 [sender.py:send_request():193] send_request: defer
2021-09-18 20:06:16,084 INFO    SenderThread:4034770 [sender.py:send_request_defer():304] handle sender defer: 4
2021-09-18 20:06:16,129 DEBUG   HandlerThread:4034770 [handler.py:handle_request():124] handle_request: poll_exit
2021-09-18 20:06:16,163 INFO    SenderThread:4034770 [sender.py:transition_state():308] send defer: 5
2021-09-18 20:06:16,163 DEBUG   SenderThread:4034770 [sender.py:send_request():193] send_request: poll_exit
2021-09-18 20:06:16,164 DEBUG   HandlerThread:4034770 [handler.py:handle_request():124] handle_request: defer
2021-09-18 20:06:16,164 INFO    HandlerThread:4034770 [handler.py:handle_request_defer():141] handle defer: 5
2021-09-18 20:06:16,164 DEBUG   SenderThread:4034770 [sender.py:send_request():193] send_request: defer
2021-09-18 20:06:16,164 INFO    SenderThread:4034770 [sender.py:send_request_defer():304] handle sender defer: 5
2021-09-18 20:06:16,164 INFO    SenderThread:4034770 [dir_watcher.py:finish():282] shutting down directory watcher
2021-09-18 20:06:16,195 INFO    SenderThread:4034770 [dir_watcher.py:_on_file_modified():229] file/dir modified: /grid/koo/home/toneyan/profile/QuantPred/wandb/run-20210918_200529-djhzrr7x/files/config.yaml
2021-09-18 20:06:16,196 INFO    SenderThread:4034770 [dir_watcher.py:_on_file_modified():229] file/dir modified: /grid/koo/home/toneyan/profile/QuantPred/wandb/run-20210918_200529-djhzrr7x/files/wandb-summary.json
2021-09-18 20:06:16,196 INFO    SenderThread:4034770 [dir_watcher.py:finish():312] scan: /grid/koo/home/toneyan/profile/QuantPred/wandb/run-20210918_200529-djhzrr7x/files
2021-09-18 20:06:16,196 INFO    SenderThread:4034770 [dir_watcher.py:finish():318] scan save: /grid/koo/home/toneyan/profile/QuantPred/wandb/run-20210918_200529-djhzrr7x/files/wandb-metadata.json wandb-metadata.json
2021-09-18 20:06:16,196 INFO    SenderThread:4034770 [dir_watcher.py:finish():318] scan save: /grid/koo/home/toneyan/profile/QuantPred/wandb/run-20210918_200529-djhzrr7x/files/config.yaml config.yaml
2021-09-18 20:06:16,196 INFO    SenderThread:4034770 [dir_watcher.py:finish():318] scan save: /grid/koo/home/toneyan/profile/QuantPred/wandb/run-20210918_200529-djhzrr7x/files/requirements.txt requirements.txt
2021-09-18 20:06:16,196 INFO    SenderThread:4034770 [dir_watcher.py:finish():318] scan save: /grid/koo/home/toneyan/profile/QuantPred/wandb/run-20210918_200529-djhzrr7x/files/wandb-summary.json wandb-summary.json
2021-09-18 20:06:16,203 INFO    SenderThread:4034770 [dir_watcher.py:finish():318] scan save: /grid/koo/home/toneyan/profile/QuantPred/wandb/run-20210918_200529-djhzrr7x/files/output.log output.log
2021-09-18 20:06:16,203 INFO    SenderThread:4034770 [sender.py:transition_state():308] send defer: 6
2021-09-18 20:06:16,207 DEBUG   HandlerThread:4034770 [handler.py:handle_request():124] handle_request: defer
2021-09-18 20:06:16,208 INFO    HandlerThread:4034770 [handler.py:handle_request_defer():141] handle defer: 6
2021-09-18 20:06:16,208 DEBUG   SenderThread:4034770 [sender.py:send_request():193] send_request: defer
2021-09-18 20:06:16,209 INFO    SenderThread:4034770 [sender.py:send_request_defer():304] handle sender defer: 6
2021-09-18 20:06:16,209 INFO    SenderThread:4034770 [file_pusher.py:finish():177] shutting down file pusher
2021-09-18 20:06:16,265 DEBUG   HandlerThread:4034770 [handler.py:handle_request():124] handle_request: poll_exit
2021-09-18 20:06:16,265 DEBUG   SenderThread:4034770 [sender.py:send_request():193] send_request: poll_exit
2021-09-18 20:06:16,367 DEBUG   HandlerThread:4034770 [handler.py:handle_request():124] handle_request: poll_exit
2021-09-18 20:06:16,367 DEBUG   SenderThread:4034770 [sender.py:send_request():193] send_request: poll_exit
2021-09-18 20:06:16,469 DEBUG   HandlerThread:4034770 [handler.py:handle_request():124] handle_request: poll_exit
2021-09-18 20:06:16,469 DEBUG   SenderThread:4034770 [sender.py:send_request():193] send_request: poll_exit
2021-09-18 20:06:16,523 INFO    Thread-13 :4034770 [upload_job.py:push():137] Uploaded file /grid/koo/home/toneyan/profile/QuantPred/wandb/run-20210918_200529-djhzrr7x/files/requirements.txt
2021-09-18 20:06:16,571 DEBUG   HandlerThread:4034770 [handler.py:handle_request():124] handle_request: poll_exit
2021-09-18 20:06:16,572 DEBUG   SenderThread:4034770 [sender.py:send_request():193] send_request: poll_exit
2021-09-18 20:06:16,605 INFO    Thread-14 :4034770 [upload_job.py:push():137] Uploaded file /grid/koo/home/toneyan/profile/QuantPred/wandb/run-20210918_200529-djhzrr7x/files/wandb-summary.json
2021-09-18 20:06:16,638 INFO    Thread-12 :4034770 [upload_job.py:push():137] Uploaded file /grid/koo/home/toneyan/profile/QuantPred/wandb/run-20210918_200529-djhzrr7x/files/config.yaml
2021-09-18 20:06:16,673 DEBUG   HandlerThread:4034770 [handler.py:handle_request():124] handle_request: poll_exit
2021-09-18 20:06:16,673 DEBUG   SenderThread:4034770 [sender.py:send_request():193] send_request: poll_exit
2021-09-18 20:06:16,775 DEBUG   HandlerThread:4034770 [handler.py:handle_request():124] handle_request: poll_exit
2021-09-18 20:06:16,775 DEBUG   SenderThread:4034770 [sender.py:send_request():193] send_request: poll_exit
2021-09-18 20:06:16,838 INFO    Thread-7  :4034770 [sender.py:transition_state():308] send defer: 7
2021-09-18 20:06:16,839 DEBUG   HandlerThread:4034770 [handler.py:handle_request():124] handle_request: defer
2021-09-18 20:06:16,839 INFO    HandlerThread:4034770 [handler.py:handle_request_defer():141] handle defer: 7
2021-09-18 20:06:16,839 DEBUG   SenderThread:4034770 [sender.py:send_request():193] send_request: defer
2021-09-18 20:06:16,839 INFO    SenderThread:4034770 [sender.py:send_request_defer():304] handle sender defer: 7
2021-09-18 20:06:16,877 DEBUG   HandlerThread:4034770 [handler.py:handle_request():124] handle_request: poll_exit
2021-09-18 20:06:16,942 INFO    SenderThread:4034770 [sender.py:transition_state():308] send defer: 8
2021-09-18 20:06:16,942 DEBUG   SenderThread:4034770 [sender.py:send_request():193] send_request: poll_exit
2021-09-18 20:06:16,943 DEBUG   HandlerThread:4034770 [handler.py:handle_request():124] handle_request: defer
2021-09-18 20:06:16,943 INFO    HandlerThread:4034770 [handler.py:handle_request_defer():141] handle defer: 8
2021-09-18 20:06:16,943 DEBUG   SenderThread:4034770 [sender.py:send_request():193] send_request: defer
2021-09-18 20:06:16,943 INFO    SenderThread:4034770 [sender.py:send_request_defer():304] handle sender defer: 8
2021-09-18 20:06:16,943 INFO    SenderThread:4034770 [sender.py:transition_state():308] send defer: 9
2021-09-18 20:06:16,944 DEBUG   HandlerThread:4034770 [handler.py:handle_request():124] handle_request: defer
2021-09-18 20:06:16,944 DEBUG   SenderThread:4034770 [sender.py:send():179] send: final
2021-09-18 20:06:16,944 INFO    HandlerThread:4034770 [handler.py:handle_request_defer():141] handle defer: 9
2021-09-18 20:06:16,944 DEBUG   SenderThread:4034770 [sender.py:send():179] send: footer
2021-09-18 20:06:16,944 DEBUG   SenderThread:4034770 [sender.py:send_request():193] send_request: defer
2021-09-18 20:06:16,944 INFO    SenderThread:4034770 [sender.py:send_request_defer():304] handle sender defer: 9
2021-09-18 20:06:17,045 DEBUG   HandlerThread:4034770 [handler.py:handle_request():124] handle_request: poll_exit
2021-09-18 20:06:17,046 DEBUG   SenderThread:4034770 [sender.py:send_request():193] send_request: poll_exit
2021-09-18 20:06:17,046 INFO    SenderThread:4034770 [file_pusher.py:join():182] waiting for file pusher
2021-09-18 20:06:17,047 DEBUG   HandlerThread:4034770 [handler.py:handle_request():124] handle_request: get_summary
2021-09-18 20:06:17,048 DEBUG   HandlerThread:4034770 [handler.py:handle_request():124] handle_request: sampled_history
2021-09-18 20:06:17,048 DEBUG   HandlerThread:4034770 [handler.py:handle_request():124] handle_request: shutdown
2021-09-18 20:06:17,048 INFO    HandlerThread:4034770 [handler.py:finish():638] shutting down handler
2021-09-18 20:06:17,944 INFO    WriterThread:4034770 [datastore.py:close():288] close: /grid/koo/home/toneyan/profile/QuantPred/wandb/run-20210918_200529-djhzrr7x/run-djhzrr7x.wandb
2021-09-18 20:06:18,046 INFO    SenderThread:4034770 [sender.py:finish():945] shutting down sender
2021-09-18 20:06:18,046 INFO    SenderThread:4034770 [file_pusher.py:finish():177] shutting down file pusher
2021-09-18 20:06:18,046 INFO    SenderThread:4034770 [file_pusher.py:join():182] waiting for file pusher
2021-09-18 20:06:18,048 INFO    MainThread:4034770 [internal.py:handle_exit():78] Internal process exited
