2021-09-18 16:43:05,269 INFO    MainThread:714725 [internal.py:wandb_internal():91] W&B internal server running at pid: 714725, started at: 2021-09-18 16:43:05.268210
2021-09-18 16:43:05,270 DEBUG   HandlerThread:714725 [handler.py:handle_request():124] handle_request: check_version
2021-09-18 16:43:05,270 INFO    WriterThread:714725 [datastore.py:open_for_write():80] open: /grid/koo/home/toneyan/profile/QuantPred/wandb/run-20210918_164304-byhs3juw/run-byhs3juw.wandb
2021-09-18 16:43:05,272 DEBUG   SenderThread:714725 [sender.py:send():179] send: header
2021-09-18 16:43:05,272 DEBUG   SenderThread:714725 [sender.py:send_request():193] send_request: check_version
2021-09-18 16:43:05,301 DEBUG   SenderThread:714725 [sender.py:send():179] send: run
2021-09-18 16:43:05,391 ERROR   SenderThread:714725 [internal_api.py:execute():130] 429 response executing GraphQL.
2021-09-18 16:43:05,391 ERROR   SenderThread:714725 [internal_api.py:execute():131] {"error":"rate limit exceeded"}

2021-09-18 16:43:06,485 ERROR   SenderThread:714725 [internal_api.py:execute():130] 429 response executing GraphQL.
2021-09-18 16:43:06,485 ERROR   SenderThread:714725 [internal_api.py:execute():131] {"error":"rate limit exceeded"}

2021-09-18 16:43:08,575 ERROR   SenderThread:714725 [internal_api.py:execute():130] 429 response executing GraphQL.
2021-09-18 16:43:08,575 ERROR   SenderThread:714725 [internal_api.py:execute():131] {"error":"rate limit exceeded"}

2021-09-18 16:43:08,575 ERROR   SenderThread:714725 [retry.py:__call__():126] Retry attempt failed:
Traceback (most recent call last):
  File "/usr/local/lib/python3.6/dist-packages/wandb/sdk/lib/retry.py", line 102, in __call__
    result = self._call_fn(*args, **kwargs)
  File "/usr/local/lib/python3.6/dist-packages/wandb/sdk/internal/internal_api.py", line 133, in execute
    six.reraise(*sys.exc_info())
  File "/usr/local/lib/python3.6/dist-packages/six.py", line 719, in reraise
    raise value
  File "/usr/local/lib/python3.6/dist-packages/wandb/sdk/internal/internal_api.py", line 127, in execute
    return self.client.execute(*args, **kwargs)
  File "/usr/local/lib/python3.6/dist-packages/wandb/vendor/gql-0.2.0/gql/client.py", line 52, in execute
    result = self._get_result(document, *args, **kwargs)
  File "/usr/local/lib/python3.6/dist-packages/wandb/vendor/gql-0.2.0/gql/client.py", line 60, in _get_result
    return self.transport.execute(document, *args, **kwargs)
  File "/usr/local/lib/python3.6/dist-packages/wandb/vendor/gql-0.2.0/gql/transport/requests.py", line 39, in execute
    request.raise_for_status()
  File "/usr/local/lib/python3.6/dist-packages/requests/models.py", line 943, in raise_for_status
    raise HTTPError(http_error_msg, response=self)
requests.exceptions.HTTPError: 429 Client Error: Too Many Requests for url: https://api.wandb.ai/graphql
2021-09-18 16:43:12,814 ERROR   SenderThread:714725 [internal_api.py:execute():130] 429 response executing GraphQL.
2021-09-18 16:43:12,814 ERROR   SenderThread:714725 [internal_api.py:execute():131] {"error":"rate limit exceeded"}

2021-09-18 16:43:21,187 INFO    SenderThread:714725 [dir_watcher.py:__init__():168] watching files in: /grid/koo/home/toneyan/profile/QuantPred/wandb/run-20210918_164304-byhs3juw/files
2021-09-18 16:43:21,187 INFO    SenderThread:714725 [sender.py:_start_run_threads():719] run started: byhs3juw with start time 1631997784
2021-09-18 16:43:21,187 DEBUG   SenderThread:714725 [sender.py:send():179] send: summary
2021-09-18 16:43:21,188 INFO    SenderThread:714725 [sender.py:_save_file():841] saving file wandb-summary.json with policy end
2021-09-18 16:43:21,189 DEBUG   HandlerThread:714725 [handler.py:handle_request():124] handle_request: run_start
2021-09-18 16:43:22,189 INFO    Thread-8  :714725 [dir_watcher.py:_on_file_created():216] file/dir created: /grid/koo/home/toneyan/profile/QuantPred/wandb/run-20210918_164304-byhs3juw/files/wandb-summary.json
2021-09-18 16:43:22,358 DEBUG   HandlerThread:714725 [meta.py:__init__():39] meta init
2021-09-18 16:43:22,359 DEBUG   HandlerThread:714725 [meta.py:__init__():53] meta init done
2021-09-18 16:43:22,359 DEBUG   HandlerThread:714725 [meta.py:probe():210] probe
2021-09-18 16:43:22,364 DEBUG   HandlerThread:714725 [meta.py:_save_pip():57] save pip
2021-09-18 16:43:22,365 DEBUG   HandlerThread:714725 [meta.py:_save_pip():71] save pip done
2021-09-18 16:43:22,365 DEBUG   HandlerThread:714725 [meta.py:probe():252] probe done
2021-09-18 16:43:22,368 DEBUG   SenderThread:714725 [sender.py:send():179] send: files
2021-09-18 16:43:22,368 INFO    SenderThread:714725 [sender.py:_save_file():841] saving file wandb-metadata.json with policy now
2021-09-18 16:43:22,375 DEBUG   HandlerThread:714725 [handler.py:handle_request():124] handle_request: stop_status
2021-09-18 16:43:22,375 DEBUG   SenderThread:714725 [sender.py:send_request():193] send_request: stop_status
2021-09-18 16:43:22,718 INFO    Thread-11 :714725 [upload_job.py:push():137] Uploaded file /tmp/3288848.1.gpu_ded.q/tmp4m9_5fsmwandb/1v0nesjd-wandb-metadata.json
2021-09-18 16:43:23,189 INFO    Thread-8  :714725 [dir_watcher.py:_on_file_created():216] file/dir created: /grid/koo/home/toneyan/profile/QuantPred/wandb/run-20210918_164304-byhs3juw/files/requirements.txt
2021-09-18 16:43:23,189 INFO    Thread-8  :714725 [dir_watcher.py:_on_file_created():216] file/dir created: /grid/koo/home/toneyan/profile/QuantPred/wandb/run-20210918_164304-byhs3juw/files/wandb-metadata.json
2021-09-18 16:43:23,189 INFO    Thread-8  :714725 [dir_watcher.py:_on_file_created():216] file/dir created: /grid/koo/home/toneyan/profile/QuantPred/wandb/run-20210918_164304-byhs3juw/files/output.log
2021-09-18 16:43:37,439 DEBUG   HandlerThread:714725 [handler.py:handle_request():124] handle_request: stop_status
2021-09-18 16:43:37,439 DEBUG   SenderThread:714725 [sender.py:send_request():193] send_request: stop_status
2021-09-18 16:43:37,493 ERROR   SenderThread:714725 [internal_api.py:execute():130] 429 response executing GraphQL.
2021-09-18 16:43:37,494 ERROR   SenderThread:714725 [internal_api.py:execute():131] {"error":"rate limit exceeded"}

2021-09-18 16:43:38,715 ERROR   SenderThread:714725 [internal_api.py:execute():130] 429 response executing GraphQL.
2021-09-18 16:43:38,715 ERROR   SenderThread:714725 [internal_api.py:execute():131] {"error":"rate limit exceeded"}

2021-09-18 16:43:41,193 ERROR   SenderThread:714725 [internal_api.py:execute():130] 429 response executing GraphQL.
2021-09-18 16:43:41,193 ERROR   SenderThread:714725 [internal_api.py:execute():131] {"error":"rate limit exceeded"}

2021-09-18 16:43:41,194 ERROR   SenderThread:714725 [retry.py:__call__():126] Retry attempt failed:
Traceback (most recent call last):
  File "/usr/local/lib/python3.6/dist-packages/wandb/sdk/lib/retry.py", line 102, in __call__
    result = self._call_fn(*args, **kwargs)
  File "/usr/local/lib/python3.6/dist-packages/wandb/sdk/internal/internal_api.py", line 133, in execute
    six.reraise(*sys.exc_info())
  File "/usr/local/lib/python3.6/dist-packages/six.py", line 719, in reraise
    raise value
  File "/usr/local/lib/python3.6/dist-packages/wandb/sdk/internal/internal_api.py", line 127, in execute
    return self.client.execute(*args, **kwargs)
  File "/usr/local/lib/python3.6/dist-packages/wandb/vendor/gql-0.2.0/gql/client.py", line 52, in execute
    result = self._get_result(document, *args, **kwargs)
  File "/usr/local/lib/python3.6/dist-packages/wandb/vendor/gql-0.2.0/gql/client.py", line 60, in _get_result
    return self.transport.execute(document, *args, **kwargs)
  File "/usr/local/lib/python3.6/dist-packages/wandb/vendor/gql-0.2.0/gql/transport/requests.py", line 39, in execute
    request.raise_for_status()
  File "/usr/local/lib/python3.6/dist-packages/requests/models.py", line 943, in raise_for_status
    raise HTTPError(http_error_msg, response=self)
requests.exceptions.HTTPError: 429 Client Error: Too Many Requests for url: https://api.wandb.ai/graphql
2021-09-18 16:43:50,755 DEBUG   SenderThread:714725 [sender.py:send():179] send: stats
2021-09-18 16:43:54,944 DEBUG   HandlerThread:714725 [handler.py:handle_request():124] handle_request: poll_exit
2021-09-18 16:43:54,944 DEBUG   SenderThread:714725 [sender.py:send():179] send: telemetry
2021-09-18 16:43:54,944 DEBUG   SenderThread:714725 [sender.py:send():179] send: exit
2021-09-18 16:43:54,944 INFO    SenderThread:714725 [sender.py:send_exit():287] handling exit code: 1
2021-09-18 16:43:54,945 INFO    SenderThread:714725 [sender.py:send_exit():295] send defer
2021-09-18 16:43:54,945 DEBUG   SenderThread:714725 [sender.py:send_request():193] send_request: poll_exit
2021-09-18 16:43:54,945 DEBUG   HandlerThread:714725 [handler.py:handle_request():124] handle_request: defer
2021-09-18 16:43:54,945 INFO    HandlerThread:714725 [handler.py:handle_request_defer():141] handle defer: 0
2021-09-18 16:43:54,945 DEBUG   SenderThread:714725 [sender.py:send_request():193] send_request: defer
2021-09-18 16:43:54,945 INFO    SenderThread:714725 [sender.py:send_request_defer():304] handle sender defer: 0
2021-09-18 16:43:54,945 INFO    SenderThread:714725 [sender.py:transition_state():308] send defer: 1
2021-09-18 16:43:54,946 DEBUG   HandlerThread:714725 [handler.py:handle_request():124] handle_request: defer
2021-09-18 16:43:54,946 INFO    HandlerThread:714725 [handler.py:handle_request_defer():141] handle defer: 1
2021-09-18 16:43:55,028 DEBUG   SenderThread:714725 [sender.py:send_request():193] send_request: defer
2021-09-18 16:43:55,028 INFO    SenderThread:714725 [sender.py:send_request_defer():304] handle sender defer: 1
2021-09-18 16:43:55,028 INFO    SenderThread:714725 [sender.py:transition_state():308] send defer: 2
2021-09-18 16:43:55,029 DEBUG   SenderThread:714725 [sender.py:send():179] send: stats
2021-09-18 16:43:55,029 DEBUG   HandlerThread:714725 [handler.py:handle_request():124] handle_request: defer
2021-09-18 16:43:55,030 INFO    HandlerThread:714725 [handler.py:handle_request_defer():141] handle defer: 2
2021-09-18 16:43:55,030 DEBUG   SenderThread:714725 [sender.py:send_request():193] send_request: defer
2021-09-18 16:43:55,031 INFO    SenderThread:714725 [sender.py:send_request_defer():304] handle sender defer: 2
2021-09-18 16:43:55,031 INFO    SenderThread:714725 [sender.py:transition_state():308] send defer: 3
2021-09-18 16:43:55,031 DEBUG   HandlerThread:714725 [handler.py:handle_request():124] handle_request: defer
2021-09-18 16:43:55,031 INFO    HandlerThread:714725 [handler.py:handle_request_defer():141] handle defer: 3
2021-09-18 16:43:55,031 DEBUG   SenderThread:714725 [sender.py:send():179] send: summary
2021-09-18 16:43:55,032 INFO    SenderThread:714725 [sender.py:_save_file():841] saving file wandb-summary.json with policy end
2021-09-18 16:43:55,032 DEBUG   SenderThread:714725 [sender.py:send_request():193] send_request: defer
2021-09-18 16:43:55,032 INFO    SenderThread:714725 [sender.py:send_request_defer():304] handle sender defer: 3
2021-09-18 16:43:55,032 INFO    SenderThread:714725 [sender.py:transition_state():308] send defer: 4
2021-09-18 16:43:55,032 DEBUG   HandlerThread:714725 [handler.py:handle_request():124] handle_request: defer
2021-09-18 16:43:55,032 INFO    HandlerThread:714725 [handler.py:handle_request_defer():141] handle defer: 4
2021-09-18 16:43:55,032 DEBUG   SenderThread:714725 [sender.py:send_request():193] send_request: defer
2021-09-18 16:43:55,032 INFO    SenderThread:714725 [sender.py:send_request_defer():304] handle sender defer: 4
2021-09-18 16:43:55,046 DEBUG   HandlerThread:714725 [handler.py:handle_request():124] handle_request: poll_exit
2021-09-18 16:43:55,086 ERROR   SenderThread:714725 [internal_api.py:execute():130] 429 response executing GraphQL.
2021-09-18 16:43:55,086 ERROR   SenderThread:714725 [internal_api.py:execute():131] {"error":"rate limit exceeded"}

2021-09-18 16:43:55,199 INFO    Thread-8  :714725 [dir_watcher.py:_on_file_modified():229] file/dir modified: /grid/koo/home/toneyan/profile/QuantPred/wandb/run-20210918_164304-byhs3juw/files/wandb-summary.json
2021-09-18 16:43:56,274 ERROR   SenderThread:714725 [internal_api.py:execute():130] 429 response executing GraphQL.
2021-09-18 16:43:56,274 ERROR   SenderThread:714725 [internal_api.py:execute():131] {"error":"rate limit exceeded"}

2021-09-18 16:43:58,331 ERROR   SenderThread:714725 [internal_api.py:execute():130] 429 response executing GraphQL.
2021-09-18 16:43:58,331 ERROR   SenderThread:714725 [internal_api.py:execute():131] {"error":"rate limit exceeded"}

2021-09-18 16:43:58,332 ERROR   SenderThread:714725 [retry.py:__call__():126] Retry attempt failed:
Traceback (most recent call last):
  File "/usr/local/lib/python3.6/dist-packages/wandb/sdk/lib/retry.py", line 102, in __call__
    result = self._call_fn(*args, **kwargs)
  File "/usr/local/lib/python3.6/dist-packages/wandb/sdk/internal/internal_api.py", line 133, in execute
    six.reraise(*sys.exc_info())
  File "/usr/local/lib/python3.6/dist-packages/six.py", line 719, in reraise
    raise value
  File "/usr/local/lib/python3.6/dist-packages/wandb/sdk/internal/internal_api.py", line 127, in execute
    return self.client.execute(*args, **kwargs)
  File "/usr/local/lib/python3.6/dist-packages/wandb/vendor/gql-0.2.0/gql/client.py", line 52, in execute
    result = self._get_result(document, *args, **kwargs)
  File "/usr/local/lib/python3.6/dist-packages/wandb/vendor/gql-0.2.0/gql/client.py", line 60, in _get_result
    return self.transport.execute(document, *args, **kwargs)
  File "/usr/local/lib/python3.6/dist-packages/wandb/vendor/gql-0.2.0/gql/transport/requests.py", line 39, in execute
    request.raise_for_status()
  File "/usr/local/lib/python3.6/dist-packages/requests/models.py", line 943, in raise_for_status
    raise HTTPError(http_error_msg, response=self)
requests.exceptions.HTTPError: 429 Client Error: Too Many Requests for url: https://api.wandb.ai/graphql
2021-09-18 16:44:00,147 DEBUG   HandlerThread:714725 [handler.py:handle_request():124] handle_request: poll_exit
2021-09-18 16:44:03,324 INFO    SenderThread:714725 [sender.py:transition_state():308] send defer: 5
2021-09-18 16:44:03,324 DEBUG   SenderThread:714725 [sender.py:send_request():193] send_request: poll_exit
2021-09-18 16:44:03,324 DEBUG   SenderThread:714725 [sender.py:send_request():193] send_request: poll_exit
2021-09-18 16:44:03,324 DEBUG   HandlerThread:714725 [handler.py:handle_request():124] handle_request: defer
2021-09-18 16:44:03,325 INFO    HandlerThread:714725 [handler.py:handle_request_defer():141] handle defer: 5
2021-09-18 16:44:03,325 DEBUG   SenderThread:714725 [sender.py:send_request():193] send_request: defer
2021-09-18 16:44:03,325 INFO    SenderThread:714725 [sender.py:send_request_defer():304] handle sender defer: 5
2021-09-18 16:44:03,325 INFO    SenderThread:714725 [dir_watcher.py:finish():282] shutting down directory watcher
2021-09-18 16:44:03,428 DEBUG   HandlerThread:714725 [handler.py:handle_request():124] handle_request: poll_exit
2021-09-18 16:44:04,201 INFO    SenderThread:714725 [dir_watcher.py:_on_file_modified():229] file/dir modified: /grid/koo/home/toneyan/profile/QuantPred/wandb/run-20210918_164304-byhs3juw/files/config.yaml
2021-09-18 16:44:04,201 INFO    SenderThread:714725 [dir_watcher.py:finish():312] scan: /grid/koo/home/toneyan/profile/QuantPred/wandb/run-20210918_164304-byhs3juw/files
2021-09-18 16:44:04,201 INFO    SenderThread:714725 [dir_watcher.py:finish():318] scan save: /grid/koo/home/toneyan/profile/QuantPred/wandb/run-20210918_164304-byhs3juw/files/wandb-metadata.json wandb-metadata.json
2021-09-18 16:44:04,202 INFO    SenderThread:714725 [dir_watcher.py:finish():318] scan save: /grid/koo/home/toneyan/profile/QuantPred/wandb/run-20210918_164304-byhs3juw/files/config.yaml config.yaml
2021-09-18 16:44:04,202 INFO    SenderThread:714725 [dir_watcher.py:finish():318] scan save: /grid/koo/home/toneyan/profile/QuantPred/wandb/run-20210918_164304-byhs3juw/files/requirements.txt requirements.txt
2021-09-18 16:44:04,202 INFO    SenderThread:714725 [dir_watcher.py:finish():318] scan save: /grid/koo/home/toneyan/profile/QuantPred/wandb/run-20210918_164304-byhs3juw/files/wandb-summary.json wandb-summary.json
2021-09-18 16:44:04,202 INFO    SenderThread:714725 [dir_watcher.py:finish():318] scan save: /grid/koo/home/toneyan/profile/QuantPred/wandb/run-20210918_164304-byhs3juw/files/output.log output.log
2021-09-18 16:44:04,207 INFO    SenderThread:714725 [sender.py:transition_state():308] send defer: 6
2021-09-18 16:44:04,208 DEBUG   SenderThread:714725 [sender.py:send_request():193] send_request: poll_exit
2021-09-18 16:44:04,212 DEBUG   HandlerThread:714725 [handler.py:handle_request():124] handle_request: defer
2021-09-18 16:44:04,213 INFO    HandlerThread:714725 [handler.py:handle_request_defer():141] handle defer: 6
2021-09-18 16:44:04,213 DEBUG   SenderThread:714725 [sender.py:send_request():193] send_request: defer
2021-09-18 16:44:04,213 INFO    SenderThread:714725 [sender.py:send_request_defer():304] handle sender defer: 6
2021-09-18 16:44:04,213 INFO    SenderThread:714725 [file_pusher.py:finish():177] shutting down file pusher
2021-09-18 16:44:04,314 DEBUG   HandlerThread:714725 [handler.py:handle_request():124] handle_request: poll_exit
2021-09-18 16:44:04,314 DEBUG   SenderThread:714725 [sender.py:send_request():193] send_request: poll_exit
2021-09-18 16:44:04,416 DEBUG   HandlerThread:714725 [handler.py:handle_request():124] handle_request: poll_exit
2021-09-18 16:44:04,416 DEBUG   SenderThread:714725 [sender.py:send_request():193] send_request: poll_exit
2021-09-18 16:44:04,513 INFO    Thread-14 :714725 [upload_job.py:push():137] Uploaded file /grid/koo/home/toneyan/profile/QuantPred/wandb/run-20210918_164304-byhs3juw/files/wandb-summary.json
2021-09-18 16:44:04,516 INFO    Thread-12 :714725 [upload_job.py:push():137] Uploaded file /grid/koo/home/toneyan/profile/QuantPred/wandb/run-20210918_164304-byhs3juw/files/config.yaml
2021-09-18 16:44:04,518 DEBUG   HandlerThread:714725 [handler.py:handle_request():124] handle_request: poll_exit
2021-09-18 16:44:04,518 DEBUG   SenderThread:714725 [sender.py:send_request():193] send_request: poll_exit
2021-09-18 16:44:04,558 INFO    Thread-13 :714725 [upload_job.py:push():137] Uploaded file /grid/koo/home/toneyan/profile/QuantPred/wandb/run-20210918_164304-byhs3juw/files/requirements.txt
2021-09-18 16:44:04,619 DEBUG   HandlerThread:714725 [handler.py:handle_request():124] handle_request: poll_exit
2021-09-18 16:44:04,620 DEBUG   SenderThread:714725 [sender.py:send_request():193] send_request: poll_exit
2021-09-18 16:44:04,721 DEBUG   HandlerThread:714725 [handler.py:handle_request():124] handle_request: poll_exit
2021-09-18 16:44:04,722 DEBUG   SenderThread:714725 [sender.py:send_request():193] send_request: poll_exit
2021-09-18 16:44:04,759 INFO    Thread-7  :714725 [sender.py:transition_state():308] send defer: 7
2021-09-18 16:44:04,759 DEBUG   HandlerThread:714725 [handler.py:handle_request():124] handle_request: defer
2021-09-18 16:44:04,759 INFO    HandlerThread:714725 [handler.py:handle_request_defer():141] handle defer: 7
2021-09-18 16:44:04,759 DEBUG   SenderThread:714725 [sender.py:send_request():193] send_request: defer
2021-09-18 16:44:04,759 INFO    SenderThread:714725 [sender.py:send_request_defer():304] handle sender defer: 7
2021-09-18 16:44:04,813 INFO    SenderThread:714725 [sender.py:transition_state():308] send defer: 8
2021-09-18 16:44:04,813 DEBUG   HandlerThread:714725 [handler.py:handle_request():124] handle_request: defer
2021-09-18 16:44:04,813 INFO    HandlerThread:714725 [handler.py:handle_request_defer():141] handle defer: 8
2021-09-18 16:44:04,813 DEBUG   SenderThread:714725 [sender.py:send_request():193] send_request: defer
2021-09-18 16:44:04,813 INFO    SenderThread:714725 [sender.py:send_request_defer():304] handle sender defer: 8
2021-09-18 16:44:04,814 INFO    SenderThread:714725 [sender.py:transition_state():308] send defer: 9
2021-09-18 16:44:04,814 DEBUG   SenderThread:714725 [sender.py:send():179] send: final
2021-09-18 16:44:04,814 DEBUG   HandlerThread:714725 [handler.py:handle_request():124] handle_request: defer
2021-09-18 16:44:04,814 DEBUG   SenderThread:714725 [sender.py:send():179] send: footer
2021-09-18 16:44:04,814 INFO    HandlerThread:714725 [handler.py:handle_request_defer():141] handle defer: 9
2021-09-18 16:44:04,814 DEBUG   SenderThread:714725 [sender.py:send_request():193] send_request: defer
2021-09-18 16:44:04,814 INFO    SenderThread:714725 [sender.py:send_request_defer():304] handle sender defer: 9
2021-09-18 16:44:04,823 DEBUG   HandlerThread:714725 [handler.py:handle_request():124] handle_request: poll_exit
2021-09-18 16:44:04,823 DEBUG   SenderThread:714725 [sender.py:send_request():193] send_request: poll_exit
2021-09-18 16:44:04,823 INFO    SenderThread:714725 [file_pusher.py:join():182] waiting for file pusher
2021-09-18 16:44:04,824 DEBUG   HandlerThread:714725 [handler.py:handle_request():124] handle_request: get_summary
2021-09-18 16:44:04,825 DEBUG   HandlerThread:714725 [handler.py:handle_request():124] handle_request: sampled_history
2021-09-18 16:44:04,825 DEBUG   HandlerThread:714725 [handler.py:handle_request():124] handle_request: shutdown
2021-09-18 16:44:04,825 INFO    HandlerThread:714725 [handler.py:finish():638] shutting down handler
2021-09-18 16:44:05,814 INFO    WriterThread:714725 [datastore.py:close():288] close: /grid/koo/home/toneyan/profile/QuantPred/wandb/run-20210918_164304-byhs3juw/run-byhs3juw.wandb
2021-09-18 16:44:05,824 INFO    SenderThread:714725 [sender.py:finish():945] shutting down sender
2021-09-18 16:44:05,824 INFO    SenderThread:714725 [file_pusher.py:finish():177] shutting down file pusher
2021-09-18 16:44:05,824 INFO    SenderThread:714725 [file_pusher.py:join():182] waiting for file pusher
2021-09-18 16:44:05,825 INFO    MainThread:714725 [internal.py:handle_exit():78] Internal process exited
