2021-09-18 20:09:40,207 INFO    MainThread:22513 [internal.py:wandb_internal():91] W&B internal server running at pid: 22513, started at: 2021-09-18 20:09:40.206577
2021-09-18 20:09:40,209 DEBUG   HandlerThread:22513 [handler.py:handle_request():124] handle_request: check_version
2021-09-18 20:09:40,209 INFO    WriterThread:22513 [datastore.py:open_for_write():80] open: /grid/koo/home/toneyan/profile/QuantPred/wandb/run-20210918_200939-3tbgmvx4/run-3tbgmvx4.wandb
2021-09-18 20:09:40,211 DEBUG   SenderThread:22513 [sender.py:send():179] send: header
2021-09-18 20:09:40,211 DEBUG   SenderThread:22513 [sender.py:send_request():193] send_request: check_version
2021-09-18 20:09:40,241 DEBUG   SenderThread:22513 [sender.py:send():179] send: run
2021-09-18 20:09:40,304 ERROR   SenderThread:22513 [internal_api.py:execute():130] 429 response executing GraphQL.
2021-09-18 20:09:40,305 ERROR   SenderThread:22513 [internal_api.py:execute():131] {"error":"rate limit exceeded"}

2021-09-18 20:09:41,606 ERROR   SenderThread:22513 [internal_api.py:execute():130] 429 response executing GraphQL.
2021-09-18 20:09:41,607 ERROR   SenderThread:22513 [internal_api.py:execute():131] {"error":"rate limit exceeded"}

2021-09-18 20:09:43,838 ERROR   SenderThread:22513 [internal_api.py:execute():130] 429 response executing GraphQL.
2021-09-18 20:09:43,838 ERROR   SenderThread:22513 [internal_api.py:execute():131] {"error":"rate limit exceeded"}

2021-09-18 20:09:43,838 ERROR   SenderThread:22513 [retry.py:__call__():126] Retry attempt failed:
Traceback (most recent call last):
  File "/usr/local/lib/python3.6/dist-packages/wandb/sdk/lib/retry.py", line 102, in __call__
    result = self._call_fn(*args, **kwargs)
  File "/usr/local/lib/python3.6/dist-packages/wandb/sdk/internal/internal_api.py", line 133, in execute
    six.reraise(*sys.exc_info())
  File "/usr/local/lib/python3.6/dist-packages/six.py", line 719, in reraise
    raise value
  File "/usr/local/lib/python3.6/dist-packages/wandb/sdk/internal/internal_api.py", line 127, in execute
    return self.client.execute(*args, **kwargs)
  File "/usr/local/lib/python3.6/dist-packages/wandb/vendor/gql-0.2.0/gql/client.py", line 52, in execute
    result = self._get_result(document, *args, **kwargs)
  File "/usr/local/lib/python3.6/dist-packages/wandb/vendor/gql-0.2.0/gql/client.py", line 60, in _get_result
    return self.transport.execute(document, *args, **kwargs)
  File "/usr/local/lib/python3.6/dist-packages/wandb/vendor/gql-0.2.0/gql/transport/requests.py", line 39, in execute
    request.raise_for_status()
  File "/usr/local/lib/python3.6/dist-packages/requests/models.py", line 943, in raise_for_status
    raise HTTPError(http_error_msg, response=self)
requests.exceptions.HTTPError: 429 Client Error: Too Many Requests for url: https://api.wandb.ai/graphql
2021-09-18 20:09:48,907 INFO    SenderThread:22513 [dir_watcher.py:__init__():168] watching files in: /grid/koo/home/toneyan/profile/QuantPred/wandb/run-20210918_200939-3tbgmvx4/files
2021-09-18 20:09:48,907 INFO    SenderThread:22513 [sender.py:_start_run_threads():719] run started: 3tbgmvx4 with start time 1632010179
2021-09-18 20:09:48,907 DEBUG   SenderThread:22513 [sender.py:send():179] send: summary
2021-09-18 20:09:48,908 INFO    SenderThread:22513 [sender.py:_save_file():841] saving file wandb-summary.json with policy end
2021-09-18 20:09:48,908 DEBUG   HandlerThread:22513 [handler.py:handle_request():124] handle_request: run_start
2021-09-18 20:09:49,951 INFO    Thread-8  :22513 [dir_watcher.py:_on_file_created():216] file/dir created: /grid/koo/home/toneyan/profile/QuantPred/wandb/run-20210918_200939-3tbgmvx4/files/wandb-summary.json
2021-09-18 20:09:50,218 DEBUG   HandlerThread:22513 [meta.py:__init__():39] meta init
2021-09-18 20:09:50,218 DEBUG   HandlerThread:22513 [meta.py:__init__():53] meta init done
2021-09-18 20:09:50,219 DEBUG   HandlerThread:22513 [meta.py:probe():210] probe
2021-09-18 20:09:50,224 DEBUG   HandlerThread:22513 [meta.py:_save_pip():57] save pip
2021-09-18 20:09:50,225 DEBUG   HandlerThread:22513 [meta.py:_save_pip():71] save pip done
2021-09-18 20:09:50,226 DEBUG   HandlerThread:22513 [meta.py:probe():252] probe done
2021-09-18 20:09:50,228 DEBUG   SenderThread:22513 [sender.py:send():179] send: files
2021-09-18 20:09:50,228 INFO    SenderThread:22513 [sender.py:_save_file():841] saving file wandb-metadata.json with policy now
2021-09-18 20:09:50,236 DEBUG   HandlerThread:22513 [handler.py:handle_request():124] handle_request: stop_status
2021-09-18 20:09:50,237 DEBUG   SenderThread:22513 [sender.py:send_request():193] send_request: stop_status
2021-09-18 20:09:50,640 INFO    Thread-11 :22513 [upload_job.py:push():137] Uploaded file /tmp/3288841.1.gpu_ded.q/tmp02hbd6vuwandb/2s8ecvr3-wandb-metadata.json
2021-09-18 20:09:50,949 INFO    Thread-8  :22513 [dir_watcher.py:_on_file_created():216] file/dir created: /grid/koo/home/toneyan/profile/QuantPred/wandb/run-20210918_200939-3tbgmvx4/files/output.log
2021-09-18 20:09:50,950 INFO    Thread-8  :22513 [dir_watcher.py:_on_file_created():216] file/dir created: /grid/koo/home/toneyan/profile/QuantPred/wandb/run-20210918_200939-3tbgmvx4/files/requirements.txt
2021-09-18 20:09:50,950 INFO    Thread-8  :22513 [dir_watcher.py:_on_file_created():216] file/dir created: /grid/koo/home/toneyan/profile/QuantPred/wandb/run-20210918_200939-3tbgmvx4/files/wandb-metadata.json
2021-09-18 20:10:05,299 DEBUG   HandlerThread:22513 [handler.py:handle_request():124] handle_request: stop_status
2021-09-18 20:10:05,299 DEBUG   SenderThread:22513 [sender.py:send_request():193] send_request: stop_status
2021-09-18 20:10:05,355 ERROR   SenderThread:22513 [internal_api.py:execute():130] 429 response executing GraphQL.
2021-09-18 20:10:05,355 ERROR   SenderThread:22513 [internal_api.py:execute():131] {"error":"rate limit exceeded"}

2021-09-18 20:10:06,588 ERROR   SenderThread:22513 [internal_api.py:execute():130] 429 response executing GraphQL.
2021-09-18 20:10:06,589 ERROR   SenderThread:22513 [internal_api.py:execute():131] {"error":"rate limit exceeded"}

2021-09-18 20:10:08,864 ERROR   SenderThread:22513 [internal_api.py:execute():130] 429 response executing GraphQL.
2021-09-18 20:10:08,865 ERROR   SenderThread:22513 [internal_api.py:execute():131] {"error":"rate limit exceeded"}

2021-09-18 20:10:08,865 ERROR   SenderThread:22513 [retry.py:__call__():126] Retry attempt failed:
Traceback (most recent call last):
  File "/usr/local/lib/python3.6/dist-packages/wandb/sdk/lib/retry.py", line 102, in __call__
    result = self._call_fn(*args, **kwargs)
  File "/usr/local/lib/python3.6/dist-packages/wandb/sdk/internal/internal_api.py", line 133, in execute
    six.reraise(*sys.exc_info())
  File "/usr/local/lib/python3.6/dist-packages/six.py", line 719, in reraise
    raise value
  File "/usr/local/lib/python3.6/dist-packages/wandb/sdk/internal/internal_api.py", line 127, in execute
    return self.client.execute(*args, **kwargs)
  File "/usr/local/lib/python3.6/dist-packages/wandb/vendor/gql-0.2.0/gql/client.py", line 52, in execute
    result = self._get_result(document, *args, **kwargs)
  File "/usr/local/lib/python3.6/dist-packages/wandb/vendor/gql-0.2.0/gql/client.py", line 60, in _get_result
    return self.transport.execute(document, *args, **kwargs)
  File "/usr/local/lib/python3.6/dist-packages/wandb/vendor/gql-0.2.0/gql/transport/requests.py", line 39, in execute
    request.raise_for_status()
  File "/usr/local/lib/python3.6/dist-packages/requests/models.py", line 943, in raise_for_status
    raise HTTPError(http_error_msg, response=self)
requests.exceptions.HTTPError: 429 Client Error: Too Many Requests for url: https://api.wandb.ai/graphql
2021-09-18 20:10:13,301 ERROR   SenderThread:22513 [internal_api.py:execute():130] 429 response executing GraphQL.
2021-09-18 20:10:13,301 ERROR   SenderThread:22513 [internal_api.py:execute():131] {"error":"rate limit exceeded"}

2021-09-18 20:10:22,341 DEBUG   SenderThread:22513 [sender.py:send():179] send: stats
2021-09-18 20:10:23,952 DEBUG   SenderThread:22513 [sender.py:send():179] send: telemetry
2021-09-18 20:10:23,953 DEBUG   HandlerThread:22513 [handler.py:handle_request():124] handle_request: poll_exit
2021-09-18 20:10:23,953 DEBUG   SenderThread:22513 [sender.py:send():179] send: exit
2021-09-18 20:10:23,953 INFO    SenderThread:22513 [sender.py:send_exit():287] handling exit code: 1
2021-09-18 20:10:23,953 INFO    SenderThread:22513 [sender.py:send_exit():295] send defer
2021-09-18 20:10:23,953 DEBUG   SenderThread:22513 [sender.py:send_request():193] send_request: poll_exit
2021-09-18 20:10:23,953 DEBUG   HandlerThread:22513 [handler.py:handle_request():124] handle_request: defer
2021-09-18 20:10:23,954 INFO    HandlerThread:22513 [handler.py:handle_request_defer():141] handle defer: 0
2021-09-18 20:10:23,954 DEBUG   SenderThread:22513 [sender.py:send_request():193] send_request: defer
2021-09-18 20:10:23,954 INFO    SenderThread:22513 [sender.py:send_request_defer():304] handle sender defer: 0
2021-09-18 20:10:23,954 INFO    SenderThread:22513 [sender.py:transition_state():308] send defer: 1
2021-09-18 20:10:23,954 DEBUG   HandlerThread:22513 [handler.py:handle_request():124] handle_request: defer
2021-09-18 20:10:23,954 INFO    HandlerThread:22513 [handler.py:handle_request_defer():141] handle defer: 1
2021-09-18 20:10:24,049 DEBUG   SenderThread:22513 [sender.py:send_request():193] send_request: defer
2021-09-18 20:10:24,049 INFO    SenderThread:22513 [sender.py:send_request_defer():304] handle sender defer: 1
2021-09-18 20:10:24,049 INFO    SenderThread:22513 [sender.py:transition_state():308] send defer: 2
2021-09-18 20:10:24,049 DEBUG   SenderThread:22513 [sender.py:send():179] send: stats
2021-09-18 20:10:24,050 DEBUG   HandlerThread:22513 [handler.py:handle_request():124] handle_request: defer
2021-09-18 20:10:24,050 INFO    HandlerThread:22513 [handler.py:handle_request_defer():141] handle defer: 2
2021-09-18 20:10:24,050 DEBUG   SenderThread:22513 [sender.py:send_request():193] send_request: defer
2021-09-18 20:10:24,050 INFO    SenderThread:22513 [sender.py:send_request_defer():304] handle sender defer: 2
2021-09-18 20:10:24,050 INFO    SenderThread:22513 [sender.py:transition_state():308] send defer: 3
2021-09-18 20:10:24,050 DEBUG   HandlerThread:22513 [handler.py:handle_request():124] handle_request: defer
2021-09-18 20:10:24,050 INFO    HandlerThread:22513 [handler.py:handle_request_defer():141] handle defer: 3
2021-09-18 20:10:24,050 DEBUG   SenderThread:22513 [sender.py:send():179] send: summary
2021-09-18 20:10:24,051 INFO    SenderThread:22513 [sender.py:_save_file():841] saving file wandb-summary.json with policy end
2021-09-18 20:10:24,051 DEBUG   SenderThread:22513 [sender.py:send_request():193] send_request: defer
2021-09-18 20:10:24,051 INFO    SenderThread:22513 [sender.py:send_request_defer():304] handle sender defer: 3
2021-09-18 20:10:24,051 INFO    SenderThread:22513 [sender.py:transition_state():308] send defer: 4
2021-09-18 20:10:24,051 DEBUG   HandlerThread:22513 [handler.py:handle_request():124] handle_request: defer
2021-09-18 20:10:24,051 INFO    HandlerThread:22513 [handler.py:handle_request_defer():141] handle defer: 4
2021-09-18 20:10:24,052 DEBUG   SenderThread:22513 [sender.py:send_request():193] send_request: defer
2021-09-18 20:10:24,052 INFO    SenderThread:22513 [sender.py:send_request_defer():304] handle sender defer: 4
2021-09-18 20:10:24,056 DEBUG   HandlerThread:22513 [handler.py:handle_request():124] handle_request: poll_exit
2021-09-18 20:10:24,109 ERROR   SenderThread:22513 [internal_api.py:execute():130] 429 response executing GraphQL.
2021-09-18 20:10:24,110 ERROR   SenderThread:22513 [internal_api.py:execute():131] {"error":"rate limit exceeded"}

2021-09-18 20:10:24,963 INFO    Thread-8  :22513 [dir_watcher.py:_on_file_modified():229] file/dir modified: /grid/koo/home/toneyan/profile/QuantPred/wandb/run-20210918_200939-3tbgmvx4/files/wandb-summary.json
2021-09-18 20:10:25,347 ERROR   SenderThread:22513 [internal_api.py:execute():130] 429 response executing GraphQL.
2021-09-18 20:10:25,347 ERROR   SenderThread:22513 [internal_api.py:execute():131] {"error":"rate limit exceeded"}

2021-09-18 20:10:29,156 DEBUG   HandlerThread:22513 [handler.py:handle_request():124] handle_request: poll_exit
2021-09-18 20:10:29,762 ERROR   SenderThread:22513 [internal_api.py:execute():130] 429 response executing GraphQL.
2021-09-18 20:10:29,762 ERROR   SenderThread:22513 [internal_api.py:execute():131] {"error":"rate limit exceeded"}

2021-09-18 20:10:29,762 ERROR   SenderThread:22513 [retry.py:__call__():126] Retry attempt failed:
Traceback (most recent call last):
  File "/usr/local/lib/python3.6/dist-packages/wandb/sdk/lib/retry.py", line 102, in __call__
    result = self._call_fn(*args, **kwargs)
  File "/usr/local/lib/python3.6/dist-packages/wandb/sdk/internal/internal_api.py", line 133, in execute
    six.reraise(*sys.exc_info())
  File "/usr/local/lib/python3.6/dist-packages/six.py", line 719, in reraise
    raise value
  File "/usr/local/lib/python3.6/dist-packages/wandb/sdk/internal/internal_api.py", line 127, in execute
    return self.client.execute(*args, **kwargs)
  File "/usr/local/lib/python3.6/dist-packages/wandb/vendor/gql-0.2.0/gql/client.py", line 52, in execute
    result = self._get_result(document, *args, **kwargs)
  File "/usr/local/lib/python3.6/dist-packages/wandb/vendor/gql-0.2.0/gql/client.py", line 60, in _get_result
    return self.transport.execute(document, *args, **kwargs)
  File "/usr/local/lib/python3.6/dist-packages/wandb/vendor/gql-0.2.0/gql/transport/requests.py", line 39, in execute
    request.raise_for_status()
  File "/usr/local/lib/python3.6/dist-packages/requests/models.py", line 943, in raise_for_status
    raise HTTPError(http_error_msg, response=self)
requests.exceptions.HTTPError: 429 Client Error: Too Many Requests for url: https://api.wandb.ai/graphql
2021-09-18 20:10:34,256 DEBUG   HandlerThread:22513 [handler.py:handle_request():124] handle_request: poll_exit
2021-09-18 20:10:34,279 ERROR   SenderThread:22513 [internal_api.py:execute():130] 429 response executing GraphQL.
2021-09-18 20:10:34,279 ERROR   SenderThread:22513 [internal_api.py:execute():131] {"error":"rate limit exceeded"}

2021-09-18 20:10:39,357 DEBUG   HandlerThread:22513 [handler.py:handle_request():124] handle_request: poll_exit
2021-09-18 20:10:42,580 ERROR   SenderThread:22513 [internal_api.py:execute():130] 429 response executing GraphQL.
2021-09-18 20:10:42,580 ERROR   SenderThread:22513 [internal_api.py:execute():131] {"error":"rate limit exceeded"}

2021-09-18 20:10:44,457 DEBUG   HandlerThread:22513 [handler.py:handle_request():124] handle_request: poll_exit
2021-09-18 20:10:49,558 DEBUG   HandlerThread:22513 [handler.py:handle_request():124] handle_request: poll_exit
2021-09-18 20:10:54,659 DEBUG   HandlerThread:22513 [handler.py:handle_request():124] handle_request: poll_exit
2021-09-18 20:10:59,715 ERROR   SenderThread:22513 [internal_api.py:execute():130] 429 response executing GraphQL.
2021-09-18 20:10:59,715 ERROR   SenderThread:22513 [internal_api.py:execute():131] {"error":"rate limit exceeded"}

2021-09-18 20:10:59,759 DEBUG   HandlerThread:22513 [handler.py:handle_request():124] handle_request: poll_exit
2021-09-18 20:11:04,860 DEBUG   HandlerThread:22513 [handler.py:handle_request():124] handle_request: poll_exit
2021-09-18 20:11:09,961 DEBUG   HandlerThread:22513 [handler.py:handle_request():124] handle_request: poll_exit
2021-09-18 20:11:15,061 DEBUG   HandlerThread:22513 [handler.py:handle_request():124] handle_request: poll_exit
2021-09-18 20:11:20,162 DEBUG   HandlerThread:22513 [handler.py:handle_request():124] handle_request: poll_exit
2021-09-18 20:11:25,263 DEBUG   HandlerThread:22513 [handler.py:handle_request():124] handle_request: poll_exit
2021-09-18 20:11:30,363 DEBUG   HandlerThread:22513 [handler.py:handle_request():124] handle_request: poll_exit
2021-09-18 20:11:35,464 DEBUG   HandlerThread:22513 [handler.py:handle_request():124] handle_request: poll_exit
2021-09-18 20:11:36,610 ERROR   SenderThread:22513 [internal_api.py:execute():130] 429 response executing GraphQL.
2021-09-18 20:11:36,611 ERROR   SenderThread:22513 [internal_api.py:execute():131] {"error":"rate limit exceeded"}

2021-09-18 20:11:40,565 DEBUG   HandlerThread:22513 [handler.py:handle_request():124] handle_request: poll_exit
2021-09-18 20:11:45,665 DEBUG   HandlerThread:22513 [handler.py:handle_request():124] handle_request: poll_exit
2021-09-18 20:11:50,766 DEBUG   HandlerThread:22513 [handler.py:handle_request():124] handle_request: poll_exit
2021-09-18 20:11:55,867 DEBUG   HandlerThread:22513 [handler.py:handle_request():124] handle_request: poll_exit
2021-09-18 20:12:00,968 DEBUG   HandlerThread:22513 [handler.py:handle_request():124] handle_request: poll_exit
2021-09-18 20:12:06,068 DEBUG   HandlerThread:22513 [handler.py:handle_request():124] handle_request: poll_exit
2021-09-18 20:12:11,169 DEBUG   HandlerThread:22513 [handler.py:handle_request():124] handle_request: poll_exit
2021-09-18 20:12:16,270 DEBUG   HandlerThread:22513 [handler.py:handle_request():124] handle_request: poll_exit
2021-09-18 20:12:21,370 DEBUG   HandlerThread:22513 [handler.py:handle_request():124] handle_request: poll_exit
2021-09-18 20:12:26,471 DEBUG   HandlerThread:22513 [handler.py:handle_request():124] handle_request: poll_exit
2021-09-18 20:12:31,572 DEBUG   HandlerThread:22513 [handler.py:handle_request():124] handle_request: poll_exit
2021-09-18 20:12:36,673 DEBUG   HandlerThread:22513 [handler.py:handle_request():124] handle_request: poll_exit
2021-09-18 20:12:41,773 DEBUG   HandlerThread:22513 [handler.py:handle_request():124] handle_request: poll_exit
2021-09-18 20:12:46,874 DEBUG   HandlerThread:22513 [handler.py:handle_request():124] handle_request: poll_exit
2021-09-18 20:12:49,685 INFO    SenderThread:22513 [sender.py:transition_state():308] send defer: 5
2021-09-18 20:12:49,685 DEBUG   SenderThread:22513 [sender.py:send_request():193] send_request: poll_exit
2021-09-18 20:12:49,685 DEBUG   SenderThread:22513 [sender.py:send_request():193] send_request: poll_exit
2021-09-18 20:12:49,685 DEBUG   HandlerThread:22513 [handler.py:handle_request():124] handle_request: defer
2021-09-18 20:12:49,685 DEBUG   SenderThread:22513 [sender.py:send_request():193] send_request: poll_exit
2021-09-18 20:12:49,686 INFO    HandlerThread:22513 [handler.py:handle_request_defer():141] handle defer: 5
2021-09-18 20:12:49,686 DEBUG   SenderThread:22513 [sender.py:send_request():193] send_request: poll_exit
2021-09-18 20:12:49,686 DEBUG   SenderThread:22513 [sender.py:send_request():193] send_request: poll_exit
2021-09-18 20:12:49,686 DEBUG   SenderThread:22513 [sender.py:send_request():193] send_request: poll_exit
2021-09-18 20:12:49,687 DEBUG   SenderThread:22513 [sender.py:send_request():193] send_request: poll_exit
2021-09-18 20:12:49,687 DEBUG   SenderThread:22513 [sender.py:send_request():193] send_request: poll_exit
2021-09-18 20:12:49,687 DEBUG   SenderThread:22513 [sender.py:send_request():193] send_request: poll_exit
2021-09-18 20:12:49,687 DEBUG   SenderThread:22513 [sender.py:send_request():193] send_request: poll_exit
2021-09-18 20:12:49,687 DEBUG   SenderThread:22513 [sender.py:send_request():193] send_request: poll_exit
2021-09-18 20:12:49,687 DEBUG   SenderThread:22513 [sender.py:send_request():193] send_request: poll_exit
2021-09-18 20:12:49,687 DEBUG   SenderThread:22513 [sender.py:send_request():193] send_request: poll_exit
2021-09-18 20:12:49,688 DEBUG   SenderThread:22513 [sender.py:send_request():193] send_request: poll_exit
2021-09-18 20:12:49,688 DEBUG   SenderThread:22513 [sender.py:send_request():193] send_request: poll_exit
2021-09-18 20:12:49,688 DEBUG   SenderThread:22513 [sender.py:send_request():193] send_request: poll_exit
2021-09-18 20:12:49,688 DEBUG   SenderThread:22513 [sender.py:send_request():193] send_request: poll_exit
2021-09-18 20:12:49,688 DEBUG   SenderThread:22513 [sender.py:send_request():193] send_request: poll_exit
2021-09-18 20:12:49,688 DEBUG   SenderThread:22513 [sender.py:send_request():193] send_request: poll_exit
2021-09-18 20:12:49,688 DEBUG   SenderThread:22513 [sender.py:send_request():193] send_request: poll_exit
2021-09-18 20:12:49,688 DEBUG   SenderThread:22513 [sender.py:send_request():193] send_request: poll_exit
2021-09-18 20:12:49,689 DEBUG   SenderThread:22513 [sender.py:send_request():193] send_request: poll_exit
2021-09-18 20:12:49,689 DEBUG   SenderThread:22513 [sender.py:send_request():193] send_request: poll_exit
2021-09-18 20:12:49,689 DEBUG   SenderThread:22513 [sender.py:send_request():193] send_request: poll_exit
2021-09-18 20:12:49,689 DEBUG   SenderThread:22513 [sender.py:send_request():193] send_request: poll_exit
2021-09-18 20:12:49,689 DEBUG   SenderThread:22513 [sender.py:send_request():193] send_request: poll_exit
2021-09-18 20:12:49,689 DEBUG   SenderThread:22513 [sender.py:send_request():193] send_request: poll_exit
2021-09-18 20:12:49,689 DEBUG   SenderThread:22513 [sender.py:send_request():193] send_request: poll_exit
2021-09-18 20:12:49,689 DEBUG   SenderThread:22513 [sender.py:send_request():193] send_request: poll_exit
2021-09-18 20:12:49,689 DEBUG   SenderThread:22513 [sender.py:send_request():193] send_request: defer
2021-09-18 20:12:49,689 INFO    SenderThread:22513 [sender.py:send_request_defer():304] handle sender defer: 5
2021-09-18 20:12:49,690 INFO    SenderThread:22513 [dir_watcher.py:finish():282] shutting down directory watcher
2021-09-18 20:12:49,791 DEBUG   HandlerThread:22513 [handler.py:handle_request():124] handle_request: poll_exit
2021-09-18 20:12:49,987 INFO    SenderThread:22513 [dir_watcher.py:_on_file_modified():229] file/dir modified: /grid/koo/home/toneyan/profile/QuantPred/wandb/run-20210918_200939-3tbgmvx4/files/config.yaml
2021-09-18 20:12:49,988 INFO    SenderThread:22513 [dir_watcher.py:finish():312] scan: /grid/koo/home/toneyan/profile/QuantPred/wandb/run-20210918_200939-3tbgmvx4/files
2021-09-18 20:12:49,988 INFO    SenderThread:22513 [dir_watcher.py:finish():318] scan save: /grid/koo/home/toneyan/profile/QuantPred/wandb/run-20210918_200939-3tbgmvx4/files/wandb-metadata.json wandb-metadata.json
2021-09-18 20:12:49,988 INFO    SenderThread:22513 [dir_watcher.py:finish():318] scan save: /grid/koo/home/toneyan/profile/QuantPred/wandb/run-20210918_200939-3tbgmvx4/files/config.yaml config.yaml
2021-09-18 20:12:49,988 INFO    SenderThread:22513 [dir_watcher.py:finish():318] scan save: /grid/koo/home/toneyan/profile/QuantPred/wandb/run-20210918_200939-3tbgmvx4/files/requirements.txt requirements.txt
2021-09-18 20:12:49,988 INFO    SenderThread:22513 [dir_watcher.py:finish():318] scan save: /grid/koo/home/toneyan/profile/QuantPred/wandb/run-20210918_200939-3tbgmvx4/files/wandb-summary.json wandb-summary.json
2021-09-18 20:12:49,992 INFO    SenderThread:22513 [dir_watcher.py:finish():318] scan save: /grid/koo/home/toneyan/profile/QuantPred/wandb/run-20210918_200939-3tbgmvx4/files/output.log output.log
2021-09-18 20:12:49,998 INFO    SenderThread:22513 [sender.py:transition_state():308] send defer: 6
2021-09-18 20:12:49,998 DEBUG   SenderThread:22513 [sender.py:send_request():193] send_request: poll_exit
2021-09-18 20:12:49,998 DEBUG   HandlerThread:22513 [handler.py:handle_request():124] handle_request: defer
2021-09-18 20:12:49,999 INFO    HandlerThread:22513 [handler.py:handle_request_defer():141] handle defer: 6
2021-09-18 20:12:49,999 DEBUG   SenderThread:22513 [sender.py:send_request():193] send_request: defer
2021-09-18 20:12:49,999 INFO    SenderThread:22513 [sender.py:send_request_defer():304] handle sender defer: 6
2021-09-18 20:12:49,999 INFO    SenderThread:22513 [file_pusher.py:finish():177] shutting down file pusher
2021-09-18 20:12:50,100 DEBUG   HandlerThread:22513 [handler.py:handle_request():124] handle_request: poll_exit
2021-09-18 20:12:50,100 DEBUG   SenderThread:22513 [sender.py:send_request():193] send_request: poll_exit
2021-09-18 20:12:50,202 DEBUG   HandlerThread:22513 [handler.py:handle_request():124] handle_request: poll_exit
2021-09-18 20:12:50,202 DEBUG   SenderThread:22513 [sender.py:send_request():193] send_request: poll_exit
2021-09-18 20:12:50,286 INFO    Thread-13 :22513 [upload_job.py:push():137] Uploaded file /grid/koo/home/toneyan/profile/QuantPred/wandb/run-20210918_200939-3tbgmvx4/files/requirements.txt
2021-09-18 20:12:50,289 INFO    Thread-12 :22513 [upload_job.py:push():137] Uploaded file /grid/koo/home/toneyan/profile/QuantPred/wandb/run-20210918_200939-3tbgmvx4/files/config.yaml
2021-09-18 20:12:50,293 INFO    Thread-14 :22513 [upload_job.py:push():137] Uploaded file /grid/koo/home/toneyan/profile/QuantPred/wandb/run-20210918_200939-3tbgmvx4/files/wandb-summary.json
2021-09-18 20:12:50,304 DEBUG   HandlerThread:22513 [handler.py:handle_request():124] handle_request: poll_exit
2021-09-18 20:12:50,304 DEBUG   SenderThread:22513 [sender.py:send_request():193] send_request: poll_exit
2021-09-18 20:12:50,406 DEBUG   HandlerThread:22513 [handler.py:handle_request():124] handle_request: poll_exit
2021-09-18 20:12:50,406 DEBUG   SenderThread:22513 [sender.py:send_request():193] send_request: poll_exit
2021-09-18 20:12:50,494 INFO    Thread-7  :22513 [sender.py:transition_state():308] send defer: 7
2021-09-18 20:12:50,494 DEBUG   HandlerThread:22513 [handler.py:handle_request():124] handle_request: defer
2021-09-18 20:12:50,494 INFO    HandlerThread:22513 [handler.py:handle_request_defer():141] handle defer: 7
2021-09-18 20:12:50,495 DEBUG   SenderThread:22513 [sender.py:send_request():193] send_request: defer
2021-09-18 20:12:50,495 INFO    SenderThread:22513 [sender.py:send_request_defer():304] handle sender defer: 7
2021-09-18 20:12:50,508 DEBUG   HandlerThread:22513 [handler.py:handle_request():124] handle_request: poll_exit
2021-09-18 20:12:50,544 INFO    SenderThread:22513 [sender.py:transition_state():308] send defer: 8
2021-09-18 20:12:50,545 DEBUG   SenderThread:22513 [sender.py:send_request():193] send_request: poll_exit
2021-09-18 20:12:50,545 DEBUG   HandlerThread:22513 [handler.py:handle_request():124] handle_request: defer
2021-09-18 20:12:50,545 INFO    HandlerThread:22513 [handler.py:handle_request_defer():141] handle defer: 8
2021-09-18 20:12:50,545 DEBUG   SenderThread:22513 [sender.py:send_request():193] send_request: defer
2021-09-18 20:12:50,545 INFO    SenderThread:22513 [sender.py:send_request_defer():304] handle sender defer: 8
2021-09-18 20:12:50,545 INFO    SenderThread:22513 [sender.py:transition_state():308] send defer: 9
2021-09-18 20:12:50,546 DEBUG   SenderThread:22513 [sender.py:send():179] send: final
2021-09-18 20:12:50,546 DEBUG   HandlerThread:22513 [handler.py:handle_request():124] handle_request: defer
2021-09-18 20:12:50,546 DEBUG   SenderThread:22513 [sender.py:send():179] send: footer
2021-09-18 20:12:50,546 INFO    HandlerThread:22513 [handler.py:handle_request_defer():141] handle defer: 9
2021-09-18 20:12:50,546 DEBUG   SenderThread:22513 [sender.py:send_request():193] send_request: defer
2021-09-18 20:12:50,546 INFO    SenderThread:22513 [sender.py:send_request_defer():304] handle sender defer: 9
2021-09-18 20:12:50,646 DEBUG   HandlerThread:22513 [handler.py:handle_request():124] handle_request: poll_exit
2021-09-18 20:12:50,647 DEBUG   SenderThread:22513 [sender.py:send_request():193] send_request: poll_exit
2021-09-18 20:12:50,647 INFO    SenderThread:22513 [file_pusher.py:join():182] waiting for file pusher
2021-09-18 20:12:50,648 DEBUG   HandlerThread:22513 [handler.py:handle_request():124] handle_request: get_summary
2021-09-18 20:12:50,649 DEBUG   HandlerThread:22513 [handler.py:handle_request():124] handle_request: sampled_history
2021-09-18 20:12:50,650 DEBUG   HandlerThread:22513 [handler.py:handle_request():124] handle_request: shutdown
2021-09-18 20:12:50,650 INFO    HandlerThread:22513 [handler.py:finish():638] shutting down handler
2021-09-18 20:12:51,546 INFO    WriterThread:22513 [datastore.py:close():288] close: /grid/koo/home/toneyan/profile/QuantPred/wandb/run-20210918_200939-3tbgmvx4/run-3tbgmvx4.wandb
2021-09-18 20:12:51,647 INFO    SenderThread:22513 [sender.py:finish():945] shutting down sender
2021-09-18 20:12:51,647 INFO    SenderThread:22513 [file_pusher.py:finish():177] shutting down file pusher
2021-09-18 20:12:51,648 INFO    SenderThread:22513 [file_pusher.py:join():182] waiting for file pusher
2021-09-18 20:12:51,649 INFO    MainThread:22513 [internal.py:handle_exit():78] Internal process exited
