2021-09-14 14:50:08,117 INFO    MainThread:1872286 [internal.py:wandb_internal():91] W&B internal server running at pid: 1872286, started at: 2021-09-14 14:50:08.116223
2021-09-14 14:50:08,118 DEBUG   HandlerThread:1872286 [handler.py:handle_request():124] handle_request: check_version
2021-09-14 14:50:08,118 INFO    WriterThread:1872286 [datastore.py:open_for_write():80] open: /grid/koo/home/toneyan/profile/QuantPred/wandb/run-20210914_145007-gvka5qwo/run-gvka5qwo.wandb
2021-09-14 14:50:08,120 DEBUG   SenderThread:1872286 [sender.py:send():179] send: header
2021-09-14 14:50:08,120 DEBUG   SenderThread:1872286 [sender.py:send_request():193] send_request: check_version
2021-09-14 14:50:08,147 DEBUG   SenderThread:1872286 [sender.py:send():179] send: run
2021-09-14 14:50:08,235 INFO    SenderThread:1872286 [dir_watcher.py:__init__():168] watching files in: /grid/koo/home/toneyan/profile/QuantPred/wandb/run-20210914_145007-gvka5qwo/files
2021-09-14 14:50:08,235 INFO    SenderThread:1872286 [sender.py:_start_run_threads():719] run started: gvka5qwo with start time 1631645407
2021-09-14 14:50:08,235 DEBUG   SenderThread:1872286 [sender.py:send():179] send: summary
2021-09-14 14:50:08,236 INFO    SenderThread:1872286 [sender.py:_save_file():841] saving file wandb-summary.json with policy end
2021-09-14 14:50:08,237 DEBUG   HandlerThread:1872286 [handler.py:handle_request():124] handle_request: run_start
2021-09-14 14:50:09,238 INFO    Thread-8  :1872286 [dir_watcher.py:_on_file_created():216] file/dir created: /grid/koo/home/toneyan/profile/QuantPred/wandb/run-20210914_145007-gvka5qwo/files/wandb-summary.json
2021-09-14 14:50:09,396 DEBUG   HandlerThread:1872286 [meta.py:__init__():39] meta init
2021-09-14 14:50:09,396 DEBUG   HandlerThread:1872286 [meta.py:__init__():53] meta init done
2021-09-14 14:50:09,396 DEBUG   HandlerThread:1872286 [meta.py:probe():210] probe
2021-09-14 14:50:09,402 DEBUG   HandlerThread:1872286 [meta.py:_save_pip():57] save pip
2021-09-14 14:50:09,404 DEBUG   HandlerThread:1872286 [meta.py:_save_pip():71] save pip done
2021-09-14 14:50:09,404 DEBUG   HandlerThread:1872286 [meta.py:probe():252] probe done
2021-09-14 14:50:09,406 DEBUG   SenderThread:1872286 [sender.py:send():179] send: files
2021-09-14 14:50:09,407 INFO    SenderThread:1872286 [sender.py:_save_file():841] saving file wandb-metadata.json with policy now
2021-09-14 14:50:09,420 DEBUG   HandlerThread:1872286 [handler.py:handle_request():124] handle_request: stop_status
2021-09-14 14:50:09,421 DEBUG   SenderThread:1872286 [sender.py:send_request():193] send_request: stop_status
2021-09-14 14:50:09,772 INFO    Thread-11 :1872286 [upload_job.py:push():137] Uploaded file /tmp/3287110.1.gpu_ded.q/tmpjkj9ovurwandb/1uppyzw8-wandb-metadata.json
2021-09-14 14:50:10,237 INFO    Thread-8  :1872286 [dir_watcher.py:_on_file_created():216] file/dir created: /grid/koo/home/toneyan/profile/QuantPred/wandb/run-20210914_145007-gvka5qwo/files/output.log
2021-09-14 14:50:10,238 INFO    Thread-8  :1872286 [dir_watcher.py:_on_file_created():216] file/dir created: /grid/koo/home/toneyan/profile/QuantPred/wandb/run-20210914_145007-gvka5qwo/files/wandb-metadata.json
2021-09-14 14:50:10,238 INFO    Thread-8  :1872286 [dir_watcher.py:_on_file_created():216] file/dir created: /grid/koo/home/toneyan/profile/QuantPred/wandb/run-20210914_145007-gvka5qwo/files/requirements.txt
2021-09-14 14:50:24,514 DEBUG   HandlerThread:1872286 [handler.py:handle_request():124] handle_request: stop_status
2021-09-14 14:50:24,515 DEBUG   SenderThread:1872286 [sender.py:send_request():193] send_request: stop_status
2021-09-14 14:50:24,573 ERROR   SenderThread:1872286 [internal_api.py:execute():130] 429 response executing GraphQL.
2021-09-14 14:50:24,573 ERROR   SenderThread:1872286 [internal_api.py:execute():131] {"error":"rate limit exceeded"}

2021-09-14 14:50:25,720 ERROR   SenderThread:1872286 [internal_api.py:execute():130] 429 response executing GraphQL.
2021-09-14 14:50:25,720 ERROR   SenderThread:1872286 [internal_api.py:execute():131] {"error":"rate limit exceeded"}

2021-09-14 14:50:27,838 ERROR   SenderThread:1872286 [internal_api.py:execute():130] 429 response executing GraphQL.
2021-09-14 14:50:27,839 ERROR   SenderThread:1872286 [internal_api.py:execute():131] {"error":"rate limit exceeded"}

2021-09-14 14:50:27,839 ERROR   SenderThread:1872286 [retry.py:__call__():126] Retry attempt failed:
Traceback (most recent call last):
  File "/usr/local/lib/python3.6/dist-packages/wandb/sdk/lib/retry.py", line 102, in __call__
    result = self._call_fn(*args, **kwargs)
  File "/usr/local/lib/python3.6/dist-packages/wandb/sdk/internal/internal_api.py", line 133, in execute
    six.reraise(*sys.exc_info())
  File "/usr/local/lib/python3.6/dist-packages/six.py", line 719, in reraise
    raise value
  File "/usr/local/lib/python3.6/dist-packages/wandb/sdk/internal/internal_api.py", line 127, in execute
    return self.client.execute(*args, **kwargs)
  File "/usr/local/lib/python3.6/dist-packages/wandb/vendor/gql-0.2.0/gql/client.py", line 52, in execute
    result = self._get_result(document, *args, **kwargs)
  File "/usr/local/lib/python3.6/dist-packages/wandb/vendor/gql-0.2.0/gql/client.py", line 60, in _get_result
    return self.transport.execute(document, *args, **kwargs)
  File "/usr/local/lib/python3.6/dist-packages/wandb/vendor/gql-0.2.0/gql/transport/requests.py", line 39, in execute
    request.raise_for_status()
  File "/usr/local/lib/python3.6/dist-packages/requests/models.py", line 943, in raise_for_status
    raise HTTPError(http_error_msg, response=self)
requests.exceptions.HTTPError: 429 Client Error: Too Many Requests for url: https://api.wandb.ai/graphql
2021-09-14 14:50:37,755 DEBUG   SenderThread:1872286 [sender.py:send():179] send: stats
2021-09-14 14:50:41,379 DEBUG   HandlerThread:1872286 [handler.py:handle_request():124] handle_request: poll_exit
2021-09-14 14:50:41,379 DEBUG   SenderThread:1872286 [sender.py:send():179] send: telemetry
2021-09-14 14:50:41,380 DEBUG   SenderThread:1872286 [sender.py:send():179] send: exit
2021-09-14 14:50:41,380 INFO    SenderThread:1872286 [sender.py:send_exit():287] handling exit code: 1
2021-09-14 14:50:41,380 INFO    SenderThread:1872286 [sender.py:send_exit():295] send defer
2021-09-14 14:50:41,380 DEBUG   SenderThread:1872286 [sender.py:send_request():193] send_request: poll_exit
2021-09-14 14:50:41,380 DEBUG   HandlerThread:1872286 [handler.py:handle_request():124] handle_request: defer
2021-09-14 14:50:41,380 INFO    HandlerThread:1872286 [handler.py:handle_request_defer():141] handle defer: 0
2021-09-14 14:50:41,380 DEBUG   SenderThread:1872286 [sender.py:send_request():193] send_request: defer
2021-09-14 14:50:41,380 INFO    SenderThread:1872286 [sender.py:send_request_defer():304] handle sender defer: 0
2021-09-14 14:50:41,380 INFO    SenderThread:1872286 [sender.py:transition_state():308] send defer: 1
2021-09-14 14:50:41,381 DEBUG   HandlerThread:1872286 [handler.py:handle_request():124] handle_request: defer
2021-09-14 14:50:41,381 INFO    HandlerThread:1872286 [handler.py:handle_request_defer():141] handle defer: 1
2021-09-14 14:50:41,497 DEBUG   SenderThread:1872286 [sender.py:send_request():193] send_request: defer
2021-09-14 14:50:41,498 DEBUG   HandlerThread:1872286 [handler.py:handle_request():124] handle_request: poll_exit
2021-09-14 14:50:41,498 INFO    SenderThread:1872286 [sender.py:send_request_defer():304] handle sender defer: 1
2021-09-14 14:50:41,498 INFO    SenderThread:1872286 [sender.py:transition_state():308] send defer: 2
2021-09-14 14:50:41,498 DEBUG   SenderThread:1872286 [sender.py:send_request():193] send_request: poll_exit
2021-09-14 14:50:41,498 DEBUG   SenderThread:1872286 [sender.py:send():179] send: stats
2021-09-14 14:50:41,498 DEBUG   HandlerThread:1872286 [handler.py:handle_request():124] handle_request: defer
2021-09-14 14:50:41,501 INFO    HandlerThread:1872286 [handler.py:handle_request_defer():141] handle defer: 2
2021-09-14 14:50:41,501 DEBUG   SenderThread:1872286 [sender.py:send_request():193] send_request: defer
2021-09-14 14:50:41,501 INFO    SenderThread:1872286 [sender.py:send_request_defer():304] handle sender defer: 2
2021-09-14 14:50:41,501 INFO    SenderThread:1872286 [sender.py:transition_state():308] send defer: 3
2021-09-14 14:50:41,501 DEBUG   HandlerThread:1872286 [handler.py:handle_request():124] handle_request: defer
2021-09-14 14:50:41,501 INFO    HandlerThread:1872286 [handler.py:handle_request_defer():141] handle defer: 3
2021-09-14 14:50:41,501 DEBUG   SenderThread:1872286 [sender.py:send():179] send: summary
2021-09-14 14:50:41,502 INFO    SenderThread:1872286 [sender.py:_save_file():841] saving file wandb-summary.json with policy end
2021-09-14 14:50:41,502 DEBUG   SenderThread:1872286 [sender.py:send_request():193] send_request: defer
2021-09-14 14:50:41,502 INFO    SenderThread:1872286 [sender.py:send_request_defer():304] handle sender defer: 3
2021-09-14 14:50:41,502 INFO    SenderThread:1872286 [sender.py:transition_state():308] send defer: 4
2021-09-14 14:50:41,502 DEBUG   HandlerThread:1872286 [handler.py:handle_request():124] handle_request: defer
2021-09-14 14:50:41,502 INFO    HandlerThread:1872286 [handler.py:handle_request_defer():141] handle defer: 4
2021-09-14 14:50:41,502 DEBUG   SenderThread:1872286 [sender.py:send_request():193] send_request: defer
2021-09-14 14:50:41,502 INFO    SenderThread:1872286 [sender.py:send_request_defer():304] handle sender defer: 4
2021-09-14 14:50:41,559 ERROR   SenderThread:1872286 [internal_api.py:execute():130] 429 response executing GraphQL.
2021-09-14 14:50:41,559 ERROR   SenderThread:1872286 [internal_api.py:execute():131] {"error":"rate limit exceeded"}

2021-09-14 14:50:41,602 DEBUG   HandlerThread:1872286 [handler.py:handle_request():124] handle_request: poll_exit
2021-09-14 14:50:42,248 INFO    Thread-8  :1872286 [dir_watcher.py:_on_file_modified():229] file/dir modified: /grid/koo/home/toneyan/profile/QuantPred/wandb/run-20210914_145007-gvka5qwo/files/wandb-summary.json
2021-09-14 14:50:42,812 ERROR   SenderThread:1872286 [internal_api.py:execute():130] 429 response executing GraphQL.
2021-09-14 14:50:42,813 ERROR   SenderThread:1872286 [internal_api.py:execute():131] {"error":"rate limit exceeded"}

2021-09-14 14:50:45,163 INFO    SenderThread:1872286 [sender.py:transition_state():308] send defer: 5
2021-09-14 14:50:45,163 DEBUG   SenderThread:1872286 [sender.py:send_request():193] send_request: poll_exit
2021-09-14 14:50:45,164 DEBUG   HandlerThread:1872286 [handler.py:handle_request():124] handle_request: defer
2021-09-14 14:50:45,164 INFO    HandlerThread:1872286 [handler.py:handle_request_defer():141] handle defer: 5
2021-09-14 14:50:45,164 DEBUG   SenderThread:1872286 [sender.py:send_request():193] send_request: defer
2021-09-14 14:50:45,164 INFO    SenderThread:1872286 [sender.py:send_request_defer():304] handle sender defer: 5
2021-09-14 14:50:45,164 INFO    SenderThread:1872286 [dir_watcher.py:finish():282] shutting down directory watcher
2021-09-14 14:50:45,249 INFO    SenderThread:1872286 [dir_watcher.py:_on_file_modified():229] file/dir modified: /grid/koo/home/toneyan/profile/QuantPred/wandb/run-20210914_145007-gvka5qwo/files/config.yaml
2021-09-14 14:50:45,250 INFO    SenderThread:1872286 [dir_watcher.py:finish():312] scan: /grid/koo/home/toneyan/profile/QuantPred/wandb/run-20210914_145007-gvka5qwo/files
2021-09-14 14:50:45,250 INFO    SenderThread:1872286 [dir_watcher.py:finish():318] scan save: /grid/koo/home/toneyan/profile/QuantPred/wandb/run-20210914_145007-gvka5qwo/files/wandb-metadata.json wandb-metadata.json
2021-09-14 14:50:45,250 INFO    SenderThread:1872286 [dir_watcher.py:finish():318] scan save: /grid/koo/home/toneyan/profile/QuantPred/wandb/run-20210914_145007-gvka5qwo/files/config.yaml config.yaml
2021-09-14 14:50:45,250 INFO    SenderThread:1872286 [dir_watcher.py:finish():318] scan save: /grid/koo/home/toneyan/profile/QuantPred/wandb/run-20210914_145007-gvka5qwo/files/requirements.txt requirements.txt
2021-09-14 14:50:45,250 INFO    SenderThread:1872286 [dir_watcher.py:finish():318] scan save: /grid/koo/home/toneyan/profile/QuantPred/wandb/run-20210914_145007-gvka5qwo/files/wandb-summary.json wandb-summary.json
2021-09-14 14:50:45,251 INFO    SenderThread:1872286 [dir_watcher.py:finish():318] scan save: /grid/koo/home/toneyan/profile/QuantPred/wandb/run-20210914_145007-gvka5qwo/files/output.log output.log
2021-09-14 14:50:45,254 INFO    SenderThread:1872286 [sender.py:transition_state():308] send defer: 6
2021-09-14 14:50:45,257 DEBUG   HandlerThread:1872286 [handler.py:handle_request():124] handle_request: defer
2021-09-14 14:50:45,261 INFO    HandlerThread:1872286 [handler.py:handle_request_defer():141] handle defer: 6
2021-09-14 14:50:45,261 DEBUG   SenderThread:1872286 [sender.py:send_request():193] send_request: defer
2021-09-14 14:50:45,262 INFO    SenderThread:1872286 [sender.py:send_request_defer():304] handle sender defer: 6
2021-09-14 14:50:45,262 INFO    SenderThread:1872286 [file_pusher.py:finish():177] shutting down file pusher
2021-09-14 14:50:45,270 DEBUG   HandlerThread:1872286 [handler.py:handle_request():124] handle_request: poll_exit
2021-09-14 14:50:45,270 DEBUG   SenderThread:1872286 [sender.py:send_request():193] send_request: poll_exit
2021-09-14 14:50:45,372 DEBUG   HandlerThread:1872286 [handler.py:handle_request():124] handle_request: poll_exit
2021-09-14 14:50:45,372 DEBUG   SenderThread:1872286 [sender.py:send_request():193] send_request: poll_exit
2021-09-14 14:50:45,474 DEBUG   HandlerThread:1872286 [handler.py:handle_request():124] handle_request: poll_exit
2021-09-14 14:50:45,474 DEBUG   SenderThread:1872286 [sender.py:send_request():193] send_request: poll_exit
2021-09-14 14:50:45,576 DEBUG   HandlerThread:1872286 [handler.py:handle_request():124] handle_request: poll_exit
2021-09-14 14:50:45,576 DEBUG   SenderThread:1872286 [sender.py:send_request():193] send_request: poll_exit
2021-09-14 14:50:45,641 INFO    Thread-13 :1872286 [upload_job.py:push():137] Uploaded file /grid/koo/home/toneyan/profile/QuantPred/wandb/run-20210914_145007-gvka5qwo/files/requirements.txt
2021-09-14 14:50:45,647 INFO    Thread-14 :1872286 [upload_job.py:push():137] Uploaded file /grid/koo/home/toneyan/profile/QuantPred/wandb/run-20210914_145007-gvka5qwo/files/wandb-summary.json
2021-09-14 14:50:45,678 DEBUG   HandlerThread:1872286 [handler.py:handle_request():124] handle_request: poll_exit
2021-09-14 14:50:45,678 DEBUG   SenderThread:1872286 [sender.py:send_request():193] send_request: poll_exit
2021-09-14 14:50:45,766 INFO    Thread-12 :1872286 [upload_job.py:push():137] Uploaded file /grid/koo/home/toneyan/profile/QuantPred/wandb/run-20210914_145007-gvka5qwo/files/config.yaml
2021-09-14 14:50:45,780 DEBUG   HandlerThread:1872286 [handler.py:handle_request():124] handle_request: poll_exit
2021-09-14 14:50:45,780 DEBUG   SenderThread:1872286 [sender.py:send_request():193] send_request: poll_exit
2021-09-14 14:50:45,881 DEBUG   HandlerThread:1872286 [handler.py:handle_request():124] handle_request: poll_exit
2021-09-14 14:50:45,882 DEBUG   SenderThread:1872286 [sender.py:send_request():193] send_request: poll_exit
2021-09-14 14:50:45,967 INFO    Thread-7  :1872286 [sender.py:transition_state():308] send defer: 7
2021-09-14 14:50:45,967 DEBUG   HandlerThread:1872286 [handler.py:handle_request():124] handle_request: defer
2021-09-14 14:50:45,968 INFO    HandlerThread:1872286 [handler.py:handle_request_defer():141] handle defer: 7
2021-09-14 14:50:45,968 DEBUG   SenderThread:1872286 [sender.py:send_request():193] send_request: defer
2021-09-14 14:50:45,968 INFO    SenderThread:1872286 [sender.py:send_request_defer():304] handle sender defer: 7
2021-09-14 14:50:45,983 DEBUG   HandlerThread:1872286 [handler.py:handle_request():124] handle_request: poll_exit
2021-09-14 14:50:46,020 INFO    SenderThread:1872286 [sender.py:transition_state():308] send defer: 8
2021-09-14 14:50:46,021 DEBUG   SenderThread:1872286 [sender.py:send_request():193] send_request: poll_exit
2021-09-14 14:50:46,021 DEBUG   HandlerThread:1872286 [handler.py:handle_request():124] handle_request: defer
2021-09-14 14:50:46,021 INFO    HandlerThread:1872286 [handler.py:handle_request_defer():141] handle defer: 8
2021-09-14 14:50:46,021 DEBUG   SenderThread:1872286 [sender.py:send_request():193] send_request: defer
2021-09-14 14:50:46,021 INFO    SenderThread:1872286 [sender.py:send_request_defer():304] handle sender defer: 8
2021-09-14 14:50:46,021 INFO    SenderThread:1872286 [sender.py:transition_state():308] send defer: 9
2021-09-14 14:50:46,021 DEBUG   SenderThread:1872286 [sender.py:send():179] send: final
2021-09-14 14:50:46,022 DEBUG   HandlerThread:1872286 [handler.py:handle_request():124] handle_request: defer
2021-09-14 14:50:46,022 DEBUG   SenderThread:1872286 [sender.py:send():179] send: footer
2021-09-14 14:50:46,022 INFO    HandlerThread:1872286 [handler.py:handle_request_defer():141] handle defer: 9
2021-09-14 14:50:46,022 DEBUG   SenderThread:1872286 [sender.py:send_request():193] send_request: defer
2021-09-14 14:50:46,022 INFO    SenderThread:1872286 [sender.py:send_request_defer():304] handle sender defer: 9
2021-09-14 14:50:46,122 DEBUG   HandlerThread:1872286 [handler.py:handle_request():124] handle_request: poll_exit
2021-09-14 14:50:46,123 DEBUG   SenderThread:1872286 [sender.py:send_request():193] send_request: poll_exit
2021-09-14 14:50:46,123 INFO    SenderThread:1872286 [file_pusher.py:join():182] waiting for file pusher
2021-09-14 14:50:46,124 DEBUG   HandlerThread:1872286 [handler.py:handle_request():124] handle_request: get_summary
2021-09-14 14:50:46,124 DEBUG   HandlerThread:1872286 [handler.py:handle_request():124] handle_request: sampled_history
2021-09-14 14:50:46,124 DEBUG   HandlerThread:1872286 [handler.py:handle_request():124] handle_request: shutdown
2021-09-14 14:50:46,125 INFO    HandlerThread:1872286 [handler.py:finish():638] shutting down handler
2021-09-14 14:50:47,022 INFO    WriterThread:1872286 [datastore.py:close():288] close: /grid/koo/home/toneyan/profile/QuantPred/wandb/run-20210914_145007-gvka5qwo/run-gvka5qwo.wandb
2021-09-14 14:50:47,123 INFO    SenderThread:1872286 [sender.py:finish():945] shutting down sender
2021-09-14 14:50:47,123 INFO    SenderThread:1872286 [file_pusher.py:finish():177] shutting down file pusher
2021-09-14 14:50:47,123 INFO    SenderThread:1872286 [file_pusher.py:join():182] waiting for file pusher
2021-09-14 14:50:47,125 INFO    MainThread:1872286 [internal.py:handle_exit():78] Internal process exited
