2021-09-19 10:27:25,786 INFO    MainThread:2631603 [internal.py:wandb_internal():91] W&B internal server running at pid: 2631603, started at: 2021-09-19 10:27:25.785980
2021-09-19 10:27:25,788 DEBUG   HandlerThread:2631603 [handler.py:handle_request():124] handle_request: check_version
2021-09-19 10:27:25,788 INFO    WriterThread:2631603 [datastore.py:open_for_write():80] open: /grid/koo/home/toneyan/profile/QuantPred/wandb/run-20210919_102725-luln0rim/run-luln0rim.wandb
2021-09-19 10:27:25,790 DEBUG   SenderThread:2631603 [sender.py:send():179] send: header
2021-09-19 10:27:25,790 DEBUG   SenderThread:2631603 [sender.py:send_request():193] send_request: check_version
2021-09-19 10:27:25,829 DEBUG   SenderThread:2631603 [sender.py:send():179] send: run
2021-09-19 10:27:25,888 ERROR   SenderThread:2631603 [internal_api.py:execute():130] 429 response executing GraphQL.
2021-09-19 10:27:25,888 ERROR   SenderThread:2631603 [internal_api.py:execute():131] {"error":"rate limit exceeded"}

2021-09-19 10:27:26,979 ERROR   SenderThread:2631603 [internal_api.py:execute():130] 429 response executing GraphQL.
2021-09-19 10:27:26,979 ERROR   SenderThread:2631603 [internal_api.py:execute():131] {"error":"rate limit exceeded"}

2021-09-19 10:27:29,269 ERROR   SenderThread:2631603 [internal_api.py:execute():130] 429 response executing GraphQL.
2021-09-19 10:27:29,269 ERROR   SenderThread:2631603 [internal_api.py:execute():131] {"error":"rate limit exceeded"}

2021-09-19 10:27:29,269 ERROR   SenderThread:2631603 [retry.py:__call__():126] Retry attempt failed:
Traceback (most recent call last):
  File "/usr/local/lib/python3.6/dist-packages/wandb/sdk/lib/retry.py", line 102, in __call__
    result = self._call_fn(*args, **kwargs)
  File "/usr/local/lib/python3.6/dist-packages/wandb/sdk/internal/internal_api.py", line 133, in execute
    six.reraise(*sys.exc_info())
  File "/usr/local/lib/python3.6/dist-packages/six.py", line 719, in reraise
    raise value
  File "/usr/local/lib/python3.6/dist-packages/wandb/sdk/internal/internal_api.py", line 127, in execute
    return self.client.execute(*args, **kwargs)
  File "/usr/local/lib/python3.6/dist-packages/wandb/vendor/gql-0.2.0/gql/client.py", line 52, in execute
    result = self._get_result(document, *args, **kwargs)
  File "/usr/local/lib/python3.6/dist-packages/wandb/vendor/gql-0.2.0/gql/client.py", line 60, in _get_result
    return self.transport.execute(document, *args, **kwargs)
  File "/usr/local/lib/python3.6/dist-packages/wandb/vendor/gql-0.2.0/gql/transport/requests.py", line 39, in execute
    request.raise_for_status()
  File "/usr/local/lib/python3.6/dist-packages/requests/models.py", line 943, in raise_for_status
    raise HTTPError(http_error_msg, response=self)
requests.exceptions.HTTPError: 429 Client Error: Too Many Requests for url: https://api.wandb.ai/graphql
2021-09-19 10:27:33,668 INFO    SenderThread:2631603 [dir_watcher.py:__init__():168] watching files in: /grid/koo/home/toneyan/profile/QuantPred/wandb/run-20210919_102725-luln0rim/files
2021-09-19 10:27:33,668 INFO    SenderThread:2631603 [sender.py:_start_run_threads():719] run started: luln0rim with start time 1632061645
2021-09-19 10:27:33,668 DEBUG   SenderThread:2631603 [sender.py:send():179] send: summary
2021-09-19 10:27:33,669 INFO    SenderThread:2631603 [sender.py:_save_file():841] saving file wandb-summary.json with policy end
2021-09-19 10:27:33,669 DEBUG   HandlerThread:2631603 [handler.py:handle_request():124] handle_request: run_start
2021-09-19 10:27:34,671 INFO    Thread-8  :2631603 [dir_watcher.py:_on_file_created():216] file/dir created: /grid/koo/home/toneyan/profile/QuantPred/wandb/run-20210919_102725-luln0rim/files/wandb-summary.json
2021-09-19 10:27:34,842 DEBUG   HandlerThread:2631603 [meta.py:__init__():39] meta init
2021-09-19 10:27:34,842 DEBUG   HandlerThread:2631603 [meta.py:__init__():53] meta init done
2021-09-19 10:27:34,842 DEBUG   HandlerThread:2631603 [meta.py:probe():210] probe
2021-09-19 10:27:34,848 DEBUG   HandlerThread:2631603 [meta.py:_save_pip():57] save pip
2021-09-19 10:27:34,850 DEBUG   HandlerThread:2631603 [meta.py:_save_pip():71] save pip done
2021-09-19 10:27:34,850 DEBUG   HandlerThread:2631603 [meta.py:probe():252] probe done
2021-09-19 10:27:34,852 DEBUG   SenderThread:2631603 [sender.py:send():179] send: files
2021-09-19 10:27:34,852 INFO    SenderThread:2631603 [sender.py:_save_file():841] saving file wandb-metadata.json with policy now
2021-09-19 10:27:34,863 DEBUG   HandlerThread:2631603 [handler.py:handle_request():124] handle_request: stop_status
2021-09-19 10:27:34,863 DEBUG   SenderThread:2631603 [sender.py:send_request():193] send_request: stop_status
2021-09-19 10:27:35,153 INFO    Thread-11 :2631603 [upload_job.py:push():137] Uploaded file /tmp/3288845.1.gpu_ded.q/tmpzenb5q9dwandb/2k8jfghu-wandb-metadata.json
2021-09-19 10:27:35,670 INFO    Thread-8  :2631603 [dir_watcher.py:_on_file_created():216] file/dir created: /grid/koo/home/toneyan/profile/QuantPred/wandb/run-20210919_102725-luln0rim/files/output.log
2021-09-19 10:27:35,670 INFO    Thread-8  :2631603 [dir_watcher.py:_on_file_created():216] file/dir created: /grid/koo/home/toneyan/profile/QuantPred/wandb/run-20210919_102725-luln0rim/files/wandb-metadata.json
2021-09-19 10:27:35,670 INFO    Thread-8  :2631603 [dir_watcher.py:_on_file_created():216] file/dir created: /grid/koo/home/toneyan/profile/QuantPred/wandb/run-20210919_102725-luln0rim/files/requirements.txt
2021-09-19 10:27:49,938 DEBUG   HandlerThread:2631603 [handler.py:handle_request():124] handle_request: stop_status
2021-09-19 10:27:49,939 DEBUG   SenderThread:2631603 [sender.py:send_request():193] send_request: stop_status
2021-09-19 10:27:49,995 ERROR   SenderThread:2631603 [internal_api.py:execute():130] 429 response executing GraphQL.
2021-09-19 10:27:49,996 ERROR   SenderThread:2631603 [internal_api.py:execute():131] {"error":"rate limit exceeded"}

2021-09-19 10:27:51,185 ERROR   SenderThread:2631603 [internal_api.py:execute():130] 429 response executing GraphQL.
2021-09-19 10:27:51,186 ERROR   SenderThread:2631603 [internal_api.py:execute():131] {"error":"rate limit exceeded"}

2021-09-19 10:27:53,604 ERROR   SenderThread:2631603 [internal_api.py:execute():130] 429 response executing GraphQL.
2021-09-19 10:27:53,604 ERROR   SenderThread:2631603 [internal_api.py:execute():131] {"error":"rate limit exceeded"}

2021-09-19 10:27:53,604 ERROR   SenderThread:2631603 [retry.py:__call__():126] Retry attempt failed:
Traceback (most recent call last):
  File "/usr/local/lib/python3.6/dist-packages/wandb/sdk/lib/retry.py", line 102, in __call__
    result = self._call_fn(*args, **kwargs)
  File "/usr/local/lib/python3.6/dist-packages/wandb/sdk/internal/internal_api.py", line 133, in execute
    six.reraise(*sys.exc_info())
  File "/usr/local/lib/python3.6/dist-packages/six.py", line 719, in reraise
    raise value
  File "/usr/local/lib/python3.6/dist-packages/wandb/sdk/internal/internal_api.py", line 127, in execute
    return self.client.execute(*args, **kwargs)
  File "/usr/local/lib/python3.6/dist-packages/wandb/vendor/gql-0.2.0/gql/client.py", line 52, in execute
    result = self._get_result(document, *args, **kwargs)
  File "/usr/local/lib/python3.6/dist-packages/wandb/vendor/gql-0.2.0/gql/client.py", line 60, in _get_result
    return self.transport.execute(document, *args, **kwargs)
  File "/usr/local/lib/python3.6/dist-packages/wandb/vendor/gql-0.2.0/gql/transport/requests.py", line 39, in execute
    request.raise_for_status()
  File "/usr/local/lib/python3.6/dist-packages/requests/models.py", line 943, in raise_for_status
    raise HTTPError(http_error_msg, response=self)
requests.exceptions.HTTPError: 429 Client Error: Too Many Requests for url: https://api.wandb.ai/graphql
2021-09-19 10:27:58,494 ERROR   SenderThread:2631603 [internal_api.py:execute():130] 429 response executing GraphQL.
2021-09-19 10:27:58,494 ERROR   SenderThread:2631603 [internal_api.py:execute():131] {"error":"rate limit exceeded"}

2021-09-19 10:28:07,890 DEBUG   SenderThread:2631603 [sender.py:send():179] send: stats
2021-09-19 10:28:08,498 DEBUG   SenderThread:2631603 [sender.py:send():179] send: telemetry
2021-09-19 10:28:08,499 DEBUG   HandlerThread:2631603 [handler.py:handle_request():124] handle_request: poll_exit
2021-09-19 10:28:08,499 DEBUG   SenderThread:2631603 [sender.py:send():179] send: exit
2021-09-19 10:28:08,499 INFO    SenderThread:2631603 [sender.py:send_exit():287] handling exit code: 1
2021-09-19 10:28:08,499 INFO    SenderThread:2631603 [sender.py:send_exit():295] send defer
2021-09-19 10:28:08,499 DEBUG   SenderThread:2631603 [sender.py:send_request():193] send_request: poll_exit
2021-09-19 10:28:08,499 DEBUG   HandlerThread:2631603 [handler.py:handle_request():124] handle_request: defer
2021-09-19 10:28:08,500 INFO    HandlerThread:2631603 [handler.py:handle_request_defer():141] handle defer: 0
2021-09-19 10:28:08,500 DEBUG   SenderThread:2631603 [sender.py:send_request():193] send_request: defer
2021-09-19 10:28:08,500 INFO    SenderThread:2631603 [sender.py:send_request_defer():304] handle sender defer: 0
2021-09-19 10:28:08,500 INFO    SenderThread:2631603 [sender.py:transition_state():308] send defer: 1
2021-09-19 10:28:08,500 DEBUG   HandlerThread:2631603 [handler.py:handle_request():124] handle_request: defer
2021-09-19 10:28:08,500 INFO    HandlerThread:2631603 [handler.py:handle_request_defer():141] handle defer: 1
2021-09-19 10:28:08,529 DEBUG   SenderThread:2631603 [sender.py:send_request():193] send_request: defer
2021-09-19 10:28:08,530 INFO    SenderThread:2631603 [sender.py:send_request_defer():304] handle sender defer: 1
2021-09-19 10:28:08,530 INFO    SenderThread:2631603 [sender.py:transition_state():308] send defer: 2
2021-09-19 10:28:08,530 DEBUG   SenderThread:2631603 [sender.py:send():179] send: stats
2021-09-19 10:28:08,530 DEBUG   HandlerThread:2631603 [handler.py:handle_request():124] handle_request: defer
2021-09-19 10:28:08,530 INFO    HandlerThread:2631603 [handler.py:handle_request_defer():141] handle defer: 2
2021-09-19 10:28:08,530 DEBUG   SenderThread:2631603 [sender.py:send_request():193] send_request: defer
2021-09-19 10:28:08,531 INFO    SenderThread:2631603 [sender.py:send_request_defer():304] handle sender defer: 2
2021-09-19 10:28:08,531 INFO    SenderThread:2631603 [sender.py:transition_state():308] send defer: 3
2021-09-19 10:28:08,531 DEBUG   HandlerThread:2631603 [handler.py:handle_request():124] handle_request: defer
2021-09-19 10:28:08,531 INFO    HandlerThread:2631603 [handler.py:handle_request_defer():141] handle defer: 3
2021-09-19 10:28:08,531 DEBUG   SenderThread:2631603 [sender.py:send():179] send: summary
2021-09-19 10:28:08,531 INFO    SenderThread:2631603 [sender.py:_save_file():841] saving file wandb-summary.json with policy end
2021-09-19 10:28:08,531 DEBUG   SenderThread:2631603 [sender.py:send_request():193] send_request: defer
2021-09-19 10:28:08,531 INFO    SenderThread:2631603 [sender.py:send_request_defer():304] handle sender defer: 3
2021-09-19 10:28:08,532 INFO    SenderThread:2631603 [sender.py:transition_state():308] send defer: 4
2021-09-19 10:28:08,532 DEBUG   HandlerThread:2631603 [handler.py:handle_request():124] handle_request: defer
2021-09-19 10:28:08,532 INFO    HandlerThread:2631603 [handler.py:handle_request_defer():141] handle defer: 4
2021-09-19 10:28:08,532 DEBUG   SenderThread:2631603 [sender.py:send_request():193] send_request: defer
2021-09-19 10:28:08,532 INFO    SenderThread:2631603 [sender.py:send_request_defer():304] handle sender defer: 4
2021-09-19 10:28:08,601 DEBUG   HandlerThread:2631603 [handler.py:handle_request():124] handle_request: poll_exit
2021-09-19 10:28:08,621 INFO    SenderThread:2631603 [sender.py:transition_state():308] send defer: 5
2021-09-19 10:28:08,621 DEBUG   SenderThread:2631603 [sender.py:send_request():193] send_request: poll_exit
2021-09-19 10:28:08,621 DEBUG   HandlerThread:2631603 [handler.py:handle_request():124] handle_request: defer
2021-09-19 10:28:08,621 INFO    HandlerThread:2631603 [handler.py:handle_request_defer():141] handle defer: 5
2021-09-19 10:28:08,621 DEBUG   SenderThread:2631603 [sender.py:send_request():193] send_request: defer
2021-09-19 10:28:08,621 INFO    SenderThread:2631603 [sender.py:send_request_defer():304] handle sender defer: 5
2021-09-19 10:28:08,622 INFO    SenderThread:2631603 [dir_watcher.py:finish():282] shutting down directory watcher
2021-09-19 10:28:08,676 INFO    SenderThread:2631603 [dir_watcher.py:_on_file_modified():229] file/dir modified: /grid/koo/home/toneyan/profile/QuantPred/wandb/run-20210919_102725-luln0rim/files/wandb-summary.json
2021-09-19 10:28:08,676 INFO    SenderThread:2631603 [dir_watcher.py:_on_file_modified():229] file/dir modified: /grid/koo/home/toneyan/profile/QuantPred/wandb/run-20210919_102725-luln0rim/files/config.yaml
2021-09-19 10:28:08,676 INFO    SenderThread:2631603 [dir_watcher.py:finish():312] scan: /grid/koo/home/toneyan/profile/QuantPred/wandb/run-20210919_102725-luln0rim/files
2021-09-19 10:28:08,676 INFO    SenderThread:2631603 [dir_watcher.py:finish():318] scan save: /grid/koo/home/toneyan/profile/QuantPred/wandb/run-20210919_102725-luln0rim/files/wandb-metadata.json wandb-metadata.json
2021-09-19 10:28:08,676 INFO    SenderThread:2631603 [dir_watcher.py:finish():318] scan save: /grid/koo/home/toneyan/profile/QuantPred/wandb/run-20210919_102725-luln0rim/files/config.yaml config.yaml
2021-09-19 10:28:08,676 INFO    SenderThread:2631603 [dir_watcher.py:finish():318] scan save: /grid/koo/home/toneyan/profile/QuantPred/wandb/run-20210919_102725-luln0rim/files/requirements.txt requirements.txt
2021-09-19 10:28:08,677 INFO    SenderThread:2631603 [dir_watcher.py:finish():318] scan save: /grid/koo/home/toneyan/profile/QuantPred/wandb/run-20210919_102725-luln0rim/files/wandb-summary.json wandb-summary.json
2021-09-19 10:28:08,683 INFO    SenderThread:2631603 [dir_watcher.py:finish():318] scan save: /grid/koo/home/toneyan/profile/QuantPred/wandb/run-20210919_102725-luln0rim/files/output.log output.log
2021-09-19 10:28:08,683 INFO    SenderThread:2631603 [sender.py:transition_state():308] send defer: 6
2021-09-19 10:28:08,688 DEBUG   HandlerThread:2631603 [handler.py:handle_request():124] handle_request: defer
2021-09-19 10:28:08,688 INFO    HandlerThread:2631603 [handler.py:handle_request_defer():141] handle defer: 6
2021-09-19 10:28:08,689 DEBUG   SenderThread:2631603 [sender.py:send_request():193] send_request: defer
2021-09-19 10:28:08,689 INFO    SenderThread:2631603 [sender.py:send_request_defer():304] handle sender defer: 6
2021-09-19 10:28:08,689 INFO    SenderThread:2631603 [file_pusher.py:finish():177] shutting down file pusher
2021-09-19 10:28:08,724 DEBUG   HandlerThread:2631603 [handler.py:handle_request():124] handle_request: poll_exit
2021-09-19 10:28:08,724 DEBUG   SenderThread:2631603 [sender.py:send_request():193] send_request: poll_exit
2021-09-19 10:28:08,826 DEBUG   HandlerThread:2631603 [handler.py:handle_request():124] handle_request: poll_exit
2021-09-19 10:28:08,826 DEBUG   SenderThread:2631603 [sender.py:send_request():193] send_request: poll_exit
2021-09-19 10:28:08,928 DEBUG   HandlerThread:2631603 [handler.py:handle_request():124] handle_request: poll_exit
2021-09-19 10:28:08,928 DEBUG   SenderThread:2631603 [sender.py:send_request():193] send_request: poll_exit
2021-09-19 10:28:09,030 DEBUG   HandlerThread:2631603 [handler.py:handle_request():124] handle_request: poll_exit
2021-09-19 10:28:09,030 DEBUG   SenderThread:2631603 [sender.py:send_request():193] send_request: poll_exit
2021-09-19 10:28:09,110 INFO    Thread-12 :2631603 [upload_job.py:push():137] Uploaded file /grid/koo/home/toneyan/profile/QuantPred/wandb/run-20210919_102725-luln0rim/files/config.yaml
2021-09-19 10:28:09,132 DEBUG   HandlerThread:2631603 [handler.py:handle_request():124] handle_request: poll_exit
2021-09-19 10:28:09,133 DEBUG   SenderThread:2631603 [sender.py:send_request():193] send_request: poll_exit
2021-09-19 10:28:09,147 INFO    Thread-13 :2631603 [upload_job.py:push():137] Uploaded file /grid/koo/home/toneyan/profile/QuantPred/wandb/run-20210919_102725-luln0rim/files/requirements.txt
2021-09-19 10:28:09,148 INFO    Thread-14 :2631603 [upload_job.py:push():137] Uploaded file /grid/koo/home/toneyan/profile/QuantPred/wandb/run-20210919_102725-luln0rim/files/wandb-summary.json
2021-09-19 10:28:09,238 DEBUG   HandlerThread:2631603 [handler.py:handle_request():124] handle_request: poll_exit
2021-09-19 10:28:09,239 DEBUG   SenderThread:2631603 [sender.py:send_request():193] send_request: poll_exit
2021-09-19 10:28:09,340 DEBUG   HandlerThread:2631603 [handler.py:handle_request():124] handle_request: poll_exit
2021-09-19 10:28:09,340 DEBUG   SenderThread:2631603 [sender.py:send_request():193] send_request: poll_exit
2021-09-19 10:28:09,348 INFO    Thread-7  :2631603 [sender.py:transition_state():308] send defer: 7
2021-09-19 10:28:09,349 DEBUG   HandlerThread:2631603 [handler.py:handle_request():124] handle_request: defer
2021-09-19 10:28:09,349 INFO    HandlerThread:2631603 [handler.py:handle_request_defer():141] handle defer: 7
2021-09-19 10:28:09,349 DEBUG   SenderThread:2631603 [sender.py:send_request():193] send_request: defer
2021-09-19 10:28:09,349 INFO    SenderThread:2631603 [sender.py:send_request_defer():304] handle sender defer: 7
2021-09-19 10:28:09,448 DEBUG   HandlerThread:2631603 [handler.py:handle_request():124] handle_request: poll_exit
2021-09-19 10:28:09,477 INFO    SenderThread:2631603 [sender.py:transition_state():308] send defer: 8
2021-09-19 10:28:09,478 DEBUG   SenderThread:2631603 [sender.py:send_request():193] send_request: poll_exit
2021-09-19 10:28:09,478 DEBUG   HandlerThread:2631603 [handler.py:handle_request():124] handle_request: defer
2021-09-19 10:28:09,478 INFO    HandlerThread:2631603 [handler.py:handle_request_defer():141] handle defer: 8
2021-09-19 10:28:09,478 DEBUG   SenderThread:2631603 [sender.py:send_request():193] send_request: defer
2021-09-19 10:28:09,478 INFO    SenderThread:2631603 [sender.py:send_request_defer():304] handle sender defer: 8
2021-09-19 10:28:09,478 INFO    SenderThread:2631603 [sender.py:transition_state():308] send defer: 9
2021-09-19 10:28:09,479 DEBUG   SenderThread:2631603 [sender.py:send():179] send: final
2021-09-19 10:28:09,479 DEBUG   HandlerThread:2631603 [handler.py:handle_request():124] handle_request: defer
2021-09-19 10:28:09,479 DEBUG   SenderThread:2631603 [sender.py:send():179] send: footer
2021-09-19 10:28:09,479 INFO    HandlerThread:2631603 [handler.py:handle_request_defer():141] handle defer: 9
2021-09-19 10:28:09,479 DEBUG   SenderThread:2631603 [sender.py:send_request():193] send_request: defer
2021-09-19 10:28:09,479 INFO    SenderThread:2631603 [sender.py:send_request_defer():304] handle sender defer: 9
2021-09-19 10:28:09,579 DEBUG   HandlerThread:2631603 [handler.py:handle_request():124] handle_request: poll_exit
2021-09-19 10:28:09,580 DEBUG   SenderThread:2631603 [sender.py:send_request():193] send_request: poll_exit
2021-09-19 10:28:09,580 INFO    SenderThread:2631603 [file_pusher.py:join():182] waiting for file pusher
2021-09-19 10:28:09,581 DEBUG   HandlerThread:2631603 [handler.py:handle_request():124] handle_request: get_summary
2021-09-19 10:28:09,581 DEBUG   HandlerThread:2631603 [handler.py:handle_request():124] handle_request: sampled_history
2021-09-19 10:28:09,581 DEBUG   HandlerThread:2631603 [handler.py:handle_request():124] handle_request: shutdown
2021-09-19 10:28:09,581 INFO    HandlerThread:2631603 [handler.py:finish():638] shutting down handler
2021-09-19 10:28:10,479 INFO    WriterThread:2631603 [datastore.py:close():288] close: /grid/koo/home/toneyan/profile/QuantPred/wandb/run-20210919_102725-luln0rim/run-luln0rim.wandb
2021-09-19 10:28:10,580 INFO    SenderThread:2631603 [sender.py:finish():945] shutting down sender
2021-09-19 10:28:10,580 INFO    SenderThread:2631603 [file_pusher.py:finish():177] shutting down file pusher
2021-09-19 10:28:10,580 INFO    SenderThread:2631603 [file_pusher.py:join():182] waiting for file pusher
2021-09-19 10:28:10,581 INFO    MainThread:2631603 [internal.py:handle_exit():78] Internal process exited
