2021-09-18 16:36:08,303 INFO    MainThread:630127 [internal.py:wandb_internal():91] W&B internal server running at pid: 630127, started at: 2021-09-18 16:36:08.302749
2021-09-18 16:36:08,305 DEBUG   HandlerThread:630127 [handler.py:handle_request():124] handle_request: check_version
2021-09-18 16:36:08,305 INFO    WriterThread:630127 [datastore.py:open_for_write():80] open: /grid/koo/home/toneyan/profile/QuantPred/wandb/run-20210918_163607-cq0j2xaa/run-cq0j2xaa.wandb
2021-09-18 16:36:08,307 DEBUG   SenderThread:630127 [sender.py:send():179] send: header
2021-09-18 16:36:08,307 DEBUG   SenderThread:630127 [sender.py:send_request():193] send_request: check_version
2021-09-18 16:36:08,338 DEBUG   SenderThread:630127 [sender.py:send():179] send: run
2021-09-18 16:36:08,432 INFO    SenderThread:630127 [dir_watcher.py:__init__():168] watching files in: /grid/koo/home/toneyan/profile/QuantPred/wandb/run-20210918_163607-cq0j2xaa/files
2021-09-18 16:36:08,432 INFO    SenderThread:630127 [sender.py:_start_run_threads():719] run started: cq0j2xaa with start time 1631997367
2021-09-18 16:36:08,432 DEBUG   SenderThread:630127 [sender.py:send():179] send: summary
2021-09-18 16:36:08,433 INFO    SenderThread:630127 [sender.py:_save_file():841] saving file wandb-summary.json with policy end
2021-09-18 16:36:08,434 DEBUG   HandlerThread:630127 [handler.py:handle_request():124] handle_request: run_start
2021-09-18 16:36:09,434 INFO    Thread-8  :630127 [dir_watcher.py:_on_file_created():216] file/dir created: /grid/koo/home/toneyan/profile/QuantPred/wandb/run-20210918_163607-cq0j2xaa/files/wandb-summary.json
2021-09-18 16:36:09,543 DEBUG   HandlerThread:630127 [meta.py:__init__():39] meta init
2021-09-18 16:36:09,543 DEBUG   HandlerThread:630127 [meta.py:__init__():53] meta init done
2021-09-18 16:36:09,543 DEBUG   HandlerThread:630127 [meta.py:probe():210] probe
2021-09-18 16:36:09,549 DEBUG   HandlerThread:630127 [meta.py:_save_pip():57] save pip
2021-09-18 16:36:09,550 DEBUG   HandlerThread:630127 [meta.py:_save_pip():71] save pip done
2021-09-18 16:36:09,550 DEBUG   HandlerThread:630127 [meta.py:probe():252] probe done
2021-09-18 16:36:09,553 DEBUG   SenderThread:630127 [sender.py:send():179] send: files
2021-09-18 16:36:09,553 INFO    SenderThread:630127 [sender.py:_save_file():841] saving file wandb-metadata.json with policy now
2021-09-18 16:36:09,562 DEBUG   HandlerThread:630127 [handler.py:handle_request():124] handle_request: stop_status
2021-09-18 16:36:09,562 DEBUG   SenderThread:630127 [sender.py:send_request():193] send_request: stop_status
2021-09-18 16:36:09,858 INFO    Thread-11 :630127 [upload_job.py:push():137] Uploaded file /tmp/3288850.1.gpu_ded.q/tmp1h11m7dxwandb/bcv47622-wandb-metadata.json
2021-09-18 16:36:10,433 INFO    Thread-8  :630127 [dir_watcher.py:_on_file_created():216] file/dir created: /grid/koo/home/toneyan/profile/QuantPred/wandb/run-20210918_163607-cq0j2xaa/files/requirements.txt
2021-09-18 16:36:10,434 INFO    Thread-8  :630127 [dir_watcher.py:_on_file_created():216] file/dir created: /grid/koo/home/toneyan/profile/QuantPred/wandb/run-20210918_163607-cq0j2xaa/files/wandb-metadata.json
2021-09-18 16:36:10,434 INFO    Thread-8  :630127 [dir_watcher.py:_on_file_created():216] file/dir created: /grid/koo/home/toneyan/profile/QuantPred/wandb/run-20210918_163607-cq0j2xaa/files/output.log
2021-09-18 16:36:24,626 DEBUG   HandlerThread:630127 [handler.py:handle_request():124] handle_request: stop_status
2021-09-18 16:36:24,626 DEBUG   SenderThread:630127 [sender.py:send_request():193] send_request: stop_status
2021-09-18 16:36:24,681 ERROR   SenderThread:630127 [internal_api.py:execute():130] 429 response executing GraphQL.
2021-09-18 16:36:24,681 ERROR   SenderThread:630127 [internal_api.py:execute():131] {"error":"rate limit exceeded"}

2021-09-18 16:36:25,884 ERROR   SenderThread:630127 [internal_api.py:execute():130] 429 response executing GraphQL.
2021-09-18 16:36:25,885 ERROR   SenderThread:630127 [internal_api.py:execute():131] {"error":"rate limit exceeded"}

2021-09-18 16:36:27,958 ERROR   SenderThread:630127 [internal_api.py:execute():130] 429 response executing GraphQL.
2021-09-18 16:36:27,958 ERROR   SenderThread:630127 [internal_api.py:execute():131] {"error":"rate limit exceeded"}

2021-09-18 16:36:27,958 ERROR   SenderThread:630127 [retry.py:__call__():126] Retry attempt failed:
Traceback (most recent call last):
  File "/usr/local/lib/python3.6/dist-packages/wandb/sdk/lib/retry.py", line 102, in __call__
    result = self._call_fn(*args, **kwargs)
  File "/usr/local/lib/python3.6/dist-packages/wandb/sdk/internal/internal_api.py", line 133, in execute
    six.reraise(*sys.exc_info())
  File "/usr/local/lib/python3.6/dist-packages/six.py", line 719, in reraise
    raise value
  File "/usr/local/lib/python3.6/dist-packages/wandb/sdk/internal/internal_api.py", line 127, in execute
    return self.client.execute(*args, **kwargs)
  File "/usr/local/lib/python3.6/dist-packages/wandb/vendor/gql-0.2.0/gql/client.py", line 52, in execute
    result = self._get_result(document, *args, **kwargs)
  File "/usr/local/lib/python3.6/dist-packages/wandb/vendor/gql-0.2.0/gql/client.py", line 60, in _get_result
    return self.transport.execute(document, *args, **kwargs)
  File "/usr/local/lib/python3.6/dist-packages/wandb/vendor/gql-0.2.0/gql/transport/requests.py", line 39, in execute
    request.raise_for_status()
  File "/usr/local/lib/python3.6/dist-packages/requests/models.py", line 943, in raise_for_status
    raise HTTPError(http_error_msg, response=self)
requests.exceptions.HTTPError: 429 Client Error: Too Many Requests for url: https://api.wandb.ai/graphql
2021-09-18 16:36:37,915 DEBUG   SenderThread:630127 [sender.py:send():179] send: stats
2021-09-18 16:36:42,592 DEBUG   SenderThread:630127 [sender.py:send():179] send: telemetry
2021-09-18 16:36:42,593 DEBUG   HandlerThread:630127 [handler.py:handle_request():124] handle_request: poll_exit
2021-09-18 16:36:42,593 DEBUG   SenderThread:630127 [sender.py:send():179] send: exit
2021-09-18 16:36:42,593 INFO    SenderThread:630127 [sender.py:send_exit():287] handling exit code: 1
2021-09-18 16:36:42,593 INFO    SenderThread:630127 [sender.py:send_exit():295] send defer
2021-09-18 16:36:42,593 DEBUG   SenderThread:630127 [sender.py:send_request():193] send_request: poll_exit
2021-09-18 16:36:42,593 DEBUG   HandlerThread:630127 [handler.py:handle_request():124] handle_request: defer
2021-09-18 16:36:42,594 INFO    HandlerThread:630127 [handler.py:handle_request_defer():141] handle defer: 0
2021-09-18 16:36:42,594 DEBUG   SenderThread:630127 [sender.py:send_request():193] send_request: defer
2021-09-18 16:36:42,594 INFO    SenderThread:630127 [sender.py:send_request_defer():304] handle sender defer: 0
2021-09-18 16:36:42,594 INFO    SenderThread:630127 [sender.py:transition_state():308] send defer: 1
2021-09-18 16:36:42,594 DEBUG   HandlerThread:630127 [handler.py:handle_request():124] handle_request: defer
2021-09-18 16:36:42,594 INFO    HandlerThread:630127 [handler.py:handle_request_defer():141] handle defer: 1
2021-09-18 16:36:42,684 DEBUG   SenderThread:630127 [sender.py:send_request():193] send_request: defer
2021-09-18 16:36:42,684 INFO    SenderThread:630127 [sender.py:send_request_defer():304] handle sender defer: 1
2021-09-18 16:36:42,685 INFO    SenderThread:630127 [sender.py:transition_state():308] send defer: 2
2021-09-18 16:36:42,685 DEBUG   SenderThread:630127 [sender.py:send():179] send: stats
2021-09-18 16:36:42,685 DEBUG   HandlerThread:630127 [handler.py:handle_request():124] handle_request: defer
2021-09-18 16:36:42,687 INFO    HandlerThread:630127 [handler.py:handle_request_defer():141] handle defer: 2
2021-09-18 16:36:42,687 DEBUG   SenderThread:630127 [sender.py:send_request():193] send_request: defer
2021-09-18 16:36:42,687 INFO    SenderThread:630127 [sender.py:send_request_defer():304] handle sender defer: 2
2021-09-18 16:36:42,687 INFO    SenderThread:630127 [sender.py:transition_state():308] send defer: 3
2021-09-18 16:36:42,687 DEBUG   HandlerThread:630127 [handler.py:handle_request():124] handle_request: defer
2021-09-18 16:36:42,687 INFO    HandlerThread:630127 [handler.py:handle_request_defer():141] handle defer: 3
2021-09-18 16:36:42,688 DEBUG   SenderThread:630127 [sender.py:send():179] send: summary
2021-09-18 16:36:42,688 INFO    SenderThread:630127 [sender.py:_save_file():841] saving file wandb-summary.json with policy end
2021-09-18 16:36:42,688 DEBUG   SenderThread:630127 [sender.py:send_request():193] send_request: defer
2021-09-18 16:36:42,688 INFO    SenderThread:630127 [sender.py:send_request_defer():304] handle sender defer: 3
2021-09-18 16:36:42,688 INFO    SenderThread:630127 [sender.py:transition_state():308] send defer: 4
2021-09-18 16:36:42,688 DEBUG   HandlerThread:630127 [handler.py:handle_request():124] handle_request: defer
2021-09-18 16:36:42,689 INFO    HandlerThread:630127 [handler.py:handle_request_defer():141] handle defer: 4
2021-09-18 16:36:42,689 DEBUG   SenderThread:630127 [sender.py:send_request():193] send_request: defer
2021-09-18 16:36:42,689 INFO    SenderThread:630127 [sender.py:send_request_defer():304] handle sender defer: 4
2021-09-18 16:36:42,695 DEBUG   HandlerThread:630127 [handler.py:handle_request():124] handle_request: poll_exit
2021-09-18 16:36:42,752 ERROR   SenderThread:630127 [internal_api.py:execute():130] 429 response executing GraphQL.
2021-09-18 16:36:42,753 ERROR   SenderThread:630127 [internal_api.py:execute():131] {"error":"rate limit exceeded"}

2021-09-18 16:36:43,446 INFO    Thread-8  :630127 [dir_watcher.py:_on_file_modified():229] file/dir modified: /grid/koo/home/toneyan/profile/QuantPred/wandb/run-20210918_163607-cq0j2xaa/files/wandb-summary.json
2021-09-18 16:36:43,898 ERROR   SenderThread:630127 [internal_api.py:execute():130] 429 response executing GraphQL.
2021-09-18 16:36:43,898 ERROR   SenderThread:630127 [internal_api.py:execute():131] {"error":"rate limit exceeded"}

2021-09-18 16:36:46,469 INFO    SenderThread:630127 [sender.py:transition_state():308] send defer: 5
2021-09-18 16:36:46,469 DEBUG   SenderThread:630127 [sender.py:send_request():193] send_request: poll_exit
2021-09-18 16:36:46,470 DEBUG   HandlerThread:630127 [handler.py:handle_request():124] handle_request: defer
2021-09-18 16:36:46,470 INFO    HandlerThread:630127 [handler.py:handle_request_defer():141] handle defer: 5
2021-09-18 16:36:46,470 DEBUG   SenderThread:630127 [sender.py:send_request():193] send_request: defer
2021-09-18 16:36:46,470 INFO    SenderThread:630127 [sender.py:send_request_defer():304] handle sender defer: 5
2021-09-18 16:36:46,470 INFO    SenderThread:630127 [dir_watcher.py:finish():282] shutting down directory watcher
2021-09-18 16:36:46,571 DEBUG   HandlerThread:630127 [handler.py:handle_request():124] handle_request: poll_exit
2021-09-18 16:36:47,447 INFO    SenderThread:630127 [dir_watcher.py:_on_file_modified():229] file/dir modified: /grid/koo/home/toneyan/profile/QuantPred/wandb/run-20210918_163607-cq0j2xaa/files/config.yaml
2021-09-18 16:36:47,448 INFO    SenderThread:630127 [dir_watcher.py:finish():312] scan: /grid/koo/home/toneyan/profile/QuantPred/wandb/run-20210918_163607-cq0j2xaa/files
2021-09-18 16:36:47,448 INFO    SenderThread:630127 [dir_watcher.py:finish():318] scan save: /grid/koo/home/toneyan/profile/QuantPred/wandb/run-20210918_163607-cq0j2xaa/files/wandb-metadata.json wandb-metadata.json
2021-09-18 16:36:47,448 INFO    SenderThread:630127 [dir_watcher.py:finish():318] scan save: /grid/koo/home/toneyan/profile/QuantPred/wandb/run-20210918_163607-cq0j2xaa/files/config.yaml config.yaml
2021-09-18 16:36:47,448 INFO    SenderThread:630127 [dir_watcher.py:finish():318] scan save: /grid/koo/home/toneyan/profile/QuantPred/wandb/run-20210918_163607-cq0j2xaa/files/requirements.txt requirements.txt
2021-09-18 16:36:47,452 INFO    SenderThread:630127 [dir_watcher.py:finish():318] scan save: /grid/koo/home/toneyan/profile/QuantPred/wandb/run-20210918_163607-cq0j2xaa/files/wandb-summary.json wandb-summary.json
2021-09-18 16:36:47,452 INFO    SenderThread:630127 [dir_watcher.py:finish():318] scan save: /grid/koo/home/toneyan/profile/QuantPred/wandb/run-20210918_163607-cq0j2xaa/files/output.log output.log
2021-09-18 16:36:47,460 INFO    SenderThread:630127 [sender.py:transition_state():308] send defer: 6
2021-09-18 16:36:47,460 DEBUG   SenderThread:630127 [sender.py:send_request():193] send_request: poll_exit
2021-09-18 16:36:47,461 DEBUG   HandlerThread:630127 [handler.py:handle_request():124] handle_request: defer
2021-09-18 16:36:47,461 INFO    HandlerThread:630127 [handler.py:handle_request_defer():141] handle defer: 6
2021-09-18 16:36:47,461 DEBUG   SenderThread:630127 [sender.py:send_request():193] send_request: defer
2021-09-18 16:36:47,461 INFO    SenderThread:630127 [sender.py:send_request_defer():304] handle sender defer: 6
2021-09-18 16:36:47,461 INFO    SenderThread:630127 [file_pusher.py:finish():177] shutting down file pusher
2021-09-18 16:36:47,588 DEBUG   HandlerThread:630127 [handler.py:handle_request():124] handle_request: poll_exit
2021-09-18 16:36:47,588 DEBUG   SenderThread:630127 [sender.py:send_request():193] send_request: poll_exit
2021-09-18 16:36:47,690 DEBUG   HandlerThread:630127 [handler.py:handle_request():124] handle_request: poll_exit
2021-09-18 16:36:47,691 DEBUG   SenderThread:630127 [sender.py:send_request():193] send_request: poll_exit
2021-09-18 16:36:47,758 INFO    Thread-14 :630127 [upload_job.py:push():137] Uploaded file /grid/koo/home/toneyan/profile/QuantPred/wandb/run-20210918_163607-cq0j2xaa/files/wandb-summary.json
2021-09-18 16:36:47,792 DEBUG   HandlerThread:630127 [handler.py:handle_request():124] handle_request: poll_exit
2021-09-18 16:36:47,793 DEBUG   SenderThread:630127 [sender.py:send_request():193] send_request: poll_exit
2021-09-18 16:36:47,806 INFO    Thread-13 :630127 [upload_job.py:push():137] Uploaded file /grid/koo/home/toneyan/profile/QuantPred/wandb/run-20210918_163607-cq0j2xaa/files/requirements.txt
2021-09-18 16:36:47,814 INFO    Thread-12 :630127 [upload_job.py:push():137] Uploaded file /grid/koo/home/toneyan/profile/QuantPred/wandb/run-20210918_163607-cq0j2xaa/files/config.yaml
2021-09-18 16:36:47,895 DEBUG   HandlerThread:630127 [handler.py:handle_request():124] handle_request: poll_exit
2021-09-18 16:36:47,895 DEBUG   SenderThread:630127 [sender.py:send_request():193] send_request: poll_exit
2021-09-18 16:36:47,997 DEBUG   HandlerThread:630127 [handler.py:handle_request():124] handle_request: poll_exit
2021-09-18 16:36:47,997 DEBUG   SenderThread:630127 [sender.py:send_request():193] send_request: poll_exit
2021-09-18 16:36:48,015 INFO    Thread-7  :630127 [sender.py:transition_state():308] send defer: 7
2021-09-18 16:36:48,015 DEBUG   HandlerThread:630127 [handler.py:handle_request():124] handle_request: defer
2021-09-18 16:36:48,015 INFO    HandlerThread:630127 [handler.py:handle_request_defer():141] handle defer: 7
2021-09-18 16:36:48,016 DEBUG   SenderThread:630127 [sender.py:send_request():193] send_request: defer
2021-09-18 16:36:48,016 INFO    SenderThread:630127 [sender.py:send_request_defer():304] handle sender defer: 7
2021-09-18 16:36:48,066 INFO    SenderThread:630127 [sender.py:transition_state():308] send defer: 8
2021-09-18 16:36:48,066 DEBUG   HandlerThread:630127 [handler.py:handle_request():124] handle_request: defer
2021-09-18 16:36:48,066 INFO    HandlerThread:630127 [handler.py:handle_request_defer():141] handle defer: 8
2021-09-18 16:36:48,067 DEBUG   SenderThread:630127 [sender.py:send_request():193] send_request: defer
2021-09-18 16:36:48,067 INFO    SenderThread:630127 [sender.py:send_request_defer():304] handle sender defer: 8
2021-09-18 16:36:48,067 INFO    SenderThread:630127 [sender.py:transition_state():308] send defer: 9
2021-09-18 16:36:48,067 DEBUG   SenderThread:630127 [sender.py:send():179] send: final
2021-09-18 16:36:48,067 DEBUG   SenderThread:630127 [sender.py:send():179] send: footer
2021-09-18 16:36:48,068 DEBUG   HandlerThread:630127 [handler.py:handle_request():124] handle_request: defer
2021-09-18 16:36:48,068 INFO    HandlerThread:630127 [handler.py:handle_request_defer():141] handle defer: 9
2021-09-18 16:36:48,068 DEBUG   SenderThread:630127 [sender.py:send_request():193] send_request: defer
2021-09-18 16:36:48,068 INFO    SenderThread:630127 [sender.py:send_request_defer():304] handle sender defer: 9
2021-09-18 16:36:48,099 DEBUG   HandlerThread:630127 [handler.py:handle_request():124] handle_request: poll_exit
2021-09-18 16:36:48,099 DEBUG   SenderThread:630127 [sender.py:send_request():193] send_request: poll_exit
2021-09-18 16:36:48,099 INFO    SenderThread:630127 [file_pusher.py:join():182] waiting for file pusher
2021-09-18 16:36:48,100 DEBUG   HandlerThread:630127 [handler.py:handle_request():124] handle_request: get_summary
2021-09-18 16:36:48,101 DEBUG   HandlerThread:630127 [handler.py:handle_request():124] handle_request: sampled_history
2021-09-18 16:36:48,101 DEBUG   HandlerThread:630127 [handler.py:handle_request():124] handle_request: shutdown
2021-09-18 16:36:48,101 INFO    HandlerThread:630127 [handler.py:finish():638] shutting down handler
2021-09-18 16:36:49,067 INFO    WriterThread:630127 [datastore.py:close():288] close: /grid/koo/home/toneyan/profile/QuantPred/wandb/run-20210918_163607-cq0j2xaa/run-cq0j2xaa.wandb
2021-09-18 16:36:49,099 INFO    SenderThread:630127 [sender.py:finish():945] shutting down sender
2021-09-18 16:36:49,100 INFO    SenderThread:630127 [file_pusher.py:finish():177] shutting down file pusher
2021-09-18 16:36:49,100 INFO    SenderThread:630127 [file_pusher.py:join():182] waiting for file pusher
2021-09-18 16:36:49,101 INFO    MainThread:630127 [internal.py:handle_exit():78] Internal process exited
