2021-09-19 04:52:30,917 INFO    MainThread:1268174 [internal.py:wandb_internal():91] W&B internal server running at pid: 1268174, started at: 2021-09-19 04:52:30.916886
2021-09-19 04:52:30,919 DEBUG   HandlerThread:1268174 [handler.py:handle_request():124] handle_request: check_version
2021-09-19 04:52:30,919 INFO    WriterThread:1268174 [datastore.py:open_for_write():80] open: /grid/koo/home/toneyan/profile/QuantPred/wandb/run-20210919_045230-r3q54oj4/run-r3q54oj4.wandb
2021-09-19 04:52:30,921 DEBUG   SenderThread:1268174 [sender.py:send():179] send: header
2021-09-19 04:52:30,921 DEBUG   SenderThread:1268174 [sender.py:send_request():193] send_request: check_version
2021-09-19 04:52:30,952 DEBUG   SenderThread:1268174 [sender.py:send():179] send: run
2021-09-19 04:52:31,034 INFO    SenderThread:1268174 [dir_watcher.py:__init__():168] watching files in: /grid/koo/home/toneyan/profile/QuantPred/wandb/run-20210919_045230-r3q54oj4/files
2021-09-19 04:52:31,034 INFO    SenderThread:1268174 [sender.py:_start_run_threads():719] run started: r3q54oj4 with start time 1632041550
2021-09-19 04:52:31,034 DEBUG   SenderThread:1268174 [sender.py:send():179] send: summary
2021-09-19 04:52:31,035 INFO    SenderThread:1268174 [sender.py:_save_file():841] saving file wandb-summary.json with policy end
2021-09-19 04:52:31,035 DEBUG   HandlerThread:1268174 [handler.py:handle_request():124] handle_request: run_start
2021-09-19 04:52:32,036 INFO    Thread-8  :1268174 [dir_watcher.py:_on_file_created():216] file/dir created: /grid/koo/home/toneyan/profile/QuantPred/wandb/run-20210919_045230-r3q54oj4/files/wandb-summary.json
2021-09-19 04:52:32,256 DEBUG   HandlerThread:1268174 [meta.py:__init__():39] meta init
2021-09-19 04:52:32,256 DEBUG   HandlerThread:1268174 [meta.py:__init__():53] meta init done
2021-09-19 04:52:32,256 DEBUG   HandlerThread:1268174 [meta.py:probe():210] probe
2021-09-19 04:52:32,262 DEBUG   HandlerThread:1268174 [meta.py:_save_pip():57] save pip
2021-09-19 04:52:32,263 DEBUG   HandlerThread:1268174 [meta.py:_save_pip():71] save pip done
2021-09-19 04:52:32,263 DEBUG   HandlerThread:1268174 [meta.py:probe():252] probe done
2021-09-19 04:52:32,266 DEBUG   SenderThread:1268174 [sender.py:send():179] send: files
2021-09-19 04:52:32,266 INFO    SenderThread:1268174 [sender.py:_save_file():841] saving file wandb-metadata.json with policy now
2021-09-19 04:52:32,272 DEBUG   HandlerThread:1268174 [handler.py:handle_request():124] handle_request: stop_status
2021-09-19 04:52:32,272 DEBUG   SenderThread:1268174 [sender.py:send_request():193] send_request: stop_status
2021-09-19 04:52:32,595 INFO    Thread-11 :1268174 [upload_job.py:push():137] Uploaded file /tmp/3288843.1.gpu_ded.q/tmplglwzi2swandb/1sf9iu56-wandb-metadata.json
2021-09-19 04:52:33,036 INFO    Thread-8  :1268174 [dir_watcher.py:_on_file_created():216] file/dir created: /grid/koo/home/toneyan/profile/QuantPred/wandb/run-20210919_045230-r3q54oj4/files/output.log
2021-09-19 04:52:33,036 INFO    Thread-8  :1268174 [dir_watcher.py:_on_file_created():216] file/dir created: /grid/koo/home/toneyan/profile/QuantPred/wandb/run-20210919_045230-r3q54oj4/files/requirements.txt
2021-09-19 04:52:33,036 INFO    Thread-8  :1268174 [dir_watcher.py:_on_file_created():216] file/dir created: /grid/koo/home/toneyan/profile/QuantPred/wandb/run-20210919_045230-r3q54oj4/files/wandb-metadata.json
2021-09-19 04:52:47,334 DEBUG   HandlerThread:1268174 [handler.py:handle_request():124] handle_request: stop_status
2021-09-19 04:52:47,334 DEBUG   SenderThread:1268174 [sender.py:send_request():193] send_request: stop_status
2021-09-19 04:53:00,635 DEBUG   SenderThread:1268174 [sender.py:send():179] send: stats
2021-09-19 04:53:02,394 DEBUG   HandlerThread:1268174 [handler.py:handle_request():124] handle_request: stop_status
2021-09-19 04:53:02,394 DEBUG   SenderThread:1268174 [sender.py:send_request():193] send_request: stop_status
2021-09-19 04:53:05,708 DEBUG   HandlerThread:1268174 [handler.py:handle_request():124] handle_request: poll_exit
2021-09-19 04:53:05,708 DEBUG   SenderThread:1268174 [sender.py:send():179] send: telemetry
2021-09-19 04:53:05,708 DEBUG   SenderThread:1268174 [sender.py:send():179] send: exit
2021-09-19 04:53:05,708 INFO    SenderThread:1268174 [sender.py:send_exit():287] handling exit code: 1
2021-09-19 04:53:05,709 INFO    SenderThread:1268174 [sender.py:send_exit():295] send defer
2021-09-19 04:53:05,709 DEBUG   SenderThread:1268174 [sender.py:send_request():193] send_request: poll_exit
2021-09-19 04:53:05,709 DEBUG   HandlerThread:1268174 [handler.py:handle_request():124] handle_request: defer
2021-09-19 04:53:05,709 INFO    HandlerThread:1268174 [handler.py:handle_request_defer():141] handle defer: 0
2021-09-19 04:53:05,709 DEBUG   SenderThread:1268174 [sender.py:send_request():193] send_request: defer
2021-09-19 04:53:05,709 INFO    SenderThread:1268174 [sender.py:send_request_defer():304] handle sender defer: 0
2021-09-19 04:53:05,710 INFO    SenderThread:1268174 [sender.py:transition_state():308] send defer: 1
2021-09-19 04:53:05,710 DEBUG   HandlerThread:1268174 [handler.py:handle_request():124] handle_request: defer
2021-09-19 04:53:05,710 INFO    HandlerThread:1268174 [handler.py:handle_request_defer():141] handle defer: 1
2021-09-19 04:53:05,802 DEBUG   SenderThread:1268174 [sender.py:send_request():193] send_request: defer
2021-09-19 04:53:05,802 INFO    SenderThread:1268174 [sender.py:send_request_defer():304] handle sender defer: 1
2021-09-19 04:53:05,802 INFO    SenderThread:1268174 [sender.py:transition_state():308] send defer: 2
2021-09-19 04:53:05,802 DEBUG   SenderThread:1268174 [sender.py:send():179] send: stats
2021-09-19 04:53:05,805 DEBUG   HandlerThread:1268174 [handler.py:handle_request():124] handle_request: defer
2021-09-19 04:53:05,805 INFO    HandlerThread:1268174 [handler.py:handle_request_defer():141] handle defer: 2
2021-09-19 04:53:05,805 DEBUG   SenderThread:1268174 [sender.py:send_request():193] send_request: defer
2021-09-19 04:53:05,805 INFO    SenderThread:1268174 [sender.py:send_request_defer():304] handle sender defer: 2
2021-09-19 04:53:05,805 INFO    SenderThread:1268174 [sender.py:transition_state():308] send defer: 3
2021-09-19 04:53:05,805 DEBUG   HandlerThread:1268174 [handler.py:handle_request():124] handle_request: defer
2021-09-19 04:53:05,805 INFO    HandlerThread:1268174 [handler.py:handle_request_defer():141] handle defer: 3
2021-09-19 04:53:05,806 DEBUG   SenderThread:1268174 [sender.py:send():179] send: summary
2021-09-19 04:53:05,806 INFO    SenderThread:1268174 [sender.py:_save_file():841] saving file wandb-summary.json with policy end
2021-09-19 04:53:05,806 DEBUG   SenderThread:1268174 [sender.py:send_request():193] send_request: defer
2021-09-19 04:53:05,806 INFO    SenderThread:1268174 [sender.py:send_request_defer():304] handle sender defer: 3
2021-09-19 04:53:05,806 INFO    SenderThread:1268174 [sender.py:transition_state():308] send defer: 4
2021-09-19 04:53:05,806 DEBUG   HandlerThread:1268174 [handler.py:handle_request():124] handle_request: defer
2021-09-19 04:53:05,807 INFO    HandlerThread:1268174 [handler.py:handle_request_defer():141] handle defer: 4
2021-09-19 04:53:05,807 DEBUG   SenderThread:1268174 [sender.py:send_request():193] send_request: defer
2021-09-19 04:53:05,807 INFO    SenderThread:1268174 [sender.py:send_request_defer():304] handle sender defer: 4
2021-09-19 04:53:05,814 DEBUG   HandlerThread:1268174 [handler.py:handle_request():124] handle_request: poll_exit
2021-09-19 04:53:05,875 ERROR   SenderThread:1268174 [internal_api.py:execute():130] 429 response executing GraphQL.
2021-09-19 04:53:05,875 ERROR   SenderThread:1268174 [internal_api.py:execute():131] {"error":"rate limit exceeded"}

2021-09-19 04:53:06,046 INFO    Thread-8  :1268174 [dir_watcher.py:_on_file_modified():229] file/dir modified: /grid/koo/home/toneyan/profile/QuantPred/wandb/run-20210919_045230-r3q54oj4/files/wandb-summary.json
2021-09-19 04:53:07,066 ERROR   SenderThread:1268174 [internal_api.py:execute():130] 429 response executing GraphQL.
2021-09-19 04:53:07,067 ERROR   SenderThread:1268174 [internal_api.py:execute():131] {"error":"rate limit exceeded"}

2021-09-19 04:53:09,260 ERROR   SenderThread:1268174 [internal_api.py:execute():130] 429 response executing GraphQL.
2021-09-19 04:53:09,261 ERROR   SenderThread:1268174 [internal_api.py:execute():131] {"error":"rate limit exceeded"}

2021-09-19 04:53:09,261 ERROR   SenderThread:1268174 [retry.py:__call__():126] Retry attempt failed:
Traceback (most recent call last):
  File "/usr/local/lib/python3.6/dist-packages/wandb/sdk/lib/retry.py", line 102, in __call__
    result = self._call_fn(*args, **kwargs)
  File "/usr/local/lib/python3.6/dist-packages/wandb/sdk/internal/internal_api.py", line 133, in execute
    six.reraise(*sys.exc_info())
  File "/usr/local/lib/python3.6/dist-packages/six.py", line 719, in reraise
    raise value
  File "/usr/local/lib/python3.6/dist-packages/wandb/sdk/internal/internal_api.py", line 127, in execute
    return self.client.execute(*args, **kwargs)
  File "/usr/local/lib/python3.6/dist-packages/wandb/vendor/gql-0.2.0/gql/client.py", line 52, in execute
    result = self._get_result(document, *args, **kwargs)
  File "/usr/local/lib/python3.6/dist-packages/wandb/vendor/gql-0.2.0/gql/client.py", line 60, in _get_result
    return self.transport.execute(document, *args, **kwargs)
  File "/usr/local/lib/python3.6/dist-packages/wandb/vendor/gql-0.2.0/gql/transport/requests.py", line 39, in execute
    request.raise_for_status()
  File "/usr/local/lib/python3.6/dist-packages/requests/models.py", line 943, in raise_for_status
    raise HTTPError(http_error_msg, response=self)
requests.exceptions.HTTPError: 429 Client Error: Too Many Requests for url: https://api.wandb.ai/graphql
2021-09-19 04:53:10,911 DEBUG   HandlerThread:1268174 [handler.py:handle_request():124] handle_request: poll_exit
2021-09-19 04:53:13,824 ERROR   SenderThread:1268174 [internal_api.py:execute():130] 429 response executing GraphQL.
2021-09-19 04:53:13,824 ERROR   SenderThread:1268174 [internal_api.py:execute():131] {"error":"rate limit exceeded"}

2021-09-19 04:53:16,012 DEBUG   HandlerThread:1268174 [handler.py:handle_request():124] handle_request: poll_exit
2021-09-19 04:53:21,118 DEBUG   HandlerThread:1268174 [handler.py:handle_request():124] handle_request: poll_exit
2021-09-19 04:53:22,404 INFO    SenderThread:1268174 [sender.py:transition_state():308] send defer: 5
2021-09-19 04:53:22,404 DEBUG   SenderThread:1268174 [sender.py:send_request():193] send_request: poll_exit
2021-09-19 04:53:22,405 DEBUG   SenderThread:1268174 [sender.py:send_request():193] send_request: poll_exit
2021-09-19 04:53:22,405 DEBUG   HandlerThread:1268174 [handler.py:handle_request():124] handle_request: defer
2021-09-19 04:53:22,405 DEBUG   SenderThread:1268174 [sender.py:send_request():193] send_request: poll_exit
2021-09-19 04:53:22,405 INFO    HandlerThread:1268174 [handler.py:handle_request_defer():141] handle defer: 5
2021-09-19 04:53:22,406 DEBUG   SenderThread:1268174 [sender.py:send_request():193] send_request: poll_exit
2021-09-19 04:53:22,406 DEBUG   SenderThread:1268174 [sender.py:send_request():193] send_request: defer
2021-09-19 04:53:22,406 INFO    SenderThread:1268174 [sender.py:send_request_defer():304] handle sender defer: 5
2021-09-19 04:53:22,406 INFO    SenderThread:1268174 [dir_watcher.py:finish():282] shutting down directory watcher
2021-09-19 04:53:22,507 DEBUG   HandlerThread:1268174 [handler.py:handle_request():124] handle_request: poll_exit
2021-09-19 04:53:23,050 INFO    SenderThread:1268174 [dir_watcher.py:_on_file_modified():229] file/dir modified: /grid/koo/home/toneyan/profile/QuantPred/wandb/run-20210919_045230-r3q54oj4/files/config.yaml
2021-09-19 04:53:23,050 INFO    SenderThread:1268174 [dir_watcher.py:finish():312] scan: /grid/koo/home/toneyan/profile/QuantPred/wandb/run-20210919_045230-r3q54oj4/files
2021-09-19 04:53:23,050 INFO    SenderThread:1268174 [dir_watcher.py:finish():318] scan save: /grid/koo/home/toneyan/profile/QuantPred/wandb/run-20210919_045230-r3q54oj4/files/wandb-metadata.json wandb-metadata.json
2021-09-19 04:53:23,050 INFO    SenderThread:1268174 [dir_watcher.py:finish():318] scan save: /grid/koo/home/toneyan/profile/QuantPred/wandb/run-20210919_045230-r3q54oj4/files/config.yaml config.yaml
2021-09-19 04:53:23,051 INFO    SenderThread:1268174 [dir_watcher.py:finish():318] scan save: /grid/koo/home/toneyan/profile/QuantPred/wandb/run-20210919_045230-r3q54oj4/files/requirements.txt requirements.txt
2021-09-19 04:53:23,051 INFO    SenderThread:1268174 [dir_watcher.py:finish():318] scan save: /grid/koo/home/toneyan/profile/QuantPred/wandb/run-20210919_045230-r3q54oj4/files/wandb-summary.json wandb-summary.json
2021-09-19 04:53:23,054 INFO    SenderThread:1268174 [dir_watcher.py:finish():318] scan save: /grid/koo/home/toneyan/profile/QuantPred/wandb/run-20210919_045230-r3q54oj4/files/output.log output.log
2021-09-19 04:53:23,058 INFO    SenderThread:1268174 [sender.py:transition_state():308] send defer: 6
2021-09-19 04:53:23,058 DEBUG   SenderThread:1268174 [sender.py:send_request():193] send_request: poll_exit
2021-09-19 04:53:23,063 DEBUG   HandlerThread:1268174 [handler.py:handle_request():124] handle_request: defer
2021-09-19 04:53:23,064 INFO    HandlerThread:1268174 [handler.py:handle_request_defer():141] handle defer: 6
2021-09-19 04:53:23,064 DEBUG   SenderThread:1268174 [sender.py:send_request():193] send_request: defer
2021-09-19 04:53:23,064 INFO    SenderThread:1268174 [sender.py:send_request_defer():304] handle sender defer: 6
2021-09-19 04:53:23,064 INFO    SenderThread:1268174 [file_pusher.py:finish():177] shutting down file pusher
2021-09-19 04:53:23,165 DEBUG   HandlerThread:1268174 [handler.py:handle_request():124] handle_request: poll_exit
2021-09-19 04:53:23,165 DEBUG   SenderThread:1268174 [sender.py:send_request():193] send_request: poll_exit
2021-09-19 04:53:23,267 DEBUG   HandlerThread:1268174 [handler.py:handle_request():124] handle_request: poll_exit
2021-09-19 04:53:23,267 DEBUG   SenderThread:1268174 [sender.py:send_request():193] send_request: poll_exit
2021-09-19 04:53:23,360 INFO    Thread-12 :1268174 [upload_job.py:push():137] Uploaded file /grid/koo/home/toneyan/profile/QuantPred/wandb/run-20210919_045230-r3q54oj4/files/config.yaml
2021-09-19 04:53:23,369 DEBUG   HandlerThread:1268174 [handler.py:handle_request():124] handle_request: poll_exit
2021-09-19 04:53:23,369 DEBUG   SenderThread:1268174 [sender.py:send_request():193] send_request: poll_exit
2021-09-19 04:53:23,394 INFO    Thread-13 :1268174 [upload_job.py:push():137] Uploaded file /grid/koo/home/toneyan/profile/QuantPred/wandb/run-20210919_045230-r3q54oj4/files/requirements.txt
2021-09-19 04:53:23,402 INFO    Thread-14 :1268174 [upload_job.py:push():137] Uploaded file /grid/koo/home/toneyan/profile/QuantPred/wandb/run-20210919_045230-r3q54oj4/files/wandb-summary.json
2021-09-19 04:53:23,470 DEBUG   HandlerThread:1268174 [handler.py:handle_request():124] handle_request: poll_exit
2021-09-19 04:53:23,471 DEBUG   SenderThread:1268174 [sender.py:send_request():193] send_request: poll_exit
2021-09-19 04:53:23,572 DEBUG   HandlerThread:1268174 [handler.py:handle_request():124] handle_request: poll_exit
2021-09-19 04:53:23,572 DEBUG   SenderThread:1268174 [sender.py:send_request():193] send_request: poll_exit
2021-09-19 04:53:23,602 INFO    Thread-7  :1268174 [sender.py:transition_state():308] send defer: 7
2021-09-19 04:53:23,603 DEBUG   HandlerThread:1268174 [handler.py:handle_request():124] handle_request: defer
2021-09-19 04:53:23,603 INFO    HandlerThread:1268174 [handler.py:handle_request_defer():141] handle defer: 7
2021-09-19 04:53:23,603 DEBUG   SenderThread:1268174 [sender.py:send_request():193] send_request: defer
2021-09-19 04:53:23,603 INFO    SenderThread:1268174 [sender.py:send_request_defer():304] handle sender defer: 7
2021-09-19 04:53:23,658 INFO    SenderThread:1268174 [sender.py:transition_state():308] send defer: 8
2021-09-19 04:53:23,658 DEBUG   HandlerThread:1268174 [handler.py:handle_request():124] handle_request: defer
2021-09-19 04:53:23,658 INFO    HandlerThread:1268174 [handler.py:handle_request_defer():141] handle defer: 8
2021-09-19 04:53:23,658 DEBUG   SenderThread:1268174 [sender.py:send_request():193] send_request: defer
2021-09-19 04:53:23,659 INFO    SenderThread:1268174 [sender.py:send_request_defer():304] handle sender defer: 8
2021-09-19 04:53:23,659 INFO    SenderThread:1268174 [sender.py:transition_state():308] send defer: 9
2021-09-19 04:53:23,659 DEBUG   SenderThread:1268174 [sender.py:send():179] send: final
2021-09-19 04:53:23,659 DEBUG   HandlerThread:1268174 [handler.py:handle_request():124] handle_request: defer
2021-09-19 04:53:23,659 DEBUG   SenderThread:1268174 [sender.py:send():179] send: footer
2021-09-19 04:53:23,659 INFO    HandlerThread:1268174 [handler.py:handle_request_defer():141] handle defer: 9
2021-09-19 04:53:23,659 DEBUG   SenderThread:1268174 [sender.py:send_request():193] send_request: defer
2021-09-19 04:53:23,659 INFO    SenderThread:1268174 [sender.py:send_request_defer():304] handle sender defer: 9
2021-09-19 04:53:23,674 DEBUG   HandlerThread:1268174 [handler.py:handle_request():124] handle_request: poll_exit
2021-09-19 04:53:23,674 DEBUG   SenderThread:1268174 [sender.py:send_request():193] send_request: poll_exit
2021-09-19 04:53:23,675 INFO    SenderThread:1268174 [file_pusher.py:join():182] waiting for file pusher
2021-09-19 04:53:23,676 DEBUG   HandlerThread:1268174 [handler.py:handle_request():124] handle_request: get_summary
2021-09-19 04:53:23,676 DEBUG   HandlerThread:1268174 [handler.py:handle_request():124] handle_request: sampled_history
2021-09-19 04:53:23,677 DEBUG   HandlerThread:1268174 [handler.py:handle_request():124] handle_request: shutdown
2021-09-19 04:53:23,677 INFO    HandlerThread:1268174 [handler.py:finish():638] shutting down handler
2021-09-19 04:53:24,659 INFO    WriterThread:1268174 [datastore.py:close():288] close: /grid/koo/home/toneyan/profile/QuantPred/wandb/run-20210919_045230-r3q54oj4/run-r3q54oj4.wandb
2021-09-19 04:53:24,675 INFO    SenderThread:1268174 [sender.py:finish():945] shutting down sender
2021-09-19 04:53:24,675 INFO    SenderThread:1268174 [file_pusher.py:finish():177] shutting down file pusher
2021-09-19 04:53:24,675 INFO    SenderThread:1268174 [file_pusher.py:join():182] waiting for file pusher
2021-09-19 04:53:24,678 INFO    MainThread:1268174 [internal.py:handle_exit():78] Internal process exited
