2021-09-18 20:04:08,922 INFO    MainThread:3980154 [internal.py:wandb_internal():91] W&B internal server running at pid: 3980154, started at: 2021-09-18 20:04:08.921256
2021-09-18 20:04:08,924 DEBUG   HandlerThread:3980154 [handler.py:handle_request():124] handle_request: check_version
2021-09-18 20:04:08,924 INFO    WriterThread:3980154 [datastore.py:open_for_write():80] open: /grid/koo/home/toneyan/profile/QuantPred/wandb/run-20210918_200408-s8qq2lj4/run-s8qq2lj4.wandb
2021-09-18 20:04:08,926 DEBUG   SenderThread:3980154 [sender.py:send():179] send: header
2021-09-18 20:04:08,926 DEBUG   SenderThread:3980154 [sender.py:send_request():193] send_request: check_version
2021-09-18 20:04:08,960 DEBUG   SenderThread:3980154 [sender.py:send():179] send: run
2021-09-18 20:04:09,020 ERROR   SenderThread:3980154 [internal_api.py:execute():130] 429 response executing GraphQL.
2021-09-18 20:04:09,021 ERROR   SenderThread:3980154 [internal_api.py:execute():131] {"error":"rate limit exceeded"}

2021-09-18 20:04:10,161 ERROR   SenderThread:3980154 [internal_api.py:execute():130] 429 response executing GraphQL.
2021-09-18 20:04:10,162 ERROR   SenderThread:3980154 [internal_api.py:execute():131] {"error":"rate limit exceeded"}

2021-09-18 20:04:12,468 ERROR   SenderThread:3980154 [internal_api.py:execute():130] 429 response executing GraphQL.
2021-09-18 20:04:12,469 ERROR   SenderThread:3980154 [internal_api.py:execute():131] {"error":"rate limit exceeded"}

2021-09-18 20:04:12,469 ERROR   SenderThread:3980154 [retry.py:__call__():126] Retry attempt failed:
Traceback (most recent call last):
  File "/usr/local/lib/python3.6/dist-packages/wandb/sdk/lib/retry.py", line 102, in __call__
    result = self._call_fn(*args, **kwargs)
  File "/usr/local/lib/python3.6/dist-packages/wandb/sdk/internal/internal_api.py", line 133, in execute
    six.reraise(*sys.exc_info())
  File "/usr/local/lib/python3.6/dist-packages/six.py", line 719, in reraise
    raise value
  File "/usr/local/lib/python3.6/dist-packages/wandb/sdk/internal/internal_api.py", line 127, in execute
    return self.client.execute(*args, **kwargs)
  File "/usr/local/lib/python3.6/dist-packages/wandb/vendor/gql-0.2.0/gql/client.py", line 52, in execute
    result = self._get_result(document, *args, **kwargs)
  File "/usr/local/lib/python3.6/dist-packages/wandb/vendor/gql-0.2.0/gql/client.py", line 60, in _get_result
    return self.transport.execute(document, *args, **kwargs)
  File "/usr/local/lib/python3.6/dist-packages/wandb/vendor/gql-0.2.0/gql/transport/requests.py", line 39, in execute
    request.raise_for_status()
  File "/usr/local/lib/python3.6/dist-packages/requests/models.py", line 943, in raise_for_status
    raise HTTPError(http_error_msg, response=self)
requests.exceptions.HTTPError: 429 Client Error: Too Many Requests for url: https://api.wandb.ai/graphql
2021-09-18 20:04:16,583 INFO    SenderThread:3980154 [dir_watcher.py:__init__():168] watching files in: /grid/koo/home/toneyan/profile/QuantPred/wandb/run-20210918_200408-s8qq2lj4/files
2021-09-18 20:04:16,583 INFO    SenderThread:3980154 [sender.py:_start_run_threads():719] run started: s8qq2lj4 with start time 1632009848
2021-09-18 20:04:16,583 DEBUG   SenderThread:3980154 [sender.py:send():179] send: summary
2021-09-18 20:04:16,584 INFO    SenderThread:3980154 [sender.py:_save_file():841] saving file wandb-summary.json with policy end
2021-09-18 20:04:16,585 DEBUG   HandlerThread:3980154 [handler.py:handle_request():124] handle_request: run_start
2021-09-18 20:04:17,673 INFO    Thread-8  :3980154 [dir_watcher.py:_on_file_created():216] file/dir created: /grid/koo/home/toneyan/profile/QuantPred/wandb/run-20210918_200408-s8qq2lj4/files/wandb-summary.json
2021-09-18 20:04:17,914 DEBUG   HandlerThread:3980154 [meta.py:__init__():39] meta init
2021-09-18 20:04:17,914 DEBUG   HandlerThread:3980154 [meta.py:__init__():53] meta init done
2021-09-18 20:04:17,914 DEBUG   HandlerThread:3980154 [meta.py:probe():210] probe
2021-09-18 20:04:17,920 DEBUG   HandlerThread:3980154 [meta.py:_save_pip():57] save pip
2021-09-18 20:04:17,921 DEBUG   HandlerThread:3980154 [meta.py:_save_pip():71] save pip done
2021-09-18 20:04:17,921 DEBUG   HandlerThread:3980154 [meta.py:probe():252] probe done
2021-09-18 20:04:17,923 DEBUG   SenderThread:3980154 [sender.py:send():179] send: files
2021-09-18 20:04:17,924 INFO    SenderThread:3980154 [sender.py:_save_file():841] saving file wandb-metadata.json with policy now
2021-09-18 20:04:17,929 DEBUG   HandlerThread:3980154 [handler.py:handle_request():124] handle_request: stop_status
2021-09-18 20:04:17,930 DEBUG   SenderThread:3980154 [sender.py:send_request():193] send_request: stop_status
2021-09-18 20:04:18,223 INFO    Thread-11 :3980154 [upload_job.py:push():137] Uploaded file /tmp/3288841.1.gpu_ded.q/tmp0w2hpn2nwandb/2uew8iy4-wandb-metadata.json
2021-09-18 20:04:18,672 INFO    Thread-8  :3980154 [dir_watcher.py:_on_file_created():216] file/dir created: /grid/koo/home/toneyan/profile/QuantPred/wandb/run-20210918_200408-s8qq2lj4/files/requirements.txt
2021-09-18 20:04:18,673 INFO    Thread-8  :3980154 [dir_watcher.py:_on_file_created():216] file/dir created: /grid/koo/home/toneyan/profile/QuantPred/wandb/run-20210918_200408-s8qq2lj4/files/output.log
2021-09-18 20:04:18,673 INFO    Thread-8  :3980154 [dir_watcher.py:_on_file_created():216] file/dir created: /grid/koo/home/toneyan/profile/QuantPred/wandb/run-20210918_200408-s8qq2lj4/files/wandb-metadata.json
2021-09-18 20:04:32,996 DEBUG   HandlerThread:3980154 [handler.py:handle_request():124] handle_request: stop_status
2021-09-18 20:04:32,996 DEBUG   SenderThread:3980154 [sender.py:send_request():193] send_request: stop_status
2021-09-18 20:04:46,298 DEBUG   SenderThread:3980154 [sender.py:send():179] send: stats
2021-09-18 20:04:48,060 DEBUG   HandlerThread:3980154 [handler.py:handle_request():124] handle_request: stop_status
2021-09-18 20:04:53,548 DEBUG   SenderThread:3980154 [sender.py:send_request():193] send_request: stop_status
2021-09-18 20:04:53,605 ERROR   SenderThread:3980154 [internal_api.py:execute():130] 429 response executing GraphQL.
2021-09-18 20:04:53,605 ERROR   SenderThread:3980154 [internal_api.py:execute():131] {"error":"rate limit exceeded"}

2021-09-18 20:04:54,718 ERROR   SenderThread:3980154 [internal_api.py:execute():130] 429 response executing GraphQL.
2021-09-18 20:04:54,719 ERROR   SenderThread:3980154 [internal_api.py:execute():131] {"error":"rate limit exceeded"}

2021-09-18 20:04:57,293 ERROR   SenderThread:3980154 [internal_api.py:execute():130] 429 response executing GraphQL.
2021-09-18 20:04:57,293 ERROR   SenderThread:3980154 [internal_api.py:execute():131] {"error":"rate limit exceeded"}

2021-09-18 20:04:57,293 ERROR   SenderThread:3980154 [retry.py:__call__():126] Retry attempt failed:
Traceback (most recent call last):
  File "/usr/local/lib/python3.6/dist-packages/wandb/sdk/lib/retry.py", line 102, in __call__
    result = self._call_fn(*args, **kwargs)
  File "/usr/local/lib/python3.6/dist-packages/wandb/sdk/internal/internal_api.py", line 133, in execute
    six.reraise(*sys.exc_info())
  File "/usr/local/lib/python3.6/dist-packages/six.py", line 719, in reraise
    raise value
  File "/usr/local/lib/python3.6/dist-packages/wandb/sdk/internal/internal_api.py", line 127, in execute
    return self.client.execute(*args, **kwargs)
  File "/usr/local/lib/python3.6/dist-packages/wandb/vendor/gql-0.2.0/gql/client.py", line 52, in execute
    result = self._get_result(document, *args, **kwargs)
  File "/usr/local/lib/python3.6/dist-packages/wandb/vendor/gql-0.2.0/gql/client.py", line 60, in _get_result
    return self.transport.execute(document, *args, **kwargs)
  File "/usr/local/lib/python3.6/dist-packages/wandb/vendor/gql-0.2.0/gql/transport/requests.py", line 39, in execute
    request.raise_for_status()
  File "/usr/local/lib/python3.6/dist-packages/requests/models.py", line 943, in raise_for_status
    raise HTTPError(http_error_msg, response=self)
requests.exceptions.HTTPError: 429 Client Error: Too Many Requests for url: https://api.wandb.ai/graphql
2021-09-18 20:05:02,824 DEBUG   SenderThread:3980154 [sender.py:send():179] send: telemetry
2021-09-18 20:05:02,825 DEBUG   HandlerThread:3980154 [handler.py:handle_request():124] handle_request: poll_exit
2021-09-18 20:05:02,825 DEBUG   SenderThread:3980154 [sender.py:send():179] send: exit
2021-09-18 20:05:02,825 INFO    SenderThread:3980154 [sender.py:send_exit():287] handling exit code: 1
2021-09-18 20:05:02,825 INFO    SenderThread:3980154 [sender.py:send_exit():295] send defer
2021-09-18 20:05:02,825 DEBUG   SenderThread:3980154 [sender.py:send_request():193] send_request: poll_exit
2021-09-18 20:05:02,826 DEBUG   HandlerThread:3980154 [handler.py:handle_request():124] handle_request: defer
2021-09-18 20:05:02,826 INFO    HandlerThread:3980154 [handler.py:handle_request_defer():141] handle defer: 0
2021-09-18 20:05:02,826 DEBUG   SenderThread:3980154 [sender.py:send_request():193] send_request: defer
2021-09-18 20:05:02,826 INFO    SenderThread:3980154 [sender.py:send_request_defer():304] handle sender defer: 0
2021-09-18 20:05:02,826 INFO    SenderThread:3980154 [sender.py:transition_state():308] send defer: 1
2021-09-18 20:05:02,826 DEBUG   HandlerThread:3980154 [handler.py:handle_request():124] handle_request: defer
2021-09-18 20:05:02,826 INFO    HandlerThread:3980154 [handler.py:handle_request_defer():141] handle defer: 1
2021-09-18 20:05:02,905 DEBUG   SenderThread:3980154 [sender.py:send_request():193] send_request: defer
2021-09-18 20:05:02,906 INFO    SenderThread:3980154 [sender.py:send_request_defer():304] handle sender defer: 1
2021-09-18 20:05:02,906 INFO    SenderThread:3980154 [sender.py:transition_state():308] send defer: 2
2021-09-18 20:05:02,906 DEBUG   SenderThread:3980154 [sender.py:send():179] send: stats
2021-09-18 20:05:02,907 DEBUG   HandlerThread:3980154 [handler.py:handle_request():124] handle_request: defer
2021-09-18 20:05:02,911 INFO    HandlerThread:3980154 [handler.py:handle_request_defer():141] handle defer: 2
2021-09-18 20:05:02,912 DEBUG   SenderThread:3980154 [sender.py:send_request():193] send_request: defer
2021-09-18 20:05:02,912 INFO    SenderThread:3980154 [sender.py:send_request_defer():304] handle sender defer: 2
2021-09-18 20:05:02,912 INFO    SenderThread:3980154 [sender.py:transition_state():308] send defer: 3
2021-09-18 20:05:02,912 DEBUG   HandlerThread:3980154 [handler.py:handle_request():124] handle_request: defer
2021-09-18 20:05:02,912 INFO    HandlerThread:3980154 [handler.py:handle_request_defer():141] handle defer: 3
2021-09-18 20:05:02,913 DEBUG   SenderThread:3980154 [sender.py:send():179] send: summary
2021-09-18 20:05:02,913 INFO    SenderThread:3980154 [sender.py:_save_file():841] saving file wandb-summary.json with policy end
2021-09-18 20:05:02,913 DEBUG   SenderThread:3980154 [sender.py:send_request():193] send_request: defer
2021-09-18 20:05:02,913 INFO    SenderThread:3980154 [sender.py:send_request_defer():304] handle sender defer: 3
2021-09-18 20:05:02,913 INFO    SenderThread:3980154 [sender.py:transition_state():308] send defer: 4
2021-09-18 20:05:02,914 DEBUG   HandlerThread:3980154 [handler.py:handle_request():124] handle_request: defer
2021-09-18 20:05:02,914 INFO    HandlerThread:3980154 [handler.py:handle_request_defer():141] handle defer: 4
2021-09-18 20:05:02,914 DEBUG   SenderThread:3980154 [sender.py:send_request():193] send_request: defer
2021-09-18 20:05:02,914 INFO    SenderThread:3980154 [sender.py:send_request_defer():304] handle sender defer: 4
2021-09-18 20:05:02,927 DEBUG   HandlerThread:3980154 [handler.py:handle_request():124] handle_request: poll_exit
2021-09-18 20:05:03,001 INFO    SenderThread:3980154 [sender.py:transition_state():308] send defer: 5
2021-09-18 20:05:03,001 DEBUG   SenderThread:3980154 [sender.py:send_request():193] send_request: poll_exit
2021-09-18 20:05:03,002 DEBUG   HandlerThread:3980154 [handler.py:handle_request():124] handle_request: defer
2021-09-18 20:05:03,002 INFO    HandlerThread:3980154 [handler.py:handle_request_defer():141] handle defer: 5
2021-09-18 20:05:03,002 DEBUG   SenderThread:3980154 [sender.py:send_request():193] send_request: defer
2021-09-18 20:05:03,002 INFO    SenderThread:3980154 [sender.py:send_request_defer():304] handle sender defer: 5
2021-09-18 20:05:03,002 INFO    SenderThread:3980154 [dir_watcher.py:finish():282] shutting down directory watcher
2021-09-18 20:05:03,103 DEBUG   HandlerThread:3980154 [handler.py:handle_request():124] handle_request: poll_exit
2021-09-18 20:05:03,550 INFO    Thread-8  :3980154 [dir_watcher.py:_on_file_modified():229] file/dir modified: /grid/koo/home/toneyan/profile/QuantPred/wandb/run-20210918_200408-s8qq2lj4/files/config.yaml
2021-09-18 20:05:03,550 INFO    SenderThread:3980154 [dir_watcher.py:_on_file_modified():229] file/dir modified: /grid/koo/home/toneyan/profile/QuantPred/wandb/run-20210918_200408-s8qq2lj4/files/wandb-summary.json
2021-09-18 20:05:03,551 INFO    SenderThread:3980154 [dir_watcher.py:finish():312] scan: /grid/koo/home/toneyan/profile/QuantPred/wandb/run-20210918_200408-s8qq2lj4/files
2021-09-18 20:05:03,551 INFO    SenderThread:3980154 [dir_watcher.py:finish():318] scan save: /grid/koo/home/toneyan/profile/QuantPred/wandb/run-20210918_200408-s8qq2lj4/files/wandb-metadata.json wandb-metadata.json
2021-09-18 20:05:03,551 INFO    SenderThread:3980154 [dir_watcher.py:finish():318] scan save: /grid/koo/home/toneyan/profile/QuantPred/wandb/run-20210918_200408-s8qq2lj4/files/config.yaml config.yaml
2021-09-18 20:05:03,551 INFO    SenderThread:3980154 [dir_watcher.py:finish():318] scan save: /grid/koo/home/toneyan/profile/QuantPred/wandb/run-20210918_200408-s8qq2lj4/files/requirements.txt requirements.txt
2021-09-18 20:05:03,551 INFO    SenderThread:3980154 [dir_watcher.py:finish():318] scan save: /grid/koo/home/toneyan/profile/QuantPred/wandb/run-20210918_200408-s8qq2lj4/files/wandb-summary.json wandb-summary.json
2021-09-18 20:05:03,551 INFO    SenderThread:3980154 [dir_watcher.py:finish():318] scan save: /grid/koo/home/toneyan/profile/QuantPred/wandb/run-20210918_200408-s8qq2lj4/files/output.log output.log
2021-09-18 20:05:03,558 INFO    SenderThread:3980154 [sender.py:transition_state():308] send defer: 6
2021-09-18 20:05:03,558 DEBUG   SenderThread:3980154 [sender.py:send_request():193] send_request: poll_exit
2021-09-18 20:05:03,563 DEBUG   HandlerThread:3980154 [handler.py:handle_request():124] handle_request: defer
2021-09-18 20:05:03,564 INFO    HandlerThread:3980154 [handler.py:handle_request_defer():141] handle defer: 6
2021-09-18 20:05:03,564 DEBUG   SenderThread:3980154 [sender.py:send_request():193] send_request: defer
2021-09-18 20:05:03,564 INFO    SenderThread:3980154 [sender.py:send_request_defer():304] handle sender defer: 6
2021-09-18 20:05:03,564 INFO    SenderThread:3980154 [file_pusher.py:finish():177] shutting down file pusher
2021-09-18 20:05:03,666 DEBUG   HandlerThread:3980154 [handler.py:handle_request():124] handle_request: poll_exit
2021-09-18 20:05:03,666 DEBUG   SenderThread:3980154 [sender.py:send_request():193] send_request: poll_exit
2021-09-18 20:05:03,768 DEBUG   HandlerThread:3980154 [handler.py:handle_request():124] handle_request: poll_exit
2021-09-18 20:05:03,769 DEBUG   SenderThread:3980154 [sender.py:send_request():193] send_request: poll_exit
2021-09-18 20:05:03,869 INFO    Thread-13 :3980154 [upload_job.py:push():137] Uploaded file /grid/koo/home/toneyan/profile/QuantPred/wandb/run-20210918_200408-s8qq2lj4/files/requirements.txt
2021-09-18 20:05:03,870 DEBUG   HandlerThread:3980154 [handler.py:handle_request():124] handle_request: poll_exit
2021-09-18 20:05:03,871 DEBUG   SenderThread:3980154 [sender.py:send_request():193] send_request: poll_exit
2021-09-18 20:05:03,883 INFO    Thread-14 :3980154 [upload_job.py:push():137] Uploaded file /grid/koo/home/toneyan/profile/QuantPred/wandb/run-20210918_200408-s8qq2lj4/files/wandb-summary.json
2021-09-18 20:05:03,897 INFO    Thread-12 :3980154 [upload_job.py:push():137] Uploaded file /grid/koo/home/toneyan/profile/QuantPred/wandb/run-20210918_200408-s8qq2lj4/files/config.yaml
2021-09-18 20:05:03,973 DEBUG   HandlerThread:3980154 [handler.py:handle_request():124] handle_request: poll_exit
2021-09-18 20:05:03,973 DEBUG   SenderThread:3980154 [sender.py:send_request():193] send_request: poll_exit
2021-09-18 20:05:04,075 DEBUG   HandlerThread:3980154 [handler.py:handle_request():124] handle_request: poll_exit
2021-09-18 20:05:04,075 DEBUG   SenderThread:3980154 [sender.py:send_request():193] send_request: poll_exit
2021-09-18 20:05:04,098 INFO    Thread-7  :3980154 [sender.py:transition_state():308] send defer: 7
2021-09-18 20:05:04,098 DEBUG   HandlerThread:3980154 [handler.py:handle_request():124] handle_request: defer
2021-09-18 20:05:04,098 INFO    HandlerThread:3980154 [handler.py:handle_request_defer():141] handle defer: 7
2021-09-18 20:05:04,099 DEBUG   SenderThread:3980154 [sender.py:send_request():193] send_request: defer
2021-09-18 20:05:04,099 INFO    SenderThread:3980154 [sender.py:send_request_defer():304] handle sender defer: 7
2021-09-18 20:05:04,177 DEBUG   HandlerThread:3980154 [handler.py:handle_request():124] handle_request: poll_exit
2021-09-18 20:05:04,200 INFO    SenderThread:3980154 [sender.py:transition_state():308] send defer: 8
2021-09-18 20:05:04,200 DEBUG   SenderThread:3980154 [sender.py:send_request():193] send_request: poll_exit
2021-09-18 20:05:04,201 DEBUG   HandlerThread:3980154 [handler.py:handle_request():124] handle_request: defer
2021-09-18 20:05:04,201 INFO    HandlerThread:3980154 [handler.py:handle_request_defer():141] handle defer: 8
2021-09-18 20:05:04,201 DEBUG   SenderThread:3980154 [sender.py:send_request():193] send_request: defer
2021-09-18 20:05:04,201 INFO    SenderThread:3980154 [sender.py:send_request_defer():304] handle sender defer: 8
2021-09-18 20:05:04,201 INFO    SenderThread:3980154 [sender.py:transition_state():308] send defer: 9
2021-09-18 20:05:04,201 DEBUG   SenderThread:3980154 [sender.py:send():179] send: final
2021-09-18 20:05:04,202 DEBUG   HandlerThread:3980154 [handler.py:handle_request():124] handle_request: defer
2021-09-18 20:05:04,202 DEBUG   SenderThread:3980154 [sender.py:send():179] send: footer
2021-09-18 20:05:04,202 INFO    HandlerThread:3980154 [handler.py:handle_request_defer():141] handle defer: 9
2021-09-18 20:05:04,202 DEBUG   SenderThread:3980154 [sender.py:send_request():193] send_request: defer
2021-09-18 20:05:04,202 INFO    SenderThread:3980154 [sender.py:send_request_defer():304] handle sender defer: 9
2021-09-18 20:05:04,302 DEBUG   HandlerThread:3980154 [handler.py:handle_request():124] handle_request: poll_exit
2021-09-18 20:05:04,303 DEBUG   SenderThread:3980154 [sender.py:send_request():193] send_request: poll_exit
2021-09-18 20:05:04,303 INFO    SenderThread:3980154 [file_pusher.py:join():182] waiting for file pusher
2021-09-18 20:05:04,305 DEBUG   HandlerThread:3980154 [handler.py:handle_request():124] handle_request: get_summary
2021-09-18 20:05:04,306 DEBUG   HandlerThread:3980154 [handler.py:handle_request():124] handle_request: sampled_history
2021-09-18 20:05:04,306 DEBUG   HandlerThread:3980154 [handler.py:handle_request():124] handle_request: shutdown
2021-09-18 20:05:04,306 INFO    HandlerThread:3980154 [handler.py:finish():638] shutting down handler
2021-09-18 20:05:05,202 INFO    WriterThread:3980154 [datastore.py:close():288] close: /grid/koo/home/toneyan/profile/QuantPred/wandb/run-20210918_200408-s8qq2lj4/run-s8qq2lj4.wandb
2021-09-18 20:05:05,303 INFO    SenderThread:3980154 [sender.py:finish():945] shutting down sender
2021-09-18 20:05:05,304 INFO    SenderThread:3980154 [file_pusher.py:finish():177] shutting down file pusher
2021-09-18 20:05:05,304 INFO    SenderThread:3980154 [file_pusher.py:join():182] waiting for file pusher
2021-09-18 20:05:05,305 INFO    MainThread:3980154 [internal.py:handle_exit():78] Internal process exited
