2021-09-19 09:46:52,658 INFO    MainThread:1752349 [internal.py:wandb_internal():91] W&B internal server running at pid: 1752349, started at: 2021-09-19 09:46:52.657873
2021-09-19 09:46:52,660 DEBUG   HandlerThread:1752349 [handler.py:handle_request():124] handle_request: check_version
2021-09-19 09:46:52,660 INFO    WriterThread:1752349 [datastore.py:open_for_write():80] open: /grid/koo/home/toneyan/profile/QuantPred/wandb/run-20210919_094652-896h4tq4/run-896h4tq4.wandb
2021-09-19 09:46:52,661 DEBUG   SenderThread:1752349 [sender.py:send():179] send: header
2021-09-19 09:46:52,661 DEBUG   SenderThread:1752349 [sender.py:send_request():193] send_request: check_version
2021-09-19 09:46:52,690 DEBUG   SenderThread:1752349 [sender.py:send():179] send: run
2021-09-19 09:46:52,771 INFO    SenderThread:1752349 [dir_watcher.py:__init__():168] watching files in: /grid/koo/home/toneyan/profile/QuantPred/wandb/run-20210919_094652-896h4tq4/files
2021-09-19 09:46:52,771 INFO    SenderThread:1752349 [sender.py:_start_run_threads():719] run started: 896h4tq4 with start time 1632059212
2021-09-19 09:46:52,771 DEBUG   SenderThread:1752349 [sender.py:send():179] send: summary
2021-09-19 09:46:52,772 INFO    SenderThread:1752349 [sender.py:_save_file():841] saving file wandb-summary.json with policy end
2021-09-19 09:46:52,773 DEBUG   HandlerThread:1752349 [handler.py:handle_request():124] handle_request: run_start
2021-09-19 09:46:53,773 INFO    Thread-8  :1752349 [dir_watcher.py:_on_file_created():216] file/dir created: /grid/koo/home/toneyan/profile/QuantPred/wandb/run-20210919_094652-896h4tq4/files/wandb-summary.json
2021-09-19 09:46:53,919 DEBUG   HandlerThread:1752349 [meta.py:__init__():39] meta init
2021-09-19 09:46:53,919 DEBUG   HandlerThread:1752349 [meta.py:__init__():53] meta init done
2021-09-19 09:46:53,919 DEBUG   HandlerThread:1752349 [meta.py:probe():210] probe
2021-09-19 09:46:53,927 DEBUG   HandlerThread:1752349 [meta.py:_save_pip():57] save pip
2021-09-19 09:46:53,928 DEBUG   HandlerThread:1752349 [meta.py:_save_pip():71] save pip done
2021-09-19 09:46:53,928 DEBUG   HandlerThread:1752349 [meta.py:probe():252] probe done
2021-09-19 09:46:53,931 DEBUG   SenderThread:1752349 [sender.py:send():179] send: files
2021-09-19 09:46:53,931 INFO    SenderThread:1752349 [sender.py:_save_file():841] saving file wandb-metadata.json with policy now
2021-09-19 09:46:53,936 DEBUG   HandlerThread:1752349 [handler.py:handle_request():124] handle_request: stop_status
2021-09-19 09:46:53,936 DEBUG   SenderThread:1752349 [sender.py:send_request():193] send_request: stop_status
2021-09-19 09:46:53,991 ERROR   Thread-11 :1752349 [internal_api.py:execute():130] 429 response executing GraphQL.
2021-09-19 09:46:53,991 ERROR   Thread-11 :1752349 [internal_api.py:execute():131] {"error":"rate limit exceeded"}

2021-09-19 09:46:53,992 ERROR   SenderThread:1752349 [internal_api.py:execute():130] 429 response executing GraphQL.
2021-09-19 09:46:53,993 ERROR   SenderThread:1752349 [internal_api.py:execute():131] {"error":"rate limit exceeded"}

2021-09-19 09:46:54,775 INFO    Thread-8  :1752349 [dir_watcher.py:_on_file_created():216] file/dir created: /grid/koo/home/toneyan/profile/QuantPred/wandb/run-20210919_094652-896h4tq4/files/wandb-metadata.json
2021-09-19 09:46:54,775 INFO    Thread-8  :1752349 [dir_watcher.py:_on_file_created():216] file/dir created: /grid/koo/home/toneyan/profile/QuantPred/wandb/run-20210919_094652-896h4tq4/files/output.log
2021-09-19 09:46:54,775 INFO    Thread-8  :1752349 [dir_watcher.py:_on_file_created():216] file/dir created: /grid/koo/home/toneyan/profile/QuantPred/wandb/run-20210919_094652-896h4tq4/files/requirements.txt
2021-09-19 09:46:55,197 ERROR   Thread-11 :1752349 [internal_api.py:execute():130] 429 response executing GraphQL.
2021-09-19 09:46:55,197 ERROR   Thread-11 :1752349 [internal_api.py:execute():131] {"error":"rate limit exceeded"}

2021-09-19 09:46:55,197 ERROR   Thread-11 :1752349 [retry.py:__call__():126] Retry attempt failed:
Traceback (most recent call last):
  File "/usr/local/lib/python3.6/dist-packages/wandb/sdk/lib/retry.py", line 102, in __call__
    result = self._call_fn(*args, **kwargs)
  File "/usr/local/lib/python3.6/dist-packages/wandb/sdk/internal/internal_api.py", line 133, in execute
    six.reraise(*sys.exc_info())
  File "/usr/local/lib/python3.6/dist-packages/six.py", line 719, in reraise
    raise value
  File "/usr/local/lib/python3.6/dist-packages/wandb/sdk/internal/internal_api.py", line 127, in execute
    return self.client.execute(*args, **kwargs)
  File "/usr/local/lib/python3.6/dist-packages/wandb/vendor/gql-0.2.0/gql/client.py", line 52, in execute
    result = self._get_result(document, *args, **kwargs)
  File "/usr/local/lib/python3.6/dist-packages/wandb/vendor/gql-0.2.0/gql/client.py", line 60, in _get_result
    return self.transport.execute(document, *args, **kwargs)
  File "/usr/local/lib/python3.6/dist-packages/wandb/vendor/gql-0.2.0/gql/transport/requests.py", line 39, in execute
    request.raise_for_status()
  File "/usr/local/lib/python3.6/dist-packages/requests/models.py", line 943, in raise_for_status
    raise HTTPError(http_error_msg, response=self)
requests.exceptions.HTTPError: 429 Client Error: Too Many Requests for url: https://api.wandb.ai/graphql
2021-09-19 09:46:55,223 ERROR   SenderThread:1752349 [internal_api.py:execute():130] 429 response executing GraphQL.
2021-09-19 09:46:55,223 ERROR   SenderThread:1752349 [internal_api.py:execute():131] {"error":"rate limit exceeded"}

2021-09-19 09:46:55,223 ERROR   SenderThread:1752349 [retry.py:__call__():126] Retry attempt failed:
Traceback (most recent call last):
  File "/usr/local/lib/python3.6/dist-packages/wandb/sdk/lib/retry.py", line 102, in __call__
    result = self._call_fn(*args, **kwargs)
  File "/usr/local/lib/python3.6/dist-packages/wandb/sdk/internal/internal_api.py", line 133, in execute
    six.reraise(*sys.exc_info())
  File "/usr/local/lib/python3.6/dist-packages/six.py", line 719, in reraise
    raise value
  File "/usr/local/lib/python3.6/dist-packages/wandb/sdk/internal/internal_api.py", line 127, in execute
    return self.client.execute(*args, **kwargs)
  File "/usr/local/lib/python3.6/dist-packages/wandb/vendor/gql-0.2.0/gql/client.py", line 52, in execute
    result = self._get_result(document, *args, **kwargs)
  File "/usr/local/lib/python3.6/dist-packages/wandb/vendor/gql-0.2.0/gql/client.py", line 60, in _get_result
    return self.transport.execute(document, *args, **kwargs)
  File "/usr/local/lib/python3.6/dist-packages/wandb/vendor/gql-0.2.0/gql/transport/requests.py", line 39, in execute
    request.raise_for_status()
  File "/usr/local/lib/python3.6/dist-packages/requests/models.py", line 943, in raise_for_status
    raise HTTPError(http_error_msg, response=self)
requests.exceptions.HTTPError: 429 Client Error: Too Many Requests for url: https://api.wandb.ai/graphql
2021-09-19 09:46:57,345 ERROR   SenderThread:1752349 [internal_api.py:execute():130] 429 response executing GraphQL.
2021-09-19 09:46:57,345 ERROR   SenderThread:1752349 [internal_api.py:execute():131] {"error":"rate limit exceeded"}

2021-09-19 09:46:57,366 ERROR   Thread-11 :1752349 [internal_api.py:execute():130] 429 response executing GraphQL.
2021-09-19 09:46:57,366 ERROR   Thread-11 :1752349 [internal_api.py:execute():131] {"error":"rate limit exceeded"}

2021-09-19 09:47:01,742 INFO    Thread-11 :1752349 [upload_job.py:push():137] Uploaded file /tmp/3288845.1.gpu_ded.q/tmphtnkl8kcwandb/36cyvto9-wandb-metadata.json
2021-09-19 09:47:17,213 DEBUG   HandlerThread:1752349 [handler.py:handle_request():124] handle_request: stop_status
2021-09-19 09:47:17,213 DEBUG   SenderThread:1752349 [sender.py:send_request():193] send_request: stop_status
2021-09-19 09:47:22,315 DEBUG   SenderThread:1752349 [sender.py:send():179] send: stats
2021-09-19 09:47:28,204 DEBUG   HandlerThread:1752349 [handler.py:handle_request():124] handle_request: poll_exit
2021-09-19 09:47:28,204 DEBUG   SenderThread:1752349 [sender.py:send():179] send: telemetry
2021-09-19 09:47:28,204 DEBUG   SenderThread:1752349 [sender.py:send():179] send: exit
2021-09-19 09:47:28,204 INFO    SenderThread:1752349 [sender.py:send_exit():287] handling exit code: 1
2021-09-19 09:47:28,204 INFO    SenderThread:1752349 [sender.py:send_exit():295] send defer
2021-09-19 09:47:28,204 DEBUG   SenderThread:1752349 [sender.py:send_request():193] send_request: poll_exit
2021-09-19 09:47:28,205 DEBUG   HandlerThread:1752349 [handler.py:handle_request():124] handle_request: defer
2021-09-19 09:47:28,205 INFO    HandlerThread:1752349 [handler.py:handle_request_defer():141] handle defer: 0
2021-09-19 09:47:28,205 DEBUG   SenderThread:1752349 [sender.py:send_request():193] send_request: defer
2021-09-19 09:47:28,205 INFO    SenderThread:1752349 [sender.py:send_request_defer():304] handle sender defer: 0
2021-09-19 09:47:28,205 INFO    SenderThread:1752349 [sender.py:transition_state():308] send defer: 1
2021-09-19 09:47:28,205 DEBUG   HandlerThread:1752349 [handler.py:handle_request():124] handle_request: defer
2021-09-19 09:47:28,205 INFO    HandlerThread:1752349 [handler.py:handle_request_defer():141] handle defer: 1
2021-09-19 09:47:28,290 DEBUG   SenderThread:1752349 [sender.py:send_request():193] send_request: defer
2021-09-19 09:47:28,290 INFO    SenderThread:1752349 [sender.py:send_request_defer():304] handle sender defer: 1
2021-09-19 09:47:28,290 INFO    SenderThread:1752349 [sender.py:transition_state():308] send defer: 2
2021-09-19 09:47:28,290 DEBUG   SenderThread:1752349 [sender.py:send():179] send: stats
2021-09-19 09:47:28,291 DEBUG   HandlerThread:1752349 [handler.py:handle_request():124] handle_request: defer
2021-09-19 09:47:28,292 INFO    HandlerThread:1752349 [handler.py:handle_request_defer():141] handle defer: 2
2021-09-19 09:47:28,293 DEBUG   SenderThread:1752349 [sender.py:send_request():193] send_request: defer
2021-09-19 09:47:28,293 INFO    SenderThread:1752349 [sender.py:send_request_defer():304] handle sender defer: 2
2021-09-19 09:47:28,293 INFO    SenderThread:1752349 [sender.py:transition_state():308] send defer: 3
2021-09-19 09:47:28,293 DEBUG   HandlerThread:1752349 [handler.py:handle_request():124] handle_request: defer
2021-09-19 09:47:28,293 INFO    HandlerThread:1752349 [handler.py:handle_request_defer():141] handle defer: 3
2021-09-19 09:47:28,293 DEBUG   SenderThread:1752349 [sender.py:send():179] send: summary
2021-09-19 09:47:28,294 INFO    SenderThread:1752349 [sender.py:_save_file():841] saving file wandb-summary.json with policy end
2021-09-19 09:47:28,294 DEBUG   SenderThread:1752349 [sender.py:send_request():193] send_request: defer
2021-09-19 09:47:28,294 INFO    SenderThread:1752349 [sender.py:send_request_defer():304] handle sender defer: 3
2021-09-19 09:47:28,294 INFO    SenderThread:1752349 [sender.py:transition_state():308] send defer: 4
2021-09-19 09:47:28,294 DEBUG   HandlerThread:1752349 [handler.py:handle_request():124] handle_request: defer
2021-09-19 09:47:28,294 INFO    HandlerThread:1752349 [handler.py:handle_request_defer():141] handle defer: 4
2021-09-19 09:47:28,294 DEBUG   SenderThread:1752349 [sender.py:send_request():193] send_request: defer
2021-09-19 09:47:28,294 INFO    SenderThread:1752349 [sender.py:send_request_defer():304] handle sender defer: 4
2021-09-19 09:47:28,306 DEBUG   HandlerThread:1752349 [handler.py:handle_request():124] handle_request: poll_exit
2021-09-19 09:47:28,351 ERROR   SenderThread:1752349 [internal_api.py:execute():130] 429 response executing GraphQL.
2021-09-19 09:47:28,351 ERROR   SenderThread:1752349 [internal_api.py:execute():131] {"error":"rate limit exceeded"}

2021-09-19 09:47:28,785 INFO    Thread-8  :1752349 [dir_watcher.py:_on_file_modified():229] file/dir modified: /grid/koo/home/toneyan/profile/QuantPred/wandb/run-20210919_094652-896h4tq4/files/wandb-summary.json
2021-09-19 09:47:29,471 ERROR   SenderThread:1752349 [internal_api.py:execute():130] 429 response executing GraphQL.
2021-09-19 09:47:29,472 ERROR   SenderThread:1752349 [internal_api.py:execute():131] {"error":"rate limit exceeded"}

2021-09-19 09:47:31,935 INFO    SenderThread:1752349 [sender.py:transition_state():308] send defer: 5
2021-09-19 09:47:31,936 DEBUG   SenderThread:1752349 [sender.py:send_request():193] send_request: poll_exit
2021-09-19 09:47:31,936 DEBUG   HandlerThread:1752349 [handler.py:handle_request():124] handle_request: defer
2021-09-19 09:47:31,936 INFO    HandlerThread:1752349 [handler.py:handle_request_defer():141] handle defer: 5
2021-09-19 09:47:31,936 DEBUG   SenderThread:1752349 [sender.py:send_request():193] send_request: defer
2021-09-19 09:47:31,936 INFO    SenderThread:1752349 [sender.py:send_request_defer():304] handle sender defer: 5
2021-09-19 09:47:31,936 INFO    SenderThread:1752349 [dir_watcher.py:finish():282] shutting down directory watcher
2021-09-19 09:47:32,039 DEBUG   HandlerThread:1752349 [handler.py:handle_request():124] handle_request: poll_exit
2021-09-19 09:47:32,787 INFO    SenderThread:1752349 [dir_watcher.py:_on_file_modified():229] file/dir modified: /grid/koo/home/toneyan/profile/QuantPred/wandb/run-20210919_094652-896h4tq4/files/config.yaml
2021-09-19 09:47:32,787 INFO    SenderThread:1752349 [dir_watcher.py:finish():312] scan: /grid/koo/home/toneyan/profile/QuantPred/wandb/run-20210919_094652-896h4tq4/files
2021-09-19 09:47:32,787 INFO    SenderThread:1752349 [dir_watcher.py:finish():318] scan save: /grid/koo/home/toneyan/profile/QuantPred/wandb/run-20210919_094652-896h4tq4/files/wandb-metadata.json wandb-metadata.json
2021-09-19 09:47:32,787 INFO    SenderThread:1752349 [dir_watcher.py:finish():318] scan save: /grid/koo/home/toneyan/profile/QuantPred/wandb/run-20210919_094652-896h4tq4/files/config.yaml config.yaml
2021-09-19 09:47:32,787 INFO    SenderThread:1752349 [dir_watcher.py:finish():318] scan save: /grid/koo/home/toneyan/profile/QuantPred/wandb/run-20210919_094652-896h4tq4/files/requirements.txt requirements.txt
2021-09-19 09:47:32,791 INFO    SenderThread:1752349 [dir_watcher.py:finish():318] scan save: /grid/koo/home/toneyan/profile/QuantPred/wandb/run-20210919_094652-896h4tq4/files/wandb-summary.json wandb-summary.json
2021-09-19 09:47:32,794 INFO    SenderThread:1752349 [dir_watcher.py:finish():318] scan save: /grid/koo/home/toneyan/profile/QuantPred/wandb/run-20210919_094652-896h4tq4/files/output.log output.log
2021-09-19 09:47:32,794 INFO    SenderThread:1752349 [sender.py:transition_state():308] send defer: 6
2021-09-19 09:47:32,798 DEBUG   SenderThread:1752349 [sender.py:send_request():193] send_request: poll_exit
2021-09-19 09:47:32,800 DEBUG   HandlerThread:1752349 [handler.py:handle_request():124] handle_request: defer
2021-09-19 09:47:32,800 INFO    HandlerThread:1752349 [handler.py:handle_request_defer():141] handle defer: 6
2021-09-19 09:47:32,800 DEBUG   SenderThread:1752349 [sender.py:send_request():193] send_request: defer
2021-09-19 09:47:32,800 INFO    SenderThread:1752349 [sender.py:send_request_defer():304] handle sender defer: 6
2021-09-19 09:47:32,800 INFO    SenderThread:1752349 [file_pusher.py:finish():177] shutting down file pusher
2021-09-19 09:47:32,901 DEBUG   HandlerThread:1752349 [handler.py:handle_request():124] handle_request: poll_exit
2021-09-19 09:47:32,901 DEBUG   SenderThread:1752349 [sender.py:send_request():193] send_request: poll_exit
2021-09-19 09:47:33,003 DEBUG   HandlerThread:1752349 [handler.py:handle_request():124] handle_request: poll_exit
2021-09-19 09:47:33,003 DEBUG   SenderThread:1752349 [sender.py:send_request():193] send_request: poll_exit
2021-09-19 09:47:33,087 INFO    Thread-14 :1752349 [upload_job.py:push():137] Uploaded file /grid/koo/home/toneyan/profile/QuantPred/wandb/run-20210919_094652-896h4tq4/files/wandb-summary.json
2021-09-19 09:47:33,104 DEBUG   HandlerThread:1752349 [handler.py:handle_request():124] handle_request: poll_exit
2021-09-19 09:47:33,104 DEBUG   SenderThread:1752349 [sender.py:send_request():193] send_request: poll_exit
2021-09-19 09:47:33,117 INFO    Thread-13 :1752349 [upload_job.py:push():137] Uploaded file /grid/koo/home/toneyan/profile/QuantPred/wandb/run-20210919_094652-896h4tq4/files/requirements.txt
2021-09-19 09:47:33,133 INFO    Thread-12 :1752349 [upload_job.py:push():137] Uploaded file /grid/koo/home/toneyan/profile/QuantPred/wandb/run-20210919_094652-896h4tq4/files/config.yaml
2021-09-19 09:47:33,206 DEBUG   HandlerThread:1752349 [handler.py:handle_request():124] handle_request: poll_exit
2021-09-19 09:47:33,206 DEBUG   SenderThread:1752349 [sender.py:send_request():193] send_request: poll_exit
2021-09-19 09:47:33,308 DEBUG   HandlerThread:1752349 [handler.py:handle_request():124] handle_request: poll_exit
2021-09-19 09:47:33,308 DEBUG   SenderThread:1752349 [sender.py:send_request():193] send_request: poll_exit
2021-09-19 09:47:33,334 INFO    Thread-7  :1752349 [sender.py:transition_state():308] send defer: 7
2021-09-19 09:47:33,334 DEBUG   HandlerThread:1752349 [handler.py:handle_request():124] handle_request: defer
2021-09-19 09:47:33,335 INFO    HandlerThread:1752349 [handler.py:handle_request_defer():141] handle defer: 7
2021-09-19 09:47:33,335 DEBUG   SenderThread:1752349 [sender.py:send_request():193] send_request: defer
2021-09-19 09:47:33,335 INFO    SenderThread:1752349 [sender.py:send_request_defer():304] handle sender defer: 7
2021-09-19 09:47:33,390 INFO    SenderThread:1752349 [sender.py:transition_state():308] send defer: 8
2021-09-19 09:47:33,390 DEBUG   HandlerThread:1752349 [handler.py:handle_request():124] handle_request: defer
2021-09-19 09:47:33,390 INFO    HandlerThread:1752349 [handler.py:handle_request_defer():141] handle defer: 8
2021-09-19 09:47:33,390 DEBUG   SenderThread:1752349 [sender.py:send_request():193] send_request: defer
2021-09-19 09:47:33,390 INFO    SenderThread:1752349 [sender.py:send_request_defer():304] handle sender defer: 8
2021-09-19 09:47:33,391 INFO    SenderThread:1752349 [sender.py:transition_state():308] send defer: 9
2021-09-19 09:47:33,391 DEBUG   HandlerThread:1752349 [handler.py:handle_request():124] handle_request: defer
2021-09-19 09:47:33,391 DEBUG   SenderThread:1752349 [sender.py:send():179] send: final
2021-09-19 09:47:33,391 INFO    HandlerThread:1752349 [handler.py:handle_request_defer():141] handle defer: 9
2021-09-19 09:47:33,391 DEBUG   SenderThread:1752349 [sender.py:send():179] send: footer
2021-09-19 09:47:33,391 DEBUG   SenderThread:1752349 [sender.py:send_request():193] send_request: defer
2021-09-19 09:47:33,391 INFO    SenderThread:1752349 [sender.py:send_request_defer():304] handle sender defer: 9
2021-09-19 09:47:33,409 DEBUG   HandlerThread:1752349 [handler.py:handle_request():124] handle_request: poll_exit
2021-09-19 09:47:33,410 DEBUG   SenderThread:1752349 [sender.py:send_request():193] send_request: poll_exit
2021-09-19 09:47:33,410 INFO    SenderThread:1752349 [file_pusher.py:join():182] waiting for file pusher
2021-09-19 09:47:33,411 DEBUG   HandlerThread:1752349 [handler.py:handle_request():124] handle_request: get_summary
2021-09-19 09:47:33,411 DEBUG   HandlerThread:1752349 [handler.py:handle_request():124] handle_request: sampled_history
2021-09-19 09:47:33,412 DEBUG   HandlerThread:1752349 [handler.py:handle_request():124] handle_request: shutdown
2021-09-19 09:47:33,412 INFO    HandlerThread:1752349 [handler.py:finish():638] shutting down handler
2021-09-19 09:47:34,391 INFO    WriterThread:1752349 [datastore.py:close():288] close: /grid/koo/home/toneyan/profile/QuantPred/wandb/run-20210919_094652-896h4tq4/run-896h4tq4.wandb
2021-09-19 09:47:34,410 INFO    SenderThread:1752349 [sender.py:finish():945] shutting down sender
2021-09-19 09:47:34,410 INFO    SenderThread:1752349 [file_pusher.py:finish():177] shutting down file pusher
2021-09-19 09:47:34,410 INFO    SenderThread:1752349 [file_pusher.py:join():182] waiting for file pusher
2021-09-19 09:47:34,412 INFO    MainThread:1752349 [internal.py:handle_exit():78] Internal process exited
