2021-09-14 08:10:36,974 INFO    MainThread:1227308 [internal.py:wandb_internal():91] W&B internal server running at pid: 1227308, started at: 2021-09-14 08:10:36.973907
2021-09-14 08:10:36,976 DEBUG   HandlerThread:1227308 [handler.py:handle_request():124] handle_request: check_version
2021-09-14 08:10:36,976 INFO    WriterThread:1227308 [datastore.py:open_for_write():80] open: /grid/koo/home/toneyan/profile/QuantPred/wandb/run-20210914_081036-4f8bfjcj/run-4f8bfjcj.wandb
2021-09-14 08:10:36,980 DEBUG   SenderThread:1227308 [sender.py:send():179] send: header
2021-09-14 08:10:36,980 DEBUG   SenderThread:1227308 [sender.py:send_request():193] send_request: check_version
2021-09-14 08:10:37,012 DEBUG   SenderThread:1227308 [sender.py:send():179] send: run
2021-09-14 08:10:37,102 INFO    SenderThread:1227308 [dir_watcher.py:__init__():168] watching files in: /grid/koo/home/toneyan/profile/QuantPred/wandb/run-20210914_081036-4f8bfjcj/files
2021-09-14 08:10:37,102 INFO    SenderThread:1227308 [sender.py:_start_run_threads():719] run started: 4f8bfjcj with start time 1631621436
2021-09-14 08:10:37,102 DEBUG   SenderThread:1227308 [sender.py:send():179] send: summary
2021-09-14 08:10:37,103 DEBUG   HandlerThread:1227308 [handler.py:handle_request():124] handle_request: run_start
2021-09-14 08:10:37,105 INFO    SenderThread:1227308 [sender.py:_save_file():841] saving file wandb-summary.json with policy end
2021-09-14 08:10:38,104 INFO    Thread-8  :1227308 [dir_watcher.py:_on_file_created():216] file/dir created: /grid/koo/home/toneyan/profile/QuantPred/wandb/run-20210914_081036-4f8bfjcj/files/wandb-summary.json
2021-09-14 08:10:38,171 DEBUG   HandlerThread:1227308 [meta.py:__init__():39] meta init
2021-09-14 08:10:38,172 DEBUG   HandlerThread:1227308 [meta.py:__init__():53] meta init done
2021-09-14 08:10:38,172 DEBUG   HandlerThread:1227308 [meta.py:probe():210] probe
2021-09-14 08:10:38,177 DEBUG   HandlerThread:1227308 [meta.py:_save_pip():57] save pip
2021-09-14 08:10:38,180 DEBUG   HandlerThread:1227308 [meta.py:_save_pip():71] save pip done
2021-09-14 08:10:38,180 DEBUG   HandlerThread:1227308 [meta.py:probe():252] probe done
2021-09-14 08:10:38,182 DEBUG   SenderThread:1227308 [sender.py:send():179] send: files
2021-09-14 08:10:38,183 INFO    SenderThread:1227308 [sender.py:_save_file():841] saving file wandb-metadata.json with policy now
2021-09-14 08:10:38,192 DEBUG   HandlerThread:1227308 [handler.py:handle_request():124] handle_request: stop_status
2021-09-14 08:10:38,192 DEBUG   SenderThread:1227308 [sender.py:send_request():193] send_request: stop_status
2021-09-14 08:10:38,537 INFO    Thread-11 :1227308 [upload_job.py:push():137] Uploaded file /tmp/3287100.1.gpu.q/tmp3k95hz2twandb/18y6edqn-wandb-metadata.json
2021-09-14 08:10:39,103 INFO    Thread-8  :1227308 [dir_watcher.py:_on_file_created():216] file/dir created: /grid/koo/home/toneyan/profile/QuantPred/wandb/run-20210914_081036-4f8bfjcj/files/requirements.txt
2021-09-14 08:10:39,104 INFO    Thread-8  :1227308 [dir_watcher.py:_on_file_created():216] file/dir created: /grid/koo/home/toneyan/profile/QuantPred/wandb/run-20210914_081036-4f8bfjcj/files/output.log
2021-09-14 08:10:39,104 INFO    Thread-8  :1227308 [dir_watcher.py:_on_file_created():216] file/dir created: /grid/koo/home/toneyan/profile/QuantPred/wandb/run-20210914_081036-4f8bfjcj/files/wandb-metadata.json
2021-09-14 08:10:53,253 DEBUG   HandlerThread:1227308 [handler.py:handle_request():124] handle_request: stop_status
2021-09-14 08:10:53,253 DEBUG   SenderThread:1227308 [sender.py:send_request():193] send_request: stop_status
2021-09-14 08:10:53,313 ERROR   SenderThread:1227308 [internal_api.py:execute():130] 429 response executing GraphQL.
2021-09-14 08:10:53,313 ERROR   SenderThread:1227308 [internal_api.py:execute():131] {"error":"rate limit exceeded"}

2021-09-14 08:10:54,579 ERROR   SenderThread:1227308 [internal_api.py:execute():130] 429 response executing GraphQL.
2021-09-14 08:10:54,579 ERROR   SenderThread:1227308 [internal_api.py:execute():131] {"error":"rate limit exceeded"}

2021-09-14 08:10:56,990 ERROR   SenderThread:1227308 [internal_api.py:execute():130] 429 response executing GraphQL.
2021-09-14 08:10:56,990 ERROR   SenderThread:1227308 [internal_api.py:execute():131] {"error":"rate limit exceeded"}

2021-09-14 08:10:56,990 ERROR   SenderThread:1227308 [retry.py:__call__():126] Retry attempt failed:
Traceback (most recent call last):
  File "/usr/local/lib/python3.6/dist-packages/wandb/sdk/lib/retry.py", line 102, in __call__
    result = self._call_fn(*args, **kwargs)
  File "/usr/local/lib/python3.6/dist-packages/wandb/sdk/internal/internal_api.py", line 133, in execute
    six.reraise(*sys.exc_info())
  File "/usr/local/lib/python3.6/dist-packages/six.py", line 719, in reraise
    raise value
  File "/usr/local/lib/python3.6/dist-packages/wandb/sdk/internal/internal_api.py", line 127, in execute
    return self.client.execute(*args, **kwargs)
  File "/usr/local/lib/python3.6/dist-packages/wandb/vendor/gql-0.2.0/gql/client.py", line 52, in execute
    result = self._get_result(document, *args, **kwargs)
  File "/usr/local/lib/python3.6/dist-packages/wandb/vendor/gql-0.2.0/gql/client.py", line 60, in _get_result
    return self.transport.execute(document, *args, **kwargs)
  File "/usr/local/lib/python3.6/dist-packages/wandb/vendor/gql-0.2.0/gql/transport/requests.py", line 39, in execute
    request.raise_for_status()
  File "/usr/local/lib/python3.6/dist-packages/requests/models.py", line 943, in raise_for_status
    raise HTTPError(http_error_msg, response=self)
requests.exceptions.HTTPError: 429 Client Error: Too Many Requests for url: https://api.wandb.ai/graphql
2021-09-14 08:11:06,548 DEBUG   SenderThread:1227308 [sender.py:send():179] send: stats
2021-09-14 08:11:12,371 DEBUG   HandlerThread:1227308 [handler.py:handle_request():124] handle_request: poll_exit
2021-09-14 08:11:12,372 DEBUG   SenderThread:1227308 [sender.py:send():179] send: telemetry
2021-09-14 08:11:12,372 DEBUG   SenderThread:1227308 [sender.py:send():179] send: exit
2021-09-14 08:11:12,372 INFO    SenderThread:1227308 [sender.py:send_exit():287] handling exit code: 1
2021-09-14 08:11:12,372 INFO    SenderThread:1227308 [sender.py:send_exit():295] send defer
2021-09-14 08:11:12,372 DEBUG   SenderThread:1227308 [sender.py:send_request():193] send_request: poll_exit
2021-09-14 08:11:12,372 DEBUG   HandlerThread:1227308 [handler.py:handle_request():124] handle_request: defer
2021-09-14 08:11:12,372 INFO    HandlerThread:1227308 [handler.py:handle_request_defer():141] handle defer: 0
2021-09-14 08:11:12,373 DEBUG   SenderThread:1227308 [sender.py:send_request():193] send_request: defer
2021-09-14 08:11:12,373 INFO    SenderThread:1227308 [sender.py:send_request_defer():304] handle sender defer: 0
2021-09-14 08:11:12,373 INFO    SenderThread:1227308 [sender.py:transition_state():308] send defer: 1
2021-09-14 08:11:12,373 DEBUG   HandlerThread:1227308 [handler.py:handle_request():124] handle_request: defer
2021-09-14 08:11:12,373 INFO    HandlerThread:1227308 [handler.py:handle_request_defer():141] handle defer: 1
2021-09-14 08:11:12,414 DEBUG   SenderThread:1227308 [sender.py:send_request():193] send_request: defer
2021-09-14 08:11:12,414 INFO    SenderThread:1227308 [sender.py:send_request_defer():304] handle sender defer: 1
2021-09-14 08:11:12,415 INFO    SenderThread:1227308 [sender.py:transition_state():308] send defer: 2
2021-09-14 08:11:12,415 DEBUG   SenderThread:1227308 [sender.py:send():179] send: stats
2021-09-14 08:11:12,415 DEBUG   HandlerThread:1227308 [handler.py:handle_request():124] handle_request: defer
2021-09-14 08:11:12,416 INFO    HandlerThread:1227308 [handler.py:handle_request_defer():141] handle defer: 2
2021-09-14 08:11:12,417 DEBUG   SenderThread:1227308 [sender.py:send_request():193] send_request: defer
2021-09-14 08:11:12,417 INFO    SenderThread:1227308 [sender.py:send_request_defer():304] handle sender defer: 2
2021-09-14 08:11:12,417 INFO    SenderThread:1227308 [sender.py:transition_state():308] send defer: 3
2021-09-14 08:11:12,417 DEBUG   HandlerThread:1227308 [handler.py:handle_request():124] handle_request: defer
2021-09-14 08:11:12,417 INFO    HandlerThread:1227308 [handler.py:handle_request_defer():141] handle defer: 3
2021-09-14 08:11:12,417 DEBUG   SenderThread:1227308 [sender.py:send():179] send: summary
2021-09-14 08:11:12,418 INFO    SenderThread:1227308 [sender.py:_save_file():841] saving file wandb-summary.json with policy end
2021-09-14 08:11:12,418 DEBUG   SenderThread:1227308 [sender.py:send_request():193] send_request: defer
2021-09-14 08:11:12,418 INFO    SenderThread:1227308 [sender.py:send_request_defer():304] handle sender defer: 3
2021-09-14 08:11:12,418 INFO    SenderThread:1227308 [sender.py:transition_state():308] send defer: 4
2021-09-14 08:11:12,418 DEBUG   HandlerThread:1227308 [handler.py:handle_request():124] handle_request: defer
2021-09-14 08:11:12,418 INFO    HandlerThread:1227308 [handler.py:handle_request_defer():141] handle defer: 4
2021-09-14 08:11:12,418 DEBUG   SenderThread:1227308 [sender.py:send_request():193] send_request: defer
2021-09-14 08:11:12,418 INFO    SenderThread:1227308 [sender.py:send_request_defer():304] handle sender defer: 4
2021-09-14 08:11:12,474 ERROR   SenderThread:1227308 [internal_api.py:execute():130] 429 response executing GraphQL.
2021-09-14 08:11:12,474 ERROR   SenderThread:1227308 [internal_api.py:execute():131] {"error":"rate limit exceeded"}

2021-09-14 08:11:12,474 DEBUG   HandlerThread:1227308 [handler.py:handle_request():124] handle_request: poll_exit
2021-09-14 08:11:13,114 INFO    Thread-8  :1227308 [dir_watcher.py:_on_file_modified():229] file/dir modified: /grid/koo/home/toneyan/profile/QuantPred/wandb/run-20210914_081036-4f8bfjcj/files/wandb-summary.json
2021-09-14 08:11:13,773 ERROR   SenderThread:1227308 [internal_api.py:execute():130] 429 response executing GraphQL.
2021-09-14 08:11:13,774 ERROR   SenderThread:1227308 [internal_api.py:execute():131] {"error":"rate limit exceeded"}

2021-09-14 08:11:15,934 INFO    SenderThread:1227308 [sender.py:transition_state():308] send defer: 5
2021-09-14 08:11:15,934 DEBUG   SenderThread:1227308 [sender.py:send_request():193] send_request: poll_exit
2021-09-14 08:11:15,934 DEBUG   HandlerThread:1227308 [handler.py:handle_request():124] handle_request: defer
2021-09-14 08:11:15,934 INFO    HandlerThread:1227308 [handler.py:handle_request_defer():141] handle defer: 5
2021-09-14 08:11:15,935 DEBUG   SenderThread:1227308 [sender.py:send_request():193] send_request: defer
2021-09-14 08:11:15,935 INFO    SenderThread:1227308 [sender.py:send_request_defer():304] handle sender defer: 5
2021-09-14 08:11:15,935 INFO    SenderThread:1227308 [dir_watcher.py:finish():282] shutting down directory watcher
2021-09-14 08:11:16,040 DEBUG   HandlerThread:1227308 [handler.py:handle_request():124] handle_request: poll_exit
2021-09-14 08:11:16,115 INFO    SenderThread:1227308 [dir_watcher.py:_on_file_modified():229] file/dir modified: /grid/koo/home/toneyan/profile/QuantPred/wandb/run-20210914_081036-4f8bfjcj/files/config.yaml
2021-09-14 08:11:16,116 INFO    SenderThread:1227308 [dir_watcher.py:finish():312] scan: /grid/koo/home/toneyan/profile/QuantPred/wandb/run-20210914_081036-4f8bfjcj/files
2021-09-14 08:11:16,116 INFO    SenderThread:1227308 [dir_watcher.py:finish():318] scan save: /grid/koo/home/toneyan/profile/QuantPred/wandb/run-20210914_081036-4f8bfjcj/files/wandb-metadata.json wandb-metadata.json
2021-09-14 08:11:16,116 INFO    SenderThread:1227308 [dir_watcher.py:finish():318] scan save: /grid/koo/home/toneyan/profile/QuantPred/wandb/run-20210914_081036-4f8bfjcj/files/config.yaml config.yaml
2021-09-14 08:11:16,116 INFO    SenderThread:1227308 [dir_watcher.py:finish():318] scan save: /grid/koo/home/toneyan/profile/QuantPred/wandb/run-20210914_081036-4f8bfjcj/files/requirements.txt requirements.txt
2021-09-14 08:11:16,116 INFO    SenderThread:1227308 [dir_watcher.py:finish():318] scan save: /grid/koo/home/toneyan/profile/QuantPred/wandb/run-20210914_081036-4f8bfjcj/files/wandb-summary.json wandb-summary.json
2021-09-14 08:11:16,117 INFO    SenderThread:1227308 [dir_watcher.py:finish():318] scan save: /grid/koo/home/toneyan/profile/QuantPred/wandb/run-20210914_081036-4f8bfjcj/files/output.log output.log
2021-09-14 08:11:16,122 INFO    SenderThread:1227308 [sender.py:transition_state():308] send defer: 6
2021-09-14 08:11:16,122 DEBUG   SenderThread:1227308 [sender.py:send_request():193] send_request: poll_exit
2021-09-14 08:11:16,123 DEBUG   HandlerThread:1227308 [handler.py:handle_request():124] handle_request: defer
2021-09-14 08:11:16,127 INFO    HandlerThread:1227308 [handler.py:handle_request_defer():141] handle defer: 6
2021-09-14 08:11:16,127 DEBUG   SenderThread:1227308 [sender.py:send_request():193] send_request: defer
2021-09-14 08:11:16,127 INFO    SenderThread:1227308 [sender.py:send_request_defer():304] handle sender defer: 6
2021-09-14 08:11:16,127 INFO    SenderThread:1227308 [file_pusher.py:finish():177] shutting down file pusher
2021-09-14 08:11:16,228 DEBUG   HandlerThread:1227308 [handler.py:handle_request():124] handle_request: poll_exit
2021-09-14 08:11:16,228 DEBUG   SenderThread:1227308 [sender.py:send_request():193] send_request: poll_exit
2021-09-14 08:11:16,334 DEBUG   HandlerThread:1227308 [handler.py:handle_request():124] handle_request: poll_exit
2021-09-14 08:11:16,334 DEBUG   SenderThread:1227308 [sender.py:send_request():193] send_request: poll_exit
2021-09-14 08:11:16,440 DEBUG   HandlerThread:1227308 [handler.py:handle_request():124] handle_request: poll_exit
2021-09-14 08:11:16,440 DEBUG   SenderThread:1227308 [sender.py:send_request():193] send_request: poll_exit
2021-09-14 08:11:16,475 INFO    Thread-13 :1227308 [upload_job.py:push():137] Uploaded file /grid/koo/home/toneyan/profile/QuantPred/wandb/run-20210914_081036-4f8bfjcj/files/requirements.txt
2021-09-14 08:11:16,489 INFO    Thread-14 :1227308 [upload_job.py:push():137] Uploaded file /grid/koo/home/toneyan/profile/QuantPred/wandb/run-20210914_081036-4f8bfjcj/files/wandb-summary.json
2021-09-14 08:11:16,546 DEBUG   HandlerThread:1227308 [handler.py:handle_request():124] handle_request: poll_exit
2021-09-14 08:11:16,546 DEBUG   SenderThread:1227308 [sender.py:send_request():193] send_request: poll_exit
2021-09-14 08:11:16,549 INFO    Thread-12 :1227308 [upload_job.py:push():137] Uploaded file /grid/koo/home/toneyan/profile/QuantPred/wandb/run-20210914_081036-4f8bfjcj/files/config.yaml
2021-09-14 08:11:16,653 DEBUG   HandlerThread:1227308 [handler.py:handle_request():124] handle_request: poll_exit
2021-09-14 08:11:16,653 DEBUG   SenderThread:1227308 [sender.py:send_request():193] send_request: poll_exit
2021-09-14 08:11:16,749 INFO    Thread-7  :1227308 [sender.py:transition_state():308] send defer: 7
2021-09-14 08:11:16,750 DEBUG   HandlerThread:1227308 [handler.py:handle_request():124] handle_request: defer
2021-09-14 08:11:16,750 INFO    HandlerThread:1227308 [handler.py:handle_request_defer():141] handle defer: 7
2021-09-14 08:11:16,750 DEBUG   SenderThread:1227308 [sender.py:send_request():193] send_request: defer
2021-09-14 08:11:16,750 INFO    SenderThread:1227308 [sender.py:send_request_defer():304] handle sender defer: 7
2021-09-14 08:11:16,758 DEBUG   HandlerThread:1227308 [handler.py:handle_request():124] handle_request: poll_exit
2021-09-14 08:11:16,804 INFO    SenderThread:1227308 [sender.py:transition_state():308] send defer: 8
2021-09-14 08:11:16,804 DEBUG   SenderThread:1227308 [sender.py:send_request():193] send_request: poll_exit
2021-09-14 08:11:16,804 DEBUG   HandlerThread:1227308 [handler.py:handle_request():124] handle_request: defer
2021-09-14 08:11:16,804 INFO    HandlerThread:1227308 [handler.py:handle_request_defer():141] handle defer: 8
2021-09-14 08:11:16,805 DEBUG   SenderThread:1227308 [sender.py:send_request():193] send_request: defer
2021-09-14 08:11:16,805 INFO    SenderThread:1227308 [sender.py:send_request_defer():304] handle sender defer: 8
2021-09-14 08:11:16,805 INFO    SenderThread:1227308 [sender.py:transition_state():308] send defer: 9
2021-09-14 08:11:16,805 DEBUG   SenderThread:1227308 [sender.py:send():179] send: final
2021-09-14 08:11:16,805 DEBUG   HandlerThread:1227308 [handler.py:handle_request():124] handle_request: defer
2021-09-14 08:11:16,805 DEBUG   SenderThread:1227308 [sender.py:send():179] send: footer
2021-09-14 08:11:16,805 INFO    HandlerThread:1227308 [handler.py:handle_request_defer():141] handle defer: 9
2021-09-14 08:11:16,805 DEBUG   SenderThread:1227308 [sender.py:send_request():193] send_request: defer
2021-09-14 08:11:16,805 INFO    SenderThread:1227308 [sender.py:send_request_defer():304] handle sender defer: 9
2021-09-14 08:11:16,910 DEBUG   HandlerThread:1227308 [handler.py:handle_request():124] handle_request: poll_exit
2021-09-14 08:11:16,910 DEBUG   SenderThread:1227308 [sender.py:send_request():193] send_request: poll_exit
2021-09-14 08:11:16,910 INFO    SenderThread:1227308 [file_pusher.py:join():182] waiting for file pusher
2021-09-14 08:11:16,916 DEBUG   HandlerThread:1227308 [handler.py:handle_request():124] handle_request: get_summary
2021-09-14 08:11:16,916 DEBUG   HandlerThread:1227308 [handler.py:handle_request():124] handle_request: sampled_history
2021-09-14 08:11:16,917 DEBUG   HandlerThread:1227308 [handler.py:handle_request():124] handle_request: shutdown
2021-09-14 08:11:16,917 INFO    HandlerThread:1227308 [handler.py:finish():638] shutting down handler
2021-09-14 08:11:17,805 INFO    WriterThread:1227308 [datastore.py:close():288] close: /grid/koo/home/toneyan/profile/QuantPred/wandb/run-20210914_081036-4f8bfjcj/run-4f8bfjcj.wandb
2021-09-14 08:11:17,911 INFO    SenderThread:1227308 [sender.py:finish():945] shutting down sender
2021-09-14 08:11:17,911 INFO    SenderThread:1227308 [file_pusher.py:finish():177] shutting down file pusher
2021-09-14 08:11:17,911 INFO    SenderThread:1227308 [file_pusher.py:join():182] waiting for file pusher
2021-09-14 08:11:17,912 INFO    MainThread:1227308 [internal.py:handle_exit():78] Internal process exited
