2021-09-19 10:22:36,473 INFO    MainThread:2576251 [internal.py:wandb_internal():91] W&B internal server running at pid: 2576251, started at: 2021-09-19 10:22:36.472183
2021-09-19 10:22:36,475 DEBUG   HandlerThread:2576251 [handler.py:handle_request():124] handle_request: check_version
2021-09-19 10:22:36,475 INFO    WriterThread:2576251 [datastore.py:open_for_write():80] open: /grid/koo/home/toneyan/profile/QuantPred/wandb/run-20210919_102235-z1qry5c6/run-z1qry5c6.wandb
2021-09-19 10:22:36,477 DEBUG   SenderThread:2576251 [sender.py:send():179] send: header
2021-09-19 10:22:36,477 DEBUG   SenderThread:2576251 [sender.py:send_request():193] send_request: check_version
2021-09-19 10:22:36,506 DEBUG   SenderThread:2576251 [sender.py:send():179] send: run
2021-09-19 10:22:36,566 ERROR   SenderThread:2576251 [internal_api.py:execute():130] 429 response executing GraphQL.
2021-09-19 10:22:36,566 ERROR   SenderThread:2576251 [internal_api.py:execute():131] {"error":"rate limit exceeded"}

2021-09-19 10:22:37,648 ERROR   SenderThread:2576251 [internal_api.py:execute():130] 429 response executing GraphQL.
2021-09-19 10:22:37,649 ERROR   SenderThread:2576251 [internal_api.py:execute():131] {"error":"rate limit exceeded"}

2021-09-19 10:22:40,164 ERROR   SenderThread:2576251 [internal_api.py:execute():130] 429 response executing GraphQL.
2021-09-19 10:22:40,165 ERROR   SenderThread:2576251 [internal_api.py:execute():131] {"error":"rate limit exceeded"}

2021-09-19 10:22:40,165 ERROR   SenderThread:2576251 [retry.py:__call__():126] Retry attempt failed:
Traceback (most recent call last):
  File "/usr/local/lib/python3.6/dist-packages/wandb/sdk/lib/retry.py", line 102, in __call__
    result = self._call_fn(*args, **kwargs)
  File "/usr/local/lib/python3.6/dist-packages/wandb/sdk/internal/internal_api.py", line 133, in execute
    six.reraise(*sys.exc_info())
  File "/usr/local/lib/python3.6/dist-packages/six.py", line 719, in reraise
    raise value
  File "/usr/local/lib/python3.6/dist-packages/wandb/sdk/internal/internal_api.py", line 127, in execute
    return self.client.execute(*args, **kwargs)
  File "/usr/local/lib/python3.6/dist-packages/wandb/vendor/gql-0.2.0/gql/client.py", line 52, in execute
    result = self._get_result(document, *args, **kwargs)
  File "/usr/local/lib/python3.6/dist-packages/wandb/vendor/gql-0.2.0/gql/client.py", line 60, in _get_result
    return self.transport.execute(document, *args, **kwargs)
  File "/usr/local/lib/python3.6/dist-packages/wandb/vendor/gql-0.2.0/gql/transport/requests.py", line 39, in execute
    request.raise_for_status()
  File "/usr/local/lib/python3.6/dist-packages/requests/models.py", line 943, in raise_for_status
    raise HTTPError(http_error_msg, response=self)
requests.exceptions.HTTPError: 429 Client Error: Too Many Requests for url: https://api.wandb.ai/graphql
2021-09-19 10:22:45,141 INFO    SenderThread:2576251 [dir_watcher.py:__init__():168] watching files in: /grid/koo/home/toneyan/profile/QuantPred/wandb/run-20210919_102235-z1qry5c6/files
2021-09-19 10:22:45,141 INFO    SenderThread:2576251 [sender.py:_start_run_threads():719] run started: z1qry5c6 with start time 1632061355
2021-09-19 10:22:45,142 DEBUG   SenderThread:2576251 [sender.py:send():179] send: summary
2021-09-19 10:22:45,142 DEBUG   HandlerThread:2576251 [handler.py:handle_request():124] handle_request: run_start
2021-09-19 10:22:45,143 INFO    SenderThread:2576251 [sender.py:_save_file():841] saving file wandb-summary.json with policy end
2021-09-19 10:22:46,148 INFO    Thread-8  :2576251 [dir_watcher.py:_on_file_created():216] file/dir created: /grid/koo/home/toneyan/profile/QuantPred/wandb/run-20210919_102235-z1qry5c6/files/wandb-summary.json
2021-09-19 10:22:46,311 DEBUG   HandlerThread:2576251 [meta.py:__init__():39] meta init
2021-09-19 10:22:46,312 DEBUG   HandlerThread:2576251 [meta.py:__init__():53] meta init done
2021-09-19 10:22:46,312 DEBUG   HandlerThread:2576251 [meta.py:probe():210] probe
2021-09-19 10:22:46,318 DEBUG   HandlerThread:2576251 [meta.py:_save_pip():57] save pip
2021-09-19 10:22:46,319 DEBUG   HandlerThread:2576251 [meta.py:_save_pip():71] save pip done
2021-09-19 10:22:46,319 DEBUG   HandlerThread:2576251 [meta.py:probe():252] probe done
2021-09-19 10:22:46,322 DEBUG   SenderThread:2576251 [sender.py:send():179] send: files
2021-09-19 10:22:46,322 INFO    SenderThread:2576251 [sender.py:_save_file():841] saving file wandb-metadata.json with policy now
2021-09-19 10:22:46,347 DEBUG   HandlerThread:2576251 [handler.py:handle_request():124] handle_request: stop_status
2021-09-19 10:22:46,347 DEBUG   SenderThread:2576251 [sender.py:send_request():193] send_request: stop_status
2021-09-19 10:22:46,704 INFO    Thread-11 :2576251 [upload_job.py:push():137] Uploaded file /tmp/3288845.1.gpu_ded.q/tmph3_db352wandb/3k5fkq36-wandb-metadata.json
2021-09-19 10:22:47,147 INFO    Thread-8  :2576251 [dir_watcher.py:_on_file_created():216] file/dir created: /grid/koo/home/toneyan/profile/QuantPred/wandb/run-20210919_102235-z1qry5c6/files/output.log
2021-09-19 10:22:47,148 INFO    Thread-8  :2576251 [dir_watcher.py:_on_file_created():216] file/dir created: /grid/koo/home/toneyan/profile/QuantPred/wandb/run-20210919_102235-z1qry5c6/files/wandb-metadata.json
2021-09-19 10:22:47,148 INFO    Thread-8  :2576251 [dir_watcher.py:_on_file_created():216] file/dir created: /grid/koo/home/toneyan/profile/QuantPred/wandb/run-20210919_102235-z1qry5c6/files/requirements.txt
2021-09-19 10:23:01,409 DEBUG   HandlerThread:2576251 [handler.py:handle_request():124] handle_request: stop_status
2021-09-19 10:23:01,409 DEBUG   SenderThread:2576251 [sender.py:send_request():193] send_request: stop_status
2021-09-19 10:23:14,743 DEBUG   SenderThread:2576251 [sender.py:send():179] send: stats
2021-09-19 10:23:16,469 DEBUG   HandlerThread:2576251 [handler.py:handle_request():124] handle_request: stop_status
2021-09-19 10:23:16,470 DEBUG   SenderThread:2576251 [sender.py:send_request():193] send_request: stop_status
2021-09-19 10:23:21,384 DEBUG   HandlerThread:2576251 [handler.py:handle_request():124] handle_request: poll_exit
2021-09-19 10:23:21,384 DEBUG   SenderThread:2576251 [sender.py:send():179] send: telemetry
2021-09-19 10:23:21,385 DEBUG   SenderThread:2576251 [sender.py:send():179] send: exit
2021-09-19 10:23:21,385 INFO    SenderThread:2576251 [sender.py:send_exit():287] handling exit code: 1
2021-09-19 10:23:21,385 INFO    SenderThread:2576251 [sender.py:send_exit():295] send defer
2021-09-19 10:23:21,385 DEBUG   SenderThread:2576251 [sender.py:send_request():193] send_request: poll_exit
2021-09-19 10:23:21,385 DEBUG   HandlerThread:2576251 [handler.py:handle_request():124] handle_request: defer
2021-09-19 10:23:21,385 INFO    HandlerThread:2576251 [handler.py:handle_request_defer():141] handle defer: 0
2021-09-19 10:23:21,385 DEBUG   SenderThread:2576251 [sender.py:send_request():193] send_request: defer
2021-09-19 10:23:21,386 INFO    SenderThread:2576251 [sender.py:send_request_defer():304] handle sender defer: 0
2021-09-19 10:23:21,386 INFO    SenderThread:2576251 [sender.py:transition_state():308] send defer: 1
2021-09-19 10:23:21,386 DEBUG   HandlerThread:2576251 [handler.py:handle_request():124] handle_request: defer
2021-09-19 10:23:21,386 INFO    HandlerThread:2576251 [handler.py:handle_request_defer():141] handle defer: 1
2021-09-19 10:23:21,469 DEBUG   SenderThread:2576251 [sender.py:send_request():193] send_request: defer
2021-09-19 10:23:21,469 INFO    SenderThread:2576251 [sender.py:send_request_defer():304] handle sender defer: 1
2021-09-19 10:23:21,469 INFO    SenderThread:2576251 [sender.py:transition_state():308] send defer: 2
2021-09-19 10:23:21,470 DEBUG   SenderThread:2576251 [sender.py:send():179] send: stats
2021-09-19 10:23:21,470 DEBUG   HandlerThread:2576251 [handler.py:handle_request():124] handle_request: defer
2021-09-19 10:23:21,473 INFO    HandlerThread:2576251 [handler.py:handle_request_defer():141] handle defer: 2
2021-09-19 10:23:21,473 DEBUG   SenderThread:2576251 [sender.py:send_request():193] send_request: defer
2021-09-19 10:23:21,473 INFO    SenderThread:2576251 [sender.py:send_request_defer():304] handle sender defer: 2
2021-09-19 10:23:21,474 INFO    SenderThread:2576251 [sender.py:transition_state():308] send defer: 3
2021-09-19 10:23:21,474 DEBUG   HandlerThread:2576251 [handler.py:handle_request():124] handle_request: defer
2021-09-19 10:23:21,474 INFO    HandlerThread:2576251 [handler.py:handle_request_defer():141] handle defer: 3
2021-09-19 10:23:21,474 DEBUG   SenderThread:2576251 [sender.py:send():179] send: summary
2021-09-19 10:23:21,475 INFO    SenderThread:2576251 [sender.py:_save_file():841] saving file wandb-summary.json with policy end
2021-09-19 10:23:21,475 DEBUG   SenderThread:2576251 [sender.py:send_request():193] send_request: defer
2021-09-19 10:23:21,475 INFO    SenderThread:2576251 [sender.py:send_request_defer():304] handle sender defer: 3
2021-09-19 10:23:21,475 INFO    SenderThread:2576251 [sender.py:transition_state():308] send defer: 4
2021-09-19 10:23:21,475 DEBUG   HandlerThread:2576251 [handler.py:handle_request():124] handle_request: defer
2021-09-19 10:23:21,475 INFO    HandlerThread:2576251 [handler.py:handle_request_defer():141] handle defer: 4
2021-09-19 10:23:21,475 DEBUG   SenderThread:2576251 [sender.py:send_request():193] send_request: defer
2021-09-19 10:23:21,476 INFO    SenderThread:2576251 [sender.py:send_request_defer():304] handle sender defer: 4
2021-09-19 10:23:21,487 DEBUG   HandlerThread:2576251 [handler.py:handle_request():124] handle_request: poll_exit
2021-09-19 10:23:21,539 ERROR   SenderThread:2576251 [internal_api.py:execute():130] 429 response executing GraphQL.
2021-09-19 10:23:21,539 ERROR   SenderThread:2576251 [internal_api.py:execute():131] {"error":"rate limit exceeded"}

2021-09-19 10:23:22,160 INFO    Thread-8  :2576251 [dir_watcher.py:_on_file_modified():229] file/dir modified: /grid/koo/home/toneyan/profile/QuantPred/wandb/run-20210919_102235-z1qry5c6/files/wandb-summary.json
2021-09-19 10:23:22,810 ERROR   SenderThread:2576251 [internal_api.py:execute():130] 429 response executing GraphQL.
2021-09-19 10:23:22,811 ERROR   SenderThread:2576251 [internal_api.py:execute():131] {"error":"rate limit exceeded"}

2021-09-19 10:23:24,906 ERROR   SenderThread:2576251 [internal_api.py:execute():130] 429 response executing GraphQL.
2021-09-19 10:23:24,906 ERROR   SenderThread:2576251 [internal_api.py:execute():131] {"error":"rate limit exceeded"}

2021-09-19 10:23:24,907 ERROR   SenderThread:2576251 [retry.py:__call__():126] Retry attempt failed:
Traceback (most recent call last):
  File "/usr/local/lib/python3.6/dist-packages/wandb/sdk/lib/retry.py", line 102, in __call__
    result = self._call_fn(*args, **kwargs)
  File "/usr/local/lib/python3.6/dist-packages/wandb/sdk/internal/internal_api.py", line 133, in execute
    six.reraise(*sys.exc_info())
  File "/usr/local/lib/python3.6/dist-packages/six.py", line 719, in reraise
    raise value
  File "/usr/local/lib/python3.6/dist-packages/wandb/sdk/internal/internal_api.py", line 127, in execute
    return self.client.execute(*args, **kwargs)
  File "/usr/local/lib/python3.6/dist-packages/wandb/vendor/gql-0.2.0/gql/client.py", line 52, in execute
    result = self._get_result(document, *args, **kwargs)
  File "/usr/local/lib/python3.6/dist-packages/wandb/vendor/gql-0.2.0/gql/client.py", line 60, in _get_result
    return self.transport.execute(document, *args, **kwargs)
  File "/usr/local/lib/python3.6/dist-packages/wandb/vendor/gql-0.2.0/gql/transport/requests.py", line 39, in execute
    request.raise_for_status()
  File "/usr/local/lib/python3.6/dist-packages/requests/models.py", line 943, in raise_for_status
    raise HTTPError(http_error_msg, response=self)
requests.exceptions.HTTPError: 429 Client Error: Too Many Requests for url: https://api.wandb.ai/graphql
2021-09-19 10:23:26,587 DEBUG   HandlerThread:2576251 [handler.py:handle_request():124] handle_request: poll_exit
2021-09-19 10:23:29,909 ERROR   SenderThread:2576251 [internal_api.py:execute():130] 429 response executing GraphQL.
2021-09-19 10:23:29,909 ERROR   SenderThread:2576251 [internal_api.py:execute():131] {"error":"rate limit exceeded"}

2021-09-19 10:23:31,688 DEBUG   HandlerThread:2576251 [handler.py:handle_request():124] handle_request: poll_exit
2021-09-19 10:23:36,788 DEBUG   HandlerThread:2576251 [handler.py:handle_request():124] handle_request: poll_exit
2021-09-19 10:23:39,555 ERROR   SenderThread:2576251 [internal_api.py:execute():130] 429 response executing GraphQL.
2021-09-19 10:23:39,556 ERROR   SenderThread:2576251 [internal_api.py:execute():131] {"error":"rate limit exceeded"}

2021-09-19 10:23:41,889 DEBUG   HandlerThread:2576251 [handler.py:handle_request():124] handle_request: poll_exit
2021-09-19 10:23:46,989 DEBUG   HandlerThread:2576251 [handler.py:handle_request():124] handle_request: poll_exit
2021-09-19 10:23:52,090 DEBUG   HandlerThread:2576251 [handler.py:handle_request():124] handle_request: poll_exit
2021-09-19 10:23:56,350 ERROR   SenderThread:2576251 [internal_api.py:execute():130] 429 response executing GraphQL.
2021-09-19 10:23:56,351 ERROR   SenderThread:2576251 [internal_api.py:execute():131] {"error":"rate limit exceeded"}

2021-09-19 10:23:57,191 DEBUG   HandlerThread:2576251 [handler.py:handle_request():124] handle_request: poll_exit
2021-09-19 10:24:02,291 DEBUG   HandlerThread:2576251 [handler.py:handle_request():124] handle_request: poll_exit
2021-09-19 10:24:07,392 DEBUG   HandlerThread:2576251 [handler.py:handle_request():124] handle_request: poll_exit
2021-09-19 10:24:12,492 DEBUG   HandlerThread:2576251 [handler.py:handle_request():124] handle_request: poll_exit
2021-09-19 10:24:17,593 DEBUG   HandlerThread:2576251 [handler.py:handle_request():124] handle_request: poll_exit
2021-09-19 10:24:22,694 DEBUG   HandlerThread:2576251 [handler.py:handle_request():124] handle_request: poll_exit
2021-09-19 10:24:27,794 DEBUG   HandlerThread:2576251 [handler.py:handle_request():124] handle_request: poll_exit
2021-09-19 10:24:28,790 ERROR   SenderThread:2576251 [internal_api.py:execute():130] 429 response executing GraphQL.
2021-09-19 10:24:28,791 ERROR   SenderThread:2576251 [internal_api.py:execute():131] {"error":"rate limit exceeded"}

2021-09-19 10:24:32,895 DEBUG   HandlerThread:2576251 [handler.py:handle_request():124] handle_request: poll_exit
2021-09-19 10:24:37,996 DEBUG   HandlerThread:2576251 [handler.py:handle_request():124] handle_request: poll_exit
2021-09-19 10:24:43,096 DEBUG   HandlerThread:2576251 [handler.py:handle_request():124] handle_request: poll_exit
2021-09-19 10:24:48,197 DEBUG   HandlerThread:2576251 [handler.py:handle_request():124] handle_request: poll_exit
2021-09-19 10:24:53,297 DEBUG   HandlerThread:2576251 [handler.py:handle_request():124] handle_request: poll_exit
2021-09-19 10:24:58,398 DEBUG   HandlerThread:2576251 [handler.py:handle_request():124] handle_request: poll_exit
2021-09-19 10:25:03,499 DEBUG   HandlerThread:2576251 [handler.py:handle_request():124] handle_request: poll_exit
2021-09-19 10:25:08,599 DEBUG   HandlerThread:2576251 [handler.py:handle_request():124] handle_request: poll_exit
2021-09-19 10:25:13,700 DEBUG   HandlerThread:2576251 [handler.py:handle_request():124] handle_request: poll_exit
2021-09-19 10:25:18,801 DEBUG   HandlerThread:2576251 [handler.py:handle_request():124] handle_request: poll_exit
2021-09-19 10:25:23,901 DEBUG   HandlerThread:2576251 [handler.py:handle_request():124] handle_request: poll_exit
2021-09-19 10:25:29,002 DEBUG   HandlerThread:2576251 [handler.py:handle_request():124] handle_request: poll_exit
2021-09-19 10:25:34,103 DEBUG   HandlerThread:2576251 [handler.py:handle_request():124] handle_request: poll_exit
2021-09-19 10:25:39,203 DEBUG   HandlerThread:2576251 [handler.py:handle_request():124] handle_request: poll_exit
2021-09-19 10:25:44,304 DEBUG   HandlerThread:2576251 [handler.py:handle_request():124] handle_request: poll_exit
2021-09-19 10:25:48,546 INFO    SenderThread:2576251 [sender.py:transition_state():308] send defer: 5
2021-09-19 10:25:48,546 DEBUG   SenderThread:2576251 [sender.py:send_request():193] send_request: poll_exit
2021-09-19 10:25:48,546 DEBUG   SenderThread:2576251 [sender.py:send_request():193] send_request: poll_exit
2021-09-19 10:25:48,546 DEBUG   HandlerThread:2576251 [handler.py:handle_request():124] handle_request: defer
2021-09-19 10:25:48,547 DEBUG   SenderThread:2576251 [sender.py:send_request():193] send_request: poll_exit
2021-09-19 10:25:48,547 INFO    HandlerThread:2576251 [handler.py:handle_request_defer():141] handle defer: 5
2021-09-19 10:25:48,547 DEBUG   SenderThread:2576251 [sender.py:send_request():193] send_request: poll_exit
2021-09-19 10:25:48,547 DEBUG   SenderThread:2576251 [sender.py:send_request():193] send_request: poll_exit
2021-09-19 10:25:48,547 DEBUG   SenderThread:2576251 [sender.py:send_request():193] send_request: poll_exit
2021-09-19 10:25:48,547 DEBUG   SenderThread:2576251 [sender.py:send_request():193] send_request: poll_exit
2021-09-19 10:25:48,547 DEBUG   SenderThread:2576251 [sender.py:send_request():193] send_request: poll_exit
2021-09-19 10:25:48,547 DEBUG   SenderThread:2576251 [sender.py:send_request():193] send_request: poll_exit
2021-09-19 10:25:48,548 DEBUG   SenderThread:2576251 [sender.py:send_request():193] send_request: poll_exit
2021-09-19 10:25:48,548 DEBUG   SenderThread:2576251 [sender.py:send_request():193] send_request: poll_exit
2021-09-19 10:25:48,548 DEBUG   SenderThread:2576251 [sender.py:send_request():193] send_request: poll_exit
2021-09-19 10:25:48,548 DEBUG   SenderThread:2576251 [sender.py:send_request():193] send_request: poll_exit
2021-09-19 10:25:48,548 DEBUG   SenderThread:2576251 [sender.py:send_request():193] send_request: poll_exit
2021-09-19 10:25:48,548 DEBUG   SenderThread:2576251 [sender.py:send_request():193] send_request: poll_exit
2021-09-19 10:25:48,548 DEBUG   SenderThread:2576251 [sender.py:send_request():193] send_request: poll_exit
2021-09-19 10:25:48,548 DEBUG   SenderThread:2576251 [sender.py:send_request():193] send_request: poll_exit
2021-09-19 10:25:48,548 DEBUG   SenderThread:2576251 [sender.py:send_request():193] send_request: poll_exit
2021-09-19 10:25:48,548 DEBUG   SenderThread:2576251 [sender.py:send_request():193] send_request: poll_exit
2021-09-19 10:25:48,549 DEBUG   SenderThread:2576251 [sender.py:send_request():193] send_request: poll_exit
2021-09-19 10:25:48,549 DEBUG   SenderThread:2576251 [sender.py:send_request():193] send_request: poll_exit
2021-09-19 10:25:48,549 DEBUG   SenderThread:2576251 [sender.py:send_request():193] send_request: poll_exit
2021-09-19 10:25:48,549 DEBUG   SenderThread:2576251 [sender.py:send_request():193] send_request: poll_exit
2021-09-19 10:25:48,549 DEBUG   SenderThread:2576251 [sender.py:send_request():193] send_request: poll_exit
2021-09-19 10:25:48,549 DEBUG   SenderThread:2576251 [sender.py:send_request():193] send_request: poll_exit
2021-09-19 10:25:48,549 DEBUG   SenderThread:2576251 [sender.py:send_request():193] send_request: poll_exit
2021-09-19 10:25:48,549 DEBUG   SenderThread:2576251 [sender.py:send_request():193] send_request: poll_exit
2021-09-19 10:25:48,549 DEBUG   SenderThread:2576251 [sender.py:send_request():193] send_request: poll_exit
2021-09-19 10:25:48,549 DEBUG   SenderThread:2576251 [sender.py:send_request():193] send_request: poll_exit
2021-09-19 10:25:48,550 DEBUG   SenderThread:2576251 [sender.py:send_request():193] send_request: defer
2021-09-19 10:25:48,550 INFO    SenderThread:2576251 [sender.py:send_request_defer():304] handle sender defer: 5
2021-09-19 10:25:48,550 INFO    SenderThread:2576251 [dir_watcher.py:finish():282] shutting down directory watcher
2021-09-19 10:25:48,659 DEBUG   HandlerThread:2576251 [handler.py:handle_request():124] handle_request: poll_exit
2021-09-19 10:25:49,184 INFO    SenderThread:2576251 [dir_watcher.py:_on_file_modified():229] file/dir modified: /grid/koo/home/toneyan/profile/QuantPred/wandb/run-20210919_102235-z1qry5c6/files/config.yaml
2021-09-19 10:25:49,185 INFO    SenderThread:2576251 [dir_watcher.py:finish():312] scan: /grid/koo/home/toneyan/profile/QuantPred/wandb/run-20210919_102235-z1qry5c6/files
2021-09-19 10:25:49,185 INFO    SenderThread:2576251 [dir_watcher.py:finish():318] scan save: /grid/koo/home/toneyan/profile/QuantPred/wandb/run-20210919_102235-z1qry5c6/files/wandb-metadata.json wandb-metadata.json
2021-09-19 10:25:49,185 INFO    SenderThread:2576251 [dir_watcher.py:finish():318] scan save: /grid/koo/home/toneyan/profile/QuantPred/wandb/run-20210919_102235-z1qry5c6/files/config.yaml config.yaml
2021-09-19 10:25:49,185 INFO    SenderThread:2576251 [dir_watcher.py:finish():318] scan save: /grid/koo/home/toneyan/profile/QuantPred/wandb/run-20210919_102235-z1qry5c6/files/requirements.txt requirements.txt
2021-09-19 10:25:49,186 INFO    SenderThread:2576251 [dir_watcher.py:finish():318] scan save: /grid/koo/home/toneyan/profile/QuantPred/wandb/run-20210919_102235-z1qry5c6/files/wandb-summary.json wandb-summary.json
2021-09-19 10:25:49,189 INFO    SenderThread:2576251 [dir_watcher.py:finish():318] scan save: /grid/koo/home/toneyan/profile/QuantPred/wandb/run-20210919_102235-z1qry5c6/files/output.log output.log
2021-09-19 10:25:49,192 INFO    SenderThread:2576251 [sender.py:transition_state():308] send defer: 6
2021-09-19 10:25:49,192 DEBUG   SenderThread:2576251 [sender.py:send_request():193] send_request: poll_exit
2021-09-19 10:25:49,196 DEBUG   HandlerThread:2576251 [handler.py:handle_request():124] handle_request: defer
2021-09-19 10:25:49,196 INFO    HandlerThread:2576251 [handler.py:handle_request_defer():141] handle defer: 6
2021-09-19 10:25:49,196 DEBUG   SenderThread:2576251 [sender.py:send_request():193] send_request: defer
2021-09-19 10:25:49,196 INFO    SenderThread:2576251 [sender.py:send_request_defer():304] handle sender defer: 6
2021-09-19 10:25:49,196 INFO    SenderThread:2576251 [file_pusher.py:finish():177] shutting down file pusher
2021-09-19 10:25:49,251 ERROR   Thread-13 :2576251 [internal_api.py:execute():130] 429 response executing GraphQL.
2021-09-19 10:25:49,251 ERROR   Thread-13 :2576251 [internal_api.py:execute():131] {"error":"rate limit exceeded"}

2021-09-19 10:25:49,252 ERROR   Thread-14 :2576251 [internal_api.py:execute():130] 429 response executing GraphQL.
2021-09-19 10:25:49,252 ERROR   Thread-14 :2576251 [internal_api.py:execute():131] {"error":"rate limit exceeded"}

2021-09-19 10:25:49,262 ERROR   Thread-12 :2576251 [internal_api.py:execute():130] 429 response executing GraphQL.
2021-09-19 10:25:49,263 ERROR   Thread-12 :2576251 [internal_api.py:execute():131] {"error":"rate limit exceeded"}

2021-09-19 10:25:49,297 DEBUG   HandlerThread:2576251 [handler.py:handle_request():124] handle_request: poll_exit
2021-09-19 10:25:49,297 DEBUG   SenderThread:2576251 [sender.py:send_request():193] send_request: poll_exit
2021-09-19 10:25:49,399 DEBUG   HandlerThread:2576251 [handler.py:handle_request():124] handle_request: poll_exit
2021-09-19 10:25:49,399 DEBUG   SenderThread:2576251 [sender.py:send_request():193] send_request: poll_exit
2021-09-19 10:25:49,501 DEBUG   HandlerThread:2576251 [handler.py:handle_request():124] handle_request: poll_exit
2021-09-19 10:25:49,501 DEBUG   SenderThread:2576251 [sender.py:send_request():193] send_request: poll_exit
2021-09-19 10:25:49,603 DEBUG   HandlerThread:2576251 [handler.py:handle_request():124] handle_request: poll_exit
2021-09-19 10:25:49,603 DEBUG   SenderThread:2576251 [sender.py:send_request():193] send_request: poll_exit
2021-09-19 10:25:49,706 DEBUG   HandlerThread:2576251 [handler.py:handle_request():124] handle_request: poll_exit
2021-09-19 10:25:49,706 DEBUG   SenderThread:2576251 [sender.py:send_request():193] send_request: poll_exit
2021-09-19 10:25:49,808 DEBUG   HandlerThread:2576251 [handler.py:handle_request():124] handle_request: poll_exit
2021-09-19 10:25:49,808 DEBUG   SenderThread:2576251 [sender.py:send_request():193] send_request: poll_exit
2021-09-19 10:25:49,910 DEBUG   HandlerThread:2576251 [handler.py:handle_request():124] handle_request: poll_exit
2021-09-19 10:25:49,910 DEBUG   SenderThread:2576251 [sender.py:send_request():193] send_request: poll_exit
2021-09-19 10:25:50,012 DEBUG   HandlerThread:2576251 [handler.py:handle_request():124] handle_request: poll_exit
2021-09-19 10:25:50,012 DEBUG   SenderThread:2576251 [sender.py:send_request():193] send_request: poll_exit
2021-09-19 10:25:50,113 DEBUG   HandlerThread:2576251 [handler.py:handle_request():124] handle_request: poll_exit
2021-09-19 10:25:50,114 DEBUG   SenderThread:2576251 [sender.py:send_request():193] send_request: poll_exit
2021-09-19 10:25:50,215 DEBUG   HandlerThread:2576251 [handler.py:handle_request():124] handle_request: poll_exit
2021-09-19 10:25:50,215 DEBUG   SenderThread:2576251 [sender.py:send_request():193] send_request: poll_exit
2021-09-19 10:25:50,317 DEBUG   HandlerThread:2576251 [handler.py:handle_request():124] handle_request: poll_exit
2021-09-19 10:25:50,318 DEBUG   SenderThread:2576251 [sender.py:send_request():193] send_request: poll_exit
2021-09-19 10:25:50,392 ERROR   Thread-12 :2576251 [internal_api.py:execute():130] 429 response executing GraphQL.
2021-09-19 10:25:50,392 ERROR   Thread-12 :2576251 [internal_api.py:execute():131] {"error":"rate limit exceeded"}

2021-09-19 10:25:50,393 ERROR   Thread-12 :2576251 [retry.py:__call__():126] Retry attempt failed:
Traceback (most recent call last):
  File "/usr/local/lib/python3.6/dist-packages/wandb/sdk/lib/retry.py", line 102, in __call__
    result = self._call_fn(*args, **kwargs)
  File "/usr/local/lib/python3.6/dist-packages/wandb/sdk/internal/internal_api.py", line 133, in execute
    six.reraise(*sys.exc_info())
  File "/usr/local/lib/python3.6/dist-packages/six.py", line 719, in reraise
    raise value
  File "/usr/local/lib/python3.6/dist-packages/wandb/sdk/internal/internal_api.py", line 127, in execute
    return self.client.execute(*args, **kwargs)
  File "/usr/local/lib/python3.6/dist-packages/wandb/vendor/gql-0.2.0/gql/client.py", line 52, in execute
    result = self._get_result(document, *args, **kwargs)
  File "/usr/local/lib/python3.6/dist-packages/wandb/vendor/gql-0.2.0/gql/client.py", line 60, in _get_result
    return self.transport.execute(document, *args, **kwargs)
  File "/usr/local/lib/python3.6/dist-packages/wandb/vendor/gql-0.2.0/gql/transport/requests.py", line 39, in execute
    request.raise_for_status()
  File "/usr/local/lib/python3.6/dist-packages/requests/models.py", line 943, in raise_for_status
    raise HTTPError(http_error_msg, response=self)
requests.exceptions.HTTPError: 429 Client Error: Too Many Requests for url: https://api.wandb.ai/graphql
2021-09-19 10:25:50,419 DEBUG   HandlerThread:2576251 [handler.py:handle_request():124] handle_request: poll_exit
2021-09-19 10:25:50,419 DEBUG   SenderThread:2576251 [sender.py:send_request():193] send_request: poll_exit
2021-09-19 10:25:50,436 ERROR   Thread-13 :2576251 [internal_api.py:execute():130] 429 response executing GraphQL.
2021-09-19 10:25:50,436 ERROR   Thread-13 :2576251 [internal_api.py:execute():131] {"error":"rate limit exceeded"}

2021-09-19 10:25:50,436 ERROR   Thread-13 :2576251 [retry.py:__call__():126] Retry attempt failed:
Traceback (most recent call last):
  File "/usr/local/lib/python3.6/dist-packages/wandb/sdk/lib/retry.py", line 102, in __call__
    result = self._call_fn(*args, **kwargs)
  File "/usr/local/lib/python3.6/dist-packages/wandb/sdk/internal/internal_api.py", line 133, in execute
    six.reraise(*sys.exc_info())
  File "/usr/local/lib/python3.6/dist-packages/six.py", line 719, in reraise
    raise value
  File "/usr/local/lib/python3.6/dist-packages/wandb/sdk/internal/internal_api.py", line 127, in execute
    return self.client.execute(*args, **kwargs)
  File "/usr/local/lib/python3.6/dist-packages/wandb/vendor/gql-0.2.0/gql/client.py", line 52, in execute
    result = self._get_result(document, *args, **kwargs)
  File "/usr/local/lib/python3.6/dist-packages/wandb/vendor/gql-0.2.0/gql/client.py", line 60, in _get_result
    return self.transport.execute(document, *args, **kwargs)
  File "/usr/local/lib/python3.6/dist-packages/wandb/vendor/gql-0.2.0/gql/transport/requests.py", line 39, in execute
    request.raise_for_status()
  File "/usr/local/lib/python3.6/dist-packages/requests/models.py", line 943, in raise_for_status
    raise HTTPError(http_error_msg, response=self)
requests.exceptions.HTTPError: 429 Client Error: Too Many Requests for url: https://api.wandb.ai/graphql
2021-09-19 10:25:50,490 ERROR   Thread-14 :2576251 [internal_api.py:execute():130] 429 response executing GraphQL.
2021-09-19 10:25:50,491 ERROR   Thread-14 :2576251 [internal_api.py:execute():131] {"error":"rate limit exceeded"}

2021-09-19 10:25:50,521 DEBUG   HandlerThread:2576251 [handler.py:handle_request():124] handle_request: poll_exit
2021-09-19 10:25:50,521 DEBUG   SenderThread:2576251 [sender.py:send_request():193] send_request: poll_exit
2021-09-19 10:25:50,623 DEBUG   HandlerThread:2576251 [handler.py:handle_request():124] handle_request: poll_exit
2021-09-19 10:25:50,623 DEBUG   SenderThread:2576251 [sender.py:send_request():193] send_request: poll_exit
2021-09-19 10:25:50,725 DEBUG   HandlerThread:2576251 [handler.py:handle_request():124] handle_request: poll_exit
2021-09-19 10:25:50,725 DEBUG   SenderThread:2576251 [sender.py:send_request():193] send_request: poll_exit
2021-09-19 10:25:50,827 DEBUG   HandlerThread:2576251 [handler.py:handle_request():124] handle_request: poll_exit
2021-09-19 10:25:50,827 DEBUG   SenderThread:2576251 [sender.py:send_request():193] send_request: poll_exit
2021-09-19 10:25:50,929 DEBUG   HandlerThread:2576251 [handler.py:handle_request():124] handle_request: poll_exit
2021-09-19 10:25:50,929 DEBUG   SenderThread:2576251 [sender.py:send_request():193] send_request: poll_exit
2021-09-19 10:25:51,030 DEBUG   HandlerThread:2576251 [handler.py:handle_request():124] handle_request: poll_exit
2021-09-19 10:25:51,031 DEBUG   SenderThread:2576251 [sender.py:send_request():193] send_request: poll_exit
2021-09-19 10:25:51,132 DEBUG   HandlerThread:2576251 [handler.py:handle_request():124] handle_request: poll_exit
2021-09-19 10:25:51,132 DEBUG   SenderThread:2576251 [sender.py:send_request():193] send_request: poll_exit
2021-09-19 10:25:51,234 DEBUG   HandlerThread:2576251 [handler.py:handle_request():124] handle_request: poll_exit
2021-09-19 10:25:51,235 DEBUG   SenderThread:2576251 [sender.py:send_request():193] send_request: poll_exit
2021-09-19 10:25:51,336 DEBUG   HandlerThread:2576251 [handler.py:handle_request():124] handle_request: poll_exit
2021-09-19 10:25:51,337 DEBUG   SenderThread:2576251 [sender.py:send_request():193] send_request: poll_exit
2021-09-19 10:25:51,438 DEBUG   HandlerThread:2576251 [handler.py:handle_request():124] handle_request: poll_exit
2021-09-19 10:25:51,438 DEBUG   SenderThread:2576251 [sender.py:send_request():193] send_request: poll_exit
2021-09-19 10:25:51,540 DEBUG   HandlerThread:2576251 [handler.py:handle_request():124] handle_request: poll_exit
2021-09-19 10:25:51,540 DEBUG   SenderThread:2576251 [sender.py:send_request():193] send_request: poll_exit
2021-09-19 10:25:51,642 DEBUG   HandlerThread:2576251 [handler.py:handle_request():124] handle_request: poll_exit
2021-09-19 10:25:51,642 DEBUG   SenderThread:2576251 [sender.py:send_request():193] send_request: poll_exit
2021-09-19 10:25:51,744 DEBUG   HandlerThread:2576251 [handler.py:handle_request():124] handle_request: poll_exit
2021-09-19 10:25:51,744 DEBUG   SenderThread:2576251 [sender.py:send_request():193] send_request: poll_exit
2021-09-19 10:25:51,845 DEBUG   HandlerThread:2576251 [handler.py:handle_request():124] handle_request: poll_exit
2021-09-19 10:25:51,846 DEBUG   SenderThread:2576251 [sender.py:send_request():193] send_request: poll_exit
2021-09-19 10:25:51,947 DEBUG   HandlerThread:2576251 [handler.py:handle_request():124] handle_request: poll_exit
2021-09-19 10:25:51,948 DEBUG   SenderThread:2576251 [sender.py:send_request():193] send_request: poll_exit
2021-09-19 10:25:52,053 DEBUG   HandlerThread:2576251 [handler.py:handle_request():124] handle_request: poll_exit
2021-09-19 10:25:52,053 DEBUG   SenderThread:2576251 [sender.py:send_request():193] send_request: poll_exit
2021-09-19 10:25:52,158 DEBUG   HandlerThread:2576251 [handler.py:handle_request():124] handle_request: poll_exit
2021-09-19 10:25:52,159 DEBUG   SenderThread:2576251 [sender.py:send_request():193] send_request: poll_exit
2021-09-19 10:25:52,263 DEBUG   HandlerThread:2576251 [handler.py:handle_request():124] handle_request: poll_exit
2021-09-19 10:25:52,263 DEBUG   SenderThread:2576251 [sender.py:send_request():193] send_request: poll_exit
2021-09-19 10:25:52,369 DEBUG   HandlerThread:2576251 [handler.py:handle_request():124] handle_request: poll_exit
2021-09-19 10:25:52,369 DEBUG   SenderThread:2576251 [sender.py:send_request():193] send_request: poll_exit
2021-09-19 10:25:52,475 DEBUG   HandlerThread:2576251 [handler.py:handle_request():124] handle_request: poll_exit
2021-09-19 10:25:52,476 DEBUG   SenderThread:2576251 [sender.py:send_request():193] send_request: poll_exit
2021-09-19 10:25:52,580 DEBUG   HandlerThread:2576251 [handler.py:handle_request():124] handle_request: poll_exit
2021-09-19 10:25:52,581 DEBUG   SenderThread:2576251 [sender.py:send_request():193] send_request: poll_exit
2021-09-19 10:25:52,605 ERROR   Thread-13 :2576251 [internal_api.py:execute():130] 429 response executing GraphQL.
2021-09-19 10:25:52,605 ERROR   Thread-13 :2576251 [internal_api.py:execute():131] {"error":"rate limit exceeded"}

2021-09-19 10:25:52,682 DEBUG   HandlerThread:2576251 [handler.py:handle_request():124] handle_request: poll_exit
2021-09-19 10:25:52,683 DEBUG   SenderThread:2576251 [sender.py:send_request():193] send_request: poll_exit
2021-09-19 10:25:52,693 ERROR   Thread-12 :2576251 [internal_api.py:execute():130] 429 response executing GraphQL.
2021-09-19 10:25:52,693 ERROR   Thread-12 :2576251 [internal_api.py:execute():131] {"error":"rate limit exceeded"}

2021-09-19 10:25:52,735 ERROR   Thread-14 :2576251 [internal_api.py:execute():130] 429 response executing GraphQL.
2021-09-19 10:25:52,735 ERROR   Thread-14 :2576251 [internal_api.py:execute():131] {"error":"rate limit exceeded"}

2021-09-19 10:25:52,784 DEBUG   HandlerThread:2576251 [handler.py:handle_request():124] handle_request: poll_exit
2021-09-19 10:25:52,784 DEBUG   SenderThread:2576251 [sender.py:send_request():193] send_request: poll_exit
2021-09-19 10:25:52,886 DEBUG   HandlerThread:2576251 [handler.py:handle_request():124] handle_request: poll_exit
2021-09-19 10:25:52,886 DEBUG   SenderThread:2576251 [sender.py:send_request():193] send_request: poll_exit
2021-09-19 10:25:52,988 DEBUG   HandlerThread:2576251 [handler.py:handle_request():124] handle_request: poll_exit
2021-09-19 10:25:52,988 DEBUG   SenderThread:2576251 [sender.py:send_request():193] send_request: poll_exit
2021-09-19 10:25:53,090 DEBUG   HandlerThread:2576251 [handler.py:handle_request():124] handle_request: poll_exit
2021-09-19 10:25:53,090 DEBUG   SenderThread:2576251 [sender.py:send_request():193] send_request: poll_exit
2021-09-19 10:25:53,191 DEBUG   HandlerThread:2576251 [handler.py:handle_request():124] handle_request: poll_exit
2021-09-19 10:25:53,192 DEBUG   SenderThread:2576251 [sender.py:send_request():193] send_request: poll_exit
2021-09-19 10:25:53,293 DEBUG   HandlerThread:2576251 [handler.py:handle_request():124] handle_request: poll_exit
2021-09-19 10:25:53,294 DEBUG   SenderThread:2576251 [sender.py:send_request():193] send_request: poll_exit
2021-09-19 10:25:53,395 DEBUG   HandlerThread:2576251 [handler.py:handle_request():124] handle_request: poll_exit
2021-09-19 10:25:53,395 DEBUG   SenderThread:2576251 [sender.py:send_request():193] send_request: poll_exit
2021-09-19 10:25:53,497 DEBUG   HandlerThread:2576251 [handler.py:handle_request():124] handle_request: poll_exit
2021-09-19 10:25:53,497 DEBUG   SenderThread:2576251 [sender.py:send_request():193] send_request: poll_exit
2021-09-19 10:25:53,599 DEBUG   HandlerThread:2576251 [handler.py:handle_request():124] handle_request: poll_exit
2021-09-19 10:25:53,599 DEBUG   SenderThread:2576251 [sender.py:send_request():193] send_request: poll_exit
2021-09-19 10:25:53,701 DEBUG   HandlerThread:2576251 [handler.py:handle_request():124] handle_request: poll_exit
2021-09-19 10:25:53,701 DEBUG   SenderThread:2576251 [sender.py:send_request():193] send_request: poll_exit
2021-09-19 10:25:53,803 DEBUG   HandlerThread:2576251 [handler.py:handle_request():124] handle_request: poll_exit
2021-09-19 10:25:53,803 DEBUG   SenderThread:2576251 [sender.py:send_request():193] send_request: poll_exit
2021-09-19 10:25:53,905 DEBUG   HandlerThread:2576251 [handler.py:handle_request():124] handle_request: poll_exit
2021-09-19 10:25:53,905 DEBUG   SenderThread:2576251 [sender.py:send_request():193] send_request: poll_exit
2021-09-19 10:25:54,007 DEBUG   HandlerThread:2576251 [handler.py:handle_request():124] handle_request: poll_exit
2021-09-19 10:25:54,007 DEBUG   SenderThread:2576251 [sender.py:send_request():193] send_request: poll_exit
2021-09-19 10:25:54,108 DEBUG   HandlerThread:2576251 [handler.py:handle_request():124] handle_request: poll_exit
2021-09-19 10:25:54,109 DEBUG   SenderThread:2576251 [sender.py:send_request():193] send_request: poll_exit
2021-09-19 10:25:54,210 DEBUG   HandlerThread:2576251 [handler.py:handle_request():124] handle_request: poll_exit
2021-09-19 10:25:54,211 DEBUG   SenderThread:2576251 [sender.py:send_request():193] send_request: poll_exit
2021-09-19 10:25:54,312 DEBUG   HandlerThread:2576251 [handler.py:handle_request():124] handle_request: poll_exit
2021-09-19 10:25:54,312 DEBUG   SenderThread:2576251 [sender.py:send_request():193] send_request: poll_exit
2021-09-19 10:25:54,414 DEBUG   HandlerThread:2576251 [handler.py:handle_request():124] handle_request: poll_exit
2021-09-19 10:25:54,414 DEBUG   SenderThread:2576251 [sender.py:send_request():193] send_request: poll_exit
2021-09-19 10:25:54,516 DEBUG   HandlerThread:2576251 [handler.py:handle_request():124] handle_request: poll_exit
2021-09-19 10:25:54,516 DEBUG   SenderThread:2576251 [sender.py:send_request():193] send_request: poll_exit
2021-09-19 10:25:54,618 DEBUG   HandlerThread:2576251 [handler.py:handle_request():124] handle_request: poll_exit
2021-09-19 10:25:54,618 DEBUG   SenderThread:2576251 [sender.py:send_request():193] send_request: poll_exit
2021-09-19 10:25:54,719 DEBUG   HandlerThread:2576251 [handler.py:handle_request():124] handle_request: poll_exit
2021-09-19 10:25:54,720 DEBUG   SenderThread:2576251 [sender.py:send_request():193] send_request: poll_exit
2021-09-19 10:25:54,821 DEBUG   HandlerThread:2576251 [handler.py:handle_request():124] handle_request: poll_exit
2021-09-19 10:25:54,822 DEBUG   SenderThread:2576251 [sender.py:send_request():193] send_request: poll_exit
2021-09-19 10:25:54,923 DEBUG   HandlerThread:2576251 [handler.py:handle_request():124] handle_request: poll_exit
2021-09-19 10:25:54,923 DEBUG   SenderThread:2576251 [sender.py:send_request():193] send_request: poll_exit
2021-09-19 10:25:55,025 DEBUG   HandlerThread:2576251 [handler.py:handle_request():124] handle_request: poll_exit
2021-09-19 10:25:55,025 DEBUG   SenderThread:2576251 [sender.py:send_request():193] send_request: poll_exit
2021-09-19 10:25:55,127 DEBUG   HandlerThread:2576251 [handler.py:handle_request():124] handle_request: poll_exit
2021-09-19 10:25:55,127 DEBUG   SenderThread:2576251 [sender.py:send_request():193] send_request: poll_exit
2021-09-19 10:25:55,229 DEBUG   HandlerThread:2576251 [handler.py:handle_request():124] handle_request: poll_exit
2021-09-19 10:25:55,229 DEBUG   SenderThread:2576251 [sender.py:send_request():193] send_request: poll_exit
2021-09-19 10:25:55,331 DEBUG   HandlerThread:2576251 [handler.py:handle_request():124] handle_request: poll_exit
2021-09-19 10:25:55,331 DEBUG   SenderThread:2576251 [sender.py:send_request():193] send_request: poll_exit
2021-09-19 10:25:55,432 DEBUG   HandlerThread:2576251 [handler.py:handle_request():124] handle_request: poll_exit
2021-09-19 10:25:55,433 DEBUG   SenderThread:2576251 [sender.py:send_request():193] send_request: poll_exit
2021-09-19 10:25:55,534 DEBUG   HandlerThread:2576251 [handler.py:handle_request():124] handle_request: poll_exit
2021-09-19 10:25:55,535 DEBUG   SenderThread:2576251 [sender.py:send_request():193] send_request: poll_exit
2021-09-19 10:25:55,636 DEBUG   HandlerThread:2576251 [handler.py:handle_request():124] handle_request: poll_exit
2021-09-19 10:25:55,637 DEBUG   SenderThread:2576251 [sender.py:send_request():193] send_request: poll_exit
2021-09-19 10:25:55,738 DEBUG   HandlerThread:2576251 [handler.py:handle_request():124] handle_request: poll_exit
2021-09-19 10:25:55,738 DEBUG   SenderThread:2576251 [sender.py:send_request():193] send_request: poll_exit
2021-09-19 10:25:55,840 DEBUG   HandlerThread:2576251 [handler.py:handle_request():124] handle_request: poll_exit
2021-09-19 10:25:55,840 DEBUG   SenderThread:2576251 [sender.py:send_request():193] send_request: poll_exit
2021-09-19 10:25:55,942 DEBUG   HandlerThread:2576251 [handler.py:handle_request():124] handle_request: poll_exit
2021-09-19 10:25:55,942 DEBUG   SenderThread:2576251 [sender.py:send_request():193] send_request: poll_exit
2021-09-19 10:25:56,044 DEBUG   HandlerThread:2576251 [handler.py:handle_request():124] handle_request: poll_exit
2021-09-19 10:25:56,044 DEBUG   SenderThread:2576251 [sender.py:send_request():193] send_request: poll_exit
2021-09-19 10:25:56,146 DEBUG   HandlerThread:2576251 [handler.py:handle_request():124] handle_request: poll_exit
2021-09-19 10:25:56,146 DEBUG   SenderThread:2576251 [sender.py:send_request():193] send_request: poll_exit
2021-09-19 10:25:56,248 DEBUG   HandlerThread:2576251 [handler.py:handle_request():124] handle_request: poll_exit
2021-09-19 10:25:56,248 DEBUG   SenderThread:2576251 [sender.py:send_request():193] send_request: poll_exit
2021-09-19 10:25:56,351 DEBUG   HandlerThread:2576251 [handler.py:handle_request():124] handle_request: poll_exit
2021-09-19 10:25:56,351 DEBUG   SenderThread:2576251 [sender.py:send_request():193] send_request: poll_exit
2021-09-19 10:25:56,453 DEBUG   HandlerThread:2576251 [handler.py:handle_request():124] handle_request: poll_exit
2021-09-19 10:25:56,453 DEBUG   SenderThread:2576251 [sender.py:send_request():193] send_request: poll_exit
2021-09-19 10:25:56,555 DEBUG   HandlerThread:2576251 [handler.py:handle_request():124] handle_request: poll_exit
2021-09-19 10:25:56,555 DEBUG   SenderThread:2576251 [sender.py:send_request():193] send_request: poll_exit
2021-09-19 10:25:56,656 DEBUG   HandlerThread:2576251 [handler.py:handle_request():124] handle_request: poll_exit
2021-09-19 10:25:56,657 DEBUG   SenderThread:2576251 [sender.py:send_request():193] send_request: poll_exit
2021-09-19 10:25:56,758 DEBUG   HandlerThread:2576251 [handler.py:handle_request():124] handle_request: poll_exit
2021-09-19 10:25:56,759 DEBUG   SenderThread:2576251 [sender.py:send_request():193] send_request: poll_exit
2021-09-19 10:25:56,860 DEBUG   HandlerThread:2576251 [handler.py:handle_request():124] handle_request: poll_exit
2021-09-19 10:25:56,861 DEBUG   SenderThread:2576251 [sender.py:send_request():193] send_request: poll_exit
2021-09-19 10:25:56,962 DEBUG   HandlerThread:2576251 [handler.py:handle_request():124] handle_request: poll_exit
2021-09-19 10:25:56,963 DEBUG   SenderThread:2576251 [sender.py:send_request():193] send_request: poll_exit
2021-09-19 10:25:57,064 DEBUG   HandlerThread:2576251 [handler.py:handle_request():124] handle_request: poll_exit
2021-09-19 10:25:57,064 DEBUG   SenderThread:2576251 [sender.py:send_request():193] send_request: poll_exit
2021-09-19 10:25:57,166 DEBUG   HandlerThread:2576251 [handler.py:handle_request():124] handle_request: poll_exit
2021-09-19 10:25:57,166 DEBUG   SenderThread:2576251 [sender.py:send_request():193] send_request: poll_exit
2021-09-19 10:25:57,268 DEBUG   HandlerThread:2576251 [handler.py:handle_request():124] handle_request: poll_exit
2021-09-19 10:25:57,268 DEBUG   SenderThread:2576251 [sender.py:send_request():193] send_request: poll_exit
2021-09-19 10:25:57,345 ERROR   Thread-13 :2576251 [internal_api.py:execute():130] 429 response executing GraphQL.
2021-09-19 10:25:57,346 ERROR   Thread-13 :2576251 [internal_api.py:execute():131] {"error":"rate limit exceeded"}

2021-09-19 10:25:57,351 ERROR   Thread-14 :2576251 [internal_api.py:execute():130] 429 response executing GraphQL.
2021-09-19 10:25:57,351 ERROR   Thread-14 :2576251 [internal_api.py:execute():131] {"error":"rate limit exceeded"}

2021-09-19 10:25:57,370 DEBUG   HandlerThread:2576251 [handler.py:handle_request():124] handle_request: poll_exit
2021-09-19 10:25:57,370 DEBUG   SenderThread:2576251 [sender.py:send_request():193] send_request: poll_exit
2021-09-19 10:25:57,472 DEBUG   HandlerThread:2576251 [handler.py:handle_request():124] handle_request: poll_exit
2021-09-19 10:25:57,472 DEBUG   SenderThread:2576251 [sender.py:send_request():193] send_request: poll_exit
2021-09-19 10:25:57,573 DEBUG   HandlerThread:2576251 [handler.py:handle_request():124] handle_request: poll_exit
2021-09-19 10:25:57,574 DEBUG   SenderThread:2576251 [sender.py:send_request():193] send_request: poll_exit
2021-09-19 10:25:57,585 ERROR   Thread-12 :2576251 [internal_api.py:execute():130] 429 response executing GraphQL.
2021-09-19 10:25:57,586 ERROR   Thread-12 :2576251 [internal_api.py:execute():131] {"error":"rate limit exceeded"}

2021-09-19 10:25:57,676 DEBUG   HandlerThread:2576251 [handler.py:handle_request():124] handle_request: poll_exit
2021-09-19 10:25:57,676 DEBUG   SenderThread:2576251 [sender.py:send_request():193] send_request: poll_exit
2021-09-19 10:25:57,777 DEBUG   HandlerThread:2576251 [handler.py:handle_request():124] handle_request: poll_exit
2021-09-19 10:25:57,778 DEBUG   SenderThread:2576251 [sender.py:send_request():193] send_request: poll_exit
2021-09-19 10:25:57,879 DEBUG   HandlerThread:2576251 [handler.py:handle_request():124] handle_request: poll_exit
2021-09-19 10:25:57,880 DEBUG   SenderThread:2576251 [sender.py:send_request():193] send_request: poll_exit
2021-09-19 10:25:57,981 DEBUG   HandlerThread:2576251 [handler.py:handle_request():124] handle_request: poll_exit
2021-09-19 10:25:57,982 DEBUG   SenderThread:2576251 [sender.py:send_request():193] send_request: poll_exit
2021-09-19 10:25:58,083 DEBUG   HandlerThread:2576251 [handler.py:handle_request():124] handle_request: poll_exit
2021-09-19 10:25:58,083 DEBUG   SenderThread:2576251 [sender.py:send_request():193] send_request: poll_exit
2021-09-19 10:25:58,185 DEBUG   HandlerThread:2576251 [handler.py:handle_request():124] handle_request: poll_exit
2021-09-19 10:25:58,185 DEBUG   SenderThread:2576251 [sender.py:send_request():193] send_request: poll_exit
2021-09-19 10:25:58,287 DEBUG   HandlerThread:2576251 [handler.py:handle_request():124] handle_request: poll_exit
2021-09-19 10:25:58,287 DEBUG   SenderThread:2576251 [sender.py:send_request():193] send_request: poll_exit
2021-09-19 10:25:58,389 DEBUG   HandlerThread:2576251 [handler.py:handle_request():124] handle_request: poll_exit
2021-09-19 10:25:58,389 DEBUG   SenderThread:2576251 [sender.py:send_request():193] send_request: poll_exit
2021-09-19 10:25:58,491 DEBUG   HandlerThread:2576251 [handler.py:handle_request():124] handle_request: poll_exit
2021-09-19 10:25:58,491 DEBUG   SenderThread:2576251 [sender.py:send_request():193] send_request: poll_exit
2021-09-19 10:25:58,593 DEBUG   HandlerThread:2576251 [handler.py:handle_request():124] handle_request: poll_exit
2021-09-19 10:25:58,593 DEBUG   SenderThread:2576251 [sender.py:send_request():193] send_request: poll_exit
2021-09-19 10:25:58,695 DEBUG   HandlerThread:2576251 [handler.py:handle_request():124] handle_request: poll_exit
2021-09-19 10:25:58,695 DEBUG   SenderThread:2576251 [sender.py:send_request():193] send_request: poll_exit
2021-09-19 10:25:58,796 DEBUG   HandlerThread:2576251 [handler.py:handle_request():124] handle_request: poll_exit
2021-09-19 10:25:58,797 DEBUG   SenderThread:2576251 [sender.py:send_request():193] send_request: poll_exit
2021-09-19 10:25:58,898 DEBUG   HandlerThread:2576251 [handler.py:handle_request():124] handle_request: poll_exit
2021-09-19 10:25:58,899 DEBUG   SenderThread:2576251 [sender.py:send_request():193] send_request: poll_exit
2021-09-19 10:25:59,000 DEBUG   HandlerThread:2576251 [handler.py:handle_request():124] handle_request: poll_exit
2021-09-19 10:25:59,000 DEBUG   SenderThread:2576251 [sender.py:send_request():193] send_request: poll_exit
2021-09-19 10:25:59,102 DEBUG   HandlerThread:2576251 [handler.py:handle_request():124] handle_request: poll_exit
2021-09-19 10:25:59,102 DEBUG   SenderThread:2576251 [sender.py:send_request():193] send_request: poll_exit
2021-09-19 10:25:59,204 DEBUG   HandlerThread:2576251 [handler.py:handle_request():124] handle_request: poll_exit
2021-09-19 10:25:59,204 DEBUG   SenderThread:2576251 [sender.py:send_request():193] send_request: poll_exit
2021-09-19 10:25:59,306 DEBUG   HandlerThread:2576251 [handler.py:handle_request():124] handle_request: poll_exit
2021-09-19 10:25:59,306 DEBUG   SenderThread:2576251 [sender.py:send_request():193] send_request: poll_exit
2021-09-19 10:25:59,408 DEBUG   HandlerThread:2576251 [handler.py:handle_request():124] handle_request: poll_exit
2021-09-19 10:25:59,408 DEBUG   SenderThread:2576251 [sender.py:send_request():193] send_request: poll_exit
2021-09-19 10:25:59,510 DEBUG   HandlerThread:2576251 [handler.py:handle_request():124] handle_request: poll_exit
2021-09-19 10:25:59,510 DEBUG   SenderThread:2576251 [sender.py:send_request():193] send_request: poll_exit
2021-09-19 10:25:59,612 DEBUG   HandlerThread:2576251 [handler.py:handle_request():124] handle_request: poll_exit
2021-09-19 10:25:59,612 DEBUG   SenderThread:2576251 [sender.py:send_request():193] send_request: poll_exit
2021-09-19 10:25:59,714 DEBUG   HandlerThread:2576251 [handler.py:handle_request():124] handle_request: poll_exit
2021-09-19 10:25:59,714 DEBUG   SenderThread:2576251 [sender.py:send_request():193] send_request: poll_exit
2021-09-19 10:25:59,815 DEBUG   HandlerThread:2576251 [handler.py:handle_request():124] handle_request: poll_exit
2021-09-19 10:25:59,816 DEBUG   SenderThread:2576251 [sender.py:send_request():193] send_request: poll_exit
2021-09-19 10:25:59,918 DEBUG   HandlerThread:2576251 [handler.py:handle_request():124] handle_request: poll_exit
2021-09-19 10:25:59,918 DEBUG   SenderThread:2576251 [sender.py:send_request():193] send_request: poll_exit
2021-09-19 10:26:00,020 DEBUG   HandlerThread:2576251 [handler.py:handle_request():124] handle_request: poll_exit
2021-09-19 10:26:00,020 DEBUG   SenderThread:2576251 [sender.py:send_request():193] send_request: poll_exit
2021-09-19 10:26:00,122 DEBUG   HandlerThread:2576251 [handler.py:handle_request():124] handle_request: poll_exit
2021-09-19 10:26:00,122 DEBUG   SenderThread:2576251 [sender.py:send_request():193] send_request: poll_exit
2021-09-19 10:26:00,224 DEBUG   HandlerThread:2576251 [handler.py:handle_request():124] handle_request: poll_exit
2021-09-19 10:26:00,224 DEBUG   SenderThread:2576251 [sender.py:send_request():193] send_request: poll_exit
2021-09-19 10:26:00,326 DEBUG   HandlerThread:2576251 [handler.py:handle_request():124] handle_request: poll_exit
2021-09-19 10:26:00,326 DEBUG   SenderThread:2576251 [sender.py:send_request():193] send_request: poll_exit
2021-09-19 10:26:00,428 DEBUG   HandlerThread:2576251 [handler.py:handle_request():124] handle_request: poll_exit
2021-09-19 10:26:00,428 DEBUG   SenderThread:2576251 [sender.py:send_request():193] send_request: poll_exit
2021-09-19 10:26:00,530 DEBUG   HandlerThread:2576251 [handler.py:handle_request():124] handle_request: poll_exit
2021-09-19 10:26:00,530 DEBUG   SenderThread:2576251 [sender.py:send_request():193] send_request: poll_exit
2021-09-19 10:26:00,631 DEBUG   HandlerThread:2576251 [handler.py:handle_request():124] handle_request: poll_exit
2021-09-19 10:26:00,632 DEBUG   SenderThread:2576251 [sender.py:send_request():193] send_request: poll_exit
2021-09-19 10:26:00,733 DEBUG   HandlerThread:2576251 [handler.py:handle_request():124] handle_request: poll_exit
2021-09-19 10:26:00,734 DEBUG   SenderThread:2576251 [sender.py:send_request():193] send_request: poll_exit
2021-09-19 10:26:00,835 DEBUG   HandlerThread:2576251 [handler.py:handle_request():124] handle_request: poll_exit
2021-09-19 10:26:00,836 DEBUG   SenderThread:2576251 [sender.py:send_request():193] send_request: poll_exit
2021-09-19 10:26:00,937 DEBUG   HandlerThread:2576251 [handler.py:handle_request():124] handle_request: poll_exit
2021-09-19 10:26:00,938 DEBUG   SenderThread:2576251 [sender.py:send_request():193] send_request: poll_exit
2021-09-19 10:26:01,039 DEBUG   HandlerThread:2576251 [handler.py:handle_request():124] handle_request: poll_exit
2021-09-19 10:26:01,039 DEBUG   SenderThread:2576251 [sender.py:send_request():193] send_request: poll_exit
2021-09-19 10:26:01,141 DEBUG   HandlerThread:2576251 [handler.py:handle_request():124] handle_request: poll_exit
2021-09-19 10:26:01,141 DEBUG   SenderThread:2576251 [sender.py:send_request():193] send_request: poll_exit
2021-09-19 10:26:01,243 DEBUG   HandlerThread:2576251 [handler.py:handle_request():124] handle_request: poll_exit
2021-09-19 10:26:01,243 DEBUG   SenderThread:2576251 [sender.py:send_request():193] send_request: poll_exit
2021-09-19 10:26:01,345 DEBUG   HandlerThread:2576251 [handler.py:handle_request():124] handle_request: poll_exit
2021-09-19 10:26:01,345 DEBUG   SenderThread:2576251 [sender.py:send_request():193] send_request: poll_exit
2021-09-19 10:26:01,451 DEBUG   HandlerThread:2576251 [handler.py:handle_request():124] handle_request: poll_exit
2021-09-19 10:26:01,451 DEBUG   SenderThread:2576251 [sender.py:send_request():193] send_request: poll_exit
2021-09-19 10:26:01,553 DEBUG   HandlerThread:2576251 [handler.py:handle_request():124] handle_request: poll_exit
2021-09-19 10:26:01,553 DEBUG   SenderThread:2576251 [sender.py:send_request():193] send_request: poll_exit
2021-09-19 10:26:01,655 DEBUG   HandlerThread:2576251 [handler.py:handle_request():124] handle_request: poll_exit
2021-09-19 10:26:01,655 DEBUG   SenderThread:2576251 [sender.py:send_request():193] send_request: poll_exit
2021-09-19 10:26:01,757 DEBUG   HandlerThread:2576251 [handler.py:handle_request():124] handle_request: poll_exit
2021-09-19 10:26:01,757 DEBUG   SenderThread:2576251 [sender.py:send_request():193] send_request: poll_exit
2021-09-19 10:26:01,858 DEBUG   HandlerThread:2576251 [handler.py:handle_request():124] handle_request: poll_exit
2021-09-19 10:26:01,859 DEBUG   SenderThread:2576251 [sender.py:send_request():193] send_request: poll_exit
2021-09-19 10:26:01,960 DEBUG   HandlerThread:2576251 [handler.py:handle_request():124] handle_request: poll_exit
2021-09-19 10:26:01,961 DEBUG   SenderThread:2576251 [sender.py:send_request():193] send_request: poll_exit
2021-09-19 10:26:02,062 DEBUG   HandlerThread:2576251 [handler.py:handle_request():124] handle_request: poll_exit
2021-09-19 10:26:02,063 DEBUG   SenderThread:2576251 [sender.py:send_request():193] send_request: poll_exit
2021-09-19 10:26:02,164 DEBUG   HandlerThread:2576251 [handler.py:handle_request():124] handle_request: poll_exit
2021-09-19 10:26:02,164 DEBUG   SenderThread:2576251 [sender.py:send_request():193] send_request: poll_exit
2021-09-19 10:26:02,266 DEBUG   HandlerThread:2576251 [handler.py:handle_request():124] handle_request: poll_exit
2021-09-19 10:26:02,267 DEBUG   SenderThread:2576251 [sender.py:send_request():193] send_request: poll_exit
2021-09-19 10:26:02,368 DEBUG   HandlerThread:2576251 [handler.py:handle_request():124] handle_request: poll_exit
2021-09-19 10:26:02,368 DEBUG   SenderThread:2576251 [sender.py:send_request():193] send_request: poll_exit
2021-09-19 10:26:02,470 DEBUG   HandlerThread:2576251 [handler.py:handle_request():124] handle_request: poll_exit
2021-09-19 10:26:02,470 DEBUG   SenderThread:2576251 [sender.py:send_request():193] send_request: poll_exit
2021-09-19 10:26:02,572 DEBUG   HandlerThread:2576251 [handler.py:handle_request():124] handle_request: poll_exit
2021-09-19 10:26:02,572 DEBUG   SenderThread:2576251 [sender.py:send_request():193] send_request: poll_exit
2021-09-19 10:26:02,674 DEBUG   HandlerThread:2576251 [handler.py:handle_request():124] handle_request: poll_exit
2021-09-19 10:26:02,674 DEBUG   SenderThread:2576251 [sender.py:send_request():193] send_request: poll_exit
2021-09-19 10:26:02,776 DEBUG   HandlerThread:2576251 [handler.py:handle_request():124] handle_request: poll_exit
2021-09-19 10:26:02,776 DEBUG   SenderThread:2576251 [sender.py:send_request():193] send_request: poll_exit
2021-09-19 10:26:02,878 DEBUG   HandlerThread:2576251 [handler.py:handle_request():124] handle_request: poll_exit
2021-09-19 10:26:02,878 DEBUG   SenderThread:2576251 [sender.py:send_request():193] send_request: poll_exit
2021-09-19 10:26:02,979 DEBUG   HandlerThread:2576251 [handler.py:handle_request():124] handle_request: poll_exit
2021-09-19 10:26:02,980 DEBUG   SenderThread:2576251 [sender.py:send_request():193] send_request: poll_exit
2021-09-19 10:26:03,081 DEBUG   HandlerThread:2576251 [handler.py:handle_request():124] handle_request: poll_exit
2021-09-19 10:26:03,081 DEBUG   SenderThread:2576251 [sender.py:send_request():193] send_request: poll_exit
2021-09-19 10:26:03,183 DEBUG   HandlerThread:2576251 [handler.py:handle_request():124] handle_request: poll_exit
2021-09-19 10:26:03,183 DEBUG   SenderThread:2576251 [sender.py:send_request():193] send_request: poll_exit
2021-09-19 10:26:03,285 DEBUG   HandlerThread:2576251 [handler.py:handle_request():124] handle_request: poll_exit
2021-09-19 10:26:03,285 DEBUG   SenderThread:2576251 [sender.py:send_request():193] send_request: poll_exit
2021-09-19 10:26:03,387 DEBUG   HandlerThread:2576251 [handler.py:handle_request():124] handle_request: poll_exit
2021-09-19 10:26:03,387 DEBUG   SenderThread:2576251 [sender.py:send_request():193] send_request: poll_exit
2021-09-19 10:26:03,489 DEBUG   HandlerThread:2576251 [handler.py:handle_request():124] handle_request: poll_exit
2021-09-19 10:26:03,489 DEBUG   SenderThread:2576251 [sender.py:send_request():193] send_request: poll_exit
2021-09-19 10:26:03,590 DEBUG   HandlerThread:2576251 [handler.py:handle_request():124] handle_request: poll_exit
2021-09-19 10:26:03,591 DEBUG   SenderThread:2576251 [sender.py:send_request():193] send_request: poll_exit
2021-09-19 10:26:03,692 DEBUG   HandlerThread:2576251 [handler.py:handle_request():124] handle_request: poll_exit
2021-09-19 10:26:03,693 DEBUG   SenderThread:2576251 [sender.py:send_request():193] send_request: poll_exit
2021-09-19 10:26:03,794 DEBUG   HandlerThread:2576251 [handler.py:handle_request():124] handle_request: poll_exit
2021-09-19 10:26:03,794 DEBUG   SenderThread:2576251 [sender.py:send_request():193] send_request: poll_exit
2021-09-19 10:26:03,896 DEBUG   HandlerThread:2576251 [handler.py:handle_request():124] handle_request: poll_exit
2021-09-19 10:26:03,896 DEBUG   SenderThread:2576251 [sender.py:send_request():193] send_request: poll_exit
2021-09-19 10:26:03,998 DEBUG   HandlerThread:2576251 [handler.py:handle_request():124] handle_request: poll_exit
2021-09-19 10:26:03,998 DEBUG   SenderThread:2576251 [sender.py:send_request():193] send_request: poll_exit
2021-09-19 10:26:04,100 DEBUG   HandlerThread:2576251 [handler.py:handle_request():124] handle_request: poll_exit
2021-09-19 10:26:04,100 DEBUG   SenderThread:2576251 [sender.py:send_request():193] send_request: poll_exit
2021-09-19 10:26:04,202 DEBUG   HandlerThread:2576251 [handler.py:handle_request():124] handle_request: poll_exit
2021-09-19 10:26:04,202 DEBUG   SenderThread:2576251 [sender.py:send_request():193] send_request: poll_exit
2021-09-19 10:26:04,304 DEBUG   HandlerThread:2576251 [handler.py:handle_request():124] handle_request: poll_exit
2021-09-19 10:26:04,304 DEBUG   SenderThread:2576251 [sender.py:send_request():193] send_request: poll_exit
2021-09-19 10:26:04,406 DEBUG   HandlerThread:2576251 [handler.py:handle_request():124] handle_request: poll_exit
2021-09-19 10:26:04,406 DEBUG   SenderThread:2576251 [sender.py:send_request():193] send_request: poll_exit
2021-09-19 10:26:04,508 DEBUG   HandlerThread:2576251 [handler.py:handle_request():124] handle_request: poll_exit
2021-09-19 10:26:04,508 DEBUG   SenderThread:2576251 [sender.py:send_request():193] send_request: poll_exit
2021-09-19 10:26:04,610 DEBUG   HandlerThread:2576251 [handler.py:handle_request():124] handle_request: poll_exit
2021-09-19 10:26:04,610 DEBUG   SenderThread:2576251 [sender.py:send_request():193] send_request: poll_exit
2021-09-19 10:26:04,712 DEBUG   HandlerThread:2576251 [handler.py:handle_request():124] handle_request: poll_exit
2021-09-19 10:26:04,712 DEBUG   SenderThread:2576251 [sender.py:send_request():193] send_request: poll_exit
2021-09-19 10:26:04,813 DEBUG   HandlerThread:2576251 [handler.py:handle_request():124] handle_request: poll_exit
2021-09-19 10:26:04,814 DEBUG   SenderThread:2576251 [sender.py:send_request():193] send_request: poll_exit
2021-09-19 10:26:04,915 DEBUG   HandlerThread:2576251 [handler.py:handle_request():124] handle_request: poll_exit
2021-09-19 10:26:04,916 DEBUG   SenderThread:2576251 [sender.py:send_request():193] send_request: poll_exit
2021-09-19 10:26:05,018 DEBUG   HandlerThread:2576251 [handler.py:handle_request():124] handle_request: poll_exit
2021-09-19 10:26:05,018 DEBUG   SenderThread:2576251 [sender.py:send_request():193] send_request: poll_exit
2021-09-19 10:26:05,119 DEBUG   HandlerThread:2576251 [handler.py:handle_request():124] handle_request: poll_exit
2021-09-19 10:26:05,120 DEBUG   SenderThread:2576251 [sender.py:send_request():193] send_request: poll_exit
2021-09-19 10:26:05,221 DEBUG   HandlerThread:2576251 [handler.py:handle_request():124] handle_request: poll_exit
2021-09-19 10:26:05,222 DEBUG   SenderThread:2576251 [sender.py:send_request():193] send_request: poll_exit
2021-09-19 10:26:05,323 DEBUG   HandlerThread:2576251 [handler.py:handle_request():124] handle_request: poll_exit
2021-09-19 10:26:05,324 DEBUG   SenderThread:2576251 [sender.py:send_request():193] send_request: poll_exit
2021-09-19 10:26:05,425 DEBUG   HandlerThread:2576251 [handler.py:handle_request():124] handle_request: poll_exit
2021-09-19 10:26:05,426 DEBUG   SenderThread:2576251 [sender.py:send_request():193] send_request: poll_exit
2021-09-19 10:26:05,527 DEBUG   HandlerThread:2576251 [handler.py:handle_request():124] handle_request: poll_exit
2021-09-19 10:26:05,528 DEBUG   SenderThread:2576251 [sender.py:send_request():193] send_request: poll_exit
2021-09-19 10:26:05,629 DEBUG   HandlerThread:2576251 [handler.py:handle_request():124] handle_request: poll_exit
2021-09-19 10:26:05,630 DEBUG   SenderThread:2576251 [sender.py:send_request():193] send_request: poll_exit
2021-09-19 10:26:05,731 DEBUG   HandlerThread:2576251 [handler.py:handle_request():124] handle_request: poll_exit
2021-09-19 10:26:05,731 DEBUG   SenderThread:2576251 [sender.py:send_request():193] send_request: poll_exit
2021-09-19 10:26:05,833 DEBUG   HandlerThread:2576251 [handler.py:handle_request():124] handle_request: poll_exit
2021-09-19 10:26:05,833 DEBUG   SenderThread:2576251 [sender.py:send_request():193] send_request: poll_exit
2021-09-19 10:26:05,935 DEBUG   HandlerThread:2576251 [handler.py:handle_request():124] handle_request: poll_exit
2021-09-19 10:26:05,935 DEBUG   SenderThread:2576251 [sender.py:send_request():193] send_request: poll_exit
2021-09-19 10:26:06,037 DEBUG   HandlerThread:2576251 [handler.py:handle_request():124] handle_request: poll_exit
2021-09-19 10:26:06,037 DEBUG   SenderThread:2576251 [sender.py:send_request():193] send_request: poll_exit
2021-09-19 10:26:06,138 DEBUG   HandlerThread:2576251 [handler.py:handle_request():124] handle_request: poll_exit
2021-09-19 10:26:06,139 DEBUG   SenderThread:2576251 [sender.py:send_request():193] send_request: poll_exit
2021-09-19 10:26:06,240 DEBUG   HandlerThread:2576251 [handler.py:handle_request():124] handle_request: poll_exit
2021-09-19 10:26:06,241 DEBUG   SenderThread:2576251 [sender.py:send_request():193] send_request: poll_exit
2021-09-19 10:26:06,342 DEBUG   HandlerThread:2576251 [handler.py:handle_request():124] handle_request: poll_exit
2021-09-19 10:26:06,343 DEBUG   SenderThread:2576251 [sender.py:send_request():193] send_request: poll_exit
2021-09-19 10:26:06,445 DEBUG   HandlerThread:2576251 [handler.py:handle_request():124] handle_request: poll_exit
2021-09-19 10:26:06,445 DEBUG   SenderThread:2576251 [sender.py:send_request():193] send_request: poll_exit
2021-09-19 10:26:06,475 INFO    Thread-14 :2576251 [upload_job.py:push():137] Uploaded file /grid/koo/home/toneyan/profile/QuantPred/wandb/run-20210919_102235-z1qry5c6/files/wandb-summary.json
2021-09-19 10:26:06,546 DEBUG   HandlerThread:2576251 [handler.py:handle_request():124] handle_request: poll_exit
2021-09-19 10:26:06,547 DEBUG   SenderThread:2576251 [sender.py:send_request():193] send_request: poll_exit
2021-09-19 10:26:06,648 DEBUG   HandlerThread:2576251 [handler.py:handle_request():124] handle_request: poll_exit
2021-09-19 10:26:06,649 DEBUG   SenderThread:2576251 [sender.py:send_request():193] send_request: poll_exit
2021-09-19 10:26:06,750 DEBUG   HandlerThread:2576251 [handler.py:handle_request():124] handle_request: poll_exit
2021-09-19 10:26:06,751 DEBUG   SenderThread:2576251 [sender.py:send_request():193] send_request: poll_exit
2021-09-19 10:26:06,853 DEBUG   HandlerThread:2576251 [handler.py:handle_request():124] handle_request: poll_exit
2021-09-19 10:26:06,853 DEBUG   SenderThread:2576251 [sender.py:send_request():193] send_request: poll_exit
2021-09-19 10:26:06,954 DEBUG   HandlerThread:2576251 [handler.py:handle_request():124] handle_request: poll_exit
2021-09-19 10:26:06,955 DEBUG   SenderThread:2576251 [sender.py:send_request():193] send_request: poll_exit
2021-09-19 10:26:07,056 DEBUG   HandlerThread:2576251 [handler.py:handle_request():124] handle_request: poll_exit
2021-09-19 10:26:07,056 DEBUG   SenderThread:2576251 [sender.py:send_request():193] send_request: poll_exit
2021-09-19 10:26:07,158 DEBUG   HandlerThread:2576251 [handler.py:handle_request():124] handle_request: poll_exit
2021-09-19 10:26:07,158 DEBUG   SenderThread:2576251 [sender.py:send_request():193] send_request: poll_exit
2021-09-19 10:26:07,168 INFO    Thread-13 :2576251 [upload_job.py:push():137] Uploaded file /grid/koo/home/toneyan/profile/QuantPred/wandb/run-20210919_102235-z1qry5c6/files/requirements.txt
2021-09-19 10:26:07,208 INFO    Thread-12 :2576251 [upload_job.py:push():137] Uploaded file /grid/koo/home/toneyan/profile/QuantPred/wandb/run-20210919_102235-z1qry5c6/files/config.yaml
2021-09-19 10:26:07,260 DEBUG   HandlerThread:2576251 [handler.py:handle_request():124] handle_request: poll_exit
2021-09-19 10:26:07,260 DEBUG   SenderThread:2576251 [sender.py:send_request():193] send_request: poll_exit
2021-09-19 10:26:07,361 DEBUG   HandlerThread:2576251 [handler.py:handle_request():124] handle_request: poll_exit
2021-09-19 10:26:07,362 DEBUG   SenderThread:2576251 [sender.py:send_request():193] send_request: poll_exit
2021-09-19 10:26:07,409 INFO    Thread-7  :2576251 [sender.py:transition_state():308] send defer: 7
2021-09-19 10:26:07,410 DEBUG   HandlerThread:2576251 [handler.py:handle_request():124] handle_request: defer
2021-09-19 10:26:07,410 INFO    HandlerThread:2576251 [handler.py:handle_request_defer():141] handle defer: 7
2021-09-19 10:26:07,410 DEBUG   SenderThread:2576251 [sender.py:send_request():193] send_request: defer
2021-09-19 10:26:07,410 INFO    SenderThread:2576251 [sender.py:send_request_defer():304] handle sender defer: 7
2021-09-19 10:26:07,463 DEBUG   HandlerThread:2576251 [handler.py:handle_request():124] handle_request: poll_exit
2021-09-19 10:26:07,468 INFO    SenderThread:2576251 [sender.py:transition_state():308] send defer: 8
2021-09-19 10:26:07,468 DEBUG   SenderThread:2576251 [sender.py:send_request():193] send_request: poll_exit
2021-09-19 10:26:07,469 DEBUG   HandlerThread:2576251 [handler.py:handle_request():124] handle_request: defer
2021-09-19 10:26:07,469 INFO    HandlerThread:2576251 [handler.py:handle_request_defer():141] handle defer: 8
2021-09-19 10:26:07,469 DEBUG   SenderThread:2576251 [sender.py:send_request():193] send_request: defer
2021-09-19 10:26:07,469 INFO    SenderThread:2576251 [sender.py:send_request_defer():304] handle sender defer: 8
2021-09-19 10:26:07,469 INFO    SenderThread:2576251 [sender.py:transition_state():308] send defer: 9
2021-09-19 10:26:07,469 DEBUG   SenderThread:2576251 [sender.py:send():179] send: final
2021-09-19 10:26:07,470 DEBUG   HandlerThread:2576251 [handler.py:handle_request():124] handle_request: defer
2021-09-19 10:26:07,470 DEBUG   SenderThread:2576251 [sender.py:send():179] send: footer
2021-09-19 10:26:07,470 INFO    HandlerThread:2576251 [handler.py:handle_request_defer():141] handle defer: 9
2021-09-19 10:26:07,470 DEBUG   SenderThread:2576251 [sender.py:send_request():193] send_request: defer
2021-09-19 10:26:07,470 INFO    SenderThread:2576251 [sender.py:send_request_defer():304] handle sender defer: 9
2021-09-19 10:26:07,570 DEBUG   HandlerThread:2576251 [handler.py:handle_request():124] handle_request: poll_exit
2021-09-19 10:26:07,571 DEBUG   SenderThread:2576251 [sender.py:send_request():193] send_request: poll_exit
2021-09-19 10:26:07,571 INFO    SenderThread:2576251 [file_pusher.py:join():182] waiting for file pusher
2021-09-19 10:26:07,572 DEBUG   HandlerThread:2576251 [handler.py:handle_request():124] handle_request: get_summary
2021-09-19 10:26:07,572 DEBUG   HandlerThread:2576251 [handler.py:handle_request():124] handle_request: sampled_history
2021-09-19 10:26:07,572 DEBUG   HandlerThread:2576251 [handler.py:handle_request():124] handle_request: shutdown
2021-09-19 10:26:07,573 INFO    HandlerThread:2576251 [handler.py:finish():638] shutting down handler
2021-09-19 10:26:08,470 INFO    WriterThread:2576251 [datastore.py:close():288] close: /grid/koo/home/toneyan/profile/QuantPred/wandb/run-20210919_102235-z1qry5c6/run-z1qry5c6.wandb
2021-09-19 10:26:08,571 INFO    SenderThread:2576251 [sender.py:finish():945] shutting down sender
2021-09-19 10:26:08,571 INFO    SenderThread:2576251 [file_pusher.py:finish():177] shutting down file pusher
2021-09-19 10:26:08,571 INFO    SenderThread:2576251 [file_pusher.py:join():182] waiting for file pusher
2021-09-19 10:26:08,572 INFO    MainThread:2576251 [internal.py:handle_exit():78] Internal process exited
