2021-09-14 08:05:08,847 INFO    MainThread:1166906 [internal.py:wandb_internal():91] W&B internal server running at pid: 1166906, started at: 2021-09-14 08:05:08.847013
2021-09-14 08:05:08,849 DEBUG   HandlerThread:1166906 [handler.py:handle_request():124] handle_request: check_version
2021-09-14 08:05:08,849 INFO    WriterThread:1166906 [datastore.py:open_for_write():80] open: /grid/koo/home/toneyan/profile/QuantPred/wandb/run-20210914_080508-2a9hkui3/run-2a9hkui3.wandb
2021-09-14 08:05:08,850 DEBUG   SenderThread:1166906 [sender.py:send():179] send: header
2021-09-14 08:05:08,850 DEBUG   SenderThread:1166906 [sender.py:send_request():193] send_request: check_version
2021-09-14 08:05:08,879 DEBUG   SenderThread:1166906 [sender.py:send():179] send: run
2021-09-14 08:05:08,963 INFO    SenderThread:1166906 [dir_watcher.py:__init__():168] watching files in: /grid/koo/home/toneyan/profile/QuantPred/wandb/run-20210914_080508-2a9hkui3/files
2021-09-14 08:05:08,964 INFO    SenderThread:1166906 [sender.py:_start_run_threads():719] run started: 2a9hkui3 with start time 1631621108
2021-09-14 08:05:08,964 DEBUG   SenderThread:1166906 [sender.py:send():179] send: summary
2021-09-14 08:05:08,964 INFO    SenderThread:1166906 [sender.py:_save_file():841] saving file wandb-summary.json with policy end
2021-09-14 08:05:08,965 DEBUG   HandlerThread:1166906 [handler.py:handle_request():124] handle_request: run_start
2021-09-14 08:05:09,967 INFO    Thread-8  :1166906 [dir_watcher.py:_on_file_created():216] file/dir created: /grid/koo/home/toneyan/profile/QuantPred/wandb/run-20210914_080508-2a9hkui3/files/wandb-summary.json
2021-09-14 08:05:10,045 DEBUG   HandlerThread:1166906 [meta.py:__init__():39] meta init
2021-09-14 08:05:10,046 DEBUG   HandlerThread:1166906 [meta.py:__init__():53] meta init done
2021-09-14 08:05:10,046 DEBUG   HandlerThread:1166906 [meta.py:probe():210] probe
2021-09-14 08:05:10,052 DEBUG   HandlerThread:1166906 [meta.py:_save_pip():57] save pip
2021-09-14 08:05:10,053 DEBUG   HandlerThread:1166906 [meta.py:_save_pip():71] save pip done
2021-09-14 08:05:10,053 DEBUG   HandlerThread:1166906 [meta.py:probe():252] probe done
2021-09-14 08:05:10,056 DEBUG   SenderThread:1166906 [sender.py:send():179] send: files
2021-09-14 08:05:10,057 INFO    SenderThread:1166906 [sender.py:_save_file():841] saving file wandb-metadata.json with policy now
2021-09-14 08:05:10,064 DEBUG   HandlerThread:1166906 [handler.py:handle_request():124] handle_request: stop_status
2021-09-14 08:05:10,064 DEBUG   SenderThread:1166906 [sender.py:send_request():193] send_request: stop_status
2021-09-14 08:05:10,116 ERROR   Thread-11 :1166906 [internal_api.py:execute():130] 429 response executing GraphQL.
2021-09-14 08:05:10,116 ERROR   Thread-11 :1166906 [internal_api.py:execute():131] {"error":"rate limit exceeded"}

2021-09-14 08:05:10,118 ERROR   SenderThread:1166906 [internal_api.py:execute():130] 429 response executing GraphQL.
2021-09-14 08:05:10,118 ERROR   SenderThread:1166906 [internal_api.py:execute():131] {"error":"rate limit exceeded"}

2021-09-14 08:05:10,966 INFO    Thread-8  :1166906 [dir_watcher.py:_on_file_created():216] file/dir created: /grid/koo/home/toneyan/profile/QuantPred/wandb/run-20210914_080508-2a9hkui3/files/requirements.txt
2021-09-14 08:05:10,967 INFO    Thread-8  :1166906 [dir_watcher.py:_on_file_created():216] file/dir created: /grid/koo/home/toneyan/profile/QuantPred/wandb/run-20210914_080508-2a9hkui3/files/wandb-metadata.json
2021-09-14 08:05:10,967 INFO    Thread-8  :1166906 [dir_watcher.py:_on_file_created():216] file/dir created: /grid/koo/home/toneyan/profile/QuantPred/wandb/run-20210914_080508-2a9hkui3/files/output.log
2021-09-14 08:05:11,181 ERROR   Thread-11 :1166906 [internal_api.py:execute():130] 429 response executing GraphQL.
2021-09-14 08:05:11,181 ERROR   Thread-11 :1166906 [internal_api.py:execute():131] {"error":"rate limit exceeded"}

2021-09-14 08:05:11,288 ERROR   SenderThread:1166906 [internal_api.py:execute():130] 429 response executing GraphQL.
2021-09-14 08:05:11,288 ERROR   SenderThread:1166906 [internal_api.py:execute():131] {"error":"rate limit exceeded"}

2021-09-14 08:05:11,288 ERROR   SenderThread:1166906 [retry.py:__call__():126] Retry attempt failed:
Traceback (most recent call last):
  File "/usr/local/lib/python3.6/dist-packages/wandb/sdk/lib/retry.py", line 102, in __call__
    result = self._call_fn(*args, **kwargs)
  File "/usr/local/lib/python3.6/dist-packages/wandb/sdk/internal/internal_api.py", line 133, in execute
    six.reraise(*sys.exc_info())
  File "/usr/local/lib/python3.6/dist-packages/six.py", line 719, in reraise
    raise value
  File "/usr/local/lib/python3.6/dist-packages/wandb/sdk/internal/internal_api.py", line 127, in execute
    return self.client.execute(*args, **kwargs)
  File "/usr/local/lib/python3.6/dist-packages/wandb/vendor/gql-0.2.0/gql/client.py", line 52, in execute
    result = self._get_result(document, *args, **kwargs)
  File "/usr/local/lib/python3.6/dist-packages/wandb/vendor/gql-0.2.0/gql/client.py", line 60, in _get_result
    return self.transport.execute(document, *args, **kwargs)
  File "/usr/local/lib/python3.6/dist-packages/wandb/vendor/gql-0.2.0/gql/transport/requests.py", line 39, in execute
    request.raise_for_status()
  File "/usr/local/lib/python3.6/dist-packages/requests/models.py", line 943, in raise_for_status
    raise HTTPError(http_error_msg, response=self)
requests.exceptions.HTTPError: 429 Client Error: Too Many Requests for url: https://api.wandb.ai/graphql
2021-09-14 08:05:13,711 ERROR   Thread-11 :1166906 [internal_api.py:execute():130] 429 response executing GraphQL.
2021-09-14 08:05:13,712 ERROR   Thread-11 :1166906 [internal_api.py:execute():131] {"error":"rate limit exceeded"}

2021-09-14 08:05:13,770 ERROR   SenderThread:1166906 [internal_api.py:execute():130] 429 response executing GraphQL.
2021-09-14 08:05:13,770 ERROR   SenderThread:1166906 [internal_api.py:execute():131] {"error":"rate limit exceeded"}

2021-09-14 08:05:18,663 INFO    Thread-11 :1166906 [upload_job.py:push():137] Uploaded file /tmp/3287118.1.gpu_ded.q/tmp4wf3jx3qwandb/22copwk5-wandb-metadata.json
2021-09-14 08:05:32,934 DEBUG   HandlerThread:1166906 [handler.py:handle_request():124] handle_request: stop_status
2021-09-14 08:05:32,934 DEBUG   SenderThread:1166906 [sender.py:send_request():193] send_request: stop_status
2021-09-14 08:05:38,388 DEBUG   SenderThread:1166906 [sender.py:send():179] send: stats
2021-09-14 08:05:42,102 DEBUG   HandlerThread:1166906 [handler.py:handle_request():124] handle_request: poll_exit
2021-09-14 08:05:42,102 DEBUG   SenderThread:1166906 [sender.py:send():179] send: telemetry
2021-09-14 08:05:42,102 DEBUG   SenderThread:1166906 [sender.py:send():179] send: exit
2021-09-14 08:05:42,102 INFO    SenderThread:1166906 [sender.py:send_exit():287] handling exit code: 1
2021-09-14 08:05:42,102 INFO    SenderThread:1166906 [sender.py:send_exit():295] send defer
2021-09-14 08:05:42,102 DEBUG   SenderThread:1166906 [sender.py:send_request():193] send_request: poll_exit
2021-09-14 08:05:42,103 DEBUG   HandlerThread:1166906 [handler.py:handle_request():124] handle_request: defer
2021-09-14 08:05:42,103 INFO    HandlerThread:1166906 [handler.py:handle_request_defer():141] handle defer: 0
2021-09-14 08:05:42,103 DEBUG   SenderThread:1166906 [sender.py:send_request():193] send_request: defer
2021-09-14 08:05:42,103 INFO    SenderThread:1166906 [sender.py:send_request_defer():304] handle sender defer: 0
2021-09-14 08:05:42,103 INFO    SenderThread:1166906 [sender.py:transition_state():308] send defer: 1
2021-09-14 08:05:42,103 DEBUG   HandlerThread:1166906 [handler.py:handle_request():124] handle_request: defer
2021-09-14 08:05:42,103 INFO    HandlerThread:1166906 [handler.py:handle_request_defer():141] handle defer: 1
2021-09-14 08:05:42,131 DEBUG   SenderThread:1166906 [sender.py:send_request():193] send_request: defer
2021-09-14 08:05:42,131 INFO    SenderThread:1166906 [sender.py:send_request_defer():304] handle sender defer: 1
2021-09-14 08:05:42,131 INFO    SenderThread:1166906 [sender.py:transition_state():308] send defer: 2
2021-09-14 08:05:42,131 DEBUG   SenderThread:1166906 [sender.py:send():179] send: stats
2021-09-14 08:05:42,131 DEBUG   HandlerThread:1166906 [handler.py:handle_request():124] handle_request: defer
2021-09-14 08:05:42,133 INFO    HandlerThread:1166906 [handler.py:handle_request_defer():141] handle defer: 2
2021-09-14 08:05:42,133 DEBUG   SenderThread:1166906 [sender.py:send_request():193] send_request: defer
2021-09-14 08:05:42,133 INFO    SenderThread:1166906 [sender.py:send_request_defer():304] handle sender defer: 2
2021-09-14 08:05:42,133 INFO    SenderThread:1166906 [sender.py:transition_state():308] send defer: 3
2021-09-14 08:05:42,133 DEBUG   HandlerThread:1166906 [handler.py:handle_request():124] handle_request: defer
2021-09-14 08:05:42,133 INFO    HandlerThread:1166906 [handler.py:handle_request_defer():141] handle defer: 3
2021-09-14 08:05:42,134 DEBUG   SenderThread:1166906 [sender.py:send():179] send: summary
2021-09-14 08:05:42,134 INFO    SenderThread:1166906 [sender.py:_save_file():841] saving file wandb-summary.json with policy end
2021-09-14 08:05:42,134 DEBUG   SenderThread:1166906 [sender.py:send_request():193] send_request: defer
2021-09-14 08:05:42,134 INFO    SenderThread:1166906 [sender.py:send_request_defer():304] handle sender defer: 3
2021-09-14 08:05:42,134 INFO    SenderThread:1166906 [sender.py:transition_state():308] send defer: 4
2021-09-14 08:05:42,134 DEBUG   HandlerThread:1166906 [handler.py:handle_request():124] handle_request: defer
2021-09-14 08:05:42,134 INFO    HandlerThread:1166906 [handler.py:handle_request_defer():141] handle defer: 4
2021-09-14 08:05:42,134 DEBUG   SenderThread:1166906 [sender.py:send_request():193] send_request: defer
2021-09-14 08:05:42,134 INFO    SenderThread:1166906 [sender.py:send_request_defer():304] handle sender defer: 4
2021-09-14 08:05:42,198 ERROR   SenderThread:1166906 [internal_api.py:execute():130] 429 response executing GraphQL.
2021-09-14 08:05:42,198 ERROR   SenderThread:1166906 [internal_api.py:execute():131] {"error":"rate limit exceeded"}

2021-09-14 08:05:42,204 DEBUG   HandlerThread:1166906 [handler.py:handle_request():124] handle_request: poll_exit
2021-09-14 08:05:42,978 INFO    Thread-8  :1166906 [dir_watcher.py:_on_file_modified():229] file/dir modified: /grid/koo/home/toneyan/profile/QuantPred/wandb/run-20210914_080508-2a9hkui3/files/wandb-summary.json
2021-09-14 08:05:43,437 ERROR   SenderThread:1166906 [internal_api.py:execute():130] 429 response executing GraphQL.
2021-09-14 08:05:43,437 ERROR   SenderThread:1166906 [internal_api.py:execute():131] {"error":"rate limit exceeded"}

2021-09-14 08:05:45,666 INFO    SenderThread:1166906 [sender.py:transition_state():308] send defer: 5
2021-09-14 08:05:45,666 DEBUG   SenderThread:1166906 [sender.py:send_request():193] send_request: poll_exit
2021-09-14 08:05:45,666 DEBUG   HandlerThread:1166906 [handler.py:handle_request():124] handle_request: defer
2021-09-14 08:05:45,667 INFO    HandlerThread:1166906 [handler.py:handle_request_defer():141] handle defer: 5
2021-09-14 08:05:45,667 DEBUG   SenderThread:1166906 [sender.py:send_request():193] send_request: defer
2021-09-14 08:05:45,667 INFO    SenderThread:1166906 [sender.py:send_request_defer():304] handle sender defer: 5
2021-09-14 08:05:45,667 INFO    SenderThread:1166906 [dir_watcher.py:finish():282] shutting down directory watcher
2021-09-14 08:05:45,772 DEBUG   HandlerThread:1166906 [handler.py:handle_request():124] handle_request: poll_exit
2021-09-14 08:05:45,979 INFO    SenderThread:1166906 [dir_watcher.py:_on_file_modified():229] file/dir modified: /grid/koo/home/toneyan/profile/QuantPred/wandb/run-20210914_080508-2a9hkui3/files/config.yaml
2021-09-14 08:05:45,979 INFO    SenderThread:1166906 [dir_watcher.py:finish():312] scan: /grid/koo/home/toneyan/profile/QuantPred/wandb/run-20210914_080508-2a9hkui3/files
2021-09-14 08:05:45,980 INFO    SenderThread:1166906 [dir_watcher.py:finish():318] scan save: /grid/koo/home/toneyan/profile/QuantPred/wandb/run-20210914_080508-2a9hkui3/files/wandb-metadata.json wandb-metadata.json
2021-09-14 08:05:45,980 INFO    SenderThread:1166906 [dir_watcher.py:finish():318] scan save: /grid/koo/home/toneyan/profile/QuantPred/wandb/run-20210914_080508-2a9hkui3/files/config.yaml config.yaml
2021-09-14 08:05:45,980 INFO    SenderThread:1166906 [dir_watcher.py:finish():318] scan save: /grid/koo/home/toneyan/profile/QuantPred/wandb/run-20210914_080508-2a9hkui3/files/requirements.txt requirements.txt
2021-09-14 08:05:45,980 INFO    SenderThread:1166906 [dir_watcher.py:finish():318] scan save: /grid/koo/home/toneyan/profile/QuantPred/wandb/run-20210914_080508-2a9hkui3/files/wandb-summary.json wandb-summary.json
2021-09-14 08:05:45,983 INFO    SenderThread:1166906 [dir_watcher.py:finish():318] scan save: /grid/koo/home/toneyan/profile/QuantPred/wandb/run-20210914_080508-2a9hkui3/files/output.log output.log
2021-09-14 08:05:45,986 INFO    SenderThread:1166906 [sender.py:transition_state():308] send defer: 6
2021-09-14 08:05:45,986 DEBUG   SenderThread:1166906 [sender.py:send_request():193] send_request: poll_exit
2021-09-14 08:05:45,991 DEBUG   HandlerThread:1166906 [handler.py:handle_request():124] handle_request: defer
2021-09-14 08:05:45,992 INFO    HandlerThread:1166906 [handler.py:handle_request_defer():141] handle defer: 6
2021-09-14 08:05:45,992 DEBUG   SenderThread:1166906 [sender.py:send_request():193] send_request: defer
2021-09-14 08:05:45,992 INFO    SenderThread:1166906 [sender.py:send_request_defer():304] handle sender defer: 6
2021-09-14 08:05:45,992 INFO    SenderThread:1166906 [file_pusher.py:finish():177] shutting down file pusher
2021-09-14 08:05:46,092 DEBUG   HandlerThread:1166906 [handler.py:handle_request():124] handle_request: poll_exit
2021-09-14 08:05:46,093 DEBUG   SenderThread:1166906 [sender.py:send_request():193] send_request: poll_exit
2021-09-14 08:05:46,198 DEBUG   HandlerThread:1166906 [handler.py:handle_request():124] handle_request: poll_exit
2021-09-14 08:05:46,198 DEBUG   SenderThread:1166906 [sender.py:send_request():193] send_request: poll_exit
2021-09-14 08:05:46,299 DEBUG   HandlerThread:1166906 [handler.py:handle_request():124] handle_request: poll_exit
2021-09-14 08:05:46,299 DEBUG   SenderThread:1166906 [sender.py:send_request():193] send_request: poll_exit
2021-09-14 08:05:46,321 INFO    Thread-12 :1166906 [upload_job.py:push():137] Uploaded file /grid/koo/home/toneyan/profile/QuantPred/wandb/run-20210914_080508-2a9hkui3/files/config.yaml
2021-09-14 08:05:46,381 INFO    Thread-13 :1166906 [upload_job.py:push():137] Uploaded file /grid/koo/home/toneyan/profile/QuantPred/wandb/run-20210914_080508-2a9hkui3/files/requirements.txt
2021-09-14 08:05:46,401 DEBUG   HandlerThread:1166906 [handler.py:handle_request():124] handle_request: poll_exit
2021-09-14 08:05:46,401 DEBUG   SenderThread:1166906 [sender.py:send_request():193] send_request: poll_exit
2021-09-14 08:05:46,404 INFO    Thread-14 :1166906 [upload_job.py:push():137] Uploaded file /grid/koo/home/toneyan/profile/QuantPred/wandb/run-20210914_080508-2a9hkui3/files/wandb-summary.json
2021-09-14 08:05:46,502 DEBUG   HandlerThread:1166906 [handler.py:handle_request():124] handle_request: poll_exit
2021-09-14 08:05:46,502 DEBUG   SenderThread:1166906 [sender.py:send_request():193] send_request: poll_exit
2021-09-14 08:05:46,604 DEBUG   HandlerThread:1166906 [handler.py:handle_request():124] handle_request: poll_exit
2021-09-14 08:05:46,604 DEBUG   SenderThread:1166906 [sender.py:send_request():193] send_request: poll_exit
2021-09-14 08:05:46,604 INFO    Thread-7  :1166906 [sender.py:transition_state():308] send defer: 7
2021-09-14 08:05:46,605 DEBUG   HandlerThread:1166906 [handler.py:handle_request():124] handle_request: defer
2021-09-14 08:05:46,605 INFO    HandlerThread:1166906 [handler.py:handle_request_defer():141] handle defer: 7
2021-09-14 08:05:46,605 DEBUG   SenderThread:1166906 [sender.py:send_request():193] send_request: defer
2021-09-14 08:05:46,605 INFO    SenderThread:1166906 [sender.py:send_request_defer():304] handle sender defer: 7
2021-09-14 08:05:46,654 INFO    SenderThread:1166906 [sender.py:transition_state():308] send defer: 8
2021-09-14 08:05:46,655 DEBUG   HandlerThread:1166906 [handler.py:handle_request():124] handle_request: defer
2021-09-14 08:05:46,655 INFO    HandlerThread:1166906 [handler.py:handle_request_defer():141] handle defer: 8
2021-09-14 08:05:46,655 DEBUG   SenderThread:1166906 [sender.py:send_request():193] send_request: defer
2021-09-14 08:05:46,655 INFO    SenderThread:1166906 [sender.py:send_request_defer():304] handle sender defer: 8
2021-09-14 08:05:46,655 INFO    SenderThread:1166906 [sender.py:transition_state():308] send defer: 9
2021-09-14 08:05:46,655 DEBUG   HandlerThread:1166906 [handler.py:handle_request():124] handle_request: defer
2021-09-14 08:05:46,655 DEBUG   SenderThread:1166906 [sender.py:send():179] send: final
2021-09-14 08:05:46,656 INFO    HandlerThread:1166906 [handler.py:handle_request_defer():141] handle defer: 9
2021-09-14 08:05:46,656 DEBUG   SenderThread:1166906 [sender.py:send():179] send: footer
2021-09-14 08:05:46,656 DEBUG   SenderThread:1166906 [sender.py:send_request():193] send_request: defer
2021-09-14 08:05:46,656 INFO    SenderThread:1166906 [sender.py:send_request_defer():304] handle sender defer: 9
2021-09-14 08:05:46,705 DEBUG   HandlerThread:1166906 [handler.py:handle_request():124] handle_request: poll_exit
2021-09-14 08:05:46,705 DEBUG   SenderThread:1166906 [sender.py:send_request():193] send_request: poll_exit
2021-09-14 08:05:46,705 INFO    SenderThread:1166906 [file_pusher.py:join():182] waiting for file pusher
2021-09-14 08:05:46,706 DEBUG   HandlerThread:1166906 [handler.py:handle_request():124] handle_request: get_summary
2021-09-14 08:05:46,706 DEBUG   HandlerThread:1166906 [handler.py:handle_request():124] handle_request: sampled_history
2021-09-14 08:05:46,706 DEBUG   HandlerThread:1166906 [handler.py:handle_request():124] handle_request: shutdown
2021-09-14 08:05:46,706 INFO    HandlerThread:1166906 [handler.py:finish():638] shutting down handler
2021-09-14 08:05:47,656 INFO    WriterThread:1166906 [datastore.py:close():288] close: /grid/koo/home/toneyan/profile/QuantPred/wandb/run-20210914_080508-2a9hkui3/run-2a9hkui3.wandb
2021-09-14 08:05:47,705 INFO    SenderThread:1166906 [sender.py:finish():945] shutting down sender
2021-09-14 08:05:47,706 INFO    SenderThread:1166906 [file_pusher.py:finish():177] shutting down file pusher
2021-09-14 08:05:47,706 INFO    SenderThread:1166906 [file_pusher.py:join():182] waiting for file pusher
2021-09-14 08:05:47,708 INFO    MainThread:1166906 [internal.py:handle_exit():78] Internal process exited
