2021-09-19 09:22:35,135 INFO    MainThread:1175747 [internal.py:wandb_internal():91] W&B internal server running at pid: 1175747, started at: 2021-09-19 09:22:35.132859
2021-09-19 09:22:35,137 DEBUG   HandlerThread:1175747 [handler.py:handle_request():124] handle_request: check_version
2021-09-19 09:22:35,137 INFO    WriterThread:1175747 [datastore.py:open_for_write():80] open: /grid/koo/home/toneyan/profile/QuantPred/wandb/run-20210919_092234-jevdvp7e/run-jevdvp7e.wandb
2021-09-19 09:22:35,143 DEBUG   SenderThread:1175747 [sender.py:send():179] send: header
2021-09-19 09:22:35,143 DEBUG   SenderThread:1175747 [sender.py:send_request():193] send_request: check_version
2021-09-19 09:22:35,178 DEBUG   SenderThread:1175747 [sender.py:send():179] send: run
2021-09-19 09:22:35,242 ERROR   SenderThread:1175747 [internal_api.py:execute():130] 429 response executing GraphQL.
2021-09-19 09:22:35,243 ERROR   SenderThread:1175747 [internal_api.py:execute():131] {"error":"rate limit exceeded"}

2021-09-19 09:22:36,396 ERROR   SenderThread:1175747 [internal_api.py:execute():130] 429 response executing GraphQL.
2021-09-19 09:22:36,397 ERROR   SenderThread:1175747 [internal_api.py:execute():131] {"error":"rate limit exceeded"}

2021-09-19 09:22:38,802 ERROR   SenderThread:1175747 [internal_api.py:execute():130] 429 response executing GraphQL.
2021-09-19 09:22:38,803 ERROR   SenderThread:1175747 [internal_api.py:execute():131] {"error":"rate limit exceeded"}

2021-09-19 09:22:38,803 ERROR   SenderThread:1175747 [retry.py:__call__():126] Retry attempt failed:
Traceback (most recent call last):
  File "/usr/local/lib/python3.6/dist-packages/wandb/sdk/lib/retry.py", line 102, in __call__
    result = self._call_fn(*args, **kwargs)
  File "/usr/local/lib/python3.6/dist-packages/wandb/sdk/internal/internal_api.py", line 133, in execute
    six.reraise(*sys.exc_info())
  File "/usr/local/lib/python3.6/dist-packages/six.py", line 719, in reraise
    raise value
  File "/usr/local/lib/python3.6/dist-packages/wandb/sdk/internal/internal_api.py", line 127, in execute
    return self.client.execute(*args, **kwargs)
  File "/usr/local/lib/python3.6/dist-packages/wandb/vendor/gql-0.2.0/gql/client.py", line 52, in execute
    result = self._get_result(document, *args, **kwargs)
  File "/usr/local/lib/python3.6/dist-packages/wandb/vendor/gql-0.2.0/gql/client.py", line 60, in _get_result
    return self.transport.execute(document, *args, **kwargs)
  File "/usr/local/lib/python3.6/dist-packages/wandb/vendor/gql-0.2.0/gql/transport/requests.py", line 39, in execute
    request.raise_for_status()
  File "/usr/local/lib/python3.6/dist-packages/requests/models.py", line 943, in raise_for_status
    raise HTTPError(http_error_msg, response=self)
requests.exceptions.HTTPError: 429 Client Error: Too Many Requests for url: https://api.wandb.ai/graphql
2021-09-19 09:22:43,087 ERROR   SenderThread:1175747 [internal_api.py:execute():130] 429 response executing GraphQL.
2021-09-19 09:22:43,087 ERROR   SenderThread:1175747 [internal_api.py:execute():131] {"error":"rate limit exceeded"}

2021-09-19 09:22:51,856 INFO    SenderThread:1175747 [dir_watcher.py:__init__():168] watching files in: /grid/koo/home/toneyan/profile/QuantPred/wandb/run-20210919_092234-jevdvp7e/files
2021-09-19 09:22:51,856 INFO    SenderThread:1175747 [sender.py:_start_run_threads():719] run started: jevdvp7e with start time 1632057754
2021-09-19 09:22:51,856 DEBUG   SenderThread:1175747 [sender.py:send():179] send: summary
2021-09-19 09:22:51,857 INFO    SenderThread:1175747 [sender.py:_save_file():841] saving file wandb-summary.json with policy end
2021-09-19 09:22:51,857 DEBUG   HandlerThread:1175747 [handler.py:handle_request():124] handle_request: run_start
2021-09-19 09:22:52,859 INFO    Thread-8  :1175747 [dir_watcher.py:_on_file_created():216] file/dir created: /grid/koo/home/toneyan/profile/QuantPred/wandb/run-20210919_092234-jevdvp7e/files/wandb-summary.json
2021-09-19 09:22:53,091 DEBUG   HandlerThread:1175747 [meta.py:__init__():39] meta init
2021-09-19 09:22:53,091 DEBUG   HandlerThread:1175747 [meta.py:__init__():53] meta init done
2021-09-19 09:22:53,091 DEBUG   HandlerThread:1175747 [meta.py:probe():210] probe
2021-09-19 09:22:53,097 DEBUG   HandlerThread:1175747 [meta.py:_save_pip():57] save pip
2021-09-19 09:22:53,098 DEBUG   HandlerThread:1175747 [meta.py:_save_pip():71] save pip done
2021-09-19 09:22:53,098 DEBUG   HandlerThread:1175747 [meta.py:probe():252] probe done
2021-09-19 09:22:53,101 DEBUG   SenderThread:1175747 [sender.py:send():179] send: files
2021-09-19 09:22:53,102 INFO    SenderThread:1175747 [sender.py:_save_file():841] saving file wandb-metadata.json with policy now
2021-09-19 09:22:53,109 DEBUG   HandlerThread:1175747 [handler.py:handle_request():124] handle_request: stop_status
2021-09-19 09:22:53,109 DEBUG   SenderThread:1175747 [sender.py:send_request():193] send_request: stop_status
2021-09-19 09:22:53,533 INFO    Thread-11 :1175747 [upload_job.py:push():137] Uploaded file /tmp/3288846.1.gpu_ded.q/tmph0wgi8wvwandb/v314eu5x-wandb-metadata.json
2021-09-19 09:22:53,858 INFO    Thread-8  :1175747 [dir_watcher.py:_on_file_created():216] file/dir created: /grid/koo/home/toneyan/profile/QuantPred/wandb/run-20210919_092234-jevdvp7e/files/wandb-metadata.json
2021-09-19 09:22:53,859 INFO    Thread-8  :1175747 [dir_watcher.py:_on_file_created():216] file/dir created: /grid/koo/home/toneyan/profile/QuantPred/wandb/run-20210919_092234-jevdvp7e/files/output.log
2021-09-19 09:22:53,859 INFO    Thread-8  :1175747 [dir_watcher.py:_on_file_created():216] file/dir created: /grid/koo/home/toneyan/profile/QuantPred/wandb/run-20210919_092234-jevdvp7e/files/requirements.txt
2021-09-19 09:23:08,179 DEBUG   HandlerThread:1175747 [handler.py:handle_request():124] handle_request: stop_status
2021-09-19 09:23:08,179 DEBUG   SenderThread:1175747 [sender.py:send_request():193] send_request: stop_status
2021-09-19 09:23:08,240 ERROR   SenderThread:1175747 [internal_api.py:execute():130] 429 response executing GraphQL.
2021-09-19 09:23:08,240 ERROR   SenderThread:1175747 [internal_api.py:execute():131] {"error":"rate limit exceeded"}

2021-09-19 09:23:09,410 ERROR   SenderThread:1175747 [internal_api.py:execute():130] 429 response executing GraphQL.
2021-09-19 09:23:09,410 ERROR   SenderThread:1175747 [internal_api.py:execute():131] {"error":"rate limit exceeded"}

2021-09-19 09:23:11,658 ERROR   SenderThread:1175747 [internal_api.py:execute():130] 429 response executing GraphQL.
2021-09-19 09:23:11,659 ERROR   SenderThread:1175747 [internal_api.py:execute():131] {"error":"rate limit exceeded"}

2021-09-19 09:23:11,659 ERROR   SenderThread:1175747 [retry.py:__call__():126] Retry attempt failed:
Traceback (most recent call last):
  File "/usr/local/lib/python3.6/dist-packages/wandb/sdk/lib/retry.py", line 102, in __call__
    result = self._call_fn(*args, **kwargs)
  File "/usr/local/lib/python3.6/dist-packages/wandb/sdk/internal/internal_api.py", line 133, in execute
    six.reraise(*sys.exc_info())
  File "/usr/local/lib/python3.6/dist-packages/six.py", line 719, in reraise
    raise value
  File "/usr/local/lib/python3.6/dist-packages/wandb/sdk/internal/internal_api.py", line 127, in execute
    return self.client.execute(*args, **kwargs)
  File "/usr/local/lib/python3.6/dist-packages/wandb/vendor/gql-0.2.0/gql/client.py", line 52, in execute
    result = self._get_result(document, *args, **kwargs)
  File "/usr/local/lib/python3.6/dist-packages/wandb/vendor/gql-0.2.0/gql/client.py", line 60, in _get_result
    return self.transport.execute(document, *args, **kwargs)
  File "/usr/local/lib/python3.6/dist-packages/wandb/vendor/gql-0.2.0/gql/transport/requests.py", line 39, in execute
    request.raise_for_status()
  File "/usr/local/lib/python3.6/dist-packages/requests/models.py", line 943, in raise_for_status
    raise HTTPError(http_error_msg, response=self)
requests.exceptions.HTTPError: 429 Client Error: Too Many Requests for url: https://api.wandb.ai/graphql
2021-09-19 09:23:21,491 DEBUG   SenderThread:1175747 [sender.py:send():179] send: stats
2021-09-19 09:23:26,318 DEBUG   SenderThread:1175747 [sender.py:send():179] send: telemetry
2021-09-19 09:23:26,318 DEBUG   HandlerThread:1175747 [handler.py:handle_request():124] handle_request: poll_exit
2021-09-19 09:23:26,318 DEBUG   SenderThread:1175747 [sender.py:send():179] send: exit
2021-09-19 09:23:26,319 INFO    SenderThread:1175747 [sender.py:send_exit():287] handling exit code: 1
2021-09-19 09:23:26,319 INFO    SenderThread:1175747 [sender.py:send_exit():295] send defer
2021-09-19 09:23:26,319 DEBUG   SenderThread:1175747 [sender.py:send_request():193] send_request: poll_exit
2021-09-19 09:23:26,319 DEBUG   HandlerThread:1175747 [handler.py:handle_request():124] handle_request: defer
2021-09-19 09:23:26,319 INFO    HandlerThread:1175747 [handler.py:handle_request_defer():141] handle defer: 0
2021-09-19 09:23:26,319 DEBUG   SenderThread:1175747 [sender.py:send_request():193] send_request: defer
2021-09-19 09:23:26,319 INFO    SenderThread:1175747 [sender.py:send_request_defer():304] handle sender defer: 0
2021-09-19 09:23:26,319 INFO    SenderThread:1175747 [sender.py:transition_state():308] send defer: 1
2021-09-19 09:23:26,320 DEBUG   HandlerThread:1175747 [handler.py:handle_request():124] handle_request: defer
2021-09-19 09:23:26,320 INFO    HandlerThread:1175747 [handler.py:handle_request_defer():141] handle defer: 1
2021-09-19 09:23:26,361 DEBUG   SenderThread:1175747 [sender.py:send_request():193] send_request: defer
2021-09-19 09:23:26,361 INFO    SenderThread:1175747 [sender.py:send_request_defer():304] handle sender defer: 1
2021-09-19 09:23:26,361 INFO    SenderThread:1175747 [sender.py:transition_state():308] send defer: 2
2021-09-19 09:23:26,362 DEBUG   SenderThread:1175747 [sender.py:send():179] send: stats
2021-09-19 09:23:26,364 DEBUG   HandlerThread:1175747 [handler.py:handle_request():124] handle_request: defer
2021-09-19 09:23:26,365 INFO    HandlerThread:1175747 [handler.py:handle_request_defer():141] handle defer: 2
2021-09-19 09:23:26,365 DEBUG   SenderThread:1175747 [sender.py:send_request():193] send_request: defer
2021-09-19 09:23:26,365 INFO    SenderThread:1175747 [sender.py:send_request_defer():304] handle sender defer: 2
2021-09-19 09:23:26,365 INFO    SenderThread:1175747 [sender.py:transition_state():308] send defer: 3
2021-09-19 09:23:26,365 DEBUG   HandlerThread:1175747 [handler.py:handle_request():124] handle_request: defer
2021-09-19 09:23:26,366 INFO    HandlerThread:1175747 [handler.py:handle_request_defer():141] handle defer: 3
2021-09-19 09:23:26,366 DEBUG   SenderThread:1175747 [sender.py:send():179] send: summary
2021-09-19 09:23:26,366 INFO    SenderThread:1175747 [sender.py:_save_file():841] saving file wandb-summary.json with policy end
2021-09-19 09:23:26,366 DEBUG   SenderThread:1175747 [sender.py:send_request():193] send_request: defer
2021-09-19 09:23:26,366 INFO    SenderThread:1175747 [sender.py:send_request_defer():304] handle sender defer: 3
2021-09-19 09:23:26,366 INFO    SenderThread:1175747 [sender.py:transition_state():308] send defer: 4
2021-09-19 09:23:26,367 DEBUG   HandlerThread:1175747 [handler.py:handle_request():124] handle_request: defer
2021-09-19 09:23:26,367 INFO    HandlerThread:1175747 [handler.py:handle_request_defer():141] handle defer: 4
2021-09-19 09:23:26,367 DEBUG   SenderThread:1175747 [sender.py:send_request():193] send_request: defer
2021-09-19 09:23:26,367 INFO    SenderThread:1175747 [sender.py:send_request_defer():304] handle sender defer: 4
2021-09-19 09:23:26,420 DEBUG   HandlerThread:1175747 [handler.py:handle_request():124] handle_request: poll_exit
2021-09-19 09:23:26,426 ERROR   SenderThread:1175747 [internal_api.py:execute():130] 429 response executing GraphQL.
2021-09-19 09:23:26,427 ERROR   SenderThread:1175747 [internal_api.py:execute():131] {"error":"rate limit exceeded"}

2021-09-19 09:23:26,871 INFO    Thread-8  :1175747 [dir_watcher.py:_on_file_modified():229] file/dir modified: /grid/koo/home/toneyan/profile/QuantPred/wandb/run-20210919_092234-jevdvp7e/files/wandb-summary.json
2021-09-19 09:23:27,697 ERROR   SenderThread:1175747 [internal_api.py:execute():130] 429 response executing GraphQL.
2021-09-19 09:23:27,698 ERROR   SenderThread:1175747 [internal_api.py:execute():131] {"error":"rate limit exceeded"}

2021-09-19 09:23:29,860 ERROR   SenderThread:1175747 [internal_api.py:execute():130] 429 response executing GraphQL.
2021-09-19 09:23:29,860 ERROR   SenderThread:1175747 [internal_api.py:execute():131] {"error":"rate limit exceeded"}

2021-09-19 09:23:29,861 ERROR   SenderThread:1175747 [retry.py:__call__():126] Retry attempt failed:
Traceback (most recent call last):
  File "/usr/local/lib/python3.6/dist-packages/wandb/sdk/lib/retry.py", line 102, in __call__
    result = self._call_fn(*args, **kwargs)
  File "/usr/local/lib/python3.6/dist-packages/wandb/sdk/internal/internal_api.py", line 133, in execute
    six.reraise(*sys.exc_info())
  File "/usr/local/lib/python3.6/dist-packages/six.py", line 719, in reraise
    raise value
  File "/usr/local/lib/python3.6/dist-packages/wandb/sdk/internal/internal_api.py", line 127, in execute
    return self.client.execute(*args, **kwargs)
  File "/usr/local/lib/python3.6/dist-packages/wandb/vendor/gql-0.2.0/gql/client.py", line 52, in execute
    result = self._get_result(document, *args, **kwargs)
  File "/usr/local/lib/python3.6/dist-packages/wandb/vendor/gql-0.2.0/gql/client.py", line 60, in _get_result
    return self.transport.execute(document, *args, **kwargs)
  File "/usr/local/lib/python3.6/dist-packages/wandb/vendor/gql-0.2.0/gql/transport/requests.py", line 39, in execute
    request.raise_for_status()
  File "/usr/local/lib/python3.6/dist-packages/requests/models.py", line 943, in raise_for_status
    raise HTTPError(http_error_msg, response=self)
requests.exceptions.HTTPError: 429 Client Error: Too Many Requests for url: https://api.wandb.ai/graphql
2021-09-19 09:23:31,521 DEBUG   HandlerThread:1175747 [handler.py:handle_request():124] handle_request: poll_exit
2021-09-19 09:23:34,101 INFO    SenderThread:1175747 [sender.py:transition_state():308] send defer: 5
2021-09-19 09:23:34,101 DEBUG   SenderThread:1175747 [sender.py:send_request():193] send_request: poll_exit
2021-09-19 09:23:34,101 DEBUG   SenderThread:1175747 [sender.py:send_request():193] send_request: poll_exit
2021-09-19 09:23:34,102 DEBUG   HandlerThread:1175747 [handler.py:handle_request():124] handle_request: defer
2021-09-19 09:23:34,102 INFO    HandlerThread:1175747 [handler.py:handle_request_defer():141] handle defer: 5
2021-09-19 09:23:34,102 DEBUG   SenderThread:1175747 [sender.py:send_request():193] send_request: defer
2021-09-19 09:23:34,103 INFO    SenderThread:1175747 [sender.py:send_request_defer():304] handle sender defer: 5
2021-09-19 09:23:34,103 INFO    SenderThread:1175747 [dir_watcher.py:finish():282] shutting down directory watcher
2021-09-19 09:23:34,208 DEBUG   HandlerThread:1175747 [handler.py:handle_request():124] handle_request: poll_exit
2021-09-19 09:23:34,874 INFO    SenderThread:1175747 [dir_watcher.py:_on_file_modified():229] file/dir modified: /grid/koo/home/toneyan/profile/QuantPred/wandb/run-20210919_092234-jevdvp7e/files/config.yaml
2021-09-19 09:23:34,875 INFO    SenderThread:1175747 [dir_watcher.py:finish():312] scan: /grid/koo/home/toneyan/profile/QuantPred/wandb/run-20210919_092234-jevdvp7e/files
2021-09-19 09:23:34,875 INFO    SenderThread:1175747 [dir_watcher.py:finish():318] scan save: /grid/koo/home/toneyan/profile/QuantPred/wandb/run-20210919_092234-jevdvp7e/files/wandb-metadata.json wandb-metadata.json
2021-09-19 09:23:34,875 INFO    SenderThread:1175747 [dir_watcher.py:finish():318] scan save: /grid/koo/home/toneyan/profile/QuantPred/wandb/run-20210919_092234-jevdvp7e/files/config.yaml config.yaml
2021-09-19 09:23:34,875 INFO    SenderThread:1175747 [dir_watcher.py:finish():318] scan save: /grid/koo/home/toneyan/profile/QuantPred/wandb/run-20210919_092234-jevdvp7e/files/requirements.txt requirements.txt
2021-09-19 09:23:34,876 INFO    SenderThread:1175747 [dir_watcher.py:finish():318] scan save: /grid/koo/home/toneyan/profile/QuantPred/wandb/run-20210919_092234-jevdvp7e/files/wandb-summary.json wandb-summary.json
2021-09-19 09:23:34,882 INFO    SenderThread:1175747 [dir_watcher.py:finish():318] scan save: /grid/koo/home/toneyan/profile/QuantPred/wandb/run-20210919_092234-jevdvp7e/files/output.log output.log
2021-09-19 09:23:34,883 INFO    SenderThread:1175747 [sender.py:transition_state():308] send defer: 6
2021-09-19 09:23:34,883 DEBUG   SenderThread:1175747 [sender.py:send_request():193] send_request: poll_exit
2021-09-19 09:23:34,889 DEBUG   HandlerThread:1175747 [handler.py:handle_request():124] handle_request: defer
2021-09-19 09:23:34,890 INFO    HandlerThread:1175747 [handler.py:handle_request_defer():141] handle defer: 6
2021-09-19 09:23:34,890 DEBUG   SenderThread:1175747 [sender.py:send_request():193] send_request: defer
2021-09-19 09:23:34,890 INFO    SenderThread:1175747 [sender.py:send_request_defer():304] handle sender defer: 6
2021-09-19 09:23:34,890 INFO    SenderThread:1175747 [file_pusher.py:finish():177] shutting down file pusher
2021-09-19 09:23:34,995 DEBUG   HandlerThread:1175747 [handler.py:handle_request():124] handle_request: poll_exit
2021-09-19 09:23:34,996 DEBUG   SenderThread:1175747 [sender.py:send_request():193] send_request: poll_exit
2021-09-19 09:23:35,104 DEBUG   HandlerThread:1175747 [handler.py:handle_request():124] handle_request: poll_exit
2021-09-19 09:23:35,104 DEBUG   SenderThread:1175747 [sender.py:send_request():193] send_request: poll_exit
2021-09-19 09:23:35,176 INFO    Thread-14 :1175747 [upload_job.py:push():137] Uploaded file /grid/koo/home/toneyan/profile/QuantPred/wandb/run-20210919_092234-jevdvp7e/files/wandb-summary.json
2021-09-19 09:23:35,211 DEBUG   HandlerThread:1175747 [handler.py:handle_request():124] handle_request: poll_exit
2021-09-19 09:23:35,211 DEBUG   SenderThread:1175747 [sender.py:send_request():193] send_request: poll_exit
2021-09-19 09:23:35,253 INFO    Thread-13 :1175747 [upload_job.py:push():137] Uploaded file /grid/koo/home/toneyan/profile/QuantPred/wandb/run-20210919_092234-jevdvp7e/files/requirements.txt
2021-09-19 09:23:35,254 INFO    Thread-12 :1175747 [upload_job.py:push():137] Uploaded file /grid/koo/home/toneyan/profile/QuantPred/wandb/run-20210919_092234-jevdvp7e/files/config.yaml
2021-09-19 09:23:35,313 DEBUG   HandlerThread:1175747 [handler.py:handle_request():124] handle_request: poll_exit
2021-09-19 09:23:35,314 DEBUG   SenderThread:1175747 [sender.py:send_request():193] send_request: poll_exit
2021-09-19 09:23:35,416 DEBUG   HandlerThread:1175747 [handler.py:handle_request():124] handle_request: poll_exit
2021-09-19 09:23:35,416 DEBUG   SenderThread:1175747 [sender.py:send_request():193] send_request: poll_exit
2021-09-19 09:23:35,454 INFO    Thread-7  :1175747 [sender.py:transition_state():308] send defer: 7
2021-09-19 09:23:35,455 DEBUG   HandlerThread:1175747 [handler.py:handle_request():124] handle_request: defer
2021-09-19 09:23:35,455 INFO    HandlerThread:1175747 [handler.py:handle_request_defer():141] handle defer: 7
2021-09-19 09:23:35,455 DEBUG   SenderThread:1175747 [sender.py:send_request():193] send_request: defer
2021-09-19 09:23:35,455 INFO    SenderThread:1175747 [sender.py:send_request_defer():304] handle sender defer: 7
2021-09-19 09:23:35,505 INFO    SenderThread:1175747 [sender.py:transition_state():308] send defer: 8
2021-09-19 09:23:35,506 DEBUG   HandlerThread:1175747 [handler.py:handle_request():124] handle_request: defer
2021-09-19 09:23:35,506 INFO    HandlerThread:1175747 [handler.py:handle_request_defer():141] handle defer: 8
2021-09-19 09:23:35,506 DEBUG   SenderThread:1175747 [sender.py:send_request():193] send_request: defer
2021-09-19 09:23:35,506 INFO    SenderThread:1175747 [sender.py:send_request_defer():304] handle sender defer: 8
2021-09-19 09:23:35,506 INFO    SenderThread:1175747 [sender.py:transition_state():308] send defer: 9
2021-09-19 09:23:35,507 DEBUG   SenderThread:1175747 [sender.py:send():179] send: final
2021-09-19 09:23:35,507 DEBUG   SenderThread:1175747 [sender.py:send():179] send: footer
2021-09-19 09:23:35,508 DEBUG   HandlerThread:1175747 [handler.py:handle_request():124] handle_request: defer
2021-09-19 09:23:35,508 INFO    HandlerThread:1175747 [handler.py:handle_request_defer():141] handle defer: 9
2021-09-19 09:23:35,508 DEBUG   SenderThread:1175747 [sender.py:send_request():193] send_request: defer
2021-09-19 09:23:35,508 INFO    SenderThread:1175747 [sender.py:send_request_defer():304] handle sender defer: 9
2021-09-19 09:23:35,522 DEBUG   HandlerThread:1175747 [handler.py:handle_request():124] handle_request: poll_exit
2021-09-19 09:23:35,522 DEBUG   SenderThread:1175747 [sender.py:send_request():193] send_request: poll_exit
2021-09-19 09:23:35,522 INFO    SenderThread:1175747 [file_pusher.py:join():182] waiting for file pusher
2021-09-19 09:23:35,524 DEBUG   HandlerThread:1175747 [handler.py:handle_request():124] handle_request: get_summary
2021-09-19 09:23:35,525 DEBUG   HandlerThread:1175747 [handler.py:handle_request():124] handle_request: sampled_history
2021-09-19 09:23:35,525 DEBUG   HandlerThread:1175747 [handler.py:handle_request():124] handle_request: shutdown
2021-09-19 09:23:35,525 INFO    HandlerThread:1175747 [handler.py:finish():638] shutting down handler
2021-09-19 09:23:36,507 INFO    WriterThread:1175747 [datastore.py:close():288] close: /grid/koo/home/toneyan/profile/QuantPred/wandb/run-20210919_092234-jevdvp7e/run-jevdvp7e.wandb
2021-09-19 09:23:36,522 INFO    SenderThread:1175747 [sender.py:finish():945] shutting down sender
2021-09-19 09:23:36,523 INFO    SenderThread:1175747 [file_pusher.py:finish():177] shutting down file pusher
2021-09-19 09:23:36,523 INFO    SenderThread:1175747 [file_pusher.py:join():182] waiting for file pusher
2021-09-19 09:23:36,526 INFO    MainThread:1175747 [internal.py:handle_exit():78] Internal process exited
