2022-03-07 16:05:31,406 INFO    Thread-3  :2226087 [wandb_setup.py:_flush():69] setting env: {'root_dir': '/grid/koo/home/toneyan/profile/groundhog', 'sweep_id': '8k1hu555', 'entity': 'toneyan', 'project': 'NEW_MODELS_32', 'run_id': 'veu8k142', 'sweep_param_path': '/grid/koo/home/toneyan/profile/groundhog/wandb/sweep-8k1hu555/config-veu8k142.yaml'}
2022-03-07 16:05:31,407 INFO    Thread-3  :2226087 [wandb_setup.py:_flush():69] setting login settings: {}
2022-03-07 16:05:31,407 INFO    Thread-3  :2226087 [wandb_init.py:_log_setup():337] Logging user logs to /grid/koo/home/toneyan/profile/groundhog/wandb/run-20220307_160531-veu8k142/logs/debug.log
2022-03-07 16:05:31,407 INFO    Thread-3  :2226087 [wandb_init.py:_log_setup():338] Logging internal logs to /grid/koo/home/toneyan/profile/groundhog/wandb/run-20220307_160531-veu8k142/logs/debug-internal.log
2022-03-07 16:05:31,407 INFO    Thread-3  :2226087 [wandb_init.py:init():370] calling init triggers
2022-03-07 16:05:31,407 INFO    Thread-3  :2226087 [wandb_init.py:init():377] wandb.init called with sweep_config: {'activation': 'exponential', 'bin_size': 32, 'data_dir': '../QuantPred/datasets/complete/random_chop/i_3072_w_1/', 'loss_fn': 'poisson', 'model_fn': 'conv_profile_all_base', 'num_epochs': 100, 'task_type': 'quant', 'window_size': 2048}
config: {}
2022-03-07 16:05:31,407 INFO    Thread-3  :2226087 [wandb_init.py:init():419] starting backend
2022-03-07 16:05:31,407 INFO    Thread-3  :2226087 [backend.py:_multiprocessing_setup():72] multiprocessing start_methods=fork,spawn,forkserver, using: spawn
2022-03-07 16:05:31,415 INFO    Thread-3  :2226087 [backend.py:ensure_launched():135] starting backend process...
2022-03-07 16:05:31,419 INFO    Thread-3  :2226087 [backend.py:ensure_launched():140] started backend process with pid: 2226256
2022-03-07 16:05:31,420 INFO    Thread-3  :2226087 [wandb_init.py:init():424] backend started and connected
2022-03-07 16:05:31,422 INFO    Thread-3  :2226087 [wandb_run.py:_config_callback():872] config_cb None None {'activation': 'exponential', 'bin_size': 32, 'data_dir': '../QuantPred/datasets/complete/random_chop/i_3072_w_1/', 'loss_fn': 'poisson', 'model_fn': 'conv_profile_all_base', 'num_epochs': 100, 'task_type': 'quant', 'window_size': 2048}
2022-03-07 16:05:31,422 INFO    Thread-3  :2226087 [wandb_init.py:init():472] updated telemetry
2022-03-07 16:05:31,422 INFO    Thread-3  :2226087 [wandb_init.py:init():491] communicating current version
2022-03-07 16:05:31,919 INFO    Thread-3  :2226087 [wandb_init.py:init():496] got version response upgrade_message: "wandb version 0.12.11 is available!  To upgrade, please run:\n $ pip install wandb --upgrade"

2022-03-07 16:05:31,919 INFO    Thread-3  :2226087 [wandb_init.py:init():504] communicating run to backend with 30 second timeout
2022-03-07 16:05:32,012 INFO    Thread-3  :2226087 [wandb_init.py:init():529] starting run threads in backend
2022-03-07 16:05:32,994 INFO    Thread-3  :2226087 [wandb_run.py:_console_start():1623] atexit reg
2022-03-07 16:05:32,995 INFO    Thread-3  :2226087 [wandb_run.py:_redirect():1497] redirect: SettingsConsole.REDIRECT
2022-03-07 16:05:32,996 INFO    Thread-3  :2226087 [wandb_run.py:_redirect():1502] Redirecting console.
2022-03-07 16:05:32,999 ERROR   Thread-3  :2226087 [wandb_run.py:_redirect():1561] Failed to redirect.
Traceback (most recent call last):
  File "/usr/local/lib/python3.6/dist-packages/wandb/sdk/wandb_run.py", line 1554, in _redirect
    out_redir.install()
  File "/usr/local/lib/python3.6/dist-packages/wandb/sdk/lib/redirect.py", line 709, in install
    _WSCH.add_fd(self._pipe_read_fd)
  File "/usr/local/lib/python3.6/dist-packages/wandb/sdk/lib/redirect.py", line 659, in add_fd
    self._register()
  File "/usr/local/lib/python3.6/dist-packages/wandb/sdk/lib/redirect.py", line 644, in _register
    old_handler = signal.signal(signal.SIGWINCH, lambda *_: None)
  File "/usr/lib/python3.6/signal.py", line 47, in signal
    handler = _signal.signal(_enum_to_int(signalnum), _enum_to_int(handler))
ValueError: signal only works in main thread
2022-03-07 16:05:33,003 INFO    Thread-3  :2226087 [wandb_init.py:init():554] run started, returning control to user process
2022-03-07 18:09:51,607 INFO    Thread-3  :2226087 [wandb_run.py:finish():1293] finishing run toneyan/NEW_MODELS_32/veu8k142
